#timestamp 1530154832287
#date 2018-06-28T03:00:32+00:00
#players 1000
#index,id,rank,name,tier,lp,level,proTeam,win,loss
0,summoner-30950217,1,Necromartin,Challenger,1348,93,,273,189
1,summoner-67237036,2,DawidaZ314,Challenger,1074,68,,183,127
2,summoner-25251096,3,Erring,Challenger,1027,110,,198,137
3,summoner-114456,4,Just Milánek,Challenger,1010,118,,191,128
4,summoner-19912631,5,balagan,Challenger,978,84,,182,132
5,summoner-34366642,6,Zest of a Lemon,Challenger,975,83,,153,99
6,summoner-68577868,7,The FearDrug,Challenger,972,52,,130,75
7,summoner-56366993,8,Inferiorities,Challenger,958,135,,415,323
8,summoner-35488076,9,Thomasive,Challenger,943,160,,345,296
9,summoner-54937799,10,I am LeBron,Challenger,929,96,,392,339
10,summoner-30354925,11,S4breTooth,Challenger,928,69,,179,131
11,summoner-42337826,12,ŃightFury,Challenger,911,58,,134,76
12,summoner-32276072,13,Drutut,Challenger,900,88,,179,129
13,summoner-36174939,14,Orochimâru,Challenger,890,87,,185,125
14,summoner-29947317,15,LC Specialkey,Challenger,846,90,,126,75
15,summoner-41255766,16,Trenie,Challenger,791,63,,220,167
16,summoner-68397877,17,thícc boy,Challenger,768,136,,557,487
17,summoner-38799811,18,VinTreZ,Challenger,763,82,,225,181
18,summoner-43537063,19,INFINITIUM,Challenger,753,103,,246,198
19,summoner-32525539,20,solony1,Challenger,749,119,,445,397
20,summoner-29626431,21,Egé,Challenger,740,93,,117,76
21,summoner-22424102,22,Dat Guy M0arcin,Challenger,739,82,,227,175
22,summoner-41719668,23,Hide On Ãütism,Challenger,731,122,,155,100
23,summoner-31258700,24,SenuaI,Challenger,724,134,,176,131
24,summoner-36034843,25,Whírlwind,Challenger,705,99,,260,215
25,summoner-20911182,26,Mortar2,Challenger,691,77,,219,174
26,summoner-24211787,27,45620 321,Challenger,688,55,,152,112
27,summoner-35839428,28,Dudî,Challenger,687,85,,151,106
28,summoner-27638198,29,Samyaza3,Challenger,672,72,,137,103
29,summoner-24217661,30,43178261271,Challenger,669,60,,126,79
30,summoner-51510795,31,Psych0social,Challenger,655,106,,249,196
31,summoner-36586403,32,DJfaby,Challenger,652,85,,118,74
32,summoner-33502635,33,Alek22,Challenger,649,101,,302,261
33,summoner-27260328,34,FizzCantCarry Q8,Challenger,646,107,,187,135
34,summoner-30869288,35,Hitman1771,Challenger,638,98,,394,333
35,summoner-41188305,36,RABANUS XDD,Challenger,646,88,,306,265
36,summoner-28117164,37,7h3blu3,Challenger,631,149,,256,217
37,summoner-21445018,38,lykku,Challenger,630,72,,117,77
38,summoner-35473029,39,Yuno Gasai,Challenger,626,178,,166,124
39,summoner-26053958,40,FonikiKouradoula,Challenger,609,126,,514,472
40,summoner-30034043,41,Ztreetboy,Challenger,617,48,,134,75
41,summoner-24537185,42,Sgt Reckface,Challenger,616,68,,129,85
42,summoner-71988030,43,Kososanity,Challenger,615,50,,185,116
43,summoner-25559670,44,CeKa,Challenger,613,85,,320,252
44,summoner-41373137,45,Tanya Degurechaf,Challenger,606,132,,246,205
45,summoner-33845373,46,14133029,Challenger,601,94,,169,143
46,summoner-62796707,47,Yasuxery,Challenger,597,49,,160,80
47,summoner-29126866,48,Askarek,Challenger,593,98,,323,286
48,summoner-19708054,49,Heals1ut,Challenger,593,63,,143,96
49,summoner-30739384,50,Saya NΥX,Challenger,590,85,,140,96
50,summoner-37803083,51,Adryeh,Challenger,589,111,,231,194
51,summoner-24304145,52,ShatterNightmare,Challenger,577,119,,230,199
52,summoner-32706014,53,MyxiR,Challenger,572,89,,229,195
53,summoner-32164198,54,Trap40,Challenger,565,98,,300,266
54,summoner-22488792,55,Vioreleeee,Challenger,560,79,,102,69
55,summoner-36359863,56,Kysek,Challenger,555,68,,109,62
56,summoner-68037994,57,Tilen Perko,Challenger,554,46,,117,55
57,summoner-62512964,58,Songu,Challenger,551,90,,148,121
58,summoner-29560341,59,Cougar,Challenger,550,108,,296,253
59,summoner-35076517,60,Boots of Speed,Challenger,549,78,,252,214
60,summoner-37619582,61,DareDévil,Challenger,542,237,,109,70
61,summoner-30363029,62,ku5h420igniteit,Challenger,541,88,,208,175
62,summoner-30124073,63,VoidlingGeneral,Challenger,538,113,,197,154
63,summoner-24294620,64,Cant ToUcH DiS,Challenger,536,130,,230,189
64,summoner-39257803,65,StayHumble,Challenger,533,154,,230,198
65,summoner-20768545,66,Keàsar,Challenger,533,93,,188,148
66,summoner-46571745,67,Challenger Riven,Challenger,532,65,,171,115
67,summoner-37847164,68,Dekkon,Challenger,530,81,,145,118
68,summoner-42310753,69,septico1,Challenger,529,142,,299,263
69,summoner-62294050,70,MixepSRB,Challenger,528,95,,266,227
70,summoner-35483267,71,DIAMOND BTW,Challenger,528,69,,168,126
71,summoner-48645710,72,JoinedandPlayed,Challenger,527,59,,166,119
72,summoner-40824749,73,SECODE,Challenger,527,68,,131,94
73,summoner-34647447,74,Thebausffs,Challenger,523,79,,126,91
74,summoner-20517918,75,Craz,Challenger,513,44,,93,51
75,summoner-37834995,76,Sl Karapanos,Challenger,511,115,,153,112
76,summoner-38198493,77,Virtuøso,Challenger,510,130,,255,218
77,summoner-59184238,78,Awesome Giovanni,Challenger,509,110,,198,156
78,summoner-52638381,79,BITE Petipino,Challenger,508,92,,233,198
79,summoner-36880627,80,Kizuro,Challenger,508,71,,148,119
80,summoner-34096414,81,Gwiazda11,Challenger,506,117,,490,427
81,summoner-39596221,82,1Tyr,Challenger,500,74,,189,138
82,summoner-33613346,83,Teh,Challenger,500,99,,94,59
83,summoner-22901643,84,Black Pete,Challenger,499,81,,285,246
84,summoner-43463469,85,Niinja,Challenger,498,125,,509,465
85,summoner-54125134,86,DeIusion,Challenger,495,147,,322,278
86,summoner-69116222,87,Vestas,Challenger,489,45,,116,58
87,summoner-49689206,88,TheDoffy,Challenger,488,107,,332,297
88,summoner-34916156,89,Alcoholic,Challenger,488,88,,116,72
89,summoner-29933647,90,Bryce Walker,Challenger,487,101,,261,221
90,summoner-49505896,91,xflaidy,Challenger,482,108,,198,160
91,summoner-37105357,92,Daraaka123,Challenger,477,56,,187,110
92,summoner-33354090,93,krul rafcio,Challenger,476,64,,155,117
93,summoner-37339075,94,NoBrainVayneMain,Challenger,475,106,,342,303
94,summoner-27682983,95,Amino the hantá,Challenger,475,57,,169,134
95,summoner-26347442,96,Levís,Challenger,473,75,,156,118
96,summoner-34059489,97,Ψ NinjaDoge Ψ,Challenger,465,102,,181,139
97,summoner-68728548,98,adalbarthasdine,Challenger,461,43,,116,64
98,summoner-21147121,99,ParowózTomek,Challenger,461,71,,82,42
99,summoner-26405360,100,TLP Coatpustmain,Challenger,456,88,,291,245
100,summoner-40170634,101,Icetan,Challenger,456,91,,129,93
101,summoner-28928793,102,StoneGuard,Challenger,455,119,,147,116
102,summoner-61222996,103,A4e v2,Challenger,453,163,,549,521
103,summoner-36926878,104,Zenap,Challenger,451,123,,168,130
104,summoner-72743432,105,Low Nine,Challenger,450,53,,146,88
105,summoner-19899632,106,BedvolfAgarwaen,Challenger,449,62,,105,67
106,summoner-23214988,107,NXG Legion,Challenger,447,69,,144,107
107,summoner-40385818,108,Richor,Challenger,445,68,,180,152
108,summoner-30110835,109,PoN,Challenger,439,119,,228,189
109,summoner-42321931,110,Şhy Zerø tωo,Challenger,435,67,,89,53
110,summoner-35304360,111,Capcioc,Challenger,432,123,,160,123
111,summoner-38009638,112,VasterOfKled,Challenger,430,88,,210,168
112,summoner-23400758,113,Hardustriel,Challenger,427,124,,215,178
113,summoner-40027898,114,Gery Nikol,Challenger,427,140,,123,83
114,summoner-40358396,115,BDS Laudon,Challenger,424,118,,250,210
115,summoner-35791510,116,CSTADYHONZA,Challenger,423,97,,213,177
116,summoner-39927024,117,Qythien,Challenger,423,86,,164,117
117,summoner-24385272,118,Yashiru,Challenger,422,69,,206,168
118,summoner-30738266,119,torpick,Challenger,421,72,,263,234
119,summoner-44103732,120,olikaan,Challenger,420,140,,210,182
120,summoner-43062702,121,iTq,Challenger,418,102,,331,289
121,summoner-29018603,122,Yourself5times,Challenger,414,93,,257,228
122,summoner-24277714,123,pYemuL,Challenger,413,59,,178,141
123,summoner-63133663,124,Patâ,Challenger,413,66,,167,130
124,summoner-24503452,125,EU AnimalTrainer,Challenger,412,86,,243,189
125,summoner-24133504,126,Kokokomando,Challenger,406,73,,237,202
126,summoner-38499311,127,ZXY,Challenger,406,63,,223,151
127,summoner-32497510,128,Hayp,Challenger,405,63,,246,196
128,summoner-70713941,129,Lenka fanboy,Challenger,405,66,,143,105
129,summoner-38074727,130,Tigric2000,Challenger,403,108,,320,293
130,summoner-24746936,131,Shine001k,Challenger,403,80,,136,100
131,summoner-31921889,132,xDamon Salvatore,Challenger,402,92,,202,168
132,summoner-45293753,133,M4CI3KunluckyTOP,Challenger,401,101,,199,165
133,summoner-27247414,134,Charca,Challenger,396,73,,87,45
134,summoner-36647726,135,XartiX 420,Challenger,395,66,,300,170
135,summoner-23833294,136,Senafir,Challenger,394,105,,149,111
136,summoner-31793915,137,Zazapp,Challenger,392,52,,167,101
137,summoner-43603496,138,Baldikshir,Challenger,390,61,,174,140
138,summoner-71374980,139,beamer bøy,Challenger,387,56,,190,137
139,summoner-31434850,140,eL Maquk,Challenger,385,89,,163,125
140,summoner-32675866,141,sC Stefan,Challenger,384,116,,97,57
141,summoner-53826633,142,GS RekitRalf,Challenger,383,99,,173,142
142,summoner-52463268,143,JACKET IS MINE,Challenger,382,85,,319,292
143,summoner-70182989,144,Midlane Outsider,Challenger,381,120,,230,200
144,summoner-42322373,145,HELLAS Tranquil,Challenger,381,64,,177,134
145,summoner-41232411,146,PASÒK,Challenger,377,91,,256,183
146,summoner-21704109,147,EuneAnimallul,Challenger,378,97,,238,201
147,summoner-43168575,148,MM Revenger,Challenger,377,124,,197,166
148,summoner-34020838,149,C9 Norgod,Challenger,373,92,,122,90
149,summoner-37915705,150,Trust46,Challenger,372,94,,263,227
150,summoner-72173097,151,KY Leo,Challenger,372,118,,247,224
151,summoner-31337125,152,TheStrzelba,Challenger,367,133,,589,546
152,summoner-27889019,153,KSV MID CROWN,Challenger,367,88,,328,284
153,summoner-41829004,154,Hodný Vlk,Challenger,367,84,,194,165
154,summoner-42358639,155,Divine Interoid,Challenger,366,73,,244,216
155,summoner-21868113,156,SilvenX,Challenger,360,107,,376,336
156,summoner-24320283,157,Commander Lexa,Challenger,360,56,,177,142
157,summoner-66606846,158,SpeeDDu,Challenger,359,54,,128,96
158,summoner-26990156,159,SIENIOPAS,Challenger,357,80,,208,180
159,summoner-33973961,160,ZYX Famas,Challenger,357,96,,204,167
160,summoner-25524501,161,Arch Nemesis,Challenger,357,47,,116,82
161,summoner-70596075,162,HakunaMattatta,Challenger,356,71,,230,197
162,summoner-54458064,163,Yerllo,Challenger,354,119,,213,175
163,summoner-22428390,164,Skinny dipper,Challenger,354,60,,204,175
164,summoner-62475364,165,BarrelBros,Challenger,354,58,,134,87
165,summoner-25529425,166,Th3BaBaDo0K,Challenger,352,172,,670,643
166,summoner-30798969,167,malcom v1,Challenger,352,123,,210,180
167,summoner-30304141,168,Dżankos Smurf,Challenger,348,76,,129,95
168,summoner-37953579,169,Wieledrog,Challenger,347,92,,191,152
169,summoner-32953063,170,Hi im Taka,Challenger,346,89,,232,196
170,summoner-34256698,171,pàntérra v2,Challenger,345,97,,157,116
171,summoner-48117052,172,NeverLucky JJ,Challenger,344,109,,420,382
172,summoner-35716576,173,Ôzen,Challenger,342,146,,188,149
173,summoner-40734816,174,matiz4win,Challenger,342,89,,175,138
174,summoner-31929469,175,Kazemitra,Challenger,341,129,,505,482
175,summoner-38614643,176,YoLoN,Challenger,341,85,,309,273
176,summoner-25834373,177,94716,Challenger,341,75,,252,214
177,summoner-30818415,178,UrbanekShow,Challenger,340,80,,220,189
178,summoner-41963589,179,Catstyle,Challenger,339,75,,214,185
179,summoner-72576440,180,Laitnoir,Challenger,339,42,,80,29
180,summoner-31140082,181,Jadelit,Challenger,336,92,,249,218
181,summoner-38405754,182,eR Petrásek,Challenger,336,148,,153,118
182,summoner-54973039,183,Kristijan King,Challenger,335,173,,807,767
183,summoner-20779068,184,Vrasta,Challenger,334,108,,168,130
184,summoner-38716840,185,ETMS Aidamák,Challenger,333,151,,361,325
185,summoner-31237269,186,IP ZoldieVi,Challenger,330,107,,207,151
186,summoner-41542670,187,Dositej Colamax,Challenger,330,64,,77,41
187,summoner-25874625,188,Túróstészta,Challenger,329,86,,193,163
188,summoner-38490045,189,Grk 3 Tears,Challenger,329,55,,102,77
189,summoner-23357637,190,CRO WONDERKID,Challenger,327,79,,99,45
190,summoner-27242434,191,kakosicek,Challenger,324,116,,355,325
191,summoner-33015585,192,Wolf and a Lamb,Challenger,322,104,,225,201
192,summoner-40604579,193,Lυnatıc,Challenger,320,82,,305,209
193,summoner-32277551,194,TL Playmaker,Challenger,319,167,,674,643
194,summoner-39653179,195,C9 Giubi,Challenger,318,73,,237,203
195,summoner-29001286,196,Dąbek1,Challenger,317,103,,341,311
196,summoner-19145963,197,BuBBlehun,Challenger,316,54,,123,78
197,summoner-24252613,198,Talkoś,Challenger,307,64,,138,103
198,summoner-24545582,199,váha,Challenger,305,134,,318,291
199,summoner-30955779,200,StormRagez,Challenger,289,82,,417,392
200,summoner-43110478,201,Annie IRL,Master,306,173,,405,380
201,summoner-23815734,202,Wisakoy,Master,303,89,,243,213
202,summoner-21652445,203,WADOWICKA BESTIA,Master,302,70,,221,145
203,summoner-224731,204,niszczyciel,Master,299,64,,147,116
204,summoner-54757552,205,DankMilky,Master,299,76,,105,70
205,summoner-25469960,206,Stumpybuumer,Master,298,102,,153,120
206,summoner-54123780,207,martonbulatko,Master,294,89,,205,168
207,summoner-72505969,208,Pz ΖZang,Master,292,48,,151,83
208,summoner-31919733,209,shyvtaric,Master,289,108,,378,367
209,summoner-70688522,210,Juliα,Master,285,95,,283,235
210,summoner-48613864,211,Hi Im Fali,Master,285,85,,276,205
211,summoner-24734846,212,De Grandes,Master,284,67,,138,103
212,summoner-21180291,213,Jollteon,Master,282,187,,275,247
213,summoner-25837064,214,BIedis,Master,280,86,,367,328
214,summoner-69503652,215,Knife Cat 420,Master,280,67,,257,205
215,summoner-55649332,216,sxzoR,Master,294,164,,532,506
216,summoner-47353389,217,iMrPresident,Master,275,176,,524,482
217,summoner-33093065,218,EmdielGG,Master,273,107,,384,366
218,summoner-68838041,219,remundahilmorga,Master,272,78,,178,144
219,summoner-19986326,220,LordVladimirus,Master,269,75,,202,177
220,summoner-43363830,221,SunriSSe1,Master,269,141,,134,100
221,summoner-41186365,222,Void Is So Empty,Master,267,140,,209,182
222,summoner-34087306,223,Maga,Master,266,121,,400,355
223,summoner-20079073,224,Again the Same,Master,264,80,,214,180
224,summoner-19360640,225,Masochista,Master,263,97,,181,141
225,summoner-30695393,226,Koczis,Master,260,55,,99,63
226,summoner-27865746,227,ChosenONF1rE,Master,258,87,,313,295
227,summoner-61002976,228,Chains,Master,253,123,,354,326
228,summoner-31795487,229,FA21TH,Master,253,95,,316,284
229,summoner-22718673,230,egirl slayer 420,Master,252,91,,232,193
230,summoner-60894781,231,kesteen,Master,251,75,,214,164
231,summoner-21776015,232,Twerk For Gank,Master,250,50,,117,73
232,summoner-28984810,233,prodajnica,Master,250,50,,76,42
233,summoner-29483874,234,BDS bobiistaa,Master,249,116,,385,360
234,summoner-30902324,235,Nicram,Master,248,120,,193,170
235,summoner-24502829,236,dragonn74,Master,247,103,,428,387
236,summoner-25130219,237,SzAmiker,Master,246,51,,109,70
237,summoner-61382972,238,Flamy v5,Master,242,100,,188,164
238,summoner-29506183,239,16yo ToxicFckboy,Master,241,92,,195,163
239,summoner-38767154,240,Fiery Dust,Master,241,113,,168,147
240,summoner-24199070,241,zamzu,Master,240,92,,224,186
241,summoner-38122606,242,Minmaxer,Master,239,112,,423,400
242,summoner-22362343,243,Kroliczekk,Master,239,128,,272,241
243,summoner-26899838,244,Jarzynski,Master,236,140,,224,202
244,summoner-41649116,245,Faker Dog v2,Master,236,51,,116,118
245,summoner-38459471,246,Juzoo,Master,235,93,,263,226
246,summoner-19867011,247,Sebbedan,Master,230,63,,90,61
247,summoner-40227793,248,xLaur13x,Master,229,93,,167,135
248,summoner-39803017,249,legendari22,Master,228,98,,205,172
249,summoner-39691163,250,Sha D Clone,Master,228,92,,144,104
250,summoner-20093613,251,IS1d30431af74fbd,Master,226,48,,117,90
251,summoner-42461154,252,iG Dreedy,Master,225,74,,119,103
252,summoner-32497639,253,Son Goku,Master,224,84,,212,187
253,summoner-29954113,254,GodFree,Master,223,119,,227,205
254,summoner-42312343,255,Vertí,Master,223,105,,144,112
255,summoner-29088317,256,Norbiso Dog,Master,223,55,,106,80
256,summoner-25984594,257,PRE OmulFinn,Master,222,124,,373,331
257,summoner-44457343,258,115kg MARKSMAN,Master,222,116,,302,269
258,summoner-44377634,259,Lοtus,Master,221,132,,270,242
259,summoner-46424200,260,Iegolas,Master,221,66,,128,79
260,summoner-21877641,261,Kreeyu,Master,220,77,,372,339
261,summoner-59073355,262,Mppalalol,Master,220,99,,278,242
262,summoner-27279160,263,mihaibaros,Master,219,93,,315,283
263,summoner-25572898,264,Jędrzej Zabujca,Master,219,84,,218,187
264,summoner-70453402,265,MoonLandinEzreal,Master,218,88,,303,239
265,summoner-30464270,266,V5 Sentinel,Master,218,108,,238,203
266,summoner-52685879,267,Memøry,Master,214,116,,258,210
267,summoner-35444016,268,JusTSkiLLzZ,Master,213,97,,161,140
268,summoner-31178204,269,depressed ad,Master,213,122,,146,108
269,summoner-34886646,270,Agirdi ko ziuri,Master,211,80,,379,292
270,summoner-58905962,271,LeeSinToMyPings,Master,206,80,,166,135
271,summoner-73146124,272,Ιcey,Master,202,50,,164,106
272,summoner-51764533,273,Wallin,Master,200,92,,144,105
273,summoner-27294577,274,XxAronxX,Master,199,89,,301,274
274,summoner-32634015,275,Ponzu,Master,199,56,,110,80
275,summoner-20574477,276,Zarzator,Master,198,60,,164,122
276,summoner-24519136,277,Mirevin,Master,197,90,,305,270
277,summoner-43591549,278,Ðexter,Master,197,117,,237,206
278,summoner-48285573,279,Frost Edy,Master,197,91,,206,181
279,summoner-49476762,280,Aster,Master,197,84,,191,163
280,summoner-47802316,281,Jôn Snow,Master,197,96,,181,149
281,summoner-22030635,282,RossG7,Master,197,109,,157,126
282,summoner-32736705,283,Alistar is Cow,Master,196,112,,90,63
283,summoner-23756551,284,let me pyke you,Master,195,147,,615,587
284,summoner-23864813,285,Boost za nudle,Master,195,111,,298,267
285,summoner-54973046,286,Hatred The Daddy,Master,195,60,,222,146
286,summoner-58175288,287,xDoggieSx,Master,194,92,,211,178
287,summoner-23402936,288,kurtdenstore,Master,193,52,,138,110
288,summoner-26639869,289,Dunk Prophecies,Master,192,107,,210,165
289,summoner-43494933,290,KY Ada,Master,191,81,,171,129
290,summoner-32978996,291,Pivotek,Master,189,90,,365,285
291,summoner-47936016,292,Mortain,Master,189,118,,221,180
292,summoner-21425598,293,CedRa,Master,189,79,,183,157
293,summoner-72374470,294,IKneelOnlyToGod,Master,189,59,,177,139
294,summoner-57147850,295,ƒrost,Master,188,117,,283,262
295,summoner-311278,296,Savage Pigeon,Master,187,156,,298,271
296,summoner-71318597,297,OneLastBreath,Master,186,63,,237,190
297,summoner-20145328,298,Amerasu,Master,182,99,,178,151
298,summoner-30960083,299,i am flo,Master,182,72,,93,63
299,summoner-26565340,300,ÒG Mérciless,Master,181,116,,277,257
300,summoner-69253007,301,Wétru,Master,181,112,,200,175
301,summoner-38646934,302,Mateusss smurf,Master,181,55,,154,109
302,summoner-54517674,303,Dexa497,Master,181,57,,103,66
303,summoner-37928532,304,Mr Miks,Master,180,99,,292,267
304,summoner-23791258,305,DoDo senpai,Master,180,87,,130,95
305,summoner-35437975,306,Beast Zed Mid,Master,178,90,,173,147
306,summoner-33768429,307,Píngwin,Master,176,121,,243,213
307,summoner-45776022,308,nleTV,Master,175,77,,328,254
308,summoner-24700982,309,Czaraf,Master,174,86,,284,255
309,summoner-28531153,310,Fl4p3k,Master,174,79,,240,217
310,summoner-37253320,311,Craz1rabitMPAMPA,Master,174,68,,125,102
311,summoner-36915090,312,Grima,Master,173,100,,377,346
312,summoner-40203376,313,TopAp4cz,Master,173,138,,284,261
313,summoner-41865371,314,DarIing,Master,171,66,,240,160
314,summoner-45265491,315,DAB DAB DAB DAB,Master,169,63,,173,134
315,summoner-38555321,316,NobodyLovesM3,Master,169,88,,171,133
316,summoner-28178174,317,samz0r,Master,166,82,,239,213
317,summoner-24147445,318,Leprowujek,Master,166,42,,94,40
318,summoner-23345860,319,KiF1a,Master,165,73,,186,169
319,summoner-30085498,320,Kewl Bat,Master,164,68,,210,184
320,summoner-33344680,321,Mâd Rât,Master,163,71,,248,205
321,summoner-69076318,322,SPACEBAR PLAYER,Master,163,43,,106,54
322,summoner-21843031,323,Boys Do Cry,Master,162,67,,209,185
323,summoner-25142065,324,iNaffuu,Master,162,59,,171,150
324,summoner-41456515,325,RIE Dugo,Master,162,53,,100,80
325,summoner-33909458,326,AzianoCZ,Master,161,67,,200,168
326,summoner-38796534,327,Hjeern,Master,160,101,,251,227
327,summoner-21930072,328,Sea Of Zorrow,Master,158,66,,102,78
328,summoner-34318299,329,InTheHellOfElo,Master,157,74,,263,233
329,summoner-60013756,330,The Kayle,Master,155,49,,128,94
330,summoner-44768883,331,BunnyJumper,Master,154,48,,95,42
331,summoner-70417188,332,Neko East,Master,153,87,,326,294
332,summoner-31738066,333,Kallukka,Master,153,93,,296,265
333,summoner-38564431,334,PingviinsLv,Master,153,73,,148,118
334,summoner-24538556,335,GeneralJohny,Master,152,177,,382,360
335,summoner-30226164,336,Fr0m 0 2 Her0,Master,152,62,,154,131
336,summoner-25595710,337,Newb4610,Master,151,86,,143,110
337,summoner-175104,338,Tydor,Master,149,51,,127,81
338,summoner-43239321,339,matiociekasexem,Master,148,111,,370,350
339,summoner-64938219,340,SKT T1 Flash R,Master,148,73,,342,300
340,summoner-47871366,341,lövhögen,Master,148,103,,150,123
341,summoner-34707077,342,RS Seboost1an,Master,146,110,,310,276
342,summoner-31518017,343,Sabaku TaisΦ,Master,145,82,,288,240
343,summoner-21220764,344,hi im czajek,Master,145,80,,126,97
344,summoner-29756949,345,Amir Kebab Rip,Master,144,90,,239,209
345,summoner-29213366,346,itZ A4ron,Master,144,97,,137,107
346,summoner-19493533,347,Jarmy,Master,143,83,,243,206
347,summoner-31554189,348,KYRlE IRVING,Master,143,89,,199,176
348,summoner-35461398,349,Conaaa,Master,142,97,,396,380
349,summoner-24426105,350,xEchy,Master,142,63,,178,151
350,summoner-31264198,351,hi im todzio,Master,142,68,,118,98
351,summoner-26517392,352,DG Soul,Master,142,74,,62,35
352,summoner-37310714,353,Sylko,Master,136,88,,159,134
353,summoner-45693791,354,LeBalance,Master,135,146,,330,304
354,summoner-35086934,355,Joonatan,Master,135,99,,202,158
355,summoner-21398034,356,Thé Fàllén Angél,Master,135,82,,201,166
356,summoner-32266483,357,Tyexus,Master,134,103,,290,258
357,summoner-37136474,358,bIood of life,Master,133,146,,273,250
358,summoner-38605595,359,Nicki Benz,Master,133,58,,143,111
359,summoner-34876945,360,QQ Mati,Master,133,91,,125,103
360,summoner-34870972,361,Spiks Fanb0y,Master,132,133,,432,419
361,summoner-40752923,362,Ic3Poro,Master,132,71,,192,172
362,summoner-33774479,363,Szöcske,Master,129,105,,228,209
363,summoner-45064213,364,Exthellion,Master,128,100,,280,256
364,summoner-33997861,365,Lil Tom,Master,127,59,,103,79
365,summoner-30839206,366,D4ynight,Master,124,107,,312,295
366,summoner-29764123,367,NaèbanyMÍstrzu,Master,124,115,,289,259
367,summoner-52516246,368,ExposeD452,Master,124,113,,240,218
368,summoner-20584723,369,KorShack,Master,123,93,,112,84
369,summoner-24200990,370,Arrof,Master,122,134,,445,426
370,summoner-57694673,371,Jacob vo vani,Master,121,51,,119,87
371,summoner-25242066,372,JD Kublot,Master,121,58,,98,71
372,summoner-63747327,373,3 Stars 1 Dragon,Master,121,44,,72,42
373,summoner-51041734,374,Remígiusz,Master,120,140,,137,102
374,summoner-19724182,375,28914237,Master,120,46,,70,44
375,summoner-29965908,376,Qweszaq,Master,119,84,,149,122
376,summoner-38227985,377,Röyhkeä,Master,119,82,,117,84
377,summoner-52323298,378,Blackøut,Master,118,104,,145,133
378,summoner-27267596,379,Onys the ťulda,Master,117,101,,315,285
379,summoner-33726754,380,Murskauskone3000,Master,117,67,,248,195
380,summoner-32276830,381,BlindMasteRr,Master,116,86,,311,281
381,summoner-29847233,382,EvilxHyper1v9,Master,116,98,,135,113
382,summoner-22571774,383,Makos,Master,115,114,,151,131
383,summoner-45833746,384,Midas LFT,Master,114,61,,262,181
384,summoner-40705422,385,Paštikus Vagínus,Master,114,83,,169,140
385,summoner-25804900,386,paszkos,Master,113,112,,426,400
386,summoner-22712849,387,Valar Dohaerís,Master,113,87,,231,202
387,summoner-38323190,388,Blakayy,Master,112,102,,334,271
388,summoner-35742411,389,elofactory com,Master,112,54,,143,93
389,summoner-41605618,390,KAKABRUTA,Master,111,69,,128,107
390,summoner-28691827,391,LFT Puppe,Master,110,113,,173,144
391,summoner-24287131,392,Myštić,Master,110,88,,108,67
392,summoner-19544631,393,MosEisley,Master,109,48,,141,84
393,summoner-27976861,394,Glishaa,Master,108,64,,140,99
394,summoner-29556273,395,Bagienny Szymon,Master,106,108,,333,307
395,summoner-23434374,396,xXKertoXx,Master,106,80,,166,112
396,summoner-36317960,397,vestra de sidere,Master,106,87,,159,136
397,summoner-24640007,398,hi im neves,Master,105,100,,302,277
398,summoner-25594275,399,Anapsokwlias,Master,104,114,,305,272
399,summoner-38563426,400,DragonflyerPL,Master,104,104,,259,219
400,summoner-29543702,401,Her Charmer,Master,103,95,,239,211
401,summoner-28326387,402,UNQ Kubson,Master,103,110,,212,179
402,summoner-41989610,403,GNîDîS,Master,102,63,,168,139
403,summoner-38459984,404,Nivelenn,Master,101,86,,282,272
404,summoner-34990484,405,Shijnder,Master,101,155,,129,110
405,summoner-37324816,406,AGT Sobol,Master,100,77,,240,213
406,summoner-52336189,407,Complain,Master,99,65,,134,105
407,summoner-68945358,408,Zorganizowany,Master,98,69,,205,177
408,summoner-34373450,409,pintek pl,Master,97,97,,248,212
409,summoner-20433541,410,Amant z Sosnowca,Master,96,89,,276,248
410,summoner-40164810,411,A B U D,Master,96,91,,180,157
411,summoner-22870085,412,Jake Banks,Master,96,70,,131,100
412,summoner-28167733,413,oslerCZ,Master,95,93,,273,223
413,summoner-36328146,414,ZboczonyHektor,Master,95,55,,175,147
414,summoner-33960640,415,Poetepe,Master,95,65,,164,140
415,summoner-34296788,416,Right Handed,Master,95,58,,152,130
416,summoner-41645583,417,DenizEN,Master,94,91,,385,306
417,summoner-31727926,418,WAZZAPPPPPPPPPP,Master,111,68,,212,167
418,summoner-19665363,419,Schp,Master,94,59,,122,89
419,summoner-38788159,420,uniporn,Master,92,83,,141,122
420,summoner-40194654,421,deepionel,Master,92,139,,108,82
421,summoner-22120650,422,DTG shy jan,Master,91,115,,169,145
422,summoner-22691885,423,SIMBATA7,Master,90,63,,153,124
423,summoner-21309312,424,Linley Baruch,Master,89,77,,203,134
424,summoner-20076561,425,SDOM ALLEN,Master,88,73,,200,184
425,summoner-22430478,426,Hipoooo,Master,88,96,,198,161
426,summoner-38285650,427,RX Cinca,Master,87,85,,201,182
427,summoner-34825505,428,Τana,Master,87,133,,132,113
428,summoner-32487581,429,Elniks,Master,85,106,,322,298
429,summoner-24399731,430,Filip02,Master,85,109,,295,278
430,summoner-20435279,431,A Decent Unicorn,Master,85,65,,177,147
431,summoner-43502680,432,Crea,Master,83,80,,157,137
432,summoner-41603169,433,Purrpurr,Master,83,98,,113,91
433,summoner-36835782,434,Lignio,Master,82,116,,128,111
434,summoner-33077827,435,TEAM IS FAMILY,Master,82,55,,99,80
435,summoner-27134795,436,True Wanderer,Master,82,41,,88,49
436,summoner-40754180,437,Sάωαηο,Master,80,138,,391,364
437,summoner-19374680,438,THR Joe,Master,80,58,,178,115
438,summoner-45410476,439,WLD hi im mate,Master,80,56,,59,31
439,summoner-35538261,440,Teddybéar,Master,79,62,,228,202
440,summoner-42693498,441,Terrorysta1,Master,78,72,,266,134
441,summoner-37314741,442,Molière,Master,77,80,,319,299
442,summoner-24684165,443,S1rNasty,Master,75,71,,278,213
443,summoner-19864501,444,Vallvex,Master,75,132,,224,202
444,summoner-60793117,445,14etaneR,Master,75,50,,128,105
445,summoner-27218502,446,SUICIDAL EBOY,Master,75,46,,125,63
446,summoner-46849163,447,Gipuo,Master,74,120,,315,298
447,summoner-40947657,448,Matrix Sama,Master,58,75,,194,177
448,summoner-25591013,449,Viktør,Master,74,94,,160,143
449,summoner-42312984,450,EUNE Hi Im  LOGO,Master,73,87,,311,276
450,summoner-66396230,451,I AM SO TALONTED,Master,73,72,,163,142
451,summoner-24984653,452,Goddess Ofaf,Master,72,131,,402,382
452,summoner-26467183,453,LilaPaυse,Master,72,118,,357,345
453,summoner-71497498,454,Shãrky,Master,72,74,,321,278
454,summoner-26959187,455,Marcinek2005PL,Master,72,83,,264,231
455,summoner-27116848,456,Specter XIV,Master,72,102,,258,237
456,summoner-38629296,457,Buszux,Master,72,75,,184,150
457,summoner-43943854,458,XXX65696D6973,Master,72,46,,101,38
458,summoner-34705189,459,hi its Albatross,Master,72,86,,101,78
459,summoner-36100496,460,LighTn1nG,Master,69,158,,375,355
460,summoner-37735418,461,Sir BigT,Master,69,77,,332,274
461,summoner-57573785,462,Vengeance Reborn,Master,68,143,,309,268
462,summoner-22164949,463,Fliper,Master,68,69,,178,155
463,summoner-31455034,464,ˉunknown mid,Master,68,103,,173,151
464,summoner-70146530,465,Diosh,Master,68,84,,147,100
465,summoner-44754609,466,GPLAY Samanan,Master,68,45,,83,57
466,summoner-21516154,467,Klordix,Master,67,117,,350,325
467,summoner-33959520,468,xMid or Nuke,Master,67,63,,129,108
468,summoner-69156394,469,hafberynau,Master,67,39,,82,40
469,summoner-34878172,470,Hakushino,Master,67,71,,65,39
470,summoner-62573177,471,ED Ye Qiu,Master,66,93,,426,375
471,summoner-71071897,472,Patà,Master,66,44,,110,56
472,summoner-29534182,473,kotletaz,Master,64,72,,145,118
473,summoner-29646879,474,AHS8,Master,63,67,,277,256
474,summoner-27527112,475,Ρennywise,Master,62,102,,252,231
475,summoner-73082971,476,EuneIsGreat,Master,62,53,,171,106
476,summoner-59194680,477,MiiaBestLamia,Master,60,91,,306,289
477,summoner-40749652,478,DON Detor,Master,60,117,,185,164
478,summoner-27745505,479,L9 Icereaper,Master,60,53,,173,94
479,summoner-40761190,480,DON ProbleemxD,Master,59,113,,185,165
480,summoner-58674334,481,DTA Flügel,Master,44,85,,150,123
481,summoner-20480930,482,B GOD,Master,59,51,,92,29
482,summoner-21990899,483,Divine Banana,Master,58,125,,73,52
483,summoner-33887230,484,DarkRider55,Master,57,48,,109,78
484,summoner-21039791,485,Zombilau,Master,56,89,,273,267
485,summoner-30159407,486,DJFrytek,Master,56,85,,181,143
486,summoner-23766594,487,Elder Gorni,Master,56,63,,116,88
487,summoner-52156665,488,gibe pusi b0ss,Master,55,80,,356,291
488,summoner-33533249,489,vukojarac,Master,55,87,,168,154
489,summoner-70655337,490,Lee šin otp here,Master,55,47,,103,57
490,summoner-41107575,491,DareDévil Fanboy,Master,55,89,,80,43
491,summoner-29345064,492,AooShin,Master,53,98,,125,109
492,summoner-44094588,493,dølce ft,Master,53,61,,102,76
493,summoner-43879253,494,Troxen,Master,52,95,,199,187
494,summoner-42994549,495,TL PiercingLight,Master,51,145,,327,308
495,summoner-36903455,496,Hubonn,Master,51,80,,134,109
496,summoner-40219024,497,NahkaParturi,Master,49,124,,136,107
497,summoner-39632545,498,myR Adev,Master,49,109,,129,104
498,summoner-39620487,499,Skassy,Master,48,111,,323,308
499,summoner-34209019,500,Veig,Master,47,75,,162,128
500,summoner-19766642,501,Arbalezt,Master,47,74,,106,73
501,summoner-29526523,502,pykestanos,Master,46,83,,180,152
502,summoner-44030756,503,Jég,Master,45,58,,186,135
503,summoner-35471685,504,I am Budzik,Master,45,100,,122,104
504,summoner-24168317,505,Quinn Airlines,Master,44,108,,415,398
505,summoner-30144977,506,Mmesek,Master,44,104,,304,273
506,summoner-31173956,507,Labokop,Master,44,113,,283,251
507,summoner-42405409,508,LordWafer,Master,43,76,,106,81
508,summoner-39680037,509,FeelsDunkedMan,Master,42,123,,373,349
509,summoner-45602139,510,Furybolt,Master,42,85,,260,226
510,summoner-36665468,511,Quinsie Revenge,Master,42,78,,220,201
511,summoner-24272802,512,DenKakai,Master,42,75,,198,170
512,summoner-24308225,513,Riga Crypto,Master,42,55,,194,127
513,summoner-36244072,514,1453 PepeHands,Master,41,107,,302,285
514,summoner-71555275,515,iG Sufon,Master,41,63,,202,148
515,summoner-71623135,516,Ryan Mikkelsen,Master,41,69,,131,101
516,summoner-36412552,517,737,Master,40,56,,177,135
517,summoner-36362552,518,dwa dobre pićka,Master,40,78,,94,73
518,summoner-21129318,519,Hyperíon,Master,39,138,,175,159
519,summoner-41679925,520,Zara Larsson,Master,38,116,,302,280
520,summoner-27188813,521,SnutteTANT,Master,38,70,,224,167
521,summoner-21069443,522,Pajgino,Master,37,96,,115,82
522,summoner-20945176,523,Halucynék,Master,36,120,,600,561
523,summoner-71549187,524,Nothing Ends,Master,36,57,,194,155
524,summoner-44765346,525,L9 Kvasna,Master,36,65,,153,132
525,summoner-31446400,526,HUNT Szymek,Master,36,123,,144,121
526,summoner-27811008,527,Bírkí,Master,35,85,,196,171
527,summoner-19796157,528,shaaz,Master,35,67,,154,129
528,summoner-26803517,529,Humble Healer,Master,34,87,,331,312
529,summoner-28710962,530,Egoista w Soloq,Master,34,84,,120,108
530,summoner-57817732,531,Findy Jr,Master,34,49,,60,33
531,summoner-28967240,532,NIghtRain 13,Master,32,131,,429,410
532,summoner-27494606,533,Caedryn,Master,32,136,,124,99
533,summoner-26925653,534,Ρingo,Master,30,84,,223,200
534,summoner-59893208,535,Märq,Master,30,56,,94,69
535,summoner-32853379,536,lmmortal,Master,29,73,,243,228
536,summoner-34323279,537,Zer0 to Ner0,Master,29,93,,118,100
537,summoner-74033074,538,GM Killua San,Master,49,76,,266,232
538,summoner-60253033,539,Hustels,Master,28,81,,226,199
539,summoner-32984130,540,RX Trainsane,Master,27,95,,205,181
540,summoner-20322181,541,AS JamesSawyer,Master,26,117,,398,378
541,summoner-38965264,542,SAEEDMUS,Master,26,102,,201,175
542,summoner-29853190,543,Slý Tαils,Master,26,87,,108,81
543,summoner-34990979,544,RayRexi,Master,25,94,,173,147
544,summoner-32824913,545,Mobú v2,Master,24,85,,243,203
545,summoner-40547172,546,Crownguardd,Master,24,142,,175,144
546,summoner-35069789,547,Cháotic,Master,24,68,,112,89
547,summoner-21286104,548,Prayforsyria,Master,23,93,,360,319
548,summoner-21142220,549,GodSoap,Master,23,93,,270,248
549,summoner-50213372,550,Alter Gilgamesh,Master,22,174,,319,292
550,summoner-52559355,551,BãyMμtrá,Master,22,133,,278,253
551,summoner-41343975,552,Masa Thug Life,Master,22,113,,170,158
552,summoner-19769056,553,Kenshin,Master,22,67,,143,122
553,summoner-30393911,554,Honoz,Master,21,82,,234,207
554,summoner-38845123,555,Alradon,Master,21,96,,146,115
555,summoner-26353158,556,Norox,Master,21,69,,124,107
556,summoner-30046712,557,brooo 8D,Master,21,46,,66,32
557,summoner-38677879,558,FP Kiko,Master,20,74,,212,183
558,summoner-47221733,559,LLENN,Master,20,95,,189,131
559,summoner-31876210,560,Rebellion2,Master,20,73,,135,96
560,summoner-41048627,561,Trust Me Im JEDl,Master,20,74,,65,41
561,summoner-37159691,562,TSM Tanaci,Master,19,146,,377,358
562,summoner-36674967,563,vad heter du,Master,19,50,,134,106
563,summoner-38986973,564,soczystypytol98,Master,19,53,,95,65
564,summoner-22886940,565,noızzy,Master,19,82,,92,60
565,summoner-30954692,566,Xclusive 25,Master,18,126,,597,586
566,summoner-23488688,567,Szakacs,Master,18,107,,240,212
567,summoner-28333822,568,Nudle za Boost,Master,18,68,,122,102
568,summoner-46816169,569,PGD Kenrix,Master,18,83,,104,82
569,summoner-29476578,570,klzz,Master,18,71,,79,57
570,summoner-26020106,571,TypowyLeśnik,Master,17,105,,210,193
571,summoner-30906515,572,Steve Angello,Master,17,82,,134,111
572,summoner-60135843,573,SanyaDau v2,Master,16,117,,244,220
573,summoner-24744012,574,Felisjano,Master,16,76,,122,97
574,summoner-47962920,575,major failure,Master,15,117,,410,403
575,summoner-41551267,576,El3cTr0S0c,Master,15,58,,159,134
576,summoner-35494788,577,Exenon,Master,14,144,,275,283
577,summoner-38133362,578,cbdu,Master,13,108,,254,230
578,summoner-37263763,579,vanko 1,Master,12,111,,613,604
579,summoner-19074566,580,íÎì Stark,Master,12,71,,261,239
580,summoner-32307429,581,Deizlo,Master,10,76,,238,219
581,summoner-38403820,582,stefanxp,Master,9,92,,190,169
582,summoner-70418172,583,Wexillon,Master,8,98,,277,245
583,summoner-59595990,584,Anathema,Master,7,79,,217,203
584,summoner-68744972,585,mrHookUrGIRL,Master,7,43,,101,57
585,summoner-46423361,586,ImJustSaiyan,Master,5,79,,139,114
586,summoner-57967315,587,xKanelen,Master,3,119,,393,365
587,summoner-56794541,588,xXxKGxXx,Master,3,101,,338,327
588,summoner-30447363,589,Darknéss,Master,3,123,,224,201
589,summoner-25294231,590,botichello,Master,2,89,,348,299
590,summoner-39593293,591,Heroin Party Zed,Master,1,86,,266,238
591,summoner-31618238,592,TodiTheGod,Master,1,73,,226,211
592,summoner-32404054,593,negative winrate,Master,0,105,,505,481
593,summoner-25478522,594,KIS WITH Y,Master,0,105,,425,399
594,summoner-33057637,595,sexezSTAR,Master,0,86,,410,390
595,summoner-25477643,596,Zapper02,Master,0,113,,388,369
596,summoner-26734584,597,Godux,Master,0,97,,369,345
597,summoner-34445989,598,ScarIet,Master,0,119,,359,334
598,summoner-52332925,599,Grímmjôw,Master,0,151,,324,287
599,summoner-34467401,600,NLM,Master,0,73,,320,258
600,summoner-24602552,601,ThotnessEmbrace,Master,0,108,,316,300
601,summoner-22947721,602,belgie,Master,0,73,,300,233
602,summoner-71002579,603,Agata Radacka,Master,0,80,,294,216
603,summoner-40554647,604,Daddy Gragas,Master,0,145,,289,273
604,summoner-39583344,605,triung,Master,0,97,,286,263
605,summoner-33940581,606,H x,Master,0,122,,276,250
606,summoner-37879267,607,War pe Mental,Master,0,166,,263,229
607,summoner-36185015,608,C A N G O O R,Master,0,108,,250,235
608,summoner-29724710,609,pisinmyblouse,Master,0,86,,248,217
609,summoner-28526239,610,Kundzior123,Master,0,89,,247,245
610,summoner-37074782,611,morderca32,Master,0,61,,241,173
611,summoner-27050356,612,Tveliv,Master,0,97,,229,211
612,summoner-21587261,613,DoctorNlck,Master,0,84,,226,180
613,summoner-57023102,614,Lötüs,Master,0,94,,225,209
614,summoner-22114521,615,Br0kk,Master,0,97,,221,207
615,summoner-28520357,616,Friendly Skulla,Master,0,78,,219,202
616,summoner-59668537,617,žennoŽTG,Master,0,116,,218,199
617,summoner-24200190,618,Next Level FIZZ,Master,0,77,,217,197
618,summoner-32665817,619,Zha Kix,Master,0,84,,209,186
619,summoner-28172180,620,Pick me Janna,Master,0,75,,209,187
620,summoner-26774670,621,FP Zorin Blitz,Master,0,75,,199,176
621,summoner-38376885,622,Suicidal Supp,Master,0,96,,192,159
622,summoner-71509291,623,SnakeInTracksuit,Master,0,67,,190,134
623,summoner-30788218,624,Banánkehely,Master,0,66,,189,158
624,summoner-63523937,625,Àrdént Cénsér,Master,0,114,,176,154
625,summoner-23805754,626,Centawr,Master,0,66,,172,147
626,summoner-68943644,627,äiti,Master,0,60,,159,125
627,summoner-44347625,628,SKT KrWannaBe,Master,0,76,,158,132
628,summoner-70617689,629,HerHex,Master,0,99,,158,114
629,summoner-29062803,630,V for VayNeDeTa,Master,0,78,,154,133
630,summoner-38583230,631,Zebron,Master,0,60,,149,114
631,summoner-20922524,632,Far,Master,0,89,,145,127
632,summoner-39867623,633,Michael001,Master,0,50,,143,53
633,summoner-28398978,634,SMUTNY PAJAC,Master,0,58,,143,89
634,summoner-50305148,635,FrozenCubBG,Master,0,48,,140,67
635,summoner-44984905,636,Bořek prznitel,Master,0,72,,140,117
636,summoner-38540729,637,EUNE POGGERS,Master,0,54,,138,75
637,summoner-31174904,638,G2 Aldus,Master,0,103,,138,108
638,summoner-32189292,639,Zhenzi v2,Master,0,97,,136,113
639,summoner-51963350,640,Luky001,Master,0,64,,134,111
640,summoner-24434103,641,sl0wla,Master,0,100,,128,104
641,summoner-32589268,642,Gøku,Master,0,86,,126,103
642,summoner-25235174,643,mortalcombatant,Master,0,79,,118,73
643,summoner-20780649,644,Yubizume,Master,0,52,,117,64
644,summoner-21087877,645,KY Satanico,Master,0,63,,113,93
645,summoner-45943087,646,Redillion,Master,0,71,,106,78
646,summoner-24072999,647,Halcyzeron,Master,0,96,,105,83
647,summoner-46673697,648,Mégumin,Master,0,108,,104,76
648,summoner-63833189,649,POLhedzik019,Master,0,43,,103,49
649,summoner-58653622,650,WildheroStream,Master,0,54,,91,38
650,summoner-36685606,651,KATYPERRYFAN123,Master,0,47,,74,44
651,summoner-34396720,652,Stephprobabe,Master,0,55,,71,39
652,summoner-40189047,653,Yuuna,Master,0,53,,60,38
653,summoner-35405487,654,Taidah,Diamond 1,100,117,,492,470
654,summoner-28994651,655,Xaroula,Diamond 1,100,104,,419,392
655,summoner-37444475,656,XEM Domel,Diamond 1,100,114,,309,286
656,summoner-30039894,657,Syllvanas,Diamond 1,100,109,,296,277
657,summoner-22293716,658,zjemcikrede,Diamond 1,100,115,,278,256
658,summoner-32956070,659,HCT Erlich,Diamond 1,100,86,,269,238
659,summoner-30074326,660,ManIWishIWasDead,Diamond 1,100,107,,262,236
660,summoner-45684610,661,dead meme,Diamond 1,84,119,,225,206
661,summoner-31204878,662,GRE Pokerstar,Diamond 1,100,101,,224,197
662,summoner-34223704,663,2H2H piškot,Diamond 1,100,89,,217,185
663,summoner-20765542,664,PistonKosiarz,Diamond 1,100,83,,191,158
664,summoner-34184324,665,Lexris,Diamond 1,100,59,,189,104
665,summoner-23687496,666,Pendecho,Diamond 1,100,82,,160,133
666,summoner-28537478,667,Hrazerixxxxxxx,Diamond 1,100,82,,158,130
667,summoner-27875773,668,FourTwenty Joker,Diamond 1,100,84,,153,115
668,summoner-27053145,669,αssαssin,Diamond 1,100,95,,133,89
669,summoner-20436570,670,Muffin Man,Diamond 1,100,70,,130,101
670,summoner-68555718,671,CherryHeal,Diamond 1,100,52,,122,93
671,summoner-33519577,672,meenawy,Diamond 1,100,69,,110,73
672,summoner-36053985,673,Unlucky Niko,Diamond 1,100,84,,97,75
673,summoner-26325874,674,atomic bald,Diamond 1,100,53,,94,61
674,summoner-63953281,675,Ryze is a beast,Diamond 1,100,40,,89,37
675,summoner-55733049,676,Nabsteb,Diamond 1,100,60,,88,51
676,summoner-27495704,677,ukko2000,Diamond 1,100,65,,72,49
677,summoner-40353411,678,GeneralRagequit,Diamond 1,100,42,,67,37
678,summoner-62003907,679,XprObacKGG,Diamond 1,99,111,,328,300
679,summoner-23799544,680,HCT shizeR,Diamond 1,99,97,,282,243
680,summoner-26498433,681,CTF Manatee,Diamond 1,99,89,,245,217
681,summoner-70173009,682,Two Shiv Shaco,Diamond 1,99,55,,88,55
682,summoner-63285135,683,Daddy Roro,Diamond 1,98,63,,170,106
683,summoner-66685523,684,Sushi Kid,Diamond 1,98,73,,151,107
684,summoner-38222916,685,N1ksän,Diamond 1,98,59,,101,85
685,summoner-27860733,686,Dawîd,Diamond 1,97,79,,111,86
686,summoner-19403133,687,FrennaFanboy,Diamond 1,97,61,,105,89
687,summoner-65874209,688,Get Clapped,Diamond 1,97,71,,66,42
688,summoner-70235230,689,Burztfire,Diamond 1,95,79,,125,100
689,summoner-32894209,690,the prodigy ygh,Diamond 1,95,145,,47,33
690,summoner-25524071,691,wikiolo,Diamond 1,94,109,,403,380
691,summoner-34888542,692,HeavyDream,Diamond 1,94,64,,55,32
692,summoner-25815701,693,Clara,Diamond 1,93,115,,139,113
693,summoner-22255693,694,BigMazy,Diamond 1,93,41,,87,42
694,summoner-41065582,695,Saloez,Diamond 1,92,74,,253,215
695,summoner-71130272,696,uDNelly,Diamond 1,92,73,,217,171
696,summoner-72473143,697,Wa kind of smurf,Diamond 1,92,58,,202,165
697,summoner-21727082,698,Kiyumi,Diamond 1,92,92,,154,82
698,summoner-25221922,699,Grub Woin,Diamond 1,91,90,,172,129
699,summoner-34350180,700,DGPX Sayetan,Diamond 1,91,44,,66,46
700,summoner-53463132,701,Szybky Lopez,Diamond 1,90,88,,451,397
701,summoner-35256798,702,Tigerfun,Diamond 1,90,110,,244,221
702,summoner-37363403,703,Václav Šrajer,Diamond 1,90,76,,233,195
703,summoner-19912775,704,Neawin,Diamond 1,90,69,,182,148
704,summoner-27364826,705,xToma,Diamond 1,90,69,,154,136
705,summoner-68387562,706,LeQu On Smurf,Diamond 1,90,57,,154,123
706,summoner-25853840,707,WelcomToVietnam,Diamond 1,90,68,,146,109
707,summoner-33873215,708,p3 euw btw,Diamond 1,90,66,,145,118
708,summoner-27865152,709,aąbcć Ð eęfgh,Diamond 1,90,65,,144,125
709,summoner-35480966,710,DGN JustEngry,Diamond 1,90,77,,143,109
710,summoner-33405516,711,BuuDuemer,Diamond 1,90,81,,140,112
711,summoner-69423039,712,Matnisstatpants,Diamond 1,90,48,,133,93
712,summoner-20200774,713,King Dragún,Diamond 1,90,69,,125,99
713,summoner-32815577,714,The Ryan,Diamond 1,90,68,,124,87
714,summoner-30333885,715,SaŁaZaR,Diamond 1,90,131,,113,93
715,summoner-71040739,716,Phílíphkt,Diamond 1,90,66,,113,62
716,summoner-32573416,717,Teräsmara,Diamond 1,90,126,,109,77
717,summoner-58033142,718,RED AD Carry,Diamond 1,90,63,,105,77
718,summoner-29599705,719,A4L,Diamond 1,90,63,,105,71
719,summoner-37141067,720,Ehmedi,Diamond 1,90,86,,98,70
720,summoner-25516645,721,Cx KFC Manager,Diamond 1,90,54,,85,62
721,summoner-29146564,722,MrMgr,Diamond 1,90,49,,84,64
722,summoner-32757515,723,IMissAlwaysQ,Diamond 1,90,49,,80,55
723,summoner-68728535,724,beorsaidothor,Diamond 1,90,41,,80,23
724,summoner-20158792,725,Rektus Dominus,Diamond 1,90,101,,77,61
725,summoner-23591874,726,Live,Diamond 1,90,74,,66,37
726,summoner-41454116,727,MarineHBS,Diamond 1,90,57,,51,25
727,summoner-56437897,728,Pika Pika Pì,Diamond 1,89,103,,472,424
728,summoner-35674379,729,tsakos007,Diamond 1,89,88,,301,270
729,summoner-24389694,730,BestSorakaSmurf,Diamond 1,89,64,,89,62
730,summoner-23981744,731,SonofHashinshin,Diamond 1,88,76,,341,305
731,summoner-33397554,732,Cursed Leblanc,Diamond 1,88,86,,196,171
732,summoner-32297123,733,Latrodectuss,Diamond 1,88,120,,181,156
733,summoner-59623572,734,Duck Farius,Diamond 1,88,53,,123,106
734,summoner-30847068,735,korzen11,Diamond 1,88,47,,112,57
735,summoner-36903434,736,Selson,Diamond 1,88,49,,76,41
736,summoner-37255951,737,Marlley,Diamond 1,87,138,,437,421
737,summoner-57194815,738,Enemenem,Diamond 1,87,107,,205,180
738,summoner-33485397,739,SpooKie789,Diamond 1,87,57,,187,166
739,summoner-31217228,740,Chalizard,Diamond 1,87,62,,114,93
740,summoner-58483319,741,ZeroFoxy,Diamond 1,87,104,,95,79
741,summoner-61697922,742,Formes,Diamond 1,86,69,,143,125
742,summoner-23617343,743,GL Mayday,Diamond 1,86,72,,109,91
743,summoner-33836987,744,raketak19,Diamond 1,85,65,,188,155
744,summoner-69195893,745,gobitumilair,Diamond 1,85,56,,171,140
745,summoner-43978311,746,GT1 Hochmah,Diamond 1,85,98,,117,90
746,summoner-27571865,747,CisneCieRandomem,Diamond 1,85,53,,114,71
747,summoner-23816156,748,Carry Only,Diamond 1,85,77,,96,83
748,summoner-30844775,749,UnicornLeader,Diamond 1,84,137,,396,360
749,summoner-36214307,750,NEMANJ4,Diamond 1,84,116,,301,280
750,summoner-19924105,751,lonelystar,Diamond 1,84,116,,282,259
751,summoner-26376711,752,GhostBron,Diamond 1,84,49,,120,63
752,summoner-21832245,753,Coko,Diamond 1,84,52,,89,58
753,summoner-68924659,754,sexy mikasa,Diamond 1,83,56,,160,103
754,summoner-40170900,755,Meecowhy,Diamond 1,83,82,,156,140
755,summoner-34724224,756,Benscroll,Diamond 1,83,91,,140,124
756,summoner-20918068,757,JESSPER77,Diamond 1,83,86,,120,106
757,summoner-37124020,758,Evanger,Diamond 1,83,59,,59,34
758,summoner-37627217,759,Ejsner,Diamond 1,83,59,,55,36
759,summoner-33518951,760,UncleZoe,Diamond 1,82,106,,272,255
760,summoner-29259506,761,Mapharazzo,Diamond 1,82,69,,106,91
761,summoner-69433064,762,Looking 4 6irl,Diamond 1,82,46,,91,57
762,summoner-36555450,763,Qmnis,Diamond 1,81,118,,349,341
763,summoner-36323986,764,blo,Diamond 1,81,117,,263,237
764,summoner-20440138,765,Arore,Diamond 1,81,69,,123,104
765,summoner-22988614,766,Kylo Rên,Diamond 1,81,96,,117,90
766,summoner-69433065,767,KONG STRONG,Diamond 1,81,46,,91,57
767,summoner-24410969,768,KRM,Diamond 1,81,79,,77,51
768,summoner-38483078,769,Dom1nator,Diamond 1,80,79,,256,235
769,summoner-34937486,770,Feed Jinx pl0x,Diamond 1,80,63,,136,94
770,summoner-35828580,771,SIMPLE AND CLEAN,Diamond 1,80,74,,118,93
771,summoner-72435448,772,ThRoZeN,Diamond 1,80,43,,114,57
772,summoner-33287436,773,Happuoppa,Diamond 1,80,77,,107,73
773,summoner-24386368,774,deivyys,Diamond 1,80,84,,102,82
774,summoner-38907771,775,myR Bl4de,Diamond 1,80,87,,94,75
775,summoner-71526530,776,The Kontturi,Diamond 1,80,36,,54,10
776,summoner-28154673,777,XaxaOwOxaxa,Diamond 1,79,164,,430,422
777,summoner-66705989,778,SadFrog exe,Diamond 1,79,96,,300,205
778,summoner-22647486,779,Darkiter,Diamond 1,79,105,,214,185
779,summoner-19868592,780,AkiCr7,Diamond 1,79,76,,115,90
780,summoner-64003070,781,VELVETEARS,Diamond 1,79,49,,95,68
781,summoner-45753066,782,GANGBANG ILLAOI,Diamond 1,78,110,,238,229
782,summoner-62024135,783,ez is Mágus,Diamond 1,78,64,,173,128
783,summoner-38103284,784,Verum v2,Diamond 1,78,57,,159,101
784,summoner-69409626,785,skirrax v2,Diamond 1,78,56,,87,63
785,summoner-55066936,786,IgnasITZ,Diamond 1,78,51,,81,53
786,summoner-30813446,787,iG ßajky,Diamond 1,78,64,,72,55
787,summoner-20932819,788,Cviç Prase,Diamond 1,77,101,,296,280
788,summoner-41700097,789,Serene Void,Diamond 1,77,87,,261,242
789,summoner-25365139,790,TelluR,Diamond 1,77,83,,257,240
790,summoner-36558641,791,Bloody Sorrõw,Diamond 1,77,94,,172,152
791,summoner-31881620,792,Rapisher,Diamond 1,77,74,,81,63
792,summoner-50343040,793,JK KINGUNEN,Diamond 1,77,49,,65,49
793,summoner-48864239,794,Kamî D Hoyhi,Diamond 1,76,145,,388,360
794,summoner-42314387,795,Paskajami,Diamond 1,76,91,,275,262
795,summoner-23481935,796,Puri,Diamond 1,76,84,,218,205
796,summoner-31281838,797,EleGíggle,Diamond 1,76,87,,161,142
797,summoner-34333050,798,HELLAS douk,Diamond 1,76,67,,109,65
798,summoner-37651913,799,1992 Ω,Diamond 1,76,59,,73,60
799,summoner-32568582,800,LevelZeroPlayer,Diamond 1,75,105,,418,384
800,summoner-41456117,801,Suklaakaakao,Diamond 1,75,95,,409,388
801,summoner-33333791,802,MonsterTier,Diamond 1,75,105,,408,396
802,summoner-44754808,803,Lolofontello,Diamond 1,75,113,,405,382
803,summoner-56034779,804,ProShadowShady,Diamond 1,75,100,,349,319
804,summoner-65063152,805,ShSn,Diamond 1,75,110,,319,296
805,summoner-22887932,806,Błack Swan,Diamond 1,75,109,,287,247
806,summoner-65875722,807,Lunatıc,Diamond 1,75,95,,262,237
807,summoner-43448663,808,LevelZeroLegacy,Diamond 1,75,67,,239,186
808,summoner-30767245,809,Amaretto,Diamond 1,75,98,,235,217
809,summoner-23845263,810,Ananasy,Diamond 1,75,122,,215,200
810,summoner-70313892,811,EUW Marksman kek,Diamond 1,75,70,,211,152
811,summoner-35785372,812,TOMage,Diamond 1,75,69,,203,186
812,summoner-72416267,813,jeonggeul uiwang,Diamond 1,75,57,,196,140
813,summoner-49861951,814,Sveronis,Diamond 1,75,52,,195,65
814,summoner-58033162,815,Tatsh,Diamond 1,75,69,,193,156
815,summoner-34233510,816,Season 3 Rengar,Diamond 1,75,80,,191,153
816,summoner-21111582,817,Datturaa,Diamond 1,75,61,,190,101
817,summoner-72532970,818,Aki Senpai,Diamond 1,75,89,,190,159
818,summoner-59546383,819,MaderFaker3,Diamond 1,75,49,,187,88
819,summoner-28295623,820,Hobbi,Diamond 1,75,83,,186,148
820,summoner-49339151,821,Bufaklin,Diamond 1,75,67,,186,159
821,summoner-68845540,822,Girl I,Diamond 1,75,73,,186,148
822,summoner-71842996,823,SchwerdG,Diamond 1,75,59,,179,124
823,summoner-54716632,824,ferdik1123,Diamond 1,75,84,,178,155
824,summoner-63583593,825,13597820,Diamond 1,75,66,,166,156
825,summoner-40937267,826,Djres,Diamond 1,75,85,,166,137
826,summoner-21214046,827,Israel HaDayag,Diamond 1,75,72,,164,134
827,summoner-33899572,828,nof3,Diamond 1,75,55,,163,107
828,summoner-28307643,829,Marcellus23,Diamond 1,75,69,,161,133
829,summoner-34086024,830,7Drakking88,Diamond 1,75,83,,160,115
830,summoner-70718095,831,Lux PIayer,Diamond 1,75,61,,160,106
831,summoner-40025822,832,Kim Dong ha,Diamond 1,75,66,,157,105
832,summoner-38040775,833,TheHaccer13,Diamond 1,75,59,,153,124
833,summoner-69156140,834,Kiyotaka,Diamond 1,75,48,,152,99
834,summoner-47728136,835,SB Szerk,Diamond 1,75,141,,151,114
835,summoner-21926693,836,ΦΑΡΑΩ,Diamond 1,75,68,,148,114
836,summoner-54553116,837,MihalichV2,Diamond 1,75,63,,148,133
837,summoner-21447850,838,The Vitiate,Diamond 1,75,73,,146,133
838,summoner-19391305,839,OopsIamSorry,Diamond 1,75,46,,144,59
839,summoner-53718282,840,CuzimaGoD,Diamond 1,75,72,,143,120
840,summoner-33827501,841,PVE Qenal,Diamond 1,75,73,,143,115
841,summoner-26926091,842,ReLic7us,Diamond 1,75,73,,142,123
842,summoner-69062973,843,Reorderer 1v9,Diamond 1,75,57,,139,96
843,summoner-23319183,844,Wechat Elovator,Diamond 1,75,46,,138,85
844,summoner-62837444,845,Yøung Light,Diamond 1,75,137,,137,71
845,summoner-24681855,846,RR Syrpy,Diamond 1,75,64,,137,108
846,summoner-30350053,847,Clone Jester,Diamond 1,75,103,,134,104
847,summoner-20009677,848,Jessica,Diamond 1,75,47,,131,93
848,summoner-37213573,849,Gl At McDonalds,Diamond 1,75,63,,128,105
849,summoner-24153857,850,Amades,Diamond 1,75,48,,120,74
850,summoner-21458888,851,Irod,Diamond 1,75,70,,116,83
851,summoner-31707274,852,Danny v2,Diamond 1,75,86,,113,77
852,summoner-55967338,853,Kindral,Diamond 1,75,48,,113,88
853,summoner-25519388,854,VaIkyr,Diamond 1,75,109,,112,91
854,summoner-27571811,855,MaM FaJnE UlTi,Diamond 1,75,53,,111,88
855,summoner-65786172,856,Helixerz,Diamond 1,75,43,,110,73
856,summoner-25015594,857,RockXan,Diamond 1,75,77,,108,68
857,summoner-32854718,858,Xayol v2,Diamond 1,75,55,,107,69
858,summoner-70623032,859,Vareju iekritot,Diamond 1,75,53,,107,73
859,summoner-39258248,860,Tadeusz98,Diamond 1,75,94,,105,84
860,summoner-52530080,861,PetesAdoptedSon,Diamond 1,75,50,,103,87
861,summoner-26500654,862,donce123,Diamond 1,75,80,,98,72
862,summoner-29134791,863,Is Top success,Diamond 1,75,64,,96,65
863,summoner-68896555,864,ROMANUL ALB,Diamond 1,75,41,,86,33
864,summoner-71893065,865,TEEMO TO CHALL,Diamond 1,75,43,,83,45
865,summoner-24097768,866,DontBlameMeQQ,Diamond 1,75,71,,82,54
866,summoner-27548394,867,My Angel Ket,Diamond 1,75,101,,78,54
867,summoner-39530236,868,EUNE Abuser,Diamond 1,75,39,,74,18
868,summoner-48203766,869,EUNEPOLICE S,Diamond 1,75,43,,65,23
869,summoner-24234349,870,Parksman Mlayer,Diamond 1,75,76,,65,49
870,summoner-66943040,871,Je T Aime Trop,Diamond 1,75,46,,64,37
871,summoner-27059616,872,Eradicated,Diamond 1,74,93,,281,259
872,summoner-44519214,873,Ray God,Diamond 1,74,97,,269,261
873,summoner-46605578,874,KataLaNN,Diamond 1,74,91,,267,234
874,summoner-38245753,875,Shikamaru Naara,Diamond 1,74,73,,236,212
875,summoner-24233664,876,ECT Kocourek,Diamond 1,74,64,,109,84
876,summoner-60167436,877,ksikakatas,Diamond 1,73,46,,143,92
877,summoner-26017001,878,ProfessorAce,Diamond 1,73,70,,131,105
878,summoner-71643045,879,Clown IRL,Diamond 1,73,52,,121,75
879,summoner-42983363,880,Vega,Diamond 1,73,89,,74,52
880,summoner-19134176,881,SellingNudesAdd,Diamond 1,73,61,,56,37
881,summoner-41087665,882,EUNE Retoox HLTV,Diamond 1,73,36,,38,13
882,summoner-31220503,883,Sekkusu,Diamond 1,72,128,,350,342
883,summoner-38508401,884,HELLSHACO,Diamond 1,72,64,,217,144
884,summoner-20614632,885,PYKE IRL,Diamond 1,72,99,,196,148
885,summoner-36926847,886,Bleddo,Diamond 1,72,114,,148,129
886,summoner-44846594,887,kurtdenstore21,Diamond 1,72,50,,138,108
887,summoner-39560412,888,michu45,Diamond 1,72,118,,113,86
888,summoner-34293699,889,Lep Fant,Diamond 1,72,57,,112,88
889,summoner-48503828,890,Konaa,Diamond 1,72,46,,76,60
890,summoner-34899231,891,Kahui,Diamond 1,72,39,,54,30
891,summoner-36052987,892,Alonso,Diamond 1,71,107,,508,486
892,summoner-39884774,893,voky60,Diamond 1,71,109,,358,297
893,summoner-39686221,894,nexTy1,Diamond 1,71,69,,166,141
894,summoner-33909436,895,AT3Ntylk0GR4,Diamond 1,71,59,,147,118
895,summoner-31434931,896,Sana x Tzuyu,Diamond 1,71,66,,134,115
896,summoner-54836755,897,m7md7100,Diamond 1,71,72,,114,88
897,summoner-68367366,898,Myddo,Diamond 1,71,60,,109,80
898,summoner-31353091,899,Zookeeper101,Diamond 1,70,96,,289,259
899,summoner-44533964,900,K4tarina v2,Diamond 1,70,99,,243,183
900,summoner-25179705,901,Lama,Diamond 1,70,66,,97,75
901,summoner-23911183,902,Madhõuse,Diamond 1,70,62,,43,33
902,summoner-19350043,903,Taste The Power,Diamond 1,69,118,,383,368
903,summoner-32271079,904,Kornishona,Diamond 1,69,92,,187,170
904,summoner-50333934,905,Nippla,Diamond 1,69,67,,174,145
905,summoner-31267277,906,IaceG,Diamond 1,69,52,,140,94
906,summoner-48329575,907,RedTigger2000,Diamond 1,69,98,,135,117
907,summoner-23296269,908,Dimikoyan,Diamond 1,69,90,,118,99
908,summoner-19790765,909,Taxi Naser,Diamond 1,32,119,,439,417
909,summoner-35316636,910,Szakin,Diamond 1,68,159,,240,221
910,summoner-38788779,911,Hi Iam Gosupport,Diamond 1,68,105,,108,92
911,summoner-42553384,912,shadows marked,Diamond 1,68,71,,107,93
912,summoner-70945372,913,King Illidan,Diamond 1,67,86,,412,363
913,summoner-52036247,914,Hîszpan,Diamond 1,67,103,,268,255
914,summoner-46078093,915,Eimis,Diamond 1,67,102,,227,199
915,summoner-19521131,916,gmxristos,Diamond 1,67,96,,209,189
916,summoner-38503962,917,Pepi Rösslër,Diamond 1,67,106,,192,165
917,summoner-24583023,918,NerfChampsHard,Diamond 1,67,79,,169,155
918,summoner-34075227,919,NGPlayer,Diamond 1,67,88,,159,129
919,summoner-49675568,920,Petey btw,Diamond 1,67,49,,151,115
920,summoner-52530527,921,Maginaryy,Diamond 1,67,50,,115,58
921,summoner-33414926,922,Elendlil,Diamond 1,67,74,,99,74
922,summoner-24477315,923,Marb,Diamond 1,67,84,,77,61
923,summoner-72586541,924,Sobol jest słaby,Diamond 1,67,39,,67,23
924,summoner-39297772,925,LeZac,Diamond 1,66,119,,270,251
925,summoner-36142626,926,Zèze,Diamond 1,66,87,,167,155
926,summoner-24669344,927,Mìs,Diamond 1,66,55,,153,139
927,summoner-52713387,928,LANCELOT 1,Diamond 1,66,49,,149,121
928,summoner-42915991,929,h1go,Diamond 1,66,60,,143,127
929,summoner-69526189,930,Karczelote v2,Diamond 1,66,62,,143,95
930,summoner-31279958,931,Elementh,Diamond 1,66,45,,112,44
931,summoner-22814877,932,Professor Konrad,Diamond 1,66,83,,108,76
932,summoner-19692199,933,Denited,Diamond 1,66,86,,77,33
933,summoner-30909416,934,Army 27 illusion,Diamond 1,66,40,,53,27
934,summoner-37100831,935,Arìete,Diamond 1,65,74,,278,239
935,summoner-25503434,936,Woolly,Diamond 1,65,69,,138,109
936,summoner-25158553,937,BELOSNEZHKA,Diamond 1,65,78,,103,79
937,summoner-33396293,938,Pink Rabbits,Diamond 1,65,54,,85,67
938,summoner-51885836,939,See my name,Diamond 1,64,159,,557,522
939,summoner-25910707,940,KhaynMain,Diamond 1,64,90,,368,321
940,summoner-68996307,941,Leivi,Diamond 1,64,95,,261,250
941,summoner-31915022,942,Asam na kon,Diamond 1,64,129,,243,236
942,summoner-38626931,943,NA1X,Diamond 1,64,100,,211,188
943,summoner-29619714,944,xdxdDDdxdd,Diamond 1,64,48,,149,83
944,summoner-37973552,945,GuGusaak,Diamond 1,64,75,,145,120
945,summoner-36420208,946,LachtanHoralka,Diamond 1,64,69,,124,108
946,summoner-54622990,947,313169,Diamond 1,64,48,,73,54
947,summoner-37875987,948,Shockblade Ninja,Diamond 1,64,70,,71,40
948,summoner-42813598,949,HeartlessElf,Diamond 1,64,92,,34,23
949,summoner-26051432,950,Sir Wolle,Diamond 1,63,106,,469,452
950,summoner-37035581,951,Peose,Diamond 1,63,51,,164,107
951,summoner-24220182,952,Shenas,Diamond 1,63,59,,110,85
952,summoner-41113648,953,WIZOP,Diamond 1,63,56,,78,42
953,summoner-39208114,954,iVintrez,Diamond 1,63,45,,34,9
954,summoner-19747597,955,iMpwnYA,Diamond 1,62,121,,443,407
955,summoner-29393474,956,Famous ADC,Diamond 1,62,98,,228,197
956,summoner-30748749,957,isä,Diamond 1,62,82,,215,183
957,summoner-58098309,958,ZVRYK,Diamond 1,62,112,,108,87
958,summoner-30942212,959,Seifur,Diamond 1,62,59,,105,85
959,summoner-72324858,960,uXaPDominic,Diamond 1,62,39,,66,27
960,summoner-34217865,961,Eshara,Diamond 1,62,47,,63,34
961,summoner-31506776,962,Knightgum,Diamond 1,62,51,,51,20
962,summoner-71843072,963,SlCK B0Y,Diamond 1,61,71,,274,259
963,summoner-44902735,964,HARDSTUCKKKK,Diamond 1,61,86,,236,223
964,summoner-28893056,965,Pray4Tryndamere,Diamond 1,61,84,,225,199
965,summoner-20795263,966,Ququlis,Diamond 1,61,49,,148,92
966,summoner-38997989,967,Iil dipshît,Diamond 1,61,117,,140,125
967,summoner-37547009,968,EB24 Paxters,Diamond 1,61,96,,94,66
968,summoner-28024950,969,Boy,Diamond 1,60,109,,384,372
969,summoner-35943184,970,Profesor Ulaniec,Diamond 1,60,127,,262,231
970,summoner-20663172,971,The Cr1mson King,Diamond 1,60,79,,239,211
971,summoner-24400346,972,Trzesiek,Diamond 1,60,68,,214,154
972,summoner-23518496,973,Petri,Diamond 1,60,62,,200,177
973,summoner-24748823,974,PYROPHOBIA,Diamond 1,60,86,,177,157
974,summoner-26463457,975,Independent3,Diamond 1,60,63,,127,113
975,summoner-48657221,976,xxdXDxd gejus,Diamond 1,60,47,,102,63
976,summoner-36054356,977,dog ucal,Diamond 1,60,74,,98,81
977,summoner-27985811,978,H0shiG4ki,Diamond 1,60,82,,46,25
978,summoner-33514724,979,ψUnlucky Godψ,Diamond 1,59,99,,241,222
979,summoner-31245699,980,Anaalireikä,Diamond 1,59,78,,150,119
980,summoner-25231512,981,VuChina,Diamond 1,59,160,,141,126
981,summoner-58403284,982,ZielonaGG,Diamond 1,59,67,,113,69
982,summoner-44526231,983,Ξύδι,Diamond 1,59,69,,87,56
983,summoner-37663134,984,ZÏlean,Diamond 1,59,61,,82,44
984,summoner-25150210,985,OGN RageQuit,Diamond 1,59,80,,61,31
985,summoner-33736388,986,Torajaa,Diamond 1,59,67,,60,39
986,summoner-31259252,987,actorRyanGosling,Diamond 1,58,127,,458,442
987,summoner-30744884,988,Fitompp,Diamond 1,58,54,,109,82
988,summoner-32215609,989,Kaer1v9,Diamond 1,58,65,,81,58
989,summoner-39623062,990,Neko cel mic,Diamond 1,57,66,,138,91
990,summoner-32974994,991,Ziu,Diamond 1,57,90,,137,82
991,summoner-24293061,992,ChickenPL,Diamond 1,57,49,,134,107
992,summoner-63054932,993,Racist Wizard,Diamond 1,57,78,,127,106
993,summoner-35765833,994,IlIlIIIlIIlIIIll,Diamond 1,57,46,,96,73
994,summoner-42993426,995,SoúlReaver,Diamond 1,57,133,,89,69
995,summoner-37763581,996,Reliable,Diamond 1,57,54,,68,52
996,summoner-55933043,997,sC Fox,Diamond 1,57,72,,62,43
997,summoner-34514071,998,Wiktory,Diamond 1,57,43,,49,31
998,summoner-68713366,999,CCane420,Diamond 1,56,99,,391,369
999,summoner-40580395,1000,arnovego,Diamond 1,56,115,,197,158
