#timestamp 1530090042311
#date 2018-06-27T09:00:42+00:00
#players 1000
#index,id,rank,name,tier,lp,level,proTeam,win,loss
0,summoner-12190942,1,MMM REMIND,Challenger,1183,48,,147,95
1,summoner-11460164,2,BMR TIger987,Challenger,1166,98,,345,298
2,summoner-11370132,3,sp18,Challenger,1156,55,,187,136
3,summoner-11460126,4,BMR Sleeping,Challenger,1128,100,,315,274
4,summoner-11350137,5,Lakiaro,Challenger,1028,49,,134,87
5,summoner-473922,6,Phantiksˉ,Challenger,1005,48,,139,94
6,summoner-11360138,7,Monkey D Ryoma,Challenger,1003,59,,198,152
7,summoner-2651026,8,NishiZhuma,Challenger,985,57,,187,131
8,summoner-4380973,9,Phantiks OuO,Challenger,940,64,,164,127
9,summoner-297478,10,weixin s5683169,Challenger,923,72,,189,136
10,summoner-11350138,11,ORD Swiffer,Challenger,912,65,,249,198
11,summoner-5895478,12,Monkey D Mitch,Challenger,900,64,,195,148
12,summoner-1530604,13,ORD Ming,Challenger,873,74,,195,146
13,summoner-381031,14,AresXd,Challenger,859,48,,118,76
14,summoner-890259,15,Shok,Challenger,846,92,,225,194
15,summoner-274464,16,Phantiks,Challenger,820,47,,129,91
16,summoner-5935237,17,Gon123,Challenger,813,76,,296,257
17,summoner-929978,18,Fudge,Challenger,794,120,,447,414
18,summoner-229825,19,Apink Bomi2,Challenger,796,66,,207,175
19,summoner-571021,20,Wherearewe,Challenger,782,66,,190,157
20,summoner-3150942,21,QQ854166019,Challenger,763,89,,353,313
21,summoner-10811838,22,Babo Beongsin JH,Challenger,739,62,,98,67
22,summoner-735088,23,tlxjkgcpl17717,Challenger,735,70,,225,189
23,summoner-233854,24,Gðku,Challenger,732,70,,189,161
24,summoner-493127,25,Eyla,Challenger,709,98,,169,146
25,summoner-8010384,26,Guts,Challenger,691,125,,422,392
26,summoner-952670,27,Praelus,Challenger,681,85,,185,159
27,summoner-10061365,28,EMP Chazz,Challenger,680,63,,194,157
28,summoner-444311,29,SSG Decoy,Challenger,675,73,,141,122
29,summoner-11360145,30,ORD Uzi,Challenger,672,50,,161,96
30,summoner-11360141,31,Rotomairewhenua,Challenger,656,64,,151,116
31,summoner-601923,32,INT Haeri,Challenger,634,124,,267,240
32,summoner-11370136,33,ˆˉˇˉ,Challenger,619,42,,89,55
33,summoner-456280,34,Terrath,Challenger,611,105,,285,243
34,summoner-11350133,35,NMSLWSNDHJYZ,Challenger,604,52,,131,104
35,summoner-620972,36,Better on Top,Challenger,593,100,,178,158
36,summoner-10071209,37,Ai no misete,Challenger,583,54,,144,113
37,summoner-483862,38,Cuden 1,Challenger,533,107,,218,203
38,summoner-432291,39,Sybol,Challenger,546,75,,195,176
39,summoner-11970252,40,apiiii,Challenger,546,61,,185,126
40,summoner-494121,41,ry0ma,Challenger,539,46,,119,84
41,summoner-578793,42,Coachboo,Challenger,530,74,,173,156
42,summoner-445723,43,Hotchelli,Challenger,527,92,,272,245
43,summoner-11690394,44,b1waC,Challenger,508,63,,219,165
44,summoner-577995,45,Uther,Challenger,507,54,,102,71
45,summoner-303763,46,MAKE OUT HILLXXX,Challenger,492,81,,263,254
46,summoner-301731,47,Mog,Challenger,484,115,,423,416
47,summoner-5910870,48,you will miss me,Challenger,486,67,,238,209
48,summoner-801178,49,Chippys,Challenger,478,64,,187,173
49,summoner-510102,50,obito1,Challenger,474,72,,244,219
50,summoner-472833,51,siuman,Challenger,474,71,,233,214
51,summoner-316587,52,Praedvth,Challenger,474,87,,175,148
52,summoner-569466,53,msdnb12 23 n1,Challenger,467,100,,350,334
53,summoner-991093,54,Jenkins,Challenger,460,134,,239,217
54,summoner-2572199,55,41095,Challenger,457,88,,136,105
55,summoner-4961001,56,alexxxxxx,Challenger,452,58,,134,108
56,summoner-12240938,57,seo hanbit,Challenger,451,39,,62,33
57,summoner-11360144,58,Monkey Madness,Challenger,446,58,,199,177
58,summoner-291848,59,Feint,Challenger,440,86,,193,174
59,summoner-230726,60,BioPanther,Challenger,439,118,,173,160
60,summoner-507474,61,BeeShoe,Challenger,438,76,,239,207
61,summoner-1332943,62,Panda ouo,Challenger,432,75,,150,130
62,summoner-11001000,63,BITCONNEEEEEEECT,Challenger,431,73,,191,135
63,summoner-5741616,64,Msituay,Challenger,427,53,,165,120
64,summoner-5831171,65,KRdoink,Challenger,415,93,,142,118
65,summoner-12130716,66,no habla ingles,Challenger,415,45,,125,76
66,summoner-8930124,67,LTZevil is back,Challenger,413,65,,98,76
67,summoner-8524790,68,Big Dobes,Challenger,407,72,,243,201
68,summoner-633527,69,Netsky,Challenger,423,80,,272,245
69,summoner-11370125,70,No Talent Player,Challenger,402,49,,132,110
70,summoner-8521226,71,Dream111,Challenger,400,76,,255,215
71,summoner-239897,72,Getback,Challenger,397,128,,334,324
72,summoner-11370134,73,amok,Challenger,396,47,,108,93
73,summoner-724526,74,WÆN,Challenger,385,64,,157,107
74,summoner-3661252,75,Rédemption,Challenger,382,69,,182,161
75,summoner-3131580,76,Utopia,Challenger,375,111,,341,324
76,summoner-9730774,77,w1ndzera234,Challenger,364,56,,142,115
77,summoner-293743,78,Lily,Challenger,362,114,,345,320
78,summoner-564778,79,Omnî,Challenger,359,121,,613,605
79,summoner-11050315,80,GellyCub,Challenger,356,116,,384,364
80,summoner-232632,81,Cheezels,Challenger,351,84,,231,188
81,summoner-8611092,82,ITN Aladoric,Challenger,338,142,,472,462
82,summoner-3560761,83,Small bubble,Challenger,338,72,,110,95
83,summoner-328401,84,Oikawa Tooru,Challenger,326,127,,210,193
84,summoner-11720163,85,Arbitux,Challenger,324,89,,180,153
85,summoner-399995,86,Draqon,Challenger,323,98,,217,215
86,summoner-457370,87,Thiên,Challenger,321,132,,563,538
87,summoner-317688,88,Big Brain Wil,Challenger,321,89,,152,143
88,summoner-2752573,89,retributionˉ,Challenger,319,63,,217,132
89,summoner-604210,90,e g ý m,Challenger,319,74,,184,169
90,summoner-276531,91,Mihuhi,Challenger,317,113,,266,249
91,summoner-1891503,92,TheLilTeaPot,Challenger,313,70,,194,152
92,summoner-11203083,93,RareSticks Clap,Challenger,312,63,,214,155
93,summoner-590799,94,BMR Seb,Challenger,310,90,,194,177
94,summoner-311555,95,Vans,Challenger,308,103,,119,100
95,summoner-6261249,96,remember when,Challenger,301,73,,148,95
96,summoner-297107,97,Edna Krabappoly,Challenger,299,43,,115,93
97,summoner-901128,98,Pengsing,Challenger,295,53,,138,113
98,summoner-508906,99,Plutó,Challenger,293,87,,193,160
99,summoner-1394873,100,MR FAT PIG,Challenger,291,143,,355,333
100,summoner-7891163,101,AC HatsuyukiYumi,Challenger,288,50,,111,88
101,summoner-330947,102,gunkrab,Challenger,278,116,,399,390
102,summoner-490487,103,D1O,Challenger,278,56,,156,101
103,summoner-6130376,104,Gonna slay u,Challenger,273,71,,177,120
104,summoner-381426,105,Skellyy,Challenger,270,75,,243,176
105,summoner-4973029,106,HENRYJWATERNOOSE,Challenger,267,56,,106,94
106,summoner-279834,107,billy bong,Challenger,262,73,,206,175
107,summoner-6821398,108,Prae1us,Challenger,258,65,,72,59
108,summoner-1270780,109,qwerasdf1234zxct,Challenger,255,66,,215,165
109,summoner-478475,110,mister f is back,Challenger,254,74,,266,199
110,summoner-11890144,111,Evanescere,Challenger,253,40,,101,50
111,summoner-644072,112,UDYSOF,Challenger,248,105,,313,307
112,summoner-1592239,113,Pap,Challenger,248,120,,301,278
113,summoner-553889,114,Minkywhale,Challenger,245,104,,371,360
114,summoner-631376,115,AV Jayke,Challenger,244,80,,200,194
115,summoner-1022808,116,LittlePapa,Challenger,244,75,,139,120
116,summoner-11781766,117,Johnber Gazua,Challenger,244,55,,131,82
117,summoner-408703,118,Bambi On Ice,Challenger,244,87,,126,108
118,summoner-445071,119,mattyg33,Challenger,243,132,,460,444
119,summoner-456316,120,NMSL NiQueZaiBB,Challenger,243,43,,102,85
120,summoner-3710963,121,Ailuna,Challenger,241,50,,119,97
121,summoner-563169,122,BMR Rosey,Challenger,239,65,,154,136
122,summoner-8891509,123,playlikefly,Challenger,234,76,,150,122
123,summoner-10890476,124,RèVelUvs,Challenger,232,103,,347,311
124,summoner-577848,125,Countdown Timer,Challenger,230,65,,172,156
125,summoner-11980148,126,404 ILoveBella,Challenger,230,149,,125,109
126,summoner-4962426,127,Plummet,Challenger,228,87,,158,122
127,summoner-11501277,128,EnterKeyRemoved,Challenger,226,70,,293,260
128,summoner-670149,129,LaughingMan,Challenger,226,72,,156,133
129,summoner-623208,130,Alto Angelo,Challenger,225,64,,113,92
130,summoner-11860179,131,RONAN,Challenger,220,62,,242,198
131,summoner-632903,132,PD AN,Challenger,220,66,,242,225
132,summoner-357041,133,Incursio,Challenger,219,123,,407,387
133,summoner-12510151,134,Testing Numbers,Challenger,218,50,,162,137
134,summoner-558311,135,BeachWhale,Challenger,216,116,,350,326
135,summoner-278781,136,Harrí,Challenger,216,155,,73,66
136,summoner-439696,137,Xanquish,Challenger,207,77,,181,161
137,summoner-481868,138,PowerfulUnicorn,Challenger,207,106,,156,134
138,summoner-5031491,139,Dappa kappa,Challenger,207,116,,97,84
139,summoner-463736,140,Farm,Challenger,206,67,,109,91
140,summoner-3665599,141,Dragonair,Challenger,206,58,,99,78
141,summoner-342457,142,Gbay99,Challenger,205,112,,267,250
142,summoner-12080166,143,CommandAttack NA,Challenger,204,66,,223,211
143,summoner-240105,144,Cane Me Daddy,Challenger,192,58,,164,113
144,summoner-713688,145,Emphasis,Challenger,192,75,,125,109
145,summoner-455507,146,emelg,Challenger,191,117,,189,168
146,summoner-2380423,147,Ayum1,Challenger,191,85,,110,79
147,summoner-311290,148,Mian Mian,Challenger,188,49,,109,96
148,summoner-328516,149,Sweety Spaghetti,Challenger,187,95,,321,302
149,summoner-299446,150,Sam,Challenger,187,114,,203,195
150,summoner-235541,151,Kaýn,Challenger,187,99,,99,76
151,summoner-693842,152,Played,Challenger,186,73,,184,176
152,summoner-12080136,153,PADO,Challenger,183,72,,145,59
153,summoner-9660178,154,PurpleLamaGamer,Challenger,179,109,,353,304
154,summoner-5321182,155,WX a759514064,Challenger,179,41,,115,40
155,summoner-1156907,156,1234hitdinosaur,Challenger,178,73,,206,193
156,summoner-345665,157,Sizzle,Challenger,172,67,,190,167
157,summoner-590866,158,WoYou Bu Luanlai,Challenger,171,61,,200,148
158,summoner-8191549,159,Ahsilum,Challenger,169,71,,280,256
159,summoner-4802261,160,Mashadar,Challenger,168,67,,109,89
160,summoner-9101159,161,Just a game,Challenger,163,94,,440,406
161,summoner-587485,162,carb0n,Challenger,159,97,,352,343
162,summoner-6680397,163,Jungle is win,Challenger,159,66,,168,151
163,summoner-464106,164,Magic McDull,Challenger,158,128,,381,372
164,summoner-277786,165,Smeds,Challenger,157,125,,169,153
165,summoner-7890412,166,bojack ANU,Challenger,154,124,,444,411
166,summoner-484631,167,Oshino,Challenger,153,79,,222,184
167,summoner-10061504,168,HTC GuaPi,Challenger,151,121,,446,424
168,summoner-6381137,169,AresSigh,Challenger,147,42,,98,54
169,summoner-437165,170,Azus,Challenger,146,119,,399,382
170,summoner-2982057,171,Madmaximo,Challenger,144,138,,183,148
171,summoner-276134,172,Zíppo,Challenger,143,141,,128,101
172,summoner-448934,173,permanent mute,Challenger,141,91,,166,155
173,summoner-9151665,174,BLACKPINK Róse,Challenger,139,43,,80,57
174,summoner-236616,175,SulNix,Challenger,138,109,,350,338
175,summoner-531379,176,aaeer,Challenger,138,80,,236,224
176,summoner-352592,177,Daegu Venus,Challenger,138,65,,115,95
177,summoner-1830141,178,kaios619,Challenger,137,69,,191,180
178,summoner-1892186,179,LGC Only,Challenger,137,74,,139,134
179,summoner-323313,180,Aware,Challenger,136,60,,80,67
180,summoner-8430194,181,RNG AI,Challenger,136,80,,77,66
181,summoner-624689,182,Kurisutiiiina,Challenger,132,86,,213,203
182,summoner-2731428,183,ITN Fudge,Challenger,130,63,,183,135
183,summoner-6020977,184,DW k1ng,Challenger,130,37,,48,30
184,summoner-222562,185,Morgank Freeman,Challenger,126,108,,164,147
185,summoner-1333527,186,Him and I,Challenger,126,48,,104,87
186,summoner-945177,187,smurfQ283490070,Challenger,123,95,,424,382
187,summoner-11860960,188,trash canister,Challenger,120,70,,281,248
188,summoner-10951949,189,LilPump,Challenger,116,49,,138,103
189,summoner-6391346,190,kaiydo 2,Challenger,115,42,,86,42
190,summoner-744422,191,Farmer,Challenger,114,92,,180,165
191,summoner-237590,192,Tekker,Challenger,108,82,,170,163
192,summoner-231399,193,Zaptar,Challenger,107,125,,336,330
193,summoner-3081213,194,MVP lan,Challenger,106,83,,188,181
194,summoner-12320606,195,Bogoshipuhyo,Challenger,105,36,,46,35
195,summoner-7291918,196,LetTheGayGo,Challenger,104,76,,232,215
196,summoner-236630,197,Nomadic Jungler,Challenger,104,40,,68,47
197,summoner-7281092,198,Cuo,Challenger,102,51,,147,131
198,summoner-1440378,199,LoneIy,Challenger,78,88,,216,192
199,summoner-5381177,200,Mr floppy sock,Challenger,75,109,,465,456
200,summoner-329397,201,G0V,Master,121,151,,477,467
201,summoner-5451344,202,AwsomeSDevil,Master,114,104,,479,440
202,summoner-280161,203,Mayura,Master,100,116,,357,350
203,summoner-477410,204,Klaire,Master,100,55,,146,126
204,summoner-236461,205,Dis,Master,99,105,,316,304
205,summoner-557104,206,sh00zyz,Master,93,94,,98,83
206,summoner-9251514,207,dahaoshiwangzhe,Master,92,52,,140,108
207,summoner-6690216,208,2017 07 07,Master,91,116,,139,126
208,summoner-272065,209,superwog1,Master,88,51,,94,84
209,summoner-3072610,210,Gerissi,Master,83,63,,175,158
210,summoner-1903829,211,no hands btw,Master,80,68,,170,154
211,summoner-8201755,212,Katsurii,Master,73,87,,246,240
212,summoner-293100,213,Jub Jub,Master,71,89,,273,276
213,summoner-3310720,214,Piggie,Master,66,73,,152,153
214,summoner-8930255,215,Yün Chèung,Master,63,142,,302,281
215,summoner-3802072,216,SolStar,Master,62,65,,75,49
216,summoner-356125,217,Newto,Master,61,87,,240,229
217,summoner-233721,218,k1ngOfTheYouth,Master,61,49,,80,74
218,summoner-8050173,219,LGC Claire,Master,60,80,,73,69
219,summoner-221417,220,Chazz It Up,Master,55,61,,116,101
220,summoner-5201174,221,MasterGarenDimon,Master,54,82,,238,217
221,summoner-10570533,222,owowowowowowowow,Master,54,49,,103,51
222,summoner-3110212,223,DW Cupcake,Master,52,65,,93,81
223,summoner-233843,224,Dreamy Donut,Master,51,59,,211,183
224,summoner-470295,225,Navi,Master,51,76,,148,110
225,summoner-747148,226,Anderu,Master,50,103,,153,146
226,summoner-326206,227,Coach Curtis,Master,48,55,,121,103
227,summoner-664497,228,Zhengchao God,Master,48,51,,72,60
228,summoner-277034,229,Jolt,Master,43,105,,319,301
229,summoner-11056599,230,mid halo,Master,41,73,,272,239
230,summoner-481977,231,Tilterella,Master,41,74,,115,107
231,summoner-8371066,232,H4MMY,Master,40,99,,202,171
232,summoner-7621555,233,Katsuri,Master,38,61,,138,124
233,summoner-11161564,234,JaIeeI,Master,36,50,,96,72
234,summoner-438257,235,ßlitzcrank,Master,33,57,,159,128
235,summoner-11230285,236,slkjdf,Master,30,59,,205,173
236,summoner-11212045,237,Dekar The Rengar,Master,30,57,,168,117
237,summoner-7130976,238,Animosityxx,Master,28,129,,141,144
238,summoner-11350140,239,cant remember,Master,25,48,,117,94
239,summoner-1250370,240,Akali or GG,Master,23,77,,253,249
240,summoner-300609,241,BladeWristed,Master,23,60,,152,125
241,summoner-405709,242,w1ndzera,Master,21,62,,121,107
242,summoner-567993,243,Chloe Burbank,Master,21,76,,71,59
243,summoner-443078,244,Pisang,Master,19,74,,296,256
244,summoner-4880235,245,bub,Master,19,54,,73,63
245,summoner-7050167,246,SìNNERS,Master,18,108,,178,167
246,summoner-12330331,247,AV DarkSide,Master,13,36,,42,20
247,summoner-852980,248,team bad me mad,Master,9,55,,155,122
248,summoner-1280673,249,Qoobe,Master,4,73,,166,161
249,summoner-490978,250,Taelen,Master,2,98,,395,367
250,summoner-1750151,251,Tudo,Master,1,94,,238,234
251,summoner-470404,252,BushyBooBoo,Master,0,162,,689,694
252,summoner-463992,253,1m 16 years old,Master,0,84,,387,327
253,summoner-224426,254,Ruinn,Master,0,76,,211,193
254,summoner-220545,255,Frolloc,Master,0,152,,206,172
255,summoner-454494,256,Rêxx,Master,0,104,,143,99
256,summoner-10870678,257,Wìsh,Master,0,44,,90,73
257,summoner-10110125,258,Ding Hao Tian,Master,0,59,,79,43
258,summoner-363411,259,Marvoss,Master,0,37,,62,28
259,summoner-479574,260,Vivid,Master,0,85,,44,30
260,summoner-237869,261,eezyarC toN,Diamond 1,100,136,,477,476
261,summoner-222980,262,Z OMEGALUL E,Diamond 1,100,54,,127,102
262,summoner-690302,263,chf Leo,Diamond 1,100,55,,96,86
263,summoner-813780,264,Ionia,Diamond 1,100,67,,94,60
264,summoner-8562347,265,Micah,Diamond 1,100,42,,92,41
265,summoner-7631957,266,twitchtvPhantiks,Diamond 1,100,39,,70,42
266,summoner-11030157,267,NONO,Diamond 1,100,53,,70,26
267,summoner-1321671,268,Giganaut,Diamond 1,100,74,,47,32
268,summoner-509185,269,Noob,Diamond 1,99,62,,167,141
269,summoner-407599,270,Shogun Altair,Diamond 1,96,80,,107,92
270,summoner-434116,271,nooba,Diamond 1,96,50,,37,20
271,summoner-303883,272,c u soon,Diamond 1,95,88,,236,220
272,summoner-1395519,273,BMR Looch,Diamond 1,93,88,,261,241
273,summoner-5943766,274,Hkbesttroll,Diamond 1,92,82,,187,181
274,summoner-8620524,275,Baeatrice,Diamond 1,92,61,,133,119
275,summoner-8183067,276,Have Fun,Diamond 1,90,68,,141,126
276,summoner-11350131,277,Senuc DIN,Diamond 1,90,39,,58,28
277,summoner-482979,278,bombboy,Diamond 1,90,47,,36,26
278,summoner-9370914,279,pocketgirl,Diamond 1,90,53,,34,15
279,summoner-233863,280,Reminder,Diamond 1,89,98,,270,263
280,summoner-6410962,281,IlIlIlIlIlIlIll,Diamond 1,88,46,,68,56
281,summoner-5380334,282,YasuoHawkNz,Diamond 1,87,71,,108,96
282,summoner-9330908,283,gucci flip fl0ps,Diamond 1,85,119,,397,393
283,summoner-307081,284,BlueHawkNz,Diamond 1,85,49,,51,41
284,summoner-460937,285,Deztend,Diamond 1,84,103,,256,231
285,summoner-234403,286,THE SMORC BEAR,Diamond 1,84,64,,128,110
286,summoner-11260152,287,Phosphophylite,Diamond 1,84,48,,102,86
287,summoner-343682,288,Peasy,Diamond 1,80,121,,252,243
288,summoner-820889,289,4444441,Diamond 1,80,49,,133,46
289,summoner-299452,290,Mikazuki,Diamond 1,78,71,,104,92
290,summoner-336476,291,Tommy 2000,Diamond 1,77,61,,77,68
291,summoner-314888,292,JellyCub,Diamond 1,76,75,,267,267
292,summoner-3171338,293,weixin2285407603,Diamond 1,76,60,,171,163
293,summoner-479438,294,Falkner,Diamond 1,76,97,,128,123
294,summoner-820884,295,Mur1m,Diamond 1,75,97,,345,330
295,summoner-741594,296,Kickback69,Diamond 1,75,68,,287,227
296,summoner-775147,297,shui bu gou TuT,Diamond 1,75,112,,265,224
297,summoner-5171370,298,Hi I am Vince,Diamond 1,75,89,,213,196
298,summoner-1343871,299,POSSYM,Diamond 1,75,74,,210,182
299,summoner-492773,300,stop torture me,Diamond 1,75,66,,192,155
300,summoner-2600474,301,gg ff,Diamond 1,75,60,,183,149
301,summoner-9920508,302,M4A11111,Diamond 1,75,85,,178,145
302,summoner-10451585,303,20 Mins in Q,Diamond 1,75,64,,164,160
303,summoner-510010,304,Kimchiii,Diamond 1,75,78,,161,136
304,summoner-5943935,305,Azure,Diamond 1,75,108,,158,136
305,summoner-232475,306,Boss McNuggets,Diamond 1,75,75,,143,121
306,summoner-11370128,307,Tijé,Diamond 1,75,49,,138,111
307,summoner-626793,308,feifeiAAAAAA,Diamond 1,75,67,,133,96
308,summoner-3162807,309,7425,Diamond 1,75,99,,130,111
309,summoner-5310901,310,kaios19231230221,Diamond 1,75,97,,129,109
310,summoner-455477,311,Hold You Tight,Diamond 1,75,59,,118,94
311,summoner-9050195,312,SKT,Diamond 1,75,76,,118,108
312,summoner-594237,313,Soulstrikes,Diamond 1,75,72,,117,111
313,summoner-1891528,314,Rank 1 MID,Diamond 1,75,45,,117,65
314,summoner-8430364,315,Yaelay,Diamond 1,75,47,,116,104
315,summoner-11941453,316,ecotoxic 4,Diamond 1,75,45,,112,85
316,summoner-4491948,317,DW SHERN1FIRE,Diamond 1,75,48,,111,71
317,summoner-12220760,318,Richard Soup,Diamond 1,75,43,,103,76
318,summoner-583483,319,Beaunivia,Diamond 1,75,74,,100,95
319,summoner-2351692,320,loveforever,Diamond 1,75,47,,99,60
320,summoner-8610762,321,clairo,Diamond 1,75,50,,89,72
321,summoner-3680308,322,Bma,Diamond 1,75,58,,88,82
322,summoner-636251,323,Swiffer,Diamond 1,75,57,,84,62
323,summoner-11131946,324,Once upon a time,Diamond 1,75,40,,83,56
324,summoner-9350340,325,Caithe,Diamond 1,75,49,,77,66
325,summoner-2171317,326,k1ng Cupcake,Diamond 1,75,40,,71,30
326,summoner-2572995,327,Cupcake k1ng,Diamond 1,75,42,,68,33
327,summoner-900249,328,Tôi Là Thiên,Diamond 1,75,43,,63,45
328,summoner-501165,329,i looove aram,Diamond 1,75,65,,55,44
329,summoner-1374113,330,Rukira,Diamond 1,75,113,,53,42
330,summoner-357181,331,Destinyy,Diamond 1,75,44,,43,35
331,summoner-333625,332,Margaret Mahy,Diamond 1,74,127,,119,98
332,summoner-439337,333,GU Faker,Diamond 1,73,66,,148,139
333,summoner-7390819,334,ryujinokewokurae,Diamond 1,73,52,,114,101
334,summoner-332728,335,mdvxwys,Diamond 1,73,55,,107,83
335,summoner-10550824,336,Armless Autism,Diamond 1,72,61,,183,138
336,summoner-940870,337,poopi,Diamond 1,72,48,,43,23
337,summoner-3490137,338,brekfast,Diamond 1,69,95,,336,334
338,summoner-3553855,339,Shiloh,Diamond 1,69,134,,274,267
339,summoner-553896,340,Evilhag,Diamond 1,69,68,,44,39
340,summoner-283916,341,ecotoxic,Diamond 1,68,84,,300,304
341,summoner-8440977,342,Kohta,Diamond 1,68,64,,119,108
342,summoner-448008,343,The Lee Sin,Diamond 1,68,66,,80,51
343,summoner-274320,344,Boosted Janna,Diamond 1,68,102,,75,71
344,summoner-296998,345,CaitlynUltedJFK,Diamond 1,67,107,,214,208
345,summoner-443126,346,Bahrewer,Diamond 1,67,114,,86,71
346,summoner-276609,347,ìcøn,Diamond 1,67,74,,76,75
347,summoner-584830,348,GZ HaiT,Diamond 1,64,62,,161,127
348,summoner-670511,349,Billythekidzz,Diamond 1,64,84,,132,123
349,summoner-774614,350,Love Mosquito,Diamond 1,64,88,,112,97
350,summoner-443775,351,RAISE UR DONGERZ,Diamond 1,64,42,,48,34
351,summoner-501188,352,Jr Burgerz,Diamond 1,63,63,,185,151
352,summoner-11250976,353,KR DOPA,Diamond 1,63,54,,111,71
353,summoner-9970922,354,Redemptionˉ,Diamond 1,63,47,,60,57
354,summoner-434399,355,Whimstaff,Diamond 1,62,49,,64,59
355,summoner-9840127,356,dailianjiahaoyou,Diamond 1,61,59,,219,200
356,summoner-406482,357,BADDiE,Diamond 1,61,70,,120,106
357,summoner-234079,358,Top Lane Virgin,Diamond 1,59,47,,94,87
358,summoner-326444,359,Huey Dewey Louie,Diamond 1,57,144,,481,465
359,summoner-11060162,360,M1d hu,Diamond 1,57,74,,154,140
360,summoner-436171,361,im LHao,Diamond 1,53,90,,274,243
361,summoner-447401,362,Juhuakiller,Diamond 1,53,90,,238,228
362,summoner-288782,363,lil splash,Diamond 1,53,81,,213,209
363,summoner-2431627,364,Blacksey,Diamond 1,53,106,,111,89
364,summoner-11065193,365,Prey Seeker,Diamond 1,53,48,,40,25
365,summoner-9030151,366,baxixiaoniu,Diamond 1,52,95,,419,406
366,summoner-238330,367,Koods,Diamond 1,50,122,,472,466
367,summoner-225340,368,Catch Me On Fire,Diamond 1,50,104,,435,428
368,summoner-10970417,369,Felinnothair,Diamond 1,50,87,,399,362
369,summoner-891628,370,Karsa,Diamond 1,50,79,,231,226
370,summoner-6420316,371,4uu,Diamond 1,50,165,,215,167
371,summoner-511802,372,Callurjglertrash,Diamond 1,50,60,,215,187
372,summoner-794192,373,Skyscorcher,Diamond 1,50,95,,184,168
373,summoner-277464,374,Kpooop,Diamond 1,50,73,,165,158
374,summoner-454805,375,RNG      MR E N,Diamond 1,50,55,,158,104
375,summoner-491243,376,DeathSphere22,Diamond 1,50,70,,156,144
376,summoner-3020293,377,WeWantPeace,Diamond 1,50,74,,118,77
377,summoner-2523280,378,P 18 15 16 8,Diamond 1,50,45,,106,79
378,summoner-335113,379,lilaznrat,Diamond 1,50,68,,69,56
379,summoner-723286,380,Kiitty,Diamond 1,49,68,,87,87
380,summoner-221510,381,JuvesMuntedNose,Diamond 1,48,44,,75,64
381,summoner-11252383,382,Lolista,Diamond 1,47,56,,166,112
382,summoner-582861,383,ShuHaiBuRongYi,Diamond 1,47,51,,71,60
383,summoner-890994,384,RBE BoBo,Diamond 1,46,70,,133,104
384,summoner-288335,385,Nirphana,Diamond 1,46,89,,82,69
385,summoner-402487,386,Baahrewer,Diamond 1,46,51,,74,53
386,summoner-227475,387,Mikes,Diamond 1,45,107,,188,165
387,summoner-1771810,388,Phos,Diamond 1,45,57,,101,65
388,summoner-2712951,389,EL Legendary,Diamond 1,43,52,,88,56
389,summoner-3680392,390,YukiistMe,Diamond 1,42,60,,120,88
390,summoner-632520,391,ACTL2131,Diamond 1,41,63,,160,157
391,summoner-1530424,392,SCENAR1O,Diamond 1,41,56,,152,147
392,summoner-11130130,393,LydiaeK,Diamond 1,41,98,,130,109
393,summoner-8720302,394,Black phoen1x,Diamond 1,41,47,,114,87
394,summoner-624642,395,123456978,Diamond 1,41,47,,82,78
395,summoner-1200380,396,Jaiya,Diamond 1,41,67,,69,43
396,summoner-7350836,397,DaDazhy,Diamond 1,40,73,,187,130
397,summoner-774275,398,Savannah,Diamond 1,40,85,,172,164
398,summoner-11971346,399,cønfusednimbIe,Diamond 1,39,47,,131,92
399,summoner-630464,400,Xcuse Mee,Diamond 1,38,84,,150,150
400,summoner-3560420,401,Kaaitsune,Diamond 1,35,77,,240,193
401,summoner-323773,402,Kedu715,Diamond 1,35,95,,205,204
402,summoner-330848,403,4y5tvb8,Diamond 1,35,62,,173,157
403,summoner-443860,404,zuowodemiao,Diamond 1,35,61,,120,106
404,summoner-890992,405,Khuong Pham,Diamond 1,35,85,,43,38
405,summoner-456283,406,j0hns0nBurger,Diamond 1,34,57,,43,35
406,summoner-354808,407,Warrior Turtle,Diamond 1,33,81,,175,140
407,summoner-339515,408,Sheng Sheng,Diamond 1,33,53,,160,100
408,summoner-302224,409,Midås,Diamond 1,33,67,,44,33
409,summoner-402609,410,The Silent Voice,Diamond 1,32,78,,218,216
410,summoner-236253,411,Hey You,Diamond 1,32,69,,181,149
411,summoner-771385,412,Back To November,Diamond 1,32,76,,151,126
412,summoner-934569,413,ShiftZ,Diamond 1,32,49,,113,54
413,summoner-2573886,414,Cyan Willow,Diamond 1,32,137,,68,65
414,summoner-1850129,415,aXeL0uS,Diamond 1,31,99,,301,280
415,summoner-824118,416,DaPiPi,Diamond 1,31,63,,70,69
416,summoner-703699,417,inx,Diamond 1,31,61,,61,53
417,summoner-901980,418,Dragku,Diamond 1,30,78,,251,240
418,summoner-312239,419,Philosophy,Diamond 1,30,110,,164,164
419,summoner-702613,420,Howard,Diamond 1,30,61,,128,111
420,summoner-229440,421,Enter Dreamland,Diamond 1,30,84,,107,101
421,summoner-4953082,422,Cute Ragdoll,Diamond 1,29,139,,244,222
422,summoner-370235,423,ziye,Diamond 1,29,59,,152,96
423,summoner-290213,424,Small Fish,Diamond 1,29,108,,133,107
424,summoner-454342,425,volkzz,Diamond 1,29,70,,121,112
425,summoner-235577,426,Reptox,Diamond 1,28,58,,121,112
426,summoner-314859,427,Biofrost,Diamond 1,26,129,,190,180
427,summoner-326064,428,Slayer,Diamond 1,25,83,,273,238
428,summoner-283402,429,Akeno,Diamond 1,25,97,,144,122
429,summoner-11350126,430,8th place top,Diamond 1,25,49,,130,109
430,summoner-11061200,431,ecotoxic 3,Diamond 1,25,73,,120,90
431,summoner-324274,432,Kensen,Diamond 1,25,61,,108,85
432,summoner-10191722,433,ecotoxic 2,Diamond 1,25,45,,107,81
433,summoner-314795,434,Grog Dog1,Diamond 1,25,44,,95,71
434,summoner-9800260,435,Irenaceus,Diamond 1,25,38,,70,34
435,summoner-285621,436,Framer,Diamond 1,23,79,,164,160
436,summoner-341477,437,WildPig,Diamond 1,23,94,,101,91
437,summoner-1260354,438,LaJiWangZheCNXM,Diamond 1,22,146,,542,543
438,summoner-364454,439,Rage At LoL,Diamond 1,22,122,,207,173
439,summoner-11370138,440,Mrs Krabappel,Diamond 1,21,60,,184,184
440,summoner-484507,441,Cheph,Diamond 1,20,107,,365,368
441,summoner-354323,442,Merkatroid,Diamond 1,19,64,,71,54
442,summoner-555008,443,6AM 0two1,Diamond 1,19,58,,42,36
443,summoner-481142,444,April Ryan,Diamond 1,18,62,,226,186
444,summoner-6362083,445,d0t4nat0r,Diamond 1,18,160,,175,163
445,summoner-4221919,446,TriHard 7,Diamond 1,17,55,,149,96
446,summoner-503773,447,NADA1001,Diamond 1,17,53,,102,93
447,summoner-9611699,448,good kid,Diamond 1,16,67,,177,177
448,summoner-7491130,449,zZJay,Diamond 1,16,90,,127,122
449,summoner-431504,450,ianno,Diamond 1,14,91,,133,127
450,summoner-11840153,451,Japanerella,Diamond 1,13,50,,166,138
451,summoner-8081649,452,First Time Swain,Diamond 1,13,62,,155,112
452,summoner-393328,453,AuSNlPE,Diamond 1,13,56,,116,107
453,summoner-497415,454,boboxD,Diamond 1,12,90,,75,51
454,summoner-332858,455,lokyun,Diamond 1,11,99,,209,200
455,summoner-700593,456,Twistar,Diamond 1,11,40,,53,39
456,summoner-10011928,457,DoochiWa,Diamond 1,10,63,,178,149
457,summoner-304479,458,gkez,Diamond 1,9,59,,154,129
458,summoner-300165,459,HNDRXX,Diamond 1,9,103,,35,27
459,summoner-11224170,460,TwitchTVLronwoif,Diamond 1,7,66,,190,158
460,summoner-470164,461,KennyHai,Diamond 1,7,66,,161,157
461,summoner-11160195,462,Kimchiii 2,Diamond 1,6,59,,151,97
462,summoner-9220132,463,glugluglu,Diamond 1,6,46,,52,41
463,summoner-9611538,464,bunni,Diamond 1,6,37,,30,8
464,summoner-557330,465,JHONG,Diamond 1,5,51,,121,111
465,summoner-304980,466,iChuckRice,Diamond 1,5,79,,90,90
466,summoner-1403425,467,KURT PERRY,Diamond 1,5,55,,83,76
467,summoner-409738,468,Valkia,Diamond 1,3,109,,223,210
468,summoner-970961,469,handyman94,Diamond 1,1,47,,84,70
469,summoner-707970,470,kmy,Diamond 1,1,41,,68,52
470,summoner-365399,471,No Fear,Diamond 1,0,114,,298,294
471,summoner-303120,472,Bite,Diamond 1,0,66,,277,244
472,summoner-4382883,473,Smoko Shed,Diamond 1,0,95,,244,235
473,summoner-498305,474,Todderk,Diamond 1,0,72,,200,185
474,summoner-3444063,475,helloworld369,Diamond 1,0,75,,198,144
475,summoner-233072,476,Daddy Vincent,Diamond 1,0,71,,197,154
476,summoner-590760,477,Han Guk In Ruski,Diamond 1,0,85,,179,151
477,summoner-489065,478,Mpowered,Diamond 1,0,116,,159,136
478,summoner-221999,479,Yatsume,Diamond 1,0,88,,143,139
479,summoner-457463,480,dean,Diamond 1,0,80,,140,125
480,summoner-11430174,481,Forsaken Dream,Diamond 1,0,54,,134,124
481,summoner-277256,482,Thydah,Diamond 1,0,73,,112,114
482,summoner-672019,483,ryalia,Diamond 1,0,45,,96,89
483,summoner-314889,484,zorenous,Diamond 1,0,75,,85,74
484,summoner-630568,485,Crazy Giraffe,Diamond 1,0,51,,80,81
485,summoner-276620,486,Hyperzoz,Diamond 1,0,62,,71,61
486,summoner-323306,487,JJ27CM,Diamond 1,0,52,,65,46
487,summoner-4802235,488,MyPetMonkey,Diamond 1,0,62,,63,61
488,summoner-1872199,489,Arashi,Diamond 1,0,78,,59,49
489,summoner-5502181,490,9420,Diamond 1,0,41,,46,14
490,summoner-11580566,491,sooobinms,Diamond 1,0,40,,45,14
491,summoner-11076305,492,yeolahop,Diamond 1,0,41,,43,18
492,summoner-7940303,493,kai0s,Diamond 1,0,46,,39,26
493,summoner-3930175,494,Eolant,Diamond 2,100,127,,469,436
494,summoner-406918,495,Mai Shiu,Diamond 2,100,117,,325,310
495,summoner-643368,496,Young Stavros,Diamond 2,100,116,,324,317
496,summoner-3481025,497,a friendly noob,Diamond 2,100,73,,150,138
497,summoner-11171162,498,98116,Diamond 2,100,52,,143,91
498,summoner-296114,499,KayHuynh,Diamond 2,100,72,,133,119
499,summoner-397500,500,SKT T1 Uzi,Diamond 2,100,58,,108,62
500,summoner-11840344,501,QaQ08,Diamond 2,100,44,,104,80
501,summoner-1980384,502,Nausicaä,Diamond 2,100,100,,91,88
502,summoner-324564,503,Submissive Trap,Diamond 2,100,78,,90,81
503,summoner-2060238,504,Soy Xixi,Diamond 2,100,48,,80,47
504,summoner-278492,505,LustMonkey,Diamond 2,98,86,,287,276
505,summoner-2330180,506,NewTronix,Diamond 2,96,64,,99,94
506,summoner-404739,507,Abby Ma,Diamond 2,94,116,,281,264
507,summoner-554066,508,kalroc,Diamond 2,94,93,,68,58
508,summoner-11280145,509,AFs Kiin,Diamond 2,93,46,,79,51
509,summoner-399946,510,Debatable Plays,Diamond 2,92,94,,265,224
510,summoner-286698,511,Ability,Diamond 2,92,63,,92,88
511,summoner-577732,512,Bose,Diamond 2,90,99,,292,289
512,summoner-222739,513,Mechanical Kyle,Diamond 2,90,68,,94,86
513,summoner-2181036,514,Fluous,Diamond 2,89,47,,78,72
514,summoner-744879,515,Tinysmish,Diamond 2,86,63,,51,39
515,summoner-495039,516,ARAMers suck,Diamond 2,85,93,,139,125
516,summoner-2481615,517,aznchungy,Diamond 2,84,105,,414,417
517,summoner-1110899,518,Cizza AU,Diamond 2,84,92,,150,130
518,summoner-2132627,519,OwO OuO OvO,Diamond 2,84,65,,107,96
519,summoner-3262016,520,kind jungler,Diamond 2,84,45,,94,85
520,summoner-6220301,521,Mokamoka,Diamond 2,83,69,,241,224
521,summoner-356193,522,BlG Picture,Diamond 2,81,76,,76,74
522,summoner-743224,523,225,Diamond 2,78,132,,279,254
523,summoner-11360133,524,YeahNahYeahMaybe,Diamond 2,78,43,,71,62
524,summoner-3831740,525,Bubberduck,Diamond 2,77,71,,252,237
525,summoner-1167193,526,Šipić,Diamond 2,75,95,,347,335
526,summoner-706325,527,Ecka,Diamond 2,75,100,,180,153
527,summoner-7110774,528,dmz4213,Diamond 2,75,75,,167,157
528,summoner-714382,529,Jerey,Diamond 2,75,69,,164,156
529,summoner-11202748,530,Pathetic Idiot,Diamond 2,75,51,,153,111
530,summoner-436716,531,Jimurenio,Diamond 2,75,96,,148,124
531,summoner-4802282,532,Uchîha Obito,Diamond 2,75,59,,135,110
532,summoner-461490,533,First Mate,Diamond 2,75,74,,132,111
533,summoner-11211553,534,BrunonLnDq,Diamond 2,75,49,,124,85
534,summoner-11350134,535,ITN k1ng,Diamond 2,75,48,,119,88
535,summoner-302863,536,IG The shy ovo,Diamond 2,75,77,,118,108
536,summoner-1061196,537,kayoko,Diamond 2,75,63,,105,84
537,summoner-6630790,538,jyj,Diamond 2,75,58,,102,104
538,summoner-749364,539,monster hunter,Diamond 2,75,51,,88,83
539,summoner-448971,540,Eva,Diamond 2,75,66,,59,69
540,summoner-278179,541,ozo1329,Diamond 2,75,99,,58,48
541,summoner-2920134,542,ThePirateBae,Diamond 2,75,70,,48,39
542,summoner-721676,543,J0hns0n,Diamond 2,75,36,,39,29
543,summoner-4390704,544,duckly,Diamond 2,74,90,,207,198
544,summoner-235604,545,Brush Fun,Diamond 2,74,72,,105,96
545,summoner-227375,546,GreatEngrish,Diamond 2,74,88,,77,66
546,summoner-860500,547,Billythekidzz 2,Diamond 2,74,45,,38,27
547,summoner-9981331,548,NoIIXigbar,Diamond 2,74,53,,36,25
548,summoner-2741810,549,4 H e a d K i d,Diamond 2,70,79,,150,92
549,summoner-620418,550,LaughingManES,Diamond 2,69,73,,182,171
550,summoner-1500529,551,Mumps,Diamond 2,69,79,,110,109
551,summoner-302759,552,Rye,Diamond 2,64,111,,454,441
552,summoner-331036,553,Magic Mike,Diamond 2,63,92,,203,182
553,summoner-1440400,554,unstable ping,Diamond 2,63,54,,76,69
554,summoner-349960,555,NorthFace,Diamond 2,62,120,,155,134
555,summoner-7981097,556,Ame seule,Diamond 2,61,95,,66,61
556,summoner-4462034,557,Uzi Fanboy,Diamond 2,60,69,,185,151
557,summoner-2560269,558,Omni v2,Diamond 2,60,74,,146,145
558,summoner-478373,559,Homeless Leaf,Diamond 2,60,71,,108,98
559,summoner-568646,560,hyejoo,Diamond 2,59,70,,82,62
560,summoner-11780837,561,oce Thanoš,Diamond 2,58,52,,139,106
561,summoner-10881536,562,Lillo,Diamond 2,58,102,,83,62
562,summoner-6251921,563,FreshStartJason,Diamond 2,57,57,,214,177
563,summoner-483296,564,DW Rippii,Diamond 2,57,52,,147,109
564,summoner-8210805,565,Kpop,Diamond 2,57,110,,145,143
565,summoner-233511,566,cruncheycake,Diamond 2,57,111,,79,68
566,summoner-294150,567,Jopan,Diamond 2,56,61,,46,41
567,summoner-221555,568,im tilting,Diamond 2,55,80,,114,116
568,summoner-6231287,569,LLocky,Diamond 2,53,68,,136,101
569,summoner-4461045,570,I Am Rengar,Diamond 2,53,108,,121,110
570,summoner-7761629,571,Fállen,Diamond 2,52,84,,202,208
571,summoner-280418,572,Coopos,Diamond 2,52,108,,139,125
572,summoner-973756,573,tgunAU,Diamond 2,52,53,,125,123
573,summoner-701278,574,Çalcifer,Diamond 2,48,80,,161,122
574,summoner-7361244,575,Watch Anime pls,Diamond 2,47,37,,43,33
575,summoner-8150153,576,EGOIST Dough,Diamond 2,45,112,,423,359
576,summoner-397704,577,risktaker,Diamond 2,44,76,,195,194
577,summoner-1440227,578,Squidgy Boy,Diamond 2,44,77,,110,110
578,summoner-306624,579,Donggy,Diamond 2,44,56,,45,29
579,summoner-1811697,580,Ragdol1,Diamond 2,43,68,,175,161
580,summoner-774086,581,Garlic Sauce,Diamond 2,43,48,,120,91
581,summoner-903644,582,nooseboy,Diamond 2,43,106,,35,17
582,summoner-231170,583,Lex Luthor,Diamond 2,41,95,,181,177
583,summoner-11121416,584,Cheph 2,Diamond 2,40,44,,111,70
584,summoner-1721171,585,Kewlie,Diamond 2,40,63,,86,65
585,summoner-440787,586,Silk,Diamond 2,39,60,,157,141
586,summoner-11340135,587,Bjork not Bjerg,Diamond 2,39,44,,106,72
587,summoner-581032,588,Káne,Diamond 2,38,133,,198,206
588,summoner-639823,589,Quinonos,Diamond 2,38,83,,113,112
589,summoner-3680635,590,Shirø,Diamond 2,38,143,,69,66
590,summoner-8971470,591,trans girl,Diamond 2,36,103,,263,269
591,summoner-10781225,592,Orphelia,Diamond 2,36,69,,188,150
592,summoner-284240,593,iBanished,Diamond 2,36,116,,182,160
593,summoner-449100,594,Fervour,Diamond 2,36,108,,91,92
594,summoner-364702,595,Pulsefire Teemo,Diamond 2,36,71,,55,37
595,summoner-483618,596,SuperSkitzzo,Diamond 2,35,159,,705,705
596,summoner-371174,597,Bardo,Diamond 2,35,95,,216,210
597,summoner-4130305,598,Mörty,Diamond 2,34,102,,262,259
598,summoner-4530610,599,liansuck,Diamond 2,34,76,,127,123
599,summoner-4480984,600,dzy,Diamond 2,33,71,,267,274
600,summoner-4301382,601,Dr Halo,Diamond 2,33,81,,77,52
601,summoner-11065408,602,DaGui,Diamond 2,31,119,,403,352
602,summoner-6672121,603,Archie,Diamond 2,31,105,,204,202
603,summoner-302859,604,Fndrr22dxd,Diamond 2,31,65,,163,159
604,summoner-5141556,605,LOA Fuki,Diamond 2,31,53,,136,125
605,summoner-8690146,606,Cères,Diamond 2,31,73,,83,89
606,summoner-8810339,607,PurpleLama,Diamond 2,30,49,,104,80
607,summoner-7460332,608,ThroneV,Diamond 2,29,110,,400,349
608,summoner-566367,609,Stop Trolling Me,Diamond 2,29,130,,312,293
609,summoner-392492,610,GZ Hyper,Diamond 2,29,75,,125,120
610,summoner-7000424,611,rice1,Diamond 2,29,43,,65,54
611,summoner-11750154,612,Bdo1nk,Diamond 2,29,37,,62,30
612,summoner-3980651,613,Morpice121,Diamond 2,29,121,,60,43
613,summoner-451342,614,Clovus,Diamond 2,26,83,,125,128
614,summoner-3710427,615,NinjaLegend1,Diamond 2,25,61,,148,136
615,summoner-841698,616,ecotoxic 1,Diamond 2,25,54,,132,117
616,summoner-9690912,617,Destromath,Diamond 2,25,46,,81,78
617,summoner-7860178,618,tbman,Diamond 2,25,46,,77,72
618,summoner-275308,619,Impaired,Diamond 2,25,75,,67,49
619,summoner-399563,620,Kevskin,Diamond 2,25,83,,33,23
620,summoner-233822,621,Mcbobba,Diamond 2,23,159,,239,216
621,summoner-589351,622,Ronni,Diamond 2,23,50,,108,99
622,summoner-11390379,623,SøfM,Diamond 2,23,43,,100,68
623,summoner-406857,624,it gets better,Diamond 2,21,53,,172,111
624,summoner-325800,625,MeepBalls,Diamond 2,21,72,,52,47
625,summoner-7821699,626,sad girl,Diamond 2,20,117,,190,157
626,summoner-5945344,627,Buck Shots,Diamond 2,20,42,,43,35
627,summoner-11252354,628,IsaacwF,Diamond 2,19,78,,345,307
628,summoner-1574708,629,Donzac101,Diamond 2,19,52,,65,51
629,summoner-581491,630,Riggered,Diamond 2,18,85,,176,147
630,summoner-3052095,631,Defenestrate,Diamond 2,18,73,,123,120
631,summoner-3642620,632,Damage Bot,Diamond 2,18,49,,120,110
632,summoner-447687,633,Grisha,Diamond 2,17,86,,258,248
633,summoner-11085230,634,ililiiiillliil,Diamond 2,17,81,,188,191
634,summoner-566468,635,Kpoop,Diamond 2,16,81,,224,194
635,summoner-742576,636,Zagnoids,Diamond 2,16,83,,175,142
636,summoner-280651,637,KingJamesMike,Diamond 2,16,67,,139,137
637,summoner-431019,638,Cavs in 2018 lUl,Diamond 2,16,77,,102,99
638,summoner-291753,639,Moon,Diamond 2,16,113,,65,66
639,summoner-11080766,640,eris,Diamond 2,15,60,,129,101
640,summoner-226673,641,Air,Diamond 2,15,117,,101,98
641,summoner-1471865,642,Bear,Diamond 2,15,71,,83,80
642,summoner-320598,643,PowPowPanda,Diamond 2,14,59,,63,69
643,summoner-1883783,644,God Of LP,Diamond 2,13,109,,346,349
644,summoner-2550310,645,Yuuk1 Asuna,Diamond 2,12,84,,204,191
645,summoner-479671,646,Bozos,Diamond 2,11,67,,120,120
646,summoner-5894360,647,DJChonz,Diamond 2,10,83,,364,337
647,summoner-670210,648,1osing,Diamond 2,9,99,,150,109
648,summoner-300358,649,Dissociation,Diamond 2,8,65,,173,164
649,summoner-953810,650,Kayn and Abel,Diamond 2,7,58,,78,72
650,summoner-638946,651,Qiunibieshelimia,Diamond 2,6,77,,147,138
651,summoner-2990640,652,Syouran,Diamond 2,4,71,,141,140
652,summoner-369867,653,Doom of bot,Diamond 2,4,48,,120,116
653,summoner-3163035,654,Ritogaming,Diamond 2,4,57,,107,106
654,summoner-522209,655,Stressful,Diamond 2,3,130,,134,120
655,summoner-281754,656,Diamond 5,Diamond 2,2,102,,252,250
656,summoner-6841129,657,PumaS,Diamond 2,2,63,,174,170
657,summoner-10141151,658,M1dbeast,Diamond 2,2,61,,120,128
658,summoner-355403,659,LOLlolololwwwffw,Diamond 2,2,51,,102,95
659,summoner-4061072,660,why live,Diamond 2,1,64,,109,110
660,summoner-587995,661,Urie,Diamond 2,1,102,,65,54
661,summoner-1720492,662,whynotbefriends,Diamond 2,0,108,,259,232
662,summoner-1501524,663,Homeless,Diamond 2,0,77,,250,210
663,summoner-228708,664,Aragaki Yuii,Diamond 2,0,87,,223,198
664,summoner-634788,665,Kevin S Le,Diamond 2,0,118,,206,201
665,summoner-600149,666,Vísionary,Diamond 2,0,86,,198,198
666,summoner-285605,667,Hindered Raven,Diamond 2,0,95,,179,162
667,summoner-710702,668,jihero,Diamond 2,0,60,,168,159
668,summoner-554055,669,Bulzy,Diamond 2,0,49,,146,132
669,summoner-369823,670,Boa Hancöck,Diamond 2,0,152,,132,100
670,summoner-301652,671,Koua,Diamond 2,0,80,,130,129
671,summoner-11045070,672,iWordsworth,Diamond 2,0,71,,129,114
672,summoner-460303,673,Alani,Diamond 2,0,133,,121,118
673,summoner-480048,674,Wreck It Rhune,Diamond 2,0,94,,116,122
674,summoner-6010140,675,CN Moon,Diamond 2,0,98,,112,93
675,summoner-1171135,676,MyNameIsAction I,Diamond 2,0,58,,105,90
676,summoner-2593688,677,Xion XIV,Diamond 2,0,62,,104,103
677,summoner-565066,678,MeShelly,Diamond 2,0,85,,95,77
678,summoner-351975,679,Shadow of Time,Diamond 2,0,84,,92,79
679,summoner-8390585,680,SM motherfkn D,Diamond 2,0,57,,90,106
680,summoner-12061866,681,1234hitdinosuar,Diamond 2,0,40,,78,50
681,summoner-316325,682,Canberra Santa,Diamond 2,0,48,,70,58
682,summoner-10360133,683,Lose for Improve,Diamond 2,0,45,,65,51
683,summoner-11930493,684,22 06 2004,Diamond 2,0,39,,62,40
684,summoner-398138,685,PMA Kirby,Diamond 2,0,89,,60,61
685,summoner-475949,686,Happy Lion,Diamond 2,0,100,,56,49
686,summoner-8752009,687,4lways,Diamond 2,0,81,,50,19
687,summoner-220270,688,lmperium,Diamond 2,0,52,,41,28
688,summoner-511987,689,Kaø,Diamond 2,0,116,,35,22
689,summoner-9420230,690,Fourth rate AD,Diamond 3,100,88,,295,281
690,summoner-578126,691,Anubis,Diamond 3,100,93,,207,182
691,summoner-278675,692,Jiae,Diamond 3,100,82,,156,125
692,summoner-5904252,693,RIP swain,Diamond 3,100,62,,141,113
693,summoner-632043,694,GuyMadeOfFire,Diamond 3,100,39,,47,34
694,summoner-1394171,695,GoogleMaps,Diamond 3,98,101,,204,197
695,summoner-298603,696,Zachary zzz,Diamond 3,98,57,,83,67
696,summoner-1092892,697,NoxusMight,Diamond 3,96,86,,29,11
697,summoner-11941661,698,642962,Diamond 3,94,59,,231,189
698,summoner-7851650,699,DaSticksOnTwitch,Diamond 3,93,72,,124,118
699,summoner-6451124,700,K             98,Diamond 3,88,81,,244,210
700,summoner-563960,701,Stone,Diamond 3,87,106,,182,179
701,summoner-10071546,702,blanchesophh,Diamond 3,85,71,,42,39
702,summoner-6141799,703,ShØut,Diamond 3,83,68,,218,187
703,summoner-272664,704,hajun,Diamond 3,83,77,,118,88
704,summoner-283096,705,Hani is bae,Diamond 3,83,90,,115,107
705,summoner-290499,706,PizzaRita,Diamond 3,83,81,,96,75
706,summoner-3322092,707,02 02 1998,Diamond 3,82,82,,229,195
707,summoner-10140185,708,LC Focus,Diamond 3,81,92,,201,197
708,summoner-630037,709,Enticement,Diamond 3,81,95,,83,66
709,summoner-6101678,710,M416666,Diamond 3,77,58,,93,84
710,summoner-561444,711,AHumanBean,Diamond 3,76,59,,139,127
711,summoner-479364,712,01 10 1998,Diamond 3,75,98,,526,507
712,summoner-4791512,713,DW WhiteLotus,Diamond 3,75,149,,517,530
713,summoner-8071238,714,FZASY,Diamond 3,75,124,,324,309
714,summoner-280030,715,Derpsmagee,Diamond 3,75,119,,280,289
715,summoner-10550212,716,Tilt King,Diamond 3,75,87,,208,189
716,summoner-332723,717,Crucix,Diamond 3,75,76,,169,155
717,summoner-3480668,718,Megalomaniac,Diamond 3,75,79,,151,128
718,summoner-11142189,719,Lil Kush,Diamond 3,75,87,,143,135
719,summoner-3663235,720,El Jannah Garlic,Diamond 3,75,62,,142,137
720,summoner-7820502,721,yo whats good,Diamond 3,75,49,,128,93
721,summoner-3871268,722,kimuchiyo,Diamond 3,75,64,,103,62
722,summoner-5781549,723,callmere,Diamond 3,75,46,,102,64
723,summoner-6840379,724,Bdoink,Diamond 3,75,55,,94,80
724,summoner-466794,725,L8S,Diamond 3,75,56,,89,75
725,summoner-530695,726,kkmok,Diamond 3,75,61,,76,68
726,summoner-1332520,727,3uphonium,Diamond 3,75,63,,71,58
727,summoner-432479,728,hi im rain,Diamond 3,75,37,,47,29
728,summoner-449742,729,NIGHTS,Diamond 3,74,83,,170,169
729,summoner-491427,730,Shizukesa,Diamond 3,73,92,,238,232
730,summoner-270385,731,Jab Right Hook,Diamond 3,72,83,,142,76
731,summoner-2592134,732,Kali Uchis,Diamond 3,72,80,,110,110
732,summoner-694658,733,handsome indian,Diamond 3,72,61,,84,75
733,summoner-1201161,734,bigbadnigs,Diamond 3,71,57,,132,121
734,summoner-314483,735,potato9,Diamond 3,71,67,,108,101
735,summoner-11222878,736,Kerrioneadys,Diamond 3,71,42,,80,53
736,summoner-6820866,737,KHSOL,Diamond 3,70,79,,176,179
737,summoner-2281882,738,didsum1saytacos,Diamond 3,70,49,,30,19
738,summoner-4440747,739,Brother Hai,Diamond 3,68,77,,126,131
739,summoner-320443,740,RaidBoss Ovenhat,Diamond 3,68,85,,101,79
740,summoner-6660713,741,Skull07,Diamond 3,67,95,,197,176
741,summoner-291689,742,kantos17,Diamond 3,67,106,,114,98
742,summoner-285635,743,MaiI,Diamond 3,67,120,,110,79
743,summoner-3882367,744,Amitle,Diamond 3,67,66,,59,59
744,summoner-5041374,745,hi im floki,Diamond 3,66,92,,234,213
745,summoner-281075,746,SMD Yasindu,Diamond 3,66,117,,174,156
746,summoner-621278,747,Skrrrr,Diamond 3,66,72,,152,144
747,summoner-360988,748,Noon Gang,Diamond 3,64,69,,120,108
748,summoner-639778,749,JohnnyBoyy,Diamond 3,63,71,,112,87
749,summoner-284887,750,Emperor Ears,Diamond 3,63,84,,87,78
750,summoner-290358,751,Waffle Jr,Diamond 3,62,116,,119,111
751,summoner-4292193,752,Elliot Helm,Diamond 3,62,40,,56,46
752,summoner-4430246,753,TriXtEx,Diamond 3,61,78,,311,298
753,summoner-332240,754,Semirhage,Diamond 3,61,63,,143,120
754,summoner-479941,755,xXAbusiveNanaXx,Diamond 3,61,56,,80,65
755,summoner-2952222,756,Holy Street,Diamond 3,60,81,,145,141
756,summoner-6790124,757,eternity lullaby,Diamond 3,60,63,,137,120
757,summoner-296408,758,GodKingLordGaren,Diamond 3,59,110,,157,139
758,summoner-469676,759,Trooper7,Diamond 3,59,42,,104,66
759,summoner-12020515,760,rekkles122122111,Diamond 3,59,40,,78,56
760,summoner-10891227,761,Barbiturate Bob,Diamond 3,58,100,,317,277
761,summoner-351374,762,L1 Yuxuan,Diamond 3,58,118,,311,304
762,summoner-812715,763,Mr Cute HR,Diamond 3,58,52,,154,124
763,summoner-221335,764,Godco,Diamond 3,58,73,,125,88
764,summoner-229564,765,Xiphos,Diamond 3,58,60,,49,37
765,summoner-9720874,766,bani,Diamond 3,57,94,,340,340
766,summoner-361306,767,Facade,Diamond 3,57,108,,318,319
767,summoner-326039,768,0ldm8legit,Diamond 3,57,40,,61,43
768,summoner-9420387,769,Harm,Diamond 3,56,73,,140,112
769,summoner-3071107,770,Scuftz,Diamond 3,56,99,,125,112
770,summoner-9741444,771,Miracle,Diamond 3,56,45,,98,72
771,summoner-11500284,772,NewbeePlayer,Diamond 3,55,46,,107,67
772,summoner-7200702,773,Valor use fly,Diamond 3,55,42,,58,32
773,summoner-234955,774,Zyran,Diamond 3,55,125,,35,31
774,summoner-585398,775,Jimbo Mon,Diamond 3,54,76,,270,252
775,summoner-322373,776,NoIXemnas,Diamond 3,54,68,,51,40
776,summoner-10241637,777,Palme n Goéland,Diamond 3,53,73,,315,271
777,summoner-573069,778,minhcam123456789,Diamond 3,35,79,,111,99
778,summoner-8611591,779,Nightbringer,Diamond 3,53,36,,35,24
779,summoner-9210188,780,ZAG Able,Diamond 3,52,91,,180,176
780,summoner-9050223,781,20I7 07 07,Diamond 3,52,56,,88,81
781,summoner-11171178,782,Ordolfur,Diamond 3,52,46,,60,41
782,summoner-11442161,783,o noo,Diamond 3,52,38,,47,16
783,summoner-5760578,784,LCD DK,Diamond 3,51,104,,253,223
784,summoner-368336,785,qop,Diamond 3,51,48,,82,60
785,summoner-459047,786,FÖCÜS,Diamond 3,50,89,,277,263
786,summoner-471649,787,Ara,Diamond 3,50,62,,212,190
787,summoner-10441803,788,api,Diamond 3,49,49,,37,33
788,summoner-333672,789,Johannes,Diamond 3,48,91,,126,121
789,summoner-296712,790,Nosreme,Diamond 3,48,45,,74,40
790,summoner-397315,791,Fu Tou de baba,Diamond 3,46,84,,185,177
791,summoner-1820884,792,0519,Diamond 3,46,66,,185,171
792,summoner-452854,793,BoyWithFutou,Diamond 3,46,70,,161,149
793,summoner-8110225,794,KKona,Diamond 3,46,50,,93,88
794,summoner-551283,795,SF 1 and 13,Diamond 3,44,82,,333,327
795,summoner-453513,796,Ronnald,Diamond 3,44,94,,208,191
796,summoner-320586,797,boy x,Diamond 3,42,84,,187,184
797,summoner-345886,798,JigglyButt,Diamond 3,42,62,,82,63
798,summoner-630149,799,Pulleft,Diamond 3,41,141,,587,599
799,summoner-2742230,800,Cressy,Diamond 3,41,91,,330,311
800,summoner-497679,801,Bill,Diamond 3,41,89,,245,226
801,summoner-285324,802,Yuqi is bae,Diamond 3,41,89,,75,72
802,summoner-11340322,803,Just Believe Zll,Diamond 3,40,93,,185,163
803,summoner-600361,804,MT Void,Diamond 3,39,55,,108,102
804,summoner-234227,805,Homunculus,Diamond 3,39,75,,108,86
805,summoner-290786,806,Patruck,Diamond 3,39,97,,57,36
806,summoner-466163,807,ARAM Warrior,Diamond 3,38,82,,206,193
807,summoner-603634,808,L1l Pump Boi,Diamond 3,38,141,,188,181
808,summoner-12000177,809,Jib4,Diamond 3,38,71,,177,141
809,summoner-8610951,810,Ch4zz,Diamond 3,38,41,,62,28
810,summoner-225037,811,Afince,Diamond 3,38,89,,28,13
811,summoner-823469,812,Merzy,Diamond 3,37,52,,119,83
812,summoner-238860,813,frog arms,Diamond 3,37,123,,39,41
813,summoner-8770178,814,Kelvinotoe,Diamond 3,36,95,,147,146
814,summoner-7150141,815,Varaxo,Diamond 3,36,84,,95,107
815,summoner-5551046,816,LGC minkywhale,Diamond 3,35,68,,260,235
816,summoner-746241,817,Marriage,Diamond 3,35,151,,235,211
817,summoner-5900441,818,768 Tizzy T,Diamond 3,35,58,,100,95
818,summoner-369278,819,Pia Pia Piu c,Diamond 3,35,57,,96,57
819,summoner-726540,820,Blue Cat,Diamond 3,33,69,,47,48
820,summoner-6231646,821,xXRayXx,Diamond 3,32,80,,148,101
821,summoner-12050439,822,aries zero,Diamond 3,32,36,,48,23
822,summoner-714034,823,Ton Chan,Diamond 3,31,122,,291,275
823,summoner-305787,824,Marshmallows,Diamond 3,31,74,,32,21
824,summoner-8462161,825,LongShorts,Diamond 3,30,101,,133,117
825,summoner-337521,826,Remise,Diamond 3,29,164,,620,611
826,summoner-5281670,827,Zhiend,Diamond 3,28,67,,181,177
827,summoner-742684,828,FOOLS,Diamond 3,28,76,,122,116
828,summoner-449928,829,Synli,Diamond 3,27,105,,361,365
829,summoner-280394,830,Say Yes,Diamond 3,27,96,,331,321
830,summoner-791847,831,Lıam,Diamond 3,27,57,,75,64
831,summoner-10071222,832,Rlng,Diamond 3,26,79,,229,194
832,summoner-872383,833,Lived,Diamond 3,26,92,,186,181
833,summoner-288237,834,Öhm,Diamond 3,25,71,,231,219
834,summoner-5895606,835,LoMejorDeLoMejor,Diamond 3,25,63,,97,87
835,summoner-773359,836,Rooftop Dreams,Diamond 3,25,78,,88,65
836,summoner-304475,837,Daddy Daegyu,Diamond 3,25,69,,86,82
837,summoner-9240178,838,floppyfish278,Diamond 3,25,42,,85,22
838,summoner-278122,839,Risky,Diamond 3,25,76,,74,65
839,summoner-405015,840,Vaporeon,Diamond 3,25,41,,58,44
840,summoner-9001697,841,op dot gg review,Diamond 3,25,42,,53,47
841,summoner-369623,842,Chingster Ming,Diamond 3,24,98,,49,33
842,summoner-235806,843,Dom,Diamond 3,24,56,,24,15
843,summoner-229272,844,AHYSI,Diamond 3,23,127,,346,347
844,summoner-503122,845,Volibear Bot2,Diamond 3,23,60,,198,160
845,summoner-8010504,846,handsome zhe,Diamond 3,23,54,,164,137
846,summoner-11970347,847,1 Love,Diamond 3,23,43,,91,60
847,summoner-3012162,848,Eels,Diamond 3,23,121,,41,31
848,summoner-1772162,849,Diamond Ero,Diamond 3,22,59,,205,171
849,summoner-3053143,850,Imperceivable,Diamond 3,22,51,,156,118
850,summoner-235171,851,Reimú,Diamond 3,22,108,,37,24
851,summoner-284670,852,Kebun,Diamond 3,21,124,,385,353
852,summoner-509425,853,Yuzuke,Diamond 3,21,91,,115,90
853,summoner-466220,854,Rex602,Diamond 3,20,121,,258,241
854,summoner-6570534,855,Dale Denten,Diamond 3,20,82,,192,183
855,summoner-635952,856,Tengar,Diamond 3,20,97,,180,186
856,summoner-445658,857,Zeo,Diamond 3,20,104,,167,159
857,summoner-2262034,858,Main Top,Diamond 3,20,79,,138,117
858,summoner-399347,859,Plagué,Diamond 3,20,55,,128,125
859,summoner-11990152,860,asGood as YaoBai,Diamond 3,20,55,,119,61
860,summoner-226325,861,Charmander AU,Diamond 3,20,43,,104,73
861,summoner-287335,862,chookn,Diamond 3,19,45,,114,68
862,summoner-443508,863,Boobs,Diamond 3,19,80,,108,100
863,summoner-7680165,864,ORD Lelouch,Diamond 3,19,66,,106,66
864,summoner-404807,865,Liv,Diamond 3,19,46,,78,66
865,summoner-10280340,866,Leafeon,Diamond 3,19,41,,70,39
866,summoner-11080832,867,chaøs,Diamond 3,19,48,,42,30
867,summoner-747386,868,QiENimrod,Diamond 3,18,126,,389,371
868,summoner-430397,869,ElllaxX,Diamond 3,18,88,,341,351
869,summoner-1350309,870,TheMightyFruit,Diamond 3,18,90,,298,265
870,summoner-223998,871,Woodsie,Diamond 3,18,85,,231,223
871,summoner-733562,872,Qúeef,Diamond 3,18,96,,144,123
872,summoner-6150835,873,Brontosaurus,Diamond 3,18,96,,101,84
873,summoner-5902458,874,Larxene XII,Diamond 3,18,39,,69,37
874,summoner-4861103,875,1998 12 19,Diamond 3,17,84,,322,285
875,summoner-467389,876,Princess Belle,Diamond 3,17,75,,188,189
876,summoner-275445,877,LAPD 911,Diamond 3,17,58,,90,79
877,summoner-11160289,878,th0mas,Diamond 3,17,48,,80,52
878,summoner-322389,879,Mystiiez,Diamond 3,16,80,,172,146
879,summoner-352703,880,Khysoar,Diamond 3,16,57,,144,128
880,summoner-442911,881,Payton,Diamond 3,16,93,,74,77
881,summoner-722764,882,FunkZillah,Diamond 3,15,94,,60,45
882,summoner-1760235,883,Jaycehandsome,Diamond 3,14,77,,203,211
883,summoner-1811821,884,JBreezy,Diamond 3,14,67,,203,193
884,summoner-571560,885,Paths of Pain,Diamond 3,14,98,,118,116
885,summoner-463325,886,MeMoMoMa,Diamond 3,14,48,,97,88
886,summoner-232022,887,Scroll,Diamond 3,14,61,,94,59
887,summoner-11480427,888,Garverz,Diamond 3,13,72,,219,180
888,summoner-8970295,889,give me anxiety,Diamond 3,13,71,,201,211
889,summoner-10161398,890,with1drawn,Diamond 3,13,43,,58,31
890,summoner-628060,891,K1LD3Rn3S5,Diamond 3,12,97,,146,141
891,summoner-7200938,892,Hear,Diamond 3,12,48,,126,110
892,summoner-9120188,893,ShowMaker,Diamond 3,12,51,,55,52
893,summoner-569939,894,skyhao123,Diamond 3,11,63,,143,120
894,summoner-327877,895,never get role,Diamond 3,10,55,,99,93
895,summoner-284257,896,Profit Leonard,Diamond 3,10,41,,65,59
896,summoner-636352,897,Åkanø,Diamond 3,10,43,,48,46
897,summoner-395355,898,Fabulous,Diamond 3,10,48,,48,35
898,summoner-900278,899,CurdledSilk,Diamond 3,9,89,,269,238
899,summoner-305147,900,Lightningsz,Diamond 3,9,54,,109,75
900,summoner-749975,901,RidicuIous,Diamond 3,9,35,,56,15
901,summoner-584744,902,Low APM Btw,Diamond 3,9,45,,28,17
902,summoner-2960362,903,Carypto,Diamond 3,8,106,,172,154
903,summoner-563813,904,Reina Kousaka,Diamond 3,8,41,,47,34
904,summoner-1163135,905,SpinLord,Diamond 3,7,69,,104,95
905,summoner-701380,906,Feshua owo,Diamond 3,7,56,,65,69
906,summoner-451889,907,ri Nin leiQVQ,Diamond 3,7,38,,57,48
907,summoner-402522,908,Kenste,Diamond 3,7,46,,50,35
908,summoner-220192,909,WE DEM BOYZZ,Diamond 3,6,75,,108,89
909,summoner-1810791,910,Holly Mia,Diamond 3,6,90,,85,69
910,summoner-773372,911,Mryibaba,Diamond 3,4,101,,208,180
911,summoner-380314,912,Blurred,Diamond 3,4,61,,207,166
912,summoner-706024,913,ˉ w ˉ,Diamond 3,4,51,,111,93
913,summoner-1340624,914,Elude,Diamond 3,4,81,,72,66
914,summoner-3140948,915,Necromancer,Diamond 3,3,72,,224,209
915,summoner-2910960,916,Jyza IV,Diamond 3,3,52,,136,101
916,summoner-228360,917,Dr Elementfluffy,Diamond 3,3,101,,91,75
917,summoner-5621748,918,CheeZeLord,Diamond 3,3,99,,89,68
918,summoner-4100151,919,Apologetic Noob,Diamond 3,3,54,,60,47
919,summoner-488654,920,BEEM0,Diamond 3,2,122,,105,106
920,summoner-7820275,921,KoBe 07,Diamond 3,1,89,,327,241
921,summoner-680188,922,IG Rook1e,Diamond 3,1,78,,285,253
922,summoner-8790826,923,imCodxx,Diamond 3,1,75,,264,223
923,summoner-3621562,924,mfis,Diamond 3,1,93,,122,123
924,summoner-276529,925,Didnt ask,Diamond 3,1,123,,89,91
925,summoner-11121305,926,ForsakenDreamz,Diamond 3,1,46,,64,51
926,summoner-1100599,927,godofapples,Diamond 3,0,90,,329,293
927,summoner-941171,928,Nomoreganks,Diamond 3,0,86,,312,293
928,summoner-960978,929,RedIce,Diamond 3,0,81,,304,306
929,summoner-1101353,930,Uncle Wesker,Diamond 3,0,135,,286,254
930,summoner-324187,931,vveigang,Diamond 3,0,69,,259,256
931,summoner-11241106,932,mLbQHenry,Diamond 3,0,70,,237,201
932,summoner-700393,933,Paco8,Diamond 3,0,70,,232,187
933,summoner-302914,934,Legends ND,Diamond 3,0,86,,229,180
934,summoner-1292193,935,fire kylin,Diamond 3,0,80,,213,182
935,summoner-11871110,936,s1ckle,Diamond 3,0,72,,196,156
936,summoner-305116,937,LDV,Diamond 3,0,113,,193,155
937,summoner-7330143,938,Gakki or Satomi,Diamond 3,0,71,,192,177
938,summoner-660755,939,iJwang,Diamond 3,0,107,,191,192
939,summoner-11820124,940,Hide From Egirl,Diamond 3,0,55,,181,132
940,summoner-522668,941,iiDontCare,Diamond 3,0,50,,167,115
941,summoner-503392,942,GoGoJuice98,Diamond 3,0,56,,167,139
942,summoner-11075233,943,held me down,Diamond 3,0,68,,164,167
943,summoner-3311812,944,Overlord1,Diamond 3,0,112,,163,125
944,summoner-1710466,945,Too Tru Fam,Diamond 3,0,79,,157,140
945,summoner-8661945,946,10CSPM,Diamond 3,0,50,,157,120
946,summoner-11820139,947,T eamo 33,Diamond 3,0,97,,154,118
947,summoner-11430289,948,Joe Miller,Diamond 3,0,90,,152,132
948,summoner-621191,949,AoiTora,Diamond 3,0,64,,151,113
949,summoner-10260750,950,hypebeastakito,Diamond 3,0,94,,148,114
950,summoner-315654,951,ragepoo,Diamond 3,0,64,,142,123
951,summoner-507532,952,Phoed,Diamond 3,0,130,,140,128
952,summoner-312659,953,NightMare324,Diamond 3,0,69,,138,139
953,summoner-292904,954,Pecha Berry,Diamond 3,0,90,,136,126
954,summoner-230856,955,Reznor,Diamond 3,0,74,,133,122
955,summoner-11220678,956,KingGodYasuo,Diamond 3,0,48,,129,93
956,summoner-8212923,957,wRayZxMan,Diamond 3,0,86,,127,118
957,summoner-354152,958,Kate Bruhnn,Diamond 3,0,52,,124,82
958,summoner-1680225,959,Exiled,Diamond 3,0,138,,121,120
959,summoner-11140408,960,Fuggines,Diamond 3,0,47,,118,90
960,summoner-590641,961,I Dont Wanna Win,Diamond 3,0,53,,118,111
961,summoner-2160127,962,Pica boo,Diamond 3,0,128,,117,90
962,summoner-870924,963,Ćonqseºrør,Diamond 3,0,54,,112,112
963,summoner-439711,964,Ace in the Hole,Diamond 3,0,98,,111,111
964,summoner-710649,965,Cote de boeuf,Diamond 3,0,53,,100,101
965,summoner-331592,966,Lehm The BM,Diamond 3,0,65,,100,72
966,summoner-6420294,967,MoonlitKaiser,Diamond 3,0,47,,92,68
967,summoner-223116,968,XternalRageX,Diamond 3,0,81,,89,86
968,summoner-438508,969,Maximoo,Diamond 3,0,112,,85,83
969,summoner-239171,970,Hunt,Diamond 3,0,107,,80,58
970,summoner-1363078,971,Sheldor73,Diamond 3,0,71,,78,76
971,summoner-479495,972,DeathByLlama,Diamond 3,0,88,,75,68
972,summoner-281946,973,The Gom,Diamond 3,0,54,,68,40
973,summoner-4530378,974,Smlz 0v0,Diamond 3,0,96,,65,48
974,summoner-1880974,975,Byrone,Diamond 3,0,102,,64,59
975,summoner-580828,976,My Jg Is Retard,Diamond 3,0,86,,64,48
976,summoner-3520141,977,15x scope Kar98k,Diamond 3,0,91,,61,46
977,summoner-3592244,978,Qonnect,Diamond 3,0,67,,60,57
978,summoner-10171740,979,Suexa,Diamond 3,0,43,,60,28
979,summoner-8870219,980,GZ Cadence,Diamond 3,0,101,,59,45
980,summoner-8610583,981,ShaIItear,Diamond 3,0,44,,59,61
981,summoner-441412,982,QASWEFRGTHJMFDF,Diamond 3,0,105,,53,38
982,summoner-300644,983,김정은,Diamond 3,0,92,,51,49
983,summoner-397305,984,Amen1001,Diamond 3,0,45,,50,41
984,summoner-6931874,985,HoIo,Diamond 3,0,44,,49,42
985,summoner-1380274,986,Ohgee,Diamond 3,0,57,,49,16
986,summoner-325988,987,The Expanse,Diamond 3,0,43,,42,37
987,summoner-451639,988,Miracle Jgg,Diamond 3,0,127,,38,23
988,summoner-362276,989,Gokutopia,Diamond 4,100,142,,304,290
989,summoner-292160,990,Mystical Crayon,Diamond 4,100,107,,240,220
990,summoner-1170492,991,Myko,Diamond 4,100,109,,235,220
991,summoner-6030152,992,Peppa Pig,Diamond 4,100,91,,207,203
992,summoner-484258,993,Destiny98,Diamond 4,100,82,,101,83
993,summoner-360093,994,Brent Rambo,Diamond 4,100,55,,89,75
994,summoner-5920510,995,Ch4chi,Diamond 4,100,106,,86,69
995,summoner-8930296,996,P1kaqiu,Diamond 4,100,44,,85,61
996,summoner-275164,997,Hentai Lord,Diamond 4,100,58,,76,67
997,summoner-579944,998,OKtiger,Diamond 4,100,44,,72,78
998,summoner-380500,999,Vpn Boi,Diamond 4,100,91,,72,50
999,summoner-315902,1000,selphish,Diamond 4,100,83,,66,62
