#timestamp 1529917227237
#date 2018-06-25T09:00:27+00:00
#players 1000
#index,id,rank,name,tier,lp,level,proTeam,win,loss
0,summoner-91909115,1,tarzaned2,Challenger,1304,73,,351,245
1,summoner-96059078,2,sorry my bad xd,Challenger,1300,43,,123,54
2,summoner-24220969,3,thtr,Challenger,1067,91,,356,296
3,summoner-87439213,4,ìnori,Challenger,1055,119,,345,279
4,summoner-91739120,5,Play for KDA,Challenger,1045,59,,207,144
5,summoner-75900909,6,GGEA Neøø,Challenger,1026,141,,306,241
6,summoner-22275443,7,TCLB ZzeR,Challenger,941,65,,275,185
7,summoner-34925733,8,CG Solo,Challenger,934,83,,307,245
8,summoner-22670229,9,Shout,Challenger,927,89,,295,236
9,summoner-19839806,10,blaberfish2,Challenger,921,109,,401,321
10,summoner-35097344,11,duoking1,Challenger,901,70,,241,176
11,summoner-83339123,12,Humble Diligent,Challenger,888,83,,342,287
12,summoner-65389099,13,Liquid Impact,Challenger,895,72,,242,179
13,summoner-68469257,14,Azures,Challenger,857,116,,443,391
14,summoner-68401488,15,5tunt,Challenger,865,81,,242,187
15,summoner-21193669,16,Hakuho,Challenger,861,88,,255,199
16,summoner-87330006,17,Yusuiˉ,Challenger,841,69,,186,123
17,summoner-71229345,18,divided jungle,Challenger,832,67,,241,189
18,summoner-96629156,19,FOX Damonte,Challenger,808,43,,117,79
19,summoner-24326160,20,Sweaty ASol,Challenger,820,74,,257,204
20,summoner-38375098,21,Jurassiq,Challenger,806,81,,303,254
21,summoner-95429143,22,ESKEET1T,Challenger,799,44,,112,77
22,summoner-21276764,23,Vulcan1,Challenger,774,114,,385,331
23,summoner-95119178,24,WPI 3970,Challenger,772,45,,134,84
24,summoner-94060086,25,TwTv LoLHarambe,Challenger,767,73,,370,294
25,summoner-23368264,26,Tracy Mcgràdy,Challenger,761,51,,131,75
26,summoner-20389591,27,Inorï,Challenger,757,69,,327,256
27,summoner-38809624,28,Sophist Sage,Challenger,742,121,,560,511
28,summoner-92959312,29,IlIlIllllIIIIIII,Challenger,740,50,,143,109
29,summoner-91419120,30,TSM Zven,Challenger,753,106,,480,400
30,summoner-21371454,31,ScrubNoob,Challenger,727,116,,401,341
31,summoner-21542029,32,Grig1,Challenger,732,99,,328,286
32,summoner-19967304,33,Shiphtur,Challenger,711,151,,916,880
33,summoner-19587365,34,Tony Top,Challenger,695,107,,461,421
34,summoner-48193601,35,Spica1,Challenger,688,80,,215,163
35,summoner-50759139,36,qldurtms,Challenger,701,62,,192,147
36,summoner-37481045,37,insanityxxx,Challenger,684,161,,539,489
37,summoner-32299406,38,IIIIIlIIIlllllI,Challenger,679,108,,392,337
38,summoner-27251616,39,ULookSoCharming,Challenger,678,108,,308,265
39,summoner-30046300,40,TCLB plan ahea,Challenger,670,122,,339,296
40,summoner-21490433,41,goldenglue,Challenger,666,98,,318,278
41,summoner-83089575,42,Ssumdayday,Challenger,645,68,,231,183
42,summoner-21367804,43,Cris,Challenger,657,59,,194,144
43,summoner-22830349,44,RF Legendary,Challenger,653,76,,290,236
44,summoner-65409096,45,crow5,Challenger,648,74,,263,208
45,summoner-23715786,46,KitKatxz,Challenger,646,61,,192,153
46,summoner-27470522,47,Arcsecond,Challenger,645,119,,450,390
47,summoner-20156599,48,Carmen Campagne,Challenger,643,75,,156,110
48,summoner-22403576,49,Pants are Dragon,Challenger,642,111,,365,316
49,summoner-47401142,50,Soulmario,Challenger,640,183,,363,329
50,summoner-22141445,51,SandPaperX,Challenger,639,90,,263,222
51,summoner-77211676,52,Revenge,Challenger,639,79,,242,193
52,summoner-86912471,53,Nugeek,Challenger,634,67,,252,212
53,summoner-22946266,54,GaoGao,Challenger,624,74,,136,92
54,summoner-19757901,55,Ðân,Challenger,617,99,,302,241
55,summoner-68479082,56,a new beginning,Challenger,615,107,,346,307
56,summoner-21806931,57,Xeno,Challenger,615,60,,126,89
57,summoner-25401864,58,Credenda,Challenger,613,53,,180,94
58,summoner-25108893,59,CaptainShrimps,Challenger,612,98,,549,500
59,summoner-37343071,60,avi is me,Challenger,604,68,,186,143
60,summoner-47165206,61,HIGH APM LOW BMI,Challenger,601,90,,321,285
61,summoner-26045266,62,TàIon,Challenger,600,84,,227,167
62,summoner-91451619,63,etrianodysey,Challenger,599,83,,303,252
63,summoner-91615420,64,Evølve,Challenger,596,96,,431,359
64,summoner-19770082,65,Criś,Challenger,590,142,,461,424
65,summoner-93731255,66,dsazfxgchn,Challenger,587,50,,148,89
66,summoner-19623941,67,Rendyu,Challenger,584,116,,347,297
67,summoner-35409134,68,Srkenji,Challenger,578,116,,444,393
68,summoner-2648,69,Pobelter,Challenger,576,92,,257,227
69,summoner-85889107,70,FeelsGO0DMan,Challenger,574,72,,256,219
70,summoner-32683839,71,Sean Twitch God,Challenger,572,94,,438,394
71,summoner-20962399,72,Teesum,Challenger,572,89,,387,354
72,summoner-40540196,73,Fanatiik,Challenger,572,79,,228,195
73,summoner-22654107,74,yhw,Challenger,571,127,,318,280
74,summoner-89299096,75,IlIlIllllIII,Challenger,564,46,,158,74
75,summoner-35361116,76,Q16KpquGsIc,Challenger,562,63,,100,56
76,summoner-75099245,77,LHHS,Challenger,558,54,,154,115
77,summoner-26851284,78,PainlessM,Challenger,557,98,,285,245
78,summoner-21910088,79,Zot,Challenger,554,129,,420,377
79,summoner-21124626,80,tkfkddlanjfRk,Challenger,554,131,,263,222
80,summoner-25125682,81,Niles,Challenger,547,89,,260,216
81,summoner-47943093,82,3in1warrior,Challenger,546,69,,166,130
82,summoner-36111109,83,Julien,Challenger,544,101,,404,359
83,summoner-30255016,84,TheeBrandini,Challenger,525,73,,249,212
84,summoner-22438041,85,snap,Challenger,541,100,,303,260
85,summoner-76603307,86,ChiralX,Challenger,537,62,,155,111
86,summoner-64290527,87,CONTRACTZZZZZZZZ,Challenger,535,68,,272,210
87,summoner-24069119,88,Hate,Challenger,532,124,,315,270
88,summoner-30366254,89,Acoldblazeolive,Challenger,530,72,,264,228
89,summoner-19920510,90,Sudzzi,Challenger,529,84,,323,284
90,summoner-19787999,91,SCREENSLAV3R,Challenger,529,70,,179,143
91,summoner-21937711,92,HaruRushAmbition,Challenger,528,109,,507,444
92,summoner-38880034,93,Soligo,Challenger,523,60,,166,127
93,summoner-73543081,94,SKT T1 Crown,Challenger,523,93,,146,92
94,summoner-19698094,95,FallenBandit,Challenger,514,94,,332,301
95,summoner-30397116,96,Lemur,Challenger,512,102,,117,78
96,summoner-96659148,97,jngler52,Challenger,512,38,,67,37
97,summoner-83339118,98,sks Tmfprl,Challenger,508,62,,183,143
98,summoner-35592112,99,stuntopolis,Challenger,508,50,,127,100
99,summoner-41786897,100,Kurumx,Challenger,507,79,,275,228
100,summoner-91429132,101,TSM Mithypote,Challenger,505,81,,267,240
101,summoner-83552233,102,duoqueen1,Challenger,503,69,,201,171
102,summoner-28663867,103,Erry,Challenger,503,70,,195,161
103,summoner-71715,104,MeNoHaxor,Challenger,502,89,,263,226
104,summoner-21193032,105,dog2,Challenger,500,122,,409,379
105,summoner-64834040,106,DufTlalgkqtlek,Challenger,499,54,,152,110
106,summoner-41233933,107,MistyStumpey,Challenger,495,97,,217,180
107,summoner-74731419,108,cupcakes29,Challenger,493,63,,236,196
108,summoner-54059235,109,fwii Talon,Challenger,493,45,,104,59
109,summoner-21202019,110,5fire,Challenger,492,89,,196,159
110,summoner-77520973,111,TCLB Zephyr,Challenger,491,95,,223,173
111,summoner-20823651,112,C9 Smoothie,Challenger,489,96,,246,210
112,summoner-21103810,113,BendyAndy,Challenger,488,92,,359,322
113,summoner-170340,114,Cody Sun,Challenger,485,126,,452,429
114,summoner-295500,115,5mi,Challenger,484,108,,267,223
115,summoner-31563939,116,butterfły,Challenger,483,57,,126,67
116,summoner-41849159,117,GGEA Rodov,Challenger,479,92,,239,196
117,summoner-71860010,118,Boris Oppa,Challenger,475,81,,195,111
118,summoner-20793637,119,Phaxen,Challenger,474,137,,176,141
119,summoner-92949382,120,CG Solo 2,Challenger,472,46,,124,87
120,summoner-60469878,121,Macotoˉ,Challenger,461,98,,471,419
121,summoner-24671130,122,Allorim,Challenger,458,111,,404,375
122,summoner-23476283,123,EricZYang,Challenger,457,184,,613,576
123,summoner-33239179,124,ZeyzaI,Challenger,455,59,,129,65
124,summoner-47607839,125,Gong Yoo x,Challenger,450,72,,312,249
125,summoner-83629091,126,NA Swifte,Challenger,448,71,,176,142
126,summoner-30212825,127,Spirax,Challenger,447,86,,116,84
127,summoner-21014987,128,lron Pyrite,Challenger,446,67,,144,109
128,summoner-521955,129,WildTurtle,Challenger,444,47,,122,80
129,summoner-65389101,130,gazuaaaaaaaaaaa,Challenger,443,51,,164,124
130,summoner-19665819,131,Duocek,Challenger,438,96,,467,423
131,summoner-44989327,132,mancloud2,Challenger,437,127,,535,508
132,summoner-40835255,133,Bóbbý,Challenger,437,117,,427,391
133,summoner-20130821,134,Wiggily,Challenger,420,92,,290,255
134,summoner-7250,135,Apollo Price,Challenger,435,105,,368,340
135,summoner-26822730,136,BloodKey,Challenger,434,52,,149,76
136,summoner-70132282,137,XueGao,Challenger,432,99,,153,121
137,summoner-29161654,138,mulgokizary,Challenger,432,52,,95,59
138,summoner-28742820,139,Jast,Challenger,431,89,,150,111
139,summoner-84759118,140,Metaphor,Challenger,430,94,,340,295
140,summoner-32871226,141,Alex Blais,Challenger,430,64,,223,172
141,summoner-91507933,142,758ˉ,Challenger,429,68,,223,183
142,summoner-20822144,143,ÐaÞtion,Challenger,428,102,,279,250
143,summoner-89599264,144,D9 Grelly,Challenger,423,116,,485,453
144,summoner-50690164,145,FakeGod,Challenger,420,52,,108,70
145,summoner-401063,146,xFSN Saber,Challenger,419,74,,168,134
146,summoner-70191897,147,adi0s,Challenger,419,52,,108,74
147,summoner-37928970,148,Lesu,Challenger,413,177,,791,754
148,summoner-77252739,149,FUNKYFRAGAS32,Challenger,413,96,,428,388
149,summoner-35092858,150,Challenger Eoba,Challenger,394,57,,179,111
150,summoner-34268448,151,Forgotten Legend,Challenger,412,67,,174,137
151,summoner-35890783,152,Jiu Jiu,Challenger,411,117,,332,287
152,summoner-51680686,153,RobbyBob,Challenger,411,95,,164,131
153,summoner-21172589,154,sadsdasdasf,Challenger,408,88,,329,291
154,summoner-19912360,155,VERSACE JiNPACHi,Challenger,408,104,,297,255
155,summoner-22231499,156,Washed Up,Challenger,407,83,,256,215
156,summoner-78739091,157,IdioticGuy123,Challenger,407,65,,171,131
157,summoner-23907257,158,Janna Mechanics,Challenger,406,84,,256,215
158,summoner-1496,159,Valkrin,Challenger,405,66,,163,126
159,summoner-92319078,160,Nashor Tooth,Challenger,404,68,,241,193
160,summoner-28903785,161,YummiBananas,Challenger,403,135,,585,553
161,summoner-156090,162,Yassuo,Challenger,403,117,,499,467
162,summoner-22638316,163,typty,Challenger,403,88,,178,142
163,summoner-28993829,164,xKace,Challenger,400,89,,223,190
164,summoner-26153361,165,Happy Birfdizzay,Challenger,399,87,,269,234
165,summoner-36099357,166,Fapdo,Challenger,399,67,,158,118
166,summoner-32867184,167,Blitzt,Challenger,398,106,,200,165
167,summoner-46069412,168,foggedftw1,Challenger,397,61,,117,83
168,summoner-39040566,169,GGS Matt,Challenger,396,87,,345,315
169,summoner-93269094,170,Potluck,Challenger,394,72,,138,115
170,summoner-20047271,171,Descraton,Challenger,393,128,,409,376
171,summoner-46052203,172,B Solo Lane B,Challenger,393,94,,367,328
172,summoner-27110862,173,J D,Challenger,392,120,,414,365
173,summoner-24823450,174,Viel Glück,Challenger,392,66,,118,83
174,summoner-55375727,175,Fated Enigma,Challenger,391,130,,496,455
175,summoner-41873475,176,The Eggsalad,Challenger,389,155,,572,539
176,summoner-91729099,177,BOL4,Challenger,387,55,,160,123
177,summoner-19668604,178,Koukesito,Challenger,385,63,,182,137
178,summoner-36259319,179,Vchee,Challenger,384,84,,368,327
179,summoner-22478427,180,Biofrost,Challenger,383,78,,237,200
180,summoner-36772244,181,Fuh Breeze,Challenger,382,102,,302,280
181,summoner-77351819,182,Saskioo,Challenger,382,76,,198,161
182,summoner-50493382,183,sniperboy120,Challenger,380,55,,116,65
183,summoner-24154639,184,yeedam,Challenger,379,72,,124,92
184,summoner-20072604,185,GGEA Abou222,Challenger,376,94,,273,239
185,summoner-22701102,186,EleJiggle,Challenger,375,109,,309,273
186,summoner-92610081,187,Gáme1234,Challenger,375,66,,308,229
187,summoner-51949451,188,AD Nannies Pref,Challenger,373,86,,228,195
188,summoner-47836799,189,Liquid Hard,Challenger,372,69,,203,166
189,summoner-33419995,190,CopyAndPaste,Challenger,372,68,,129,100
190,summoner-22350178,191,Cat VaIentine,Challenger,370,74,,240,199
191,summoner-77720407,192,RaverDad,Challenger,369,104,,556,523
192,summoner-73170218,193,Miguel el toro,Challenger,369,90,,298,270
193,summoner-77251686,194,TRIBORDKINGDOM63,Challenger,366,86,,302,264
194,summoner-80240589,195,Toàn Tran,Challenger,363,48,,96,65
195,summoner-29221767,196,Abou222,Challenger,360,65,,161,116
196,summoner-42133105,197,GGEA Strompest,Challenger,358,69,,188,149
197,summoner-55805197,198,Hyami,Challenger,358,92,,168,136
198,summoner-44317220,199,Sheepp,Challenger,357,66,,261,194
199,summoner-95439104,200,PRODUCTPLACEMENT,Challenger,357,40,,74,53
200,summoner-47706407,201,FreshCreamCherry,Master,356,72,,250,214
201,summoner-19905517,202,ZzLegendary,Master,359,102,,197,158
202,summoner-19577112,203,Bíg T,Master,353,108,,374,342
203,summoner-29773406,204,Tonington,Master,353,67,,173,141
204,summoner-34022147,205,Tuesdayy,Master,351,94,,320,295
205,summoner-56829156,206,Laceration,Master,351,100,,206,169
206,summoner-32252808,207,WayneDwops,Master,350,86,,234,193
207,summoner-20411671,208,Heisendong,Master,349,61,,130,97
208,summoner-31281326,209,MaGeRdAnGeR,Master,346,74,,199,169
209,summoner-91429107,210,CLG Reignover,Master,346,65,,150,125
210,summoner-83939135,211,jensenfanboy97,Master,345,52,,137,81
211,summoner-95439134,212,olruol,Master,345,41,,79,58
212,summoner-42060215,213,0 x omakase x 42,Master,343,102,,327,294
213,summoner-89530903,214,Shorter,Master,343,73,,264,227
214,summoner-31929876,215,Arceesenpie,Master,343,65,,240,201
215,summoner-95090711,216,DeafRef,Master,343,54,,191,141
216,summoner-31507479,217,foggedftw2,Master,341,54,,83,48
217,summoner-43147757,218,Twíns,Master,340,120,,296,195
218,summoner-21830641,219,Seuyan,Master,336,56,,158,108
219,summoner-21498922,220,Linsaníty,Master,334,71,,177,155
220,summoner-29203966,221,Ino1,Master,333,118,,239,202
221,summoner-21652056,222,Vìncent,Master,331,88,,300,267
222,summoner-27816311,223,N4omi,Master,331,69,,156,123
223,summoner-66042977,224,TwTv KatEvolved,Master,329,91,,297,267
224,summoner-45661658,225,Bao Bao,Master,327,101,,238,209
225,summoner-48365522,226,CroatianD,Master,327,108,,176,135
226,summoner-30580841,227,YkyLh,Master,326,98,,98,47
227,summoner-38869932,228,tank jg player,Master,325,92,,209,179
228,summoner-32705024,229,Falcon God,Master,324,63,,185,156
229,summoner-72849285,230,ChumpJohn Again,Master,303,56,,96,63
230,summoner-20826894,231,Sleepyz,Master,322,111,,443,422
231,summoner-44141483,232,RubenxSWRD,Master,322,87,,348,318
232,summoner-20305573,233,shochi,Master,321,113,,389,360
233,summoner-51405,234,C9 Sneaky,Master,320,122,,454,411
234,summoner-23162732,235,Byeong Hoon Lee,Master,317,89,,224,200
235,summoner-82789571,236,flameflameflame,Master,314,69,,240,209
236,summoner-87119170,237,OpTic Arrow,Master,312,86,,340,305
237,summoner-95439156,238,sky island,Master,312,49,,160,140
238,summoner-20687868,239,Gabex,Master,311,89,,282,237
239,summoner-45191640,240,ChadYasuoMain,Master,311,124,,226,192
240,summoner-77661150,241,good nightt,Master,310,58,,178,113
241,summoner-24449785,242,that808gamer,Master,307,92,,234,205
242,summoner-32392626,243,Dhokla,Master,306,97,,347,324
243,summoner-22696988,244,TheOddOrange,Master,306,84,,217,188
244,summoner-88229545,245,Gate,Master,305,110,,240,209
245,summoner-63291,246,Sunset,Master,303,174,,784,744
246,summoner-95739079,247,0nxn,Master,302,35,,56,26
247,summoner-25022297,248,Omot,Master,298,98,,113,77
248,summoner-76609200,249,INF SolidSnake,Master,297,113,,301,274
249,summoner-20918669,250,elise player,Master,297,84,,243,229
250,summoner-19451735,251,homeboi,Master,296,97,,374,349
251,summoner-29524444,252,atkins2,Master,296,98,,243,214
252,summoner-84389222,253,Meta,Master,296,66,,163,139
253,summoner-90782595,254,Judge Doom,Master,295,75,,163,131
254,summoner-19875787,255,Crab Battle,Master,295,56,,126,96
255,summoner-19296564,256,fwii,Master,294,104,,252,230
256,summoner-62374009,257,wlswlgkrprkwmdk,Master,294,53,,196,156
257,summoner-32909693,258,IVIODE,Master,293,88,,386,327
258,summoner-36400685,259,AIIorim,Master,293,105,,360,339
259,summoner-37447382,260,KlvA,Master,293,79,,148,113
260,summoner-62630267,261,KlonkGronkZonk,Master,290,88,,208,180
261,summoner-54986862,262,Àsyc,Master,287,164,,835,813
262,summoner-23350752,263,Zeyzal,Master,287,61,,174,146
263,summoner-66832087,264,sexyminou,Master,265,77,,303,273
264,summoner-44841787,265,MooseHater,Master,284,97,,294,274
265,summoner-56365425,266,Johnaay,Master,284,90,,178,145
266,summoner-61542283,267,huhi,Master,283,86,,243,217
267,summoner-20902946,268,Oppai God,Master,281,72,,181,153
268,summoner-66929247,269,Liquid Joey,Master,277,73,,208,186
269,summoner-77489438,270,A Brand 1 Trick,Master,276,68,,195,166
270,summoner-89909122,271,light b,Master,274,70,,150,116
271,summoner-56797519,272,Kewlipo,Master,271,125,,489,458
272,summoner-20920347,273,H4xDefender,Master,271,83,,298,269
273,summoner-40279866,274,Krmx,Master,269,72,,219,190
274,summoner-73136544,275,Feí,Master,269,82,,201,158
275,summoner-21814281,276,TALON1V9,Master,267,56,,165,99
276,summoner-39877298,277,lae young,Master,267,53,,136,106
277,summoner-20636732,278,Morïarty,Master,282,88,,413,389
278,summoner-36100051,279,DirtyMobs,Master,265,102,,390,356
279,summoner-91634369,280,Origami X,Master,265,56,,197,127
280,summoner-36119978,281,Kazahana,Master,265,104,,176,150
281,summoner-23965783,282,Titan Dweevil,Master,263,111,,454,419
282,summoner-24449515,283,Savast,Master,263,106,,274,245
283,summoner-82950710,284,NA is a coinflip,Master,263,56,,101,71
284,summoner-22789590,285,Nami Fish Hentai,Master,260,121,,195,162
285,summoner-95029399,286,lIIIlllIIllIlIlI,Master,259,42,,91,44
286,summoner-22991489,287,Tangularx,Master,257,100,,428,400
287,summoner-21201241,288,Auberaun,Master,257,79,,192,162
288,summoner-88669121,289,Akaadian,Master,257,56,,78,47
289,summoner-75111441,290,WSL Bae Bae,Master,255,116,,120,77
290,summoner-72903789,291,LimitTester,Master,255,46,,103,70
291,summoner-30045762,292,Kumo9,Master,251,95,,340,303
292,summoner-62240420,293,le fwii,Master,254,49,,94,24
293,summoner-91270727,294,cute loli gf,Master,252,45,,129,75
294,summoner-38111839,295,Candice,Master,250,69,,226,197
295,summoner-70339477,296,Rapidx,Master,248,121,,557,525
296,summoner-44594721,297,Zeroˉ,Master,248,130,,509,475
297,summoner-57039082,298,boI4,Master,248,50,,151,124
298,summoner-78771213,299,Tabulae,Master,247,58,,178,137
299,summoner-23552941,300,deftIy,Master,246,85,,267,222
300,summoner-62605523,301,Resuna,Master,246,50,,146,74
301,summoner-92969097,302,Ruler CoreJJ,Master,246,47,,122,102
302,summoner-24793304,303,Roronoa Zary,Master,244,58,,171,138
303,summoner-40984753,304,GangstahSwerve,Master,244,43,,79,51
304,summoner-25285716,305,Haanii,Master,239,73,,123,92
305,summoner-25232745,306,TwTv ChaseShaco,Master,237,64,,179,154
306,summoner-20877255,307,TCLB Tempest,Master,232,73,,281,204
307,summoner-46531569,308,iKinggVex,Master,231,167,,785,762
308,summoner-579475,309,dawolfsfang,Master,231,54,,160,138
309,summoner-48547745,310,Diamond Police,Master,227,93,,285,259
310,summoner-94519219,311,xXxGodPlayerxXx,Master,226,48,,122,90
311,summoner-51758381,312,TN Vampire,Master,225,106,,212,138
312,summoner-78739135,313,Feox,Master,225,60,,160,119
313,summoner-28943582,314,CP Freeze,Master,224,89,,311,274
314,summoner-89190126,315,Toxic Vietnamese,Master,223,108,,148,111
315,summoner-22417049,316,Cuyo,Master,222,86,,261,239
316,summoner-42018127,317,Eclipseˉ,Master,222,65,,211,167
317,summoner-50638481,318,supercoolisaac,Master,222,134,,153,122
318,summoner-25005620,319,Mcbaze,Master,221,92,,378,345
319,summoner-518475,320,Cat Girl Sakuya,Master,221,60,,163,124
320,summoner-10077,321,scarra,Master,220,111,,547,527
321,summoner-34084652,322,I Dislike Solo Q,Master,220,55,,157,129
322,summoner-91329284,323,Sllfer,Master,220,42,,88,40
323,summoner-46062118,324,I Am Smexy,Master,218,64,,107,67
324,summoner-37094087,325,Ben9813,Master,218,45,,99,60
325,summoner-45451524,326,Løst Boy,Master,217,103,,352,317
326,summoner-19715873,327,Gerardo Ortiz,Master,217,53,,130,95
327,summoner-84509505,328,GGEA eThug,Master,214,77,,154,122
328,summoner-22775683,329,Zero Pressure xD,Master,213,66,,210,165
329,summoner-50928107,330,FEED SPLIT THROW,Master,213,62,,91,49
330,summoner-21003343,331,Wookin,Master,213,68,,83,51
331,summoner-22415968,332,Real Danijrm,Master,212,66,,267,223
332,summoner-31781756,333,Mac,Master,211,81,,208,145
333,summoner-24412033,334,Sexy Yaoi Prince,Master,210,107,,312,281
334,summoner-66241634,335,TwTv Vchee,Master,209,60,,244,149
335,summoner-28781699,336,Shupian,Master,208,99,,173,144
336,summoner-31274923,337,Lovefury,Master,207,110,,296,265
337,summoner-28432690,338,Zud,Master,207,88,,196,160
338,summoner-77589227,339,Šœ  VIP  Šœ,Master,204,78,,140,100
339,summoner-22835956,340,RenektonTopOnly,Master,203,127,,630,586
340,summoner-47005597,341,IWU Fizzi,Master,203,57,,156,95
341,summoner-45678930,342,MattyMooo,Master,202,113,,408,388
342,summoner-35703236,343,PieCakeLord,Master,201,107,,477,455
343,summoner-20123146,344,AND 1 AIDAN,Master,201,95,,310,279
344,summoner-83282990,345,monkarS,Master,220,67,,199,171
345,summoner-88669168,346,Mid braum only,Master,201,41,,90,56
346,summoner-57302617,347,Dragonmin,Master,201,42,,67,22
347,summoner-22447403,348,PrismaI,Master,200,93,,260,234
348,summoner-43225114,349,Necroside,Master,200,94,,166,136
349,summoner-69129243,350,GDX,Master,200,131,,102,58
350,summoner-41335915,351,Sahatsu,Master,198,120,,256,230
351,summoner-20694079,352,Day after day,Master,197,99,,427,409
352,summoner-21794465,353,chowdong,Master,197,70,,198,171
353,summoner-74450973,354,Fiona So Cute,Master,196,94,,161,90
354,summoner-39957695,355,røvex,Master,195,107,,487,473
355,summoner-43079579,356,My melody,Master,195,167,,195,166
356,summoner-31804039,357,oGoDs,Master,195,66,,125,99
357,summoner-52326216,358,papa croc romanm,Master,194,65,,223,192
358,summoner-38709082,359,Soju,Master,191,89,,285,248
359,summoner-27381932,360,chepa candela,Master,190,94,,369,346
360,summoner-24877618,361,Vares,Master,190,122,,353,323
361,summoner-22292020,362,CIyde,Master,189,119,,341,323
362,summoner-38883756,363,luggindy,Master,189,72,,183,148
363,summoner-48321237,364,MouseArt,Master,188,167,,780,761
364,summoner-29194631,365,Alicopter,Master,186,143,,505,484
365,summoner-19906739,366,Virus,Master,185,92,,320,282
366,summoner-70011915,367,moon b,Master,184,87,,270,237
367,summoner-60615460,368,Charming Gay Guy,Master,183,55,,168,97
368,summoner-492066,369,SimplyHai,Master,182,86,,283,260
369,summoner-45186258,370,lc0nic,Master,182,70,,140,110
370,summoner-93579190,371,Pykeman,Master,182,43,,103,81
371,summoner-68459235,372,Yuki S2,Master,180,118,,356,325
372,summoner-23723309,373,Ordinn,Master,180,87,,197,168
373,summoner-31383720,374,Terrified dog,Master,180,55,,167,134
374,summoner-35590582,375,Annie Bot,Master,178,197,,1018,991
375,summoner-95729083,376,Known Dicer,Master,176,41,,85,57
376,summoner-82789170,377,TL Cain,Master,175,68,,269,234
377,summoner-39561509,378,JuIius,Master,174,162,,791,768
378,summoner-50363420,379,duoshark1,Master,174,81,,207,185
379,summoner-20724263,380,Mozart The 2nd,Master,174,49,,115,75
380,summoner-92392897,381,A GR4SS,Master,172,64,,244,184
381,summoner-22073036,382,Breakbot,Master,170,108,,269,235
382,summoner-50493444,383,Coltre,Master,170,165,,101,62
383,summoner-89031504,384,I worry,Master,170,57,,96,62
384,summoner-19470447,385,Minishcap1,Master,169,68,,128,102
385,summoner-32556358,386,Gamer Girl,Master,168,108,,245,226
386,summoner-80979709,387,Pants are JłZZ,Master,167,101,,301,276
387,summoner-76832011,388,XChanX,Master,167,70,,130,95
388,summoner-22058902,389,Flaresz,Master,167,55,,73,54
389,summoner-56614125,390,ibara2,Master,166,93,,339,300
390,summoner-19777052,391,GeneralMint,Master,165,97,,270,247
391,summoner-28682326,392,wispe,Master,164,161,,408,378
392,summoner-22858406,393,KAYLE OTP BABY,Master,164,129,,378,356
393,summoner-29699937,394,Kholin,Master,164,52,,155,124
394,summoner-24153216,395,TwTvJakehoffmann,Master,163,105,,487,429
395,summoner-43873947,396,Boyyyyyyyyyyyyyy,Master,163,90,,110,87
396,summoner-88109144,397,Bardly Missed,Master,162,98,,513,462
397,summoner-50521814,398,VelIeity,Master,162,119,,445,384
398,summoner-40655603,399,Copari,Master,161,85,,204,181
399,summoner-31213574,400,Swkeeee,Master,160,143,,245,207
400,summoner-70173009,401,Maiyatang,Master,159,259,,685,650
401,summoner-21107682,402,Hillside Boys,Master,157,168,,689,647
402,summoner-21978925,403,SlapPorkChop,Master,157,79,,225,203
403,summoner-390600,404,Meteos,Master,157,94,,178,151
404,summoner-69883340,405,iwhenzhou,Master,155,145,,190,163
405,summoner-45126443,406,Jg2,Master,154,80,,361,336
406,summoner-95699530,407,Con sentiment,Master,154,43,,99,41
407,summoner-47212115,408,Tactical,Master,153,93,,248,224
408,summoner-39933019,409,Taco,Master,153,61,,195,168
409,summoner-23624997,410,Evop,Master,153,51,,184,125
410,summoner-20640052,411,XPsionicsx,Master,151,73,,227,202
411,summoner-75281603,412,Catria,Master,151,110,,226,194
412,summoner-82962549,413,10 IQ PLAYER,Master,150,98,,231,196
413,summoner-32178528,414,Weeknd,Master,149,91,,366,344
414,summoner-44946228,415,ˆTwice Sanaˆ,Master,148,95,,146,117
415,summoner-87599515,416,Raverboy,Master,147,111,,256,226
416,summoner-23467785,417,WARMACHINE HYPER,Master,146,214,,703,679
417,summoner-38841069,418,Ikzencriel,Master,146,128,,540,520
418,summoner-91601980,419,llIIllIIlll,Master,145,54,,149,109
419,summoner-21728063,420,tebomb2,Master,145,44,,63,28
420,summoner-70359148,421,Tony Supp,Master,144,75,,216,202
421,summoner-22341069,422,please plan ahea,Master,144,55,,174,136
422,summoner-27809820,423,jbraggs,Master,143,133,,489,466
423,summoner-48318695,424,nxi,Master,143,69,,175,135
424,summoner-30107400,425,BlueHole,Master,141,86,,159,90
425,summoner-21189658,426,jakobjames,Master,141,58,,63,37
426,summoner-24391662,427,was good in s6,Master,140,107,,371,349
427,summoner-51075422,428,Hopefulqt,Master,140,96,,236,206
428,summoner-45164529,429,KANGSEUNGLOKSFAN,Master,138,81,,167,144
429,summoner-32576527,430,Danwel,Master,137,118,,471,447
430,summoner-78059635,431,MACACO,Master,135,91,,236,206
431,summoner-1681,432,TCLB Robin NA,Master,133,100,,455,360
432,summoner-23213125,433,mimi styIe,Master,133,114,,83,59
433,summoner-24598046,434,time time time,Master,131,54,,133,99
434,summoner-19725432,435,riste,Master,130,167,,722,693
435,summoner-20132258,436,Doublelift,Master,130,79,,145,124
436,summoner-35400880,437,AxelsFinalFlame,Master,130,66,,139,115
437,summoner-89382678,438,UBCKNIFE,Master,130,46,,134,83
438,summoner-82759189,439,Mar de Copas,Master,129,94,,303,281
439,summoner-90839081,440,IIllIlIlIlIIIlll,Master,127,73,,225,202
440,summoner-90811612,441,TwTv 6ixgodmemes,Master,127,53,,116,64
441,summoner-37278467,442,Cyrano,Master,126,136,,257,230
442,summoner-28840804,443,Dr Saline PhD,Master,125,95,,410,380
443,summoner-442232,444,aphromoo,Master,107,217,,362,346
444,summoner-30936371,445,Jayms,Master,125,67,,162,149
445,summoner-31687588,446,Freeze,Master,125,60,,99,76
446,summoner-25078968,447,TheOddTurtle,Master,124,96,,297,269
447,summoner-20611031,448,An Obese Panda,Master,124,100,,141,118
448,summoner-20112175,449,Rohammers,Master,123,111,,487,472
449,summoner-38091945,450,Zenden,Master,123,67,,205,176
450,summoner-77003254,451,footnote,Master,123,49,,127,74
451,summoner-92659418,452,beat saber main,Master,123,45,,116,89
452,summoner-28299232,453,Anderz,Master,121,98,,196,166
453,summoner-432695,454,Lethal Zedster,Master,121,48,,129,109
454,summoner-51153743,455,Unreal Player,Master,120,49,,197,86
455,summoner-22639840,456,Bryanmanlet,Master,119,84,,243,209
456,summoner-50453166,457,Boosted bot,Master,118,224,,1257,1231
457,summoner-39003930,458,어쩌면,Master,118,98,,229,201
458,summoner-53801673,459,Dziarmaga,Master,117,71,,242,211
459,summoner-22476330,460,Minah,Master,117,95,,240,226
460,summoner-49013115,461,DeadlyTwitches,Master,117,119,,179,153
461,summoner-77269277,462,it viper,Master,116,100,,284,272
462,summoner-51473426,463,Repobah,Master,97,165,,302,273
463,summoner-91729110,464,CG Febiven,Master,115,81,,252,212
464,summoner-19976104,465,Kkeptt,Master,115,53,,167,103
465,summoner-21955448,466,Zuardian,Master,114,127,,472,447
466,summoner-45038172,467,Sir Celery,Master,114,104,,188,164
467,summoner-49089505,468,Solitified,Master,113,147,,376,324
468,summoner-25276169,469,argv,Master,112,105,,282,251
469,summoner-25367460,470,Mnew,Master,112,82,,214,185
470,summoner-20978232,471,ItsYourChoice,Master,111,109,,394,368
471,summoner-31632622,472,XsYz,Master,111,69,,182,161
472,summoner-23941212,473,toez1,Master,110,64,,183,154
473,summoner-31588136,474,CLG Auto,Master,108,100,,452,422
474,summoner-24801053,475,gLucy,Master,108,94,,135,111
475,summoner-47647040,476,BestInTown,Master,108,46,,104,64
476,summoner-50185236,477,xFSN Sakura,Master,108,51,,102,72
477,summoner-19887289,478,Imaqtpie,Master,107,172,,838,815
478,summoner-83709100,479,KhaliDino,Master,88,135,,566,536
479,summoner-19139093,480,Redmercy,Master,107,68,,182,155
480,summoner-40432671,481,refiningg,Master,107,47,,130,81
481,summoner-23245665,482,Scrandor,Master,106,122,,590,574
482,summoner-30372420,483,Shimatora,Master,106,121,,316,287
483,summoner-20577176,484,ooo la la,Master,106,86,,220,191
484,summoner-37532228,485,byebyee,Master,105,105,,268,234
485,summoner-28329959,486,Zib Nibbler,Master,105,70,,123,95
486,summoner-19594516,487,Tainted By LoL,Master,88,95,,324,298
487,summoner-67709962,488,LostFizz,Master,104,129,,293,244
488,summoner-92659402,489,Yubi,Master,104,39,,63,47
489,summoner-19663548,490,TwTvTastyPotatox,Master,103,73,,233,201
490,summoner-32005448,491,Pros,Master,103,74,,205,178
491,summoner-138243,492,Kimchi the Cat,Master,101,138,,441,412
492,summoner-63668454,493,Desired Game,Master,100,52,,199,102
493,summoner-34951738,494,Super Limp Díck,Master,99,67,,126,102
494,summoner-46354722,495,Oricorio,Master,98,104,,194,169
495,summoner-43276966,496,Eric Zhao,Master,97,97,,227,194
496,summoner-28909573,497,tiltmaster123,Master,97,59,,204,172
497,summoner-91655533,498,chicken and rice,Master,97,49,,147,83
498,summoner-60930238,499,ImASuperNiceGuy,Master,95,120,,209,182
499,summoner-22180208,500,Chasing Summer,Master,95,75,,105,87
500,summoner-24399368,501,KingGeorgie,Master,93,152,,391,366
501,summoner-80301228,502,Godspica,Master,93,69,,166,141
502,summoner-49943354,503,Dekar,Master,93,49,,148,118
503,summoner-40846506,504,Gavotto,Master,93,51,,129,102
504,summoner-86839671,505,Swifte1,Master,93,44,,103,55
505,summoner-92949232,506,L 5 22 9,Master,92,92,,484,420
506,summoner-51094671,507,Eivu,Master,91,84,,336,308
507,summoner-19806051,508,Str1fe,Master,91,89,,184,166
508,summoner-26785144,509,콘돔꺼내기,Master,91,71,,176,153
509,summoner-20350623,510,Guess da number,Master,90,94,,303,277
510,summoner-19199530,511,Xpecial,Master,90,89,,198,178
511,summoner-22192687,512,Gweiss,Master,89,157,,460,445
512,summoner-38384168,513,SaltwaterScourge,Master,105,106,,239,209
513,summoner-45660180,514,Horseie,Master,89,69,,136,106
514,summoner-35336480,515,Outclass,Master,88,108,,399,378
515,summoner-57539102,516,sesamo,Master,88,68,,136,113
516,summoner-30266347,517,Piggy Kitten,Master,87,155,,838,814
517,summoner-29593986,518,Èssence,Master,87,115,,406,382
518,summoner-35702501,519,cokes,Master,87,99,,273,246
519,summoner-90342456,520,Tyto alba alba,Master,87,65,,187,141
520,summoner-34042136,521,Sayonaraaaaa,Master,86,59,,151,128
521,summoner-19804632,522,Forest Within,Master,84,85,,444,367
522,summoner-66879182,523,Dilena Dimitrova,Master,84,106,,340,312
523,summoner-32004867,524,Alexandtheo,Master,84,77,,132,107
524,summoner-55815684,525,Deweyyy,Master,84,130,,113,80
525,summoner-76920234,526,Comminatory,Master,83,48,,67,32
526,summoner-61925463,527,Wixxi,Master,81,95,,191,161
527,summoner-23702362,528,xRequiem,Master,80,87,,200,176
528,summoner-36512012,529,Body Those Fools,Master,80,92,,147,122
529,summoner-77729240,530,LohpalIy,Master,79,86,,261,237
530,summoner-41745040,531,Competition2,Master,78,202,,617,597
531,summoner-48211258,532,Spºoky,Master,78,91,,127,102
532,summoner-20001980,533,BenjiStax,Master,77,65,,208,182
533,summoner-37341012,534,Zykoˉ,Master,76,101,,302,275
534,summoner-27291302,535,Twtv Hanjarolol,Master,75,174,,823,796
535,summoner-53339424,536,MeIo,Master,75,98,,305,251
536,summoner-54845887,537,kyroo1,Master,75,108,,173,144
537,summoner-75209208,538,Purrple Socks,Master,72,101,,369,340
538,summoner-23769101,539,Wazabiee,Master,72,96,,310,281
539,summoner-19979141,540,Was Fun,Master,72,82,,193,167
540,summoner-35095512,541,Enrique5pe,Master,71,77,,249,215
541,summoner-81041277,542,Myth of Bulgaria,Master,71,47,,125,84
542,summoner-28948871,543,Fun Carnage,Master,68,86,,237,216
543,summoner-36776514,544,Reza Y Dispara,Master,68,50,,146,90
544,summoner-46560088,545,DeDrater,Master,68,52,,145,107
545,summoner-21390175,546,Branch of Fate,Master,66,110,,433,398
546,summoner-48443712,547,ChaosRain,Master,65,130,,479,452
547,summoner-34983603,548,Licorice,Master,64,69,,79,59
548,summoner-72379811,549,James Jeongˉ,Master,83,75,,275,226
549,summoner-20220845,550,Nikkone,Master,62,95,,208,192
550,summoner-51046657,551,freyhacks,Master,62,68,,176,138
551,summoner-20312461,552,Felfire,Master,61,109,,362,337
552,summoner-36447212,553,AsianSGpotato,Master,61,122,,107,85
553,summoner-34961913,554,Dark Nostalgicee,Master,60,82,,343,306
554,summoner-77191631,555,Kítzuo,Master,60,99,,334,296
555,summoner-45520517,556,ioki,Master,60,100,,256,221
556,summoner-75169835,557,Prødigious,Master,60,55,,161,123
557,summoner-44116382,558,7500dollar,Master,58,73,,264,189
558,summoner-37370762,559,Im Avi,Master,58,43,,105,50
559,summoner-78430986,560,Tony Mid,Master,57,73,,314,264
560,summoner-41989378,561,Lx1angTNT,Master,57,52,,122,96
561,summoner-20794181,562,vStarzzz,Master,56,120,,483,460
562,summoner-28454336,563,DarkX,Master,56,134,,470,445
563,summoner-31440065,564,PRoHAppyCAmper,Master,73,78,,228,196
564,summoner-85339564,565,JB hai,Master,56,97,,179,149
565,summoner-21905240,566,I Have Sisu,Master,55,126,,651,629
566,summoner-78670850,567,twtv Lohpally,Master,55,86,,286,261
567,summoner-19061980,568,Lourlo,Master,54,99,,240,208
568,summoner-19617276,569,OPW,Master,54,57,,114,94
569,summoner-30709643,570,Jazzawhitz,Master,54,55,,110,79
570,summoner-81859355,571,pandapants363,Master,54,41,,95,46
571,summoner-19661419,572,HoloLO2,Master,53,44,,92,46
572,summoner-20414291,573,Protòtype,Master,71,164,,847,800
573,summoner-19285521,574,ColombiaParce,Master,52,95,,331,311
574,summoner-37145047,575,Gli,Master,52,109,,225,204
575,summoner-35778585,576,Nimdle,Master,51,82,,185,160
576,summoner-29317015,577,cheisu,Master,51,64,,107,83
577,summoner-23157360,578,PhillyFan,Master,50,111,,224,204
578,summoner-35122558,579,ChaseShaco,Master,50,61,,152,124
579,summoner-38334154,580,Shmekek,Master,49,100,,203,174
580,summoner-47066009,581,ądc,Master,49,94,,199,163
581,summoner-48556616,582,DLQQ  418640110,Master,49,58,,97,67
582,summoner-47442009,583,OvO Memes,Master,48,116,,337,321
583,summoner-43774722,584,Nathaniel Mcgee,Master,48,109,,277,249
584,summoner-34225884,585,Blazed Nova,Master,63,122,,356,326
585,summoner-19267108,586,Panunu,Master,46,90,,185,161
586,summoner-50759303,587,IWCrackinate,Master,46,55,,122,97
587,summoner-60745150,588,InvladName,Master,60,141,,430,409
588,summoner-92009905,589,show us de way,Master,44,51,,123,68
589,summoner-23890102,590,YoItsK,Master,43,139,,456,428
590,summoner-32016710,591,Noobkiller291,Master,42,112,,276,260
591,summoner-19353105,592,Rekeri,Master,42,80,,229,203
592,summoner-59991269,593,Neko Nico Nii,Master,62,63,,219,178
593,summoner-83262877,594,SkinnierJGWins,Master,42,61,,194,176
594,summoner-45101564,595,dmario7,Master,41,88,,453,429
595,summoner-32355,596,AquaBlue,Master,41,110,,388,364
596,summoner-85640077,597,LeEpicMemerino,Master,41,97,,271,249
597,summoner-30314638,598,DarkWingsForSale,Master,41,82,,175,154
598,summoner-23414336,599,Went,Master,41,50,,139,94
599,summoner-23887566,600,CookiesforSanta,Master,41,86,,102,77
600,summoner-27282584,601,weed on ice,Master,21,104,,475,452
601,summoner-325903,602,Aglow,Master,39,93,,205,179
602,summoner-30575166,603,Locke Lamora,Master,38,133,,315,293
603,summoner-27931416,604,PDS Zelt,Master,38,89,,286,271
604,summoner-19599117,605,Bes,Master,38,106,,228,206
605,summoner-46385711,606,Treysh,Master,38,98,,177,157
606,summoner-80670380,607,Týler,Master,38,146,,166,140
607,summoner-50247046,608,nadox,Master,19,89,,512,453
608,summoner-76912916,609,Rose Queen,Master,36,125,,335,294
609,summoner-19758519,610,MU Wolfe,Master,36,85,,194,172
610,summoner-88059115,611,eGirl cosplay,Master,36,47,,135,98
611,summoner-19979867,612,boom u dead,Master,34,87,,155,121
612,summoner-21705406,613,Link,Master,34,58,,132,105
613,summoner-89259289,614,Bobbyˉ,Master,34,126,,103,75
614,summoner-92273259,615,mid 3,Master,33,94,,495,443
615,summoner-19537654,616,DEMIGOD,Master,33,126,,283,212
616,summoner-35422510,617,The Kinjaz,Master,33,143,,143,104
617,summoner-67119126,618,BrownManDarius 2,Master,32,110,,459,421
618,summoner-90610341,619,only a feeling,Master,32,48,,108,75
619,summoner-32627897,620,Potty,Master,31,112,,315,282
620,summoner-29653038,621,Winfield,Master,31,96,,153,132
621,summoner-50983694,622,OpenBaepack,Master,31,60,,124,92
622,summoner-41643804,623,Vakin,Master,46,134,,368,347
623,summoner-22742359,624,Magi1234,Master,30,92,,108,90
624,summoner-22178565,625,Swoofyy,Master,29,90,,374,338
625,summoner-21343018,626,kek pepe,Master,28,87,,284,257
626,summoner-40758939,627,Dgkano,Master,28,104,,231,207
627,summoner-77350765,628,Zentinel,Master,28,60,,88,63
628,summoner-23855467,629,Shorthop,Master,27,112,,284,250
629,summoner-24292975,630,CHOKE ME 002,Master,27,78,,268,218
630,summoner-71661569,631,Spin,Master,27,169,,247,219
631,summoner-42762376,632,peaceminusøne,Master,27,64,,120,78
632,summoner-22922261,633,yak0,Master,26,60,,107,86
633,summoner-76019310,634,Bulgarian Legend,Master,26,43,,103,68
634,summoner-49660821,635,Ducks Of Swag,Master,25,108,,272,245
635,summoner-89060974,636,uninspired tool,Master,25,47,,86,57
636,summoner-30184991,637,Big Daddy Ed,Master,24,122,,666,636
637,summoner-35570736,638,camtheham,Master,23,72,,157,130
638,summoner-64793095,639,Ttv fwiizone,Master,23,50,,45,14
639,summoner-47812413,640,WatermelonWombat,Master,22,90,,316,244
640,summoner-26712726,641,OFFLINETV REJECT,Master,22,61,,212,186
641,summoner-21289125,642,Łast Hit,Master,22,101,,136,110
642,summoner-19068435,643,Midorima,Master,20,131,,500,481
643,summoner-24724018,644,Willie fkn P,Master,20,79,,400,355
644,summoner-53152792,645,The Crab Hunter,Master,20,104,,244,216
645,summoner-78650221,646,GIVE ZWAG MID,Master,20,68,,231,189
646,summoner-37827053,647,KiNG Nidhogg,Master,20,84,,188,165
647,summoner-29770257,648,Giraffe Hugs,Master,20,82,,139,116
648,summoner-20755388,649,TFW Shupian,Master,20,70,,128,90
649,summoner-93269098,650,decentplayer53,Master,20,46,,119,88
650,summoner-85191060,651,d0g man,Master,20,43,,116,65
651,summoner-22129599,652,pick lulu or int,Master,20,41,,92,44
652,summoner-20131827,653,Frostalicious,Master,20,60,,81,61
653,summoner-44989337,654,C9 Gun,Master,20,41,,48,19
654,summoner-34563833,655,Clasiik,Master,19,125,,406,380
655,summoner-31925096,656,OSTRlCH,Master,19,101,,247,214
656,summoner-49389151,657,Bíshop,Master,18,115,,406,359
657,summoner-22220672,658,RiceLegend,Master,18,72,,236,212
658,summoner-39642481,659,Beyoutiful,Master,18,130,,154,134
659,summoner-67872603,660,Kailhua,Master,17,81,,161,135
660,summoner-50208688,661,TC porsche,Master,17,104,,109,70
661,summoner-20400026,662,Tèmpo,Master,16,103,,391,364
662,summoner-36761613,663,walang elo,Master,15,89,,267,249
663,summoner-25599243,664,WsT Goxtry,Master,15,69,,139,123
664,summoner-40661961,665,The Tank Man,Master,14,99,,339,310
665,summoner-91647488,666,LL Justice,Master,14,66,,205,155
666,summoner-88702082,667,IlllIlIIIIII,Master,14,57,,151,129
667,summoner-58608963,668,My First Love,Master,13,121,,155,131
668,summoner-75169605,669,twitchtv Eoba,Master,13,58,,134,98
669,summoner-50576811,670,its ok to be sad,Master,12,49,,82,58
670,summoner-40242205,671,Shalissa,Master,10,106,,356,327
671,summoner-46702979,672,Redrouger,Master,9,130,,459,414
672,summoner-43083155,673,Meals,Master,8,85,,112,84
673,summoner-45795786,674,Veiv,Master,7,138,,481,452
674,summoner-28879653,675,Fiddle Jungle,Master,7,85,,224,199
675,summoner-94849180,676,Ryleo,Master,6,49,,146,90
676,summoner-67089674,677,DLQQ 459680082,Master,6,48,,117,84
677,summoner-27476501,678,Joju,Master,4,135,,453,437
678,summoner-91959940,679,Thats Not Fervor,Master,4,69,,177,123
679,summoner-74699197,680,Myn Dosa,Master,2,148,,653,632
680,summoner-30453138,681,topsologg,Master,1,124,,391,370
681,summoner-41213210,682,DrewDozer,Master,1,115,,314,275
682,summoner-50731308,683,ShrektangIe,Master,1,97,,234,203
683,summoner-21629269,684,Beny,Master,1,60,,140,115
684,summoner-53310208,685,JUYOUSO,Master,0,196,,1094,1026
685,summoner-89259101,686,SON OF KILLY,Master,0,115,,557,533
686,summoner-87230278,687,Not2Clean,Master,0,142,,534,518
687,summoner-59189004,688,Śhady,Master,0,129,,505,485
688,summoner-25328716,689,W0RK HARDER,Master,0,104,,435,418
689,summoner-39996814,690,Grande Donger,Master,0,100,,393,373
690,summoner-39833053,691,Chase Kip,Master,0,139,,391,366
691,summoner-21332662,692,Masterý,Master,0,139,,389,361
692,summoner-24762213,693,Devolve,Master,0,127,,379,325
693,summoner-20813251,694,Moelester Squad,Master,0,110,,373,357
694,summoner-19723788,695,Mozzyy,Master,20,109,,366,339
695,summoner-23679160,696,Barry Buggles,Master,0,127,,356,322
696,summoner-32360751,697,Frostynomad,Master,0,93,,355,337
697,summoner-37091701,698,sad idiot loser,Master,0,163,,350,328
698,summoner-27664334,699,Rëol,Master,0,100,,330,306
699,summoner-20510650,700,oO Scorpz Oo,Master,0,96,,330,302
700,summoner-40159363,701,02012017,Master,0,79,,311,267
701,summoner-25354620,702,Do u kno da whey,Master,0,77,,307,282
702,summoner-265174,703,Thien Chau1,Master,0,79,,299,274
703,summoner-47547430,704,CallMeExiled,Master,0,96,,284,259
704,summoner-42239629,705,NoticedMeSenpai,Master,0,111,,283,260
705,summoner-60181263,706,MaRiTiMuS,Master,0,108,,282,258
706,summoner-35293242,707,Paratendo,Master,0,114,,279,254
707,summoner-31233054,708,THE Jons,Master,0,90,,271,249
708,summoner-76463232,709,CLG Ravey,Master,0,72,,252,229
709,summoner-24705131,710,August 12,Master,0,68,,249,223
710,summoner-20032190,711,VanillaHomocide,Master,0,136,,245,220
711,summoner-40036262,712,TF Blade,Master,0,73,,244,185
712,summoner-20886395,713,BeNice2EachOther,Master,0,97,,243,215
713,summoner-38089165,714,SETNAVREC,Master,0,100,,235,213
714,summoner-58272296,715,Ari Why,Master,0,121,,233,211
715,summoner-28640868,716,PandaSean,Master,0,84,,224,183
716,summoner-20832166,717,Chubymonkey,Master,0,78,,217,194
717,summoner-91969888,718,I Cook You Pay,Master,0,71,,209,152
718,summoner-21214027,719,Shawner,Master,0,111,,206,187
719,summoner-66423914,720,IceCreamPaintJob,Master,0,116,,206,179
720,summoner-20078427,721,rank1 is jamals,Master,0,56,,202,165
721,summoner-26786246,722,Dawn Bréak,Master,0,72,,199,171
722,summoner-47772583,723,A Noisy Aunt,Master,0,93,,192,159
723,summoner-37475736,724,WickedWazer,Master,0,74,,184,148
724,summoner-35219566,725,Inteare hasta D5,Master,0,63,,182,168
725,summoner-46123641,726,Quinn ADC,Master,0,74,,176,148
726,summoner-48310516,727,Pyeong Chang,Master,0,74,,174,145
727,summoner-89039212,728,Internecinus,Master,0,232,,174,129
728,summoner-31291239,729,Akeelo,Master,0,67,,164,136
729,summoner-92539882,730,Kaisa player1,Master,0,48,,149,93
730,summoner-65821215,731,i will make it,Master,0,64,,143,116
731,summoner-34603011,732,Aavhin,Master,0,99,,140,111
732,summoner-21701239,733,bobqinXD,Master,0,58,,138,116
733,summoner-39480396,734,A Ganker,Master,0,82,,138,112
734,summoner-34665452,735,Tomoebi,Master,0,106,,132,106
735,summoner-23450268,736,GTL,Master,0,72,,126,88
736,summoner-76939686,737,bão zi,Master,0,124,,119,78
737,summoner-39630512,738,davidroo,Master,0,78,,119,99
738,summoner-35798660,739,Plabatey,Master,0,91,,118,96
739,summoner-40017716,740,Choisix,Master,0,58,,116,86
740,summoner-45000894,741,k2c,Master,0,57,,116,96
741,summoner-85660385,742,mental boomin,Master,0,45,,113,84
742,summoner-100311,743,US Economy,Master,0,73,,110,73
743,summoner-375919,744,toez,Master,0,53,,108,92
744,summoner-54719803,745,luckylark,Master,0,41,,99,57
745,summoner-25885129,746,Dinosaurus,Master,0,73,,95,72
746,summoner-21957142,747,dog2 mf,Master,0,41,,81,51
747,summoner-564332,748,wow nice meta,Master,0,40,,76,35
748,summoner-26204099,749,DeadSockGuy,Master,0,36,,61,16
749,summoner-52081339,750,SLappY NasTy,Master,0,35,,61,16
750,summoner-20476893,751,DJ Y4ssin,Diamond 1,100,162,,507,485
751,summoner-79940819,752,ps 01,Diamond 1,100,102,,489,468
752,summoner-25312572,753,a Pokeball,Diamond 1,100,131,,474,449
753,summoner-20227573,754,BukZacH,Diamond 1,100,97,,373,357
754,summoner-35261170,755,DoughnutDrew,Diamond 1,100,129,,363,343
755,summoner-29602532,756,CoreTienZ,Diamond 1,100,109,,337,319
756,summoner-31209421,757,Captain Nuke,Diamond 1,100,87,,313,295
757,summoner-23702061,758,Mikhail Tal,Diamond 1,100,96,,299,261
758,summoner-21998704,759,Birds cant fly,Diamond 1,100,102,,294,270
759,summoner-64913282,760,Cørey,Diamond 1,100,110,,288,260
760,summoner-20262759,761,Enryoo,Diamond 1,100,88,,285,256
761,summoner-20139406,762,Marshed,Diamond 1,100,142,,282,257
762,summoner-19161840,763,Arthin,Diamond 1,100,143,,269,247
763,summoner-43235320,764,Rocket Rhino,Diamond 1,100,117,,257,236
764,summoner-20559843,765,Tol Ko Russkiy,Diamond 1,100,111,,228,194
765,summoner-50791128,766,Zahnet,Diamond 1,100,99,,213,188
766,summoner-22079480,767,Boyfriend,Diamond 1,100,76,,201,185
767,summoner-25117400,768,Kiryu Moeka,Diamond 1,100,73,,167,125
768,summoner-50371119,769,King Taric,Diamond 1,100,97,,159,137
769,summoner-91633366,770,RF Legendaddy,Master,0,57,,150,116
770,summoner-29535209,771,A Good Sir,Diamond 1,100,80,,146,123
771,summoner-19969614,772,ExecutionerK,Diamond 1,100,58,,140,119
772,summoner-37931849,773,Columbia College,Diamond 1,100,63,,114,90
773,summoner-68110234,774,ZADDY K THE THUG,Diamond 1,100,57,,110,84
774,summoner-24982864,775,S8 TOP 3 LCS ADC,Diamond 1,100,56,,99,69
775,summoner-20602165,776,Lets Win This,Diamond 1,100,73,,96,72
776,summoner-21645177,777,Ricominciare,Diamond 1,100,50,,91,52
777,summoner-47564545,778,North KR Veigar,Diamond 1,100,44,,86,49
778,summoner-34753465,779,Ayukura,Diamond 1,100,48,,78,57
779,summoner-20678849,780,I onIy Top,Diamond 1,100,65,,75,56
780,summoner-48991794,781,Jas,Diamond 1,100,45,,75,50
781,summoner-95139141,782,eydflt,Diamond 1,100,39,,71,46
782,summoner-19882392,783,Itsfwii,Diamond 1,100,45,,66,39
783,summoner-27726049,784,Methazine,Diamond 1,100,37,,60,16
784,summoner-536071,785,StarWhale,Diamond 1,100,40,,54,24
785,summoner-38384984,786,Ez Tangerine,Diamond 1,99,79,,248,215
786,summoner-50902680,787,PatheticParrot,Diamond 1,98,100,,278,252
787,summoner-30831157,788,SGP Crustaoy,Diamond 1,79,100,,231,207
788,summoner-141846,789,illlllliiiiiiii,Diamond 1,98,52,,190,140
789,summoner-22394277,790,Quy Dep Trai,Diamond 1,97,107,,422,394
790,summoner-32319695,791,Äye,Diamond 1,97,68,,161,42
791,summoner-81859385,792,Ineedtogetbetter,Diamond 1,97,66,,132,111
792,summoner-20203681,793,JoopsaKid,Diamond 1,97,68,,130,105
793,summoner-29533033,794,Lebron Jamés,Diamond 1,85,51,,119,97
794,summoner-47189094,795,Aconda,Diamond 1,97,83,,66,44
795,summoner-19592869,796,zhúang,Diamond 1,95,70,,143,125
796,summoner-23556001,797,PandaBaozi,Diamond 1,95,72,,135,114
797,summoner-19453586,798,Im so nusty,Diamond 1,95,62,,130,104
798,summoner-64972786,799,Day 31,Diamond 1,94,99,,271,241
799,summoner-34057485,800,Routé,Diamond 1,94,73,,58,42
800,summoner-34469363,801,forever muted,Diamond 1,93,139,,573,554
801,summoner-83077100,802,Šmurƒ,Diamond 1,93,71,,140,124
802,summoner-93269119,803,DIRTY B0Y,Diamond 1,92,87,,400,383
803,summoner-92329083,804,StrongHuni,Diamond 1,92,53,,149,112
804,summoner-90331209,805,La Voix Junior,Diamond 1,92,66,,137,96
805,summoner-30563611,806,Chou Tzuyuu,Diamond 1,91,164,,327,313
806,summoner-19838545,807,Moontail,Diamond 1,91,59,,183,142
807,summoner-24879976,808,iNerto,Diamond 1,90,87,,426,363
808,summoner-20037104,809,ShizzleD94,Diamond 1,90,76,,298,273
809,summoner-21623482,810,raroraro,Diamond 1,90,102,,248,215
810,summoner-20024227,811,Romanium,Diamond 1,90,94,,238,220
811,summoner-76602920,812,Snackbar123,Diamond 1,90,78,,210,187
812,summoner-446965,813,Ablazeolive,Diamond 1,90,72,,194,166
813,summoner-89579226,814,Zarashii,Diamond 1,90,81,,148,110
814,summoner-93659469,815,cofﬁn,Diamond 1,90,55,,145,106
815,summoner-24550000,816,TherapyTrance,Diamond 1,90,55,,141,118
816,summoner-37356075,817,mac diller,Diamond 1,90,69,,131,105
817,summoner-43197599,818,Sharp and Cold,Diamond 1,90,46,,124,66
818,summoner-20785373,819,top lane eboy,Diamond 1,90,56,,112,87
819,summoner-40938801,820,ioan,Diamond 1,90,93,,103,89
820,summoner-39028853,821,Kaipop,Diamond 1,90,71,,91,62
821,summoner-22190336,822,Zenoncas,Diamond 1,90,59,,89,68
822,summoner-32459532,823,Cárpe Diem,Diamond 1,90,60,,83,69
823,summoner-34771983,824,Diivinity,Diamond 1,90,48,,78,58
824,summoner-95190847,825,Rist,Diamond 1,90,37,,77,34
825,summoner-460518,826,Holy Serenity,Diamond 1,90,51,,72,49
826,summoner-65239176,827,Sejanus,Diamond 1,90,67,,45,20
827,summoner-32423195,828,JUST A LEGEND123,Diamond 1,89,85,,240,217
828,summoner-88379903,829,RNG Nebee,Diamond 1,89,64,,142,112
829,summoner-19761072,830,Xmithie,Diamond 1,89,70,,110,91
830,summoner-93731193,831,NILES 1V9,Diamond 1,89,43,,100,52
831,summoner-56497084,832,FrostForest,Diamond 1,89,90,,90,72
832,summoner-64199965,833,Youuuuuuuuuuuuu,Diamond 1,89,66,,86,60
833,summoner-21295651,834,Papìllon,Diamond 1,88,101,,445,425
834,summoner-19184070,835,Dmace,Diamond 1,88,71,,244,218
835,summoner-25880450,836,Dreamland,Diamond 1,88,81,,166,138
836,summoner-21938181,837,NotJamesDing,Diamond 1,88,58,,134,102
837,summoner-37832463,838,Eitori,Diamond 1,88,66,,134,113
838,summoner-30622607,839,Z9 Bánh Tiêu,Diamond 1,88,103,,111,92
839,summoner-20429469,840,Adrian Riven,Diamond 1,87,112,,355,323
840,summoner-23202624,841,METAL CHOCOB0,Diamond 1,87,86,,236,208
841,summoner-46316160,842,yandere suzy,Diamond 1,87,65,,225,199
842,summoner-75949134,843,go barpo,Diamond 1,87,48,,112,80
843,summoner-20713021,844,Kaizer Morde,Diamond 1,86,103,,262,228
844,summoner-38886417,845,DuskDust,Diamond 1,86,88,,237,217
845,summoner-39181040,846,DorkLS,Diamond 1,86,96,,163,141
846,summoner-21836856,847,xFSN Rin,Diamond 1,85,73,,201,184
847,summoner-53094540,848,Notzu,Diamond 1,85,145,,179,159
848,summoner-36420257,849,GibIe,Diamond 1,85,106,,165,134
849,summoner-21399577,850,Tentacool,Diamond 1,85,56,,157,139
850,summoner-92979098,851,iam THATT,Diamond 1,85,35,,50,26
851,summoner-35368931,852,2K games jungler,Diamond 1,84,177,,1062,1027
852,summoner-52282689,853,Çhançe,Diamond 1,84,114,,294,250
853,summoner-42172450,854,Williammm,Diamond 1,84,90,,129,110
854,summoner-78593412,855,MelonMan32,Diamond 1,84,48,,121,85
855,summoner-37327350,856,Bryce Walker,Diamond 1,84,43,,119,66
856,summoner-68469260,857,B0dydrop,Diamond 1,84,57,,103,73
857,summoner-23296106,858,Recommisioner,Diamond 1,84,51,,94,68
858,summoner-43259524,859,Kzykendy,Diamond 1,83,98,,249,225
859,summoner-168921,860,sakurafloret,Diamond 1,83,47,,117,75
860,summoner-19128116,861,yade or yade,Diamond 1,83,63,,101,81
861,summoner-90143499,862,Optimal gameplay,Diamond 1,81,83,,230,168
862,summoner-47219230,863,Hi im Trixter,Diamond 1,80,96,,344,323
863,summoner-69669605,864,VCc,Diamond 1,80,133,,295,260
864,summoner-38855444,865,Rahman Noodles,Diamond 1,80,79,,196,177
865,summoner-41668518,866,Erick Dota,Diamond 1,79,182,,808,782
866,summoner-20048740,867,CorbinD,Diamond 1,79,74,,228,208
867,summoner-76190053,868,Muting You,Diamond 1,79,117,,99,66
868,summoner-72905368,869,Heisendongg,Diamond 1,79,45,,47,25
869,summoner-34243185,870,Volt,Diamond 1,78,121,,103,59
870,summoner-90812124,871,Hmmmmmmmmmmmmmm,Diamond 1,77,90,,383,327
871,summoner-24980187,872,Crynopsa,Diamond 1,77,117,,143,114
872,summoner-28501854,873,Shmeeblez,Diamond 1,77,63,,121,101
873,summoner-92649128,874,Frontsight,Diamond 1,76,180,,964,952
874,summoner-22169128,875,VTrxn,Diamond 1,76,89,,391,356
875,summoner-57472209,876,Ravimon,Diamond 1,76,97,,351,314
876,summoner-19263738,877,oMizu,Diamond 1,76,86,,182,164
877,summoner-21861110,878,TyÌer,Diamond 1,76,76,,120,94
878,summoner-32381672,879,Måra,Diamond 1,76,120,,117,93
879,summoner-64825900,880,wet noodIe fight,Diamond 1,76,44,,78,58
880,summoner-88490180,881,Sophist Ságe,Diamond 1,75,124,,717,679
881,summoner-22328535,882,PrabhablyShaco,Diamond 1,75,118,,477,450
882,summoner-50668976,883,WhyzEStealZ,Diamond 1,75,91,,422,389
883,summoner-23480550,884,Yammy,Diamond 1,75,116,,343,320
884,summoner-36388055,885,Curtains,Diamond 1,75,108,,331,317
885,summoner-72409957,886,Galalalalalalala,Diamond 1,75,87,,302,264
886,summoner-19259932,887,Geranimo,Diamond 1,75,89,,280,250
887,summoner-20202108,888,CLA Tuesday,Diamond 1,75,72,,274,270
888,summoner-74673,889,NintendudeX,Diamond 1,75,72,,270,250
889,summoner-50877721,890,Doubtfull,Diamond 1,75,81,,262,230
890,summoner-66659941,891,From Zero,Diamond 1,75,74,,261,225
891,summoner-35129076,892,Failattempts,Diamond 1,75,110,,238,111
892,summoner-90043610,893,Bebop Robopop,Diamond 1,75,66,,230,170
893,summoner-93529573,894,midIane hokage,Diamond 1,75,59,,218,154
894,summoner-48361472,895,awestruck,Diamond 1,75,69,,218,186
895,summoner-65999120,896,MOKKORI,Diamond 1,75,69,,215,176
896,summoner-58613779,897,Organ,Diamond 1,75,71,,206,186
897,summoner-24853635,898,unfail,Diamond 1,75,79,,205,174
898,summoner-24777351,899,LMQ tc Mor,Diamond 1,75,93,,205,171
899,summoner-77549273,900,Top 1 Percent,Diamond 1,75,61,,203,157
900,summoner-26051120,901,Modx,Diamond 1,75,70,,202,177
901,summoner-22870365,902,Kékvin,Diamond 1,75,88,,195,164
902,summoner-90593491,903,Carthage,Diamond 1,75,67,,190,160
903,summoner-72411076,904,Kobe Brýant,Diamond 1,75,70,,188,168
904,summoner-30972130,905,Yamikaze,Diamond 1,75,92,,175,137
905,summoner-79249642,906,pls notice me,Diamond 1,75,59,,174,131
906,summoner-20056332,907,Lerky,Diamond 1,75,81,,173,134
907,summoner-91749086,908,fear guilt greed,Diamond 1,75,64,,172,150
908,summoner-35415473,909,Yamíkaze,Diamond 1,75,61,,166,130
909,summoner-90391509,910,KING GEEDØRAH,Diamond 1,75,53,,156,120
910,summoner-49159160,911,Søren Bjerg,Diamond 1,75,63,,153,119
911,summoner-92659419,912,Spaghettibud9,Diamond 1,75,48,,148,118
912,summoner-68603405,913,Keegun,Diamond 1,75,52,,147,129
913,summoner-40272268,914,cackgod,Diamond 1,75,52,,144,118
914,summoner-19224197,915,Sothis,Diamond 1,75,48,,135,100
915,summoner-56901374,916,YIlIlIlIlI,Diamond 1,75,63,,135,92
916,summoner-76379684,917,MØNG GUU,Diamond 1,75,57,,134,112
917,summoner-60100307,918,The Sõul,Diamond 1,75,188,,122,69
918,summoner-19689584,919,TCLB Zaıven,Diamond 1,75,44,,118,65
919,summoner-22014010,920,Manifest,Diamond 1,75,55,,113,86
920,summoner-20909540,921,Susskind,Diamond 1,75,111,,112,91
921,summoner-292926,922,Super Metroid,Diamond 1,75,46,,110,88
922,summoner-87639506,923,LOLOLOLOLOL,Diamond 1,75,49,,110,84
923,summoner-23479635,924,NoahMost,Diamond 1,75,78,,107,80
924,summoner-87002706,925,Zheng Jiale,Diamond 1,75,64,,104,64
925,summoner-20598223,926,EloDaddy 5foot6,Diamond 1,75,86,,104,74
926,summoner-90033335,927,Chody,Diamond 1,75,42,,103,53
927,summoner-83280766,928,Ogilos,Diamond 1,75,52,,100,67
928,summoner-94912080,929,Makou,Diamond 1,75,41,,96,46
929,summoner-70200582,930,Top Jgler24,Diamond 1,75,96,,94,44
930,summoner-48031860,931,GeneralChiefy,Diamond 1,75,51,,92,72
931,summoner-89241712,932,AR suppressor,Diamond 1,75,51,,89,60
932,summoner-41212309,933,Ineffabilis,Diamond 1,75,43,,84,43
933,summoner-24741016,934,L9B,Diamond 1,75,40,,84,45
934,summoner-94869407,935,TacticalBaconz,Diamond 1,75,41,,79,35
935,summoner-93630935,936,Wanhëda,Diamond 1,75,41,,68,28
936,summoner-38777079,937,Camp Out,Diamond 1,75,99,,67,49
937,summoner-95439135,938,IIIIlllIIllI,Diamond 1,75,38,,65,44
938,summoner-22277779,939,G U CK F O S U,Diamond 1,75,39,,64,28
939,summoner-46239231,940,Hyorimaru,Diamond 1,75,47,,64,36
940,summoner-22325691,941,Yotsume,Diamond 1,75,39,,63,36
941,summoner-19647481,942,Rathma,Diamond 1,75,68,,61,34
942,summoner-24390734,943,yrots das,Diamond 1,75,47,,60,36
943,summoner-21207070,944,Oh Nowen,Diamond 1,74,107,,273,229
944,summoner-44141261,945,eddy363,Diamond 1,74,93,,167,140
945,summoner-35530571,946,Must be níce,Diamond 1,74,86,,54,37
946,summoner-94189199,947,pu capable,Diamond 1,73,79,,364,344
947,summoner-33371203,948,gulayy,Diamond 1,73,125,,291,276
948,summoner-38780657,949,Freeverse,Diamond 1,73,94,,186,165
949,summoner-25851366,950,Arbez,Diamond 1,73,84,,177,151
950,summoner-50392032,951,Requital,Diamond 1,73,62,,137,113
951,summoner-27798233,952,Just Jayce,Diamond 1,72,66,,176,150
952,summoner-32701496,953,Emphasis,Diamond 1,72,74,,155,127
953,summoner-57029179,954,HotGuy6Pack,Diamond 1,72,51,,148,103
954,summoner-22039396,955,Marko Mid,Diamond 1,72,120,,147,128
955,summoner-39877990,956,LoNeLy Noo,Diamond 1,72,94,,141,121
956,summoner-28744029,957,BeastG0d,Diamond 1,72,62,,139,110
957,summoner-38862851,958,ClamSparkle,Diamond 1,72,58,,117,92
958,summoner-30987150,959,WakaWakaMF,Diamond 1,72,69,,100,80
959,summoner-34469182,960,nbzoJ98LeiA,Diamond 1,72,56,,100,77
960,summoner-19134540,961,Voyboy,Diamond 1,71,147,,628,614
961,summoner-34277055,962,Never Casual,Diamond 1,71,132,,505,483
962,summoner-39760302,963,CoolE,Diamond 1,71,112,,344,325
963,summoner-44076143,964,Aetherax,Diamond 1,71,120,,258,232
964,summoner-81051962,965,roguebunny0,Diamond 1,71,116,,239,189
965,summoner-51289083,966,Babylola,Diamond 1,71,80,,233,213
966,summoner-29439365,967,Hitman Reborn,Diamond 1,71,94,,204,187
967,summoner-51580106,968,1Self,Diamond 1,71,65,,185,157
968,summoner-26379781,969,Sonny2o9,Diamond 1,71,90,,116,98
969,summoner-32506961,970,COVER ME NOW,Diamond 1,70,127,,512,497
970,summoner-43344083,971,Yoreon,Diamond 1,70,96,,244,223
971,summoner-58421117,972,Shroudedd,Diamond 1,70,69,,170,157
972,summoner-30099707,973,Kuderic,Diamond 1,70,82,,121,91
973,summoner-32929410,974,Lord Zxyc,Diamond 1,70,105,,116,95
974,summoner-20082683,975,Quantum Fizzics,Diamond 1,70,49,,95,79
975,summoner-24588334,976,Venusaur,Diamond 1,70,74,,61,43
976,summoner-68779112,977,tubby boy,Diamond 1,69,114,,164,142
977,summoner-41817320,978,tujinet,Diamond 1,69,100,,158,137
978,summoner-54963047,979,I Keep It Taco,Diamond 1,69,92,,102,86
979,summoner-39853661,980,diablo hf,Diamond 1,69,37,,71,30
980,summoner-52436254,981,ShákaZulu,Diamond 1,88,103,,560,480
981,summoner-53026797,982,Jayton,Diamond 1,68,144,,478,459
982,summoner-20420483,983,ecco,Diamond 1,68,123,,365,351
983,summoner-60720984,984,Yîkês,Diamond 1,68,106,,259,182
984,summoner-5908,985,Dyrus,Diamond 1,68,74,,156,133
985,summoner-35021554,986,Yuki Bunny,Diamond 1,68,126,,84,65
986,summoner-64980118,987,Seppuku Soon,Diamond 1,67,74,,333,307
987,summoner-31644236,988,Hyz,Diamond 1,67,78,,226,209
988,summoner-59549889,989,TCLB Emperor,Diamond 1,67,46,,148,65
989,summoner-25888946,990,Galalalalalala,Diamond 1,67,67,,131,95
990,summoner-29174723,991,Maritzol,Diamond 1,67,87,,85,60
991,summoner-60269974,992,Locs,Diamond 1,67,94,,74,52
992,summoner-19812679,993,Lava,Diamond 1,66,130,,440,441
993,summoner-91554234,994,Gotenk,Diamond 1,66,86,,374,313
994,summoner-22867854,995,USMC 0311,Diamond 1,66,116,,331,306
995,summoner-92659336,996,makedpgreatagain,Diamond 1,66,74,,280,253
996,summoner-30307001,997,Turc,Diamond 1,66,87,,200,185
997,summoner-25211762,998,MetaSolaray,Diamond 1,65,143,,656,632
998,summoner-66331512,999,jtao143554,Diamond 1,65,108,,367,296
999,summoner-40889526,1000,canadia2,Diamond 1,65,84,,272,248
