#timestamp 1529852428958
#date 2018-06-24T15:00:28+00:00
#players 1000
#index,id,rank,name,tier,lp,level,proTeam,win,loss
0,summoner-91909115,1,tarzaned2,Challenger,1314,73,,350,244
1,summoner-96059078,2,sorry my bad xd,Challenger,1300,43,,123,54
2,summoner-24220969,3,thtr,Challenger,1067,91,,356,296
3,summoner-87439213,4,ìnori,Challenger,1055,119,,345,279
4,summoner-91739120,5,Play for KDA,Challenger,1045,59,,207,144
5,summoner-75900909,6,GGEA Neøø,Challenger,1026,141,,306,241
6,summoner-22275443,7,TCLB ZzeR,Challenger,941,65,,275,185
7,summoner-34925733,8,CG Solo,Challenger,934,83,,307,245
8,summoner-22670229,9,Shout,Challenger,927,89,,295,236
9,summoner-19839806,10,blaberfish2,Challenger,921,109,,401,321
10,summoner-68469257,11,Azures,Challenger,913,116,,443,388
11,summoner-83339123,12,Humble Diligent,Challenger,908,83,,342,286
12,summoner-35097344,13,duoking1,Challenger,901,70,,241,176
13,summoner-65389099,14,Liquid Impact,Challenger,878,72,,241,179
14,summoner-95119178,15,WPI 3970,Challenger,872,45,,134,84
15,summoner-21193669,16,Hakuho,Challenger,861,88,,255,199
16,summoner-96629156,17,FOX Damonte,Challenger,857,43,,112,72
17,summoner-71229345,18,divided jungle,Challenger,851,66,,240,187
18,summoner-68401488,19,5tunt,Challenger,850,81,,241,187
19,summoner-87330006,20,Yusuiˉ,Challenger,827,68,,185,123
20,summoner-24326160,21,Sweaty ASol,Challenger,820,74,,257,204
21,summoner-95429143,22,ESKEET1T,Challenger,799,44,,112,77
22,summoner-21276764,23,Vulcan1,Challenger,791,113,,381,326
23,summoner-38375098,24,Jurassiq,Challenger,791,81,,302,254
24,summoner-94060086,25,TwTv LoLHarambe,Challenger,780,73,,367,291
25,summoner-23368264,26,Tracy Mcgràdy,Challenger,764,51,,131,75
26,summoner-20389591,27,Inorï,Challenger,757,69,,327,256
27,summoner-38809624,28,Sophist Sage,Challenger,742,121,,560,511
28,summoner-92959312,29,IlIlIllllIIIIIII,Challenger,740,50,,143,109
29,summoner-21371454,30,ScrubNoob,Challenger,727,116,,401,341
30,summoner-37481045,31,insanityxxx,Challenger,726,160,,539,487
31,summoner-91419120,32,TSM Zven,Challenger,725,105,,477,399
32,summoner-48193601,33,Spica1,Challenger,709,79,,212,159
33,summoner-68479082,34,a new beginning,Challenger,707,106,,341,298
34,summoner-21367804,35,Cris,Challenger,696,59,,189,137
35,summoner-32299406,36,IIIIIlIIIlllllI,Challenger,695,107,,387,333
36,summoner-77211676,37,Revenge,Challenger,690,78,,237,186
37,summoner-27251616,38,ULookSoCharming,Challenger,679,108,,304,262
38,summoner-83089575,39,Ssumdayday,Challenger,675,67,,227,178
39,summoner-30046300,40,TCLB plan ahea,Challenger,670,122,,339,296
40,summoner-19587365,41,Tony Top,Challenger,667,107,,453,414
41,summoner-19967304,42,Shiphtur,Challenger,666,150,,912,879
42,summoner-21490433,43,goldenglue,Challenger,666,98,,318,278
43,summoner-21542029,44,Grig1,Challenger,646,99,,321,285
44,summoner-23715786,45,KitKatxz,Challenger,646,61,,192,153
45,summoner-22830349,46,RF Legendary,Challenger,643,76,,288,235
46,summoner-36111109,47,Julien,Challenger,641,101,,403,354
47,summoner-47401142,48,Soulmario,Challenger,640,183,,363,329
48,summoner-22141445,49,SandPaperX,Challenger,639,90,,263,222
49,summoner-86912471,50,Nugeek,Challenger,634,67,,252,212
50,summoner-27470522,51,Arcsecond,Challenger,624,119,,449,390
51,summoner-22403576,52,Pants are Dragon,Challenger,624,111,,364,316
52,summoner-22946266,53,GaoGao,Challenger,624,74,,136,92
53,summoner-65409096,54,crow5,Challenger,623,74,,260,207
54,summoner-19787999,55,SCREENSLAV3R,Challenger,621,70,,174,135
55,summoner-19757901,56,Ðân,Challenger,620,99,,302,241
56,summoner-2648,57,Pobelter,Challenger,616,92,,257,225
57,summoner-21806931,58,Xeno,Challenger,615,59,,126,89
58,summoner-19623941,59,Rendyu,Challenger,614,116,,346,295
59,summoner-25401864,60,Credenda,Challenger,613,53,,180,94
60,summoner-41233933,61,MistyStumpey,Challenger,611,97,,217,174
61,summoner-30366254,62,Acoldblazeolive,Challenger,610,71,,262,222
62,summoner-30255016,63,TheeBrandini,Challenger,610,73,,248,207
63,summoner-50759139,64,qldurtms,Challenger,610,62,,185,146
64,summoner-37343071,65,avi is me,Challenger,604,68,,186,143
65,summoner-91615420,66,Evølve,Challenger,603,96,,428,356
66,summoner-47165206,67,HIGH APM LOW BMI,Challenger,601,90,,321,285
67,summoner-19770082,68,Criś,Challenger,590,142,,461,424
68,summoner-21103810,69,BendyAndy,Challenger,588,92,,359,322
69,summoner-93731255,70,dsazfxgchn,Challenger,587,50,,148,89
70,summoner-20156599,71,Carmen Campagne,Challenger,585,74,,152,110
71,summoner-21124626,72,Rikara,Challenger,580,130,,262,220
72,summoner-40540196,73,Fanatiik,Challenger,579,78,,227,194
73,summoner-91451619,74,etrianodysey,Challenger,574,82,,299,250
74,summoner-85889107,75,FeelsGO0DMan,Challenger,574,72,,256,219
75,summoner-32683839,76,Sean Twitch God,Challenger,572,94,,438,394
76,summoner-47943093,77,3in1warrior,Challenger,567,69,,166,129
77,summoner-89299096,78,IlIlIllllIII,Challenger,564,46,,158,74
78,summoner-35409134,79,Srkenji,Challenger,560,116,,443,393
79,summoner-26045266,80,TàIon,Challenger,560,84,,225,167
80,summoner-75099245,81,LHHS,Challenger,558,54,,154,115
81,summoner-26851284,82,PainlessM,Challenger,557,98,,285,245
82,summoner-20962399,83,Teesum,Challenger,555,88,,385,353
83,summoner-21910088,84,Zot,Challenger,554,129,,420,377
84,summoner-22654107,85,yhw,Challenger,554,127,,317,280
85,summoner-35361116,86,Q16KpquGsIc,Challenger,548,63,,99,56
86,summoner-25125682,87,Niles,Challenger,547,89,,260,216
87,summoner-19698094,88,FallenBandit,Challenger,544,94,,331,299
88,summoner-521955,89,WildTurtle,Challenger,544,47,,122,80
89,summoner-22438041,90,snap,Challenger,541,100,,303,260
90,summoner-76603307,91,ChiralX,Challenger,537,62,,155,111
91,summoner-64290527,92,CONTRACTZZZZZZZZ,Challenger,535,68,,272,210
92,summoner-25108893,93,CaptainShrimps,Challenger,514,98,,541,497
93,summoner-24069119,94,Hate,Challenger,532,124,,315,270
94,summoner-21937711,95,HaruRushAmbition,Challenger,528,109,,507,444
95,summoner-96659148,96,jngler52,Challenger,512,38,,67,37
96,summoner-51680686,97,RobbyBob,Challenger,511,95,,164,131
97,summoner-73543081,98,SKT T1 Crown,Challenger,509,93,,145,92
98,summoner-83339118,99,sks Tmfprl,Challenger,508,62,,183,143
99,summoner-35592112,100,stuntopolis,Challenger,508,50,,127,100
100,summoner-41786897,101,Kurumx,Challenger,507,79,,275,228
101,summoner-83552233,102,duoqueen1,Challenger,503,69,,201,171
102,summoner-28663867,103,Erry,Challenger,503,70,,195,161
103,summoner-71715,104,MeNoHaxor,Challenger,502,89,,263,226
104,summoner-60469878,105,Macotoˉ,Challenger,501,98,,471,417
105,summoner-21172589,106,sadsdasdasf,Challenger,501,88,,327,285
106,summoner-21193032,107,dog2,Challenger,500,122,,409,379
107,summoner-64834040,108,DufTlalgkqtlek,Challenger,499,54,,152,110
108,summoner-30397116,109,Lemur,Challenger,498,101,,116,78
109,summoner-38880034,110,Soligo,Challenger,497,60,,162,125
110,summoner-74731419,111,cupcakes29,Challenger,493,63,,236,196
111,summoner-54059235,112,fwii Talon,Challenger,493,45,,104,59
112,summoner-91429132,113,TSM Mithypote,Challenger,487,81,,264,238
113,summoner-23476283,114,EricZYang,Challenger,486,184,,609,570
114,summoner-170340,115,Cody Sun,Challenger,486,126,,447,425
115,summoner-31563939,116,butterfły,Challenger,486,57,,125,66
116,summoner-295500,117,5mi,Challenger,484,107,,264,220
117,summoner-44989327,118,mancloud2,Challenger,477,126,,531,502
118,summoner-21202019,119,5fire,Challenger,475,89,,195,159
119,summoner-77520973,120,TCLB Zephyr,Challenger,474,95,,222,173
120,summoner-47607839,121,Gong Yoo x,Challenger,473,71,,310,247
121,summoner-30212825,122,Spirax,Challenger,469,86,,116,83
122,summoner-19920510,123,Sudzzi,Challenger,478,84,,319,283
123,summoner-71860010,124,Boris Oppa,Challenger,457,81,,194,111
124,summoner-20793637,125,Phaxen,Challenger,457,137,,175,141
125,summoner-20822144,126,ÐaÞtion,Challenger,456,101,,277,247
126,summoner-78739091,127,IdioticGuy123,Challenger,456,65,,170,128
127,summoner-33239179,128,ZeyzaI,Challenger,455,59,,129,65
128,summoner-84759118,129,Metaphor,Challenger,451,93,,337,291
129,summoner-83629091,130,NA Swifte,Challenger,448,71,,176,142
130,summoner-20823651,131,C9 Smoothie,Challenger,443,96,,242,209
131,summoner-65389101,132,gazuaaaaaaaaaaa,Challenger,443,51,,164,124
132,summoner-24671130,133,Allorim,Challenger,440,111,,403,375
133,summoner-26153361,134,Happy Birfdizzay,Challenger,440,87,,268,231
134,summoner-20130821,135,Wiggily,Challenger,439,92,,289,253
135,summoner-40835255,136,Bóbbý,Challenger,437,117,,427,391
136,summoner-92949382,137,CG Solo 2,Challenger,436,46,,122,87
137,summoner-7250,138,Apollo Price,Challenger,435,105,,365,337
138,summoner-21498922,139,Linsaníty,Challenger,434,71,,177,155
139,summoner-26822730,140,BloodKey,Challenger,434,52,,149,76
140,summoner-70132282,141,XueGao,Challenger,432,99,,153,121
141,summoner-29161654,142,mulgokizary,Challenger,432,52,,95,59
142,summoner-20047271,143,Descraton,Challenger,431,128,,409,374
143,summoner-28742820,144,Jast,Challenger,431,89,,150,111
144,summoner-41873475,145,The Eggsalad,Challenger,430,154,,568,533
145,summoner-32871226,146,Alex Blais,Challenger,430,64,,223,172
146,summoner-19577112,147,Bíg T,Challenger,429,107,,373,338
147,summoner-19912360,148,VERSACE JiNPACHi,Challenger,428,104,,297,254
148,summoner-41849159,149,GGEA Rodov,Challenger,428,92,,236,196
149,summoner-56829156,150,Laceration,Challenger,428,100,,200,160
150,summoner-1496,151,Valkrin,Challenger,427,65,,163,125
151,summoner-91507933,152,758ˉ,Challenger,425,68,,220,181
152,summoner-22638316,153,typty,Challenger,421,88,,178,141
153,summoner-21014987,154,lron Pyrite,Challenger,421,67,,141,108
154,summoner-70191897,155,adi0s,Challenger,419,52,,108,74
155,summoner-31929876,156,Arceesenpie,Challenger,418,65,,240,197
156,summoner-35092858,157,Challenger Eoba,Challenger,415,57,,179,110
157,summoner-37928970,158,Lesu,Challenger,413,177,,791,754
158,summoner-76609200,159,INF SolidSnake,Challenger,413,113,,300,267
159,summoner-24823450,160,Viel Glück,Challenger,413,66,,118,82
160,summoner-35890783,161,Jiu Jiu,Challenger,411,115,,332,287
161,summoner-19665819,162,Duocek,Challenger,409,96,,465,423
162,summoner-22231499,163,Washed Up,Challenger,407,83,,256,215
163,summoner-23907257,164,Janna Mechanics,Challenger,406,84,,256,215
164,summoner-88229545,165,Gate,Challenger,405,110,,240,209
165,summoner-27816311,166,N4omi,Challenger,405,68,,155,118
166,summoner-92319078,167,Nashor Tooth,Challenger,404,68,,241,193
167,summoner-28903785,168,YummiBananas,Challenger,403,135,,585,553
168,summoner-401063,169,xFSN Saber,Challenger,403,74,,167,134
169,summoner-28993829,170,xKace,Challenger,400,89,,223,190
170,summoner-36099357,171,Fapdo,Challenger,399,67,,158,118
171,summoner-32867184,172,Blitzt,Challenger,398,106,,200,165
172,summoner-20918669,173,elise player,Challenger,397,84,,243,229
173,summoner-46069412,174,foggedftw1,Challenger,397,61,,117,83
174,summoner-39040566,175,GGS Matt,Challenger,396,87,,345,315
175,summoner-93269094,176,Potluck,Challenger,394,72,,138,115
176,summoner-33419995,177,CopyAndPaste,Challenger,394,68,,129,99
177,summoner-46052203,178,B Solo Lane B,Challenger,393,94,,367,328
178,summoner-27110862,179,J D,Challenger,392,120,,414,365
179,summoner-55375727,180,Fated Enigma,Challenger,391,130,,496,455
180,summoner-89599264,181,D9 Grelly,Challenger,408,116,,484,453
181,summoner-20826894,182,Sleepyz,Challenger,388,110,,440,416
182,summoner-156090,183,Yassuo,Challenger,387,117,,497,466
183,summoner-87119170,184,OpTic Arrow,Challenger,387,86,,339,301
184,summoner-91729099,185,BOL4,Challenger,387,55,,160,123
185,summoner-19668604,186,Koukesito,Challenger,385,63,,182,137
186,summoner-36259319,187,Vchee,Challenger,384,84,,368,327
187,summoner-51949451,188,AD Nannies Pref,Challenger,384,85,,223,190
188,summoner-77252739,189,FUNKYFRAGAS32,Challenger,383,95,,420,382
189,summoner-95439134,190,olruol,Challenger,383,41,,79,56
190,summoner-77351819,191,Saskioo,Challenger,382,76,,198,161
191,summoner-50493382,192,sniperboy120,Challenger,382,54,,115,64
192,summoner-50690164,193,FakeGod,Challenger,382,51,,106,70
193,summoner-34268448,194,Forgotten Legend,Challenger,379,67,,172,137
194,summoner-22701102,195,EleJiggle,Challenger,375,109,,309,273
195,summoner-47836799,196,Liquid Hard,Challenger,372,69,,203,166
196,summoner-22478427,197,Biofrost,Challenger,371,78,,234,198
197,summoner-22350178,198,Cat VaIentine,Challenger,370,74,,240,199
198,summoner-34022147,199,Tuesdayy,Challenger,356,94,,318,293
199,summoner-51405,200,C9 Sneaky,Challenger,343,121,,452,408
200,summoner-29524444,201,atkins2,Master,377,98,,241,208
201,summoner-91429107,202,CLG Reignover,Master,370,65,,150,124
202,summoner-77720407,203,RaverDad,Master,369,104,,556,523
203,summoner-73170218,204,Miguel el toro,Master,369,90,,298,270
204,summoner-29221767,205,Abou222,Master,369,65,,158,112
205,summoner-24154639,206,yeedam,Master,363,72,,123,92
206,summoner-80240589,207,Toàn Tran,Master,363,48,,96,65
207,summoner-20072604,208,GGEA Abou222,Master,361,94,,272,239
208,summoner-55805197,209,Hyami,Master,359,92,,167,135
209,summoner-95439104,210,PRODUCTPLACEMENT,Master,357,40,,74,53
210,summoner-45661658,211,Bao Bao,Master,356,100,,237,207
211,summoner-54986862,212,Àsyc,Master,353,163,,826,802
212,summoner-21830641,213,Seuyan,Master,353,56,,158,107
213,summoner-44317220,214,Sheepp,Master,352,65,,259,193
214,summoner-21652056,215,Vìncent,Master,351,88,,300,266
215,summoner-32252808,216,WayneDwops,Master,350,86,,234,193
216,summoner-48365522,217,CroatianD,Master,350,107,,176,134
217,summoner-37447382,218,KlvA,Master,349,79,,147,109
218,summoner-20411671,219,Heisendong,Master,349,61,,130,97
219,summoner-20636732,220,Morïarty,Master,347,87,,404,377
220,summoner-23552941,221,deftIy,Master,346,85,,267,222
221,summoner-29773406,222,Tonington,Master,346,67,,168,137
222,summoner-38869932,223,tank jg player,Master,345,92,,207,177
223,summoner-83939135,224,jensenfanboy97,Master,345,51,,136,80
224,summoner-42060215,225,0 x omakase x 42,Master,343,102,,327,294
225,summoner-89530903,226,Shorter,Master,343,73,,264,227
226,summoner-95090711,227,DeafRef,Master,343,54,,191,141
227,summoner-19905517,228,ZzLegendary,Master,342,101,,196,158
228,summoner-31507479,229,foggedftw2,Master,341,53,,83,48
229,summoner-43147757,230,Twíns,Master,340,120,,296,195
230,summoner-47706407,231,FreshCreamCherry,Master,339,71,,244,209
231,summoner-29203966,232,Ino1,Master,333,118,,239,202
232,summoner-20877255,233,TCLB Tempest,Master,332,73,,281,204
233,summoner-36400685,234,AIIorim,Master,329,105,,360,337
234,summoner-36772244,235,Fuh Breeze,Master,327,102,,298,279
235,summoner-30580841,236,YkyLh,Master,326,98,,98,47
236,summoner-20305573,237,shochi,Master,325,113,,388,359
237,summoner-72849285,238,ChumpJohn Again,Master,324,56,,96,62
238,summoner-44141483,239,RubenxSWRD,Master,322,87,,348,318
239,summoner-66042977,240,TwTv KatEvolved,Master,320,91,,295,266
240,summoner-77489438,241,A Brand 1 Trick,Master,317,68,,195,164
241,summoner-19451735,242,homeboi,Master,316,97,,373,347
242,summoner-82789571,243,flameflameflame,Master,314,69,,239,208
243,summoner-46531569,244,iKinggVex,Master,293,166,,783,757
244,summoner-95439156,245,sky island,Master,312,49,,160,140
245,summoner-36100051,246,DirtyMobs,Master,279,101,,385,349
246,summoner-77661150,247,good nightt,Master,310,58,,178,113
247,summoner-31274923,248,Lovefury,Master,307,110,,296,265
248,summoner-24449785,249,that808gamer,Master,307,91,,234,205
249,summoner-63291,250,Sunset,Master,303,174,,784,744
250,summoner-77251686,251,TRIBORDKINGDOM63,Master,302,85,,298,264
251,summoner-42133105,252,GGEA Strompest,Master,300,69,,184,148
252,summoner-48321237,253,MouseArt,Master,316,166,,778,752
253,summoner-84389222,254,Meta,Master,296,66,,163,139
254,summoner-90782595,255,Judge Doom,Master,295,75,,163,131
255,summoner-19875787,256,Crab Battle,Master,295,56,,126,96
256,summoner-19296564,257,fwii,Master,294,104,,252,230
257,summoner-62374009,258,wlswlgkrprkwmdk,Master,294,53,,196,156
258,summoner-32909693,259,IVIODE,Master,293,88,,386,327
259,summoner-92610081,260,Gáme1234,Master,312,64,,300,225
260,summoner-20687868,261,Gabex,Master,291,89,,281,237
261,summoner-62630267,262,KlonkGronkZonk,Master,290,88,,208,180
262,summoner-39561509,263,JuIius,Master,269,162,,791,763
263,summoner-23350752,264,Zeyzal,Master,287,61,,174,146
264,summoner-32705024,265,Falcon God,Master,286,63,,183,156
265,summoner-73136544,266,Feí,Master,285,81,,201,157
266,summoner-39877298,267,lae young,Master,285,53,,136,105
267,summoner-56365425,268,Johnaay,Master,284,90,,178,145
268,summoner-61542283,269,huhi,Master,283,86,,243,217
269,summoner-23162732,270,Byeong Hoon Lee,Master,283,89,,222,200
270,summoner-31281326,271,MaGeRdAnGeR,Master,281,74,,195,169
271,summoner-20902946,272,Oppai God,Master,281,72,,181,153
272,summoner-66832087,273,sexyminou,Master,279,77,,300,269
273,summoner-45191640,274,ChadYasuoMain,Master,279,124,,224,192
274,summoner-25022297,275,Omot,Master,279,98,,112,77
275,summoner-95739079,276,0nxn,Master,279,35,,55,26
276,summoner-32392626,277,Dhokla,Master,277,97,,342,321
277,summoner-66929247,278,Liquid Joey,Master,277,73,,208,186
278,summoner-70339477,279,Rapidx,Master,271,121,,552,519
279,summoner-20920347,280,H4xDefender,Master,271,83,,298,269
280,summoner-24793304,281,Roronoa Zary,Master,244,58,,171,138
281,summoner-24449515,282,Savast,Master,263,106,,274,245
282,summoner-82950710,283,NA is a coinflip,Master,263,56,,101,71
283,summoner-21201241,284,Auberaun,Master,260,79,,192,162
284,summoner-95029399,285,lIIIlllIIllIlIlI,Master,259,42,,91,44
285,summoner-75111441,286,WSL Bae Bae,Master,255,116,,120,77
286,summoner-62240420,287,le fwii,Master,254,49,,94,24
287,summoner-44841787,288,MooseHater,Master,253,97,,291,273
288,summoner-38111839,289,Candice,Master,253,69,,226,197
289,summoner-40279866,290,Krmx,Master,253,72,,218,190
290,summoner-89909122,291,light b,Master,252,70,,149,116
291,summoner-23965783,292,Titan Dweevil,Master,251,111,,450,416
292,summoner-82962549,293,10 IQ PLAYER,Master,250,98,,231,196
293,summoner-91270727,294,cute loli gf,Master,250,44,,127,73
294,summoner-66241634,295,TwTv Vchee,Master,230,60,,243,147
295,summoner-25232745,296,TwTv ChaseShaco,Master,249,63,,176,150
296,summoner-36119978,297,Kazahana,Master,249,104,,175,150
297,summoner-57039082,298,boI4,Master,248,50,,151,124
298,summoner-88669121,299,Akaadian,Master,248,55,,74,43
299,summoner-92969097,300,Ruler CoreJJ,Master,246,47,,122,102
300,summoner-40984753,301,GangstahSwerve,Master,244,43,,79,51
301,summoner-22789590,302,Nami Fish Hentai,Master,243,120,,194,162
302,summoner-50638481,303,supercoolisaac,Master,243,134,,152,120
303,summoner-21814281,304,TALON1V9,Master,242,55,,162,97
304,summoner-28432690,305,Zud,Master,240,88,,195,157
305,summoner-34084652,306,I Dislike Solo Q,Master,240,55,,157,128
306,summoner-72903789,307,LimitTester,Master,239,46,,101,69
307,summoner-45451524,308,Løst Boy,Master,237,103,,352,316
308,summoner-1681,309,TCLB Robin NA,Master,233,100,,455,360
309,summoner-45186258,310,lc0nic,Master,231,70,,139,107
310,summoner-22417049,311,Cuyo,Master,225,86,,261,239
311,summoner-51758381,312,TN Vampire,Master,225,106,,212,138
312,summoner-70173009,313,Maiyatang,Master,224,258,,682,644
313,summoner-28943582,314,CP Freeze,Master,224,89,,310,273
314,summoner-91634369,315,Origami X,Master,223,56,,195,127
315,summoner-89190126,316,Toxic Vietnamese,Master,223,108,,148,111
316,summoner-77589227,317,Šœ  VIP  Šœ,Master,223,78,,140,99
317,summoner-42018127,318,Eclipseˉ,Master,222,65,,211,167
318,summoner-25005620,319,Mcbaze,Master,221,92,,378,345
319,summoner-518475,320,Cat Girl Sakuya,Master,221,60,,163,124
320,summoner-10077,321,scarra,Master,220,111,,547,527
321,summoner-91329284,322,Sllfer,Master,220,42,,88,40
322,summoner-22447403,323,PrismaI,Master,218,93,,260,233
323,summoner-46062118,324,I Am Smexy,Master,218,64,,107,67
324,summoner-37094087,325,Ben9813,Master,218,45,,99,60
325,summoner-56797519,326,Kewlipo,Master,217,124,,483,455
326,summoner-74450973,327,Fiona So Cute,Master,216,94,,161,89
327,summoner-579475,328,dawolfsfang,Master,216,54,,159,138
328,summoner-31804039,329,oGoDs,Master,216,66,,125,98
329,summoner-24877618,330,Vares,Master,213,121,,353,322
330,summoner-22775683,331,Zero Pressure xD,Master,213,66,,210,165
331,summoner-50928107,332,FEED SPLIT THROW,Master,213,62,,91,49
332,summoner-22696988,333,TheOddOrange,Master,211,83,,210,186
333,summoner-31781756,334,Mac,Master,211,81,,208,145
334,summoner-24412033,335,Sexy Yaoi Prince,Master,210,107,,312,281
335,summoner-23245665,336,Scrandor,Master,202,122,,587,566
336,summoner-45678930,337,MattyMooo,Master,202,113,,408,388
337,summoner-20123146,338,AND 1 AIDAN,Master,201,95,,309,278
338,summoner-48547745,339,Diamond Police,Master,201,93,,281,257
339,summoner-88669168,340,Mid braum only,Master,201,41,,90,56
340,summoner-57302617,341,Dragonmin,Master,201,42,,67,22
341,summoner-20694079,342,Day after day,Master,217,99,,426,407
342,summoner-43225114,343,Necroside,Master,200,94,,166,136
343,summoner-69129243,344,GDX,Master,200,131,,102,58
344,summoner-41335915,345,Sahatsu,Master,198,120,,256,230
345,summoner-68459235,346,Yuki S2,Master,197,118,,356,324
346,summoner-21794465,347,chowdong,Master,197,70,,198,171
347,summoner-70011915,348,moon b,Master,195,86,,268,235
348,summoner-52326216,349,papa croc romanm,Master,194,65,,223,192
349,summoner-22991489,350,Tangularx,Master,193,99,,423,399
350,summoner-28781699,351,Shupian,Master,192,98,,172,144
351,summoner-94519219,352,xXxGodPlayerxXx,Master,190,48,,120,90
352,summoner-35590582,353,Annie Bot,Master,189,196,,1011,984
353,summoner-22835956,354,RenektonTopOnly,Master,189,126,,624,581
354,summoner-38883756,355,luggindy,Master,189,72,,183,148
355,summoner-19470447,356,Minishcap1,Master,189,68,,128,101
356,summoner-29194631,357,Alicopter,Master,186,143,,505,484
357,summoner-22292020,358,CIyde,Master,186,118,,338,321
358,summoner-60615460,359,Charming Gay Guy,Master,186,55,,168,97
359,summoner-22858406,360,KAYLE OTP BABY,Master,184,129,,378,355
360,summoner-83282990,361,monkarS,Master,184,67,,196,170
361,summoner-43079579,362,My melody,Master,183,166,,191,163
362,summoner-93579190,363,Pykeman,Master,182,43,,103,81
363,summoner-31213574,364,Swkeeee,Master,181,143,,245,206
364,summoner-25285716,365,Haanii,Master,181,72,,118,90
365,summoner-80979709,366,Pants are JłZZ,Master,180,100,,298,273
366,summoner-23723309,367,Ordinn,Master,180,87,,197,168
367,summoner-21003343,368,Wookin,Master,180,68,,81,51
368,summoner-432695,369,Lethal Zedster,Master,176,48,,129,106
369,summoner-19715873,370,Gerardo Ortiz,Master,175,53,,128,95
370,summoner-88109144,371,Bardly Missed,Master,192,98,,512,459
371,summoner-22415968,372,Real Danijrm,Master,174,66,,264,222
372,summoner-50363420,373,duoshark1,Master,174,81,,207,185
373,summoner-20724263,374,Mozart The 2nd,Master,174,49,,115,75
374,summoner-38709082,375,Soju,Master,172,89,,284,248
375,summoner-92392897,376,A GR4SS,Master,172,64,,244,184
376,summoner-22073036,377,Breakbot,Master,170,108,,269,235
377,summoner-89031504,378,I worry,Master,170,57,,96,62
378,summoner-19906739,379,Virus,Master,169,92,,319,282
379,summoner-39933019,380,Taco,Master,169,61,,195,167
380,summoner-32556358,381,Gamer Girl,Master,168,108,,245,226
381,summoner-78739135,382,Feox,Master,167,60,,157,119
382,summoner-22058902,383,Flaresz,Master,167,55,,73,54
383,summoner-24391662,384,was good in s6,Master,166,107,,367,343
384,summoner-70359148,385,Tony Supp,Master,166,75,,215,199
385,summoner-78771213,386,Tabulae,Master,166,57,,171,134
386,summoner-47005597,387,IWU Fizzi,Master,166,56,,153,94
387,summoner-30266347,388,Piggy Kitten,Master,165,154,,837,809
388,summoner-19777052,389,GeneralMint,Master,165,97,,270,247
389,summoner-28682326,390,wispe,Master,164,161,,408,378
390,summoner-41745040,391,Competition2,Master,163,202,,616,591
391,summoner-43873947,392,Boyyyyyyyyyyyyyy,Master,163,89,,110,87
392,summoner-22639840,393,Bryanmanlet,Master,162,84,,242,206
393,summoner-40655603,394,Copari,Master,161,85,,204,181
394,summoner-31383720,395,Terrified dog,Master,160,55,,165,133
395,summoner-50453166,396,Boosted bot,Master,158,223,,1251,1223
396,summoner-45164529,397,KANGSEUNGLOKSFAN,Master,158,80,,167,143
397,summoner-21107682,398,Hillside Boys,Master,157,168,,689,647
398,summoner-20112175,399,Rohammers,Master,157,111,,484,467
399,summoner-82789170,400,TL Cain,Master,157,68,,268,234
400,summoner-21978925,401,SlapPorkChop,Master,157,79,,224,202
401,summoner-69883340,402,iwhenzhou,Master,157,145,,189,162
402,summoner-390600,403,Meteos,Master,157,94,,178,151
403,summoner-62605523,404,Resuna,Master,156,49,,141,73
404,summoner-20640052,405,XPsionicsx,Master,155,73,,225,200
405,summoner-50493444,406,Coltre,Master,155,165,,97,59
406,summoner-45126443,407,Jg2,Master,154,80,,361,336
407,summoner-19061980,408,Lourlo,Master,154,99,,240,208
408,summoner-95699530,409,Con sentiment,Master,154,43,,99,41
409,summoner-23213125,410,mimi styIe,Master,154,114,,83,58
410,summoner-47212115,411,Tactical,Master,153,93,,248,224
411,summoner-23624997,412,Evop,Master,153,51,,184,125
412,summoner-20132258,413,Doublelift,Master,152,78,,142,119
413,summoner-76832011,414,XChanX,Master,152,70,,129,95
414,summoner-27381932,415,chepa candela,Master,151,93,,366,345
415,summoner-56614125,416,ibara2,Master,150,93,,338,300
416,summoner-492066,417,SimplyHai,Master,150,85,,280,259
417,summoner-32178528,418,Weeknd,Master,149,91,,366,344
418,summoner-84509505,419,GGEA eThug,Master,148,77,,149,120
419,summoner-87599515,420,Raverboy,Master,147,111,,256,226
420,summoner-29699937,421,Kholin,Master,147,52,,153,123
421,summoner-38841069,422,Ikzencriel,Master,146,128,,540,520
422,summoner-19663548,423,TwTvTastyPotatox,Master,146,73,,232,198
423,summoner-21728063,424,tebomb2,Master,145,44,,63,28
424,summoner-27809820,425,jbraggs,Master,143,133,,489,466
425,summoner-442232,426,aphromoo,Master,143,217,,362,344
426,summoner-48318695,427,nxi,Master,143,69,,175,135
427,summoner-77003254,428,footnote,Master,142,49,,125,71
428,summoner-21189658,429,jakobjames,Master,141,58,,63,37
429,summoner-51075422,430,Hopefulqt,Master,140,96,,236,206
430,summoner-50185236,431,xFSN Sakura,Master,140,51,,102,70
431,summoner-28299232,432,Anderz,Master,139,98,,196,165
432,summoner-32576527,433,Danwel,Master,137,117,,471,447
433,summoner-78059635,434,MACACO,Master,135,91,,236,206
434,summoner-91601980,435,llIIllIIlll,Master,134,54,,147,108
435,summoner-75281603,436,Catria,Master,133,109,,225,194
436,summoner-35703236,437,PieCakeLord,Master,132,106,,473,455
437,summoner-19725432,438,riste,Master,130,167,,722,693
438,summoner-44946228,439,ˆTwice Sanaˆ,Master,130,95,,145,117
439,summoner-35400880,440,AxelsFinalFlame,Master,130,66,,139,115
440,summoner-89382678,441,UBCKNIFE,Master,130,46,,134,83
441,summoner-90811612,442,TwTv 6ixgodmemes,Master,127,53,,116,64
442,summoner-30107400,443,BlueHole,Master,126,86,,158,90
443,summoner-28840804,444,Dr Saline PhD,Master,125,95,,410,380
444,summoner-30936371,445,Jayms,Master,125,67,,162,149
445,summoner-31687588,446,Freeze,Master,125,60,,99,76
446,summoner-24153216,447,TwTvJakehoffmann,Master,123,104,,483,427
447,summoner-92659418,448,beat saber main,Master,123,45,,116,89
448,summoner-39957695,449,røvex,Master,122,107,,480,470
449,summoner-50521814,450,VelIeity,Master,122,119,,442,383
450,summoner-26712726,451,OFFLINETV REJECT,Master,122,61,,212,186
451,summoner-29770257,452,Giraffe Hugs,Master,120,82,,139,116
452,summoner-29593986,453,Èssence,Master,118,115,,405,379
453,summoner-46354722,454,Oricorio,Master,118,104,,194,168
454,summoner-49013115,455,DeadlyTwitches,Master,117,118,,179,153
455,summoner-37341012,456,Zykoˉ,Master,116,101,,302,273
456,summoner-77269277,457,it viper,Master,116,100,,284,272
457,summoner-61925463,458,Wixxi,Master,115,95,,185,153
458,summoner-21955448,459,Zuardian,Master,114,127,,472,447
459,summoner-25276169,460,argv,Master,114,102,,281,250
460,summoner-45038172,461,Sir Celery,Master,114,104,,188,164
461,summoner-22341069,462,please plan ahea,Master,114,55,,170,134
462,summoner-22180208,463,Chasing Summer,Master,114,75,,105,86
463,summoner-23467785,464,WARMACHINE HYPER,Master,113,214,,700,678
464,summoner-82759189,465,Mar de Copas,Master,112,94,,300,279
465,summoner-25367460,466,Mnew,Master,112,82,,214,185
466,summoner-51473426,467,Repobah,Master,111,165,,301,271
467,summoner-31632622,468,XsYz,Master,111,69,,182,161
468,summoner-23890102,469,YoItsK,Master,110,138,,451,420
469,summoner-25078968,470,TheOddTurtle,Master,109,96,,296,269
470,summoner-47647040,471,BestInTown,Master,108,46,,104,64
471,summoner-21905240,472,I Have Sisu,Master,107,125,,647,623
472,summoner-19199530,473,Xpecial,Master,107,88,,198,177
473,summoner-30372420,474,Shimatora,Master,106,121,,316,287
474,summoner-20577176,475,ooo la la,Master,106,86,,220,191
475,summoner-37532228,476,byebyee,Master,105,105,,268,234
476,summoner-28329959,477,Zib Nibbler,Master,105,70,,123,95
477,summoner-27282584,478,KOGMAWWWWW,Master,104,103,,473,446
478,summoner-92659402,479,Yubi,Master,104,38,,63,47
479,summoner-44594721,480,Zeroˉ,Master,121,129,,500,473
480,summoner-32005448,481,Pros,Master,103,74,,205,178
481,summoner-39003930,482,어쩌면,Master,101,98,,228,201
482,summoner-43276966,483,Eric Zhao,Master,101,97,,226,193
483,summoner-20414291,484,Protòtype,Master,100,163,,840,792
484,summoner-76912916,485,Rose Queen,Master,100,124,,333,289
485,summoner-53801673,486,Dziarmaga,Master,100,71,,241,211
486,summoner-63668454,487,Desired Game,Master,100,52,,199,102
487,summoner-36512012,488,Body Those Fools,Master,99,92,,147,121
488,summoner-20611031,489,An Obese Panda,Master,99,99,,136,114
489,summoner-31588136,490,CLG Auto,Master,97,100,,450,421
490,summoner-138243,491,Kimchi the Cat,Master,97,137,,439,410
491,summoner-19285521,492,ColombiaParce,Master,97,94,,328,306
492,summoner-37278467,493,Cyrano,Master,97,135,,253,228
493,summoner-91729110,494,CG Febiven,Master,97,80,,251,211
494,summoner-28909573,495,tiltmaster123,Master,97,59,,204,172
495,summoner-19594516,496,Tainted By LoL,Master,96,95,,319,292
496,summoner-60930238,497,ImASuperNiceGuy,Master,95,118,,209,182
497,summoner-23941212,498,toez1,Master,94,64,,182,154
498,summoner-24399368,499,KingGeorgie,Master,93,152,,391,366
499,summoner-80301228,500,Godspica,Master,93,69,,166,141
500,summoner-49943354,501,Dekar,Master,93,49,,148,118
501,summoner-40846506,502,Gavotto,Master,93,51,,129,102
502,summoner-20978232,503,ItsYourChoice,Master,91,109,,393,368
503,summoner-51094671,504,Eivu,Master,91,84,,336,308
504,summoner-26785144,505,콘돔꺼내기,Master,91,71,,176,153
505,summoner-35336480,506,Outclass,Master,90,107,,397,376
506,summoner-22476330,507,Minah,Master,90,95,,236,223
507,summoner-77729240,508,LohpalIy,Master,89,86,,257,233
508,summoner-22304250,509,Hot Ruffles,Master,88,67,,174,124
509,summoner-57539102,510,sesamo,Master,88,68,,136,113
510,summoner-95729083,511,Known Dicer,Master,88,40,,79,53
511,summoner-66879182,512,Dilena Dimitrova,Master,87,106,,340,312
512,summoner-35702501,513,cokes,Master,87,99,,273,246
513,summoner-24598046,514,time time time,Master,87,52,,130,98
514,summoner-38334154,515,Shmekek,Master,86,99,,202,171
515,summoner-34042136,516,Sayonaraaaaa,Master,86,59,,151,128
516,summoner-60745150,517,InvladName,Master,84,141,,428,406
517,summoner-37145047,518,Gli,Master,84,108,,224,202
518,summoner-32004867,519,Alexandtheo,Master,84,77,,132,107
519,summoner-55815684,520,Deweyyy,Master,84,129,,113,80
520,summoner-71661569,521,Spin,Master,83,169,,247,216
521,summoner-34951738,522,Super Limp Díck,Master,83,67,,125,102
522,summoner-76920234,523,Comminatory,Master,83,48,,67,32
523,summoner-23702362,524,xRequiem,Master,80,87,,200,176
524,summoner-51153743,525,Unreal Player,Master,80,49,,195,86
525,summoner-19976104,526,Kkeptt,Master,80,52,,165,103
526,summoner-88059115,527,eGirl cosplay,Master,80,47,,135,96
527,summoner-44116382,528,7500dollar,Master,59,73,,263,188
528,summoner-20001980,529,BenjiStax,Master,77,65,,208,182
529,summoner-53339424,530,MeIo,Master,75,98,,305,251
530,summoner-72379811,531,James Jeongˉ,Master,75,74,,271,222
531,summoner-90593491,532,Carthage,Master,75,67,,190,160
532,summoner-54845887,533,kyroo1,Master,75,108,,173,144
533,summoner-50247046,534,nadox,Master,73,89,,506,443
534,summoner-83709100,535,KhaliDino,Master,89,134,,562,532
535,summoner-23769101,536,Wazabiee,Master,72,96,,310,281
536,summoner-38384168,537,SaltwaterScourge,Master,72,105,,237,209
537,summoner-78670850,538,twtv Lohpally,Master,71,86,,286,260
538,summoner-67709962,539,LostFizz,Master,70,129,,291,244
539,summoner-90839081,540,IIllIlIlIlIIIlll,Master,70,73,,221,201
540,summoner-90342456,541,Tyto alba alba,Master,70,65,,186,141
541,summoner-19139093,542,Redmercy,Master,70,68,,179,154
542,summoner-22742359,543,Magi1234,Master,70,92,,108,88
543,summoner-28454336,544,DarkX,Master,69,134,,467,441
544,summoner-38091945,545,Zenden,Master,69,66,,199,173
545,summoner-47442009,546,OvO Memes,Master,68,115,,337,320
546,summoner-28948871,547,Fun Carnage,Master,68,86,,237,216
547,summoner-46560088,548,DeDrater,Master,68,52,,145,107
548,summoner-91655533,549,chicken and rice,Master,67,49,,145,83
549,summoner-75169835,550,Prødigious,Master,64,55,,159,121
550,summoner-34983603,551,Licorice,Master,64,69,,79,59
551,summoner-40432671,552,refiningg,Master,63,47,,125,78
552,summoner-20220845,553,Nikkone,Master,62,95,,208,192
553,summoner-51046657,554,freyhacks,Master,62,68,,176,138
554,summoner-48211258,555,Spºoky,Master,62,90,,126,102
555,summoner-50759303,556,IWCrackinate,Master,62,55,,122,96
556,summoner-30314638,557,DarkWingsForSale,Master,61,82,,175,153
557,summoner-36447212,558,AsianSGpotato,Master,61,122,,107,85
558,summoner-34961913,559,Dark Nostalgicee,Master,60,82,,343,306
559,summoner-77191631,560,Kítzuo,Master,60,99,,334,296
560,summoner-45520517,561,ioki,Master,60,100,,256,221
561,summoner-85339564,562,JB hai,Master,59,97,,178,148
562,summoner-129380,563,steeleye70,Master,58,84,,247,233
563,summoner-23414336,564,Went,Master,58,49,,139,93
564,summoner-37370762,565,Im Avi,Master,58,43,,105,50
565,summoner-49089505,566,Solitified,Master,57,146,,371,322
566,summoner-78430986,567,Tony Mid,Master,57,73,,314,264
567,summoner-19806051,568,Str1fe,Master,57,89,,180,164
568,summoner-41989378,569,Lx1angTNT,Master,57,52,,122,96
569,summoner-20794181,570,vStarzzz,Master,56,120,,483,460
570,summoner-31925096,571,OSTRlCH,Master,55,101,,247,212
571,summoner-19979141,572,Was Fun,Master,55,82,,192,167
572,summoner-86839671,573,Swifte1,Master,55,43,,101,55
573,summoner-24801053,574,gLucy,Master,54,93,,132,111
574,summoner-30709643,575,Jazzawhitz,Master,54,55,,110,79
575,summoner-81859355,576,pandapants363,Master,54,41,,95,46
576,summoner-41643804,577,Vakin,Master,52,133,,366,345
577,summoner-19537654,578,DEMIGOD,Master,52,125,,283,211
578,summoner-36776514,579,Reza Y Dispara,Master,52,49,,145,90
579,summoner-89259289,580,Bobbyˉ,Master,52,125,,103,74
580,summoner-35778585,581,Nimdle,Master,51,82,,185,160
581,summoner-29317015,582,cheisu,Master,51,64,,107,83
582,summoner-20312461,583,Felfire,Master,50,109,,355,331
583,summoner-35122558,584,ChaseShaco,Master,50,61,,152,124
584,summoner-92949232,585,L 5 22 9,Master,49,92,,482,419
585,summoner-48556616,586,DLQQ  418640110,Master,49,58,,97,67
586,summoner-75209208,587,Purrple Socks,Master,48,101,,366,338
587,summoner-19267108,588,Panunu,Master,46,90,,185,161
588,summoner-49660821,589,Ducks Of Swag,Master,45,108,,272,244
589,summoner-35095512,590,Enrique5pe,Master,65,77,,248,214
590,summoner-19353105,591,Rekeri,Master,44,79,,227,201
591,summoner-92009905,592,show us de way,Master,44,49,,123,68
592,summoner-32016710,593,Noobkiller291,Master,42,112,,276,260
593,summoner-34865135,594,Tadae,Master,42,91,,251,214
594,summoner-83262877,595,SkinnierJGWins,Master,42,61,,194,176
595,summoner-45101564,596,dmario7,Master,41,88,,453,429
596,summoner-19804632,597,Forest Within,Master,41,84,,438,363
597,summoner-23887566,598,CookiesforSanta,Master,41,86,,102,77
598,summoner-21289125,599,Łast Hit,Master,40,101,,136,109
599,summoner-85640077,600,LeEpicMemerino,Master,39,97,,268,246
600,summoner-325903,601,Aglow,Master,39,93,,205,179
601,summoner-30575166,602,Locke Lamora,Master,38,133,,315,293
602,summoner-27931416,603,PDS Zelt,Master,38,89,,286,271
603,summoner-19599117,604,Bes,Master,38,106,,228,206
604,summoner-80670380,605,Týler,Master,38,146,,166,140
605,summoner-19758519,606,MU Wolfe,Master,37,84,,193,171
606,summoner-23157360,607,PhillyFan,Master,35,111,,223,204
607,summoner-21456134,608,say bye,Master,35,93,,75,55
608,summoner-20400026,609,Tèmpo,Master,34,103,,390,362
609,summoner-65821215,610,i will make it,Master,34,64,,142,113
610,summoner-47066009,611,ądc,Master,33,94,,197,162
611,summoner-91749086,612,fear guilt greed,Master,33,64,,172,150
612,summoner-67119126,613,BrownManDarius 2,Master,32,110,,459,421
613,summoner-43631740,614,Agent Frost,Master,32,203,,372,336
614,summoner-43774722,615,Nathaniel Mcgee,Master,32,108,,276,249
615,summoner-90610341,616,only a feeling,Master,32,48,,108,75
616,summoner-45668239,617,KillerUnit,Master,31,136,,453,436
617,summoner-32627897,618,Potty,Master,31,112,,315,282
618,summoner-29653038,619,Winfield,Master,31,96,,153,132
619,summoner-50983694,620,OpenBaepack,Master,31,60,,123,91
620,summoner-22922261,621,yak0,Master,29,60,,106,85
621,summoner-92273259,622,mid 3,Master,28,93,,493,441
622,summoner-21343018,623,kek pepe,Master,28,87,,284,257
623,summoner-40758939,624,Dgkano,Master,28,104,,231,207
624,summoner-77350765,625,Zentinel,Master,28,60,,88,63
625,summoner-19887289,626,Imaqtpie,Master,27,171,,831,812
626,summoner-23855467,627,Shorthop,Master,27,112,,284,250
627,summoner-24292975,628,CHOKE ME 002,Master,27,78,,268,218
628,summoner-20813251,629,Moelester Squad,Master,26,110,,373,355
629,summoner-28879653,630,Fiddle Jungle,Master,26,85,,224,198
630,summoner-76019310,631,Bulgarian Legend,Master,26,43,,103,68
631,summoner-89060974,632,uninspired tool,Master,25,47,,86,57
632,summoner-43083155,633,Meals,Master,24,85,,112,83
633,summoner-41213210,634,DrewDozer,Master,23,115,,313,273
634,summoner-35570736,635,camtheham,Master,23,72,,157,130
635,summoner-91647488,636,LL Justice,Master,6,66,,204,155
636,summoner-21390175,637,Branch of Fate,Master,21,109,,427,394
637,summoner-40661961,638,The Tank Man,Master,21,99,,339,309
638,summoner-265174,639,Thien Chau1,Master,21,79,,298,272
639,summoner-46385711,640,Treysh,Master,21,98,,176,157
640,summoner-19617276,641,OPW,Master,21,57,,112,94
641,summoner-48443712,642,ChaosRain,Master,20,130,,476,451
642,summoner-51678063,643,dumpa,Master,20,97,,304,276
643,summoner-36761613,644,walang elo,Master,20,89,,264,245
644,summoner-78650221,645,GIVE ZWAG MID,Master,20,67,,231,189
645,summoner-94849180,646,Ryleo,Master,20,49,,145,88
646,summoner-20755388,647,TFW Shupian,Master,20,70,,128,90
647,summoner-22129599,648,pick lulu or int,Master,20,40,,91,43
648,summoner-19661419,649,HoloLO2,Master,20,43,,89,44
649,summoner-34563833,650,Clasiik,Master,19,125,,406,380
650,summoner-19673077,651,Yoshi,Master,19,98,,315,295
651,summoner-34225884,652,Blazed Nova,Master,18,121,,351,323
652,summoner-20032190,653,VanillaHomocide,Master,18,136,,245,219
653,summoner-67872603,654,Kailhua,Master,18,81,,160,134
654,summoner-94390722,655,lobzik005,Master,18,49,,107,62
655,summoner-20131827,656,Frostalicious,Master,18,60,,80,60
656,summoner-20350623,657,Guess da number,Master,17,94,,297,276
657,summoner-50208688,658,TC porsche,Master,17,104,,109,70
658,summoner-88702082,659,IlllIlIIIIII,Master,14,57,,151,129
659,summoner-58608963,660,My First Love,Master,13,121,,155,131
660,summoner-75169605,661,twitchtv Eoba,Master,13,58,,134,98
661,summoner-20886395,662,BeNice2EachOther,Master,12,97,,243,214
662,summoner-35422510,663,The Kinjaz,Master,12,142,,140,102
663,summoner-50576811,664,its ok to be sad,Master,12,49,,82,58
664,summoner-21701239,665,bobqinXD,Master,11,58,,138,115
665,summoner-75649166,666,Disagre3,Master,10,150,,522,503
666,summoner-19979867,667,boom u dead,Master,10,87,,154,121
667,summoner-64793095,668,Ttv fwiizone,Master,10,50,,44,13
668,summoner-46702979,669,Redrouger,Master,9,130,,459,414
669,summoner-47692546,670,HumanCentipedes,Master,9,75,,207,188
670,summoner-34109087,671,Rem,Master,9,83,,194,173
671,summoner-50731308,672,ShrektangIe,Master,8,97,,233,201
672,summoner-45795786,673,Veiv,Master,7,138,,481,452
673,summoner-67089674,674,DLQQ 459680082,Master,6,48,,117,84
674,summoner-27476501,675,Joju,Master,4,134,,453,437
675,summoner-91959940,676,Thats Not Fervor,Master,4,69,,177,123
676,summoner-94189199,677,pu capable,Master,2,77,,359,338
677,summoner-59991269,678,Neko Nico Nii,Master,2,63,,213,174
678,summoner-21629269,679,Beny,Master,1,60,,140,115
679,summoner-53310208,680,JUYOUSO,Master,0,196,,1094,1026
680,summoner-30184991,681,Big Daddy Ed,Master,0,121,,658,625
681,summoner-74699197,682,Myn Dosa,Master,0,147,,651,629
682,summoner-89259101,683,SON OF KILLY,Master,0,115,,557,533
683,summoner-53026797,684,Jayton,Master,0,144,,476,457
684,summoner-22192687,685,Gweiss,Master,20,156,,455,443
685,summoner-21295651,686,Papìllon,Master,0,101,,443,424
686,summoner-25328716,687,esrgjnkjnkbdfdsg,Master,0,104,,434,416
687,summoner-24724018,688,Willie fkn P,Master,0,79,,399,354
688,summoner-39833053,689,Chase Kip,Master,0,139,,391,366
689,summoner-30453138,690,topsologg,Master,0,124,,389,367
690,summoner-32355,691,AquaBlue,Master,0,110,,384,360
691,summoner-24762213,692,Devolve,Master,0,127,,379,325
692,summoner-22178565,693,Swoofyy,Master,0,90,,370,334
693,summoner-35261170,694,DoughnutDrew,Master,0,129,,356,339
694,summoner-23679160,695,Barry Buggles,Master,0,127,,356,322
695,summoner-32360751,696,Frostynomad,Master,0,93,,355,337
696,summoner-40242205,697,Shalissa,Master,0,105,,354,323
697,summoner-37091701,698,sad idiot loser,Master,0,162,,350,328
698,summoner-27664334,699,Rëol,Master,0,100,,330,306
699,summoner-30045762,700,Kumo9,Master,0,94,,326,295
700,summoner-31209421,701,Captain Nuke,Master,0,87,,310,294
701,summoner-25354620,702,Do u kno da whey,Master,0,77,,307,282
702,summoner-42239629,703,NoticedMeSenpai,Master,0,111,,283,260
703,summoner-35293242,704,Paratendo,Master,0,114,,279,254
704,summoner-31233054,705,THE Jons,Master,0,90,,271,249
705,summoner-76463232,706,CLG Ravey,Master,0,72,,252,229
706,summoner-53152792,707,The Crab Hunter,Master,0,104,,243,216
707,summoner-38089165,708,SETNAVREC,Master,0,100,,235,213
708,summoner-22426834,709,Uiaso,Master,0,94,,234,207
709,summoner-28640868,710,PandaSean,Master,0,84,,224,183
710,summoner-31440065,711,PRoHAppyCAmper,Master,0,77,,221,192
711,summoner-20832166,712,Chubymonkey,Master,0,78,,217,194
712,summoner-91969888,713,I Cook You Pay,Master,0,71,,209,152
713,summoner-21092237,714,Screamer,Master,0,89,,206,189
714,summoner-47772583,715,A Noisy Aunt,Master,0,93,,192,159
715,summoner-35219566,716,Inteare hasta D5,Master,0,63,,182,168
716,summoner-48310516,717,Pyeong Chang,Master,0,74,,174,145
717,summoner-89039212,718,Internecinus,Master,0,232,,174,129
718,summoner-31291239,719,Akeelo,Master,0,67,,164,136
719,summoner-39642481,720,Beyoutiful,Master,0,128,,153,134
720,summoner-92539882,721,Kaisa player1,Master,0,48,,149,92
721,summoner-39480396,722,A Ganker,Master,0,82,,138,111
722,summoner-25599243,723,WsT Goxtry,Master,18,69,,138,122
723,summoner-34665452,724,Tomoebi,Master,0,106,,132,106
724,summoner-45660180,725,Horseie,Master,0,68,,130,104
725,summoner-21705406,726,Link,Master,0,57,,129,104
726,summoner-23450268,727,GTL,Master,0,72,,126,88
727,summoner-39630512,728,davidroo,Master,0,78,,119,99
728,summoner-35798660,729,Plabatey,Master,0,90,,118,96
729,summoner-93269098,730,decentplayer53,Master,0,46,,118,87
730,summoner-45000894,731,k2c,Master,0,57,,116,96
731,summoner-40017716,732,Choisix,Master,0,58,,116,86
732,summoner-85660385,733,mental boomin,Master,0,45,,113,84
733,summoner-375919,734,toez,Master,0,53,,108,92
734,summoner-46127893,735,NoMercy,Master,0,48,,94,75
735,summoner-44512813,736,Nickchiponfire,Master,0,125,,91,63
736,summoner-21957142,737,dog2 mf,Master,0,41,,81,51
737,summoner-564332,738,wow nice meta,Master,0,40,,76,35
738,summoner-26204099,739,DeadSockGuy,Master,0,35,,61,16
739,summoner-52081339,740,SLappY NasTy,Master,0,35,,61,16
740,summoner-44989337,741,C9 Gun,Master,0,41,,47,17
741,summoner-25211762,742,MetaSolaray,Diamond 1,100,143,,656,630
742,summoner-87230278,743,Not2Clean,Diamond 1,100,141,,528,513
743,summoner-19068435,744,Midorima,Diamond 1,100,131,,496,478
744,summoner-79940819,745,ps 01,Diamond 1,100,102,,489,468
745,summoner-25312572,746,a Pokeball,Diamond 1,100,131,,474,449
746,summoner-21332662,747,Masterý,Diamond 1,100,139,,382,356
747,summoner-47219230,748,Hi im Trixter,Diamond 1,100,96,,344,321
748,summoner-29602532,749,CoreTienZ,Diamond 1,100,109,,337,319
749,summoner-20510650,750,oO Scorpz Oo,Diamond 1,90,95,,325,299
750,summoner-21998704,751,Birds cant fly,Diamond 1,100,102,,294,270
751,summoner-20262759,752,Enryoo,Diamond 1,100,88,,285,256
752,summoner-20139406,753,Marshed,Diamond 1,100,142,,282,257
753,summoner-60181263,754,MaRiTiMuS,Diamond 1,100,107,,280,256
754,summoner-19161840,755,Arthin,Diamond 1,100,143,,269,247
755,summoner-40036262,756,TF Blade,Diamond 1,100,72,,241,185
756,summoner-30831157,757,SGP Crustaoy,Diamond 1,100,100,,229,204
757,summoner-58272296,758,Ari Why,Diamond 1,100,120,,227,206
758,summoner-50791128,759,Zahnet,Diamond 1,100,99,,213,188
759,summoner-21214027,760,Shawner,Diamond 1,100,110,,203,185
760,summoner-22079480,761,Boyfriend,Diamond 1,100,76,,201,185
761,summoner-37827053,762,KiNG Nidhogg,Diamond 1,100,83,,184,164
762,summoner-19838545,763,Moontail,Diamond 1,100,59,,183,141
763,summoner-92329083,764,StrongHuni,Diamond 1,100,53,,149,111
764,summoner-19969614,765,ExecutionerK,Diamond 1,100,58,,140,119
765,summoner-81041277,766,Myth of Bulgaria,Diamond 1,100,46,,119,82
766,summoner-42762376,767,peaceminusøne,Diamond 1,100,64,,118,77
767,summoner-76939686,768,bão zi,Diamond 1,100,123,,116,76
768,summoner-19128116,769,yade or yade,Diamond 1,100,63,,101,80
769,summoner-25885129,770,Dinosaurus,Diamond 1,100,72,,92,70
770,summoner-47564545,771,North KR Veigar,Diamond 1,100,44,,86,49
771,summoner-90679261,772,bagelbrother71,Diamond 1,100,64,,82,56
772,summoner-34753465,773,Ayukura,Diamond 1,100,48,,78,57
773,summoner-20678849,774,I onIy Top,Diamond 1,100,65,,75,56
774,summoner-95139141,775,eydflt,Diamond 1,100,39,,71,46
775,summoner-27726049,776,Methazine,Diamond 1,100,37,,60,16
776,summoner-536071,777,StarWhale,Diamond 1,100,40,,54,24
777,summoner-38384984,778,Ez Tangerine,Diamond 1,99,79,,248,215
778,summoner-141846,779,illlllliiiiiiii,Diamond 1,98,52,,190,140
779,summoner-22394277,780,Quy Dep Trai,Diamond 1,97,107,,422,394
780,summoner-32319695,781,Äye,Diamond 1,97,68,,161,42
781,summoner-81859385,782,Ineedtogetbetter,Diamond 1,97,66,,132,111
782,summoner-20203681,783,JoopsaKid,Diamond 1,97,68,,130,105
783,summoner-54719803,784,luckylark,Diamond 1,97,40,,92,52
784,summoner-47189094,785,Aconda,Diamond 1,97,83,,66,44
785,summoner-20227573,786,BukZacH,Diamond 1,95,97,,367,353
786,summoner-38911306,787,NotBaka,Diamond 1,95,90,,292,270
787,summoner-19592869,788,zhúang,Diamond 1,95,70,,143,125
788,summoner-23556001,789,PandaBaozi,Diamond 1,95,72,,135,114
789,summoner-19453586,790,Im so nusty,Diamond 1,95,62,,130,104
790,summoner-24982864,791,S8 TOP 3 LCS ADC,Diamond 1,95,56,,96,69
791,summoner-40159363,792,02012017,Diamond 1,94,78,,306,264
792,summoner-64972786,793,Day 31,Diamond 1,94,99,,271,241
793,summoner-37475736,794,WickedWazer,Diamond 1,94,74,,179,145
794,summoner-20602165,795,Lets Win This,Diamond 1,94,73,,95,72
795,summoner-34057485,796,Routé,Diamond 1,94,73,,58,42
796,summoner-27291302,797,Twtv Hanjarolol,Diamond 1,93,173,,813,793
797,summoner-34469363,798,forever muted,Diamond 1,93,139,,573,554
798,summoner-25402474,799,Rainier S,Diamond 1,92,98,,477,443
799,summoner-90331209,800,La Voix Junior,Diamond 1,92,66,,137,96
800,summoner-34603011,801,Aavhin,Diamond 1,92,98,,136,111
801,summoner-21645177,802,Ricominciare,Diamond 1,92,50,,90,51
802,summoner-66331512,803,jtao143554,Diamond 1,91,108,,364,292
803,summoner-30563611,804,Chou Tzuyuu,Diamond 1,91,164,,327,313
804,summoner-24879976,805,iNerto,Diamond 1,90,87,,426,363
805,summoner-20037104,806,ShizzleD94,Diamond 1,90,76,,298,273
806,summoner-21623482,807,raroraro,Diamond 1,90,102,,248,215
807,summoner-20024227,808,Romanium,Diamond 1,90,94,,238,220
808,summoner-76602920,809,Snackbar123,Diamond 1,90,78,,210,187
809,summoner-446965,810,Ablazeolive,Diamond 1,90,72,,194,166
810,summoner-89579226,811,Zarashii,Diamond 1,90,81,,148,110
811,summoner-24550000,812,TherapyTrance,Diamond 1,90,54,,140,117
812,summoner-37356075,813,mac diller,Diamond 1,90,69,,131,105
813,summoner-43197599,814,Sharp and Cold,Diamond 1,90,46,,124,66
814,summoner-75949134,815,go barpo,Diamond 1,90,48,,112,80
815,summoner-20785373,816,top lane eboy,Diamond 1,90,56,,112,87
816,summoner-40938801,817,ioan,Diamond 1,90,93,,103,89
817,summoner-39028853,818,Kaipop,Diamond 1,90,71,,91,62
818,summoner-22190336,819,Zenoncas,Diamond 1,90,59,,89,68
819,summoner-32459532,820,Cárpe Diem,Diamond 1,90,60,,83,69
820,summoner-34771983,821,Diivinity,Diamond 1,90,48,,78,58
821,summoner-95190847,822,Rist,Diamond 1,90,37,,77,34
822,summoner-460518,823,Holy Serenity,Diamond 1,90,51,,72,49
823,summoner-65239176,824,Sejanus,Diamond 1,90,67,,45,20
824,summoner-19761072,825,Xmithie,Diamond 1,89,70,,110,91
825,summoner-93731193,826,NILES 1V9,Diamond 1,89,43,,100,52
826,summoner-64199965,827,Youuuuuuuuuuuuu,Diamond 1,89,66,,86,60
827,summoner-25880450,828,Dreamland,Diamond 1,88,81,,166,138
828,summoner-37832463,829,Eitori,Diamond 1,88,66,,134,113
829,summoner-30622607,830,Z9 Bánh Tiêu,Diamond 1,88,103,,111,92
830,summoner-20429469,831,Adrian Riven,Diamond 1,87,112,,355,323
831,summoner-23202624,832,METAL CHOCOB0,Diamond 1,87,86,,236,208
832,summoner-46316160,833,yandere suzy,Diamond 1,87,65,,225,199
833,summoner-21451895,834,Namê,Diamond 1,86,141,,534,514
834,summoner-39181040,835,DorkLS,Diamond 1,86,96,,163,141
835,summoner-21861110,836,TyÌer,Diamond 1,86,76,,119,92
836,summoner-19882392,837,Itsfwii,Diamond 1,86,45,,65,39
837,summoner-22220672,838,RiceLegend,Diamond 1,85,72,,230,210
838,summoner-53094540,839,Notzu,Diamond 1,85,144,,179,159
839,summoner-92979098,840,iam THATT,Diamond 1,85,35,,50,26
840,summoner-35368931,841,2K games jungler,Diamond 1,84,177,,1062,1027
841,summoner-19723788,842,Mozzyy,Diamond 1,84,108,,360,336
842,summoner-52282689,843,Çhançe,Diamond 1,84,114,,294,250
843,summoner-66423914,844,IceCreamPaintJob,Diamond 1,84,115,,204,177
844,summoner-25117400,845,Kiryu Moeka,Diamond 1,84,73,,166,124
845,summoner-42172450,846,Williammm,Diamond 1,84,90,,129,110
846,summoner-78593412,847,MelonMan32,Diamond 1,84,48,,121,85
847,summoner-37327350,848,Bryce Walker,Diamond 1,84,43,,119,66
848,summoner-23296106,849,Recommisioner,Diamond 1,84,51,,94,68
849,summoner-48991794,850,Jas,Diamond 1,84,45,,73,49
850,summoner-21429782,851,Exchangé,Diamond 1,83,143,,522,507
851,summoner-43235320,852,Rocket Rhino,Diamond 1,83,116,,251,233
852,summoner-168921,853,sakurafloret,Diamond 1,83,47,,117,75
853,summoner-19188557,854,Aurelıon sol,Diamond 1,83,73,,333,263
854,summoner-26786246,855,Dawn Bréak,Diamond 1,82,72,,197,171
855,summoner-91633366,856,RF Legendaddy,Diamond 1,82,57,,146,115
856,summoner-43259524,857,Kzykendy,Diamond 1,81,98,,246,223
857,summoner-90143499,858,Optimal gameplay,Diamond 1,81,83,,230,168
858,summoner-19216994,859,Yisus,Diamond 1,80,77,,343,283
859,summoner-69669605,860,VCc,Diamond 1,80,132,,295,260
860,summoner-67019274,861,o Cero o,Diamond 1,80,67,,138,112
861,summoner-37294316,862,GiftedByGods,Diamond 1,60,58,,131,110
862,summoner-37801989,863,Celentia,Diamond 1,79,90,,295,272
863,summoner-50902680,864,PatheticParrot,Diamond 1,79,99,,274,250
864,summoner-83077100,865,Šmurƒ,Diamond 1,79,71,,139,124
865,summoner-76190053,866,Muting You,Diamond 1,79,117,,99,66
866,summoner-72905368,867,Heisendongg,Diamond 1,79,45,,47,25
867,summoner-34243185,868,Volt,Diamond 1,78,121,,103,59
868,summoner-90812124,869,Hmmmmmmmmmmmmmm,Diamond 1,77,89,,383,327
869,summoner-19038810,870,IllllllllllIII,Diamond 1,77,49,,189,110
870,summoner-24980187,871,Crynopsa,Diamond 1,77,116,,143,114
871,summoner-28501854,872,Shmeeblez,Diamond 1,77,63,,121,101
872,summoner-57472209,873,Ravimon,Diamond 1,76,97,,351,314
873,summoner-32381672,874,Måra,Diamond 1,76,120,,117,93
874,summoner-88490180,875,Sophist Ságe,Diamond 1,75,124,,717,679
875,summoner-22328535,876,PrabhablyShaco,Diamond 1,75,118,,477,450
876,summoner-50668976,877,WhyzEStealZ,Diamond 1,75,91,,422,389
877,summoner-23480550,878,Yammy,Diamond 1,75,116,,343,320
878,summoner-36388055,879,Curtains,Diamond 1,75,108,,331,317
879,summoner-72409957,880,Galalalalalalala,Diamond 1,75,87,,302,264
880,summoner-19259932,881,Geranimo,Diamond 1,75,89,,280,250
881,summoner-20202108,882,CLA Tuesday,Diamond 1,75,72,,274,270
882,summoner-74673,883,NintendudeX,Diamond 1,75,72,,270,250
883,summoner-50877721,884,Doubtfull,Diamond 1,75,81,,262,230
884,summoner-66659941,885,From Zero,Diamond 1,75,74,,261,225
885,summoner-35129076,886,Failattempts,Diamond 1,75,110,,238,111
886,summoner-90043610,887,Bebop Robopop,Diamond 1,75,66,,230,170
887,summoner-93529573,888,midIane hokage,Diamond 1,75,59,,218,154
888,summoner-48361472,889,awestruck,Diamond 1,75,69,,218,186
889,summoner-65999120,890,MOKKORI,Diamond 1,75,69,,215,176
890,summoner-58613779,891,Organ,Diamond 1,75,71,,206,186
891,summoner-24853635,892,unfail,Diamond 1,75,79,,205,174
892,summoner-24777351,893,LMQ tc Mor,Diamond 1,75,93,,205,171
893,summoner-77549273,894,Top 1 Percent,Diamond 1,75,61,,203,157
894,summoner-26051120,895,Modx,Diamond 1,75,70,,202,177
895,summoner-22870365,896,Kékvin,Diamond 1,75,88,,195,164
896,summoner-72411076,897,Kobe Brýant,Diamond 1,75,70,,188,168
897,summoner-30972130,898,Yamikaze,Diamond 1,75,92,,175,137
898,summoner-79249642,899,pls notice me,Diamond 1,75,59,,174,131
899,summoner-20056332,900,Lerky,Diamond 1,75,81,,173,134
900,summoner-35415473,901,Yamíkaze,Diamond 1,75,61,,166,130
901,summoner-90391509,902,KING GEEDØRAH,Diamond 1,75,53,,156,120
902,summoner-49159160,903,Søren Bjerg,Diamond 1,75,63,,153,119
903,summoner-92659419,904,Spaghettibud9,Diamond 1,75,48,,148,118
904,summoner-68603405,905,Keegun,Diamond 1,75,52,,147,129
905,summoner-40272268,906,cackgod,Diamond 1,75,52,,144,118
906,summoner-56901374,907,YIlIlIlIlI,Diamond 1,75,63,,135,92
907,summoner-19224197,908,Sothis,Diamond 1,75,48,,135,100
908,summoner-76379684,909,MØNG GUU,Diamond 1,75,57,,134,112
909,summoner-60100307,910,The Sõul,Diamond 1,75,188,,122,69
910,summoner-19689584,911,TCLB Zaıven,Diamond 1,75,44,,118,65
911,summoner-22014010,912,Manifest,Diamond 1,75,55,,113,86
912,summoner-20909540,913,Susskind,Diamond 1,75,111,,112,91
913,summoner-292926,914,Super Metroid,Diamond 1,75,46,,110,88
914,summoner-87639506,915,LOLOLOLOLOL,Diamond 1,75,49,,110,84
915,summoner-23479635,916,NoahMost,Diamond 1,75,78,,107,80
916,summoner-20598223,917,EloDaddy 5foot6,Diamond 1,75,85,,104,74
917,summoner-87002706,918,Zheng Jiale,Diamond 1,75,64,,104,64
918,summoner-90033335,919,Chody,Diamond 1,75,42,,103,53
919,summoner-83280766,920,Ogilos,Diamond 1,75,52,,100,67
920,summoner-94912080,921,Makou,Diamond 1,75,41,,96,46
921,summoner-70200582,922,Töxic Player,Diamond 1,75,95,,94,44
922,summoner-48031860,923,GeneralChiefy,Diamond 1,75,51,,92,72
923,summoner-56497084,924,FrostForest,Diamond 1,75,89,,89,72
924,summoner-89241712,925,AR suppressor,Diamond 1,75,51,,89,60
925,summoner-41212309,926,Ineffabilis,Diamond 1,75,43,,84,43
926,summoner-24741016,927,L9B,Diamond 1,75,40,,84,45
927,summoner-94869407,928,TacticalBaconz,Diamond 1,75,41,,79,35
928,summoner-93630935,929,Wanhëda,Diamond 1,75,41,,68,28
929,summoner-38777079,930,Camp Out,Diamond 1,75,99,,67,49
930,summoner-95439135,931,IIIIlllIIllI,Diamond 1,75,38,,65,44
931,summoner-22277779,932,G U CK F O S U,Diamond 1,75,39,,64,28
932,summoner-46239231,933,Hyorimaru,Diamond 1,75,47,,64,36
933,summoner-22325691,934,Yotsume,Diamond 1,75,39,,63,36
934,summoner-19647481,935,Rathma,Diamond 1,75,68,,61,34
935,summoner-24390734,936,yrots das,Diamond 1,75,47,,60,36
936,summoner-23702061,937,Mikhail Tal,Diamond 1,74,96,,295,260
937,summoner-21207070,938,Oh Nowen,Diamond 1,74,107,,273,229
938,summoner-85191060,939,d0g man,Diamond 1,74,42,,106,60
939,summoner-64825900,940,wet noodIe fight,Diamond 1,74,44,,77,57
940,summoner-35530571,941,Must be níce,Diamond 1,74,86,,54,37
941,summoner-32423195,942,JUST A LEGEND123,Diamond 1,73,84,,239,217
942,summoner-45486965,943,Invade at lvl18,Diamond 1,73,73,,230,170
943,summoner-38780657,944,Freeverse,Diamond 1,73,94,,186,165
944,summoner-25851366,945,Arbez,Diamond 1,73,84,,177,151
945,summoner-50392032,946,Requital,Diamond 1,73,62,,137,113
946,summoner-27798233,947,Just Jayce,Diamond 1,72,66,,176,150
947,summoner-32701496,948,Emphasis,Diamond 1,72,74,,155,127
948,summoner-57029179,949,HotGuy6Pack,Diamond 1,72,51,,148,103
949,summoner-22039396,950,Marko Mid,Diamond 1,72,119,,147,128
950,summoner-39877990,951,LoNeLy Noo,Diamond 1,72,94,,141,121
951,summoner-38862851,952,ClamSparkle,Diamond 1,72,58,,117,92
952,summoner-30987150,953,WakaWakaMF,Diamond 1,72,69,,100,80
953,summoner-34469182,954,nbzoJ98LeiA,Diamond 1,72,56,,100,77
954,summoner-19912423,955,Taza,Diamond 1,72,60,,97,79
955,summoner-39760302,956,CoolE,Diamond 1,71,112,,344,325
956,summoner-44076143,957,Aetherax,Diamond 1,71,120,,258,232
957,summoner-24705131,958,August 12,Diamond 1,71,67,,244,223
958,summoner-81051962,959,roguebunny0,Diamond 1,71,116,,239,189
959,summoner-51289083,960,Babylola,Diamond 1,71,80,,233,213
960,summoner-51580106,961,1Self,Diamond 1,71,65,,185,157
961,summoner-26379781,962,Sonny2o9,Diamond 1,71,90,,116,98
962,summoner-32506961,963,COVER ME NOW,Diamond 1,70,127,,512,497
963,summoner-58421117,964,Shroudedd,Diamond 1,70,69,,170,157
964,summoner-22658449,965,Watch and Learn,Diamond 1,70,55,,163,141
965,summoner-30099707,966,Kuderic,Diamond 1,70,82,,121,91
966,summoner-32929410,967,Lord Zxyc,Diamond 1,70,105,,116,95
967,summoner-20082683,968,Quantum Fizzics,Diamond 1,70,49,,95,79
968,summoner-24588334,969,Venusaur,Diamond 1,70,74,,61,43
969,summoner-39996814,970,Grande Donger,Diamond 1,69,100,,383,367
970,summoner-68779112,971,tubby boy,Diamond 1,69,114,,164,142
971,summoner-54963047,972,I Keep It Taco,Diamond 1,69,92,,102,86
972,summoner-20420483,973,ecco,Diamond 1,68,123,,365,351
973,summoner-47812413,974,WatermelonWombat,Diamond 1,68,90,,310,244
974,summoner-60720984,975,Yîkês,Diamond 1,68,106,,259,182
975,summoner-38886417,976,DuskDust,Diamond 1,86,87,,237,217
976,summoner-88069178,977,Sense2lol TwTV,Diamond 1,68,69,,208,188
977,summoner-21836856,978,xFSN Rin,Diamond 1,68,72,,198,182
978,summoner-5908,979,Dyrus,Diamond 1,68,74,,156,133
979,summoner-37931849,980,Columbia College,Diamond 1,68,63,,108,87
980,summoner-68469260,981,B0dydrop,Diamond 1,68,56,,99,70
981,summoner-35021554,982,Yuki Bunny,Diamond 1,68,126,,84,65
982,summoner-64980118,983,Seppuku Soon,Diamond 1,67,74,,333,307
983,summoner-23839871,984,Riot Xyrox,Diamond 1,67,77,,272,243
984,summoner-31644236,985,Hyz,Diamond 1,67,78,,226,209
985,summoner-59549889,986,TCLB Emperor,Diamond 1,67,46,,148,65
986,summoner-88379903,987,RNG Nebee,Diamond 1,67,64,,141,112
987,summoner-25888946,988,Galalalalalala,Diamond 1,67,67,,131,95
988,summoner-29174723,989,Maritzol,Diamond 1,67,87,,85,60
989,summoner-60269974,990,Locs,Diamond 1,67,94,,74,52
990,summoner-19134540,991,Voyboy,Diamond 1,66,147,,620,606
991,summoner-19812679,992,Lava,Diamond 1,66,130,,440,441
992,summoner-92659336,993,makedpgreatagain,Diamond 1,66,74,,280,253
993,summoner-20774944,994,Renai Kinshi,Diamond 1,65,113,,308,294
994,summoner-47547430,995,CallMeExiled,Diamond 1,65,96,,278,259
995,summoner-40889526,996,canadia2,Diamond 1,65,84,,272,248
996,summoner-32990425,997,fidsupportNA,Diamond 1,65,96,,226,197
997,summoner-29360758,998,Fwiendly Whyin,Diamond 1,65,83,,147,120
998,summoner-50229422,999,Mercury,Diamond 1,65,85,,145,128
999,summoner-96202,1000,no talk player,Diamond 1,65,45,,121,80
