#timestamp 1530165618421
#date 2018-06-28T06:00:18+00:00
#players 1000
#index,id,rank,name,tier,lp,level,proTeam,win,loss
0,summoner-14010487,1,たこ焼きぼーい,Challenger,1055,56,,160,83
1,summoner-9030192,2,Sao Yuuki Konno,Challenger,1002,130,,155,126
2,summoner-13420191,3,希チャン,Challenger,984,108,,152,96
3,summoner-6171199,4,ThintoN,Challenger,980,115,,330,292
4,summoner-6183608,5,むんなたん,Challenger,897,103,,161,121
5,summoner-6181882,6,Hlde on bush,Challenger,882,72,,181,138
6,summoner-6162856,7,stridershen,Challenger,863,103,,346,314
7,summoner-6617806,8,いぬだお,Challenger,825,143,,213,153
8,summoner-6920293,9,SKT T1 Fakeru,Challenger,769,86,,155,85
9,summoner-6225446,10,CarterV15,Challenger,762,92,,326,303
10,summoner-6185542,11,エビルリフト,Challenger,762,51,,83,51
11,summoner-6312300,12,Roki,Challenger,732,64,,148,117
12,summoner-6315148,13,ましょだお,Challenger,730,108,,218,180
13,summoner-6183732,14,pveman,Challenger,718,93,,168,147
14,summoner-13280127,15,Diviv,Challenger,709,49,,108,69
15,summoner-14060127,16,YutoriGaeng,Challenger,704,47,,133,87
16,summoner-13520233,17,A Kat,Challenger,682,73,,167,139
17,summoner-6168586,18,wswgou,Challenger,673,98,,528,474
18,summoner-6181586,19,tatsro,Challenger,662,399,,626,594
19,summoner-9290195,20,PCG PhantomDeath,Challenger,637,97,,202,159
20,summoner-6162717,21,Alchemyst,Challenger,593,127,,153,115
21,summoner-6341081,22,Cwn,Challenger,529,166,,146,119
22,summoner-13122298,23,ミルクリスピー,Challenger,521,48,,111,69
23,summoner-6187061,24,GaengMoyashi,Challenger,520,66,,158,120
24,summoner-7651004,25,VX 862097141,Challenger,513,90,,195,157
25,summoner-12181052,26,HEOES,Challenger,510,141,,178,158
26,summoner-6161010,27,TopXiaochen,Challenger,509,78,,124,108
27,summoner-6471274,28,yorooozu,Challenger,509,47,,97,83
28,summoner-6305622,29,cat plz,Challenger,488,58,,177,140
29,summoner-7520625,30,Twisted寺田心,Challenger,498,64,,136,100
30,summoner-6290144,31,スケット,Challenger,474,86,,270,241
31,summoner-6162602,32,아이유,Challenger,468,93,,282,251
32,summoner-6188389,33,meru meraka,Challenger,468,86,,189,162
33,summoner-6170784,34,TOXIC JUNGLE,Challenger,467,59,,87,72
34,summoner-6189589,35,Ametuyu,Challenger,466,118,,118,104
35,summoner-11660523,36,カレンちゃん,Challenger,465,126,,221,190
36,summoner-11630173,37,Quickdravv,Challenger,464,138,,155,142
37,summoner-6174953,38,運げーｗ,Challenger,457,98,,191,171
38,summoner-6171527,39,Yorushika,Challenger,452,146,,166,137
39,summoner-9212051,40,1998k,Challenger,450,148,,413,395
40,summoner-12290163,41,Iny Monologuey,Challenger,442,91,,85,63
41,summoner-6295623,42,ecaA,Challenger,436,109,,147,135
42,summoner-6171027,43,Melus,Challenger,435,64,,191,177
43,summoner-6182974,44,あきひさ,Challenger,434,79,,178,162
44,summoner-14060158,45,QQQQQQQQQQQQQQQ,Challenger,433,75,,109,84
45,summoner-8860668,46,黒バブ,Challenger,415,59,,149,129
46,summoner-7301005,47,Neetkids,Challenger,407,183,,434,414
47,summoner-6167327,48,雄 飛,Challenger,402,121,,153,134
48,summoner-6734378,49,Momoモモ,Challenger,393,47,,110,92
49,summoner-6181591,50,Po1yp,Challenger,373,107,,191,163
50,summoner-6320643,51,GraceEye,Challenger,368,91,,258,244
51,summoner-6165391,52,吉ｘ岡,Challenger,368,117,,208,193
52,summoner-7281138,53,yume,Challenger,368,138,,189,155
53,summoner-7120713,54,機動戦士ガべダム,Challenger,357,68,,120,111
54,summoner-14150604,55,木子希,Challenger,357,64,,82,40
55,summoner-6365652,56,shacosu,Challenger,356,72,,191,161
56,summoner-13260704,57,WanderingPro,Challenger,354,82,,211,166
57,summoner-6181527,58,ふぁんろん,Challenger,349,75,,219,195
58,summoner-9120163,59,Pajeon so good,Challenger,338,57,,99,65
59,summoner-6172367,60,find me,Challenger,319,90,,363,355
60,summoner-6680506,61,yuuwo god,Challenger,327,74,,130,103
61,summoner-9740283,62,Zed or Ded,Challenger,325,67,,172,157
62,summoner-6305817,63,KissOnlyOneLady,Challenger,322,97,,323,316
63,summoner-6691911,64,yüki,Challenger,316,74,,264,243
64,summoner-8910191,65,matosan21,Challenger,304,65,,97,70
65,summoner-6632946,66,じゅん,Challenger,303,110,,116,107
66,summoner-6167512,67,rainadazo,Challenger,301,83,,104,82
67,summoner-13680130,68,Not Taka,Challenger,311,60,,141,115
68,summoner-8630207,69,sad little taka,Challenger,286,67,,171,158
69,summoner-6192635,70,Hanimaru,Challenger,280,76,,161,150
70,summoner-6291817,71,いぬが操作中,Challenger,272,115,,158,137
71,summoner-6310793,72,Her Sweet Boy,Challenger,272,58,,85,74
72,summoner-9230807,73,EquiNox,Challenger,270,113,,202,171
73,summoner-6181437,74,LetMing,Challenger,270,96,,165,153
74,summoner-6295790,75,隆Dq貢,Challenger,260,110,,132,120
75,summoner-6400437,76,れ ぼ,Challenger,254,45,,106,55
76,summoner-6292386,77,マスタージョージ3,Challenger,248,80,,123,117
77,summoner-6460863,78,pihiro,Challenger,245,110,,168,165
78,summoner-6298948,79,buff Zephyr,Challenger,243,94,,166,156
79,summoner-6179611,80,大田ＪＡＰＡＮ,Challenger,241,130,,400,388
80,summoner-6449644,81,Pew,Challenger,237,112,,226,189
81,summoner-6172424,82,アホ蛙,Challenger,236,98,,197,191
82,summoner-6693927,83,Son of IgNar,Challenger,236,79,,154,141
83,summoner-8890333,84,あちゃももっ,Challenger,236,72,,147,141
84,summoner-6250574,85,Clover,Challenger,228,77,,167,162
85,summoner-6322522,86,Manimo,Challenger,225,92,,258,253
86,summoner-6309663,87,only CLANE,Challenger,224,44,,79,41
87,summoner-14070227,88,KZ DRAGONCARSΕX,Challenger,223,65,,251,206
88,summoner-10170282,89,ヤスオ姫,Challenger,216,84,,294,263
89,summoner-6335850,90,七彩狐,Challenger,216,47,,66,41
90,summoner-6184800,91,Hero Mechanic,Challenger,214,78,,214,209
91,summoner-13850682,92,MagicgirlAnnie,Challenger,208,41,,75,38
92,summoner-12340710,93,Yuupo,Challenger,207,50,,120,73
93,summoner-6186070,94,Yxxl,Challenger,197,77,,164,163
94,summoner-6891191,95,竜騎士ガイア星7,Challenger,195,79,,205,162
95,summoner-6185077,96,rusaryka,Challenger,192,97,,146,140
96,summoner-6161825,97,りんヴェン,Challenger,192,90,,96,83
97,summoner-6177133,98,binlingual,Challenger,189,105,,178,140
98,summoner-6339619,99,やじう,Challenger,186,62,,147,135
99,summoner-6181492,100,Pulsar B1257 12A,Challenger,183,125,,312,313
100,summoner-10921145,101,丶ShiN,Challenger,178,155,,511,505
101,summoner-6170952,102,Kaoru RabbyHouse,Challenger,181,116,,322,299
102,summoner-6175403,103,Poros,Challenger,181,111,,229,227
103,summoner-8690328,104,Blue baldness,Challenger,180,79,,297,282
104,summoner-7781117,105,霞ヶ丘 詩羽,Challenger,173,51,,100,80
105,summoner-6183091,106,ぼ や ぁ,Challenger,172,104,,202,171
106,summoner-13450158,107,V3 ionz,Challenger,169,57,,122,78
107,summoner-6174703,108,reaI gankster,Challenger,167,98,,164,153
108,summoner-6176255,109,Ninja of Ninjas,Challenger,166,106,,387,384
109,summoner-12851356,110,make it,Challenger,160,103,,453,407
110,summoner-6172000,111,ピンクビーン,Challenger,160,54,,151,136
111,summoner-6164660,112,BullchaN,Challenger,157,112,,139,136
112,summoner-6309437,113,Kinrow,Challenger,154,75,,91,68
113,summoner-6189451,114,Arfoad,Challenger,151,96,,236,230
114,summoner-6160347,115,Sphày,Challenger,151,123,,162,138
115,summoner-6470919,116,Aоi,Challenger,149,128,,523,492
116,summoner-6712777,117,ULookSoCharming,Challenger,141,58,,158,155
117,summoner-6178280,118,西野 七瀬,Challenger,141,50,,99,75
118,summoner-6584337,119,R1cky,Challenger,136,163,,517,500
119,summoner-6432935,120,寒音真咲,Challenger,136,92,,232,236
120,summoner-9400627,121,BQB Hollis,Challenger,134,41,,40,25
121,summoner-6164909,122,更科にゃん丸,Challenger,132,72,,90,79
122,summoner-6296785,123,すたこ,Challenger,131,107,,275,257
123,summoner-7161319,124,täka,Challenger,131,61,,172,134
124,summoner-6313173,125,Luches,Challenger,130,52,,79,58
125,summoner-8970997,126,Kreative,Challenger,129,80,,151,145
126,summoner-6314778,127,teraares,Challenger,127,102,,506,504
127,summoner-8900274,128,Good bye,Challenger,124,77,,203,169
128,summoner-6170012,129,Makinyan,Challenger,123,118,,277,265
129,summoner-6296070,130,cjik0aw2jqnm5uiq,Challenger,121,82,,132,114
130,summoner-6293194,131,あんでぃ,Challenger,120,102,,157,158
131,summoner-6178301,132,友達いない,Challenger,116,47,,96,54
132,summoner-6185975,133,XJR1200,Challenger,112,97,,148,142
133,summoner-6334278,134,Jungle or dodge,Challenger,109,45,,108,75
134,summoner-11730304,135,金テユン,Challenger,107,93,,359,344
135,summoner-6163447,136,の ぁ,Challenger,103,163,,322,299
136,summoner-6347695,137,strider hiryu,Challenger,101,113,,353,330
137,summoner-6160488,138,かずーた,Challenger,99,89,,192,196
138,summoner-6172110,139,hail and thunder,Challenger,97,71,,163,155
139,summoner-6318472,140,炬燵猫,Challenger,96,118,,234,233
140,summoner-13020818,141,桜の木の下の咲子,Challenger,86,42,,99,67
141,summoner-6290656,142,Pontaloid,Challenger,80,54,,95,83
142,summoner-6298267,143,ふじもと,Challenger,79,125,,204,211
143,summoner-6591850,144,HikikomoriSupp,Challenger,79,54,,179,160
144,summoner-6177526,145,Disney Sea,Challenger,79,56,,71,58
145,summoner-6161059,146,gottui,Challenger,78,82,,210,189
146,summoner-6180335,147,deusdamandioca,Challenger,77,94,,212,210
147,summoner-10730180,148,一番弟子,Challenger,75,81,,286,257
148,summoner-6310287,149,i have ten JB,Challenger,75,86,,143,134
149,summoner-6700426,150,Josh,Challenger,72,168,,220,174
150,summoner-6810221,151,Apocalys,Challenger,72,84,,174,177
151,summoner-9290228,152,Rinas3,Challenger,72,47,,101,78
152,summoner-6161879,153,笙歌醉夢間,Challenger,72,103,,83,73
153,summoner-6174606,154,AimerLend,Challenger,71,63,,112,98
154,summoner-13240741,155,代行2,Challenger,90,43,,81,53
155,summoner-6161191,156,SuddenImpact,Challenger,67,93,,150,145
156,summoner-6335559,157,神速三段突き,Challenger,63,74,,166,160
157,summoner-6163964,158,MID DIE,Challenger,63,97,,130,117
158,summoner-7231033,159,RooRst,Challenger,60,119,,251,244
159,summoner-9830341,160,我がままの子,Challenger,58,107,,261,248
160,summoner-6190278,161,ねのぎだよ,Challenger,55,97,,215,211
161,summoner-6168756,162,ちぇすと,Challenger,54,112,,202,199
162,summoner-6180912,163,ポカスカジャン,Challenger,52,160,,221,205
163,summoner-6300172,164,tonarinotomato,Challenger,52,84,,178,142
164,summoner-9581269,165,ぁｈｆｋぁんふぁ,Challenger,50,64,,245,203
165,summoner-10600170,166,Tribute,Challenger,47,69,,225,209
166,summoner-10330185,167,普通のサポート,Challenger,46,69,,140,137
167,summoner-6182369,168,ソーマ,Challenger,40,97,,139,141
168,summoner-6171261,169,えなめる,Challenger,39,106,,283,285
169,summoner-6168193,170,はろーぱいせん,Challenger,39,119,,175,153
170,summoner-6298473,171,7010,Challenger,34,113,,418,396
171,summoner-6334109,172,ImberLord,Challenger,30,88,,93,86
172,summoner-7970299,173,eji,Challenger,29,96,,219,213
173,summoner-6342555,174,オタク,Challenger,27,132,,130,130
174,summoner-8291154,175,ˆºˆŠhadyˆºˆ,Challenger,24,129,,292,271
175,summoner-14120904,176,ssrzzv,Challenger,24,49,,141,98
176,summoner-6186097,177,Novita,Challenger,21,125,,251,247
177,summoner-6694471,178,kimunyan,Challenger,19,51,,66,46
178,summoner-6179419,179,みんなつよいです,Challenger,17,102,,252,257
179,summoner-13082345,180,あいのり,Challenger,36,68,,89,67
180,summoner-13081132,181,きりりん,Challenger,14,81,,233,218
181,summoner-6167765,182,RushRush,Challenger,13,123,,383,368
182,summoner-6167876,183,德玛西亚 赵信,Challenger,13,87,,286,281
183,summoner-6178156,184,スターアライズ,Challenger,28,74,,261,256
184,summoner-6702724,185,androp,Challenger,13,108,,172,167
185,summoner-6672888,186,コグマウ,Challenger,12,147,,674,682
186,summoner-6346631,187,kamikazes,Challenger,9,130,,569,538
187,summoner-12980291,188,EsportsMan,Challenger,9,62,,195,163
188,summoner-6175146,189,山嶺巨人郭敬明,Challenger,8,94,,235,227
189,summoner-6294950,190,劣等生,Challenger,5,90,,187,186
190,summoner-9810252,191,ai0c0,Challenger,0,155,,427,441
191,summoner-12780571,192,RumbleMidGG,Challenger,0,101,,423,375
192,summoner-6179943,193,SWJ Sirotama,Challenger,0,191,,416,406
193,summoner-6616296,194,わゎゎゎゎゎゎゎ,Challenger,0,158,,240,215
194,summoner-6690754,195,Pomchan,Challenger,0,73,,230,237
195,summoner-6181253,196,まあたそ,Challenger,15,94,,158,150
196,summoner-6348796,197,MERRYJANEe,Challenger,0,88,,152,130
197,summoner-6161600,198,Resistance,Challenger,0,149,,144,128
198,summoner-6781283,199,Big Dikが大好き,Challenger,0,74,,92,81
199,summoner-6301770,200,00A5BF,Challenger,0,115,,89,89
200,summoner-6180267,201,まじめです,Master,26,46,,82,71
201,summoner-6490682,202,霞ヶ丘詩羽先輩,Master,0,118,,198,198
202,summoner-13590889,203,卍SPYGEA卍,Master,0,44,,135,81
203,summoner-7650619,204,金之助,Diamond 1,100,74,,149,126
204,summoner-6165439,205,Cellier,Diamond 1,100,66,,128,95
205,summoner-9280138,206,ナポの負けです,Diamond 1,100,64,,122,82
206,summoner-6162796,207,Harunika,Diamond 1,100,56,,94,86
207,summoner-6348556,208,双海真美,Diamond 1,100,123,,82,53
208,summoner-6310421,209,つめたいアイス,Diamond 1,100,104,,62,45
209,summoner-8760270,210,大きな古時計,Diamond 1,100,58,,59,33
210,summoner-6160480,211,いだゆうき,Diamond 1,100,117,,53,51
211,summoner-6172979,212,Abukun,Diamond 1,99,85,,51,39
212,summoner-7990200,213,GIRAFFE BLUES,Diamond 1,98,123,,94,73
213,summoner-12440529,214,XJ9,Diamond 1,98,42,,77,54
214,summoner-6178586,215,あまねくん,Diamond 1,96,97,,74,62
215,summoner-6323993,216,ぶるぶるブルーク,Diamond 1,95,57,,138,128
216,summoner-9640424,217,GoGoラスカル,Diamond 1,95,51,,66,56
217,summoner-6317430,218,山田健一,Diamond 1,94,94,,390,342
218,summoner-12640175,219,에이스,Diamond 1,94,49,,85,56
219,summoner-6184102,220,kazujyou,Diamond 1,94,54,,63,51
220,summoner-6306421,221,Te eT me,Diamond 1,92,66,,63,50
221,summoner-13300155,222,ELSSUT,Diamond 1,91,42,,60,38
222,summoner-8240246,223,KarenTia,Diamond 1,91,55,,47,31
223,summoner-6662039,224,Voss,Diamond 1,90,72,,222,199
224,summoner-6263116,225,メンヘラアカリ,Diamond 1,90,69,,178,134
225,summoner-6695082,226,kyu3,Diamond 1,90,64,,164,139
226,summoner-10630472,227,斉藤さんだぞおお,Diamond 1,90,65,,106,61
227,summoner-6460338,228,LJL LCK,Diamond 1,90,128,,79,31
228,summoner-6185511,229,爆買渡米人Mid,Diamond 1,90,49,,72,49
229,summoner-12892095,230,Matou SakuLago,Diamond 1,90,45,,69,43
230,summoner-7032219,231,サラブリマンダラ,Diamond 1,90,47,,59,45
231,summoner-6185209,232,紫乃花,Diamond 1,90,82,,57,43
232,summoner-6180960,233,yasai7428,Diamond 1,90,90,,49,44
233,summoner-6700902,234,josette1,Diamond 1,90,54,,43,24
234,summoner-6830422,235,やさいちゃん,Diamond 1,90,43,,41,33
235,summoner-13440164,236,神なる王れいふぁ,Diamond 1,89,59,,73,51
236,summoner-6310277,237,telite,Diamond 1,89,124,,41,22
237,summoner-6180703,238,Emily is Away,Diamond 1,88,65,,117,83
238,summoner-6168578,239,TMR,Diamond 1,87,114,,120,90
239,summoner-6185155,240,Snowy,Diamond 1,87,63,,110,107
240,summoner-6387948,241,kalusu,Diamond 1,87,115,,101,78
241,summoner-6613009,242,Kiyio1997,Diamond 1,83,103,,444,415
242,summoner-6177760,243,ナポです,Diamond 1,83,46,,78,58
243,summoner-9251049,244,sonaka,Diamond 1,83,48,,65,37
244,summoner-6342265,245,Rer Chino,Diamond 1,82,64,,109,90
245,summoner-6160589,246,Edicimoh,Diamond 1,81,66,,71,54
246,summoner-6782630,247,Asterisk,Diamond 1,81,38,,48,35
247,summoner-6325043,248,Pegboard,Diamond 1,80,132,,357,336
248,summoner-6584565,249,BIue,Diamond 1,80,141,,244,186
249,summoner-6182103,250,yakiudonkun,Diamond 1,80,124,,117,107
250,summoner-6471239,251,kunisu,Diamond 1,80,126,,47,43
251,summoner-6187427,252,料亭の味,Diamond 1,80,68,,44,39
252,summoner-6177317,253,Kayahaak,Diamond 1,79,70,,91,86
253,summoner-6438330,254,ʚLove Storyɞ,Diamond 1,78,97,,154,133
254,summoner-6295370,255,純 白,Diamond 1,78,97,,90,87
255,summoner-8620958,256,Revelate,Diamond 1,77,70,,62,49
256,summoner-6291999,257,joseete,Diamond 1,77,36,,30,9
257,summoner-6293906,258,Rimlet,Diamond 1,76,101,,88,89
258,summoner-6331505,259,フレンド募集だよ,Diamond 1,75,128,,461,427
259,summoner-6190805,260,Oasis,Diamond 1,75,95,,398,383
260,summoner-6180545,261,Haropoppy,Diamond 1,75,98,,303,301
261,summoner-6163765,262,俺はs6チャレだぞ,Diamond 1,75,94,,292,286
262,summoner-6301134,263,Macadog,Diamond 1,75,116,,266,256
263,summoner-6692581,264,日本工学院蒲田校,Diamond 1,75,124,,246,209
264,summoner-8000222,265,yukime,Diamond 1,75,65,,202,187
265,summoner-6682604,266,aszxd,Diamond 1,75,65,,191,149
266,summoner-6161384,267,BQB knot,Diamond 1,75,65,,190,146
267,summoner-8051232,268,laining,Diamond 1,75,82,,181,163
268,summoner-6310169,269,Swift U,Diamond 1,75,78,,175,162
269,summoner-13270147,270,詩 花,Diamond 1,75,63,,162,121
270,summoner-6310837,271,なぎさ親衛隊隊長,Diamond 1,75,74,,150,129
271,summoner-10590146,272,PING999GGINKOREA,Diamond 1,75,62,,150,112
272,summoner-6461417,273,熱のど鼻にルル,Diamond 1,75,59,,146,132
273,summoner-6831880,274,Roger,Diamond 1,75,78,,133,116
274,summoner-6706604,275,Andexi,Diamond 1,75,62,,128,120
275,summoner-13270697,276,みやみず みつは,Diamond 1,75,54,,128,70
276,summoner-13910902,277,3etRiia,Diamond 1,75,49,,128,94
277,summoner-14170136,278,SpringtT,Diamond 1,75,44,,123,79
278,summoner-6349800,279,未 来,Diamond 1,75,139,,123,115
279,summoner-9550126,280,お弁当のパセリ,Diamond 1,75,97,,118,109
280,summoner-6324922,281,ironkuzu,Diamond 1,75,47,,115,88
281,summoner-6161547,282,赤バフ,Diamond 1,75,95,,112,110
282,summoner-9242269,283,MajokkoMirakurun,Diamond 1,75,46,,109,63
283,summoner-6334954,284,みそかつ,Diamond 1,75,99,,107,83
284,summoner-13141700,285,らいじんの妹,Diamond 1,75,45,,106,77
285,summoner-6171638,286,あるぱこ,Diamond 1,75,81,,105,93
286,summoner-6181771,287,ZouSenpai,Diamond 1,75,75,,104,90
287,summoner-8311557,288,연속살인마,Diamond 1,75,57,,102,77
288,summoner-13850984,289,KOREA MID,Diamond 1,75,42,,93,61
289,summoner-13030412,290,i want ljl duo,Diamond 1,75,53,,92,64
290,summoner-14251050,291,Tilterella,Diamond 1,75,40,,80,47
291,summoner-6173331,292,Wingz of Justice,Diamond 1,75,72,,70,61
292,summoner-13930183,293,PTE Taka,Diamond 1,75,49,,69,56
293,summoner-14110549,294,Bitte tragen,Diamond 1,75,38,,67,29
294,summoner-6171873,295,Estelim,Diamond 1,75,63,,63,63
295,summoner-6695814,296,SCP 8900 EX,Diamond 1,75,66,,51,50
296,summoner-7410667,297,Dârius Bot,Diamond 1,75,41,,42,25
297,summoner-7630188,298,o3o,Diamond 1,74,43,,40,34
298,summoner-12620351,299,Cold2,Diamond 1,72,113,,222,206
299,summoner-6293357,300,Eugeo,Diamond 1,72,94,,115,108
300,summoner-6693006,301,Nakamo Bot,Diamond 1,71,58,,181,158
301,summoner-8950510,302,XiL,Diamond 1,71,48,,108,99
302,summoner-6311006,303,ぱおうるむー,Diamond 1,71,67,,96,73
303,summoner-6162519,304,日村勇紀,Diamond 1,71,97,,69,68
304,summoner-6314686,305,Lynss,Diamond 1,71,41,,65,52
305,summoner-8851286,306,LastSurprise,Diamond 1,71,57,,60,44
306,summoner-6184494,307,凸凸凸凸,Diamond 1,70,96,,118,117
307,summoner-6292286,308,SlashFF,Diamond 1,70,88,,95,87
308,summoner-6341644,309,Snowball,Diamond 1,70,68,,95,91
309,summoner-6188164,310,ryo riven baka,Diamond 1,68,176,,291,268
310,summoner-8000226,311,周熙璇,Diamond 1,67,71,,122,122
311,summoner-6682419,312,good player98,Diamond 1,67,50,,79,64
312,summoner-14240638,313,Ardent Girl,Diamond 1,67,36,,53,25
313,summoner-6178225,314,qaz,Diamond 1,65,87,,117,100
314,summoner-6163261,315,A Ganker,Diamond 1,65,47,,73,50
315,summoner-6171007,316,siina17,Diamond 1,65,70,,44,41
316,summoner-8650321,317,AdrickSY,Diamond 1,64,74,,99,84
317,summoner-8171326,318,hizikimogura,Diamond 1,63,62,,125,84
318,summoner-9810251,319,MoreMore,Diamond 1,63,83,,66,50
319,summoner-6164040,320,イキり前Flash,Diamond 1,61,76,,80,62
320,summoner-6347450,321,PoponM,Diamond 1,61,88,,55,48
321,summoner-6327716,322,佐村河内,Diamond 1,60,92,,178,153
322,summoner-6184992,323,えとな,Diamond 1,60,128,,112,107
323,summoner-6170269,324,USG Enty 20,Diamond 1,60,48,,103,50
324,summoner-6892805,325,chataro,Diamond 1,59,75,,207,195
325,summoner-6160669,326,otuno,Diamond 1,59,51,,46,38
326,summoner-6178966,327,中卒ドラゴン,Diamond 1,57,91,,119,109
327,summoner-8400528,328,Bless you,Diamond 1,57,39,,50,35
328,summoner-12030247,329,B00SH,Diamond 1,56,72,,187,178
329,summoner-6693732,330,韆齧夾曖,Diamond 1,55,60,,92,95
330,summoner-9810202,331,ボノボ,Diamond 1,54,48,,70,67
331,summoner-6314596,332,Zhonya警察,Diamond 1,54,118,,62,54
332,summoner-6662388,333,alFJ,Diamond 1,53,48,,51,42
333,summoner-8201066,334,Yoshuloo,Diamond 1,52,81,,101,79
334,summoner-14290528,335,ふわたゃを,Diamond 1,49,38,,52,23
335,summoner-6179491,336,ぐれちーも,Diamond 1,47,65,,131,133
336,summoner-6312631,337,りんな,Diamond 1,47,130,,102,101
337,summoner-6272644,338,小原鞠莉,Diamond 1,47,51,,74,51
338,summoner-6181132,339,慰めるゆうちゃん,Diamond 1,42,126,,152,133
339,summoner-6704337,340,Imeria,Diamond 1,42,102,,46,37
340,summoner-6175152,341,Baoh7,Diamond 1,41,167,,305,294
341,summoner-10840209,342,レイライン,Diamond 1,41,80,,174,143
342,summoner-12240297,343,うるいちゃん,Diamond 1,41,50,,141,124
343,summoner-6700839,344,天才ちんはんすう,Diamond 1,40,45,,94,63
344,summoner-6701340,345,ＹＲＴＫＴ,Diamond 1,39,74,,258,201
345,summoner-6188627,346,Hamburger500RP,Diamond 1,38,106,,282,256
346,summoner-6167874,347,エトピリカ,Diamond 1,38,81,,89,68
347,summoner-11890264,348,Suffle,Diamond 1,35,49,,104,100
348,summoner-6173733,349,なおゆー,Diamond 1,35,69,,33,22
349,summoner-6451616,350,WEQ,Diamond 1,34,49,,44,31
350,summoner-6295309,351,Jackn,Diamond 1,33,76,,38,37
351,summoner-6404863,352,Nii,Diamond 1,28,75,,156,153
352,summoner-6162489,353,亜城木夢叶,Diamond 1,28,80,,94,92
353,summoner-6471427,354,貴方のためにしぬ,Diamond 1,28,79,,94,53
354,summoner-6691416,355,ふぁんく,Diamond 1,26,105,,160,167
355,summoner-7391403,356,ちょばむ,Diamond 1,25,72,,166,146
356,summoner-6831275,357,LYNN,Diamond 1,25,80,,164,151
357,summoner-7061063,358,らふいた,Diamond 1,25,103,,122,98
358,summoner-6188710,359,asroc,Diamond 1,25,48,,66,48
359,summoner-6312269,360,はしもとなんか,Diamond 1,25,88,,60,42
360,summoner-14240637,361,Ardent Boy,Diamond 1,25,36,,53,24
361,summoner-6732995,362,i have three JB,Diamond 1,24,62,,178,162
362,summoner-6169154,363,じゅぴた,Diamond 1,22,112,,92,81
363,summoner-8870666,364,ろーれる,Diamond 1,22,43,,89,75
364,summoner-6181735,365,usg がりある,Diamond 1,21,108,,137,136
365,summoner-6163194,366,RadiationDevice,Diamond 1,21,73,,90,82
366,summoner-6321619,367,WICKED,Diamond 1,20,120,,243,235
367,summoner-6703036,368,ジャックス様,Diamond 1,20,53,,28,9
368,summoner-6189217,369,はちみつスキン,Diamond 1,19,124,,191,194
369,summoner-6682953,370,仮野明日那,Diamond 1,19,54,,135,127
370,summoner-6385121,371,lllllllllllIllll,Diamond 1,19,51,,84,82
371,summoner-6292832,372,Selphi,Diamond 1,18,56,,66,65
372,summoner-8812035,373,SinceSpeak,Diamond 1,18,51,,55,57
373,summoner-9270156,374,そまなの,Diamond 1,14,90,,148,134
374,summoner-7820576,375,私は君がほしい,Diamond 1,14,38,,61,29
375,summoner-6319410,376,らいじん,Diamond 1,13,94,,217,233
376,summoner-13000643,377,Reksa2,Diamond 1,13,87,,208,200
377,summoner-6163258,378,KillyKilly JOKER,Diamond 1,13,151,,121,104
378,summoner-6681167,379,namaeomoitukanai,Diamond 1,12,111,,178,171
379,summoner-6333107,380,雑 魚,Diamond 1,11,57,,157,122
380,summoner-6312042,381,caffeine,Diamond 1,10,77,,135,132
381,summoner-9590858,382,JuIie Sigtuna,Diamond 1,9,65,,110,96
382,summoner-6164971,383,7461409,Diamond 1,8,66,,181,158
383,summoner-9181794,384,Day of Justice,Diamond 1,6,49,,66,61
384,summoner-10010863,385,łike,Diamond 1,2,161,,321,330
385,summoner-6165504,386,くらら,Diamond 1,2,107,,116,99
386,summoner-6303130,387,hienso,Diamond 1,1,106,,104,84
387,summoner-6160874,388,ynnoK,Diamond 1,0,129,,369,371
388,summoner-6731229,389,あにこ,Diamond 1,0,138,,299,258
389,summoner-6930647,390,No more perm,Diamond 1,0,67,,258,254
390,summoner-6317289,391,uinyan,Diamond 1,0,91,,241,243
391,summoner-7801113,392,ちーぼう,Diamond 1,0,82,,213,194
392,summoner-12910482,393,ぞぞちゃん,Diamond 1,0,73,,161,155
393,summoner-6317080,394,すろ倉,Diamond 1,0,67,,148,128
394,summoner-10170932,395,Emitting,Diamond 1,0,59,,143,95
395,summoner-6349578,396,xtan,Diamond 1,0,69,,135,123
396,summoner-6160768,397,Halbida,Diamond 1,0,97,,112,124
397,summoner-6695449,398,四楓院夜一,Diamond 1,0,61,,103,84
398,summoner-7020641,399,See Threepio,Diamond 1,0,49,,96,66
399,summoner-10720137,400,Miyamoto Karin,Diamond 1,0,47,,94,80
400,summoner-10720137,401,Miyamoto Karin,Diamond 1,0,47,,94,80
401,summoner-6804563,402,倫チャン,Diamond 1,0,97,,88,87
402,summoner-6773921,403,Nyou道バリケード,Diamond 1,0,120,,74,60
403,summoner-6171531,404,maisuta,Diamond 1,0,88,,71,74
404,summoner-6312737,405,Aura,Diamond 1,0,87,,69,68
405,summoner-6922081,406,スターマン,Diamond 1,0,72,,60,25
406,summoner-14060210,407,Sad Lonely boy,Diamond 1,0,42,,59,29
407,summoner-6702114,408,絶ツインターボ,Diamond 1,0,70,,54,58
408,summoner-10240215,409,USG Fate,Diamond 1,0,76,,41,41
409,summoner-6344699,410,DUCK TOGO,Diamond 1,0,82,,41,34
410,summoner-6307144,411,STAP細胞,Diamond 1,0,49,,40,24
411,summoner-14450141,412,CGA Harunika,Diamond 1,0,35,,35,20
412,summoner-8670315,413,fun XD,Diamond 1,0,38,,30,16
413,summoner-13780580,414,twitch M17Dee,Diamond 2,100,47,,140,89
414,summoner-12912077,415,TohsakAro Rain,Diamond 2,100,46,,82,49
415,summoner-6852246,416,ThintoNの姉,Diamond 2,100,41,,56,54
416,summoner-6161588,417,LuckyTamago,Diamond 2,90,128,,80,70
417,summoner-6173806,418,蒼海舞香,Diamond 2,89,58,,154,131
418,summoner-6186140,419,A Farmer,Diamond 2,84,58,,175,128
419,summoner-6162945,420,チャーシュー吉田,Diamond 2,81,113,,172,167
420,summoner-6164002,421,AliceClare,Diamond 2,77,107,,158,149
421,summoner-6162290,422,Candy Blossom,Diamond 2,75,91,,269,243
422,summoner-6685498,423,wowsosmart,Diamond 2,75,79,,231,218
423,summoner-9180490,424,愛吃豬蹄,Diamond 2,75,93,,179,166
424,summoner-6250704,425,SSR POPO,Diamond 2,75,71,,162,172
425,summoner-7052549,426,Wolhaiksong,Diamond 2,75,57,,159,125
426,summoner-6633880,427,俺来年で18だぞ,Diamond 2,75,53,,145,113
427,summoner-13900437,428,Astralfoxy,Diamond 2,75,51,,131,79
428,summoner-13300153,429,7h Raizin,Diamond 2,75,45,,107,91
429,summoner-6696421,430,Vomero,Diamond 2,75,49,,96,92
430,summoner-6291688,431,SOZAIGOMI,Diamond 2,75,141,,83,75
431,summoner-6704755,432,Bomelee,Diamond 2,75,94,,50,27
432,summoner-12710897,433,tetras,Diamond 2,66,114,,284,283
433,summoner-6160674,434,張文遠,Diamond 2,65,94,,77,81
434,summoner-6180567,435,Yoshioka fanboy,Diamond 2,64,121,,250,224
435,summoner-13082021,436,Ardyn Izunia,Diamond 2,64,57,,185,161
436,summoner-6792954,437,森先生,Diamond 2,63,45,,119,103
437,summoner-6680199,438,エルおじ,Diamond 2,62,87,,331,319
438,summoner-6691170,439,かしくそちゃんぷ,Diamond 2,62,56,,104,71
439,summoner-6169156,440,ShiitakeForest,Diamond 2,61,109,,151,124
440,summoner-6210087,441,DESTRUCTION,Diamond 2,61,45,,96,70
441,summoner-6183577,442,FeeeeeelsGoodMan,Diamond 2,60,88,,191,176
442,summoner-6189236,443,tuyoinarin,Diamond 2,60,68,,111,105
443,summoner-6181949,444,BQB shu,Diamond 2,56,70,,79,84
444,summoner-7080358,445,私のためにしんで,Diamond 2,54,106,,131,133
445,summoner-6702059,446,ごっふぃ3号,Diamond 2,54,55,,103,108
446,summoner-6176654,447,Ηaze,Diamond 2,54,65,,102,117
447,summoner-6168500,448,エンペラー,Diamond 2,54,65,,87,91
448,summoner-6174051,449,伊瀬茉莉也,Diamond 2,53,62,,57,64
449,summoner-6705064,450,Tombstone,Diamond 2,53,38,,40,27
450,summoner-6343812,451,Pierre Marcolini,Diamond 2,47,82,,154,151
451,summoner-6317968,452,issue,Diamond 2,46,109,,219,226
452,summoner-6313167,453,札幌商工会議所付属専門学校,Diamond 2,44,74,,122,71
453,summoner-6335050,454,Jade Flawed,Diamond 2,43,125,,382,363
454,summoner-6177307,455,mefyideru,Diamond 2,43,77,,36,36
455,summoner-9531229,456,MicKun Juice,Diamond 2,42,144,,151,94
456,summoner-8882075,457,moka,Diamond 2,41,100,,135,73
457,summoner-6451627,458,100 Meteos,Diamond 2,41,44,,75,69
458,summoner-6186568,459,Amý,Diamond 2,40,144,,118,95
459,summoner-6163133,460,Souler,Diamond 2,40,86,,98,104
460,summoner-6187898,461,CxAneki,Diamond 2,39,111,,371,359
461,summoner-6187181,462,darkthinPooEX,Diamond 2,36,59,,42,34
462,summoner-6344416,463,Ooさくらんぼ姫oO,Diamond 2,35,53,,56,49
463,summoner-6303051,464,a56,Diamond 2,34,56,,182,188
464,summoner-10120485,465,グラタン,Diamond 2,32,75,,130,116
465,summoner-6450342,466,Marry me,Diamond 2,32,39,,90,56
466,summoner-12861457,467,UzukiLove,Diamond 2,32,50,,76,76
467,summoner-6163203,468,にんにん,Diamond 2,32,50,,61,52
468,summoner-6173582,469,Zaraky bot,Diamond 2,31,102,,313,304
469,summoner-6179546,470,MadEmperor,Diamond 2,28,122,,59,68
470,summoner-6189683,471,aripo,Diamond 2,28,102,,49,43
471,summoner-6181161,472,なつは,Diamond 2,26,68,,126,131
472,summoner-13120294,473,土老帽,Diamond 2,25,80,,222,191
473,summoner-6704000,474,綺チャン,Diamond 2,25,56,,140,139
474,summoner-6162143,475,阿弥陀丸in春夢,Diamond 2,25,57,,134,90
475,summoner-13730771,476,花魁ーる,Diamond 2,25,44,,123,80
476,summoner-6165481,477,XJSwagger,Diamond 2,25,49,,118,82
477,summoner-6317693,478,Muras4k1,Diamond 2,25,71,,104,96
478,summoner-6694477,479,たまちゃん,Diamond 2,25,76,,99,90
479,summoner-6184017,480,kyp,Diamond 2,25,135,,86,71
480,summoner-8841631,481,BossBoy,Diamond 2,25,42,,79,72
481,summoner-6343049,482,rKH,Diamond 2,25,63,,67,59
482,summoner-6164153,483,いぎりす,Diamond 2,25,71,,50,48
483,summoner-8970756,484,Ghost Flash,Diamond 2,25,36,,33,18
484,summoner-13830960,485,wugn,Diamond 2,24,46,,117,96
485,summoner-6184656,486,ろロrolo,Diamond 2,22,92,,165,148
486,summoner-6803124,487,アンパンマン大佐,Diamond 2,22,59,,125,106
487,summoner-13711002,488,BOBO KAMPI,Diamond 2,21,51,,176,145
488,summoner-11510173,489,ぽきぽん,Diamond 2,21,85,,67,61
489,summoner-6810315,490,堀之内九一郎,Diamond 2,20,58,,113,87
490,summoner-6703512,491,えくちーも,Diamond 2,20,79,,55,52
491,summoner-6177230,492,Rivn,Diamond 2,19,115,,224,208
492,summoner-6186963,493,おにぎりの梅,Diamond 2,19,77,,216,200
493,summoner-6181362,494,藤尾マサ,Diamond 2,16,84,,335,333
494,summoner-8570617,495,Fragment,Diamond 2,16,59,,173,146
495,summoner-13800200,496,R指定ぜっと,Diamond 2,16,51,,145,85
496,summoner-6694355,497,Fomalhaut,Diamond 2,15,197,,230,214
497,summoner-6173521,498,arenbatiko,Diamond 2,12,97,,102,91
498,summoner-6170948,499,ざ  び,Diamond 2,10,134,,121,97
499,summoner-8301594,500,Potata,Diamond 2,9,75,,301,266
500,summoner-6184849,501,GAOOOOOO,Diamond 2,9,59,,136,114
501,summoner-6160682,502,Aporomoon,Diamond 2,8,71,,165,177
502,summoner-7300433,503,Nothimoy,Diamond 2,7,59,,138,97
503,summoner-6240128,504,STAR,Diamond 2,4,106,,203,218
504,summoner-6181282,505,王 騎,Diamond 2,0,117,,402,399
505,summoner-6451982,506,fedtakada,Diamond 2,0,87,,327,311
506,summoner-6175311,507,mafuyumh,Diamond 2,0,76,,212,217
507,summoner-8250219,508,MrTolkien,Diamond 2,0,66,,153,161
508,summoner-11960312,509,NB3 fanboy,Diamond 2,0,91,,136,114
509,summoner-13380228,510,ゆめちゅん,Diamond 2,0,55,,128,95
510,summoner-8802152,511,foniXD,Diamond 2,0,53,,102,73
511,summoner-6300312,512,ginTab,Diamond 2,0,99,,98,64
512,summoner-6291904,513,GumLOL,Diamond 2,0,88,,93,116
513,summoner-14120461,514,19Hz,Diamond 2,0,40,,78,46
514,summoner-6616908,515,Kanpo,Diamond 2,0,42,,76,50
515,summoner-6166437,516,RabbitFive,Diamond 2,0,41,,74,63
516,summoner-6170964,517,Insomania,Diamond 2,0,65,,58,45
517,summoner-6450158,518,AFKT T1 AFKER,Diamond 2,0,83,,40,35
518,summoner-7740207,519,AD USER,Diamond 2,0,38,,34,29
519,summoner-6764369,520,Osaka1oN,Diamond 3,100,90,,318,303
520,summoner-10901336,521,ℱĄKʃℛ,Diamond 3,100,88,,232,192
521,summoner-6694700,522,びろろろ,Diamond 3,100,79,,177,121
522,summoner-6184089,523,Lockon Stratos,Diamond 3,100,84,,143,135
523,summoner-6166865,524,Ikamirup,Diamond 3,100,58,,64,45
524,summoner-6831198,525,ぱにょ,Diamond 3,100,44,,63,53
525,summoner-6702599,526,Emp 小e神,Diamond 3,98,85,,136,133
526,summoner-6166905,527,Kirby,Diamond 3,97,55,,41,20
527,summoner-6184406,528,tei syndrome,Diamond 3,93,45,,65,57
528,summoner-9800188,529,CG hachamecha,Diamond 3,92,58,,60,45
529,summoner-6170869,530,テントモン,Diamond 3,91,118,,95,96
530,summoner-6701886,531,Z z,Diamond 3,90,55,,62,34
531,summoner-9910399,532,レディーガガ,Diamond 3,90,77,,54,31
532,summoner-6331904,533,Crimson Cascadё,Diamond 3,85,81,,216,209
533,summoner-7030942,534,とりき,Diamond 3,84,122,,406,403
534,summoner-10280592,535,えふぃ,Diamond 3,84,81,,136,106
535,summoner-6314777,536,REIMEN2422,Diamond 3,83,135,,46,37
536,summoner-6693403,537,NeetNanaAil,Diamond 3,82,101,,230,187
537,summoner-6743522,538,Canaan00,Diamond 3,82,103,,83,76
538,summoner-6299637,539,たこたこ,Diamond 3,82,43,,23,13
539,summoner-6187517,540,gussan225,Diamond 3,81,110,,159,137
540,summoner-6218262,541,手corki足corki,Diamond 3,80,51,,162,80
541,summoner-6690196,542,kemukujara,Diamond 3,79,93,,263,238
542,summoner-6438788,543,urgot only,Diamond 3,77,74,,268,243
543,summoner-6324277,544,D Rose,Diamond 3,76,130,,192,163
544,summoner-6173063,545,透明シャルクルス,Diamond 3,76,69,,98,79
545,summoner-6940141,546,海のくまさん,Diamond 3,75,81,,382,349
546,summoner-13111222,547,Barnes,Diamond 3,75,74,,324,293
547,summoner-6301186,548,Chic man,Diamond 3,75,83,,238,218
548,summoner-6691089,549,飛天流刀妹,Diamond 3,75,56,,161,142
549,summoner-6324998,550,JH1N内智則,Diamond 3,75,67,,160,150
550,summoner-6327228,551,Doranpen,Diamond 3,75,61,,147,133
551,summoner-6195800,552,3onihS,Diamond 3,75,90,,135,147
552,summoner-7190745,553,dancing侍,Diamond 3,75,47,,125,94
553,summoner-6291695,554,Larie29,Diamond 3,75,62,,111,115
554,summoner-6451310,555,みずぴ,Diamond 3,75,88,,101,81
555,summoner-8840482,556,bbigbear,Diamond 3,75,151,,99,103
556,summoner-9820199,557,ihE,Diamond 3,75,41,,90,37
557,summoner-6181632,558,EinSchwein,Diamond 3,75,53,,87,82
558,summoner-6295029,559,えんてぃ,Diamond 3,75,45,,36,23
559,summoner-6175075,560,琴葉葵ちゃん,Diamond 3,74,103,,186,172
560,summoner-12981043,561,シンデレラ多田,Diamond 3,73,53,,148,119
561,summoner-11820713,562,斗魚TV丶檸檬人,Diamond 3,73,40,,39,35
562,summoner-6692602,563,BunNyAnn,Diamond 3,72,80,,370,339
563,summoner-6316612,564,11soul,Diamond 3,72,53,,78,76
564,summoner-6460637,565,th123,Diamond 3,71,71,,102,95
565,summoner-6163776,566,Icoryze,Diamond 3,70,133,,677,669
566,summoner-6163610,567,kumao,Diamond 3,70,91,,86,87
567,summoner-6171102,568,ROX syaruru,Diamond 3,69,55,,154,151
568,summoner-6164024,569,まこも,Diamond 3,69,70,,104,82
569,summoner-6181086,570,sorrymybad3,Diamond 3,69,94,,39,38
570,summoner-6394975,571,Chernobyl,Diamond 3,63,43,,33,20
571,summoner-9500440,572,姫サポートちゃん,Diamond 3,60,107,,32,28
572,summoner-6251779,573,Maradekaiser,Diamond 3,57,56,,84,67
573,summoner-13121314,574,ゅぃぃぃ,Diamond 3,57,38,,60,34
574,summoner-6299444,575,あろえっちぃ,Diamond 3,57,37,,38,24
575,summoner-6167450,576,kasaishouta12345,Diamond 3,56,87,,108,115
576,summoner-6335258,577,ソリアゲ王者ハサキング,Diamond 3,56,95,,50,37
577,summoner-6173906,578,ミニスカート,Diamond 3,55,143,,145,120
578,summoner-6160440,579,19960821,Diamond 3,54,93,,57,54
579,summoner-6319121,580,サモナ一ズリフト,Diamond 3,51,116,,248,214
580,summoner-6683516,581,卍悪霊退散卍前田卍魑魅魍魎卍,Diamond 3,49,39,,49,39
581,summoner-6372585,582,Maokai OTP,Diamond 3,48,155,,408,394
582,summoner-8671253,583,Badult,Diamond 3,48,67,,55,22
583,summoner-6872549,584,Lonely,Diamond 3,47,110,,228,210
584,summoner-6171392,585,くりす,Diamond 3,47,93,,74,55
585,summoner-6162645,586,Absolute Zer0,Diamond 3,45,45,,55,29
586,summoner-12620827,587,Reón,Diamond 3,44,46,,81,71
587,summoner-6160973,588,みやび,Diamond 3,44,58,,73,54
588,summoner-6188387,589,TOXIC BRAD,Diamond 3,43,127,,194,188
589,summoner-6327349,590,ちょこまか,Diamond 3,43,100,,139,128
590,summoner-6183482,591,ミルコビッチ,Diamond 3,43,95,,111,108
591,summoner-6173874,592,おぎん,Diamond 3,42,94,,106,112
592,summoner-9141141,593,有心論,Diamond 3,41,71,,168,146
593,summoner-6470188,594,機動戦士ガベダム,Diamond 3,41,54,,118,129
594,summoner-6173238,595,こんそめ,Diamond 3,41,85,,32,27
595,summoner-6593645,596,Makase uN,Diamond 3,40,134,,232,227
596,summoner-6616875,597,腰腰腰腰腰腰腰,Diamond 3,40,106,,50,33
597,summoner-6232951,598,Eni,Diamond 3,39,61,,78,45
598,summoner-12820181,599,Безработные,Diamond 3,39,35,,37,5
599,summoner-6173492,600,lllllllllllIII,Diamond 3,38,91,,250,234
600,summoner-12020129,601,JPN reo,Diamond 3,37,72,,80,84
601,summoner-6700147,602,vanhouten,Diamond 3,35,91,,95,71
602,summoner-6299556,603,rA9,Diamond 3,34,76,,217,224
603,summoner-6461191,604,sundwe,Diamond 3,34,73,,181,180
604,summoner-8821760,605,しゅかしゅ,Diamond 3,34,44,,110,79
605,summoner-6890761,606,Romane,Diamond 3,33,88,,277,247
606,summoner-6317975,607,野生の生クリーム,Diamond 3,33,77,,87,75
607,summoner-6346156,608,香川広憲の亡霊,Diamond 3,32,41,,63,50
608,summoner-6912310,609,XieL,Diamond 3,30,123,,240,246
609,summoner-6700558,610,Live and Learn,Diamond 3,30,52,,86,87
610,summoner-8970887,611,山梨太郎君,Diamond 3,29,45,,49,12
611,summoner-13111021,612,緊急退学,Diamond 3,28,56,,158,148
612,summoner-10880685,613,おわきんぐ,Diamond 3,28,54,,80,68
613,summoner-6176116,614,八乙女梓乃,Diamond 3,27,99,,179,163
614,summoner-6183316,615,AmA,Diamond 3,27,113,,133,124
615,summoner-14660135,616,Stealth User,Diamond 3,25,44,,106,92
616,summoner-12741109,617,mugiちゃん,Diamond 3,25,65,,105,79
617,summoner-12371172,618,PaladinXD,Diamond 3,25,90,,96,74
618,summoner-6293313,619,あいむすりーぴー,Diamond 3,25,46,,87,45
619,summoner-6171577,620,f0cus,Diamond 3,25,57,,87,73
620,summoner-13090209,621,pureheart player,Diamond 3,25,80,,76,51
621,summoner-12230249,622,V3 Maplestreet,Diamond 3,25,44,,68,60
622,summoner-12180908,623,Lisel0tte,Diamond 3,25,58,,54,32
623,summoner-6694950,624,シンデレラ前川,Diamond 3,25,53,,47,35
624,summoner-6160278,625,234,Diamond 3,25,43,,40,22
625,summoner-6171872,626,キバオウ,Diamond 3,25,48,,39,23
626,summoner-6311421,627,はちゃめちゃ,Diamond 3,25,42,,37,30
627,summoner-6682874,628,LL Stylish,Diamond 3,24,43,,31,28
628,summoner-8491290,629,S2CcReece,Diamond 3,22,47,,138,73
629,summoner-6705587,630,5959,Diamond 3,22,38,,29,12
630,summoner-8110259,631,deeex,Diamond 3,21,85,,112,119
631,summoner-6684303,632,キヨシ,Diamond 3,20,69,,86,67
632,summoner-6171123,633,ちびゅー,Diamond 3,19,77,,214,197
633,summoner-6680908,634,SneakyCastro,Diamond 3,19,77,,145,147
634,summoner-6704681,635,Che1ucY,Diamond 3,19,55,,83,65
635,summoner-6970824,636,Tanto custom,Diamond 3,19,49,,76,62
636,summoner-6301499,637,TimeNoodles,Diamond 3,18,72,,112,95
637,summoner-12240261,638,韓国ダイヤ,Diamond 3,18,72,,92,95
638,summoner-6180120,639,めぐみぃん,Diamond 3,18,103,,29,22
639,summoner-6301737,640,Ricca,Diamond 3,14,108,,111,91
640,summoner-6161590,641,Haru,Diamond 3,14,90,,86,90
641,summoner-6881557,642,shiro,Diamond 3,13,89,,182,155
642,summoner-6311411,643,DianyA JP,Diamond 3,13,171,,45,33
643,summoner-6335404,644,GOLD DARIUS,Diamond 3,11,91,,207,198
644,summoner-7041550,645,Pito,Diamond 3,7,126,,73,58
645,summoner-6181150,646,PCG owl,Diamond 3,6,83,,22,15
646,summoner-6203445,647,1990 Oid man,Diamond 3,20,49,,138,110
647,summoner-6160706,648,ゆりあ,Diamond 3,4,94,,73,77
648,summoner-6290460,649,BlankNoir,Diamond 3,3,120,,350,330
649,summoner-6170857,650,未 玲,Diamond 3,3,127,,244,226
650,summoner-6175268,651,Anasterse,Diamond 3,3,106,,72,59
651,summoner-11001098,652,kimitaka,Diamond 3,2,90,,281,237
652,summoner-14470140,653,ちいたん,Diamond 3,1,43,,90,75
653,summoner-6690868,654,VallisLiccia,Diamond 3,1,47,,78,52
654,summoner-7600153,655,ZhanQiSuSuSu,Diamond 3,0,130,,344,300
655,summoner-6443237,656,Sworf,Diamond 3,0,92,,268,225
656,summoner-6704376,657,KIY Oshi,Diamond 3,0,64,,221,186
657,summoner-6290826,658,絶食系男子,Diamond 3,0,112,,198,182
658,summoner-6931020,659,coyoi,Diamond 3,0,88,,169,158
659,summoner-6811867,660,Uns,Diamond 3,0,78,,121,114
660,summoner-13280157,661,RJ Irony,Diamond 3,0,47,,121,94
661,summoner-8610350,662,勇者ほっともっと,Diamond 3,0,76,,120,90
662,summoner-13072105,663,daftness,Diamond 3,0,52,,118,91
663,summoner-6681245,664,会田薫,Diamond 3,0,73,,114,98
664,summoner-6189797,665,Cine,Diamond 3,0,87,,111,79
665,summoner-7230540,666,東京ジェラシィ,Diamond 3,0,58,,103,97
666,summoner-9231455,667,KTRolster8,Diamond 3,0,47,,92,69
667,summoner-6292756,668,お饅頭コンバット,Diamond 3,0,47,,88,73
668,summoner-6365937,669,Melodyuko,Diamond 3,0,60,,87,79
669,summoner-6176027,670,おぐろと,Diamond 3,0,63,,81,65
670,summoner-6332554,671,Rekkles,Diamond 3,0,48,,79,67
671,summoner-6325592,672,PhantomDeathBeta,Diamond 3,0,49,,78,79
672,summoner-6333769,673,nocchiPanty,Diamond 3,0,41,,76,56
673,summoner-6304831,674,ムシキング,Diamond 3,0,43,,64,64
674,summoner-6336507,675,kudryavka1991,Diamond 3,0,102,,63,50
675,summoner-6319269,676,いんでっくす,Diamond 3,0,77,,47,53
676,summoner-13050222,677,みゅうだょ,Diamond 3,0,38,,47,24
677,summoner-6700903,678,Nidalee AI,Diamond 3,0,40,,31,29
678,summoner-6701782,679,kokokokokoko,Diamond 3,0,42,,30,21
679,summoner-6701131,680,Zeeerry,Diamond 4,100,102,,344,323
680,summoner-8430466,681,ad John,Diamond 4,100,68,,240,222
681,summoner-6693049,682,Meménto Mori,Diamond 4,100,62,,225,186
682,summoner-6377670,683,Nightcolor,Diamond 4,100,125,,181,152
683,summoner-6163019,684,Kral,Diamond 4,100,58,,160,127
684,summoner-6294057,685,luizana,Diamond 4,100,122,,156,138
685,summoner-6176621,686,Daath,Diamond 4,100,83,,115,105
686,summoner-6189281,687,あすき,Diamond 4,100,111,,96,74
687,summoner-6302829,688,Deazo,Diamond 4,100,77,,88,69
688,summoner-6348343,689,SGL Throne,Diamond 4,100,45,,64,40
689,summoner-6671963,690,脳内Montage,Diamond 4,100,41,,46,35
690,summoner-6170777,691,ふんどし日本丸,Diamond 4,100,57,,41,27
691,summoner-7630197,692,ÿøšhüłõö,Diamond 4,99,56,,67,55
692,summoner-6791751,693,sekususimasyo,Diamond 4,98,100,,144,80
693,summoner-8321667,694,温かいビデ,Diamond 4,97,46,,102,66
694,summoner-6290250,695,Ｃherry,Diamond 4,96,40,,46,30
695,summoner-6299663,696,ㅋㅋㅋ,Diamond 4,93,67,,56,42
696,summoner-6318681,697,dancing隼,Diamond 4,53,89,,388,360
697,summoner-6611761,698,HikikomoriADC,Diamond 4,91,50,,147,110
698,summoner-13070705,699,チアキFrom TW,Diamond 4,91,43,,67,36
699,summoner-6733366,700,Wynn,Diamond 4,90,110,,160,136
700,summoner-13230137,701,ELMO IN JP,Diamond 4,90,50,,138,100
701,summoner-9520348,702,erza9425,Diamond 4,90,39,,60,29
702,summoner-6298059,703,べあー,Diamond 4,90,44,,42,38
703,summoner-6331326,704,RQ konomekaze,Diamond 4,90,53,,35,30
704,summoner-11890219,705,Scrawboy,Diamond 4,89,58,,204,189
705,summoner-6232619,706,フモッフ,Diamond 4,73,49,,114,79
706,summoner-6450728,707,Spicat,Diamond 4,89,46,,96,77
707,summoner-6293258,708,サポ野バブ美,Diamond 4,89,137,,76,68
708,summoner-6292221,709,Yxum,Diamond 4,88,90,,200,185
709,summoner-6702694,710,キレたナイフ,Diamond 4,87,49,,159,126
710,summoner-6651348,711,LなoまL,Diamond 4,87,59,,66,35
711,summoner-12511187,712,最終のボス,Diamond 4,86,72,,44,41
712,summoner-11140602,713,19980810,Diamond 4,85,59,,178,149
713,summoner-6189369,714,お前が一番,Diamond 4,85,98,,139,96
714,summoner-6172003,715,贅肉おばけ,Diamond 4,85,81,,58,49
715,summoner-12910257,716,nananaa,Diamond 4,100,85,,388,364
716,summoner-10210222,717,THE BM LORD,Diamond 4,84,148,,232,216
717,summoner-6250300,718,Rhivarak,Diamond 4,84,57,,187,164
718,summoner-6173795,719,冰 糖,Diamond 4,84,162,,179,165
719,summoner-6176418,720,Forget me not,Diamond 4,84,55,,82,62
720,summoner-11810890,721,コモレビの下,Diamond 4,84,39,,74,46
721,summoner-6337433,722,onkami,Diamond 4,84,58,,52,28
722,summoner-6624647,723,LoviScenario,Diamond 4,83,77,,236,221
723,summoner-6292029,724,Shiruma,Diamond 4,83,105,,166,154
724,summoner-6178665,725,yumeat,Diamond 4,81,99,,260,260
725,summoner-14040801,726,ctgwaybmkr,Diamond 4,81,73,,249,221
726,summoner-7280872,727,星崎希望,Diamond 4,81,63,,133,80
727,summoner-6690177,728,509 Is,Diamond 4,81,71,,74,63
728,summoner-6313630,729,Paya,Diamond 4,77,56,,171,140
729,summoner-6701048,730,MаroZitE,Diamond 4,77,92,,126,100
730,summoner-7470187,731,めろんそーだ,Diamond 4,77,92,,102,78
731,summoner-14180148,732,ぴーち,Diamond 4,76,54,,136,101
732,summoner-6596585,733,BIood,Diamond 4,75,104,,315,291
733,summoner-6861306,734,Rari城ドラ,Diamond 4,75,136,,285,271
734,summoner-9861164,735,こだまでしょうか,Diamond 4,75,82,,259,267
735,summoner-10250446,736,ねこみみ,Diamond 4,75,162,,206,169
736,summoner-7460217,737,Conside,Diamond 4,75,68,,191,155
737,summoner-10670497,738,あやりん,Diamond 4,75,83,,177,179
738,summoner-6176277,739,hotzushi,Diamond 4,75,49,,161,129
739,summoner-6183136,740,れもんまん,Diamond 4,75,70,,123,124
740,summoner-6290757,741,Resin,Diamond 4,75,92,,110,111
741,summoner-6176839,742,username,Diamond 4,75,46,,96,56
742,summoner-12851604,743,バイト戦士鈴羽,Diamond 4,75,54,,94,68
743,summoner-6172999,744,Rend,Diamond 4,75,82,,87,74
744,summoner-6310122,745,gaegwae,Diamond 4,75,48,,62,56
745,summoner-6393298,746,Best Sona JP,Diamond 4,75,44,,62,27
746,summoner-7260357,747,Solo Horkew,Diamond 4,75,39,,60,49
747,summoner-12610863,748,cotton candy,Diamond 4,75,43,,59,18
748,summoner-6185426,749,maeken,Diamond 4,75,72,,47,32
749,summoner-9810205,750,リトルデーモン,Diamond 4,75,52,,45,25
750,summoner-9550124,751,7h RIP,Diamond 4,75,41,,41,25
751,summoner-6700165,752,せやろかえふ,Diamond 4,74,62,,38,33
752,summoner-6165496,753,Leeroy Jenkins,Diamond 4,73,46,,63,54
753,summoner-9530609,754,月与海,Diamond 4,72,83,,223,212
754,summoner-6305393,755,zuiha,Diamond 4,72,95,,195,177
755,summoner-6700400,756,rogiaaa,Diamond 4,72,58,,103,88
756,summoner-7360731,757,俺はs4マスター,Diamond 4,72,44,,69,51
757,summoner-8701271,758,LTB Sin,Diamond 4,71,67,,143,109
758,summoner-6297288,759,新田美波,Diamond 4,69,50,,43,40
759,summoner-6310418,760,Pitch and Bent,Diamond 4,68,85,,256,261
760,summoner-6325492,761,EySSS,Diamond 4,67,67,,234,202
761,summoner-6701006,762,TonkatsuSauce,Diamond 4,67,83,,218,184
762,summoner-6173745,763,美靏姬,Diamond 4,66,42,,81,64
763,summoner-6180653,764,妻子持ち月収50万,Diamond 4,46,66,,209,203
764,summoner-6164321,765,mesya,Diamond 4,65,106,,153,125
765,summoner-6706323,766,ACE OF KANI,Diamond 4,65,74,,125,118
766,summoner-6323905,767,TwitchMainOkita,Diamond 4,63,145,,561,541
767,summoner-7070260,768,松田超人最強伝説,Diamond 4,63,103,,63,46
768,summoner-6177378,769,llIIlIlIIIIllllI,Diamond 4,63,37,,60,46
769,summoner-12440459,770,先生は孫笑川,Diamond 4,62,60,,113,74
770,summoner-12010132,771,ejii,Diamond 4,62,44,,84,61
771,summoner-6179383,772,あるべりー,Diamond 4,61,93,,164,162
772,summoner-6704155,773,394,Diamond 4,61,40,,74,35
773,summoner-6181109,774,mizukami,Diamond 4,77,145,,346,337
774,summoner-6298524,775,もこけね,Diamond 4,60,139,,256,246
775,summoner-6187442,776,moriwo god,Diamond 4,60,51,,49,30
776,summoner-6202006,777,Huya丶Dop4,Diamond 4,60,41,,40,32
777,summoner-6173837,778,ネオス,Diamond 4,59,81,,125,134
778,summoner-6461070,779,지온구,Diamond 4,58,93,,229,226
779,summoner-6177492,780,21歳無職,Diamond 4,58,128,,215,187
780,summoner-6160967,781,あにーぼっと,Diamond 4,58,82,,42,43
781,summoner-6394809,782,とっぱー,Diamond 4,57,116,,234,223
782,summoner-6752556,783,SUPERHOTSUPERHOT,Diamond 4,57,91,,124,100
783,summoner-6182263,784,しじみん,Diamond 4,56,153,,418,394
784,summoner-6461466,785,どぶさいく,Diamond 4,56,114,,142,133
785,summoner-6441172,786,jhin IS GOD,Diamond 4,56,78,,108,118
786,summoner-6172774,787,ぺろぺろしてぇな,Diamond 4,55,127,,127,88
787,summoner-6167631,788,きみがすき,Diamond 4,54,95,,95,79
788,summoner-6187805,789,べると,Diamond 4,54,81,,73,42
789,summoner-6685231,790,GokdWing,Diamond 4,53,39,,75,51
790,summoner-7391804,791,やばいleo,Diamond 4,52,84,,93,81
791,summoner-6347493,792,ケインすごしゅぎ,Diamond 4,52,48,,93,60
792,summoner-6328054,793,BANKOISER,Diamond 4,51,102,,225,193
793,summoner-6312931,794,Macarong v2,Diamond 4,51,51,,146,74
794,summoner-6321167,795,Demrofer,Diamond 4,51,69,,103,89
795,summoner-6166047,796,むっちょ,Diamond 4,51,86,,89,78
796,summoner-12820173,797,超銀河T1NPO,Diamond 4,50,54,,148,132
797,summoner-14230703,798,chocotto,Diamond 4,50,45,,117,86
798,summoner-9930186,799,7357,Diamond 4,50,49,,52,30
799,summoner-8320349,800,李愛希,Diamond 4,49,146,,105,75
800,summoner-6165388,801,yurinn,Diamond 4,48,72,,71,56
801,summoner-13480413,802,MID Emper0r,Diamond 4,47,41,,69,39
802,summoner-6180653,803,妻子持ち月収50万,Diamond 4,46,66,,209,203
803,summoner-6843271,804,俺は行く,Diamond 4,45,124,,427,413
804,summoner-6292039,805,hanyu,Diamond 4,45,67,,185,182
805,summoner-6287685,806,Feeddlesticks,Diamond 4,44,122,,262,222
806,summoner-6322460,807,俺にかかれば2秒でマダガスカル,Diamond 4,44,42,,55,57
807,summoner-6164245,808,kasujyou,Diamond 4,44,50,,39,26
808,summoner-6160698,809,441,Diamond 4,43,69,,176,185
809,summoner-6694459,810,Against All Odds,Diamond 4,43,139,,102,103
810,summoner-9810204,811,くぅちゃん,Diamond 4,43,110,,66,50
811,summoner-6172444,812,nesscrystal,Diamond 4,43,43,,58,49
812,summoner-6344063,813,勇者あああああ,Diamond 4,43,71,,50,46
813,summoner-6313068,814,ろろれろろ,Diamond 4,42,126,,325,298
814,summoner-6291049,815,Jerard,Diamond 4,42,95,,72,47
815,summoner-6185989,816,ななせ,Diamond 4,42,120,,71,64
816,summoner-6348974,817,雪 梨,Diamond 4,42,137,,37,21
817,summoner-13081642,818,イカレちんぽこ丸,Diamond 4,41,95,,162,129
818,summoner-6329451,819,Dopaaa,Diamond 4,41,46,,86,61
819,summoner-6160466,820,Very Kind,Diamond 4,40,67,,164,162
820,summoner-6294994,821,ひろっぺん,Diamond 4,40,75,,163,147
821,summoner-6161708,822,とうま,Diamond 4,40,55,,111,100
822,summoner-6170500,823,り ん,Diamond 4,40,65,,110,118
823,summoner-6307952,824,ヌヲヌバ,Diamond 4,39,85,,217,192
824,summoner-8940405,825,Cherry Fizz,Diamond 4,39,117,,198,192
825,summoner-12950656,826,おじゃまるお,Diamond 4,39,59,,146,105
826,summoner-6174908,827,HaraNamayOkO,Diamond 4,38,97,,101,79
827,summoner-9620151,828,VioIeT,Diamond 4,37,59,,127,127
828,summoner-14070171,829,Aussie,Diamond 4,37,63,,110,98
829,summoner-6347482,830,かげを,Diamond 4,37,115,,50,43
830,summoner-6187760,831,凖 提,Diamond 4,36,84,,239,230
831,summoner-6312313,832,owæ,Diamond 4,36,145,,147,153
832,summoner-6180679,833,てれくしー,Diamond 4,36,95,,126,123
833,summoner-6686136,834,Coba1t,Diamond 4,36,122,,112,100
834,summoner-6169090,835,123123123,Diamond 4,35,99,,134,103
835,summoner-6314810,836,Livraa,Diamond 4,35,97,,76,58
836,summoner-6297571,837,469ma,Diamond 4,34,73,,121,105
837,summoner-6184506,838,Elliott Swift,Diamond 4,34,67,,121,106
838,summoner-6703664,839,LoveLoveRyutin,Diamond 4,34,45,,94,71
839,summoner-6301753,840,luoqisa,Diamond 4,34,67,,88,63
840,summoner-6176851,841,きばみ,Diamond 4,33,75,,46,49
841,summoner-6335235,842,SukebeS,Diamond 4,33,120,,44,42
842,summoner-6681539,843,INnoVation,Diamond 4,32,72,,127,123
843,summoner-6323019,844,GANJA NINJA,Diamond 4,32,56,,96,97
844,summoner-6215158,845,dogyzz,Diamond 4,32,110,,43,40
845,summoner-6691420,846,ぼんぽち,Diamond 4,31,70,,110,98
846,summoner-8720356,847,Mùa 8 Challenger,Diamond 4,30,109,,409,394
847,summoner-6176905,848,Elmyr,Diamond 4,30,109,,381,353
848,summoner-8661566,849,溢れた,Diamond 4,30,84,,299,283
849,summoner-6161164,850,Marble96,Diamond 4,29,97,,309,302
850,summoner-6170569,851,Japan Net Bank,Diamond 4,29,85,,211,185
851,summoner-6162091,852,Rebel blade,Diamond 4,29,92,,189,187
852,summoner-14610620,853,アシホ,Diamond 4,29,38,,62,45
853,summoner-12940514,854,飲酒LoLマン,Diamond 4,28,44,,82,49
854,summoner-6301396,855,frecc1a,Diamond 4,27,72,,145,110
855,summoner-6292126,856,kurooon,Diamond 4,27,93,,111,100
856,summoner-12520695,857,ヨンジェ,Diamond 4,27,55,,79,55
857,summoner-6283018,858,Dokurou,Diamond 4,26,96,,270,257
858,summoner-6175753,859,MOU MURI,Diamond 4,26,111,,162,126
859,summoner-6345889,860,Fine2162,Diamond 4,26,75,,37,25
860,summoner-13670263,861,すこぶる動くウサギ,Diamond 4,25,51,,163,121
861,summoner-13230202,862,New zhondan,Diamond 4,25,52,,154,131
862,summoner-13290150,863,USG Gang0,Diamond 4,25,46,,133,72
863,summoner-6450887,864,もぅﾏﾁﾞ無理 死ンヂャオ,Diamond 4,25,52,,119,93
864,summoner-7321699,865,usagino,Diamond 4,25,50,,102,89
865,summoner-6168484,866,Etoile,Diamond 4,25,72,,101,104
866,summoner-6336404,867,Tokoyuki,Diamond 4,25,71,,95,70
867,summoner-6830175,868,EleaNoR,Diamond 4,25,73,,94,64
868,summoner-7011396,869,Snows,Diamond 4,25,49,,89,70
869,summoner-6331277,870,1715,Diamond 4,25,80,,82,71
870,summoner-6703099,871,琴チャン,Diamond 4,25,77,,81,100
871,summoner-9950219,872,西日暮里戒网中心,Diamond 4,25,52,,67,46
872,summoner-6182928,873,Tidus,Diamond 4,25,84,,63,63
873,summoner-12260902,874,lWJack,Diamond 4,25,52,,39,35
874,summoner-7380786,875,omtom1,Diamond 4,24,63,,216,218
875,summoner-6188392,876,Rainsuta,Diamond 4,24,76,,161,133
876,summoner-6171784,877,天津風ちゃん,Diamond 4,24,83,,68,56
877,summoner-6169011,878,zakosuaran,Diamond 4,23,94,,314,301
878,summoner-6293332,879,MoZukuTea,Diamond 4,23,114,,107,93
879,summoner-6695236,880,123,Diamond 4,23,92,,103,94
880,summoner-6292174,881,00Albert,Diamond 4,22,78,,215,185
881,summoner-6357115,882,てま本,Diamond 4,22,56,,183,150
882,summoner-6312719,883,ちくびまる子ちゃ,Diamond 4,21,119,,455,425
883,summoner-6181369,884,太田佳奈,Diamond 4,21,59,,173,144
884,summoner-6890241,885,ťele,Diamond 4,20,58,,99,92
885,summoner-7891371,886,北見六花,Diamond 4,20,73,,85,48
886,summoner-13740351,887,乃 愛,Diamond 4,20,41,,78,54
887,summoner-6170680,888,shellinford,Diamond 4,20,93,,68,56
888,summoner-6291622,889,くま虎,Diamond 4,19,69,,139,118
889,summoner-8080535,890,さなぎぱん,Diamond 4,19,64,,127,97
890,summoner-6666546,891,wing,Diamond 4,19,120,,107,74
891,summoner-8691179,892,CarryBASHIBASHI,Diamond 4,19,39,,54,43
892,summoner-6450745,893,あべくま,Diamond 4,19,100,,23,22
893,summoner-8900234,894,pirotyan,Diamond 4,18,74,,182,145
894,summoner-6165282,895,ヒカキンキッズ,Diamond 4,18,110,,171,159
895,summoner-9670170,896,くっきー,Diamond 4,18,85,,154,149
896,summoner-13490210,897,Iwasawa,Diamond 4,18,46,,115,84
897,summoner-6261547,898,dota2 10kmmr,Diamond 4,18,78,,103,75
898,summoner-6695156,899,るんちゃ,Diamond 4,17,106,,228,228
899,summoner-6950468,900,Endelyu,Diamond 4,17,73,,186,154
900,summoner-6262219,901,Pudge,Diamond 4,17,99,,182,164
901,summoner-6303428,902,BQB Kabupun,Diamond 4,17,98,,177,188
902,summoner-6160581,903,おはナッツ,Diamond 4,17,96,,164,170
903,summoner-6167794,904,Oreki,Diamond 4,17,84,,131,121
904,summoner-6303936,905,StylishNoob4,Diamond 4,17,119,,130,119
905,summoner-12740857,906,practice nomi,Diamond 4,17,46,,62,44
906,summoner-6227944,907,My face is bad,Diamond 4,16,212,,838,798
907,summoner-6272955,908,0A0,Diamond 4,16,106,,210,198
908,summoner-6333309,909,aratobuster,Diamond 4,16,60,,206,185
909,summoner-6175584,910,ロシナンテ,Diamond 4,16,65,,147,129
910,summoner-10690274,911,whiskeeey,Diamond 4,15,130,,187,186
911,summoner-6184382,912,pzi,Diamond 4,15,104,,158,136
912,summoner-11260174,913,Ruki,Diamond 4,15,121,,140,146
913,summoner-6181413,914,1000DYE,Diamond 4,15,76,,126,120
914,summoner-6160649,915,にこぷり,Diamond 4,15,135,,104,98
915,summoner-6162241,916,Erulein,Diamond 4,15,59,,66,56
916,summoner-6344150,917,kasupi404,Diamond 4,15,108,,51,27
917,summoner-6162908,918,はろーさんた,Diamond 4,14,95,,217,224
918,summoner-10171220,919,君の唾液で口噛酒,Diamond 4,14,78,,111,102
919,summoner-6682043,920,Poppy chan,Diamond 4,14,66,,100,88
920,summoner-6271387,921,ハイセ,Diamond 4,13,70,,64,58
921,summoner-6161550,922,terya,Diamond 4,12,73,,199,173
922,summoner-7350233,923,Griever,Diamond 4,12,46,,109,81
923,summoner-6310371,924,R1ngoKun,Diamond 4,12,68,,41,33
924,summoner-6180951,925,Larc,Diamond 4,10,95,,187,180
925,summoner-6170090,926,paddle star,Diamond 4,9,122,,136,132
926,summoner-6171274,927,Rolo Lamperouge,Diamond 4,9,85,,130,111
927,summoner-6161347,928,エッッッッッッ,Diamond 4,8,105,,46,49
928,summoner-13790130,929,ˆSarah Myˆ,Diamond 4,7,71,,198,162
929,summoner-8160442,930,sebearasi,Diamond 4,5,103,,54,50
930,summoner-6299347,931,W上げ本田圭佑,Diamond 4,3,97,,145,132
931,summoner-6811107,932,gannmo123,Diamond 4,3,93,,38,32
932,summoner-12760939,933,kneesox,Diamond 4,2,64,,245,220
933,summoner-6700720,934,Ir1s,Diamond 4,2,56,,167,173
934,summoner-6175258,935,SakuraSky,Diamond 4,2,108,,114,103
935,summoner-6318881,936,Azuliet,Diamond 4,2,62,,91,86
936,summoner-8890153,937,프나틱 원딜,Diamond 4,1,66,,72,54
937,summoner-6189958,938,のちのち,Diamond 4,1,54,,70,62
938,summoner-6186260,939,Top or AFK,Diamond 4,1,47,,47,44
939,summoner-6680752,940,飲酒運転,Diamond 4,0,114,,532,523
940,summoner-10600137,941,島魚Jasconius,Diamond 4,0,111,,364,352
941,summoner-7441297,942,Pearplanet,Diamond 4,0,63,,248,207
942,summoner-6316705,943,君のハートにイグナイト,Diamond 4,0,103,,241,233
943,summoner-8760281,944,Tao,Diamond 4,0,107,,235,205
944,summoner-6315001,945,DE JEUX,Diamond 4,0,92,,216,210
945,summoner-6162614,946,伊右衛門,Diamond 4,0,63,,212,187
946,summoner-6187890,947,kurewo god,Diamond 4,0,74,,206,175
947,summoner-6690662,948,IIllII,Diamond 4,0,112,,206,187
948,summoner-13140250,949,おとろえ,Diamond 4,0,66,,201,168
949,summoner-6654494,950,Gangpłank,Diamond 4,0,71,,200,182
950,summoner-11600486,951,TMaaH,Diamond 4,0,120,,189,169
951,summoner-6302228,952,悔い改めよ,Diamond 4,0,82,,182,176
952,summoner-6705132,953,From the Gekko,Diamond 4,0,56,,175,143
953,summoner-6172529,954,claymoreNagi,Diamond 4,0,83,,174,172
954,summoner-8840634,955,무섭고외롭겠다,Diamond 4,0,124,,167,151
955,summoner-11570397,956,EdwinVanCleef,Diamond 4,0,49,,152,137
956,summoner-9180884,957,CatPenguin3,Diamond 4,0,71,,148,118
957,summoner-6184769,958,ぺけのすけ,Diamond 4,0,124,,140,132
958,summoner-6681698,959,noobmanNA,Diamond 4,0,56,,140,113
959,summoner-6182845,960,ロコちゃん,Diamond 4,0,137,,138,133
960,summoner-6180802,961,lqs,Diamond 4,0,70,,134,123
961,summoner-6173987,962,Wobbuffet,Diamond 4,0,98,,131,127
962,summoner-6209163,963,Fyy Monologuey,Diamond 4,0,99,,126,82
963,summoner-6490176,964,Kurо,Diamond 4,0,127,,126,105
964,summoner-8140187,965,KIed BOT,Diamond 4,0,85,,125,105
965,summoner-12430231,966,DoubleIift,Diamond 4,0,62,,115,101
966,summoner-7200179,967,ItsNimbuS,Diamond 4,0,107,,112,88
967,summoner-8721259,968,rivenのアナ子,Diamond 4,0,60,,109,107
968,summoner-6160782,969,pajamasa,Diamond 4,0,87,,107,89
969,summoner-13770959,970,mysql u root,Diamond 4,0,47,,96,81
970,summoner-14100535,971,NinetyEight,Diamond 4,0,44,,95,74
971,summoner-14170558,972,Lil C,Diamond 4,0,44,,95,74
972,summoner-6701220,973,イオの手先,Diamond 4,0,77,,93,91
973,summoner-6295282,974,C9 膝裏にキス,Diamond 4,0,70,,93,69
974,summoner-6298181,975,Yunn,Diamond 4,0,73,,92,72
975,summoner-9440328,976,ScudCrosers,Diamond 4,0,93,,92,81
976,summoner-7200222,977,BGF,Diamond 4,0,49,,91,83
977,summoner-10941158,978,バリネコテクノ,Diamond 4,0,44,,88,64
978,summoner-12251111,979,Best Janna NA,Diamond 4,0,106,,84,58
979,summoner-6262327,980,Lurix,Diamond 4,0,110,,84,68
980,summoner-6332429,981,takuman por,Diamond 4,0,41,,71,42
981,summoner-6181074,982,Damnare Mantis,Diamond 4,0,117,,67,67
982,summoner-6170724,983,インターネット,Diamond 4,0,79,,63,59
983,summoner-6320302,984,メラゾーマ,Diamond 4,0,97,,62,47
984,summoner-6170708,985,働けクズ,Diamond 4,0,109,,55,48
985,summoner-13420258,986,ナッシュ,Diamond 4,0,71,,41,33
986,summoner-9960670,987,Asterism,Diamond 4,0,53,,35,32
987,summoner-6183784,988,Caim,Diamond 4,0,58,,34,18
988,summoner-6160830,989,нoчь,Diamond 4,0,36,,32,17
989,summoner-6161615,990,JAN,Diamond 5,100,142,,518,523
990,summoner-6361331,991,春日野はる,Diamond 5,100,139,,464,462
991,summoner-6175901,992,teimo,Diamond 5,100,101,,325,309
992,summoner-12420250,993,Deklaran,Diamond 5,100,89,,246,233
993,summoner-6310164,994,freejapan,Diamond 5,100,64,,205,210
994,summoner-6173780,995,Zed bot,Diamond 5,100,103,,194,186
995,summoner-10871337,996,アムルクレチア,Diamond 5,100,60,,173,155
996,summoner-6299569,997,ComeONCrit,Diamond 5,100,74,,168,172
997,summoner-6318960,998,チーズスタリオン,Diamond 5,100,83,,161,171
998,summoner-13790169,999,WanderingPro2,Diamond 5,100,55,,155,133
999,summoner-6301025,1000,oけいo,Diamond 5,100,116,,154,132
