#timestamp 1530014437692
#date 2018-06-26T12:00:37+00:00
#players 1000
#index,id,rank,name,tier,lp,level,proTeam,win,loss
0,summoner-30950217,1,Necromartin,Challenger,1372,93,,273,188
1,summoner-114456,2,Just Milánek,Challenger,1034,118,,191,127
2,summoner-67237036,3,DawidaZ314,Challenger,1022,67,,175,124
3,summoner-25251096,4,Erring,Challenger,1039,109,,192,130
4,summoner-34366642,5,Zest of a Lemon,Challenger,975,83,,153,99
5,summoner-68577868,6,The FearDrug,Challenger,972,52,,130,75
6,summoner-19912631,7,balagan,Challenger,962,84,,181,132
7,summoner-54937799,8,I am LeBron,Challenger,947,96,,392,338
8,summoner-35488076,9,Thomasive,Challenger,932,159,,343,295
9,summoner-30354925,10,S4breTooth,Challenger,913,69,,178,131
10,summoner-56366993,11,Inferiorities,Challenger,904,134,,408,321
11,summoner-32276072,12,Drutut,Challenger,900,88,,179,129
12,summoner-42337826,13,ŃightFury,Challenger,888,57,,129,73
13,summoner-36174939,14,Orochimâru,Challenger,873,86,,184,125
14,summoner-29947317,15,LC Specialkey,Challenger,868,89,,126,74
15,summoner-41255766,16,Trenie,Challenger,794,62,,219,166
16,summoner-38799811,17,VinTreZ,Challenger,784,82,,225,180
17,summoner-43537063,18,INFINITIUM,Challenger,753,103,,246,198
18,summoner-29626431,19,Egé,Challenger,745,93,,116,75
19,summoner-46571745,20,Challenger Riven,Challenger,732,65,,171,115
20,summoner-68397877,21,thícc boy,Challenger,731,136,,555,487
21,summoner-20911182,22,Mortar2,Challenger,725,77,,217,171
22,summoner-31258700,23,SenuaI,Challenger,724,134,,176,131
23,summoner-36034843,24,Whírlwind,Challenger,722,98,,255,209
24,summoner-22424102,25,Dat Guy M0arcin,Challenger,716,81,,223,173
25,summoner-41719668,26,Hide On Ãütism,Challenger,702,121,,152,99
26,summoner-27638198,27,Samyaza3,Challenger,689,72,,137,102
27,summoner-35839428,28,Dudî,Challenger,687,85,,151,106
28,summoner-33502635,29,Alek22,Challenger,683,101,,300,257
29,summoner-51510795,30,Psych0social,Challenger,676,105,,247,194
30,summoner-32525539,31,solony1,Challenger,669,119,,441,397
31,summoner-24217661,32,43178261271,Challenger,669,60,,126,79
32,summoner-24211787,33,45620 321,Challenger,654,54,,148,110
33,summoner-27260328,34,FizzCantCarry Q8,Challenger,646,107,,187,135
34,summoner-30869288,35,Hitman1771,Challenger,629,97,,390,328
35,summoner-29560341,36,Cougar,Challenger,628,107,,296,249
36,summoner-33845373,37,14133029,Challenger,628,94,,168,141
37,summoner-35473029,38,Yuno Gasai,Challenger,626,177,,165,123
38,summoner-26053958,39,FonikiKouradoula,Challenger,623,126,,514,471
39,summoner-41188305,40,RABANUS XDD,Challenger,617,88,,304,265
40,summoner-30034043,41,Ztreetboy,Challenger,617,48,,134,75
41,summoner-24537185,42,Sgt Reckface,Challenger,617,68,,128,84
42,summoner-36586403,43,DJfaby,Challenger,633,84,,117,74
43,summoner-25559670,44,CeKa,Challenger,613,85,,320,252
44,summoner-28117164,45,7h3blu3,Challenger,612,144,,255,217
45,summoner-41373137,46,Tanya Degurechaf,Challenger,606,131,,246,205
46,summoner-42310753,47,septico1,Challenger,600,140,,298,259
47,summoner-29126866,48,Askarek,Challenger,599,98,,322,285
48,summoner-24304145,49,ShatterNightmare,Challenger,597,119,,230,198
49,summoner-68037994,50,Tilen Perko,Challenger,575,46,,117,54
50,summoner-19708054,51,Heals1ut,Challenger,593,63,,143,96
51,summoner-21445018,52,lykku,Challenger,593,71,,114,76
52,summoner-30739384,53,Saya NΥX,Challenger,590,85,,140,96
53,summoner-22488792,54,THR Vioreleeee,Challenger,583,79,,101,67
54,summoner-54125134,55,DeIusion,Challenger,559,146,,319,272
55,summoner-37803083,56,Adryeh,Challenger,573,111,,230,194
56,summoner-32164198,57,Trap40,Challenger,565,97,,296,261
57,summoner-62796707,58,Yasuxery,Challenger,562,48,,158,80
58,summoner-32706014,59,MyxiR,Challenger,555,88,,227,194
59,summoner-38198493,60,Virtuøso,Challenger,554,130,,254,215
60,summoner-62512964,61,Songu,Challenger,548,90,,147,120
61,summoner-35483267,62,DIAMOND BTW,Challenger,546,69,,167,124
62,summoner-30124073,63,VoidlingGeneral,Challenger,538,113,,197,154
63,summoner-22901643,64,Black Pete,Challenger,537,80,,284,243
64,summoner-24294620,65,Cant ToUcH DiS,Challenger,536,130,,230,189
65,summoner-20768545,66,Keàsar,Challenger,533,93,,188,148
66,summoner-37834995,67,Sl Karapanos,Challenger,532,115,,153,111
67,summoner-37847164,68,Dekkon,Challenger,530,81,,145,118
68,summoner-62294050,69,MixepSRB,Challenger,528,95,,266,227
69,summoner-36880627,70,Kizuro,Challenger,528,70,,145,116
70,summoner-37619582,71,DareDévil,Challenger,527,236,,108,70
71,summoner-30363029,72,ku5h420igniteit,Challenger,526,87,,207,175
72,summoner-43463469,73,Niinja,Challenger,524,125,,508,463
73,summoner-34647447,74,Thebausffs,Challenger,523,78,,126,91
74,summoner-36359863,75,Kysek,Challenger,523,68,,106,61
75,summoner-59184238,76,Awesome Giovanni,Challenger,535,109,,193,151
76,summoner-40824749,77,SECODE,Challenger,513,68,,130,94
77,summoner-20517918,78,Craz,Challenger,513,44,,93,51
78,summoner-39596221,79,1Tyr,Challenger,509,73,,186,135
79,summoner-34096414,80,Gwiazda11,Challenger,506,117,,490,427
80,summoner-69116222,81,Vestas,Challenger,506,45,,116,57
81,summoner-61222996,82,A4e v2,Challenger,505,162,,548,517
82,summoner-52638381,83,BITE Petipino,Challenger,504,91,,232,197
83,summoner-29933647,84,Bryce Walker,Challenger,502,101,,258,218
84,summoner-37105357,85,Daraaka123,Challenger,487,55,,183,104
85,summoner-71988030,86,Kososanity,Challenger,500,49,,174,109
86,summoner-33613346,87,Teh,Challenger,500,98,,93,58
87,summoner-28928793,88,StoneGuard,Challenger,498,118,,147,114
88,summoner-34916156,89,Alcoholic,Challenger,486,87,,115,71
89,summoner-35076517,90,Boots of Speed,Challenger,480,77,,246,212
90,summoner-68728548,91,adalbarthasdine,Challenger,480,43,,116,63
91,summoner-37339075,92,NoBrainVayneMain,Challenger,478,105,,341,302
92,summoner-33354090,93,krul rafcio,Challenger,478,64,,154,116
93,summoner-27682983,94,Amino the hantá,Challenger,475,57,,169,134
94,summoner-40170634,95,Icetan,Challenger,475,91,,129,92
95,summoner-26347442,96,Levís,Challenger,473,75,,156,118
96,summoner-36926878,97,Zenap,Challenger,470,123,,168,129
97,summoner-34059489,98,Ψ NinjaDoge Ψ,Challenger,465,101,,181,139
98,summoner-70713941,99,Lenka fanboy,Challenger,459,65,,143,102
99,summoner-49689206,100,TheDoffy,Challenger,452,105,,328,295
100,summoner-72743432,101,Low Nine,Challenger,450,52,,146,88
101,summoner-49505896,102,xflaidy,Challenger,446,107,,196,160
102,summoner-39257803,103,StayHumble,Challenger,444,153,,225,198
103,summoner-70182989,104,Midlane Outsider,Challenger,443,120,,229,196
104,summoner-43603496,105,Baldikshir,Challenger,438,61,,173,137
105,summoner-44103732,106,olikaan,Challenger,433,140,,207,179
106,summoner-24277714,107,pYemuL,Challenger,433,59,,178,140
107,summoner-23214988,108,NXG Legion,Challenger,433,69,,143,107
108,summoner-38009638,109,VasterOfKled,Challenger,430,87,,210,168
109,summoner-24503452,110,EU AnimalTrainer,Challenger,428,86,,243,188
110,summoner-42321931,111,Şhy Zerø tωo,Challenger,428,67,,88,52
111,summoner-23400758,112,Hardustriel,Challenger,427,124,,215,178
112,summoner-40027898,113,Gery Nikol,Challenger,427,140,,123,83
113,summoner-40358396,114,BDS Laudon,Challenger,424,118,,250,210
114,summoner-35791510,115,CSTADYHONZA,Challenger,423,97,,213,177
115,summoner-30738266,116,torpick,Challenger,421,72,,263,234
116,summoner-35304360,117,Capcioc,Challenger,418,123,,158,122
117,summoner-40385818,118,Richor,Challenger,412,68,,178,152
118,summoner-54973039,119,Kristijan King,Challenger,411,173,,799,756
119,summoner-19899632,120,BedvolfAgarwaen,Challenger,411,62,,103,67
120,summoner-48645710,121,JoinedandPlayed,Challenger,410,57,,159,119
121,summoner-38074727,122,Tigric2000,Challenger,407,106,,314,287
122,summoner-26405360,123,TLP Coatpustmain,Challenger,407,87,,288,245
123,summoner-43062702,124,iTq,Challenger,406,102,,328,287
124,summoner-32497510,125,Hayp,Challenger,405,63,,246,196
125,summoner-38499311,126,ZXY,Challenger,405,63,,222,150
126,summoner-31921889,127,xDamon Salvatore,Challenger,402,90,,202,168
127,summoner-23833294,128,Senafir,Challenger,401,105,,148,110
128,summoner-21147121,129,ParowózTomek,Challenger,401,70,,78,41
129,summoner-30110835,130,PoN,Challenger,417,117,,221,184
130,summoner-63133663,131,Patâ,Challenger,399,65,,165,129
131,summoner-31793915,132,Zazapp,Challenger,396,52,,166,100
132,summoner-27247414,133,Charca,Challenger,396,73,,87,45
133,summoner-72173097,134,KY Leo,Challenger,372,117,,247,224
134,summoner-54973046,135,Hatred The Daddy,Challenger,395,60,,222,146
135,summoner-29018603,136,Yourself5times,Challenger,394,93,,255,227
136,summoner-70596075,137,HakunaMattatta,Challenger,394,70,,230,195
137,summoner-36647726,138,XartiX 420,Challenger,393,65,,296,167
138,summoner-22428390,139,Skinny dipper,Challenger,392,60,,204,173
139,summoner-68838041,140,remundahilmorga,Challenger,392,78,,178,143
140,summoner-34020838,141,C9 Norgod,Challenger,391,91,,121,88
141,summoner-71374980,142,beamer bøy,Challenger,388,56,,189,136
142,summoner-31434850,143,eL Maquk,Challenger,385,89,,163,125
143,summoner-32675866,144,sC Stefan,Challenger,384,115,,97,57
144,summoner-53826633,145,GS RekitRalf,Challenger,383,99,,173,142
145,summoner-30818415,146,UrbanekShow,Challenger,381,79,,220,187
146,summoner-45293753,147,M4CI3KunluckyTOP,Challenger,381,101,,198,165
147,summoner-42322373,148,HELLAS Tranquil,Challenger,381,64,,177,134
148,summoner-40604579,149,Lυnatıc,Challenger,378,81,,305,206
149,summoner-42358639,150,Divine Interoid,Challenger,378,73,,242,213
150,summoner-43168575,151,MM Revenger,Challenger,377,124,,197,166
151,summoner-62475364,152,BarrelBros,Challenger,373,57,,134,86
152,summoner-29483874,153,BDS bobiistaa,Challenger,368,115,,385,354
153,summoner-24746936,154,Shine001k,Challenger,368,78,,133,99
154,summoner-37915705,155,Trust46,Challenger,366,94,,262,226
155,summoner-24385272,156,Yashiru,Challenger,366,68,,201,166
156,summoner-39927024,157,Qythien,Challenger,360,84,,156,112
157,summoner-21704109,158,EuneAnimallul,Challenger,358,97,,237,201
158,summoner-25874625,159,Túróstészta,Challenger,358,86,,193,161
159,summoner-33973961,160,ZYX Famas,Challenger,357,96,,204,167
160,summoner-25524501,161,Arch Nemesis,Challenger,355,47,,115,81
161,summoner-54458064,162,Yerllo,Challenger,354,118,,213,175
162,summoner-30798969,163,malcom v1,Challenger,352,123,,210,180
163,summoner-31337125,164,TheStrzelba,Challenger,350,133,,586,544
164,summoner-29001286,165,Dąbek1,Challenger,369,103,,338,305
165,summoner-38490045,166,Grk 3 Tears,Challenger,348,55,,102,76
166,summoner-41829004,167,Hodný Vlk,Challenger,347,84,,193,165
167,summoner-32953063,168,Hi im Taka,Challenger,346,89,,232,196
168,summoner-25529425,169,Th3BaBaDo0K,Challenger,344,171,,663,637
169,summoner-30304141,170,Dżankos Smurf,Challenger,327,76,,127,94
170,summoner-66606846,171,SpeeDDu,Challenger,343,54,,126,95
171,summoner-40734816,172,matiz4win,Challenger,342,89,,175,138
172,summoner-38614643,173,YoLoN,Challenger,341,85,,309,273
173,summoner-25834373,174,94716,Challenger,341,75,,252,214
174,summoner-27889019,175,KSV MID CROWN,Challenger,339,87,,326,284
175,summoner-41963589,176,Catstyle,Challenger,339,74,,214,185
176,summoner-72576440,177,Laitnoir,Challenger,339,42,,80,29
177,summoner-71318597,178,OneLastBreath,Challenger,338,62,,234,179
178,summoner-41542670,179,Dositej Colamax,Challenger,337,63,,75,38
179,summoner-31140082,180,Jadelit,Challenger,336,92,,249,218
180,summoner-27242434,181,kakosicek,Challenger,316,115,,350,321
181,summoner-61382972,182,Flamy v5,Challenger,334,99,,188,159
182,summoner-38716840,183,ETMS Aidamák,Challenger,333,151,,361,325
183,summoner-48117052,184,NeverLucky JJ,Challenger,332,108,,417,379
184,summoner-52463268,185,JACKET IS MINE,Challenger,332,84,,316,292
185,summoner-31929469,186,Kazemitra,Challenger,348,127,,501,478
186,summoner-31237269,187,IP ZoldieVi,Challenger,330,107,,207,151
187,summoner-35716576,188,Ôzen,Challenger,328,146,,187,149
188,summoner-24252613,189,Talkoś,Challenger,328,64,,138,102
189,summoner-55649332,190,sxzoR,Challenger,327,163,,524,498
190,summoner-23357637,191,CRO WONDERKID,Challenger,327,79,,99,45
191,summoner-21868113,192,SilvenX,Challenger,326,106,,373,335
192,summoner-24545582,193,váha,Challenger,325,132,,315,287
193,summoner-24133504,194,Kokokomando,Challenger,325,72,,227,196
194,summoner-23815734,195,Wisakoy,Challenger,305,89,,242,212
195,summoner-34256698,196,pàntérra v2,Challenger,324,97,,156,116
196,summoner-26990156,197,SIENIOPAS,Challenger,323,80,,206,180
197,summoner-33015585,198,Wolf and a Lamb,Challenger,322,104,,225,201
198,summoner-24734846,199,De Grandes,Challenger,319,67,,137,101
199,summoner-31919733,200,shyvtaric,Challenger,306,105,,367,356
200,summoner-30955779,201,StormRagez,Master,316,82,,417,390
201,summoner-19145963,202,BuBBlehun,Master,316,54,,123,78
202,summoner-41232411,203,PASÒK,Master,311,91,,252,183
203,summoner-24287131,204,Myštić,Master,310,88,,108,67
204,summoner-32277551,205,TL Playmaker,Master,322,167,,674,643
205,summoner-21652445,206,WADOWICKA BESTIA,Master,302,70,,221,145
206,summoner-24320283,207,Commander Lexa,Master,301,56,,173,141
207,summoner-25837064,208,BIedis,Master,300,86,,367,327
208,summoner-21180291,209,Jollteon,Master,299,186,,275,246
209,summoner-25469960,210,Stumpybuumer,Master,298,102,,153,120
210,summoner-37953579,211,Wieledrog,Master,315,92,,189,152
211,summoner-47802316,212,Jôn Snow,Master,297,96,,181,149
212,summoner-54757552,213,DankMilky,Master,297,76,,104,69
213,summoner-39653179,214,C9 Giubi,Master,296,73,,235,202
214,summoner-72505969,215,Pz ΖZang,Master,292,48,,151,83
215,summoner-28984810,216,prodajnica,Master,288,50,,76,40
216,summoner-38405754,217,eR Petrásek,Master,286,148,,149,116
217,summoner-48613864,218,Hi Im Fali,Master,285,85,,276,205
218,summoner-41186365,219,Void Is So Empty,Master,285,138,,209,181
219,summoner-19360640,220,Masochista,Master,285,97,,180,139
220,summoner-43110478,221,Annie IRL,Master,284,171,,404,380
221,summoner-69503652,222,Knife Cat 420,Master,280,67,,257,205
222,summoner-61002976,223,Chains,Master,275,123,,354,325
223,summoner-69253007,224,Wétru,Master,270,111,,198,168
224,summoner-42312984,225,EUNE Hi Im  LOGO,Master,254,86,,306,260
225,summoner-30902324,226,Nicram,Master,269,120,,193,169
226,summoner-43363830,227,SunriSSe1,Master,269,141,,133,99
227,summoner-27865746,228,ChosenONF1rE,Master,258,85,,313,295
228,summoner-224731,229,niszczyciel,Master,258,64,,144,115
229,summoner-57147850,230,ƒrost,Master,255,117,,282,258
230,summoner-33093065,231,EmdielGG,Master,254,107,,381,364
231,summoner-27279160,232,mihaibaros,Master,250,93,,312,278
232,summoner-60894781,233,kesteen,Master,250,75,,213,163
233,summoner-21776015,234,Twerk For Gank,Master,250,50,,117,73
234,summoner-20779068,235,Vrasta,Master,231,107,,161,129
235,summoner-32497639,236,Son Goku,Master,246,84,,212,186
236,summoner-20093613,237,IS1d30431af74fbd,Master,246,48,,117,89
237,summoner-29506183,238,16yo ToxicFckboy,Master,241,92,,195,163
238,summoner-24199070,239,zamzu,Master,240,92,,224,186
239,summoner-19986326,240,LordVladimirus,Master,240,74,,196,173
240,summoner-38122606,241,Minmaxer,Master,239,112,,423,400
241,summoner-40227793,242,xLaur13x,Master,237,92,,162,130
242,summoner-26899838,243,Jarzynski,Master,236,140,,224,202
243,summoner-41649116,244,Faker Dog v2,Master,236,51,,116,118
244,summoner-39691163,245,Sha D Clone,Master,234,92,,143,103
245,summoner-36915090,246,Grima,Master,230,99,,366,332
246,summoner-24502829,247,dragonn74,Master,228,102,,427,387
247,summoner-311278,248,Savage Pigeon,Master,245,156,,298,268
248,summoner-29954113,249,GodFree,Master,242,118,,227,204
249,summoner-42461154,250,iG Dreedy,Master,225,74,,119,103
250,summoner-54123780,251,martonbulatko,Master,224,89,,201,168
251,summoner-19867011,252,Sebbedan,Master,224,63,,87,58
252,summoner-42312343,253,Vertí,Master,223,103,,144,112
253,summoner-25984594,254,PRE OmulFinn,Master,222,124,,373,331
254,summoner-44457343,255,115kg MARKSMAN,Master,222,116,,302,269
255,summoner-30695393,256,Koczis,Master,222,55,,94,59
256,summoner-19493533,257,Jarmy,Master,221,83,,240,199
257,summoner-39803017,258,legendari22,Master,220,98,,202,170
258,summoner-59073355,259,Mppalalol,Master,219,99,,274,237
259,summoner-49476762,260,Aster,Master,219,83,,191,162
260,summoner-45776022,261,nleTV,Master,218,77,,328,252
261,summoner-30960083,262,i am flo,Master,218,72,,93,61
262,summoner-43591549,263,Ðexter,Master,215,117,,237,205
263,summoner-52685879,264,Memøry,Master,214,116,,258,210
264,summoner-175104,265,Tydor,Master,214,50,,123,73
265,summoner-35444016,266,JusTSkiLLzZ,Master,213,97,,161,140
266,summoner-34886646,267,Agirdi ko ziuri,Master,211,80,,379,292
267,summoner-34087306,268,Maga,Master,210,120,,395,353
268,summoner-58905962,269,LeeSinToMyPings,Master,209,80,,166,135
269,summoner-38767154,270,Fiery Dust,Master,209,113,,166,147
270,summoner-22030635,271,RossG7,Master,209,109,,157,125
271,summoner-58175288,272,xDoggieSx,Master,208,92,,210,176
272,summoner-22362343,273,Kroliczekk,Master,207,128,,267,238
273,summoner-54517674,274,Dexa497,Master,204,57,,102,63
274,summoner-23345860,275,KiF1a,Master,203,73,,185,166
275,summoner-73146124,276,Ιcey,Master,202,50,,164,106
276,summoner-21877641,277,Kreeyu,Master,200,77,,363,331
277,summoner-51764533,278,Wallin,Master,200,92,,144,105
278,summoner-27294577,279,XxAronxX,Master,199,89,,301,274
279,summoner-48285573,280,Frost Edy,Master,197,89,,206,181
280,summoner-70453402,281,MoonLandinEzreal,Master,215,87,,301,237
281,summoner-20079073,282,Again the Same,Master,196,80,,210,179
282,summoner-47353389,283,iMrPresident,Master,195,175,,518,480
283,summoner-31727926,284,WAZZAPPPPPPPPPP,Master,213,66,,202,150
284,summoner-40203376,285,TopAp4cz,Master,192,138,,284,260
285,summoner-41865371,286,DarIing,Master,171,66,,240,160
286,summoner-22718673,287,egirl slayer 420,Master,192,91,,228,192
287,summoner-43494933,288,KY Ada,Master,191,81,,171,129
288,summoner-32978996,289,Pivotek,Master,190,89,,358,279
289,summoner-72374470,290,IKneelOnlyToGod,Master,189,59,,177,139
290,summoner-26959187,291,Marcinek2005PL,Master,186,83,,264,230
291,summoner-44768883,292,BunnyJumper,Master,185,47,,94,38
292,summoner-20145328,293,Amerasu,Master,182,99,,178,151
293,summoner-26565340,294,ÒG Mérciless,Master,181,116,,277,257
294,summoner-38646934,295,Mateusss smurf,Master,181,53,,144,99
295,summoner-38459984,296,Nivelenn,Master,180,85,,282,268
296,summoner-35437975,297,Beast Zed Mid,Master,180,90,,172,146
297,summoner-23791258,298,DoDo senpai,Master,180,87,,130,95
298,summoner-41456515,299,RIE Dugo,Master,180,53,,100,79
299,summoner-31178204,300,depressed ad,Master,178,121,,144,108
300,summoner-47936016,301,Mortain,Master,176,117,,219,179
301,summoner-25572898,302,Jędrzej Zabujca,Master,196,84,,217,187
302,summoner-70688522,303,Juliα,Master,171,94,,271,229
303,summoner-27811008,304,Bírkí,Master,170,84,,195,164
304,summoner-35461398,305,Conaaa,Master,167,96,,387,369
305,summoner-26803517,306,Humble Healer,Master,167,87,,331,310
306,summoner-44377634,307,Lοtus,Master,167,131,,262,237
307,summoner-28178174,308,samz0r,Master,166,81,,239,213
308,summoner-24147445,309,Leprowujek,Master,166,42,,94,40
309,summoner-30085498,310,Kewl Bat,Master,164,68,,210,184
310,summoner-21843031,311,Boys Do Cry,Master,162,67,,209,185
311,summoner-49861951,312,Sveronis,Master,162,52,,195,65
312,summoner-32736705,313,Alistar is Cow,Master,162,110,,88,63
313,summoner-24519136,314,Mirevin,Master,161,90,,303,270
314,summoner-31518017,315,Sabaku TaisΦ,Master,161,82,,288,239
315,summoner-33768429,316,Píngwin,Master,160,120,,240,211
316,summoner-21425598,317,CedRa,Master,160,79,,181,157
317,summoner-24426105,318,xEchy,Master,160,63,,178,150
318,summoner-31795487,319,FA21TH,Master,159,94,,308,280
319,summoner-44754808,320,Lolofontello,Master,158,113,,405,382
320,summoner-24640007,321,hi im neves,Master,158,99,,301,273
321,summoner-46424200,322,Iegolas,Master,143,66,,122,76
322,summoner-72416267,323,jeonggeul uiwang,Master,155,57,,196,140
323,summoner-38227985,324,Röyhkeä,Master,155,82,,117,82
324,summoner-70417188,325,Neko East,Master,153,87,,326,294
325,summoner-31738066,326,Kallukka,Master,153,92,,296,265
326,summoner-34876945,327,QQ Mati,Master,153,91,,125,102
327,summoner-37253320,328,Craz1rabitMPAMPA,Master,153,67,,123,101
328,summoner-33909458,329,AzianoCZ,Master,152,66,,198,167
329,summoner-30226164,330,Fr0m 0 2 Her0,Master,152,62,,154,131
330,summoner-32276830,331,BlindMasteRr,Master,151,86,,307,275
331,summoner-25595710,332,Newb4610,Master,151,86,,143,110
332,summoner-32634015,333,Ponzu,Master,165,56,,108,80
333,summoner-26517392,334,DG Soul,Master,146,74,,61,33
334,summoner-25594275,335,Anapsokwlias,Master,145,113,,305,270
335,summoner-29764123,336,NaèbanyMÍstrzu,Master,145,115,,288,257
336,summoner-29646879,337,AHS8,Master,125,67,,275,250
337,summoner-52516246,338,ExposeD452,Master,145,113,,240,217
338,summoner-62573177,339,ED Ye Qiu,Master,144,93,,424,369
339,summoner-29756949,340,Amir Kebab Rip,Master,144,89,,239,209
340,summoner-30464270,341,V5 Sentinel,Master,144,107,,229,198
341,summoner-24700982,342,Czaraf,Master,123,85,,275,249
342,summoner-31264198,343,hi im todzio,Master,143,68,,114,95
343,summoner-38605595,344,Nicki Benz,Master,142,57,,140,107
344,summoner-29213366,345,itZ A4ron,Master,142,97,,136,106
345,summoner-24200990,346,Arrof,Master,140,133,,440,420
346,summoner-22712849,347,Valar Dohaerís,Master,140,86,,229,199
347,summoner-23434374,348,xXKertoXx,Master,140,80,,166,110
348,summoner-27976861,349,Glishaa,Master,140,64,,140,97
349,summoner-29088317,350,Norbiso Dog,Master,159,54,,101,78
350,summoner-22571774,351,Makos,Master,138,114,,150,129
351,summoner-57694673,352,Jacob vo vani,Master,121,51,,119,87
352,summoner-33726754,353,Murskauskone3000,Master,117,67,,248,195
353,summoner-63747327,354,3 Stars 1 Dragon,Master,137,43,,72,41
354,summoner-37310714,355,Sylko,Master,136,88,,159,134
355,summoner-26467183,356,LilaPaυse,Master,154,118,,353,336
356,summoner-27267596,357,Onys the ťulda,Master,133,100,,313,282
357,summoner-36244072,358,1453 PepeHands,Master,133,106,,299,277
358,summoner-37136474,359,bIood of life,Master,133,146,,273,250
359,summoner-52336189,360,Complain,Master,133,64,,133,102
360,summoner-34870972,361,Spiks Fanb0y,Master,132,133,,432,419
361,summoner-24399731,362,Filip02,Master,111,109,,294,276
362,summoner-20433541,363,Amant z Sosnowca,Master,131,89,,276,246
363,summoner-35785372,364,TOMage,Master,131,69,,203,186
364,summoner-21930072,365,Sea Of Zorrow,Master,130,66,,100,77
365,summoner-52156665,366,gibe pusi b0ss,Master,111,80,,356,288
366,summoner-23864813,367,Boost za nudle,Master,129,110,,286,258
367,summoner-33774479,368,Szöcske,Master,129,105,,228,209
368,summoner-28691827,369,LFT Puppe,Master,129,111,,173,143
369,summoner-38555321,370,NobodyLovesM3,Master,129,88,,167,131
370,summoner-38564431,371,PingviinsLv,Master,129,72,,146,117
371,summoner-25242066,372,JD Kublot,Master,150,56,,88,58
372,summoner-38459471,373,Juzoo,Master,128,92,,253,222
373,summoner-28531153,374,Fl4p3k,Master,128,78,,236,216
374,summoner-40761190,375,DON ProbleemxD,Master,144,112,,184,160
375,summoner-40749652,376,DON Detor,Master,144,117,,184,159
376,summoner-33997861,377,Lil Tom,Master,127,59,,103,79
377,summoner-26639869,378,Dunk Prophecies,Master,126,105,,206,164
378,summoner-44765346,379,L9 Kvasna,Master,108,65,,150,125
379,summoner-38285650,380,RX Cinca,Master,125,85,,200,178
380,summoner-29556273,381,Bagienny Szymon,Master,124,108,,333,306
381,summoner-23402936,382,kurtdenstore,Master,124,50,,133,107
382,summoner-21142220,383,GodSoap,Master,123,93,,270,248
383,summoner-38796534,384,Hjeern,Master,123,101,,248,226
384,summoner-20584723,385,KorShack,Master,123,93,,112,84
385,summoner-71549187,386,Nothing Ends,Master,122,56,,193,149
386,summoner-51041734,387,Remígiusz,Master,120,140,,137,102
387,summoner-45693791,388,LeBalance,Master,119,144,,328,303
388,summoner-32266483,389,Tyexus,Master,119,103,,287,256
389,summoner-29965908,390,Qweszaq,Master,119,84,,149,122
390,summoner-35086934,391,Joonatan,Master,118,98,,201,158
391,summoner-34990484,392,Shijnder,Master,118,154,,129,109
392,summoner-26926091,393,ReLic7us,Master,117,73,,142,123
393,summoner-43239321,394,matiociekasexem,Master,140,111,,366,344
394,summoner-21220764,395,hi im czajek,Master,116,78,,120,93
395,summoner-34373450,396,pintek pl,Master,115,97,,248,211
396,summoner-60013756,397,The Kayle,Master,115,48,,120,88
397,summoner-25804900,398,paszkos,Master,113,112,,426,400
398,summoner-64938219,399,SKT T1 Flash R,Master,113,72,,331,291
399,summoner-21129318,400,Hyperíon,Master,113,138,,173,158
400,summoner-33959520,401,xMid or Nuke,Master,113,63,,129,106
401,summoner-38323190,402,Blakayy,Master,112,102,,334,271
402,summoner-35742411,403,elofactory com,Master,112,54,,143,93
403,summoner-19665363,404,Schp,Master,112,59,,122,88
404,summoner-25142065,405,iNaffuu,Master,110,59,,168,150
405,summoner-28167733,406,oslerCZ,Master,108,93,,272,221
406,summoner-27134795,407,True Wanderer,Master,92,39,,85,45
407,summoner-37928532,408,Mr Miks,Master,107,98,,287,266
408,summoner-69076318,409,SPACEBAR PLAYER,Master,125,43,,99,48
409,summoner-45833746,410,Midas LFT,Master,106,61,,260,179
410,summoner-29543702,411,Her Charmer,Master,105,95,,238,210
411,summoner-38563426,412,DragonflyerPL,Master,104,104,,259,219
412,summoner-28326387,413,UNQ Kubson,Master,103,110,,212,179
413,summoner-52323298,414,Blackøut,Master,103,104,,144,133
414,summoner-24538556,415,GeneralJohny,Master,102,175,,377,358
415,summoner-33344680,416,Mâd Rât,Master,102,71,,245,205
416,summoner-41989610,417,GNîDîS,Master,102,63,,168,139
417,summoner-32854718,418,Xayol v2,Master,102,55,,107,69
418,summoner-43502680,419,Crea,Master,101,80,,157,136
419,summoner-37324816,420,AGT Sobol,Master,100,77,,240,213
420,summoner-40164810,421,A B U D,Master,100,91,,179,156
421,summoner-29847233,422,EvilxHyper1v9,Master,100,98,,134,113
422,summoner-37735418,423,Sir BigT,Master,80,76,,326,267
423,summoner-68945358,424,Zorganizowany,Master,98,69,,205,177
424,summoner-42693498,425,Terrorysta1,Master,96,72,,266,133
425,summoner-36665468,426,Quinsie Revenge,Master,96,78,,220,198
426,summoner-38629296,427,Buszux,Master,96,74,,181,146
427,summoner-20574477,428,Zarzator,Master,96,59,,156,118
428,summoner-22870085,429,Jake Banks,Master,96,70,,131,100
429,summoner-34296788,430,Right Handed,Master,95,58,,152,130
430,summoner-41645583,431,DenizEN,Master,94,91,,385,306
431,summoner-43879253,432,Troxen,Master,75,92,,198,185
432,summoner-35566765,433,Pitress,Master,93,74,,229,207
433,summoner-21309312,434,Linley Baruch,Master,92,77,,202,133
434,summoner-31554189,435,KYRlE IRVING,Master,108,88,,196,175
435,summoner-38788159,436,uniporn,Master,92,83,,141,122
436,summoner-40947657,437,Matrix Sama,Master,91,74,,188,168
437,summoner-30839206,438,D4ynight,Master,107,106,,311,295
438,summoner-31455034,439,ˉunknown mid,Master,89,103,,173,150
439,summoner-20076561,440,SDOM ALLEN,Master,88,73,,200,184
440,summoner-20322181,441,AS JamesSawyer,Master,65,116,,394,372
441,summoner-36835782,442,Lignio,Master,84,114,,127,110
442,summoner-36328146,443,ZboczonyHektor,Master,83,54,,173,145
443,summoner-33077827,444,TEAM IS FAMILY,Master,82,55,,99,80
444,summoner-40754180,445,Sάωαηο,Master,80,137,,391,364
445,summoner-19374680,446,THR Joe,Master,80,58,,178,115
446,summoner-45410476,447,WLD hi im mate,Master,80,56,,59,31
447,summoner-25130219,448,SzAmiker,Master,106,50,,100,63
448,summoner-59194680,449,MiiaBestLamia,Master,78,91,,305,287
449,summoner-40752923,450,Ic3Poro,Master,95,71,,189,171
450,summoner-37314741,451,Molière,Master,77,80,,319,299
451,summoner-28307643,452,Marcellus23,Master,77,69,,160,133
452,summoner-34705189,453,hi its Albatross,Master,77,85,,99,76
453,summoner-24234349,454,Parksman Mlayer,Master,77,76,,65,49
454,summoner-22120650,455,DTG shy jan,Master,76,115,,168,145
455,summoner-37263763,456,vanko 1,Master,75,111,,611,599
456,summoner-19864501,457,Vallvex,Master,75,132,,224,202
457,summoner-20435279,458,A Decent Unicorn,Master,75,65,,173,143
458,summoner-27745505,459,L9 Icereaper,Master,59,53,,168,88
459,summoner-27218502,460,SUICIDAL EBOY,Master,75,46,,125,63
460,summoner-41605618,461,KAKABRUTA,Master,75,69,,125,106
461,summoner-45265491,462,DAB DAB DAB DAB,Master,74,62,,165,130
462,summoner-34707077,463,RS Seboost1an,Master,94,109,,307,275
463,summoner-34990979,464,RayRexi,Master,73,94,,173,144
464,summoner-66396230,465,I AM SO TALONTED,Master,73,72,,163,142
465,summoner-24984653,466,Goddess Ofaf,Master,72,131,,402,382
466,summoner-71497498,467,Shãrky,Master,72,74,,321,278
467,summoner-34825505,468,Τana,Master,72,133,,131,113
468,summoner-43943854,469,XXX65696D6973,Master,72,46,,101,38
469,summoner-36100496,470,LighTn1nG,Master,69,158,,375,355
470,summoner-23756551,471,let me pyke you,Master,68,146,,601,578
471,summoner-57573785,472,Vengeance Reborn,Master,68,143,,309,268
472,summoner-32307429,473,Deizlo,Master,68,76,,238,216
473,summoner-22164949,474,Fliper,Master,68,69,,178,155
474,summoner-47871366,475,lövhögen,Master,51,102,,144,121
475,summoner-35471685,476,I am Budzik,Master,66,98,,122,103
476,summoner-71071897,477,Patà,Master,66,44,,110,56
477,summoner-19766642,478,Arbalezt,Master,66,74,,106,72
478,summoner-68744972,479,mrHookUrGIRL,Master,66,43,,100,51
479,summoner-44754609,480,GPLAY Samanan,Master,49,45,,82,57
480,summoner-21398034,481,Thé Fàllén Angél,Master,65,81,,198,165
481,summoner-40194654,482,deepionel,Master,65,138,,105,80
482,summoner-57817732,483,Findy Jr,Master,65,49,,59,30
483,summoner-36317960,484,vestra de sidere,Master,64,86,,157,136
484,summoner-29534182,485,kotletaz,Master,64,72,,145,118
485,summoner-22691885,486,SIMBATA7,Master,64,62,,142,115
486,summoner-38040775,487,TheHaccer13,Master,63,59,,153,124
487,summoner-19769056,488,Kenshin,Master,63,67,,143,120
488,summoner-41107575,489,DareDévil Fanboy,Master,63,88,,79,41
489,summoner-27527112,490,Ρennywise,Master,62,102,,252,231
490,summoner-32824913,491,Mobú v2,Master,61,85,,243,201
491,summoner-22114521,492,Br0kk,Master,41,95,,209,198
492,summoner-24272802,493,DenKakai,Master,61,75,,198,169
493,summoner-29345064,494,AooShin,Master,59,98,,124,108
494,summoner-19790765,495,Taxi Naser,Master,58,119,,436,409
495,summoner-25591013,496,Viktør,Master,58,94,,157,140
496,summoner-39620487,497,Skassy,Master,80,111,,319,300
497,summoner-34878172,498,Hakushino,Master,57,70,,63,37
498,summoner-69156140,499,Kiyotaka,Master,56,48,,152,99
499,summoner-23766594,500,Elder Gorni,Master,56,63,,116,88
500,summoner-21990899,501,Divine Banana,Master,56,125,,72,51
501,summoner-24602552,502,ThotnessEmbrace,Master,55,108,,314,295
502,summoner-33533249,503,vukojarac,Master,55,87,,168,154
503,summoner-40705422,504,Paštikus Vagínus,Master,55,82,,164,138
504,summoner-30350053,505,Clone Jester,Master,55,103,,134,104
505,summoner-37565478,506,Shaz,Master,55,84,,99,68
506,summoner-19796157,507,shaaz,Master,54,67,,154,128
507,summoner-44094588,508,dølce ft,Master,53,61,,102,76
508,summoner-32984130,509,RX Trainsane,Master,52,95,,204,177
509,summoner-42994549,510,TL PiercingLight,Master,51,145,,327,308
510,summoner-32589268,511,Gøku,Master,51,85,,126,100
511,summoner-19074566,512,íÎì Stark,Master,50,71,,260,236
512,summoner-32487581,513,Elniks,Master,66,105,,319,296
513,summoner-40219024,514,NahkaParturi,Master,49,124,,136,107
514,summoner-59595990,515,Anathema,Master,47,79,,217,201
515,summoner-41603169,516,Purrpurr,Master,47,98,,111,91
516,summoner-24308225,517,Riga Crypto,Master,46,55,,193,126
517,summoner-46816169,518,PGD Kenrix,Master,46,82,,102,79
518,summoner-21039791,519,Zombilau,Master,43,88,,272,267
519,summoner-42405409,520,LordWafer,Master,43,76,,106,81
520,summoner-28967240,521,NIghtRain 13,Master,42,130,,425,405
521,summoner-27116848,522,Specter XIV,Master,42,101,,255,236
522,summoner-73082971,523,EuneIsGreat,Master,42,53,,170,106
523,summoner-71555275,524,iG Sufon,Master,41,63,,202,148
524,summoner-71623135,525,Ryan Mikkelsen,Master,41,69,,131,101
525,summoner-36412552,526,737,Master,40,56,,177,135
526,summoner-36362552,527,dwa dobre pićka,Master,40,78,,94,73
527,summoner-20945176,528,Halucynék,Master,39,119,,592,552
528,summoner-21516154,529,Klordix,Master,38,116,,346,322
529,summoner-46849163,530,Gipuo,Master,54,119,,310,294
530,summoner-27188813,531,SnutteTANT,Master,38,70,,224,167
531,summoner-70655337,532,Lee šin otp here,Master,38,47,,100,55
532,summoner-57967315,533,xKanelen,Master,37,118,,392,362
533,summoner-21069443,534,Pajgino,Master,37,96,,115,82
534,summoner-37159691,535,TSM Tanaci,Master,36,146,,376,356
535,summoner-45064213,536,Exthellion,Master,54,98,,269,249
536,summoner-31446400,537,HUNT Szymek,Master,36,123,,144,121
537,summoner-27059616,538,Eradicated,Master,35,92,,274,249
538,summoner-39593293,539,Heroin Party Zed,Master,34,86,,266,236
539,summoner-26020106,540,TypowyLeśnik,Master,53,105,,207,188
540,summoner-36903455,541,Hubonn,Master,34,80,,133,109
541,summoner-71485927,542,no pain no cane,Master,32,104,,388,347
542,summoner-56794541,543,xXxKGxXx,Master,49,100,,334,320
543,summoner-40547172,544,Gurl,Master,17,140,,174,143
544,summoner-39632545,545,myR Adev,Master,31,109,,128,104
545,summoner-30159407,546,DJFrytek,Master,30,84,,178,141
546,summoner-32853379,547,lmmortal,Master,29,73,,243,228
547,summoner-34323279,548,Zer0 to Ner0,Master,29,93,,118,100
548,summoner-60253033,549,Hustels,Master,28,81,,226,199
549,summoner-34209019,550,Veig,Master,28,75,,161,128
550,summoner-29476578,551,klzz,Master,28,71,,77,55
551,summoner-28122519,552,FluffyPoo,Master,27,121,,211,177
552,summoner-44030756,553,Jég,Master,27,57,,179,127
553,summoner-33887230,554,DarkRider55,Master,27,47,,107,77
554,summoner-19724182,555,Wicked Cookie,Master,27,45,,60,34
555,summoner-24168317,556,Quinn Airlines,Master,43,108,,414,397
556,summoner-29853190,557,Slý Tαils,Master,26,87,,108,81
557,summoner-21286104,558,Prayforsyria,Master,23,92,,360,319
558,summoner-20382823,559,yung TorcicaPUT3,Master,23,62,,214,184
559,summoner-27469510,560,Tissu,Master,23,76,,91,67
560,summoner-41343975,561,Masa Thug Life,Master,22,113,,170,158
561,summoner-24684165,562,S1rNasty,Master,21,71,,272,210
562,summoner-30393911,563,Honoz,Master,21,82,,234,207
563,summoner-33960640,564,Poetepe,Master,21,65,,158,137
564,summoner-38845123,565,Alradon,Master,21,96,,146,115
565,summoner-26353158,566,Norox,Master,21,69,,124,107
566,summoner-24072999,567,Halcyzeron,Master,3,95,,105,82
567,summoner-60135843,568,SanyaDau v2,Master,20,116,,243,219
568,summoner-33057637,569,sexezSTAR,Master,19,86,,410,388
569,summoner-39556911,570,Svevišnji,Master,19,108,,348,317
570,summoner-19544631,571,MosEisley,Master,27,47,,135,81
571,summoner-36674967,572,vad heter du,Master,19,50,,134,106
572,summoner-38986973,573,soczystypytol98,Master,19,53,,95,65
573,summoner-30074326,574,ManIWishIWasDead,Master,18,105,,255,231
574,summoner-23488688,575,Szakacs,Master,18,107,,240,212
575,summoner-23601893,576,ilovepiez,Master,17,93,,190,172
576,summoner-31876210,577,Rebellion2,Master,17,73,,134,95
577,summoner-21087877,578,KY Satanico,Master,17,63,,113,92
578,summoner-37255951,579,Marlley,Master,16,138,,433,417
579,summoner-38965264,580,SAEEDMUS,Master,16,101,,199,173
580,summoner-36185015,581,C A N G O O R,Master,15,108,,249,233
581,summoner-41551267,582,El3cTr0S0c,Master,15,58,,159,134
582,summoner-35494788,583,Exenon,Master,14,144,,275,283
583,summoner-27494606,584,Caedryn,Master,14,136,,123,99
584,summoner-38133362,585,cbdu,Master,13,108,,254,230
585,summoner-25193057,586,BlameCookie,Master,13,83,,235,213
586,summoner-33384401,587,d0wnie,Master,13,82,,193,169
587,summoner-22430478,588,Hipoooo,Master,0,96,,193,161
588,summoner-24744012,589,Felisjano,Master,11,76,,120,95
589,summoner-34940601,590,fetusismydinner,Master,10,96,,304,282
590,summoner-35674379,591,tsakos007,Master,8,87,,299,267
591,summoner-70418172,592,Wexillon,Master,8,98,,276,244
592,summoner-39583344,593,triung,Master,5,96,,283,259
593,summoner-52559355,594,BãyMμtrá,Master,5,133,,277,253
594,summoner-34318299,595,InTheHellOfElo,Master,5,73,,255,233
595,summoner-46423361,596,ImJustSaiyan,Master,5,79,,139,114
596,summoner-41679925,597,Zara Larsson,Master,4,116,,300,280
597,summoner-31618238,598,TodiTheGod,Master,4,73,,225,209
598,summoner-20922524,599,Far,Master,4,89,,145,126
599,summoner-28710962,600,Egoista w Soloq,Master,4,83,,116,105
600,summoner-30447363,601,Darknéss,Master,3,123,,224,201
601,summoner-30411613,602,ilovedana,Master,3,73,,80,61
602,summoner-25294231,603,botichello,Master,2,89,,348,299
603,summoner-72532970,604,Aki Senpai,Master,2,89,,190,159
604,summoner-22886940,605,noızzy,Master,2,82,,90,59
605,summoner-39658139,606,Zera,Master,0,187,,685,668
606,summoner-32404054,607,negative winrate,Master,0,105,,505,481
607,summoner-47962920,608,major failure,Master,0,117,,409,403
608,summoner-25477643,609,Zapper02,Master,0,113,,388,369
609,summoner-50213372,610,Alter Gilgamesh,Master,22,174,,319,292
610,summoner-37444475,611,XEM Domel,Master,0,114,,304,284
611,summoner-40554647,612,Daddy Gragas,Master,0,145,,289,273
612,summoner-33940581,613,H x,Master,0,122,,276,249
613,summoner-37879267,614,War pe Mental,Master,0,165,,263,229
614,summoner-27393446,615,Gamay666,Master,0,97,,255,235
615,summoner-29724710,616,pisinmyblouse,Master,0,86,,248,217
616,summoner-37074782,617,morderca32,Master,0,61,,241,172
617,summoner-26498433,618,CTF Manatee,Diamond 1,67,89,,241,215
618,summoner-27050356,619,Tveliv,Master,0,97,,229,211
619,summoner-57023102,620,Lötüs,Master,0,94,,225,209
620,summoner-21587261,621,DoctorNlck,Master,0,84,,223,175
621,summoner-28520357,622,Friendly Skulla,Master,0,78,,219,201
622,summoner-26925653,623,Ρingo,Master,3,84,,220,198
623,summoner-35538261,624,Teddybéar,Master,0,62,,218,196
624,summoner-59668537,625,žennoŽTG,Master,0,116,,218,199
625,summoner-28172180,626,Pick me Janna,Master,0,75,,209,187
626,summoner-26774670,627,FP Zorin Blitz,Master,0,75,,199,176
627,summoner-71509291,628,SnakeInTracksuit,Master,0,67,,190,134
628,summoner-47221733,629,LLENN,Master,0,93,,188,129
629,summoner-38403820,630,stefanxp,Master,0,92,,186,166
630,summoner-29526523,631,pykestanos,Master,0,83,,178,152
631,summoner-23805754,632,Centawr,Master,0,66,,172,147
632,summoner-70617689,633,HerHex,Master,0,99,,158,114
633,summoner-44347625,634,SKT KrWannaBe,Master,0,76,,158,132
634,summoner-38583230,635,Zebron,Master,0,60,,149,114
635,summoner-39867623,636,Michael001,Master,0,50,,143,53
636,summoner-70146530,637,Diosh,Master,0,83,,142,99
637,summoner-50305148,638,FrozenCubBG,Master,0,48,,140,67
638,summoner-32189292,639,Zhenzi v2,Master,0,97,,136,113
639,summoner-51963350,640,Luky001,Master,0,64,,134,111
640,summoner-30906515,641,Steve Angello,Master,0,82,,133,111
641,summoner-37673006,642,We Go Cr4zY,Master,0,47,,130,72
642,summoner-24434103,643,sl0wla,Master,0,100,,128,103
643,summoner-60793117,644,14etaneR,Master,0,49,,123,103
644,summoner-25235174,645,mortalcombatant,Master,0,79,,118,73
645,summoner-54836755,646,m7md7100,Master,0,72,,113,87
646,summoner-45943087,647,Redillion,Master,0,71,,106,78
647,summoner-46673697,648,Mégumin,Master,0,108,,104,76
648,summoner-26500654,649,donce123,Master,0,80,,98,72
649,summoner-59893208,650,Märq,Master,0,55,,92,69
650,summoner-58653622,651,WildheroStream,Master,0,54,,91,38
651,summoner-20480930,652,B GOD,Master,0,50,,88,28
652,summoner-19130262,653,Smoczy,Master,0,56,,85,66
653,summoner-36685606,654,KATYPERRYFAN123,Master,0,47,,74,44
654,summoner-68808416,655,cutie princess,Master,0,38,,67,27
655,summoner-41048627,656,Trust Me Im JEDl,Master,0,71,,64,40
656,summoner-30954692,657,Xclusive 25,Diamond 1,100,125,,592,582
657,summoner-25478522,658,KIS WITH Y,Diamond 1,100,104,,424,398
658,summoner-28994651,659,Xaroula,Diamond 1,100,103,,419,392
659,summoner-30844775,660,UnicornLeader,Diamond 1,100,137,,396,359
660,summoner-30144977,661,Mmesek,Diamond 1,100,104,,299,271
661,summoner-31173956,662,Labokop,Diamond 1,100,112,,274,245
662,summoner-32956070,663,HCT Erlich,Diamond 1,100,86,,269,238
663,summoner-37363403,664,Václav Šrajer,Diamond 1,100,76,,233,195
664,summoner-31204878,665,GRE Pokerstar,Diamond 1,100,101,,224,197
665,summoner-24200190,666,Next Level FIZZ,Diamond 1,100,76,,214,193
666,summoner-38376885,667,Suicidal Supp,Diamond 1,100,96,,191,156
667,summoner-63523937,668,Àrdént Cénsér,Diamond 1,100,112,,174,153
668,summoner-23687496,669,Pendecho,Diamond 1,100,82,,160,133
669,summoner-28537478,670,Hrazerixxxxxxx,Diamond 1,100,82,,158,130
670,summoner-68387562,671,LeQu On Smurf,Diamond 1,100,56,,153,121
671,summoner-29062803,672,V for VayNeDeTa,Diamond 1,100,78,,151,131
672,summoner-27875773,673,FourTwenty Joker,Diamond 1,100,83,,149,112
673,summoner-44984905,674,Bořek prznitel,Diamond 1,100,68,,131,110
674,summoner-31174904,675,G2 Aldus,Diamond 1,100,101,,124,97
675,summoner-35069789,676,Cháotic,Diamond 1,100,66,,109,89
676,summoner-36053985,677,Unlucky Niko,Diamond 1,100,84,,97,75
677,summoner-26325874,678,atomic bald,Diamond 1,100,53,,94,61
678,summoner-70173009,679,Two Shiv Shaco,Diamond 1,100,54,,87,54
679,summoner-55733049,680,Nabsteb,Diamond 1,100,60,,86,48
680,summoner-34396720,681,Stephprobabe,Diamond 1,100,55,,68,39
681,summoner-37627217,682,Ejsner,Diamond 1,100,58,,55,35
682,summoner-62003907,683,XprObacKGG,Diamond 1,99,111,,328,300
683,summoner-23799544,684,HCT shizeR,Diamond 1,99,97,,282,243
684,summoner-63285135,685,Daddy Roro,Diamond 1,98,63,,170,106
685,summoner-66685523,686,Sushi Kid,Diamond 1,98,72,,151,107
686,summoner-27860733,687,Dawîd,Diamond 1,97,79,,111,86
687,summoner-19403133,688,FrennaFanboy,Diamond 1,97,61,,105,89
688,summoner-65874209,689,Get Clapped,Diamond 1,97,71,,66,42
689,summoner-52332925,690,Grímmjôw,Diamond 1,95,149,,316,278
690,summoner-37035581,691,Peose,Diamond 1,79,50,,160,102
691,summoner-32894209,692,the prodigy ygh,Diamond 1,95,145,,47,33
692,summoner-34888542,693,HeavyDream,Diamond 1,94,63,,55,32
693,summoner-25815701,694,Clara,Diamond 1,93,115,,139,113
694,summoner-22255693,695,BigMazy,Diamond 1,93,41,,87,42
695,summoner-40189047,696,Yuuna,Diamond 1,93,53,,55,37
696,summoner-71130272,697,uDNelly,Diamond 1,92,73,,217,171
697,summoner-72473143,698,Wa kind of smurf,Diamond 1,92,58,,202,165
698,summoner-22753912,699,n x,Diamond 1,73,79,,205,188
699,summoner-25221922,700,Grub Woin,Diamond 1,91,90,,172,129
700,summoner-24984199,701,coookieman,Diamond 1,91,115,,88,60
701,summoner-27495704,702,ukko2000,Diamond 1,91,65,,69,48
702,summoner-34350180,703,DGPX Sayetan,Diamond 1,91,44,,66,46
703,summoner-53463132,704,Szybky Lopez,Diamond 1,90,88,,451,397
704,summoner-37298354,705,Balnator,Diamond 1,90,100,,283,259
705,summoner-35256798,706,Tigerfun,Diamond 1,90,110,,244,221
706,summoner-45753066,707,GANGBANG ILLAOI,Diamond 1,90,109,,237,227
707,summoner-19912775,708,Neawin,Diamond 1,90,69,,182,148
708,summoner-27364826,709,xToma,Diamond 1,90,69,,154,136
709,summoner-25853840,710,WelcomToVietnam,Diamond 1,90,68,,146,109
710,summoner-33873215,711,p3 euw btw,Diamond 1,90,66,,145,118
711,summoner-27865152,712,aąbcć Ð eęfgh,Diamond 1,90,65,,144,125
712,summoner-35480966,713,DGN JustEngry,Diamond 1,90,77,,143,109
713,summoner-33405516,714,BuuDuemer,Diamond 1,90,81,,140,112
714,summoner-69423039,715,Matnisstatpants,Diamond 1,90,48,,133,93
715,summoner-27053145,716,αssαssin,Diamond 1,90,94,,130,86
716,summoner-20200774,717,King Dragún,Diamond 1,90,69,,125,99
717,summoner-32815577,718,The Ryan,Diamond 1,90,68,,124,87
718,summoner-20918068,719,JESSPER77,Diamond 1,90,86,,119,104
719,summoner-71040739,720,Phílíphkt,Diamond 1,90,66,,113,62
720,summoner-30333885,721,SaŁaZaR,Diamond 1,90,131,,113,93
721,summoner-32573416,722,Teräsmara,Diamond 1,90,126,,109,77
722,summoner-39258248,723,Tadeusz98,Diamond 1,90,94,,105,83
723,summoner-29599705,724,A4L,Diamond 1,90,62,,105,71
724,summoner-58033142,725,RED AD Carry,Diamond 1,90,63,,105,77
725,summoner-37141067,726,Ehmedi,Diamond 1,90,86,,98,70
726,summoner-69233016,727,Numikjèks,Diamond 1,90,40,,96,29
727,summoner-25516645,728,Cx KFC Manager,Diamond 1,90,54,,85,62
728,summoner-29146564,729,MrMgr,Diamond 1,90,49,,84,64
729,summoner-68728535,730,beorsaidothor,Diamond 1,90,41,,80,23
730,summoner-32757515,731,IMissAlwaysQ,Diamond 1,90,49,,80,55
731,summoner-20158792,732,Rektus Dominus,Diamond 1,90,101,,77,61
732,summoner-23591874,733,Live,Diamond 1,90,74,,66,37
733,summoner-41454116,734,MarineHBS,Diamond 1,90,57,,51,25
734,summoner-24669344,735,Mìs,Diamond 1,89,55,,152,135
735,summoner-24389694,736,BestSorakaSmurf,Diamond 1,89,64,,89,62
736,summoner-23981744,737,SonofHashinshin,Diamond 1,88,76,,341,305
737,summoner-24432947,738,NikGio,Diamond 1,88,108,,291,261
738,summoner-34011141,739,HPC MlodyGamer,Diamond 1,100,114,,286,259
739,summoner-33397554,740,Cursed Leblanc,Diamond 1,88,85,,196,171
740,summoner-32297123,741,Latrodectuss,Diamond 1,88,120,,181,156
741,summoner-59623572,742,Duck Farius,Diamond 1,88,53,,123,106
742,summoner-30847068,743,korzen11,Diamond 1,88,47,,112,57
743,summoner-72435448,744,ThRoZeN,Diamond 1,88,42,,109,51
744,summoner-36903434,745,Selson,Diamond 1,88,49,,76,41
745,summoner-57194815,746,Enemenem,Diamond 1,87,107,,205,180
746,summoner-58483319,747,ZeroFoxy,Diamond 1,87,103,,95,79
747,summoner-23617343,748,GL Mayday,Diamond 1,86,72,,109,91
748,summoner-26051432,749,Sir Wolle,Diamond 1,88,106,,467,449
749,summoner-34445989,750,ScarIet,Diamond 1,85,117,,355,332
750,summoner-69195893,751,gobitumilair,Diamond 1,85,56,,171,140
751,summoner-68943644,752,äiti,Diamond 1,85,58,,153,119
752,summoner-43978311,753,GT1 Hochmah,Diamond 1,85,97,,117,90
753,summoner-27571865,754,CisneCieRandomem,Diamond 1,85,53,,114,71
754,summoner-39680037,755,FeelsDunkedMan,Diamond 1,100,122,,364,344
755,summoner-36214307,756,NEMANJ4,Diamond 1,84,116,,301,280
756,summoner-62024135,757,ez is Mágus,Diamond 1,84,64,,173,128
757,summoner-26376711,758,GhostBron,Diamond 1,84,49,,120,63
758,summoner-21832245,759,Coko,Diamond 1,84,52,,89,58
759,summoner-25910707,760,KhaynMain,Diamond 1,83,90,,368,320
760,summoner-68924659,761,sexy mikasa,Diamond 1,83,56,,160,103
761,summoner-40170900,762,Meecowhy,Diamond 1,83,82,,156,140
762,summoner-61697922,763,Formes,Diamond 1,83,68,,141,123
763,summoner-30046712,764,brooo 8D,Diamond 1,83,45,,62,30
764,summoner-37124020,765,Evanger,Diamond 1,83,59,,59,34
765,summoner-34467401,766,NLM,Diamond 1,82,72,,314,255
766,summoner-29259506,767,Mapharazzo,Diamond 1,82,69,,106,91
767,summoner-69433064,768,Looking 4 6irl,Diamond 1,82,46,,91,57
768,summoner-54622990,769,313169,Diamond 1,82,48,,72,52
769,summoner-36323986,770,blo,Diamond 1,81,117,,263,237
770,summoner-20440138,771,Arore,Diamond 1,81,69,,123,104
771,summoner-53895198,772,ZalJK,Diamond 1,81,78,,123,102
772,summoner-22988614,773,Kylo Rên,Diamond 1,81,96,,117,90
773,summoner-33519577,774,meenawy,Diamond 1,81,68,,109,73
774,summoner-69433065,775,KONG STRONG,Diamond 1,81,46,,91,57
775,summoner-24410969,776,KRM,Diamond 1,81,79,,77,51
776,summoner-22293716,777,zjemcikrede,Diamond 1,80,114,,276,256
777,summoner-38483078,778,Dom1nator,Diamond 1,80,79,,256,235
778,summoner-34937486,779,Feed Jinx pl0x,Diamond 1,80,63,,136,94
779,summoner-35828580,780,SIMPLE AND CLEAN,Diamond 1,80,73,,118,93
780,summoner-33287436,781,Happuoppa,Diamond 1,80,77,,107,73
781,summoner-24386368,782,deivyys,Diamond 1,80,84,,102,82
782,summoner-38907771,783,myR Bl4de,Diamond 1,80,87,,94,75
783,summoner-71526530,784,The Kontturi,Diamond 1,80,36,,54,10
784,summoner-28154673,785,XaxaOwOxaxa,Diamond 1,79,164,,430,422
785,summoner-66705989,786,SadFrog exe,Diamond 1,79,96,,300,205
786,summoner-22647486,787,Darkiter,Diamond 1,79,105,,214,185
787,summoner-19868592,788,AkiCr7,Diamond 1,79,76,,115,90
788,summoner-64003070,789,VELVETEARS,Diamond 1,79,49,,95,68
789,summoner-38103284,790,Verum v2,Diamond 1,78,57,,159,101
790,summoner-69409626,791,skirrax v2,Diamond 1,78,56,,87,63
791,summoner-55066936,792,IgnasITZ,Diamond 1,78,51,,81,53
792,summoner-30813446,793,iG ßajky,Diamond 1,78,64,,72,55
793,summoner-20932819,794,Cviç Prase,Diamond 1,77,101,,296,280
794,summoner-41700097,795,Serene Void,Diamond 1,77,87,,261,242
795,summoner-25365139,796,TelluR,Diamond 1,77,83,,257,240
796,summoner-34223704,797,2H2H piškot,Diamond 1,77,89,,215,185
797,summoner-36558641,798,Bloody Sorrõw,Diamond 1,77,94,,172,152
798,summoner-31881620,799,Rapisher,Diamond 1,77,74,,81,63
799,summoner-50343040,800,JK KINGUNEN,Diamond 1,77,49,,65,49
800,summoner-48864239,801,Kamî D Hoyhi,Diamond 1,76,145,,388,360
801,summoner-23481935,802,Puri,Diamond 1,76,84,,218,205
802,summoner-31281838,803,EleGíggle,Diamond 1,76,87,,161,142
803,summoner-34333050,804,HELLAS douk,Diamond 1,76,67,,109,65
804,summoner-32568582,805,LevelZeroPlayer,Diamond 1,75,105,,418,384
805,summoner-41456117,806,Suklaakaakao,Diamond 1,75,95,,409,388
806,summoner-33333791,807,MonsterTier,Diamond 1,75,105,,408,396
807,summoner-56034779,808,ProShadowShady,Diamond 1,75,100,,349,319
808,summoner-65063152,809,ShSn,Diamond 1,75,110,,319,296
809,summoner-22887932,810,Błack Swan,Diamond 1,75,109,,287,247
810,summoner-65875722,811,Lunatıc,Diamond 1,75,95,,262,237
811,summoner-43448663,812,LevelZeroLegacy,Diamond 1,75,67,,239,186
812,summoner-30767245,813,Amaretto,Diamond 1,75,98,,235,217
813,summoner-42656092,814,Divine Humanoid,Diamond 1,75,68,,231,153
814,summoner-38508401,815,HELLSHACO,Diamond 1,75,63,,216,141
815,summoner-23845263,816,Ananasy,Diamond 1,75,122,,215,200
816,summoner-61066587,817,TIH 2Cups,Diamond 1,75,106,,214,178
817,summoner-70313892,818,EUW Marksman kek,Diamond 1,75,69,,211,152
818,summoner-58033162,819,Tatsh,Diamond 1,75,69,,193,156
819,summoner-34233510,820,Season 3 Rengar,Diamond 1,75,80,,191,153
820,summoner-21111582,821,Datturaa,Diamond 1,75,61,,190,101
821,summoner-59546383,822,MaderFaker3,Diamond 1,75,49,,187,88
822,summoner-68845540,823,Girl I,Diamond 1,75,73,,186,148
823,summoner-49339151,824,Bufaklin,Diamond 1,75,67,,186,159
824,summoner-28295623,825,Hobbi,Diamond 1,75,83,,186,148
825,summoner-71842996,826,SchwerdG,Diamond 1,75,59,,179,124
826,summoner-54716632,827,ferdik1123,Diamond 1,75,84,,178,155
827,summoner-63583593,828,13597820,Diamond 1,75,66,,166,156
828,summoner-40937267,829,Djres,Diamond 1,75,85,,166,137
829,summoner-21214046,830,Israel HaDayag,Diamond 1,75,72,,164,134
830,summoner-33899572,831,nof3,Diamond 1,75,55,,163,107
831,summoner-34086024,832,7Drakking88,Diamond 1,75,83,,160,115
832,summoner-70718095,833,Lux PIayer,Diamond 1,75,61,,160,106
833,summoner-40025822,834,Kim Dong ha,Diamond 1,75,66,,157,105
834,summoner-47728136,835,SB Szerk,Diamond 1,75,141,,151,114
835,summoner-21926693,836,ΦΑΡΑΩ,Diamond 1,75,68,,148,114
836,summoner-54553116,837,MihalichV2,Diamond 1,75,63,,148,133
837,summoner-21447850,838,The Vitiate,Diamond 1,75,73,,146,133
838,summoner-19391305,839,OopsIamSorry,Diamond 1,75,46,,144,59
839,summoner-53718282,840,CuzimaGoD,Diamond 1,75,72,,143,120
840,summoner-33827501,841,PVE Qenal,Diamond 1,75,73,,143,115
841,summoner-69062973,842,Reorderer 1v9,Diamond 1,75,57,,139,96
842,summoner-28398978,843,SMUTNY PAJAC,Diamond 1,75,57,,138,86
843,summoner-23319183,844,Wechat Elovator,Diamond 1,75,46,,138,85
844,summoner-62837444,845,Yøung Light,Diamond 1,75,137,,137,71
845,summoner-24681855,846,RR Syrpy,Diamond 1,75,64,,137,108
846,summoner-24385780,847,Dragfon,Diamond 1,75,66,,134,109
847,summoner-20009677,848,Jessica,Diamond 1,75,47,,131,93
848,summoner-37213573,849,Gl At McDonalds,Diamond 1,75,63,,128,105
849,summoner-46883558,850,AderiQ,Diamond 1,75,61,,127,91
850,summoner-24153857,851,Amades,Diamond 1,75,48,,120,74
851,summoner-21458888,852,Irod,Diamond 1,75,70,,116,83
852,summoner-31707274,853,Danny v2,Diamond 1,75,86,,113,77
853,summoner-55967338,854,Kindral,Diamond 1,75,48,,113,88
854,summoner-25519388,855,VaIkyr,Diamond 1,75,109,,112,91
855,summoner-27571811,856,MaM FaJnE UlTi,Diamond 1,75,53,,111,88
856,summoner-65786172,857,Helixerz,Diamond 1,75,43,,110,73
857,summoner-25015594,858,RockXan,Diamond 1,75,77,,108,68
858,summoner-70623032,859,Vareju iekritot,Diamond 1,75,53,,107,73
859,summoner-52530080,860,PetesAdoptedSon,Diamond 1,75,50,,103,87
860,summoner-29134791,861,Is Top success,Diamond 1,75,64,,96,65
861,summoner-68896555,862,ROMANUL ALB,Diamond 1,75,41,,86,33
862,summoner-71893065,863,TEEMO TO CHALL,Diamond 1,75,43,,83,45
863,summoner-24097768,864,DontBlameMeQQ,Diamond 1,75,71,,82,54
864,summoner-27548394,865,My Angel Ket,Diamond 1,75,101,,78,54
865,summoner-39530236,866,EUNE Abuser,Diamond 1,75,39,,74,18
866,summoner-28880203,867,WLD hextasy,Diamond 1,75,51,,65,32
867,summoner-48203766,868,EUNEPOLICE S,Diamond 1,75,43,,65,23
868,summoner-66943040,869,Je T Aime Trop,Diamond 1,75,46,,64,37
869,summoner-32247025,870,Paulius Kubys,Diamond 1,75,39,,63,27
870,summoner-46605578,871,KataLaNN,Diamond 1,74,91,,267,234
871,summoner-40955463,872,FLACKO FANBOY,Diamond 1,74,85,,250,239
872,summoner-28526239,873,Kundzior123,Diamond 1,74,88,,241,242
873,summoner-38245753,874,Shikamaru Naara,Diamond 1,74,73,,236,212
874,summoner-21741163,875,Dragonczz1,Diamond 1,74,41,,113,21
875,summoner-24233664,876,ECT Kocourek,Diamond 1,74,64,,109,84
876,summoner-31353091,877,Zookeeper101,Diamond 1,73,96,,289,259
877,summoner-44519214,878,Ray God,Diamond 1,73,96,,268,260
878,summoner-20614632,879,PYKE IRL,Diamond 1,73,99,,194,145
879,summoner-60167436,880,ksikakatas,Diamond 1,73,46,,143,92
880,summoner-32974994,881,Ziu,Diamond 1,73,90,,136,80
881,summoner-26017001,882,ProfessorAce,Diamond 1,73,70,,131,105
882,summoner-71643045,883,Clown IRL,Diamond 1,73,52,,121,75
883,summoner-42983363,884,Vega,Diamond 1,73,89,,74,52
884,summoner-19134176,885,SellingNudesAdd,Diamond 1,73,61,,56,37
885,summoner-41087665,886,EUNE Retoox HLTV,Diamond 1,73,36,,38,13
886,summoner-31220503,887,Sekkusu,Diamond 1,72,128,,350,342
887,summoner-36926847,888,Bleddo,Diamond 1,72,114,,148,129
888,summoner-44846594,889,kurtdenstore21,Diamond 1,72,50,,138,108
889,summoner-52433896,890,Kapten YinYang,Diamond 1,72,52,,116,83
890,summoner-39560412,891,michu45,Diamond 1,72,117,,113,86
891,summoner-34293699,892,Lep Fant,Diamond 1,72,57,,112,88
892,summoner-48503828,893,Konaa,Diamond 1,72,46,,76,60
893,summoner-34899231,894,Kahui,Diamond 1,72,39,,54,30
894,summoner-36052987,895,Alonso,Diamond 1,71,107,,508,486
895,summoner-32043565,896,Ede faecam,Diamond 1,71,95,,315,269
896,summoner-39686221,897,nexTy1,Diamond 1,71,69,,166,141
897,summoner-68367366,898,Myddo,Diamond 1,71,60,,109,80
898,summoner-25179705,899,Lama,Diamond 1,71,66,,95,73
899,summoner-26902859,900,boxeq,Diamond 1,70,89,,158,138
900,summoner-23911183,901,Madhõuse,Diamond 1,70,62,,43,33
901,summoner-20517173,902,GreenHousePotato,Diamond 1,69,119,,501,482
902,summoner-19350043,903,Taste The Power,Diamond 1,69,118,,383,368
903,summoner-50871161,904,ALISTAR 400 DMG,Diamond 1,69,91,,218,201
904,summoner-32271079,905,Kornishona,Diamond 1,69,92,,187,170
905,summoner-50333934,906,Nippla,Diamond 1,69,67,,174,145
906,summoner-31267277,907,IaceG,Diamond 1,69,52,,140,94
907,summoner-48329575,908,RedTigger2000,Diamond 1,69,98,,135,117
908,summoner-38540729,909,EUNE POGGERS,Diamond 1,69,53,,133,73
909,summoner-23296269,910,Dimikoyan,Diamond 1,69,90,,118,99
910,summoner-56437897,911,Pika Pika Pì,Diamond 1,68,102,,465,418
911,summoner-23455566,912,RAIDBOSS GODHAND,Diamond 1,68,91,,348,316
912,summoner-22908028,913,GeddyK,Diamond 1,68,96,,298,254
913,summoner-19924105,914,lonelystar,Diamond 1,68,115,,280,258
914,summoner-35316636,915,Szakin,Diamond 1,68,158,,240,221
915,summoner-27043387,916,Loxigar,Diamond 1,68,67,,121,96
916,summoner-38788779,917,Hi Iam Gosupport,Diamond 1,68,105,,108,92
917,summoner-42553384,918,shadows marked,Diamond 1,68,71,,107,93
918,summoner-23816156,919,Carry Only,Diamond 1,68,77,,95,83
919,summoner-70945372,920,King Illidan,Diamond 1,67,86,,412,363
920,summoner-42590587,921,Stuu69,Diamond 1,67,90,,276,228
921,summoner-41065582,922,Saloez,Diamond 1,67,74,,252,215
922,summoner-46078093,923,Eimis,Diamond 1,67,102,,227,199
923,summoner-34184324,924,Lexris,Diamond 1,87,59,,184,101
924,summoner-24583023,925,NerfChampsHard,Diamond 1,67,79,,169,155
925,summoner-34075227,926,NGPlayer,Diamond 1,67,87,,159,129
926,summoner-49675568,927,Petey btw,Diamond 1,67,49,,151,115
927,summoner-52530527,928,Maginaryy,Diamond 1,67,50,,115,58
928,summoner-28333822,929,Nudle za Boost,Diamond 1,67,67,,110,93
929,summoner-72586541,930,Sobol jest słaby,Diamond 1,67,39,,67,23
930,summoner-39297772,931,LeZac,Diamond 1,66,119,,270,251
931,summoner-52036247,932,Hîszpan,Diamond 1,66,103,,266,253
932,summoner-32665817,933,Zha Kix,Diamond 1,83,83,,203,182
933,summoner-54622980,934,Sähkis,Diamond 1,66,52,,175,128
934,summoner-36142626,935,Zèze,Diamond 1,66,86,,167,155
935,summoner-32212465,936,Sanyol,Diamond 1,66,97,,161,142
936,summoner-52713387,937,LANCELOT 1,Diamond 1,66,49,,149,121
937,summoner-42915991,938,h1go,Diamond 1,66,60,,143,127
938,summoner-69526189,939,Karczelote v2,Diamond 1,66,62,,143,95
939,summoner-31279958,940,Elementh,Diamond 1,66,45,,112,44
940,summoner-22814877,941,Professor Konrad,Diamond 1,66,83,,108,76
941,summoner-19692199,942,Denited,Diamond 1,66,86,,77,33
942,summoner-73103218,943,Guzior fanboy,Diamond 1,66,35,,58,25
943,summoner-30909416,944,Army 27 illusion,Diamond 1,66,40,,53,27
944,summoner-37100831,945,Arìete,Diamond 1,65,74,,278,239
945,summoner-31354285,946,AqroVelon,Diamond 1,65,104,,247,220
946,summoner-44783827,947,Komorek12345,Diamond 1,65,94,,243,217
947,summoner-21880349,948,Kaiser Božo,Diamond 1,65,115,,187,164
948,summoner-25503434,949,Woolly,Diamond 1,65,69,,138,109
949,summoner-25158553,950,BELOSNEZHKA,Diamond 1,65,78,,103,79
950,summoner-33396293,951,Pink Rabbits,Diamond 1,65,54,,85,67
951,summoner-51885836,952,See my name,Diamond 1,64,159,,557,522
952,summoner-47524042,953,5UPP0RT,Diamond 1,64,113,,295,277
953,summoner-68996307,954,Leivi,Diamond 1,64,95,,261,250
954,summoner-38626931,955,NA1X,Diamond 1,64,99,,211,188
955,summoner-29619714,956,xdxdDDdxdd,Diamond 1,64,48,,149,83
956,summoner-36420208,957,LachtanHoralka,Diamond 1,64,68,,124,108
957,summoner-33038032,958,Veezle,Diamond 1,64,62,,115,92
958,summoner-70597318,959,PepperinosFanboy,Diamond 1,64,45,,94,44
959,summoner-42813598,960,HeartlessElf,Diamond 1,64,92,,34,23
960,summoner-24331089,961,xd Sciixu,Diamond 1,63,90,,174,161
961,summoner-69242998,962,Tάkis,Diamond 1,63,90,,167,154
962,summoner-22996729,963,seeth3r,Diamond 1,63,77,,130,101
963,summoner-24220182,964,Shenas,Diamond 1,63,59,,110,85
964,summoner-41113648,965,WIZOP,Diamond 1,63,56,,78,42
965,summoner-39208114,966,iVintrez,Diamond 1,63,45,,34,9
966,summoner-19747597,967,iMpwnYA,Diamond 1,62,121,,443,407
967,summoner-33395602,968,Crasheeer,Diamond 1,62,89,,362,374
968,summoner-30748749,969,isä,Diamond 1,62,82,,215,183
969,summoner-58098309,970,ZVRYK,Diamond 1,62,112,,108,87
970,summoner-30942212,971,Seifur,Diamond 1,62,59,,105,85
971,summoner-72324858,972,uXaPDominic,Diamond 1,62,39,,66,27
972,summoner-34217865,973,Eshara,Diamond 1,62,47,,63,34
973,summoner-31506776,974,Knightgum,Diamond 1,62,51,,51,20
974,summoner-35405487,975,Taidah,Diamond 1,61,117,,487,467
975,summoner-71833035,976,HΞΜΦ,Diamond 1,61,88,,317,260
976,summoner-71843072,977,SlCK B0Y,Diamond 1,61,71,,274,259
977,summoner-44902735,978,HARDSTUCKKKK,Diamond 1,61,86,,236,223
978,summoner-28893056,979,Pray4Tryndamere,Diamond 1,61,84,,225,199
979,summoner-20795263,980,Ququlis,Diamond 1,61,49,,148,92
980,summoner-38997989,981,Iil dipshît,Diamond 1,61,117,,140,125
981,summoner-37547009,982,EB24 Paxters,Diamond 1,61,96,,94,66
982,summoner-41221730,983,RX Faust,Diamond 1,60,118,,368,354
983,summoner-35943184,984,Profesor Ulaniec,Diamond 1,60,127,,262,231
984,summoner-20663172,985,The Cr1mson King,Diamond 1,60,79,,239,211
985,summoner-24400346,986,Trzesiek,Diamond 1,60,68,,214,154
986,summoner-23518496,987,Petri,Diamond 1,60,62,,200,177
987,summoner-24748823,988,PYROPHOBIA,Diamond 1,60,86,,177,157
988,summoner-27869181,989,sakoDKsako,Diamond 1,60,79,,157,127
989,summoner-26463457,990,Independent3,Diamond 1,60,63,,127,113
990,summoner-48657221,991,xxdXDxd gejus,Diamond 1,60,47,,102,63
991,summoner-63833189,992,POLhedzik019,Diamond 1,80,42,,99,48
992,summoner-36054356,993,dog ucal,Diamond 1,60,74,,98,81
993,summoner-38222916,994,N1ksän,Diamond 1,60,58,,96,83
994,summoner-27985811,995,H0shiG4ki,Diamond 1,60,82,,46,25
995,summoner-42314387,996,Paskajami,Diamond 1,59,91,,273,261
996,summoner-33514724,997,ψUnlucky Godψ,Diamond 1,59,99,,241,222
997,summoner-25231512,998,VuChina,Diamond 1,59,160,,141,126
998,summoner-44526231,999,Ξύδι,Diamond 1,59,69,,87,56
999,summoner-37663134,1000,ZÏlean,Diamond 1,59,58,,82,44
