#timestamp 1529992833054
#date 2018-06-26T06:00:33+00:00
#players 1000
#index,id,rank,name,tier,lp,level,proTeam,win,loss
0,summoner-30950217,1,Necromartin,Challenger,1358,92,,272,188
1,summoner-114456,2,Just Milánek,Challenger,1034,118,,191,127
2,summoner-67237036,3,DawidaZ314,Challenger,1042,67,,175,123
3,summoner-25251096,4,Erring,Challenger,1017,109,,190,129
4,summoner-34366642,5,Zest of a Lemon,Challenger,975,83,,153,99
5,summoner-68577868,6,The FearDrug,Challenger,972,52,,130,75
6,summoner-19912631,7,balagan,Challenger,962,84,,181,132
7,summoner-54937799,8,I am LeBron,Challenger,947,96,,392,338
8,summoner-35488076,9,Thomasive,Challenger,937,159,,342,294
9,summoner-30354925,10,S4breTooth,Challenger,913,69,,178,131
10,summoner-56366993,11,Inferiorities,Challenger,904,134,,408,321
11,summoner-32276072,12,Drutut,Challenger,900,88,,179,129
12,summoner-29947317,13,LC Specialkey,Challenger,891,89,,126,73
13,summoner-42337826,14,ŃightFury,Challenger,888,57,,129,73
14,summoner-36174939,15,Orochimâru,Challenger,856,86,,183,125
15,summoner-41255766,16,Trenie,Challenger,794,62,,219,166
16,summoner-38799811,17,VinTreZ,Challenger,784,82,,225,180
17,summoner-43537063,18,INFINITIUM,Challenger,776,103,,246,197
18,summoner-29626431,19,Egé,Challenger,745,93,,116,75
19,summoner-46571745,20,Challenger Riven,Challenger,732,65,,171,115
20,summoner-68397877,21,thícc boy,Challenger,731,136,,555,487
21,summoner-20911182,22,Mortar2,Challenger,725,77,,217,171
22,summoner-31258700,23,SenuaI,Challenger,724,134,,176,131
23,summoner-36034843,24,Whírlwind,Challenger,722,98,,255,209
24,summoner-22424102,25,Dat Guy M0arcin,Challenger,716,81,,223,173
25,summoner-41719668,26,Hide On Ãütism,Challenger,702,121,,152,99
26,summoner-27638198,27,Samyaza3,Challenger,689,72,,137,102
27,summoner-35839428,28,Dudî,Challenger,687,85,,151,106
28,summoner-33502635,29,Alek22,Challenger,683,101,,300,257
29,summoner-51510795,30,Psych0social,Challenger,676,105,,247,194
30,summoner-32525539,31,solony1,Challenger,669,119,,441,397
31,summoner-24217661,32,43178261271,Challenger,669,60,,126,79
32,summoner-24211787,33,45620 321,Challenger,654,54,,148,110
33,summoner-27260328,34,FizzCantCarry Q8,Challenger,646,107,,187,135
34,summoner-35473029,35,Yuno Gasai,Challenger,644,177,,165,122
35,summoner-41373137,36,Tanya Degurechaf,Challenger,634,131,,245,203
36,summoner-30869288,37,Hitman1771,Challenger,629,97,,390,328
37,summoner-29560341,38,Cougar,Challenger,628,107,,296,249
38,summoner-33845373,39,14133029,Challenger,628,94,,168,141
39,summoner-26053958,40,FonikiKouradoula,Challenger,623,126,,514,471
40,summoner-41188305,41,RABANUS XDD,Challenger,617,88,,304,265
41,summoner-30034043,42,Ztreetboy,Challenger,617,48,,134,75
42,summoner-24537185,43,Sgt Reckface,Challenger,617,68,,128,84
43,summoner-36586403,44,DJfaby,Challenger,615,84,,116,74
44,summoner-25559670,45,CeKa,Challenger,613,85,,320,252
45,summoner-28117164,46,7h3blu3,Challenger,612,144,,255,217
46,summoner-21445018,47,lykku,Challenger,611,71,,114,75
47,summoner-22488792,48,THR Vioreleeee,Challenger,605,79,,101,66
48,summoner-42310753,49,septico1,Challenger,600,140,,298,259
49,summoner-29126866,50,Askarek,Challenger,599,98,,322,285
50,summoner-68037994,51,Tilen Perko,Challenger,596,45,,117,53
51,summoner-19708054,52,Heals1ut,Challenger,593,63,,143,96
52,summoner-30739384,53,Saya NΥX,Challenger,590,85,,140,96
53,summoner-54125134,54,DeIusion,Challenger,582,143,,319,271
54,summoner-24304145,55,ShatterNightmare,Challenger,580,119,,229,198
55,summoner-37803083,56,Adryeh,Challenger,573,111,,230,194
56,summoner-32164198,57,Trap40,Challenger,565,97,,296,261
57,summoner-62796707,58,Yasuxery,Challenger,562,48,,158,80
58,summoner-38198493,59,Virtuøso,Challenger,554,130,,254,215
59,summoner-62512964,60,Songu,Challenger,548,90,,147,120
60,summoner-35483267,61,DIAMOND BTW,Challenger,546,69,,167,124
61,summoner-32706014,62,MyxiR,Challenger,542,88,,226,194
62,summoner-30124073,63,VoidlingGeneral,Challenger,538,113,,197,154
63,summoner-22901643,64,Black Pete,Challenger,537,80,,284,243
64,summoner-24294620,65,Cant ToUcH DiS,Challenger,536,130,,230,189
65,summoner-20768545,66,Keàsar,Challenger,533,93,,188,148
66,summoner-37834995,67,Sl Karapanos,Challenger,532,115,,153,111
67,summoner-37847164,68,Dekkon,Challenger,530,81,,145,118
68,summoner-62294050,69,MixepSRB,Challenger,528,95,,266,227
69,summoner-36880627,70,Kizuro,Challenger,528,70,,145,116
70,summoner-30363029,71,ku5h420igniteit,Challenger,526,87,,207,175
71,summoner-43463469,72,Niinja,Challenger,524,125,,508,463
72,summoner-34647447,73,Thebausffs,Challenger,523,78,,126,91
73,summoner-36359863,74,Kysek,Challenger,523,68,,106,61
74,summoner-59184238,75,Awesome Giovanni,Challenger,522,109,,192,151
75,summoner-20517918,76,Craz,Challenger,513,44,,93,51
76,summoner-37619582,77,DareDévil,Challenger,510,236,,107,70
77,summoner-39596221,78,1Tyr,Challenger,509,73,,186,135
78,summoner-34096414,79,Gwiazda11,Challenger,506,117,,490,427
79,summoner-69116222,80,Vestas,Challenger,506,45,,116,57
80,summoner-61222996,81,A4e v2,Challenger,505,162,,548,517
81,summoner-52638381,82,BITE Petipino,Challenger,504,91,,232,197
82,summoner-29933647,83,Bryce Walker,Challenger,502,101,,258,218
83,summoner-37105357,84,Daraaka123,Challenger,502,55,,183,103
84,summoner-71988030,85,Kososanity,Challenger,500,49,,174,109
85,summoner-33613346,86,Teh,Challenger,500,98,,93,58
86,summoner-28928793,87,StoneGuard,Challenger,498,118,,147,114
87,summoner-40824749,88,SECODE,Challenger,498,68,,129,94
88,summoner-34916156,89,Alcoholic,Challenger,486,87,,115,71
89,summoner-35076517,90,Boots of Speed,Challenger,480,77,,246,212
90,summoner-68728548,91,adalbarthasdine,Challenger,480,43,,116,63
91,summoner-37339075,92,NoBrainVayneMain,Challenger,478,105,,341,302
92,summoner-33354090,93,krul rafcio,Challenger,478,64,,154,116
93,summoner-27682983,94,Amino the hantá,Challenger,475,57,,169,134
94,summoner-40170634,95,Icetan,Challenger,475,91,,129,92
95,summoner-36926878,96,Zenap,Challenger,470,123,,168,129
96,summoner-49505896,97,xflaidy,Challenger,465,107,,196,159
97,summoner-34059489,98,Ψ NinjaDoge Ψ,Challenger,465,101,,181,139
98,summoner-70713941,99,Lenka fanboy,Challenger,459,65,,143,102
99,summoner-26347442,100,Levís,Challenger,455,75,,154,117
100,summoner-49689206,101,TheDoffy,Challenger,452,105,,328,295
101,summoner-72743432,102,Low Nine,Challenger,450,52,,146,88
102,summoner-39257803,103,StayHumble,Challenger,444,153,,225,198
103,summoner-70182989,104,Midlane Outsider,Challenger,443,120,,229,196
104,summoner-40027898,105,Gery Nikol,Challenger,443,139,,123,82
105,summoner-31921889,106,xDamon Salvatore,Challenger,439,90,,202,166
106,summoner-43603496,107,Baldikshir,Challenger,438,61,,173,137
107,summoner-44103732,108,olikaan,Challenger,433,140,,207,179
108,summoner-24277714,109,pYemuL,Challenger,433,59,,178,140
109,summoner-23214988,110,NXG Legion,Challenger,433,69,,143,107
110,summoner-42321931,111,Şhy Zerø tωo,Challenger,431,67,,88,52
111,summoner-38009638,112,VasterOfKled,Challenger,430,87,,210,168
112,summoner-24503452,113,EU AnimalTrainer,Challenger,428,86,,243,188
113,summoner-23400758,114,Hardustriel,Challenger,427,124,,215,178
114,summoner-40358396,115,BDS Laudon,Challenger,424,118,,250,210
115,summoner-35791510,116,CSTADYHONZA,Challenger,423,97,,213,177
116,summoner-30738266,117,torpick,Challenger,421,72,,263,234
117,summoner-35304360,118,Capcioc,Challenger,418,123,,158,122
118,summoner-40385818,119,Richor,Challenger,412,68,,178,152
119,summoner-54973039,120,Kristijan King,Challenger,411,173,,799,756
120,summoner-19899632,121,BedvolfAgarwaen,Challenger,411,62,,103,67
121,summoner-48645710,122,JoinedandPlayed,Challenger,410,57,,159,119
122,summoner-38074727,123,Tigric2000,Challenger,407,105,,314,287
123,summoner-26405360,124,TLP Coatpustmain,Challenger,407,87,,288,245
124,summoner-43062702,125,iTq,Challenger,406,102,,328,287
125,summoner-32497510,126,Hayp,Challenger,405,63,,246,196
126,summoner-38499311,127,ZXY,Challenger,405,63,,222,150
127,summoner-72173097,128,KY Leo,Challenger,403,117,,246,222
128,summoner-23833294,129,Senafir,Challenger,401,105,,148,110
129,summoner-21147121,130,ParowózTomek,Challenger,401,70,,78,41
130,summoner-63133663,131,Patâ,Challenger,399,65,,165,129
131,summoner-31793915,132,Zazapp,Challenger,396,52,,166,100
132,summoner-27247414,133,Charca,Challenger,396,73,,87,45
133,summoner-54973046,134,Hatred The Daddy,Challenger,395,60,,222,146
134,summoner-29018603,135,Yourself5times,Challenger,394,93,,255,227
135,summoner-70596075,136,HakunaMattatta,Challenger,394,70,,230,195
136,summoner-36647726,137,XartiX 420,Challenger,393,65,,296,167
137,summoner-22428390,138,Skinny dipper,Challenger,392,60,,204,173
138,summoner-68838041,139,remundahilmorga,Challenger,392,78,,178,143
139,summoner-34020838,140,C9 Norgod,Challenger,391,91,,121,88
140,summoner-71374980,141,beamer bøy,Challenger,388,56,,189,136
141,summoner-31434850,142,eL Maquk,Challenger,385,89,,163,125
142,summoner-32675866,143,sC Stefan,Challenger,384,115,,97,57
143,summoner-53826633,144,GS RekitRalf,Challenger,383,99,,173,142
144,summoner-30818415,145,UrbanekShow,Challenger,381,79,,220,187
145,summoner-45293753,146,M4CI3KunluckyTOP,Challenger,381,101,,198,165
146,summoner-42322373,147,HELLAS Tranquil,Challenger,381,64,,177,134
147,summoner-40604579,148,Lυnatıc,Challenger,378,81,,305,206
148,summoner-42358639,149,Divine Interoid,Challenger,378,73,,242,213
149,summoner-43168575,150,MM Revenger,Challenger,377,124,,197,166
150,summoner-62475364,151,BarrelBros,Challenger,373,57,,134,86
151,summoner-29483874,152,BDS bobiistaa,Challenger,368,115,,385,354
152,summoner-24746936,153,Shine001k,Challenger,368,78,,133,99
153,summoner-37915705,154,Trust46,Challenger,366,94,,262,226
154,summoner-30110835,155,PoN,Challenger,366,117,,218,184
155,summoner-24385272,156,Yashiru,Challenger,366,68,,201,166
156,summoner-66606846,157,SpeeDDu,Challenger,363,54,,126,94
157,summoner-39927024,158,Qythien,Challenger,360,84,,156,112
158,summoner-33973961,159,ZYX Famas,Challenger,357,96,,204,167
159,summoner-21704109,160,EuneAnimallul,Challenger,356,97,,236,200
160,summoner-25524501,161,Arch Nemesis,Challenger,355,47,,115,81
161,summoner-31929469,162,Kazemitra,Challenger,353,127,,500,477
162,summoner-30798969,163,malcom v1,Challenger,352,123,,210,180
163,summoner-31337125,164,TheStrzelba,Challenger,350,133,,586,544
164,summoner-38490045,165,Grk 3 Tears,Challenger,348,55,,102,76
165,summoner-41829004,166,Hodný Vlk,Challenger,347,84,,193,165
166,summoner-32953063,167,Hi im Taka,Challenger,346,89,,232,196
167,summoner-25529425,168,Th3BaBaDo0K,Challenger,327,171,,662,637
168,summoner-30304141,169,Dżankos Smurf,Challenger,344,76,,127,93
169,summoner-23815734,170,Wisakoy,Challenger,343,89,,242,210
170,summoner-40734816,171,matiz4win,Challenger,342,89,,175,138
171,summoner-25834373,172,94716,Challenger,341,75,,252,214
172,summoner-27889019,173,KSV MID CROWN,Challenger,339,87,,326,284
173,summoner-41963589,174,Catstyle,Challenger,339,74,,214,185
174,summoner-72576440,175,Laitnoir,Challenger,339,42,,80,29
175,summoner-71318597,176,OneLastBreath,Challenger,338,62,,234,179
176,summoner-41542670,177,Dositej Colamax,Challenger,337,63,,75,38
177,summoner-31140082,178,Jadelit,Challenger,336,92,,249,218
178,summoner-54458064,179,Yerllo,Challenger,335,118,,212,175
179,summoner-27242434,180,kakosicek,Challenger,334,115,,350,320
180,summoner-61382972,181,Flamy v5,Challenger,334,99,,188,159
181,summoner-38716840,182,ETMS Aidamák,Challenger,333,151,,361,325
182,summoner-48117052,183,NeverLucky JJ,Challenger,332,108,,417,379
183,summoner-52463268,184,JACKET IS MINE,Challenger,332,84,,316,292
184,summoner-25874625,185,Túróstészta,Challenger,331,86,,191,160
185,summoner-31237269,186,IP ZoldieVi,Challenger,330,107,,207,151
186,summoner-29001286,187,Dąbek1,Challenger,329,103,,334,303
187,summoner-35716576,188,Ôzen,Challenger,328,146,,187,149
188,summoner-24252613,189,Talkoś,Challenger,328,64,,138,102
189,summoner-55649332,190,sxzoR,Challenger,327,163,,524,498
190,summoner-23357637,191,CRO WONDERKID,Challenger,327,79,,99,45
191,summoner-21868113,192,SilvenX,Challenger,326,106,,373,335
192,summoner-31919733,193,shyvtaric,Challenger,325,105,,367,354
193,summoner-24545582,194,váha,Challenger,325,132,,315,287
194,summoner-24133504,195,Kokokomando,Challenger,325,72,,227,196
195,summoner-34256698,196,pàntérra v2,Challenger,324,97,,156,116
196,summoner-26990156,197,SIENIOPAS,Challenger,323,80,,206,180
197,summoner-38614643,198,YoLoN,Challenger,322,85,,308,273
198,summoner-33015585,199,Wolf and a Lamb,Challenger,322,104,,225,201
199,summoner-24734846,200,De Grandes,Challenger,319,67,,137,101
200,summoner-30955779,201,StormRagez,Master,316,82,,417,390
201,summoner-19145963,202,BuBBlehun,Master,316,54,,123,78
202,summoner-41232411,203,PASÒK,Master,311,91,,252,183
203,summoner-24287131,204,Myštić,Master,310,88,,108,67
204,summoner-32277551,205,TL Playmaker,Master,306,167,,673,643
205,summoner-21652445,206,WADOWICKA BESTIA,Master,302,70,,221,145
206,summoner-24320283,207,Commander Lexa,Master,301,56,,173,141
207,summoner-25837064,208,BIedis,Master,300,86,,367,327
208,summoner-21180291,209,Jollteon,Master,299,186,,275,246
209,summoner-37953579,210,Wieledrog,Master,297,91,,188,152
210,summoner-47802316,211,Jôn Snow,Master,297,96,,181,149
211,summoner-54757552,212,DankMilky,Master,297,76,,104,69
212,summoner-39653179,213,C9 Giubi,Master,296,73,,235,202
213,summoner-72505969,214,Pz ΖZang,Master,292,48,,151,83
214,summoner-28984810,215,prodajnica,Master,288,50,,76,40
215,summoner-38405754,216,eR Petrásek,Master,286,148,,149,116
216,summoner-48613864,217,Hi Im Fali,Master,285,85,,276,205
217,summoner-41186365,218,Void Is So Empty,Master,285,138,,209,181
218,summoner-19360640,219,Masochista,Master,285,97,,180,139
219,summoner-43110478,220,Annie IRL,Master,284,171,,404,380
220,summoner-69503652,221,Knife Cat 420,Master,280,67,,257,205
221,summoner-61002976,222,Chains,Master,275,123,,354,325
222,summoner-224731,223,niszczyciel,Master,271,64,,143,113
223,summoner-41865371,224,DarIing,Master,253,66,,239,155
224,summoner-69253007,225,Wétru,Master,270,111,,198,168
225,summoner-30902324,226,Nicram,Master,269,120,,193,169
226,summoner-43363830,227,SunriSSe1,Master,269,141,,133,99
227,summoner-20779068,228,Vrasta,Master,267,107,,161,127
228,summoner-20093613,229,IS1d30431af74fbd,Master,263,48,,117,88
229,summoner-29506183,230,16yo ToxicFckboy,Master,259,92,,195,162
230,summoner-27865746,231,ChosenONF1rE,Master,258,85,,313,295
231,summoner-57147850,232,ƒrost,Master,255,117,,282,258
232,summoner-33093065,233,EmdielGG,Master,254,107,,381,364
233,summoner-27279160,234,mihaibaros,Master,250,93,,312,278
234,summoner-60894781,235,kesteen,Master,250,75,,213,163
235,summoner-54123780,236,martonbulatko,Master,250,89,,200,166
236,summoner-21776015,237,Twerk For Gank,Master,250,50,,117,73
237,summoner-25469960,238,Stumpybuumer,Master,249,102,,150,120
238,summoner-32497639,239,Son Goku,Master,246,84,,212,186
239,summoner-24199070,240,zamzu,Master,240,92,,224,186
240,summoner-19986326,241,LordVladimirus,Master,240,74,,196,173
241,summoner-38122606,242,Minmaxer,Master,239,112,,423,400
242,summoner-40227793,243,xLaur13x,Master,237,92,,162,130
243,summoner-26899838,244,Jarzynski,Master,236,140,,224,202
244,summoner-41649116,245,Faker Dog v2,Master,236,51,,116,118
245,summoner-39691163,246,Sha D Clone,Master,234,92,,143,103
246,summoner-36915090,247,Grima,Master,230,99,,366,332
247,summoner-24502829,248,dragonn74,Master,228,102,,427,387
248,summoner-311278,249,Savage Pigeon,Master,228,155,,297,268
249,summoner-29954113,250,GodFree,Master,227,118,,226,204
250,summoner-42461154,251,iG Dreedy,Master,225,74,,119,103
251,summoner-19867011,252,Sebbedan,Master,224,63,,87,58
252,summoner-42312343,253,Vertí,Master,223,103,,144,112
253,summoner-25984594,254,PRE OmulFinn,Master,222,124,,373,331
254,summoner-44457343,255,115kg MARKSMAN,Master,222,116,,302,269
255,summoner-30695393,256,Koczis,Master,222,55,,94,59
256,summoner-19493533,257,Jarmy,Master,221,83,,240,199
257,summoner-39803017,258,legendari22,Master,220,98,,202,170
258,summoner-59073355,259,Mppalalol,Master,219,99,,274,237
259,summoner-49476762,260,Aster,Master,219,83,,191,162
260,summoner-45776022,261,nleTV,Master,218,77,,328,252
261,summoner-30960083,262,i am flo,Master,218,72,,93,61
262,summoner-43591549,263,Ðexter,Master,215,117,,237,205
263,summoner-52685879,264,Memøry,Master,214,116,,258,210
264,summoner-35444016,265,JusTSkiLLzZ,Master,213,97,,161,140
265,summoner-34886646,266,Agirdi ko ziuri,Master,211,80,,379,292
266,summoner-34087306,267,Maga,Master,210,120,,395,353
267,summoner-31727926,268,WAZZAPPPPPPPPPP,Master,210,66,,201,149
268,summoner-38767154,269,Fiery Dust,Master,209,113,,166,147
269,summoner-58905962,270,LeeSinToMyPings,Master,209,80,,166,135
270,summoner-22030635,271,RossG7,Master,209,109,,157,125
271,summoner-58175288,272,xDoggieSx,Master,208,92,,210,176
272,summoner-22362343,273,Kroliczekk,Master,207,128,,267,238
273,summoner-54517674,274,Dexa497,Master,204,57,,102,63
274,summoner-23345860,275,KiF1a,Master,203,73,,185,166
275,summoner-42312984,276,EUNE Hi Im  LOGO,Master,221,85,,302,257
276,summoner-73146124,277,Ιcey,Master,202,50,,164,106
277,summoner-51764533,278,Wallin,Master,200,92,,144,105
278,summoner-27294577,279,XxAronxX,Master,199,89,,301,274
279,summoner-48285573,280,Frost Edy,Master,197,89,,206,181
280,summoner-20079073,281,Again the Same,Master,196,80,,210,179
281,summoner-47353389,282,iMrPresident,Master,195,174,,518,480
282,summoner-40203376,283,TopAp4cz,Master,192,138,,284,260
283,summoner-22718673,284,egirl slayer 420,Master,192,91,,228,192
284,summoner-43494933,285,KY Ada,Master,191,81,,171,129
285,summoner-72374470,286,IKneelOnlyToGod,Master,189,59,,177,139
286,summoner-26959187,287,Marcinek2005PL,Master,186,83,,264,230
287,summoner-30085498,288,Kewl Bat,Master,185,68,,210,183
288,summoner-44768883,289,BunnyJumper,Master,185,47,,94,38
289,summoner-32978996,290,Pivotek,Master,197,89,,356,277
290,summoner-20145328,291,Amerasu,Master,182,99,,178,151
291,summoner-26565340,292,ÒG Mérciless,Master,181,116,,277,257
292,summoner-38646934,293,Mateusss smurf,Master,181,53,,144,99
293,summoner-35437975,294,Beast Zed Mid,Master,180,90,,172,146
294,summoner-23791258,295,DoDo senpai,Master,180,87,,130,95
295,summoner-41456515,296,RIE Dugo,Master,180,53,,100,79
296,summoner-70453402,297,MoonLandinEzreal,Master,179,87,,299,237
297,summoner-31178204,298,depressed ad,Master,178,121,,144,108
298,summoner-175104,299,Tydor,Master,213,49,,122,72
299,summoner-47936016,300,Mortain,Master,176,117,,219,179
300,summoner-25572898,301,Jędrzej Zabujca,Master,173,84,,216,187
301,summoner-70688522,302,Juliα,Master,171,94,,271,229
302,summoner-27811008,303,Bírkí,Master,170,84,,195,164
303,summoner-26803517,304,Humble Healer,Master,167,87,,331,310
304,summoner-44377634,305,Lοtus,Master,167,131,,262,237
305,summoner-32276830,306,BlindMasteRr,Master,166,86,,306,273
306,summoner-28178174,307,samz0r,Master,166,81,,239,213
307,summoner-24147445,308,Leprowujek,Master,166,42,,94,40
308,summoner-21877641,309,Kreeyu,Master,164,77,,358,328
309,summoner-38459984,310,Nivelenn,Master,163,85,,281,268
310,summoner-29756949,311,Amir Kebab Rip,Master,163,89,,239,208
311,summoner-32634015,312,Ponzu,Master,163,56,,107,79
312,summoner-21843031,313,Boys Do Cry,Master,162,67,,209,185
313,summoner-49861951,314,Sveronis,Master,162,52,,195,65
314,summoner-32736705,315,Alistar is Cow,Master,162,110,,88,63
315,summoner-24519136,316,Mirevin,Master,161,90,,303,270
316,summoner-31518017,317,Sabaku TaisΦ,Master,161,82,,288,239
317,summoner-33768429,318,Píngwin,Master,160,120,,240,211
318,summoner-21425598,319,CedRa,Master,160,79,,181,157
319,summoner-24426105,320,xEchy,Master,160,63,,178,150
320,summoner-31795487,321,FA21TH,Master,159,94,,308,280
321,summoner-44754808,322,Lolofontello,Master,158,113,,405,382
322,summoner-24640007,323,hi im neves,Master,158,99,,301,273
323,summoner-72416267,324,jeonggeul uiwang,Master,155,57,,196,140
324,summoner-38227985,325,Röyhkeä,Master,155,82,,117,82
325,summoner-29088317,326,Norbiso Dog,Master,155,54,,100,77
326,summoner-70417188,327,Neko East,Master,153,87,,326,294
327,summoner-31738066,328,Kallukka,Master,153,92,,296,265
328,summoner-34876945,329,QQ Mati,Master,153,91,,125,102
329,summoner-37253320,330,Craz1rabitMPAMPA,Master,153,67,,123,101
330,summoner-33909458,331,AzianoCZ,Master,152,66,,198,167
331,summoner-30226164,332,Fr0m 0 2 Her0,Master,152,62,,154,131
332,summoner-25595710,333,Newb4610,Master,151,86,,143,110
333,summoner-35461398,334,Conaaa,Master,146,95,,384,367
334,summoner-52156665,335,gibe pusi b0ss,Master,146,79,,355,285
335,summoner-26517392,336,DG Soul,Master,146,74,,61,33
336,summoner-25594275,337,Anapsokwlias,Master,145,113,,305,270
337,summoner-29764123,338,NaèbanyMÍstrzu,Master,145,115,,288,257
338,summoner-29646879,339,AHS8,Master,145,67,,275,249
339,summoner-52516246,340,ExposeD452,Master,145,113,,240,217
340,summoner-62573177,341,ED Ye Qiu,Master,144,93,,424,369
341,summoner-30464270,342,V5 Sentinel,Master,144,107,,229,198
342,summoner-31264198,343,hi im todzio,Master,143,68,,114,95
343,summoner-38605595,344,Nicki Benz,Master,142,57,,140,107
344,summoner-29213366,345,itZ A4ron,Master,142,97,,136,106
345,summoner-24200990,346,Arrof,Master,140,133,,440,420
346,summoner-22712849,347,Valar Dohaerís,Master,140,86,,229,199
347,summoner-23434374,348,xXKertoXx,Master,140,80,,166,110
348,summoner-27976861,349,Glishaa,Master,140,64,,140,97
349,summoner-22571774,350,Makos,Master,138,114,,150,129
350,summoner-33726754,351,Murskauskone3000,Master,137,67,,248,194
351,summoner-63747327,352,3 Stars 1 Dragon,Master,137,43,,72,41
352,summoner-37310714,353,Sylko,Master,136,88,,159,134
353,summoner-46424200,354,Iegolas,Master,136,65,,121,75
354,summoner-27267596,355,Onys the ťulda,Master,133,100,,313,282
355,summoner-36244072,356,1453 PepeHands,Master,133,106,,299,277
356,summoner-37136474,357,bIood of life,Master,133,146,,273,250
357,summoner-52336189,358,Complain,Master,133,64,,133,102
358,summoner-34870972,359,Spiks Fanb0y,Master,132,133,,432,419
359,summoner-35785372,360,TOMage,Master,131,69,,203,186
360,summoner-40761190,361,DON ProbleemxD,Master,131,111,,182,159
361,summoner-40749652,362,DON Detor,Master,131,117,,182,158
362,summoner-21930072,363,Sea Of Zorrow,Master,130,66,,100,77
363,summoner-23864813,364,Boost za nudle,Master,129,110,,286,258
364,summoner-24700982,365,Czaraf,Master,129,85,,273,247
365,summoner-33774479,366,Szöcske,Master,129,105,,228,209
366,summoner-28691827,367,LFT Puppe,Master,129,111,,173,143
367,summoner-38555321,368,NobodyLovesM3,Master,129,88,,167,131
368,summoner-38564431,369,PingviinsLv,Master,129,72,,146,117
369,summoner-25242066,370,JD Kublot,Master,129,56,,87,58
370,summoner-38459471,371,Juzoo,Master,128,92,,253,222
371,summoner-28531153,372,Fl4p3k,Master,128,78,,236,216
372,summoner-33997861,373,Lil Tom,Master,127,59,,103,79
373,summoner-44765346,374,L9 Kvasna,Master,126,65,,150,124
374,summoner-38285650,375,RX Cinca,Master,125,85,,200,178
375,summoner-29556273,376,Bagienny Szymon,Master,124,108,,333,306
376,summoner-23402936,377,kurtdenstore,Master,124,50,,133,107
377,summoner-21142220,378,GodSoap,Master,123,93,,270,248
378,summoner-38796534,379,Hjeern,Master,123,101,,248,226
379,summoner-20584723,380,KorShack,Master,123,93,,112,84
380,summoner-71549187,381,Nothing Ends,Master,122,56,,193,149
381,summoner-43502680,382,Crea,Master,120,80,,157,135
382,summoner-51041734,383,Remígiusz,Master,120,140,,137,102
383,summoner-45693791,384,LeBalance,Master,119,144,,328,303
384,summoner-32266483,385,Tyexus,Master,119,103,,287,256
385,summoner-29965908,386,Qweszaq,Master,119,84,,149,122
386,summoner-57694673,387,Jacob vo vani,Master,119,51,,118,86
387,summoner-69076318,388,SPACEBAR PLAYER,Master,119,42,,97,46
388,summoner-35086934,389,Joonatan,Master,118,98,,201,158
389,summoner-34990484,390,Shijnder,Master,118,154,,129,109
390,summoner-24399731,391,Filip02,Master,117,109,,293,275
391,summoner-26926091,392,ReLic7us,Master,117,73,,142,123
392,summoner-43239321,393,matiociekasexem,Master,116,111,,365,344
393,summoner-21220764,394,hi im czajek,Master,116,78,,120,93
394,summoner-34373450,395,pintek pl,Master,115,97,,248,211
395,summoner-60013756,396,The Kayle,Master,115,48,,120,88
396,summoner-25804900,397,paszkos,Master,113,112,,426,400
397,summoner-64938219,398,SKT T1 Flash R,Master,113,72,,331,291
398,summoner-20433541,399,Amant z Sosnowca,Master,113,89,,275,246
399,summoner-21129318,400,Hyperíon,Master,113,138,,173,158
400,summoner-33959520,401,xMid or Nuke,Master,113,63,,129,106
401,summoner-38323190,402,Blakayy,Master,112,101,,334,271
402,summoner-35742411,403,elofactory com,Master,112,54,,143,93
403,summoner-19665363,404,Schp,Master,112,59,,122,88
404,summoner-25142065,405,iNaffuu,Master,110,59,,168,150
405,summoner-28167733,406,oslerCZ,Master,108,93,,272,221
406,summoner-27134795,407,True Wanderer,Master,108,39,,85,44
407,summoner-37928532,408,Mr Miks,Master,107,98,,287,266
408,summoner-52323298,409,Blackøut,Master,107,104,,143,132
409,summoner-45833746,410,Midas LFT,Master,106,61,,260,179
410,summoner-29543702,411,Her Charmer,Master,105,95,,238,210
411,summoner-26639869,412,Dunk Prophecies,Master,105,105,,205,164
412,summoner-38563426,413,DragonflyerPL,Master,104,104,,259,219
413,summoner-28326387,414,UNQ Kubson,Master,103,110,,212,179
414,summoner-24538556,415,GeneralJohny,Master,102,175,,377,358
415,summoner-33344680,416,Mâd Rât,Master,102,71,,245,205
416,summoner-41989610,417,GNîDîS,Master,102,63,,168,139
417,summoner-32854718,418,Xayol v2,Master,102,55,,107,69
418,summoner-20322181,419,AS JamesSawyer,Master,100,116,,393,369
419,summoner-37324816,420,AGT Sobol,Master,100,77,,240,213
420,summoner-40164810,421,A B U D,Master,100,91,,179,156
421,summoner-29847233,422,EvilxHyper1v9,Master,100,98,,134,113
422,summoner-26467183,423,LilaPaυse,Master,99,117,,350,336
423,summoner-37735418,424,Sir BigT,Master,98,76,,326,266
424,summoner-22114521,425,Br0kk,Master,98,95,,209,195
425,summoner-68945358,426,Zorganizowany,Master,98,69,,205,177
426,summoner-42693498,427,Terrorysta1,Master,96,72,,266,133
427,summoner-36665468,428,Quinsie Revenge,Master,96,78,,220,198
428,summoner-38629296,429,Buszux,Master,96,74,,181,146
429,summoner-20574477,430,Zarzator,Master,96,59,,156,118
430,summoner-22870085,431,Jake Banks,Master,96,70,,131,100
431,summoner-34296788,432,Right Handed,Master,95,58,,152,130
432,summoner-37263763,433,vanko 1,Master,94,111,,611,598
433,summoner-41645583,434,DenizEN,Master,94,91,,385,306
434,summoner-43879253,435,Troxen,Master,94,92,,198,184
435,summoner-35566765,436,Pitress,Master,93,74,,229,207
436,summoner-21309312,437,Linley Baruch,Master,92,77,,202,133
437,summoner-31554189,438,KYRlE IRVING,Master,92,88,,195,175
438,summoner-27745505,439,L9 Icereaper,Master,92,53,,168,86
439,summoner-38788159,440,uniporn,Master,92,83,,141,122
440,summoner-24984653,441,Goddess Ofaf,Master,91,131,,402,381
441,summoner-40947657,442,Matrix Sama,Master,91,74,,188,168
442,summoner-31455034,443,ˉunknown mid,Master,89,103,,173,150
443,summoner-20076561,444,SDOM ALLEN,Master,88,73,,200,184
444,summoner-36835782,445,Lignio,Master,84,114,,127,110
445,summoner-36328146,446,ZboczonyHektor,Master,83,54,,173,145
446,summoner-33077827,447,TEAM IS FAMILY,Master,82,55,,99,80
447,summoner-24272802,448,DenKakai,Master,81,75,,198,168
448,summoner-40754180,449,Sάωαηο,Master,80,137,,391,364
449,summoner-19374680,450,THR Joe,Master,80,58,,178,115
450,summoner-45410476,451,WLD hi im mate,Master,80,56,,59,31
451,summoner-25130219,452,SzAmiker,Master,79,50,,99,63
452,summoner-59194680,453,MiiaBestLamia,Master,78,91,,305,287
453,summoner-40752923,454,Ic3Poro,Master,78,71,,188,171
454,summoner-37314741,455,Molière,Master,77,80,,319,299
455,summoner-28307643,456,Marcellus23,Master,77,69,,160,133
456,summoner-34705189,457,hi its Albatross,Master,77,85,,99,76
457,summoner-24234349,458,Parksman Mlayer,Master,77,76,,65,49
458,summoner-34707077,459,RS Seboost1an,Master,76,109,,306,275
459,summoner-22120650,460,DTG shy jan,Master,76,115,,168,145
460,summoner-19864501,461,Vallvex,Master,75,131,,224,202
461,summoner-20435279,462,A Decent Unicorn,Master,75,65,,173,143
462,summoner-41605618,463,KAKABRUTA,Master,75,69,,125,106
463,summoner-27218502,464,SUICIDAL EBOY,Master,75,46,,125,63
464,summoner-45265491,465,DAB DAB DAB DAB,Master,74,62,,165,130
465,summoner-30839206,466,D4ynight,Master,73,106,,309,295
466,summoner-34990979,467,RayRexi,Master,73,94,,173,144
467,summoner-66396230,468,I AM SO TALONTED,Master,73,72,,163,142
468,summoner-71497498,469,Shãrky,Master,72,74,,321,278
469,summoner-34825505,470,Τana,Master,72,133,,131,113
470,summoner-43943854,471,XXX65696D6973,Master,72,46,,101,38
471,summoner-36100496,472,LighTn1nG,Master,69,158,,375,355
472,summoner-23756551,473,let me pyke you,Master,68,146,,601,578
473,summoner-57573785,474,Vengeance Reborn,Master,68,143,,309,268
474,summoner-32307429,475,Deizlo,Master,68,76,,238,216
475,summoner-22164949,476,Fliper,Master,68,69,,178,155
476,summoner-35471685,477,I am Budzik,Master,66,98,,122,103
477,summoner-71071897,478,Patà,Master,66,44,,110,56
478,summoner-21398034,479,Thé Fàllén Angél,Master,65,81,,198,165
479,summoner-40194654,480,deepionel,Master,65,138,,105,80
480,summoner-57817732,481,Findy Jr,Master,65,49,,59,30
481,summoner-36317960,482,vestra de sidere,Master,64,86,,157,136
482,summoner-29534182,483,kotletaz,Master,64,72,,145,118
483,summoner-22691885,484,SIMBATA7,Master,64,62,,142,115
484,summoner-38040775,485,TheHaccer13,Master,63,59,,153,124
485,summoner-19769056,486,Kenshin,Master,63,67,,143,120
486,summoner-41107575,487,DareDévil Fanboy,Master,63,88,,79,41
487,summoner-27527112,488,Ρennywise,Master,62,102,,252,231
488,summoner-32824913,489,Mobú v2,Master,61,85,,243,201
489,summoner-44754609,490,GPLAY Samanan,Master,61,45,,81,55
490,summoner-29345064,491,AooShin,Master,59,98,,124,108
491,summoner-19790765,492,Taxi Naser,Master,58,119,,436,409
492,summoner-25591013,493,Viktør,Master,58,94,,157,140
493,summoner-34878172,494,Hakushino,Master,57,70,,63,37
494,summoner-46849163,495,LewaRenkaBoga,Master,56,118,,309,293
495,summoner-69156140,496,Kiyotaka,Master,56,48,,152,99
496,summoner-23766594,497,Elder Gorni,Master,56,63,,116,88
497,summoner-21990899,498,Divine Banana,Master,56,125,,72,51
498,summoner-24602552,499,ThotnessEmbrace,Master,55,106,,314,295
499,summoner-33533249,500,vukojarac,Master,55,87,,168,154
500,summoner-40705422,501,Paštikus Vagínus,Master,55,82,,164,138
501,summoner-30350053,502,Clone Jester,Master,55,103,,134,104
502,summoner-37565478,503,Shaz,Master,55,84,,99,68
503,summoner-68744972,504,mrHookUrGIRL,Master,55,42,,98,49
504,summoner-19796157,505,shaaz,Master,54,67,,154,128
505,summoner-44094588,506,dølce ft,Master,53,61,,102,76
506,summoner-42994549,507,TL PiercingLight,Master,51,145,,327,308
507,summoner-32589268,508,Gøku,Master,51,85,,126,100
508,summoner-19074566,509,íÎì Stark,Master,50,71,,260,236
509,summoner-40219024,510,NahkaParturi,Master,49,124,,136,107
510,summoner-25193057,511,BlameCookie,Master,48,82,,233,209
511,summoner-59595990,512,Anathema,Master,47,79,,217,201
512,summoner-34209019,513,Veig,Master,47,75,,161,127
513,summoner-41603169,514,Purrpurr,Master,47,98,,111,91
514,summoner-19766642,515,Arbalezt,Master,47,74,,105,72
515,summoner-24308225,516,Riga Crypto,Master,46,55,,193,126
516,summoner-40547172,517,Gurl,Master,45,140,,174,141
517,summoner-21039791,518,Zombilau,Master,43,88,,272,267
518,summoner-42405409,519,LordWafer,Master,43,76,,106,81
519,summoner-28967240,520,NIghtRain 13,Master,42,130,,425,405
520,summoner-27116848,521,Specter XIV,Master,42,101,,255,236
521,summoner-73082971,522,EuneIsGreat,Master,42,53,,170,106
522,summoner-71555275,523,iG Sufon,Master,41,63,,202,148
523,summoner-71623135,524,Ryan Mikkelsen,Master,41,69,,131,101
524,summoner-36412552,525,737,Master,40,56,,177,135
525,summoner-36362552,526,dwa dobre pićka,Master,40,78,,94,73
526,summoner-20945176,527,Halucynék,Master,39,119,,592,552
527,summoner-21516154,528,Klordix,Master,38,116,,346,322
528,summoner-27188813,529,SnutteTANT,Master,38,70,,224,167
529,summoner-32984130,530,RX Trainsane,Master,38,95,,203,176
530,summoner-70655337,531,Lee šin otp here,Master,38,47,,100,55
531,summoner-21069443,532,Pajgino,Master,37,96,,115,82
532,summoner-37159691,533,TSM Tanaci,Master,36,146,,376,356
533,summoner-26020106,534,TypowyLeśnik,Master,36,105,,205,187
534,summoner-31446400,535,HUNT Szymek,Master,36,123,,144,121
535,summoner-27059616,536,Eradicated,Master,35,92,,274,249
536,summoner-24072999,537,Halcyzeron,Master,35,95,,104,79
537,summoner-32487581,538,Elniks,Master,34,105,,316,295
538,summoner-39593293,539,Heroin Party Zed,Master,34,86,,266,236
539,summoner-36903455,540,Hubonn,Master,34,80,,133,109
540,summoner-71485927,541,no pain no cane,Master,32,104,,388,347
541,summoner-39632545,542,myR Adev,Master,31,109,,128,104
542,summoner-30159407,543,DJFrytek,Master,30,84,,178,141
543,summoner-32853379,544,lmmortal,Master,29,73,,243,228
544,summoner-34323279,545,Zer0 to Ner0,Master,29,93,,118,100
545,summoner-60253033,546,Hustels,Master,28,81,,226,199
546,summoner-29476578,547,klzz,Master,28,71,,77,55
547,summoner-28122519,548,FluffyPoo,Master,27,121,,211,177
548,summoner-44030756,549,Jég,Master,27,57,,179,127
549,summoner-33887230,550,DarkRider55,Master,27,47,,107,77
550,summoner-19724182,551,Wicked Cookie,Master,27,45,,60,34
551,summoner-24168317,552,Quinn Airlines,Master,26,108,,413,397
552,summoner-56794541,553,xXxKGxXx,Master,26,99,,332,319
553,summoner-29853190,554,Slý Tαils,Master,26,87,,108,81
554,summoner-21286104,555,Prayforsyria,Master,23,92,,360,319
555,summoner-20382823,556,yung TorcicaPUT3,Master,23,62,,214,184
556,summoner-27469510,557,Tissu,Master,23,76,,91,67
557,summoner-41343975,558,Masa Thug Life,Master,22,113,,170,158
558,summoner-24684165,559,S1rNasty,Master,21,71,,272,210
559,summoner-30393911,560,Honoz,Master,21,82,,234,207
560,summoner-33960640,561,Poetepe,Master,21,65,,158,137
561,summoner-38845123,562,Alradon,Master,21,96,,146,115
562,summoner-26353158,563,Norox,Master,21,69,,124,107
563,summoner-60135843,564,SanyaDau v2,Master,20,116,,243,219
564,summoner-33057637,565,sexezSTAR,Master,19,86,,410,388
565,summoner-39556911,566,Svevišnji,Master,19,108,,348,317
566,summoner-36674967,567,vad heter du,Master,19,50,,134,106
567,summoner-19544631,568,MosEisley,Master,19,47,,134,80
568,summoner-38986973,569,soczystypytol98,Master,19,53,,95,65
569,summoner-30074326,570,ManIWishIWasDead,Master,18,105,,255,231
570,summoner-23488688,571,Szakacs,Master,18,107,,240,212
571,summoner-57967315,572,xKanelen,Master,17,118,,391,362
572,summoner-23601893,573,ilovepiez,Master,17,93,,190,172
573,summoner-31876210,574,Rebellion2,Master,17,73,,134,95
574,summoner-21087877,575,KY Satanico,Master,17,63,,113,92
575,summoner-37255951,576,Marlley,Master,16,138,,433,417
576,summoner-38965264,577,SAEEDMUS,Master,16,101,,199,173
577,summoner-36185015,578,C A N G O O R,Master,15,108,,249,233
578,summoner-41551267,579,El3cTr0S0c,Master,15,58,,159,134
579,summoner-39620487,580,Skassy,Master,14,110,,316,300
580,summoner-35494788,581,Exenon,Master,14,144,,275,283
581,summoner-27494606,582,Caedryn,Master,14,136,,123,99
582,summoner-38133362,583,cbdu,Master,13,108,,254,230
583,summoner-33384401,584,d0wnie,Master,13,82,,193,169
584,summoner-22430478,585,Hipoooo,Master,11,96,,193,160
585,summoner-24744012,586,Felisjano,Master,11,76,,120,95
586,summoner-34940601,587,fetusismydinner,Master,10,96,,304,282
587,summoner-46816169,588,PGD Kenrix,Master,10,82,,100,79
588,summoner-35674379,589,tsakos007,Master,8,87,,299,267
589,summoner-70418172,590,Wexillon,Master,8,98,,276,244
590,summoner-47871366,591,lövhögen,Master,8,102,,141,120
591,summoner-39583344,592,triung,Master,5,96,,283,259
592,summoner-52559355,593,BãyMμtrá,Master,5,133,,277,253
593,summoner-34318299,594,InTheHellOfElo,Master,5,73,,255,233
594,summoner-46423361,595,ImJustSaiyan,Master,5,79,,139,114
595,summoner-41679925,596,Zara Larsson,Master,4,116,,300,280
596,summoner-31618238,597,TodiTheGod,Master,4,73,,225,209
597,summoner-20922524,598,Far,Master,4,89,,145,126
598,summoner-28710962,599,Egoista w Soloq,Master,4,83,,116,105
599,summoner-45064213,600,Exthellion,Master,3,97,,265,248
600,summoner-30447363,601,Darknéss,Master,3,123,,224,201
601,summoner-30411613,602,ilovedana,Master,3,73,,80,61
602,summoner-25294231,603,botichello,Master,2,89,,348,299
603,summoner-72532970,604,Aki Senpai,Master,2,89,,190,159
604,summoner-22886940,605,noızzy,Master,2,82,,90,59
605,summoner-39658139,606,Zera,Master,0,187,,685,668
606,summoner-47962920,607,major failure,Master,0,117,,409,403
607,summoner-25477643,608,Zapper02,Master,0,113,,388,369
608,summoner-50213372,609,Alter Gilgamesh,Master,0,174,,318,292
609,summoner-37444475,610,XEM Domel,Master,0,114,,304,284
610,summoner-40554647,611,Daddy Gragas,Master,0,145,,289,273
611,summoner-33940581,612,H x,Master,0,122,,276,249
612,summoner-37879267,613,War pe Mental,Master,0,165,,263,229
613,summoner-27393446,614,Gamay666,Master,0,97,,255,235
614,summoner-29724710,615,pisinmyblouse,Master,0,86,,248,217
615,summoner-37074782,616,morderca32,Master,0,61,,241,172
616,summoner-26498433,617,CTF Manatee,Master,0,89,,240,214
617,summoner-27050356,618,Tveliv,Master,0,97,,229,211
618,summoner-57023102,619,Lötüs,Master,0,94,,225,209
619,summoner-26925653,620,Ρingo,Master,0,84,,219,198
620,summoner-28520357,621,Friendly Skulla,Master,0,78,,219,201
621,summoner-59668537,622,žennoŽTG,Master,0,116,,218,199
622,summoner-35538261,623,Teddybéar,Master,0,62,,218,196
623,summoner-28172180,624,Pick me Janna,Master,0,75,,209,187
624,summoner-26774670,625,FP Zorin Blitz,Master,0,75,,199,176
625,summoner-71509291,626,SnakeInTracksuit,Master,0,67,,190,134
626,summoner-47221733,627,LLENN,Master,0,93,,188,129
627,summoner-38403820,628,stefanxp,Master,0,92,,186,166
628,summoner-29526523,629,pykestanos,Master,0,83,,178,152
629,summoner-23805754,630,Centawr,Master,0,66,,172,147
630,summoner-70617689,631,HerHex,Master,0,99,,158,114
631,summoner-44347625,632,SKT KrWannaBe,Master,0,76,,158,132
632,summoner-38583230,633,Zebron,Master,0,60,,149,114
633,summoner-39867623,634,Michael001,Master,0,50,,143,53
634,summoner-70146530,635,Diosh,Master,0,83,,142,99
635,summoner-50305148,636,FrozenCubBG,Master,0,48,,140,67
636,summoner-32189292,637,Zhenzi v2,Master,0,97,,136,113
637,summoner-51963350,638,Luky001,Master,0,64,,134,111
638,summoner-30906515,639,Steve Angello,Master,0,82,,133,111
639,summoner-37673006,640,We Go Cr4zY,Master,0,47,,130,72
640,summoner-24434103,641,sl0wla,Master,0,100,,128,103
641,summoner-60793117,642,14etaneR,Master,0,49,,123,103
642,summoner-25235174,643,mortalcombatant,Master,0,79,,118,73
643,summoner-54836755,644,m7md7100,Master,0,71,,113,87
644,summoner-45943087,645,Redillion,Master,0,71,,106,78
645,summoner-46673697,646,Mégumin,Master,0,108,,104,76
646,summoner-26500654,647,donce123,Master,0,80,,98,72
647,summoner-59893208,648,Märq,Master,0,55,,92,69
648,summoner-58653622,649,WildheroStream,Master,0,53,,91,38
649,summoner-20480930,650,B GOD,Master,0,50,,88,28
650,summoner-19130262,651,Smoczy,Master,0,56,,85,66
651,summoner-36685606,652,KATYPERRYFAN123,Master,0,47,,74,44
652,summoner-68808416,653,cutie princess,Master,0,38,,67,27
653,summoner-41048627,654,Trust Me Im JEDl,Master,0,71,,64,40
654,summoner-30954692,655,Xclusive 25,Diamond 1,100,125,,591,582
655,summoner-32404054,656,negative winrate,Diamond 1,100,105,,504,480
656,summoner-25478522,657,KIS WITH Y,Diamond 1,100,104,,424,398
657,summoner-28994651,658,Xaroula,Diamond 1,100,103,,419,392
658,summoner-31173956,659,Labokop,Diamond 1,100,112,,274,245
659,summoner-32956070,660,HCT Erlich,Diamond 1,100,86,,269,238
660,summoner-37363403,661,Václav Šrajer,Diamond 1,100,76,,233,195
661,summoner-31204878,662,GRE Pokerstar,Diamond 1,100,101,,224,197
662,summoner-24200190,663,Next Level FIZZ,Diamond 1,100,76,,214,193
663,summoner-63523937,664,Àrdént Cénsér,Diamond 1,100,112,,174,153
664,summoner-23687496,665,Pendecho,Diamond 1,100,82,,160,133
665,summoner-28537478,666,Hrazerixxxxxxx,Diamond 1,100,82,,158,130
666,summoner-68387562,667,LeQu On Smurf,Diamond 1,100,56,,153,121
667,summoner-29062803,668,V for VayNeDeTa,Diamond 1,100,77,,151,131
668,summoner-27875773,669,FourTwenty Joker,Diamond 1,100,83,,149,112
669,summoner-24293061,670,ChickenPL,Diamond 1,87,49,,133,104
670,summoner-44984905,671,Bořek prznitel,Diamond 1,100,68,,131,110
671,summoner-31174904,672,G2 Aldus,Diamond 1,100,101,,123,96
672,summoner-35069789,673,Cháotic,Diamond 1,100,66,,109,89
673,summoner-36053985,674,Unlucky Niko,Diamond 1,100,84,,97,75
674,summoner-26325874,675,atomic bald,Diamond 1,100,53,,94,61
675,summoner-70173009,676,Two Shiv Shaco,Diamond 1,100,54,,87,54
676,summoner-55733049,677,Nabsteb,Diamond 1,100,60,,86,48
677,summoner-34396720,678,Stephprobabe,Diamond 1,100,55,,68,39
678,summoner-37627217,679,Ejsner,Diamond 1,100,58,,55,35
679,summoner-62003907,680,XprObacKGG,Diamond 1,99,111,,328,300
680,summoner-23799544,681,HCT shizeR,Diamond 1,99,97,,282,243
681,summoner-63285135,682,Daddy Roro,Diamond 1,98,63,,170,106
682,summoner-66685523,683,Sushi Kid,Diamond 1,98,72,,151,107
683,summoner-27860733,684,Dawîd,Diamond 1,97,79,,111,86
684,summoner-19403133,685,FrennaFanboy,Diamond 1,97,61,,105,89
685,summoner-65874209,686,Get Clapped,Diamond 1,97,71,,66,42
686,summoner-52332925,687,Grímmjôw,Diamond 1,95,149,,316,278
687,summoner-32894209,688,the prodigy ygh,Diamond 1,95,145,,47,33
688,summoner-34888542,689,HeavyDream,Diamond 1,94,63,,55,32
689,summoner-25815701,690,Clara,Diamond 1,93,115,,139,113
690,summoner-22255693,691,BigMazy,Diamond 1,93,41,,87,42
691,summoner-40189047,692,Yuuna,Diamond 1,93,53,,55,37
692,summoner-71130272,693,uDNelly,Diamond 1,92,73,,217,171
693,summoner-72473143,694,Wa kind of smurf,Diamond 1,92,58,,202,165
694,summoner-30844775,695,UnicornLeader,Diamond 1,91,137,,395,359
695,summoner-25221922,696,Grub Woin,Diamond 1,91,90,,172,129
696,summoner-24984199,697,coookieman,Diamond 1,91,114,,88,60
697,summoner-27495704,698,ukko2000,Diamond 1,91,65,,69,48
698,summoner-34350180,699,DGPX Sayetan,Diamond 1,91,44,,66,46
699,summoner-53463132,700,Szybky Lopez,Diamond 1,90,88,,451,397
700,summoner-37298354,701,Balnator,Diamond 1,90,100,,283,259
701,summoner-35256798,702,Tigerfun,Diamond 1,90,110,,244,221
702,summoner-45753066,703,GANGBANG ILLAOI,Diamond 1,90,109,,237,227
703,summoner-38376885,704,Suicidal Supp,Diamond 1,90,96,,188,155
704,summoner-19912775,705,Neawin,Diamond 1,90,69,,182,148
705,summoner-27364826,706,xToma,Diamond 1,90,69,,154,136
706,summoner-25853840,707,WelcomToVietnam,Diamond 1,90,68,,146,109
707,summoner-33873215,708,p3 euw btw,Diamond 1,90,66,,145,118
708,summoner-27865152,709,aąbcć Ð eęfgh,Diamond 1,90,65,,144,125
709,summoner-35480966,710,DGN JustEngry,Diamond 1,90,77,,143,109
710,summoner-33405516,711,BuuDuemer,Diamond 1,90,81,,140,112
711,summoner-69423039,712,Matnisstatpants,Diamond 1,90,48,,133,93
712,summoner-27053145,713,αssαssin,Diamond 1,90,94,,130,86
713,summoner-20200774,714,King Dragún,Diamond 1,90,69,,125,99
714,summoner-32815577,715,The Ryan,Diamond 1,90,68,,124,87
715,summoner-20918068,716,JESSPER77,Diamond 1,90,86,,119,104
716,summoner-71040739,717,Phílíphkt,Diamond 1,90,66,,113,62
717,summoner-30333885,718,SaŁaZaR,Diamond 1,90,131,,113,93
718,summoner-32573416,719,Teräsmara,Diamond 1,90,126,,109,77
719,summoner-39258248,720,Tadeusz98,Diamond 1,90,94,,105,83
720,summoner-29599705,721,A4L,Diamond 1,90,62,,105,71
721,summoner-58033142,722,RED AD Carry,Diamond 1,90,63,,105,77
722,summoner-37141067,723,Ehmedi,Diamond 1,90,86,,98,70
723,summoner-69233016,724,Numikjèks,Diamond 1,90,40,,96,29
724,summoner-25516645,725,Cx KFC Manager,Diamond 1,90,54,,85,62
725,summoner-29146564,726,MrMgr,Diamond 1,90,49,,84,64
726,summoner-32757515,727,IMissAlwaysQ,Diamond 1,90,49,,80,55
727,summoner-68728535,728,beorsaidothor,Diamond 1,90,41,,80,23
728,summoner-20158792,729,Rektus Dominus,Diamond 1,90,101,,77,61
729,summoner-23591874,730,Live,Diamond 1,90,74,,66,37
730,summoner-41454116,731,MarineHBS,Diamond 1,90,57,,51,25
731,summoner-24669344,732,Mìs,Diamond 1,89,55,,152,135
732,summoner-24389694,733,BestSorakaSmurf,Diamond 1,89,64,,89,62
733,summoner-23981744,734,SonofHashinshin,Diamond 1,88,76,,341,305
734,summoner-24432947,735,NikGio,Diamond 1,88,108,,291,261
735,summoner-33397554,736,Cursed Leblanc,Diamond 1,88,85,,196,171
736,summoner-32297123,737,Latrodectuss,Diamond 1,88,120,,181,156
737,summoner-59623572,738,Duck Farius,Diamond 1,88,53,,123,106
738,summoner-30847068,739,korzen11,Diamond 1,88,47,,112,57
739,summoner-36903434,740,Selson,Diamond 1,88,49,,76,41
740,summoner-57194815,741,Enemenem,Diamond 1,87,107,,205,180
741,summoner-58483319,742,ZeroFoxy,Diamond 1,87,103,,95,79
742,summoner-23617343,743,GL Mayday,Diamond 1,86,71,,109,91
743,summoner-34445989,744,ScarIet,Diamond 1,85,117,,355,332
744,summoner-69195893,745,gobitumilair,Diamond 1,85,56,,171,140
745,summoner-68943644,746,äiti,Diamond 1,85,58,,153,119
746,summoner-43978311,747,GT1 Hochmah,Diamond 1,85,97,,117,90
747,summoner-27571865,748,CisneCieRandomem,Diamond 1,85,53,,114,71
748,summoner-36214307,749,NEMANJ4,Diamond 1,84,116,,301,280
749,summoner-62024135,750,ez is Mágus,Diamond 1,84,64,,173,128
750,summoner-26376711,751,GhostBron,Diamond 1,84,49,,120,63
751,summoner-21832245,752,Coko,Diamond 1,84,52,,89,58
752,summoner-51885836,753,See my name,Diamond 1,83,159,,557,521
753,summoner-56437897,754,Pika Pika Pì,Diamond 1,83,102,,465,417
754,summoner-25910707,755,KhaynMain,Diamond 1,83,90,,368,320
755,summoner-68924659,756,sexy mikasa,Diamond 1,83,56,,160,103
756,summoner-40170900,757,Meecowhy,Diamond 1,83,82,,156,140
757,summoner-61697922,758,Formes,Diamond 1,83,68,,141,123
758,summoner-25179705,759,Lama,Diamond 1,83,66,,94,71
759,summoner-37124020,760,Evanger,Diamond 1,83,59,,59,34
760,summoner-26051432,761,Sir Wolle,Diamond 1,82,105,,465,447
761,summoner-34467401,762,NLM,Diamond 1,82,72,,314,255
762,summoner-53895198,763,ZalJK,Diamond 1,82,78,,122,101
763,summoner-29259506,764,Mapharazzo,Diamond 1,82,69,,106,91
764,summoner-69433064,765,Looking 4 6irl,Diamond 1,82,46,,91,57
765,summoner-54622990,766,313169,Diamond 1,82,48,,72,52
766,summoner-36323986,767,blo,Diamond 1,81,117,,263,237
767,summoner-20440138,768,Arore,Diamond 1,81,69,,123,104
768,summoner-22988614,769,Kylo Rên,Diamond 1,81,96,,117,90
769,summoner-33519577,770,meenawy,Diamond 1,81,68,,109,73
770,summoner-69433065,771,KONG STRONG,Diamond 1,81,46,,91,57
771,summoner-24410969,772,KRM,Diamond 1,81,79,,77,51
772,summoner-22293716,773,zjemcikrede,Diamond 1,80,114,,276,256
773,summoner-38483078,774,Dom1nator,Diamond 1,80,79,,256,235
774,summoner-34937486,775,Feed Jinx pl0x,Diamond 1,80,63,,136,94
775,summoner-35828580,776,SIMPLE AND CLEAN,Diamond 1,80,73,,118,93
776,summoner-33287436,777,Happuoppa,Diamond 1,80,77,,107,73
777,summoner-24386368,778,deivyys,Diamond 1,80,84,,102,82
778,summoner-38907771,779,myR Bl4de,Diamond 1,80,87,,94,75
779,summoner-71526530,780,The Kontturi,Diamond 1,80,36,,54,10
780,summoner-66705989,781,SadFrog exe,Diamond 1,79,96,,300,205
781,summoner-22647486,782,Darkiter,Diamond 1,79,105,,214,185
782,summoner-19868592,783,AkiCr7,Diamond 1,79,76,,115,90
783,summoner-64003070,784,VELVETEARS,Diamond 1,79,49,,95,68
784,summoner-38103284,785,Verum v2,Diamond 1,78,57,,159,101
785,summoner-69409626,786,skirrax v2,Diamond 1,78,56,,87,63
786,summoner-55066936,787,IgnasITZ,Diamond 1,78,51,,81,53
787,summoner-30813446,788,iG ßajky,Diamond 1,78,64,,72,55
788,summoner-20932819,789,Cviç Prase,Diamond 1,77,101,,296,280
789,summoner-41700097,790,Serene Void,Diamond 1,77,87,,261,242
790,summoner-25365139,791,TelluR,Diamond 1,77,83,,257,240
791,summoner-34223704,792,2H2H piškot,Diamond 1,77,89,,215,185
792,summoner-36558641,793,Bloody Sorrõw,Diamond 1,77,94,,172,152
793,summoner-31881620,794,Rapisher,Diamond 1,77,74,,81,63
794,summoner-50343040,795,JK KINGUNEN,Diamond 1,77,49,,65,49
795,summoner-48864239,796,Kamî D Hoyhi,Diamond 1,58,145,,386,359
796,summoner-23481935,797,Puri,Diamond 1,76,84,,218,205
797,summoner-31281838,798,EleGíggle,Diamond 1,76,87,,161,142
798,summoner-34333050,799,HELLAS douk,Diamond 1,76,67,,109,65
799,summoner-32568582,800,LevelZeroPlayer,Diamond 1,75,105,,418,384
800,summoner-41456117,801,Suklaakaakao,Diamond 1,75,95,,409,388
801,summoner-33333791,802,MonsterTier,Diamond 1,75,105,,408,396
802,summoner-56034779,803,ProShadowShady,Diamond 1,75,100,,349,319
803,summoner-65063152,804,ShSn,Diamond 1,75,110,,319,296
804,summoner-22887932,805,Błack Swan,Diamond 1,75,109,,287,247
805,summoner-65875722,806,Lunatıc,Diamond 1,75,95,,262,237
806,summoner-41065582,807,Saloez,Diamond 1,75,74,,252,214
807,summoner-43448663,808,LevelZeroLegacy,Diamond 1,75,67,,239,186
808,summoner-30767245,809,Amaretto,Diamond 1,75,98,,235,217
809,summoner-42656092,810,Divine Humanoid,Diamond 1,75,68,,231,153
810,summoner-38508401,811,HELLSHACO,Diamond 1,75,63,,216,141
811,summoner-23845263,812,Ananasy,Diamond 1,75,122,,215,200
812,summoner-61066587,813,TIH 2Cups,Diamond 1,75,106,,214,178
813,summoner-70313892,814,EUW Marksman kek,Diamond 1,75,69,,211,152
814,summoner-58033162,815,Tatsh,Diamond 1,75,69,,193,156
815,summoner-34233510,816,Season 3 Rengar,Diamond 1,75,80,,191,153
816,summoner-21111582,817,Datturaa,Diamond 1,75,61,,190,101
817,summoner-59546383,818,MaderFaker3,Diamond 1,75,49,,187,88
818,summoner-28295623,819,Hobbi,Diamond 1,75,83,,186,148
819,summoner-49339151,820,Bufaklin,Diamond 1,75,67,,186,159
820,summoner-68845540,821,Girl I,Diamond 1,75,73,,186,148
821,summoner-71842996,822,SchwerdG,Diamond 1,75,59,,179,124
822,summoner-54716632,823,ferdik1123,Diamond 1,75,84,,178,155
823,summoner-63583593,824,13597820,Diamond 1,75,66,,166,156
824,summoner-40937267,825,Djres,Diamond 1,75,85,,166,137
825,summoner-21214046,826,Israel HaDayag,Diamond 1,75,72,,164,134
826,summoner-33899572,827,nof3,Diamond 1,75,55,,163,107
827,summoner-34086024,828,7Drakking88,Diamond 1,75,83,,160,115
828,summoner-70718095,829,Lux PIayer,Diamond 1,75,61,,160,106
829,summoner-37035581,830,Peose,Diamond 1,75,50,,159,101
830,summoner-40025822,831,Kim Dong ha,Diamond 1,75,66,,157,105
831,summoner-27869181,832,sakoDKsako,Diamond 1,75,79,,156,125
832,summoner-47728136,833,SB Szerk,Diamond 1,75,141,,151,114
833,summoner-21926693,834,ΦΑΡΑΩ,Diamond 1,75,68,,148,114
834,summoner-54553116,835,MihalichV2,Diamond 1,75,63,,148,133
835,summoner-21447850,836,The Vitiate,Diamond 1,75,73,,146,133
836,summoner-19391305,837,OopsIamSorry,Diamond 1,75,46,,144,59
837,summoner-53718282,838,CuzimaGoD,Diamond 1,75,72,,143,120
838,summoner-33827501,839,PVE Qenal,Diamond 1,75,73,,143,115
839,summoner-69062973,840,Reorderer 1v9,Diamond 1,75,57,,139,96
840,summoner-28398978,841,SMUTNY PAJAC,Diamond 1,75,57,,138,86
841,summoner-23319183,842,Wechat Elovator,Diamond 1,75,46,,138,85
842,summoner-62837444,843,Yøung Light,Diamond 1,75,137,,137,71
843,summoner-24681855,844,RR Syrpy,Diamond 1,75,64,,137,108
844,summoner-24385780,845,Dragfon,Diamond 1,75,66,,134,109
845,summoner-20009677,846,Jessica,Diamond 1,75,47,,131,93
846,summoner-37213573,847,Gl At McDonalds,Diamond 1,75,63,,128,105
847,summoner-46883558,848,AderiQ,Diamond 1,75,61,,127,91
848,summoner-24153857,849,Amades,Diamond 1,75,48,,120,74
849,summoner-21458888,850,Irod,Diamond 1,75,70,,116,83
850,summoner-31707274,851,Danny v2,Diamond 1,75,86,,113,77
851,summoner-55967338,852,Kindral,Diamond 1,75,48,,113,88
852,summoner-25519388,853,VaIkyr,Diamond 1,75,109,,112,91
853,summoner-27571811,854,MaM FaJnE UlTi,Diamond 1,75,53,,111,88
854,summoner-65786172,855,Helixerz,Diamond 1,75,43,,110,73
855,summoner-25015594,856,RockXan,Diamond 1,75,77,,108,68
856,summoner-70623032,857,Vareju iekritot,Diamond 1,75,53,,107,73
857,summoner-52530080,858,PetesAdoptedSon,Diamond 1,75,50,,103,87
858,summoner-29134791,859,Is Top success,Diamond 1,75,64,,96,65
859,summoner-68896555,860,ROMANUL ALB,Diamond 1,75,41,,86,33
860,summoner-71893065,861,TEEMO TO CHALL,Diamond 1,75,43,,83,45
861,summoner-24097768,862,DontBlameMeQQ,Diamond 1,75,71,,82,54
862,summoner-27548394,863,My Angel Ket,Diamond 1,75,101,,78,54
863,summoner-39530236,864,EUNE Abuser,Diamond 1,75,39,,74,18
864,summoner-48203766,865,EUNEPOLICE S,Diamond 1,75,43,,65,23
865,summoner-28880203,866,WLD hextasy,Diamond 1,75,51,,65,32
866,summoner-66943040,867,Je T Aime Trop,Diamond 1,75,46,,64,37
867,summoner-32247025,868,Paulius Kubys,Diamond 1,75,39,,63,27
868,summoner-46605578,869,KataLaNN,Diamond 1,74,91,,267,234
869,summoner-40955463,870,FLACKO FANBOY,Diamond 1,74,85,,250,239
870,summoner-28526239,871,Kundzior123,Diamond 1,74,88,,241,242
871,summoner-38245753,872,Shikamaru Naara,Diamond 1,74,73,,236,212
872,summoner-21741163,873,Dragonczz1,Diamond 1,74,41,,113,21
873,summoner-24233664,874,ECT Kocourek,Diamond 1,74,64,,109,84
874,summoner-31353091,875,Zookeeper101,Diamond 1,73,96,,289,259
875,summoner-44519214,876,Ray God,Diamond 1,73,96,,268,260
876,summoner-20614632,877,PYKE IRL,Diamond 1,73,99,,194,145
877,summoner-60167436,878,ksikakatas,Diamond 1,73,46,,143,92
878,summoner-32974994,879,Ziu,Diamond 1,73,90,,136,80
879,summoner-26017001,880,ProfessorAce,Diamond 1,73,70,,131,105
880,summoner-71643045,881,Clown IRL,Diamond 1,73,52,,121,75
881,summoner-42983363,882,Vega,Diamond 1,73,89,,74,52
882,summoner-19134176,883,SellingNudesAdd,Diamond 1,73,61,,56,37
883,summoner-41087665,884,EUNE Retoox HLTV,Diamond 1,73,36,,38,13
884,summoner-31220503,885,Sekkusu,Diamond 1,72,128,,350,342
885,summoner-36926847,886,Bleddo,Diamond 1,72,114,,148,129
886,summoner-44846594,887,kurtdenstore21,Diamond 1,72,49,,138,108
887,summoner-52433896,888,Kapten YinYang,Diamond 1,72,52,,116,83
888,summoner-39560412,889,michu45,Diamond 1,72,117,,113,86
889,summoner-34293699,890,Lep Fant,Diamond 1,72,57,,112,88
890,summoner-48503828,891,Konaa,Diamond 1,72,46,,76,60
891,summoner-34899231,892,Kahui,Diamond 1,72,39,,54,30
892,summoner-36052987,893,Alonso,Diamond 1,71,107,,508,486
893,summoner-30039894,894,Syllvanas,Diamond 1,35,109,,288,274
894,summoner-39686221,895,nexTy1,Diamond 1,71,69,,166,141
895,summoner-68367366,896,Myddo,Diamond 1,71,60,,109,80
896,summoner-23911183,897,Madhõuse,Diamond 1,70,62,,43,33
897,summoner-20517173,898,GreenHousePotato,Diamond 1,69,119,,501,482
898,summoner-19350043,899,Taste The Power,Diamond 1,69,118,,383,368
899,summoner-57948025,900,G2 Więcek,Diamond 1,69,118,,358,339
900,summoner-34011141,901,HPC MlodyGamer,Diamond 1,69,113,,284,259
901,summoner-21587261,902,DoctorNlck,Diamond 1,69,83,,218,174
902,summoner-32271079,903,Kornishona,Diamond 1,69,92,,187,170
903,summoner-50333934,904,Nippla,Diamond 1,69,67,,174,145
904,summoner-31267277,905,IaceG,Diamond 1,69,52,,140,94
905,summoner-48329575,906,RedTigger2000,Diamond 1,69,98,,135,117
906,summoner-38540729,907,EUNE POGGERS,Diamond 1,69,53,,133,73
907,summoner-23296269,908,Dimikoyan,Diamond 1,69,90,,118,99
908,summoner-23455566,909,RAIDBOSS GODHAND,Diamond 1,68,91,,348,316
909,summoner-22908028,910,GeddyK,Diamond 1,68,96,,298,254
910,summoner-19924105,911,lonelystar,Diamond 1,68,115,,280,258
911,summoner-35316636,912,Szakin,Diamond 1,68,158,,240,221
912,summoner-27043387,913,Loxigar,Diamond 1,68,67,,121,96
913,summoner-38788779,914,Hi Iam Gosupport,Diamond 1,68,105,,108,92
914,summoner-42553384,915,shadows marked,Diamond 1,68,71,,107,93
915,summoner-23816156,916,Carry Only,Diamond 1,68,77,,95,83
916,summoner-70945372,917,King Illidan,Diamond 1,67,86,,412,363
917,summoner-42590587,918,Stuu69,Diamond 1,67,90,,276,228
918,summoner-46078093,919,Eimis,Diamond 1,67,102,,227,199
919,summoner-34184324,920,Lexris,Diamond 1,67,59,,183,101
920,summoner-24583023,921,NerfChampsHard,Diamond 1,67,79,,169,155
921,summoner-34075227,922,NGPlayer,Diamond 1,67,87,,159,129
922,summoner-49675568,923,Petey btw,Diamond 1,67,49,,151,115
923,summoner-52530527,924,Maginaryy,Diamond 1,67,50,,115,58
924,summoner-28333822,925,Nudle za Boost,Diamond 1,67,67,,110,93
925,summoner-72435448,926,ThRoZeN,Diamond 1,67,42,,108,51
926,summoner-72586541,927,Sobol jest słaby,Diamond 1,67,39,,67,23
927,summoner-39297772,928,LeZac,Diamond 1,66,119,,270,251
928,summoner-52036247,929,Hîszpan,Diamond 1,66,103,,266,253
929,summoner-32665817,930,Zha Kix,Diamond 1,66,83,,202,182
930,summoner-54622980,931,Sähkis,Diamond 1,66,52,,175,128
931,summoner-36142626,932,Zèze,Diamond 1,66,86,,167,155
932,summoner-32212465,933,Sanyol,Diamond 1,66,97,,161,142
933,summoner-52713387,934,LANCELOT 1,Diamond 1,66,49,,149,121
934,summoner-42915991,935,h1go,Diamond 1,66,60,,143,127
935,summoner-69526189,936,Karczelote v2,Diamond 1,66,62,,143,95
936,summoner-31279958,937,Elementh,Diamond 1,66,45,,112,44
937,summoner-22814877,938,Professor Konrad,Diamond 1,66,83,,108,76
938,summoner-19692199,939,Denited,Diamond 1,66,86,,77,33
939,summoner-73103218,940,Guzior fanboy,Diamond 1,66,35,,58,25
940,summoner-30909416,941,Army 27 illusion,Diamond 1,66,40,,53,27
941,summoner-37100831,942,Arìete,Diamond 1,65,74,,278,239
942,summoner-31354285,943,AqroVelon,Diamond 1,65,104,,247,220
943,summoner-44783827,944,Komorek12345,Diamond 1,65,94,,243,217
944,summoner-21880349,945,Kaiser Božo,Diamond 1,65,115,,187,164
945,summoner-25503434,946,Woolly,Diamond 1,65,69,,138,109
946,summoner-25158553,947,BELOSNEZHKA,Diamond 1,65,78,,103,79
947,summoner-33396293,948,Pink Rabbits,Diamond 1,65,54,,85,67
948,summoner-68996307,949,Leivi,Diamond 1,64,95,,261,250
949,summoner-38626931,950,NA1X,Diamond 1,64,99,,211,188
950,summoner-29619714,951,xdxdDDdxdd,Diamond 1,64,48,,149,83
951,summoner-36420208,952,LachtanHoralka,Diamond 1,64,68,,124,108
952,summoner-70597318,953,PepperinosFanboy,Diamond 1,64,45,,94,44
953,summoner-42813598,954,HeartlessElf,Diamond 1,64,92,,34,23
954,summoner-38503962,955,Pepi Rösslër,Diamond 1,63,106,,189,162
955,summoner-24331089,956,xd Sciixu,Diamond 1,63,90,,174,161
956,summoner-69242998,957,Tάkis,Diamond 1,63,90,,167,154
957,summoner-22996729,958,seeth3r,Diamond 1,63,77,,130,101
958,summoner-24220182,959,Shenas,Diamond 1,63,59,,110,85
959,summoner-41113648,960,WIZOP,Diamond 1,63,56,,78,42
960,summoner-39208114,961,iVintrez,Diamond 1,63,45,,34,9
961,summoner-19747597,962,iMpwnYA,Diamond 1,62,121,,443,407
962,summoner-33395602,963,Crasheeer,Diamond 1,62,89,,362,374
963,summoner-36555450,964,Qmnis,Diamond 1,62,118,,345,338
964,summoner-30748749,965,isä,Diamond 1,62,82,,215,183
965,summoner-58098309,966,ZVRYK,Diamond 1,62,112,,108,87
966,summoner-30942212,967,Seifur,Diamond 1,62,59,,105,85
967,summoner-72324858,968,uXaPDominic,Diamond 1,62,39,,66,27
968,summoner-34217865,969,Eshara,Diamond 1,62,47,,63,34
969,summoner-31506776,970,Knightgum,Diamond 1,62,51,,51,20
970,summoner-35405487,971,Taidah,Diamond 1,61,117,,487,467
971,summoner-28154673,972,XaxaOwOxaxa,Diamond 1,61,163,,429,422
972,summoner-71833035,973,HΞΜΦ,Diamond 1,61,88,,317,260
973,summoner-71843072,974,SlCK B0Y,Diamond 1,61,71,,274,259
974,summoner-44902735,975,HARDSTUCKKKK,Diamond 1,61,86,,236,223
975,summoner-28893056,976,Pray4Tryndamere,Diamond 1,61,84,,225,199
976,summoner-20795263,977,Ququlis,Diamond 1,61,49,,148,92
977,summoner-38997989,978,Iil dipshît,Diamond 1,61,117,,140,125
978,summoner-37547009,979,EB24 Paxters,Diamond 1,61,96,,94,66
979,summoner-41221730,980,RX Faust,Diamond 1,60,118,,368,354
980,summoner-35943184,981,Profesor Ulaniec,Diamond 1,60,127,,262,231
981,summoner-20663172,982,The Cr1mson King,Diamond 1,60,79,,239,211
982,summoner-24400346,983,Trzesiek,Diamond 1,60,68,,214,154
983,summoner-23518496,984,Petri,Diamond 1,60,62,,200,177
984,summoner-24748823,985,PYROPHOBIA,Diamond 1,60,86,,177,157
985,summoner-26463457,986,Independent3,Diamond 1,60,63,,127,113
986,summoner-48657221,987,xxdXDxd gejus,Diamond 1,60,47,,102,63
987,summoner-36054356,988,dog ucal,Diamond 1,60,74,,98,81
988,summoner-63833189,989,POLhedzik019,Diamond 1,60,42,,98,48
989,summoner-38222916,990,N1ksän,Diamond 1,60,58,,96,83
990,summoner-27985811,991,H0shiG4ki,Diamond 1,60,82,,46,25
991,summoner-42314387,992,Paskajami,Diamond 1,59,91,,273,261
992,summoner-33514724,993,ψUnlucky Godψ,Diamond 1,59,99,,241,222
993,summoner-25231512,994,VuChina,Diamond 1,59,160,,141,126
994,summoner-44526231,995,Ξύδι,Diamond 1,59,69,,87,56
995,summoner-37663134,996,ZÏlean,Diamond 1,59,58,,82,44
996,summoner-25150210,997,OGN RageQuit,Diamond 1,59,80,,61,31
997,summoner-33736388,998,Torajaa,Diamond 1,59,67,,60,39
998,summoner-31259252,999,actorRyanGosling,Diamond 1,58,127,,458,442
999,summoner-29973034,1000,sknky,Diamond 1,58,75,,294,241
