#timestamp 1530241243382
#date 2018-06-29T03:00:43+00:00
#players 1000
#index,id,rank,name,tier,lp,level,proTeam,win,loss
0,summoner-12190942,1,MMM REMIND,Challenger,1246,48,,154,98
1,summoner-11370132,2,sp18,Challenger,1174,56,,191,140
2,summoner-11460164,3,BMR TIger987,Challenger,1110,99,,346,302
3,summoner-11350137,4,Lakiaro,Challenger,1067,49,,136,87
4,summoner-11460126,5,BMR Sleeping,Challenger,1053,101,,315,278
5,summoner-473922,6,Phantiksˉ,Challenger,1043,49,,145,97
6,summoner-2651026,7,NishiZhuma,Challenger,1010,57,,189,132
7,summoner-11360138,8,Monkey D Ryoma,Challenger,1003,59,,198,152
8,summoner-11350138,9,ORD Swiffer,Challenger,948,66,,252,199
9,summoner-297478,10,weixin s5683169,Challenger,920,72,,190,137
10,summoner-4380973,11,Phantiks OuO,Challenger,901,64,,164,129
11,summoner-381031,12,AresXd,Challenger,859,48,,118,76
12,summoner-1530604,13,ORD Ming,Challenger,871,74,,199,149
13,summoner-890259,14,Shok,Challenger,852,93,,228,197
14,summoner-5895478,15,Monkey D Mitch,Challenger,850,65,,195,151
15,summoner-229825,16,Apink Bomi2,Challenger,832,66,,209,175
16,summoner-274464,17,Phantiks,Challenger,820,47,,129,91
17,summoner-11360145,18,ORD Uzi,Challenger,812,50,,168,100
18,summoner-5935237,19,Gon123,Challenger,817,77,,301,262
19,summoner-571021,20,Wherearewe,Challenger,788,67,,196,164
20,summoner-233854,21,Gðku,Challenger,786,70,,192,161
21,summoner-3150942,22,QQ854166019,Challenger,763,89,,353,313
22,summoner-735088,23,tlxjkgcpl17717,Challenger,754,70,,226,189
23,summoner-10811838,24,Babo Beongsin JH,Challenger,741,62,,99,68
24,summoner-444311,25,SSG Decoy,Challenger,734,74,,145,123
25,summoner-929978,26,Fudge,Challenger,713,121,,452,423
26,summoner-493127,27,Eyla,Challenger,709,98,,169,146
27,summoner-952670,28,Praelus,Challenger,698,85,,187,160
28,summoner-10061365,29,EMP Chazz,Challenger,680,63,,194,157
29,summoner-11350133,30,NMSLWSNDHJYZ,Challenger,659,53,,135,106
30,summoner-483862,31,Cuden 1,Challenger,643,107,,227,207
31,summoner-11360141,32,Rotomairewhenua,Challenger,636,64,,153,119
32,summoner-601923,33,ITN Haeri,Challenger,634,125,,267,240
33,summoner-8010384,34,Guts,Challenger,619,125,,423,397
34,summoner-432291,35,Sybol,Challenger,598,75,,201,180
35,summoner-620972,36,Better on Top,Challenger,593,100,,178,158
36,summoner-12240938,37,seo hanbit,Challenger,570,39,,68,37
37,summoner-456280,38,Terrath,Challenger,545,105,,285,247
38,summoner-445723,39,Hotchelli,Challenger,555,93,,274,246
39,summoner-569466,40,Plug1,Challenger,553,100,,355,335
40,summoner-10071209,41,Ai no misete,Challenger,551,54,,146,117
41,summoner-5910870,42,you will miss me,Challenger,532,67,,242,211
42,summoner-577995,43,Uther,Challenger,526,54,,103,71
43,summoner-303763,44,MAKE OUT HILLXXX,Challenger,508,82,,269,259
44,summoner-11690394,45,b1waC,Challenger,508,63,,219,165
45,summoner-11360144,46,Monkey Madness,Challenger,504,58,,202,177
46,summoner-2572199,47,41095,Challenger,501,89,,139,106
47,summoner-578793,48,Coachboo,Challenger,490,74,,173,158
48,summoner-494121,49,ry0ma,Challenger,484,47,,122,92
49,summoner-12130716,50,no habla ingles,Challenger,478,46,,130,78
50,summoner-472833,51,siuman,Challenger,474,71,,233,214
51,summoner-991093,52,Jenkins,Challenger,460,134,,239,217
52,summoner-5741616,53,Msituay,Challenger,460,55,,167,120
53,summoner-8521226,54,Dream111,Challenger,459,76,,258,215
54,summoner-4961001,55,alexxxxxx,Challenger,456,59,,135,109
55,summoner-5831171,56,KRdoink,Challenger,452,94,,144,118
56,summoner-8524790,57,Big Dobes,Challenger,438,72,,247,204
57,summoner-507474,58,BeeShoe,Challenger,438,77,,239,207
58,summoner-1332943,59,Panda ouo,Challenger,432,75,,150,130
59,summoner-3661252,60,Rédemption,Challenger,428,69,,187,165
60,summoner-291848,61,Feint,Challenger,421,86,,193,175
61,summoner-316587,62,Praedvth,Challenger,421,87,,175,151
62,summoner-11970252,63,apiiii,Challenger,419,62,,190,138
63,summoner-11370136,64,ˆˉˇˉ,Challenger,419,42,,89,55
64,summoner-801178,65,Chippys,Challenger,416,65,,190,179
65,summoner-9730774,66,w1ndzera234,Challenger,416,56,,146,116
66,summoner-564778,67,Omnî,Challenger,415,122,,619,607
67,summoner-11001000,68,BITCONNEEEEEEECT,Challenger,414,73,,191,136
68,summoner-8930124,69,LTZevil is back,Challenger,413,65,,98,76
69,summoner-633527,70,Netsky,Challenger,409,81,,272,246
70,summoner-293743,71,Lily,Challenger,403,115,,347,320
71,summoner-230726,72,BioPanther,Challenger,403,118,,174,163
72,summoner-11370125,73,No Talent Player,Challenger,402,49,,132,110
73,summoner-11370134,74,amok,Challenger,402,47,,109,94
74,summoner-8611092,75,ITN Aladoric,Challenger,400,142,,477,464
75,summoner-3131580,76,Utopia,Challenger,386,112,,346,328
76,summoner-457370,77,Thiên,Challenger,369,132,,570,543
77,summoner-11720163,78,Arbitux,Challenger,365,89,,184,155
78,summoner-11050315,79,GellyCub,Challenger,363,116,,385,365
79,summoner-724526,80,WÆN,Challenger,356,65,,158,110
80,summoner-239897,81,Getback,Challenger,353,129,,336,328
81,summoner-232632,82,Cheezels,Challenger,351,84,,231,188
82,summoner-301731,83,Mog,Challenger,349,116,,427,427
83,summoner-276531,84,Le Monsieur,Challenger,346,114,,272,253
84,summoner-12510151,85,Testing Numbers,Challenger,370,51,,170,143
85,summoner-279834,86,billy bong,Challenger,336,73,,212,177
86,summoner-311555,87,Vans,Challenger,328,105,,120,100
87,summoner-328401,88,Oikawa Tooru,Challenger,326,127,,210,193
88,summoner-317688,89,Big Brain Wil,Challenger,321,89,,152,143
89,summoner-381426,90,Skellyy,Challenger,320,76,,253,185
90,summoner-3560761,91,Small bubble,Challenger,318,72,,112,98
91,summoner-2752573,92,retributionˉ,Challenger,315,63,,218,133
92,summoner-11203083,93,RareSticks Clap,Challenger,312,63,,214,155
93,summoner-508906,94,Plutó,Challenger,310,87,,194,160
94,summoner-590799,95,BMR Seb,Challenger,310,90,,194,177
95,summoner-11781766,96,Johnber Gazua,Challenger,310,55,,134,82
96,summoner-1394873,97,MR FAT PIG,Challenger,309,143,,356,333
97,summoner-7891163,98,AC HatsuyukiYumi,Challenger,307,50,,112,88
98,summoner-6261249,99,remember when,Challenger,301,73,,148,95
99,summoner-604210,100,e g ý m,Challenger,300,74,,184,170
100,summoner-644072,101,UDYSOF,Challenger,296,106,,320,312
101,summoner-1270780,102,qwerasdf1234zxct,Challenger,290,66,,217,165
102,summoner-4973029,103,HENRYJWATERNOOSE,Challenger,290,56,,108,95
103,summoner-8891509,104,playlikefly,Challenger,283,77,,153,125
104,summoner-490487,105,D1O,Challenger,281,56,,157,102
105,summoner-510102,106,obito1,Challenger,274,72,,244,219
106,summoner-901128,107,Pengsing,Challenger,269,54,,139,116
107,summoner-1891503,108,TheLilTeaPot,Challenger,266,70,,194,154
108,summoner-631376,109,AV Jayke,Challenger,264,80,,206,199
109,summoner-399995,110,Draqon,Challenger,262,98,,219,215
110,summoner-11860179,111,RONAN,Challenger,258,63,,244,198
111,summoner-478475,112,mister f is back,Challenger,254,74,,266,199
112,summoner-297107,113,Edna Krabappoly,Challenger,234,43,,115,97
113,summoner-408703,114,Bambi On Ice,Challenger,249,87,,127,109
114,summoner-1592239,115,Pap,Challenger,248,120,,301,278
115,summoner-577848,116,Countdown Timer,Challenger,230,65,,173,157
116,summoner-11501277,117,EnterKeyRemoved,Challenger,247,71,,300,265
117,summoner-623208,118,Alto Angelo,Challenger,263,64,,115,92
118,summoner-445071,119,mattyg33,Challenger,243,132,,460,444
119,summoner-3710963,120,Ailuna,Challenger,241,50,,119,97
120,summoner-6821398,121,Prae1us,Challenger,241,65,,72,60
121,summoner-553889,122,Minkywhale,Challenger,239,105,,376,366
122,summoner-563169,123,BMR Rosey,Challenger,239,65,,154,136
123,summoner-456316,124,NMSL NiQueZaiBB,Challenger,238,44,,103,86
124,summoner-11890144,125,Evanescere,Challenger,237,41,,103,54
125,summoner-11980148,126,404 ILoveBella,Challenger,230,150,,125,109
126,summoner-4962426,127,Plummet,Challenger,228,87,,158,122
127,summoner-670149,128,LaughingMan,Challenger,226,72,,156,133
128,summoner-10890476,129,RèVelUvs,Challenger,224,104,,351,315
129,summoner-632903,130,PD AN,Challenger,220,66,,242,225
130,summoner-357041,131,Incursio,Challenger,219,123,,407,387
131,summoner-463992,132,1m 16 years old,Challenger,219,85,,399,331
132,summoner-558311,133,BeachWhale,Challenger,216,118,,350,326
133,summoner-278781,134,Harrí,Challenger,216,155,,73,66
134,summoner-481868,135,PowerfulUnicorn,Challenger,207,107,,156,134
135,summoner-5031491,136,Dappa kappa,Challenger,207,116,,97,84
136,summoner-299446,137,Sam,Challenger,205,115,,204,195
137,summoner-693842,138,Played,Challenger,205,74,,185,176
138,summoner-12080166,139,CommandAttack NA,Challenger,204,66,,223,211
139,summoner-330947,140,gunkrab,Challenger,195,116,,400,395
140,summoner-277786,141,Smeds,Challenger,194,125,,171,153
141,summoner-1022808,142,LittlePapa,Challenger,193,75,,139,123
142,summoner-713688,143,Emphasis,Challenger,192,75,,125,109
143,summoner-463736,144,Farm,Challenger,192,67,,110,93
144,summoner-342457,145,Gbay99,Challenger,191,112,,270,254
145,summoner-3665599,146,Dragonair,Challenger,191,58,,99,79
146,summoner-439696,147,Xanquish,Challenger,189,79,,181,162
147,summoner-1892186,148,LGC Only,Challenger,189,75,,144,136
148,summoner-311290,149,Mian Mian,Challenger,188,49,,110,97
149,summoner-328516,150,Sweety Spaghetti,Challenger,187,95,,322,303
150,summoner-1156907,151,1234hitdinosaur,Challenger,181,73,,207,194
151,summoner-5321182,152,WX a759514064,Challenger,179,41,,115,40
152,summoner-464106,153,Magic McDull,Challenger,178,129,,384,374
153,summoner-587485,154,carb0n,Challenger,176,97,,353,343
154,summoner-235541,155,Kaýn,Challenger,175,99,,99,77
155,summoner-2380423,156,Ayum1,Challenger,174,86,,110,80
156,summoner-345665,157,Sizzle,Challenger,153,67,,190,168
157,summoner-455507,158,emelg,Challenger,170,117,,189,169
158,summoner-590866,159,WoYou Bu Luanlai,Challenger,168,61,,200,148
159,summoner-8191549,160,Ahsilum,Challenger,157,71,,286,264
160,summoner-237590,161,Tekker,Challenger,157,82,,174,164
161,summoner-7890412,162,bojack ANU,Challenger,154,124,,444,411
162,summoner-8201755,163,Katsurii,Challenger,154,88,,254,243
163,summoner-945177,164,smurfQ283490070,Challenger,153,95,,426,382
164,summoner-2982057,165,Madmaximo,Challenger,152,140,,184,149
165,summoner-10061504,166,HTC GuaPi,Challenger,138,121,,446,424
166,summoner-437165,167,Azus,Challenger,147,119,,400,383
167,summoner-6381137,168,AresSigh,Challenger,147,42,,98,54
168,summoner-329397,169,G0V,Challenger,143,152,,483,473
169,summoner-448934,170,permanent mute,Challenger,141,92,,166,155
170,summoner-9101159,171,Just a game,Challenger,140,94,,440,407
171,summoner-9151665,172,BLACKPINK Róse,Challenger,139,43,,80,57
172,summoner-531379,173,aaeer,Challenger,138,81,,236,224
173,summoner-352592,174,Daegu Venus,Challenger,138,65,,115,95
174,summoner-1830141,175,kaios619,Challenger,137,70,,191,180
175,summoner-1333527,176,Him and I,Challenger,136,48,,105,88
176,summoner-323313,177,Aware,Challenger,136,60,,80,67
177,summoner-8430194,178,RNG AI,Challenger,136,81,,77,66
178,summoner-9251514,179,dahaoshiwangzhe,Challenger,135,52,,142,109
179,summoner-2731428,180,ITN Fudge,Challenger,130,63,,183,135
180,summoner-12080136,181,PADO,Challenger,130,73,,152,73
181,summoner-6020977,182,DW k1ng,Challenger,130,37,,48,30
182,summoner-236616,183,SulNix,Challenger,129,109,,352,340
183,summoner-222562,184,Morgank Freeman,Challenger,126,108,,164,147
184,summoner-6680397,185,Jungle is win,Challenger,121,67,,168,155
185,summoner-11860960,186,trash canister,Challenger,120,70,,281,248
186,summoner-12320606,187,Bogoshipuhyo,Challenger,120,36,,47,36
187,summoner-240105,188,Cane Me Daddy,Challenger,136,59,,169,121
188,summoner-4802261,189,Mashadar,Challenger,117,67,,110,93
189,summoner-484631,190,Oshino,Challenger,116,80,,224,188
190,summoner-10951949,191,LilPump,Challenger,116,49,,138,103
191,summoner-7621555,192,Katsuri,Challenger,109,62,,143,126
192,summoner-3081213,193,MVP lan,Challenger,106,83,,189,182
193,summoner-236630,194,Nomadic Jungler,Challenger,104,40,,68,47
194,summoner-477410,195,Klaire,Challenger,102,55,,147,126
195,summoner-11350140,196,cant remember,Challenger,90,49,,121,97
196,summoner-280161,197,Mayura,Challenger,100,116,,357,350
197,summoner-236461,198,Dis,Challenger,99,105,,316,304
198,summoner-272065,199,superwog1,Challenger,88,51,,94,84
199,summoner-6391346,200,kaiydo 2,Challenger,66,42,,89,49
200,summoner-5381177,201,Mr floppy sock,Master,162,111,,475,461
201,summoner-8050173,202,good player97,Master,125,81,,79,72
202,summoner-3072610,203,Gerissi,Master,101,63,,176,158
203,summoner-7291918,204,LetTheGayGo,Master,84,76,,233,217
204,summoner-3310720,205,Piggie,Master,81,73,,153,153
205,summoner-1440378,206,LoneIy,Master,78,88,,216,192
206,summoner-6130376,207,Gonna slay u,Master,73,71,,177,120
207,summoner-293100,208,Jub Jub,Master,71,89,,273,276
208,summoner-438257,209,ßlitzcrank,Master,65,58,,162,129
209,summoner-8930255,210,Yün Chèung,Master,63,143,,302,281
210,summoner-233721,211,k1ngOfTheYouth,Master,63,50,,86,82
211,summoner-231399,212,Zaptar,Master,62,125,,339,335
212,summoner-277034,213,Jolt,Master,62,105,,320,301
213,summoner-11161564,214,JaIeeI,Master,62,51,,98,73
214,summoner-3802072,215,SolStar,Master,62,65,,75,49
215,summoner-356125,216,Newto,Master,61,88,,240,229
216,summoner-5201174,217,MasterGarenDimon,Master,59,83,,239,218
217,summoner-470295,218,Navi,Master,59,76,,149,111
218,summoner-7281092,219,Cuo,Master,58,53,,150,136
219,summoner-557104,220,sh00zyz,Master,56,94,,99,86
220,summoner-221417,221,Chazz It Up,Master,55,61,,116,101
221,summoner-1903829,222,no hands btw,Master,53,68,,171,157
222,summoner-5451344,223,AwsomeSDevil,Master,52,105,,486,451
223,summoner-813780,224,Ionia,Master,51,68,,100,63
224,summoner-747148,225,Anderu,Master,50,104,,153,146
225,summoner-1750151,226,Tudo,Master,48,96,,250,244
226,summoner-10570533,227,owowowowowowowow,Master,46,49,,103,52
227,summoner-276134,228,Zíppo,Master,43,141,,128,101
228,summoner-481977,229,Tilterella,Master,41,74,,115,107
229,summoner-296998,230,CaitlynUltedJFK,Master,40,108,,221,210
230,summoner-490978,231,Taelen,Master,37,99,,398,368
231,summoner-6690216,232,2017 07 07,Master,35,117,,139,129
232,summoner-3110212,233,DW Cupcake,Master,33,65,,94,85
233,summoner-624689,234,Kurisutiiiina,Master,32,86,,213,203
234,summoner-11212045,235,Dekar The Rengar,Master,30,58,,168,117
235,summoner-479574,236,Vivid,Master,30,86,,48,36
236,summoner-12330331,237,AV DarkSide,Master,29,36,,43,21
237,summoner-11230285,238,slkjdf,Master,24,59,,206,175
238,summoner-1250370,239,Akali or GG,Master,23,77,,253,249
239,summoner-8371066,240,H4MMY,Master,23,99,,202,172
240,summoner-744422,241,Farmer,Master,23,92,,180,170
241,summoner-567993,242,Chloe Burbank,Master,21,76,,71,59
242,summoner-443078,243,Pisang,Master,19,74,,296,256
243,summoner-7050167,244,SìNNERS,Master,18,108,,178,167
244,summoner-363411,245,Marvoss,Master,18,37,,65,33
245,summoner-11056599,246,mid halo,Master,16,74,,276,247
246,summoner-326206,247,Coach Curtis,Master,10,55,,121,106
247,summoner-1280673,248,Qoobe,Master,4,73,,166,161
248,summoner-470404,249,BushyBooBoo,Master,0,164,,689,694
249,summoner-511802,250,Callurjglertrash,Master,0,61,,221,191
250,summoner-220545,251,Frolloc,Master,0,152,,206,172
251,summoner-852980,252,team bad me mad,Master,0,56,,155,123
252,summoner-454494,253,Rêxx,Master,0,107,,143,99
253,summoner-7130976,254,Animosityxx,Master,0,129,,141,146
254,summoner-405709,255,w1ndzera,Master,0,63,,121,109
255,summoner-4491948,256,DW SHERN1FIRE,Master,0,49,,115,71
256,summoner-10870678,257,Wìsh,Master,0,44,,90,73
257,summoner-237869,258,eezyarC toN,Diamond 1,100,136,,477,476
258,summoner-3490137,259,brekfast,Diamond 1,100,95,,340,335
259,summoner-901980,260,Dragku,Diamond 1,100,79,,257,242
260,summoner-501188,261,Jr Burgerz,Diamond 1,100,64,,193,157
261,summoner-6362083,262,d0t4nat0r,Diamond 1,100,162,,185,171
262,summoner-510010,263,Kimchiii,Diamond 1,100,78,,164,139
263,summoner-439337,264,GU Faker,Diamond 1,100,67,,154,143
264,summoner-820889,265,4444441,Diamond 1,100,50,,135,48
265,summoner-690302,266,chf Leo,Diamond 1,100,55,,96,86
266,summoner-8562347,267,Micah,Diamond 1,100,42,,92,41
267,summoner-7631957,268,twitchtvPhantiks,Diamond 1,100,39,,70,42
268,summoner-11030157,269,NONO,Diamond 1,100,53,,70,26
269,summoner-1321671,270,Giganaut,Diamond 1,100,74,,47,32
270,summoner-357181,271,Destinyy,Diamond 1,100,44,,44,35
271,summoner-509185,272,Noob,Diamond 1,99,62,,167,141
272,summoner-407599,273,Shogun Altair,Diamond 1,96,81,,107,92
273,summoner-434116,274,nooba,Diamond 1,96,50,,37,20
274,summoner-303883,275,c u soon,Diamond 1,95,88,,236,220
275,summoner-1395519,276,BMR Looch,Diamond 1,93,88,,261,241
276,summoner-326444,277,Huey Dewey Louie,Diamond 1,92,144,,483,467
277,summoner-5943766,278,Hkbesttroll,Diamond 1,92,82,,187,181
278,summoner-8620524,279,Baeatrice,Diamond 1,92,61,,133,119
279,summoner-8183067,280,Have Fun,Diamond 1,90,68,,141,126
280,summoner-11350131,281,Senuc DIN,Diamond 1,90,39,,58,28
281,summoner-9370914,282,pocketgirl,Diamond 1,90,53,,34,15
282,summoner-233863,283,Reminder,Diamond 1,89,98,,270,263
283,summoner-1260354,284,LaJiWangZheCNXM,Diamond 1,88,147,,548,547
284,summoner-6410962,285,IlIlIlIlIlIlIll,Diamond 1,88,46,,68,56
285,summoner-332728,286,mdvxwys,Diamond 1,87,55,,109,85
286,summoner-460937,287,Deztend,Diamond 1,84,103,,256,231
287,summoner-234403,288,THE SMORC BEAR,Diamond 1,84,64,,128,110
288,summoner-11260152,289,Phosphophylite,Diamond 1,84,48,,102,86
289,summoner-891628,290,Ready321GO,Diamond 1,83,80,,238,232
290,summoner-343682,291,Peasy,Diamond 1,80,121,,252,243
291,summoner-299452,292,Mikazuki,Diamond 1,78,72,,104,92
292,summoner-336476,293,Tommy 2000,Diamond 1,77,61,,77,68
293,summoner-482979,294,bombboy,Diamond 1,77,47,,36,27
294,summoner-314888,295,JellyCub,Diamond 1,76,75,,267,267
295,summoner-3171338,296,weixin2285407603,Diamond 1,76,60,,171,163
296,summoner-479438,297,Falkner,Diamond 1,76,97,,128,123
297,summoner-9660178,298,PurpleLamaGamer,Diamond 1,75,109,,353,304
298,summoner-820884,299,Mur1m,Diamond 1,75,97,,345,330
299,summoner-741594,300,Kickback69,Diamond 1,75,68,,287,227
300,summoner-775147,301,shui bu gou TuT,Diamond 1,75,112,,265,224
301,summoner-5171370,302,Hi I am Vince,Diamond 1,75,89,,213,196
302,summoner-233843,303,Dreamy Donut,Diamond 1,75,59,,211,183
303,summoner-1343871,304,POSSYM,Diamond 1,75,74,,210,182
304,summoner-492773,305,stop torture me,Diamond 1,75,66,,192,155
305,summoner-2600474,306,gg ff,Diamond 1,75,60,,183,149
306,summoner-9920508,307,M4A11111,Diamond 1,75,85,,178,145
307,summoner-10451585,308,20 Mins in Q,Diamond 1,75,64,,164,160
308,summoner-5943935,309,Azure,Diamond 1,75,108,,158,136
309,summoner-300609,310,BladeWristed,Diamond 1,75,60,,152,125
310,summoner-232475,311,Boss McNuggets,Diamond 1,75,75,,143,121
311,summoner-11370128,312,Tijé,Diamond 1,75,49,,138,111
312,summoner-626793,313,feifeiAAAAAA,Diamond 1,75,67,,133,96
313,summoner-3162807,314,7425,Diamond 1,75,100,,130,111
314,summoner-5310901,315,kaios19231230221,Diamond 1,75,97,,129,109
315,summoner-455477,316,Hold You Tight,Diamond 1,75,59,,118,94
316,summoner-9050195,317,SKT,Diamond 1,75,76,,118,108
317,summoner-594237,318,Soulstrikes,Diamond 1,75,72,,117,111
318,summoner-1891528,319,Rank 1 MID,Diamond 1,75,45,,117,65
319,summoner-8430364,320,Yaelay,Diamond 1,75,47,,116,104
320,summoner-11941453,321,ecotoxic 4,Diamond 1,75,45,,112,85
321,summoner-12220760,322,Richard Soup,Diamond 1,75,43,,103,76
322,summoner-583483,323,Beaunivia,Diamond 1,75,74,,100,95
323,summoner-2351692,324,loveforever,Diamond 1,75,47,,99,60
324,summoner-8610762,325,clairo,Diamond 1,75,50,,89,72
325,summoner-3680308,326,Bma,Diamond 1,75,58,,88,82
326,summoner-636251,327,Swiffer,Diamond 1,75,57,,84,62
327,summoner-11131946,328,Once upon a time,Diamond 1,75,40,,83,56
328,summoner-9350340,329,Caithe,Diamond 1,75,49,,77,66
329,summoner-4880235,330,bub,Diamond 1,75,54,,73,63
330,summoner-664497,331,Zhengchao God,Diamond 1,75,51,,72,60
331,summoner-2171317,332,k1ng Cupcake,Diamond 1,75,40,,71,30
332,summoner-2572995,333,Cupcake k1ng,Diamond 1,75,42,,68,33
333,summoner-900249,334,Tôi Là Thiên,Diamond 1,75,43,,63,45
334,summoner-1374113,335,Rukira,Diamond 1,75,114,,53,42
335,summoner-333625,336,Margaret Mahy,Diamond 1,74,127,,119,98
336,summoner-5380334,337,YasuoHawkNz,Diamond 1,74,71,,108,97
337,summoner-7390819,338,ryujinokewokurae,Diamond 1,73,52,,114,101
338,summoner-10550824,339,Armless Autism,Diamond 1,72,61,,183,138
339,summoner-632520,340,ACTL2131,Diamond 1,72,65,,163,159
340,summoner-940870,341,poopi,Diamond 1,72,48,,43,23
341,summoner-1403425,342,KURT PERRY,Diamond 1,71,57,,87,77
342,summoner-307081,343,BlueHawkNz,Diamond 1,71,49,,51,42
343,summoner-3553855,344,Shiloh,Diamond 1,69,134,,274,267
344,summoner-553896,345,Evilhag,Diamond 1,69,68,,44,39
345,summoner-8440977,346,Kohta,Diamond 1,68,64,,119,108
346,summoner-448008,347,The Lee Sin,Diamond 1,68,66,,80,51
347,summoner-274320,348,Boosted Janna,Diamond 1,68,104,,75,71
348,summoner-443126,349,Bahrewer,Diamond 1,67,114,,86,71
349,summoner-584830,350,GZ HaiT,Diamond 1,64,62,,161,127
350,summoner-670511,351,Billythekidzz,Diamond 1,64,85,,132,123
351,summoner-774614,352,Love Mosquito,Diamond 1,64,88,,112,97
352,summoner-443775,353,RAISE UR DONGERZ,Diamond 1,64,43,,48,34
353,summoner-11250976,354,KR DOPA,Diamond 1,63,54,,111,71
354,summoner-9970922,355,Redemptionˉ,Diamond 1,63,47,,60,57
355,summoner-434399,356,Whimstaff,Diamond 1,62,49,,64,59
356,summoner-9840127,357,dailianjiahaoyou,Diamond 1,61,60,,219,200
357,summoner-406482,358,BADDiE,Diamond 1,61,70,,120,106
358,summoner-501165,359,i looove aram,Diamond 1,61,65,,55,45
359,summoner-447401,360,Juhuakiller,Diamond 1,59,91,,242,232
360,summoner-234079,361,Top Lane Virgin,Diamond 1,59,47,,94,87
361,summoner-9330908,362,Positive Juves,Diamond 1,58,119,,401,400
362,summoner-1850129,363,aXeL0uS,Diamond 1,57,103,,304,282
363,summoner-11060162,364,M1d hu,Diamond 1,57,74,,154,140
364,summoner-225340,365,Catch Me On Fire,Diamond 1,56,105,,443,436
365,summoner-436171,366,im LHao,Diamond 1,53,90,,274,243
366,summoner-288782,367,lil splash,Diamond 1,53,81,,213,209
367,summoner-771385,368,Back To November,Diamond 1,53,76,,153,127
368,summoner-2431627,369,Blacksey,Diamond 1,53,107,,111,89
369,summoner-11065193,370,Prey Seeker,Diamond 1,53,48,,40,25
370,summoner-9030151,371,baxixiaoniu,Diamond 1,52,95,,419,406
371,summoner-283916,372,ecotoxic,Diamond 1,52,84,,300,305
372,summoner-238330,373,Koods,Diamond 1,50,122,,472,466
373,summoner-10970417,374,Felinnothair,Diamond 1,50,87,,399,362
374,summoner-643368,375,Young Stavros,Diamond 1,50,117,,331,321
375,summoner-6420316,376,4uu,Diamond 1,50,165,,215,167
376,summoner-794192,377,Skyscorcher,Diamond 1,50,95,,184,168
377,summoner-277464,378,Kpooop,Diamond 1,50,73,,165,158
378,summoner-454805,379,RNG      MR E N,Diamond 1,50,55,,158,104
379,summoner-491243,380,DeathSphere22,Diamond 1,50,70,,156,144
380,summoner-3020293,381,WeWantPeace,Diamond 1,50,74,,118,77
381,summoner-2523280,382,P 18 15 16 8,Diamond 1,50,45,,106,79
382,summoner-10110125,383,Ding Hao Tian,Diamond 1,50,60,,79,44
383,summoner-335113,384,lilaznrat,Diamond 1,50,70,,69,56
384,summoner-11224170,385,TwitchTVLronwoif,Diamond 1,49,67,,196,162
385,summoner-723286,386,Kiitty,Diamond 1,49,68,,87,87
386,summoner-221510,387,JuvesMuntedNose,Diamond 1,48,44,,75,64
387,summoner-11252383,388,Lolista,Diamond 1,47,56,,166,112
388,summoner-582861,389,ShuHaiBuRongYi,Diamond 1,47,51,,71,60
389,summoner-890994,390,RBE BoBo,Diamond 1,46,70,,133,104
390,summoner-288335,391,Nirphana,Diamond 1,46,89,,82,69
391,summoner-402487,392,Baahrewer,Diamond 1,46,51,,74,53
392,summoner-227475,393,Mikes,Diamond 1,45,107,,188,165
393,summoner-1771810,394,Phos,Diamond 1,45,57,,101,65
394,summoner-330848,395,4y5tvb8,Diamond 1,44,62,,174,158
395,summoner-2712951,396,EL Legendary,Diamond 1,43,52,,88,56
396,summoner-3680392,397,YukiistMe,Diamond 1,42,60,,120,88
397,summoner-11130130,398,LydiaeK,Diamond 1,41,100,,130,109
398,summoner-8720302,399,Black phoen1x,Diamond 1,41,47,,114,87
399,summoner-624642,400,123456978,Diamond 1,41,47,,82,78
400,summoner-1200380,401,Jaiya,Diamond 1,41,69,,69,43
401,summoner-7350836,402,DaDazhy,Diamond 1,40,74,,187,130
402,summoner-774275,403,Savannah,Diamond 1,40,85,,172,164
403,summoner-393328,404,AuSNlPE,Diamond 1,38,56,,121,110
404,summoner-3560420,405,Kaaitsune,Diamond 1,35,77,,240,193
405,summoner-323773,406,Kedu715,Diamond 1,35,95,,205,204
406,summoner-443860,407,zuowodemiao,Diamond 1,35,61,,120,106
407,summoner-890992,408,Khuong Pham,Diamond 1,35,85,,43,38
408,summoner-456283,409,j0hns0nBurger,Diamond 1,34,57,,43,35
409,summoner-354808,410,Warrior Turtle,Diamond 1,33,81,,175,140
410,summoner-339515,411,Sheng Sheng,Diamond 1,33,54,,160,100
411,summoner-222980,412,Z OMEGALUL E,Diamond 1,33,55,,128,109
412,summoner-236253,413,Hey You,Diamond 1,32,69,,181,149
413,summoner-934569,414,ShiftZ,Diamond 1,32,49,,113,54
414,summoner-2573886,415,Cyan Willow,Diamond 1,32,137,,68,65
415,summoner-824118,416,DaPiPi,Diamond 1,31,63,,70,69
416,summoner-703699,417,inx,Diamond 1,31,61,,61,53
417,summoner-312239,418,Philosophy,Diamond 1,30,110,,164,164
418,summoner-702613,419,Howard,Diamond 1,30,61,,128,111
419,summoner-229440,420,Enter Dreamland,Diamond 1,30,84,,107,101
420,summoner-4953082,421,Cute Ragdoll,Diamond 1,29,139,,244,222
421,summoner-370235,422,ziye,Diamond 1,29,59,,152,96
422,summoner-290213,423,Small Fish,Diamond 1,29,108,,133,107
423,summoner-454342,424,volkzz,Diamond 1,29,70,,121,112
424,summoner-235577,425,Reptox,Diamond 1,28,58,,121,112
425,summoner-314859,426,Biofrost,Diamond 1,26,129,,190,180
426,summoner-326064,427,Slayer,Diamond 1,25,83,,273,238
427,summoner-1530424,428,SCENAR1O,Diamond 1,25,56,,152,148
428,summoner-283402,429,Syuko,Diamond 1,25,98,,144,122
429,summoner-11350126,430,8th place top,Diamond 1,25,49,,130,109
430,summoner-324274,431,Kensen,Diamond 1,25,61,,108,85
431,summoner-314795,432,Grog Dog1,Diamond 1,25,44,,95,71
432,summoner-9800260,433,Irenaceus,Diamond 1,25,38,,70,34
433,summoner-285621,434,Framer,Diamond 1,23,79,,164,160
434,summoner-341477,435,WildPig,Diamond 1,23,94,,101,91
435,summoner-364454,436,Rage At LoL,Diamond 1,22,122,,207,173
436,summoner-11370138,437,Mrs Krabappel,Diamond 1,21,60,,184,184
437,summoner-484507,438,Cheph,Diamond 1,20,107,,365,368
438,summoner-498305,439,Todderk,Diamond 1,19,73,,201,188
439,summoner-354323,440,Merkatroid,Diamond 1,19,64,,71,54
440,summoner-555008,441,6AM 0two1,Diamond 1,19,59,,42,36
441,summoner-481142,442,April Ryan,Diamond 1,18,62,,226,186
442,summoner-7491130,443,zZJay,Diamond 1,18,91,,128,123
443,summoner-630464,444,Xcuse Mee,Diamond 1,17,84,,150,151
444,summoner-4221919,445,TriHard 7,Diamond 1,17,55,,149,96
445,summoner-503773,446,NADA1001,Diamond 1,17,53,,103,94
446,summoner-276609,447,ìcøn,Diamond 1,17,74,,76,75
447,summoner-9611699,448,good kid,Diamond 1,16,67,,177,177
448,summoner-302224,449,Midås,Diamond 1,16,67,,44,34
449,summoner-431504,450,ianno,Diamond 1,15,91,,134,128
450,summoner-11840153,451,Japanerella,Diamond 1,13,50,,166,138
451,summoner-8081649,452,First Time Swain,Diamond 1,13,62,,155,112
452,summoner-332858,453,lokyun,Diamond 1,11,99,,209,200
453,summoner-3930175,454,Eolant,Diamond 1,10,128,,472,438
454,summoner-10011928,455,DoochiWa,Diamond 1,10,63,,178,149
455,summoner-304479,456,gkez,Diamond 1,9,59,,154,129
456,summoner-300165,457,HNDRXX,Diamond 1,9,103,,35,27
457,summoner-11171162,458,98116,Diamond 1,8,53,,147,97
458,summoner-224426,459,Skwiggle,Diamond 1,6,77,,216,207
459,summoner-11160195,460,Kimchiii 2,Diamond 1,6,59,,151,97
460,summoner-9220132,461,glugluglu,Diamond 1,6,46,,52,41
461,summoner-9611538,462,bunni,Diamond 1,6,37,,30,8
462,summoner-557330,463,JHONG,Diamond 1,5,51,,121,111
463,summoner-304980,464,iChuckRice,Diamond 1,5,79,,90,90
464,summoner-2060238,465,Soy Xixi,Diamond 1,4,49,,84,50
465,summoner-409738,466,Valkia,Diamond 1,3,109,,223,210
466,summoner-970961,467,handyman94,Diamond 1,1,47,,84,70
467,summoner-707970,468,kmy,Diamond 1,1,41,,68,52
468,summoner-406918,469,Mai Shiu,Diamond 1,0,117,,328,312
469,summoner-365399,470,No Fear,Diamond 1,0,114,,298,294
470,summoner-278492,471,LustMonkey,Diamond 1,0,86,,290,277
471,summoner-4382883,472,Smoko Shed,Diamond 1,0,95,,244,235
472,summoner-402609,473,The Silent Voice,Diamond 1,0,78,,218,219
473,summoner-3444063,474,helloworld369,Diamond 1,0,75,,198,144
474,summoner-233072,475,Daddy Vincent,Diamond 1,0,71,,197,154
475,summoner-620418,476,LaughingManES,Diamond 1,0,74,,187,172
476,summoner-590760,477,Han Guk In Ruski,Diamond 1,0,85,,179,151
477,summoner-470164,478,KennyHai,Diamond 1,0,66,,162,159
478,summoner-489065,479,Mpowered,Diamond 1,0,116,,159,136
479,summoner-495039,480,ARAMers suck,Diamond 1,0,94,,145,128
480,summoner-221999,481,Yatsume,Diamond 1,0,88,,143,139
481,summoner-457463,482,dean,Diamond 1,0,80,,140,125
482,summoner-11430174,483,Forsaken Dream,Diamond 1,0,55,,134,124
483,summoner-277256,484,Thydah,Diamond 1,0,73,,112,114
484,summoner-11840344,485,QaQ08,Diamond 1,0,44,,109,84
485,summoner-324564,486,Submissive Trap,Diamond 1,0,81,,91,81
486,summoner-314889,487,zorenous,Diamond 1,0,75,,85,74
487,summoner-630568,488,Crazy Giraffe,Diamond 1,0,51,,80,81
488,summoner-497415,489,boboxD,Diamond 1,0,91,,75,52
489,summoner-276620,490,Hyperzoz,Diamond 1,0,62,,71,61
490,summoner-323306,491,JJ27CM,Diamond 1,0,52,,65,46
491,summoner-4802235,492,MyPetMonkey,Diamond 1,0,62,,63,61
492,summoner-1872199,493,Arashi,Diamond 1,0,78,,59,49
493,summoner-700593,494,Twistar,Diamond 1,0,40,,53,40
494,summoner-5502181,495,9420,Diamond 1,0,41,,46,14
495,summoner-11580566,496,sooobinms,Diamond 1,0,40,,45,14
496,summoner-11076305,497,yeolahop,Diamond 1,0,41,,43,18
497,summoner-7940303,498,kai0s,Diamond 1,0,46,,39,26
498,summoner-743224,499,225,Diamond 2,100,134,,284,257
499,summoner-399946,500,Debatable Plays,Diamond 2,100,95,,268,226
500,summoner-3481025,501,a friendly noob,Diamond 2,100,73,,150,138
501,summoner-392492,502,GZ Hyper,Diamond 2,100,77,,134,124
502,summoner-296114,503,KayHuynh,Diamond 2,100,72,,133,119
503,summoner-2330180,504,NewTronix,Diamond 2,100,64,,100,94
504,summoner-1980384,505,Nausicaä,Diamond 2,100,100,,92,89
505,summoner-7860178,506,tbman,Diamond 2,100,47,,83,74
506,summoner-404739,507,Abby Ma,Diamond 2,94,116,,281,264
507,summoner-554066,508,kalroc,Diamond 2,94,93,,68,58
508,summoner-11280145,509,AFs Kiin,Diamond 2,93,46,,79,51
509,summoner-286698,510,Ability,Diamond 2,92,63,,92,88
510,summoner-227375,511,GreatEngrish,Diamond 2,92,90,,78,66
511,summoner-300358,512,Dissociation,Diamond 2,91,65,,180,166
512,summoner-577732,513,Bose,Diamond 2,90,99,,292,289
513,summoner-397500,514,SKT T1 Uzi,Diamond 2,90,58,,108,63
514,summoner-222739,515,Mechanical Kyle,Diamond 2,90,68,,94,86
515,summoner-2181036,516,Fluous,Diamond 2,89,47,,78,72
516,summoner-483618,517,SuperSkitzzo,Diamond 2,85,160,,713,710
517,summoner-672019,518,ryalia,Diamond 2,85,45,,98,91
518,summoner-6220301,519,Mokamoka,Diamond 2,83,69,,241,224
519,summoner-356193,520,BlG Picture,Diamond 2,81,76,,76,74
520,summoner-744879,521,Tinysmish,Diamond 2,80,63,,52,41
521,summoner-11360133,522,YeahNahYeahMaybe,Diamond 2,78,43,,71,62
522,summoner-3831740,523,Bubberduck,Diamond 2,77,71,,252,237
523,summoner-1167193,524,Šipić,Diamond 2,75,95,,347,335
524,summoner-303120,525,Bite,Diamond 2,75,66,,277,244
525,summoner-706325,526,Ecka,Diamond 2,75,100,,180,153
526,summoner-7110774,527,dmz4213,Diamond 2,75,75,,167,157
527,summoner-11202748,528,Pathetic Idiot,Diamond 2,75,51,,153,111
528,summoner-436716,529,Jimurenio,Diamond 2,75,96,,148,124
529,summoner-11971346,530,cønfusednimbIe,Diamond 2,75,47,,131,92
530,summoner-11211553,531,BrunonLnDq,Diamond 2,75,49,,124,85
531,summoner-11061200,532,ecotoxic 3,Diamond 2,75,73,,120,90
532,summoner-11350134,533,ITN k1ng,Diamond 2,75,48,,119,88
533,summoner-302863,534,IG The shy ovo,Diamond 2,75,77,,118,108
534,summoner-10191722,535,ecotoxic 2,Diamond 2,75,45,,107,81
535,summoner-1061196,536,kayoko,Diamond 2,75,63,,105,84
536,summoner-6630790,537,jyj,Diamond 2,75,58,,102,104
537,summoner-448971,538,Eva,Diamond 2,75,66,,59,69
538,summoner-278179,539,ozo1329,Diamond 2,75,99,,58,48
539,summoner-721676,540,J0hns0n,Diamond 2,75,36,,39,29
540,summoner-235604,541,Brush Fun,Diamond 2,74,72,,105,96
541,summoner-1440400,542,unstable ping,Diamond 2,74,58,,77,70
542,summoner-371174,543,Bardo,Diamond 2,71,95,,218,210
543,summoner-9981331,544,NoIIXigbar,Diamond 2,71,54,,37,26
544,summoner-2741810,545,4 H e a d K i d,Diamond 2,70,79,,150,92
545,summoner-1500529,546,Mumps,Diamond 2,69,79,,110,109
546,summoner-1110899,547,Cizza AU,Diamond 2,67,92,,150,131
547,summoner-2132627,548,OwO OuO OvO,Diamond 2,67,65,,107,97
548,summoner-2481615,549,aznchungy,Diamond 2,66,105,,415,419
549,summoner-331036,550,Magic Mike,Diamond 2,63,92,,203,182
550,summoner-1721171,551,Kewlie,Diamond 2,63,63,,89,68
551,summoner-11340135,552,Bjork not Bjerg,Diamond 2,62,44,,109,74
552,summoner-714382,553,Jerey,Diamond 2,61,69,,166,159
553,summoner-4462034,554,Uzi Fanboy,Diamond 2,60,69,,185,151
554,summoner-2560269,555,Omni v2,Diamond 2,60,74,,146,145
555,summoner-478373,556,Homeless Leaf,Diamond 2,60,71,,108,98
556,summoner-568646,557,hyejoo,Diamond 2,59,70,,82,62
557,summoner-11780837,558,oce Thanoš,Diamond 2,58,52,,139,106
558,summoner-10881536,559,Lillo,Diamond 2,58,102,,83,62
559,summoner-6251921,560,FreshStartJason,Diamond 2,57,57,,214,177
560,summoner-483296,561,DW Rippii,Diamond 2,57,53,,147,109
561,summoner-4390704,562,duckly,Diamond 2,56,90,,207,199
562,summoner-294150,563,Jopan,Diamond 2,56,61,,46,41
563,summoner-221555,564,im tilting,Diamond 2,55,80,,114,116
564,summoner-8210805,565,Kpop,Diamond 2,54,110,,145,143
565,summoner-6231287,566,LLocky,Diamond 2,53,68,,136,101
566,summoner-860500,567,Billythekidzz 2,Diamond 2,53,45,,43,33
567,summoner-280418,568,Coopos,Diamond 2,52,108,,139,125
568,summoner-7981097,569,Ame seule,Diamond 2,52,95,,67,63
569,summoner-4130305,570,Mörty,Diamond 2,51,103,,267,263
570,summoner-589351,571,Ronni,Diamond 2,51,52,,121,111
571,summoner-480048,572,Wreck It Rhune,Diamond 2,49,94,,119,123
572,summoner-701278,573,Çalcifer,Diamond 2,48,80,,161,122
573,summoner-6672121,574,Archie,Diamond 2,47,105,,205,202
574,summoner-7361244,575,Watch Anime pls,Diamond 2,47,37,,43,33
575,summoner-349960,576,NorthFace,Diamond 2,45,121,,157,137
576,summoner-397704,577,risktaker,Diamond 2,44,76,,195,194
577,summoner-1440227,578,Squidgy Boy,Diamond 2,44,77,,110,110
578,summoner-632043,579,GuyMadeOfFire,Diamond 2,44,39,,51,36
579,summoner-1811697,580,Ragdol1,Diamond 2,43,68,,175,161
580,summoner-774086,581,Garlic Sauce,Diamond 2,43,48,,120,91
581,summoner-903644,582,nooseboy,Diamond 2,43,106,,35,17
582,summoner-554055,583,Bulzy,Diamond 2,42,49,,148,133
583,summoner-406857,584,it gets better,Diamond 2,41,54,,177,117
584,summoner-233511,585,cruncheycake,Diamond 2,41,111,,79,69
585,summoner-11121416,586,Cheph 2,Diamond 2,40,44,,111,70
586,summoner-440787,587,Silk,Diamond 2,39,60,,157,141
587,summoner-581032,588,Káne,Diamond 2,38,133,,198,206
588,summoner-639823,589,Quinonos,Diamond 2,38,84,,113,112
589,summoner-3680635,590,Shirø,Diamond 2,38,143,,69,66
590,summoner-284240,591,iBanished,Diamond 2,36,116,,182,160
591,summoner-449100,592,Fervour,Diamond 2,36,108,,91,92
592,summoner-364702,593,Pulsefire Teemo,Diamond 2,36,71,,55,37
593,summoner-3262016,594,kind jungler,Diamond 2,35,46,,101,95
594,summoner-4530610,595,liansuck,Diamond 2,34,76,,127,123
595,summoner-460303,596,Alani,Diamond 2,34,134,,123,118
596,summoner-4461045,597,I Am Rengar,Diamond 2,34,108,,121,111
597,summoner-4480984,598,dzy,Diamond 2,33,71,,267,274
598,summoner-4301382,599,Dr Halo,Diamond 2,33,81,,77,52
599,summoner-226673,600,Air,Diamond 2,32,117,,103,99
600,summoner-11065408,601,DaGui,Diamond 2,31,119,,403,352
601,summoner-7460332,602,ThroneV,Diamond 2,31,110,,401,350
602,summoner-302859,603,Fndrr22dxd,Diamond 2,31,66,,163,159
603,summoner-5141556,604,LOA Fuki,Diamond 2,31,53,,136,125
604,summoner-8690146,605,Cères,Diamond 2,31,73,,83,89
605,summoner-302759,606,Rye,Diamond 2,30,111,,460,449
606,summoner-8810339,607,PurpleLama,Diamond 2,30,49,,104,80
607,summoner-566367,608,Stop Trolling Me,Diamond 2,29,130,,312,293
608,summoner-7000424,609,rice1,Diamond 2,29,43,,65,54
609,summoner-320598,610,PowPowPanda,Diamond 2,29,59,,64,69
610,summoner-11750154,611,Bdo1nk,Diamond 2,29,37,,62,30
611,summoner-3980651,612,Morpice121,Diamond 2,29,121,,60,43
612,summoner-451342,613,Clovus,Diamond 2,26,83,,125,128
613,summoner-3710427,614,NinjaLegend1,Diamond 2,25,61,,148,136
614,summoner-4802282,615,Uchîha Obito,Diamond 2,25,59,,135,110
615,summoner-841698,616,ecotoxic 1,Diamond 2,25,54,,132,117
616,summoner-461490,617,First Mate,Diamond 2,25,74,,132,111
617,summoner-749364,618,monster hunter,Diamond 2,25,51,,88,83
618,summoner-9690912,619,Destromath,Diamond 2,25,46,,81,78
619,summoner-275308,620,Impaired,Diamond 2,25,75,,67,49
620,summoner-2920134,621,ThePirateBae,Diamond 2,25,70,,48,39
621,summoner-399563,622,Kevskin,Diamond 2,25,83,,33,23
622,summoner-8150153,623,EGOIST Dough,Diamond 2,23,113,,427,364
623,summoner-233822,624,Mcbobba,Diamond 2,23,159,,239,216
624,summoner-11990152,625,asGood as YaoBai,Diamond 2,23,56,,129,65
625,summoner-11390379,626,SøfM,Diamond 2,23,43,,100,68
626,summoner-325800,627,MeepBalls,Diamond 2,21,72,,52,47
627,summoner-634788,628,Kevin S Le,Diamond 2,20,119,,208,204
628,summoner-5945344,629,Buck Shots,Diamond 2,20,42,,43,35
629,summoner-1574708,630,Donzac101,Diamond 2,19,52,,65,51
630,summoner-306624,631,Donggy,Diamond 2,19,56,,45,31
631,summoner-6141799,632,ShØut,Diamond 2,18,70,,225,190
632,summoner-369823,633,Boa Hancöck,Diamond 2,18,152,,133,100
633,summoner-973756,634,tgunAU,Diamond 2,18,53,,127,127
634,summoner-3052095,635,Defenestrate,Diamond 2,18,73,,123,120
635,summoner-3642620,636,Damage Bot,Diamond 2,18,49,,120,110
636,summoner-732371,637,hunni,Diamond 2,18,39,,70,14
637,summoner-9420230,638,Fourth rate AD,Diamond 2,17,88,,299,285
638,summoner-447687,639,Grisha,Diamond 2,17,86,,258,248
639,summoner-11085230,640,ililiiiillliil,Diamond 2,17,81,,188,191
640,summoner-1883783,641,God Of LP,Diamond 2,16,110,,348,351
641,summoner-566468,642,Kpoop,Diamond 2,16,81,,224,194
642,summoner-742576,643,Zagnoids,Diamond 2,16,83,,175,142
643,summoner-6841129,644,PumaS,Diamond 2,16,63,,175,170
644,summoner-291753,645,Moon,Diamond 2,16,114,,65,66
645,summoner-11080766,646,eris,Diamond 2,15,60,,129,101
646,summoner-1471865,647,Bear,Diamond 2,15,71,,83,80
647,summoner-2550310,648,Yuuk1 Asuna,Diamond 2,12,84,,204,191
648,summoner-479671,649,Bozos,Diamond 2,11,67,,120,120
649,summoner-5894360,650,DJChonz,Diamond 2,10,83,,364,337
650,summoner-670210,651,1osing,Diamond 2,9,99,,150,109
651,summoner-953810,652,Kayn and Abel,Diamond 2,7,58,,78,72
652,summoner-638946,653,Qiunibieshelimia,Diamond 2,6,77,,147,138
653,summoner-2990640,654,Syouran,Diamond 2,4,71,,141,140
654,summoner-369867,655,Doom of bot,Diamond 2,4,48,,120,116
655,summoner-3163035,656,Ritogaming,Diamond 2,4,57,,107,106
656,summoner-522209,657,Stressful,Diamond 2,3,132,,134,120
657,summoner-7821699,658,sad girl,Diamond 2,2,117,,190,158
658,summoner-10141151,659,M1dbeast,Diamond 2,2,61,,120,128
659,summoner-355403,660,LOLlolololwwwffw,Diamond 2,2,51,,102,95
660,summoner-4061072,661,why live,Diamond 2,1,66,,109,110
661,summoner-587995,662,Urie,Diamond 2,1,102,,65,54
662,summoner-11252354,663,IsaacwF,Diamond 2,0,79,,346,310
663,summoner-2742230,664,Cressy,Diamond 2,0,92,,337,314
664,summoner-1501524,665,Homeless,Diamond 2,0,77,,250,210
665,summoner-228708,666,Aragaki Yuii,Diamond 2,0,87,,223,198
666,summoner-600149,667,Vísionary,Diamond 2,0,86,,198,198
667,summoner-231170,668,Lex Luthor,Diamond 2,0,96,,181,180
668,summoner-710702,669,jihero,Diamond 2,0,60,,168,159
669,summoner-301652,670,Koua,Diamond 2,0,80,,130,129
670,summoner-11045070,671,iWordsworth,Diamond 2,0,71,,129,114
671,summoner-283096,672,Hani is bae,Diamond 2,0,90,,117,107
672,summoner-6010140,673,CN Moon,Diamond 2,0,98,,112,93
673,summoner-1171135,674,MyNameIsAction I,Diamond 2,0,58,,105,90
674,summoner-2593688,675,Xion XIV,Diamond 2,0,62,,104,103
675,summoner-431019,676,Cavs in 2018 lUl,Diamond 2,0,77,,103,101
676,summoner-565066,677,MeShelly,Diamond 2,0,86,,95,77
677,summoner-351975,678,Shadow of Time,Diamond 2,0,85,,92,79
678,summoner-8390585,679,SM motherfkn D,Diamond 2,0,57,,90,106
679,summoner-12061866,680,1234hitdinosuar,Diamond 2,0,40,,78,50
680,summoner-316325,681,Canberra Santa,Diamond 2,0,48,,70,58
681,summoner-10360133,682,Lose for Improve,Diamond 2,0,45,,65,51
682,summoner-11930493,683,22 06 2004,Diamond 2,0,39,,62,40
683,summoner-398138,684,PMA Kirby,Diamond 2,0,91,,60,61
684,summoner-475949,685,Happy Lion,Diamond 2,0,101,,56,49
685,summoner-8752009,686,4lways,Diamond 2,0,81,,50,19
686,summoner-220270,687,lmperium,Diamond 2,0,52,,41,28
687,summoner-511987,688,Kaø,Diamond 2,0,116,,35,22
688,summoner-11800184,689,Pink Eleph4nt,Diamond 3,100,86,,330,284
689,summoner-6451124,690,K             98,Diamond 3,100,81,,247,212
690,summoner-578126,691,Anubis,Diamond 3,100,94,,216,190
691,summoner-6820866,692,KHSOL,Diamond 3,100,80,,181,181
692,summoner-278675,693,Jiae,Diamond 3,100,82,,156,125
693,summoner-3871268,694,kimuchiyo,Diamond 3,100,65,,107,65
694,summoner-11442161,695,o noo,Diamond 3,100,38,,50,17
695,summoner-298603,696,Zachary zzz,Diamond 3,98,57,,83,67
696,summoner-1092892,697,NoxusMight,Diamond 3,96,86,,29,11
697,summoner-7200702,698,Valor use fly,Diamond 3,94,42,,60,32
698,summoner-1720492,699,whynotbefriends,Diamond 3,93,108,,261,234
699,summoner-581491,700,Riggered,Diamond 3,93,85,,178,151
700,summoner-7851650,701,DaSticksOnTwitch,Diamond 3,93,72,,124,118
701,summoner-8971470,702,trans girl,Diamond 3,90,104,,265,273
702,summoner-280651,703,KingJamesMike,Diamond 3,90,67,,140,139
703,summoner-563960,704,Stone,Diamond 3,87,106,,182,179
704,summoner-2592134,705,Kali Uchis,Diamond 3,85,82,,113,112
705,summoner-10071546,706,blanchesophh,Diamond 3,85,71,,42,39
706,summoner-324187,707,vveigang,Diamond 3,84,69,,268,263
707,summoner-272664,708,hajun,Diamond 3,83,77,,118,88
708,summoner-3322092,709,02 02 1998,Diamond 3,82,82,,229,195
709,summoner-6660713,710,Skull07,Diamond 3,82,96,,202,180
710,summoner-630037,711,Enticement,Diamond 3,81,98,,83,66
711,summoner-337521,712,Remise,Diamond 3,79,166,,632,621
712,summoner-6790124,713,eternity lullaby,Diamond 3,78,64,,138,120
713,summoner-1394171,714,GoogleMaps,Diamond 3,77,101,,204,198
714,summoner-6101678,715,M416666,Diamond 3,77,58,,93,84
715,summoner-322373,716,NoIXemnas,Diamond 3,76,69,,52,40
716,summoner-479364,717,01 10 1998,Diamond 3,75,98,,526,507
717,summoner-4791512,718,DW WhiteLotus,Diamond 3,75,151,,517,530
718,summoner-8071238,719,FZASY,Diamond 3,75,124,,324,309
719,summoner-280030,720,Derpsmagee,Diamond 3,75,119,,280,289
720,summoner-466163,721,ARAM Warrior,Diamond 3,75,82,,212,199
721,summoner-10550212,722,Tilt King,Diamond 3,75,87,,208,189
722,summoner-285605,723,Hindered Raven,Diamond 3,75,95,,179,163
723,summoner-332723,724,Crucix,Diamond 3,75,76,,169,155
724,summoner-7820502,725,yo whats good,Diamond 3,75,49,,128,93
725,summoner-5781549,726,callmere,Diamond 3,75,46,,102,64
726,summoner-6840379,727,Bdoink,Diamond 3,75,55,,94,80
727,summoner-466794,728,L8S,Diamond 3,75,56,,89,75
728,summoner-530695,729,kkmok,Diamond 3,75,61,,76,68
729,summoner-1332520,730,3uphonium,Diamond 3,75,67,,71,58
730,summoner-630614,731,me no dopamine,Diamond 3,75,61,,69,36
731,summoner-432479,732,hi im rain,Diamond 3,75,37,,47,29
732,summoner-449742,733,NIGHTS,Diamond 3,74,83,,170,169
733,summoner-960978,734,RedIce,Diamond 3,72,82,,308,307
734,summoner-491427,735,Shizukesa,Diamond 3,72,93,,239,233
735,summoner-270385,736,Jab Right Hook,Diamond 3,72,83,,142,76
736,summoner-573069,737,minhcam123456789,Diamond 3,72,80,,123,109
737,summoner-368336,738,qop,Diamond 3,72,48,,84,61
738,summoner-8611591,739,Nightbringer,Diamond 3,72,36,,36,24
739,summoner-5760578,740,LCD DK,Diamond 3,71,105,,256,225
740,summoner-2281882,741,didsum1saytacos,Diamond 3,70,49,,30,19
741,summoner-9210188,742,ZAG Able,Diamond 3,69,92,,182,177
742,summoner-561444,743,AHumanBean,Diamond 3,69,60,,142,130
743,summoner-694658,744,handsome indian,Diamond 3,69,61,,84,75
744,summoner-4440747,745,Brother Hai,Diamond 3,68,77,,126,131
745,summoner-320443,746,RaidBoss Ovenhat,Diamond 3,68,85,,101,79
746,summoner-5904252,747,RIP swain,Diamond 3,67,63,,143,117
747,summoner-291689,748,kantos17,Diamond 3,67,106,,114,98
748,summoner-285635,749,MaiI,Diamond 3,67,120,,110,79
749,summoner-290499,750,PizzaRita,Diamond 3,67,81,,96,76
750,summoner-3882367,751,Amitle,Diamond 3,67,66,,59,59
751,summoner-5041374,752,hi im floki,Diamond 3,66,92,,234,213
752,summoner-397315,753,Fu Tou de baba,Diamond 3,66,84,,188,179
753,summoner-5281670,754,Zhiend,Diamond 3,66,67,,183,177
754,summoner-479941,755,xXAbusiveNanaXx,Diamond 3,66,57,,82,67
755,summoner-360988,756,Noon Gang,Diamond 3,64,69,,120,108
756,summoner-639778,757,JohnnyBoyy,Diamond 3,63,71,,112,87
757,summoner-320586,758,boy x,Diamond 3,62,84,,189,185
758,summoner-290358,759,Waffle Jr,Diamond 3,62,117,,119,111
759,summoner-4292193,760,Elliot Helm,Diamond 3,62,40,,56,46
760,summoner-2952222,761,Holy Street,Diamond 3,61,81,,147,143
761,summoner-332240,762,Semirhage,Diamond 3,61,63,,143,120
762,summoner-469676,763,Trooper7,Diamond 3,59,42,,104,66
763,summoner-10891227,764,Barbiturate Bob,Diamond 3,58,100,,317,277
764,summoner-351374,765,L1 Yuxuan,Diamond 3,58,118,,311,304
765,summoner-812715,766,Mr Cute HR,Diamond 3,58,52,,154,124
766,summoner-221335,767,Godco,Diamond 3,58,73,,125,88
767,summoner-229564,768,Xiphos,Diamond 3,58,60,,49,37
768,summoner-9720874,769,bani,Diamond 3,57,94,,340,340
769,summoner-361306,770,Facade,Diamond 3,57,108,,318,319
770,summoner-281754,771,Diamond 5,Diamond 3,57,102,,253,253
771,summoner-3480668,772,Megalomaniac,Diamond 3,56,79,,151,129
772,summoner-9420387,773,Harm,Diamond 3,56,74,,140,112
773,summoner-3071107,774,Scuftz,Diamond 3,56,102,,125,112
774,summoner-585398,775,Jimbo Mon,Diamond 3,55,76,,271,253
775,summoner-1201161,776,bigbadnigs,Diamond 3,55,57,,132,122
776,summoner-234955,777,Zyran,Diamond 3,55,125,,35,31
777,summoner-10241637,778,Palme n Goéland,Diamond 3,54,73,,319,275
778,summoner-11222878,779,Kerrioneadys,Diamond 3,53,42,,80,54
779,summoner-9050223,780,20I7 07 07,Diamond 3,52,56,,88,81
780,summoner-11171178,781,Ordolfur,Diamond 3,52,46,,60,41
781,summoner-8010504,782,handsome zhe,Diamond 3,51,55,,167,139
782,summoner-471649,783,Ara,Diamond 3,50,62,,212,190
783,summoner-314483,784,potato9,Diamond 3,50,68,,109,103
784,summoner-10441803,785,api,Diamond 3,49,49,,37,33
785,summoner-333672,786,Johannes,Diamond 3,48,91,,126,121
786,summoner-296712,787,Nosreme,Diamond 3,48,45,,74,40
787,summoner-1760235,788,Jaycehandsome,Diamond 3,46,77,,206,212
788,summoner-10140185,789,LC Focus,Diamond 3,46,92,,201,200
789,summoner-452854,790,BoyWithFutou,Diamond 3,46,70,,161,149
790,summoner-8110225,791,KKona,Diamond 3,46,50,,93,88
791,summoner-11941661,792,642962,Diamond 3,45,59,,233,194
792,summoner-4430246,793,TriXtEx,Diamond 3,42,79,,313,301
793,summoner-296408,794,GodKingLordGaren,Diamond 3,42,111,,160,143
794,summoner-345886,795,JigglyButt,Diamond 3,42,62,,82,63
795,summoner-551283,796,SF 1 and 13,Diamond 3,41,82,,336,330
796,summoner-11500284,797,NewbeePlayer,Diamond 3,41,46,,108,69
797,summoner-12020515,798,rekkles122122111,Diamond 3,41,40,,78,57
798,summoner-285324,799,Yuqi is bae,Diamond 3,41,89,,75,72
799,summoner-284670,800,Kebun,Diamond 3,39,124,,386,353
800,summoner-234227,801,Homunculus,Diamond 3,39,75,,108,86
801,summoner-290786,802,Patruck,Diamond 3,39,97,,57,36
802,summoner-476851,803,Scimister,Diamond 3,38,110,,398,381
803,summoner-497679,804,Bill,Diamond 3,38,90,,245,226
804,summoner-603634,805,L1l Pump Boi,Diamond 3,38,142,,188,181
805,summoner-12000177,806,Jib4,Diamond 3,38,71,,177,141
806,summoner-484258,807,Destiny98,Diamond 3,38,83,,106,87
807,summoner-8610951,808,Ch4zz,Diamond 3,38,41,,62,28
808,summoner-10171740,809,Suexa,Diamond 3,38,44,,62,28
809,summoner-225037,810,Afince,Diamond 3,38,89,,28,13
810,summoner-823469,811,Merzy,Diamond 3,37,52,,119,83
811,summoner-710649,812,Cote de boeuf,Diamond 3,37,53,,102,102
812,summoner-238860,813,frog arms,Diamond 3,37,123,,39,41
813,summoner-281075,814,SMD Yasindu,Diamond 3,36,117,,174,158
814,summoner-8770178,815,Kelvinotoe,Diamond 3,36,95,,147,146
815,summoner-569939,816,skyhao123,Diamond 3,36,64,,145,121
816,summoner-276529,817,Didnt ask,Diamond 3,36,125,,95,96
817,summoner-7150141,818,Varaxo,Diamond 3,36,84,,95,107
818,summoner-5551046,819,LGC minkywhale,Diamond 3,35,68,,260,235
819,summoner-746241,820,Marriage,Diamond 3,35,151,,235,211
820,summoner-1820884,821,0519,Diamond 3,35,67,,193,181
821,summoner-5900441,822,768 Tizzy T,Diamond 3,35,58,,100,95
822,summoner-369278,823,Pia Pia Piu c,Diamond 3,35,57,,96,57
823,summoner-11056190,824,Vincent mD,Diamond 3,34,48,,97,67
824,summoner-628060,825,K1LD3Rn3S5,Diamond 3,33,97,,149,143
825,summoner-726540,826,Blue Cat,Diamond 3,33,69,,47,48
826,summoner-4861103,827,1998 12 19,Diamond 3,32,85,,324,286
827,summoner-12050439,828,aries zero,Diamond 3,32,36,,48,23
828,summoner-714034,829,Ton Chan,Diamond 3,31,124,,291,275
829,summoner-305787,830,Marshmallows,Diamond 3,31,74,,32,21
830,summoner-8462161,831,LongShorts,Diamond 3,30,101,,133,117
831,summoner-791847,832,Lıam,Diamond 3,30,57,,76,65
832,summoner-742684,833,FOOLS,Diamond 3,28,76,,122,116
833,summoner-280394,834,Say Yes,Diamond 3,27,96,,334,323
834,summoner-10071222,835,Rlng,Diamond 3,26,79,,229,194
835,summoner-872383,836,Lived,Diamond 3,26,92,,186,181
836,summoner-11142189,837,Lil Kush,Diamond 3,25,87,,143,135
837,summoner-3663235,838,El Jannah Garlic,Diamond 3,25,62,,142,137
838,summoner-5895606,839,LoMejorDeLoMejor,Diamond 3,25,63,,97,87
839,summoner-773359,840,Rooftop Dreams,Diamond 3,25,78,,88,65
840,summoner-304475,841,Daddy Daegyu,Diamond 3,25,69,,86,82
841,summoner-9240178,842,floppyfish278,Diamond 3,25,42,,85,22
842,summoner-405015,843,Vaporeon,Diamond 3,25,41,,58,44
843,summoner-9001697,844,op dot gg review,Diamond 3,25,42,,53,47
844,summoner-636352,845,Åkanø,Diamond 3,25,43,,50,47
845,summoner-11340322,846,Just Believe Zll,Diamond 3,24,93,,186,165
846,summoner-369623,847,Chingster Ming,Diamond 3,24,98,,49,33
847,summoner-235806,848,Dom,Diamond 3,24,56,,24,15
848,summoner-365597,849,Alpha Lupi,Diamond 3,23,100,,398,379
849,summoner-229272,850,AHYSI,Diamond 3,23,127,,346,347
850,summoner-4040527,851,Nyarth,Diamond 3,23,90,,217,214
851,summoner-503122,852,Volibear Bot2,Diamond 3,23,60,,198,160
852,summoner-11970347,853,1 Love,Diamond 3,23,43,,91,60
853,summoner-3012162,854,Eels,Diamond 3,23,121,,41,31
854,summoner-1772162,855,Diamond Ero,Diamond 3,22,59,,205,171
855,summoner-3053143,856,Imperceivable,Diamond 3,22,51,,156,118
856,summoner-235171,857,Reimú,Diamond 3,22,108,,37,24
857,summoner-509425,858,Yuzuke,Diamond 3,21,91,,115,90
858,summoner-600361,859,MT Void,Diamond 3,21,55,,108,103
859,summoner-466220,860,Rex602,Diamond 3,20,121,,258,241
860,summoner-6570534,861,Dale Denten,Diamond 3,20,82,,192,183
861,summoner-635952,862,Tengar,Diamond 3,20,97,,180,186
862,summoner-445658,863,Zeo,Diamond 3,20,104,,167,159
863,summoner-2262034,864,Main Top,Diamond 3,20,79,,138,117
864,summoner-399347,865,Plagué,Diamond 3,20,55,,128,125
865,summoner-226325,866,Charmander AU,Diamond 3,20,43,,104,73
866,summoner-722764,867,FunkZillah,Diamond 3,20,94,,61,46
867,summoner-11871110,868,s1ckle,Diamond 3,19,72,,197,156
868,summoner-287335,869,chookn,Diamond 3,19,45,,114,68
869,summoner-443508,870,Boobs,Diamond 3,19,80,,108,100
870,summoner-7680165,871,ORD Lelouch,Diamond 3,19,66,,106,66
871,summoner-404807,872,Liv,Diamond 3,19,46,,78,66
872,summoner-10280340,873,Leafeon,Diamond 3,19,41,,70,39
873,summoner-11080832,874,chaøs,Diamond 3,19,48,,42,30
874,summoner-430397,875,ElllaxX,Diamond 3,18,88,,341,351
875,summoner-223998,876,Woodsie,Diamond 3,18,85,,231,223
876,summoner-621278,877,Skrrrr,Diamond 3,18,72,,153,148
877,summoner-733562,878,Qúeef,Diamond 3,18,96,,144,123
878,summoner-2160127,879,Pica boo,Diamond 3,18,129,,118,91
879,summoner-6150835,880,Brontosaurus,Diamond 3,18,96,,101,84
880,summoner-6420294,881,MoonlitKaiser,Diamond 3,18,47,,93,68
881,summoner-479495,882,DeathByLlama,Diamond 3,18,89,,79,71
882,summoner-5920510,883,Ch4chi,Diamond 3,17,108,,90,72
883,summoner-275445,884,LAPD 911,Diamond 3,17,58,,90,79
884,summoner-11160289,885,th0mas,Diamond 3,17,48,,80,52
885,summoner-1363078,886,Sheldor73,Diamond 3,17,71,,79,76
886,summoner-1350309,887,TheMightyFruit,Diamond 3,16,92,,304,271
887,summoner-322389,888,Mystiiez,Diamond 3,16,80,,172,146
888,summoner-352703,889,Khysoar,Diamond 3,16,57,,144,128
889,summoner-442911,890,Payton,Diamond 3,16,93,,74,77
890,summoner-6231646,891,xXRayXx,Diamond 3,15,80,,148,102
891,summoner-223116,892,XternalRageX,Diamond 3,15,81,,90,87
892,summoner-459047,893,FÖCÜS,Diamond 3,14,89,,277,265
893,summoner-1811821,894,JBreezy,Diamond 3,14,67,,203,193
894,summoner-463325,895,MeMoMoMa,Diamond 3,14,48,,97,88
895,summoner-232022,896,Scroll,Diamond 3,14,61,,94,59
896,summoner-8970295,897,give me anxiety,Diamond 3,13,71,,201,211
897,summoner-10161398,898,with1drawn,Diamond 3,13,43,,58,31
898,summoner-7761629,899,Fállen,Diamond 3,12,85,,203,216
899,summoner-7200938,900,Hear,Diamond 3,12,48,,126,110
900,summoner-9120188,901,ShowMaker,Diamond 3,12,51,,55,52
901,summoner-287737,902,Intent,Diamond 3,12,66,,48,32
902,summoner-327877,903,never get role,Diamond 3,10,55,,99,93
903,summoner-395355,904,Fabulous,Diamond 3,10,48,,49,36
904,summoner-449928,905,Synli,Diamond 3,9,106,,362,367
905,summoner-900278,906,CurdledSilk,Diamond 3,9,89,,269,238
906,summoner-305147,907,Lightningsz,Diamond 3,9,54,,109,75
907,summoner-749975,908,RidicuIous,Diamond 3,9,35,,56,15
908,summoner-584744,909,Low APM Btw,Diamond 3,9,45,,28,17
909,summoner-2960362,910,Carypto,Diamond 3,8,106,,172,154
910,summoner-563813,911,Reina Kousaka,Diamond 3,8,41,,47,34
911,summoner-453513,912,Ronnald,Diamond 3,7,94,,208,193
912,summoner-1163135,913,SpinLord,Diamond 3,7,69,,104,95
913,summoner-284887,914,Emperor Ears,Diamond 3,7,84,,87,81
914,summoner-701380,915,Feshua owo,Diamond 3,7,56,,65,69
915,summoner-451889,916,ri Nin leiQVQ,Diamond 3,7,38,,57,48
916,summoner-402522,917,Kenste,Diamond 3,7,46,,50,35
917,summoner-220192,918,WE DEM BOYZZ,Diamond 3,6,75,,108,89
918,summoner-9741444,919,Miracle,Diamond 3,6,45,,98,72
919,summoner-1810791,920,Holly Mia,Diamond 3,6,92,,85,69
920,summoner-773372,921,Mryibaba,Diamond 3,4,101,,208,180
921,summoner-380314,922,Blurred,Diamond 3,4,61,,207,166
922,summoner-706024,923,ˉ w ˉ,Diamond 3,4,51,,111,93
923,summoner-1340624,924,Elude,Diamond 3,4,81,,72,66
924,summoner-326039,925,0ldm8legit,Diamond 3,4,40,,61,46
925,summoner-3140948,926,Necromancer,Diamond 3,3,72,,224,209
926,summoner-2910960,927,Jyza IV,Diamond 3,3,52,,136,101
927,summoner-228360,928,Dr Elementfluffy,Diamond 3,3,101,,91,75
928,summoner-5621748,929,CheeZeLord,Diamond 3,3,99,,89,68
929,summoner-4100151,930,Apologetic Noob,Diamond 3,3,54,,60,47
930,summoner-488654,931,BEEM0,Diamond 3,2,122,,105,106
931,summoner-7820275,932,KoBe 07,Diamond 3,1,89,,327,241
932,summoner-680188,933,IG Rook1e,Diamond 3,1,78,,285,253
933,summoner-8790826,934,imCodxx,Diamond 3,1,75,,264,223
934,summoner-3621562,935,mfis,Diamond 3,1,93,,122,123
935,summoner-11121305,936,ForsakenDreamz,Diamond 3,1,46,,64,51
936,summoner-747386,937,QiENimrod,Diamond 3,0,128,,396,379
937,summoner-984419,938,lllllllllll,Diamond 3,0,132,,364,358
938,summoner-1100599,939,godofapples,Diamond 3,0,90,,329,293
939,summoner-941171,940,Nomoreganks,Diamond 3,0,86,,312,293
940,summoner-1101353,941,Uncle Wesker,Diamond 3,0,135,,286,254
941,summoner-1373875,942,IIIIIIIIIIIIIlll,Diamond 3,0,100,,260,246
942,summoner-11241106,943,mLbQHenry,Diamond 3,0,71,,245,210
943,summoner-292160,944,Mystical Crayon,Diamond 3,0,107,,241,222
944,summoner-1170492,945,Myko,Diamond 3,0,109,,238,225
945,summoner-302914,946,Legends ND,Diamond 3,0,86,,229,180
946,summoner-1292193,947,fire kylin,Diamond 3,0,80,,213,182
947,summoner-6030152,948,Peppa Pig,Diamond 3,0,91,,209,204
948,summoner-7330143,949,Gakki or Satomi,Diamond 3,0,71,,192,177
949,summoner-660755,950,iJwang,Diamond 3,0,107,,191,192
950,summoner-503392,951,GoGoJuice98,Diamond 3,0,56,,167,139
951,summoner-11075233,952,held me down,Diamond 3,0,68,,164,167
952,summoner-3311812,953,Overlord1,Diamond 3,0,112,,163,125
953,summoner-1710466,954,Too Tru Fam,Diamond 3,0,79,,157,140
954,summoner-8661945,955,10CSPM,Diamond 3,0,50,,157,120
955,summoner-11820139,956,T eamo 33,Diamond 3,0,98,,154,120
956,summoner-11430289,957,Joe Miller,Diamond 3,0,90,,152,132
957,summoner-621191,958,AoiTora,Diamond 3,0,65,,151,113
958,summoner-10260750,959,hypebeastakito,Diamond 3,0,94,,148,114
959,summoner-315654,960,ragepoo,Diamond 3,0,64,,142,123
960,summoner-507532,961,Phoed,Diamond 3,0,130,,140,128
961,summoner-312659,962,NightMare324,Diamond 3,0,69,,138,139
962,summoner-292904,963,Pecha Berry,Diamond 3,0,90,,136,126
963,summoner-230856,964,Reznor,Diamond 3,0,74,,133,122
964,summoner-11220678,965,KingGodYasuo,Diamond 3,0,48,,129,93
965,summoner-8212923,966,wRayZxMan,Diamond 3,0,86,,127,118
966,summoner-1680225,967,Exiled,Diamond 3,0,138,,121,120
967,summoner-571560,968,Paths of Pain,Diamond 3,0,98,,118,117
968,summoner-11140408,969,Fuggines,Diamond 3,0,47,,118,90
969,summoner-870924,970,Ćonqseºrør,Diamond 3,0,54,,112,112
970,summoner-439711,971,Ace in the Hole,Diamond 3,0,98,,111,111
971,summoner-331592,972,Lehm The BM,Diamond 3,0,65,,100,72
972,summoner-438508,973,Maximoo,Diamond 3,0,115,,85,83
973,summoner-239171,974,Hunt,Diamond 3,0,107,,80,58
974,summoner-579944,975,OKtiger,Diamond 3,0,45,,74,79
975,summoner-365660,976,TL Vladimir,Diamond 3,0,78,,72,61
976,summoner-5902458,977,Larxene XII,Diamond 3,0,39,,70,40
977,summoner-281946,978,The Gom,Diamond 3,0,54,,68,40
978,summoner-4530378,979,Smlz 0v0,Diamond 3,0,96,,65,48
979,summoner-580828,980,My Jg Is Retard,Diamond 3,0,86,,64,48
980,summoner-1880974,981,Byrone,Diamond 3,0,102,,64,59
981,summoner-3520141,982,15x scope Kar98k,Diamond 3,0,91,,61,46
982,summoner-3592244,983,Qonnect,Diamond 3,0,68,,60,57
983,summoner-8610583,984,ShaIItear,Diamond 3,0,44,,59,61
984,summoner-8870219,985,GZ Cadence,Diamond 3,0,102,,59,45
985,summoner-441412,986,QASWEFRGTHJMFDF,Diamond 3,0,105,,53,38
986,summoner-300644,987,김정은,Diamond 3,0,92,,51,49
987,summoner-397305,988,Amen1001,Diamond 3,0,45,,50,42
988,summoner-6931874,989,HoIo,Diamond 3,0,44,,49,42
989,summoner-1380274,990,Ohgee,Diamond 3,0,57,,49,16
990,summoner-325988,991,The Expanse,Diamond 3,0,44,,42,37
991,summoner-451639,992,Miracle Jgg,Diamond 3,0,128,,38,23
992,summoner-931236,993,Melîodas,Diamond 4,100,118,,259,269
993,summoner-306944,994,ßlyth,Diamond 4,100,65,,169,148
994,summoner-476353,995,Hiiamacatt,Diamond 4,100,73,,157,134
995,summoner-431518,996,Hachimitsu,Diamond 4,100,111,,127,114
996,summoner-1170133,997,Zypher,Diamond 4,100,116,,103,91
997,summoner-404798,998,Mazikeen,Diamond 4,100,65,,85,80
998,summoner-8930296,999,P1kaqiu,Diamond 4,100,44,,85,61
999,summoner-380500,1000,Vpn Boi,Diamond 4,100,91,,72,50
