#timestamp 1529712035288
#date 2018-06-23T00:00:35+00:00
#players 1000
#index,id,rank,name,tier,lp,level,proTeam,win,loss
0,summoner-30950217,1,Necromartin,Challenger,1346,92,,271,188
1,summoner-114456,2,Just Milánek,Challenger,1064,118,,191,126
2,summoner-67237036,3,DawidaZ314,Challenger,1038,67,,172,121
3,summoner-46571745,4,Challenger Riven,Challenger,1032,65,,171,115
4,summoner-56366993,5,Inferiorities,Challenger,1019,132,,395,305
5,summoner-34366642,6,Zest of a Lemon,Challenger,993,83,,153,98
6,summoner-68577868,7,The FearDrug,Challenger,987,51,,128,73
7,summoner-35488076,8,Thomasive,Challenger,967,157,,340,291
8,summoner-19912631,9,balagan,Challenger,933,83,,178,131
9,summoner-30354925,10,S4breTooth,Challenger,916,69,,177,130
10,summoner-29947317,11,LC Specialkey,Challenger,915,89,,125,71
11,summoner-54937799,12,I am LeBron,Challenger,907,95,,386,334
12,summoner-25251096,13,Erring,Challenger,898,108,,181,126
13,summoner-36174939,14,Orochimâru,Challenger,881,85,,182,123
14,summoner-41255766,15,Trenie,Challenger,846,62,,216,161
15,summoner-32276072,16,Drutut,Challenger,802,86,,171,126
16,summoner-29626431,17,Egé,Challenger,795,91,,114,71
17,summoner-42337826,18,ŃightFury,Challenger,786,57,,122,72
18,summoner-43537063,19,INFINITIUM,Challenger,776,103,,246,197
19,summoner-38799811,20,VinTreZ,Challenger,773,81,,223,179
20,summoner-41719668,21,Hide On Ãütism,Challenger,773,120,,152,95
21,summoner-68397877,22,thícc boy,Challenger,747,135,,553,484
22,summoner-20911182,23,Mortar2,Challenger,719,75,,208,164
23,summoner-22424102,24,Dat Guy M0arcin,Challenger,716,81,,223,173
24,summoner-31258700,25,SenuaI,Challenger,707,133,,174,130
25,summoner-27638198,26,Samyaza3,Challenger,705,71,,137,101
26,summoner-35839428,27,Dudî,Challenger,696,84,,149,104
27,summoner-29560341,28,Cougar,Challenger,686,105,,285,235
28,summoner-51510795,29,Psych0social,Challenger,677,105,,244,192
29,summoner-24217661,30,43178261271,Challenger,669,60,,126,79
30,summoner-37803083,31,Adryeh,Challenger,648,110,,229,189
31,summoner-36034843,32,Whírlwind,Challenger,638,97,,246,204
32,summoner-24537185,33,Sgt Reckface,Challenger,617,66,,127,83
33,summoner-41373137,34,Tanya Degurechaf,Challenger,627,130,,243,202
34,summoner-32525539,35,solony1,Challenger,626,118,,437,393
35,summoner-42310753,36,septico1,Challenger,625,140,,297,257
36,summoner-22488792,37,THR Vioreleeee,Challenger,624,78,,101,65
37,summoner-27260328,38,FizzCantCarry Q8,Challenger,617,107,,184,134
38,summoner-30034043,39,Ztreetboy,Challenger,617,48,,134,75
39,summoner-25559670,40,CeKa,Challenger,613,85,,320,252
40,summoner-35473029,41,Yuno Gasai,Challenger,611,174,,162,121
41,summoner-28117164,42,7h3blu3,Challenger,610,144,,254,216
42,summoner-29126866,43,Askarek,Challenger,605,98,,321,284
43,summoner-33502635,44,Alek22,Challenger,605,98,,294,255
44,summoner-24304145,45,ShatterNightmare,Challenger,605,118,,227,195
45,summoner-36586403,46,DJfaby,Challenger,596,83,,114,73
46,summoner-30869288,47,Hitman1771,Challenger,593,97,,382,321
47,summoner-38198493,48,Virtuøso,Challenger,591,130,,254,213
48,summoner-30739384,49,Saya NΥX,Challenger,590,85,,140,96
49,summoner-24211787,50,45620 321,Challenger,589,53,,143,109
50,summoner-33845373,51,14133029,Challenger,586,93,,165,141
51,summoner-54125134,52,DeIusion,Challenger,585,143,,299,255
52,summoner-41188305,53,RABANUS XDD,Challenger,579,87,,293,256
53,summoner-37847164,54,Dekkon,Challenger,570,80,,144,115
54,summoner-29933647,55,Bryce Walker,Challenger,569,100,,256,213
55,summoner-35483267,56,DIAMOND BTW,Challenger,564,69,,167,123
56,summoner-19708054,57,Heals1ut,Challenger,563,63,,139,93
57,summoner-24294620,58,Cant ToUcH DiS,Challenger,554,130,,228,186
58,summoner-62294050,59,MixepSRB,Challenger,547,94,,266,226
59,summoner-68037994,60,Tilen Perko,Challenger,546,45,,114,53
60,summoner-69116222,61,Vestas,Challenger,543,45,,116,55
61,summoner-22901643,62,Black Pete,Challenger,542,80,,283,242
62,summoner-21445018,63,lykku,Challenger,540,71,,110,75
63,summoner-54973039,64,Kristijan King,Challenger,539,171,,789,741
64,summoner-32164198,65,Trap40,Challenger,537,96,,291,258
65,summoner-20768545,66,Keàsar,Challenger,533,93,,188,148
66,summoner-62796707,67,Yasuxery,Challenger,529,48,,156,80
67,summoner-62512964,68,Songu,Challenger,528,88,,144,118
68,summoner-37619582,69,DareDévil,Challenger,527,235,,106,68
69,summoner-43463469,70,Niinja,Challenger,524,125,,508,463
70,summoner-32706014,71,MyxiR,Challenger,520,88,,222,192
71,summoner-59184238,72,Awesome Giovanni,Challenger,517,108,,189,149
72,summoner-33354090,73,krul rafcio,Challenger,517,64,,153,113
73,summoner-37834995,74,Sl Karapanos,Challenger,516,113,,150,109
74,summoner-30363029,75,ku5h420igniteit,Challenger,512,87,,206,175
75,summoner-36926878,76,Zenap,Challenger,512,123,,168,127
76,summoner-34647447,77,Thebausffs,Challenger,511,78,,122,88
77,summoner-61222996,78,A4e v2,Challenger,508,161,,543,512
78,summoner-43062702,79,iTq,Challenger,508,101,,323,277
79,summoner-20517918,80,Craz,Challenger,507,44,,91,49
80,summoner-39596221,81,1Tyr,Challenger,505,72,,184,133
81,summoner-34096414,82,Gwiazda11,Challenger,504,117,,487,424
82,summoner-52638381,83,BITE Petipino,Challenger,500,91,,230,195
83,summoner-44103732,84,olikaan,Challenger,499,138,,204,173
84,summoner-36880627,85,Kizuro,Challenger,496,70,,143,116
85,summoner-54973046,86,Hatred The Daddy,Challenger,495,60,,222,146
86,summoner-36359863,87,Kysek,Challenger,492,67,,104,61
87,summoner-40824749,88,SECODE,Challenger,491,67,,127,93
88,summoner-27682983,89,Hantá,Challenger,488,55,,163,127
89,summoner-35076517,90,Boots of Speed,Challenger,482,76,,244,210
90,summoner-49505896,91,xflaidy,Challenger,482,106,,194,156
91,summoner-33613346,92,Teh,Challenger,481,97,,91,57
92,summoner-37339075,93,NoBrainVayneMain,Challenger,480,105,,340,301
93,summoner-40170634,94,Icetan,Challenger,476,90,,126,89
94,summoner-34916156,95,Alcoholic,Challenger,469,86,,113,70
95,summoner-30110835,96,PoN,Challenger,462,117,,212,175
96,summoner-25529425,97,Th3BaBaDo0K,Challenger,458,170,,660,628
97,summoner-40027898,98,Gery Nikol,Challenger,458,138,,123,81
98,summoner-40358396,99,BDS Laudon,Challenger,457,118,,249,206
99,summoner-30124073,100,VoidlingGeneral,Challenger,457,112,,191,153
100,summoner-36647726,101,XartiX 420,Challenger,455,65,,296,164
101,summoner-23400758,102,Hardustriel,Challenger,455,123,,213,175
102,summoner-35716576,103,Ôzen,Challenger,454,144,,187,143
103,summoner-68728548,104,adalbarthasdine,Challenger,452,42,,111,59
104,summoner-72743432,105,Low Nine,Challenger,450,52,,146,88
105,summoner-39257803,106,StayHumble,Challenger,449,149,,223,196
106,summoner-28928793,107,StoneGuard,Challenger,447,117,,142,113
107,summoner-31921889,108,xDamon Salvatore,Challenger,439,90,,202,166
108,summoner-23214988,109,NXG Legion,Challenger,439,68,,142,106
109,summoner-43603496,110,Baldikshir,Challenger,434,60,,170,135
110,summoner-24746936,111,Shine001k,Challenger,434,77,,133,95
111,summoner-42321931,112,Şhy Zerø tωo,Challenger,431,66,,88,52
112,summoner-70182989,113,Midlane Outsider,Challenger,429,119,,226,194
113,summoner-35304360,114,Capcioc,Challenger,420,121,,156,120
114,summoner-70713941,115,Lenka fanboy,Challenger,440,64,,140,100
115,summoner-72173097,116,KY Leo,Challenger,417,117,,244,220
116,summoner-26347442,117,Levís,Challenger,417,74,,151,116
117,summoner-53826633,118,GS RekitRalf,Challenger,416,98,,170,138
118,summoner-43168575,119,MM Revenger,Challenger,414,123,,195,162
119,summoner-40385818,120,Richor,Challenger,414,68,,177,151
120,summoner-26053958,121,FonikiKouradoula,Challenger,413,125,,499,467
121,summoner-68838041,122,remundahilmorga,Challenger,413,77,,178,142
122,summoner-31793915,123,Zazapp,Challenger,411,52,,165,98
123,summoner-70596075,124,HakunaMattatta,Challenger,410,70,,229,193
124,summoner-48645710,125,JoinedandPlayed,Challenger,410,57,,159,119
125,summoner-34059489,126,Ψ NinjaDoge Ψ,Challenger,409,100,,178,139
126,summoner-24385272,127,Yashiru,Challenger,408,67,,196,159
127,summoner-19899632,128,BedvolfAgarwaen,Challenger,408,62,,102,66
128,summoner-26405360,129,TLP Coatpustmain,Challenger,407,87,,288,245
129,summoner-35791510,130,CSTADYHONZA,Challenger,407,97,,211,176
130,summoner-34020838,131,C9 Norgod,Challenger,407,91,,120,86
131,summoner-32497510,132,Hayp,Challenger,405,63,,246,196
132,summoner-23833294,133,Senafir,Challenger,405,105,,147,109
133,summoner-31919733,134,shyvtaric,Challenger,403,103,,361,343
134,summoner-30738266,135,torpick,Challenger,402,71,,260,232
135,summoner-30818415,136,UrbanekShow,Challenger,401,79,,220,186
136,summoner-21147121,137,ParowózTomek,Challenger,401,70,,78,41
137,summoner-38499311,138,ZXY,Challenger,400,62,,220,148
138,summoner-66606846,139,SpeeDDu,Challenger,397,53,,125,91
139,summoner-27247414,140,Charca,Challenger,396,73,,87,45
140,summoner-33973961,141,ZYX Famas,Challenger,395,96,,204,165
141,summoner-42322373,142,HELLAS Tranquil,Challenger,395,63,,174,131
142,summoner-29018603,143,Yourself5times,Challenger,394,93,,252,224
143,summoner-38009638,144,VasterOfKled,Challenger,394,87,,207,167
144,summoner-27242434,145,kakosicek,Challenger,390,115,,348,315
145,summoner-24503452,146,EU AnimalTrainer,Challenger,390,86,,240,187
146,summoner-54458064,147,Yerllo,Challenger,390,118,,212,172
147,summoner-71374980,148,beamer bøy,Challenger,386,56,,188,135
148,summoner-31434850,149,eL Maquk,Challenger,385,89,,163,125
149,summoner-63133663,150,Patâ,Challenger,385,65,,163,128
150,summoner-31337125,151,TheStrzelba,Challenger,399,132,,583,539
151,summoner-37915705,152,Trust46,Challenger,382,93,,261,224
152,summoner-40604579,153,Lυnatıc,Challenger,378,81,,305,206
153,summoner-42358639,154,Divine Interoid,Challenger,378,72,,240,211
154,summoner-45293753,155,M4CI3KunluckyTOP,Challenger,362,100,,196,163
155,summoner-31929469,156,Kazemitra,Challenger,373,126,,494,470
156,summoner-22428390,157,Skinny dipper,Challenger,372,60,,202,172
157,summoner-38716840,158,ETMS Aidamák,Challenger,370,150,,357,319
158,summoner-55649332,159,sxzoR,Challenger,347,162,,524,497
159,summoner-21652445,160,WADOWICKA BESTIA,Challenger,367,70,,216,137
160,summoner-41963589,161,Catstyle,Challenger,366,74,,211,181
161,summoner-24277714,162,pYemuL,Challenger,362,58,,173,139
162,summoner-27865746,163,ChosenONF1rE,Challenger,361,85,,304,281
163,summoner-30798969,164,malcom v1,Challenger,360,123,,208,178
164,summoner-44754808,165,Lolofontello,Challenger,358,113,,405,382
165,summoner-61002976,166,Chains,Challenger,356,121,,354,321
166,summoner-62475364,167,BarrelBros,Challenger,354,57,,133,86
167,summoner-72576440,168,Laitnoir,Challenger,352,42,,80,28
168,summoner-71318597,169,OneLastBreath,Challenger,349,60,,217,162
169,summoner-24287131,170,Myštić,Challenger,349,88,,108,65
170,summoner-38490045,171,Grk 3 Tears,Challenger,348,55,,102,76
171,summoner-27889019,172,KSV MID CROWN,Challenger,347,86,,324,282
172,summoner-41542670,173,Dositej Colamax,Challenger,346,63,,74,36
173,summoner-38074727,174,Tigric2000,Challenger,344,104,,304,279
174,summoner-40734816,175,matiz4win,Challenger,342,88,,175,138
175,summoner-21704109,176,EuneAnimallul,Challenger,339,96,,232,196
176,summoner-31140082,177,Jadelit,Challenger,338,91,,245,215
177,summoner-28984810,178,prodajnica,Challenger,338,50,,76,37
178,summoner-48117052,179,NeverLucky JJ,Challenger,332,108,,417,379
179,summoner-52463268,180,JACKET IS MINE,Challenger,332,84,,316,292
180,summoner-39927024,181,Qythien,Challenger,332,83,,150,107
181,summoner-31237269,182,IP ZoldieVi,Challenger,330,107,,207,151
182,summoner-39653179,183,C9 Giubi,Challenger,329,72,,235,200
183,summoner-25837064,184,BIedis,Challenger,328,86,,365,323
184,summoner-23357637,185,CRO WONDERKID,Challenger,327,79,,99,45
185,summoner-21868113,186,SilvenX,Challenger,326,106,,373,335
186,summoner-23815734,187,Wisakoy,Challenger,326,89,,241,210
187,summoner-32675866,188,sC Stefan,Challenger,326,114,,92,55
188,summoner-24133504,189,Kokokomando,Challenger,325,72,,227,196
189,summoner-34256698,190,pàntérra v2,Challenger,324,97,,156,116
190,summoner-30304141,191,Dżankos Smurf,Challenger,324,76,,125,92
191,summoner-19360640,192,Masochista,Challenger,323,96,,179,136
192,summoner-30226164,193,Fr0m 0 2 Her0,Challenger,323,62,,153,126
193,summoner-24734846,194,De Grandes,Challenger,323,67,,136,100
194,summoner-33015585,195,Wolf and a Lamb,Challenger,322,104,,225,201
195,summoner-37953579,196,Wieledrog,Challenger,322,91,,186,149
196,summoner-24320283,197,Commander Lexa,Challenger,321,55,,172,139
197,summoner-25524501,198,Arch Nemesis,Challenger,321,47,,111,78
198,summoner-61382972,199,Flamy v5,Challenger,317,99,,186,158
199,summoner-24545582,200,váha,Challenger,315,129,,304,277
200,summoner-49689206,201,TheDoffy,Master,328,104,,316,288
201,summoner-24252613,202,Talkoś,Master,318,64,,136,101
202,summoner-32277551,203,TL Playmaker,Master,316,166,,669,639
203,summoner-47802316,204,Jôn Snow,Master,316,95,,181,148
204,summoner-19145963,205,BuBBlehun,Master,316,54,,123,78
205,summoner-29001286,206,Dąbek1,Master,308,102,,327,297
206,summoner-41232411,207,PASÒK,Master,306,91,,248,180
207,summoner-25834373,208,94716,Master,304,74,,245,208
208,summoner-26990156,209,SIENIOPAS,Master,304,80,,205,180
209,summoner-72532970,210,Aki Senpai,Master,302,89,,190,159
210,summoner-32854718,211,Xayol v2,Master,302,55,,107,69
211,summoner-40227793,212,xLaur13x,Master,294,91,,159,124
212,summoner-21180291,213,Jollteon,Master,292,183,,270,241
213,summoner-48613864,214,Hi Im Fali,Master,285,85,,276,205
214,summoner-41186365,215,Void Is So Empty,Master,285,137,,209,181
215,summoner-41829004,216,Hodný Vlk,Master,283,83,,187,161
216,summoner-24199070,217,zamzu,Master,282,90,,224,184
217,summoner-69503652,218,Knife Cat 420,Master,280,67,,257,205
218,summoner-26899838,219,Jarzynski,Master,297,140,,223,198
219,summoner-41865371,220,DarIing,Master,277,64,,227,142
220,summoner-43110478,221,Annie IRL,Master,276,168,,401,376
221,summoner-30902324,222,Nicram,Master,276,119,,190,166
222,summoner-24399731,223,Filip02,Master,272,107,,290,265
223,summoner-32978996,224,Pivotek,Master,270,89,,350,269
224,summoner-69253007,225,Wétru,Master,270,111,,196,166
225,summoner-70453402,226,MoonLandinEzreal,Master,269,84,,295,228
226,summoner-43363830,227,SunriSSe1,Master,269,140,,132,98
227,summoner-33093065,228,EmdielGG,Master,282,106,,378,360
228,summoner-38040775,229,TheHaccer13,Master,263,59,,153,124
229,summoner-48285573,230,Frost Edy,Master,258,89,,206,178
230,summoner-19986326,231,LordVladimirus,Master,258,73,,196,172
231,summoner-36915090,232,Grima,Master,257,98,,359,323
232,summoner-29506183,233,16yo ToxicFckboy,Master,257,91,,192,159
233,summoner-39680037,234,FeelsDunkedMan,Master,255,120,,353,322
234,summoner-20779068,235,Vrasta,Master,255,105,,154,120
235,summoner-29756949,236,Amir Kebab Rip,Master,239,88,,230,193
236,summoner-224731,237,niszczyciel,Master,251,63,,139,109
237,summoner-54123780,238,martonbulatko,Master,250,88,,200,166
238,summoner-25469960,239,Stumpybuumer,Master,249,101,,150,120
239,summoner-23319183,240,Wechat Elovator,Master,249,46,,138,85
240,summoner-21776015,241,Twerk For Gank,Master,249,50,,115,71
241,summoner-29954113,242,GodFree,Master,248,117,,226,203
242,summoner-41649116,243,Faker Dog v2,Master,247,50,,114,113
243,summoner-54757552,244,DankMilky,Master,247,75,,101,68
244,summoner-29483874,245,BDS bobiistaa,Master,243,113,,369,341
245,summoner-26959187,246,Âmidamaru,Master,246,82,,262,230
246,summoner-32497639,247,Son Goku,Master,246,84,,212,186
247,summoner-311278,248,Savage Pigeon,Master,245,153,,283,252
248,summoner-23345860,249,KiF1a,Master,245,73,,185,164
249,summoner-37105357,250,Daraaka123,Master,230,53,,167,99
250,summoner-32953063,251,Hi im Taka,Master,243,89,,226,195
251,summoner-19867011,252,Sebbedan,Master,239,63,,87,57
252,summoner-71988030,253,Kososanity,Master,237,47,,151,99
253,summoner-39691163,254,Sha D Clone,Master,236,92,,142,102
254,summoner-30960083,255,i am flo,Master,234,72,,92,59
255,summoner-52685879,256,Memøry,Master,231,116,,258,209
256,summoner-38767154,257,Fiery Dust,Master,230,113,,165,145
257,summoner-72374470,258,IKneelOnlyToGod,Master,227,59,,176,136
258,summoner-25984594,259,PRE OmulFinn,Master,226,123,,372,330
259,summoner-33909458,260,AzianoCZ,Master,225,65,,193,159
260,summoner-42461154,261,iG Dreedy,Master,225,74,,119,103
261,summoner-20093613,262,IS1d30431af74fbd,Master,224,47,,111,85
262,summoner-33333791,263,MonsterTier,Master,222,105,,408,396
263,summoner-44457343,264,115kg MARKSMAN,Master,222,116,,302,269
264,summoner-57147850,265,ƒrost,Master,221,116,,280,258
265,summoner-49476762,266,Aster,Master,219,83,,191,162
266,summoner-39803017,267,legendari22,Master,216,98,,197,166
267,summoner-41065582,268,Saloez,Master,214,74,,252,214
268,summoner-34087306,269,Maga,Master,212,119,,387,345
269,summoner-22030635,270,RossG7,Master,212,108,,156,123
270,summoner-38122606,271,Minmaxer,Master,209,111,,419,398
271,summoner-23402936,272,kurtdenstore,Master,209,49,,129,101
272,summoner-29646879,273,AHS8,Master,205,66,,268,239
273,summoner-38646934,274,Mateusss smurf,Master,224,52,,135,87
274,summoner-51764533,275,Wallin,Master,200,92,,144,105
275,summoner-34886646,276,Agirdi ko ziuri,Master,199,79,,378,291
276,summoner-27294577,277,XxAronxX,Master,199,89,,301,274
277,summoner-32634015,278,Ponzu,Master,199,56,,107,77
278,summoner-54517674,279,Dexa497,Master,198,56,,101,62
279,summoner-40749652,280,DON Detor,Master,196,117,,181,154
280,summoner-38459984,281,Nivelenn,Master,195,85,,280,264
281,summoner-40761190,282,DON ProbleemxD,Master,194,111,,181,155
282,summoner-38405754,283,eR Petrásek,Master,193,146,,139,109
283,summoner-25594275,284,Anapsokwlias,Master,189,113,,303,266
284,summoner-33768429,285,Píngwin,Master,187,120,,237,207
285,summoner-42312343,286,Vertí,Master,186,102,,136,105
286,summoner-29764123,287,NaèbanyMÍstrzu,Master,184,115,,287,254
287,summoner-22712849,288,Valar Dohaerís,Master,183,86,,224,192
288,summoner-19493533,289,Jarmy,Master,167,80,,212,174
289,summoner-35444016,290,JusTSkiLLzZ,Master,183,96,,159,140
290,summoner-41456515,291,RIE Dugo,Master,182,53,,99,78
291,summoner-26565340,292,ÒG Mérciless,Master,181,116,,277,257
292,summoner-23791258,293,DoDo senpai,Master,181,86,,129,93
293,summoner-33959520,294,xMid or Nuke,Master,179,63,,129,103
294,summoner-38605595,295,Nicki Benz,Master,178,57,,139,103
295,summoner-40754180,296,Sάωαηο,Master,177,135,,386,353
296,summoner-40203376,297,TopAp4cz,Master,175,137,,283,260
297,summoner-58905962,298,LeeSinToMyPings,Master,175,80,,164,135
298,summoner-23434374,299,xXKertoXx,Master,175,79,,162,103
299,summoner-24502829,300,dragonn74,Master,174,101,,420,381
300,summoner-62573177,301,ED Ye Qiu,Master,174,92,,419,362
301,summoner-43494933,302,KY Ada,Master,171,81,,168,127
302,summoner-52336189,303,Complain,Master,168,64,,132,99
303,summoner-26803517,304,Humble Healer,Master,167,85,,331,310
304,summoner-28531153,305,Fl4p3k,Master,167,78,,236,214
305,summoner-43879253,306,Troxen,Master,167,92,,196,179
306,summoner-22718673,307,egirl slayer 420,Master,166,87,,225,190
307,summoner-38227985,308,Röyhkeä,Master,166,82,,116,80
308,summoner-44377634,309,Lοtus,Master,165,130,,258,233
309,summoner-43591549,310,Ðexter,Master,164,117,,231,201
310,summoner-31178204,311,depressed ad,Master,164,120,,142,107
311,summoner-47936016,312,Mortain,Master,163,116,,217,178
312,summoner-40164810,313,A B U D,Master,163,90,,179,153
313,summoner-19790765,314,Taxi Naser,Master,162,117,,426,395
314,summoner-21843031,315,Boys Do Cry,Master,162,67,,209,185
315,summoner-49861951,316,Sveronis,Master,162,52,,195,65
316,summoner-25874625,317,Túróstészta,Master,162,84,,176,153
317,summoner-22362343,318,Kroliczekk,Master,159,127,,264,238
318,summoner-20079073,319,Again the Same,Master,159,79,,208,179
319,summoner-58175288,320,xDoggieSx,Master,178,91,,202,170
320,summoner-27811008,321,Bírkí,Master,159,84,,193,163
321,summoner-21039791,322,Zombilau,Master,158,87,,267,257
322,summoner-45693791,323,LeBalance,Master,157,143,,327,300
323,summoner-21458888,324,Irod,Master,157,70,,116,83
324,summoner-45776022,325,nleTV,Master,156,77,,324,252
325,summoner-71842996,326,SchwerdG,Master,156,59,,179,124
326,summoner-69156140,327,Kiyotaka,Master,156,48,,152,99
327,summoner-72416267,328,jeonggeul uiwang,Master,155,57,,196,140
328,summoner-34876945,329,QQ Mati,Master,155,90,,124,101
329,summoner-30695393,330,Koczis,Master,154,54,,90,58
330,summoner-36244072,331,1453 PepeHands,Master,151,105,,298,275
331,summoner-20433541,332,Amant z Sosnowca,Master,151,89,,273,242
332,summoner-24700982,333,Czaraf,Master,151,83,,271,244
333,summoner-25595710,334,Newb4610,Master,151,85,,143,110
334,summoner-175104,335,Tydor,Master,137,48,,102,54
335,summoner-33726754,336,Murskauskone3000,Master,150,67,,246,192
336,summoner-28691827,337,LFT Puppe,Master,149,111,,173,142
337,summoner-70688522,338,Juliα,Master,148,93,,258,217
338,summoner-24308225,339,Losing Saníty,Master,147,53,,187,114
339,summoner-59194680,340,MiiaBestLamia,Master,146,89,,294,273
340,summoner-26517392,341,DG Soul,Master,146,72,,60,31
341,summoner-32736705,342,Alistar is Cow,Master,145,109,,87,63
342,summoner-30085498,343,Kewl Bat,Master,144,67,,206,182
343,summoner-24426105,344,xEchy,Master,144,63,,177,150
344,summoner-21425598,345,CedRa,Master,143,78,,178,156
345,summoner-31264198,346,hi im todzio,Master,143,68,,114,95
346,summoner-28178174,347,samz0r,Master,142,80,,232,207
347,summoner-47353389,348,iMrPresident,Master,141,173,,515,480
348,summoner-38796534,349,Hjeern,Master,141,101,,246,223
349,summoner-41645583,350,TryMeBG,Master,140,89,,380,299
350,summoner-32276830,351,BlindMasteRr,Master,140,84,,296,263
351,summoner-31738066,352,Kallukka,Master,138,92,,293,263
352,summoner-32266483,353,Tyexus,Master,138,102,,285,253
353,summoner-57694673,354,Jacob vo vani,Master,138,50,,118,85
354,summoner-34373450,355,pintek pl,Master,136,96,,246,208
355,summoner-35437975,356,Beast Zed Mid,Master,136,89,,166,143
356,summoner-37310714,357,Sylko,Master,136,88,,159,134
357,summoner-22571774,358,Makos,Master,136,114,,149,128
358,summoner-26926091,359,ReLic7us,Master,136,73,,142,122
359,summoner-20145328,360,Amerasu,Master,134,98,,173,147
360,summoner-63747327,361,3 Stars 1 Dragon,Master,134,43,,71,40
361,summoner-25804900,362,paszkos,Master,133,112,,426,399
362,summoner-34870972,363,Spiks Fanb0y,Master,132,133,,432,419
363,summoner-70417188,364,Neko East,Master,132,86,,324,293
364,summoner-38614643,365,YoLoN,Master,132,82,,285,259
365,summoner-21129318,366,Hyperíon,Master,132,135,,173,157
366,summoner-37253320,367,Craz1rabitMPAMPA,Master,132,67,,122,101
367,summoner-66943040,368,Je T Aime Trop,Master,132,46,,64,37
368,summoner-35785372,369,TOMage,Master,131,69,,203,186
369,summoner-72505969,370,Pz ΖZang,Master,131,46,,131,69
370,summoner-30464270,371,V5 Sentinel,Master,150,104,,217,185
371,summoner-25142065,372,iNaffuu,Master,128,59,,168,149
372,summoner-33997861,373,Lil Tom,Master,127,59,,103,79
373,summoner-38629296,374,Buszux,Master,125,74,,177,141
374,summoner-28167733,375,oslerCZ,Master,124,93,,271,219
375,summoner-24640007,376,hi im neves,Master,123,98,,299,273
376,summoner-21142220,377,GodSoap,Master,123,93,,270,248
377,summoner-38555321,378,NobodyLovesM3,Master,141,87,,166,129
378,summoner-24519136,379,Mirevin,Master,122,90,,301,270
379,summoner-24538556,380,GeneralJohny,Master,121,174,,375,355
380,summoner-21877641,381,Kreeyu,Master,121,73,,346,319
381,summoner-30839206,382,D4ynight,Master,121,106,,308,291
382,summoner-32307429,383,Deizlo,Master,121,73,,230,206
383,summoner-29213366,384,itZ A4ron,Master,121,97,,134,105
384,summoner-30350053,385,Clone Jester,Master,121,102,,132,104
385,summoner-27267596,386,Onys the ťulda,Master,138,99,,305,274
386,summoner-21309312,387,Linley Baruch,Master,120,76,,196,126
387,summoner-43502680,388,Crea,Master,120,80,,156,134
388,summoner-29345064,389,AooShin,Master,120,98,,124,105
389,summoner-22114521,390,Br0kk,Master,119,94,,199,184
390,summoner-35086934,391,Joonatan,Master,118,98,,201,158
391,summoner-38564431,392,PingviinsLv,Master,118,72,,144,116
392,summoner-26498433,393,CTF Manatee,Master,117,88,,234,201
393,summoner-34990484,394,Shijnder,Master,117,151,,128,108
394,summoner-34705189,395,hi its Albatross,Master,116,85,,98,73
395,summoner-29088317,396,Norbiso Dog,Master,113,52,,97,76
396,summoner-35742411,397,elofactory com,Master,112,54,,143,93
397,summoner-38788159,398,uniporn,Master,112,83,,141,121
398,summoner-30955779,399,StormRagez,Master,111,78,,381,367
399,summoner-46849163,400,LewaRenkaBoga,Master,111,118,,300,282
400,summoner-31795487,401,FA21TH,Master,110,91,,291,263
401,summoner-42693498,402,Terrorysta1,Master,109,72,,264,130
402,summoner-33533249,403,vukojarac,Master,94,87,,168,150
403,summoner-19665363,404,Schp,Master,108,58,,119,85
404,summoner-36835782,405,Lignio,Master,107,113,,126,108
405,summoner-20584723,406,KorShack,Master,107,92,,108,81
406,summoner-19074566,407,íÎì Stark,Master,125,70,,255,226
407,summoner-22870085,408,Jake Banks,Master,106,70,,130,98
408,summoner-37255951,409,Marlley,Master,105,136,,427,407
409,summoner-34940601,410,fetusismydinner,Master,105,95,,300,273
410,summoner-22164949,411,Fliper,Master,105,69,,177,152
411,summoner-44765346,412,L9 Kvasna,Master,105,64,,142,117
412,summoner-35461398,413,Conaaa,Master,103,94,,366,352
413,summoner-28326387,414,UNQ Kubson,Master,103,110,,212,179
414,summoner-41989610,415,GNîDîS,Master,102,63,,168,139
415,summoner-27134795,416,True Wanderer,Master,102,39,,83,42
416,summoner-60894781,417,kesteen,Master,101,74,,204,162
417,summoner-29847233,418,EvilxHyper1v9,Master,100,98,,134,113
418,summoner-27571811,419,MaM FaJnE UlTi,Master,99,53,,111,88
419,summoner-26467183,420,LilaPaυse,Master,97,116,,342,329
420,summoner-52156665,421,gibe pusi b0ss,Master,95,77,,340,274
421,summoner-31727926,422,WAZZAPPPPPPPPPP,Master,95,63,,187,140
422,summoner-52516246,423,ExposeD452,Master,94,113,,237,217
423,summoner-35566765,424,Pitress,Master,93,74,,229,207
424,summoner-36665468,425,Quinsie Revenge,Master,93,76,,218,196
425,summoner-51041734,426,Remígiusz,Master,93,139,,134,100
426,summoner-20076561,427,SDOM ALLEN,Master,92,73,,198,182
427,summoner-52323298,428,Blackøut,Master,92,103,,142,132
428,summoner-24984653,429,Goddess Ofaf,Master,91,131,,402,381
429,summoner-28307643,430,Marcellus23,Master,91,69,,159,131
430,summoner-34086024,431,7Drakking88,Master,91,83,,159,115
431,summoner-38710599,432,AxisPowa1337,Master,90,136,,204,176
432,summoner-49339151,433,Bufaklin,Master,89,67,,186,159
433,summoner-31455034,434,ˉunknown mid,Master,89,103,,173,150
434,summoner-34296788,435,Right Handed,Master,88,58,,149,128
435,summoner-24272802,436,DenKakai,Master,87,75,,197,167
436,summoner-29543702,437,Her Charmer,Master,86,91,,236,209
437,summoner-29965908,438,Qweszaq,Master,85,83,,147,122
438,summoner-27976861,439,Glishaa,Master,84,64,,137,97
439,summoner-24147445,440,Leprowujek,Master,83,41,,89,38
440,summoner-28967240,441,NIghtRain 13,Master,82,128,,422,400
441,summoner-33077827,442,TEAM IS FAMILY,Master,82,55,,99,80
442,summoner-37136474,443,bIood of life,Master,81,144,,270,250
443,summoner-32853379,444,lmmortal,Master,78,73,,243,225
444,summoner-33344680,445,Mâd Rât,Master,78,70,,238,199
445,summoner-38508401,446,HELLSHACO,Master,77,63,,216,141
446,summoner-25242066,447,JD Kublot,Master,77,55,,82,55
447,summoner-24234349,448,Parksman Mlayer,Master,77,76,,65,49
448,summoner-24168317,449,Quinn Airlines,Master,76,107,,408,389
449,summoner-19796157,450,shaaz,Master,75,67,,154,127
450,summoner-41605618,451,KAKABRUTA,Master,75,69,,125,106
451,summoner-21990899,452,Divine Banana,Master,75,123,,71,49
452,summoner-24602552,453,ThotnessEmbrace,Master,74,106,,308,289
453,summoner-32589268,454,Gøku,Master,74,85,,124,97
454,summoner-24200990,455,Arrof,Master,89,130,,426,408
455,summoner-26020106,456,TypowyLeśnik,Master,72,105,,197,177
456,summoner-43943854,457,XXX65696D6973,Master,72,45,,101,38
457,summoner-38323190,458,Blakayy,Master,71,101,,331,270
458,summoner-22720290,459,Niose007,Master,71,74,,187,162
459,summoner-34990979,460,RayRexi,Master,71,94,,171,142
460,summoner-36100496,461,LighTn1nG,Master,69,158,,375,355
461,summoner-31518017,462,Sabaku TaisΦ,Master,69,80,,279,233
462,summoner-69076318,463,fiodalwynwen,Master,69,41,,93,44
463,summoner-38459471,464,Juzoo,Master,68,90,,239,212
464,summoner-21220764,465,hi im czajek,Master,68,75,,114,90
465,summoner-43239321,466,matiociekasexem,Master,66,110,,361,340
466,summoner-66396230,467,I AM SO TALONTED,Master,66,72,,162,141
467,summoner-35471685,468,I am Budzik,Master,66,98,,122,103
468,summoner-71071897,469,Patà,Master,66,44,,110,56
469,summoner-40194654,470,deepionel,Master,65,138,,105,80
470,summoner-40705422,471,Paštikus Vagínus,Master,64,82,,163,136
471,summoner-34209019,472,Veig,Master,64,75,,161,126
472,summoner-29534182,473,kotletaz,Master,64,72,,145,118
473,summoner-19766642,474,Arbalezt,Master,64,74,,105,71
474,summoner-57573785,475,Vengeance Reborn,Master,63,141,,304,264
475,summoner-24684165,476,S1rNasty,Master,63,70,,263,198
476,summoner-52559355,477,BãyMμtrá,Master,62,132,,273,245
477,summoner-27527112,478,Ρennywise,Master,62,102,,252,231
478,summoner-33774479,479,Szöcske,Master,62,104,,223,207
479,summoner-73146124,480,Ιcey,Master,62,48,,146,94
480,summoner-32824913,481,Mobú v2,Master,61,85,,243,201
481,summoner-64938219,482,SKT T1 Flash R,Master,77,71,,324,287
482,summoner-40752923,483,Ic3Poro,Master,60,71,,186,170
483,summoner-37314741,484,Molière,Master,59,80,,317,298
484,summoner-71497498,485,Shãrky,Master,79,72,,308,263
485,summoner-30856536,486,Mädara,Master,57,90,,165,141
486,summoner-34878172,487,Hakushino,Master,57,69,,63,37
487,summoner-37928532,488,Mr Miks,Master,56,97,,282,264
488,summoner-37735418,489,Sir BigT,Master,55,75,,313,255
489,summoner-60135843,490,SanyaDau v2,Master,55,114,,239,215
490,summoner-41551267,491,El3cTr0S0c,Master,55,58,,158,131
491,summoner-31446400,492,HUNT Szymek,Master,55,122,,139,115
492,summoner-68744972,493,mrHookUrGIRL,Master,55,42,,98,49
493,summoner-21398034,494,Thé Fàllén Angél,Master,54,81,,197,163
494,summoner-59893208,495,Märq,Master,54,55,,92,66
495,summoner-19864501,496,Vallvex,Master,53,131,,221,200
496,summoner-22231064,497,BC Antresajil,Master,35,92,,133,109
497,summoner-71623135,498,Ryan Mikkelsen,Master,52,69,,130,99
498,summoner-42994549,499,TL PiercingLight,Master,51,144,,327,308
499,summoner-40219024,500,NahkaParturi,Master,51,123,,134,105
500,summoner-44754609,501,GPLAY Samanan,Master,51,45,,79,53
501,summoner-23756551,502,let me pyke you,Master,50,145,,600,578
502,summoner-30954692,503,Xclusive 25,Master,10,124,,577,569
503,summoner-39593293,504,Heroin Party Zed,Master,50,86,,265,234
504,summoner-46816169,505,PGD Kenrix,Master,50,81,,100,77
505,summoner-34825505,506,Τana,Master,49,132,,128,112
506,summoner-38285650,507,RX Cinca,Master,48,84,,195,176
507,summoner-39632545,508,myR Adev,Master,48,109,,128,103
508,summoner-53895198,509,ZalJK,Master,48,77,,119,96
509,summoner-25591013,510,Viktør,Master,46,93,,152,134
510,summoner-25828671,511,T R 1 C K Y,Master,46,78,,150,129
511,summoner-40547172,512,Gurl,Master,45,139,,174,141
512,summoner-29134791,513,Is Top success,Master,45,64,,96,65
513,summoner-25572898,514,Jędrzej Zabujca,Master,42,84,,209,186
514,summoner-40947657,515,Matrix Sama,Master,41,74,,183,164
515,summoner-36362552,516,dwa dobre pićka,Master,40,78,,94,73
516,summoner-41679925,517,Zara Larsson,Master,38,116,,299,277
517,summoner-32984130,518,RX Trainsane,Master,38,94,,203,176
518,summoner-27469510,519,Tissu,Master,38,75,,91,66
519,summoner-37444475,520,XEM Domel,Master,37,113,,302,279
520,summoner-26353158,521,Norox,Master,37,69,,124,106
521,summoner-21069443,522,Pajgino,Master,37,96,,115,82
522,summoner-57817732,523,Findy Jr,Master,37,48,,57,29
523,summoner-35405487,524,Mad Sorcerer,Master,36,115,,476,452
524,summoner-33057637,525,sexezSTAR,Master,36,86,,410,387
525,summoner-27279160,526,mihaibaros,Master,51,91,,293,270
526,summoner-20505940,527,ChallengerDog v2,Master,36,75,,185,160
527,summoner-31876210,528,Rebellion2,Master,36,71,,133,93
528,summoner-19374680,529,THR Joe,Master,35,57,,173,111
529,summoner-24072999,530,Halcyzeron,Master,35,95,,104,79
530,summoner-26925653,531,Ρingo,Master,34,83,,214,192
531,summoner-44094588,532,dølce ft,Master,34,60,,101,76
532,summoner-41603169,533,Purrpurr,Master,33,98,,109,90
533,summoner-71485927,534,no pain no cane,Master,32,104,,388,347
534,summoner-45064213,535,Exthellion,Master,32,97,,261,242
535,summoner-38133362,536,cbdu,Master,32,108,,254,229
536,summoner-59595990,537,Anathema,Master,32,79,,216,201
537,summoner-23864813,538,Boost za nudle,Master,31,109,,279,256
538,summoner-19769056,539,Kenshin,Master,31,65,,141,120
539,summoner-31554189,540,KYRlE IRVING,Master,30,88,,190,174
540,summoner-71549187,541,Nothing Ends,Master,30,54,,181,139
541,summoner-22691885,542,SIMBATA7,Master,30,62,,140,115
542,summoner-45833746,543,Midas LFT,Master,29,60,,254,177
543,summoner-20322181,544,AS JamesSawyer,Master,28,115,,388,368
544,summoner-27116848,545,Specter XIV,Master,28,100,,252,234
545,summoner-20382823,546,yung TorcicaPUT3,Master,28,62,,213,183
546,summoner-28122519,547,FluffyPoo,Master,27,121,,211,177
547,summoner-21286104,548,Prayforsyria,Master,26,91,,356,315
548,summoner-24311650,549,Sweepminer,Master,26,67,,180,165
549,summoner-28447824,550,AKANA,Master,26,69,,155,131
550,summoner-46423361,551,ImJustSaiyan,Master,24,79,,137,110
551,summoner-34318299,552,InTheHellOfElo,Master,23,72,,251,227
552,summoner-25477643,553,Zapper02,Master,22,113,,386,364
553,summoner-24200190,554,Next Level FIZZ,Master,3,74,,196,176
554,summoner-41343975,555,Masa Thug Life,Master,22,113,,170,158
555,summoner-37565478,556,Shaz,Master,22,82,,90,59
556,summoner-50871161,557,ALISTAR 400 DMG,Master,21,90,,217,198
557,summoner-26639869,558,Dunk Prophecies,Master,21,105,,198,161
558,summoner-39583344,559,triung,Master,20,94,,276,251
559,summoner-30393911,560,Honoz,Master,20,82,,233,206
560,summoner-33899572,561,nof3,Master,20,55,,163,107
561,summoner-41107575,562,DareDévil Fanboy,Master,20,88,,77,41
562,summoner-39556911,563,Svevišnji,Master,19,108,,348,317
563,summoner-29539959,564,UnluckyBrain,Master,19,82,,257,175
564,summoner-36328146,565,ZboczonyHektor,Master,19,54,,168,143
565,summoner-54553116,566,MihalichV2,Master,19,63,,148,133
566,summoner-36674967,567,vad heter du,Master,19,50,,134,106
567,summoner-41277246,568,Honza,Master,19,97,,120,95
568,summoner-38986973,569,soczystypytol98,Master,19,53,,95,65
569,summoner-33384401,570,d0wnie,Master,18,81,,191,167
570,summoner-34323279,571,Zer0 to Ner0,Master,18,92,,115,98
571,summoner-52332925,572,Grímmjôw,Master,17,146,,312,277
572,summoner-21087877,573,KY Satanico,Master,17,63,,113,92
573,summoner-29476578,574,klzz,Master,16,71,,75,54
574,summoner-26774670,575,FP Zorin Blitz,Master,15,74,,195,170
575,summoner-33960640,576,Poetepe,Master,14,63,,156,135
576,summoner-27494606,577,Caedryn,Master,14,135,,123,99
577,summoner-31915022,578,Asam na kon,Master,13,126,,237,228
578,summoner-60253033,579,Hustels,Master,13,81,,224,198
579,summoner-37324816,580,AGT Sobol,Master,12,76,,233,211
580,summoner-22430478,581,Hipoooo,Master,11,95,,193,160
581,summoner-24744012,582,Felisjano,Master,11,76,,120,95
582,summoner-23601893,583,ilovepiez,Master,10,93,,189,171
583,summoner-45410476,584,WLD hi im mate,Master,10,55,,55,30
584,summoner-65914521,585,Fear The Ice,Master,9,85,,114,82
585,summoner-70418172,586,Wexillon,Master,8,98,,276,244
586,summoner-57437160,587,Daddy Jαx,Master,7,157,,132,102
587,summoner-23805754,588,Centawr,Master,6,66,,171,143
588,summoner-29853190,589,Slý Tαils,Master,6,86,,106,80
589,summoner-34707077,590,RS Seboost1an,Master,4,108,,294,268
590,summoner-36412552,591,737,Master,4,56,,175,135
591,summoner-28710962,592,Egoista w Soloq,Master,4,83,,116,105
592,summoner-30385700,593,RVG Apolyion,Master,3,88,,227,207
593,summoner-30447363,594,Darknéss,Master,3,122,,223,200
594,summoner-25294231,595,botichello,Master,2,87,,348,299
595,summoner-21385246,596,Her Rákan,Master,2,159,,296,258
596,summoner-30411613,597,ilovedana,Master,2,73,,79,60
597,summoner-54836755,598,m7md7100,Master,1,71,,113,86
598,summoner-44923993,599,Uzun,Master,0,138,,647,634
599,summoner-70616663,600,Mihajlo Matic,Master,0,116,,441,427
600,summoner-28994651,601,Xaroula,Master,0,102,,413,388
601,summoner-47962920,602,major failure,Master,0,117,,409,403
602,summoner-57967315,603,xKanelen,Master,0,117,,390,360
603,summoner-37159691,604,TSM Tanaci,Master,0,145,,373,355
604,summoner-55533968,605,Mów Mi Dejw,Master,0,131,,367,343
605,summoner-23455566,606,RAIDBOSS GODHAND,Master,17,89,,331,298
606,summoner-29556273,607,Bagienny Szymon,Master,0,107,,319,298
607,summoner-40554647,608,Daddy Gragas,Master,0,145,,289,273
608,summoner-33940581,609,H x,Master,0,122,,276,249
609,summoner-19081346,610,Łoki,Master,0,80,,274,253
610,summoner-37879267,611,War pe Mental,Master,0,165,,262,228
611,summoner-27393446,612,Gamay666,Master,0,97,,255,235
612,summoner-38563426,613,DragonflyerPL,Master,0,102,,252,216
613,summoner-29724710,614,pisinmyblouse,Master,0,86,,248,217
614,summoner-36185015,615,C A N G O O R,Master,0,106,,248,233
615,summoner-27542308,616,Cìechanek,Master,0,93,,248,218
616,summoner-37074782,617,morderca32,Master,0,61,,241,172
617,summoner-23488688,618,Szakacs,Master,0,107,,239,212
618,summoner-44902735,619,HARDSTUCKKKK,Master,0,86,,236,222
619,summoner-27050356,620,ECT Tveliv,Master,0,97,,229,211
620,summoner-57023102,621,Lötüs,Master,0,94,,225,209
621,summoner-27188813,622,SnutteTANT,Master,0,69,,222,167
622,summoner-28520357,623,Friendly Skulla,Master,0,78,,219,201
623,summoner-45684610,624,dead meme,Master,0,118,,218,199
624,summoner-59668537,625,žennoŽTG,Master,0,116,,218,199
625,summoner-70313892,626,EUW Marksman kek,Master,0,69,,211,152
626,summoner-23794051,627,srki5555,Master,0,84,,209,178
627,summoner-28172180,628,Pick me Janna,Master,0,75,,209,184
628,summoner-38965264,629,SAEEDMUS,Master,0,99,,198,173
629,summoner-71509291,630,SnakeInTracksuit,Master,0,66,,190,134
630,summoner-38403820,631,stefanxp,Master,0,92,,186,166
631,summoner-30374718,632,KobylkaWDZ,Master,0,63,,172,128
632,summoner-24331089,633,xd Sciixu,Master,0,90,,171,158
633,summoner-44347625,634,SKT KrWannaBe,Master,0,75,,158,132
634,summoner-36317960,635,vestra de sidere,Master,0,85,,153,135
635,summoner-38583230,636,Zebron,Master,0,60,,149,114
636,summoner-20922524,637,Far,Master,0,88,,144,125
637,summoner-39867623,638,Michael001,Master,0,50,,143,53
638,summoner-70146530,639,Diosh,Master,0,81,,142,96
639,summoner-38845123,640,Alradon,Master,0,95,,141,110
640,summoner-50305148,641,FrozenCubBG,Master,0,48,,140,67
641,summoner-47728300,642,Uzzume,Master,0,63,,140,122
642,summoner-30906515,643,Steve Angello,Master,0,82,,133,111
643,summoner-36903455,644,Hubonn,Master,0,78,,130,108
644,summoner-40791912,645,Inspectrium,Master,0,82,,122,108
645,summoner-25235174,646,mortalcombatant,Master,0,79,,118,73
646,summoner-23766594,647,Elder Gorni,Master,0,62,,112,87
647,summoner-27218502,648,SUICIDAL EBOY,Master,0,44,,109,45
648,summoner-33887230,649,DarkRider55,Master,0,47,,105,76
649,summoner-46673697,650,Mégumin,Master,0,107,,104,73
650,summoner-42405409,651,LordWafer,Master,0,75,,103,78
651,summoner-26500654,652,donce123,Master,0,79,,98,71
652,summoner-21930072,653,Sea Of Zorrow,Master,0,65,,92,74
653,summoner-22886940,654,noızzy,Master,0,81,,88,56
654,summoner-20480930,655,B GOD,Master,0,50,,88,28
655,summoner-33467557,656,50SHADESofRESETS,Master,0,95,,76,56
656,summoner-36685606,657,KATYPERRYFAN123,Master,0,47,,74,44
657,summoner-68808416,658,cutie princess,Master,0,38,,65,24
658,summoner-53555661,659,sameer galaxy,Diamond 1,100,122,,485,462
659,summoner-48864239,660,Kamî D Hoyhi,Diamond 1,100,142,,372,344
660,summoner-50213372,661,Alter Gilgamesh,Diamond 1,100,173,,317,292
661,summoner-59073355,662,Mppalalol,Diamond 1,100,97,,251,225
662,summoner-30074326,663,ManIWishIWasDead,Diamond 1,100,103,,246,225
663,summoner-35256798,664,Tigerfun,Diamond 1,100,110,,244,221
664,summoner-25643720,665,m5 1shot,Diamond 1,100,122,,237,212
665,summoner-37363403,666,Václav Šrajer,Diamond 1,100,75,,233,195
666,summoner-30159407,667,DJFrytek,Diamond 1,100,83,,170,135
667,summoner-24583023,668,NerfChampsHard,Diamond 1,100,79,,169,153
668,summoner-73082971,669,EuneIsGreat,Diamond 1,100,51,,166,105
669,summoner-22120650,670,DTG shy jan,Diamond 1,100,114,,162,142
670,summoner-20435279,671,A Decent Unicorn,Diamond 1,100,63,,162,135
671,summoner-37744590,672,WYPIEK Z WESTA,Master,0,73,,153,104
672,summoner-68943644,673,äiti,Diamond 1,100,57,,146,111
673,summoner-61697922,674,Formes,Diamond 1,100,68,,141,122
674,summoner-33405516,675,BuuDuemer,Diamond 1,100,81,,140,112
675,summoner-69423039,676,Matnisstatpants,Diamond 1,100,48,,133,93
676,summoner-37673006,677,We Go Cr4zY,Diamond 1,100,47,,128,70
677,summoner-24434103,678,sl0wla,Diamond 1,100,100,,127,103
678,summoner-60793117,679,14etaneR,Diamond 1,100,49,,120,101
679,summoner-20918068,680,JESSPER77,Diamond 1,100,86,,119,104
680,summoner-46424200,681,Iegolas,Diamond 1,100,64,,109,70
681,summoner-37141067,682,Ehmedi,Diamond 1,100,86,,98,70
682,summoner-29146564,683,MrMgr,Diamond 1,100,49,,84,64
683,summoner-44768883,684,BunnyJumper,Diamond 1,100,46,,82,34
684,summoner-68728535,685,beorsaidothor,Diamond 1,100,41,,80,23
685,summoner-41048627,686,Trust Me Im JEDl,Diamond 1,100,69,,62,40
686,summoner-62003907,687,XprObacKGG,Diamond 1,99,111,,328,300
687,summoner-23799544,688,HCT shizeR,Diamond 1,99,97,,282,243
688,summoner-123214,689,Xatzakos,Diamond 1,99,70,,257,239
689,summoner-19186635,690,Bobczak,Diamond 1,99,60,,108,80
690,summoner-20945176,691,Halucynék,Diamond 1,98,117,,570,532
691,summoner-39007740,692,Risavgis,Diamond 1,98,74,,205,180
692,summoner-63285135,693,Daddy Roro,Diamond 1,98,63,,170,106
693,summoner-22285599,694,eXtatus Worryor,Diamond 1,98,48,,77,47
694,summoner-32956070,695,HCT Erlich,Diamond 1,97,86,,268,238
695,summoner-33935148,696,Szamo98,Diamond 1,97,173,,245,217
696,summoner-50170487,697,Moncola,Diamond 1,97,93,,197,165
697,summoner-27860733,698,Dawîd,Diamond 1,97,79,,111,86
698,summoner-19403133,699,FrennaFanboy,Diamond 1,97,61,,105,89
699,summoner-65874209,700,Get Clapped,Diamond 1,97,71,,66,42
700,summoner-22988614,701,Kylo Rên,Diamond 1,96,96,,117,89
701,summoner-34467401,702,NLM,Diamond 1,95,72,,312,253
702,summoner-24400346,703,Trzesiek,Diamond 1,95,68,,214,152
703,summoner-37627217,704,Ejsner,Diamond 1,95,58,,54,35
704,summoner-32894209,705,the prodigy ygh,Diamond 1,95,144,,47,33
705,summoner-34888542,706,HeavyDream,Diamond 1,94,63,,55,32
706,summoner-19912775,707,Neawin,Diamond 1,93,69,,182,148
707,summoner-25815701,708,Clara,Diamond 1,93,115,,139,113
708,summoner-72473143,709,Wa kind of smurf,Diamond 1,92,58,,202,165
709,summoner-26325874,710,atomic bald,Diamond 1,92,53,,93,61
710,summoner-30844775,711,UnicornLeader,Diamond 1,91,137,,395,359
711,summoner-36323986,712,blo,Diamond 1,91,117,,263,236
712,summoner-47221733,713,LLENN,Diamond 1,91,92,,184,127
713,summoner-25221922,714,Grub Woin,Diamond 1,91,90,,172,129
714,summoner-24984199,715,coookieman,Diamond 1,91,113,,88,60
715,summoner-27495704,716,ukko2000,Diamond 1,91,63,,69,48
716,summoner-53463132,717,Szybky Lopez,Diamond 1,90,88,,451,397
717,summoner-20932819,718,Cviç Prase,Diamond 1,90,101,,296,279
718,summoner-23687496,719,Pendecho,Diamond 1,90,82,,159,133
719,summoner-25853840,720,WelcomToVietnam,Diamond 1,90,67,,146,109
720,summoner-33873215,721,p3 euw btw,Diamond 1,90,66,,145,118
721,summoner-27865152,722,aąbcć Ð eęfgh,Diamond 1,90,65,,144,125
722,summoner-35480966,723,DGN JustEngry,Diamond 1,90,77,,143,109
723,summoner-27053145,724,αssαssin,Diamond 1,90,94,,130,86
724,summoner-20200774,725,King Dragún,Diamond 1,90,69,,125,99
725,summoner-32815577,726,The Ryan,Diamond 1,90,68,,124,87
726,summoner-35828580,727,SIMPLE AND CLEAN,Diamond 1,90,73,,118,92
727,summoner-71040739,728,Phílíphkt,Diamond 1,90,66,,113,62
728,summoner-30333885,729,SaŁaZaR,Diamond 1,90,131,,113,93
729,summoner-32573416,730,Teräsmara,Diamond 1,90,125,,109,77
730,summoner-35069789,731,Cháotic,Diamond 1,90,66,,107,89
731,summoner-58033142,732,RED AD Carry,Diamond 1,90,63,,105,77
732,summoner-29599705,733,A4L,Diamond 1,90,61,,105,71
733,summoner-39258248,734,Tadeusz98,Diamond 1,90,94,,105,83
734,summoner-45943087,735,Redillion,Diamond 1,90,71,,101,74
735,summoner-69233016,736,Numikjèks,Diamond 1,90,40,,96,29
736,summoner-55733049,737,Nabsteb,Diamond 1,90,60,,85,47
737,summoner-25516645,738,Cx KFC Manager,Diamond 1,90,54,,85,62
738,summoner-32757515,739,IMissAlwaysQ,Diamond 1,90,49,,80,55
739,summoner-20158792,740,Rektus Dominus,Diamond 1,90,101,,77,61
740,summoner-23591874,741,Live,Diamond 1,90,74,,66,37
741,summoner-41454116,742,MarineHBS,Diamond 1,90,57,,51,25
742,summoner-29137724,743,Miraizu,Diamond 1,90,46,,45,24
743,summoner-22908028,744,GeddyK,Diamond 1,89,96,,296,251
744,summoner-24669344,745,Mìs,Diamond 1,89,55,,152,135
745,summoner-26017001,746,ProfessorAce,Diamond 1,89,70,,130,103
746,summoner-39560412,747,michu45,Diamond 1,89,116,,113,85
747,summoner-24389694,748,BestSorakaSmurf,Diamond 1,89,64,,89,62
748,summoner-23981744,749,SonofHashinshin,Diamond 1,88,76,,341,305
749,summoner-37298354,750,Balnator,Diamond 1,88,100,,282,258
750,summoner-33397554,751,Cursed Leblanc,Diamond 1,88,85,,196,171
751,summoner-32297123,752,Latrodectuss,Diamond 1,88,120,,181,156
752,summoner-32189292,753,Zhenzi v2,Diamond 1,88,96,,132,112
753,summoner-59623572,754,Duck Farius,Diamond 1,88,53,,123,106
754,summoner-71643045,755,Clown IRL,Diamond 1,88,52,,121,74
755,summoner-30847068,756,korzen11,Diamond 1,88,47,,112,57
756,summoner-36903434,757,Selson,Diamond 1,88,49,,76,41
757,summoner-41087665,758,EUNE Retoox HLTV,Diamond 1,88,36,,38,12
758,summoner-28154673,759,XaxaOwOxaxa,Diamond 1,87,162,,427,418
759,summoner-41983142,760,NoZagrajmy1Gra,Diamond 1,87,92,,299,282
760,summoner-57194815,761,Enemenem,Diamond 1,87,107,,205,180
761,summoner-51963350,762,Luky001,Diamond 1,87,63,,130,109
762,summoner-24293061,763,ChickenPL,Diamond 1,87,47,,130,101
763,summoner-25130219,764,SzAmiker,Diamond 1,87,49,,88,56
764,summoner-19350043,765,Taste The Power,Diamond 1,86,118,,383,367
765,summoner-44030756,766,Jég,Diamond 1,86,56,,171,122
766,summoner-31638023,767,1Γ47Ξ3Δ02Π1,Diamond 1,86,57,,159,132
767,summoner-27364826,768,xToma,Diamond 1,86,69,,153,136
768,summoner-23617343,769,GL Mayday,Diamond 1,86,71,,109,91
769,summoner-34445989,770,ScarIet,Diamond 1,85,116,,355,332
770,summoner-34184324,771,Lexris,Diamond 1,85,57,,178,95
771,summoner-69195893,772,gobitumilair,Diamond 1,85,56,,171,140
772,summoner-69526189,773,Karczelote v2,Diamond 1,85,61,,142,93
773,summoner-43978311,774,GT1 Hochmah,Diamond 1,85,95,,117,90
774,summoner-27571865,775,CisneCieRandomem,Diamond 1,85,53,,114,71
775,summoner-32487581,776,Elniks,Diamond 1,84,104,,310,291
776,summoner-36214307,777,NEMANJ4,Diamond 1,84,116,,301,280
777,summoner-42312984,778,EUNE Hi Im  LOGO,Diamond 1,84,83,,281,247
778,summoner-71555275,779,Sufon,Diamond 1,84,62,,197,148
779,summoner-62024135,780,ez is Mágus,Diamond 1,84,64,,173,128
780,summoner-37035581,781,Peose,Diamond 1,84,48,,146,88
781,summoner-26376711,782,GhostBron,Diamond 1,84,49,,120,63
782,summoner-21832245,783,Coko,Diamond 1,84,52,,89,58
783,summoner-25910707,784,KhaynMain,Diamond 1,83,90,,368,320
784,summoner-68924659,785,sexy mikasa,Diamond 1,83,56,,160,103
785,summoner-40170900,786,Meecowhy,Diamond 1,83,82,,156,140
786,summoner-37124020,787,Evanger,Diamond 1,83,59,,59,34
787,summoner-51885836,788,See my name,Diamond 1,82,158,,556,520
788,summoner-63523937,789,Àrdént Cénsér,Diamond 1,82,111,,172,153
789,summoner-24220182,790,Shenas,Diamond 1,82,59,,110,84
790,summoner-29259506,791,Mapharazzo,Diamond 1,82,69,,106,91
791,summoner-69433064,792,Looking 4 6irl,Diamond 1,82,46,,91,57
792,summoner-25365139,793,TelluR,Diamond 1,81,83,,256,239
793,summoner-20440138,794,Arore,Diamond 1,81,69,,123,104
794,summoner-33519577,795,meenawy,Diamond 1,81,68,,109,73
795,summoner-24386368,796,deivyys,Diamond 1,81,84,,100,80
796,summoner-69433065,797,KONG STRONG,Diamond 1,81,46,,91,57
797,summoner-24410969,798,KRM,Diamond 1,81,79,,77,51
798,summoner-38483078,799,Dom1nator,Diamond 1,80,79,,256,235
799,summoner-34937486,800,Feed Jinx pl0x,Diamond 1,80,63,,136,94
800,summoner-38907771,801,myR Bl4de,Diamond 1,80,86,,94,75
801,summoner-71526530,802,The Kontturi,Diamond 1,80,36,,54,10
802,summoner-28024950,803,Boy,Diamond 1,79,108,,381,368
803,summoner-40131824,804,Sùrtr,Diamond 1,79,123,,351,331
804,summoner-24430872,805,Ψ WhiteScripter,Diamond 1,79,123,,307,286
805,summoner-22647486,806,Darkiter,Diamond 1,79,105,,214,185
806,summoner-47871366,807,lövhögen,Diamond 1,79,99,,127,109
807,summoner-19868592,808,AkiCr7,Diamond 1,79,76,,115,90
808,summoner-30942212,809,Seifur,Diamond 1,79,59,,105,84
809,summoner-47009018,810,Yàsúo,Diamond 1,79,139,,84,51
810,summoner-37651913,811,1992 Ω,Diamond 1,79,57,,61,48
811,summoner-38103284,812,Verum v2,Diamond 1,78,57,,159,101
812,summoner-69409626,813,skirrax v2,Diamond 1,78,56,,87,63
813,summoner-55066936,814,IgnasITZ,Diamond 1,78,50,,81,53
814,summoner-30813446,815,iG ßajky,Diamond 1,78,64,,72,55
815,summoner-41700097,816,Serene Void,Diamond 1,77,87,,261,242
816,summoner-31618238,817,TodiTheGod,Diamond 1,59,73,,215,200
817,summoner-36558641,818,Bloody Sorrõw,Diamond 1,77,93,,172,152
818,summoner-37598131,819,DoWG Whisper,Diamond 1,77,114,,159,145
819,summoner-35765833,820,IlIlIIIlIIlIIIll,Diamond 1,77,44,,83,58
820,summoner-31881620,821,Rapisher,Diamond 1,77,74,,81,63
821,summoner-50343040,822,JK KINGUNEN,Diamond 1,77,49,,65,49
822,summoner-23481935,823,Puri,Diamond 1,76,84,,218,205
823,summoner-31281838,824,EleGíggle,Diamond 1,76,87,,161,142
824,summoner-48180119,825,IdźWMokradła,Diamond 1,76,95,,125,107
825,summoner-34333050,826,HELLAS douk,Diamond 1,76,67,,109,65
826,summoner-32568582,827,LevelZeroPlayer,Diamond 1,75,105,,418,384
827,summoner-41456117,828,Suklaakaakao,Diamond 1,75,95,,409,388
828,summoner-56034779,829,ProShadowShady,Diamond 1,75,100,,349,319
829,summoner-65063152,830,ShSn,Diamond 1,75,110,,319,296
830,summoner-30376687,831,Sárosi András,Diamond 1,75,70,,303,278
831,summoner-22887932,832,Błack Swan,Diamond 1,75,109,,287,247
832,summoner-65875722,833,Lunatıc,Diamond 1,75,95,,262,237
833,summoner-43448663,834,LevelZeroLegacy,Diamond 1,75,67,,239,186
834,summoner-30767245,835,Amaretto,Diamond 1,75,98,,235,217
835,summoner-42656092,836,Divine Humanoid,Diamond 1,75,68,,231,153
836,summoner-46078093,837,Eimis,Diamond 1,75,102,,227,198
837,summoner-23845263,838,Ananasy,Diamond 1,75,121,,215,200
838,summoner-71130272,839,uDNelly,Diamond 1,75,73,,214,169
839,summoner-61066587,840,TIH 2Cups,Diamond 1,75,106,,214,178
840,summoner-58033162,841,Tatsh,Diamond 1,75,69,,193,156
841,summoner-34233510,842,Season 3 Rengar,Diamond 1,75,80,,191,153
842,summoner-21111582,843,Datturaa,Diamond 1,75,61,,190,101
843,summoner-59546383,844,MaderFaker3,Diamond 1,75,49,,187,88
844,summoner-28295623,845,Hobbi,Diamond 1,75,83,,186,148
845,summoner-68845540,846,Girl I,Diamond 1,75,73,,186,148
846,summoner-54716632,847,ferdik1123,Diamond 1,75,84,,178,155
847,summoner-63583593,848,13597820,Diamond 1,75,66,,166,156
848,summoner-40937267,849,Djres,Diamond 1,75,85,,166,137
849,summoner-21214046,850,Israel HaDayag,Diamond 1,75,72,,164,134
850,summoner-70718095,851,Lux PIayer,Diamond 1,75,61,,160,106
851,summoner-40025822,852,Kim Dong ha,Diamond 1,75,66,,157,105
852,summoner-28537478,853,Hrazerixxxxxxx,Diamond 1,75,82,,156,130
853,summoner-47728136,854,SB Szerk,Diamond 1,75,141,,151,114
854,summoner-21926693,855,ΦΑΡΑΩ,Diamond 1,75,68,,148,114
855,summoner-21447850,856,The Vitiate,Diamond 1,75,73,,146,133
856,summoner-19391305,857,OopsIamSorry,Diamond 1,75,46,,144,59
857,summoner-53718282,858,CuzimaGoD,Diamond 1,75,72,,143,120
858,summoner-33827501,859,PVE Qenal,Diamond 1,75,73,,143,115
859,summoner-69062973,860,Reorderer 1v9,Diamond 1,75,57,,139,96
860,summoner-28398978,861,SMUTNY PAJAC,Diamond 1,75,57,,138,86
861,summoner-62837444,862,Yøung Light,Diamond 1,75,135,,137,71
862,summoner-24681855,863,RR Syrpy,Diamond 1,75,64,,137,108
863,summoner-24385780,864,Dragfon,Diamond 1,75,66,,134,109
864,summoner-20009677,865,Jessica,Diamond 1,75,47,,131,93
865,summoner-37213573,866,Gl At McDonalds,Diamond 1,75,63,,128,105
866,summoner-46883558,867,AderiQ,Diamond 1,75,61,,127,91
867,summoner-24153857,868,Amades,Diamond 1,75,48,,120,74
868,summoner-30473425,869,ObeliskMychitelq,Diamond 1,75,59,,117,87
869,summoner-31707274,870,Danny v2,Diamond 1,75,86,,113,77
870,summoner-55967338,871,Kindral,Diamond 1,75,48,,113,88
871,summoner-25519388,872,VaIkyr,Diamond 1,75,109,,112,91
872,summoner-65786172,873,Helixerz,Diamond 1,75,43,,110,73
873,summoner-25015594,874,RockXan,Diamond 1,75,77,,108,68
874,summoner-70623032,875,Vareju iekritot,Diamond 1,75,53,,107,73
875,summoner-52530080,876,PetesAdoptedSon,Diamond 1,75,50,,103,87
876,summoner-25158553,877,BELOSNEZHKA,Diamond 1,75,78,,103,77
877,summoner-34368144,878,praise conqueror,Diamond 1,75,71,,103,80
878,summoner-64003070,879,VELVETEARS,Diamond 1,75,48,,94,66
879,summoner-68896555,880,ROMANUL ALB,Diamond 1,75,41,,86,33
880,summoner-22255693,881,BigMazy,Diamond 1,75,41,,86,41
881,summoner-71893065,882,TEEMO TO CHALL,Diamond 1,75,43,,83,45
882,summoner-24097768,883,DontBlameMeQQ,Diamond 1,75,71,,82,54
883,summoner-27548394,884,My Angel Ket,Diamond 1,75,101,,78,54
884,summoner-39530236,885,EUNE Abuser,Diamond 1,75,39,,74,18
885,summoner-28880203,886,WLD hextasy,Diamond 1,75,51,,65,32
886,summoner-48203766,887,EUNEPOLICE S,Diamond 1,75,43,,65,23
887,summoner-32247025,888,Paulius Kubys,Diamond 1,75,39,,63,27
888,summoner-19931152,889,whatiknow,Diamond 1,75,48,,48,18
889,summoner-38245753,890,Shikamaru Naara,Diamond 1,74,73,,236,212
890,summoner-31204878,891,GRE Pokerstar,Diamond 1,74,101,,222,197
891,summoner-29526523,892,pykestanos,Diamond 1,74,82,,170,149
892,summoner-21741163,893,Dragonczz1,Diamond 1,74,41,,113,21
893,summoner-24233664,894,ECT Kocourek,Diamond 1,74,64,,109,84
894,summoner-44519214,895,Ray God,Diamond 1,73,96,,267,259
895,summoner-60167436,896,ksikakatas,Diamond 1,73,46,,143,92
896,summoner-27186072,897,Kuzyn Babci,Diamond 1,73,72,,128,112
897,summoner-58483319,898,ZeroFoxy,Diamond 1,73,101,,94,79
898,summoner-42983363,899,Vega,Diamond 1,73,89,,74,52
899,summoner-72324858,900,uXaPDominic,Diamond 1,73,39,,66,26
900,summoner-19134176,901,SellingNudesAdd,Diamond 1,73,61,,56,37
901,summoner-31220503,902,Sekkusu,Diamond 1,72,128,,350,342
902,summoner-20109187,903,LightOrDark,Diamond 1,72,78,,240,227
903,summoner-30840501,904,Boryer,Diamond 1,72,70,,198,161
904,summoner-36926847,905,Bleddo,Diamond 1,72,114,,148,129
905,summoner-52433896,906,Kapten YinYang,Diamond 1,72,52,,116,83
906,summoner-34293699,907,Lep Fant,Diamond 1,72,57,,112,88
907,summoner-48503828,908,Konaa,Diamond 1,72,46,,76,60
908,summoner-34899231,909,Kahui,Diamond 1,72,39,,54,30
909,summoner-36052987,910,Alonso,Diamond 1,71,107,,508,486
910,summoner-39686221,911,nexTy1,Diamond 1,71,69,,166,141
911,summoner-68367366,912,Myddo,Diamond 1,71,60,,109,80
912,summoner-24432947,913,NikGio,Diamond 1,70,107,,281,254
913,summoner-23155051,914,pudzianovski IRL,Diamond 1,70,94,,184,162
914,summoner-45523583,915,edev21,Diamond 1,70,91,,152,127
915,summoner-37595177,916,S0PHIE,Diamond 1,70,58,,78,62
916,summoner-21654503,917,P3psi LeMon,Diamond 1,70,49,,67,50
917,summoner-23911183,918,Madhõuse,Diamond 1,70,62,,43,33
918,summoner-66705989,919,SadFrog exe,Diamond 1,69,96,,296,201
919,summoner-25966301,920,ALB Barona1Love,Diamond 1,69,129,,270,235
920,summoner-21587261,921,DoctorNlck,Diamond 1,69,83,,218,174
921,summoner-50333934,922,Nippla,Diamond 1,69,67,,174,145
922,summoner-68387562,923,LeQu On Smurf,Diamond 1,69,55,,150,119
923,summoner-70617689,924,HerHex,Diamond 1,69,98,,150,110
924,summoner-31267277,925,IaceG,Diamond 1,69,52,,140,94
925,summoner-48329575,926,RedTigger2000,Diamond 1,69,97,,135,117
926,summoner-23296269,927,Dimikoyan,Diamond 1,69,88,,118,99
927,summoner-38238994,928,Coshida,Diamond 1,68,111,,228,220
928,summoner-19850455,929,AntiSocialis,Diamond 1,72,99,,147,129
929,summoner-38788779,930,Hi Iam Gosupport,Diamond 1,68,105,,108,92
930,summoner-42553384,931,shadows marked,Diamond 1,68,71,,107,93
931,summoner-23816156,932,Carry Only,Diamond 1,68,77,,95,83
932,summoner-70945372,933,King Illidan,Diamond 1,67,86,,412,363
933,summoner-49675568,934,Petey btw,Diamond 1,67,49,,151,115
934,summoner-29062803,935,V for VayNeDeTa,Diamond 1,67,74,,142,124
935,summoner-52530527,936,Maginaryy,Diamond 1,67,49,,115,58
936,summoner-72586541,937,Sobol jest słaby,Diamond 1,67,39,,67,23
937,summoner-39297772,938,LeZac,Diamond 1,66,119,,270,251
938,summoner-52036247,939,Hîszpan,Diamond 1,66,103,,266,253
939,summoner-34011141,940,HPC MlodyGamer,Diamond 1,66,110,,261,236
940,summoner-32212465,941,Sanyol,Diamond 1,66,97,,161,142
941,summoner-42915991,942,h1go,Diamond 1,66,60,,143,127
942,summoner-31279958,943,Elementh,Diamond 1,66,45,,112,44
943,summoner-22814877,944,Professor Konrad,Diamond 1,66,83,,108,76
944,summoner-19692199,945,Denited,Diamond 1,66,86,,77,33
945,summoner-30909416,946,Army 27 illusion,Diamond 1,66,40,,53,27
946,summoner-37100831,947,Arìete,Diamond 1,65,73,,278,239
947,summoner-31354285,948,AqroVelon,Diamond 1,65,104,,247,220
948,summoner-25170840,949,Sh0guno,Diamond 1,65,70,,206,188
949,summoner-21880349,950,Kaiser Božo,Diamond 1,65,115,,187,164
950,summoner-25503434,951,Woolly,Diamond 1,65,69,,138,109
951,summoner-33396293,952,Pink Rabbits,Diamond 1,65,54,,85,67
952,summoner-39620487,953,Skassy,Diamond 1,64,105,,308,295
953,summoner-38626931,954,NA1X,Diamond 1,64,99,,211,188
954,summoner-48035383,955,Thein,Diamond 1,64,95,,197,172
955,summoner-29619714,956,xdxdDDdxdd,Diamond 1,64,48,,149,83
956,summoner-36420208,957,LachtanHoralka,Diamond 1,64,68,,124,108
957,summoner-40189047,958,Yuuna,Diamond 1,64,52,,50,32
958,summoner-42813598,959,HeartlessElf,Diamond 1,64,92,,34,23
959,summoner-26861176,960,ƒ TELIÁ ƒ,Diamond 1,63,111,,357,338
960,summoner-33514724,961,ψUnlucky Godψ,Diamond 1,63,99,,240,221
961,summoner-20614632,962,PYKE IRL,Diamond 1,63,98,,193,144
962,summoner-69242998,963,Tάkis,Diamond 1,63,89,,166,153
963,summoner-22996729,964,seeth3r,Diamond 1,63,77,,130,101
964,summoner-58013094,965,SuperSaiyinRose,Diamond 1,63,63,,114,100
965,summoner-41113648,966,WIZOP,Diamond 1,63,56,,78,42
966,summoner-39208114,967,iVintrez,Diamond 1,63,45,,34,9
967,summoner-19747597,968,iMpwnYA,Diamond 1,62,121,,443,407
968,summoner-30748749,969,isä,Diamond 1,62,82,,215,183
969,summoner-58098309,970,ZVRYK,Diamond 1,62,112,,108,87
970,summoner-68748065,971,Gúru,Diamond 1,62,48,,100,60
971,summoner-36053985,972,Unlucky Niko,Diamond 1,62,83,,92,73
972,summoner-34217865,973,Eshara,Diamond 1,62,47,,63,34
973,summoner-31506776,974,Knightgum,Diamond 1,62,51,,51,20
974,summoner-71833035,975,HΞΜΦ,Diamond 1,61,88,,317,260
975,summoner-28893056,976,Pray4Tryndamere,Diamond 1,61,84,,225,199
976,summoner-20795263,977,Ququlis,Diamond 1,61,49,,148,92
977,summoner-52713387,978,LANCELOT 1,Diamond 1,61,49,,148,120
978,summoner-33909436,979,AT3Ntylk0GR4,Diamond 1,61,59,,139,110
979,summoner-60013756,980,The Kayle,Diamond 1,61,46,,99,78
980,summoner-37547009,981,EB24 Paxters,Diamond 1,61,96,,94,66
981,summoner-34396720,982,Stephprobabe,Diamond 1,61,54,,65,39
982,summoner-24334607,983,xLosDe,Diamond 1,60,81,,330,295
983,summoner-56794541,984,xXxKGxXx,Diamond 1,60,98,,317,309
984,summoner-35943184,985,Profesor Ulaniec,Diamond 1,60,127,,262,231
985,summoner-20663172,986,The Cr1mson King,Diamond 1,60,79,,239,211
986,summoner-24748823,987,PYROPHOBIA,Diamond 1,60,86,,177,157
987,summoner-26463457,988,Independent3,Diamond 1,60,63,,127,113
988,summoner-48657221,989,xxdXDxd gejus,Diamond 1,60,47,,102,63
989,summoner-36054356,990,dog ucal,Diamond 1,60,74,,98,81
990,summoner-44135599,991,Bloodziu,Diamond 1,60,124,,78,50
991,summoner-27985811,992,H0shiG4ki,Diamond 1,60,82,,46,25
992,summoner-57745834,993,MisterSearth,Diamond 1,59,142,,589,572
993,summoner-25231512,994,VuChina,Diamond 1,59,160,,141,126
994,summoner-44526231,995,Ξύδι,Diamond 1,59,69,,87,56
995,summoner-37663134,996,ZÏlean,Diamond 1,59,58,,82,44
996,summoner-25150210,997,OGN RageQuit,Diamond 1,59,79,,61,31
997,summoner-33736388,998,Torajaa,Diamond 1,59,67,,60,39
998,summoner-31259252,999,actorRyanGosling,Diamond 1,58,127,,458,442
999,summoner-28672100,1000,x Railgun x,Diamond 1,58,97,,457,406
