#timestamp 1529992857145
#date 2018-06-26T06:00:57+00:00
#players 1000
#index,id,rank,name,tier,lp,level,proTeam,win,loss
0,summoner-485522,1,Josedeodo,Challenger,1261,87,,125,54
1,summoner-54601,2,Aloned,Challenger,1163,88,,261,176
2,summoner-146501,3,Reincarnati0n,Challenger,970,82,,298,251
3,summoner-13101424,4,Jon Slow,Challenger,964,67,,160,90
4,summoner-12970770,5,Laro,Challenger,900,108,,290,241
5,summoner-887542,6,Áckerman,Challenger,849,88,,200,148
6,summoner-22373,7,Jara,Challenger,841,96,,315,267
7,summoner-39798,8,Ðark,Challenger,804,75,,132,77
8,summoner-41970,9,Ronnie Sullivan,Challenger,780,97,,319,274
9,summoner-78155,10,Jovana Rea,Challenger,752,70,,165,114
10,summoner-551623,11,Cubn,Challenger,746,92,,240,184
11,summoner-258446,12,Plugo,Challenger,700,67,,135,95
12,summoner-197380,13,El tio Pompas,Challenger,646,145,,193,141
13,summoner-117772,14,Popeyee,Challenger,637,164,,290,187
14,summoner-2273511,15,Bën,Challenger,589,93,,149,115
15,summoner-2260415,16,ClickClick,Challenger,588,120,,277,247
16,summoner-316731,17,Fixeal,Challenger,588,64,,140,83
17,summoner-1540877,18,Rîn,Challenger,581,66,,228,179
18,summoner-90878,19,Crab,Challenger,569,66,,183,146
19,summoner-42122,20,TøpLop,Challenger,568,158,,610,567
20,summoner-419084,21,Follow,Challenger,565,107,,262,215
21,summoner-919421,22,LSG TurboBestia,Challenger,534,97,,169,126
22,summoner-1342068,23,Just Historia,Challenger,529,136,,442,414
23,summoner-55115,24,Amazing LOL,Challenger,522,76,,219,175
24,summoner-3773783,25,xypherz,Challenger,517,115,,356,309
25,summoner-6421946,26,Franchu1440,Challenger,514,80,,295,251
26,summoner-11510189,27,MK Piqueos,Challenger,514,71,,177,141
27,summoner-4168955,28,adcccc,Challenger,484,113,,266,221
28,summoner-4563644,29,Stay in Tower,Challenger,493,140,,510,472
29,summoner-28154,30,TA Sasuke,Challenger,489,70,,163,126
30,summoner-14220740,31,should kys,Challenger,466,67,,287,224
31,summoner-65363,32,Ríos,Challenger,488,78,,126,90
32,summoner-1272154,33,KING Dongˇha,Challenger,486,113,,345,313
33,summoner-414524,34,FIare,Challenger,484,110,,222,186
34,summoner-521178,35,Kartana,Challenger,479,92,,292,248
35,summoner-2531572,36,Zach dempsey,Challenger,477,93,,343,304
36,summoner-247624,37,lkiefer,Challenger,466,102,,180,154
37,summoner-214586,38,Churri1,Challenger,460,56,,164,131
38,summoner-10890287,39,Fan De CasterMax,Challenger,454,98,,177,135
39,summoner-68001,40,EduardoFilopo,Challenger,451,92,,229,187
40,summoner-201891,41,randommmm,Challenger,451,72,,151,122
41,summoner-100168,42,Ázenth,Challenger,449,99,,271,231
42,summoner-71900,43,2v1 plz,Challenger,447,104,,231,201
43,summoner-8511827,44,Ðaedra,Challenger,444,58,,107,71
44,summoner-183154,45,Mát,Challenger,434,99,,324,289
45,summoner-118449,46,maybe someday,Challenger,457,59,,168,133
46,summoner-464759,47,Little ROODRA,Challenger,423,88,,251,160
47,summoner-1140356,48,F3NIX,Challenger,417,74,,141,103
48,summoner-14143678,49,CA Krim,Challenger,409,63,,183,120
49,summoner-238388,50,NaFT,Challenger,406,90,,131,98
50,summoner-8560132,51,Henrik Hansen,Challenger,401,60,,138,101
51,summoner-6232791,52,Fòrce,Challenger,400,49,,72,36
52,summoner-1254016,53,FLORA FATALE,Challenger,399,106,,284,250
53,summoner-110499,54,Psykhé,Challenger,397,73,,235,200
54,summoner-4054501,55,Cesni,Challenger,394,114,,319,305
55,summoner-735988,56,Ayax UwU,Challenger,393,77,,268,198
56,summoner-225934,57,Morts,Challenger,389,109,,339,312
57,summoner-4590501,58,1cody,Challenger,388,71,,251,197
58,summoner-51342,59,We Are Life,Challenger,388,56,,120,89
59,summoner-130151,60,woofı,Challenger,386,66,,133,104
60,summoner-2633138,61,Snöw,Challenger,385,134,,464,436
61,summoner-29645,62,PureBlood,Challenger,382,84,,239,205
62,summoner-1042870,63,ADC IN MMXVIII,Challenger,365,97,,231,205
63,summoner-1434364,64,OFWGKTA,Challenger,380,110,,338,297
64,summoner-61840,65,Phyro,Challenger,376,92,,139,112
65,summoner-1811981,66,Nero CIaudius,Challenger,375,55,,136,104
66,summoner-93840,67,CHAU AMlGOS,Challenger,373,67,,173,153
67,summoner-5271319,68,HangedMan,Challenger,344,70,,213,176
68,summoner-7136429,69,Tachikawa Mimi,Challenger,361,117,,306,287
69,summoner-64238,70,BL Leonaidas,Challenger,358,69,,189,162
70,summoner-7096236,71,Kiyro,Challenger,356,101,,197,161
71,summoner-13840348,72,Pancake v2,Challenger,355,48,,91,59
72,summoner-132222,73,ANHLTR,Challenger,353,79,,169,146
73,summoner-14130145,74,finding myself,Challenger,352,67,,219,162
74,summoner-141417,75,Žentrix Senpai,Challenger,349,130,,273,239
75,summoner-56039,76,tilin,Challenger,348,83,,121,93
76,summoner-1640210,77,Zeb3xy,Challenger,361,178,,749,740
77,summoner-556257,78,Shales,Challenger,344,91,,186,150
78,summoner-25895,79,Walkarus,Challenger,342,85,,214,187
79,summoner-2080155,80,Ankør,Challenger,339,88,,213,188
80,summoner-114867,81,Dhek,Challenger,318,114,,382,352
81,summoner-4262259,82,chill and win,Challenger,333,85,,145,114
82,summoner-6443773,83,sNow is Back,Challenger,333,43,,93,44
83,summoner-43448,84,TobalCl,Challenger,332,117,,303,275
84,summoner-57964,85,Near ü,Challenger,331,131,,313,284
85,summoner-372918,86,kushinda na ufa,Challenger,329,103,,369,354
86,summoner-305879,87,SkumbaGG nNymph,Challenger,310,60,,97,67
87,summoner-853348,88,noghost,Challenger,326,88,,346,312
88,summoner-462989,89,sweetnsalty,Challenger,325,73,,194,179
89,summoner-3140449,90,Que Pajita xD,Challenger,324,123,,402,372
90,summoner-4934350,91,Ñya x Chan,Challenger,323,109,,319,287
91,summoner-68143,92,MakeUpUrMind,Challenger,323,99,,229,202
92,summoner-2152784,93,Xäyah Grey,Challenger,320,108,,324,301
93,summoner-425408,94,Jarankal,Challenger,318,90,,299,280
94,summoner-1082368,95,Kainé,Challenger,313,116,,398,351
95,summoner-143854,96,A de sé,Challenger,311,106,,403,372
96,summoner-4962799,97,Høllow,Challenger,310,91,,310,228
97,summoner-133461,98,SryNotSry,Challenger,287,76,,246,215
98,summoner-6445042,99,ˆoˆ,Challenger,307,73,,133,96
99,summoner-1091844,100,BladeKoz,Challenger,304,105,,513,443
100,summoner-1091844,101,BladeKoz,Challenger,304,105,,513,443
101,summoner-251037,102,Tichoundrius,Challenger,303,84,,99,71
102,summoner-6770456,103,I Take Blues,Challenger,300,74,,236,175
103,summoner-522626,104,SantiagoJara,Challenger,297,75,,247,208
104,summoner-109949,105,Letz,Challenger,297,79,,226,200
105,summoner-1062113,106,łacoste,Challenger,289,123,,256,233
106,summoner-1381821,107,BIO ƒriendlyˇ,Challenger,287,81,,191,164
107,summoner-7302800,108,so sad,Challenger,286,158,,565,539
108,summoner-1621486,109,Vàsh,Challenger,285,107,,250,228
109,summoner-22810,110,baltîca,Challenger,285,102,,237,220
110,summoner-68279,111,Soul,Challenger,285,106,,193,156
111,summoner-4171744,112,Cubbn,Challenger,284,60,,133,83
112,summoner-14630174,113,TA Naruto,Challenger,284,45,,102,65
113,summoner-83935,114,UndeFack,Challenger,283,131,,145,115
114,summoner-81262,115,Diegunho,Challenger,265,94,,328,297
115,summoner-182266,116,Bartoo,Challenger,280,65,,161,141
116,summoner-71247,117,el rowlio pa,Challenger,279,114,,405,389
117,summoner-112367,118,kouzze,Challenger,275,93,,297,268
118,summoner-182669,119,Zackhal,Challenger,273,83,,152,93
119,summoner-960743,120,N N ˇ,Challenger,269,95,,252,222
120,summoner-1464616,121,TheDarkCloud,Challenger,268,85,,216,190
121,summoner-490396,122,Ara Araˆ,Challenger,266,86,,168,149
122,summoner-9592243,123,One Clone,Challenger,266,77,,142,114
123,summoner-5160616,124,FzF Skeeto,Challenger,264,112,,238,211
124,summoner-46382,125,Axlbg,Challenger,261,83,,138,109
125,summoner-88974,126,Carnotaurus,Challenger,260,82,,228,204
126,summoner-1725342,127,Shmebülock,Challenger,257,118,,342,314
127,summoner-241279,128,Az Sky,Challenger,253,86,,327,271
128,summoner-11540922,129,Sneakymi,Challenger,253,45,,77,41
129,summoner-12930776,130,ME ROBAN BARONx2,Challenger,252,146,,591,587
130,summoner-196840,131,Ärtyk1,Challenger,252,102,,215,193
131,summoner-144472,132,wai not,Challenger,252,78,,192,164
132,summoner-201925,133,KVF Swagcheco,Challenger,250,108,,247,213
133,summoner-2983715,134,I Love my Ashley,Challenger,248,59,,123,88
134,summoner-51876,135,Shelterˆ,Challenger,246,67,,153,117
135,summoner-209995,136,matusalem24,Challenger,244,89,,270,190
136,summoner-13854590,137,Mond,Challenger,240,54,,159,96
137,summoner-14120146,138,Rastastone,Challenger,237,43,,104,55
138,summoner-93216,139,Ai lov yu,Challenger,235,102,,305,285
139,summoner-1233394,140,Jøker,Challenger,234,121,,152,128
140,summoner-2221442,141,Stryderr,Challenger,232,109,,295,277
141,summoner-96707,142,MlDLANE HOKAGE,Challenger,228,70,,215,194
142,summoner-143368,143,RageiT,Challenger,228,57,,124,98
143,summoner-2297096,144,M u ff a d i t o,Challenger,226,127,,431,403
144,summoner-13932411,145,ñbgipuñugipuhip9,Challenger,219,54,,107,65
145,summoner-2412423,146,Color,Challenger,217,103,,168,148
146,summoner-77497,147,Dreary,Challenger,215,124,,321,302
147,summoner-117002,148,Böyfriend,Challenger,215,75,,160,136
148,summoner-723505,149,B Á W S,Challenger,214,56,,180,139
149,summoner-151555,150,NaOH,Challenger,213,134,,314,279
150,summoner-106290,151,Atraxa,Challenger,212,94,,257,240
151,summoner-246413,152,ST OneShot,Challenger,211,86,,137,109
152,summoner-205441,153,Neylan,Challenger,211,68,,133,114
153,summoner-910888,154,Stylê,Challenger,208,174,,667,647
154,summoner-191989,155,DecimeKbPapu,Challenger,207,82,,230,214
155,summoner-426166,156,BIO Faith,Challenger,205,128,,439,415
156,summoner-7491191,157,Invocador 69,Challenger,203,101,,309,262
157,summoner-25348,158,lukasnegro,Challenger,203,71,,170,133
158,summoner-220156,159,xAnubisDarkx,Challenger,200,116,,229,209
159,summoner-1572237,160,1Jaden,Challenger,200,94,,197,172
160,summoner-176981,161,TTTTTTTTTTTTTT,Challenger,199,118,,308,291
161,summoner-1506612,162,sonyky,Challenger,199,45,,110,64
162,summoner-3331818,163,METOR1,Challenger,198,95,,176,151
163,summoner-602146,164,ADC TIER 3 LUL,Challenger,182,62,,140,112
164,summoner-1802240,165,Sax1,Challenger,196,88,,245,227
165,summoner-164356,166,Dsk,Challenger,196,142,,232,214
166,summoner-4601058,167,Postinooo,Challenger,196,72,,175,145
167,summoner-14892568,168,Jishade,Challenger,195,73,,315,250
168,summoner-96317,169,Felipekun uwu,Challenger,193,95,,200,170
169,summoner-5610765,170,RektIoy,Challenger,192,107,,218,195
170,summoner-212220,171,MAIN ADC S8,Challenger,189,110,,299,267
171,summoner-883377,172,K Ü,Challenger,187,117,,313,286
172,summoner-87207,173,FoN Mickey,Challenger,186,99,,252,226
173,summoner-10483523,174,pure talent,Challenger,186,68,,205,135
174,summoner-188356,175,Fan de Millaray,Challenger,186,88,,155,135
175,summoner-148876,176,enbarao,Challenger,186,48,,97,69
176,summoner-4821931,177,xMeDrogoConJugo,Challenger,185,126,,221,190
177,summoner-1414274,178,Fuƒu,Challenger,184,97,,285,265
178,summoner-2400929,179,KR0N1C,Challenger,184,82,,195,174
179,summoner-116061,180,Månenform,Challenger,184,89,,189,160
180,summoner-79042,181,Reuzal,Challenger,181,70,,151,127
181,summoner-75781,182,Rabbit4Dinner,Challenger,179,109,,172,153
182,summoner-4502116,183,TheMachiavellian,Challenger,177,130,,202,167
183,summoner-375641,184,ExalTeD ExalT,Challenger,174,87,,239,215
184,summoner-14130153,185,ISG Narnia,Challenger,173,80,,300,268
185,summoner-82501,186,Henno,Challenger,173,89,,103,79
186,summoner-83267,187,Lárian,Challenger,170,110,,255,229
187,summoner-3871646,188,Focus al Soporte,Challenger,170,111,,234,203
188,summoner-636854,189,Furtive Gank,Challenger,185,81,,305,277
189,summoner-142583,190,No pasa nada,Challenger,169,89,,138,115
190,summoner-211741,191,Thorden,Challenger,168,104,,199,170
191,summoner-1094202,192,Thief of Relícs,Challenger,165,139,,445,429
192,summoner-3665395,193,Prototipe1,Challenger,165,67,,228,159
193,summoner-4205480,194,Cuest1oN,Challenger,164,91,,272,259
194,summoner-2920746,195,Naikuun,Challenger,163,100,,129,107
195,summoner-1341406,196,Hordeshyrder,Challenger,162,74,,132,102
196,summoner-3372406,197,El Señor Nutria,Challenger,161,150,,513,493
197,summoner-78095,198,internet player,Challenger,178,122,,502,470
198,summoner-1495447,199,FORTNITE PLAYER,Challenger,159,97,,195,178
199,summoner-53309,200,Solo Rija,Challenger,121,63,,171,151
200,summoner-3511618,201,Ikees,Master,174,44,,132,80
201,summoner-13751858,202,ComradeTinyOne,Master,169,45,,121,76
202,summoner-296168,203,UCH SoulWingS,Master,148,66,,157,133
203,summoner-9892013,204,I SkyMind I,Master,143,150,,185,161
204,summoner-171141,205,Mødest Møuse,Master,142,90,,202,181
205,summoner-38287,206,TREMENDO PLAYER,Master,138,74,,227,200
206,summoner-7107829,207,Shiawase desü,Master,130,96,,179,152
207,summoner-61587,208,full mute all,Master,129,165,,508,499
208,summoner-484584,209,IAmGay,Master,127,66,,109,77
209,summoner-3383177,210,Jhanxs,Master,126,138,,136,113
210,summoner-212354,211,Fleyro,Master,125,97,,200,179
211,summoner-12850151,212,Clístenes,Master,125,94,,122,108
212,summoner-14120151,213,KLG ARREGLO,Master,120,43,,79,36
213,summoner-14203259,214,Keyboard Enable,Master,115,68,,239,204
214,summoner-637059,215,Toomars,Master,115,97,,185,152
215,summoner-174063,216,You,Master,115,71,,121,102
216,summoner-3060150,217,Agressiv,Master,114,138,,406,387
217,summoner-133215,218,MacDoge,Master,113,96,,167,135
218,summoner-85056,219,Xitech,Master,108,74,,243,224
219,summoner-49427,220,lRoma,Master,107,58,,159,134
220,summoner-127563,221,Galixx,Master,106,95,,160,146
221,summoner-1542005,222,PWG Barbakhancer,Master,104,97,,168,145
222,summoner-15740146,223,zeicro adc spam,Master,100,64,,111,81
223,summoner-14662086,224,WildWeedWizard,Master,99,64,,240,188
224,summoner-68545,225,1999,Master,98,86,,382,353
225,summoner-243415,226,MC Marín,Master,97,85,,168,150
226,summoner-15610521,227,Mustélido,Master,97,47,,140,86
227,summoner-81884,228,midplayer,Master,96,69,,116,95
228,summoner-7108046,229,GianKios God,Master,94,158,,422,398
229,summoner-47992,230,Beemo,Master,94,118,,351,337
230,summoner-540259,231,Dificült,Master,93,84,,272,249
231,summoner-121144,232,Like Azír,Master,93,74,,159,111
232,summoner-293124,233,LightCoIors,Master,92,108,,133,110
233,summoner-101251,234,Juuzoü Suzuya,Master,91,122,,414,387
234,summoner-138069,235,pray for koughi,Master,89,110,,395,388
235,summoner-318102,236,shileno,Master,88,73,,134,102
236,summoner-928452,237,Azh,Master,87,105,,180,163
237,summoner-10994354,238,Arí,Master,86,129,,209,182
238,summoner-6564183,239,mitsheep95,Master,84,115,,404,390
239,summoner-3991535,240,Cosmic Gank,Master,77,95,,229,167
240,summoner-3771904,241,Gussy El Dios,Master,77,108,,188,151
241,summoner-78248,242,Slatër,Master,76,90,,122,103
242,summoner-321369,243,EMPEROR Chemical,Master,73,94,,94,64
243,summoner-15002049,244,Alex Mercer 0,Master,72,48,,131,87
244,summoner-5390198,245,AlezZ B,Master,71,83,,130,112
245,summoner-153751,246,LeFede,Master,70,99,,247,232
246,summoner-28945,247,l None l,Master,70,72,,132,99
247,summoner-240291,248,TA Hatake,Master,67,74,,132,111
248,summoner-1541217,249,Not2Clean,Master,66,111,,126,102
249,summoner-79675,250,Vlokz,Master,65,84,,329,308
250,summoner-1461106,251,1Reve,Master,65,74,,258,213
251,summoner-61540,252,PRISI0NER0,Master,62,71,,166,138
252,summoner-110218,253,Seong Wu,Master,60,72,,185,154
253,summoner-379939,254,Chërry Blossom,Master,59,175,,763,753
254,summoner-752153,255,Tomi Li Yau,Master,58,103,,252,217
255,summoner-1080650,256,Metal Attack,Master,56,53,,179,125
256,summoner-24400,257,BIO atirador,Master,55,95,,240,222
257,summoner-11920475,258,Keixt,Master,54,44,,63,41
258,summoner-309789,259,player of fun,Master,53,53,,114,79
259,summoner-213618,260,heinnneken,Master,53,51,,81,59
260,summoner-390613,261,Heaven Starfish,Master,48,95,,178,161
261,summoner-152126,262,lust4life,Master,48,76,,126,103
262,summoner-50135,263,Evelynn Mid,Master,47,105,,381,372
263,summoner-53835,264,k c,Master,46,73,,188,156
264,summoner-7230223,265,Snáké,Master,46,134,,156,123
265,summoner-14154181,266,Styon,Master,45,76,,200,142
266,summoner-4514609,267,Derringer,Master,43,90,,212,193
267,summoner-41344,268,Mïthdrändïr,Master,27,122,,511,504
268,summoner-14110149,269,RBT Rod,Master,41,63,,182,127
269,summoner-2307568,270,RamaPan,Master,41,75,,135,108
270,summoner-3390138,271,rhOm,Master,40,64,,162,110
271,summoner-1081302,272,BY FÁR,Master,40,57,,129,107
272,summoner-257826,273,Severity,Master,39,64,,79,51
273,summoner-62511,274,Ouyou,Master,38,86,,258,237
274,summoner-99484,275,Nïnja,Master,38,90,,141,112
275,summoner-3132373,276,Mei Houwąng,Master,38,57,,135,96
276,summoner-7773887,277,Feiquer Peruano,Master,36,71,,198,155
277,summoner-299166,278,Galleta,Master,33,66,,131,108
278,summoner-1262370,279,SOULKING PROOK,Master,33,69,,108,103
279,summoner-198833,280,S3G Foster,Master,33,74,,81,53
280,summoner-306156,281,Hiero de Virgo,Master,29,98,,137,120
281,summoner-12050505,282,NkDiego,Master,29,67,,69,45
282,summoner-1031700,283,Could be XyaaZ,Master,28,82,,401,314
283,summoner-33171,284,DarkRitual,Master,27,107,,201,181
284,summoner-147293,285,Meøwri,Master,26,93,,318,289
285,summoner-82364,286,Shû Hari,Master,24,92,,163,140
286,summoner-165261,287,EI Terror De Las,Master,24,59,,98,68
287,summoner-1740572,288,IzænK,Master,23,90,,161,141
288,summoner-401510,289,Kìng,Master,23,74,,102,82
289,summoner-173448,290,Nipphu,Master,23,52,,67,40
290,summoner-1036819,291,FzF Skiwii,Master,22,97,,174,153
291,summoner-1460524,292,Sufukato,Master,22,103,,135,118
292,summoner-204289,293,Woohee,Master,20,89,,212,205
293,summoner-38828,294,tufixzk,Master,19,91,,310,295
294,summoner-6032739,295,Dexiuz,Master,19,57,,169,125
295,summoner-14902639,296,Maürö,Master,19,50,,150,97
296,summoner-83165,297,Quiid,Master,0,97,,213,197
297,summoner-1271905,298,El asaltante,Master,17,93,,177,157
298,summoner-15791480,299,Korean Spear,Master,17,54,,143,96
299,summoner-926117,300,potzy,Master,17,65,,124,108
300,summoner-52333,301,NickoDarka,Master,15,72,,126,104
301,summoner-207180,302,King ÐüivéŁ,Master,12,119,,212,198
302,summoner-415567,303,Dolores Delanoo,Master,9,66,,127,107
303,summoner-76862,304,BILLY Y MANDY,Master,7,139,,216,200
304,summoner-821772,305,Queen Vayne,Master,4,114,,160,133
305,summoner-1135935,306,Índexx,Master,0,107,,382,373
306,summoner-62852,307,2v8 xd,Master,0,130,,363,348
307,summoner-1063509,308,Pulg0so,Master,0,121,,355,328
308,summoner-197616,309,Darkeater Midir,Master,0,105,,343,325
309,summoner-373737,310,lost in ur smile,Master,0,103,,307,299
310,summoner-864722,311,Trueno Largo,Master,0,74,,302,232
311,summoner-127283,312,Yo Soy Zorro 1,Master,0,173,,302,280
312,summoner-911178,313,RtBox,Master,0,89,,246,221
313,summoner-25341,314,Fireflíes,Master,0,116,,243,222
314,summoner-45300,315,Careta,Master,0,83,,237,228
315,summoner-132216,316,Reformed PIayer,Master,0,85,,237,225
316,summoner-204523,317,Macky,Master,0,106,,233,207
317,summoner-158812,318,Cuquecu,Master,0,100,,199,174
318,summoner-203495,319,No soy Guishe,Master,0,76,,195,143
319,summoner-422141,320,Crówn,Master,0,81,,161,145
320,summoner-208913,321,Cayupa,Master,0,94,,152,136
321,summoner-176483,322,Raftiel,Master,0,74,,132,115
322,summoner-13843633,323,buff rengar,Master,0,47,,129,80
323,summoner-37329,324,sad5466797567,Master,0,50,,114,90
324,summoner-206039,325,Alicë Gläss,Master,0,69,,110,94
325,summoner-1912806,326,Corona,Master,0,67,,101,81
326,summoner-41601,327,Precep,Master,0,47,,87,71
327,summoner-15721760,328,Perseverąnce,Master,23,39,,84,42
328,summoner-109522,329,Rámpage,Master,0,128,,76,53
329,summoner-46751,330,Kegg,Master,0,79,,67,42
330,summoner-104067,331,Nottingham Lace,Master,0,51,,67,43
331,summoner-14932128,332,YA FUE MAN FF,Master,0,57,,61,21
332,summoner-12041800,333,Lord Alambrito,Diamond 1,100,143,,393,386
333,summoner-257678,334,kiike LA BESTIA,Diamond 1,100,88,,355,338
334,summoner-3732374,335,Mrrraggglhlhgh,Diamond 1,100,115,,314,299
335,summoner-303241,336,Levï,Diamond 1,100,120,,226,209
336,summoner-60025,337,ARC Tomate,Diamond 1,100,96,,224,206
337,summoner-1354203,338,miclovin,Diamond 1,100,107,,205,186
338,summoner-14120136,339,qVqVqVqVqVqVqV,Diamond 1,100,63,,189,136
339,summoner-124010,340,Peppee,Diamond 1,100,80,,186,166
340,summoner-25977,341,Chofa,Diamond 1,100,60,,152,127
341,summoner-217150,342,Cosmodius,Diamond 1,100,76,,143,123
342,summoner-2570443,343,onlymidmain,Diamond 1,100,79,,137,92
343,summoner-75394,344,Shaddíx,Diamond 1,100,72,,120,93
344,summoner-77829,345,Sunblast,Diamond 1,100,60,,114,88
345,summoner-1777210,346,Tulz,Diamond 1,100,54,,114,67
346,summoner-46315,347,BádLife,Diamond 1,100,121,,113,87
347,summoner-33547,348,light fury,Diamond 1,100,62,,93,72
348,summoner-1731315,349,Schwí,Diamond 1,100,74,,87,67
349,summoner-4022703,350,MrStigma,Diamond 1,99,106,,361,347
350,summoner-168824,351,ValHälen,Diamond 1,99,124,,352,328
351,summoner-118616,352,Workout,Diamond 1,97,101,,300,282
352,summoner-4874678,353,One Trick Viktor,Diamond 1,97,110,,263,242
353,summoner-65297,354,ØКÃSOИ1997,Diamond 1,97,63,,82,59
354,summoner-92647,355,Sweet Kath,Diamond 1,96,102,,273,263
355,summoner-63592,356,ndeaaaaaaaa,Diamond 1,96,63,,133,110
356,summoner-1064661,357,Its Me FraGioRlz,Diamond 1,96,41,,59,36
357,summoner-3991412,358,Wisefang,Diamond 1,95,86,,230,205
358,summoner-5810424,359,Agent Blue,Diamond 1,93,81,,271,252
359,summoner-13170130,360,Snoopy2,Diamond 1,93,53,,140,120
360,summoner-56233,361,esmowing,Diamond 1,92,80,,110,103
361,summoner-2240164,362,CTHULHU KUN,Diamond 1,92,55,,91,69
362,summoner-128725,363,Azjalarafe,Diamond 1,91,115,,180,161
363,summoner-2912068,364,Lee Sin Manox,Diamond 1,90,99,,238,216
364,summoner-116462,365,rolE,Diamond 1,90,67,,214,188
365,summoner-14130146,366,ll Pyke ll,Diamond 1,90,67,,199,164
366,summoner-4750914,367,Sonnenlicht,Diamond 1,90,107,,188,127
367,summoner-94622,368,Pumpkin Duke,Diamond 1,90,54,,155,125
368,summoner-226255,369,Fonto,Diamond 1,90,75,,152,124
369,summoner-14120148,370,Haise Sasakî,Diamond 1,90,48,,149,88
370,summoner-13290137,371,Howling,Diamond 1,90,74,,147,125
371,summoner-212940,372,Suiikimon,Diamond 1,90,74,,131,103
372,summoner-46930,373,Focho,Diamond 1,90,67,,124,107
373,summoner-14120142,374,1TRAFALGAR LAW,Diamond 1,90,47,,121,56
374,summoner-14110138,375,Positioning 101,Diamond 1,90,66,,110,54
375,summoner-27443,376,ClatoS,Diamond 1,90,60,,99,82
376,summoner-14110139,377,Newbie Player,Diamond 1,90,65,,74,22
377,summoner-382232,378,NexorXk,Diamond 1,90,69,,60,40
378,summoner-156001,379,PeRseeO,Diamond 1,89,69,,104,76
379,summoner-732186,380,Pácha,Diamond 1,88,97,,162,146
380,summoner-6830141,381,Helior,Diamond 1,87,38,,49,37
381,summoner-11490134,382,Teamo mitsuha,Diamond 1,86,154,,353,341
382,summoner-4462383,383,Møs Def,Diamond 1,85,117,,89,71
383,summoner-304369,384,2FckingCLEAN,Diamond 1,85,110,,67,45
384,summoner-26596,385,Daddy koughi,Diamond 1,85,42,,54,36
385,summoner-217191,386,99263857,Diamond 1,84,116,,368,361
386,summoner-75128,387,Razky,Diamond 1,83,59,,223,184
387,summoner-87997,388,Joelito S2,Diamond 1,82,79,,138,115
388,summoner-170441,389,Leigrey,Diamond 1,82,67,,111,95
389,summoner-520421,390,Sang,Diamond 1,81,77,,186,161
390,summoner-1400188,391,Nortaa,Diamond 1,81,94,,176,157
391,summoner-48664,392,Cody,Diamond 1,80,106,,239,223
392,summoner-2380587,393,EL SHEY M0NCH0,Diamond 1,79,85,,225,213
393,summoner-3973592,394,Arfyss,Diamond 1,79,88,,199,186
394,summoner-185763,395,Kobbe,Diamond 1,79,81,,196,176
395,summoner-751933,396,Lincoyán,Diamond 1,79,98,,103,79
396,summoner-212367,397,Rencøw,Diamond 1,78,159,,678,664
397,summoner-40158,398,Bladewolf,Diamond 1,78,147,,492,474
398,summoner-33513,399,Omnívoro,Diamond 1,78,71,,148,124
399,summoner-11920467,400,Fade Gün,Diamond 1,77,86,,314,269
400,summoner-10509814,401,Nadeishmeis,Diamond 1,77,81,,245,221
401,summoner-9632857,402,CA TenteX,Diamond 1,76,100,,474,428
402,summoner-150900,403,Summoner,Diamond 1,75,120,,351,330
403,summoner-32698,404,Guante,Diamond 1,75,118,,255,243
404,summoner-3143085,405,Chocolito a 100,Diamond 1,75,59,,237,203
405,summoner-213910,406,xSnowu,Diamond 1,75,109,,225,213
406,summoner-525841,407,TotoJr,Diamond 1,75,73,,206,163
407,summoner-299337,408,ByFalco,Diamond 1,75,81,,198,169
408,summoner-220718,409,Rei Ryghts,Diamond 1,75,140,,190,166
409,summoner-143984,410,wowee,Diamond 1,75,61,,186,157
410,summoner-14884484,411,Nouveau Airs,Diamond 1,75,54,,181,119
411,summoner-68907,412,Mystery Shadow,Diamond 1,75,95,,181,154
412,summoner-228094,413,MigaN,Diamond 1,75,70,,178,155
413,summoner-1279181,414,EMPEROR Rollins,Diamond 1,75,113,,172,113
414,summoner-51166,415,chewbacca4,Diamond 1,75,56,,170,134
415,summoner-143846,416,Pardoo,Diamond 1,75,105,,170,140
416,summoner-3530629,417,Defüssion,Diamond 1,75,86,,167,141
417,summoner-15064565,418,xypherz v2,Diamond 1,75,49,,151,108
418,summoner-7301872,419,Maocarry,Diamond 1,75,55,,145,121
419,summoner-50585,420,Simon Petriköv,Diamond 1,75,56,,136,103
420,summoner-255561,421,Bjerg,Diamond 1,75,71,,136,93
421,summoner-2571472,422,Amine Edge DANCE,Diamond 1,75,62,,127,81
422,summoner-22713,423,Mr Krippy,Diamond 1,75,70,,126,103
423,summoner-1480253,424,Perrø Bømba,Diamond 1,75,76,,125,106
424,summoner-221135,425,OdinXIII,Diamond 1,75,86,,123,109
425,summoner-187776,426,og prodi,Diamond 1,75,54,,121,76
426,summoner-3361130,427,Fury S2,Diamond 1,75,143,,119,96
427,summoner-4580118,428,Manteka2,Diamond 1,75,77,,111,73
428,summoner-32013,429,tyyyyyyyyyyyyyyy,Diamond 1,75,68,,109,83
429,summoner-801648,430,Skyren,Diamond 1,75,51,,106,83
430,summoner-76508,431,maxíx,Diamond 1,75,91,,82,55
431,summoner-14194450,432,002ˇˇˇ,Diamond 1,75,41,,80,40
432,summoner-1054953,433,Enzo1,Diamond 1,75,66,,73,43
433,summoner-14120140,434,tuesday was good,Diamond 1,75,59,,73,39
434,summoner-1763535,435,SUPER GRIDITO,Diamond 1,75,39,,57,29
435,summoner-303359,436,TSM Razor,Diamond 1,75,39,,53,24
436,summoner-762933,437,Dovahsama,Diamond 1,74,85,,116,104
437,summoner-874874,438,Xlr,Diamond 1,74,47,,90,65
438,summoner-63737,439,ÁzeR,Diamond 1,73,68,,189,172
439,summoner-7844169,440,rACKSTAR,Diamond 1,73,66,,170,150
440,summoner-7035353,441,felixorreo,Diamond 1,73,38,,51,35
441,summoner-12981351,442,Fozzie el oso,Diamond 1,72,79,,245,238
442,summoner-58050,443,tyuzkAA,Diamond 1,72,125,,155,121
443,summoner-537327,444,Phatokage,Diamond 1,72,81,,117,91
444,summoner-27392,445,HippieCommander,Diamond 1,72,115,,76,55
445,summoner-602287,446,xd nomas,Diamond 1,71,144,,647,628
446,summoner-99448,447,RexonaMeAbandona,Diamond 1,71,61,,176,133
447,summoner-67974,448,1984g,Diamond 1,71,69,,43,26
448,summoner-1423839,449,UnreformedRAT L9,Diamond 1,70,86,,353,326
449,summoner-53475,450,ææææææ,Diamond 1,70,109,,296,280
450,summoner-3843676,451,Aeón Sama,Diamond 1,70,107,,287,264
451,summoner-13610392,452,Tirolokoo,Diamond 1,70,69,,209,190
452,summoner-1072457,453,Flauroz,Diamond 1,70,68,,79,63
453,summoner-766404,454,Pegaso2K,Diamond 1,69,84,,219,190
454,summoner-151636,455,unclecriss,Diamond 1,69,153,,171,156
455,summoner-81732,456,47 Kalashnikov,Diamond 1,69,79,,90,64
456,summoner-2831198,457,CordobesNotFound,Diamond 1,67,120,,275,254
457,summoner-64510,458,DrakoZelda2,Diamond 1,67,73,,212,160
458,summoner-14180902,459,d4blonair,Diamond 1,67,57,,177,129
459,summoner-52584,460,PlE de Maracuyá,Diamond 1,66,78,,229,217
460,summoner-2190579,461,bunny bad kid,Diamond 1,66,106,,97,80
461,summoner-1558232,462,DEUSVULTDEUSVULT,Diamond 1,66,94,,76,59
462,summoner-70948,463,San Paoli,Diamond 1,65,184,,477,452
463,summoner-1501092,464,OVG Midnight,Diamond 1,65,141,,311,299
464,summoner-4400820,465,ATR pibe Argento,Diamond 1,65,111,,278,251
465,summoner-1241278,466,a tired adc,Diamond 1,65,119,,247,228
466,summoner-14120144,467,time lapse,Diamond 1,65,44,,82,41
467,summoner-752124,468,Maestre Tuppo,Diamond 1,64,62,,122,78
468,summoner-15452418,469,Hawk Eye Yi,Diamond 1,64,37,,58,13
469,summoner-221844,470,PipaStone,Diamond 1,63,136,,221,207
470,summoner-5345389,471,Hansmetal,Diamond 1,63,102,,210,201
471,summoner-29717,472,grafo,Diamond 1,62,56,,143,124
472,summoner-72425,473,GlockaFlockaFade,Diamond 1,62,66,,87,76
473,summoner-14110157,474,rbt greed,Diamond 1,62,44,,76,34
474,summoner-1066367,475,dreamkiller12,Diamond 1,61,63,,165,152
475,summoner-247695,476,asdasdzczcx,Diamond 1,61,67,,149,111
476,summoner-4564665,477,One Jump,Diamond 1,61,95,,103,75
477,summoner-1105443,478,Pagorex,Diamond 1,60,123,,371,356
478,summoner-2232715,479,ZékkeN,Diamond 1,60,94,,273,264
479,summoner-171132,480,Metraxiz,Diamond 1,60,91,,255,251
480,summoner-529347,481,Kafka,Diamond 1,60,50,,120,98
481,summoner-55857,482,Nyvek,Diamond 1,60,92,,110,88
482,summoner-82560,483,never forgive,Diamond 1,60,67,,104,86
483,summoner-124550,484,Recret,Diamond 1,60,48,,92,76
484,summoner-135849,485,Aeizus,Diamond 1,59,68,,52,41
485,summoner-102235,486,s3ra,Diamond 1,59,50,,44,18
486,summoner-1759207,487,The Quickness,Diamond 1,58,79,,226,205
487,summoner-9862917,488,Ijo de ODIN,Diamond 1,58,49,,135,110
488,summoner-251223,489,può vincere,Diamond 1,58,47,,44,24
489,summoner-172784,490,NeuroN,Diamond 1,57,96,,462,443
490,summoner-12451843,491,VcN v2,Diamond 1,57,105,,195,167
491,summoner-11940393,492,Gerárd,Diamond 1,57,87,,165,127
492,summoner-526052,493,Voranar,Diamond 1,57,62,,143,134
493,summoner-1252320,494,Yalung,Diamond 1,57,78,,132,118
494,summoner-189217,495,Pointless ßot,Diamond 1,57,120,,131,66
495,summoner-811836,496,iGeveze,Diamond 1,57,50,,120,105
496,summoner-1083467,497,Ocaliehpo,Diamond 1,56,103,,267,257
497,summoner-1132526,498,KING OF THE GANG,Diamond 1,56,161,,237,204
498,summoner-14924604,499,LasTrash,Diamond 1,56,46,,125,76
499,summoner-12813681,500,nevr,Diamond 1,56,60,,105,83
500,summoner-295010,501,Blazerck,Diamond 1,55,126,,428,413
501,summoner-12952365,502,Scyphionyx,Diamond 1,55,93,,119,101
502,summoner-82756,503,Lil Myers,Diamond 1,55,80,,108,82
503,summoner-148493,504,JPERLCH3,Diamond 1,55,65,,95,73
504,summoner-1302545,505,Xelkho,Diamond 1,54,128,,229,210
505,summoner-138263,506,Next,Diamond 1,54,56,,138,110
506,summoner-169457,507,batxD,Diamond 1,53,129,,688,637
507,summoner-8610725,508,Definitely,Diamond 1,53,100,,141,123
508,summoner-1252190,509,Cawboy,Diamond 1,53,100,,88,72
509,summoner-80896,510,FFC Franco,Diamond 1,52,110,,222,199
510,summoner-10984339,511,Heiwajima Kasuka,Diamond 1,52,61,,155,143
511,summoner-7752774,512,Alan cio,Diamond 1,52,71,,141,123
512,summoner-628534,513,Lolmanda2,Diamond 1,52,62,,141,108
513,summoner-12041937,514,Pr0mesasKeep,Diamond 1,52,63,,140,114
514,summoner-1114435,515,VortexN,Diamond 1,51,96,,244,225
515,summoner-4741112,516,ßenjamin,Diamond 1,51,134,,234,221
516,summoner-26999,517,Nachomax,Diamond 1,51,75,,204,185
517,summoner-1729349,518,Lykar,Diamond 1,51,75,,163,158
518,summoner-175423,519,jdseba,Diamond 1,51,87,,35,18
519,summoner-4053236,520,xNegrø,Diamond 1,50,117,,433,406
520,summoner-1261645,521,Guerzo,Diamond 1,50,93,,332,325
521,summoner-1242018,522,Kiseˆ,Diamond 1,50,99,,329,321
522,summoner-26321,523,D4SSLER,Diamond 1,50,106,,328,329
523,summoner-26925,524,Dënver,Diamond 1,50,92,,297,294
524,summoner-64311,525,Asahi Takiguchi,Diamond 1,50,107,,258,251
525,summoner-1570971,526,Fakerˇ,Diamond 1,50,98,,234,209
526,summoner-382885,527,KR Matsuri,Diamond 1,50,96,,234,214
527,summoner-3534613,528,Khattolk,Diamond 1,50,93,,210,201
528,summoner-42498,529,Skaanz,Diamond 1,50,75,,199,184
529,summoner-1305539,530,mla,Diamond 1,50,106,,167,146
530,summoner-310359,531,daryl ˇˉˇ,Diamond 1,50,77,,156,126
531,summoner-571386,532,hyungˇˉˇ,Diamond 1,50,110,,155,131
532,summoner-1493181,533,Sad gîrl,Diamond 1,50,136,,129,111
533,summoner-840871,534,Prayers and Vows,Diamond 1,50,89,,126,107
534,summoner-283094,535,ScoupAXX,Diamond 1,50,102,,122,108
535,summoner-372049,536,Heavyweight,Diamond 1,50,57,,120,105
536,summoner-2261269,537,Behemov,Diamond 1,50,94,,109,87
537,summoner-533199,538,xAnubisDarkx2,Diamond 1,50,69,,105,86
538,summoner-240628,539,gomenˆnasai,Diamond 1,50,168,,104,72
539,summoner-105931,540,Lindwurm,Diamond 1,50,110,,100,80
540,summoner-1934429,541,Emisary Of Death,Diamond 1,50,65,,92,73
541,summoner-157936,542,Dwarfish M,Diamond 1,50,46,,66,56
542,summoner-910113,543,Shirö,Diamond 1,49,113,,337,337
543,summoner-29006,544,ZhoridZ,Diamond 1,49,97,,277,254
544,summoner-227103,545,ÆT Gorditomaster,Diamond 1,49,78,,241,221
545,summoner-5780137,546,Skins,Diamond 1,49,94,,237,235
546,summoner-4620158,547,FancyGoat,Diamond 1,49,59,,159,128
547,summoner-25880,548,Kryþtonian,Diamond 1,49,70,,128,109
548,summoner-65262,549,BGH forExe,Diamond 1,49,67,,78,65
549,summoner-50759,550,K1tty Princess,Diamond 1,49,59,,52,30
550,summoner-9510200,551,Nani C Kore wa,Diamond 1,49,88,,50,34
551,summoner-110173,552,Rylve,Diamond 1,48,93,,135,119
552,summoner-14120143,553,Dodo S2,Diamond 1,48,58,,119,47
553,summoner-13844451,554,Lil9ROOK,Diamond 1,48,49,,82,46
554,summoner-115635,555,OnlyTheTip,Diamond 1,47,122,,279,265
555,summoner-32906,556,ChaiLordZ,Diamond 1,47,53,,69,50
556,summoner-5421715,557,Fan De Scrappy,Diamond 1,46,60,,201,140
557,summoner-79927,558,Satirosky,Diamond 1,46,72,,154,147
558,summoner-7993045,559,Friedrich IV,Diamond 1,46,43,,93,50
559,summoner-1482088,560,Yhon,Diamond 1,45,123,,363,344
560,summoner-897920,561,Cubik,Diamond 1,44,109,,173,134
561,summoner-161575,562,Ghosthit,Diamond 1,42,55,,89,73
562,summoner-1504090,563,BluePrime,Diamond 1,41,122,,110,91
563,summoner-5243424,564,CatSempai,Diamond 1,40,75,,243,227
564,summoner-864271,565,GOD CesarBaeza,Diamond 1,40,60,,170,150
565,summoner-71664,566,MonjeFunky,Diamond 1,40,82,,160,146
566,summoner-12051223,567,Hunter Smick,Diamond 1,39,76,,255,237
567,summoner-211516,568,Master YEET,Diamond 1,39,119,,131,100
568,summoner-74230,569,LordFoxo,Diamond 1,38,108,,381,375
569,summoner-112372,570,UCH Hefedes,Diamond 1,38,123,,327,320
570,summoner-310373,571,Vanníty,Diamond 1,38,79,,178,168
571,summoner-313033,572,MyCrew,Diamond 1,38,80,,174,158
572,summoner-164017,573,Lígety,Diamond 1,37,133,,624,622
573,summoner-551845,574,Kezion,Diamond 1,37,104,,235,213
574,summoner-204550,575,Dunkel,Diamond 1,37,64,,92,71
575,summoner-1103047,576,someday soon,Diamond 1,36,63,,172,154
576,summoner-26899,577,4444441,Diamond 1,36,39,,56,27
577,summoner-4281346,578,Oóoóóoó,Diamond 1,35,85,,200,172
578,summoner-411624,579,Vengeful Dome,Diamond 1,35,77,,165,145
579,summoner-2900540,580,WGiardino,Diamond 1,34,129,,446,426
580,summoner-29815,581,Paladín,Diamond 1,34,101,,179,162
581,summoner-4671565,582,BrontoSkarner,Diamond 1,34,47,,119,68
582,summoner-710801,583,lllIlllIlllIlllI,Diamond 1,34,51,,103,93
583,summoner-113443,584,DM ME IF EGIRL,Diamond 1,34,67,,101,84
584,summoner-932055,585,Fan de Hailee,Diamond 1,34,64,,99,86
585,summoner-190683,586,Maderíx,Diamond 1,34,60,,95,75
586,summoner-182392,587,HitmanGG,Diamond 1,33,89,,245,229
587,summoner-47360,588,Choqo,Diamond 1,33,60,,169,108
588,summoner-128767,589,La Tengo Grande,Diamond 1,33,97,,109,98
589,summoner-253921,590,AMJ Yatroll,Diamond 1,33,91,,108,97
590,summoner-6974007,591,Kick the Midlane,Diamond 1,33,54,,102,82
591,summoner-7590379,592,Uxïe,Diamond 1,32,99,,274,274
592,summoner-6360322,593,so my bad,Diamond 1,32,93,,203,190
593,summoner-2651421,594,xamexxelpro,Diamond 1,32,68,,166,146
594,summoner-1945705,595,Akira Shý,Diamond 1,32,76,,127,113
595,summoner-12200629,596,The Búho,Diamond 1,31,94,,151,141
596,summoner-14110154,597,KimiRAI,Diamond 1,31,55,,128,100
597,summoner-218903,598,Rayffen,Diamond 1,30,86,,263,247
598,summoner-4303209,599,Keishao,Diamond 1,30,77,,184,153
599,summoner-12234633,600,Locurita XD,Diamond 1,30,75,,91,54
600,summoner-6350746,601,with your love,Diamond 1,30,131,,82,63
601,summoner-7651436,602,Arto skin ameo,Diamond 1,29,126,,296,254
602,summoner-5351066,603,Sholwan Joestar,Diamond 1,29,141,,286,266
603,summoner-143032,604,ACONTR3H,Diamond 1,29,74,,117,100
604,summoner-16022445,605,Fck this World,Diamond 1,29,42,,78,41
605,summoner-4770590,606,Menzhita,Diamond 1,28,97,,131,116
606,summoner-1155196,607,EvilTriGer,Diamond 1,27,105,,355,343
607,summoner-107514,608,JAJAJAJAJAJAJAJ,Diamond 1,27,90,,275,227
608,summoner-220311,609,Slayerzx123,Diamond 1,27,107,,173,161
609,summoner-12702513,610,Admiral Kunkka,Diamond 1,27,44,,98,59
610,summoner-71345,611,Strickzito,Diamond 1,26,109,,333,328
611,summoner-1557721,612,davidfl,Diamond 1,26,70,,220,210
612,summoner-740311,613,LegendOfWar,Diamond 1,26,98,,180,149
613,summoner-112661,614,Absence,Diamond 1,26,77,,133,120
614,summoner-45739,615,FonTyTy,Diamond 1,26,92,,120,88
615,summoner-14110158,616,frost good kid,Diamond 1,25,78,,304,264
616,summoner-23907,617,EmoPorEmilio,Diamond 1,25,117,,257,238
617,summoner-168184,618,ZanganØ,Diamond 1,25,79,,230,209
618,summoner-1490647,619,ExiledOfTwilight,Diamond 1,25,163,,227,177
619,summoner-14650166,620,Fantasi,Diamond 1,25,70,,202,175
620,summoner-35890,621,Necko,Diamond 1,25,93,,199,183
621,summoner-98602,622,MemoKsW,Diamond 1,25,101,,178,161
622,summoner-5970580,623,Bot Elmer,Diamond 1,25,112,,151,136
623,summoner-14130137,624,DH Hayha,Diamond 1,25,58,,132,95
624,summoner-137286,625,BL Nieve Negra,Diamond 1,25,71,,101,68
625,summoner-1751868,626,AMBUSH14231342,Diamond 1,25,54,,97,57
626,summoner-182271,627,YoRHa Type A2,Diamond 1,25,77,,43,27
627,summoner-7401964,628,3ternity,Diamond 1,24,60,,94,46
628,summoner-1894532,629,EL TATA BASTIAN,Diamond 1,23,145,,294,268
629,summoner-217033,630,RBT Burritox,Diamond 1,23,64,,101,87
630,summoner-12200292,631,Insäne,Diamond 1,23,125,,59,37
631,summoner-16172160,632,EVV Filopo,Diamond 1,23,33,,42,6
632,summoner-16172162,633,Sakai,Diamond 1,23,33,,42,6
633,summoner-371650,634,Netherworld,Diamond 1,22,73,,179,141
634,summoner-7542422,635,ateoXD,Diamond 1,22,74,,167,143
635,summoner-80063,636,Oni Sama,Diamond 1,22,71,,100,95
636,summoner-43818,637,TA Comander,Diamond 1,22,47,,90,75
637,summoner-45291,638,PorotoLolero,Diamond 1,22,42,,49,26
638,summoner-9986100,639,Niges,Diamond 1,20,104,,286,271
639,summoner-166851,640,Mgleonty,Diamond 1,20,88,,120,92
640,summoner-43354,641,Agwozh,Diamond 1,20,85,,94,75
641,summoner-63599,642,Jalato Salvaje,Diamond 1,19,143,,597,568
642,summoner-302344,643,TóxicoPLS,Diamond 1,19,98,,73,56
643,summoner-198329,644,Sophrosyne,Diamond 1,18,110,,185,169
644,summoner-432780,645,muito,Diamond 1,18,82,,163,160
645,summoner-10280137,646,MadnessButt,Diamond 1,18,51,,126,89
646,summoner-201653,647,Fighter Slayer,Diamond 1,18,66,,97,83
647,summoner-49302,648,Navarret,Diamond 1,18,106,,66,57
648,summoner-1975555,649,UT Peep,Diamond 1,17,146,,311,275
649,summoner-4452901,650,Sr Heladitö,Diamond 1,17,118,,299,273
650,summoner-12151685,651,Fenha Rawy,Diamond 1,17,88,,254,241
651,summoner-39062,652,Nerf Noah,Diamond 1,17,83,,168,163
652,summoner-14130136,653,DH Rice,Diamond 1,17,55,,128,115
653,summoner-14086351,654,Scripter btw,Diamond 1,17,74,,56,43
654,summoner-112791,655,OVNI,Diamond 1,16,121,,228,210
655,summoner-1344259,656,N I C Ø W,Diamond 1,16,116,,136,122
656,summoner-76129,657,Rÿn,Diamond 1,16,93,,124,108
657,summoner-735360,658,Jojola,Diamond 1,15,69,,178,162
658,summoner-1945632,659,AllbaK,Diamond 1,15,52,,142,88
659,summoner-1896899,660,xShadow10,Diamond 1,14,133,,162,131
660,summoner-114879,661,Sn3x,Diamond 1,13,43,,65,60
661,summoner-39785,662,Míshu,Diamond 1,12,123,,459,443
662,summoner-490519,663,RetiredGod,Diamond 1,12,74,,184,175
663,summoner-1641437,664,F23,Diamond 1,12,90,,163,150
664,summoner-480170,665,Colin1,Diamond 1,11,105,,228,218
665,summoner-4380877,666,Zevirah,Diamond 1,11,87,,222,203
666,summoner-208214,667,Tipazo,Diamond 1,11,49,,67,50
667,summoner-6654310,668,lush0sky,Diamond 1,10,96,,116,90
668,summoner-302227,669,Dukie,Diamond 1,10,75,,91,86
669,summoner-129953,670,Meguita,Diamond 1,10,41,,32,19
670,summoner-520647,671,Kino,Diamond 1,9,70,,184,168
671,summoner-128024,672,Kvrof,Diamond 1,9,49,,86,61
672,summoner-5044735,673,DAWNDEMON,Diamond 1,8,65,,186,165
673,summoner-205833,674,Copo Snow,Diamond 1,8,119,,170,149
674,summoner-13903836,675,Incoming Rage,Diamond 1,6,115,,373,407
675,summoner-1052405,676,terbaik1,Diamond 1,6,85,,227,215
676,summoner-1351102,677,Peluca,Diamond 1,6,111,,103,71
677,summoner-39071,678,Teppei,Diamond 1,4,124,,578,579
678,summoner-560629,679,RATA TA TA,Diamond 1,4,102,,268,261
679,summoner-191519,680,Kantus Lion,Diamond 1,3,76,,156,133
680,summoner-43381,681,1DBaby,Diamond 1,3,114,,132,115
681,summoner-940261,682,ZegtioN,Diamond 1,3,76,,125,118
682,summoner-8764731,683,Aliciæ Neko Chan,Diamond 1,3,101,,123,84
683,summoner-390753,684,TNO Start,Diamond 1,3,90,,95,81
684,summoner-4300422,685,Kirenkill,Diamond 1,2,74,,180,161
685,summoner-180021,686,Levi           1,Diamond 1,1,124,,190,181
686,summoner-1462695,687,Tad,Diamond 1,0,141,,495,505
687,summoner-4618529,688,Sperks,Diamond 1,0,146,,466,445
688,summoner-22764,689,Algnu,Diamond 1,0,118,,433,432
689,summoner-117582,690,Malcom Brest,Diamond 1,0,101,,410,358
690,summoner-38965,691,Leo Ponzio,Diamond 1,0,98,,408,400
691,summoner-14830965,692,uribe,Diamond 1,0,84,,393,366
692,summoner-12220596,693,Jungle Peruvian,Diamond 1,0,116,,380,369
693,summoner-3980755,694,Conejito Triste,Diamond 1,0,142,,366,339
694,summoner-12210372,695,Firstsenbon,Diamond 1,0,148,,365,340
695,summoner-42820,696,InugamiSama,Diamond 1,0,107,,337,324
696,summoner-168550,697,Gastruks,Diamond 1,0,76,,249,246
697,summoner-861558,698,JhonyKey,Diamond 1,0,110,,249,247
698,summoner-300900,699,Desvirgensen GG,Diamond 1,0,71,,229,215
699,summoner-14120150,700,Crîxus,Diamond 1,0,65,,218,200
700,summoner-109041,701,Kayse,Diamond 1,0,75,,213,200
701,summoner-37529,702,El Morro García,Diamond 1,0,83,,205,196
702,summoner-218709,703,asesinopa,Diamond 1,0,85,,204,188
703,summoner-15812027,704,Owen is back,Diamond 1,0,54,,193,164
704,summoner-542087,705,Impeesa,Diamond 1,0,94,,191,167
705,summoner-14650144,706,Skanitto,Diamond 1,0,64,,191,181
706,summoner-187359,707,Nutcracko,Diamond 1,0,94,,189,166
707,summoner-11370453,708,Bhasin,Diamond 1,0,55,,183,145
708,summoner-11920189,709,LílCarry,Diamond 1,0,86,,182,172
709,summoner-1164053,710,Calamidadl,Diamond 1,0,116,,181,172
710,summoner-80244,711,DreamOe,Diamond 1,0,70,,181,120
711,summoner-36325,712,raidenFTW,Diamond 1,0,118,,176,133
712,summoner-11221826,713,awa en el UwU,Diamond 1,0,152,,171,156
713,summoner-1040646,714,SoCaToa,Diamond 1,0,99,,169,143
714,summoner-1485977,715,SiriusDeCanMayor,Diamond 1,0,76,,168,151
715,summoner-124790,716,ShøøTërPërfëct,Diamond 1,0,80,,164,143
716,summoner-16290136,717,TA Sadoski,Diamond 1,0,75,,161,145
717,summoner-374337,718,BlUE lCE,Diamond 1,0,82,,157,147
718,summoner-257636,719,iRayleigh,Diamond 1,0,76,,155,134
719,summoner-5390228,720,Tamare,Diamond 1,0,66,,154,136
720,summoner-88804,721,LA COBRA,Diamond 1,0,72,,152,145
721,summoner-39973,722,Blerin,Diamond 1,0,84,,148,134
722,summoner-93639,723,Mistic Cba,Diamond 1,0,83,,147,134
723,summoner-834086,724,Skrillex22,Diamond 1,0,86,,146,127
724,summoner-11930175,725,Lukitya OG,Diamond 1,0,71,,145,82
725,summoner-310981,726,Juandix,Diamond 1,0,69,,140,123
726,summoner-13572044,727,Queens Gamer,Diamond 1,0,83,,135,115
727,summoner-1478821,728,Zhavïaˇ,Diamond 1,0,75,,135,124
728,summoner-481124,729,sorry im bad,Diamond 1,0,116,,135,118
729,summoner-1423674,730,Maxij00,Diamond 1,0,80,,132,89
730,summoner-581577,731,TheMasier,Diamond 1,0,127,,128,103
731,summoner-63321,732,Giiro,Diamond 1,0,85,,122,100
732,summoner-1278251,733,Indra Bhavałan,Diamond 1,0,59,,119,34
733,summoner-73331,734,20072003,Diamond 1,0,113,,115,97
734,summoner-171121,735,Cäos,Diamond 1,0,72,,110,107
735,summoner-140788,736,PastelDeChoclo,Diamond 1,0,66,,109,82
736,summoner-93699,737,ricosuaveyatusae,Diamond 1,0,104,,105,99
737,summoner-156929,738,Chwal,Diamond 1,0,96,,103,103
738,summoner-14120141,739,RBT Bob,Diamond 1,0,57,,103,78
739,summoner-1120626,740,StupidLoveStory,Diamond 1,0,79,,100,85
740,summoner-9894364,741,Not Frandaero,Diamond 1,0,55,,100,68
741,summoner-4148630,742,xLockios,Diamond 1,0,62,,99,71
742,summoner-1003667,743,DkA Darkito,Diamond 1,0,116,,91,74
743,summoner-726351,744,CocaineNight,Diamond 1,0,73,,90,71
744,summoner-76644,745,Leofull,Diamond 1,0,58,,86,62
745,summoner-417125,746,thiedz2,Diamond 1,0,48,,86,60
746,summoner-15662257,747,Mondrąkk,Diamond 1,0,49,,84,44
747,summoner-159639,748,carrying limp,Diamond 1,0,90,,84,74
748,summoner-1806294,749,Mogölica,Diamond 1,0,67,,82,69
749,summoner-94213,750,AsuciTo,Diamond 1,0,99,,77,59
750,summoner-136260,751,SoadMaster98,Diamond 1,0,46,,72,54
751,summoner-9380130,752,IronBurners,Diamond 1,0,93,,69,57
752,summoner-13814673,753,ITHimea,Diamond 1,0,63,,64,60
753,summoner-235393,754,Migita de Pan,Diamond 1,0,51,,61,44
754,summoner-12904332,755,ZS PerroBomba,Diamond 1,0,47,,45,36
755,summoner-5512892,756,TØXIC RIVEN,Diamond 1,0,85,,40,19
756,summoner-1422251,757,Fosbak,Diamond 2,100,127,,436,402
757,summoner-14451557,758,luqixen v2,Diamond 2,100,70,,256,209
758,summoner-1965130,759,Kundo,Diamond 2,100,106,,248,222
759,summoner-9947337,760,Nashejkz,Diamond 2,100,95,,226,214
760,summoner-10711292,761,Bäster,Diamond 2,100,60,,187,139
761,summoner-2924079,762,Makeart reformed,Diamond 2,100,73,,156,130
762,summoner-7003809,763,Zero Twö,Diamond 2,100,91,,150,145
763,summoner-1882984,764,PepitøPagaX2,Diamond 2,100,69,,140,126
764,summoner-429447,765,Selva24siete,Diamond 2,100,53,,126,109
765,summoner-12905076,766,FaryaAndWoIyo,Diamond 2,100,62,,125,73
766,summoner-7260396,767,Dixion,Diamond 2,100,120,,109,77
767,summoner-2287883,768,RaiseINyxJ,Diamond 2,100,58,,91,64
768,summoner-2298770,769,Cute Yasuo,Diamond 2,100,131,,78,53
769,summoner-657140,770,GonzaloooxD,Diamond 2,100,63,,78,56
770,summoner-912043,771,Copihue Marchito,Diamond 2,99,104,,219,207
771,summoner-164246,772,Daft,Diamond 2,98,116,,264,245
772,summoner-14130135,773,DH Gefahr,Diamond 2,98,38,,49,26
773,summoner-242585,774,Glaceon,Diamond 2,97,84,,99,85
774,summoner-386291,775,Rakanishü,Diamond 2,95,64,,68,54
775,summoner-67297,776,MrHamburguesa,Diamond 2,95,78,,40,27
776,summoner-9250427,777,Otsutsuky,Diamond 2,94,56,,109,87
777,summoner-12031964,778,PenduIum,Diamond 2,94,47,,65,51
778,summoner-12050605,779,Voltedge,Diamond 2,93,103,,238,232
779,summoner-299601,780,Sum 41,Diamond 2,93,64,,101,98
780,summoner-7790606,781,Con CHOCOLATE,Diamond 2,92,105,,274,279
781,summoner-215650,782,Zealot1,Diamond 2,92,71,,242,232
782,summoner-206966,783,Retrix,Diamond 2,92,71,,188,177
783,summoner-61478,784,Zverëv,Diamond 2,92,67,,163,147
784,summoner-66497,785,PIT0HUI,Diamond 2,92,103,,154,139
785,summoner-27910,786,N4tsu Dr4agneel,Diamond 2,91,64,,73,50
786,summoner-423109,787,kakashi xP,Diamond 2,90,89,,232,184
787,summoner-167838,788,Koete,Diamond 2,90,80,,148,139
788,summoner-3460229,789,Semper Idem,Diamond 2,90,67,,123,102
789,summoner-280932,790,Senstus,Diamond 2,90,92,,78,61
790,summoner-291378,791,El Sir Uja,Diamond 2,88,86,,128,101
791,summoner-1180883,792,Andres1,Diamond 2,86,58,,163,104
792,summoner-3311988,793,Wanchope Ramos,Diamond 2,85,95,,215,214
793,summoner-1743174,794,Bizzey,Diamond 2,84,78,,155,142
794,summoner-14903301,795,Aria da Capo,Diamond 2,83,73,,303,273
795,summoner-104307,796,IceQ,Diamond 2,83,107,,226,202
796,summoner-79687,797,Ex Semi Pro,Diamond 2,83,94,,199,193
797,summoner-1485192,798,Dark Kite,Diamond 2,83,84,,151,134
798,summoner-24405,799,Hanu,Diamond 2,83,102,,120,108
799,summoner-5454488,800,Someonely,Diamond 2,83,82,,103,83
800,summoner-5610161,801,King Kong I,Diamond 2,83,48,,103,81
801,summoner-2361583,802,123xdlul,Diamond 2,83,55,,99,86
802,summoner-247086,803,DAMN ITS ANIBAL,Diamond 2,83,80,,61,46
803,summoner-13791668,804,Streamer,Diamond 2,81,68,,261,221
804,summoner-1280390,805,WorstBardLAS,Diamond 2,81,69,,234,203
805,summoner-1577980,806,Churman,Diamond 2,81,146,,164,149
806,summoner-56038,807,meiser,Diamond 2,81,75,,111,101
807,summoner-15994777,808,AkaliNuv,Diamond 2,81,40,,70,33
808,summoner-298376,809,Meldreın,Diamond 2,80,49,,74,48
809,summoner-43127,810,Kyzke,Diamond 2,79,110,,345,316
810,summoner-3822417,811,qWest,Diamond 2,78,89,,99,93
811,summoner-2930172,812,Vuestro Tirador,Diamond 2,77,83,,196,171
812,summoner-1510147,813,SurgiçaL,Diamond 2,77,55,,87,80
813,summoner-2991063,814,rokka,Diamond 2,76,130,,432,431
814,summoner-4003528,815,Like a Stone,Diamond 2,76,79,,62,50
815,summoner-8060155,816,YasuCOCO,Diamond 2,75,121,,397,401
816,summoner-1735054,817,TheDeserterYang,Diamond 2,75,113,,294,285
817,summoner-9920154,818,OnlyBruiserJanna,Diamond 2,75,88,,272,225
818,summoner-5074241,819,Fersito,Diamond 2,75,102,,233,193
819,summoner-1473680,820,Benjì,Diamond 2,75,93,,232,228
820,summoner-171780,821,Maürice,Diamond 2,75,95,,222,221
821,summoner-91963,822,ForniteIsBetter,Diamond 2,75,72,,213,206
822,summoner-1495720,823,Loli LUX,Diamond 2,75,106,,207,200
823,summoner-98783,824,deratero,Diamond 2,75,91,,204,162
824,summoner-58984,825,HKs Totoreto,Diamond 2,75,67,,194,177
825,summoner-14130154,826,trueno corto,Diamond 2,75,65,,194,170
826,summoner-100093,827,Bayus,Diamond 2,75,67,,194,176
827,summoner-2308808,828,NároK,Diamond 2,75,90,,190,169
828,summoner-14120137,829,ISG Fear,Diamond 2,75,63,,186,114
829,summoner-35022,830,MjL,Diamond 2,75,66,,181,172
830,summoner-248676,831,Cuturrufo,Diamond 2,75,72,,174,170
831,summoner-12210145,832,9  Raul Ruidiaz,Diamond 2,75,65,,158,139
832,summoner-22552,833,Chapannya,Diamond 2,75,77,,158,145
833,summoner-253897,834,Spotted,Diamond 2,75,92,,156,136
834,summoner-14097813,835,aoFF,Diamond 2,75,66,,152,105
835,summoner-6453121,836,Naabsito,Diamond 2,75,62,,145,97
836,summoner-6752477,837,mAkálister,Diamond 2,75,110,,144,134
837,summoner-60495,838,Mozilla Firefox,Diamond 2,75,74,,143,129
838,summoner-7572255,839,Nevergreen,Diamond 2,75,62,,138,135
839,summoner-11780134,840,ONLY GYAM PLS,Diamond 2,75,50,,136,88
840,summoner-14120155,841,cIs player 2026,Diamond 2,75,55,,134,101
841,summoner-897032,842,Pacif Li Yau,Diamond 2,75,82,,131,104
842,summoner-14650151,843,Zeift,Diamond 2,75,54,,127,120
843,summoner-1472963,844,washochico,Diamond 2,75,51,,126,115
844,summoner-14171676,845,KKKKKKKKKKKKKKK1,Diamond 2,75,47,,116,67
845,summoner-4605964,846,Vicho mata Jiles,Diamond 2,75,94,,103,81
846,summoner-167145,847,DarkMittor,Diamond 2,75,61,,92,68
847,summoner-1600402,848,littlegod,Diamond 2,75,97,,91,85
848,summoner-116204,849,Kashiiix,Diamond 2,75,54,,86,63
849,summoner-13010323,850,N i c o m a n d0,Diamond 2,75,47,,81,60
850,summoner-15500212,851,Fªntasi,Diamond 2,75,40,,80,39
851,summoner-840963,852,Escibalo,Diamond 2,75,96,,73,66
852,summoner-14130141,853,FG Nobody,Diamond 2,75,40,,68,36
853,summoner-730858,854,tuiter,Diamond 2,75,50,,54,38
854,summoner-11162135,855,xBlastZ,Diamond 2,74,74,,203,187
855,summoner-4590757,856,BrunoBY,Diamond 2,73,92,,286,272
856,summoner-1224251,857,EnzoxxD,Diamond 2,73,92,,275,270
857,summoner-3733311,858,THN Hatziven,Diamond 2,72,100,,194,181
858,summoner-538041,859,xEstarossa,Diamond 2,72,65,,188,179
859,summoner-251657,860,Huehuehue,Diamond 2,72,86,,112,101
860,summoner-4024395,861,Briandy,Diamond 2,71,105,,150,140
861,summoner-213274,862,ESPARTA41,Diamond 2,71,69,,79,65
862,summoner-1066221,863,Lorakev,Diamond 2,71,80,,58,38
863,summoner-46649,864,0nli,Diamond 2,70,58,,126,109
864,summoner-1910683,865,PERNITAS KILLER,Diamond 2,70,95,,86,73
865,summoner-2630772,866,Vincent Overkill,Diamond 2,69,151,,637,637
866,summoner-1556215,867,iNasThy,Diamond 2,69,114,,194,173
867,summoner-414308,868,ReLife,Diamond 2,69,90,,152,131
868,summoner-1031416,869,Try again later,Diamond 2,69,119,,84,74
869,summoner-13890288,870,Fear on Bush,Diamond 2,68,65,,223,172
870,summoner-1132021,871,Bot Susu,Diamond 2,68,91,,160,148
871,summoner-1411248,872,GunPøint,Diamond 2,67,95,,241,228
872,summoner-62738,873,Pòdhaps,Diamond 2,67,86,,208,199
873,summoner-1042619,874,Mitsuki Gaiden,Diamond 2,67,72,,193,183
874,summoner-138718,875,Nachota5,Diamond 2,67,74,,155,149
875,summoner-1370716,876,Xayahrines,Diamond 2,66,148,,515,489
876,summoner-1077703,877,NCX Loky,Diamond 2,66,99,,325,317
877,summoner-111822,878,Riko,Diamond 2,66,74,,275,249
878,summoner-22395,879,Sarodag,Diamond 2,66,101,,133,117
879,summoner-5072947,880,Syuchan,Diamond 2,65,86,,241,228
880,summoner-212702,881,LA COPA DE GRASA,Diamond 2,65,62,,70,55
881,summoner-485978,882,Ujän,Diamond 2,64,119,,478,475
882,summoner-1494810,883,Karcâss,Diamond 2,64,93,,182,168
883,summoner-1461299,884,rawr nya uwu grr,Diamond 2,64,119,,165,143
884,summoner-73494,885,TasteOrange,Diamond 2,64,70,,162,132
885,summoner-650230,886,Pablillo,Diamond 2,64,97,,122,107
886,summoner-8692278,887,TUTI DIOS,Diamond 2,64,240,,118,64
887,summoner-59945,888,Nestor menta,Diamond 2,64,89,,92,78
888,summoner-124626,889,44 Tute,Diamond 2,63,112,,284,270
889,summoner-63257,890,DanixCabe,Diamond 2,63,75,,148,151
890,summoner-389909,891,LNL Articuno,Diamond 2,63,80,,140,126
891,summoner-68700,892,nêo,Diamond 2,63,55,,115,109
892,summoner-163972,893,djseba,Diamond 2,63,54,,91,80
893,summoner-48600,894,IKetchup,Diamond 2,62,114,,342,328
894,summoner-12030671,895,KeNay D,Diamond 2,62,55,,153,119
895,summoner-165815,896,I love Baykon,Diamond 2,62,46,,57,44
896,summoner-131257,897,Demura,Diamond 2,62,44,,44,30
897,summoner-1131916,898,AZ Tiger,Diamond 2,61,70,,90,71
898,summoner-4494395,899,DF RaiNigHT,Diamond 2,60,125,,291,280
899,summoner-193832,900,Thünder,Diamond 2,60,53,,93,87
900,summoner-4160848,901,Deussmaug5,Diamond 2,60,73,,88,78
901,summoner-95759,902,Ezcanor,Diamond 2,59,67,,105,90
902,summoner-245064,903,Queri is Back,Diamond 2,58,86,,219,217
903,summoner-42280,904,koré,Diamond 2,58,79,,183,162
904,summoner-142190,905,Crossboow,Diamond 2,58,88,,150,140
905,summoner-94170,906,Viry,Diamond 2,57,145,,438,419
906,summoner-52399,907,Sad Nibba Hours,Diamond 2,57,88,,146,128
907,summoner-111591,908,regency reload,Diamond 2,56,95,,197,182
908,summoner-40607,909,192cm support,Diamond 2,56,57,,103,95
909,summoner-1242005,910,ileu07,Diamond 2,56,96,,101,93
910,summoner-199701,911,Kirua Zorudikku,Diamond 2,55,90,,331,303
911,summoner-50344,912,Upi Cat,Diamond 2,55,100,,282,256
912,summoner-1163012,913,BNH JoseeDx,Diamond 2,55,85,,242,225
913,summoner-1235406,914,Li Grim,Diamond 2,55,106,,236,234
914,summoner-11090136,915,Kuzo,Diamond 2,55,62,,68,49
915,summoner-146561,916,Advanzeeee,Diamond 2,55,49,,61,54
916,summoner-44470,917,Tia May,Diamond 2,54,80,,225,214
917,summoner-44114,918,Anaru,Diamond 2,54,87,,157,140
918,summoner-148317,919,LegendarioCastor,Diamond 2,54,103,,151,138
919,summoner-3812130,920,el tio francoco,Diamond 2,54,89,,140,130
920,summoner-2792742,921,marcos gomez7,Diamond 2,54,71,,113,118
921,summoner-3935623,922,Dylå,Diamond 2,54,62,,108,88
922,summoner-14184424,923,feel owo,Diamond 2,54,43,,94,55
923,summoner-56142,924,Tiffany,Diamond 2,53,102,,245,248
924,summoner-4493801,925,PoneOtro,Diamond 2,53,70,,126,98
925,summoner-79527,926,Arroz,Diamond 2,53,64,,119,112
926,summoner-2265827,927,GarciColA,Diamond 2,53,69,,117,101
927,summoner-71613,928,T Dog,Diamond 2,53,71,,64,36
928,summoner-1549856,929,Sangría Wine,Diamond 2,53,84,,54,48
929,summoner-800243,930,Groovy Bear,Diamond 2,53,54,,51,36
930,summoner-36536,931,Randih,Diamond 2,52,80,,201,187
931,summoner-240624,932,Tankeniken,Diamond 2,52,98,,171,142
932,summoner-55643,933,KNoW Name,Diamond 2,52,85,,92,77
933,summoner-99148,934,FraudeAlFisco,Diamond 2,51,64,,80,65
934,summoner-46166,935,ShyWi,Diamond 2,50,99,,263,254
935,summoner-659384,936,Nutria Mimosa,Diamond 2,50,93,,262,235
936,summoner-2298191,937,Aakash,Diamond 2,50,86,,180,168
937,summoner-5350670,938,LittIe ROODRA,Diamond 2,50,60,,68,51
938,summoner-22185,939,VAYNE IS IZI,Diamond 2,50,48,,60,43
939,summoner-39318,940,SOUŁ,Diamond 2,49,86,,81,63
940,summoner-77436,941,Edenzin,Diamond 2,48,76,,79,54
941,summoner-626866,942,AxelBrody,Diamond 2,47,83,,140,118
942,summoner-2296964,943,HMago De OzH,Diamond 2,46,123,,508,486
943,summoner-1036527,944,RAAAAAAAAAAAAAIN,Diamond 2,46,79,,277,275
944,summoner-4090797,945,Rakelstake,Diamond 2,45,60,,189,172
945,summoner-1464704,946,Doutzen,Diamond 2,45,109,,152,147
946,summoner-483622,947,Reverie,Diamond 2,45,87,,135,103
947,summoner-29294,948,Ridet,Diamond 2,44,87,,137,101
948,summoner-7960347,949,Tall Morty,Diamond 2,44,53,,104,86
949,summoner-3670175,950,Ånną Paułą,Diamond 2,43,131,,600,600
950,summoner-68003,951,Juego top uwu,Diamond 2,43,62,,91,62
951,summoner-170034,952,WAAAANDiX,Diamond 2,43,38,,53,30
952,summoner-573083,953,Eliaas Nicolas,Diamond 2,42,73,,286,268
953,summoner-618851,954,El Capitan Beto,Diamond 2,42,92,,270,273
954,summoner-102873,955,22 06 1941,Diamond 2,42,50,,126,51
955,summoner-6343581,956,Lil Mitsu,Diamond 2,42,131,,120,111
956,summoner-190626,957,ELBA NEA2,Diamond 2,41,88,,233,227
957,summoner-13430372,958,the leaf my soul,Diamond 2,41,71,,172,126
958,summoner-294939,959,Remotion,Diamond 2,41,73,,109,89
959,summoner-1151949,960,Alejandro Soto,Diamond 2,41,88,,53,38
960,summoner-1065031,961,Marcel Laville,Diamond 2,40,127,,390,385
961,summoner-4810807,962,TSM Bianquin,Diamond 2,40,110,,267,264
962,summoner-158912,963,Nujabës,Diamond 2,40,95,,263,262
963,summoner-3111245,964,ÆT Aweodinho,Diamond 2,40,111,,249,229
964,summoner-291690,965,kek,Diamond 2,40,72,,73,52
965,summoner-3814759,966,CroshFire,Diamond 2,39,173,,639,630
966,summoner-37722,967,Lanser CL,Diamond 2,39,88,,163,145
967,summoner-11352642,968,Bigfoot AD Carry,Diamond 2,38,75,,276,258
968,summoner-217586,969,0drep,Diamond 2,38,100,,158,132
969,summoner-33987,970,Ferrarii 404,Diamond 2,38,61,,154,86
970,summoner-12784993,971,Tóxic Ad Carry,Diamond 2,38,57,,133,115
971,summoner-42740,972,Lovely Senpai,Diamond 2,38,87,,76,64
972,summoner-297285,973,Luvo Luvito,Diamond 2,37,56,,150,139
973,summoner-4820843,974,Starshy,Diamond 2,37,99,,140,130
974,summoner-26529,975,khzxr is love,Diamond 2,37,62,,129,115
975,summoner-230234,976,Soma Landsknetch,Diamond 2,37,90,,102,91
976,summoner-391377,977,LøveIy Guy,Diamond 2,37,188,,101,80
977,summoner-12980827,978,Rika Fox Pawzer,Diamond 2,36,129,,442,417
978,summoner-199570,979,DKS,Diamond 2,36,68,,177,149
979,summoner-260017,980,Tüi,Diamond 2,36,80,,152,126
980,summoner-6124829,981,WalSlipk,Diamond 2,36,68,,104,93
981,summoner-1902079,982,Midnight A7X,Diamond 2,36,117,,103,68
982,summoner-64156,983,Wésker,Diamond 2,36,57,,68,54
983,summoner-3994782,984,PK MaCry,Diamond 2,36,38,,47,30
984,summoner-126603,985,DotA,Diamond 2,35,91,,98,87
985,summoner-1531278,986,Røk,Diamond 2,35,70,,35,28
986,summoner-1795845,987,Unlucky god,Diamond 2,34,97,,245,234
987,summoner-25524,988,Kirigaya Kazut0,Diamond 2,34,82,,235,222
988,summoner-218972,989,Get Hyper,Diamond 2,34,70,,170,159
989,summoner-245665,990,Harder Daddy,Diamond 2,34,62,,134,122
990,summoner-204326,991,Q is Over 9000,Diamond 2,34,47,,123,107
991,summoner-86114,992,Jijo,Diamond 2,34,87,,108,83
992,summoner-1076133,993,Dreth11,Diamond 2,34,96,,100,70
993,summoner-22142,994,Rachiva,Diamond 2,34,72,,71,57
994,summoner-690270,995,the end is near,Diamond 2,34,42,,54,41
995,summoner-314114,996,CHINO MORENO,Diamond 2,33,56,,131,101
996,summoner-823305,997,Cristolink,Diamond 2,32,83,,210,208
997,summoner-208535,998,Bowie,Diamond 2,32,76,,170,161
998,summoner-171261,999,Tronco,Diamond 2,32,73,,162,150
999,summoner-6331185,1000,kaLiv3,Diamond 2,32,78,,131,108
