#timestamp 1530154857666
#date 2018-06-28T03:00:57+00:00
#players 1000
#index,id,rank,name,tier,lp,level,proTeam,win,loss
0,summoner-485522,1,Josedeodo,Challenger,1293,88,,127,54
1,summoner-54601,2,Aloned,Challenger,1046,88,,261,177
2,summoner-13101424,3,Jon Slow,Challenger,971,67,,165,93
3,summoner-146501,4,Reincarnati0n,Challenger,948,82,,298,252
4,summoner-12970770,5,Laro,Challenger,912,109,,292,242
5,summoner-22373,6,Jara,Challenger,841,96,,315,267
6,summoner-887542,7,Áckerman,Challenger,836,88,,201,149
7,summoner-39798,8,Ðark,Challenger,804,75,,132,77
8,summoner-41970,9,Ronnie Sullivan,Challenger,780,97,,319,274
9,summoner-78155,10,Jovana Rea,Challenger,738,70,,168,117
10,summoner-551623,11,Cubn,Challenger,737,92,,241,185
11,summoner-258446,12,Plugo,Challenger,712,68,,139,98
12,summoner-2260415,13,ClickClick,Challenger,616,120,,279,247
13,summoner-117772,14,CAMI LA TRAVESTI,Challenger,613,165,,290,188
14,summoner-316731,15,Fixeal,Challenger,584,64,,141,85
15,summoner-42122,16,TøpLop,Challenger,582,159,,612,568
16,summoner-419084,17,Follow,Challenger,565,107,,262,215
17,summoner-2273511,18,Bën,Challenger,563,94,,150,118
18,summoner-4168955,19,adcccc,Challenger,562,114,,271,222
19,summoner-90878,20,Crab,Challenger,561,66,,185,148
20,summoner-197380,21,El tio Pompas,Challenger,535,146,,194,142
21,summoner-919421,22,LSG TurboBestia,Challenger,534,97,,169,126
22,summoner-1342068,23,Just Historia,Challenger,529,136,,442,414
23,summoner-11510189,24,MK Piqueos,Challenger,528,71,,178,141
24,summoner-55115,25,Amazing LOL,Challenger,522,76,,219,175
25,summoner-1272154,26,KING Dongˇha,Challenger,517,114,,348,314
26,summoner-1540877,27,Rîn,Challenger,516,66,,229,183
27,summoner-6421946,28,Franchu1440,Challenger,514,80,,295,251
28,summoner-3773783,29,xypherz,Challenger,498,115,,356,310
29,summoner-4563644,30,Stay in Tower,Challenger,493,140,,510,472
30,summoner-521178,31,Kartana,Challenger,479,92,,292,248
31,summoner-2531572,32,Zach dempsey,Challenger,477,93,,343,304
32,summoner-28154,33,TA Sasuke,Challenger,469,70,,163,127
33,summoner-14220740,34,should kys,Challenger,466,67,,287,224
34,summoner-8511827,35,Ðaedra,Challenger,462,58,,108,71
35,summoner-214586,36,Churri1,Challenger,460,56,,164,131
36,summoner-247624,37,lkiefer,Challenger,458,102,,181,155
37,summoner-100168,38,Ázenth,Challenger,449,99,,271,231
38,summoner-71900,39,2v1 plz,Challenger,447,104,,231,201
39,summoner-414524,40,FIare,Challenger,441,110,,222,188
40,summoner-183154,41,Mát,Challenger,434,99,,324,289
41,summoner-68001,42,EduardoFilopo,Challenger,432,92,,231,190
42,summoner-4054501,43,Cesni,Challenger,430,115,,321,305
43,summoner-14143678,44,CA Krim,Challenger,426,63,,184,120
44,summoner-65363,45,Ríos,Challenger,423,79,,127,94
45,summoner-118449,46,maybe someday,Challenger,416,60,,168,135
46,summoner-1140356,47,F3NIX,Challenger,415,75,,142,104
47,summoner-464759,48,Little ROODRA,Challenger,427,88,,254,162
48,summoner-201891,49,randommmm,Challenger,405,72,,151,124
49,summoner-10890287,50,Fan De CasterMax,Challenger,402,100,,183,142
50,summoner-238388,51,NaFT,Challenger,402,90,,132,99
51,summoner-6232791,52,Fòrce,Challenger,300,49,,72,36
52,summoner-110499,53,Psykhé,Challenger,397,73,,235,200
53,summoner-1254016,54,FLORA FATALE,Challenger,395,107,,285,251
54,summoner-130151,55,woofı,Challenger,395,66,,137,106
55,summoner-735988,56,Ayax UwU,Challenger,393,77,,268,198
56,summoner-8560132,57,Henrik Hansen,Challenger,388,61,,141,105
57,summoner-4590501,58,1cody,Challenger,386,72,,252,198
58,summoner-6443773,59,sNow is Back,Challenger,386,44,,96,44
59,summoner-6490141,60,SiuRuFa,Challenger,383,89,,225,200
60,summoner-1042870,61,ADC IN MMXVIII,Challenger,382,98,,233,206
61,summoner-51342,62,We Are Life,Challenger,380,56,,122,91
62,summoner-1811981,63,Nero CIaudius,Challenger,375,55,,136,104
63,summoner-225934,64,Morts,Challenger,370,109,,339,314
64,summoner-1434364,65,OFWGKTA,Challenger,369,112,,339,299
65,summoner-64238,66,BL Leonaidas,Challenger,369,69,,191,163
66,summoner-93840,67,CHAU AMlGOS,Challenger,369,67,,174,154
67,summoner-2633138,68,Snöw,Challenger,368,134,,465,438
68,summoner-7096236,69,Kiyro,Challenger,356,101,,197,161
69,summoner-13840348,70,Pancake v2,Challenger,355,48,,91,59
70,summoner-25895,71,Walkarus,Challenger,351,85,,216,188
71,summoner-14130145,72,finding myself,Challenger,350,68,,220,163
72,summoner-305879,73,SkumbaGG nNymph,Challenger,334,60,,104,73
73,summoner-1082368,74,Kainé,Challenger,349,116,,400,351
74,summoner-132222,75,ANHLTR,Challenger,349,79,,170,147
75,summoner-56039,76,tilin,Challenger,348,83,,121,93
76,summoner-5271319,77,HangedMan,Challenger,344,70,,213,176
77,summoner-1640210,78,Zeb3xy,Challenger,340,178,,754,746
78,summoner-1621486,79,Vàsh,Challenger,335,108,,254,229
79,summoner-7136429,80,Tachikawa Mimi,Challenger,333,117,,310,292
80,summoner-43448,81,TobalCl,Challenger,332,118,,303,275
81,summoner-57964,82,Near ü,Challenger,309,131,,314,286
82,summoner-4262259,83,chill and win,Challenger,329,85,,147,116
83,summoner-29645,84,PureBlood,Challenger,328,84,,239,208
84,summoner-853348,85,noghost,Challenger,326,88,,346,312
85,summoner-556257,86,Shales,Challenger,326,92,,186,151
86,summoner-462989,87,sweetnsalty,Challenger,325,73,,194,179
87,summoner-3140449,88,Que Pajita xD,Challenger,324,124,,402,372
88,summoner-4934350,89,Ñya x Chan,Challenger,323,109,,319,287
89,summoner-68143,90,MakeUpUrMind,Challenger,323,99,,229,202
90,summoner-114867,91,Dhek,Challenger,322,115,,384,354
91,summoner-7302800,92,so sad,Challenger,319,158,,567,539
92,summoner-81262,93,Diegunho,Challenger,313,97,,333,300
93,summoner-425408,94,Jarankal,Challenger,312,90,,300,281
94,summoner-2080155,95,Ankør,Challenger,312,88,,214,190
95,summoner-4962799,96,Høllow,Challenger,307,92,,310,228
96,summoner-6445042,97,ˆoˆ,Challenger,307,74,,133,96
97,summoner-71247,98,el rowlio pa,Challenger,321,114,,410,391
98,summoner-372918,99,kushinda na ufa,Challenger,303,104,,373,359
99,summoner-251037,100,Tichoundrius,Challenger,320,84,,100,71
100,summoner-2152784,101,Xäyah Grey,Challenger,200,108,,324,302
101,summoner-960743,102,N N ˇ,Challenger,299,95,,255,223
102,summoner-522626,103,SantiagoJara,Challenger,297,75,,247,208
103,summoner-141417,104,Žentrix Senpai,Challenger,294,131,,273,242
104,summoner-112367,105,kouzze,Challenger,311,93,,299,268
105,summoner-133461,106,SryNotSry,Challenger,287,76,,246,215
106,summoner-1381821,107,BIO ƒriendlyˇ,Challenger,187,81,,191,164
107,summoner-4171744,108,Cubbn,Challenger,284,60,,133,83
108,summoner-6770456,109,I Take Blues,Challenger,283,74,,236,176
109,summoner-182266,110,Bartoo,Challenger,280,65,,161,141
110,summoner-109949,111,Letz,Challenger,278,79,,226,202
111,summoner-182669,112,Zackhal,Challenger,277,83,,154,95
112,summoner-1725342,113,Shmebülock,Challenger,295,119,,344,314
113,summoner-61840,114,Phyro,Challenger,176,92,,139,112
114,summoner-51876,115,Shelterˆ,Challenger,275,67,,156,118
115,summoner-11540922,116,Sneakymi,Challenger,275,46,,78,41
116,summoner-144472,117,wai not,Challenger,269,78,,193,164
117,summoner-22810,118,baltîca,Challenger,268,104,,239,223
118,summoner-1464616,119,TheDarkCloud,Challenger,268,85,,216,190
119,summoner-68279,120,Soul,Challenger,267,106,,193,157
120,summoner-490396,121,Ara Araˆ,Challenger,266,86,,168,149
121,summoner-5160616,122,FzF Skeeto,Challenger,264,112,,238,211
122,summoner-143854,123,A de sé,Challenger,263,106,,406,378
123,summoner-1233394,124,Jøker,Challenger,261,122,,155,129
124,summoner-106290,125,Atraxa,Challenger,260,94,,260,240
125,summoner-93216,126,Ai lov yu,Challenger,254,102,,306,285
126,summoner-241279,127,Az Sky,Challenger,253,86,,327,271
127,summoner-196840,128,Ärtyk1,Challenger,252,102,,215,193
128,summoner-14630174,129,TA Naruto,Challenger,251,45,,102,67
129,summoner-12930776,130,ME ROBAN BARONx2,Challenger,250,146,,592,588
130,summoner-201925,131,KVF Swagcheco,Challenger,250,108,,249,215
131,summoner-46382,132,Axlbg,Challenger,249,84,,139,111
132,summoner-2221442,133,Stryderr,Challenger,264,109,,298,278
133,summoner-209995,134,matusalem24,Challenger,244,89,,270,190
134,summoner-1062113,135,łacoste,Challenger,243,123,,258,237
135,summoner-78095,136,wardz,Challenger,241,123,,506,471
136,summoner-88974,137,Carnotaurus,Challenger,241,82,,229,206
137,summoner-883377,138,K Ü,Challenger,235,117,,316,286
138,summoner-96707,139,MlDLANE HOKAGE,Challenger,228,70,,215,194
139,summoner-9592243,140,One Clone,Challenger,228,78,,142,116
140,summoner-205441,141,Neylan,Challenger,227,68,,135,115
141,summoner-2297096,142,M u ff a d i t o,Challenger,226,128,,431,403
142,summoner-1091844,143,BladeKoz,Challenger,221,107,,515,449
143,summoner-426166,144,BIO Faith,Challenger,221,129,,440,415
144,summoner-14120146,145,Rastastone,Challenger,221,43,,104,56
145,summoner-13932411,146,ñbgipuñugipuhip9,Challenger,219,54,,107,65
146,summoner-2412423,147,Color,Challenger,217,103,,168,148
147,summoner-77497,148,Dreary,Challenger,215,124,,321,302
148,summoner-3511618,149,Ikees,Challenger,214,46,,135,81
149,summoner-164356,150,Dsk,Challenger,213,142,,233,214
150,summoner-723505,151,B Á W S,Challenger,212,56,,181,140
151,summoner-246413,152,ST OneShot,Challenger,211,86,,137,109
152,summoner-83935,153,UndeFack,Challenger,209,131,,147,116
153,summoner-191989,154,DecimeKbPapu,Challenger,207,82,,230,214
154,summoner-143368,155,RageiT,Challenger,207,58,,124,99
155,summoner-7491191,156,Invocador 69,Challenger,204,103,,312,265
156,summoner-1414274,157,Fuƒu,Challenger,204,97,,288,267
157,summoner-117002,158,Böyfriend,Challenger,204,75,,162,138
158,summoner-220156,159,xAnubisDarkx,Challenger,200,117,,229,209
159,summoner-1506612,160,sonyky,Challenger,199,45,,111,65
160,summoner-9892013,161,I SkyMind I,Challenger,198,151,,189,162
161,summoner-1572237,162,1Jaden,Challenger,196,94,,199,174
162,summoner-14892568,163,Jishade,Challenger,195,73,,315,250
163,summoner-10483523,164,pure talent,Challenger,195,68,,206,138
164,summoner-25348,165,lukasnegro,Challenger,194,71,,171,135
165,summoner-96317,166,Felipekun uwu,Challenger,193,95,,200,170
166,summoner-4601058,167,Postinooo,Challenger,192,72,,176,146
167,summoner-13854590,168,Mond,Challenger,192,54,,159,99
168,summoner-82501,169,Henno,Challenger,192,89,,104,79
169,summoner-910888,170,Stylê,Challenger,190,174,,668,649
170,summoner-75781,171,Rabbit4Dinner,Challenger,190,109,,174,154
171,summoner-212220,172,MAIN ADC S8,Challenger,189,112,,299,267
172,summoner-87207,173,FoN Mickey,Challenger,186,99,,252,226
173,summoner-148876,174,enbarao,Challenger,186,48,,97,69
174,summoner-4821931,175,xMeDrogoConJugo,Challenger,185,126,,221,190
175,summoner-1094202,176,Thief of Relícs,Challenger,184,139,,446,429
176,summoner-2400929,177,KR0N1C,Challenger,182,83,,196,175
177,summoner-602146,178,ADC TIER 3 LUL,Challenger,182,62,,140,112
178,summoner-176981,179,TTTTTTTTTTTTTT,Challenger,181,118,,312,296
179,summoner-79042,180,Reuzal,Challenger,181,70,,151,127
180,summoner-1802240,181,Sax1,Challenger,180,88,,245,228
181,summoner-14130153,182,ISG Narnia,Challenger,176,80,,301,269
182,summoner-171141,183,Mødest Møuse,Challenger,176,90,,204,181
183,summoner-5610765,184,RektIoy,Challenger,173,107,,218,196
184,summoner-3665395,185,Prototipe1,Challenger,171,68,,235,166
185,summoner-83267,186,Lárian,Challenger,170,110,,255,229
186,summoner-3871646,187,Focus al Soporte,Challenger,170,111,,234,203
187,summoner-142583,188,No pasa nada,Challenger,169,89,,138,115
188,summoner-13751858,189,ComradeTinyOne,Challenger,169,45,,121,76
189,summoner-211741,190,Thorden,Challenger,168,104,,200,171
190,summoner-151555,191,NaOH,Challenger,165,136,,316,284
191,summoner-636854,192,Furtive Gank,Challenger,165,81,,305,278
192,summoner-188356,193,Fan de Millaray,Challenger,164,88,,158,139
193,summoner-2920746,194,Naikuun,Challenger,163,100,,129,107
194,summoner-1341406,195,Hordeshyrder,Challenger,162,74,,132,102
195,summoner-3372406,196,El Señor Nutria,Challenger,161,151,,513,493
196,summoner-1495447,197,FORTNITE PLAYER,Challenger,159,97,,195,178
197,summoner-38287,198,TREMENDO PLAYER,Master,156,74,,228,200
198,summoner-375641,199,ExalTeD ExalT,Master,136,87,,240,218
199,summoner-296168,200,UCH SoulWingS,Master,148,66,,157,133
200,summoner-15002049,201,Alex Mercer 0,Master,159,48,,136,88
201,summoner-38287,202,TREMENDO PLAYER,Master,156,74,,228,200
202,summoner-296168,203,UCH SoulWingS,Master,148,66,,157,133
203,summoner-15721760,204,Perseverąnce,Master,148,39,,92,46
204,summoner-375641,205,ExalTeD ExalT,Master,136,87,,240,218
205,summoner-121144,206,Like Azír,Master,131,74,,161,111
206,summoner-7107829,207,Shiawase desü,Master,130,96,,179,152
207,summoner-61587,208,full mute all,Master,129,165,,508,499
208,summoner-133215,209,MacDoge,Master,129,96,,169,136
209,summoner-3383177,210,Jhanxs,Master,127,139,,137,114
210,summoner-6564183,211,mitsheep95,Master,126,116,,412,396
211,summoner-12850151,212,Clístenes,Master,125,94,,122,108
212,summoner-484584,213,IAmGay,Master,125,66,,110,78
213,summoner-752153,214,Tomi Li Yau,Master,122,104,,255,218
214,summoner-53309,215,Solo Rija,Master,121,65,,171,151
215,summoner-116061,216,Månenform,Master,119,90,,190,164
216,summoner-637059,217,Toomars,Master,115,97,,185,152
217,summoner-3060150,218,Agressiv,Master,114,138,,406,387
218,summoner-1541217,219,Not2Clean,Master,114,111,,130,103
219,summoner-85056,220,Xitech,Master,108,74,,243,224
220,summoner-243415,221,MC Marín,Master,107,86,,171,152
221,summoner-49427,222,lRoma,Master,107,58,,159,134
222,summoner-928452,223,Azh,Master,105,105,,181,163
223,summoner-38828,224,tufixzk,Master,104,93,,318,300
224,summoner-1542005,225,PWG Barbakhancer,Master,104,97,,168,145
225,summoner-309789,226,player of fun,Master,103,53,,116,79
226,summoner-15610521,227,Mustélido,Master,102,48,,141,87
227,summoner-132216,228,Reformed PIayer,Master,101,86,,243,228
228,summoner-81884,229,midplayer,Master,101,69,,117,96
229,summoner-79675,230,Vlokz,Master,97,85,,336,313
230,summoner-7108046,231,GianKios God,Master,94,158,,422,398
231,summoner-540259,232,Dificült,Master,93,84,,272,249
232,summoner-68545,233,1999,Master,92,86,,384,355
233,summoner-293124,234,LightCoIors,Master,92,111,,133,110
234,summoner-318102,235,shileno,Master,88,73,,134,102
235,summoner-10994354,236,Arí,Master,86,130,,209,182
236,summoner-14662086,237,WildWeedWizard,Master,83,65,,240,189
237,summoner-2380587,238,EL SHEY M0NCH0,Master,80,86,,234,214
238,summoner-257826,239,Severity,Master,80,64,,81,52
239,summoner-321369,240,EMPEROR Chemical,Master,78,95,,95,65
240,summoner-3991535,241,Cosmic Gank,Master,77,95,,229,167
241,summoner-78248,242,Slatër,Master,76,90,,122,103
242,summoner-306156,243,Hiero de Virgo,Master,72,99,,142,123
243,summoner-152126,244,lust4life,Master,72,76,,127,103
244,summoner-24400,245,BIO atirador,Master,71,95,,243,224
245,summoner-5390198,246,AlezZ B,Master,71,83,,130,112
246,summoner-153751,247,LeFede,Master,70,99,,247,232
247,summoner-41344,248,Mïthdrändïr,Master,68,123,,516,508
248,summoner-138069,249,pray for koughi,Master,68,110,,395,389
249,summoner-212354,250,Fleyro,Master,65,97,,201,183
250,summoner-127563,251,Galixx,Master,63,96,,160,148
251,summoner-61540,252,PRISI0NER0,Master,62,71,,166,138
252,summoner-110218,253,Seong Wu,Master,60,72,,185,154
253,summoner-1081302,254,BY FÁR,Master,60,58,,133,111
254,summoner-101251,255,Juuzoü Suzuya,Master,59,123,,414,389
255,summoner-213618,256,heinnneken,Master,58,51,,82,60
256,summoner-173448,257,Nipphu,Master,58,53,,69,41
257,summoner-68907,258,Mystery Shadow,Master,54,98,,187,155
258,summoner-11920475,259,Keixt,Master,54,44,,63,41
259,summoner-299166,260,Galleta,Master,52,67,,132,108
260,summoner-240291,261,TA Hatake,Master,49,75,,132,112
261,summoner-390613,262,Heaven Starfish,Master,48,95,,178,161
262,summoner-50135,263,Evelynn Mid,Master,47,105,,381,372
263,summoner-4514609,264,Derringer,Master,43,90,,212,193
264,summoner-217191,265,99263857,Master,42,118,,376,365
265,summoner-62852,266,1HowL,Master,41,131,,365,349
266,summoner-14110149,267,RBT Rod,Master,41,63,,182,127
267,summoner-15791480,268,Korean Spear,Master,41,56,,149,101
268,summoner-2307568,269,RamaPan,Master,41,75,,135,108
269,summoner-3390138,270,rhOm,Master,40,64,,162,110
270,summoner-62511,271,Ouyou,Master,38,86,,258,237
271,summoner-99484,272,Nïnja,Master,38,90,,141,112
272,summoner-3132373,273,Mei Houwąng,Master,38,57,,135,96
273,summoner-52333,274,NickoDarka,Master,33,72,,127,104
274,summoner-1262370,275,SOULKING PROOK,Master,33,69,,108,103
275,summoner-198833,276,S3G Foster,Master,33,74,,81,53
276,summoner-2983715,277,I Love my Ashley,Master,32,60,,123,90
277,summoner-911178,278,RtBox,Master,29,90,,250,225
278,summoner-12050505,279,NkDiego,Master,29,67,,69,45
279,summoner-1031700,280,Could be XyaaZ,Master,28,82,,401,314
280,summoner-14154181,281,Styon,Master,28,76,,200,143
281,summoner-33171,282,DarkRitual,Master,27,107,,201,181
282,summoner-147293,283,Meøwri,Master,26,93,,318,289
283,summoner-7230223,284,Snáké,Master,26,135,,156,124
284,summoner-82364,285,Shû Hari,Master,24,93,,164,141
285,summoner-165261,286,EI Terror De Las,Master,24,59,,98,68
286,summoner-197616,287,Darkeater Midir,Master,23,105,,348,331
287,summoner-1740572,288,IzænK,Master,23,90,,161,141
288,summoner-1036819,289,FzF Skiwii,Master,22,97,,174,153
289,summoner-1460524,290,Sufukato,Master,22,103,,135,118
290,summoner-14120151,291,KLG ARREGLO,Master,20,43,,79,36
291,summoner-14902639,292,Maürö,Master,19,50,,150,97
292,summoner-25341,293,Fireflíes,Master,17,116,,244,222
293,summoner-1271905,294,El asaltante,Master,17,93,,177,157
294,summoner-926117,295,potzy,Master,17,66,,127,111
295,summoner-207180,296,King ÐüivéŁ,Master,12,119,,212,198
296,summoner-53835,297,k c,Master,11,73,,190,161
297,summoner-11920467,298,Fade Gün,Master,10,87,,322,273
298,summoner-415567,299,Dolores Delanoo,Master,9,66,,127,107
299,summoner-76862,300,BILLY Y MANDY,Master,7,139,,216,200
300,summoner-53835,301,k c,Master,11,73,,190,161
301,summoner-11920467,302,Fade Gün,Master,10,87,,322,273
302,summoner-415567,303,Dolores Delanoo,Master,9,66,,127,107
303,summoner-76862,304,BILLY Y MANDY,Master,7,139,,216,200
304,summoner-204289,305,Woohee,Master,4,89,,213,207
305,summoner-1080650,306,Metal Attack,Master,3,55,,179,128
306,summoner-204523,307,Macky,Master,1,107,,235,212
307,summoner-379939,308,Chërry Blossom,Master,0,177,,767,760
308,summoner-12041800,309,Lord Alambrito,Master,0,143,,395,387
309,summoner-1135935,310,Índexx,Master,0,107,,382,373
310,summoner-1063509,311,Pulg0so,Master,0,121,,355,328
311,summoner-127283,312,Yo Soy Zorro 1,Master,0,173,,302,280
312,summoner-864722,313,Trueno Largo,Master,0,74,,302,232
313,summoner-45300,314,Careta,Master,0,84,,237,228
314,summoner-3991412,315,Wisefang,Master,0,86,,234,207
315,summoner-303241,316,Levï,Master,0,120,,228,210
316,summoner-1354203,317,miclovin,Master,0,107,,207,187
317,summoner-158812,318,Cuquecu,Master,0,100,,199,176
318,summoner-821772,319,Queen Vayne,Master,0,114,,161,135
319,summoner-422141,320,Crówn,Master,0,82,,161,145
320,summoner-208913,321,Cayupa,Master,0,94,,152,136
321,summoner-12041937,322,Pr0mesasKeep,Master,0,64,,149,119
322,summoner-2570443,323,onlymidmain,Master,0,79,,139,92
323,summoner-176483,324,Raftiel,Master,0,74,,132,115
324,summoner-13843633,325,buff rengar,Master,0,48,,129,80
325,summoner-37329,326,sad5466797567,Master,0,50,,114,90
326,summoner-1912806,327,Corona,Master,0,67,,101,81
327,summoner-4462383,328,Møs Def,Master,0,118,,93,72
328,summoner-41601,329,Precep,Master,0,47,,87,71
329,summoner-109522,330,Rámpage,Master,0,130,,76,53
330,summoner-304369,331,2FckingCLEAN,Master,0,111,,70,46
331,summoner-46751,332,Kegg,Master,0,79,,67,42
332,summoner-104067,333,Nottingham Lace,Master,0,51,,67,43
333,summoner-14932128,334,YA FUE MAN FF,Master,0,57,,61,21
334,summoner-257678,335,kiike LA BESTIA,Diamond 1,100,88,,355,338
335,summoner-47992,336,Beemo,Diamond 1,100,119,,355,345
336,summoner-14120136,337,qVqVqVqVqVqVqV,Diamond 1,100,63,,190,136
337,summoner-124010,338,Peppee,Diamond 1,100,80,,186,166
338,summoner-217150,339,Cosmodius,Diamond 1,100,76,,143,123
339,summoner-25880,340,Kryþtonian,Diamond 1,100,70,,131,109
340,summoner-75394,341,Shaddíx,Diamond 1,100,72,,120,93
341,summoner-77829,342,Sunblast,Diamond 1,100,60,,116,88
342,summoner-46315,343,BádLife,Diamond 1,100,122,,114,87
343,summoner-1777210,344,Tulz,Diamond 1,100,54,,114,67
344,summoner-33547,345,light fury,Diamond 1,100,63,,94,72
345,summoner-16172162,346,Sakai,Diamond 1,100,34,,47,9
346,summoner-4874678,347,One Trick Viktor,Diamond 1,97,110,,263,242
347,summoner-185763,348,Kobbe,Diamond 1,97,82,,197,176
348,summoner-92647,349,Sweet Kath,Diamond 1,96,102,,273,263
349,summoner-63592,350,ndeaaaaaaaa,Diamond 1,96,63,,133,110
350,summoner-1064661,351,Its Me FraGioRlz,Diamond 1,96,41,,59,36
351,summoner-83165,352,Quiid,Diamond 1,94,98,,218,201
352,summoner-537327,353,Phatokage,Diamond 1,94,81,,118,91
353,summoner-164017,354,Lígety,Diamond 1,100,134,,628,622
354,summoner-5810424,355,Agent Blue,Diamond 1,93,82,,271,252
355,summoner-13170130,356,Snoopy2,Diamond 1,93,53,,140,120
356,summoner-2240164,357,CTHULHU KUN,Diamond 1,92,55,,91,69
357,summoner-128725,358,Azjalarafe,Diamond 1,91,115,,180,161
358,summoner-2912068,359,Lee Sin Manox,Diamond 1,90,99,,238,216
359,summoner-116462,360,rolE,Diamond 1,90,67,,214,188
360,summoner-14130146,361,ll Pyke ll,Diamond 1,90,67,,199,164
361,summoner-4750914,362,Sonnenlicht,Diamond 1,90,107,,188,127
362,summoner-94622,363,Pumpkin Duke,Diamond 1,90,54,,155,125
363,summoner-226255,364,Fonto,Diamond 1,90,75,,152,124
364,summoner-14120148,365,Haise Sasakî,Diamond 1,90,48,,149,88
365,summoner-13290137,366,Howling,Diamond 1,90,74,,147,125
366,summoner-212940,367,Suiikimon,Diamond 1,90,74,,131,103
367,summoner-46930,368,Focho,Diamond 1,90,67,,124,107
368,summoner-14120142,369,1TRAFALGAR LAW,Diamond 1,90,47,,121,56
369,summoner-14110138,370,Positioning 101,Diamond 1,90,66,,110,54
370,summoner-27443,371,ClatoS,Diamond 1,90,60,,99,82
371,summoner-14110139,372,Newbie Player,Diamond 1,90,65,,74,22
372,summoner-382232,373,NexorXk,Diamond 1,90,69,,60,40
373,summoner-156001,374,PeRseeO,Diamond 1,89,69,,104,76
374,summoner-732186,375,Pácha,Diamond 1,88,98,,162,146
375,summoner-14120144,376,time lapse,Diamond 1,87,44,,83,41
376,summoner-6830141,377,Helior,Diamond 1,87,38,,49,37
377,summoner-16172160,378,EVV Filopo,Diamond 1,87,34,,45,7
378,summoner-11490134,379,Teamo mitsuha,Diamond 1,86,154,,353,341
379,summoner-766404,380,Pegaso2K,Diamond 1,86,84,,220,190
380,summoner-740311,381,LegendOfWar,Diamond 1,86,98,,186,153
381,summoner-1731315,382,Schwí,Diamond 1,86,74,,87,68
382,summoner-26596,383,Daddy koughi,Diamond 1,85,42,,54,36
383,summoner-32698,384,Guante,Diamond 1,84,119,,258,245
384,summoner-87997,385,Joelito S2,Diamond 1,83,79,,139,116
385,summoner-3843676,386,Aeón Sama,Diamond 1,82,107,,292,268
386,summoner-520421,387,Sang,Diamond 1,100,77,,188,162
387,summoner-170441,388,Leigrey,Diamond 1,82,67,,111,95
388,summoner-65297,389,ØКÃSOИ1997,Diamond 1,82,63,,82,60
389,summoner-212367,390,Rencøw,Diamond 1,100,160,,687,672
390,summoner-1105443,391,Pagorex,Diamond 1,81,123,,372,356
391,summoner-1400188,392,Nortaa,Diamond 1,81,94,,176,157
392,summoner-480170,393,Colin1,Diamond 1,100,106,,238,224
393,summoner-14924604,394,LasTrash,Diamond 1,80,46,,129,79
394,summoner-3973592,395,Arfyss,Diamond 1,79,88,,199,186
395,summoner-751933,396,Lincoyán,Diamond 1,79,98,,103,79
396,summoner-33513,397,Omnívoro,Diamond 1,78,71,,148,124
397,summoner-13903836,398,Incoming Rage,Diamond 1,77,116,,380,411
398,summoner-10509814,399,Nadeishmeis,Diamond 1,77,81,,245,221
399,summoner-172784,400,NeuroN,Diamond 1,76,96,,463,443
400,summoner-171132,401,Metraxiz,Diamond 1,76,91,,256,251
401,summoner-3143085,402,Chocolito a 100,Diamond 1,75,59,,237,203
402,summoner-213910,403,xSnowu,Diamond 1,75,109,,225,213
403,summoner-525841,404,TotoJr,Diamond 1,75,73,,206,163
404,summoner-299337,405,ByFalco,Diamond 1,75,81,,198,169
405,summoner-220718,406,Rei Ryghts,Diamond 1,75,140,,190,166
406,summoner-143984,407,wowee,Diamond 1,75,61,,186,157
407,summoner-14884484,408,Nouveau Airs,Diamond 1,75,54,,181,119
408,summoner-228094,409,MigaN,Diamond 1,75,70,,178,155
409,summoner-1279181,410,EMPEROR Rollins,Diamond 1,75,113,,172,113
410,summoner-143846,411,Pardoo,Diamond 1,75,105,,170,140
411,summoner-3530629,412,Defüssion,Diamond 1,75,86,,167,141
412,summoner-1729349,413,Lykar,Diamond 1,75,75,,166,160
413,summoner-15064565,414,xypherz v2,Diamond 1,75,49,,151,108
414,summoner-7301872,415,Maocarry,Diamond 1,75,55,,145,121
415,summoner-50585,416,Simon Petriköv,Diamond 1,75,56,,136,103
416,summoner-2571472,417,Amine Edge DANCE,Diamond 1,75,62,,127,81
417,summoner-22713,418,Mr Krippy,Diamond 1,75,70,,126,103
418,summoner-1480253,419,Perrø Bømba,Diamond 1,75,77,,125,106
419,summoner-221135,420,OdinXIII,Diamond 1,75,86,,123,109
420,summoner-187776,421,og prodi,Diamond 1,75,54,,121,76
421,summoner-12952365,422,Scyphionyx,Diamond 1,75,94,,120,101
422,summoner-3361130,423,Fury S2,Diamond 1,75,143,,119,96
423,summoner-4580118,424,Manteka2,Diamond 1,75,77,,111,73
424,summoner-15740146,425,zeicro adc spam,Diamond 1,75,64,,111,81
425,summoner-32013,426,tyyyyyyyyyyyyyyy,Diamond 1,75,68,,109,83
426,summoner-801648,427,Skyren,Diamond 1,75,51,,106,83
427,summoner-76508,428,maxíx,Diamond 1,75,91,,82,55
428,summoner-14194450,429,002ˇˇˇ,Diamond 1,75,41,,80,40
429,summoner-1054953,430,Enzo1,Diamond 1,75,67,,73,43
430,summoner-14120140,431,tuesday was good,Diamond 1,75,59,,73,39
431,summoner-1763535,432,SUPER GRIDITO,Diamond 1,75,39,,57,29
432,summoner-303359,433,TSM Razor,Diamond 1,75,39,,53,24
433,summoner-762933,434,Dovahsama,Diamond 1,74,85,,116,104
434,summoner-874874,435,Xlr,Diamond 1,74,47,,90,65
435,summoner-7844169,436,rACKSTAR,Diamond 1,73,66,,170,150
436,summoner-7035353,437,felixorreo,Diamond 1,73,38,,51,35
437,summoner-12981351,438,Fozzie el oso,Diamond 1,72,79,,245,238
438,summoner-58050,439,tyuzkAA,Diamond 1,72,126,,155,121
439,summoner-56233,440,esmowing,Diamond 1,72,80,,110,104
440,summoner-27392,441,HippieCommander,Diamond 1,72,115,,76,55
441,summoner-63737,442,ÁzeR,Diamond 1,71,70,,193,176
442,summoner-99448,443,RexonaMeAbandona,Diamond 1,71,61,,176,133
443,summoner-67974,444,1984g,Diamond 1,71,70,,43,26
444,summoner-1423839,445,UnreformedRAT L9,Diamond 1,70,86,,353,326
445,summoner-13610392,446,Tirolokoo,Diamond 1,70,69,,209,190
446,summoner-9862917,447,Ijo de ODIN,Diamond 1,51,49,,141,117
447,summoner-1072457,448,Flauroz,Diamond 1,70,68,,79,63
448,summoner-373737,449,lost in ur smile,Diamond 1,69,104,,312,305
449,summoner-151636,450,unclecriss,Diamond 1,69,153,,171,156
450,summoner-81732,451,47 Kalashnikov,Diamond 1,69,80,,90,64
451,summoner-4022703,452,MrStigma,Diamond 1,68,106,,361,349
452,summoner-26999,453,Nachomax,Diamond 1,68,76,,205,185
453,summoner-11370453,454,Bhasin,Diamond 1,68,56,,187,146
454,summoner-64510,455,DrakoZelda2,Diamond 1,67,74,,215,163
455,summoner-71664,456,MonjeFunky,Diamond 1,66,83,,164,149
456,summoner-206039,457,Alicë Gläss,Diamond 1,66,69,,111,95
457,summoner-2190579,458,bunny bad kid,Diamond 1,66,106,,97,80
458,summoner-1558232,459,DEUSVULTDEUSVULT,Diamond 1,66,94,,76,59
459,summoner-168824,460,ValHälen,Diamond 1,65,125,,356,334
460,summoner-1241278,461,a tired adc,Diamond 1,65,121,,247,228
461,summoner-32906,462,ChaiLordZ,Diamond 1,65,53,,70,50
462,summoner-752124,463,Maestre Tuppo,Diamond 1,64,62,,122,78
463,summoner-48664,464,Cody,Diamond 1,63,106,,239,224
464,summoner-221844,465,PipaStone,Diamond 1,63,136,,221,207
465,summoner-5345389,466,Hansmetal,Diamond 1,63,102,,210,201
466,summoner-29717,467,grafo,Diamond 1,62,56,,143,124
467,summoner-72425,468,GlockaFlockaFade,Diamond 1,62,66,,87,76
468,summoner-14110157,469,rbt greed,Diamond 1,62,44,,76,34
469,summoner-247695,470,asdasdzczcx,Diamond 1,61,67,,149,111
470,summoner-4564665,471,One Jump,Diamond 1,61,97,,103,75
471,summoner-15452418,472,Hawk Eye Yi,Diamond 1,61,37,,58,13
472,summoner-9986100,473,Niges,Diamond 1,60,106,,290,273
473,summoner-4620158,474,FancyGoat,Diamond 1,60,60,,160,128
474,summoner-529347,475,Kafka,Diamond 1,60,50,,120,98
475,summoner-55857,476,Nyvek,Diamond 1,60,92,,110,88
476,summoner-124550,477,Recret,Diamond 1,60,48,,92,76
477,summoner-135849,478,Aeizus,Diamond 1,59,68,,52,41
478,summoner-102235,479,s3ra,Diamond 1,59,50,,44,18
479,summoner-1759207,480,The Quickness,Diamond 1,58,79,,226,205
480,summoner-11920189,481,LílCarry,Diamond 1,58,86,,185,173
481,summoner-251223,482,può vincere,Diamond 1,58,47,,44,24
482,summoner-12451843,483,VcN v2,Diamond 1,57,105,,195,167
483,summoner-526052,484,Voranar,Diamond 1,57,62,,143,134
484,summoner-1252320,485,Yalung,Diamond 1,57,78,,132,118
485,summoner-189217,486,Pointless ßot,Diamond 1,57,120,,131,66
486,summoner-12813681,487,nevr,Diamond 1,56,60,,105,83
487,summoner-215650,488,Zealot1,Diamond 1,55,71,,248,233
488,summoner-82756,489,Lil Myers,Diamond 1,55,81,,108,82
489,summoner-148493,490,JPERLCH3,Diamond 1,55,67,,95,73
490,summoner-295010,491,Blazerck,Diamond 1,54,126,,429,414
491,summoner-25977,492,Chofa,Diamond 1,54,61,,153,131
492,summoner-138263,493,Next,Diamond 1,54,56,,138,110
493,summoner-169457,494,batxD,Diamond 1,53,130,,688,637
494,summoner-128024,495,Kvrof,Diamond 1,53,50,,90,64
495,summoner-1252190,496,Cawboy,Diamond 1,53,100,,88,72
496,summoner-80896,497,FFC Franco,Diamond 1,52,110,,222,199
497,summoner-10984339,498,Heiwajima Kasuka,Diamond 1,52,61,,155,143
498,summoner-628534,499,Lolmanda2,Diamond 1,52,62,,141,108
499,summoner-7752774,500,Alan cio,Diamond 1,52,71,,141,123
500,summoner-602287,501,xd nomas,Diamond 1,51,144,,648,630
501,summoner-910113,502,Shirö,Diamond 1,51,113,,338,338
502,summoner-3732374,503,Mrrraggglhlhgh,Diamond 1,51,115,,314,302
503,summoner-1114435,504,VortexN,Diamond 1,51,96,,244,225
504,summoner-4741112,505,ßenjamin,Diamond 1,51,134,,234,221
505,summoner-6654310,506,lush0sky,Diamond 1,51,97,,119,92
506,summoner-175423,507,jdseba,Diamond 1,51,87,,35,18
507,summoner-1261645,508,Guerzo,Diamond 1,50,93,,332,325
508,summoner-1242018,509,Kiseˆ,Diamond 1,50,99,,329,321
509,summoner-26321,510,D4SSLER,Diamond 1,50,106,,328,329
510,summoner-64311,511,Asahi Takiguchi,Diamond 1,50,107,,258,251
511,summoner-1570971,512,Fakerˇ,Diamond 1,50,99,,234,209
512,summoner-382885,513,KR Matsuri,Diamond 1,50,96,,234,214
513,summoner-60025,514,ARC Tomate,Diamond 1,35,96,,227,213
514,summoner-3534613,515,Khattolk,Diamond 1,50,93,,210,201
515,summoner-42498,516,Skaanz,Diamond 1,50,75,,199,184
516,summoner-7773887,517,Feiquer Peruano,Diamond 1,50,71,,198,158
517,summoner-6032739,518,Dexiuz,Diamond 1,50,57,,169,128
518,summoner-1305539,519,mla,Diamond 1,50,106,,167,146
519,summoner-310359,520,daryl ˇˉˇ,Diamond 1,50,77,,156,126
520,summoner-571386,521,hyungˇˉˇ,Diamond 1,50,112,,155,131
521,summoner-1493181,522,Sad gîrl,Diamond 1,50,136,,129,111
522,summoner-840871,523,Prayers and Vows,Diamond 1,50,90,,126,107
523,summoner-283094,524,ScoupAXX,Diamond 1,50,102,,122,108
524,summoner-372049,525,Heavyweight,Diamond 1,50,57,,120,105
525,summoner-2261269,526,Behemov,Diamond 1,50,94,,109,87
526,summoner-240628,527,gomenˆnasai,Diamond 1,50,169,,104,72
527,summoner-401510,528,Kìng,Diamond 1,50,74,,102,82
528,summoner-105931,529,Lindwurm,Diamond 1,50,110,,100,80
529,summoner-1934429,530,Emisary Of Death,Diamond 1,50,65,,92,73
530,summoner-157936,531,Dwarfish M,Diamond 1,50,46,,66,56
531,summoner-29006,532,ZhoridZ,Diamond 1,49,98,,277,254
532,summoner-227103,533,ÆT Gorditomaster,Diamond 1,49,78,,241,221
533,summoner-5780137,534,Skins,Diamond 1,49,94,,237,235
534,summoner-14650144,535,Skanitto,Diamond 1,49,64,,195,182
535,summoner-65262,536,BGH forExe,Diamond 1,49,67,,78,65
536,summoner-50759,537,K1tty Princess,Diamond 1,49,59,,52,30
537,summoner-9510200,538,Nani C Kore wa,Diamond 1,49,88,,50,34
538,summoner-110173,539,Rylve,Diamond 1,48,93,,135,119
539,summoner-14120143,540,Dodo S2,Diamond 1,48,58,,119,47
540,summoner-13844451,541,Lil9ROOK,Diamond 1,48,49,,82,46
541,summoner-115635,542,OnlyTheTip,Diamond 1,47,122,,279,265
542,summoner-1501092,543,OVG Midnight,Diamond 1,46,142,,312,301
543,summoner-5351066,544,Sholwan Joestar,Diamond 1,46,141,,287,266
544,summoner-107514,545,JAJAJAJAJAJAJAJ,Diamond 1,46,91,,277,228
545,summoner-79927,546,Satirosky,Diamond 1,46,72,,154,147
546,summoner-897920,547,Cubik,Diamond 1,44,109,,173,134
547,summoner-11940393,548,Gerárd,Diamond 1,42,87,,165,128
548,summoner-15662257,549,Mondrąkk,Diamond 1,42,50,,91,49
549,summoner-74230,550,LordFoxo,Diamond 1,41,110,,386,380
550,summoner-1083467,551,Ocaliehpo,Diamond 1,41,105,,270,261
551,summoner-2232715,552,ZékkeN,Diamond 1,40,94,,273,265
552,summoner-864271,553,GOD CesarBaeza,Diamond 1,40,60,,170,150
553,summoner-217033,554,RBT Burritox,Diamond 1,40,64,,102,87
554,summoner-211516,555,Master YEET,Diamond 1,39,120,,131,100
555,summoner-14830965,556,uribe,Diamond 1,38,84,,401,372
556,summoner-112372,557,UCH Hefedes,Diamond 1,38,123,,327,320
557,summoner-111822,558,Riko,Diamond 1,76,75,,287,254
558,summoner-310373,559,Vanníty,Diamond 1,38,79,,178,168
559,summoner-313033,560,MyCrew,Diamond 1,38,80,,174,158
560,summoner-2831198,561,CordobesNotFound,Diamond 1,37,122,,279,259
561,summoner-1302545,562,Xelkho,Diamond 1,37,128,,229,211
562,summoner-5421715,563,Fan De Scrappy,Diamond 1,37,60,,203,142
563,summoner-204550,564,Dunkel,Diamond 1,37,64,,92,71
564,summoner-1280390,565,WorstBardLAS,Diamond 1,36,70,,243,208
565,summoner-1103047,566,someday soon,Diamond 1,36,63,,172,154
566,summoner-80063,567,Oni Sama,Diamond 1,36,71,,102,96
567,summoner-26899,568,4444441,Diamond 1,36,39,,56,27
568,summoner-4281346,569,Oóoóóoó,Diamond 1,35,85,,200,172
569,summoner-2900540,570,WGiardino,Diamond 1,34,130,,446,426
570,summoner-7651436,571,Arto skin ameo,Diamond 1,34,126,,298,257
571,summoner-29815,572,Paladín,Diamond 1,34,102,,179,162
572,summoner-4671565,573,BrontoSkarner,Diamond 1,34,47,,119,68
573,summoner-710801,574,lllIlllIlllIlllI,Diamond 1,34,51,,103,93
574,summoner-113443,575,DM ME IF EGIRL,Diamond 1,34,67,,101,84
575,summoner-932055,576,Fan de Hailee,Diamond 1,34,64,,99,86
576,summoner-190683,577,Maderíx,Diamond 1,34,60,,95,75
577,summoner-150900,578,Summoner,Diamond 1,33,120,,353,335
578,summoner-182392,579,HitmanGG,Diamond 1,33,89,,245,229
579,summoner-203495,580,No soy Guishe,Diamond 1,33,77,,196,147
580,summoner-47360,581,Choqo,Diamond 1,33,60,,169,108
581,summoner-411624,582,Vengeful Dome,Diamond 1,33,77,,166,146
582,summoner-128767,583,La Tengo Grande,Diamond 1,33,97,,109,98
583,summoner-253921,584,AMJ Yatroll,Diamond 1,33,91,,108,97
584,summoner-6974007,585,Kick the Midlane,Diamond 1,33,54,,102,82
585,summoner-6360322,586,so my bad,Diamond 1,32,93,,203,190
586,summoner-1945705,587,Akira Shý,Diamond 1,32,77,,127,113
587,summoner-12200629,588,The Búho,Diamond 1,31,94,,151,141
588,summoner-14110154,589,KimiRAI,Diamond 1,31,55,,128,100
589,summoner-218903,590,Rayffen,Diamond 1,30,86,,263,247
590,summoner-4303209,591,Keishao,Diamond 1,30,77,,184,153
591,summoner-12234633,592,Locurita XD,Diamond 1,30,75,,91,54
592,summoner-6350746,593,with your love,Diamond 1,30,131,,82,63
593,summoner-2651421,594,xamexxelpro,Diamond 1,29,68,,167,147
594,summoner-4770590,595,Menzhita,Diamond 1,28,97,,131,116
595,summoner-220311,596,Slayerzx123,Diamond 1,27,107,,173,161
596,summoner-12702513,597,Admiral Kunkka,Diamond 1,27,44,,98,59
597,summoner-1482088,598,Yhon,Diamond 1,26,124,,366,348
598,summoner-112661,599,Absence,Diamond 1,26,77,,133,120
599,summoner-45739,600,FonTyTy,Diamond 1,26,92,,120,88
600,summoner-143032,601,ACONTR3H,Diamond 1,26,74,,118,101
601,summoner-14110158,602,frost good kid,Diamond 1,25,78,,304,264
602,summoner-23907,603,EmoPorEmilio,Diamond 1,25,117,,257,238
603,summoner-168184,604,ZanganØ,Diamond 1,25,79,,230,209
604,summoner-1490647,605,ExiledOfTwilight,Diamond 1,25,163,,227,177
605,summoner-1557721,606,davidfl,Diamond 1,25,70,,224,214
606,summoner-35890,607,Necko,Diamond 1,25,93,,199,183
607,summoner-98602,608,MemoKsW,Diamond 1,25,101,,178,161
608,summoner-51166,609,chewbacca4,Diamond 1,25,56,,170,134
609,summoner-5970580,610,Bot Elmer,Diamond 1,25,112,,151,136
610,summoner-255561,611,Bjerg,Diamond 1,25,71,,136,93
611,summoner-14130137,612,DH Hayha,Diamond 1,25,58,,132,95
612,summoner-1751868,613,AMBUSH14231342,Diamond 1,25,54,,97,57
613,summoner-182271,614,YoRHa Type A2,Diamond 1,25,77,,43,27
614,summoner-1894532,615,EL TATA BASTIAN,Diamond 1,23,145,,294,268
615,summoner-12200292,616,Insäne,Diamond 1,23,125,,59,37
616,summoner-371650,617,Netherworld,Diamond 1,22,73,,179,141
617,summoner-1066367,618,dreamkiller12,Diamond 1,22,64,,168,158
618,summoner-16290136,619,TA Sadoski,Diamond 1,22,75,,162,149
619,summoner-189802,620,kush da bush,Diamond 1,22,65,,122,113
620,summoner-161575,621,Ghosthit,Diamond 1,22,55,,89,74
621,summoner-45291,622,PorotoLolero,Diamond 1,22,42,,49,26
622,summoner-104307,623,IceQ,Diamond 1,0,108,,230,205
623,summoner-8610725,624,Definitely,Diamond 1,20,100,,141,125
624,summoner-581577,625,TheMasier,Diamond 1,20,128,,132,107
625,summoner-811836,626,iGeveze,Diamond 1,20,52,,126,115
626,summoner-166851,627,Mgleonty,Diamond 1,20,89,,120,92
627,summoner-43354,628,Agwozh,Diamond 1,20,85,,94,75
628,summoner-63599,629,Jalato Salvaje,Diamond 1,19,143,,600,572
629,summoner-4400820,630,ATR pibe Argento,Diamond 1,19,111,,279,255
630,summoner-12051223,631,Hunter Smick,Diamond 1,19,82,,255,238
631,summoner-75128,632,Razky,Diamond 1,38,60,,230,194
632,summoner-302344,633,TóxicoPLS,Diamond 1,19,98,,73,56
633,summoner-198329,634,Sophrosyne,Diamond 1,18,110,,185,169
634,summoner-432780,635,muito,Diamond 1,18,82,,163,160
635,summoner-10280137,636,MadnessButt,Diamond 1,18,51,,126,89
636,summoner-63321,637,Giiro,Diamond 1,18,85,,124,101
637,summoner-49302,638,Navarret,Diamond 1,18,106,,66,57
638,summoner-1155196,639,EvilTriGer,Diamond 1,17,106,,362,351
639,summoner-1975555,640,UT Peep,Diamond 1,17,149,,311,275
640,summoner-4452901,641,Sr Heladitö,Diamond 1,17,118,,299,273
641,summoner-861558,642,JhonyKey,Diamond 1,17,110,,250,247
642,summoner-1344259,643,N I C Ø W,Diamond 1,17,117,,137,123
643,summoner-14130136,644,DH Rice,Diamond 1,17,55,,128,115
644,summoner-43818,645,TA Comander,Diamond 1,17,47,,91,77
645,summoner-235393,646,Migita de Pan,Diamond 1,17,51,,62,45
646,summoner-14086351,647,Scripter btw,Diamond 1,17,74,,56,43
647,summoner-112791,648,OVNI,Diamond 1,16,121,,228,210
648,summoner-14180902,649,d4blonair,Diamond 1,16,58,,179,134
649,summoner-76129,650,Rÿn,Diamond 1,16,94,,124,108
650,summoner-735360,651,Jojola,Diamond 1,15,69,,178,162
651,summoner-1945632,652,AllbaK,Diamond 1,15,52,,142,88
652,summoner-28945,653,l None l,Diamond 1,14,72,,137,111
653,summoner-542087,654,Impeesa,Diamond 1,13,94,,192,167
654,summoner-114879,655,Sn3x,Diamond 1,13,43,,65,60
655,summoner-490519,656,RetiredGod,Diamond 1,12,74,,184,175
656,summoner-1641437,657,F23,Diamond 1,12,90,,163,150
657,summoner-1120626,658,StupidLoveStory,Diamond 1,12,79,,101,86
658,summoner-208214,659,Tipazo,Diamond 1,11,49,,67,50
659,summoner-302227,660,Dukie,Diamond 1,10,75,,91,86
660,summoner-52584,661,PlE de Maracuyá,Diamond 1,9,78,,229,220
661,summoner-520647,662,Kino,Diamond 1,9,71,,184,168
662,summoner-5044735,663,DAWNDEMON,Diamond 1,8,65,,186,165
663,summoner-205833,664,Copo Snow,Diamond 1,8,119,,170,149
664,summoner-1504090,665,BluePrime,Diamond 1,8,123,,111,94
665,summoner-82560,666,never forgive,Diamond 1,8,67,,104,89
666,summoner-4053236,667,xNegrø,Diamond 1,6,117,,434,410
667,summoner-1052405,668,terbaik1,Diamond 1,6,85,,227,215
668,summoner-1351102,669,Peluca,Diamond 1,6,111,,103,71
669,summoner-39071,670,Teppei,Diamond 1,4,124,,578,579
670,summoner-560629,671,RATA TA TA,Diamond 1,4,102,,268,261
671,summoner-71345,672,Strickzito,Diamond 1,3,109,,333,329
672,summoner-1132526,673,KING OF THE GANG,Diamond 1,3,161,,237,207
673,summoner-191519,674,Kantus Lion,Diamond 1,3,76,,156,133
674,summoner-43381,675,1DBaby,Diamond 1,3,114,,132,115
675,summoner-8764731,676,Aliciæ Neko Chan,Diamond 1,3,102,,123,84
676,summoner-390753,677,TNO Start,Diamond 1,3,90,,95,81
677,summoner-4300422,678,Kirenkill,Diamond 1,2,74,,180,161
678,summoner-1462695,679,Tad,Diamond 1,0,141,,495,505
679,summoner-4618529,680,Sperks,Diamond 1,0,148,,466,445
680,summoner-1422251,681,Fosbak,Diamond 1,0,127,,440,407
681,summoner-117582,682,Malcom Brest,Diamond 1,0,101,,410,358
682,summoner-38965,683,Leo Ponzio,Diamond 1,0,98,,408,400
683,summoner-12220596,684,Jungle Peruvian,Diamond 1,0,116,,380,369
684,summoner-3980755,685,Conejito Triste,Diamond 1,0,142,,366,339
685,summoner-12210372,686,Firstsenbon,Diamond 1,0,148,,365,340
686,summoner-43127,687,Kyzke,Diamond 1,0,111,,351,320
687,summoner-48600,688,IKetchup,Diamond 1,0,115,,346,329
688,summoner-42820,689,InugamiSama,Diamond 1,0,107,,337,324
689,summoner-12151685,690,Fenha Rawy,Diamond 1,0,88,,254,242
690,summoner-168550,691,Gastruks,Diamond 1,0,76,,250,248
691,summoner-300900,692,Desvirgensen GG,Diamond 2,75,71,,229,216
692,summoner-14120150,693,Crîxus,Diamond 1,0,65,,218,200
693,summoner-109041,694,Kayse,Diamond 1,0,75,,213,200
694,summoner-37529,695,El Morro García,Diamond 1,0,83,,205,196
695,summoner-15812027,696,Owen is back,Diamond 1,0,54,,193,164
696,summoner-206966,697,Retrix,Diamond 1,0,71,,192,181
697,summoner-180021,698,Levi           1,Diamond 1,0,124,,190,182
698,summoner-187359,699,Nutcracko,Diamond 1,0,94,,189,166
699,summoner-10711292,700,Bäster,Diamond 1,0,60,,189,140
700,summoner-1164053,701,Calamidadl,Diamond 1,0,116,,181,172
701,summoner-80244,702,DreamOe,Diamond 1,0,70,,181,120
702,summoner-36325,703,raidenFTW,Diamond 1,0,118,,178,136
703,summoner-11221826,704,awa en el UwU,Diamond 1,0,152,,171,156
704,summoner-1040646,705,SoCaToa,Diamond 1,0,100,,169,143
705,summoner-1485977,706,SiriusDeCanMayor,Diamond 1,0,76,,168,151
706,summoner-61478,707,Zverëv,Diamond 1,0,67,,167,148
707,summoner-1743174,708,Bizzey,Diamond 1,0,78,,162,146
708,summoner-1896899,709,xShadow10,Diamond 1,0,134,,162,132
709,summoner-374337,710,BlUE lCE,Diamond 1,0,82,,157,147
710,summoner-257636,711,iRayleigh,Diamond 1,0,76,,155,134
711,summoner-5390228,712,Tamare,Diamond 1,0,67,,154,138
712,summoner-88804,713,LA COBRA,Diamond 1,0,72,,152,145
713,summoner-39973,714,Blerin,Diamond 1,0,84,,148,134
714,summoner-93639,715,Mistic Cba,Diamond 1,0,83,,147,134
715,summoner-834086,716,Skrillex22,Diamond 1,0,86,,146,127
716,summoner-11930175,717,Lukitya OG,Diamond 1,0,71,,145,82
717,summoner-310981,718,Juandix,Diamond 1,0,70,,140,123
718,summoner-13572044,719,Queens Gamer,Diamond 1,0,83,,135,115
719,summoner-1478821,720,Zhavïaˇ,Diamond 1,0,75,,135,124
720,summoner-481124,721,sorry im bad,Diamond 1,0,116,,135,118
721,summoner-1423674,722,Maxij00,Diamond 1,0,80,,132,90
722,summoner-204326,723,Q is Over 9000,Diamond 1,0,52,,130,108
723,summoner-429447,724,Selva24siete,Diamond 1,0,53,,127,109
724,summoner-1278251,725,midd,Diamond 1,0,59,,119,34
725,summoner-73331,726,20072003,Diamond 1,0,113,,115,97
726,summoner-9250427,727,Otsutsuky,Diamond 1,0,56,,112,87
727,summoner-171121,728,Cäos,Diamond 1,0,72,,110,107
728,summoner-140788,729,PastelDeChoclo,Diamond 1,0,67,,109,82
729,summoner-93699,730,ricosuaveyatusae,Diamond 1,0,104,,105,99
730,summoner-533199,731,xAnubisDarkx2,Diamond 1,0,70,,105,90
731,summoner-14120141,732,RBT Bob,Diamond 1,0,57,,103,78
732,summoner-156929,733,Chwal,Diamond 1,0,96,,103,103
733,summoner-9894364,734,Not Frandaero,Diamond 1,0,55,,100,68
734,summoner-4148630,735,xLockios,Diamond 1,0,62,,99,71
735,summoner-201653,736,Fighter Slayer,Diamond 1,0,66,,97,84
736,summoner-7401964,737,3ternity,Diamond 1,0,60,,94,49
737,summoner-1003667,738,DkA Darkito,Diamond 1,0,116,,91,74
738,summoner-417125,739,thiedz2,Diamond 1,0,48,,86,60
739,summoner-76644,740,Leofull,Diamond 1,0,58,,86,62
740,summoner-159639,741,carrying limp,Diamond 1,0,90,,84,74
741,summoner-1806294,742,Mogölica,Diamond 1,0,67,,82,69
742,summoner-16022445,743,Fck this World,Diamond 1,0,42,,79,44
743,summoner-298376,744,Meldreın,Diamond 1,0,49,,77,49
744,summoner-94213,745,AsuciTo,Diamond 1,0,99,,77,59
745,summoner-136260,746,SoadMaster98,Diamond 1,0,46,,72,54
746,summoner-9380130,747,IronBurners,Diamond 1,0,97,,69,57
747,summoner-13814673,748,ITHimea,Diamond 1,0,63,,64,60
748,summoner-12904332,749,ZS PerroBomba,Diamond 1,0,47,,45,36
749,summoner-5512892,750,TØXIC RIVEN,Diamond 1,0,87,,40,19
750,summoner-9632857,751,CA TenteX,Diamond 2,100,101,,483,441
751,summoner-70948,752,San Paoli,Diamond 2,100,185,,480,458
752,summoner-2991063,753,rokka,Diamond 2,100,130,,437,434
753,summoner-243932,754,Noodlsyork,Diamond 2,100,98,,322,288
754,summoner-742499,755,Nyxie,Diamond 2,100,123,,309,303
755,summoner-53475,756,ææææææ,Diamond 2,100,111,,302,289
756,summoner-164246,757,Daft,Diamond 2,100,116,,266,246
757,summoner-14451557,758,luqixen v2,Diamond 2,100,70,,256,209
758,summoner-1965130,759,Kundo,Diamond 2,100,106,,248,222
759,summoner-9947337,760,Nashejkz,Diamond 2,100,95,,226,214
760,summoner-62738,761,Pòdhaps,Diamond 2,100,89,,216,205
761,summoner-7003809,762,Zero Twö,Diamond 2,100,91,,152,147
762,summoner-1882984,763,PepitøPagaX2,Diamond 2,100,69,,141,126
763,summoner-11780134,764,ONLY GYAM PLS,Diamond 2,100,51,,138,88
764,summoner-291378,765,El Sir Uja,Diamond 2,100,86,,130,102
765,summoner-12905076,766,FaryaAndWoIyo,Diamond 2,100,62,,125,73
766,summoner-7260396,767,Dixion,Diamond 2,100,120,,109,77
767,summoner-2287883,768,RaiseINyxJ,Diamond 2,100,58,,91,64
768,summoner-2298770,769,Cute Yasuo,Diamond 2,100,131,,78,53
769,summoner-657140,770,GonzaloooxD,Diamond 2,100,63,,78,56
770,summoner-12031964,771,PenduIum,Diamond 2,100,47,,66,51
771,summoner-912043,772,Copihue Marchito,Diamond 2,99,104,,219,207
772,summoner-24405,773,Hanu,Diamond 2,99,106,,121,108
773,summoner-14903301,774,Aria da Capo,Diamond 2,98,75,,310,279
774,summoner-730858,775,tuiter,Diamond 2,98,50,,57,39
775,summoner-14130135,776,DH Gefahr,Diamond 2,98,38,,49,26
776,summoner-297285,777,Luvo Luvito,Diamond 2,97,56,,154,140
777,summoner-242585,778,Glaceon,Diamond 2,97,98,,99,85
778,summoner-11080623,779,No Soy Fenix,Diamond 2,96,69,,240,201
779,summoner-118616,780,Workout,Diamond 2,95,101,,302,291
780,summoner-386291,781,Rakanishü,Diamond 2,95,64,,68,54
781,summoner-67297,782,MrHamburguesa,Diamond 2,95,78,,40,27
782,summoner-39437,783,FzF pudGGe,Diamond 2,94,98,,239,224
783,summoner-12050605,784,Voltedge,Diamond 2,93,103,,238,232
784,summoner-40158,785,Bladewolf,Diamond 2,92,151,,498,485
785,summoner-66497,786,PIT0HUI,Diamond 2,92,103,,154,139
786,summoner-14520200,787,Terquito,Diamond 2,91,58,,185,139
787,summoner-124790,788,ShøøTërPërfëct,Diamond 2,91,80,,170,151
788,summoner-27910,789,N4tsu Dr4agneel,Diamond 2,91,64,,73,50
789,summoner-4590757,790,BrunoBY,Diamond 2,90,92,,287,272
790,summoner-423109,791,kakashi xP,Diamond 2,90,89,,232,184
791,summoner-12210145,792,9  Raul Ruidiaz,Diamond 2,90,65,,159,139
792,summoner-253897,793,Spotted,Diamond 2,90,93,,157,136
793,summoner-3460229,794,Semper Idem,Diamond 2,90,67,,123,102
794,summoner-280932,795,Senstus,Diamond 2,90,92,,78,61
795,summoner-251657,796,Huehuehue,Diamond 2,89,87,,114,102
796,summoner-7790606,797,Con CHOCOLATE,Diamond 2,88,105,,278,283
797,summoner-1180883,798,Andres1,Diamond 2,86,58,,163,104
798,summoner-1076133,799,Dreth11,Diamond 2,86,96,,103,70
799,summoner-3311988,800,Wanchope Ramos,Diamond 2,85,95,,215,214
800,summoner-108275,801,Juanita Viale,Diamond 2,85,65,,123,113
801,summoner-5454488,802,Someonely,Diamond 2,83,82,,103,83
802,summoner-5610161,803,King Kong I,Diamond 2,83,48,,103,81
803,summoner-2361583,804,123xdlul,Diamond 2,83,55,,99,86
804,summoner-124626,805,44 Tute,Diamond 2,82,112,,285,270
805,summoner-207127,806,MyonMyonMyonMyon,Diamond 2,82,72,,186,173
806,summoner-167838,807,Koete,Diamond 2,82,80,,151,142
807,summoner-120342,808,Dempsey,Diamond 2,81,84,,264,249
808,summoner-1485192,809,Dark Kite,Diamond 2,81,84,,154,137
809,summoner-650230,810,Pablillo,Diamond 2,81,98,,123,107
810,summoner-56038,811,meiser,Diamond 2,81,75,,111,101
811,summoner-185768,812,IM VAYNE MAIN,Diamond 2,79,89,,313,295
812,summoner-1577980,813,Churman,Diamond 2,79,146,,165,150
813,summoner-3822417,814,qWest,Diamond 2,78,89,,99,93
814,summoner-22764,815,Algnu,Diamond 2,77,118,,436,436
815,summoner-1510147,816,SurgiçaL,Diamond 2,77,55,,87,80
816,summoner-108621,817,Sliƒer,Diamond 2,76,88,,238,208
817,summoner-39062,818,Nerf Rojo,Diamond 2,76,83,,169,166
818,summoner-4003528,819,Like a Stone,Diamond 2,76,79,,62,50
819,summoner-8060155,820,YasuCOCO,Diamond 2,75,121,,397,401
820,summoner-26925,821,Dënver,Diamond 2,75,92,,297,294
821,summoner-5074241,822,Fersito,Diamond 2,75,102,,233,193
822,summoner-1473680,823,Benjì,Diamond 2,75,93,,232,228
823,summoner-300900,824,Desvirgensen GG,Diamond 2,75,71,,229,216
824,summoner-171780,825,Maürice,Diamond 2,75,95,,222,221
825,summoner-91963,826,ForniteIsBetter,Diamond 2,75,72,,213,206
826,summoner-1495720,827,Loli LUX,Diamond 2,75,106,,207,200
827,summoner-98783,828,deratero,Diamond 2,75,91,,204,162
828,summoner-14650166,829,Fantasi,Diamond 2,75,70,,202,175
829,summoner-100093,830,Bayus,Diamond 2,75,67,,194,176
830,summoner-14130154,831,trueno corto,Diamond 2,75,65,,194,170
831,summoner-2308808,832,NároK,Diamond 2,75,90,,190,169
832,summoner-14120137,833,ISG Fear,Diamond 2,75,63,,186,114
833,summoner-35022,834,MjL,Diamond 2,75,66,,181,172
834,summoner-248676,835,Cuturrufo,Diamond 2,75,72,,174,170
835,summoner-22552,836,Chapannya,Diamond 2,75,77,,158,145
836,summoner-14097813,837,aoFF,Diamond 2,75,66,,152,105
837,summoner-6453121,838,Naabsito,Diamond 2,75,62,,145,97
838,summoner-6752477,839,mAkálister,Diamond 2,75,110,,144,134
839,summoner-60495,840,Mozilla Firefox,Diamond 2,75,74,,143,129
840,summoner-7572255,841,Nevergreen,Diamond 2,75,62,,138,135
841,summoner-897032,842,Pacif Li Yau,Diamond 2,75,82,,131,104
842,summoner-14650151,843,Zeift,Diamond 2,75,54,,127,120
843,summoner-1472963,844,washochico,Diamond 2,75,51,,126,115
844,summoner-14171676,845,KKKKKKKKKKKKKKK1,Diamond 2,75,47,,116,67
845,summoner-40607,846,192cm support,Diamond 2,75,58,,105,96
846,summoner-4605964,847,Vicho mata Jiles,Diamond 2,75,94,,103,81
847,summoner-137286,848,BL Nieve Negra,Diamond 2,75,71,,101,68
848,summoner-7993045,849,Friedrich IV,Diamond 2,75,43,,93,54
849,summoner-167145,850,DarkMittor,Diamond 2,75,61,,92,68
850,summoner-1600402,851,littlegod,Diamond 2,75,98,,91,85
851,summoner-726351,852,CocaineNight,Diamond 2,75,73,,90,72
852,summoner-13010323,853,N i c o m a n d0,Diamond 2,75,47,,81,60
853,summoner-15500212,854,Fªntasi,Diamond 2,75,40,,80,39
854,summoner-15994777,855,AkaliNuv,Diamond 2,75,41,,74,39
855,summoner-840963,856,Escibalo,Diamond 2,75,96,,73,66
856,summoner-14130141,857,FG Nobody,Diamond 2,75,40,,68,36
857,summoner-129953,858,Meguita,Diamond 2,75,41,,32,19
858,summoner-2630772,859,Vincent Overkill,Diamond 2,74,151,,638,638
859,summoner-11162135,860,xBlastZ,Diamond 2,74,74,,203,187
860,summoner-299601,861,Sum 41,Diamond 2,74,64,,101,99
861,summoner-1224251,862,EnzoxxD,Diamond 2,73,92,,275,270
862,summoner-3083179,863,Arhkeidom,Diamond 2,73,141,,272,249
863,summoner-4160848,864,Deussmaug5,Diamond 2,73,73,,91,80
864,summoner-218709,865,asesinopa,Diamond 2,72,85,,205,190
865,summoner-2318414,866,KOTC Shura,Diamond 2,72,84,,195,173
866,summoner-538041,867,xEstarossa,Diamond 2,72,65,,188,179
867,summoner-4177875,868,D3NDI,Diamond 2,71,107,,302,288
868,summoner-4024395,869,Briandy,Diamond 2,71,105,,150,140
869,summoner-213274,870,ESPARTA41,Diamond 2,71,69,,79,65
870,summoner-1066221,871,Lorakev,Diamond 2,71,80,,58,38
871,summoner-39785,872,Míshu,Diamond 2,70,124,,462,448
872,summoner-1556215,873,iNasThy,Diamond 2,70,114,,196,175
873,summoner-46649,874,0nli,Diamond 2,70,58,,126,109
874,summoner-126603,875,DotA,Diamond 2,70,91,,100,87
875,summoner-1910683,876,PERNITAS KILLER,Diamond 2,70,95,,86,73
876,summoner-14772541,877,Häo Asakura,Diamond 2,69,73,,253,213
877,summoner-3733311,878,THN Hatziven,Diamond 2,69,101,,198,185
878,summoner-414308,879,ReLife,Diamond 2,69,90,,152,131
879,summoner-79527,880,Arroz,Diamond 2,69,64,,122,114
880,summoner-1242005,881,ileu07,Diamond 2,69,97,,102,93
881,summoner-1031416,882,Try again later,Diamond 2,69,119,,84,74
882,summoner-41640,883,1androM,Diamond 2,69,72,,70,49
883,summoner-9920154,884,OnlyBruiserJanna,Diamond 2,68,89,,273,226
884,summoner-1132021,885,Bot Susu,Diamond 2,68,91,,160,148
885,summoner-1042619,886,Mitsuki Gaiden,Diamond 2,67,72,,193,183
886,summoner-138718,887,Nachota5,Diamond 2,67,74,,155,149
887,summoner-1077703,888,NCX Loky,Diamond 2,66,99,,325,317
888,summoner-46166,889,ShyWi,Diamond 2,66,108,,270,260
889,summoner-190626,890,ELBA NEA2,Diamond 2,66,89,,237,230
890,summoner-22395,891,Sarodag,Diamond 2,66,101,,133,117
891,summoner-247086,892,DAMN ITS ANIBAL,Diamond 2,66,80,,61,47
892,summoner-5072947,893,Syuchan,Diamond 2,65,87,,246,233
893,summoner-233032,894,CallMeLucky,Diamond 2,65,60,,80,68
894,summoner-212702,895,LA COPA DE GRASA,Diamond 2,65,62,,70,55
895,summoner-79687,896,Ex Semi Pro,Diamond 2,64,95,,199,194
896,summoner-1494810,897,Karcâss,Diamond 2,64,93,,182,168
897,summoner-1461299,898,rawr nya uwu grr,Diamond 2,64,119,,165,143
898,summoner-73494,899,TasteOrange,Diamond 2,64,70,,162,132
899,summoner-8692278,900,TUTI DIOS,Diamond 2,64,240,,118,64
900,summoner-59945,901,Nestor menta,Diamond 2,64,89,,92,78
901,summoner-63257,902,DanixCabe,Diamond 2,63,75,,148,151
902,summoner-389909,903,LNL Articuno,Diamond 2,63,80,,140,126
903,summoner-68700,904,nêo,Diamond 2,63,55,,115,109
904,summoner-163972,905,djseba,Diamond 2,63,54,,91,80
905,summoner-2924079,906,Makeart reformed,Diamond 2,62,73,,156,133
906,summoner-165815,907,I love Baykon,Diamond 2,62,46,,58,45
907,summoner-217023,908,Ðrako,Diamond 2,61,100,,243,230
908,summoner-58666,909,rompeorli,Diamond 2,61,104,,238,230
909,summoner-1131916,910,AZ Tiger,Diamond 2,61,70,,90,71
910,summoner-4494395,911,DF RaiNigHT,Diamond 2,60,125,,291,280
911,summoner-193832,912,Thünder,Diamond 2,60,53,,93,87
912,summoner-131257,913,Demura,Diamond 2,60,45,,45,31
913,summoner-1735054,914,TheDeserterYang,Diamond 2,59,114,,294,286
914,summoner-410906,915,Tønitrus,Diamond 2,59,140,,258,236
915,summoner-217586,916,0drep,Diamond 2,59,100,,160,133
916,summoner-95759,917,Ezcanor,Diamond 2,59,67,,105,90
917,summoner-58984,918,HKs Totoreto,Diamond 2,58,67,,194,178
918,summoner-42280,919,koré,Diamond 2,58,79,,183,162
919,summoner-142190,920,Crossboow,Diamond 2,58,88,,150,140
920,summoner-4380877,921,Zevirah,Diamond 2,57,88,,224,208
921,summoner-7542422,922,ateoXD,Diamond 2,57,74,,168,148
922,summoner-52399,923,Sad Nibba Hours,Diamond 2,57,88,,146,128
923,summoner-59163,924,Bai Hu,Diamond 2,57,72,,132,109
924,summoner-111591,925,regency reload,Diamond 2,56,95,,197,182
925,summoner-188016,926,QKel,Diamond 2,55,142,,546,530
926,summoner-12980827,927,Rika Fox Pawzer,Diamond 2,55,135,,443,417
927,summoner-1163012,928,BNH JoseeDx,Diamond 2,55,85,,245,228
928,summoner-1235406,929,Li Grim,Diamond 2,55,106,,236,234
929,summoner-11090136,930,Kuzo,Diamond 2,55,62,,68,49
930,summoner-146561,931,Advanzeeee,Diamond 2,55,49,,61,54
931,summoner-44114,932,Anaru,Diamond 2,54,87,,157,140
932,summoner-148317,933,LegendarioCastor,Diamond 2,54,103,,151,138
933,summoner-2792742,934,marcos gomez7,Diamond 2,54,71,,113,118
934,summoner-3935623,935,Dylå,Diamond 2,54,62,,108,88
935,summoner-14184424,936,feel owo,Diamond 2,54,43,,94,55
936,summoner-1795845,937,Unlucky god,Diamond 2,53,97,,246,234
937,summoner-2930172,938,Vuestro Tirador,Diamond 2,53,84,,199,175
938,summoner-4493801,939,PoneOtro,Diamond 2,53,70,,126,98
939,summoner-2265827,940,GarciColA,Diamond 2,53,69,,117,101
940,summoner-71613,941,T Dog,Diamond 2,53,73,,64,36
941,summoner-1549856,942,Sangría Wine,Diamond 2,53,84,,54,48
942,summoner-800243,943,Groovy Bear,Diamond 2,53,54,,51,36
943,summoner-2530730,944,Kartana1,Diamond 2,53,39,,43,35
944,summoner-1411248,945,GunPøint,Diamond 2,52,96,,242,230
945,summoner-36536,946,Randih,Diamond 2,52,80,,201,187
946,summoner-240624,947,Tankeniken,Diamond 2,52,98,,171,142
947,summoner-55643,948,KNoW Name,Diamond 2,52,85,,92,77
948,summoner-56474,949,665,Diamond 2,51,122,,301,273
949,summoner-99148,950,FraudeAlFisco,Diamond 2,51,64,,80,65
950,summoner-2298191,951,Aakash,Diamond 2,50,86,,180,168
951,summoner-5350670,952,LittIe ROODRA,Diamond 2,50,60,,68,51
952,summoner-22185,953,VAYNE IS IZI,Diamond 2,50,48,,60,43
953,summoner-199701,954,Kirua Zorudikku,Diamond 2,49,90,,335,307
954,summoner-178643,955,Salty Gun,Diamond 2,49,108,,247,228
955,summoner-39318,956,SOUŁ,Diamond 2,49,86,,81,63
956,summoner-77436,957,Edenzin,Diamond 2,48,76,,79,54
957,summoner-626866,958,AxelBrody,Diamond 2,47,84,,140,118
958,summoner-11352642,959,Bigfoot AD Carry,Diamond 2,46,77,,279,261
959,summoner-13791668,960,Streamer,Diamond 2,45,68,,263,225
960,summoner-4090797,961,Rakelstake,Diamond 2,45,60,,189,172
961,summoner-314731,962,20XX,Diamond 2,45,80,,136,125
962,summoner-483622,963,Reverie,Diamond 2,45,87,,135,103
963,summoner-12030671,964,KeNay D,Diamond 2,44,55,,155,122
964,summoner-29294,965,Ridet,Diamond 2,44,87,,137,101
965,summoner-7960347,966,Tall Morty,Diamond 2,44,53,,104,86
966,summoner-102154,967,Midgårdsormen,Diamond 2,43,109,,320,306
967,summoner-5243424,968,CatSempai,Diamond 2,43,75,,245,235
968,summoner-68003,969,Juego top uwu,Diamond 2,43,62,,91,62
969,summoner-170034,970,WAAAANDiX,Diamond 2,43,38,,53,30
970,summoner-94170,971,Viry,Diamond 2,42,146,,442,424
971,summoner-618851,972,El Capitan Beto,Diamond 2,42,92,,270,273
972,summoner-6343581,973,Lil Mitsu,Diamond 2,42,131,,120,111
973,summoner-135062,974,Blond,Diamond 2,42,77,,70,49
974,summoner-794179,975,MgPorAtras,Diamond 2,41,80,,253,226
975,summoner-294939,976,Remotion,Diamond 2,41,73,,109,89
976,summoner-1151949,977,Alejandro Soto,Diamond 2,41,88,,53,38
977,summoner-1065031,978,Marcel Laville,Diamond 2,40,127,,390,385
978,summoner-4810807,979,TSM Bianquin,Diamond 2,40,110,,267,264
979,summoner-158912,980,Nujabës,Diamond 2,40,95,,263,262
980,summoner-3111245,981,ÆT Aweodinho,Diamond 2,40,111,,249,229
981,summoner-134816,982,ENNDO,Diamond 2,40,71,,216,202
982,summoner-291690,983,kek,Diamond 2,40,73,,73,52
983,summoner-25524,984,Kirigaya Kazut0,Diamond 2,39,82,,236,223
984,summoner-940261,985,ZegtioN,Diamond 2,39,80,,128,125
985,summoner-5723081,986,FirePlay,Diamond 2,38,97,,264,255
986,summoner-33987,987,Ferrarii 404,Diamond 2,38,61,,154,86
987,summoner-42740,988,Lovely Senpai,Diamond 2,38,87,,76,64
988,summoner-1554899,989,Squal,Diamond 2,37,84,,244,241
989,summoner-4820843,990,Starshy,Diamond 2,37,99,,140,130
990,summoner-26529,991,khzxr is love,Diamond 2,37,62,,129,115
991,summoner-391377,992,LøveIy Guy,Diamond 2,37,188,,101,80
992,summoner-131917,993,Serafín Delfín,Diamond 2,36,94,,388,371
993,summoner-212132,994,Dear Amy lee,Diamond 2,36,110,,352,352
994,summoner-199570,995,DKS,Diamond 2,36,68,,177,149
995,summoner-260017,996,Tüi,Diamond 2,36,80,,152,126
996,summoner-6124829,997,WalSlipk,Diamond 2,36,68,,104,93
997,summoner-1902079,998,Midnight A7X,Diamond 2,36,117,,103,68
998,summoner-1123399,999,Daníel,Diamond 2,36,117,,82,75
999,summoner-64156,1000,Wésker,Diamond 2,36,57,,68,54
