#timestamp 1530122496705
#date 2018-06-27T18:01:36+00:00
#players 1000
#index,id,rank,name,tier,lp,level,proTeam,win,loss
0,summoner-12942655,1,RB Closer,Challenger,1327,82,,217,114
1,summoner-5539903,2,BUR Ragner,Challenger,918,75,,159,95
2,summoner-14654889,3,Mutant syndra,Challenger,909,136,,257,182
3,summoner-6071780,4,KEE Psychoferret,Challenger,876,96,,204,137
4,summoner-9674281,5,BrainAxe,Challenger,815,89,,168,108
5,summoner-2681152,6,S Ê R Î N,Challenger,656,144,,305,295
6,summoner-328836,7,woLqeyN,Challenger,651,58,,178,129
7,summoner-439758,8,LAXER,Challenger,647,103,,191,144
8,summoner-15224533,9,Dünya Gül Bana,Challenger,623,59,,191,130
9,summoner-17633408,10,POR Leeb,Challenger,614,120,,158,107
10,summoner-11695199,11,FF MACHINE XD,Challenger,608,147,,457,395
11,summoner-1472144,12,Leeryy,Challenger,580,120,,176,132
12,summoner-16074977,13,XOne,Challenger,572,197,,204,160
13,summoner-5741715,14,Jeyrus,Challenger,556,104,,367,322
14,summoner-2987157,15,POR Rate,Challenger,551,160,,157,114
15,summoner-5369900,16,leşlifeonur,Challenger,528,105,,291,252
16,summoner-492484,17,skatcher811081,Challenger,527,126,,213,164
17,summoner-1330298,18,Xerath Pyhoxus,Challenger,516,112,,183,146
18,summoner-11014575,19,Drogo XD,Challenger,500,52,,157,62
19,summoner-10111701,20,XX X MMXVI,Challenger,487,135,,135,88
20,summoner-17316284,21,Leafe10,Challenger,463,124,,538,470
21,summoner-2945325,22,Mad Daddy,Challenger,458,93,,186,147
22,summoner-4024012,23,Lesley,Challenger,456,69,,209,128
23,summoner-3012659,24,MâniacNiTRo,Challenger,452,71,,235,170
24,summoner-20051775,25,zxcvbnmjkl,Challenger,430,52,,160,106
25,summoner-631300,26,kill me irl,Challenger,446,131,,220,181
26,summoner-901919,27,Sparz,Challenger,444,76,,96,48
27,summoner-11844621,28,ødysséiA,Challenger,435,106,,290,204
28,summoner-3015679,29,Ãeglos,Challenger,428,74,,218,170
29,summoner-5677463,30,Tayfun Aga,Challenger,423,146,,511,468
30,summoner-19432779,31,ÂDETULLAH,Challenger,419,53,,181,119
31,summoner-3560128,32,Minigger,Challenger,414,93,,173,126
32,summoner-1041140,33,Legorn,Challenger,411,108,,171,132
33,summoner-13550182,34,Wency,Challenger,409,167,,500,462
34,summoner-3496869,35,GossipÇÖP,Challenger,408,109,,314,259
35,summoner-3001673,36,BalamirH4N,Challenger,398,58,,148,123
36,summoner-1090192,37,LeBron Jamês,Challenger,396,71,,194,155
37,summoner-1397288,38,AYÇA 22,Challenger,396,83,,166,135
38,summoner-19273241,39,l MID 4 RETARDS,Challenger,384,66,,235,174
39,summoner-2261127,40,Berentt,Challenger,380,48,,125,74
40,summoner-7870235,41,LLoncept,Challenger,377,73,,129,88
41,summoner-18628578,42,umoraki,Challenger,376,84,,218,164
42,summoner-19260842,43,rouletteshi,Challenger,365,41,,107,45
43,summoner-16992308,44,Ririna,Challenger,361,69,,258,171
44,summoner-1042120,45,e Girls DM mee,Challenger,361,84,,218,185
45,summoner-2023949,46,Barcodekiller389,Challenger,360,129,,436,378
46,summoner-3365797,47,Tîmcânpy,Challenger,358,110,,183,151
47,summoner-8480601,48,Koray Sins,Challenger,355,43,,129,77
48,summoner-12066026,49,Lyką,Challenger,353,107,,127,105
49,summoner-17227741,50,Parçalar Elim,Challenger,349,47,,139,85
50,summoner-1802823,51,Noralive,Challenger,361,135,,328,285
51,summoner-1371938,52,Unforgiven,Challenger,343,103,,124,94
52,summoner-2842893,53,Respect2me,Challenger,340,65,,185,148
53,summoner-15722507,54,gadurest,Challenger,339,74,,215,182
54,summoner-190446,55,BoldZ v2,Challenger,354,107,,231,198
55,summoner-1055139,56,Reâlity,Challenger,333,123,,143,96
56,summoner-632258,57,Marine Biologist,Challenger,328,126,,397,369
57,summoner-409473,58,t o o f u n,Challenger,328,82,,192,136
58,summoner-1230728,59,Buck Fuddy,Challenger,325,116,,235,205
59,summoner-19274759,60,SêpuLtura,Challenger,324,48,,139,82
60,summoner-5923836,61,çingen furkan,Challenger,321,100,,152,104
61,summoner-1206958,62,FireNova,Challenger,295,62,,100,66
62,summoner-16272608,63,BlacKusq,Challenger,312,66,,222,148
63,summoner-5397632,64,KevinRudolf,Challenger,311,81,,176,140
64,summoner-9917313,65,Andikkkk,Challenger,306,61,,151,113
65,summoner-6229240,66,get ones eye in,Challenger,302,101,,242,213
66,summoner-12863740,67,S A Ń C A K,Challenger,299,81,,133,84
67,summoner-4104203,68,Krakis,Challenger,297,88,,174,133
68,summoner-2780656,69,Kitai,Challenger,295,114,,512,483
69,summoner-9465703,70,Zulja,Challenger,294,120,,211,167
70,summoner-2332263,71,Shizuneee,Challenger,288,85,,248,195
71,summoner-6021787,72,Zhao,Challenger,284,106,,242,185
72,summoner-1631360,73,hi im Peydos,Challenger,275,118,,468,419
73,summoner-5633740,74,impress,Challenger,273,118,,355,322
74,summoner-4612550,75,RîquA,Challenger,272,112,,346,279
75,summoner-9294148,76,Porygoñ,Challenger,272,59,,192,124
76,summoner-13412983,77,Volanthius,Challenger,271,165,,273,240
77,summoner-9301294,78,bate,Challenger,271,105,,218,165
78,summoner-18071804,79,Agape,Challenger,270,108,,181,155
79,summoner-784869,80,GF ClyDee,Challenger,267,114,,121,90
80,summoner-17067701,81,Nêath,Challenger,266,68,,178,149
81,summoner-3003640,82,Á n d ú r í Ł,Challenger,265,136,,417,388
82,summoner-3124157,83,Alexis,Challenger,280,109,,497,446
83,summoner-13340126,84,Snophén,Challenger,263,86,,204,183
84,summoner-19310914,85,Memcükebildir123,Challenger,262,113,,452,399
85,summoner-7990365,86,Arphilion,Challenger,262,78,,171,139
86,summoner-3632594,87,Sergen Aga,Challenger,261,123,,592,557
87,summoner-2951827,88,Joe Cat,Challenger,261,136,,244,209
88,summoner-3461152,89,Crushing Blow M,Challenger,261,74,,122,90
89,summoner-2790359,90,S 1 M P L 3,Challenger,259,139,,214,187
90,summoner-3025135,91,Nakó,Challenger,258,86,,253,222
91,summoner-10773618,92,Antigøne,Challenger,250,124,,153,119
92,summoner-10810129,93,Míshøn,Challenger,249,297,,139,105
93,summoner-5901512,94,Mr Tâvil,Challenger,246,136,,247,219
94,summoner-409885,95,Darrick,Challenger,246,93,,205,151
95,summoner-2001483,96,Shínya is love,Challenger,246,60,,111,75
96,summoner-4909214,97,POR Petrichor,Challenger,244,123,,341,319
97,summoner-4339091,98,PRAY FOR UR MOM,Challenger,243,86,,195,155
98,summoner-17124712,99,Bláznivý,Challenger,242,197,,670,649
99,summoner-4888169,100,EienLykia,Challenger,241,100,,307,287
100,summoner-1560512,101,PrimeWalking,Challenger,240,89,,255,215
101,summoner-8934156,102,SadeceSoraka31,Challenger,239,119,,417,374
102,summoner-9211045,103,TheTrueAddwL,Challenger,239,82,,180,124
103,summoner-4403361,104,Sir Ramione,Challenger,238,118,,327,259
104,summoner-1202321,105,Smith Morra,Challenger,238,121,,297,267
105,summoner-2251380,106,FOK GÜCÜ,Challenger,258,83,,295,257
106,summoner-11032139,107,AnyoneEver,Challenger,238,85,,173,131
107,summoner-466416,108,YTUBE Cruellalol,Challenger,237,92,,177,132
108,summoner-14286741,109,alessa savage,Challenger,237,117,,101,54
109,summoner-11754920,110,Swift Shauna,Challenger,235,83,,110,82
110,summoner-4601344,111,reForged,Challenger,232,80,,211,190
111,summoner-4064875,112,Diass,Challenger,227,115,,238,210
112,summoner-4130505,113,S T A L K É R,Challenger,227,104,,191,155
113,summoner-3905354,114,Skraaj,Challenger,227,84,,160,136
114,summoner-6080544,115,Zeaste,Challenger,226,73,,135,109
115,summoner-2471201,116,Sarcasmom,Challenger,223,88,,273,242
116,summoner-2622035,117,Akif CELİK,Challenger,221,91,,287,259
117,summoner-14205506,118,A Günkızıl,Challenger,221,94,,287,258
118,summoner-3413383,119,ShKlezz,Challenger,221,112,,248,221
119,summoner-5031515,120,babişko,Challenger,221,81,,179,152
120,summoner-5383566,121,WoD Reimuu,Challenger,220,92,,151,117
121,summoner-2565354,122,Rage of Wind,Challenger,216,92,,319,272
122,summoner-762303,123,itachi was taken,Challenger,215,137,,183,155
123,summoner-3162287,124,Naos,Challenger,215,84,,153,123
124,summoner-3615574,125,CoreI5,Challenger,212,70,,222,141
125,summoner-18554244,126,TEKÇİ,Challenger,211,75,,150,112
126,summoner-12862973,127,Kituruken,Challenger,210,121,,443,376
127,summoner-2592772,128,lTÜPÇÜl,Challenger,209,101,,327,298
128,summoner-17071277,129,kekec,Challenger,207,86,,121,97
129,summoner-17101289,130,ONLY KAYN BOYZ,Challenger,198,65,,145,112
130,summoner-4530844,131,Mystıc,Challenger,197,92,,237,201
131,summoner-16093696,132,Lilithse,Challenger,180,132,,505,472
132,summoner-4526859,133,BABANIZ DrâvéN,Challenger,196,89,,313,278
133,summoner-5849695,134,Fure,Challenger,196,131,,264,240
134,summoner-5586418,135,I Love Redheads,Challenger,195,98,,249,231
135,summoner-2814118,136,OnurTemiz,Challenger,194,96,,277,255
136,summoner-10987706,137,Mitsuki Nase,Challenger,192,132,,364,330
137,summoner-18703713,138,throfithalvar,Challenger,192,52,,152,98
138,summoner-4120203,139,Whîskey,Challenger,191,168,,401,353
139,summoner-3844368,140,yvz,Challenger,188,64,,222,140
140,summoner-10212197,141,Duygu,Challenger,188,76,,162,136
141,summoner-418805,142,Hidokai,Challenger,187,87,,283,226
142,summoner-4202345,143,At BaIığı,Challenger,187,114,,178,158
143,summoner-5108530,144,İ N G İ L İ Z,Challenger,185,125,,441,403
144,summoner-7414102,145,FreshKiller01,Challenger,185,104,,257,237
145,summoner-1825225,146,Sephirøth,Challenger,184,98,,330,309
146,summoner-3663994,147,Rułer,Challenger,183,117,,540,514
147,summoner-192784,148,ANİVYÜ,Challenger,183,67,,158,133
148,summoner-17654430,149,PUBGOSU,Challenger,182,106,,318,287
149,summoner-3544372,150,Senior Lux,Challenger,182,94,,205,177
150,summoner-1390949,151,Magina,Challenger,181,93,,281,220
151,summoner-16973701,152,RandOx,Challenger,181,63,,164,112
152,summoner-7588349,153,LOX ˉˆˆˉ IAS,Challenger,180,56,,161,108
153,summoner-8690134,154,Akmert515,Challenger,177,89,,309,279
154,summoner-4123701,155,spankî,Challenger,177,111,,199,167
155,summoner-6471531,156,znoxLKAT,Challenger,176,103,,146,122
156,summoner-2477055,157,FivePawns,Challenger,173,95,,322,305
157,summoner-2890281,158,Pijamas,Challenger,173,102,,284,246
158,summoner-1290337,159,PoiNLoYd,Challenger,173,69,,138,102
159,summoner-17197161,160,Mr Âykénzô,Challenger,171,88,,273,218
160,summoner-391944,161,Bułgar,Challenger,170,164,,200,157
161,summoner-15854677,162,estheem 11111,Challenger,170,106,,157,121
162,summoner-6560286,163,Darqinx,Challenger,169,98,,222,183
163,summoner-1891774,164,RNG Rhioni,Challenger,169,113,,194,164
164,summoner-3315436,165,NR RespecT,Challenger,169,81,,78,50
165,summoner-15633212,166,elvesztése,Challenger,167,87,,246,227
166,summoner-1222043,167,Nuke,Challenger,165,74,,229,203
167,summoner-17076356,168,KvmGaws,Challenger,165,64,,198,133
168,summoner-1620478,169,PGS Natsu,Challenger,164,111,,336,309
169,summoner-17992869,170,Rudgerus,Challenger,159,110,,341,302
170,summoner-7617520,171,PÂNNNUUU,Challenger,159,91,,147,114
171,summoner-13371243,172,GangpIank,Challenger,158,99,,101,71
172,summoner-16984200,173,Yaren is my god,Challenger,157,109,,333,302
173,summoner-19715148,174,Mornîngstarr,Challenger,156,53,,166,125
174,summoner-12114247,175,Meshade,Challenger,152,106,,180,151
175,summoner-2463269,176,SEFKANRAYT,Challenger,151,138,,683,674
176,summoner-950341,177,Karuza,Challenger,151,110,,335,308
177,summoner-344984,178,Jester ADC,Challenger,150,147,,277,234
178,summoner-17288280,179,Radhruin,Challenger,150,91,,132,109
179,summoner-2832591,180,Khän,Challenger,149,105,,119,91
180,summoner-1871258,181,LordHACI,Challenger,147,78,,171,143
181,summoner-11203184,182,greendick,Challenger,147,43,,102,40
182,summoner-9795529,183,GET HYPED,Challenger,146,45,,117,62
183,summoner-3541396,184,My Life QQ,Challenger,143,114,,247,205
184,summoner-12360760,185,DFM MrKaplumba,Challenger,140,75,,194,168
185,summoner-1862200,186,Hellhone,Challenger,137,80,,167,136
186,summoner-3941292,187,LifeInTheDark,Challenger,155,140,,549,515
187,summoner-5251294,188,JrOpter0n,Challenger,135,84,,289,171
188,summoner-10551500,189,şampıon01hsyn,Challenger,135,106,,221,184
189,summoner-9588810,190,Darwin GG,Challenger,133,68,,130,101
190,summoner-6936837,191,xyz657,Challenger,128,120,,429,395
191,summoner-2472026,192,shook,Challenger,144,89,,217,194
192,summoner-16909730,193,U  F  Ø  361,Challenger,120,97,,151,109
193,summoner-15500536,194,Skypture TR,Challenger,118,89,,108,84
194,summoner-15934043,195,Terence Tao,Challenger,114,99,,88,60
195,summoner-1870644,196,REBØRN,Challenger,102,92,,155,75
196,summoner-2692098,197,RâexeL,Challenger,100,146,,210,177
197,summoner-12904297,198,Ońur,Challenger,98,72,,201,180
198,summoner-3940399,199,OZURDILERIM,Challenger,75,164,,459,439
199,summoner-8505174,200,Chakenzai,Challenger,97,108,,236,206
200,summoner-762554,201,Todo,Master,167,118,,283,257
201,summoner-2410209,202,Çalıda Ekrem,Master,164,79,,184,138
202,summoner-9210868,203,ský,Master,146,42,,85,36
203,summoner-13620953,204,Kening Dogsuli,Master,136,82,,201,130
204,summoner-16960128,205,Shluffy,Master,134,63,,115,78
205,summoner-2682301,206,Zed Scripter,Master,128,121,,378,347
206,summoner-12294319,207,Rihannâ,Master,125,105,,247,227
207,summoner-18334045,208,qweqw,Master,125,63,,223,160
208,summoner-384676,209,Starbeh,Master,123,79,,295,230
209,summoner-16411374,210,Jaxres,Master,118,90,,163,139
210,summoner-12961518,211,Liyas Littl Lion,Master,117,54,,153,101
211,summoner-16846661,212,Silver Lee Sin,Master,116,94,,419,335
212,summoner-337117,213,Wizard of Riga,Master,114,159,,133,112
213,summoner-530974,214,Calvin,Master,111,150,,282,256
214,summoner-914241,215,Jakø,Master,111,86,,228,212
215,summoner-3102930,216,Ökkeş,Master,111,60,,121,107
216,summoner-2481332,217,Uchihà Sasukè,Master,110,146,,413,395
217,summoner-3326440,218,TheZizun,Master,109,126,,195,162
218,summoner-1410832,219,lamLaZ 61,Master,109,65,,153,110
219,summoner-186372,220,ð ð ð ð ð ð,Master,108,99,,282,264
220,summoner-622015,221,TheBafu,Master,108,82,,89,64
221,summoner-6482218,222,The Masseur,Master,107,102,,373,346
222,summoner-17258400,223,Iron necklace,Master,106,63,,177,116
223,summoner-399382,224,Dexedrinee,Master,103,92,,270,247
224,summoner-3573593,225,hutzsi,Master,102,95,,382,357
225,summoner-17027682,226,Dad is CooL,Master,102,62,,260,234
226,summoner-18623065,227,dalga fısmış,Master,102,54,,181,123
227,summoner-3634495,228,Eäwì,Master,102,95,,114,94
228,summoner-11051420,229,So was Vigilante,Master,101,105,,250,233
229,summoner-17145759,230,Vagué,Master,99,80,,226,204
230,summoner-459508,231,JawerN,Master,96,91,,245,226
231,summoner-9540655,232,VGM Rudgerus,Master,96,92,,143,120
232,summoner-2342292,233,SchuJarzenegger,Master,95,123,,421,394
233,summoner-4578592,234,Sâkata Gintoki,Master,92,96,,272,252
234,summoner-7073232,235,tuniş,Master,92,151,,266,245
235,summoner-5968943,236,Paşazade,Master,92,70,,228,168
236,summoner-3377308,237,As for myself,Master,91,85,,215,188
237,summoner-3084909,238,Jpy,Master,89,66,,176,161
238,summoner-1411888,239,Madwolfff,Master,89,74,,103,72
239,summoner-3812406,240,Joé Dog,Master,88,91,,381,350
240,summoner-5730473,241,Latch Da Beach,Master,87,121,,298,277
241,summoner-860901,242,ShintenRaiho,Master,87,87,,83,55
242,summoner-530729,243,Gency,Master,86,92,,119,80
243,summoner-2693317,244,BORAN NASHOR,Master,84,103,,260,235
244,summoner-404234,245,The Missing Link,Master,84,90,,188,167
245,summoner-12200173,246,XeniaJR,Master,83,256,,409,370
246,summoner-8471033,247,MOMER02,Master,80,96,,123,91
247,summoner-10683571,248,Alicaldjkpl,Master,79,45,,120,61
248,summoner-17090535,249,duernte,Master,79,74,,118,91
249,summoner-2324564,250,mahluk,Master,76,116,,206,168
250,summoner-6499617,251,Doodlêz,Master,75,112,,337,314
251,summoner-1474207,252,BènX,Master,75,104,,326,296
252,summoner-17085082,253,overrated as fck,Master,73,70,,212,155
253,summoner-16981971,254,Ulfrîc,Master,72,118,,315,286
254,summoner-14270695,255,Dunked By Majon,Master,71,93,,121,79
255,summoner-15340544,256,impEtus X,Master,70,66,,184,150
256,summoner-5802731,257,Phatonix,Master,70,109,,161,147
257,summoner-5593147,258,DFM Axertha,Master,68,77,,146,108
258,summoner-4743713,259,innocent one,Master,66,93,,123,99
259,summoner-8532845,260,İLİŞ,Master,65,129,,534,506
260,summoner-3731722,261,We Are NEGANN,Master,63,110,,250,227
261,summoner-2935331,262,Commander07,Master,61,85,,210,187
262,summoner-11876516,263,Gui Mithy,Master,60,70,,272,233
263,summoner-14965551,264,Thê king is back,Master,60,95,,236,198
264,summoner-2624583,265,Sytnhôl,Master,59,109,,318,297
265,summoner-2613673,266,Uncle Alberto,Master,39,99,,434,411
266,summoner-3025812,267,Sıçtım Swain,Master,57,39,,75,26
267,summoner-2863971,268,EZEL BÅYRÅKTÅR,Master,56,74,,124,105
268,summoner-2514858,269,Yîğit,Master,55,86,,241,210
269,summoner-5958232,270,mystiqué,Master,55,108,,120,101
270,summoner-1234588,271,larssssssssssss,Master,54,101,,365,333
271,summoner-399094,272,ASol,Master,54,107,,228,212
272,summoner-2445417,273,Ogdur,Master,54,70,,158,141
273,summoner-5217681,274,Milk N Chocolate,Master,53,61,,158,106
274,summoner-12894491,275,Anais GG,Master,53,67,,158,130
275,summoner-11850212,276,TurkishSide,Master,53,61,,133,111
276,summoner-2603591,277,Avengers51,Master,53,55,,65,35
277,summoner-18643857,278,WHERESTHELOVE,Master,52,64,,239,193
278,summoner-2971756,279,Cârvên,Master,49,120,,260,223
279,summoner-2387960,280,ADFGAWDGREAGR,Master,47,117,,388,336
280,summoner-9125548,281,QEWQWQEEWQ,Master,47,118,,267,235
281,summoner-16512631,282,Broliã,Master,47,42,,88,38
282,summoner-18490736,283,rekuNN,Master,45,63,,114,71
283,summoner-4542390,284,Koda,Master,44,124,,479,423
284,summoner-15553691,285,Void Prophet,Master,44,154,,126,92
285,summoner-5871200,286,RentâllionN,Master,43,109,,317,292
286,summoner-2693457,287,84266,Master,43,101,,294,277
287,summoner-9074362,288,Zodiac v2,Master,42,98,,184,161
288,summoner-12214374,289,MechaZer0Sion,Master,39,53,,118,104
289,summoner-8203161,290,rtysdfxcv,Master,38,152,,410,391
290,summoner-18423931,291,karı arıyorum,Master,37,107,,384,345
291,summoner-13912010,292,ll Wolke,Master,37,89,,246,199
292,summoner-1400601,293,DIMWIT KEBABS,Master,37,101,,101,81
293,summoner-6245562,294,Câxee,Master,36,66,,146,124
294,summoner-3004672,295,FurkanoHot,Master,36,76,,103,79
295,summoner-264974,296,PRENSESBORANCAN,Master,34,121,,241,219
296,summoner-2274903,297,Sycorax,Master,33,97,,242,225
297,summoner-3004482,298,ÇİTOZ,Master,32,123,,447,416
298,summoner-20444424,299,TØLAS,Master,32,44,,112,81
299,summoner-10303979,300,EKnocKOut,Master,31,87,,244,206
300,summoner-1815071,301,slyxie,Master,30,99,,316,298
301,summoner-18023858,302,ClarenoTALON,Master,30,69,,216,159
302,summoner-861346,303,Smite,Master,30,101,,175,158
303,summoner-17676884,304,CHoNTaCI,Master,29,87,,181,173
304,summoner-503242,305,hi im Pyrotoxin,Master,29,74,,109,82
305,summoner-2074525,306,De Morgên,Master,27,74,,258,207
306,summoner-304639,307,I Need coffee,Master,27,124,,86,52
307,summoner-6620461,308,XN apoyo,Master,27,43,,85,40
308,summoner-263496,309,Tákeshi Kovacs,Master,26,114,,225,209
309,summoner-8484434,310,Zolf J Kimbley,Master,26,98,,153,128
310,summoner-298708,311,Zımpala,Master,26,75,,150,116
311,summoner-19470751,312,B4HADiR,Master,25,43,,110,68
312,summoner-11041989,313,ŞATTAFAKAP,Master,24,60,,218,165
313,summoner-3643623,314,DT DeaTHDReaM,Master,23,115,,433,396
314,summoner-6921785,315,IIlIIlllIIl,Master,23,52,,137,100
315,summoner-1470608,316,DELLAL,Master,22,117,,441,431
316,summoner-9463002,317,Mateja96,Master,22,42,,114,67
317,summoner-9755411,318,ESKORT TURGAYCAN,Master,22,87,,95,72
318,summoner-4691512,319,dj umut1,Master,22,44,,83,56
319,summoner-10533525,320,TU TU KIS KIS,Master,21,96,,310,293
320,summoner-241742,321,Invoker XD,Master,21,69,,146,121
321,summoner-4319453,322,Zia,Master,21,67,,115,93
322,summoner-4247903,323,Pukka,Master,20,103,,252,223
323,summoner-4857476,324,Whatsaapp,Master,20,51,,160,77
324,summoner-3848628,325,Kumsal is my god,Master,19,104,,255,220
325,summoner-4218078,326,POR magmagnafic,Master,19,124,,254,238
326,summoner-2335775,327,Start3r,Master,19,43,,105,64
327,summoner-13069641,328,Svenska Lodjur,Master,17,77,,296,231
328,summoner-2983877,329,YaHOOs,Master,17,143,,223,207
329,summoner-5270173,330,la case de mokar,Master,16,86,,279,234
330,summoner-4874422,331,Lil Puddin,Master,16,148,,202,191
331,summoner-2017910,332,Scarlet,Master,16,73,,180,164
332,summoner-11833574,333,Ozan237,Master,15,59,,80,58
333,summoner-18684465,334,281197250397,Master,9,41,,73,34
334,summoner-19602558,335,sSTUFFEDs,Master,7,60,,230,176
335,summoner-2830914,336,Zac Bot,Master,7,74,,163,136
336,summoner-19415497,337,OmarsanN,Master,6,44,,85,53
337,summoner-6248596,338,Y Ä T O,Master,3,127,,515,492
338,summoner-11105306,339,Wall eiV2,Master,3,62,,189,129
339,summoner-1214480,340,yetkin,Master,1,110,,195,173
340,summoner-15985018,341,Gødlîkê Cârry,Master,0,129,,505,475
341,summoner-1331822,342,Deannn,Master,0,95,,285,266
342,summoner-14150653,343,Maserati Ghibli,Master,0,132,,270,228
343,summoner-5943428,344,DatDrag,Master,0,118,,266,240
344,summoner-2365749,345,zab,Master,0,74,,261,241
345,summoner-1741177,346,Elijah Wood,Master,0,189,,253,208
346,summoner-1640272,347,EmirHanDemiR,Master,0,64,,247,161
347,summoner-500565,348,Trielbaenre,Master,0,95,,234,219
348,summoner-13940643,349,ThreeLeg WellKoz,Master,0,142,,217,189
349,summoner-5835541,350,sarbas,Master,0,78,,198,139
350,summoner-361101,351,HWA Cat,Master,0,96,,197,178
351,summoner-8454677,352,BEN YAYINCIYIM,Master,0,59,,194,130
352,summoner-18023857,353,FLAXİEN BABA,Master,0,72,,190,160
353,summoner-16712334,354,NovalTheChalange,Master,0,65,,187,137
354,summoner-238921,355,LP Warrior,Master,0,79,,186,158
355,summoner-11703058,356,Magnès,Master,0,193,,185,144
356,summoner-2687584,357,METALLICA1,Master,0,78,,177,157
357,summoner-1030335,358,SHLS Frank,Master,0,60,,174,133
358,summoner-11952858,359,Eskort Xayah,Master,0,149,,173,126
359,summoner-823565,360,MarjínaL,Master,0,130,,168,141
360,summoner-1850479,361,Ssssumdayy,Master,0,88,,156,124
361,summoner-5396815,362,Acwel QQ,Master,0,70,,152,129
362,summoner-13640577,363,rekkles smurf,Master,0,108,,128,90
363,summoner-1151073,364,Spîder Mârksman,Master,0,48,,127,105
364,summoner-2621863,365,Etâng,Master,0,65,,113,89
365,summoner-280270,366,Spooky Jungler,Master,0,91,,111,93
366,summoner-2272888,367,int king,Master,0,96,,110,84
367,summoner-289914,368,Dirty Mind,Master,0,81,,109,94
368,summoner-18543829,369,SK Murphy,Master,0,77,,108,56
369,summoner-1471569,370,StarScreen,Master,0,72,,73,50
370,summoner-453710,371,LIG IF LIGINS,Diamond 1,100,125,,517,472
371,summoner-16013765,372,Screwer,Diamond 1,100,116,,482,465
372,summoner-203773,373,FileliÇorapSever,Diamond 1,100,107,,343,325
373,summoner-18361013,374,TK Arrow,Diamond 1,100,94,,335,312
374,summoner-443608,375,sofresh,Diamond 1,100,83,,291,267
375,summoner-1790434,376,Bicky,Diamond 1,100,91,,209,188
376,summoner-1690755,377,POR creationAWS,Diamond 1,100,94,,207,166
377,summoner-812516,378,Afelion,Diamond 1,100,70,,171,129
378,summoner-7870690,379,RaploverrSmurf,Diamond 1,100,61,,166,131
379,summoner-4580434,380,Killenjak,Diamond 1,100,67,,166,134
380,summoner-17856219,381,MATHÝ,Diamond 1,100,65,,120,94
381,summoner-12707180,382,ıLegolası,Diamond 1,100,42,,119,72
382,summoner-520835,383,720P HasanKoken,Diamond 1,100,73,,110,89
383,summoner-3293325,384,Madlyy,Diamond 1,100,88,,107,82
384,summoner-5182976,385,Mây,Diamond 1,100,184,,85,58
385,summoner-511626,386,cRuger02,Diamond 1,100,42,,76,39
386,summoner-18842317,387,Pürqs,Diamond 1,100,40,,70,25
387,summoner-4613557,388,Vitâlliøn,Diamond 1,100,88,,53,30
388,summoner-1401923,389,eViLGenius 1v9,Diamond 1,100,94,,53,30
389,summoner-680851,390,KEBAB WONDERLAND,Diamond 1,100,43,,51,32
390,summoner-4623894,391,emre the az,Diamond 1,98,96,,298,290
391,summoner-3923534,392,qooqLeS26,Diamond 1,98,69,,232,160
392,summoner-18888129,393,Deyjey,Diamond 1,98,52,,163,81
393,summoner-16552675,394,Nemeã,Diamond 1,98,41,,95,45
394,summoner-7856962,395,ula puf,Diamond 1,97,82,,261,179
395,summoner-13511600,396,Ksaez smurfer,Diamond 1,97,61,,140,96
396,summoner-1072502,397,Closed Angel,Diamond 1,97,54,,81,35
397,summoner-14020187,398,EfsaneSavaşçı6,Diamond 1,96,85,,148,66
398,summoner-4193701,399,Edelmiro,Diamond 1,96,88,,34,14
399,summoner-20272895,400,jovetic,Diamond 1,95,34,,46,5
400,summoner-4056591,401,Adrian Aries,Diamond 1,94,135,,400,409
401,summoner-9547765,402,Turadh,Diamond 1,94,149,,236,217
402,summoner-4619571,403,OzoGDK,Diamond 1,94,64,,202,148
403,summoner-20010140,404,Praunnor,Diamond 1,94,92,,163,123
404,summoner-3403195,405,Maybê One Dayˆ,Diamond 1,94,58,,86,59
405,summoner-2456696,406,Noname LowPlayer,Diamond 1,93,74,,210,166
406,summoner-9181688,407,TARANTULA KURU,Diamond 1,92,119,,327,315
407,summoner-17072310,408,JW GødLike,Diamond 1,92,70,,215,190
408,summoner-1691094,409,im nøt turkish,Diamond 1,92,73,,148,132
409,summoner-3673191,410,FURKAN BABA,Diamond 1,91,67,,51,22
410,summoner-5023332,411,Hazreti Nihilist,Diamond 1,90,115,,248,204
411,summoner-3602804,412,Solo Push To Win,Diamond 1,90,86,,213,174
412,summoner-283167,413,I LIKE B1TCHEZ,Diamond 1,90,90,,193,166
413,summoner-2070914,414,Smoke Some Weed,Diamond 1,90,69,,166,145
414,summoner-18560755,415,Luà,Diamond 1,90,49,,149,86
415,summoner-1491640,416,Dr Housê,Diamond 1,90,130,,149,132
416,summoner-1131668,417,013324042018,Diamond 1,90,79,,129,104
417,summoner-1652203,418,Utonyum144,Diamond 1,90,60,,111,89
418,summoner-321609,419,Prétch,Diamond 1,90,63,,107,72
419,summoner-2353439,420,Yeap,Diamond 1,90,75,,103,79
420,summoner-4341800,421,Luger,Diamond 1,90,48,,101,54
421,summoner-8271281,422,Cola4You,Diamond 1,90,64,,93,65
422,summoner-17083611,423,Kisei29,Diamond 1,90,40,,78,24
423,summoner-18355809,424,Nøâc,Diamond 1,90,39,,69,25
424,summoner-4225705,425,Carnagé,Diamond 1,90,104,,67,48
425,summoner-18720156,426,Park Jae hyuk,Diamond 1,90,48,,53,34
426,summoner-630838,427,Bâbe,Diamond 1,90,68,,42,14
427,summoner-3142283,428,STUCK  SEÇKİN,Diamond 1,89,105,,331,303
428,summoner-1220413,429,IbaGa,Diamond 1,89,78,,126,104
429,summoner-2013412,430,mythege,Diamond 1,88,90,,207,190
430,summoner-3630482,431,Šinged,Diamond 1,88,63,,205,171
431,summoner-920417,432,katilimsi,Diamond 1,87,71,,155,130
432,summoner-1302478,433,POR Moshi,Diamond 1,87,97,,111,80
433,summoner-3288798,434,Kordüks,Diamond 1,86,89,,264,242
434,summoner-2373670,435,Joe Jo,Diamond 1,86,142,,197,184
435,summoner-4534560,436,VEFA Bormen,Diamond 1,86,74,,134,115
436,summoner-458399,437,BuRU,Diamond 1,86,80,,113,94
437,summoner-451008,438,Revânche,Diamond 1,86,43,,84,51
438,summoner-20312956,439,IBaZGaRI,Diamond 1,86,34,,46,6
439,summoner-9214468,440,Achilles Heel,Diamond 1,85,115,,259,244
440,summoner-1722421,441,TRAKYALİ LEGSin,Diamond 1,85,112,,198,170
441,summoner-13178245,442,Supreme Blâde,Diamond 1,84,53,,138,106
442,summoner-206960,443,üzgünüm,Diamond 1,84,68,,100,72
443,summoner-5412477,444,Yaoi,Diamond 1,84,45,,80,62
444,summoner-4503798,445,Glxy,Diamond 1,84,43,,80,40
445,summoner-19463915,446,Vhorlyn,Diamond 1,83,41,,94,40
446,summoner-12074222,447,Y4B4dabaduu,Diamond 1,82,71,,154,122
447,summoner-9094103,448,süperali,Diamond 1,82,69,,143,97
448,summoner-12941226,449,LEŞMİR,Diamond 1,82,85,,132,93
449,summoner-4111772,450,Merida,Diamond 1,82,95,,102,80
450,summoner-6963600,451,noob184,Diamond 1,81,67,,217,219
451,summoner-3450616,452,ToXiC MaMi,Diamond 1,81,88,,121,97
452,summoner-386189,453,Coolscure,Diamond 1,81,88,,47,29
453,summoner-18673952,454,cba,Diamond 1,80,82,,180,137
454,summoner-4881645,455,OG Nae Sarang,Diamond 1,80,71,,134,117
455,summoner-1233823,456,TOP OĞULCAN,Diamond 1,80,56,,72,46
456,summoner-2014938,457,Eonwe,Diamond 1,79,46,,130,69
457,summoner-421293,458,3mpireOfMarchast,Diamond 1,79,69,,81,50
458,summoner-912141,459,Eonar,Diamond 1,79,104,,80,60
459,summoner-7449776,460,Xonarr,Diamond 1,78,62,,146,119
460,summoner-12196457,461,2Excellion3,Diamond 1,78,50,,119,93
461,summoner-7173856,462,Heartbeat,Diamond 1,78,54,,69,47
462,summoner-2420946,463,Mancer,Diamond 1,77,138,,150,100
463,summoner-3871289,464,Mahíru,Diamond 1,77,129,,61,38
464,summoner-4758077,465,Femour Wear,Diamond 1,76,86,,209,182
465,summoner-5706563,466,420 Taz,Diamond 1,76,59,,186,155
466,summoner-4094571,467,zef alien,Diamond 1,76,100,,167,138
467,summoner-2844672,468,Sulby,Diamond 1,76,46,,123,63
468,summoner-7065632,469,Hêy Mâmi,Diamond 1,76,99,,101,90
469,summoner-393674,470,Best Only Rengar,Diamond 1,76,62,,88,52
470,summoner-2263367,471,xdzc,Diamond 1,75,121,,464,400
471,summoner-466949,472,exanthe,Diamond 1,75,131,,440,384
472,summoner-3933061,473,ButtShark,Diamond 1,75,131,,413,376
473,summoner-285956,474,ilayday,Diamond 1,75,148,,398,386
474,summoner-11642235,475,Pix A Poor,Diamond 1,75,103,,387,336
475,summoner-2170445,476,Penguin MD,Diamond 1,75,80,,325,286
476,summoner-502177,477,Earl JR Smith,Diamond 1,75,100,,287,265
477,summoner-14665380,478,SHENER SHEN Q,Diamond 1,75,91,,283,219
478,summoner-10561565,479,Greyone,Diamond 1,75,96,,252,231
479,summoner-18365221,480,BaZGaR,Diamond 1,75,101,,238,201
480,summoner-1312459,481,Jr Biâ,Diamond 1,75,92,,236,150
481,summoner-16151323,482,Kinwald,Diamond 1,75,116,,231,193
482,summoner-3680926,483,PHNX Insec v2,Diamond 1,75,95,,226,214
483,summoner-752109,484,D İ C L O,Diamond 1,75,124,,216,190
484,summoner-4898789,485,Paixdia,Diamond 1,75,82,,215,193
485,summoner-5089037,486,Black DD,Diamond 1,75,107,,204,179
486,summoner-4628473,487,AIready Tilted,Diamond 1,75,114,,196,166
487,summoner-5631136,488,Kürt Böreğı,Diamond 1,75,61,,195,159
488,summoner-2071953,489,ln Vino Veritas,Diamond 1,75,72,,194,147
489,summoner-4745911,490,WoD Exyn0s,Diamond 1,75,96,,184,158
490,summoner-4374244,491,Roppieeè,Diamond 1,75,68,,178,159
491,summoner-17091674,492,Ward,Diamond 1,75,77,,176,147
492,summoner-8899127,493,Masterian,Diamond 1,75,94,,168,156
493,summoner-4728294,494,mortiferûm,Diamond 1,75,66,,166,91
494,summoner-2017452,495,A L T E O M I,Diamond 1,75,61,,166,130
495,summoner-2012648,496,llIlIlIIIIll,Diamond 1,75,67,,151,138
496,summoner-11875924,497,Motor Fahriye,Diamond 1,75,64,,150,91
497,summoner-5825215,498,Inisiyatif,Diamond 1,75,50,,148,77
498,summoner-3871179,499,noname bombæ,Diamond 1,75,63,,143,108
499,summoner-2512973,500,Who Feed Instinc,Diamond 1,75,94,,142,117
500,summoner-351566,501,Ariandel,Diamond 1,75,124,,142,117
501,summoner-16430146,502,Pyros,Diamond 1,75,88,,139,116
502,summoner-1194701,503,Jungle Cemal,Diamond 1,75,60,,135,118
503,summoner-1365971,504,The EGOLANTE,Diamond 1,75,53,,135,61
504,summoner-10023262,505,Mr 0gO,Diamond 1,75,113,,134,110
505,summoner-280176,506,Wasteee,Diamond 1,75,57,,133,106
506,summoner-883827,507,NaloT,Diamond 1,75,70,,131,108
507,summoner-5218621,508,Âce v3,Diamond 1,75,109,,130,111
508,summoner-453660,509,valkrie,Diamond 1,75,87,,130,87
509,summoner-3003794,510,Rokuu,Diamond 1,75,66,,118,83
510,summoner-425233,511,Hasan42,Diamond 1,75,51,,118,87
511,summoner-425732,512,HHHis,Diamond 1,75,55,,113,70
512,summoner-1383594,513,Sypnox,Diamond 1,75,60,,113,70
513,summoner-2377689,514,JİLET ÖZKAN,Diamond 1,75,63,,110,80
514,summoner-10330283,515,ates eden cocuk,Diamond 1,75,70,,109,93
515,summoner-792364,516,Let it die,Diamond 1,75,92,,107,82
516,summoner-14123224,517,DoğanDuru,Diamond 1,75,65,,103,76
517,summoner-1363501,518,Tod Veredelung,Diamond 1,75,74,,99,75
518,summoner-2064193,519,a little Dolphin,Diamond 1,75,44,,93,39
519,summoner-15964800,520,Gêrd,Diamond 1,75,45,,92,41
520,summoner-2017493,521,Ìcarus,Diamond 1,75,58,,88,58
521,summoner-3926354,522,Dv MKT,Diamond 1,75,48,,85,59
522,summoner-3324961,523,Ban Camille,Diamond 1,75,71,,85,41
523,summoner-18560459,524,alathrywyse,Diamond 1,75,40,,82,40
524,summoner-15161971,525,Kavi,Diamond 1,75,154,,81,59
525,summoner-714105,526,Èomer,Diamond 1,75,48,,80,39
526,summoner-1072995,527,Madds,Diamond 1,75,55,,77,56
527,summoner-8040781,528,EliWood v2,Diamond 1,75,70,,73,37
528,summoner-4190967,529,Earworm,Diamond 1,75,53,,63,48
529,summoner-630477,530,PRS Lethenor,Diamond 1,74,93,,150,135
530,summoner-4372658,531,CHALLENGER BOY,Diamond 1,73,72,,326,264
531,summoner-7718787,532,Rholin,Diamond 1,72,102,,449,411
532,summoner-9890501,533,Akarulez,Diamond 1,72,134,,204,163
533,summoner-14012418,534,Hı Im Beawulf,Diamond 1,72,81,,107,93
534,summoner-2032019,535,Sunsecz,Diamond 1,71,119,,368,356
535,summoner-460015,536,Maaaet,Diamond 1,71,63,,96,72
536,summoner-17090598,537,egirls stay away,Diamond 1,70,141,,362,355
537,summoner-2816116,538,Graciela,Diamond 1,70,71,,210,180
538,summoner-1780550,539,mrdkck,Diamond 1,70,75,,150,127
539,summoner-1531167,540,Sullâgârtsâ,Diamond 1,70,78,,146,124
540,summoner-4228986,541,hazard78,Diamond 1,69,65,,265,172
541,summoner-8942008,542,Usta Splinter,Diamond 1,69,122,,215,179
542,summoner-1804898,543,Glozér,Diamond 1,69,74,,137,127
543,summoner-429722,544,Rihavein,Diamond 1,69,82,,116,105
544,summoner-1386644,545,Cest La Vie,Diamond 1,69,93,,106,82
545,summoner-4057531,546,Pecueca 1v9,Diamond 1,69,67,,92,79
546,summoner-10584639,547,QMali,Diamond 1,68,111,,284,249
547,summoner-3854044,548,Jackz,Diamond 1,68,91,,245,221
548,summoner-712912,549,Etoile,Diamond 1,68,108,,181,151
549,summoner-2555203,550,Luanté,Diamond 1,68,74,,146,100
550,summoner-1131058,551,PRS Lynx Scatter,Diamond 1,68,62,,141,109
551,summoner-6926615,552,Smøkê,Diamond 1,68,75,,104,66
552,summoner-2026566,553,Gilius,Diamond 1,68,80,,74,52
553,summoner-6651420,554,FATİŞ PERİ,Diamond 1,68,161,,64,55
554,summoner-3863716,555,Sup Plz,Diamond 1,68,70,,62,38
555,summoner-2571293,556,SépuLence,Diamond 1,67,108,,327,309
556,summoner-9020661,557,Keiâ,Diamond 1,67,94,,213,180
557,summoner-18851122,558,Naryâ,Diamond 1,67,94,,132,94
558,summoner-11156079,559,ŞKT T1 Faker,Diamond 1,67,54,,128,108
559,summoner-3580134,560,Murties,Diamond 1,67,75,,107,77
560,summoner-1060869,561,Miolâncy,Diamond 1,67,52,,78,64
561,summoner-6927758,562,GAREN OYNAYAN,Diamond 1,66,98,,488,431
562,summoner-2931477,563,Êray,Diamond 1,66,97,,294,252
563,summoner-3830734,564,Ohne Dich Algos,Diamond 1,66,110,,121,102
564,summoner-17120664,565,MN Obliviate,Diamond 1,65,109,,229,208
565,summoner-12208440,566,Chance2Win,Diamond 1,65,86,,163,154
566,summoner-7880397,567,i will destroy,Diamond 1,65,95,,145,132
567,summoner-2976892,568,Slâppy,Diamond 1,65,86,,112,98
568,summoner-1053098,569,Scepter,Diamond 1,65,79,,52,32
569,summoner-209018,570,Viktory,Diamond 1,64,110,,351,331
570,summoner-723403,571,Haylayf,Diamond 1,64,117,,209,186
571,summoner-11050820,572,Shimaka,Diamond 1,64,42,,87,55
572,summoner-3420536,573,Lanâ Del Rey,Diamond 1,63,116,,308,284
573,summoner-19405690,574,TUNCELİLİ BELA,Diamond 1,63,79,,221,182
574,summoner-8853791,575,Hey Hey My My,Diamond 1,63,106,,215,198
575,summoner-319122,576,G E N l U S,Diamond 1,63,61,,147,104
576,summoner-1010182,577,Supra,Diamond 1,63,72,,68,54
577,summoner-13004496,578,Merïç,Diamond 1,62,87,,231,214
578,summoner-10031520,579,KAHPE ERKEKLER,Diamond 1,62,73,,136,71
579,summoner-377092,580,Luicsan,Diamond 1,61,65,,157,118
580,summoner-3513127,581,Còusîn,Diamond 1,61,115,,151,124
581,summoner-1881321,582,DVD,Diamond 1,61,121,,138,83
582,summoner-11602795,583,Husnu Good Kid,Diamond 1,61,145,,108,95
583,summoner-1830368,584,scary rookie,Diamond 1,60,104,,220,187
584,summoner-2474097,585,praise me,Diamond 1,60,82,,148,101
585,summoner-1443688,586,TrxxpStar,Diamond 1,60,89,,141,119
586,summoner-11093846,587,ÇOMARSAVAR BATU,Diamond 1,60,92,,138,122
587,summoner-650149,588,DEMØN,Diamond 1,60,76,,133,110
588,summoner-460072,589,ExpertBoyy,Diamond 1,60,92,,104,80
589,summoner-5642807,590,flîp,Diamond 1,60,65,,102,78
590,summoner-5752298,591,ECZACI BEY,Diamond 1,60,79,,79,48
591,summoner-2490471,592,Viølmæncér,Diamond 1,59,73,,229,178
592,summoner-5808437,593,GD SVengal,Diamond 1,59,103,,216,186
593,summoner-1541494,594,PrinceCharles,Diamond 1,59,94,,164,148
594,summoner-15260194,595,sha good kid,Diamond 1,59,103,,89,56
595,summoner-3094071,596,ZiqMo0,Diamond 1,59,63,,45,28
596,summoner-1196516,597,Evellie,Diamond 1,58,139,,430,411
597,summoner-14946218,598,Rudý,Diamond 1,58,132,,222,188
598,summoner-271013,599,HayHuy,Diamond 1,58,118,,96,76
599,summoner-9251216,600,NLE BigiBang,Diamond 1,58,53,,74,45
600,summoner-368135,601,KübaÜlküOcaklari,Diamond 1,57,120,,288,271
601,summoner-4883641,602,Zbam,Diamond 1,57,88,,113,65
602,summoner-7854883,603,jamesJonSnow,Diamond 1,56,118,,128,106
603,summoner-8362044,604,God OF Mainer QQ,Diamond 1,56,114,,82,47
604,summoner-800472,605,dredu,Diamond 1,55,78,,247,221
605,summoner-404771,606,Midoriya,Diamond 1,55,133,,212,199
606,summoner-1041034,607,SERİ 15 FF,Diamond 1,55,115,,206,182
607,summoner-340450,608,YESYOHAYNES,Diamond 1,55,53,,135,79
608,summoner-2272101,609,Winchesterz,Diamond 1,55,48,,58,31
609,summoner-11050882,610,Psychoferret,Diamond 1,55,43,,46,24
610,summoner-17100634,611,7DS BlackSoul,Diamond 1,54,73,,201,190
611,summoner-10690558,612,TaklacıTopLaner,Diamond 1,54,98,,182,166
612,summoner-2300140,613,midqueenqueen,Diamond 1,54,78,,181,168
613,summoner-449591,614,1v9 for nudes,Diamond 1,53,100,,164,132
614,summoner-1801214,615,Noriên,Diamond 1,53,67,,146,129
615,summoner-20182777,616,giverank1,Diamond 1,53,41,,89,59
616,summoner-641795,617,TEAMREDBULL MİD,Diamond 1,53,92,,75,66
617,summoner-2150459,618,Zyraction,Diamond 1,53,142,,63,52
618,summoner-11271677,619,Starter,Diamond 1,53,36,,49,30
619,summoner-422574,620,Balıkçıˆ,Diamond 1,52,121,,418,415
620,summoner-4604556,621,MARAŞ,Diamond 1,52,123,,360,352
621,summoner-6910700,622,TorbacıÇağatay,Diamond 1,52,86,,328,318
622,summoner-7462859,623,Mchurry215,Diamond 1,52,95,,300,275
623,summoner-14461314,624,kata ích ąkame,Diamond 1,52,94,,199,143
624,summoner-4234433,625,Kienn,Diamond 1,52,89,,173,154
625,summoner-6668199,626,aricela,Diamond 1,52,118,,125,91
626,summoner-12883234,627,Pântâles,Diamond 1,52,62,,111,95
627,summoner-4576974,628,DarkXider,Diamond 1,51,130,,527,510
628,summoner-3061532,629,too late,Diamond 1,51,63,,162,119
629,summoner-16745132,630,Bouncer,Diamond 1,50,198,,416,362
630,summoner-18264721,631,Bu Smurf Hesabım,Diamond 1,50,87,,366,343
631,summoner-2563836,632,Yanlaya Yanlaya,Diamond 1,50,115,,322,309
632,summoner-19544056,633,TÔLAS,Diamond 1,50,67,,303,267
633,summoner-439394,634,YIKIK PEZEVENG,Diamond 1,50,87,,285,268
634,summoner-4210225,635,Jaguary,Diamond 1,50,111,,284,264
635,summoner-4522873,636,elodog mid lâner,Diamond 1,50,130,,266,255
636,summoner-4021015,637,NBD Flâsh,Diamond 1,50,73,,261,253
637,summoner-459327,638,Hallelujah,Diamond 1,50,86,,257,225
638,summoner-14172737,639,no counterplay,Diamond 1,50,87,,256,233
639,summoner-5623830,640,Râi Hestiâ,Diamond 1,50,99,,248,225
640,summoner-4253213,641,Intoxicater,Diamond 1,50,116,,235,222
641,summoner-2981380,642,HATE ME MORE XD,Diamond 1,50,76,,226,203
642,summoner-863625,643,kazanamıyorum,Diamond 1,50,88,,221,189
643,summoner-2023133,644,Lacrimosa v1,Diamond 1,50,110,,210,193
644,summoner-9971507,645,07 12 1999,Diamond 1,50,118,,209,190
645,summoner-15702337,646,muratalix,Diamond 1,50,53,,202,147
646,summoner-17085886,647,Adinoki Soldat,Diamond 1,50,79,,192,158
647,summoner-1472564,648,FISHNETLOVERHAHA,Diamond 1,50,73,,184,162
648,summoner-5860780,649,Thample,Diamond 1,50,106,,181,160
649,summoner-2376316,650,Goldd2,Diamond 1,50,104,,181,162
650,summoner-17081218,651,Razor Shuriken,Diamond 1,50,111,,179,164
651,summoner-2260952,652,Ryan Sìde,Diamond 1,50,62,,164,89
652,summoner-1185767,653,Jâckk,Diamond 1,50,84,,156,130
653,summoner-2699614,654,MuTAN39,Diamond 1,50,65,,148,127
654,summoner-5503845,655,DNCB Support,Diamond 1,50,59,,143,116
655,summoner-10682951,656,DC Cerberus,Diamond 1,50,86,,141,116
656,summoner-240661,657,Doom ma geddon,Diamond 1,50,134,,141,134
657,summoner-17237002,658,Archie Andrews,Diamond 1,50,140,,140,115
658,summoner-19721897,659,Nemsy,Diamond 1,50,51,,140,101
659,summoner-5414463,660,OYUNCU KOKUTAN,Diamond 1,50,91,,133,112
660,summoner-8226197,661,oldschoolrank1,Diamond 1,50,47,,121,81
661,summoner-18541775,662,DiamondSTAR,Diamond 1,50,71,,112,82
662,summoner-14080156,663,KING CARRY,Diamond 1,50,45,,107,67
663,summoner-404706,664,a new kid,Diamond 1,50,83,,105,84
664,summoner-5584765,665,P A Ń D A,Diamond 1,50,83,,81,58
665,summoner-19732098,666,AîdenZ,Diamond 1,50,40,,80,42
666,summoner-7364162,667,Yomigae,Diamond 1,49,116,,225,187
667,summoner-13651477,668,Schiko,Diamond 1,49,105,,214,199
668,summoner-1074903,669,ivancan,Diamond 1,49,62,,201,120
669,summoner-422267,670,RoweOne,Diamond 1,49,69,,119,109
670,summoner-18042123,671,Aeruginosa v1,Diamond 1,49,122,,111,88
671,summoner-861221,672,Jiminˆ,Diamond 1,49,59,,90,47
672,summoner-17920266,673,Komodo Ejderi Oo,Diamond 1,48,196,,812,792
673,summoner-4154532,674,lLevisl,Diamond 1,48,99,,165,141
674,summoner-2410249,675,Ruffy,Diamond 1,48,72,,105,84
675,summoner-18391218,676,eksdeee,Diamond 1,48,103,,76,42
676,summoner-11040464,677,Râvnn,Diamond 1,48,82,,34,18
677,summoner-5087633,678,M Bobby Brown,Diamond 1,47,98,,298,247
678,summoner-15245709,679,Fleïsch,Diamond 1,47,113,,212,196
679,summoner-1493352,680,Dantę,Diamond 1,47,79,,196,188
680,summoner-18637599,681,L O S T MY ARMS,Diamond 1,47,44,,98,59
681,summoner-3029103,682,Forboun,Diamond 1,46,99,,317,256
682,summoner-9914295,683,Ducé,Diamond 1,46,62,,163,100
683,summoner-3605770,684,ßäæ,Diamond 1,46,87,,160,123
684,summoner-18391799,685,Bodrumlu Support,Diamond 1,46,96,,100,62
685,summoner-470397,686,Archelaus,Diamond 1,46,50,,73,51
686,summoner-406020,687,AGC chaoScream,Diamond 1,45,64,,116,96
687,summoner-621010,688,Bloody Sacrifice,Diamond 1,45,89,,111,94
688,summoner-12700575,689,çekirge34,Diamond 1,44,95,,377,287
689,summoner-3971906,690,Foremen,Diamond 1,44,85,,226,201
690,summoner-8351722,691,Mercury s QUEEN,Diamond 1,44,134,,214,202
691,summoner-19304315,692,Literary Spirît,Diamond 1,44,48,,119,66
692,summoner-2439558,693,4789120,Diamond 1,44,51,,98,82
693,summoner-1721986,694,SpectacularJanna,Diamond 1,43,142,,278,270
694,summoner-458427,695,YC Evenstar,Diamond 1,43,71,,206,198
695,summoner-14165574,696,ouy evol i,Diamond 1,43,81,,114,95
696,summoner-11836907,697,Vişşâ,Diamond 1,43,45,,98,70
697,summoner-862356,698,murphy ad,Diamond 1,42,67,,67,51
698,summoner-10215010,699,Let me SAVE  you,Diamond 1,41,124,,381,362
699,summoner-18613647,700,Clearance IV,Diamond 1,41,70,,229,175
700,summoner-18720148,701,m1dking,Diamond 1,41,39,,53,49
701,summoner-14152681,702,ScâlFT,Diamond 1,40,106,,483,391
702,summoner-2953449,703,Wrath Morgomir,Diamond 1,40,127,,445,433
703,summoner-2010757,704,Inspectum,Diamond 1,40,85,,235,226
704,summoner-4525010,705,PrepectiveS,Diamond 1,40,84,,108,82
705,summoner-356972,706,FlamingFist,Diamond 1,40,65,,59,50
706,summoner-17405340,707,DJ0JucK,Diamond 1,40,61,,57,33
707,summoner-17521344,708,yayıncıym bn,Diamond 1,40,48,,45,13
708,summoner-2791357,709,hi im yuuki,Diamond 1,39,63,,95,69
709,summoner-1861321,710,Reformed Øzy,Diamond 1,38,94,,289,269
710,summoner-3000884,711,DP Arthas,Diamond 1,38,60,,143,123
711,summoner-261332,712,GeneTX,Diamond 1,37,74,,179,153
712,summoner-5972091,713,Tyler Durden,Diamond 1,37,75,,138,110
713,summoner-2818880,714,CUIN Nocturnalcr,Diamond 1,37,72,,109,90
714,summoner-248773,715,Repçi Penguen,Diamond 1,36,86,,222,160
715,summoner-2673138,716,Agnus,Diamond 1,36,94,,192,185
716,summoner-16144626,717,Apâthex,Diamond 1,36,67,,183,170
717,summoner-466065,718,GARNET L Jâck,Diamond 1,36,67,,183,167
718,summoner-744673,719,chloé,Diamond 1,36,103,,90,62
719,summoner-4886695,720,FB bukettyy,Diamond 1,36,146,,37,26
720,summoner-1500225,721,Stewart Pumpking,Diamond 1,35,72,,182,154
721,summoner-186970,722,Tâo,Diamond 1,35,147,,130,96
722,summoner-2851536,723,NC Eros,Diamond 1,35,69,,128,66
723,summoner-20000124,724,ZXCnM,Diamond 1,34,85,,366,324
724,summoner-3508127,725,Rhittâ,Diamond 1,34,121,,311,280
725,summoner-3073143,726,Abanke,Diamond 1,34,81,,293,221
726,summoner-18394924,727,EuChallengerMid,Diamond 1,34,92,,186,164
727,summoner-11112001,728,sidewinder9X,Diamond 1,34,139,,184,165
728,summoner-17331606,729,Mithrainn,Diamond 1,34,70,,131,113
729,summoner-3880246,730,DOLMA XDXDXDXD,Diamond 1,33,94,,344,336
730,summoner-19320586,731,ClinomaniaA,Diamond 1,33,82,,232,194
731,summoner-2438718,732,Countless QQ,Diamond 1,33,95,,82,61
732,summoner-3720580,733,NW Boskonovitch,Diamond 1,32,107,,262,250
733,summoner-4891521,734,Løss,Diamond 1,32,96,,237,213
734,summoner-754532,735,Vestâ,Diamond 1,32,67,,155,99
735,summoner-4430322,736,Kenar Gülü,Diamond 1,32,65,,137,128
736,summoner-19381478,737,Smurf 1v9,Diamond 1,32,68,,135,98
737,summoner-310388,738,t0x1c m1dl4n3r,Diamond 1,31,68,,173,151
738,summoner-1074253,739,Erşân Kunéri,Diamond 1,31,65,,123,106
739,summoner-4181151,740,Ełdîv,Diamond 1,31,77,,106,95
740,summoner-11696767,741,Leprous,Diamond 1,31,81,,81,69
741,summoner-2600808,742,Streptopelia,Diamond 1,31,72,,80,67
742,summoner-2335098,743,Yuuki Asuna,Diamond 1,31,91,,76,67
743,summoner-17647204,744,Bronzwind,Diamond 1,31,35,,35,15
744,summoner-4349763,745,RunQ,Diamond 1,30,74,,183,161
745,summoner-253273,746,The Doctor,Diamond 1,30,101,,131,121
746,summoner-2605057,747,Street Jesus,Diamond 1,30,86,,113,98
747,summoner-376644,748,Ready KiLLeR,Diamond 1,29,114,,441,417
748,summoner-3382197,749,Hust,Diamond 1,29,47,,98,47
749,summoner-7726616,750,Ygrittez,Diamond 1,29,68,,76,57
750,summoner-1090314,751,Zetsü,Diamond 1,28,118,,226,204
751,summoner-1227247,752,Toästy,Diamond 1,28,120,,139,125
752,summoner-16142790,753,Auto Dodge,Diamond 1,27,75,,146,120
753,summoner-11833732,754,since my birth,Diamond 1,27,77,,141,136
754,summoner-5944394,755,Magpio,Diamond 1,27,100,,134,117
755,summoner-1481894,756,TESISATÇI,Diamond 1,27,70,,120,104
756,summoner-2261423,757,Tuxedo Mâsk,Diamond 1,26,104,,225,200
757,summoner-382977,758,Apathylex,Diamond 1,26,99,,201,176
758,summoner-5639662,759,Dürüm Seven Lee,Diamond 1,26,64,,167,107
759,summoner-4307693,760,Aspahh,Diamond 1,26,79,,148,134
760,summoner-11029575,761,Bukrek Sangal,Diamond 1,26,51,,147,110
761,summoner-189977,762,ELV Sanco Panco,Diamond 1,26,65,,138,105
762,summoner-20305483,763,lMUSEl,Diamond 1,26,37,,49,12
763,summoner-2511291,764,Saygıner,Diamond 1,25,96,,327,294
764,summoner-15823352,765,Xase,Diamond 1,25,74,,176,162
765,summoner-3912974,766,D a ì s y,Diamond 1,25,95,,172,162
766,summoner-2310214,767,qezex,Diamond 1,25,58,,156,93
767,summoner-18940130,768,Not Cognac,Diamond 1,25,43,,82,71
768,summoner-3683721,769,Bolthorn,Diamond 1,25,66,,69,55
769,summoner-3525262,770,KerrraK,Diamond 1,24,99,,207,187
770,summoner-2592870,771,Rukkimaru1,Diamond 1,24,61,,156,122
771,summoner-2458436,772,Hozeri,Diamond 1,24,70,,82,72
772,summoner-441238,773,Mavisins XII,Diamond 1,24,72,,67,48
773,summoner-4519500,774,the Châin Warden,Diamond 1,23,163,,560,522
774,summoner-2832076,775,I feel Them,Diamond 1,23,74,,221,185
775,summoner-468073,776,Daddy,Diamond 1,23,109,,112,92
776,summoner-3111029,777,ToXiC MaMİNuR,Diamond 1,23,44,,65,42
777,summoner-4601723,778,Demirel,Diamond 1,22,156,,502,488
778,summoner-5592946,779,MahmutARSLAN,Diamond 1,22,88,,253,186
779,summoner-2691584,780,Chakieee,Diamond 1,22,72,,157,139
780,summoner-17114961,781,ŁŁŁŁŁŁŁŁŁŁŁŁŁ,Diamond 1,22,48,,94,34
781,summoner-2311240,782,Matthèw,Diamond 1,37,88,,430,374
782,summoner-3887934,783,Kadir,Diamond 1,21,91,,232,157
783,summoner-7255544,784,xaná,Diamond 1,21,109,,175,128
784,summoner-20334201,785,küs müyüz tanrım,Diamond 1,4,48,,121,84
785,summoner-12700592,786,KaTiLMaYmUnx11x,Diamond 1,21,91,,96,59
786,summoner-15700997,787,Feraber,Diamond 1,20,82,,268,252
787,summoner-6591689,788,xRumble,Diamond 1,20,95,,233,152
788,summoner-2294660,789,Snakeruler,Diamond 1,20,67,,190,155
789,summoner-5675883,790,Phost,Diamond 1,20,59,,121,109
790,summoner-18531042,791,alimØn,Diamond 1,20,65,,74,39
791,summoner-5606336,792,Thé Flash,Diamond 1,19,121,,399,368
792,summoner-2340832,793,E BASAN OYUNCU,Diamond 1,19,124,,307,288
793,summoner-1132074,794,FROŚTWOLFF,Diamond 1,19,84,,243,228
794,summoner-2562460,795,inFFamous,Diamond 1,19,86,,208,168
795,summoner-467418,796,PSYÐUCK,Diamond 1,19,72,,171,162
796,summoner-4885640,797,kralkara26,Diamond 1,19,71,,110,81
797,summoner-1237449,798,Pêra,Diamond 1,19,69,,67,54
798,summoner-4876441,799,SNG Awaremei,Diamond 1,18,130,,433,416
799,summoner-8192688,800,Sâw,Diamond 1,18,91,,214,187
800,summoner-8192688,801,Sâw,Diamond 1,18,91,,214,187
801,summoner-438960,802,MARAKO v2,Diamond 1,18,82,,174,138
802,summoner-15332617,803,Wandering Poro,Diamond 1,18,101,,114,81
803,summoner-13300704,804,Carâdhras,Diamond 1,18,57,,67,53
804,summoner-13512311,805,Smilesmirk,Diamond 1,17,114,,488,457
805,summoner-3621513,806,SHARTLOKS,Diamond 1,17,112,,378,366
806,summoner-2555850,807,Between us,Diamond 1,17,115,,364,345
807,summoner-11603277,808,Abiodun Moana v2,Diamond 1,17,83,,262,255
808,summoner-12054166,809,SUPPORT KAI SA,Diamond 1,17,64,,223,195
809,summoner-3817530,810,Apameia,Diamond 1,17,96,,202,184
810,summoner-9301666,811,P0NÇİK RİVEN,Diamond 1,17,78,,182,164
811,summoner-2295226,812,PyrisT,Diamond 1,17,87,,182,172
812,summoner-16153737,813,Acedy Penia,Diamond 1,17,81,,172,115
813,summoner-14315150,814,Kolum Yok Aga,Diamond 1,17,83,,166,139
814,summoner-4741229,815,AD3458,Diamond 1,17,92,,159,140
815,summoner-2573869,816,KGG Gânnicus,Diamond 1,17,83,,152,137
816,summoner-2380697,817,Kerpeten İsmail,Diamond 1,17,92,,140,122
817,summoner-6593468,818,TaRZaNCaN06,Diamond 1,17,76,,135,119
818,summoner-872840,819,Loss,Diamond 1,17,80,,131,118
819,summoner-5320424,820,Mid Lâne,Diamond 1,17,81,,96,83
820,summoner-9231920,821,EX Pablito,Diamond 1,17,72,,96,82
821,summoner-4224598,822,KUDRET,Diamond 1,17,71,,87,62
822,summoner-2453819,823,Sunsèt,Diamond 1,17,86,,67,56
823,summoner-16262628,824,Chrescus,Diamond 1,16,103,,247,191
824,summoner-5260429,825,Shínya,Diamond 1,16,126,,209,197
825,summoner-3425039,826,TY SnowGlobe,Diamond 1,16,95,,151,131
826,summoner-5530520,827,Parêzer,Diamond 1,16,70,,120,83
827,summoner-286450,828,Son Gokû,Diamond 1,16,73,,118,98
828,summoner-2981286,829,WOD Jane,Diamond 1,16,66,,75,60
829,summoner-4144039,830,My love Shínya,Diamond 1,15,115,,209,198
830,summoner-6141429,831,Cholo,Diamond 1,15,104,,206,190
831,summoner-5944180,832,Edwyn Stark,Diamond 1,15,125,,127,99
832,summoner-13650433,833,Sublime Katarina,Diamond 1,15,49,,84,65
833,summoner-12984979,834,Vlad is God,Diamond 1,15,118,,71,62
834,summoner-3073108,835,ANGRY Daddy,Diamond 1,14,106,,97,88
835,summoner-17082142,836,d â n t é,Diamond 1,14,105,,95,65
836,summoner-357826,837,DeltaXI,Diamond 1,14,83,,58,36
837,summoner-207619,838,Akamê,Diamond 1,13,90,,285,197
838,summoner-3028623,839,BARIS,Diamond 1,13,77,,243,232
839,summoner-8060180,840,Jng King,Diamond 1,13,73,,144,135
840,summoner-4763710,841,Schzofreniâ,Diamond 1,13,69,,53,28
841,summoner-3288539,842,MassiveStrake,Diamond 1,12,94,,119,99
842,summoner-4027224,843,Silent Skies,Diamond 1,12,112,,109,90
843,summoner-6202389,844,I am Davy Jones,Diamond 1,12,138,,103,94
844,summoner-2375215,845,The Best KhaZix,Diamond 1,12,150,,57,53
845,summoner-2706645,846,TheTiger v1,Diamond 1,11,92,,322,314
846,summoner-4682232,847,zxcqwejkl,Diamond 1,11,94,,293,281
847,summoner-4240527,848,NightLight3,Diamond 1,10,94,,319,269
848,summoner-467454,849,Begümm,Diamond 1,10,87,,127,108
849,summoner-18383312,850,Veantur,Diamond 1,10,67,,123,102
850,summoner-4574666,851,Xeptul,Diamond 1,9,129,,221,197
851,summoner-18192463,852,Ethereal,Diamond 1,9,68,,171,157
852,summoner-1481337,853,Ariês,Diamond 1,9,100,,100,74
853,summoner-13053293,854,Her Biji Mert,Diamond 1,8,124,,339,318
854,summoner-6662207,855,Xérxes,Diamond 1,8,79,,58,49
855,summoner-2650572,856,L3gionnaire,Diamond 1,7,96,,485,432
856,summoner-1972711,857,HellSenTRy,Diamond 1,7,90,,319,284
857,summoner-204235,858,ELV Hoseok,Diamond 1,7,86,,148,127
858,summoner-6224182,859,Suckorth,Diamond 1,6,90,,184,162
859,summoner-7067518,860,Ąeron,Diamond 1,6,127,,97,82
860,summoner-7694916,861,newmoon007,Diamond 1,5,57,,181,103
861,summoner-226263,862,Ransey E,Diamond 1,5,79,,166,146
862,summoner-409127,863,S04 Vizicsacsi,Diamond 1,5,94,,120,90
863,summoner-3540327,864,bestboutmachine,Diamond 1,5,73,,109,92
864,summoner-2072868,865,diskofen,Diamond 1,4,89,,270,244
865,summoner-11220657,866,REMOVE KEBAP,Diamond 1,4,48,,148,84
866,summoner-20334201,867,küs müyüz tanrım,Diamond 1,4,48,,121,84
867,summoner-15302712,868,OHA BU DEMIÇ NE,Diamond 1,4,41,,70,46
868,summoner-6917516,869,Hunting Expert,Diamond 1,3,133,,196,182
869,summoner-6641515,870,ICoolSanch3zs,Diamond 1,3,48,,69,58
870,summoner-11024432,871,GHTR ilkerbey,Diamond 1,2,139,,313,291
871,summoner-4229664,872,Tokisaki Kurumi,Diamond 1,1,89,,89,81
872,summoner-10710168,873,Symphony,Diamond 1,0,130,,403,396
873,summoner-3353353,874,SIRTIM AĞRIYOR,Diamond 1,0,114,,396,314
874,summoner-2479906,875,Ânnoying Jungle,Diamond 1,0,108,,390,344
875,summoner-1722047,876,Reiji,Diamond 1,0,93,,367,308
876,summoner-6802547,877,N U,Diamond 1,0,120,,332,274
877,summoner-8350586,878,Mutant GP,Diamond 1,0,94,,332,351
878,summoner-2459905,879,Çöte,Diamond 1,0,94,,318,303
879,summoner-4131242,880,Pharynx,Diamond 1,0,81,,299,251
880,summoner-744030,881,yoda good kid,Diamond 1,0,95,,295,275
881,summoner-7604665,882,diâcris 1v9 xd,Diamond 1,0,78,,293,260
882,summoner-9741956,883,Elohell SHEPHERD,Diamond 1,0,85,,288,270
883,summoner-2050555,884,WeedMan,Diamond 1,0,129,,282,270
884,summoner-880304,885,Ekol,Diamond 1,0,70,,267,251
885,summoner-3015498,886,Mìrela,Diamond 1,0,93,,267,204
886,summoner-10673810,887,TrueAlpha Rengar,Diamond 1,0,138,,263,236
887,summoner-18141833,888,Twïtch,Diamond 1,0,115,,261,240
888,summoner-7235815,889,DikDuranPisVuran,Diamond 1,0,111,,252,247
889,summoner-11030862,890,IST SeFeRi,Diamond 1,0,88,,243,196
890,summoner-4067011,891,Yenel,Diamond 1,0,94,,242,177
891,summoner-11606206,892,Àşık Tahir,Diamond 1,0,85,,241,226
892,summoner-6222402,893,Ańy,Diamond 1,0,84,,234,172
893,summoner-5580445,894,Zerphâiz,Diamond 1,0,108,,230,214
894,summoner-1386389,895,Pandee,Diamond 1,0,80,,229,214
895,summoner-205048,896,POR Crown,Diamond 1,0,175,,228,174
896,summoner-4323566,897,Mrs Zêd,Diamond 1,0,104,,226,211
897,summoner-19172290,898,VARTOLU YAMAÇ,Diamond 1,0,99,,220,175
898,summoner-873650,899,SEÇKÎN,Diamond 1,0,120,,219,192
899,summoner-17293025,900,Sahkizar,Diamond 1,0,63,,216,188
900,summoner-3866254,901,Grapy,Diamond 1,0,103,,214,200
901,summoner-3581622,902,MeField,Diamond 1,0,70,,207,198
902,summoner-14530236,903,Bestt Vâyne,Diamond 1,0,104,,204,188
903,summoner-1453077,904,Surely One Day,Diamond 1,0,105,,201,177
904,summoner-4430662,905,Farzı Misal 06,Diamond 1,0,64,,200,183
905,summoner-1197107,906,Cihan Airlines,Diamond 1,0,87,,200,162
906,summoner-9646555,907,T OnMyOwn,Diamond 1,0,98,,199,188
907,summoner-12145936,908,Maviˆ,Diamond 1,0,73,,196,171
908,summoner-6203599,909,Sawsen,Diamond 1,0,109,,194,181
909,summoner-3928417,910,SarkonSX,Diamond 1,0,97,,193,169
910,summoner-2663373,911,Sad Rick,Diamond 1,0,94,,190,173
911,summoner-15281408,912,Xþęąw,Diamond 1,0,106,,189,157
912,summoner-8000791,913,FERREKE,Diamond 1,0,81,,184,155
913,summoner-493281,914,Snowy,Diamond 1,0,64,,184,158
914,summoner-4734027,915,hydrogeddon,Diamond 1,0,97,,182,135
915,summoner-4245097,916,Sêrpent,Diamond 1,0,88,,173,142
916,summoner-16222589,917,Stranmon,Diamond 1,0,61,,165,146
917,summoner-10112879,918,DARBECİ BATU,Diamond 1,0,92,,164,159
918,summoner-6215117,919,VEFA Boosted,Diamond 1,0,84,,160,150
919,summoner-1216929,920,Ap Wycihno,Diamond 1,0,92,,160,134
920,summoner-3133662,921,Shzaki,Diamond 1,0,94,,159,110
921,summoner-3523155,922,HoneyBug,Diamond 1,0,73,,156,140
922,summoner-2661689,923,NoThing2LosSe,Diamond 1,0,65,,155,142
923,summoner-246495,924,Emumph,Diamond 1,0,78,,150,98
924,summoner-18936985,925,ºArya Starkº,Diamond 1,0,53,,149,97
925,summoner-5340364,926,Falkenayn,Diamond 1,0,95,,148,138
926,summoner-4757873,927,Liâden,Diamond 1,0,125,,147,133
927,summoner-3303116,928,Spawn3r,Diamond 1,0,78,,143,128
928,summoner-1063426,929,I   6 6 6   I,Diamond 1,0,67,,142,123
929,summoner-2463413,930,M4RBL3,Diamond 1,0,53,,140,124
930,summoner-230147,931,Not My Problem,Diamond 1,0,69,,139,125
931,summoner-2084172,932,FQRZA,Diamond 1,0,71,,138,119
932,summoner-2677895,933,vivien x,Diamond 1,0,107,,138,119
933,summoner-2251506,934,emre53tr,Diamond 1,0,75,,137,124
934,summoner-7811819,935,Godless Is Back,Diamond 1,0,52,,133,116
935,summoner-2553470,936,Hyprus,Diamond 1,0,76,,132,127
936,summoner-2677658,937,Banu Âlkan,Diamond 1,0,82,,126,109
937,summoner-19580140,938,Köle Belinda,Diamond 1,0,66,,125,90
938,summoner-500719,939,Theatreon,Diamond 1,0,108,,125,107
939,summoner-18573790,940,ADK1NG,Diamond 1,0,52,,124,94
940,summoner-3894705,941,HAHAHAHA XD,Diamond 1,0,78,,124,100
941,summoner-12716599,942,Kite,Diamond 1,0,120,,120,96
942,summoner-6921713,943,Créps,Diamond 1,0,135,,118,102
943,summoner-7478740,944,CUIN Saiph,Diamond 1,0,75,,116,95
944,summoner-6342009,945,AGLIYORUM,Diamond 1,0,77,,116,98
945,summoner-713974,946,iOnlyNeedSeconds,Diamond 1,0,86,,109,81
946,summoner-2300412,947,ja Farˆ,Diamond 1,0,74,,109,101
947,summoner-18906809,948,ban atmayın ltfn,Diamond 1,0,45,,108,60
948,summoner-3642998,949,ROBOGOT,Diamond 1,0,92,,107,94
949,summoner-10012782,950,Anarsit,Diamond 1,0,72,,107,92
950,summoner-3852605,951,Liv 0 8 BJK,Diamond 1,0,98,,105,78
951,summoner-2963692,952,Zoombiee,Diamond 1,0,71,,97,81
952,summoner-197776,953,bermessi,Diamond 1,0,71,,93,76
953,summoner-752104,954,Tylle,Diamond 1,0,65,,93,73
954,summoner-4493692,955,lCrush3Rl,Diamond 1,0,47,,88,31
955,summoner-1700524,956,OBˇ,Diamond 1,0,57,,87,80
956,summoner-2447266,957,ØØØØØØØØØØØØØ,Diamond 1,0,75,,86,66
957,summoner-17521927,958,Its Shazam,Diamond 1,0,95,,86,63
958,summoner-1481072,959,ZEYNEPE AŞIĞIM,Diamond 1,0,63,,85,66
959,summoner-3406834,960,Rickson,Diamond 1,0,100,,83,62
960,summoner-4094071,961,Pythiâ,Diamond 1,0,52,,81,67
961,summoner-6508501,962,Boffie,Diamond 1,0,140,,81,66
962,summoner-2522037,963,Polyushka,Diamond 1,0,120,,79,64
963,summoner-20312975,964,Gertha,Diamond 1,0,39,,76,39
964,summoner-872298,965,Kurona,Diamond 1,0,52,,76,52
965,summoner-5944410,966,Celep Riven,Diamond 1,0,72,,70,57
966,summoner-4046154,967,Pónx,Diamond 1,0,143,,67,56
967,summoner-11410937,968,Jager Zeuss,Diamond 1,0,47,,67,42
968,summoner-2710145,969,NeverSudden,Diamond 1,0,62,,67,56
969,summoner-13099421,970,ShadowOfD4rknesS,Diamond 1,0,89,,67,47
970,summoner-412377,971,Vranjes,Diamond 1,0,153,,61,42
971,summoner-11282247,972,DENİZE AŞIĞIM,Diamond 1,0,42,,57,31
972,summoner-19395554,973,liam,Diamond 1,0,43,,52,14
973,summoner-20334216,974,RW Webby,Diamond 1,0,37,,46,38
974,summoner-347560,975,Ranger,Diamond 1,0,151,,46,22
975,summoner-13173226,976,JosephineSkriver,Diamond 1,0,39,,42,25
976,summoner-9404710,977,Ruen,Diamond 2,100,104,,478,434
977,summoner-458791,978,Keible,Diamond 2,100,121,,421,382
978,summoner-1730362,979,iRockJâys,Diamond 2,100,96,,341,274
979,summoner-9116301,980,Gøddes Dàisy,Diamond 2,100,106,,328,312
980,summoner-2941186,981,Kasadìa,Diamond 2,100,80,,278,191
981,summoner-18547224,982,Kadozzers,Diamond 2,100,73,,259,211
982,summoner-8282287,983,Lidyana,Diamond 2,100,95,,250,212
983,summoner-1453855,984,Tears For Fears,Diamond 2,100,129,,197,179
984,summoner-199031,985,Mainim yok,Diamond 2,100,90,,187,154
985,summoner-3132428,986,Hi im Kraker,Diamond 2,100,65,,159,145
986,summoner-5795388,987,Scholàr,Diamond 2,100,108,,131,75
987,summoner-1453837,988,DR4M4,Diamond 2,100,52,,119,87
988,summoner-6950946,989,NOT REAL DEFT,Diamond 2,100,82,,104,95
989,summoner-2675067,990,miskin,Diamond 2,100,49,,85,68
990,summoner-14304212,991,Midnight Black,Diamond 2,100,47,,81,44
991,summoner-2689432,992,crocDubb,Diamond 2,100,64,,78,63
992,summoner-9665300,993,KOD ADI KATARÎNA,Diamond 2,98,87,,194,167
993,summoner-12679231,994,Xecoper,Diamond 2,98,59,,181,152
994,summoner-820652,995,Topsı,Diamond 2,98,96,,164,157
995,summoner-287258,996,ALLAH YOLUNDAA,Diamond 2,98,78,,109,91
996,summoner-5385716,997,TTTV THRÉSH,Diamond 2,94,131,,368,350
997,summoner-9976158,998,F0RTE,Diamond 2,94,79,,228,217
998,summoner-18031285,999,Vukuatlı v1,Diamond 2,94,48,,121,77
999,summoner-12771118,1000,DPE Piazza,Diamond 2,93,83,,241,153
