#timestamp 1530036037841
#date 2018-06-26T18:00:37+00:00
#players 1000
#index,id,rank,name,tier,lp,level,proTeam,win,loss
0,summoner-30950217,1,Necromartin,Challenger,1372,93,,273,188
1,summoner-25251096,2,Erring,Challenger,1076,109,,195,131
2,summoner-114456,3,Just Milánek,Challenger,1034,118,,191,127
3,summoner-67237036,4,DawidaZ314,Challenger,1022,67,,175,124
4,summoner-34366642,5,Zest of a Lemon,Challenger,975,83,,153,99
5,summoner-68577868,6,The FearDrug,Challenger,972,52,,130,75
6,summoner-19912631,7,balagan,Challenger,962,84,,181,132
7,summoner-54937799,8,I am LeBron,Challenger,947,96,,392,338
8,summoner-35488076,9,Thomasive,Challenger,932,159,,343,295
9,summoner-30354925,10,S4breTooth,Challenger,913,69,,178,131
10,summoner-56366993,11,Inferiorities,Challenger,882,134,,408,322
11,summoner-32276072,12,Drutut,Challenger,900,88,,179,129
12,summoner-42337826,13,ŃightFury,Challenger,888,58,,129,73
13,summoner-36174939,14,Orochimâru,Challenger,890,86,,185,125
14,summoner-29947317,15,LC Specialkey,Challenger,868,89,,126,74
15,summoner-41255766,16,Trenie,Challenger,794,62,,219,166
16,summoner-38799811,17,VinTreZ,Challenger,784,82,,225,180
17,summoner-43537063,18,INFINITIUM,Challenger,753,103,,246,198
18,summoner-68397877,19,thícc boy,Challenger,749,136,,556,487
19,summoner-29626431,20,Egé,Challenger,740,93,,117,76
20,summoner-41719668,21,Hide On Ãütism,Challenger,734,121,,154,99
21,summoner-46571745,22,Challenger Riven,Challenger,732,65,,171,115
22,summoner-20911182,23,Mortar2,Challenger,731,77,,219,172
23,summoner-31258700,24,SenuaI,Challenger,724,134,,176,131
24,summoner-36034843,25,Whírlwind,Challenger,701,98,,256,211
25,summoner-22424102,26,Dat Guy M0arcin,Challenger,716,81,,223,173
26,summoner-32525539,27,solony1,Challenger,707,119,,443,397
27,summoner-27638198,28,Samyaza3,Challenger,689,72,,137,102
28,summoner-35839428,29,Dudî,Challenger,687,85,,151,106
29,summoner-51510795,30,Psych0social,Challenger,676,105,,247,194
30,summoner-24217661,31,43178261271,Challenger,669,60,,126,79
31,summoner-24211787,32,45620 321,Challenger,654,54,,148,110
32,summoner-33502635,33,Alek22,Challenger,648,101,,300,259
33,summoner-27260328,34,FizzCantCarry Q8,Challenger,646,107,,187,135
34,summoner-36586403,35,DJfaby,Challenger,633,84,,117,74
35,summoner-28117164,36,7h3blu3,Challenger,631,144,,256,217
36,summoner-30869288,37,Hitman1771,Challenger,629,97,,390,328
37,summoner-29560341,38,Cougar,Challenger,628,107,,296,249
38,summoner-35473029,39,Yuno Gasai,Challenger,626,177,,165,123
39,summoner-26053958,40,FonikiKouradoula,Challenger,623,126,,514,471
40,summoner-41188305,41,RABANUS XDD,Challenger,617,88,,304,265
41,summoner-30034043,42,Ztreetboy,Challenger,617,48,,134,75
42,summoner-24537185,43,Sgt Reckface,Challenger,617,68,,128,84
43,summoner-25559670,44,CeKa,Challenger,613,85,,320,252
44,summoner-33845373,45,14133029,Challenger,607,94,,168,142
45,summoner-41373137,46,Tanya Degurechaf,Challenger,606,131,,246,205
46,summoner-29126866,47,Askarek,Challenger,599,98,,322,285
47,summoner-24304145,48,ShatterNightmare,Challenger,597,119,,230,198
48,summoner-19708054,49,Heals1ut,Challenger,593,63,,143,96
49,summoner-21445018,50,lykku,Challenger,593,71,,114,76
50,summoner-30739384,51,Saya NΥX,Challenger,590,85,,140,96
51,summoner-37803083,52,Adryeh,Challenger,589,111,,231,194
52,summoner-22488792,53,THR Vioreleeee,Challenger,583,79,,101,67
53,summoner-32164198,54,Trap40,Challenger,582,97,,297,261
54,summoner-68037994,55,Tilen Perko,Challenger,575,46,,117,54
55,summoner-42310753,56,septico1,Challenger,549,140,,299,262
56,summoner-62796707,57,Yasuxery,Challenger,562,48,,158,80
57,summoner-32706014,58,MyxiR,Challenger,555,89,,227,194
58,summoner-36359863,59,Kysek,Challenger,555,68,,109,62
59,summoner-62512964,60,Songu,Challenger,548,90,,147,120
60,summoner-35483267,61,DIAMOND BTW,Challenger,546,69,,167,124
61,summoner-30124073,62,VoidlingGeneral,Challenger,538,113,,197,154
62,summoner-22901643,63,Black Pete,Challenger,537,80,,284,243
63,summoner-54125134,64,DeIusion,Challenger,536,146,,321,275
64,summoner-24294620,65,Cant ToUcH DiS,Challenger,536,130,,230,189
65,summoner-20768545,66,Keàsar,Challenger,533,93,,188,148
66,summoner-37834995,67,Sl Karapanos,Challenger,532,115,,153,111
67,summoner-35076517,68,Boots of Speed,Challenger,530,77,,249,212
68,summoner-37847164,69,Dekkon,Challenger,530,81,,145,118
69,summoner-62294050,70,MixepSRB,Challenger,528,95,,266,227
70,summoner-37619582,71,DareDévil,Challenger,527,236,,108,70
71,summoner-30363029,72,ku5h420igniteit,Challenger,526,87,,207,175
72,summoner-43463469,73,Niinja,Challenger,524,125,,508,463
73,summoner-34647447,74,Thebausffs,Challenger,523,79,,126,91
74,summoner-59184238,75,Awesome Giovanni,Challenger,515,109,,193,152
75,summoner-40824749,76,SECODE,Challenger,513,68,,130,94
76,summoner-20517918,77,Craz,Challenger,513,44,,93,51
77,summoner-38198493,78,Virtuøso,Challenger,529,130,,255,217
78,summoner-34096414,79,Gwiazda11,Challenger,506,117,,490,427
79,summoner-39596221,80,1Tyr,Challenger,487,74,,186,136
80,summoner-69116222,81,Vestas,Challenger,506,45,,116,57
81,summoner-52638381,82,BITE Petipino,Challenger,504,91,,232,197
82,summoner-71988030,83,Kososanity,Challenger,503,49,,175,110
83,summoner-29933647,84,Bryce Walker,Challenger,502,101,,258,218
84,summoner-33613346,85,Teh,Challenger,500,98,,93,58
85,summoner-28928793,86,StoneGuard,Challenger,498,118,,147,114
86,summoner-48645710,87,JoinedandPlayed,Challenger,510,59,,165,119
87,summoner-61222996,88,A4e v2,Challenger,487,162,,548,518
88,summoner-34916156,89,Alcoholic,Challenger,469,87,,115,72
89,summoner-37105357,90,Daraaka123,Challenger,482,55,,185,107
90,summoner-68728548,91,adalbarthasdine,Challenger,480,43,,116,63
91,summoner-37339075,92,NoBrainVayneMain,Challenger,478,105,,341,302
92,summoner-27682983,93,Amino the hantá,Challenger,475,57,,169,134
93,summoner-26347442,94,Levís,Challenger,473,75,,156,118
94,summoner-34059489,95,Ψ NinjaDoge Ψ,Challenger,465,101,,181,139
95,summoner-36880627,96,Kizuro,Challenger,465,70,,145,119
96,summoner-49505896,97,xflaidy,Challenger,463,107,,197,160
97,summoner-39257803,98,StayHumble,Challenger,479,153,,227,198
98,summoner-33354090,99,krul rafcio,Challenger,459,64,,154,117
99,summoner-70713941,100,Lenka fanboy,Challenger,459,65,,143,102
100,summoner-40170634,101,Icetan,Challenger,456,91,,129,93
101,summoner-43603496,102,Baldikshir,Challenger,431,61,,174,138
102,summoner-49689206,103,TheDoffy,Challenger,452,105,,328,295
103,summoner-36926878,104,Zenap,Challenger,451,123,,168,130
104,summoner-72743432,105,Low Nine,Challenger,450,53,,146,88
105,summoner-42321931,106,Şhy Zerø tωo,Challenger,447,67,,89,52
106,summoner-44103732,107,olikaan,Challenger,444,140,,209,180
107,summoner-30110835,108,PoN,Challenger,439,118,,226,187
108,summoner-23214988,109,NXG Legion,Challenger,433,69,,143,107
109,summoner-38009638,110,VasterOfKled,Challenger,430,87,,210,168
110,summoner-24503452,111,EU AnimalTrainer,Challenger,428,86,,243,188
111,summoner-23400758,112,Hardustriel,Challenger,427,124,,215,178
112,summoner-40027898,113,Gery Nikol,Challenger,427,140,,123,83
113,summoner-40358396,114,BDS Laudon,Challenger,424,118,,250,210
114,summoner-70182989,115,Midlane Outsider,Challenger,424,120,,229,197
115,summoner-35791510,116,CSTADYHONZA,Challenger,423,97,,213,177
116,summoner-30738266,117,torpick,Challenger,421,72,,263,234
117,summoner-35304360,118,Capcioc,Challenger,418,123,,158,122
118,summoner-63133663,119,Patâ,Challenger,431,66,,167,129
119,summoner-24277714,120,pYemuL,Challenger,413,59,,178,141
120,summoner-40385818,121,Richor,Challenger,412,68,,178,152
121,summoner-19899632,122,BedvolfAgarwaen,Challenger,429,62,,104,67
122,summoner-26405360,123,TLP Coatpustmain,Challenger,407,88,,288,245
123,summoner-43062702,124,iTq,Challenger,406,102,,328,287
124,summoner-32497510,125,Hayp,Challenger,405,63,,246,196
125,summoner-38499311,126,ZXY,Challenger,405,63,,222,150
126,summoner-24746936,127,Shine001k,Challenger,403,78,,135,99
127,summoner-31921889,128,xDamon Salvatore,Challenger,402,90,,202,168
128,summoner-21147121,129,ParowózTomek,Challenger,401,70,,78,41
129,summoner-31793915,130,Zazapp,Challenger,396,52,,166,100
130,summoner-27247414,131,Charca,Challenger,396,73,,87,45
131,summoner-54973046,132,Hatred The Daddy,Challenger,395,60,,222,146
132,summoner-29018603,133,Yourself5times,Challenger,394,93,,255,227
133,summoner-70596075,134,HakunaMattatta,Challenger,394,70,,230,195
134,summoner-36647726,135,XartiX 420,Challenger,393,65,,296,167
135,summoner-22428390,136,Skinny dipper,Challenger,392,60,,204,173
136,summoner-54973039,137,Kristijan King,Challenger,389,173,,800,758
137,summoner-71374980,138,beamer bøy,Challenger,388,56,,189,136
138,summoner-31434850,139,eL Maquk,Challenger,385,89,,163,125
139,summoner-32675866,140,sC Stefan,Challenger,384,115,,97,57
140,summoner-53826633,141,GS RekitRalf,Challenger,383,99,,173,142
141,summoner-42358639,142,Divine Interoid,Challenger,381,73,,243,214
142,summoner-30818415,143,UrbanekShow,Challenger,381,79,,220,187
143,summoner-45293753,144,M4CI3KunluckyTOP,Challenger,381,101,,198,165
144,summoner-42322373,145,HELLAS Tranquil,Challenger,381,64,,177,134
145,summoner-39927024,146,Qythien,Challenger,362,84,,159,115
146,summoner-23833294,147,Senafir,Challenger,379,105,,148,111
147,summoner-40604579,148,Lυnatıc,Challenger,378,81,,305,206
148,summoner-43168575,149,MM Revenger,Challenger,377,124,,197,166
149,summoner-62475364,150,BarrelBros,Challenger,373,58,,134,86
150,summoner-34020838,151,C9 Norgod,Challenger,373,92,,121,89
151,summoner-72173097,152,KY Leo,Challenger,372,118,,247,224
152,summoner-68838041,153,remundahilmorga,Challenger,372,78,,178,144
153,summoner-29001286,154,Dąbek1,Challenger,389,103,,339,305
154,summoner-29483874,155,BDS bobiistaa,Challenger,365,115,,385,354
155,summoner-37915705,156,Trust46,Challenger,366,94,,262,226
156,summoner-24385272,157,Yashiru,Challenger,366,68,,201,166
157,summoner-31929469,158,Kazemitra,Challenger,363,127,,503,479
158,summoner-21704109,159,EuneAnimallul,Challenger,358,97,,237,201
159,summoner-25874625,160,Túróstészta,Challenger,358,86,,193,161
160,summoner-33973961,161,ZYX Famas,Challenger,357,96,,204,167
161,summoner-25524501,162,Arch Nemesis,Challenger,339,47,,115,82
162,summoner-54458064,163,Yerllo,Challenger,354,118,,213,175
163,summoner-38074727,164,Tigric2000,Challenger,352,106,,314,290
164,summoner-30798969,165,malcom v1,Challenger,352,123,,210,180
165,summoner-71318597,166,OneLastBreath,Challenger,351,62,,236,180
166,summoner-31337125,167,TheStrzelba,Challenger,350,133,,586,544
167,summoner-38490045,168,Grk 3 Tears,Challenger,348,55,,102,76
168,summoner-41829004,169,Hodný Vlk,Challenger,347,84,,193,165
169,summoner-32953063,170,Hi im Taka,Challenger,346,89,,232,196
170,summoner-25529425,171,Th3BaBaDo0K,Challenger,344,171,,663,637
171,summoner-40734816,172,matiz4win,Challenger,342,89,,175,138
172,summoner-38614643,173,YoLoN,Challenger,341,85,,309,273
173,summoner-25834373,174,94716,Challenger,341,75,,252,214
174,summoner-24133504,175,Kokokomando,Challenger,359,73,,230,197
175,summoner-66606846,176,SpeeDDu,Challenger,341,54,,127,96
176,summoner-26990156,177,SIENIOPAS,Challenger,340,80,,207,180
177,summoner-27889019,178,KSV MID CROWN,Challenger,339,87,,326,284
178,summoner-41963589,179,Catstyle,Challenger,339,74,,214,185
179,summoner-72576440,180,Laitnoir,Challenger,339,42,,80,29
180,summoner-41542670,181,Dositej Colamax,Challenger,337,63,,75,38
181,summoner-31140082,182,Jadelit,Challenger,336,92,,249,218
182,summoner-61382972,183,Flamy v5,Challenger,334,99,,188,159
183,summoner-38716840,184,ETMS Aidamák,Challenger,333,151,,361,325
184,summoner-48117052,185,NeverLucky JJ,Challenger,332,108,,417,379
185,summoner-52463268,186,JACKET IS MINE,Challenger,332,84,,316,292
186,summoner-31237269,187,IP ZoldieVi,Challenger,330,107,,207,151
187,summoner-30304141,188,Dżankos Smurf,Challenger,330,76,,128,95
188,summoner-35716576,189,Ôzen,Challenger,328,146,,187,149
189,summoner-24252613,190,Talkoś,Challenger,328,64,,138,102
190,summoner-55649332,191,sxzoR,Challenger,327,163,,524,498
191,summoner-23357637,192,CRO WONDERKID,Challenger,327,79,,99,45
192,summoner-21868113,193,SilvenX,Challenger,326,106,,373,335
193,summoner-34256698,194,pàntérra v2,Challenger,324,97,,156,116
194,summoner-33015585,195,Wolf and a Lamb,Challenger,322,104,,225,201
195,summoner-24734846,196,De Grandes,Challenger,319,67,,137,101
196,summoner-31919733,197,shyvtaric,Challenger,288,105,,367,357
197,summoner-24545582,198,váha,Challenger,305,132,,316,289
198,summoner-23815734,199,Wisakoy,Challenger,303,89,,243,213
199,summoner-27242434,200,kakosicek,Challenger,310,115,,353,324
200,summoner-37953579,201,Wieledrog,Master,332,92,,190,152
201,summoner-32277551,202,TL Playmaker,Master,322,167,,674,643
202,summoner-30955779,203,StormRagez,Master,316,82,,417,390
203,summoner-19145963,204,BuBBlehun,Master,316,54,,123,78
204,summoner-38405754,205,eR Petrásek,Master,315,148,,152,118
205,summoner-41232411,206,PASÒK,Master,311,91,,252,183
206,summoner-24287131,207,Myštić,Master,310,88,,108,67
207,summoner-21652445,208,WADOWICKA BESTIA,Master,302,70,,221,145
208,summoner-24320283,209,Commander Lexa,Master,301,56,,173,141
209,summoner-25837064,210,BIedis,Master,300,86,,367,327
210,summoner-25469960,211,Stumpybuumer,Master,298,102,,153,120
211,summoner-47802316,212,Jôn Snow,Master,297,96,,181,149
212,summoner-54757552,213,DankMilky,Master,297,76,,104,69
213,summoner-39653179,214,C9 Giubi,Master,296,73,,235,202
214,summoner-72505969,215,Pz ΖZang,Master,292,48,,151,83
215,summoner-28984810,216,prodajnica,Master,288,50,,76,40
216,summoner-48613864,217,Hi Im Fali,Master,285,85,,276,205
217,summoner-43110478,218,Annie IRL,Master,284,171,,404,380
218,summoner-20779068,219,Vrasta,Master,284,107,,164,129
219,summoner-21180291,220,Jollteon,Master,282,187,,275,247
220,summoner-69503652,221,Knife Cat 420,Master,280,67,,257,205
221,summoner-224731,222,niszczyciel,Master,279,64,,146,116
222,summoner-61002976,223,Chains,Master,275,123,,354,325
223,summoner-69253007,224,Wétru,Master,274,111,,199,169
224,summoner-30902324,225,Nicram,Master,248,120,,193,170
225,summoner-27279160,226,mihaibaros,Master,267,93,,313,278
226,summoner-41186365,227,Void Is So Empty,Master,267,138,,209,182
227,summoner-19360640,228,Masochista,Master,267,97,,180,140
228,summoner-27865746,229,ChosenONF1rE,Master,258,85,,313,295
229,summoner-33093065,230,EmdielGG,Master,254,107,,381,364
230,summoner-40227793,231,xLaur13x,Master,233,92,,164,132
231,summoner-43363830,232,SunriSSe1,Master,251,141,,133,100
232,summoner-60894781,233,kesteen,Master,250,75,,213,163
233,summoner-21776015,234,Twerk For Gank,Master,250,50,,117,73
234,summoner-20093613,235,IS1d30431af74fbd,Master,246,48,,117,89
235,summoner-29954113,236,GodFree,Master,242,118,,227,204
236,summoner-29506183,237,16yo ToxicFckboy,Master,241,92,,195,163
237,summoner-24199070,238,zamzu,Master,240,92,,224,186
238,summoner-19986326,239,LordVladimirus,Master,240,74,,196,173
239,summoner-38122606,240,Minmaxer,Master,239,112,,423,400
240,summoner-59073355,241,Mppalalol,Master,259,99,,276,237
241,summoner-57147850,242,ƒrost,Master,234,117,,282,259
242,summoner-42312984,243,EUNE Hi Im  LOGO,Master,220,86,,309,266
243,summoner-26899838,244,Jarzynski,Master,236,140,,224,202
244,summoner-41649116,245,Faker Dog v2,Master,236,51,,116,118
245,summoner-34087306,246,Maga,Master,212,120,,396,354
246,summoner-24502829,247,dragonn74,Master,228,102,,427,387
247,summoner-35461398,248,Conaaa,Master,244,96,,392,370
248,summoner-70688522,249,Juliα,Master,226,94,,274,229
249,summoner-311278,250,Savage Pigeon,Master,225,156,,298,269
250,summoner-42461154,251,iG Dreedy,Master,225,74,,119,103
251,summoner-32497639,252,Son Goku,Master,224,84,,212,187
252,summoner-54123780,253,martonbulatko,Master,224,89,,201,168
253,summoner-19867011,254,Sebbedan,Master,224,63,,87,58
254,summoner-42312343,255,Vertí,Master,223,103,,144,112
255,summoner-25984594,256,PRE OmulFinn,Master,222,124,,373,331
256,summoner-44457343,257,115kg MARKSMAN,Master,222,116,,302,269
257,summoner-20079073,258,Again the Same,Master,222,80,,212,180
258,summoner-30695393,259,Koczis,Master,222,55,,94,59
259,summoner-23345860,260,KiF1a,Master,220,73,,186,166
260,summoner-21877641,261,Kreeyu,Master,238,77,,369,335
261,summoner-49476762,262,Aster,Master,219,83,,191,162
262,summoner-45776022,263,nleTV,Master,218,77,,328,252
263,summoner-39803017,264,legendari22,Master,232,98,,204,171
264,summoner-70453402,265,MoonLandinEzreal,Master,215,87,,301,237
265,summoner-43591549,266,Ðexter,Master,215,117,,237,205
266,summoner-39691163,267,Sha D Clone,Master,215,92,,143,104
267,summoner-52685879,268,Memøry,Master,214,116,,258,210
268,summoner-175104,269,Tydor,Master,232,50,,124,73
269,summoner-35444016,270,JusTSkiLLzZ,Master,213,97,,161,140
270,summoner-36915090,271,Grima,Master,212,99,,368,335
271,summoner-54517674,272,Dexa497,Master,212,57,,103,64
272,summoner-34886646,273,Agirdi ko ziuri,Master,211,80,,379,292
273,summoner-58905962,274,LeeSinToMyPings,Master,209,80,,166,135
274,summoner-38767154,275,Fiery Dust,Master,209,113,,166,147
275,summoner-22030635,276,RossG7,Master,209,109,,157,125
276,summoner-58175288,277,xDoggieSx,Master,208,92,,210,176
277,summoner-22362343,278,Kroliczekk,Master,205,128,,268,239
278,summoner-19493533,279,Jarmy,Master,183,83,,240,201
279,summoner-73146124,280,Ιcey,Master,202,50,,164,106
280,summoner-29088317,281,Norbiso Dog,Master,202,54,,104,79
281,summoner-30960083,282,i am flo,Master,201,72,,93,62
282,summoner-31727926,283,WAZZAPPPPPPPPPP,Master,200,66,,203,152
283,summoner-51764533,284,Wallin,Master,200,92,,144,105
284,summoner-27294577,285,XxAronxX,Master,199,89,,301,274
285,summoner-48285573,286,Frost Edy,Master,197,89,,206,181
286,summoner-25572898,287,Jędrzej Zabujca,Master,196,84,,217,187
287,summoner-47353389,288,iMrPresident,Master,195,175,,518,480
288,summoner-40203376,289,TopAp4cz,Master,192,138,,284,260
289,summoner-22718673,290,egirl slayer 420,Master,192,91,,228,192
290,summoner-43494933,291,KY Ada,Master,191,81,,171,129
291,summoner-72374470,292,IKneelOnlyToGod,Master,189,59,,177,139
292,summoner-26639869,293,Dunk Prophecies,Master,206,107,,210,164
293,summoner-26959187,294,Marcinek2005PL,Master,186,83,,264,230
294,summoner-44768883,295,BunnyJumper,Master,185,47,,94,38
295,summoner-44377634,296,Lοtus,Master,162,132,,265,240
296,summoner-32634015,297,Ponzu,Master,184,56,,109,80
297,summoner-20145328,298,Amerasu,Master,182,99,,178,151
298,summoner-26565340,299,ÒG Mérciless,Master,181,116,,277,257
299,summoner-25242066,300,JD Kublot,Master,181,57,,92,61
300,summoner-38459984,301,Nivelenn,Master,180,85,,282,268
301,summoner-35437975,302,Beast Zed Mid,Master,180,90,,172,146
302,summoner-23791258,303,DoDo senpai,Master,180,87,,130,95
303,summoner-41456515,304,RIE Dugo,Master,180,53,,100,79
304,summoner-32736705,305,Alistar is Cow,Master,179,110,,89,63
305,summoner-31178204,306,depressed ad,Master,178,121,,144,108
306,summoner-47936016,307,Mortain,Master,176,117,,219,179
307,summoner-24700982,308,Czaraf,Master,193,85,,280,250
308,summoner-22712849,309,Valar Dohaerís,Master,173,87,,231,199
309,summoner-41865371,310,DarIing,Master,171,66,,240,160
310,summoner-27811008,311,Bírkí,Master,170,84,,195,164
311,summoner-32978996,312,Pivotek,Master,163,90,,360,282
312,summoner-26803517,313,Humble Healer,Master,167,87,,331,310
313,summoner-64938219,314,SKT T1 Flash R,Master,166,72,,334,291
314,summoner-28178174,315,samz0r,Master,166,81,,239,213
315,summoner-24147445,316,Leprowujek,Master,166,42,,94,40
316,summoner-30085498,317,Kewl Bat,Master,164,68,,210,184
317,summoner-21843031,318,Boys Do Cry,Master,162,67,,209,185
318,summoner-49861951,319,Sveronis,Master,162,52,,195,65
319,summoner-24519136,320,Mirevin,Master,161,90,,303,270
320,summoner-31518017,321,Sabaku TaisΦ,Master,161,82,,288,239
321,summoner-37928532,322,Mr Miks,Master,160,98,,290,266
322,summoner-33768429,323,Píngwin,Master,160,120,,240,211
323,summoner-21425598,324,CedRa,Master,160,79,,181,157
324,summoner-29213366,325,itZ A4ron,Master,160,97,,137,106
325,summoner-31795487,326,FA21TH,Master,159,94,,308,280
326,summoner-44754808,327,Lolofontello,Master,158,113,,405,382
327,summoner-72416267,328,jeonggeul uiwang,Master,155,57,,196,140
328,summoner-38227985,329,Röyhkeä,Master,155,82,,117,82
329,summoner-23402936,330,kurtdenstore,Master,141,51,,135,109
330,summoner-70417188,331,Neko East,Master,153,87,,326,294
331,summoner-31738066,332,Kallukka,Master,153,92,,296,265
332,summoner-34876945,333,QQ Mati,Master,153,91,,125,102
333,summoner-33909458,334,AzianoCZ,Master,152,66,,198,167
334,summoner-30226164,335,Fr0m 0 2 Her0,Master,152,62,,154,131
335,summoner-32276830,336,BlindMasteRr,Master,151,86,,307,275
336,summoner-25595710,337,Newb4610,Master,151,86,,143,110
337,summoner-27267596,338,Onys the ťulda,Master,150,100,,314,282
338,summoner-36244072,339,1453 PepeHands,Master,150,106,,300,277
339,summoner-38564431,340,PingviinsLv,Master,148,72,,147,117
340,summoner-38605595,341,Nicki Benz,Master,148,58,,142,109
341,summoner-46424200,342,Iegolas,Master,148,66,,123,77
342,summoner-38646934,343,Mateusss smurf,Master,165,53,,145,101
343,summoner-26517392,344,DG Soul,Master,146,74,,61,33
344,summoner-25594275,345,Anapsokwlias,Master,145,113,,305,270
345,summoner-38459471,346,Juzoo,Master,145,92,,255,223
346,summoner-52516246,347,ExposeD452,Master,142,113,,240,217
347,summoner-62573177,348,ED Ye Qiu,Master,144,93,,424,369
348,summoner-29756949,349,Amir Kebab Rip,Master,144,89,,239,209
349,summoner-28531153,350,Fl4p3k,Master,144,79,,237,216
350,summoner-30464270,351,V5 Sentinel,Master,144,107,,229,198
351,summoner-29646879,352,AHS8,Master,143,67,,276,250
352,summoner-31554189,353,KYRlE IRVING,Master,143,89,,199,176
353,summoner-31264198,354,hi im todzio,Master,143,68,,114,95
354,summoner-24426105,355,xEchy,Master,142,63,,178,151
355,summoner-24200990,356,Arrof,Master,121,133,,440,421
356,summoner-22571774,357,Makos,Master,138,114,,150,129
357,summoner-37253320,358,Craz1rabitMPAMPA,Master,138,67,,123,102
358,summoner-63747327,359,3 Stars 1 Dragon,Master,137,44,,72,41
359,summoner-32266483,360,Tyexus,Master,136,103,,288,256
360,summoner-37310714,361,Sylko,Master,136,88,,159,134
361,summoner-37136474,362,bIood of life,Master,133,146,,273,250
362,summoner-52336189,363,Complain,Master,116,65,,134,104
363,summoner-34870972,364,Spiks Fanb0y,Master,132,133,,432,419
364,summoner-35785372,365,TOMage,Master,131,69,,203,186
365,summoner-21930072,366,Sea Of Zorrow,Master,130,66,,100,77
366,summoner-23864813,367,Boost za nudle,Master,129,110,,288,260
367,summoner-33774479,368,Szöcske,Master,129,105,,228,209
368,summoner-40752923,369,Ic3Poro,Master,129,71,,191,171
369,summoner-38555321,370,NobodyLovesM3,Master,129,88,,167,131
370,summoner-23756551,371,let me pyke you,Master,112,146,,605,580
371,summoner-40705422,372,Paštikus Vagínus,Master,128,82,,168,138
372,summoner-33997861,373,Lil Tom,Master,127,59,,103,79
373,summoner-29764123,374,NaèbanyMÍstrzu,Master,126,115,,288,258
374,summoner-69076318,375,SPACEBAR PLAYER,Master,126,43,,100,49
375,summoner-29556273,376,Bagienny Szymon,Master,124,108,,333,306
376,summoner-46849163,377,Gipuo,Master,124,119,,314,294
377,summoner-30839206,378,D4ynight,Master,124,107,,312,295
378,summoner-27976861,379,Glishaa,Master,124,64,,140,98
379,summoner-21142220,380,GodSoap,Master,123,93,,270,248
380,summoner-38796534,381,Hjeern,Master,123,101,,248,226
381,summoner-40761190,382,DON ProbleemxD,Master,123,112,,184,161
382,summoner-40749652,383,DON Detor,Master,123,117,,184,160
383,summoner-20584723,384,KorShack,Master,123,93,,112,84
384,summoner-57694673,385,Jacob vo vani,Master,121,51,,119,87
385,summoner-51041734,386,Remígiusz,Master,120,140,,137,102
386,summoner-45693791,387,LeBalance,Master,119,145,,328,303
387,summoner-29965908,388,Qweszaq,Master,119,84,,149,122
388,summoner-35086934,389,Joonatan,Master,118,98,,201,158
389,summoner-52323298,390,Blackøut,Master,118,104,,145,133
390,summoner-43239321,391,matiociekasexem,Master,117,111,,366,346
391,summoner-33726754,392,Murskauskone3000,Master,117,67,,248,195
392,summoner-26926091,393,ReLic7us,Master,117,73,,142,123
393,summoner-60013756,394,The Kayle,Master,115,48,,120,88
394,summoner-25804900,395,paszkos,Master,113,112,,426,400
395,summoner-21129318,396,Hyperíon,Master,113,138,,173,158
396,summoner-33959520,397,xMid or Nuke,Master,113,63,,129,106
397,summoner-38323190,398,Blakayy,Master,112,102,,334,271
398,summoner-35742411,399,elofactory com,Master,112,54,,143,93
399,summoner-19665363,400,Schp,Master,112,59,,122,88
400,summoner-25130219,401,SzAmiker,Master,112,50,,101,65
401,summoner-28691827,402,LFT Puppe,Master,110,111,,173,144
402,summoner-25142065,403,iNaffuu,Master,110,59,,168,150
403,summoner-27134795,404,True Wanderer,Master,109,41,,86,45
404,summoner-45833746,405,Midas LFT,Master,106,61,,260,179
405,summoner-23434374,406,xXKertoXx,Master,106,80,,166,112
406,summoner-26467183,407,LilaPaυse,Master,105,118,,353,339
407,summoner-29543702,408,Her Charmer,Master,105,95,,238,210
408,summoner-38563426,409,DragonflyerPL,Master,104,104,,259,219
409,summoner-28326387,410,UNQ Kubson,Master,103,110,,212,179
410,summoner-33344680,411,Mâd Rât,Master,102,71,,245,205
411,summoner-38285650,412,RX Cinca,Master,102,85,,201,181
412,summoner-41989610,413,GNîDîS,Master,102,63,,168,139
413,summoner-32854718,414,Xayol v2,Master,102,55,,107,69
414,summoner-47871366,415,lövhögen,Master,101,103,,147,122
415,summoner-34990484,416,Shijnder,Master,101,155,,129,110
416,summoner-37324816,417,AGT Sobol,Master,100,77,,240,213
417,summoner-40164810,418,A B U D,Master,100,91,,179,156
418,summoner-29847233,419,EvilxHyper1v9,Master,100,98,,134,113
419,summoner-68945358,420,Zorganizowany,Master,98,69,,205,177
420,summoner-34373450,421,pintek pl,Master,97,97,,248,212
421,summoner-27745505,422,L9 Icereaper,Master,97,53,,170,88
422,summoner-19724182,423,Wicked Cookie,Master,121,45,,65,36
423,summoner-20433541,424,Amant z Sosnowca,Master,96,89,,276,248
424,summoner-36665468,425,Quinsie Revenge,Master,96,78,,220,198
425,summoner-20574477,426,Zarzator,Master,96,59,,156,118
426,summoner-22870085,427,Jake Banks,Master,96,70,,131,100
427,summoner-21220764,428,hi im czajek,Master,96,78,,121,95
428,summoner-34296788,429,Right Handed,Master,95,58,,152,130
429,summoner-41645583,430,DenizEN,Master,94,91,,385,306
430,summoner-34707077,431,RS Seboost1an,Master,94,110,,307,275
431,summoner-35566765,432,Pitress,Master,93,74,,229,207
432,summoner-28167733,433,oslerCZ,Master,92,93,,272,222
433,summoner-21309312,434,Linley Baruch,Master,92,77,,202,133
434,summoner-38788159,435,uniporn,Master,92,83,,141,122
435,summoner-71549187,436,Nothing Ends,Master,91,56,,193,151
436,summoner-40947657,437,Matrix Sama,Master,91,74,,188,168
437,summoner-31455034,438,ˉunknown mid,Master,89,103,,173,150
438,summoner-24640007,439,hi im neves,Master,105,99,,302,277
439,summoner-20076561,440,SDOM ALLEN,Master,88,73,,200,184
440,summoner-60793117,441,14etaneR,Master,72,50,,127,104
441,summoner-32487581,442,Elniks,Master,85,105,,322,298
442,summoner-24399731,443,Filip02,Master,85,109,,295,278
443,summoner-36328146,444,ZboczonyHektor,Master,104,54,,174,145
444,summoner-43502680,445,Crea,Master,83,80,,157,137
445,summoner-33077827,446,TEAM IS FAMILY,Master,82,55,,99,80
446,summoner-40754180,447,Sάωαηο,Master,80,137,,391,364
447,summoner-37735418,448,Sir BigT,Master,80,76,,326,267
448,summoner-19374680,449,THR Joe,Master,80,58,,178,115
449,summoner-45410476,450,WLD hi im mate,Master,80,56,,59,31
450,summoner-59194680,451,MiiaBestLamia,Master,78,91,,305,287
451,summoner-42693498,452,Terrorysta1,Master,78,72,,266,134
452,summoner-37314741,453,Molière,Master,77,80,,319,299
453,summoner-28307643,454,Marcellus23,Master,77,69,,160,133
454,summoner-34705189,455,hi its Albatross,Master,77,86,,99,76
455,summoner-24234349,456,Parksman Mlayer,Master,77,76,,65,49
456,summoner-27116848,457,Specter XIV,Master,76,101,,257,236
457,summoner-37263763,458,vanko 1,Master,75,111,,611,599
458,summoner-19864501,459,Vallvex,Master,75,132,,224,202
459,summoner-20435279,460,A Decent Unicorn,Master,75,65,,173,143
460,summoner-41605618,461,KAKABRUTA,Master,75,69,,125,106
461,summoner-27218502,462,SUICIDAL EBOY,Master,75,46,,125,63
462,summoner-52156665,463,gibe pusi b0ss,Master,74,80,,356,290
463,summoner-45265491,464,DAB DAB DAB DAB,Master,74,62,,165,130
464,summoner-22120650,465,DTG shy jan,Master,73,115,,168,145
465,summoner-66396230,466,I AM SO TALONTED,Master,73,72,,163,142
466,summoner-24984653,467,Goddess Ofaf,Master,72,131,,402,382
467,summoner-71497498,468,Shãrky,Master,72,74,,321,278
468,summoner-24602552,469,ThotnessEmbrace,Master,72,108,,315,295
469,summoner-43879253,470,Troxen,Master,72,92,,198,185
470,summoner-38629296,471,Buszux,Master,72,75,,184,150
471,summoner-34825505,472,Τana,Master,72,133,,131,113
472,summoner-43943854,473,XXX65696D6973,Master,72,46,,101,38
473,summoner-26020106,474,TypowyLeśnik,Master,70,105,,208,188
474,summoner-36100496,475,LighTn1nG,Master,69,158,,375,355
475,summoner-19074566,476,íÎì Stark,Master,69,71,,261,236
476,summoner-57573785,477,Vengeance Reborn,Master,68,143,,309,268
477,summoner-22164949,478,Fliper,Master,68,69,,178,155
478,summoner-24538556,479,GeneralJohny,Master,66,176,,377,360
479,summoner-35471685,480,I am Budzik,Master,66,99,,122,103
480,summoner-71071897,481,Patà,Master,66,44,,110,56
481,summoner-19766642,482,Arbalezt,Master,66,74,,106,72
482,summoner-20322181,483,AS JamesSawyer,Master,65,117,,395,373
483,summoner-21398034,484,Thé Fàllén Angél,Master,65,81,,198,165
484,summoner-36835782,485,Lignio,Master,65,114,,127,111
485,summoner-40194654,486,deepionel,Master,65,138,,105,80
486,summoner-57817732,487,Findy Jr,Master,65,49,,59,30
487,summoner-36317960,488,vestra de sidere,Master,64,86,,157,136
488,summoner-29534182,489,kotletaz,Master,64,72,,145,118
489,summoner-38040775,490,TheHaccer13,Master,63,59,,153,124
490,summoner-19769056,491,Kenshin,Master,63,67,,143,120
491,summoner-41107575,492,DareDévil Fanboy,Master,63,89,,79,41
492,summoner-27527112,493,Ρennywise,Master,62,102,,252,231
493,summoner-32824913,494,Mobú v2,Master,61,85,,243,201
494,summoner-24272802,495,DenKakai,Master,61,75,,198,169
495,summoner-29345064,496,AooShin,Master,59,98,,124,108
496,summoner-19790765,497,Taxi Naser,Master,58,119,,436,409
497,summoner-25591013,498,Viktør,Master,58,94,,157,140
498,summoner-34878172,499,Hakushino,Master,57,70,,63,37
499,summoner-45064213,500,Exthellion,Master,56,98,,272,252
500,summoner-69156140,501,Kiyotaka,Master,56,48,,152,99
501,summoner-44765346,502,L9 Kvasna,Master,56,65,,151,129
502,summoner-23766594,503,Elder Gorni,Master,56,63,,116,88
503,summoner-21990899,504,Divine Banana,Master,56,125,,72,51
504,summoner-57967315,505,xKanelen,Master,55,118,,393,362
505,summoner-33533249,506,vukojarac,Master,55,87,,168,154
506,summoner-30350053,507,Clone Jester,Master,55,103,,134,104
507,summoner-68744972,508,mrHookUrGIRL,Master,40,43,,101,55
508,summoner-56794541,509,xXxKGxXx,Master,36,100,,335,322
509,summoner-19796157,510,shaaz,Master,54,67,,154,128
510,summoner-44094588,511,dølce ft,Master,53,61,,102,76
511,summoner-42994549,512,TL PiercingLight,Master,51,145,,327,308
512,summoner-30159407,513,DJFrytek,Master,51,84,,179,141
513,summoner-40219024,514,NahkaParturi,Master,49,124,,136,107
514,summoner-39632545,515,myR Adev,Master,49,109,,129,104
515,summoner-44754609,516,GPLAY Samanan,Master,49,45,,82,57
516,summoner-33887230,517,DarkRider55,Master,48,47,,108,77
517,summoner-59595990,518,Anathema,Master,47,79,,217,201
518,summoner-41603169,519,Purrpurr,Master,47,98,,111,91
519,summoner-24308225,520,Riga Crypto,Master,46,55,,193,126
520,summoner-46816169,521,PGD Kenrix,Master,46,82,,102,79
521,summoner-24168317,522,Quinn Airlines,Master,43,108,,414,397
522,summoner-21039791,523,Zombilau,Master,43,88,,272,267
523,summoner-42405409,524,LordWafer,Master,43,76,,106,81
524,summoner-30954692,525,Xclusive 25,Master,42,126,,595,582
525,summoner-73082971,526,EuneIsGreat,Master,42,53,,170,106
526,summoner-71555275,527,iG Sufon,Master,41,63,,202,148
527,summoner-71623135,528,Ryan Mikkelsen,Master,41,69,,131,101
528,summoner-21516154,529,Klordix,Master,40,116,,347,323
529,summoner-32984130,530,RX Trainsane,Master,40,95,,205,180
530,summoner-36412552,531,737,Master,40,56,,177,135
531,summoner-34990979,532,RayRexi,Master,40,94,,173,146
532,summoner-36362552,533,dwa dobre pićka,Master,40,78,,94,73
533,summoner-20945176,534,Halucynék,Master,56,119,,593,552
534,summoner-20480930,535,B GOD,Master,39,51,,91,29
535,summoner-27188813,536,SnutteTANT,Master,38,70,,224,167
536,summoner-70655337,537,Lee šin otp here,Master,38,47,,100,55
537,summoner-21069443,538,Pajgino,Master,37,96,,115,82
538,summoner-37159691,539,TSM Tanaci,Master,36,146,,376,356
539,summoner-22691885,540,SIMBATA7,Master,16,63,,146,121
540,summoner-31446400,541,HUNT Szymek,Master,36,123,,144,121
541,summoner-22430478,542,Hipoooo,Master,35,96,,195,161
542,summoner-39593293,543,Heroin Party Zed,Master,34,86,,266,236
543,summoner-36903455,544,Hubonn,Master,51,80,,134,109
544,summoner-34011141,545,HPC MlodyGamer,Master,14,114,,291,264
545,summoner-19544631,546,MosEisley,Master,33,47,,136,82
546,summoner-32589268,547,Gøku,Master,33,85,,126,101
547,summoner-59893208,548,Märq,Master,33,56,,94,69
548,summoner-71485927,549,no pain no cane,Master,32,104,,388,347
549,summoner-26925653,550,Ρingo,Master,30,84,,223,200
550,summoner-32853379,551,lmmortal,Master,29,73,,243,228
551,summoner-32307429,552,Deizlo,Master,10,76,,238,219
552,summoner-34323279,553,Zer0 to Ner0,Master,29,93,,118,100
553,summoner-60253033,554,Hustels,Master,28,81,,226,199
554,summoner-34209019,555,Veig,Master,28,75,,161,128
555,summoner-29476578,556,klzz,Master,28,71,,77,55
556,summoner-28122519,557,FluffyPoo,Master,27,121,,211,177
557,summoner-29853190,558,Slý Tαils,Master,26,87,,108,81
558,summoner-28967240,559,NIghtRain 13,Master,7,130,,425,407
559,summoner-40547172,560,Crownguardd,Master,24,141,,175,144
560,summoner-21286104,561,Prayforsyria,Master,23,92,,360,319
561,summoner-20382823,562,yung TorcicaPUT3,Master,23,62,,214,184
562,summoner-27469510,563,Tissu,Master,8,76,,91,68
563,summoner-50213372,564,Alter Gilgamesh,Master,22,174,,319,292
564,summoner-41343975,565,Masa Thug Life,Master,22,113,,170,158
565,summoner-41679925,566,Zara Larsson,Master,21,116,,301,280
566,summoner-24684165,567,S1rNasty,Master,21,71,,272,210
567,summoner-30393911,568,Honoz,Master,21,82,,234,207
568,summoner-33960640,569,Poetepe,Master,21,65,,158,137
569,summoner-38845123,570,Alradon,Master,21,96,,146,115
570,summoner-26353158,571,Norox,Master,21,69,,124,107
571,summoner-60135843,572,SanyaDau v2,Master,20,116,,243,219
572,summoner-33057637,573,sexezSTAR,Master,19,86,,410,388
573,summoner-39583344,574,triung,Master,2,96,,284,261
574,summoner-31618238,575,TodiTheGod,Master,1,73,,226,211
575,summoner-36674967,576,vad heter du,Master,19,50,,134,106
576,summoner-38986973,577,soczystypytol98,Master,19,53,,95,65
577,summoner-23488688,578,Szakacs,Master,18,107,,240,212
578,summoner-23601893,579,ilovepiez,Master,17,93,,190,172
579,summoner-31876210,580,Rebellion2,Master,17,73,,134,95
580,summoner-21087877,581,KY Satanico,Master,17,63,,113,92
581,summoner-37565478,582,Shaz,Master,0,84,,99,72
582,summoner-38965264,583,SAEEDMUS,Master,16,102,,199,173
583,summoner-41551267,584,El3cTr0S0c,Master,15,58,,159,134
584,summoner-35494788,585,Exenon,Master,14,144,,275,283
585,summoner-27494606,586,Caedryn,Master,14,136,,123,99
586,summoner-38133362,587,cbdu,Master,13,108,,254,230
587,summoner-36185015,588,C A N G O O R,Master,11,108,,250,234
588,summoner-24744012,589,Felisjano,Master,11,76,,120,95
589,summoner-34940601,590,fetusismydinner,Master,10,96,,304,282
590,summoner-35674379,591,tsakos007,Master,8,87,,299,267
591,summoner-70418172,592,Wexillon,Master,8,98,,276,244
592,summoner-39620487,593,Skassy,Master,28,111,,320,305
593,summoner-52559355,594,BãyMμtrá,Master,5,133,,277,253
594,summoner-34318299,595,InTheHellOfElo,Master,5,73,,255,233
595,summoner-46423361,596,ImJustSaiyan,Master,5,79,,139,114
596,summoner-28710962,597,Egoista w Soloq,Master,4,83,,116,105
597,summoner-30447363,598,Darknéss,Master,3,123,,224,201
598,summoner-24072999,599,Halcyzeron,Master,3,95,,105,82
599,summoner-25294231,600,botichello,Master,2,89,,348,299
600,summoner-27059616,601,Eradicated,Master,40,92,,276,251
601,summoner-72532970,602,Aki Senpai,Master,2,89,,190,159
602,summoner-44030756,603,Jég,Master,0,57,,180,131
603,summoner-22886940,604,noızzy,Master,2,82,,90,59
604,summoner-39658139,605,Zera,Master,0,188,,685,670
605,summoner-32404054,606,negative winrate,Master,0,105,,505,481
606,summoner-47962920,607,major failure,Master,0,117,,409,403
607,summoner-25477643,608,Zapper02,Master,0,113,,388,369
608,summoner-52332925,609,Grímmjôw,Master,0,149,,320,280
609,summoner-40554647,610,Daddy Gragas,Master,0,145,,289,273
610,summoner-33940581,611,H x,Master,0,122,,276,249
611,summoner-37879267,612,War pe Mental,Master,0,165,,263,229
612,summoner-27393446,613,Gamay666,Master,0,97,,255,235
613,summoner-29724710,614,pisinmyblouse,Master,0,86,,248,217
614,summoner-37074782,615,morderca32,Master,0,61,,241,173
615,summoner-25193057,616,BlameCookie,Master,0,83,,236,215
616,summoner-27050356,617,Tveliv,Master,0,97,,229,211
617,summoner-57023102,618,Lötüs,Master,0,94,,225,209
618,summoner-21587261,619,DoctorNlck,Master,0,84,,223,175
619,summoner-28520357,620,Friendly Skulla,Master,0,78,,219,202
620,summoner-59668537,621,žennoŽTG,Master,0,116,,218,199
621,summoner-35538261,622,Teddybéar,Master,0,62,,218,196
622,summoner-24200190,623,Next Level FIZZ,Master,0,77,,217,197
623,summoner-28172180,624,Pick me Janna,Master,0,75,,209,187
624,summoner-26774670,625,FP Zorin Blitz,Master,0,75,,199,176
625,summoner-38376885,626,Suicidal Supp,Master,0,96,,192,157
626,summoner-71509291,627,SnakeInTracksuit,Master,0,67,,190,134
627,summoner-47221733,628,LLENN,Master,0,94,,188,131
628,summoner-38403820,629,stefanxp,Master,0,92,,186,166
629,summoner-29526523,630,pykestanos,Master,0,83,,178,152
630,summoner-23805754,631,Centawr,Master,0,66,,172,147
631,summoner-44347625,632,SKT KrWannaBe,Master,0,76,,158,132
632,summoner-70617689,633,HerHex,Master,0,99,,158,114
633,summoner-38583230,634,Zebron,Master,0,60,,149,114
634,summoner-20922524,635,Far,Master,0,89,,145,127
635,summoner-39867623,636,Michael001,Master,0,50,,143,53
636,summoner-70146530,637,Diosh,Master,0,83,,142,99
637,summoner-50305148,638,FrozenCubBG,Master,0,48,,140,67
638,summoner-32189292,639,Zhenzi v2,Master,0,97,,136,113
639,summoner-51963350,640,Luky001,Master,0,64,,134,111
640,summoner-30906515,641,Steve Angello,Master,0,82,,133,111
641,summoner-37673006,642,We Go Cr4zY,Master,0,47,,130,72
642,summoner-24434103,643,sl0wla,Master,0,100,,128,104
643,summoner-25235174,644,mortalcombatant,Master,0,79,,118,73
644,summoner-54836755,645,m7md7100,Master,0,72,,113,87
645,summoner-45943087,646,Redillion,Master,0,71,,106,78
646,summoner-46673697,647,Mégumin,Master,0,108,,104,76
647,summoner-26500654,648,donce123,Master,0,80,,98,72
648,summoner-58653622,649,WildheroStream,Master,0,54,,91,38
649,summoner-36685606,650,KATYPERRYFAN123,Master,0,47,,74,44
650,summoner-68808416,651,cutie princess,Master,0,38,,67,27
651,summoner-30046712,652,brooo 8D,Master,0,46,,65,31
652,summoner-41048627,653,Trust Me Im JEDl,Master,0,72,,64,41
653,summoner-25478522,654,KIS WITH Y,Diamond 1,100,105,,424,398
654,summoner-28994651,655,Xaroula,Diamond 1,100,104,,419,392
655,summoner-30844775,656,UnicornLeader,Diamond 1,100,137,,396,359
656,summoner-30144977,657,Mmesek,Master,0,104,,301,272
657,summoner-22293716,658,zjemcikrede,Diamond 1,100,115,,278,256
658,summoner-32956070,659,HCT Erlich,Diamond 1,100,86,,269,238
659,summoner-28526239,660,Kundzior123,Diamond 1,100,88,,244,243
660,summoner-37363403,661,Václav Šrajer,Diamond 1,100,76,,233,195
661,summoner-31204878,662,GRE Pokerstar,Diamond 1,100,101,,224,197
662,summoner-19521131,663,gmxristos,Diamond 1,100,96,,208,186
663,summoner-63523937,664,Àrdént Cénsér,Diamond 1,100,112,,174,153
664,summoner-23687496,665,Pendecho,Diamond 1,100,82,,160,133
665,summoner-28537478,666,Hrazerixxxxxxx,Diamond 1,100,82,,158,130
666,summoner-68387562,667,LeQu On Smurf,Diamond 1,100,56,,153,121
667,summoner-29062803,668,V for VayNeDeTa,Master,0,78,,154,133
668,summoner-28398978,669,SMUTNY PAJAC,Diamond 1,100,57,,142,89
669,summoner-38540729,670,EUNE POGGERS,Master,0,54,,138,75
670,summoner-33519577,671,meenawy,Diamond 1,100,68,,110,73
671,summoner-35069789,672,Cháotic,Diamond 1,100,66,,109,89
672,summoner-63833189,673,POLhedzik019,Master,0,42,,103,49
673,summoner-36053985,674,Unlucky Niko,Diamond 1,100,84,,97,75
674,summoner-26325874,675,atomic bald,Diamond 1,100,53,,94,61
675,summoner-70173009,676,Two Shiv Shaco,Diamond 1,100,54,,87,54
676,summoner-55733049,677,Nabsteb,Diamond 1,100,60,,86,48
677,summoner-34396720,678,Stephprobabe,Diamond 1,100,55,,68,39
678,summoner-37627217,679,Ejsner,Diamond 1,100,58,,55,35
679,summoner-62003907,680,XprObacKGG,Diamond 1,99,111,,328,300
680,summoner-23799544,681,HCT shizeR,Diamond 1,99,97,,282,243
681,summoner-26498433,682,CTF Manatee,Diamond 1,99,89,,245,217
682,summoner-63285135,683,Daddy Roro,Diamond 1,98,63,,170,106
683,summoner-66685523,684,Sushi Kid,Diamond 1,98,72,,151,107
684,summoner-27860733,685,Dawîd,Diamond 1,97,79,,111,86
685,summoner-19403133,686,FrennaFanboy,Diamond 1,97,61,,105,89
686,summoner-65874209,687,Get Clapped,Diamond 1,97,71,,66,42
687,summoner-26734584,688,Godux,Diamond 1,92,96,,357,335
688,summoner-34223704,689,2H2H piškot,Diamond 1,95,89,,216,185
689,summoner-32894209,690,the prodigy ygh,Diamond 1,95,145,,47,33
690,summoner-34888542,691,HeavyDream,Diamond 1,94,63,,55,32
691,summoner-25815701,692,Clara,Diamond 1,93,115,,139,113
692,summoner-22255693,693,BigMazy,Diamond 1,93,41,,87,42
693,summoner-40189047,694,Yuuna,Diamond 1,93,53,,55,37
694,summoner-71130272,695,uDNelly,Diamond 1,92,73,,217,171
695,summoner-72473143,696,Wa kind of smurf,Diamond 1,92,58,,202,165
696,summoner-25221922,697,Grub Woin,Diamond 1,91,90,,172,129
697,summoner-24984199,698,coookieman,Diamond 1,91,115,,88,60
698,summoner-27495704,699,ukko2000,Diamond 1,91,65,,69,48
699,summoner-34350180,700,DGPX Sayetan,Diamond 1,91,44,,66,46
700,summoner-53463132,701,Szybky Lopez,Diamond 1,90,88,,451,397
701,summoner-35256798,702,Tigerfun,Diamond 1,90,110,,244,221
702,summoner-19912775,703,Neawin,Diamond 1,90,69,,182,148
703,summoner-27364826,704,xToma,Diamond 1,90,69,,154,136
704,summoner-25853840,705,WelcomToVietnam,Diamond 1,90,68,,146,109
705,summoner-33873215,706,p3 euw btw,Diamond 1,90,66,,145,118
706,summoner-27865152,707,aąbcć Ð eęfgh,Diamond 1,90,65,,144,125
707,summoner-35480966,708,DGN JustEngry,Diamond 1,90,77,,143,109
708,summoner-33405516,709,BuuDuemer,Diamond 1,90,81,,140,112
709,summoner-69423039,710,Matnisstatpants,Diamond 1,90,48,,133,93
710,summoner-27053145,711,αssαssin,Diamond 1,90,94,,130,86
711,summoner-20200774,712,King Dragún,Diamond 1,90,69,,125,99
712,summoner-32815577,713,The Ryan,Diamond 1,90,68,,124,87
713,summoner-20918068,714,JESSPER77,Diamond 1,90,86,,119,104
714,summoner-30333885,715,SaŁaZaR,Diamond 1,90,131,,113,93
715,summoner-71040739,716,Phílíphkt,Diamond 1,90,66,,113,62
716,summoner-32573416,717,Teräsmara,Diamond 1,90,126,,109,77
717,summoner-39258248,718,Tadeusz98,Diamond 1,90,94,,105,83
718,summoner-29599705,719,A4L,Diamond 1,90,62,,105,71
719,summoner-58033142,720,RED AD Carry,Diamond 1,90,63,,105,77
720,summoner-37141067,721,Ehmedi,Diamond 1,90,86,,98,70
721,summoner-69233016,722,Numikjèks,Diamond 1,90,40,,96,29
722,summoner-25516645,723,Cx KFC Manager,Diamond 1,90,54,,85,62
723,summoner-29146564,724,MrMgr,Diamond 1,90,49,,84,64
724,summoner-32757515,725,IMissAlwaysQ,Diamond 1,90,49,,80,55
725,summoner-68728535,726,beorsaidothor,Diamond 1,90,41,,80,23
726,summoner-20158792,727,Rektus Dominus,Diamond 1,90,101,,77,61
727,summoner-23591874,728,Live,Diamond 1,90,74,,66,37
728,summoner-41454116,729,MarineHBS,Diamond 1,90,57,,51,25
729,summoner-38677879,730,FP Kiko,Diamond 1,74,73,,204,180
730,summoner-24669344,731,Mìs,Diamond 1,89,55,,152,135
731,summoner-27875773,732,FourTwenty Joker,Diamond 1,74,83,,150,115
732,summoner-24389694,733,BestSorakaSmurf,Diamond 1,89,64,,89,62
733,summoner-23981744,734,SonofHashinshin,Diamond 1,88,76,,341,305
734,summoner-24432947,735,NikGio,Diamond 1,88,108,,291,261
735,summoner-33397554,736,Cursed Leblanc,Diamond 1,88,85,,196,171
736,summoner-32297123,737,Latrodectuss,Diamond 1,88,120,,181,156
737,summoner-59623572,738,Duck Farius,Diamond 1,88,53,,123,106
738,summoner-30847068,739,korzen11,Diamond 1,88,47,,112,57
739,summoner-36903434,740,Selson,Diamond 1,88,49,,76,41
740,summoner-57194815,741,Enemenem,Diamond 1,87,107,,205,180
741,summoner-58483319,742,ZeroFoxy,Diamond 1,87,103,,95,79
742,summoner-23617343,743,GL Mayday,Diamond 1,86,72,,109,91
743,summoner-34445989,744,ScarIet,Diamond 1,85,117,,355,332
744,summoner-69146270,745,Barry Oscar,Diamond 1,85,58,,213,164
745,summoner-69195893,746,gobitumilair,Diamond 1,85,56,,171,140
746,summoner-68943644,747,äiti,Diamond 1,85,58,,154,120
747,summoner-43978311,748,GT1 Hochmah,Diamond 1,85,97,,117,90
748,summoner-68555718,749,CherryHeal,Diamond 1,85,50,,115,85
749,summoner-27571865,750,CisneCieRandomem,Diamond 1,85,53,,114,71
750,summoner-39680037,751,FeelsDunkedMan,Diamond 1,100,122,,367,347
751,summoner-36214307,752,NEMANJ4,Diamond 1,84,116,,301,280
752,summoner-62024135,753,ez is Mágus,Diamond 1,84,64,,173,128
753,summoner-44984905,754,Bořek prznitel,Diamond 1,88,71,,132,112
754,summoner-26376711,755,GhostBron,Diamond 1,84,49,,120,63
755,summoner-21832245,756,Coko,Diamond 1,84,52,,89,58
756,summoner-25910707,757,KhaynMain,Diamond 1,83,90,,368,320
757,summoner-31173956,758,Labokop,Diamond 1,100,112,,275,246
758,summoner-22753912,759,n x,Diamond 1,83,79,,207,189
759,summoner-68924659,760,sexy mikasa,Diamond 1,83,56,,160,103
760,summoner-40170900,761,Meecowhy,Diamond 1,83,82,,156,140
761,summoner-61697922,762,Formes,Diamond 1,83,68,,141,123
762,summoner-37124020,763,Evanger,Diamond 1,83,59,,59,34
763,summoner-34467401,764,NLM,Diamond 1,100,72,,315,255
764,summoner-22947721,765,belgie,Diamond 1,82,72,,295,231
765,summoner-32665817,766,Zha Kix,Diamond 1,82,83,,204,183
766,summoner-29259506,767,Mapharazzo,Diamond 1,82,69,,106,91
767,summoner-69433064,768,Looking 4 6irl,Diamond 1,82,46,,91,57
768,summoner-54622990,769,313169,Diamond 1,82,48,,72,52
769,summoner-36323986,770,blo,Diamond 1,81,117,,263,237
770,summoner-20440138,771,Arore,Diamond 1,81,69,,123,104
771,summoner-53895198,772,ZalJK,Diamond 1,81,78,,123,102
772,summoner-22988614,773,Kylo Rên,Diamond 1,81,96,,117,90
773,summoner-69433065,774,KONG STRONG,Diamond 1,81,46,,91,57
774,summoner-24410969,775,KRM,Diamond 1,81,79,,77,51
775,summoner-38483078,776,Dom1nator,Diamond 1,80,79,,256,235
776,summoner-34937486,777,Feed Jinx pl0x,Diamond 1,80,63,,136,94
777,summoner-35828580,778,SIMPLE AND CLEAN,Diamond 1,80,73,,118,93
778,summoner-33287436,779,Happuoppa,Diamond 1,80,77,,107,73
779,summoner-24386368,780,deivyys,Diamond 1,80,84,,102,82
780,summoner-38907771,781,myR Bl4de,Diamond 1,80,87,,94,75
781,summoner-71526530,782,The Kontturi,Diamond 1,80,36,,54,10
782,summoner-28154673,783,XaxaOwOxaxa,Diamond 1,79,164,,430,422
783,summoner-66705989,784,SadFrog exe,Diamond 1,79,96,,300,205
784,summoner-22647486,785,Darkiter,Diamond 1,79,105,,214,185
785,summoner-19868592,786,AkiCr7,Diamond 1,79,76,,115,90
786,summoner-64003070,787,VELVETEARS,Diamond 1,79,49,,95,68
787,summoner-38103284,788,Verum v2,Diamond 1,78,57,,159,101
788,summoner-69409626,789,skirrax v2,Diamond 1,78,56,,87,63
789,summoner-55066936,790,IgnasITZ,Diamond 1,78,51,,81,53
790,summoner-30813446,791,iG ßajky,Diamond 1,78,64,,72,55
791,summoner-20932819,792,Cviç Prase,Diamond 1,77,101,,296,280
792,summoner-41700097,793,Serene Void,Diamond 1,77,87,,261,242
793,summoner-25365139,794,TelluR,Diamond 1,77,83,,257,240
794,summoner-36558641,795,Bloody Sorrõw,Diamond 1,77,94,,172,152
795,summoner-31881620,796,Rapisher,Diamond 1,77,74,,81,63
796,summoner-50343040,797,JK KINGUNEN,Diamond 1,77,49,,65,49
797,summoner-48864239,798,Kamî D Hoyhi,Diamond 1,76,145,,388,360
798,summoner-45753066,799,GANGBANG ILLAOI,Diamond 1,76,109,,237,228
799,summoner-23481935,800,Puri,Diamond 1,76,84,,218,205
800,summoner-31281838,801,EleGíggle,Diamond 1,76,87,,161,142
801,summoner-34333050,802,HELLAS douk,Diamond 1,76,67,,109,65
802,summoner-32568582,803,LevelZeroPlayer,Diamond 1,75,105,,418,384
803,summoner-41456117,804,Suklaakaakao,Diamond 1,75,95,,409,388
804,summoner-33333791,805,MonsterTier,Diamond 1,75,105,,408,396
805,summoner-56034779,806,ProShadowShady,Diamond 1,75,100,,349,319
806,summoner-65063152,807,ShSn,Diamond 1,75,110,,319,296
807,summoner-22887932,808,Błack Swan,Diamond 1,75,109,,287,247
808,summoner-65875722,809,Lunatıc,Diamond 1,75,95,,262,237
809,summoner-43448663,810,LevelZeroLegacy,Diamond 1,75,67,,239,186
810,summoner-30767245,811,Amaretto,Diamond 1,75,98,,235,217
811,summoner-42656092,812,Divine Humanoid,Diamond 1,75,68,,231,153
812,summoner-23845263,813,Ananasy,Diamond 1,75,122,,215,200
813,summoner-61066587,814,TIH 2Cups,Diamond 1,75,106,,214,178
814,summoner-70313892,815,EUW Marksman kek,Diamond 1,75,69,,211,152
815,summoner-58033162,816,Tatsh,Diamond 1,75,69,,193,156
816,summoner-34233510,817,Season 3 Rengar,Diamond 1,75,80,,191,153
817,summoner-21111582,818,Datturaa,Diamond 1,75,61,,190,101
818,summoner-59546383,819,MaderFaker3,Diamond 1,75,49,,187,88
819,summoner-68845540,820,Girl I,Diamond 1,75,73,,186,148
820,summoner-49339151,821,Bufaklin,Diamond 1,75,67,,186,159
821,summoner-28295623,822,Hobbi,Diamond 1,75,83,,186,148
822,summoner-71842996,823,SchwerdG,Diamond 1,75,59,,179,124
823,summoner-54716632,824,ferdik1123,Diamond 1,75,84,,178,155
824,summoner-63583593,825,13597820,Diamond 1,75,66,,166,156
825,summoner-40937267,826,Djres,Diamond 1,75,85,,166,137
826,summoner-21214046,827,Israel HaDayag,Diamond 1,75,72,,164,134
827,summoner-33899572,828,nof3,Diamond 1,75,55,,163,107
828,summoner-70718095,829,Lux PIayer,Diamond 1,75,61,,160,106
829,summoner-34086024,830,7Drakking88,Diamond 1,75,83,,160,115
830,summoner-40025822,831,Kim Dong ha,Diamond 1,75,66,,157,105
831,summoner-47728136,832,SB Szerk,Diamond 1,75,141,,151,114
832,summoner-54553116,833,MihalichV2,Diamond 1,75,63,,148,133
833,summoner-21926693,834,ΦΑΡΑΩ,Diamond 1,75,68,,148,114
834,summoner-21447850,835,The Vitiate,Diamond 1,75,73,,146,133
835,summoner-19391305,836,OopsIamSorry,Diamond 1,75,46,,144,59
836,summoner-53718282,837,CuzimaGoD,Diamond 1,75,72,,143,120
837,summoner-33827501,838,PVE Qenal,Diamond 1,75,73,,143,115
838,summoner-69062973,839,Reorderer 1v9,Diamond 1,75,57,,139,96
839,summoner-23319183,840,Wechat Elovator,Diamond 1,75,46,,138,85
840,summoner-62837444,841,Yøung Light,Diamond 1,75,137,,137,71
841,summoner-24681855,842,RR Syrpy,Diamond 1,75,64,,137,108
842,summoner-24385780,843,Dragfon,Diamond 1,75,66,,134,109
843,summoner-20009677,844,Jessica,Diamond 1,75,47,,131,93
844,summoner-37213573,845,Gl At McDonalds,Diamond 1,75,63,,128,105
845,summoner-46883558,846,AderiQ,Diamond 1,75,61,,127,91
846,summoner-24153857,847,Amades,Diamond 1,75,48,,120,74
847,summoner-21458888,848,Irod,Diamond 1,75,70,,116,83
848,summoner-31707274,849,Danny v2,Diamond 1,75,86,,113,77
849,summoner-55967338,850,Kindral,Diamond 1,75,48,,113,88
850,summoner-25519388,851,VaIkyr,Diamond 1,75,109,,112,91
851,summoner-27571811,852,MaM FaJnE UlTi,Diamond 1,75,53,,111,88
852,summoner-65786172,853,Helixerz,Diamond 1,75,43,,110,73
853,summoner-25015594,854,RockXan,Diamond 1,75,77,,108,68
854,summoner-70623032,855,Vareju iekritot,Diamond 1,75,53,,107,73
855,summoner-52530080,856,PetesAdoptedSon,Diamond 1,75,50,,103,87
856,summoner-29134791,857,Is Top success,Diamond 1,75,64,,96,65
857,summoner-68896555,858,ROMANUL ALB,Diamond 1,75,41,,86,33
858,summoner-71893065,859,TEEMO TO CHALL,Diamond 1,75,43,,83,45
859,summoner-24097768,860,DontBlameMeQQ,Diamond 1,75,71,,82,54
860,summoner-27548394,861,My Angel Ket,Diamond 1,75,101,,78,54
861,summoner-39530236,862,EUNE Abuser,Diamond 1,75,39,,74,18
862,summoner-28880203,863,WLD hextasy,Diamond 1,75,53,,65,32
863,summoner-48203766,864,EUNEPOLICE S,Diamond 1,75,43,,65,23
864,summoner-66943040,865,Je T Aime Trop,Diamond 1,75,46,,64,37
865,summoner-32247025,866,Paulius Kubys,Diamond 1,75,39,,63,27
866,summoner-46605578,867,KataLaNN,Diamond 1,74,91,,267,234
867,summoner-38245753,868,Shikamaru Naara,Diamond 1,74,73,,236,212
868,summoner-21741163,869,Dragonczz1,Diamond 1,74,41,,113,21
869,summoner-24233664,870,ECT Kocourek,Diamond 1,74,64,,109,84
870,summoner-31353091,871,Zookeeper101,Diamond 1,70,96,,289,259
871,summoner-38186941,872,Himelrond,Diamond 1,73,99,,268,211
872,summoner-44519214,873,Ray God,Diamond 1,73,97,,268,260
873,summoner-31245699,874,Anaalireikä,Diamond 1,73,78,,149,117
874,summoner-60167436,875,ksikakatas,Diamond 1,73,46,,143,92
875,summoner-26017001,876,ProfessorAce,Diamond 1,73,70,,131,105
876,summoner-71643045,877,Clown IRL,Diamond 1,73,52,,121,75
877,summoner-25179705,878,Lama,Diamond 1,73,66,,96,74
878,summoner-42983363,879,Vega,Diamond 1,73,89,,74,52
879,summoner-19134176,880,SellingNudesAdd,Diamond 1,73,61,,56,37
880,summoner-41087665,881,EUNE Retoox HLTV,Diamond 1,73,36,,38,13
881,summoner-31220503,882,Sekkusu,Diamond 1,72,128,,350,342
882,summoner-21668462,883,MarmaDOG,Diamond 1,72,104,,217,193
883,summoner-38508401,884,HELLSHACO,Diamond 1,72,63,,216,141
884,summoner-36926847,885,Bleddo,Diamond 1,72,114,,148,129
885,summoner-44846594,886,kurtdenstore21,Diamond 1,72,50,,138,108
886,summoner-52433896,887,Kapten YinYang,Diamond 1,72,52,,116,83
887,summoner-39560412,888,michu45,Diamond 1,72,117,,113,86
888,summoner-34293699,889,Lep Fant,Diamond 1,72,57,,112,88
889,summoner-48503828,890,Konaa,Diamond 1,72,46,,76,60
890,summoner-34899231,891,Kahui,Diamond 1,72,39,,54,30
891,summoner-36052987,892,Alonso,Diamond 1,71,107,,508,486
892,summoner-32043565,893,Ede faecam,Diamond 1,71,95,,315,269
893,summoner-37444475,894,XEM Domel,Diamond 1,91,114,,307,286
894,summoner-39686221,895,nexTy1,Diamond 1,71,69,,166,141
895,summoner-68367366,896,Myddo,Diamond 1,71,60,,109,80
896,summoner-20517173,897,GreenHousePotato,Diamond 1,70,119,,503,484
897,summoner-26902859,898,boxeq,Diamond 1,70,89,,158,138
898,summoner-23911183,899,Madhõuse,Diamond 1,70,62,,43,33
899,summoner-19350043,900,Taste The Power,Diamond 1,69,118,,383,368
900,summoner-23455566,901,RAIDBOSS GODHAND,Diamond 1,69,91,,351,319
901,summoner-40955463,902,FLACKO FANBOY,Diamond 1,69,85,,251,240
902,summoner-32271079,903,Kornishona,Diamond 1,69,92,,187,170
903,summoner-50333934,904,Nippla,Diamond 1,69,67,,174,145
904,summoner-31267277,905,IaceG,Diamond 1,69,52,,140,94
905,summoner-48329575,906,RedTigger2000,Diamond 1,69,98,,135,117
906,summoner-31174904,907,G2 Aldus,Diamond 1,71,101,,127,102
907,summoner-23296269,908,Dimikoyan,Diamond 1,69,90,,118,99
908,summoner-42216342,909,Yexaqua,Diamond 1,68,95,,323,307
909,summoner-19924105,910,lonelystar,Diamond 1,68,115,,280,258
910,summoner-35316636,911,Szakin,Diamond 1,68,158,,240,221
911,summoner-23808758,912,Méron,Diamond 1,68,63,,141,122
912,summoner-28333822,913,Nudle za Boost,Diamond 1,68,67,,112,95
913,summoner-38788779,914,Hi Iam Gosupport,Diamond 1,68,105,,108,92
914,summoner-42553384,915,shadows marked,Diamond 1,68,71,,107,93
915,summoner-23816156,916,Carry Only,Diamond 1,68,77,,95,83
916,summoner-70945372,917,King Illidan,Diamond 1,67,86,,412,363
917,summoner-42590587,918,Stuu69,Diamond 1,50,92,,276,229
918,summoner-41065582,919,Saloez,Diamond 1,67,74,,252,215
919,summoner-46078093,920,Eimis,Diamond 1,67,102,,227,199
920,summoner-22114521,921,Br0kk,Diamond 1,67,95,,212,203
921,summoner-24583023,922,NerfChampsHard,Diamond 1,67,79,,169,155
922,summoner-34075227,923,NGPlayer,Diamond 1,67,87,,159,129
923,summoner-49675568,924,Petey btw,Diamond 1,67,49,,151,115
924,summoner-33909436,925,AT3Ntylk0GR4,Diamond 1,67,59,,144,115
925,summoner-58674334,926,DTA Flügel,Diamond 1,67,85,,141,120
926,summoner-52530527,927,Maginaryy,Diamond 1,67,50,,115,58
927,summoner-72586541,928,Sobol jest słaby,Diamond 1,67,39,,67,23
928,summoner-39297772,929,LeZac,Diamond 1,66,119,,270,251
929,summoner-52036247,930,Hîszpan,Diamond 1,66,103,,266,253
930,summoner-36142626,931,Zèze,Diamond 1,66,86,,167,155
931,summoner-32212465,932,Sanyol,Diamond 1,66,97,,161,142
932,summoner-52713387,933,LANCELOT 1,Diamond 1,66,49,,149,121
933,summoner-42915991,934,h1go,Diamond 1,66,60,,143,127
934,summoner-69526189,935,Karczelote v2,Diamond 1,66,62,,143,95
935,summoner-31279958,936,Elementh,Diamond 1,66,45,,112,44
936,summoner-22814877,937,Professor Konrad,Diamond 1,66,83,,108,76
937,summoner-19692199,938,Denited,Diamond 1,66,86,,77,33
938,summoner-73103218,939,Guzior fanboy,Diamond 1,66,36,,58,25
939,summoner-30909416,940,Army 27 illusion,Diamond 1,66,40,,53,27
940,summoner-37100831,941,Arìete,Diamond 1,65,74,,278,239
941,summoner-31354285,942,AqroVelon,Diamond 1,65,104,,247,220
942,summoner-44783827,943,Komorek12345,Diamond 1,65,94,,243,217
943,summoner-21880349,944,Kaiser Božo,Diamond 1,65,115,,187,164
944,summoner-25503434,945,Woolly,Diamond 1,65,69,,138,109
945,summoner-25158553,946,BELOSNEZHKA,Diamond 1,65,78,,103,79
946,summoner-33396293,947,Pink Rabbits,Diamond 1,65,54,,85,67
947,summoner-51885836,948,See my name,Diamond 1,64,159,,557,522
948,summoner-68996307,949,Leivi,Diamond 1,64,95,,261,250
949,summoner-38626931,950,NA1X,Diamond 1,64,99,,211,188
950,summoner-38503962,951,Pepi Rösslër,Diamond 1,64,106,,190,163
951,summoner-29619714,952,xdxdDDdxdd,Diamond 1,64,48,,149,83
952,summoner-36420208,953,LachtanHoralka,Diamond 1,64,69,,124,108
953,summoner-33038032,954,Veezle,Diamond 1,64,62,,115,92
954,summoner-30367712,955,Dirzzt,Diamond 1,64,45,,110,56
955,summoner-70597318,956,PepperinosFanboy,Diamond 1,64,45,,94,44
956,summoner-37875987,957,Shockblade Ninja,Diamond 1,64,70,,71,40
957,summoner-42813598,958,HeartlessElf,Diamond 1,64,92,,34,23
958,summoner-26051432,959,Sir Wolle,Diamond 1,63,106,,469,452
959,summoner-69242998,960,Tάkis,Diamond 1,63,90,,167,154
960,summoner-22996729,961,seeth3r,Diamond 1,63,77,,130,101
961,summoner-24220182,962,Shenas,Diamond 1,63,59,,110,85
962,summoner-41113648,963,WIZOP,Diamond 1,63,56,,78,42
963,summoner-39208114,964,iVintrez,Diamond 1,63,45,,34,9
964,summoner-19747597,965,iMpwnYA,Diamond 1,62,121,,443,407
965,summoner-30748749,966,isä,Diamond 1,62,82,,215,183
966,summoner-58098309,967,ZVRYK,Diamond 1,62,112,,108,87
967,summoner-30942212,968,Seifur,Diamond 1,62,59,,105,85
968,summoner-72324858,969,uXaPDominic,Diamond 1,62,39,,66,27
969,summoner-34217865,970,Eshara,Diamond 1,62,47,,63,34
970,summoner-31506776,971,Knightgum,Diamond 1,62,51,,51,20
971,summoner-35405487,972,Taidah,Diamond 1,61,117,,487,467
972,summoner-71833035,973,HΞΜΦ,Diamond 1,61,88,,317,260
973,summoner-71843072,974,SlCK B0Y,Diamond 1,61,71,,274,259
974,summoner-44902735,975,HARDSTUCKKKK,Diamond 1,61,86,,236,223
975,summoner-28893056,976,Pray4Tryndamere,Diamond 1,61,84,,225,199
976,summoner-20795263,977,Ququlis,Diamond 1,61,49,,148,92
977,summoner-38997989,978,Iil dipshît,Diamond 1,61,117,,140,125
978,summoner-37547009,979,EB24 Paxters,Diamond 1,61,96,,94,66
979,summoner-41221730,980,RX Faust,Diamond 1,60,118,,368,354
980,summoner-35943184,981,Profesor Ulaniec,Diamond 1,60,127,,262,231
981,summoner-20663172,982,The Cr1mson King,Diamond 1,60,79,,239,211
982,summoner-24400346,983,Trzesiek,Diamond 1,60,68,,214,154
983,summoner-23518496,984,Petri,Diamond 1,60,62,,200,177
984,summoner-20614632,985,PYKE IRL,Diamond 1,60,99,,194,146
985,summoner-24748823,986,PYROPHOBIA,Diamond 1,60,86,,177,157
986,summoner-26463457,987,Independent3,Diamond 1,60,63,,127,113
987,summoner-48657221,988,xxdXDxd gejus,Diamond 1,60,47,,102,63
988,summoner-36054356,989,dog ucal,Diamond 1,60,74,,98,81
989,summoner-38222916,990,N1ksän,Diamond 1,60,58,,96,83
990,summoner-27985811,991,H0shiG4ki,Diamond 1,60,82,,46,25
991,summoner-28024950,992,Boy,Diamond 1,59,108,,383,371
992,summoner-42314387,993,Paskajami,Diamond 1,59,91,,273,261
993,summoner-33514724,994,ψUnlucky Godψ,Diamond 1,59,99,,241,222
994,summoner-25231512,995,VuChina,Diamond 1,59,160,,141,126
995,summoner-44526231,996,Ξύδι,Diamond 1,59,69,,87,56
996,summoner-37663134,997,ZÏlean,Diamond 1,59,58,,82,44
997,summoner-25150210,998,OGN RageQuit,Diamond 1,59,80,,61,31
998,summoner-33736388,999,Torajaa,Diamond 1,59,67,,60,39
999,summoner-56437897,1000,Pika Pika Pì,Diamond 1,58,103,,467,421
