#timestamp 1529841646136
#date 2018-06-24T12:00:46+00:00
#players 1000
#index,id,rank,name,tier,lp,level,proTeam,win,loss
0,summoner-12190942,1,MMM REMIND,Challenger,1188,47,,142,89
1,summoner-11460164,2,BMR TIger987,Challenger,1163,97,,336,288
2,summoner-11460126,3,BMR Sleeping,Challenger,1119,100,,310,269
3,summoner-11350137,4,Lakiaro,Challenger,1028,49,,134,87
4,summoner-11360138,5,Monkey D Ryoma,Challenger,1022,59,,197,150
5,summoner-473922,6,Phantiksˉ,Challenger,1005,48,,139,94
6,summoner-11370132,7,sp18,Challenger,1003,53,,174,128
7,summoner-297478,8,weixin s5683169,Challenger,978,72,,189,133
8,summoner-2651026,9,NishiZhuma,Challenger,978,57,,186,130
9,summoner-4380973,10,Phantiks OuO,Challenger,924,64,,162,126
10,summoner-1530604,11,ORD Ming,Challenger,915,74,,195,144
11,summoner-381031,12,AresXd,Challenger,876,48,,118,75
12,summoner-274464,13,Phantiks,Challenger,833,47,,128,89
13,summoner-5895478,14,Monkey D Mitch,Challenger,819,64,,189,146
14,summoner-229825,15,Apink Bomi2,Challenger,796,66,,207,175
15,summoner-890259,16,Shok,Challenger,774,91,,218,189
16,summoner-444311,17,SSG Decoy,Challenger,771,72,,136,109
17,summoner-493127,18,Eyla,Challenger,749,98,,169,143
18,summoner-233854,19,Gðku,Challenger,766,70,,188,158
19,summoner-3150942,20,QQ854166019,Challenger,763,88,,353,313
20,summoner-11350138,21,ORD Swiffer,Challenger,733,64,,235,193
21,summoner-5935237,22,Gon123,Challenger,721,75,,288,252
22,summoner-10811838,23,Babo Beongsin JH,Challenger,719,62,,97,67
23,summoner-929978,24,Fudge,Challenger,695,119,,437,408
24,summoner-10061365,25,EMP Chazz,Challenger,680,62,,194,157
25,summoner-735088,26,tlxjkgcpl17717,Challenger,685,70,,220,187
26,summoner-952670,27,Praelus,Challenger,681,84,,184,158
27,summoner-11370136,28,ˆˉˇˉ,Challenger,650,42,,89,53
28,summoner-11360145,29,ORD Uzi,Challenger,635,50,,158,91
29,summoner-303763,30,MAKE OUT HILLXXX,Challenger,633,80,,260,242
30,summoner-8010384,31,Guts,Challenger,627,124,,412,384
31,summoner-11360141,32,Rotomairewhenua,Challenger,627,64,,149,116
32,summoner-5910870,33,you will miss me,Challenger,598,66,,233,194
33,summoner-510102,34,obito1,Challenger,595,72,,244,218
34,summoner-620972,35,Better on Top,Challenger,593,100,,178,158
35,summoner-11350133,36,NMSLWSNDHJYZ,Challenger,581,49,,127,98
36,summoner-601923,37,INT Haeri,Challenger,588,122,,263,238
37,summoner-432291,38,Sybol,Challenger,592,74,,194,172
38,summoner-456280,39,Terrath,Challenger,558,104,,280,241
39,summoner-10071209,40,Ai no misete,Challenger,553,52,,134,102
40,summoner-316587,41,Praedvth,Challenger,552,85,,173,141
41,summoner-801178,42,Chippys,Challenger,545,63,,183,166
42,summoner-494121,43,ry0ma,Challenger,539,46,,118,82
43,summoner-578793,44,Coachboo,Challenger,530,74,,173,156
44,summoner-571021,45,Wherearewe,Challenger,545,64,,172,148
45,summoner-11690394,46,b1waC,Challenger,508,63,,219,165
46,summoner-991093,47,Jenkins,Challenger,479,134,,239,216
47,summoner-445723,48,Hotchelli,Challenger,466,92,,267,241
48,summoner-291848,49,Feint,Challenger,466,86,,193,173
49,summoner-5741616,50,Msituay,Challenger,464,53,,165,118
50,summoner-483862,51,Cuden 1,Challenger,477,105,,211,197
51,summoner-472833,52,siuman,Challenger,457,71,,232,214
52,summoner-2572199,53,41095,Challenger,451,87,,134,103
53,summoner-276134,54,Zíppo,Challenger,451,140,,128,100
54,summoner-11970252,55,apiiii,Challenger,450,58,,180,126
55,summoner-1332943,56,Panda ouo,Challenger,449,75,,150,129
56,summoner-11360144,57,Monkey Madness,Challenger,444,58,,192,170
57,summoner-230726,58,BioPanther,Challenger,439,117,,170,157
58,summoner-4961001,59,alexxxxxx,Challenger,433,58,,132,106
59,summoner-564778,60,Omnî,Challenger,430,121,,611,600
60,summoner-11001000,61,BITCONNEEEEEEECT,Challenger,430,73,,190,134
61,summoner-569466,62,msdnb12 23 n1,Challenger,421,99,,347,333
62,summoner-301731,63,Mog,Challenger,417,114,,411,409
63,summoner-8930124,64,LTZevil is back,Challenger,413,64,,98,76
64,summoner-12130716,65,you a big sissy,Challenger,406,44,,120,71
65,summoner-239897,66,Getback,Challenger,405,126,,331,321
66,summoner-633527,67,Netsky,Challenger,404,79,,271,245
67,summoner-3131580,68,Utopia,Challenger,394,111,,338,320
68,summoner-507474,69,BeeShoe,Challenger,392,76,,236,204
69,summoner-11370134,70,amok,Challenger,391,47,,107,92
70,summoner-577995,71,Uther,Challenger,387,53,,95,70
71,summoner-724526,72,WÆN,Challenger,385,64,,157,107
72,summoner-276531,73,Mihuhi,Challenger,384,111,,254,233
73,summoner-232632,74,Cheezels,Challenger,383,83,,230,185
74,summoner-328401,75,Oikawa Tooru,Challenger,368,127,,207,188
75,summoner-11370125,76,No Talent Player,Challenger,365,49,,130,110
76,summoner-9730774,77,w1ndzera234,Challenger,364,56,,142,115
77,summoner-5831171,78,KRdoink,Challenger,356,93,,139,118
78,summoner-233843,79,Dreamy Donut,Challenger,351,59,,211,183
79,summoner-3560761,80,Small bubble,Challenger,351,72,,108,92
80,summoner-12240938,81,seo hanbit,Challenger,351,38,,57,28
81,summoner-11050315,82,GellyCub,Challenger,349,116,,383,363
82,summoner-8524790,83,Big Dobes,Challenger,343,71,,239,200
83,summoner-2752573,84,retributionˉ,Challenger,336,63,,217,131
84,summoner-399995,85,Draqon,Challenger,323,98,,217,215
85,summoner-293743,86,Lily,Challenger,321,114,,343,320
86,summoner-317688,87,Big Brain Wil,Challenger,321,89,,152,143
87,summoner-1891503,88,TheLilTeaPot,Challenger,319,70,,193,151
88,summoner-604210,89,e g ý m,Challenger,319,74,,184,169
89,summoner-311555,90,Vans,Challenger,315,103,,118,98
90,summoner-457370,91,Thiên,Challenger,312,132,,558,533
91,summoner-11501277,92,EnterKeyRemoved,Challenger,310,70,,289,252
92,summoner-590799,93,BMR Seb,Challenger,310,90,,194,177
93,summoner-901128,94,Pengsing,Challenger,310,53,,138,112
94,summoner-6261249,95,remember when,Challenger,301,73,,148,95
95,summoner-508906,96,Plutó,Challenger,293,87,,193,160
96,summoner-11203083,97,RareSticks Clap,Challenger,292,62,,211,151
97,summoner-1394873,98,MR FAT PIG,Challenger,287,142,,353,331
98,summoner-456316,99,NMSL NiQueZaiBB,Challenger,283,43,,102,83
99,summoner-330947,100,gunkrab,Challenger,278,116,,399,390
100,summoner-490487,101,D1O,Challenger,278,55,,156,101
101,summoner-478475,102,mister f is back,Challenger,270,74,,265,197
102,summoner-381426,103,Skellyy,Challenger,253,72,,237,170
103,summoner-279834,104,billy bong,Challenger,270,72,,202,170
104,summoner-7891163,105,AC HatsuyukiYumi,Challenger,270,49,,108,86
105,summoner-1592239,106,Pap,Challenger,268,119,,295,271
106,summoner-623208,107,Alto Angelo,Challenger,262,63,,112,89
107,summoner-558311,108,BeachWhale,Challenger,261,115,,348,322
108,summoner-11720163,109,Arbitux,Challenger,260,88,,174,150
109,summoner-4973029,110,HENRYJWATERNOOSE,Challenger,258,56,,104,92
110,summoner-6130376,111,Gonna slay u,Challenger,254,70,,176,120
111,summoner-644072,112,UDYSOF,Challenger,251,104,,313,307
112,summoner-664497,113,Zhengchao God,Challenger,248,51,,72,60
113,summoner-8611092,114,ITN Aladoric,Challenger,247,140,,465,460
114,summoner-670149,115,LaughingMan,Challenger,244,72,,154,130
115,summoner-408703,116,Bambi On Ice,Challenger,244,87,,126,108
116,summoner-445071,117,mattyg33,Challenger,243,132,,460,444
117,summoner-3710963,118,Ailuna,Challenger,241,50,,119,97
118,summoner-8521226,119,Dream111,Challenger,231,74,,243,211
119,summoner-481868,120,PowerfulUnicorn,Challenger,245,105,,156,132
120,summoner-328516,121,Sweety Spaghetti,Challenger,225,95,,320,299
121,summoner-1022808,122,LittlePapa,Challenger,223,75,,137,119
122,summoner-563169,123,BMR Rosey,Challenger,221,65,,153,136
123,summoner-11980148,124,Fei B ZuanShi,Challenger,221,146,,122,106
124,summoner-632903,125,PD AN,Challenger,220,66,,242,225
125,summoner-693842,126,Played,Challenger,218,73,,184,174
126,summoner-10890476,127,RèVelUvs,Challenger,214,101,,346,311
127,summoner-278781,128,Harrí,Challenger,214,154,,72,65
128,summoner-7890412,129,bojack ANU,Challenger,212,124,,444,408
129,summoner-1156907,130,1234hitdinosaur,Challenger,208,73,,203,188
130,summoner-463736,131,Farm,Challenger,207,66,,108,90
131,summoner-5031491,132,Dappa kappa,Challenger,207,116,,97,84
132,summoner-342457,133,Gbay99,Challenger,205,112,,267,250
133,summoner-12080166,134,CommandAttack NA,Challenger,204,66,,223,211
134,summoner-1270780,135,qwerasdf1234zxct,Challenger,201,65,,211,164
135,summoner-4962426,136,Plummet,Challenger,199,86,,156,121
136,summoner-713688,137,Emphasis,Challenger,195,75,,124,108
137,summoner-775147,138,shui bu gou TuT,Challenger,191,112,,265,224
138,summoner-11370128,139,Tijé,Challenger,190,49,,138,111
139,summoner-9101159,140,Just a game,Challenger,185,94,,440,405
140,summoner-1440378,141,LoneIy,Challenger,185,86,,213,184
141,summoner-439696,142,Xanquish,Challenger,185,77,,179,160
142,summoner-553889,143,Minkywhale,Challenger,183,103,,363,355
143,summoner-9660178,144,PurpleLamaGamer,Challenger,179,109,,353,304
144,summoner-470295,145,Navi,Challenger,179,75,,146,105
145,summoner-3661252,146,Rédemption,Challenger,175,68,,170,159
146,summoner-2731428,147,ITN Fudge,Challenger,173,62,,180,133
147,summoner-277786,148,Smeds,Challenger,172,124,,168,151
148,summoner-8891509,149,playlikefly,Challenger,172,75,,147,120
149,summoner-5451344,150,AwsomeSDevil,Challenger,170,102,,468,425
150,summoner-626793,151,feifeiAAAAAA,Challenger,170,67,,133,96
151,summoner-10061504,152,HTC GuaPi,Challenger,169,121,,446,423
152,summoner-631376,153,AV Jayke,Challenger,167,79,,194,192
153,summoner-11860179,154,RONAN,Challenger,166,62,,237,195
154,summoner-6821398,155,Prae1us,Challenger,166,64,,67,59
155,summoner-236616,156,SulNix,Challenger,145,108,,348,336
156,summoner-11781766,157,Johnber Gazua,Challenger,164,53,,125,76
157,summoner-7291918,158,LetTheGayGo,Challenger,162,75,,230,210
158,summoner-10951949,159,LilPump,Challenger,158,49,,135,98
159,summoner-455507,160,emelg,Challenger,157,116,,187,168
160,summoner-277034,161,Jolt,Challenger,154,105,,318,299
161,summoner-1892186,162,LGC Only,Challenger,154,74,,137,131
162,summoner-235541,163,Kaýn,Challenger,154,98,,97,75
163,summoner-299446,164,Sam,Challenger,153,114,,201,195
164,summoner-297107,165,Edna Krabappoly,Challenger,152,43,,103,88
165,summoner-231399,166,Zaptar,Challenger,148,124,,334,326
166,summoner-8201755,167,Katsurii,Challenger,148,87,,246,236
167,summoner-5321182,168,WX a759514064,Challenger,148,41,,112,38
168,summoner-3665599,169,Dragonair,Challenger,148,56,,92,71
169,summoner-311290,170,Mian Mian,Challenger,147,48,,106,95
170,summoner-6381137,171,AresSigh,Challenger,147,42,,98,54
171,summoner-437165,172,Azus,Challenger,146,119,,399,382
172,summoner-240105,173,Cane Me Daddy,Challenger,145,57,,155,106
173,summoner-945177,174,smurfQ283490070,Challenger,144,95,,424,381
174,summoner-2380423,175,Ayum1,Challenger,141,84,,107,79
175,summoner-352592,176,Daegu Venus,Challenger,138,65,,115,95
176,summoner-345665,177,Sizzle,Challenger,137,67,,186,165
177,summoner-323313,178,Aware,Challenger,136,60,,80,67
178,summoner-2982057,179,Madmaximo,Challenger,134,138,,182,147
179,summoner-590866,180,WoYou Bu Luanlai,Challenger,133,60,,197,147
180,summoner-4802261,181,Mashadar,Challenger,133,65,,107,89
181,summoner-624689,182,Kurisutiiiina,Challenger,132,86,,213,203
182,summoner-6020977,183,DW k1ng,Challenger,130,37,,48,30
183,summoner-6690216,184,2017 07 07,Challenger,129,116,,139,124
184,summoner-8430194,185,RNG AI,Challenger,127,80,,75,64
185,summoner-222562,186,Morgank Freeman,Challenger,126,108,,164,147
186,summoner-357041,187,Incursio,Challenger,125,122,,398,383
187,summoner-8930255,188,Yün Chèung,Challenger,123,142,,299,274
188,summoner-577848,189,Countdown Timer,Challenger,123,63,,165,155
189,summoner-300609,190,BladeWristed,Challenger,123,60,,152,125
190,summoner-11860960,191,trash canister,Challenger,120,70,,281,248
191,summoner-7281092,192,Cuo,Challenger,119,51,,143,126
192,summoner-1333527,193,Him and I,Challenger,114,47,,103,86
193,summoner-484631,194,Oshino,Challenger,113,77,,213,176
194,summoner-3310720,195,Piggie,Challenger,112,73,,151,150
195,summoner-3081213,196,MVP lan,Challenger,109,83,,186,179
196,summoner-464106,197,Magic McDull,Challenger,108,124,,376,370
197,summoner-237590,198,Tekker,Challenger,108,81,,170,163
198,summoner-448934,199,permanent mute,Challenger,123,90,,165,155
199,summoner-280161,200,Mayura,Challenger,100,116,,357,350
200,summoner-11890144,201,Evanescere,Master,156,39,,92,43
201,summoner-1830141,202,kaios619,Master,137,69,,191,180
202,summoner-531379,203,aaeer,Master,130,78,,233,221
203,summoner-236630,204,Nomadic Jungler,Master,122,39,,67,44
204,summoner-12320606,205,Bogoshipuhyo,Master,120,36,,45,30
205,summoner-5381177,206,Mr floppy sock,Master,109,108,,464,453
206,summoner-587485,207,carb0n,Master,106,96,,345,339
207,summoner-405709,208,w1ndzera,Master,105,62,,118,100
208,summoner-236461,209,Dis,Master,99,105,,316,304
209,summoner-891628,210,Karsa,Master,97,79,,231,226
210,summoner-9251514,211,dahaoshiwangzhe,Master,93,52,,139,105
211,summoner-557104,212,sh00zyz,Master,93,93,,97,82
212,summoner-293100,213,Jub Jub,Master,91,89,,273,275
213,summoner-3072610,214,Gerissi,Master,83,63,,175,158
214,summoner-744422,215,Farmer,Master,81,92,,178,165
215,summoner-1250370,216,Akali or GG,Master,78,75,,242,235
216,summoner-11230285,217,slkjdf,Master,73,59,,205,171
217,summoner-11131946,218,Once upon a time,Master,71,40,,83,56
218,summoner-4491948,219,DW SHERN1FIRE,Master,68,48,,111,71
219,summoner-12510151,220,thgink99,Master,66,48,,151,122
220,summoner-8191549,221,Ahsilum,Master,45,69,,269,251
221,summoner-3802072,222,SolStar,Master,62,65,,75,49
222,summoner-356125,223,Newto,Master,61,87,,240,229
223,summoner-8050173,224,LGC Claire,Master,60,79,,73,69
224,summoner-12080136,225,PADO,Master,57,71,,138,56
225,summoner-221417,226,Chazz It Up,Master,55,61,,116,101
226,summoner-5201174,227,MasterGarenDimon,Master,54,81,,238,217
227,summoner-7621555,228,Katsuri,Master,53,61,,138,123
228,summoner-454494,229,Rêxx,Master,51,103,,143,96
229,summoner-747148,230,Anderu,Master,50,103,,153,146
230,summoner-272065,231,superwog1,Master,42,50,,91,83
231,summoner-481977,232,Tilterella,Master,41,73,,115,107
232,summoner-8371066,233,H4MMY,Master,38,98,,201,170
233,summoner-10570533,234,owowowowowowowow,Master,34,49,,102,50
234,summoner-11212045,235,Dekar The Rengar,Master,30,57,,168,117
235,summoner-11161564,236,JaIeeI,Master,29,50,,95,71
236,summoner-7130976,237,Animosityxx,Master,28,129,,141,144
237,summoner-567993,238,Chloe Burbank,Master,21,75,,71,59
238,summoner-8430364,239,Yaelay,Master,20,47,,116,104
239,summoner-6391346,240,kaiydo 2,Master,20,40,,74,30
240,summoner-490978,241,Taelen,Master,19,98,,395,366
241,summoner-443078,242,Pisang,Master,19,74,,296,256
242,summoner-4880235,243,bub,Master,19,54,,73,63
243,summoner-283916,244,ecotoxic,Master,18,84,,299,304
244,summoner-7050167,245,SìNNERS,Master,18,108,,178,167
245,summoner-6680397,246,Jungle is win,Master,14,65,,159,144
246,summoner-852980,247,team bad me mad,Master,9,54,,155,122
247,summoner-1343871,248,POSSYM,Master,8,74,,210,182
248,summoner-501165,249,i looove aram,Master,8,65,,55,44
249,summoner-1280673,250,Qoobe,Master,4,73,,166,161
250,summoner-438257,251,ßlitzcrank,Master,3,57,,155,124
251,summoner-771385,252,Back To November,Master,2,76,,151,123
252,summoner-470404,253,BushyBooBoo,Master,0,162,,689,694
253,summoner-1750151,254,Tudo,Master,0,93,,231,226
254,summoner-10870678,255,Wìsh,Master,0,44,,90,73
255,summoner-3110212,256,DW Cupcake,Master,0,65,,90,77
256,summoner-10110125,257,Ding Hao Tian,Master,0,59,,79,41
257,summoner-302224,258,Midås,Master,0,66,,44,31
258,summoner-329397,259,G0V,Diamond 1,100,149,,465,460
259,summoner-3490137,260,brekfast,Diamond 1,100,95,,333,329
260,summoner-447401,261,Juhuakiller,Diamond 1,100,88,,225,214
261,summoner-4221919,262,TriHard 7,Diamond 1,100,54,,146,87
262,summoner-326206,263,Coach Curtis,Diamond 1,100,54,,117,103
263,summoner-690302,264,chf Leo,Diamond 1,100,55,,96,86
264,summoner-813780,265,Ionia,Diamond 1,100,67,,94,60
265,summoner-8562347,266,Micah,Diamond 1,100,42,,92,41
266,summoner-11030157,267,NONO,Diamond 1,100,53,,70,26
267,summoner-9151665,268,BLACKPINK Róse,Diamond 1,100,42,,69,46
268,summoner-7631957,269,twitchtvPhantiks,Diamond 1,100,39,,68,40
269,summoner-11350131,270,Senuc DIN,Diamond 1,100,39,,58,28
270,summoner-1321671,271,Giganaut,Diamond 1,100,74,,47,32
271,summoner-343682,272,Peasy,Diamond 1,99,121,,252,242
272,summoner-509185,273,Noob,Diamond 1,99,61,,167,141
273,summoner-407599,274,Shogun Altair,Diamond 1,96,80,,107,92
274,summoner-303883,275,c u soon,Diamond 1,95,88,,236,220
275,summoner-9330908,276,gucci flip fl0ps,Diamond 1,94,118,,392,387
276,summoner-1395519,277,BMR Looch,Diamond 1,93,88,,261,241
277,summoner-12330331,278,AV DarkSide,Diamond 1,93,35,,37,16
278,summoner-5943766,279,Hkbesttroll,Diamond 1,92,82,,187,181
279,summoner-8183067,280,Have Fun,Diamond 1,90,68,,141,126
280,summoner-5380334,281,YasuoHawkNz,Diamond 1,90,71,,108,96
281,summoner-482979,282,bombboy,Diamond 1,90,47,,36,26
282,summoner-9370914,283,pocketgirl,Diamond 1,90,53,,34,15
283,summoner-233863,284,Reminder,Diamond 1,89,98,,270,263
284,summoner-6410962,285,IlIlIlIlIlIlIll,Diamond 1,88,46,,68,56
285,summoner-307081,286,BlueHawkNz,Diamond 1,85,49,,51,41
286,summoner-460937,287,Deztend,Diamond 1,84,103,,256,231
287,summoner-234403,288,THE SMORC BEAR,Diamond 1,84,64,,128,110
288,summoner-11260152,289,Phosphophylite,Diamond 1,84,48,,102,86
289,summoner-477410,290,Klaire,Diamond 1,79,53,,135,115
290,summoner-299452,291,Mikazuki,Diamond 1,78,71,,104,92
291,summoner-364454,292,Rage At LoL,Diamond 1,77,118,,205,168
292,summoner-336476,293,Tommy 2000,Diamond 1,77,61,,77,68
293,summoner-479574,294,Vivid,Diamond 1,77,82,,37,26
294,summoner-314888,295,JellyCub,Diamond 1,76,75,,267,267
295,summoner-3171338,296,weixin2285407603,Diamond 1,76,60,,171,163
296,summoner-8620524,297,Baeatrice,Diamond 1,76,61,,132,119
297,summoner-326444,298,Huey Dewey Louie,Diamond 1,75,144,,481,463
298,summoner-820884,299,Mur1m,Diamond 1,75,97,,345,330
299,summoner-741594,300,Kickback69,Diamond 1,75,68,,287,227
300,summoner-326064,301,Slayer,Diamond 1,75,83,,273,238
301,summoner-5171370,302,Hi I am Vince,Diamond 1,75,89,,213,196
302,summoner-492773,303,stop torture me,Diamond 1,75,66,,192,155
303,summoner-2600474,304,gg ff,Diamond 1,75,60,,183,149
304,summoner-9920508,305,M4A11111,Diamond 1,75,85,,178,145
305,summoner-10451585,306,20 Mins in Q,Diamond 1,75,64,,164,160
306,summoner-510010,307,Kimchiii,Diamond 1,75,78,,161,136
307,summoner-5943935,308,Azure,Diamond 1,75,107,,158,136
308,summoner-283402,309,Akeno,Diamond 1,75,97,,144,122
309,summoner-232475,310,Boss McNuggets,Diamond 1,75,75,,143,121
310,summoner-11350126,311,8th place top,Diamond 1,75,49,,130,109
311,summoner-3162807,312,7425,Diamond 1,75,99,,130,111
312,summoner-5310901,313,kaios19231230221,Diamond 1,75,96,,129,109
313,summoner-455477,314,Hold You Tight,Diamond 1,75,59,,118,94
314,summoner-8440977,315,Kohta,Diamond 1,75,64,,118,104
315,summoner-9050195,316,SKT,Diamond 1,75,75,,118,108
316,summoner-594237,317,Soulstrikes,Diamond 1,75,72,,117,111
317,summoner-1891528,318,Rank 1 MID,Diamond 1,75,45,,117,65
318,summoner-11941453,319,ecotoxic 4,Diamond 1,75,45,,112,85
319,summoner-324274,320,Kensen,Diamond 1,75,61,,108,85
320,summoner-12220760,321,Richard Soup,Diamond 1,75,43,,103,76
321,summoner-583483,322,Beaunivia,Diamond 1,75,74,,100,95
322,summoner-2351692,323,loveforever,Diamond 1,75,47,,99,60
323,summoner-8610762,324,clairo,Diamond 1,75,50,,89,72
324,summoner-3680308,325,Bma,Diamond 1,75,58,,88,82
325,summoner-636251,326,Swiffer,Diamond 1,75,56,,84,62
326,summoner-9350340,327,Caithe,Diamond 1,75,49,,77,66
327,summoner-2171317,328,k1ng Cupcake,Diamond 1,75,40,,71,30
328,summoner-9800260,329,Irenaceus,Diamond 1,75,38,,70,34
329,summoner-2572995,330,Cupcake k1ng,Diamond 1,75,42,,68,33
330,summoner-900249,331,Tôi Là Thiên,Diamond 1,75,43,,63,45
331,summoner-1374113,332,Rukira,Diamond 1,75,113,,53,42
332,summoner-357181,333,Destinyy,Diamond 1,75,44,,43,35
333,summoner-333625,334,Margaret Mahy,Diamond 1,74,127,,119,98
334,summoner-7390819,335,ryujinokewokurae,Diamond 1,73,52,,114,101
335,summoner-10550824,336,Armless Autism,Diamond 1,72,61,,183,138
336,summoner-1530424,337,SCENAR1O,Diamond 1,72,56,,152,145
337,summoner-940870,338,poopi,Diamond 1,72,48,,43,23
338,summoner-434116,339,nooba,Diamond 1,71,49,,36,20
339,summoner-9611699,340,good kid,Diamond 1,70,65,,171,168
340,summoner-3553855,341,Shiloh,Diamond 1,69,134,,274,267
341,summoner-1903829,342,no hands btw,Diamond 1,69,66,,160,152
342,summoner-553896,343,Evilhag,Diamond 1,69,68,,44,39
343,summoner-448008,344,The Lee Sin,Diamond 1,68,66,,80,51
344,summoner-443126,345,Bahrewer,Diamond 1,67,114,,86,71
345,summoner-276609,346,ìcøn,Diamond 1,67,74,,76,75
346,summoner-11224170,347,TwitchTVLronwoif,Diamond 1,66,65,,186,150
347,summoner-237869,348,eezyarC toN,Diamond 1,64,136,,475,476
348,summoner-670511,349,Billythekidzz,Diamond 1,64,81,,132,123
349,summoner-774614,350,Love Mosquito,Diamond 1,64,88,,112,97
350,summoner-11350140,351,cant remember,Diamond 1,64,48,,110,93
351,summoner-443775,352,RAISE UR DONGERZ,Diamond 1,64,42,,48,34
352,summoner-484507,353,Cheph,Diamond 1,63,107,,362,363
353,summoner-11250976,354,KR DOPA,Diamond 1,63,54,,111,71
354,summoner-9970922,355,Redemptionˉ,Diamond 1,63,47,,60,57
355,summoner-434399,356,Whimstaff,Diamond 1,62,49,,64,59
356,summoner-9840127,357,dailianjiahaoyou,Diamond 1,61,59,,219,200
357,summoner-406482,358,BADDiE,Diamond 1,61,70,,120,106
358,summoner-1872199,359,Arashi,Diamond 1,61,78,,59,48
359,summoner-10011928,360,DoochiWa,Diamond 1,60,63,,178,149
360,summoner-479438,361,Falkner,Diamond 1,60,96,,127,123
361,summoner-225340,362,Catch Me On Fire,Diamond 1,59,103,,427,420
362,summoner-234079,363,Top Lane Virgin,Diamond 1,59,47,,94,87
363,summoner-11060162,364,M1d hu,Diamond 1,57,74,,154,140
364,summoner-274320,365,Boosted Janna,Diamond 1,56,101,,74,71
365,summoner-820889,366,4444441,Diamond 1,55,48,,132,46
366,summoner-436171,367,im LHao,Diamond 1,53,90,,274,243
367,summoner-288782,368,lil splash,Diamond 1,53,81,,213,209
368,summoner-393328,369,AuSNlPE,Diamond 1,53,56,,115,106
369,summoner-2431627,370,Blacksey,Diamond 1,53,106,,111,89
370,summoner-11065193,371,Prey Seeker,Diamond 1,53,48,,40,25
371,summoner-9030151,372,baxixiaoniu,Diamond 1,52,95,,419,406
372,summoner-238330,373,Koods,Diamond 1,50,121,,472,466
373,summoner-10970417,374,Felinnothair,Diamond 1,50,87,,399,362
374,summoner-6420316,375,4uu,Diamond 1,50,165,,215,167
375,summoner-511802,376,Callurjglertrash,Diamond 1,50,60,,215,187
376,summoner-220545,377,Frolloc,Diamond 1,50,152,,200,171
377,summoner-794192,378,Skyscorcher,Diamond 1,50,95,,184,168
378,summoner-277464,379,Kpooop,Diamond 1,50,73,,165,158
379,summoner-339515,380,Sheng Sheng,Diamond 1,50,52,,160,99
380,summoner-454805,381,RNG      MR E N,Diamond 1,50,54,,158,104
381,summoner-491243,382,DeathSphere22,Diamond 1,50,70,,156,144
382,summoner-3020293,383,WeWantPeace,Diamond 1,50,74,,118,77
383,summoner-229440,384,Enter Dreamland,Diamond 1,50,83,,107,100
384,summoner-2523280,385,P 18 15 16 8,Diamond 1,50,45,,106,79
385,summoner-335113,386,lilaznrat,Diamond 1,50,68,,69,56
386,summoner-233721,387,k1ngOfTheYouth,Diamond 1,50,47,,65,65
387,summoner-323773,388,Kedu715,Diamond 1,49,95,,205,203
388,summoner-723286,389,Kiitty,Diamond 1,49,68,,87,87
389,summoner-584830,390,GZ HaiT,Diamond 1,48,62,,160,127
390,summoner-11252383,391,Lolista,Diamond 1,47,56,,166,112
391,summoner-582861,392,ShuHaiBuRongYi,Diamond 1,47,51,,71,60
392,summoner-890994,393,RBE BoBo,Diamond 1,46,70,,133,104
393,summoner-288335,394,Nirphana,Diamond 1,46,89,,82,69
394,summoner-227475,395,Mikes,Diamond 1,45,107,,188,165
395,summoner-1771810,396,Phos,Diamond 1,45,57,,101,65
396,summoner-402487,397,Baahrewer,Diamond 1,45,51,,73,52
397,summoner-2712951,398,EL Legendary,Diamond 1,43,52,,88,56
398,summoner-3680392,399,YukiistMe,Diamond 1,42,60,,120,88
399,summoner-3262016,400,kind jungler,Diamond 1,42,44,,80,67
400,summoner-402609,401,The Silent Voice,Diamond 1,41,76,,207,206
401,summoner-630464,402,Xcuse Mee,Diamond 1,41,84,,149,149
402,summoner-11130130,403,LydiaeK,Diamond 1,41,97,,130,109
403,summoner-8720302,404,Black phoen1x,Diamond 1,41,47,,114,87
404,summoner-624642,405,123456978,Diamond 1,41,47,,82,78
405,summoner-1200380,406,Jaiya,Diamond 1,41,67,,69,43
406,summoner-463992,407,1m 16 years old,Diamond 1,24,81,,374,321
407,summoner-7350836,408,DaDazhy,Diamond 1,40,73,,187,130
408,summoner-11971346,409,cønfusednimbIe,Diamond 1,39,47,,131,92
409,summoner-7491130,410,zZJay,Diamond 1,39,89,,125,118
410,summoner-3560420,411,Kaaitsune,Diamond 1,35,77,,240,193
411,summoner-443860,412,zuowodemiao,Diamond 1,35,61,,120,106
412,summoner-503773,413,NADA1001,Diamond 1,34,53,,102,92
413,summoner-456283,414,j0hns0nBurger,Diamond 1,34,56,,43,35
414,summoner-354808,415,Warrior Turtle,Diamond 1,33,81,,175,140
415,summoner-332728,416,Cedmend,Diamond 1,33,55,,104,81
416,summoner-236253,417,Hey You,Diamond 1,32,68,,181,149
417,summoner-2573886,418,Cyan Willow,Diamond 1,32,137,,68,65
418,summoner-824118,419,DaPiPi,Diamond 1,31,63,,70,69
419,summoner-703699,420,inx,Diamond 1,31,61,,61,53
420,summoner-901980,421,Dragku,Diamond 1,30,78,,251,240
421,summoner-312239,422,Philosophy,Diamond 1,30,109,,164,164
422,summoner-702613,423,Howard,Diamond 1,30,61,,128,111
423,summoner-4953082,424,Cute Ragdoll,Diamond 1,29,139,,244,222
424,summoner-290213,425,Small Fish,Diamond 1,29,106,,133,107
425,summoner-454342,426,volkzz,Diamond 1,29,70,,121,112
426,summoner-235577,427,Reptox,Diamond 1,28,58,,121,112
427,summoner-222980,428,Z OMEGALUL E,Diamond 1,25,53,,119,98
428,summoner-581032,429,Káne,Diamond 1,26,131,,195,199
429,summoner-11061200,430,ecotoxic 3,Diamond 1,25,73,,120,90
430,summoner-11350134,431,ITN k1ng,Diamond 1,25,48,,119,88
431,summoner-10191722,432,ecotoxic 2,Diamond 1,25,45,,107,81
432,summoner-314795,433,Grog Dog1,Diamond 1,25,44,,95,71
433,summoner-281754,434,Diamond 5,Diamond 1,5,99,,242,234
434,summoner-370235,435,ziye,Diamond 1,24,59,,151,94
435,summoner-285621,436,Framer,Diamond 1,23,79,,164,160
436,summoner-341477,437,WildPig,Diamond 1,23,93,,101,91
437,summoner-1260354,438,LaJiWangZheCNXM,Diamond 1,22,146,,542,543
438,summoner-11370138,439,Mrs Krabappel,Diamond 1,21,60,,184,184
439,summoner-9220132,440,glugluglu,Diamond 1,21,46,,52,40
440,summoner-399946,441,Debatable Plays,Diamond 1,17,93,,260,217
441,summoner-8081649,442,First Time Swain,Diamond 1,20,61,,154,110
442,summoner-11056599,443,mid halo,Diamond 1,19,72,,260,235
443,summoner-354323,444,Merkatroid,Diamond 1,19,64,,71,54
444,summoner-555008,445,6AM 0two1,Diamond 1,19,58,,42,36
445,summoner-481142,446,April Ryan,Diamond 1,18,62,,226,186
446,summoner-672019,447,ryalia,Diamond 1,18,44,,96,87
447,summoner-221510,448,JuvesMuntedNose,Diamond 1,18,44,,69,59
448,summoner-278179,449,ozo1329,Diamond 1,18,99,,58,48
449,summoner-404739,450,Abby Ma,Diamond 1,17,115,,280,262
450,summoner-439337,451,GU Faker,Diamond 1,17,65,,132,129
451,summoner-890992,452,Khuong Pham,Diamond 1,17,85,,42,38
452,summoner-332858,453,lokyun,Diamond 1,15,98,,208,199
453,summoner-934569,454,ShiftZ,Diamond 1,15,48,,112,53
454,summoner-431504,455,ianno,Diamond 1,14,91,,133,127
455,summoner-1980384,456,Nausicaä,Diamond 1,14,99,,89,86
456,summoner-296998,457,CaitlynUltedJFK,Diamond 1,13,105,,209,206
457,summoner-11840153,458,Japanerella,Diamond 1,13,50,,166,138
458,summoner-304479,459,gkez,Diamond 1,9,59,,154,129
459,summoner-11211553,460,BrunonLnDq,Diamond 1,9,49,,124,85
460,summoner-300165,461,HNDRXX,Diamond 1,9,103,,35,27
461,summoner-470164,462,KennyHai,Diamond 1,7,66,,161,157
462,summoner-9611538,463,bunni,Diamond 1,6,37,,30,8
463,summoner-557330,464,JHONG,Diamond 1,5,51,,121,111
464,summoner-304980,465,iChuckRice,Diamond 1,5,79,,90,90
465,summoner-1403425,466,KURT PERRY,Diamond 1,5,55,,83,76
466,summoner-409738,467,Valkia,Diamond 1,3,109,,223,210
467,summoner-233072,468,Daddy Vincent,Diamond 1,1,71,,196,152
468,summoner-970961,469,handyman94,Diamond 1,1,47,,84,70
469,summoner-303120,470,Bite,Diamond 1,0,66,,277,244
470,summoner-743224,471,225,Diamond 1,0,131,,277,251
471,summoner-4382883,472,Smoko Shed,Diamond 1,0,95,,244,235
472,summoner-224426,473,Ruinn,Diamond 1,0,74,,202,184
473,summoner-498305,474,Todderk,Diamond 1,0,72,,200,185
474,summoner-3444063,475,helloworld369,Diamond 1,0,75,,198,144
475,summoner-314859,476,Biofrost,Diamond 1,0,128,,186,175
476,summoner-590760,477,Han Guk In Ruski,Diamond 1,0,84,,179,150
477,summoner-330848,478,4y5tvb8,Diamond 1,0,60,,171,154
478,summoner-6362083,479,d0t4nat0r,Diamond 1,0,159,,167,154
479,summoner-774275,480,Savannah,Diamond 1,0,84,,164,160
480,summoner-714382,481,Jerey,Diamond 1,0,69,,164,155
481,summoner-489065,482,Mpowered,Diamond 1,0,116,,159,136
482,summoner-221999,483,Yatsume,Diamond 1,0,88,,143,139
483,summoner-457463,484,dean,Diamond 1,0,80,,140,125
484,summoner-11430174,485,Forsaken Dream,Diamond 1,0,54,,134,124
485,summoner-277256,486,Thydah,Diamond 1,0,73,,112,114
486,summoner-314889,487,zorenous,Diamond 1,0,75,,85,74
487,summoner-630568,488,Crazy Giraffe,Diamond 1,0,51,,80,81
488,summoner-276620,489,Hyperzoz,Diamond 1,0,62,,71,61
489,summoner-323306,490,JJ27CM,Diamond 1,0,52,,65,46
490,summoner-707970,491,kmy,Diamond 1,0,41,,65,44
491,summoner-4802235,492,MyPetMonkey,Diamond 1,0,62,,63,61
492,summoner-448971,493,Eva,Diamond 1,0,66,,59,69
493,summoner-5502181,494,9420,Diamond 1,0,41,,46,14
494,summoner-11580566,495,sooobinms,Diamond 1,0,40,,45,14
495,summoner-11076305,496,yeolahop,Diamond 1,0,41,,43,18
496,summoner-7940303,497,kai0s,Diamond 1,0,46,,39,26
497,summoner-1883783,498,God Of LP,Diamond 1,0,108,,342,337
498,summoner-8971470,499,trans girl,Diamond 2,100,102,,257,259
499,summoner-3481025,500,a friendly noob,Diamond 2,100,73,,150,138
500,summoner-11160195,501,Kimchiii 2,Diamond 2,100,58,,147,94
501,summoner-296114,502,KayHuynh,Diamond 2,100,72,,133,119
502,summoner-397500,503,SKT T1 Uzi,Diamond 2,100,58,,108,62
503,summoner-700593,504,Twistar,Diamond 2,100,40,,50,37
504,summoner-324564,505,Submissive Trap,Diamond 2,98,78,,88,80
505,summoner-632520,506,ACTL2131,Diamond 2,97,63,,154,156
506,summoner-2330180,507,NewTronix,Diamond 2,97,64,,98,93
507,summoner-11340135,508,Bjork not Bjerg,Diamond 2,95,43,,100,61
508,summoner-554066,509,kalroc,Diamond 2,94,91,,68,58
509,summoner-11280145,510,AFs Kiin,Diamond 2,93,46,,79,51
510,summoner-286698,511,Ability,Diamond 2,92,63,,92,88
511,summoner-227375,512,GreatEngrish,Diamond 2,91,88,,77,65
512,summoner-577732,513,Bose,Diamond 2,90,99,,292,289
513,summoner-11121416,514,Cheph 2,Diamond 2,90,44,,111,70
514,summoner-222739,515,Mechanical Kyle,Diamond 2,90,68,,94,86
515,summoner-2181036,516,Fluous,Diamond 2,89,47,,78,72
516,summoner-406918,517,Mai Shiu,Diamond 2,86,115,,317,303
517,summoner-1110899,518,Cizza AU,Diamond 2,84,92,,150,130
518,summoner-6220301,519,Mokamoka,Diamond 2,83,69,,241,224
519,summoner-356193,520,BlG Picture,Diamond 2,81,76,,76,74
520,summoner-501188,521,Jr Burgerz,Diamond 2,80,62,,169,136
521,summoner-11360133,522,YeahNahYeahMaybe,Diamond 2,78,43,,71,62
522,summoner-3831740,523,Bubberduck,Diamond 2,77,71,,252,237
523,summoner-2481615,524,aznchungy,Diamond 2,75,104,,410,415
524,summoner-1167193,525,Šipić,Diamond 2,75,95,,347,335
525,summoner-284240,526,iBanished,Diamond 2,75,116,,182,158
526,summoner-706325,527,Ecka,Diamond 2,75,100,,180,153
527,summoner-300358,528,Dissociation,Diamond 2,75,64,,171,159
528,summoner-7110774,529,dmz4213,Diamond 2,75,75,,167,157
529,summoner-11202748,530,Pathetic Idiot,Diamond 2,75,51,,153,111
530,summoner-436716,531,Jimurenio,Diamond 2,75,96,,148,124
531,summoner-3710427,532,NinjaLegend1,Diamond 2,75,61,,148,136
532,summoner-4802282,533,Uchîha Obito,Diamond 2,75,59,,135,110
533,summoner-461490,534,First Mate,Diamond 2,75,74,,132,111
534,summoner-302863,535,IG The shy ovo,Diamond 2,75,77,,118,108
535,summoner-1061196,536,kayoko,Diamond 2,75,63,,105,84
536,summoner-6630790,537,jyj,Diamond 2,75,58,,102,104
537,summoner-749364,538,monster hunter,Diamond 2,75,51,,88,83
538,summoner-9690912,539,Destromath,Diamond 2,75,45,,81,78
539,summoner-2920134,540,ThePirateBae,Diamond 2,75,70,,48,39
540,summoner-721676,541,J0hns0n,Diamond 2,75,36,,39,29
541,summoner-4390704,542,duckly,Diamond 2,74,90,,207,198
542,summoner-235604,543,Brush Fun,Diamond 2,74,72,,105,96
543,summoner-860500,544,Billythekidzz 2,Diamond 2,74,45,,38,27
544,summoner-2741810,545,4 H e a d K i d,Diamond 2,70,75,,150,92
545,summoner-620418,546,LaughingManES,Diamond 2,69,73,,182,171
546,summoner-1500529,547,Mumps,Diamond 2,69,79,,110,109
547,summoner-365399,548,No Fear,Diamond 2,68,112,,285,284
548,summoner-1850129,549,aXeL0uS,Diamond 2,63,99,,294,277
549,summoner-331036,550,Magic Mike,Diamond 2,63,92,,203,182
550,summoner-1440400,551,unstable ping,Diamond 2,63,54,,76,69
551,summoner-9420230,552,Fourth rate AD,Diamond 2,62,85,,285,270
552,summoner-278492,553,LustMonkey,Diamond 2,60,86,,280,271
553,summoner-4462034,554,Uzi Fanboy,Diamond 2,60,69,,185,151
554,summoner-478373,555,Homeless Leaf,Diamond 2,60,71,,108,98
555,summoner-694658,556,handsome indian,Diamond 2,60,60,,84,70
556,summoner-568646,557,hyejoo,Diamond 2,59,70,,82,62
557,summoner-11780837,558,oce Thanoš,Diamond 2,58,52,,139,106
558,summoner-10881536,559,Lillo,Diamond 2,58,102,,83,62
559,summoner-4430246,560,TriXtEx,Diamond 2,57,77,,304,286
560,summoner-6251921,561,FreshStartJason,Diamond 2,57,57,,214,177
561,summoner-483296,562,DW Rippii,Diamond 2,57,52,,147,109
562,summoner-8210805,563,Kpop,Diamond 2,57,110,,145,143
563,summoner-4530610,564,liansuck,Diamond 2,57,75,,126,121
564,summoner-233511,565,cruncheycake,Diamond 2,57,110,,79,68
565,summoner-294150,566,Jopan,Diamond 2,56,60,,46,41
566,summoner-280651,567,KingJamesMike,Diamond 2,55,66,,137,133
567,summoner-221555,568,im tilting,Diamond 2,55,80,,114,116
568,summoner-643368,569,Young Stavros,Diamond 2,53,115,,319,314
569,summoner-4461045,570,I Am Rengar,Diamond 2,53,108,,121,110
570,summoner-7761629,571,Fállen,Diamond 2,52,84,,202,208
571,summoner-280418,572,Coopos,Diamond 2,52,108,,139,125
572,summoner-495039,573,ARAMers suck,Diamond 2,52,93,,135,123
573,summoner-5141556,574,LOA Fuki,Diamond 2,51,53,,136,124
574,summoner-302759,575,Rye,Diamond 2,50,108,,435,425
575,summoner-5894360,576,DJChonz,Diamond 2,48,83,,363,334
576,summoner-397704,577,risktaker,Diamond 2,44,76,,195,194
577,summoner-1440227,578,Squidgy Boy,Diamond 2,44,77,,110,110
578,summoner-1811697,579,Ragdol1,Diamond 2,43,68,,175,161
579,summoner-774086,580,Garlic Sauce,Diamond 2,43,48,,120,91
580,summoner-903644,581,nooseboy,Diamond 2,43,105,,35,17
581,summoner-6231287,582,LLocky,Diamond 2,42,66,,130,95
582,summoner-2132627,583,OwO OuO OvO,Diamond 2,42,64,,105,96
583,summoner-231170,584,Lex Luthor,Diamond 2,41,95,,181,177
584,summoner-432479,585,hi im rain,Diamond 2,40,37,,47,29
585,summoner-9981331,586,NoIIXigbar,Diamond 2,40,53,,34,25
586,summoner-440787,587,Silk,Diamond 2,39,60,,157,141
587,summoner-638946,588,Qiunibieshelimia,Diamond 2,38,77,,147,136
588,summoner-3680635,589,Shirø,Diamond 2,38,142,,69,66
589,summoner-3930175,590,Eolant,Diamond 2,36,126,,463,434
590,summoner-8150153,591,EGOIST Dough,Diamond 2,36,111,,415,352
591,summoner-449100,592,Fervour,Diamond 2,36,108,,91,92
592,summoner-364702,593,Pulsefire Teemo,Diamond 2,36,71,,55,37
593,summoner-371174,594,Bardo,Diamond 2,35,95,,216,210
594,summoner-483618,595,SuperSkitzzo,Diamond 2,34,157,,692,692
595,summoner-392492,596,GZ Hyper,Diamond 2,34,74,,119,115
596,summoner-4480984,597,dzy,Diamond 2,33,71,,267,274
597,summoner-4301382,598,Dr Halo,Diamond 2,33,81,,77,52
598,summoner-7000424,599,rice1,Diamond 2,32,43,,64,52
599,summoner-7981097,600,Ame seule,Diamond 2,32,95,,63,59
600,summoner-11065408,601,DaGui,Diamond 2,31,119,,403,352
601,summoner-6672121,602,Archie,Diamond 2,31,104,,204,202
602,summoner-302859,603,Fndrr22dxd,Diamond 2,31,65,,163,159
603,summoner-701278,604,Çalcifer,Diamond 2,31,80,,160,122
604,summoner-8810339,605,PurpleLama,Diamond 2,30,49,,104,80
605,summoner-11750154,606,Bdo1nk,Diamond 2,29,37,,62,30
606,summoner-3980651,607,Morpice121,Diamond 2,29,121,,60,43
607,summoner-5781549,608,callmere,Diamond 2,28,46,,102,64
608,summoner-349960,609,NorthFace,Diamond 2,26,119,,150,131
609,summoner-6841129,610,PumaS,Diamond 2,25,63,,172,167
610,summoner-841698,611,ecotoxic 1,Diamond 2,25,54,,132,117
611,summoner-7820502,612,yo whats good,Diamond 2,25,49,,128,93
612,summoner-466794,613,L8S,Diamond 2,25,56,,89,75
613,summoner-399563,614,Kevskin,Diamond 2,25,83,,33,23
614,summoner-355403,615,LOLlolololwwwffw,Diamond 2,24,50,,102,94
615,summoner-233822,616,Mcbobba,Diamond 2,23,159,,239,216
616,summoner-11390379,617,SøfM,Diamond 2,23,43,,100,68
617,summoner-10141151,618,M1dbeast,Diamond 2,22,61,,120,127
618,summoner-639823,619,Quinonos,Diamond 2,22,82,,112,112
619,summoner-7821699,620,sad girl,Diamond 2,21,117,,189,156
620,summoner-325800,621,MeepBalls,Diamond 2,21,72,,52,47
621,summoner-4061072,622,why live,Diamond 2,20,64,,108,108
622,summoner-5945344,623,Buck Shots,Diamond 2,20,42,,43,35
623,summoner-480048,624,Wreck It Rhune,Diamond 2,19,89,,112,118
624,summoner-1574708,625,Donzac101,Diamond 2,19,52,,65,51
625,summoner-566367,626,Stop Trolling Me,Diamond 2,18,125,,308,290
626,summoner-3052095,627,Defenestrate,Diamond 2,18,73,,123,120
627,summoner-3642620,628,Damage Bot,Diamond 2,18,49,,120,110
628,summoner-600361,629,MT Void,Diamond 2,18,55,,108,98
629,summoner-447687,630,Grisha,Diamond 2,17,86,,258,248
630,summoner-11085230,631,ililiiiillliil,Diamond 2,17,81,,188,191
631,summoner-10781225,632,Orphelia,Diamond 2,17,68,,185,148
632,summoner-11045070,633,iWordsworth,Diamond 2,17,71,,129,113
633,summoner-284670,634,Kebun,Diamond 2,16,124,,384,347
634,summoner-566468,635,Kpoop,Diamond 2,16,81,,224,194
635,summoner-742576,636,Zagnoids,Diamond 2,16,83,,175,142
636,summoner-973756,637,tgunAU,Diamond 2,16,53,,123,123
637,summoner-291753,638,Moon,Diamond 2,16,113,,65,66
638,summoner-11080766,639,eris,Diamond 2,15,60,,129,101
639,summoner-451342,640,Clovus,Diamond 2,15,81,,123,127
640,summoner-1471865,641,Bear,Diamond 2,15,71,,83,80
641,summoner-369823,642,Boa Hancöck,Diamond 2,14,150,,132,99
642,summoner-12020515,643,rekkles122122111,Diamond 2,14,40,,78,53
643,summoner-320598,644,PowPowPanda,Diamond 2,14,59,,63,69
644,summoner-2550310,645,Yuuk1 Asuna,Diamond 2,12,84,,204,191
645,summoner-314483,646,potato9,Diamond 2,12,67,,106,97
646,summoner-479671,647,Bozos,Diamond 2,11,67,,120,120
647,summoner-306624,648,Donggy,Diamond 2,11,56,,42,26
648,summoner-7361244,649,Watch Anime pls,Diamond 2,11,37,,40,29
649,summoner-670210,650,1osing,Diamond 2,9,99,,150,109
650,summoner-744879,651,Tinysmish,Diamond 2,8,62,,47,39
651,summoner-953810,652,Kayn and Abel,Diamond 2,7,58,,78,72
652,summoner-11340322,653,Just Believe Zll,Diamond 2,5,91,,182,156
653,summoner-2990640,654,Syouran,Diamond 2,4,71,,141,140
654,summoner-369867,655,Doom of bot,Diamond 2,4,48,,120,116
655,summoner-3163035,656,Ritogaming,Diamond 2,4,56,,107,106
656,summoner-522209,657,Stressful,Diamond 2,3,130,,134,120
657,summoner-11930493,658,22 06 2004,Diamond 2,3,39,,62,38
658,summoner-453513,659,Ronnald,Diamond 2,2,92,,202,182
659,summoner-587995,660,Urie,Diamond 2,1,102,,65,54
660,summoner-7460332,661,ThroneV,Diamond 2,0,109,,397,347
661,summoner-11252354,662,IsaacwF,Diamond 2,0,77,,339,301
662,summoner-1720492,663,whynotbefriends,Diamond 2,0,108,,259,232
663,summoner-4130305,664,Mörty,Diamond 2,0,101,,257,254
664,summoner-1501524,665,Homeless,Diamond 2,0,77,,250,210
665,summoner-491427,666,Shizukesa,Diamond 2,0,92,,237,230
666,summoner-228708,667,Aragaki Yuii,Diamond 2,0,87,,223,198
667,summoner-285605,668,Hindered Raven,Diamond 2,0,95,,179,162
668,summoner-6820866,669,KHSOL,Diamond 2,0,79,,175,177
669,summoner-581491,670,Riggered,Diamond 2,0,85,,172,143
670,summoner-332723,671,Crucix,Diamond 2,0,76,,169,154
671,summoner-710702,672,jihero,Diamond 2,0,60,,168,159
672,summoner-2560269,673,Omni v2,Diamond 2,0,73,,137,135
673,summoner-5904252,674,RIP swain,Diamond 2,0,62,,134,104
674,summoner-301652,675,Koua,Diamond 2,0,79,,130,129
675,summoner-7851650,676,DaSticksOnTwitch,Diamond 2,0,72,,123,117
676,summoner-6010140,677,CN Moon,Diamond 2,0,98,,112,93
677,summoner-1171135,678,MyNameIsAction I,Diamond 2,0,58,,105,90
678,summoner-2593688,679,Xion XIV,Diamond 2,0,61,,104,103
679,summoner-431019,680,Cavs in 2018 lUl,Diamond 2,0,77,,101,99
680,summoner-565066,681,MeShelly,Diamond 2,0,85,,95,77
681,summoner-226673,682,Air,Diamond 2,0,115,,92,94
682,summoner-11840344,683,QaQ08,Diamond 2,0,39,,92,73
683,summoner-8390585,684,SM motherfkn D,Diamond 2,0,57,,90,106
684,summoner-1721171,685,Kewlie,Diamond 2,0,62,,84,64
685,summoner-8690146,686,Cères,Diamond 2,0,73,,80,88
686,summoner-12061866,687,1234hitdinosuar,Diamond 2,0,39,,78,50
687,summoner-2060238,688,Soy Xixi,Diamond 2,0,47,,72,41
688,summoner-10360133,689,Lose for Improve,Diamond 2,0,45,,65,51
689,summoner-398138,690,PMA Kirby,Diamond 2,0,89,,60,61
690,summoner-475949,691,Happy Lion,Diamond 2,0,100,,56,49
691,summoner-8752009,692,4lways,Diamond 2,0,81,,50,19
692,summoner-511987,693,Kaø,Diamond 2,0,116,,35,22
693,summoner-6141799,694,ShØut,Diamond 3,100,68,,210,178
694,summoner-503122,695,Volibear Bot2,Diamond 3,100,59,,194,150
695,summoner-278675,696,Jiae,Diamond 3,100,82,,156,125
696,summoner-554055,697,Bulzy,Diamond 3,100,49,,143,130
697,summoner-290499,698,PizzaRita,Diamond 3,100,81,,96,74
698,summoner-589351,699,Ronni,Diamond 3,100,48,,87,78
699,summoner-7860178,700,tbman,Diamond 3,100,45,,72,66
700,summoner-632043,701,GuyMadeOfFire,Diamond 3,100,39,,46,34
701,summoner-1394171,702,GoogleMaps,Diamond 3,98,101,,204,197
702,summoner-298603,703,Zachary zzz,Diamond 3,98,57,,83,67
703,summoner-600149,704,Vísionary,Diamond 3,96,86,,197,198
704,summoner-296408,705,GodKingLordGaren,Diamond 3,96,109,,148,126
705,summoner-1092892,706,NoxusMight,Diamond 3,96,86,,29,11
706,summoner-578126,707,Anubis,Diamond 3,94,92,,204,180
707,summoner-351975,708,Shadow of Time,Diamond 3,93,83,,88,77
708,summoner-2592134,709,Kali Uchis,Diamond 3,91,79,,110,109
709,summoner-363411,710,Marvoss,Diamond 3,88,34,,45,11
710,summoner-563960,711,Stone,Diamond 3,87,105,,182,179
711,summoner-634788,712,Kevin S Le,Diamond 3,86,117,,200,197
712,summoner-316325,713,Canberra Santa,Diamond 3,86,48,,67,58
713,summoner-10071546,714,blanchesophh,Diamond 3,85,71,,42,39
714,summoner-291689,715,kantos17,Diamond 3,84,106,,114,97
715,summoner-283096,716,Hani is bae,Diamond 3,83,90,,115,107
716,summoner-479495,717,DeathByLlama,Diamond 3,83,88,,74,62
717,summoner-3322092,718,02 02 1998,Diamond 3,82,81,,229,195
718,summoner-10140185,719,LC Focus,Diamond 3,81,92,,201,197
719,summoner-354152,720,Kate Bruhnn,Diamond 3,81,52,,124,77
720,summoner-630037,721,Enticement,Diamond 3,81,95,,83,66
721,summoner-460303,722,Alani,Diamond 3,79,131,,112,112
722,summoner-6101678,723,M416666,Diamond 3,77,58,,93,84
723,summoner-812715,724,Mr Cute HR,Diamond 3,76,52,,154,123
724,summoner-479364,725,01 10 1998,Diamond 3,75,98,,526,507
725,summoner-4791512,726,DW WhiteLotus,Diamond 3,75,149,,517,530
726,summoner-449928,727,Synli,Diamond 3,75,103,,359,360
727,summoner-8071238,728,FZASY,Diamond 3,75,124,,324,309
728,summoner-280030,729,Derpsmagee,Diamond 3,75,119,,280,289
729,summoner-10550212,730,Tilt King,Diamond 3,75,87,,208,189
730,summoner-5281670,731,Zhiend,Diamond 3,75,67,,180,173
731,summoner-3480668,732,Megalomaniac,Diamond 3,75,79,,151,128
732,summoner-621278,733,Skrrrr,Diamond 3,75,72,,150,142
733,summoner-11142189,734,Lil Kush,Diamond 3,75,82,,143,135
734,summoner-3663235,735,El Jannah Garlic,Diamond 3,75,62,,142,137
735,summoner-11171162,736,98116,Diamond 3,75,50,,127,85
736,summoner-639778,737,JohnnyBoyy,Diamond 3,75,70,,110,84
737,summoner-6840379,738,Bdoink,Diamond 3,75,55,,94,80
738,summoner-773359,739,Rooftop Dreams,Diamond 3,75,78,,88,65
739,summoner-304475,740,Daddy Daegyu,Diamond 3,75,69,,86,82
740,summoner-530695,741,kkmok,Diamond 3,75,61,,76,68
741,summoner-449742,742,NIGHTS,Diamond 3,74,83,,170,169
742,summoner-275308,743,Impaired,Diamond 3,74,74,,61,48
743,summoner-270385,744,Jab Right Hook,Diamond 3,72,83,,142,76
744,summoner-482781,745,Feed to Succeed,Diamond 3,72,118,,96,95
745,summoner-322373,746,NoIXemnas,Diamond 3,72,68,,50,37
746,summoner-9210188,747,ZAG Able,Diamond 3,71,88,,167,166
747,summoner-11222878,748,Kerrioneadys,Diamond 3,71,42,,80,53
748,summoner-459047,749,FÖCÜS,Diamond 3,70,89,,276,261
749,summoner-2281882,750,didsum1saytacos,Diamond 3,70,49,,30,19
750,summoner-4440747,751,Brother Hai,Diamond 3,68,77,,126,131
751,summoner-11442161,752,o noo,Diamond 3,68,37,,47,15
752,summoner-3882367,753,Amitle,Diamond 3,67,66,,59,59
753,summoner-5041374,754,hi im floki,Diamond 3,66,92,,234,213
754,summoner-285635,755,MaiI,Diamond 3,65,119,,108,77
755,summoner-360988,756,Noon Gang,Diamond 3,64,69,,120,108
756,summoner-290358,757,Waffle Jr,Diamond 3,63,115,,114,106
757,summoner-4292193,758,Elliot Helm,Diamond 3,62,40,,56,46
758,summoner-551251,759,0 LP,Diamond 3,61,125,,630,604
759,summoner-332240,760,Semirhage,Diamond 3,61,63,,143,120
760,summoner-497679,761,Bill,Diamond 3,60,89,,245,225
761,summoner-2952222,762,Holy Street,Diamond 3,60,81,,145,141
762,summoner-3871268,763,kimuchiyo,Diamond 3,60,64,,99,59
763,summoner-469676,764,Trooper7,Diamond 3,59,42,,104,66
764,summoner-584744,765,Low APM Btw,Diamond 3,59,45,,28,17
765,summoner-10891227,766,Barbiturate Bob,Diamond 3,58,100,,317,277
766,summoner-351374,767,L1 Yuxuan,Diamond 3,58,118,,311,304
767,summoner-221335,768,Godco,Diamond 3,58,73,,125,88
768,summoner-229564,769,Xiphos,Diamond 3,58,60,,49,37
769,summoner-9720874,770,bani,Diamond 3,57,94,,340,340
770,summoner-361306,771,Facade,Diamond 3,57,108,,318,319
771,summoner-326039,772,0ldm8legit,Diamond 3,57,40,,61,43
772,summoner-320586,773,boy x,Diamond 3,56,83,,180,177
773,summoner-9420387,774,Harm,Diamond 3,56,73,,140,112
774,summoner-6790124,775,eternity lullaby,Diamond 3,56,63,,135,118
775,summoner-3071107,776,Scuftz,Diamond 3,56,99,,125,112
776,summoner-9741444,777,Miracle,Diamond 3,56,45,,98,72
777,summoner-7200702,778,Valor use fly,Diamond 3,55,42,,58,32
778,summoner-234955,779,Zyran,Diamond 3,55,124,,35,31
779,summoner-984419,780,lllllllllll,Diamond 3,54,130,,348,341
780,summoner-1811821,781,JBreezy,Diamond 3,54,67,,201,189
781,summoner-8611591,782,Nightbringer,Diamond 3,53,36,,35,24
782,summoner-6451124,783,K             98,Diamond 3,52,78,,242,210
783,summoner-320443,784,RaidBoss Ovenhat,Diamond 3,52,84,,100,79
784,summoner-9050223,785,20I7 07 07,Diamond 3,52,56,,88,81
785,summoner-11171178,786,Ordolfur,Diamond 3,52,46,,60,41
786,summoner-368336,787,qop,Diamond 3,51,48,,82,60
787,summoner-471649,788,Ara,Diamond 3,50,62,,212,190
788,summoner-333672,789,Johannes,Diamond 3,48,90,,126,121
789,summoner-296712,790,Nosreme,Diamond 3,48,45,,74,40
790,summoner-467389,791,Princess Belle,Diamond 3,47,73,,187,186
791,summoner-397315,792,Fu Tou de baba,Diamond 3,46,84,,185,177
792,summoner-452854,793,BoyWithFutou,Diamond 3,46,70,,161,149
793,summoner-8110225,794,KKona,Diamond 3,46,50,,93,88
794,summoner-281075,795,SMD Yasindu,Diamond 3,45,117,,172,155
795,summoner-276529,796,Didnt ask,Diamond 3,45,123,,86,84
796,summoner-272664,797,hajun,Diamond 3,43,77,,116,88
797,summoner-345886,798,JigglyButt,Diamond 3,42,62,,82,63
798,summoner-285324,799,Yuqi is bae,Diamond 3,41,89,,75,72
799,summoner-3012162,800,Eels,Diamond 3,41,120,,41,30
800,summoner-220270,801,lmperium,Diamond 3,41,51,,36,27
801,summoner-406857,802,it gets better,Diamond 3,39,52,,160,104
802,summoner-569939,803,skyhao123,Diamond 3,39,63,,142,117
803,summoner-561444,804,AHumanBean,Diamond 3,39,58,,131,120
804,summoner-234227,805,Homunculus,Diamond 3,39,75,,108,86
805,summoner-290786,806,Patruck,Diamond 3,39,97,,57,36
806,summoner-397305,807,Amen1001,Diamond 3,39,45,,50,39
807,summoner-603634,808,L1l Pump Boi,Diamond 3,38,140,,188,181
808,summoner-12000177,809,Jib4,Diamond 3,38,71,,177,141
809,summoner-522668,810,iiDontCare,Diamond 3,38,49,,161,104
810,summoner-1332520,811,3uphonium,Diamond 3,38,63,,64,52
811,summoner-8610951,812,Ch4zz,Diamond 3,38,41,,62,28
812,summoner-225037,813,Afince,Diamond 3,38,88,,28,13
813,summoner-823469,814,Merzy,Diamond 3,37,52,,119,83
814,summoner-8770178,815,Kelvinotoe,Diamond 3,36,95,,147,146
815,summoner-7150141,816,Varaxo,Diamond 3,36,84,,95,107
816,summoner-585398,817,Jimbo Mon,Diamond 3,35,74,,269,252
817,summoner-5551046,818,LGC minkywhale,Diamond 3,35,68,,260,235
818,summoner-746241,819,Marriage,Diamond 3,35,151,,235,211
819,summoner-5900441,820,768 Tizzy T,Diamond 3,35,58,,100,95
820,summoner-369278,821,Pia Pia Piu c,Diamond 3,35,57,,96,57
821,summoner-726540,822,Blue Cat,Diamond 3,33,69,,47,48
822,summoner-12050439,823,aries zero,Diamond 3,32,36,,48,23
823,summoner-551283,824,SF 1 and 13,Diamond 3,31,81,,329,324
824,summoner-941171,825,Nomoreganks,Diamond 3,31,86,,311,290
825,summoner-714034,826,Ton Chan,Diamond 3,31,122,,291,275
826,summoner-331592,827,Lehm The BM,Diamond 3,31,65,,100,70
827,summoner-900278,828,CurdledSilk,Diamond 3,30,89,,267,235
828,summoner-475375,829,ciwei,Diamond 3,30,83,,223,188
829,summoner-8462161,830,LongShorts,Diamond 3,30,101,,133,117
830,summoner-479941,831,xXAbusiveNanaXx,Diamond 3,30,56,,75,61
831,summoner-284887,832,Emperor Ears,Diamond 3,29,84,,79,72
832,summoner-742684,833,FOOLS,Diamond 3,28,76,,122,116
833,summoner-10441803,834,api,Diamond 3,28,49,,36,33
834,summoner-280394,835,Say Yes,Diamond 3,27,95,,331,321
835,summoner-773372,836,Mryibaba,Diamond 3,27,101,,207,177
836,summoner-6231646,837,xXRayXx,Diamond 3,27,80,,147,100
837,summoner-10071222,838,Rlng,Diamond 3,26,79,,229,194
838,summoner-872383,839,Lived,Diamond 3,26,92,,186,181
839,summoner-280811,840,Adiamond,Diamond 3,25,112,,263,255
840,summoner-288237,841,Öhm,Diamond 3,25,71,,231,219
841,summoner-11820124,842,Hide From Egirl,Diamond 3,25,54,,174,124
842,summoner-1201161,843,bigbadnigs,Diamond 3,25,56,,127,118
843,summoner-5895606,844,LoMejorDeLoMejor,Diamond 3,25,63,,97,87
844,summoner-9240178,845,floppyfish278,Diamond 3,25,42,,85,22
845,summoner-278122,846,Risky,Diamond 3,25,76,,74,65
846,summoner-405015,847,Vaporeon,Diamond 3,25,41,,58,44
847,summoner-9001697,848,op dot gg review,Diamond 3,25,42,,53,47
848,summoner-12110444,849,HugoONE,Diamond 3,24,55,,207,184
849,summoner-369623,850,Chingster Ming,Diamond 3,24,98,,49,33
850,summoner-235806,851,Dom,Diamond 3,24,56,,24,15
851,summoner-229272,852,AHYSI,Diamond 3,23,127,,346,347
852,summoner-317309,853,Roz62,Diamond 3,23,48,,182,144
853,summoner-8010504,854,handsome zhe,Diamond 3,23,53,,164,137
854,summoner-11970347,855,1 Love,Diamond 3,23,43,,91,60
855,summoner-1772162,856,Diamond Ero,Diamond 3,22,59,,205,171
856,summoner-3053143,857,Imperceivable,Diamond 3,22,51,,156,118
857,summoner-1340624,858,Elude,Diamond 3,22,81,,72,65
858,summoner-509425,859,Yuzuke,Diamond 3,21,91,,115,90
859,summoner-466220,860,Rex602,Diamond 3,20,121,,258,241
860,summoner-635952,861,Tengar,Diamond 3,20,97,,180,186
861,summoner-445658,862,Zeo,Diamond 3,20,104,,167,159
862,summoner-399347,863,Plagué,Diamond 3,20,55,,128,125
863,summoner-238860,864,frog arms,Diamond 3,20,122,,38,41
864,summoner-10241637,865,Palme n Goéland,Diamond 3,19,72,,307,265
865,summoner-392691,866,Chaps,Diamond 3,19,94,,132,115
866,summoner-443508,867,Boobs,Diamond 3,19,80,,108,100
867,summoner-10280340,868,Leafeon,Diamond 3,19,41,,70,39
868,summoner-4100151,869,Apologetic Noob,Diamond 3,19,54,,60,46
869,summoner-430397,870,ElllaxX,Diamond 3,18,88,,341,351
870,summoner-1350309,871,TheMightyFruit,Diamond 3,18,90,,298,265
871,summoner-223998,872,Woodsie,Diamond 3,18,85,,231,223
872,summoner-6150835,873,Brontosaurus,Diamond 3,18,93,,101,84
873,summoner-1760235,874,Jaycehandsome,Diamond 3,17,75,,202,210
874,summoner-11045786,875,Asterius,Diamond 3,17,66,,139,91
875,summoner-478539,876,DMouse,Diamond 3,17,57,,131,95
876,summoner-275445,877,LAPD 911,Diamond 3,17,58,,90,79
877,summoner-11160289,878,th0mas,Diamond 3,17,48,,80,52
878,summoner-11480427,879,Garverz,Diamond 3,16,72,,218,179
879,summoner-322389,880,Mystiiez,Diamond 3,16,80,,172,146
880,summoner-11075233,881,held me down,Diamond 3,16,68,,164,166
881,summoner-352703,882,Khysoar,Diamond 3,16,57,,144,128
882,summoner-442911,883,Payton,Diamond 3,16,93,,74,77
883,summoner-722764,884,FunkZillah,Diamond 3,15,94,,60,45
884,summoner-6660713,885,Skull07,Diamond 3,14,95,,193,175
885,summoner-571560,886,Paths of Pain,Diamond 3,14,97,,118,116
886,summoner-463325,887,MeMoMoMa,Diamond 3,14,48,,97,88
887,summoner-232022,888,Scroll,Diamond 3,14,61,,94,59
888,summoner-8970295,889,give me anxiety,Diamond 3,13,71,,201,211
889,summoner-497415,890,boboxD,Diamond 3,13,88,,67,48
890,summoner-10161398,891,with1drawn,Diamond 3,13,43,,58,31
891,summoner-10961642,892,Sosothasthak,Diamond 3,12,71,,207,184
892,summoner-628060,893,K1LD3Rn3S5,Diamond 3,12,97,,146,141
893,summoner-322914,894,Halo 1,Diamond 3,12,95,,143,151
894,summoner-7200938,895,Hear,Diamond 3,12,48,,126,110
895,summoner-9120188,896,ShowMaker,Diamond 3,12,51,,55,52
896,summoner-327877,897,never get role,Diamond 3,10,55,,99,93
897,summoner-284257,898,Profit Leonard,Diamond 3,10,41,,65,59
898,summoner-636352,899,Åkanø,Diamond 3,10,43,,48,46
899,summoner-395355,900,Fabulous,Diamond 3,10,48,,48,35
900,summoner-749975,901,RidicuIous,Diamond 3,9,35,,56,15
901,summoner-305787,902,Marshmallows,Diamond 3,9,71,,31,21
902,summoner-2960362,903,Carypto,Diamond 3,8,101,,172,154
903,summoner-563813,904,Reina Kousaka,Diamond 3,8,41,,47,34
904,summoner-1163135,905,SpinLord,Diamond 3,7,69,,104,95
905,summoner-701380,906,Feshua owo,Diamond 3,7,56,,65,69
906,summoner-451889,907,ri Nin leiQVQ,Diamond 3,7,38,,57,48
907,summoner-220192,908,WE DEM BOYZZ,Diamond 3,6,75,,108,89
908,summoner-1810791,909,Holly Mia,Diamond 3,6,90,,85,69
909,summoner-380314,910,Blurred,Diamond 3,4,61,,207,166
910,summoner-6570534,911,Dale Denten,Diamond 3,4,82,,191,183
911,summoner-706024,912,ˉ w ˉ,Diamond 3,4,51,,111,93
912,summoner-3140948,913,Necromancer,Diamond 3,3,72,,224,209
913,summoner-8661945,914,10CSPM,Diamond 3,3,50,,154,117
914,summoner-2910960,915,Jyza IV,Diamond 3,3,52,,136,101
915,summoner-228360,916,Dr Elementfluffy,Diamond 3,3,101,,91,75
916,summoner-5621748,917,CheeZeLord,Diamond 3,3,98,,89,68
917,summoner-402522,918,Kenste,Diamond 3,3,45,,49,34
918,summoner-2262034,919,Main Top,Diamond 3,2,78,,134,113
919,summoner-488654,920,BEEM0,Diamond 3,2,122,,105,106
920,summoner-680188,921,IG Rook1e,Diamond 3,1,78,,285,253
921,summoner-8790826,922,imCodxx,Diamond 3,1,75,,264,223
922,summoner-3621562,923,mfis,Diamond 3,1,93,,122,123
923,summoner-11121305,924,ForsakenDreamz,Diamond 3,1,46,,64,51
924,summoner-337521,925,Remise,Diamond 3,0,162,,601,594
925,summoner-4771933,926,Very Cute Indeed,Diamond 3,0,102,,399,375
926,summoner-1100599,927,godofapples,Diamond 3,0,90,,329,293
927,summoner-4861103,928,1998 12 19,Diamond 3,0,83,,317,281
928,summoner-7820275,929,KoBe 07,Diamond 3,0,86,,314,229
929,summoner-1101353,930,Uncle Wesker,Diamond 3,0,135,,286,254
930,summoner-700393,931,Paco8,Diamond 3,0,70,,232,187
931,summoner-1292193,932,fire kylin,Diamond 3,0,80,,213,182
932,summoner-636241,933,Mlng,Diamond 3,0,91,,212,227
933,summoner-4040527,934,Nyarth,Diamond 3,0,88,,206,207
934,summoner-7381165,935,xluke,Diamond 3,0,74,,199,206
935,summoner-11871110,936,s1ckle,Diamond 3,0,72,,196,155
936,summoner-305116,937,LDV,Diamond 3,0,113,,193,155
937,summoner-7330143,938,Gakki or Satomi,Diamond 3,0,71,,192,176
938,summoner-660755,939,iJwang,Diamond 3,0,107,,191,192
939,summoner-220885,940,Eloh,Diamond 3,0,104,,170,167
940,summoner-503392,941,GoGoJuice98,Diamond 3,0,56,,167,139
941,summoner-3311812,942,Overlord1,Diamond 3,0,112,,163,125
942,summoner-1710466,943,Too Tru Fam,Diamond 3,0,79,,157,140
943,summoner-11430289,944,Joe Miller,Diamond 3,0,90,,152,132
944,summoner-621191,945,AoiTora,Diamond 3,0,63,,151,112
945,summoner-10260750,946,hypebeastakito,Diamond 3,0,94,,148,114
946,summoner-733562,947,Qúeef,Diamond 3,0,96,,143,123
947,summoner-315654,948,ragepoo,Diamond 3,0,64,,142,123
948,summoner-507532,949,Phoed,Diamond 3,0,128,,140,127
949,summoner-292904,950,Pecha Berry,Diamond 3,0,88,,135,125
950,summoner-230856,951,Reznor,Diamond 3,0,74,,131,119
951,summoner-11220678,952,KingGodYasuo,Diamond 3,0,48,,129,93
952,summoner-8212923,953,wRayZxMan,Diamond 3,0,85,,127,118
953,summoner-1680225,954,Exiled,Diamond 3,0,137,,121,119
954,summoner-431518,955,Hachimitsu,Diamond 3,0,108,,120,108
955,summoner-11140408,956,Fuggines,Diamond 3,0,47,,118,90
956,summoner-2160127,957,Pica boo,Diamond 3,0,125,,117,90
957,summoner-287335,958,chookn,Diamond 3,0,45,,113,68
958,summoner-870924,959,Ćonqseºrør,Diamond 3,0,54,,112,111
959,summoner-439711,960,Ace in the Hole,Diamond 3,0,98,,111,110
960,summoner-11500284,961,NewbeePlayer,Diamond 3,0,45,,100,59
961,summoner-226325,962,Charmander AU,Diamond 3,0,42,,99,67
962,summoner-6420294,963,MoonlitKaiser,Diamond 3,0,47,,92,68
963,summoner-295165,964,Gusanator,Diamond 3,0,76,,88,93
964,summoner-438508,965,Maximoo,Diamond 3,0,112,,85,83
965,summoner-351388,966,DaJeung,Diamond 3,0,69,,80,87
966,summoner-239171,967,Hunt,Diamond 3,0,107,,80,58
967,summoner-281946,968,The Gom,Diamond 3,0,54,,68,40
968,summoner-4530378,969,Smlz 0v0,Diamond 3,0,95,,65,45
969,summoner-1880974,970,Byrone,Diamond 3,0,101,,64,59
970,summoner-580828,971,My Jg Is Retard,Diamond 3,0,86,,64,48
971,summoner-3520141,972,15x scope Kar98k,Diamond 3,0,91,,61,46
972,summoner-10171740,973,Suexa,Diamond 3,0,43,,60,28
973,summoner-3592244,974,Qonnect,Diamond 3,0,67,,60,55
974,summoner-8610583,975,ShaIItear,Diamond 3,0,44,,59,61
975,summoner-8870219,976,GZ Cadence,Diamond 3,0,100,,59,45
976,summoner-300644,977,김정은,Diamond 3,0,92,,51,49
977,summoner-1380274,978,Ohgee,Diamond 3,0,57,,49,16
978,summoner-6931874,979,HoIo,Diamond 3,0,44,,49,42
979,summoner-325988,980,The Expanse,Diamond 3,0,43,,42,37
980,summoner-11080832,981,chaøs,Diamond 3,0,48,,41,30
981,summoner-451639,982,Miracle Jgg,Diamond 3,0,126,,38,23
982,summoner-235171,983,Reimú,Diamond 3,0,108,,36,24
983,summoner-365597,984,Alpha Lupi,Diamond 4,100,93,,382,367
984,summoner-2742230,985,Cressy,Diamond 4,100,90,,323,306
985,summoner-302914,986,Legends ND,Diamond 4,100,86,,227,178
986,summoner-590641,987,I Dont Wanna Win,Diamond 4,100,53,,116,110
987,summoner-7680165,988,ORD Lelouch,Diamond 4,100,65,,103,64
988,summoner-8930296,989,P1kaqiu,Diamond 4,100,44,,85,61
989,summoner-5710281,990,SumCookie,Diamond 4,100,52,,84,69
990,summoner-579944,991,OKtiger,Diamond 4,100,44,,72,78
991,summoner-380500,992,Vpn Boi,Diamond 4,100,91,,72,50
992,summoner-315902,993,selphish,Diamond 4,100,83,,66,62
993,summoner-441412,994,QASWEFRGTHJMFDF,Diamond 4,100,103,,52,38
994,summoner-480705,995,Shenaniganzz,Diamond 4,100,45,,50,43
995,summoner-725483,996,BlahblahE,Diamond 4,100,38,,49,48
996,summoner-287737,997,Intent,Diamond 4,100,66,,45,27
997,summoner-8910498,998,One Game,Diamond 4,100,61,,39,31
998,summoner-1811819,999,C137,Diamond 4,100,59,,38,21
999,summoner-287001,1000,grrwoof,Diamond 4,100,74,,36,31
