#timestamp 1529766052513
#date 2018-06-23T15:00:52+00:00
#players 1000
#index,id,rank,name,tier,lp,level,proTeam,win,loss
0,summoner-4602614,1,Eu sou o Jojo,Challenger,1316,84,,267,181
1,summoner-1833896,2,CNB Hy0g4,Challenger,1308,131,,560,452
2,summoner-34000124,3,3242363,Challenger,994,44,,126,62
3,summoner-9540245,4,tinowns2,Challenger,911,71,,190,132
4,summoner-539250,5,HKS Caos,Challenger,909,109,,327,269
5,summoner-31094545,6,Sky s2 BR,Challenger,905,72,,256,178
6,summoner-2833743,7,AvaIanche,Challenger,890,118,,493,381
7,summoner-2984886,8,Rhaegalarys,Challenger,873,156,,222,158
8,summoner-31400150,9,Pokas ideías,Challenger,863,55,,200,114
9,summoner-4499324,10,Nyu,Challenger,810,108,,303,240
10,summoner-523864,11,clumsy boy,Challenger,799,78,,218,170
11,summoner-6510165,12,beyond the stars,Challenger,751,127,,416,362
12,summoner-540342,13,RED Guigo,Challenger,739,114,,339,277
13,summoner-520377,14,envy 30,Challenger,750,87,,279,238
14,summoner-3254291,15,RedBert,Challenger,731,74,,233,174
15,summoner-2596351,16,God Needles,Challenger,727,112,,363,321
16,summoner-17074696,17,KT Mandiocaa,Challenger,722,82,,372,269
17,summoner-31400130,18,YoYo JoJo,Challenger,717,71,,271,175
18,summoner-536088,19,Amazing Zuao,Challenger,692,103,,320,266
19,summoner-1721150,20,goku chan,Challenger,689,93,,254,210
20,summoner-500182,21,CNB Robo1,Challenger,685,89,,275,230
21,summoner-27800149,22,Glaucia,Challenger,670,94,,174,132
22,summoner-22055132,23,Olkaida,Challenger,664,148,,215,162
23,summoner-6673314,24,esA,Challenger,662,88,,319,278
24,summoner-20640125,25,choramaisae,Challenger,654,69,,247,195
25,summoner-24810150,26,GENESIS SHINI,Challenger,654,49,,101,60
26,summoner-9480188,27,Minerva,Challenger,652,95,,305,263
27,summoner-529295,28,burn to emerge,Challenger,652,73,,113,71
28,summoner-24820140,29,yougotmenervous,Challenger,645,94,,474,398
29,summoner-24810137,30,Krastymel,Challenger,639,62,,160,113
30,summoner-2360158,31,LUIS CARVALHO,Challenger,639,49,,110,70
31,summoner-2850703,32,Yan,Challenger,637,77,,250,200
32,summoner-610635,33,Days4fun,Challenger,647,91,,213,160
33,summoner-27980135,34,Sílent Player,Challenger,623,106,,447,403
34,summoner-24810143,35,little gold,Challenger,622,72,,255,205
35,summoner-18270216,36,toguers,Challenger,619,84,,299,246
36,summoner-30992817,37,PRG lima,Challenger,615,116,,514,467
37,summoner-1726011,38,TusiN,Challenger,612,95,,295,247
38,summoner-533497,39,Pinguin Cotoco,Challenger,610,80,,182,140
39,summoner-852464,40,dyNquedo NGDP,Challenger,609,77,,193,146
40,summoner-2891839,41,Destinyyy,Challenger,594,65,,212,172
41,summoner-1475753,42,buceIinho,Challenger,589,109,,346,293
42,summoner-20252931,43,BAAAAAAAAAAANKAI,Challenger,588,98,,468,414
43,summoner-400412,44,exceed apogee,Challenger,586,47,,99,56
44,summoner-17663661,45,AKMU,Challenger,596,73,,329,280
45,summoner-1141219,46,Prblank,Challenger,574,91,,318,281
46,summoner-19440391,47,WP LynX,Challenger,564,127,,472,413
47,summoner-18780139,48,LukasNegro,Challenger,558,74,,263,215
48,summoner-31410132,49,Ruim e velho,Challenger,549,70,,268,191
49,summoner-477786,50,lie blanc182,Challenger,546,66,,164,120
50,summoner-17972381,51,selaK htyM,Challenger,544,102,,364,321
51,summoner-4191339,52,JJOOSUNG,Challenger,541,85,,260,215
52,summoner-1872796,53,Revalí,Challenger,537,100,,303,263
53,summoner-437956,54,Copernic1,Challenger,528,122,,470,413
54,summoner-410074,55,zhao AD113755088,Challenger,528,75,,233,192
55,summoner-27620140,56,KID GOTEN,Challenger,528,70,,226,182
56,summoner-1724409,57,YGOR FREITAS,Challenger,527,101,,347,313
57,summoner-20860130,58,Little Rookie1,Challenger,526,89,,293,255
58,summoner-30610309,59,gebradetransgay,Challenger,523,120,,436,391
59,summoner-27820158,60,Suanybb,Challenger,522,68,,220,177
60,summoner-472453,61,bydekixd,Challenger,521,87,,247,210
61,summoner-29233192,62,Miss Luxury,Challenger,521,214,,203,161
62,summoner-33990125,63,l can be better,Challenger,518,45,,126,84
63,summoner-4583588,64,Unreality,Challenger,517,92,,273,232
64,summoner-29120132,65,RSL TutsTutsz,Challenger,514,154,,524,479
65,summoner-512750,66,whatiswrong,Challenger,514,133,,515,475
66,summoner-602339,67,Vasto1,Challenger,506,155,,601,549
67,summoner-476160,68,high noon,Challenger,504,88,,114,78
68,summoner-34010125,69,Juan JayJ lol,Challenger,502,40,,89,38
69,summoner-20014792,70,NOTEJURISPERITUS,Challenger,501,93,,292,256
70,summoner-2854374,71,Trovaozin,Challenger,498,104,,417,379
71,summoner-530844,72,Sneez1,Challenger,493,76,,247,214
72,summoner-2472380,73,Kaze Ronin,Challenger,490,111,,169,130
73,summoner-477974,74,Zaphkíel,Challenger,489,133,,326,294
74,summoner-3297574,75,UNREFORMED BTW,Challenger,483,87,,292,257
75,summoner-5663560,76,XerembaMole,Challenger,483,54,,126,84
76,summoner-27820136,77,boosted adc,Challenger,483,78,,108,75
77,summoner-18280212,78,korean d2,Challenger,464,70,,218,182
78,summoner-6230125,79,Kales Myth,Challenger,480,102,,224,187
79,summoner-3546357,80,Barry de Barry,Challenger,478,108,,284,254
80,summoner-18290189,81,IlIlIlIIllIlIllI,Challenger,476,47,,116,69
81,summoner-2105456,82,enel1,Challenger,473,78,,146,110
82,summoner-21852695,83,Satan himself,Challenger,472,86,,317,277
83,summoner-520805,84,RED Cabu,Challenger,471,98,,319,282
84,summoner-31380133,85,51654684,Challenger,471,53,,176,105
85,summoner-584708,86,Little Wos,Challenger,467,98,,310,263
86,summoner-6632369,87,RED Perz,Challenger,465,115,,413,376
87,summoner-10212285,88,Martiins,Challenger,465,87,,206,154
88,summoner-840819,89,Vipeeer,Challenger,463,96,,142,94
89,summoner-32530127,90,Kími1,Challenger,463,71,,130,88
90,summoner-18290186,91,Nigrum Pantherae,Challenger,461,52,,169,127
91,summoner-1760285,92,Wartin,Challenger,460,121,,429,386
92,summoner-28883895,93,Hydrogen,Challenger,456,51,,127,82
93,summoner-990588,94,FNC Pickkles,Challenger,449,72,,158,117
94,summoner-5562087,95,Brucer,Challenger,448,76,,211,162
95,summoner-3766192,96,DANIEL FURLAN,Challenger,447,128,,508,472
96,summoner-5248317,97,Taara,Challenger,447,73,,107,65
97,summoner-602145,98,time for dinner,Challenger,446,90,,240,204
98,summoner-808975,99,Vahvel,Challenger,446,63,,97,56
99,summoner-974599,100,Aslan1,Challenger,445,136,,557,525
100,summoner-455830,101,danz0r,Challenger,440,92,,252,217
101,summoner-4967463,102,May 17th,Challenger,440,101,,159,119
102,summoner-19936193,103,PNG Jovigod,Challenger,439,73,,322,273
103,summoner-31410126,104,YoYo Lynkez,Challenger,437,99,,513,444
104,summoner-15890130,105,fatboy prodi,Challenger,437,90,,371,329
105,summoner-16385949,106,HAND OF N0XUS,Challenger,436,111,,243,210
106,summoner-18280187,107,rkid,Challenger,418,68,,248,206
107,summoner-3255468,108,Kappareca,Challenger,427,109,,449,388
108,summoner-440645,109,Ksiv,Challenger,426,73,,179,143
109,summoner-3222212,110,Raven1,Challenger,422,153,,609,565
110,summoner-14494449,111,evr0t,Challenger,422,102,,349,323
111,summoner-3978933,112,BF781,Challenger,422,76,,235,204
112,summoner-25900130,113,guymkryukiul,Challenger,418,72,,202,169
113,summoner-3057217,114,Atrasia,Challenger,417,106,,369,339
114,summoner-486830,115,takeshi,Challenger,415,56,,148,115
115,summoner-23792946,116,Just Lose,Challenger,413,79,,170,130
116,summoner-24800141,117,HYP3 BEAST,Challenger,413,62,,145,108
117,summoner-3345070,118,Xeroque Rolmes,Challenger,412,87,,177,143
118,summoner-21190131,119,RANGERZADA XQDL,Challenger,412,52,,131,82
119,summoner-3862389,120,SynSatioN,Challenger,409,91,,174,129
120,summoner-446673,121,Ninj sad,Challenger,407,113,,382,349
121,summoner-2615838,122,Howper1,Challenger,406,68,,174,114
122,summoner-402032,123,Grevthar,Challenger,404,102,,336,295
123,summoner-470353,124,Mandioquinhaa,Challenger,402,67,,276,198
124,summoner-23793754,125,AAAAAAAAAZZZZZZ,Challenger,402,69,,199,155
125,summoner-1660132,126,REAL FAKE DOORS,Challenger,401,73,,305,265
126,summoner-10152531,127,Yakushí,Challenger,398,168,,391,375
127,summoner-22001193,128,Mewkyo,Challenger,398,96,,179,146
128,summoner-31390126,129,ERASAO EMBRAZADO,Challenger,413,65,,231,161
129,summoner-14850127,130,Buggáx,Challenger,395,53,,182,111
130,summoner-569095,131,Just Dont Cry,Challenger,394,82,,252,219
131,summoner-19340127,132,haters,Challenger,394,55,,138,97
132,summoner-2990701,133,The Cheater,Challenger,393,92,,212,175
133,summoner-2968269,134,STD Stepz,Challenger,392,122,,370,338
134,summoner-424963,135,Namezero,Challenger,391,101,,321,288
135,summoner-21642856,136,Bhz,Challenger,387,170,,534,516
136,summoner-539800,137,Teusla,Challenger,385,141,,417,384
137,summoner-2631152,138,vai freire,Challenger,385,106,,408,390
138,summoner-16975364,139,live my life,Challenger,384,191,,690,664
139,summoner-1335110,140,pijack,Challenger,384,91,,326,282
140,summoner-7591541,141,vaza daki mano,Challenger,379,116,,415,391
141,summoner-871762,142,Café Pretinho,Challenger,377,116,,284,252
142,summoner-27512709,143,Yan Franco,Challenger,377,80,,177,147
143,summoner-18090142,144,warangelusadpls,Challenger,377,75,,176,145
144,summoner-628501,145,LDL Netuno,Challenger,358,114,,394,358
145,summoner-456148,146,Bardeus,Challenger,376,89,,259,226
146,summoner-28770126,147,Açaílover69,Challenger,376,70,,186,150
147,summoner-1304498,148,4LaN,Challenger,376,54,,114,82
148,summoner-5001267,149,Cillias husband,Challenger,375,128,,372,339
149,summoner-21142674,150,RinzIer,Challenger,375,73,,218,181
150,summoner-2074447,151,BBenj,Challenger,371,104,,357,321
151,summoner-19832324,152,RonRom,Challenger,369,65,,125,73
152,summoner-1412244,153,Pitutu,Challenger,368,106,,301,269
153,summoner-4009334,154,stephen ameII,Challenger,366,148,,510,489
154,summoner-31520675,155,Katner,Challenger,366,97,,356,286
155,summoner-21190134,156,CHICÃO LINGUIÇA,Challenger,364,86,,285,249
156,summoner-18280139,157,Rakyz,Challenger,364,96,,263,234
157,summoner-501031,158,ERVA TERERÉ,Challenger,364,61,,168,132
158,summoner-34000130,159,3242350,Challenger,364,39,,77,37
159,summoner-589316,160,Babidii,Challenger,378,98,,314,277
160,summoner-6572250,161,Dekisokonai LLKO,Challenger,362,65,,140,110
161,summoner-484681,162,Killuard,Challenger,359,119,,423,387
162,summoner-550161,163,Stealzin,Challenger,359,103,,325,291
163,summoner-530736,164,Sarkis,Challenger,359,80,,257,238
164,summoner-1357193,165,Peccato,Challenger,358,69,,250,211
165,summoner-1162683,166,Nestorzinho,Challenger,358,59,,128,92
166,summoner-476990,167,TSW Drop,Challenger,357,120,,368,341
167,summoner-20860131,168,Warangelus,Challenger,356,82,,237,201
168,summoner-16985434,169,luíspedrod,Challenger,355,129,,305,271
169,summoner-31390133,170,Sidney Royel,Challenger,355,74,,287,228
170,summoner-27740439,171,RDP Kadaki,Challenger,335,94,,312,280
171,summoner-2101731,172,xanad0,Challenger,352,123,,447,418
172,summoner-14923592,173,OhScary,Challenger,352,147,,372,341
173,summoner-487082,174,FLA brTT      11,Challenger,352,88,,308,280
174,summoner-1623169,175,Dopa,Challenger,351,96,,416,383
175,summoner-475909,176,ICH Pizzaiolo,Challenger,348,103,,317,280
176,summoner-4006761,177,Wenzinger,Challenger,345,129,,327,304
177,summoner-20252143,178,SUB MEC,Challenger,345,68,,244,204
178,summoner-18166519,179,z4y,Challenger,345,118,,226,185
179,summoner-2003578,180,Clovinho,Challenger,343,121,,228,207
180,summoner-3692431,181,Melhor da Pavuna,Challenger,341,100,,478,376
181,summoner-27800128,182,paiN au chocolat,Challenger,341,65,,239,193
182,summoner-533705,183,Arthur Lanches,Challenger,340,135,,174,138
183,summoner-9180143,184,PETALO PETALO,Challenger,340,57,,172,137
184,summoner-7482188,185,Redentor,Challenger,338,127,,481,448
185,summoner-552733,186,ill be better,Challenger,338,81,,204,181
186,summoner-993658,187,trash top,Challenger,337,88,,349,323
187,summoner-1521572,188,Weikyy,Challenger,337,113,,224,179
188,summoner-1312446,189,l Kagura l,Challenger,337,83,,197,162
189,summoner-1520227,190,Akrinuss Bot,Challenger,336,76,,244,213
190,summoner-18180625,191,Lúcyfer,Challenger,335,135,,307,269
191,summoner-16050132,192,qVVVVVVVERTY,Challenger,335,82,,283,246
192,summoner-1608051,193,FIORA MECHANICS,Challenger,331,67,,228,185
193,summoner-403551,194,SkB,Challenger,330,111,,211,183
194,summoner-6632055,195,SoloqHeroVrauRx,Challenger,329,112,,327,298
195,summoner-28111590,196,SMURF D0 MUCA,Challenger,327,146,,554,531
196,summoner-522557,197,tinowns,Challenger,324,54,,147,108
197,summoner-2615940,198,aldair45,Challenger,320,53,,111,67
198,summoner-15640138,199,Helior,Challenger,300,92,,399,370
199,summoner-4211935,200,Lunefe,Challenger,298,93,,167,137
200,summoner-9221591,201,Suicide is real,Master,348,95,,273,236
201,summoner-33990124,202,sephis,Master,325,37,,64,24
202,summoner-850841,203,deIicate,Master,316,105,,156,113
203,summoner-973876,204,Hidanzin,Master,314,112,,382,358
204,summoner-24800140,205,NA KUCKEIRA BIXO,Master,314,51,,120,94
205,summoner-1492273,206,Tang d Tangerina,Master,313,91,,252,224
206,summoner-30644278,207,Mát,Master,312,73,,180,149
207,summoner-34000126,208,PEREZLOL,Master,310,41,,89,56
208,summoner-4451476,209,doravante,Master,308,92,,223,199
209,summoner-18121335,210,Luks Said,Master,307,158,,416,392
210,summoner-4121293,211,Klaus,Master,306,72,,273,240
211,summoner-27940487,212,itsuka kitto,Master,305,52,,122,75
212,summoner-403080,213,Loop,Master,303,67,,184,151
213,summoner-1686341,214,CaioMeninoJayce,Master,298,63,,182,138
214,summoner-944815,215,Fididinho,Master,297,141,,401,363
215,summoner-3860700,216,nthayy,Master,297,113,,385,349
216,summoner-818464,217,DoiERADAN,Master,295,115,,257,232
217,summoner-994310,218,Hora de worka,Master,294,101,,409,371
218,summoner-623639,219,Mystr is back,Master,293,84,,269,234
219,summoner-2627086,220,kr mid laner,Master,290,133,,464,436
220,summoner-5883654,221,Junklif3,Master,290,108,,177,152
221,summoner-26810871,222,C9Sneakyfanboy,Master,289,59,,148,105
222,summoner-5520003,223,Hometown SmiIe,Master,289,48,,123,78
223,summoner-3446959,224,ÁREA INDUSTRIAL,Master,289,49,,96,63
224,summoner-29196028,225,almirante1,Master,288,73,,289,238
225,summoner-1796922,226,HeavenHelI,Master,288,173,,213,180
226,summoner-27402791,227,miIiodas,Master,288,64,,182,155
227,summoner-23160147,228,Warangelus2,Master,286,60,,214,173
228,summoner-477374,229,SKG BroTher,Master,284,103,,376,353
229,summoner-6991312,230,Mito Supremo,Master,284,124,,145,117
230,summoner-29661342,231,above the best,Master,266,66,,197,139
231,summoner-18770125,232,CNBrunch,Master,283,52,,123,83
232,summoner-441177,233,Feeeeeeeeeeeed,Master,282,111,,423,394
233,summoner-457897,234,DJ LuzAzul,Master,282,47,,118,81
234,summoner-1706396,235,Aran,Master,281,89,,147,109
235,summoner-18280181,236,am I the one,Master,280,40,,82,40
236,summoner-1345097,237,astro,Master,279,88,,151,119
237,summoner-24810138,238,88961597,Master,279,49,,102,70
238,summoner-9735541,239,Zude,Master,278,168,,566,543
239,summoner-526203,240,URSÃO DA FEDERAL,Master,260,72,,167,128
240,summoner-2011109,241,GhoustInsert,Master,278,84,,134,79
241,summoner-450353,242,Mr Glass,Master,277,121,,446,423
242,summoner-14733467,243,Exura Siio,Master,275,144,,612,586
243,summoner-3508522,244,Victinz,Master,275,69,,129,94
244,summoner-2982516,245,SheIdon1,Master,274,172,,633,612
245,summoner-31410129,246,WE zero,Master,273,61,,226,172
246,summoner-2824572,247,omfg qe dog,Master,271,106,,405,346
247,summoner-3857643,248,Rebuild Yourself,Master,268,127,,200,169
248,summoner-498101,249,RSL TaKKeru,Master,267,153,,563,537
249,summoner-12614374,250,Giozi,Master,267,85,,156,126
250,summoner-2161086,251,Pucas Laquetá,Master,264,87,,244,207
251,summoner-25010156,252,Homeless adc,Master,264,56,,142,116
252,summoner-9660188,253,greek yogurt,Master,264,60,,135,107
253,summoner-598401,254,danielgggruener,Master,263,121,,333,302
254,summoner-13200138,255,Droovyle,Master,263,44,,81,46
255,summoner-13392802,256,VK Klaus,Master,243,59,,195,170
256,summoner-1100839,257,R l P,Master,259,67,,267,192
257,summoner-5896098,258,wilmat23,Master,259,103,,253,225
258,summoner-950207,259,Ferchuchu,Master,259,82,,140,114
259,summoner-14004756,260,Riyev,Master,276,76,,172,145
260,summoner-1122851,261,Gyeongg,Master,257,102,,278,251
261,summoner-3856504,262,KTCHORO 0 WUKONG,Master,257,98,,186,157
262,summoner-7353911,263,Dondeiza,Master,254,71,,161,134
263,summoner-517654,264,Ataides,Master,251,95,,345,311
264,summoner-448798,265,Malfeitin,Master,249,139,,263,241
265,summoner-29300136,266,zzzzzzzzzzzzzz1,Master,248,60,,221,179
266,summoner-3299674,267,bot die,Master,248,67,,159,140
267,summoner-2446190,268,Freedon1,Master,245,119,,269,243
268,summoner-3586097,269,Poulzric,Master,245,59,,110,74
269,summoner-8772986,270,it boalxxx,Master,242,162,,594,560
270,summoner-31390138,271,lwasbornforthis,Master,242,55,,142,80
271,summoner-2143857,272,Arlon547,Master,241,118,,363,333
272,summoner-551613,273,Iouiz,Master,240,95,,258,228
273,summoner-18290216,274,in ayel we trust,Master,240,51,,160,105
274,summoner-6741238,275,João O Tiltado,Master,239,94,,183,156
275,summoner-30012821,276,Jácomini,Master,237,103,,414,367
276,summoner-1354749,277,Jukes,Master,237,107,,320,304
277,summoner-3251408,278,Guspfc,Master,236,105,,366,334
278,summoner-1284062,279,Picknn,Master,214,108,,442,423
279,summoner-27923424,280,Traaaxx,Master,217,129,,385,358
280,summoner-643646,281,Winter NGDP,Master,232,91,,196,176
281,summoner-18133990,282,im goodplayer,Master,232,44,,101,54
282,summoner-4145901,283,Zyeras,Master,231,127,,368,336
283,summoner-498232,284,iLoveYourFear,Master,230,88,,269,247
284,summoner-27904942,285,SERlOSAMENTE,Master,230,68,,166,141
285,summoner-3260483,286,Kedul,Master,229,71,,223,209
286,summoner-523009,287,Vida Avançada,Master,229,57,,149,123
287,summoner-2104285,288,Lilo Senpai,Master,227,111,,139,108
288,summoner-460712,289,Milozinho,Master,226,110,,352,328
289,summoner-1152101,290,Carryy1,Master,226,91,,259,227
290,summoner-31580142,291,EleuGõd,Master,226,56,,168,140
291,summoner-1932352,292,fã da Miss Korea,Master,225,95,,182,157
292,summoner-24781944,293,PJ THE ANIMAL,Master,240,85,,325,310
293,summoner-30733372,294,Gragas plays me,Master,222,77,,300,258
294,summoner-16292670,295,zSora,Master,222,143,,255,223
295,summoner-17965375,296,ANN MARY BRAGSON,Master,222,65,,177,151
296,summoner-761600,297,Rare,Master,221,107,,435,402
297,summoner-14844789,298,GUSTAVOGARCEZ1,Master,221,74,,263,140
298,summoner-16131465,299,DóRéMiFáSolado,Master,221,106,,212,180
299,summoner-4125957,300,pstar zilean,Master,220,62,,153,118
300,summoner-2432968,301,RSL vini,Master,218,104,,391,357
301,summoner-31390129,302,Wood,Master,218,50,,151,102
302,summoner-27923424,303,Traaaxx,Master,217,129,,385,358
303,summoner-418238,304,lndigo child,Master,216,77,,276,260
304,summoner-3228096,305,kingao dog,Master,215,137,,397,375
305,summoner-26660126,306,VashXStampide,Master,215,61,,123,84
306,summoner-514147,307,PEEL NA SORAKITA,Master,215,46,,115,55
307,summoner-34010129,308,3242358,Master,215,39,,70,31
308,summoner-17163065,309,Frooooooooosty,Master,213,70,,168,119
309,summoner-16580620,310,ZBOLINHAKKKKKKKK,Master,212,137,,509,497
310,summoner-22057832,311,the saddest law,Master,212,86,,153,125
311,summoner-9406794,312,SupMeiCarryU,Master,210,78,,230,213
312,summoner-5093272,313,ueP,Master,210,109,,193,169
313,summoner-4990391,314,Jack RusseI,Master,209,70,,130,103
314,summoner-6011482,315,Relaxa eu to,Master,208,95,,213,178
315,summoner-4744689,316,yHanzo,Master,207,137,,350,328
316,summoner-16313209,317,BugattiHD,Master,207,117,,322,225
317,summoner-4791037,318,Odeio o Dia 5,Master,205,78,,136,100
318,summoner-3325689,319,Octavia Wonkru,Master,204,70,,128,109
319,summoner-1998729,320,NOT TODAY SATÀN,Master,201,79,,312,246
320,summoner-477170,321,o Kalec,Master,200,101,,359,344
321,summoner-1570860,322,lord semi,Master,199,82,,236,211
322,summoner-9725369,323,ICH z1ni,Master,199,73,,162,129
323,summoner-9336991,324,Sensitivy,Master,197,120,,155,120
324,summoner-535862,325,Bom de lança,Master,196,54,,84,53
325,summoner-994288,326,E O TAL DO BANCO,Master,195,118,,369,349
326,summoner-2618083,327,11G Shy,Master,195,110,,113,83
327,summoner-626826,328,Saito o Random,Master,194,84,,145,109
328,summoner-27620130,329,Mi Diosa Remilia,Master,194,63,,135,99
329,summoner-451826,330,MekansS,Master,192,117,,311,287
330,summoner-14983993,331,Yamato rank 1,Master,192,49,,109,57
331,summoner-9264045,332,16BIT Play,Master,208,135,,499,475
332,summoner-8771352,333,KraZace,Master,191,72,,148,118
333,summoner-10006127,334,LokiFc,Master,190,102,,310,281
334,summoner-3674871,335,Gubrizin,Master,189,146,,436,414
335,summoner-31580156,336,Otherworld,Master,189,67,,266,227
336,summoner-1061122,337,Goot,Master,188,151,,275,255
337,summoner-1921192,338,cloudboys,Master,187,123,,239,208
338,summoner-458565,339,Alaor Leao,Master,187,64,,147,119
339,summoner-952177,340,STMPD RCRDS,Master,185,133,,472,450
340,summoner-1335095,341,Brunaldoo,Master,185,135,,449,421
341,summoner-523059,342,RyousMaster,Master,185,96,,308,270
342,summoner-25431001,343,Frenetic B O Y S,Master,184,47,,137,77
343,summoner-1476385,344,ebidi,Master,183,133,,350,322
344,summoner-28042364,345,Nick Link,Master,183,103,,328,304
345,summoner-19680554,346,Winter Mid Beast,Master,183,57,,160,125
346,summoner-526242,347,pocasx,Master,182,101,,110,78
347,summoner-1291697,348,Díyo,Master,181,97,,405,372
348,summoner-4369373,349,Aegís,Master,181,92,,248,232
349,summoner-627770,350,Koumei,Master,181,111,,163,123
350,summoner-5610206,351,150195,Master,180,99,,490,443
351,summoner-15840890,352,RIP VAYNE,Master,180,119,,372,349
352,summoner-2656450,353,wash our fears,Master,180,74,,172,141
353,summoner-32340130,354,1Shmebulock,Master,178,72,,288,242
354,summoner-461489,355,Foxicity,Master,178,110,,271,240
355,summoner-22232487,356,eu sou mt lindoo,Master,176,103,,390,377
356,summoner-2223813,357,Vem de,Master,176,63,,171,139
357,summoner-3410218,358,NOsFerus,Master,175,87,,138,112
358,summoner-31029066,359,ScriptKing,Master,173,112,,346,304
359,summoner-23844107,360,Kur0,Master,173,93,,224,184
360,summoner-1798029,361,Sephis1,Master,173,59,,192,144
361,summoner-4422505,362,Nickii,Master,172,142,,95,67
362,summoner-1423539,363,VKG ONR2K,Master,170,132,,186,153
363,summoner-31891670,364,Vngce,Master,170,55,,140,79
364,summoner-5808515,365,David HaIIer,Master,169,86,,293,269
365,summoner-13304712,366,The Endeavor,Master,167,86,,293,274
366,summoner-5632944,367,addoh,Master,167,84,,239,212
367,summoner-787356,368,Reyt,Master,166,54,,110,81
368,summoner-9180141,369,FIX1,Master,166,55,,69,44
369,summoner-2211022,370,Kennzy,Master,165,91,,391,365
370,summoner-5940279,371,Orlan,Master,165,107,,380,365
371,summoner-486025,372,FuLyyyyyyyZiK,Master,165,105,,285,255
372,summoner-2961615,373,keep your faith,Master,165,72,,236,210
373,summoner-3264020,374,Xusty,Master,164,169,,489,456
374,summoner-404537,375,Shimàzu,Master,164,103,,155,126
375,summoner-4300217,376,DvR,Master,163,93,,168,131
376,summoner-9515709,377,Vento ventania,Master,163,80,,126,114
377,summoner-29911410,378,U gotta know,Master,162,73,,194,126
378,summoner-531982,379,Krasty,Master,162,62,,139,118
379,summoner-22681499,380,Gen G CoreJJ,Master,162,47,,73,52
380,summoner-1826344,381,Kyoú,Master,161,120,,360,346
381,summoner-1094438,382,RSL Disave,Master,161,83,,187,160
382,summoner-1347189,383,WP Vampyrus,Master,160,121,,246,227
383,summoner-2959963,384,Artuu,Master,158,105,,208,176
384,summoner-3922741,385,Ernest Du Voyage,Master,158,48,,161,88
385,summoner-2361597,386,Duclou,Master,158,79,,148,121
386,summoner-482358,387,Kestra,Master,156,121,,568,549
387,summoner-517514,388,Josh Dun,Master,155,54,,116,87
388,summoner-488302,389,OWOWOW Q ISSO,Master,136,82,,154,132
389,summoner-527644,390,RW doinb,Master,153,59,,126,104
390,summoner-30947194,391,SCRIPTED XERATH,Master,152,87,,244,191
391,summoner-2640979,392,Super Primata,Master,150,140,,395,381
392,summoner-1177854,393,I am JauM,Master,150,143,,337,313
393,summoner-3582429,394,mxcn1,Master,149,95,,364,325
394,summoner-3314389,395,ÉL DG da RAJADA,Master,149,100,,254,243
395,summoner-17502485,396,fightingforlove,Master,149,77,,164,145
396,summoner-1346848,397,Nando Moura,Master,149,59,,120,98
397,summoner-3876563,398,LordTrolll,Master,148,111,,509,485
398,summoner-3696322,399,BTS FANpanman,Master,147,90,,255,234
399,summoner-18290159,400,Freshx,Master,147,79,,236,216
400,summoner-514832,401,Otakinho,Master,147,74,,214,186
401,summoner-31390134,402,kbm KZ,Master,165,56,,159,90
402,summoner-4733664,403,Bucn,Master,147,54,,113,83
403,summoner-587003,404,Sylvanas Fanboy,Master,146,131,,500,474
404,summoner-564264,405,Tlux Capitalista,Master,146,93,,304,285
405,summoner-2835328,406,CNB BericK,Master,145,91,,200,182
406,summoner-459699,407,Cawabanga,Master,144,89,,260,231
407,summoner-10212533,408,MATHEUS LEIRIÃO,Master,144,52,,106,67
408,summoner-553147,409,NNz GuardiaN,Master,143,118,,432,416
409,summoner-26122519,410,Portuga o Odiado,Master,143,119,,432,412
410,summoner-539364,411,goId ACE,Master,143,117,,423,395
411,summoner-31410134,412,SteaI,Master,143,60,,190,159
412,summoner-31903147,413,Kyokate,Master,143,49,,132,71
413,summoner-529557,414,WH Khorn,Master,142,123,,257,220
414,summoner-16305669,415,ySkyTech,Master,141,85,,120,90
415,summoner-13255870,416,Garakuta,Master,140,98,,329,301
416,summoner-3775391,417,Celo Otaku GOD,Master,139,118,,266,238
417,summoner-417952,418,Chá Preto,Master,138,206,,633,628
418,summoner-4642371,419,lnoue,Master,138,147,,369,349
419,summoner-4426254,420,zFudenci0,Master,138,73,,174,148
420,summoner-1153778,421,LLKO,Master,138,64,,161,140
421,summoner-10270414,422,Juki 1,Master,137,125,,414,393
422,summoner-443671,423,Nuvem,Master,137,111,,360,334
423,summoner-3808425,424,Anubite,Master,137,60,,103,68
424,summoner-21230246,425,Yoaan,Master,154,110,,401,385
425,summoner-26251237,426,NinjasHyper,Master,135,72,,298,263
426,summoner-1314581,427,sopEr,Master,135,101,,264,235
427,summoner-24820137,428,JUDOCA DO VAL,Master,135,47,,76,44
428,summoner-1735293,429,RBT Burritox,Master,134,114,,356,338
429,summoner-4063950,430,Miito,Master,134,87,,233,181
430,summoner-5486333,431,WUKONG RAIKAGE,Master,134,128,,228,209
431,summoner-3342193,432,Kishi de kejo,Master,132,101,,267,249
432,summoner-26634825,433,korean elo,Master,132,61,,140,91
433,summoner-7364378,434,ESEQ SENPAI,Master,132,70,,139,114
434,summoner-1793570,435,winged crowley,Master,131,117,,259,217
435,summoner-537758,436,O Atuário,Master,131,67,,171,136
436,summoner-30714295,437,xXOtakuSlayerXx,Master,130,76,,235,218
437,summoner-25041004,438,UGNAZ mcemo0219J,Master,128,100,,423,400
438,summoner-2526288,439,spoiI my night,Master,128,95,,395,376
439,summoner-405232,440,filthy but frank,Master,128,131,,385,363
440,summoner-26040126,441,Reporta 7z7 durr,Master,128,99,,296,275
441,summoner-5214422,442,fight back,Master,128,74,,153,128
442,summoner-1560796,443,ayk good kid,Master,125,86,,225,198
443,summoner-18260229,444,jungle go boom,Master,125,80,,212,192
444,summoner-5160319,445,Koshi o Duelista,Master,124,95,,103,79
445,summoner-517476,446,WP Hawk,Master,123,91,,295,289
446,summoner-4124582,447,ddddddoublelift,Master,120,171,,631,618
447,summoner-771334,448,Marf,Master,120,98,,404,390
448,summoner-2453114,449,SrFakerDoCongo,Master,118,74,,241,204
449,summoner-8382735,450,Don t Iook at me,Master,118,66,,228,189
450,summoner-477254,451,Invocador,Master,118,74,,200,175
451,summoner-18780124,452,ta frio demais,Master,117,49,,75,47
452,summoner-441589,453,lord knows,Master,116,78,,248,226
453,summoner-5283415,454,Ceres of Night,Master,113,96,,156,123
454,summoner-459192,455,treevor,Master,113,65,,121,92
455,summoner-1412492,456,Toih,Master,112,105,,417,390
456,summoner-2151821,457,Ribeiro xD,Master,112,129,,401,377
457,summoner-502146,458,hctiwT freN,Master,112,113,,251,232
458,summoner-459360,459,Feniks,Master,111,130,,624,616
459,summoner-524758,460,arrogant warrior,Master,111,109,,406,385
460,summoner-483841,461,kkkkkk esse meta,Master,111,82,,177,149
461,summoner-1470279,462,Dino0,Master,129,110,,185,152
462,summoner-3666306,463,KooperR,Master,110,68,,140,110
463,summoner-1703286,464,Dratini,Master,109,121,,202,176
464,summoner-4407154,465,Vinicius Pro,Master,106,98,,306,270
465,summoner-29762152,466,Live what u love,Master,105,112,,312,277
466,summoner-401441,467,nivaspivetta,Master,105,56,,223,159
467,summoner-2989650,468,HIGAO SOLOU VC,Master,104,113,,542,537
468,summoner-9093830,469,zIFaker,Master,104,158,,242,217
469,summoner-2494246,470,w0lfg4ng,Master,103,115,,225,181
470,summoner-797658,471,BF343,Master,101,98,,330,316
471,summoner-5306960,472,LDL Hamamura,Master,100,97,,220,193
472,summoner-26515137,473,Linkey,Master,100,145,,97,65
473,summoner-16011786,474,HiGuilty,Master,99,130,,443,413
474,summoner-2875987,475,Bebê a Bardo,Master,99,126,,363,343
475,summoner-470423,476,UCW Fergonha  10,Master,98,92,,154,137
476,summoner-15401238,477,GSK dnr1,Master,97,116,,464,438
477,summoner-1670139,478,Vivendopedra,Master,97,91,,315,275
478,summoner-3281312,479,Temporada2011,Master,97,64,,186,156
479,summoner-4571134,480,P0GG3R5,Master,94,136,,529,512
480,summoner-3915569,481,Reforjado Maxus,Master,93,109,,363,346
481,summoner-24810139,482,BRAZILIAN DOG,Master,92,59,,144,113
482,summoner-800274,483,Kuks,Master,91,108,,371,350
483,summoner-4391385,484,Devios Sarrador,Master,91,92,,281,260
484,summoner-2063689,485,PUC Darkotte,Master,91,108,,144,114
485,summoner-2894057,486,always suffering,Master,89,120,,373,341
486,summoner-3812004,487,St0rm3r,Master,89,105,,115,87
487,summoner-13971314,488,RIP Smite,Master,88,116,,354,329
488,summoner-490796,489,Dettz1,Master,87,83,,366,308
489,summoner-3171437,490,ACE sPorc,Master,87,117,,355,334
490,summoner-473842,491,Peacemaker Luke,Master,87,99,,222,196
491,summoner-3329598,492,Hide On RuuusTy,Master,87,106,,203,184
492,summoner-4179025,493,Fréu,Master,68,122,,472,459
493,summoner-4290375,494,Little Churros,Master,86,160,,212,194
494,summoner-4451385,495,scamber,Master,86,106,,180,167
495,summoner-1521225,496,Anar alah Belore,Master,85,97,,480,386
496,summoner-3051761,497,LeLeu da SWAT,Master,85,70,,176,141
497,summoner-2829468,498,YUHZZ,Master,85,66,,167,132
498,summoner-2834848,499,Aluno d Medicina,Master,85,120,,163,140
499,summoner-2495453,500,CIown,Master,84,93,,228,195
500,summoner-543105,501,PLS Kaze,Master,84,61,,117,77
501,summoner-2271076,502,Berg o God,Master,83,129,,552,522
502,summoner-1499171,503,All Apologies,Master,83,155,,302,287
503,summoner-1733808,504,Hatake1,Master,83,72,,174,145
504,summoner-1390933,505,iBlair,Master,82,76,,202,184
505,summoner-1950898,506,F   Í   R   O,Master,81,119,,298,264
506,summoner-1192093,507,Tuiu ZX,Master,79,112,,231,191
507,summoner-1303684,508,Ketsu,Master,78,86,,298,277
508,summoner-4213864,509,Flame Breath,Master,78,114,,186,160
509,summoner-2840667,510,WP POMBO,Master,77,73,,265,222
510,summoner-2886810,511,i ZooD x,Master,77,112,,213,189
511,summoner-2587522,512,BoIsa Familia,Master,77,46,,141,64
512,summoner-1167954,513,Cellin Lothbrok,Master,74,122,,646,585
513,summoner-9153771,514,Vladimir Bot,Master,74,55,,157,126
514,summoner-2633381,515,ÉL TiTiltei 1v9,Master,72,115,,294,261
515,summoner-932241,516,Nakinha,Master,72,119,,165,147
516,summoner-3160143,517,Ignorant Thralls,Master,72,49,,117,65
517,summoner-813924,518,TIO TA AI,Master,71,113,,221,185
518,summoner-3967546,519,Kenái,Master,70,130,,305,246
519,summoner-11425082,520,The Spiker,Master,70,97,,235,199
520,summoner-3608479,521,LDL DJ,Master,70,114,,216,183
521,summoner-12680134,522,shadowwwwwwww,Master,69,101,,280,272
522,summoner-15624313,523,GuizorPET,Master,69,116,,272,240
523,summoner-28810885,524,melancholicdrugs,Master,69,107,,259,229
524,summoner-6905046,525,Distinct1,Master,69,62,,85,65
525,summoner-3250478,526,j3k5y7ty91,Master,68,88,,231,211
526,summoner-30563222,527,DaIIasmmbr,Master,67,57,,209,152
527,summoner-411765,528,Fizz,Master,67,114,,151,127
528,summoner-30654251,529,Believe in Savz,Master,90,41,,79,29
529,summoner-4979785,530,Jiren,Master,66,115,,303,274
530,summoner-472017,531,Mianhae,Master,65,115,,190,156
531,summoner-3320429,532,Hi im Vermilion,Master,65,52,,133,97
532,summoner-1390998,533,GzuisCriaEuMato,Master,62,63,,131,87
533,summoner-1394602,534,Bmxsz,Master,61,68,,131,103
534,summoner-2226672,535,4FoX Witeger,Master,60,86,,216,181
535,summoner-1653372,536,wild Unicorn,Master,59,168,,153,108
536,summoner-27220135,537,LhazZurt,Master,58,101,,332,322
537,summoner-1190645,538,Tukay,Master,57,106,,298,274
538,summoner-4453680,539,Zubreska,Master,57,79,,280,258
539,summoner-20080132,540,HAF Khynm1k,Master,57,62,,134,109
540,summoner-2942109,541,crawling soul,Master,56,119,,408,377
541,summoner-20770309,542,Wesley Safadoski,Master,56,71,,136,120
542,summoner-3558565,543,mazKing,Master,55,113,,392,377
543,summoner-4220138,544,10Comand Derieri,Master,55,134,,267,248
544,summoner-527659,545,Tartaruga Véia,Master,55,67,,165,148
545,summoner-19802739,546,Courtesy,Master,55,136,,156,114
546,summoner-411017,547,Hooked ois,Master,54,85,,217,195
547,summoner-1322639,548,GordoOtakoNaruto,Master,53,66,,203,176
548,summoner-33943359,549,tiosatan yas lol,Master,53,47,,152,99
549,summoner-10015953,550,A new marksmanBR,Master,52,136,,243,223
550,summoner-28871059,551,LDL Mittens,Master,51,124,,303,272
551,summoner-5025726,552,KJ Frost,Master,51,136,,275,257
552,summoner-31390136,553,xd40028922xd,Master,51,50,,155,109
553,summoner-4621500,554,BBenj1,Master,50,83,,302,289
554,summoner-3417137,555,Dragão de Komodo,Master,50,97,,105,81
555,summoner-21020126,556,Plugo1,Master,50,43,,82,53
556,summoner-1187695,557,Specktro NGDP,Master,49,94,,368,292
557,summoner-4731833,558,Tsuuki1,Master,49,99,,335,322
558,summoner-1772812,559,30 anos,Master,49,70,,220,192
559,summoner-3072094,560,Triguit0,Master,48,95,,173,148
560,summoner-536481,561,HadesEx,Master,47,135,,189,159
561,summoner-514602,562,kpsaodksaodf,Master,47,71,,186,164
562,summoner-9685535,563,Wonks,Master,47,102,,63,22
563,summoner-28974538,564,RDP Kvrak,Master,46,83,,246,223
564,summoner-2848023,565,Aerys Targaryien,Master,45,88,,317,286
565,summoner-1774157,566,Kyuubi xP,Master,61,97,,270,251
566,summoner-10130145,567,Iordcini,Master,44,74,,117,97
567,summoner-16542924,568,RNG Zz1tai1,Master,44,48,,83,64
568,summoner-18280198,569,O Pantera,Master,44,41,,45,15
569,summoner-596276,570,SB STARS NiT,Master,43,108,,381,348
570,summoner-4581492,571,ErroNão,Master,43,50,,112,65
571,summoner-31600140,572,me beija garota,Master,42,78,,237,221
572,summoner-27934954,573,Mockíngbird,Master,42,51,,79,48
573,summoner-417844,574,Redshift res,Master,40,100,,399,375
574,summoner-3140810,575,AfonsoYo,Master,40,103,,287,254
575,summoner-463540,576,ShyGuy Serket,Master,39,97,,296,271
576,summoner-1172963,577,WorstDayOfMyLife,Master,38,122,,462,440
577,summoner-1177778,578,PepinoMaritimo,Master,38,67,,166,144
578,summoner-14331788,579,blemblade,Master,37,125,,286,265
579,summoner-524470,580,Panda,Master,37,48,,123,92
580,summoner-995547,581,azore,Master,36,101,,344,328
581,summoner-1400564,582,Lavox,Master,35,90,,239,220
582,summoner-1918288,583,Cell Jr,Master,35,97,,201,139
583,summoner-2213672,584,CNB Reversed,Master,35,88,,186,162
584,summoner-2603508,585,Newgâte,Master,34,133,,302,280
585,summoner-15860130,586,1TRAFALGAR LAW,Master,34,84,,287,269
586,summoner-1506830,587,ACE Auron ArmSTR,Master,31,143,,314,290
587,summoner-3175198,588,BiotoniKo,Master,31,106,,252,236
588,summoner-11077008,589,Baby Puck,Master,31,146,,167,144
589,summoner-2504311,590,Krane,Master,30,125,,474,453
590,summoner-29690131,591,Rabbit4Dinner,Master,30,56,,133,119
591,summoner-2456216,592,Steve Walsh,Master,29,104,,227,203
592,summoner-2248058,593,Patoshi,Master,28,105,,204,168
593,summoner-4483023,594,Jiyuu no Tsubasa,Master,27,114,,297,257
594,summoner-2816319,595,Skzero,Master,27,97,,276,257
595,summoner-1722557,596,yougotmeexcited,Master,26,184,,295,275
596,summoner-1340907,597,Shirusen,Master,26,108,,239,214
597,summoner-2883143,598,Mighty MuffiN,Master,26,62,,129,106
598,summoner-404084,599,PRG TRIGOD,Master,26,76,,112,93
599,summoner-9730507,600,Malboro Rulez,Master,25,119,,531,515
600,summoner-1993099,601,Eliseoz bx,Master,25,86,,327,297
601,summoner-22730843,602,Kirigaya Suguha,Master,24,171,,575,552
602,summoner-5290353,603,EuNRezoMasAFiora,Master,24,98,,190,151
603,summoner-4144418,604,zFenrir,Master,23,108,,552,539
604,summoner-3623540,605,Petroni,Master,22,86,,221,205
605,summoner-440670,606,JUV Dybala,Master,22,68,,160,140
606,summoner-34000127,607,3242354,Master,22,37,,60,34
607,summoner-1344784,608,BDN KataWINa,Master,21,111,,259,231
608,summoner-6374367,609,CG Febiven,Master,21,79,,157,134
609,summoner-2610376,610,rust player,Master,21,59,,125,106
610,summoner-431323,611,Myra,Master,20,107,,246,214
611,summoner-30704240,612,Prodigy Player,Master,20,63,,232,175
612,summoner-2478279,613,Fuzzy1,Master,20,105,,135,100
613,summoner-6300127,614,awp element,Master,19,116,,384,368
614,summoner-4126797,615,Spl4sh,Master,19,83,,277,256
615,summoner-2354538,616,qIdurtms,Master,19,66,,222,146
616,summoner-488369,617,O imobiliário,Master,19,80,,212,199
617,summoner-9406948,618,Bakugo Katsuki,Master,19,97,,183,163
618,summoner-4935055,619,Jack Russel,Master,19,94,,182,173
619,summoner-13771390,620,FLA vinHow,Master,18,78,,316,247
620,summoner-20184712,621,1 Mro Fazendeiro,Master,1,108,,202,184
621,summoner-5205115,622,Ferocity,Master,18,52,,109,63
622,summoner-451624,623,RSL Corumbá,Master,17,90,,284,253
623,summoner-8900418,624,Ryuzakí,Master,17,115,,260,235
624,summoner-3296958,625,Focho,Master,17,69,,248,227
625,summoner-597851,626,PLS Rodox,Master,16,98,,185,158
626,summoner-27542993,627,TEMPTAT1ON,Master,16,62,,160,133
627,summoner-9862560,628,ISN Riéry,Master,15,122,,417,418
628,summoner-403845,629,Riper,Master,15,142,,323,302
629,summoner-5714893,630,VITIN MLK NICE,Master,14,136,,334,311
630,summoner-486498,631,Luk3zz,Master,14,48,,138,116
631,summoner-595803,632,Mitrek,Master,12,78,,223,206
632,summoner-10878247,633,COX4,Master,8,104,,405,388
633,summoner-31390137,634,Covered in scars,Master,8,41,,75,30
634,summoner-32360135,635,Prbreu,Master,7,52,,147,127
635,summoner-2890465,636,NizuehT,Master,5,103,,257,219
636,summoner-457012,637,Solado,Master,5,98,,187,165
637,summoner-4827023,638,WildWhite,Master,5,90,,177,169
638,summoner-1501104,639,luqque O BAITA,Master,4,146,,554,532
639,summoner-2244534,640,kksh,Master,4,131,,467,444
640,summoner-26222867,641,eLavieta,Master,3,85,,233,225
641,summoner-27162475,642,epilul,Master,2,96,,455,442
642,summoner-7544850,643,miss the old you,Master,2,74,,180,166
643,summoner-30381056,644,Hasaginho Mudo,Master,2,41,,68,46
644,summoner-30630317,645,ZenoN,Master,1,88,,164,135
645,summoner-13492742,646,SCM Aeon,Master,1,64,,71,45
646,summoner-3950358,647,Wíll,Master,0,160,,746,736
647,summoner-2233464,648,WANTED is here,Master,0,130,,502,494
648,summoner-1541085,649,GSK Grandejo,Master,0,143,,481,453
649,summoner-11580022,650,galaxyzinn,Master,0,100,,463,430
650,summoner-442237,651,JAW KmarT,Master,0,154,,450,431
651,summoner-3860704,652,Filho de Ziul,Master,0,109,,421,390
652,summoner-4701496,653,follow my path,Master,0,127,,419,409
653,summoner-1627892,654,MorenoMisterioso,Master,0,180,,404,383
654,summoner-16682207,655,ThiagoJLDS,Master,0,110,,368,338
655,summoner-1415057,656,Guiziin,Master,0,127,,367,345
656,summoner-1651340,657,Pluto Quantico,Master,0,110,,361,321
657,summoner-536498,658,Est Pirajá,Master,0,84,,331,274
658,summoner-1292042,659,EU DO AULA,Master,0,92,,331,297
659,summoner-3678450,660,eZone Sam,Master,0,84,,325,256
660,summoner-3414572,661,ZÉ DO POSTO,Master,0,104,,316,290
661,summoner-18532885,662,in my head,Master,0,82,,309,297
662,summoner-524918,663,Koveiro MTX,Master,0,106,,305,288
663,summoner-4925902,664,Seraphita,Master,0,98,,297,272
664,summoner-2173052,665,olha o treeeeeem,Master,0,95,,296,274
665,summoner-7170433,666,tbsuehtaM,Master,0,90,,294,274
666,summoner-9670542,667,yLobão QUÉ OTA,Master,0,92,,271,268
667,summoner-14033719,668,VictorEduardo0,Master,0,97,,271,248
668,summoner-14570669,669,beer cold,Master,0,70,,268,181
669,summoner-3931725,670,Popositivo,Master,0,128,,255,239
670,summoner-2074649,671,Sir Zoldyck,Master,0,97,,253,219
671,summoner-23130950,672,lCElCEBABY,Master,0,120,,251,212
672,summoner-778748,673,Faker do Nepal,Master,0,93,,217,179
673,summoner-890852,674,Camello Preto,Master,0,101,,212,188
674,summoner-459411,675,r0t,Master,0,72,,196,175
675,summoner-3280674,676,The Ascension,Master,0,73,,184,160
676,summoner-30773284,677,RDP Riva,Master,0,109,,180,157
677,summoner-1303213,678,AkashiSJ,Master,20,69,,174,145
678,summoner-3696269,679,I is not Brazil,Master,0,97,,162,128
679,summoner-16102147,680,aShuraWurath,Master,18,85,,160,130
680,summoner-6732993,681,maikuchiha,Master,0,79,,145,121
681,summoner-1176482,682,Dysclosure,Master,0,74,,144,123
682,summoner-3359044,683,Sadoski,Master,0,76,,135,116
683,summoner-30050125,684,september dream,Master,0,55,,135,107
684,summoner-481209,685,Sterben Sama,Master,0,70,,112,85
685,summoner-513814,686,Kíng Simba,Master,0,116,,104,86
686,summoner-22620141,687,Nóttingham Lace,Master,0,53,,104,72
687,summoner-5035690,688,Stoic,Master,0,57,,97,64
688,summoner-21190138,689,Vinic Jiujitero,Master,0,43,,89,43
689,summoner-3223838,690,Doom ABSURDO,Master,0,66,,72,45
690,summoner-8112185,691,UFRPE Limão,Diamond 1,100,120,,650,643
691,summoner-14153582,692,Doo,Diamond 1,100,175,,495,475
692,summoner-1863982,693,Preencher,Diamond 1,100,145,,412,409
693,summoner-529660,694,boy meets,Diamond 1,100,124,,363,355
694,summoner-645480,695,biliK,Diamond 1,100,116,,357,332
695,summoner-2154407,696,Lyynkz,Diamond 1,100,125,,322,313
696,summoner-540163,697,Aíthusa,Diamond 1,100,130,,298,272
697,summoner-1590892,698,Jax Of The Tilt,Diamond 1,100,88,,232,216
698,summoner-405571,699,Venna,Diamond 1,100,108,,210,184
699,summoner-7782147,700,C0LD A NidaLEE,Diamond 1,100,92,,196,175
700,summoner-440408,701,SKG chavy,Diamond 1,100,70,,189,142
701,summoner-15172150,702,TheGuilty,Diamond 1,100,65,,187,141
702,summoner-479257,703,paiN KamiKat,Diamond 1,100,64,,178,151
703,summoner-980219,704,Demorish,Diamond 1,100,75,,161,140
704,summoner-16100773,705,Bob Lablaw,Diamond 1,100,136,,153,121
705,summoner-1101087,706,ME DA IBAGENS,Diamond 1,100,66,,151,137
706,summoner-27220160,707,BR SofM,Diamond 1,100,70,,147,124
707,summoner-13168067,708,GABANA,Diamond 1,100,62,,145,114
708,summoner-24810147,709,TOO MUCH SAUCE,Diamond 1,100,66,,141,123
709,summoner-2597287,710,Murker,Diamond 1,100,92,,137,118
710,summoner-3358055,711,vitinshow,Diamond 1,100,72,,133,101
711,summoner-656285,712,Kumagai Eri,Diamond 1,100,75,,123,95
712,summoner-7292233,713,Swashbuckler,Diamond 1,100,45,,106,32
713,summoner-31380137,714,OLHA O MAPA PFV,Diamond 1,100,44,,104,63
714,summoner-22366039,715,lIIIIIIIIl,Diamond 1,100,49,,102,67
715,summoner-4561314,716,GabrieI Lopes,Diamond 1,100,89,,99,81
716,summoner-1997338,717,Brtt Galopante,Diamond 1,100,108,,95,72
717,summoner-32340141,718,n te interessa,Diamond 1,100,46,,88,63
718,summoner-3365214,719,Guerreiro da Fé,Diamond 1,100,40,,81,42
719,summoner-12430426,720,drewzera,Diamond 1,100,42,,76,51
720,summoner-28402415,721,Gabi Grrr,Diamond 1,100,47,,70,44
721,summoner-27790135,722,1789631,Diamond 1,100,48,,70,42
722,summoner-27800148,723,douglas din,Diamond 1,100,47,,61,32
723,summoner-22760460,724,Vamos Shacodyr,Diamond 1,99,143,,498,482
724,summoner-1682233,725,melhor de btos,Diamond 1,99,101,,276,249
725,summoner-19730920,726,3 Solid Choices,Diamond 1,99,78,,227,214
726,summoner-2361263,727,Rômio,Diamond 1,99,72,,87,70
727,summoner-15422394,728,Doga The God,Diamond 1,98,132,,371,358
728,summoner-27172642,729,Doga o Dog,Diamond 1,98,55,,164,107
729,summoner-1913667,730,disket1,Diamond 1,97,94,,160,135
730,summoner-28950132,731,Fan de Pancake,Diamond 1,97,45,,93,58
731,summoner-3682007,732,Slugz,Diamond 1,96,80,,200,177
732,summoner-21210131,733,gtrewe,Diamond 1,96,55,,88,60
733,summoner-510499,734,Oikawa1,Diamond 1,95,55,,83,56
734,summoner-15722101,735,Ekko da lurdes,Diamond 1,95,62,,71,41
735,summoner-4825112,736,Cookiezi1,Diamond 1,91,114,,375,371
736,summoner-9283549,737,Apdo,Diamond 1,94,72,,180,158
737,summoner-598900,738,NUMBA 1 HERO DAH,Diamond 1,94,48,,81,56
738,summoner-986652,739,DudsTh3Boy,Diamond 1,93,60,,169,126
739,summoner-484597,740,STM Raposa,Diamond 1,92,96,,317,299
740,summoner-550574,741,Lóove,Diamond 1,92,153,,286,263
741,summoner-2790371,742,Blade Steal,Diamond 1,92,105,,252,261
742,summoner-4408884,743,Raw,Diamond 1,92,119,,128,111
743,summoner-5400152,744,Ayato Amaguigo,Diamond 1,92,57,,110,74
744,summoner-589882,745,Bob o Cafetão,Diamond 1,91,122,,257,189
745,summoner-5506856,746,RAKAN D CAMPINAS,Diamond 1,90,98,,256,230
746,summoner-776572,747,hauz preto,Diamond 1,90,90,,251,222
747,summoner-1187632,748,Bebetin,Diamond 1,90,112,,241,232
748,summoner-1343436,749,Rhodvor,Diamond 1,90,95,,207,180
749,summoner-2081440,750,Ayato Amagiri,Diamond 1,90,83,,195,147
750,summoner-30976282,751,Bean de soraka,Diamond 1,90,58,,163,117
751,summoner-15313652,752,0bsess,Diamond 1,90,68,,144,102
752,summoner-10028008,753,SVARGROND KING,Diamond 1,90,78,,143,118
753,summoner-984823,754,Deey,Diamond 1,90,65,,134,103
754,summoner-447057,755,KBM Atlanta,Diamond 1,90,66,,132,113
755,summoner-4161040,756,INTZ Winter,Diamond 1,90,80,,129,111
756,summoner-2580342,757,Sailakeus,Diamond 1,90,66,,122,76
757,summoner-2077513,758,hadzov1txD,Diamond 1,90,94,,117,91
758,summoner-6553069,759,Iumi,Diamond 1,90,57,,115,92
759,summoner-525199,760,a Seithr,Diamond 1,90,66,,109,87
760,summoner-2040160,761,5roken,Diamond 1,90,63,,109,85
761,summoner-4200372,762,Apollogizee,Diamond 1,90,127,,105,93
762,summoner-1483034,763,CavaloHumano,Diamond 1,90,47,,91,69
763,summoner-10999904,764,Olá Bolas,Diamond 1,90,54,,81,55
764,summoner-1610785,765,summer city,Diamond 1,90,91,,73,55
765,summoner-27552707,766,ruan1 aka boss,Diamond 1,90,47,,71,33
766,summoner-1130265,767,Dérby Vermelho,Diamond 1,90,112,,63,38
767,summoner-16460133,768,Guido Kaczka,Diamond 1,90,40,,59,29
768,summoner-6556812,769,WE2LTR4P8B,Diamond 1,90,60,,54,35
769,summoner-3799474,770,Modo ben 10,Diamond 1,90,35,,45,9
770,summoner-10111115,771,its just asinine,Diamond 1,90,40,,44,15
771,summoner-27600128,772,new beginning 02,Diamond 1,89,53,,137,123
772,summoner-3269462,773,9September,Diamond 1,89,61,,117,104
773,summoner-3222331,774,Lux Elementar,Diamond 1,88,145,,603,579
774,summoner-22080131,775,ÉOQQ,Diamond 1,88,50,,109,88
775,summoner-8021008,776,Motocicleta,Diamond 1,88,48,,69,44
776,summoner-678912,777,xSuperiorx,Diamond 1,87,85,,217,196
777,summoner-3599722,778,Sonyled,Diamond 1,87,59,,140,112
778,summoner-20980220,779,Furão Inverso,Diamond 1,87,81,,140,122
779,summoner-2512456,780,JohnnyMamute,Diamond 1,87,85,,120,93
780,summoner-5390924,781,CARD Tifera,Diamond 1,87,97,,100,84
781,summoner-3670378,782,ll Leo ll,Diamond 1,86,111,,263,233
782,summoner-5294662,783,Void TeTeu,Diamond 1,85,120,,299,279
783,summoner-471595,784,ABILTON,Diamond 1,85,76,,159,134
784,summoner-3991439,785,Comunista Seboso,Diamond 1,85,101,,152,138
785,summoner-6803691,786,FACE THE WIND ZD,Diamond 1,85,74,,133,109
786,summoner-445470,787,Merkat,Diamond 1,85,59,,121,86
787,summoner-14632081,788,GoodsMaster,Diamond 1,84,155,,468,456
788,summoner-1764489,789,PILOT0,Diamond 1,84,109,,340,335
789,summoner-2154407,790,Lyynkz,Diamond 1,100,125,,322,313
790,summoner-520512,791,47368741048,Diamond 1,84,71,,180,158
791,summoner-2092039,792,aSNK,Diamond 1,84,62,,113,92
792,summoner-437883,793,gut3r4,Diamond 1,83,94,,255,235
793,summoner-17175106,794,WH SoL,Diamond 1,83,137,,202,160
794,summoner-1863982,795,Preencher,Diamond 1,100,145,,412,409
795,summoner-2948455,796,eu desisto fácil,Diamond 1,82,110,,329,284
796,summoner-1210113,797,NIKKK0,Diamond 1,82,86,,255,231
797,summoner-9442077,798,Eating Lotus,Diamond 1,98,98,,177,161
798,summoner-5584445,799,NOsFerus1,Diamond 1,82,39,,50,29
799,summoner-15640140,800,gu7s,Diamond 1,81,55,,141,123
800,summoner-15640140,801,gu7s,Diamond 1,81,55,,141,123
801,summoner-1841700,802,TENH0 WARMOG,Diamond 1,81,49,,134,102
802,summoner-552331,803,Official Shakira,Diamond 1,80,96,,246,222
803,summoner-2796522,804,Bacio di Latte,Diamond 1,80,84,,235,209
804,summoner-18260224,805,myxxx,Diamond 1,80,47,,106,82
805,summoner-480954,806,Azin s2 Nat,Diamond 1,79,106,,262,244
806,summoner-9693284,807,Wintero,Diamond 1,79,65,,181,161
807,summoner-25700133,808,prook good kid,Diamond 1,79,60,,133,121
808,summoner-14361808,809,Fetty s2,Diamond 1,78,120,,301,272
809,summoner-18013692,810,LZ Justice,Diamond 1,78,72,,148,125
810,summoner-26210826,811,Cimento VIII,Diamond 1,78,46,,124,69
811,summoner-4973241,812,Aensland,Diamond 1,78,57,,102,54
812,summoner-3649793,813,RayZ,Diamond 1,78,77,,98,80
813,summoner-766566,814,Díg,Diamond 1,78,79,,79,55
814,summoner-28852189,815,ZGFDWQEAZGCRQFD,Diamond 1,77,94,,220,202
815,summoner-22980133,816,U231,Diamond 1,77,70,,198,182
816,summoner-455856,817,paiN jÚc,Diamond 1,77,82,,109,94
817,summoner-1351382,818,puporr4uga,Diamond 1,76,127,,452,445
818,summoner-410121,819,4FoX Hero,Diamond 1,76,144,,358,338
819,summoner-23101356,820,Anyyyyyy,Diamond 1,76,80,,266,216
820,summoner-5508920,821,Criança maluca,Diamond 1,76,98,,238,220
821,summoner-9202368,822,Blase,Diamond 1,76,86,,173,143
822,summoner-760978,823,Laysha,Diamond 1,76,69,,140,111
823,summoner-28624890,824,sorrymybad02,Diamond 1,76,52,,109,103
824,summoner-18260228,825,74632589,Diamond 1,76,40,,50,27
825,summoner-5783969,826,Eryoff,Diamond 1,75,107,,503,490
826,summoner-31281490,827,ÉL HIPER CARRY,Diamond 1,75,92,,477,426
827,summoner-1404767,828,Maynah,Diamond 1,75,122,,430,405
828,summoner-2340712,829,XAPO VEI A LARIK,Diamond 1,75,110,,390,365
829,summoner-15221416,830,the began,Diamond 1,75,113,,382,381
830,summoner-411597,831,AlocsMan,Diamond 1,75,105,,366,353
831,summoner-8200540,832,BFE Shuuuh,Diamond 1,75,130,,365,332
832,summoner-477105,833,DASLAYER,Diamond 1,75,91,,355,322
833,summoner-410321,834,Brazilian Peanut,Diamond 1,75,82,,324,305
834,summoner-553159,835,just a c0cky jg,Diamond 1,75,99,,324,292
835,summoner-3414220,836,Danlife,Diamond 1,75,92,,314,292
836,summoner-3974104,837,FnaticRC Rekkles,Diamond 1,75,99,,311,279
837,summoner-4065903,838,Fusyer,Diamond 1,75,91,,281,255
838,summoner-2471180,839,Savz KING,Diamond 1,75,87,,280,240
839,summoner-810720,840,Zanatsuo,Diamond 1,75,83,,280,252
840,summoner-17323904,841,SOLTA O RAITECK,Diamond 1,75,67,,276,193
841,summoner-584033,842,toshibaa,Diamond 1,75,100,,274,253
842,summoner-27400654,843,Dggggggggggggggg,Diamond 1,75,75,,273,230
843,summoner-477145,844,raising hope,Diamond 1,75,68,,267,214
844,summoner-23550153,845,Leigrey,Diamond 1,75,70,,267,245
845,summoner-29380511,846,Chachki1,Diamond 1,75,72,,263,204
846,summoner-2119346,847,Bartthory,Diamond 1,75,69,,248,226
847,summoner-10261344,848,die trying,Diamond 1,75,73,,238,221
848,summoner-4827162,849,Mid Carente,Diamond 1,75,78,,237,187
849,summoner-13921327,850,Hasin,Diamond 1,75,88,,236,209
850,summoner-26791483,851,Giigii Ryuzaki,Diamond 1,75,121,,233,200
851,summoner-3291057,852,Rakin,Diamond 1,75,70,,224,199
852,summoner-5642522,853,Malory3030,Diamond 1,75,71,,220,194
853,summoner-4694899,854,Midphobia,Diamond 1,75,87,,219,188
854,summoner-31390142,855,olha q legal,Diamond 1,75,63,,211,143
855,summoner-1177593,856,Hykarin,Diamond 1,75,101,,210,185
856,summoner-11047505,857,O VRDDRO GUARANÁ,Diamond 1,75,76,,206,180
857,summoner-2427841,858,Naillimixam M,Diamond 1,75,114,,202,175
858,summoner-3925919,859,hauz,Diamond 1,75,84,,201,159
859,summoner-22195228,860,jayceblindado123,Diamond 1,75,123,,198,159
860,summoner-33650124,861,xNicomando,Diamond 1,75,74,,194,168
861,summoner-4444467,862,blamez1,Diamond 1,75,82,,193,168
862,summoner-7813501,863,Metal,Diamond 1,75,97,,191,176
863,summoner-7961098,864,StalkerMONSTRO,Diamond 1,75,82,,190,163
864,summoner-32314561,865,Gods PIan,Diamond 1,75,60,,188,136
865,summoner-27574079,866,Near1,Diamond 1,75,81,,187,164
866,summoner-2618831,867,p1stol,Diamond 1,75,74,,184,172
867,summoner-490517,868,Nicomando,Diamond 1,75,60,,181,151
868,summoner-6401622,869,JUNKURIBOH,Diamond 1,75,72,,178,169
869,summoner-4147657,870,Hey Balls,Diamond 1,75,78,,175,156
870,summoner-4320191,871,GOWTHER A LENDA,Diamond 1,75,91,,173,150
871,summoner-4095213,872,Dream Colors,Diamond 1,75,51,,170,117
872,summoner-4612917,873,PàtoBoy Corredor,Diamond 1,75,96,,165,139
873,summoner-7531495,874,Let me beyond,Diamond 1,75,125,,165,126
874,summoner-16783713,875,ANNlE BOT,Diamond 1,75,72,,165,137
875,summoner-27661423,876,SURFlSTAO7,Diamond 1,75,66,,161,130
876,summoner-661868,877,pimpimenta,Diamond 1,75,58,,160,118
877,summoner-6645550,878,Lêozuxo,Diamond 1,75,88,,157,137
878,summoner-5200602,879,Lieren,Diamond 1,75,66,,157,124
879,summoner-3868459,880,Jóka,Diamond 1,75,93,,153,119
880,summoner-10082696,881,Hi im Gardel,Diamond 1,75,67,,151,131
881,summoner-418222,882,Guitzo,Diamond 1,75,65,,150,122
882,summoner-779150,883,sTz Viny,Diamond 1,75,54,,145,95
883,summoner-432513,884,darksai,Diamond 1,75,102,,143,102
884,summoner-18197867,885,ll Dantz ll,Diamond 1,75,64,,141,104
885,summoner-15111559,886,Qifi,Diamond 1,75,87,,140,112
886,summoner-3358754,887,Harakk,Diamond 1,75,115,,140,110
887,summoner-410503,888,paiN taQQxi,Diamond 1,75,63,,139,111
888,summoner-1630643,889,Moonflair,Diamond 1,75,79,,138,110
889,summoner-419354,890,alvinho,Diamond 1,75,87,,138,106
890,summoner-678959,891,wizate,Diamond 1,75,50,,137,105
891,summoner-649246,892,Walzanetti,Diamond 1,75,63,,136,107
892,summoner-20026328,893,PnL1,Diamond 1,75,52,,127,88
893,summoner-6451327,894,II Dantz II,Diamond 1,75,85,,124,89
894,summoner-13100004,895,crown the kings,Diamond 1,75,105,,123,107
895,summoner-873542,896,diogo nojeira,Diamond 1,75,55,,122,88
896,summoner-33460137,897,1tevez,Diamond 1,75,46,,119,53
897,summoner-23152475,898,Rypda Myst,Diamond 1,75,44,,111,81
898,summoner-30822437,899,OlkaidaRJ,Diamond 1,75,47,,111,61
899,summoner-31020648,900,Luiszeras,Diamond 1,75,50,,109,74
900,summoner-30822437,901,OlkaidaRJ,Diamond 1,75,47,,111,61
901,summoner-31020648,902,Luiszeras,Diamond 1,75,50,,109,74
902,summoner-3700601,903,VAC BAN,Diamond 1,75,75,,101,75
903,summoner-33240360,904,SMILOOOOOOOOOOVE,Diamond 1,75,42,,100,60
904,summoner-4163223,905,MaroIa Boy,Diamond 1,75,50,,96,63
905,summoner-4172657,906,Coumarine,Diamond 1,75,90,,93,61
906,summoner-1750858,907,SaDgasM,Diamond 1,75,118,,90,73
907,summoner-32160133,908,03012018,Diamond 1,75,53,,86,64
908,summoner-451816,909,Stressado,Diamond 1,75,52,,86,63
909,summoner-440746,910,te amo mt meu bb,Diamond 1,75,45,,82,54
910,summoner-27483653,911,Boldkontrol,Diamond 1,75,44,,82,59
911,summoner-27630143,912,FUS RO DAAAAH,Diamond 1,75,53,,81,49
912,summoner-4736207,913,CAMELO FANTASMA,Diamond 1,75,40,,79,48
913,summoner-1608491,914,q v,Diamond 1,75,49,,77,54
914,summoner-3261229,915,PichuDuCouteau,Diamond 1,75,89,,77,54
915,summoner-18280215,916,FLA Goku 10,Diamond 1,75,44,,73,47
916,summoner-18270228,917,a new awakening,Diamond 1,75,40,,70,42
917,summoner-24790138,918,MÃO DE OURO TÁ,Diamond 1,75,51,,56,24
918,summoner-21900415,919,Oi meu anjo,Diamond 1,75,34,,45,9
919,summoner-16983202,920,1NIBELK,Diamond 1,75,54,,41,8
920,summoner-23471512,921,divinity wind,Diamond 1,74,132,,462,437
921,summoner-1303012,922,Louwt a babá,Diamond 1,74,134,,388,379
922,summoner-4342671,923,Sr Rabb1t,Diamond 1,74,99,,205,177
923,summoner-26323344,924,Cj3ii,Diamond 1,74,63,,110,95
924,summoner-1070129,925,Jewish jojo,Diamond 1,74,52,,100,77
925,summoner-16773549,926,caíozera,Diamond 1,73,202,,874,867
926,summoner-4387130,927,Izzi quer heimer,Diamond 1,73,126,,414,397
927,summoner-6941657,928,TIO DO PIC0LÉ,Diamond 1,73,118,,339,312
928,summoner-438223,929,K i l l u a 7,Diamond 1,73,116,,331,310
929,summoner-4198041,930,Suporte perneta,Diamond 1,73,78,,317,297
930,summoner-2563646,931,Khoria,Diamond 1,73,96,,205,189
931,summoner-24491463,932,EvelynnStalker,Diamond 1,73,126,,123,99
932,summoner-3311057,933,its my dreaM,Diamond 1,73,47,,71,28
933,summoner-2499367,934,iM GlupJuck,Diamond 1,72,91,,351,311
934,summoner-481392,935,Texugo Reformed,Diamond 1,72,138,,239,224
935,summoner-1529694,936,CrazyMaater,Diamond 1,72,83,,127,98
936,summoner-17470448,937,não to mt feliz,Diamond 1,72,51,,126,100
937,summoner-550922,938,XxBrzkSxX,Diamond 1,72,61,,115,64
938,summoner-3935190,939,Netbook,Diamond 1,72,94,,109,82
939,summoner-2079617,940,Wafflesdoce,Diamond 1,72,83,,101,69
940,summoner-522434,941,YONALDlNHO,Diamond 1,71,130,,448,445
941,summoner-26150789,942,Yuikosan Nyt,Diamond 1,71,139,,185,164
942,summoner-5544204,943,Krytus,Diamond 1,71,85,,142,123
943,summoner-3337286,944,lxl warrior lxl,Diamond 1,71,107,,136,108
944,summoner-2086256,945,Glowcore,Diamond 1,71,49,,63,46
945,summoner-5277594,946,Slowas,Diamond 1,71,116,,54,36
946,summoner-6662858,947,by EKKO,Diamond 1,70,119,,627,571
947,summoner-15332948,948,Copy,Diamond 1,70,129,,448,448
948,summoner-3212615,949,Icsan,Diamond 1,70,116,,315,297
949,summoner-3290323,950,Shiruo,Diamond 1,70,99,,284,260
950,summoner-5898420,951,Shelo,Diamond 1,70,85,,269,254
951,summoner-3209211,952,Endless User,Diamond 1,70,67,,183,162
952,summoner-13325895,953,Sir Lorran,Diamond 1,70,127,,175,166
953,summoner-1843733,954,Minnie,Diamond 1,70,71,,164,139
954,summoner-31380130,955,FLA Jisu 1,Diamond 1,70,54,,153,100
955,summoner-3522411,956,Rody,Diamond 1,70,107,,124,111
956,summoner-2902901,957,LukinhaBiribinha,Diamond 1,70,80,,119,98
957,summoner-4240986,958,Hymazake,Diamond 1,70,65,,76,54
958,summoner-3095617,959,Shy Guy,Diamond 1,33,65,,230,210
959,summoner-30555627,960,Yharnam sunrise,Diamond 1,69,55,,188,145
960,summoner-3527121,961,Lnnn,Diamond 1,69,256,,178,163
961,summoner-15202798,962,gumballestrupa,Diamond 1,69,51,,170,90
962,summoner-594233,963,Turibulus,Diamond 1,69,68,,169,150
963,summoner-2010647,964,anime tiddies,Diamond 1,69,72,,145,131
964,summoner-31892680,965,Bahroo,Diamond 1,69,76,,129,89
965,summoner-7332382,966,FelipeCC,Diamond 1,68,114,,381,343
966,summoner-657117,967,wvnwnvwnvvnvwnvw,Diamond 1,68,86,,326,271
967,summoner-2339756,968,12574217,Diamond 1,68,98,,314,272
968,summoner-3449208,969,DiegoMB,Diamond 1,68,112,,247,219
969,summoner-25485566,970,Jayce Blindado,Diamond 1,68,95,,210,195
970,summoner-5124168,971,M4RKS,Diamond 1,68,83,,202,184
971,summoner-31821984,972,Paulo Dybala,Diamond 1,68,64,,173,107
972,summoner-21210129,973,parsa da lisa,Diamond 1,68,63,,139,109
973,summoner-440178,974,Dreams is back,Diamond 1,68,53,,110,86
974,summoner-15660334,975,DVzin debochado,Diamond 1,67,63,,227,139
975,summoner-622328,976,Rstriker,Diamond 1,67,102,,184,164
976,summoner-34510138,977,xypherz,Diamond 1,67,52,,177,122
977,summoner-404151,978,While She Sleeps,Diamond 1,67,92,,176,159
978,summoner-456109,979,Vitality,Diamond 1,67,164,,171,142
979,summoner-2213211,980,Haseo1,Diamond 1,67,75,,166,144
980,summoner-1060743,981,PUC Cross TIG,Diamond 1,67,85,,162,140
981,summoner-5034532,982,Miss Queen,Diamond 1,67,146,,101,72
982,summoner-3251833,983,dashgs,Diamond 1,67,42,,98,37
983,summoner-3067434,984,Buckmann,Diamond 1,67,77,,97,72
984,summoner-1861457,985,canetasemtinta1,Diamond 1,66,85,,283,269
985,summoner-32330136,986,shírushi,Diamond 1,66,82,,234,219
986,summoner-14160663,987,raikage1,Diamond 1,66,83,,215,159
987,summoner-1602353,988,ThewoS,Diamond 1,66,103,,182,164
988,summoner-17920145,989,ela kush,Diamond 1,66,67,,153,137
989,summoner-30641228,990,Microtulio,Diamond 1,66,78,,147,91
990,summoner-1911112,991,VitorMG,Diamond 1,66,73,,95,76
991,summoner-5730413,992,BlasTeer,Diamond 1,65,143,,490,485
992,summoner-2591528,993,im cheed,Diamond 1,65,89,,225,210
993,summoner-18631039,994,BUERO,Diamond 1,65,50,,159,112
994,summoner-5891894,995,Ralphe,Diamond 1,65,74,,149,133
995,summoner-589735,996,O FAMOSO TIAGO,Diamond 1,65,80,,107,84
996,summoner-3180522,997,Hatsune Míku,Diamond 1,65,39,,44,24
997,summoner-2005682,998,carryfanboy,Diamond 1,64,90,,195,183
998,summoner-13944417,999,XIMU ROCKSTAR,Diamond 1,64,113,,185,172
999,summoner-1910272,1000,Lwz,Diamond 1,64,98,,150,133
