#timestamp 1529597892008
#date 2018-06-21T17:18:12+01:00
#players 1000
#index,id,rank,name,tier,lp,level,proTeam,win,loss
0,summoner-91909115,1,tarzaned2,Challenger,1274,72,,347,244
1,summoner-96059078,2,sorry my bad xd,Challenger,1205,42,,113,50
2,summoner-75900909,3,GGEA Neøø,Challenger,1068,140,,306,239
3,summoner-91739120,4,Play for KDA,Challenger,1045,59,,207,144
4,summoner-24220969,5,thtr,Challenger,1000,90,,347,292
5,summoner-68469257,6,Azures,Challenger,978,115,,436,379
6,summoner-87439213,7,ìnori,Challenger,965,118,,339,279
7,summoner-22275443,8,TCLB ZzeR,Challenger,941,65,,275,185
8,summoner-22670229,9,Shout,Challenger,927,88,,295,236
9,summoner-21193669,10,Hakuho,Challenger,927,88,,252,194
10,summoner-19839806,11,blaberfish2,Challenger,919,109,,399,320
11,summoner-34925733,12,CG Solo,Challenger,908,83,,305,244
12,summoner-35097344,13,duoking1,Challenger,891,70,,239,175
13,summoner-96629156,14,a wood,Challenger,879,41,,99,60
14,summoner-83339123,15,Humble Diligent,Challenger,872,81,,331,279
15,summoner-95119178,16,WPI 3970,Challenger,872,45,,134,84
16,summoner-94060086,17,TwTv LoLHarambe,Challenger,852,71,,347,271
17,summoner-19770082,18,Criś,Challenger,829,141,,454,407
18,summoner-37481045,19,insanityxxx,Challenger,826,160,,535,479
19,summoner-87330006,20,Yusuiˉ,Challenger,819,68,,183,122
20,summoner-27251616,21,ULookSoCharming,Challenger,818,106,,293,247
21,summoner-23368264,22,Tracy Mcgràdy,Challenger,814,51,,129,71
22,summoner-68401488,23,5tunt,Challenger,806,80,,232,183
23,summoner-19967304,24,Shiphtur,Challenger,799,149,,901,863
24,summoner-24326160,25,Sweaty ASol,Challenger,789,74,,253,203
25,summoner-21542029,26,Grig1,Challenger,784,97,,311,271
26,summoner-95429143,27,ESKEET1T,Challenger,780,44,,109,76
27,summoner-71229345,28,divided jungle,Challenger,771,65,,229,180
28,summoner-20389591,29,Inorï,Challenger,769,68,,320,250
29,summoner-38375098,30,Jurassiq,Challenger,768,81,,299,253
30,summoner-91419120,31,TSM Zven,Challenger,767,103,,463,387
31,summoner-92959312,32,IlIlIllllIIIIIII,Challenger,764,49,,140,106
32,summoner-38809624,33,Sophist Sage,Challenger,758,121,,558,509
33,summoner-48193601,34,Spica1,Challenger,745,78,,203,149
34,summoner-77211676,35,Revenge,Challenger,744,76,,227,175
35,summoner-32299406,36,Spawwwwn,Challenger,740,106,,383,328
36,summoner-21371454,37,ScrubNoob,Challenger,727,116,,401,341
37,summoner-21276764,38,Vulcan1,Challenger,724,111,,365,316
38,summoner-65389099,39,Liquid Impact,Challenger,718,71,,231,176
39,summoner-30255016,40,TheeBrandini,Challenger,714,73,,244,199
40,summoner-65409096,41,crow5,Challenger,704,73,,256,201
41,summoner-21367804,42,Cris,Challenger,702,58,,181,131
42,summoner-83089575,43,Ssumdayday,Challenger,701,65,,214,165
43,summoner-50759139,44,qldurtms,Challenger,700,60,,175,133
44,summoner-21490433,45,goldenglue,Challenger,685,97,,313,273
45,summoner-22830349,46,RF Legendary,Challenger,673,74,,275,223
46,summoner-30046300,47,TCLB plan ahea,Challenger,670,121,,339,296
47,summoner-21806931,48,Xeno,Challenger,667,59,,125,86
48,summoner-36111109,49,Julien,Challenger,662,99,,387,342
49,summoner-25108893,50,CaptainShrimps,Challenger,661,95,,512,465
50,summoner-21124626,51,Rikara,Challenger,648,129,,257,213
51,summoner-91615420,52,Evølve,Challenger,646,95,,418,346
52,summoner-47401142,53,Soulmario,Challenger,640,181,,363,329
53,summoner-19623941,54,Rendyu,Challenger,634,115,,340,290
54,summoner-86912471,55,Nugeek,Challenger,634,67,,252,212
55,summoner-22403576,56,Pants are Dragon,Challenger,632,109,,349,304
56,summoner-20877255,57,TCLB Tempest,Challenger,632,73,,281,204
57,summoner-21172589,58,sadsdasdasf,Challenger,631,87,,320,274
58,summoner-22946266,59,GaoGao,Challenger,624,74,,136,92
59,summoner-23715786,60,KitKatxz,Challenger,618,61,,190,153
60,summoner-83339118,61,sks Tmfprl,Challenger,615,61,,177,132
61,summoner-32683839,62,Sean Twitch God,Challenger,614,93,,435,389
62,summoner-19787999,63,GGS zig,Challenger,614,69,,166,129
63,summoner-25401864,64,Credenda,Challenger,613,52,,180,94
64,summoner-77520973,65,TCLB Zephyr,Challenger,610,95,,222,171
65,summoner-68479082,66,a new beginning,Challenger,608,104,,327,290
66,summoner-22141445,67,SandPaperX,Challenger,608,89,,259,220
67,summoner-20156599,68,Carmen Campagne,Challenger,601,74,,150,108
68,summoner-75099245,69,LHHS,Challenger,600,53,,149,109
69,summoner-47165206,70,HIGH APM LOW BMI,Challenger,597,90,,319,284
70,summoner-26851284,71,PainlessM,Challenger,596,98,,285,243
71,summoner-37343071,72,avi is me,Challenger,596,67,,184,142
72,summoner-91451619,73,etrianodysey,Challenger,594,82,,298,248
73,summoner-21103810,74,BendyAndy,Challenger,588,92,,359,322
74,summoner-27470522,75,Arcsecond,Challenger,581,119,,447,389
75,summoner-21910088,76,Zot,Challenger,581,129,,419,375
76,summoner-30366254,77,Acoldblazeolive,Challenger,577,70,,252,214
77,summoner-19920510,78,Sudzzi,Challenger,576,81,,298,259
78,summoner-89299096,79,IlIlIllllIII,Challenger,576,46,,156,72
79,summoner-22654107,80,yhw,Challenger,575,125,,313,276
80,summoner-85889107,81,FeelsGO0DMan,Challenger,569,71,,248,212
81,summoner-21937711,82,HaruRushAmbition,Challenger,566,109,,506,441
82,summoner-41233933,83,MistyStumpey,Challenger,562,95,,212,172
83,summoner-76603307,84,ChiralX,Challenger,562,61,,154,109
84,summoner-60469878,85,Macotoˉ,Challenger,561,97,,463,406
85,summoner-30397116,86,Lemur,Challenger,559,101,,116,75
86,summoner-47943093,87,3in1warrior,Challenger,555,68,,164,128
87,summoner-35592112,88,stuntopolis,Challenger,550,50,,127,98
88,summoner-54986862,89,Àsyc,Challenger,549,161,,815,783
89,summoner-40540196,90,Fanatiik,Challenger,548,78,,225,194
90,summoner-25125682,91,Niles,Challenger,547,89,,260,216
91,summoner-23552941,92,deftIy,Challenger,546,85,,267,222
92,summoner-47607839,93,Gong Yoo x,Challenger,544,70,,306,240
93,summoner-521955,94,WildTurtle,Challenger,544,47,,122,80
94,summoner-96659148,95,jngler52,Challenger,543,38,,67,35
95,summoner-64290527,96,CONTRACTZZZZZZZZ,Challenger,540,67,,267,206
96,summoner-73543081,97,SKT T1 Crown,Challenger,539,93,,144,90
97,summoner-170340,98,Cody Sun,Challenger,538,124,,441,417
98,summoner-1681,99,TCLB Robin NA,Challenger,533,100,,455,360
99,summoner-35361116,100,Q16KpquGsIc,Challenger,530,63,,98,56
100,summoner-2648,101,Pobelter,Challenger,528,91,,247,220
101,summoner-19698094,102,FallenBandit,Challenger,526,94,,330,299
102,summoner-37928970,103,Lesu,Challenger,521,174,,783,742
103,summoner-21014987,104,lron Pyrite,Challenger,521,66,,139,101
104,summoner-20962399,105,Teesum,Challenger,516,88,,375,346
105,summoner-28663867,106,Erry,Challenger,515,69,,185,152
106,summoner-24069119,107,Hate,Challenger,514,123,,309,267
107,summoner-22438041,108,snap,Challenger,514,99,,300,259
108,summoner-21202019,109,5fire,Challenger,514,89,,190,153
109,summoner-19577112,110,Bíg T,Challenger,513,107,,373,334
110,summoner-83552233,111,duoqueen1,Challenger,509,69,,200,170
111,summoner-64834040,112,DufTlalgkqtlek,Challenger,508,53,,151,109
112,summoner-93731255,113,dsazfxgchn,Challenger,504,48,,142,88
113,summoner-35409134,114,Srkenji,Challenger,503,116,,440,393
114,summoner-26045266,115,TàIon,Challenger,503,83,,220,166
115,summoner-71715,116,MeNoHaxor,Challenger,502,89,,263,226
116,summoner-20047271,117,Descraton,Challenger,501,125,,392,355
117,summoner-41786897,118,Kurumx,Challenger,499,78,,273,226
118,summoner-51680686,119,RobbyBob,Challenger,499,94,,162,130
119,summoner-20130821,120,Wiggily,Challenger,498,91,,279,241
120,summoner-55375727,121,Fated Enigma,Challenger,497,128,,488,442
121,summoner-54059235,122,fwii Talon,Challenger,496,45,,104,59
122,summoner-74731419,123,cupcakes29,Challenger,493,63,,236,196
123,summoner-65389101,124,gazuaaaaaaaaaaa,Challenger,492,51,,164,122
124,summoner-23476283,125,EricZYang,Challenger,489,181,,589,551
125,summoner-30212825,126,Spirax,Challenger,488,84,,116,82
126,summoner-21193032,127,dog2,Challenger,483,122,,408,379
127,summoner-33239179,128,ZeyzaI,Challenger,474,59,,129,64
128,summoner-34022147,129,Tuesdayy,Challenger,473,93,,310,280
129,summoner-82789571,130,flameflameflame,Challenger,473,68,,235,196
130,summoner-87119170,131,OpTic Arrow,Challenger,469,86,,339,297
131,summoner-20826894,132,Sleepyz,Challenger,466,109,,435,408
132,summoner-28993829,133,xKace,Challenger,465,88,,220,184
133,summoner-51949451,134,AD Nannies Pref,Challenger,465,84,,219,182
134,summoner-38880034,135,Soligo,Challenger,464,58,,150,118
135,summoner-29773406,136,Tonington,Challenger,459,67,,161,126
136,summoner-19061980,137,Lourlo,Challenger,454,99,,240,208
137,summoner-19912360,138,VERSACE JiNPACHi,Challenger,452,103,,293,250
138,summoner-76609200,139,INF SolidSnake,Challenger,451,111,,293,258
139,summoner-82962549,140,10 IQ PLAYER,Challenger,450,98,,231,196
140,summoner-19587365,141,Tony Top,Challenger,449,105,,435,410
141,summoner-20823651,142,C9 Smoothie,Challenger,449,95,,238,205
142,summoner-71860010,143,Boris Oppa,Challenger,446,80,,192,110
143,summoner-78739091,144,IdioticGuy123,Challenger,446,64,,165,124
144,summoner-44989327,145,mancloud2,Challenger,441,125,,525,498
145,summoner-26153361,146,Happy Birfdizzay,Challenger,440,87,,268,231
146,summoner-32867184,147,Blitzt,Challenger,440,105,,199,162
147,summoner-28742820,148,Jast,Challenger,439,89,,148,109
148,summoner-70191897,149,adi0s,Challenger,437,51,,104,70
149,summoner-27816311,150,N4omi,Challenger,436,68,,151,113
150,summoner-77720407,151,RaverDad,Challenger,435,102,,547,512
151,summoner-29161654,152,mulgokizary,Challenger,435,52,,94,58
152,summoner-21498922,153,Linsaníty,Challenger,434,71,,177,155
153,summoner-83629091,154,NA Swifte,Challenger,433,70,,174,141
154,summoner-70132282,155,XueGao,Challenger,432,98,,153,121
155,summoner-95439104,156,PRODUCTPLACEMENT,Challenger,430,39,,74,49
156,summoner-24671130,157,Allorim,Challenger,427,110,,401,374
157,summoner-56829156,158,Laceration,Challenger,427,99,,195,156
158,summoner-19451735,159,homeboi,Challenger,426,96,,363,334
159,summoner-28903785,160,YummiBananas,Challenger,425,133,,576,544
160,summoner-24154639,161,yeedam,Challenger,422,72,,123,89
161,summoner-23162732,162,Byeong Hoon Lee,Challenger,421,88,,216,188
162,summoner-22638316,163,typty,Challenger,421,86,,165,129
163,summoner-40835255,164,Bóbbý,Challenger,418,117,,426,391
164,summoner-46069412,165,foggedftw1,Challenger,418,61,,117,82
165,summoner-23907257,166,Janna Mechanics,Challenger,417,83,,254,213
166,summoner-93269094,167,Potluck,Challenger,417,72,,138,114
167,summoner-95439156,168,tjdrurtmfprldpdy,Challenger,416,48,,154,127
168,summoner-39040566,169,GGS Matt,Challenger,411,86,,339,309
169,summoner-20793637,170,Phaxen,Challenger,410,135,,172,141
170,summoner-84759118,171,Metaphor,Challenger,408,92,,325,282
171,summoner-92319078,172,Nashor Tooth,Challenger,404,68,,241,193
172,summoner-20636732,173,Morïarty,Challenger,401,86,,395,366
173,summoner-46052203,174,B Solo Lane B,Challenger,399,93,,363,324
174,summoner-45661658,175,Bao Bao,Challenger,399,99,,234,203
175,summoner-1496,176,Valkrin,Challenger,399,65,,161,125
176,summoner-36099357,177,Fapdo,Challenger,399,67,,158,118
177,summoner-20822144,178,ÐaÞtion,Challenger,398,99,,267,241
178,summoner-20918669,179,elise player,Challenger,397,84,,243,229
179,summoner-89599264,180,D9 Grelly,Challenger,396,115,,478,449
180,summoner-295500,181,5mi,Challenger,396,105,,252,213
181,summoner-32871226,182,Alex Blais,Challenger,396,64,,216,168
182,summoner-31563939,183,butterfły,Challenger,396,55,,114,62
183,summoner-401063,184,xFSN Saber,Challenger,395,73,,165,133
184,summoner-50493382,185,sniperboy120,Challenger,393,53,,108,57
185,summoner-156090,186,Yassuo,Challenger,392,116,,489,457
186,summoner-92949382,187,Delita HeiraI,Challenger,392,45,,115,83
187,summoner-36259319,188,Vchee,Challenger,391,84,,366,325
188,summoner-35092858,189,Challenger Eoba,Challenger,391,57,,176,109
189,summoner-37447382,190,KlvA,Challenger,391,78,,145,105
190,summoner-19757901,191,Ðân,Challenger,390,97,,287,235
191,summoner-24823450,192,Viel Glück,Challenger,389,66,,115,81
192,summoner-77351819,193,Saskioo,Challenger,388,75,,196,159
193,summoner-29221767,194,Abou222,Challenger,387,65,,158,111
194,summoner-22231499,195,Washed Up,Challenger,386,83,,255,215
195,summoner-31281326,196,MaGeRdAnGeR,Challenger,386,73,,189,158
196,summoner-91729099,197,BOL4,Challenger,385,55,,159,122
197,summoner-26822730,198,BloodKey,Challenger,385,51,,146,76
198,summoner-91507933,199,758ˉ,Challenger,384,67,,216,180
199,summoner-73170218,200,Miguel el toro,Challenger,378,89,,293,265
200,summoner-88229545,201,Gate,Master,405,110,,240,209
201,summoner-31929876,202,Arceesenpie,Master,398,64,,232,191
202,summoner-39877298,203,lae young,Master,386,51,,126,90
203,summoner-19668604,204,Koukesito,Master,384,62,,180,135
204,summoner-33419995,205,CopyAndPaste,Master,384,67,,123,95
205,summoner-47836799,206,Liquid Hard,Master,382,69,,202,164
206,summoner-91429132,207,TSM Mithypote,Master,378,79,,250,230
207,summoner-19665819,208,Duocek,Master,377,96,,463,423
208,summoner-32252808,209,WayneDwops,Master,372,85,,234,192
209,summoner-7250,210,Apollo Price,Master,371,104,,356,332
210,summoner-22350178,211,Cat VaIentine,Master,370,74,,240,199
211,summoner-21830641,212,Seuyan,Master,370,56,,157,105
212,summoner-27110862,213,J D,Master,366,119,,406,359
213,summoner-20305573,214,shochi,Master,365,113,,388,357
214,summoner-22701102,215,EleJiggle,Master,365,106,,306,271
215,summoner-91429107,216,CLG Reignover,Master,365,65,,148,123
216,summoner-95439134,217,olruol,Master,365,39,,70,48
217,summoner-80240589,218,Toàn Tran,Master,363,48,,96,65
218,summoner-72849285,219,ChumpJohn Again,Master,363,56,,96,60
219,summoner-77489438,220,A Brand 1 Trick,Master,362,68,,195,162
220,summoner-34268448,221,Forgotten Legend,Master,362,66,,171,137
221,summoner-44317220,222,Sheepp,Master,361,65,,258,192
222,summoner-579475,223,dawolfsfang,Master,360,54,,152,125
223,summoner-62374009,224,wlswlgkrprkwmdk,Master,359,52,,187,146
224,summoner-21652056,225,Vìncent,Master,357,88,,299,265
225,summoner-22478427,226,Biofrost,Master,355,77,,229,194
226,summoner-20411671,227,Heisendong,Master,351,60,,128,95
227,summoner-92610081,228,Gáme1234,Master,348,62,,271,196
228,summoner-20072604,229,GGEA Abou222,Master,346,94,,269,237
229,summoner-38869932,230,tank jg player,Master,345,92,,207,177
230,summoner-77251686,231,TRIBORDKINGDOM63,Master,344,85,,297,261
231,summoner-62630267,232,KlonkGronkZonk,Master,344,87,,206,175
232,summoner-89530903,233,Shorter,Master,343,73,,264,227
233,summoner-50690164,234,FakeGod,Master,343,50,,101,67
234,summoner-43147757,235,Twíns,Master,340,120,,296,195
235,summoner-55805197,236,Hyami,Master,359,91,,167,135
236,summoner-41873475,237,The Eggsalad,Master,333,153,,558,528
237,summoner-41849159,238,GGEA Rodov,Master,332,91,,226,193
238,summoner-44141483,239,RubenxSWRD,Master,330,86,,343,313
239,summoner-36772244,240,lmaqtpie,Master,326,101,,294,275
240,summoner-56365425,241,Johnaay,Master,321,89,,175,139
241,summoner-66042977,242,TwTv KatEvolved,Master,320,91,,295,266
242,summoner-51405,243,C9 Sneaky,Master,312,120,,444,402
243,summoner-70339477,244,Rapidx,Master,329,120,,546,510
244,summoner-31274923,245,Lovefury,Master,307,110,,296,265
245,summoner-46531569,246,iKinggVex,Master,306,164,,772,746
246,summoner-83939135,247,jensenfanboy97,Master,306,51,,133,79
247,summoner-29203966,248,Ino1,Master,305,117,,236,200
248,summoner-24449785,249,that808gamer,Master,305,91,,232,203
249,summoner-24793304,250,Roronoa Zary,Master,300,58,,171,135
250,summoner-48365522,251,CroatianD,Master,299,107,,173,134
251,summoner-20920347,252,H4xDefender,Master,298,83,,297,267
252,summoner-32705024,253,Falcon God,Master,298,63,,182,154
253,summoner-89909122,254,light b,Master,297,69,,149,112
254,summoner-32909693,255,IVIODE,Master,296,88,,386,327
255,summoner-19296564,256,fwii,Master,294,103,,252,230
256,summoner-19905517,257,ZzLegendary,Master,294,101,,193,158
257,summoner-36400685,258,AIIorim,Master,293,105,,356,335
258,summoner-23467785,259,WARMACHINE HYPER,Master,274,211,,679,650
259,summoner-91634369,260,Origami X,Master,292,55,,193,126
260,summoner-29194631,261,Alicopter,Master,291,143,,504,478
261,summoner-43079579,262,My melody,Master,288,165,,186,154
262,summoner-41335915,263,Sahatsu,Master,281,120,,255,225
263,summoner-66929247,264,Liquid Joey,Master,281,72,,207,185
264,summoner-73136544,265,Feí,Master,280,81,,200,156
265,summoner-84389222,266,Meta,Master,280,66,,162,139
266,summoner-45191640,267,ChadYasuoMain,Master,279,123,,224,192
267,summoner-65999120,268,MOKKORI,Master,278,69,,215,176
268,summoner-77661150,269,good nightt,Master,277,57,,175,112
269,summoner-31507479,270,foggedftw2,Master,277,53,,79,47
270,summoner-23350752,271,Zeyzal,Master,273,60,,172,144
271,summoner-22417049,272,Cuyo,Master,270,86,,260,236
272,summoner-35890783,273,Jiu Jiu,Master,268,115,,319,282
273,summoner-20902946,274,Oppai God,Master,268,72,,180,153
274,summoner-28682326,275,wispe,Master,266,160,,406,371
275,summoner-442232,276,aphromoo,Master,265,215,,355,331
276,summoner-21201241,277,Auberaun,Master,264,79,,190,160
277,summoner-82950710,278,NA is a coinflip,Master,263,56,,101,71
278,summoner-32392626,279,Dhokla,Master,261,96,,341,321
279,summoner-20123146,280,AND 1 AIDAN,Master,260,94,,307,273
280,summoner-95090711,281,DeafRef,Master,259,53,,181,137
281,summoner-518475,282,Cat Girl Sakuya,Master,259,60,,162,121
282,summoner-25022297,283,Omot,Master,257,98,,110,76
283,summoner-38111839,284,Candice,Master,256,69,,226,197
284,summoner-28943582,285,CP Freeze,Master,251,88,,299,260
285,summoner-24877618,286,Vares,Master,248,121,,348,317
286,summoner-42060215,287,0 x omakase x 42,Master,248,101,,318,290
287,summoner-47212115,288,Tactical,Master,248,92,,238,210
288,summoner-47706407,289,FreshCreamCherry,Master,248,69,,227,199
289,summoner-77589227,290,Šœ  VIP  Šœ,Master,248,77,,139,97
290,summoner-24449515,291,Savast,Master,247,105,,273,245
291,summoner-45678930,292,MattyMooo,Master,246,113,,408,386
292,summoner-92969097,293,Ruler CoreJJ,Master,246,47,,122,102
293,summoner-20694079,294,Day after day,Master,244,98,,424,404
294,summoner-40984753,295,GangstahSwerve,Master,244,43,,79,51
295,summoner-29524444,296,atkins2,Master,243,96,,225,199
296,summoner-50638481,297,supercoolisaac,Master,243,132,,152,120
297,summoner-48547745,298,Diamond Police,Master,242,92,,278,252
298,summoner-95029399,299,lIIIlllIIllIlIlI,Master,241,42,,90,44
299,summoner-74450973,300,Fiona So Cute,Master,240,94,,160,87
300,summoner-46062118,301,I Am Smexy,Master,240,63,,106,65
301,summoner-30580841,302,YkyLh,Master,240,97,,91,45
302,summoner-22858406,303,KAYLE OTP BABY,Master,238,128,,370,346
303,summoner-92392897,304,A GR4SS,Master,238,62,,227,165
304,summoner-90782595,305,TCLB Dekar,Master,238,74,,158,130
305,summoner-21003343,306,Wookin,Master,238,67,,81,48
306,summoner-45451524,307,Løst Boy,Master,237,103,,352,316
307,summoner-57039082,308,boI4,Master,235,50,,149,123
308,summoner-62240420,309,le fwii,Master,235,49,,92,22
309,summoner-25005620,310,Mcbaze,Master,233,90,,362,329
310,summoner-91749086,311,fear guilt greed,Master,233,63,,172,150
311,summoner-48321237,312,MouseArt,Master,252,164,,760,737
312,summoner-492066,313,SimplyHai,Master,230,85,,279,254
313,summoner-69883340,314,iwhenzhou,Master,230,144,,187,157
314,summoner-22447403,315,PrismaI,Master,228,92,,251,226
315,summoner-25232745,316,TwTv ChaseShaco,Master,227,62,,168,143
316,summoner-43276966,317,Eric Zhao,Master,226,96,,225,186
317,summoner-70359148,318,Tony Supp,Master,225,75,,214,195
318,summoner-51758381,319,TN Vampire,Master,225,106,,212,138
319,summoner-19470447,320,Minishcap1,Master,225,68,,127,99
320,summoner-21814281,321,TALON1V9,Master,222,55,,161,97
321,summoner-70173009,322,Maiyatang,Master,221,257,,678,641
322,summoner-44841787,323,MooseHater,Master,221,95,,267,251
323,summoner-40279866,324,Krmx,Master,221,71,,215,189
324,summoner-19875787,325,Crab Battle,Master,221,56,,121,95
325,summoner-72903789,326,LimitTester,Master,221,45,,95,64
326,summoner-66832087,327,sexyminou,Master,220,74,,274,247
327,summoner-36119978,328,Kazahana,Master,220,104,,173,150
328,summoner-91270727,329,cute loli gf,Master,219,44,,122,70
329,summoner-37094087,330,Ben9813,Master,218,45,,99,60
330,summoner-45186258,331,lc0nic,Master,217,70,,138,107
331,summoner-19906739,332,Virus,Master,215,92,,319,280
332,summoner-88669121,333,Akaadian,Master,213,54,,72,43
333,summoner-83282990,334,monkarS,Master,193,66,,188,161
334,summoner-38841069,335,Ikzencriel,Master,211,128,,539,515
335,summoner-31781756,336,Mac,Master,211,81,,208,145
336,summoner-24412033,337,Sexy Yaoi Prince,Master,210,107,,312,281
337,summoner-22789590,338,Nami Fish Hentai,Master,207,119,,192,162
338,summoner-77729240,339,LohpalIy,Master,206,85,,248,218
339,summoner-32556358,340,Gamer Girl,Master,206,107,,243,223
340,summoner-35400880,341,AxelsFinalFlame,Master,205,66,,139,111
341,summoner-38709082,342,Soju,Master,204,88,,272,235
342,summoner-34084652,343,I Dislike Solo Q,Master,204,54,,155,128
343,summoner-75111441,344,WSL Bae Bae,Master,204,115,,114,74
344,summoner-23965783,345,Titan Dweevil,Master,203,109,,438,407
345,summoner-22292020,346,CIyde,Master,202,117,,336,319
346,summoner-20640052,347,XPsionicsx,Master,202,72,,218,191
347,summoner-88669168,348,Mid braum only,Master,201,41,,90,56
348,summoner-25285716,349,Haanii,Master,200,72,,118,89
349,summoner-93579190,350,Pykeman,Master,199,42,,95,72
350,summoner-50363420,351,duoshark1,Master,197,81,,204,181
351,summoner-89031504,352,I worry,Master,197,57,,94,59
352,summoner-35590582,353,Annie Bot,Master,196,194,,990,962
353,summoner-70011915,354,moon b,Master,195,86,,268,235
354,summoner-22058902,355,Flaresz,Master,195,54,,71,50
355,summoner-52326216,356,papa croc romanm,Master,194,65,,223,192
356,summoner-43225114,357,Necroside,Master,194,93,,164,135
357,summoner-66241634,358,TwTv Vchee,Master,212,58,,233,138
358,summoner-19663548,359,TwTvTastyPotatox,Master,193,72,,226,190
359,summoner-31213574,360,Swkeeee,Master,188,142,,243,204
360,summoner-89190126,361,Toxic Vietnamese,Master,187,106,,140,103
361,summoner-28432690,362,Zud,Master,184,87,,190,155
362,summoner-30266347,363,Piggy Kitten,Master,181,153,,829,800
363,summoner-22835956,364,RenektonTopOnly,Master,180,125,,616,573
364,summoner-42018127,365,Eclipseˉ,Master,180,63,,209,166
365,summoner-68459235,366,Yuki S2,Master,179,118,,353,322
366,summoner-22775683,367,Zero Pressure xD,Master,179,65,,208,165
367,summoner-76832011,368,XChanX,Master,179,70,,128,93
368,summoner-45126443,369,Jg2,Master,178,79,,360,333
369,summoner-44594721,370,Zeroˉ,Master,177,127,,486,456
370,summoner-28781699,371,Shupian,Master,177,98,,171,144
371,summoner-19285521,372,ColombiaParce,Master,176,93,,319,293
372,summoner-77252739,373,FUNKYFRAGAS32,Master,174,93,,398,373
373,summoner-20724263,374,Mozart The 2nd,Master,174,49,,115,75
374,summoner-23624997,375,Evop,Master,173,51,,184,124
375,summoner-38883756,376,luggindy,Master,172,72,,182,148
376,summoner-31804039,377,oGoDs,Master,172,65,,121,97
377,summoner-61542283,378,huhi,Master,171,85,,231,211
378,summoner-95739079,379,0nxn,Master,171,35,,48,20
379,summoner-22073036,380,Breakbot,Master,170,108,,269,235
380,summoner-88059115,381,eGirl cosplay,Master,169,47,,134,91
381,summoner-31588136,382,CLG Auto,Master,168,98,,439,406
382,summoner-69129243,383,GDX,Master,168,129,,93,51
383,summoner-78739135,384,Feox,Master,167,60,,157,119
384,summoner-50928107,385,FEED SPLIT THROW,Master,167,61,,88,48
385,summoner-84509505,386,GGEA eThug,Master,165,76,,145,114
386,summoner-90811612,387,TwTv 6ixgodmemes,Master,164,53,,115,61
387,summoner-60745150,388,InvladName,Master,163,140,,419,393
388,summoner-43873947,389,Boyyyyyyyyyyyyyy,Master,163,89,,110,87
389,summoner-50453166,390,Boosted bot,Master,162,221,,1230,1203
390,summoner-22991489,391,Tangularx,Master,162,99,,418,396
391,summoner-40655603,392,Copari,Master,161,85,,204,181
392,summoner-50493444,393,Coltre,Master,161,162,,92,54
393,summoner-45164529,394,KANGSEUNGLOKSFAN,Master,158,79,,167,143
394,summoner-390600,395,Meteos,Master,157,94,,178,151
395,summoner-39561509,396,JuIius,Master,155,158,,757,735
396,summoner-23213125,397,mimi styIe,Master,154,113,,83,58
397,summoner-19777052,398,GeneralMint,Master,153,97,,266,244
398,summoner-48318695,399,nxi,Master,153,69,,174,132
399,summoner-41643804,400,Vakin,Master,152,131,,355,331
400,summoner-30575166,401,Locke Lamora,Master,151,132,,310,282
401,summoner-53339424,402,MeIo,Master,151,97,,303,245
402,summoner-22639840,403,Bryanmanlet,Master,151,84,,233,198
403,summoner-44946228,404,ˆTwice Sanaˆ,Master,151,94,,144,115
404,summoner-71661569,405,Spin,Master,150,167,,241,207
405,summoner-19188557,406,Aurelıon sol,Master,149,72,,325,248
406,summoner-22415968,407,Real Danijrm,Master,148,65,,259,218
407,summoner-21955448,408,Zuardian,Master,126,126,,468,443
408,summoner-60615460,409,Charming Gay Guy,Master,147,55,,165,96
409,summoner-23890102,410,YoItsK,Master,146,137,,446,413
410,summoner-80979709,411,Pants are JłZZ,Master,146,100,,296,273
411,summoner-30936371,412,Jayms,Master,146,67,,162,148
412,summoner-37341012,413,Zykoˉ,Master,144,101,,301,271
413,summoner-27809820,414,jbraggs,Master,143,132,,489,466
414,summoner-22696988,415,TheOddOrange,Master,143,82,,200,178
415,summoner-20414291,416,Protòtype,Master,141,160,,818,770
416,summoner-32178528,417,Weeknd,Master,165,90,,361,335
417,summoner-56614125,418,ibara2,Master,141,92,,336,299
418,summoner-57302617,419,Dragonmin,Master,141,41,,64,22
419,summoner-19887289,420,Imaqtpie,Master,140,170,,824,797
420,summoner-51075422,421,Hopefulqt,Master,140,96,,236,206
421,summoner-34951738,422,Super Limp Díck,Master,140,67,,125,99
422,summoner-51678063,423,dumpa,Master,139,96,,296,262
423,summoner-28299232,424,Anderz,Master,139,98,,196,165
424,summoner-20159275,425,Pyroen,Master,138,114,,364,332
425,summoner-40661961,426,The Tank Man,Master,137,98,,339,307
426,summoner-78059635,427,MACACO,Master,135,90,,236,206
427,summoner-19715873,428,Gerardo Ortiz,Master,119,53,,125,95
428,summoner-21794465,429,chowdong,Master,134,69,,195,171
429,summoner-78771213,430,Tabulae,Master,134,57,,167,131
430,summoner-95699530,431,Con sentiment,Master,134,42,,98,41
431,summoner-42133105,432,GGEA Strompest,Master,132,68,,173,146
432,summoner-78430986,433,Tony Mid,Master,131,73,,312,258
433,summoner-60930238,434,ImASuperNiceGuy,Master,131,118,,209,180
434,summoner-26785144,435,콘돔꺼내기,Master,131,71,,175,150
435,summoner-19725432,436,riste,Master,130,167,,722,693
436,summoner-23723309,437,Ordinn,Master,130,86,,194,168
437,summoner-89382678,438,UBCKNIFE,Master,130,46,,134,83
438,summoner-27282584,439,KOGMAWWWWW,Master,129,101,,458,431
439,summoner-25078968,440,TheOddTurtle,Master,129,96,,296,268
440,summoner-19139093,441,Redmercy,Master,129,67,,177,149
441,summoner-63291,442,Sunset,Master,128,172,,765,732
442,summoner-91959940,443,Thats Not Fervor,Master,128,68,,174,114
443,summoner-21978925,444,SlapPorkChop,Master,125,78,,218,198
444,summoner-31687588,445,Freeze,Master,125,60,,99,76
445,summoner-37532228,446,byebyee,Master,124,105,,268,231
446,summoner-32004867,447,Alexandtheo,Master,124,76,,132,105
447,summoner-87639506,448,LOLOLOLOLOL,Master,123,49,,110,84
448,summoner-21107682,449,Hillside Boys,Master,121,168,,687,647
449,summoner-35703236,450,PieCakeLord,Master,120,105,,467,450
450,summoner-46354722,451,Oricorio,Master,120,102,,193,167
451,summoner-29770257,452,Giraffe Hugs,Master,120,82,,139,116
452,summoner-77269277,453,it viper,Master,119,99,,283,271
453,summoner-53801673,454,Dziarmaga,Master,119,69,,233,202
454,summoner-26712726,455,OFFLINETV REJECT,Master,118,61,,211,185
455,summoner-91601980,456,llIIllIIlll,Master,118,54,,145,107
456,summoner-94519219,457,xXxGodPlayerxXx,Master,118,47,,111,85
457,summoner-22180208,458,Chasing Summer,Master,118,74,,104,85
458,summoner-29593986,459,Èssence,Master,117,115,,404,378
459,summoner-28909573,460,tiltmaster123,Master,117,59,,201,167
460,summoner-23245665,461,Scrandor,Master,116,121,,578,562
461,summoner-37145047,462,Gli,Master,115,108,,223,200
462,summoner-24153216,463,TwTvJakehoffmann,Master,114,103,,473,418
463,summoner-45038172,464,Sir Celery,Master,114,104,,188,164
464,summoner-77003254,465,footnote,Master,114,49,,122,70
465,summoner-20312461,466,Felfire,Master,112,106,,338,313
466,summoner-25367460,467,Mnew,Master,112,82,,214,185
467,summoner-23479635,468,NoahMost,Master,112,78,,107,80
468,summoner-31383720,469,Terrified dog,Master,111,55,,156,127
469,summoner-50185236,470,xFSN Sakura,Master,111,51,,100,69
470,summoner-67709962,471,LostFizz,Master,110,128,,291,242
471,summoner-28840804,472,Dr Saline PhD,Master,109,94,,407,378
472,summoner-47442009,473,OvO Memes,Master,109,115,,337,318
473,summoner-27476501,474,Joju,Master,88,133,,447,427
474,summoner-30314638,475,DarkWingsForSale,Master,108,82,,173,149
475,summoner-87599515,476,Raverboy,Master,107,110,,249,222
476,summoner-30107400,477,BlueHole,Master,107,85,,156,89
477,summoner-92659418,478,beat saber main,Master,107,45,,115,89
478,summoner-47647040,479,BestInTown,Master,107,46,,103,63
479,summoner-20577176,480,ooo la la,Master,106,85,,220,191
480,summoner-28329959,481,Zib Nibbler,Master,105,70,,123,95
481,summoner-92659402,482,Yubi,Master,105,38,,60,44
482,summoner-38089165,483,SETNAVREC,Master,104,97,,234,206
483,summoner-75281603,484,Catria,Master,103,109,,223,194
484,summoner-32005448,485,Pros,Master,103,74,,205,178
485,summoner-90342456,486,Tyto alba alba,Master,103,65,,184,137
486,summoner-76920234,487,Comminatory,Master,103,47,,66,29
487,summoner-34225884,488,Blazed Nova,Master,101,119,,335,303
488,summoner-29699937,489,Kholin,Master,101,50,,140,114
489,summoner-76912916,490,Rose Queen,Master,100,124,,333,289
490,summoner-63668454,491,Desired Game,Master,100,52,,199,102
491,summoner-10077,492,scarra,Master,99,109,,534,519
492,summoner-24399368,493,KingGeorgie,Master,99,151,,388,363
493,summoner-25276169,494,argv,Master,98,102,,280,250
494,summoner-66879182,495,Dilena Dimitrova,Master,96,105,,337,307
495,summoner-21189658,496,jakobjames,Master,96,57,,59,35
496,summoner-40432671,497,JD5C,Master,94,45,,121,72
497,summoner-62605523,498,Resuna,Master,93,47,,136,71
498,summoner-40846506,499,Gavotto,Master,93,51,,129,102
499,summoner-37370762,500,Im Avi,Master,93,43,,105,48
500,summoner-92273259,501,mid 3,Master,92,92,,481,426
501,summoner-19673077,502,Yoshi,Master,91,96,,305,278
502,summoner-92009905,503,show us de way,Master,91,49,,121,64
503,summoner-75649166,504,Disagre3,Master,90,149,,519,497
504,summoner-19537654,505,DEMIGOD,Master,90,123,,275,201
505,summoner-30372420,506,Shimatora,Master,88,120,,315,287
506,summoner-22304250,507,Hot Ruffles,Master,88,67,,174,124
507,summoner-57539102,508,sesamo,Master,88,68,,136,113
508,summoner-35702501,509,cokes,Master,87,99,,273,246
509,summoner-20220845,510,Nikkone,Master,86,95,,205,189
510,summoner-38091945,511,Zenden,Master,86,65,,191,164
511,summoner-22341069,512,please plan ahea,Master,86,53,,163,128
512,summoner-34042136,513,Sayonaraaaaa,Master,86,59,,151,128
513,summoner-91655533,514,chicken and rice,Master,86,49,,144,81
514,summoner-56797519,515,Kewlipo,Master,85,123,,470,449
515,summoner-25328716,516,esrgjnkjnkbdfdsg,Master,85,102,,424,405
516,summoner-85339564,517,JB hai,Master,85,96,,175,144
517,summoner-27381932,518,chepa candela,Master,84,92,,360,343
518,summoner-36512012,519,Body Those Fools,Master,84,92,,146,121
519,summoner-55815684,520,Deweyyy,Master,84,126,,113,80
520,summoner-21905240,521,I Have Sisu,Master,83,124,,637,615
521,summoner-41745040,522,Competition2,Master,83,200,,612,591
522,summoner-37278467,523,Cyrano,Master,83,134,,250,226
523,summoner-80301228,524,Godspica,Master,83,68,,162,135
524,summoner-24598046,525,time time time,Master,83,52,,129,97
525,summoner-82759189,526,Mar de Copas,Master,81,93,,291,272
526,summoner-29317015,527,cheisu,Master,81,63,,102,76
527,summoner-49943354,528,Dekar,Master,79,48,,144,115
528,summoner-20132258,529,Doublelift,Master,79,77,,136,116
529,summoner-20001980,530,BenjiStax,Master,78,64,,207,181
530,summoner-51046657,531,freyhacks,Master,78,68,,176,137
531,summoner-66419406,532,jookiie,Master,78,60,,140,100
532,summoner-36776514,533,Reza Y Dispara,Master,77,49,,144,88
533,summoner-74673,534,NintendudeX,Master,75,72,,270,250
534,summoner-76463232,535,CLG Ravey,Master,74,72,,250,223
535,summoner-28473941,536,MÎrrøracle,Master,73,124,,364,293
536,summoner-23769101,537,Wazabiee,Master,72,96,,310,281
537,summoner-51473426,538,Repobah,Master,71,163,,296,268
538,summoner-20687868,539,Gabex,Master,71,86,,262,230
539,summoner-31632622,540,XsYz,Master,71,69,,174,155
540,summoner-41213210,541,DrewDozer,Master,70,114,,310,268
541,summoner-23941212,542,toez1,Master,70,64,,179,153
542,summoner-49660821,543,Ducks Of Swag,Master,68,108,,271,242
543,summoner-19134540,544,Voyboy,Master,67,145,,609,591
544,summoner-19353105,545,Rekeri,Master,66,79,,223,196
545,summoner-46702979,546,Redrouger,Master,65,127,,459,411
546,summoner-36100051,547,DirtyMobs,Master,65,99,,369,341
547,summoner-35129076,548,Failattempts,Master,65,110,,238,111
548,summoner-91647488,549,LL Justice,Master,65,65,,195,143
549,summoner-47005597,550,IWU Fizzi,Master,65,54,,144,91
550,summoner-43631740,551,Agent Frost,Master,64,201,,371,333
551,summoner-49013115,552,DeadlyTwitches,Master,63,116,,176,153
552,summoner-51153743,553,Unreal Player,Master,62,49,,192,83
553,summoner-39933019,554,Taco,Master,62,60,,185,163
554,summoner-50759303,555,IWCrackinate,Master,62,55,,122,96
555,summoner-36447212,556,AsianSGpotato,Master,61,122,,107,85
556,summoner-91329284,557,Sllfer,Master,61,40,,81,38
557,summoner-34961913,558,Dark Nostalgicee,Master,60,82,,343,306
558,summoner-77191631,559,Kítzuo,Master,60,99,,334,296
559,summoner-129380,560,steeleye70,Master,58,84,,246,232
560,summoner-19976104,561,Kkeptt,Master,58,51,,156,95
561,summoner-54845887,562,kyroo1,Master,57,107,,172,144
562,summoner-19758519,563,MU Wolfe,Master,56,84,,193,170
563,summoner-23414336,564,Went,Master,56,49,,138,92
564,summoner-23887566,565,CookiesforSanta,Master,56,86,,101,75
565,summoner-20112175,566,Rohammers,Master,55,111,,469,458
566,summoner-90593491,567,Carthage,Master,55,67,,189,160
567,summoner-64793095,568,Ttv fwiizone,Master,55,50,,44,11
568,summoner-50247046,569,nadox,Master,35,86,,485,424
569,summoner-35336480,570,Outclass,Master,54,106,,395,376
570,summoner-20886395,571,BeNice2EachOther,Master,54,95,,235,205
571,summoner-23157360,572,PhillyFan,Master,54,110,,223,203
572,summoner-41989378,573,Lx1angTNT,Master,54,52,,120,94
573,summoner-95701040,574,Enripsa,Master,54,47,,84,37
574,summoner-91729110,575,CG Febiven,Master,53,80,,249,210
575,summoner-28948871,576,Fun Carnage,Master,53,86,,233,213
576,summoner-90610341,577,only a feeling,Master,52,48,,108,74
577,summoner-22742359,578,Magi1234,Master,52,92,,107,88
578,summoner-32576527,579,Danwel,Master,51,116,,466,447
579,summoner-34109087,580,Rem,Master,51,82,,194,171
580,summoner-48211258,581,Spºoky,Master,51,89,,124,101
581,summoner-86839671,582,Swifte1,Master,51,43,,97,51
582,summoner-77350765,583,Zentinel,Master,51,59,,85,59
583,summoner-39003930,584,어쩌면,Master,50,98,,225,201
584,summoner-88702082,585,IlllIlIIIIII,Master,50,57,,151,127
585,summoner-82789170,586,TL Cain,Master,49,67,,260,231
586,summoner-35122558,587,ChaseShaco,Master,49,61,,151,123
587,summoner-72749306,588,July4,Master,49,61,,124,103
588,summoner-46385711,589,Treysh,Master,48,97,,175,155
589,summoner-50983694,590,OpenBaepack,Master,48,59,,122,89
590,summoner-47692546,591,HumanCentipedes,Master,47,75,,206,185
591,summoner-23702362,592,xRequiem,Master,47,86,,196,174
592,summoner-19599117,593,Bes,Master,46,105,,226,204
593,summoner-48556616,594,DLQQ  418640110,Master,46,58,,95,65
594,summoner-39957695,595,røvex,Master,44,105,,470,465
595,summoner-19259932,596,Geranimo,Master,44,89,,280,250
596,summoner-74699197,597,Myn Dosa,Master,43,146,,636,614
597,summoner-325903,598,Aglow,Master,42,93,,203,177
598,summoner-70200582,599,Töxic Player,Master,40,95,,94,44
599,summoner-19848425,600,Fantastic Chimni,Master,39,76,,202,166
600,summoner-35612484,601,Feitan,Master,38,133,,531,510
601,summoner-80670380,602,Týler,Master,38,144,,166,140
602,summoner-20978232,603,ItsYourChoice,Master,37,109,,389,367
603,summoner-32016710,604,Noobkiller291,Master,37,111,,273,258
604,summoner-31925096,605,OSTRlCH,Master,37,100,,246,212
605,summoner-38334154,606,Shmekek,Master,36,99,,198,170
606,summoner-83262877,607,SkinnierJGWins,Master,36,60,,192,174
607,summoner-24801053,608,gLucy,Master,36,93,,131,111
608,summoner-20032190,609,VanillaHomocide,Master,35,136,,245,218
609,summoner-21456134,610,say bye,Master,35,92,,75,55
610,summoner-88109144,611,Bardly Missed,Master,34,96,,496,451
611,summoner-20483273,612,Spam and Bryce,Master,34,118,,276,242
612,summoner-75169835,613,Prødigious,Master,34,55,,156,120
613,summoner-65821215,614,i will make it,Master,34,64,,142,113
614,summoner-20270876,615,MAKEOUTHlLL666,Master,33,122,,369,349
615,summoner-47066009,616,ądc,Master,33,94,,196,161
616,summoner-19199530,617,Xpecial,Master,33,88,,191,174
617,summoner-58608963,618,My First Love,Master,33,120,,154,129
618,summoner-22325691,619,Yotsume,Master,33,39,,63,36
619,summoner-67119126,620,BrownManDarius 2,Master,32,109,,459,421
620,summoner-20400026,621,Tèmpo,Master,32,102,,382,355
621,summoner-25119283,622,Donmat,Master,32,104,,316,299
622,summoner-38384168,623,SaltwaterScourge,Master,32,105,,232,207
623,summoner-20350623,624,Guess da number,Master,31,94,,295,273
624,summoner-19617276,625,OPW,Master,31,56,,111,92
625,summoner-81685036,626,TWTV donmatlol,Master,29,77,,278,250
626,summoner-22476330,627,Minah,Master,29,94,,232,222
627,summoner-50576811,628,its ok to be sad,Master,29,49,,82,57
628,summoner-75209208,629,Purrple Socks,Master,28,99,,358,333
629,summoner-21343018,630,kek pepe,Master,28,87,,284,257
630,summoner-40758939,631,Dgkano,Master,28,101,,231,207
631,summoner-74689287,632,IlIIlIlIlIlIIl,Master,27,51,,169,128
632,summoner-20813251,633,Moelester Squad,Master,26,110,,373,355
633,summoner-35239901,634,p zips,Master,25,68,,175,153
634,summoner-43690919,635,P1atypus,Master,24,139,,476,457
635,summoner-35430005,636,Garude Sandstorm,Master,24,117,,245,216
636,summoner-30307001,637,Turc,Master,24,85,,197,180
637,summoner-19979867,638,boom u dead,Master,24,87,,154,120
638,summoner-43083155,639,Meals,Master,24,85,,112,83
639,summoner-21728063,640,tebomb2,Master,24,43,,58,27
640,summoner-92259523,641,3astan,Master,23,80,,345,284
641,summoner-35570736,642,camtheham,Master,23,72,,157,130
642,summoner-45795786,643,Veiv,Master,22,138,,481,451
643,summoner-48443712,644,ChaosRain,Master,22,128,,473,447
644,summoner-89351734,645,FlyHighˉ,Master,22,79,,293,266
645,summoner-39574816,646,Joe Dredd,Master,21,64,,195,161
646,summoner-32355,647,AquaBlue,Master,20,107,,367,345
647,summoner-24391662,648,was good in s6,Master,20,105,,350,331
648,summoner-45520517,649,ioki,Master,20,100,,254,221
649,summoner-21289125,650,Łast Hit,Master,20,100,,135,109
650,summoner-22129599,651,pick lulu or int,Master,20,40,,91,43
651,summoner-89060974,652,uninspired tool,Master,20,47,,85,56
652,summoner-45668239,653,KillerUnit,Master,19,136,,451,435
653,summoner-34563833,654,Clasiik,Master,19,125,,406,380
654,summoner-35778585,655,Nimdle,Master,19,81,,181,158
655,summoner-19068435,656,Midorima,Master,18,128,,479,461
656,summoner-28454336,657,DarkX,Master,18,132,,457,431
657,summoner-34557386,658,Good Boi,Master,18,137,,400,354
658,summoner-27931416,659,PDS Zelt,Master,18,88,,281,266
659,summoner-23855467,660,Shorthop,Master,18,110,,276,244
660,summoner-67872603,661,Kailhua,Master,18,81,,160,134
661,summoner-81859355,662,pandapants363,Master,18,40,,93,46
662,summoner-432695,663,Lethal Zedster,Master,17,45,,106,90
663,summoner-65360243,664,W S Y W,Master,16,150,,442,416
664,summoner-93269119,665,DIRTY B0Y,Master,16,83,,368,349
665,summoner-24292975,666,CHOKE ME 002,Master,16,77,,265,216
666,summoner-31291239,667,Akeelo,Master,16,67,,164,135
667,summoner-27211338,668,lorenzofast,Master,16,114,,144,117
668,summoner-265174,669,Thien Chau1,Master,12,79,,297,272
669,summoner-60720984,670,Yîkês,Master,9,104,,252,173
670,summoner-75169605,671,twitchtv Eoba,Master,8,58,,133,98
671,summoner-30709643,672,Jazzawhitz,Master,7,54,,107,78
672,summoner-19267108,673,Panunu,Master,6,89,,182,159
673,summoner-67089674,674,DLQQ 459680082,Master,6,48,,117,84
674,summoner-375919,675,toez,Master,6,53,,107,90
675,summoner-37827053,676,KiNG Nidhogg,Master,5,82,,175,156
676,summoner-29535209,677,A Good Sir,Master,5,78,,140,116
677,summoner-29653038,678,Winfield,Master,1,95,,148,128
678,summoner-53310208,679,JUYOUSO,Master,0,196,,1093,1023
679,summoner-23773443,680,cob68,Master,0,137,,590,562
680,summoner-83709100,681,KhaliDino,Master,0,132,,539,512
681,summoner-20794181,682,vStarzzz,Master,0,119,,480,460
682,summoner-45101564,683,dmario7,Master,0,87,,451,429
683,summoner-50521814,684,VelIeity,Master,0,117,,431,378
684,summoner-39833053,685,Chase Kip,Master,0,139,,391,366
685,summoner-49089505,686,Solitified,Master,0,145,,367,321
686,summoner-35261170,687,DoughnutDrew,Master,0,129,,356,339
687,summoner-23679160,688,Barry Buggles,Master,0,127,,356,322
688,summoner-32360751,689,Frostynomad,Master,0,93,,355,337
689,summoner-20227573,690,BukZacH,Master,0,95,,354,338
690,summoner-40242205,691,Shalissa,Master,0,105,,346,319
691,summoner-27664334,692,Rëol,Master,0,100,,330,306
692,summoner-20510650,693,oO Scorpz Oo,Master,0,94,,314,288
693,summoner-32627897,694,Potty,Master,0,111,,311,278
694,summoner-31209421,695,Captain Nuke,Master,0,87,,310,294
695,summoner-25354620,696,Do u kno da whey,Master,0,77,,307,282
696,summoner-24858900,697,AceWindstorm,Master,0,103,,275,260
697,summoner-43774722,698,Nathaniel Mcgee,Master,0,108,,273,247
698,summoner-35293242,699,Paratendo,Master,0,111,,269,245
699,summoner-85640077,700,LeEpicMemerino,Master,0,97,,265,246
700,summoner-78650221,701,GIVE ZWAG MID,Master,23,66,,225,180
701,summoner-28879653,702,Fiddle Jungle,Master,0,84,,220,196
702,summoner-20832166,703,Chubymonkey,Master,0,78,,217,194
703,summoner-47772583,704,A Noisy Aunt,Master,0,93,,192,159
704,summoner-19979141,705,Was Fun,Master,0,81,,186,162
705,summoner-35219566,706,Inteare hasta D5,Master,0,63,,182,167
706,summoner-61925463,707,Wixxi,Master,0,93,,175,148
707,summoner-48310516,708,Pyeong Chang,Master,0,74,,174,145
708,summoner-39181040,709,DorkLS,Master,0,96,,160,136
709,summoner-39642481,710,Beyoutiful,Master,0,127,,153,134
710,summoner-94849180,711,Ryleo,Master,0,49,,144,88
711,summoner-21629269,712,Beny,Master,0,59,,139,113
712,summoner-39480396,713,A Ganker,Master,0,82,,138,110
713,summoner-35422510,714,The Kinjaz,Master,0,142,,138,101
714,summoner-25599243,715,WsT Goxtry,Master,0,69,,134,118
715,summoner-45660180,716,Horseie,Master,0,68,,130,103
716,summoner-21938181,717,NotJamesDing,Master,0,57,,129,97
717,summoner-23450268,718,GTL,Master,0,72,,126,88
718,summoner-20755388,719,TFW Shupian,Master,0,69,,126,89
719,summoner-29628502,720,20 ping player,Master,0,63,,119,101
720,summoner-45000894,721,k2c,Master,0,57,,116,96
721,summoner-85660385,722,mental boomin,Master,0,45,,113,84
722,summoner-94390722,723,lobzik005,Master,0,49,,105,61
723,summoner-22922261,724,yak0,Master,0,59,,104,83
724,summoner-89259289,725,Bobbyˉ,Master,0,123,,100,74
725,summoner-55619439,726,Melyn,Master,0,55,,100,74
726,summoner-44512813,727,Nickchiponfire,Master,0,124,,91,60
727,summoner-24741016,728,L9B,Master,0,40,,84,45
728,summoner-21957142,729,dog2 mf,Master,0,41,,81,51
729,summoner-21127439,730,Sprusse,Master,0,92,,79,59
730,summoner-564332,731,wow nice meta,Master,0,40,,76,34
731,summoner-36448225,732,gnarlysoup,Master,0,38,,65,21
732,summoner-19647481,733,Rathma,Master,0,68,,61,34
733,summoner-49159160,734,Søren Bjerg,Master,0,63,,153,119
734,summoner-52436254,735,ShákaZulu,Diamond 1,100,99,,529,448
735,summoner-54872610,736,ColtonsACutieUwU,Diamond 1,100,105,,329,294
736,summoner-41216897,737,bvcx,Diamond 1,100,102,,329,312
737,summoner-30563611,738,Chou Tzuyuu,Diamond 1,100,162,,324,309
738,summoner-51094671,739,Eivu,Diamond 1,100,80,,322,298
739,summoner-20037104,740,ShizzleD94,Diamond 1,100,76,,298,273
740,summoner-20139406,741,Marshed,Diamond 1,100,142,,282,257
741,summoner-34865135,742,Tadae,Diamond 1,90,89,,242,208
742,summoner-40036262,743,TF Blade,Diamond 1,100,72,,241,185
743,summoner-20024227,744,Romanium,Diamond 1,100,94,,238,217
744,summoner-22657478,745,NotTheRealPhilip,Diamond 1,100,94,,236,211
745,summoner-76602920,746,Snackbar123,Diamond 1,100,78,,210,187
746,summoner-91969888,747,I Cook You Pay,Diamond 1,100,70,,198,141
747,summoner-446965,748,Ablazeolive,Diamond 1,100,72,,194,166
748,summoner-19838545,749,Moontail,Diamond 1,100,59,,183,141
749,summoner-19806051,750,Str1fe,Diamond 1,100,89,,174,161
750,summoner-22658449,751,Watch and Learn,Diamond 1,100,52,,146,120
751,summoner-34665452,752,Tomoebi,Diamond 1,100,105,,130,105
752,summoner-21705406,753,Link,Diamond 1,100,56,,126,100
753,summoner-43197599,754,Sharp and Cold,Diamond 1,100,46,,124,66
754,summoner-93269098,755,decentplayer53,Diamond 1,100,46,,116,86
755,summoner-50208688,756,TC porsche,Diamond 1,100,102,,106,68
756,summoner-19128116,757,yade or yade,Diamond 1,100,63,,101,80
757,summoner-68469260,758,B0dydrop,Diamond 1,100,55,,98,67
758,summoner-76019310,759,Bulgarian Legend,Diamond 1,100,43,,97,61
759,summoner-25885129,760,Dinosaurus,Diamond 1,100,72,,85,63
760,summoner-20131827,761,Frostalicious,Diamond 1,100,59,,75,54
761,summoner-48991794,762,Jas,Diamond 1,100,45,,72,46
762,summoner-34983603,763,Licorice,Diamond 1,100,68,,69,54
763,summoner-95729083,764,Known Dicer,Diamond 1,100,39,,69,50
764,summoner-38384984,765,Ez Tangerine,Diamond 1,99,79,,246,214
765,summoner-21214027,766,Shawner,Diamond 1,99,108,,193,175
766,summoner-34753465,767,Ayukura,Diamond 1,100,48,,78,57
767,summoner-38911306,768,NotBaka,Diamond 1,98,90,,292,270
768,summoner-141846,769,illlllliiiiiiii,Diamond 1,98,52,,190,140
769,summoner-32319695,770,Äye,Diamond 1,97,67,,161,42
770,summoner-81859385,771,Ineedtogetbetter,Diamond 1,97,66,,132,111
771,summoner-20203681,772,JoopsaKid,Diamond 1,97,68,,130,105
772,summoner-56497084,773,FrostForest,Diamond 1,97,89,,89,71
773,summoner-47189094,774,Aconda,Diamond 1,97,83,,66,44
774,summoner-19882392,775,Itsfwii,Diamond 1,97,45,,63,37
775,summoner-23762633,776,Lunarly,Diamond 1,96,71,,120,94
776,summoner-24509336,777,Spect,Diamond 1,96,63,,78,57
777,summoner-44989337,778,C9 Gun,Diamond 1,96,40,,43,16
778,summoner-19592869,779,zhúang,Diamond 1,95,70,,143,125
779,summoner-19453586,780,Im so nusty,Diamond 1,95,62,,130,104
780,summoner-34057485,781,Routé,Diamond 1,94,71,,58,42
781,summoner-64972786,782,Day 31,Diamond 1,93,99,,270,240
782,summoner-20785373,783,top lane eboy,Diamond 1,93,56,,111,86
783,summoner-34603011,784,Aavhin,Diamond 1,92,98,,136,111
784,summoner-38780657,785,Freeverse,Diamond 1,91,94,,186,164
785,summoner-27749700,786,Múté,Diamond 1,91,56,,118,85
786,summoner-24879976,787,iNerto,Diamond 1,90,87,,426,363
787,summoner-29732177,788,Este momento,Diamond 1,90,89,,399,377
788,summoner-20262759,789,Enryoo,Diamond 1,90,88,,284,256
789,summoner-21623482,790,raroraro,Diamond 1,90,101,,248,215
790,summoner-50791128,791,Zahnet,Diamond 1,90,99,,211,188
791,summoner-51580106,792,1Self,Diamond 1,90,65,,185,155
792,summoner-89579226,793,Zarashii,Diamond 1,90,81,,148,110
793,summoner-24550000,794,TherapyTrance,Diamond 1,90,54,,140,117
794,summoner-37356075,795,mac diller,Diamond 1,90,69,,131,105
795,summoner-42762376,796,peaceminusøne,Diamond 1,90,63,,115,75
796,summoner-40938801,797,ioan,Diamond 1,90,92,,103,89
797,summoner-21238911,798,Sickoscott,Diamond 1,90,46,,99,75
798,summoner-39028853,799,Kaipop,Diamond 1,90,71,,91,62
799,summoner-22190336,800,Zenoncas,Diamond 1,90,59,,89,68
800,summoner-32459532,801,Cárpe Diem,Diamond 1,90,60,,83,69
801,summoner-34771983,802,Diivinity,Diamond 1,90,48,,78,58
802,summoner-95190847,803,Rist,Diamond 1,90,37,,77,34
803,summoner-20678849,804,I onIy Top,Diamond 1,90,65,,74,56
804,summoner-460518,805,Holy Serenity,Diamond 1,90,51,,72,49
805,summoner-536071,806,StarWhale,Diamond 1,90,40,,53,24
806,summoner-65239176,807,Sejanus,Diamond 1,90,67,,45,20
807,summoner-19969614,808,ExecutionerK,Diamond 1,89,58,,139,119
808,summoner-93731193,809,NILES 1V9,Diamond 1,89,42,,100,52
809,summoner-64199965,810,Youuuuuuuuuuuuu,Diamond 1,89,66,,86,60
810,summoner-50731308,811,ShrektangIe,Diamond 1,88,95,,227,197
811,summoner-25880450,812,Dreamland,Diamond 1,88,81,,166,138
812,summoner-30622607,813,Z9 Bánh Tiêu,Diamond 1,88,103,,111,92
813,summoner-24934464,814,5 Stacks GG,Diamond 1,88,61,,93,70
814,summoner-79940819,815,ps 01,Diamond 1,87,102,,487,467
815,summoner-20429469,816,Adrian Riven,Diamond 1,87,112,,355,323
816,summoner-46316160,817,yandere suzy,Diamond 1,87,65,,225,199
817,summoner-28640868,818,PandaSean,Diamond 1,87,83,,219,181
818,summoner-21861110,819,TyÌer,Diamond 1,86,76,,119,92
819,summoner-50902680,820,PatheticParrot,Diamond 1,85,97,,263,240
820,summoner-53152792,821,The Crab Hunter,Diamond 1,85,102,,233,210
821,summoner-53094540,822,Notzu,Diamond 1,85,143,,179,159
822,summoner-35368931,823,2K games jungler,Diamond 1,84,177,,1062,1027
823,summoner-24762213,824,Devolve,Diamond 1,84,126,,375,323
824,summoner-42172450,825,Williammm,Diamond 1,84,90,,129,110
825,summoner-78593412,826,MelonMan32,Diamond 1,84,48,,121,85
826,summoner-30099707,827,Kuderic,Diamond 1,84,81,,120,89
827,summoner-23296106,828,Recommisioner,Diamond 1,84,51,,94,68
828,summoner-21998704,829,Birds cant fly,Diamond 1,83,101,,292,270
829,summoner-38256280,830,Lets not give up,Diamond 1,83,59,,251,192
830,summoner-43235320,831,Rocket Rhino,Diamond 1,83,115,,251,233
831,summoner-20303983,832,miss jenny lam,Diamond 1,83,63,,186,164
832,summoner-168921,833,sakurafloret,Diamond 1,83,47,,117,75
833,summoner-75949134,834,go barpo,Diamond 1,83,47,,110,79
834,summoner-47564545,835,North KR Veigar,Diamond 1,83,44,,84,48
835,summoner-52371378,836,Shajae,Diamond 1,82,174,,701,680
836,summoner-69669605,837,VCc,Diamond 1,82,132,,294,259
837,summoner-47219230,838,Hi im Trixter,Diamond 1,81,95,,340,320
838,summoner-90143499,839,Optimal gameplay,Diamond 1,81,83,,230,168
839,summoner-32158564,840,Helping,Diamond 1,81,86,,146,128
840,summoner-47341010,841,MUEDQQ,Diamond 1,81,98,,119,90
841,summoner-51381792,842,Plz Dont Int,Diamond 1,80,66,,173,157
842,summoner-23556001,843,PandaBaozi,Diamond 1,80,72,,134,114
843,summoner-37294316,844,GiftedByGods,Diamond 1,46,56,,114,95
844,summoner-53026797,845,Jayton,Diamond 1,79,142,,457,440
845,summoner-83077100,846,Šmurƒ,Diamond 1,79,71,,139,124
846,summoner-76190053,847,Muting You,Diamond 1,79,117,,99,66
847,summoner-21947923,848,I Shadow I,Diamond 1,78,106,,291,271
848,summoner-39174856,849,Eoba,Diamond 1,78,92,,281,263
849,summoner-34243185,850,Volt,Diamond 1,78,121,,103,59
850,summoner-30184991,851,Big Daddy Ed,Diamond 1,77,119,,638,613
851,summoner-90812124,852,Hmmmmmmmmmmmmmm,Diamond 1,77,89,,383,327
852,summoner-24980187,853,Crynopsa,Diamond 1,77,115,,143,114
853,summoner-28501854,854,Shmeeblez,Diamond 1,77,63,,121,101
854,summoner-31233054,855,THE Jons,Diamond 1,76,89,,266,247
855,summoner-81051962,856,roguebunny0,Diamond 1,76,115,,238,188
856,summoner-32381672,857,Måra,Diamond 1,76,119,,117,93
857,summoner-27726049,858,Methazine,Diamond 1,76,36,,58,14
858,summoner-88490180,859,Sophist Ságe,Diamond 1,75,124,,717,679
859,summoner-22328535,860,PrabhablyShaco,Diamond 1,75,118,,477,450
860,summoner-92949232,861,L 5 22 9,Diamond 1,75,92,,475,416
861,summoner-50668976,862,WhyzEStealZ,Diamond 1,75,91,,422,389
862,summoner-49290688,863,NCS  Social Dog,Diamond 1,75,99,,385,349
863,summoner-23480550,864,Yammy,Diamond 1,75,116,,343,320
864,summoner-36388055,865,Curtains,Diamond 1,75,107,,331,317
865,summoner-30045762,866,Kumo9,Diamond 1,75,93,,320,290
866,summoner-72409957,867,Galalalalalalala,Diamond 1,75,87,,302,264
867,summoner-20202108,868,CLA Tuesday,Diamond 1,75,72,,274,270
868,summoner-78670850,869,twtv Lohpally,Diamond 1,75,85,,272,249
869,summoner-60181263,870,MaRiTiMuS,Diamond 1,75,105,,270,249
870,summoner-50877721,871,Doubtfull,Diamond 1,75,81,,262,230
871,summoner-66659941,872,From Zero,Diamond 1,75,74,,261,225
872,summoner-22737069,873,Dekar Rengar,Diamond 1,75,60,,236,137
873,summoner-90043610,874,Bebop Robopop,Diamond 1,75,66,,230,170
874,summoner-93799114,875,qzpmwxon1,Diamond 1,75,59,,222,171
875,summoner-93529573,876,midIane hokage,Diamond 1,75,59,,218,154
876,summoner-48361472,877,awestruck,Diamond 1,75,69,,218,186
877,summoner-58613779,878,Organ,Diamond 1,75,71,,206,186
878,summoner-24853635,879,unfail,Diamond 1,75,79,,205,174
879,summoner-24777351,880,LMQ tc Mor,Diamond 1,75,93,,205,171
880,summoner-77549273,881,Top 1 Percent,Diamond 1,75,61,,203,157
881,summoner-26051120,882,Modx,Diamond 1,75,70,,202,177
882,summoner-22870365,883,Kékvin,Diamond 1,75,87,,195,164
883,summoner-72411076,884,Kobe Brýant,Diamond 1,75,70,,188,168
884,summoner-30972130,885,Yamikaze,Diamond 1,75,92,,175,137
885,summoner-79249642,886,pls notice me,Diamond 1,75,59,,174,131
886,summoner-20056332,887,Lerky,Diamond 1,75,81,,173,134
887,summoner-35415473,888,Yamíkaze,Diamond 1,75,61,,166,130
888,summoner-90391509,889,KING GEEDØRAH,Diamond 1,75,53,,156,120
889,summoner-57029179,890,HotGuy6Pack,Diamond 1,75,51,,148,103
890,summoner-92659419,891,Spaghettibud9,Diamond 1,75,48,,148,118
891,summoner-68603405,892,Keegun,Diamond 1,75,52,,147,129
892,summoner-40272268,893,cackgod,Diamond 1,75,52,,144,118
893,summoner-90331209,894,La Voix Junior,Diamond 1,75,66,,136,95
894,summoner-67019274,895,o Cero o,Diamond 1,75,67,,136,110
895,summoner-56901374,896,YIlIlIlIlI,Diamond 1,75,63,,135,92
896,summoner-19224197,897,Sothis,Diamond 1,75,48,,135,100
897,summoner-76379684,898,MØNG GUU,Diamond 1,75,57,,134,112
898,summoner-37832463,899,Eitori,Diamond 1,75,66,,133,112
899,summoner-38286837,900,lCANTFEELMYFACE,Diamond 1,75,55,,129,96
900,summoner-60100307,901,The Sõul,Diamond 1,75,188,,122,69
901,summoner-96202,902,no talk player,Diamond 1,75,45,,121,79
902,summoner-19689584,903,TCLB Zaıven,Diamond 1,75,44,,118,65
903,summoner-22014010,904,Manifest,Diamond 1,75,55,,113,86
904,summoner-20909540,905,Susskind,Diamond 1,75,111,,112,91
905,summoner-65202347,906,missing him,Diamond 1,75,52,,110,78
906,summoner-292926,907,Super Metroid,Diamond 1,75,46,,110,88
907,summoner-90121918,908,Vuhkeltruukt,Diamond 1,75,43,,106,58
908,summoner-87002706,909,Zheng Jiale,Diamond 1,75,64,,104,64
909,summoner-20598223,910,EloDaddy 5foot6,Diamond 1,75,85,,104,74
910,summoner-90033335,911,Chody,Diamond 1,75,42,,103,53
911,summoner-78452013,912,Hyami LFT,Diamond 1,75,57,,102,81
912,summoner-83280766,913,Ogilos,Diamond 1,75,52,,100,67
913,summoner-94912080,914,Makou,Diamond 1,75,41,,96,46
914,summoner-20602165,915,Lets Win This,Diamond 1,75,73,,93,71
915,summoner-48031860,916,GeneralChiefy,Diamond 1,75,51,,92,72
916,summoner-89241712,917,AR suppressor,Diamond 1,75,51,,89,60
917,summoner-21645177,918,Ricominciare,Diamond 1,75,49,,88,50
918,summoner-41212309,919,Ineffabilis,Diamond 1,75,43,,84,43
919,summoner-94869407,920,TacticalBaconz,Diamond 1,75,40,,79,35
920,summoner-93630935,921,Wanhëda,Diamond 1,75,41,,68,28
921,summoner-38777079,922,Camp Out,Diamond 1,75,99,,67,49
922,summoner-95139141,923,eydflt,Diamond 1,75,39,,67,42
923,summoner-95439135,924,IIIIlllIIllI,Diamond 1,75,38,,65,44
924,summoner-46239231,925,Hyorimaru,Diamond 1,75,47,,64,36
925,summoner-22277779,926,G U CK F O S U,Diamond 1,75,39,,64,28
926,summoner-24390734,927,yrots das,Diamond 1,75,47,,60,36
927,summoner-21207070,928,Oh Nowen,Diamond 1,74,107,,273,229
928,summoner-58272296,929,Ari Why,Diamond 1,74,118,,212,193
929,summoner-20611031,930,An Obese Panda,Diamond 1,74,98,,121,108
930,summoner-64825900,931,wet noodIe fight,Diamond 1,74,44,,77,57
931,summoner-35530571,932,Must be níce,Diamond 1,74,85,,54,37
932,summoner-32423195,933,JUST A LEGEND123,Diamond 1,73,84,,239,217
933,summoner-25851366,934,Arbez,Diamond 1,73,84,,177,151
934,summoner-29360758,935,Fwiendly Whyin,Diamond 1,73,83,,147,119
935,summoner-50392032,936,Requital,Diamond 1,73,62,,137,113
936,summoner-21836856,937,xFSN Rin,Diamond 1,72,72,,195,179
937,summoner-27798233,938,Just Jayce,Diamond 1,72,66,,176,150
938,summoner-37475736,939,WickedWazer,Diamond 1,72,73,,173,140
939,summoner-32701496,940,Emphasis,Diamond 1,72,74,,155,127
940,summoner-39877990,941,LoNeLy Noo,Diamond 1,72,93,,141,121
941,summoner-93659469,942,cofﬁn,Diamond 1,72,52,,134,95
942,summoner-38862851,943,ClamSparkle,Diamond 1,72,58,,117,92
943,summoner-30987150,944,WakaWakaMF,Diamond 1,72,69,,100,80
944,summoner-39760302,945,CoolE,Diamond 1,71,112,,344,325
945,summoner-44076143,946,Aetherax,Diamond 1,71,118,,258,232
946,summoner-40381228,947,IX VANQUISH,Diamond 1,71,68,,142,113
947,summoner-76939686,948,bão zi,Diamond 1,71,122,,113,75
948,summoner-37462379,949,ArgentumSky,Diamond 1,70,102,,279,241
949,summoner-19161840,950,Arthin,Diamond 1,70,143,,263,244
950,summoner-29230651,951,kennyd15,Diamond 1,70,101,,190,155
951,summoner-58421117,952,Shroudedd,Diamond 1,70,69,,170,157
952,summoner-69000521,953,Koreas Dog,Diamond 1,70,48,,146,105
953,summoner-20299072,954,CookiesOP,Diamond 1,70,56,,120,101
954,summoner-32929410,955,Lord Zxyc,Diamond 1,70,105,,116,95
955,summoner-24588334,956,Venusaur,Diamond 1,70,74,,61,43
956,summoner-19723788,957,Mozzyy,Diamond 1,69,107,,347,324
957,summoner-43259524,958,Kzykendy,Diamond 1,69,97,,238,215
958,summoner-23202624,959,METAL CHOCOB0,Diamond 1,69,85,,235,208
959,summoner-68779112,960,tubby boy,Diamond 1,69,113,,164,142
960,summoner-54963047,961,I Keep It Taco,Diamond 1,69,92,,102,86
961,summoner-88069141,962,DURA REMIX,Diamond 1,68,111,,397,376
962,summoner-20420483,963,ecco,Diamond 1,68,123,,365,351
963,summoner-88069178,964,Sense2lol TwTV,Diamond 1,68,69,,208,188
964,summoner-19350906,965,Keen,Diamond 1,68,76,,161,140
965,summoner-5908,966,Dyrus,Diamond 1,68,74,,156,133
966,summoner-40370776,967,Arabed,Diamond 1,68,58,,150,127
967,summoner-34469182,968,nbzoJ98LeiA,Diamond 1,68,56,,99,77
968,summoner-35021554,969,Yuki Bunny,Diamond 1,68,126,,84,65
969,summoner-24237029,970,im Ahj,Diamond 1,67,113,,345,314
970,summoner-33071743,971,Japanese Import,Diamond 1,67,90,,273,260
971,summoner-23839871,972,Riot Xyrox,Diamond 1,67,77,,272,243
972,summoner-31644236,973,Hyz,Diamond 1,67,78,,226,209
973,summoner-24875493,974,Silidos,Diamond 1,67,62,,153,126
974,summoner-59549889,975,TCLB Emperor,Diamond 1,67,46,,148,65
975,summoner-88379903,976,RNG Nebee,Diamond 1,67,64,,141,112
976,summoner-25888946,977,Galalalalalala,Diamond 1,67,67,,131,95
977,summoner-81041277,978,Myth of Bulgaria,Diamond 1,67,45,,113,75
978,summoner-26379781,979,Sonny2o9,Diamond 1,67,90,,113,95
979,summoner-29174723,980,Maritzol,Diamond 1,67,87,,85,60
980,summoner-60269974,981,Locs,Diamond 1,67,94,,74,52
981,summoner-19812679,982,Lava,Diamond 1,66,130,,440,441
982,summoner-92659336,983,makedpgreatagain,Diamond 1,66,74,,280,253
983,summoner-20774944,984,Renai Kinshi,Diamond 1,65,113,,308,294
984,summoner-44554267,985,feud999,Diamond 1,65,91,,287,272
985,summoner-47547430,986,CallMeExiled,Diamond 1,65,95,,278,259
986,summoner-40889526,987,canadia2,Diamond 1,65,84,,272,248
987,summoner-50229422,988,Mercury,Diamond 1,65,85,,145,128
988,summoner-78991591,989,Invisible2,Diamond 1,65,59,,104,76
989,summoner-42815012,990,omg its snowing,Diamond 1,64,62,,183,166
990,summoner-91633366,991,RF Legendaddy,Diamond 1,64,57,,144,114
991,summoner-23544332,992,ADC Singed,Diamond 1,64,59,,115,82
992,summoner-35024547,993,MIKEYXD,Diamond 1,64,86,,113,92
993,summoner-83921258,994,Meltingcloth tv,Diamond 1,64,54,,79,53
994,summoner-23945531,995,hawaiifishmaster,Diamond 1,64,45,,75,45
995,summoner-36761613,996,walang elo,Diamond 1,63,88,,250,236
996,summoner-35095512,997,Enrique5pe,Diamond 1,63,75,,234,207
997,summoner-90839081,998,IIllIlIlIlIIIlll,Diamond 1,63,71,,208,195
998,summoner-20559843,999,Tol Ko Russkiy,Diamond 1,63,107,,199,168
999,summoner-28424427,1000,Anthony,Diamond 1,63,65,,112,94
