#timestamp 1530133267590
#date 2018-06-27T21:01:07+00:00
#players 1000
#index,id,rank,name,tier,lp,level,proTeam,win,loss
0,summoner-16534242,1,TF BIade,Challenger,1185,44,,128,51
1,summoner-5470459,2,LAE xSWRD,Challenger,1076,70,,167,113
2,summoner-41710,3,Pix CaritaTriste,Challenger,928,77,,138,76
3,summoner-95820,4,VírusFx,Challenger,900,92,,133,70
4,summoner-144414,5,Kunou,Challenger,860,98,,138,86
5,summoner-2342030,6,Athyż,Challenger,813,93,,164,120
6,summoner-6130219,7,Geohelado,Challenger,750,74,,169,130
7,summoner-2281875,8,Hirotaka Nifuji,Challenger,745,120,,147,114
8,summoner-886644,9,vSack,Challenger,729,94,,192,157
9,summoner-640255,10,Swifu,Challenger,726,110,,164,124
10,summoner-1157126,11,bubbleman08,Challenger,631,91,,126,90
11,summoner-116294,12,MySunflower Dani,Challenger,618,101,,176,135
12,summoner-5494753,13,Zorekk Onii Chan,Challenger,605,77,,155,115
13,summoner-418941,14,MadBlade,Challenger,602,69,,189,138
14,summoner-2322700,15,CGC S A M Y 2,Challenger,599,84,,189,148
15,summoner-348223,16,Miketsü,Challenger,592,92,,193,158
16,summoner-48057,17,Luha,Challenger,590,95,,173,144
17,summoner-4571935,18,Fighter1,Challenger,588,46,,150,105
18,summoner-947428,19,TwitchTv Crecre,Challenger,578,89,,239,179
19,summoner-139862,20,Säth,Challenger,566,130,,198,159
20,summoner-56961,21,JuanDrd435,Challenger,555,137,,309,264
21,summoner-4591052,22,BloodyLion,Challenger,525,70,,211,172
22,summoner-42749,23,Cliff0,Challenger,523,74,,252,196
23,summoner-168284,24,SomosAsc0Deduo,Challenger,522,95,,204,178
24,summoner-6291753,25,Güereca,Challenger,520,51,,133,97
25,summoner-537764,26,Thief of Relics,Challenger,511,87,,156,126
26,summoner-215450,27,CLK1,Challenger,510,64,,215,175
27,summoner-324984,28,Enryu The Red,Challenger,499,68,,236,184
28,summoner-75295,29,Her Demon Fenix,Challenger,494,78,,125,96
29,summoner-50080,30,Jujo,Challenger,485,104,,133,93
30,summoner-8801194,31,Hand of Obelisk,Challenger,481,84,,211,173
31,summoner-524840,32,ShyKid,Challenger,480,75,,141,104
32,summoner-1155001,33,el chinguita,Challenger,469,113,,206,171
33,summoner-204315,34,lruga,Challenger,454,75,,281,253
34,summoner-112541,35,Snòopy,Challenger,447,74,,193,155
35,summoner-153625,36,Haka,Challenger,445,112,,166,138
36,summoner-4450189,37,tuabuelitaentang,Challenger,444,137,,122,91
37,summoner-2241940,38,GNO UmbraAP,Challenger,443,124,,195,162
38,summoner-11610140,39,Stròng,Challenger,439,65,,133,102
39,summoner-61520,40,TES ArándanoAzul,Challenger,438,108,,149,110
40,summoner-44037,41,Trash Game,Challenger,437,88,,151,115
41,summoner-118870,42,Tu Guardián,Challenger,436,107,,153,118
42,summoner-4163836,43,Alex Mercér,Challenger,431,67,,152,129
43,summoner-10841439,44,LawlietLelouch,Challenger,425,87,,231,204
44,summoner-2501105,45,No Øne,Challenger,423,104,,218,191
45,summoner-810373,46,NeoEclipsF0rever,Challenger,418,146,,134,103
46,summoner-4511925,47,KarenCosy,Challenger,416,53,,131,78
47,summoner-156320,48,Mikesos,Challenger,407,172,,508,470
48,summoner-392695,49,CGC S A M Y,Challenger,400,80,,212,174
49,summoner-403393,50,Un Pinguino Cool,Challenger,398,72,,130,87
50,summoner-176354,51,Crecre,Challenger,392,87,,365,306
51,summoner-5660236,52,KONTOL,Challenger,391,107,,304,274
52,summoner-98115,53,ReykoPa,Challenger,389,66,,137,113
53,summoner-170093,54,FZXT,Challenger,387,65,,92,57
54,summoner-851199,55,SAMMAHEL,Challenger,386,147,,504,480
55,summoner-331693,56,DarkShark10,Challenger,385,91,,349,319
56,summoner-1630586,57,Huevø Frito,Challenger,384,106,,163,114
57,summoner-941191,58,BoñeIo,Challenger,383,80,,187,158
58,summoner-488562,59,Nezumi,Challenger,372,103,,234,203
59,summoner-10233192,60,SaekoUndBlack,Challenger,361,37,,68,14
60,summoner-12830164,61,ØE Fas the Magi,Challenger,349,49,,115,85
61,summoner-13643775,62,PAPAYlTA,Challenger,344,72,,277,246
62,summoner-8604015,63,Darkin,Challenger,343,99,,157,135
63,summoner-33593,64,AG siegfred,Challenger,340,78,,145,120
64,summoner-39415,65,Vini,Challenger,334,66,,141,112
65,summoner-1566287,66,KhaelMa,Challenger,333,61,,172,146
66,summoner-841541,67,MadTedd,Challenger,333,67,,155,126
67,summoner-142005,68,clantoz,Challenger,326,92,,164,123
68,summoner-162243,69,Legendary Lee,Challenger,322,59,,78,51
69,summoner-5090223,70,Tonight We Hunt,Challenger,321,203,,329,301
70,summoner-75118,71,Soran,Challenger,320,115,,193,166
71,summoner-2191160,72,MacCuin,Challenger,319,99,,181,155
72,summoner-41224,73,Kanra00,Challenger,319,70,,131,104
73,summoner-211236,74,Sebastien,Challenger,315,72,,205,169
74,summoner-127811,75,CG Snow,Challenger,313,121,,467,430
75,summoner-36473,76,Harahgon,Challenger,312,123,,378,347
76,summoner-1231471,77,I Aru I,Challenger,312,127,,367,327
77,summoner-919104,78,Maîck,Challenger,308,84,,162,136
78,summoner-2122221,79,Trippïe Redd,Challenger,300,64,,133,104
79,summoner-1201237,80,Luprin,Challenger,295,76,,74,47
80,summoner-5140831,81,Deiv1d,Challenger,294,75,,116,93
81,summoner-213475,82,JesusCA,Challenger,292,64,,266,196
82,summoner-622280,83,Fibrah,Challenger,289,46,,126,71
83,summoner-3304652,84,Noctix,Challenger,286,169,,486,444
84,summoner-181794,85,Lumi,Challenger,284,106,,165,149
85,summoner-159044,86,Iana del rey,Challenger,282,49,,116,85
86,summoner-153065,87,mid lane banter,Challenger,281,59,,176,146
87,summoner-11762731,88,Sandër,Challenger,281,113,,171,146
88,summoner-1361857,89,Bryce Walker,Challenger,280,85,,231,218
89,summoner-210491,90,DGE BLACMAN,Challenger,278,114,,327,316
90,summoner-9781020,91,SkillHard,Challenger,272,155,,449,435
91,summoner-7204106,92,TG Re Zaidex,Challenger,272,119,,229,200
92,summoner-800898,93,MuffinsPodridos,Challenger,272,77,,176,130
93,summoner-97956,94,Selfish Bastard,Challenger,272,68,,153,118
94,summoner-7680088,95,Estigia,Challenger,270,103,,114,91
95,summoner-6653525,96,SuperSave,Challenger,269,123,,193,170
96,summoner-208064,97,kodixia,Challenger,266,116,,213,185
97,summoner-32943,98,Yugí,Challenger,266,63,,133,104
98,summoner-5040611,99,Bebé Pinguino,Challenger,266,47,,79,44
99,summoner-43897,100,Aletsis,Challenger,265,88,,187,162
100,summoner-157955,101,Daddy Eddie,Challenger,265,58,,142,109
101,summoner-1990286,102,Gekkø,Challenger,263,144,,453,424
102,summoner-5660249,103,Soradg,Challenger,262,118,,164,145
103,summoner-394180,104,Crystal Molly,Challenger,261,136,,384,356
104,summoner-2303376,105,Jikann,Challenger,242,98,,214,190
105,summoner-1118998,106,Distortion,Challenger,260,116,,165,138
106,summoner-990938,107,Aaronlb,Challenger,257,91,,258,222
107,summoner-1820423,108,Twitzze,Challenger,255,58,,194,138
108,summoner-1172068,109,Kanye Wesst,Challenger,252,105,,140,119
109,summoner-5572510,110,NeonShy,Challenger,251,103,,257,231
110,summoner-296596,111,Andrea Motz,Challenger,250,122,,309,281
111,summoner-1159062,112,SGT Sirius Can,Challenger,250,113,,247,232
112,summoner-117620,113,chimera r2,Challenger,246,97,,319,303
113,summoner-211435,114,Tu Gypsi,Challenger,246,115,,216,187
114,summoner-213822,115,stay fresh,Challenger,245,104,,286,263
115,summoner-43094,116,Rossoneri,Challenger,244,80,,118,89
116,summoner-6551467,117,Ytterbium,Challenger,243,59,,153,112
117,summoner-157956,118,Rìku,Challenger,242,145,,103,80
118,summoner-138842,119,I Love Trump,Challenger,241,51,,177,59
119,summoner-33732,120,atlanta,Challenger,240,61,,112,90
120,summoner-1356449,121,Rμby,Challenger,239,134,,340,314
121,summoner-1070594,122,Lord Strider,Challenger,237,113,,148,123
122,summoner-64005,123,Sandroxx,Challenger,236,64,,100,73
123,summoner-3571348,124,paulisTinA,Challenger,235,77,,176,141
124,summoner-1385807,125,Low elo trash,Challenger,233,54,,154,122
125,summoner-174950,126,NoLimit,Challenger,233,67,,144,121
126,summoner-40335,127,Prae,Challenger,231,139,,462,440
127,summoner-156335,128,Kindle,Challenger,231,108,,238,221
128,summoner-74750,129,Zcarnet,Challenger,231,95,,167,134
129,summoner-5651686,130,Duca,Challenger,229,93,,275,255
130,summoner-626956,131,alboaron,Challenger,228,53,,152,64
131,summoner-15060130,132,fkin idiot,Challenger,226,55,,149,119
132,summoner-409468,133,Säikou,Challenger,222,106,,155,138
133,summoner-825215,134,Nishkyu,Challenger,218,75,,253,192
134,summoner-33622,135,Lettiot,Challenger,217,93,,123,93
135,summoner-1090707,136,KutarraX,Challenger,216,72,,126,102
136,summoner-1396918,137,TwitchTv Danijrm,Challenger,211,54,,126,87
137,summoner-1303280,138,Raylú,Challenger,209,124,,254,216
138,summoner-203413,139,Andrew18,Challenger,209,109,,166,144
139,summoner-14101711,140,CGC S A M Y 3,Challenger,205,63,,178,134
140,summoner-174213,141,Ábaddon,Challenger,203,87,,194,169
141,summoner-290915,142,A Sexy Waifu,Challenger,203,100,,156,132
142,summoner-137657,143,Zethric,Challenger,203,131,,76,42
143,summoner-5020760,144,betatwinz,Challenger,202,44,,68,36
144,summoner-2133568,145,Dixel,Challenger,198,73,,232,202
145,summoner-1323789,146,ZoneDark,Challenger,198,69,,169,155
146,summoner-4107412,147,BorjaSOAD,Challenger,197,91,,113,87
147,summoner-161248,148,Huxy,Challenger,196,90,,257,234
148,summoner-3480131,149,Doug,Challenger,196,44,,90,39
149,summoner-54396,150,MW Star,Challenger,194,141,,158,122
150,summoner-1396107,151,24 03 2014,Challenger,193,61,,160,116
151,summoner-4601043,152,Xpontaneous,Challenger,193,54,,47,19
152,summoner-25753,153,Sh0ckwavee,Challenger,192,49,,62,33
153,summoner-99291,154,Tëmpest,Challenger,191,98,,185,127
154,summoner-171271,155,Pichu,Challenger,189,89,,302,281
155,summoner-4101200,156,Ainz Ooal GØwn,Challenger,186,150,,640,613
156,summoner-14610241,157,ltsukakotori,Challenger,186,64,,79,51
157,summoner-130256,158,Papi Jodin,Challenger,182,72,,208,187
158,summoner-5513539,159,TC Bunny,Challenger,178,136,,270,250
159,summoner-3313144,160,Nirati,Challenger,178,118,,242,185
160,summoner-1051840,161,Olivia,Challenger,178,114,,166,146
161,summoner-310350,162,GLG Honoka,Challenger,178,61,,124,103
162,summoner-6003403,163,betatwins,Challenger,177,118,,377,348
163,summoner-63089,164,Thundraz,Challenger,176,132,,166,148
164,summoner-9173721,165,Blakzx,Challenger,176,97,,151,131
165,summoner-290618,166,MaeBlade,Challenger,174,95,,147,106
166,summoner-136713,167,ENG yisus,Challenger,172,95,,230,200
167,summoner-14640442,168,PAPAY1TA,Challenger,172,48,,125,83
168,summoner-197368,169,Góhan,Challenger,172,53,,117,103
169,summoner-540221,170,Meme King,Challenger,171,107,,212,192
170,summoner-523229,171,Supraga,Challenger,167,112,,338,307
171,summoner-5710759,172,BlìndWalker,Challenger,167,75,,303,234
172,summoner-74002,173,Nils,Challenger,164,89,,140,124
173,summoner-597117,174,Fazz,Challenger,163,115,,271,251
174,summoner-41511,175,LiiiiT,Challenger,160,60,,198,176
175,summoner-1941206,176,JbayJbs,Challenger,160,86,,106,60
176,summoner-3532481,177,Sithys,Challenger,159,150,,151,122
177,summoner-1220127,178,Kanizalez,Challenger,157,96,,247,222
178,summoner-2260260,179,King Wukong,Challenger,156,113,,143,120
179,summoner-413636,180,VLK Sunriser,Challenger,155,57,,114,80
180,summoner-527786,181,SkyGless,Challenger,154,87,,310,299
181,summoner-361221,182,Krezuel,Challenger,154,114,,206,198
182,summoner-3143261,183,Sister,Challenger,153,68,,105,81
183,summoner-545546,184,Acuarelas,Challenger,152,107,,128,108
184,summoner-4534154,185,Wb Taco,Challenger,150,113,,135,103
185,summoner-14690856,186,RoyaumLAN,Challenger,147,73,,268,200
186,summoner-1735450,187,Kirâ,Challenger,145,39,,55,23
187,summoner-16840166,188,BeijingBeef,Challenger,144,58,,203,128
188,summoner-198637,189,Mythical Oberyn,Challenger,143,126,,309,278
189,summoner-8153304,190,MòöMöóMiLK,Challenger,142,141,,486,473
190,summoner-135079,191,HandGun,Challenger,140,96,,294,270
191,summoner-12191961,192,S2 Kurama,Challenger,139,104,,278,234
192,summoner-76695,193,Sterbenn,Challenger,136,116,,160,133
193,summoner-11577579,194,Juego Solo top,Challenger,135,74,,158,136
194,summoner-7472180,195,NA Fearuz,Challenger,133,54,,119,86
195,summoner-435308,196,Thelorien,Challenger,130,120,,135,105
196,summoner-93056,197,YSalex,Challenger,125,117,,347,332
197,summoner-2941141,198,JaquenHaghar,Challenger,123,81,,225,206
198,summoner-65195,199,AnT Roski,Challenger,120,66,,76,50
199,summoner-6620183,200,Vidal,Challenger,119,96,,206,190
200,summoner-5473863,201,Anderkiller76,Master,186,98,,249,223
201,summoner-36834,202,EvoleX,Master,149,108,,216,213
202,summoner-77347,203,Codename00,Master,136,60,,187,169
203,summoner-152128,204,Extravagance,Master,133,52,,160,133
204,summoner-151439,205,ricopolllo,Master,127,108,,291,268
205,summoner-177367,206,TOXICCCCCCCCCCCC,Master,127,48,,125,96
206,summoner-208654,207,Crensil Diva,Master,119,90,,143,114
207,summoner-877490,208,Goofy Goober,Master,115,205,,122,96
208,summoner-7153584,209,Neitzsche,Master,114,129,,226,188
209,summoner-4311308,210,How to,Master,114,104,,213,190
210,summoner-35651,211,Soul Worker,Master,110,73,,97,80
211,summoner-1404541,212,TONYTROXES,Master,108,77,,187,163
212,summoner-935643,213,Amigo Grifo,Master,108,82,,155,143
213,summoner-3943350,214,Chevîs,Master,106,90,,160,132
214,summoner-13050146,215,RNG 55open,Master,105,133,,161,139
215,summoner-150582,216,El Dios Guashi,Master,102,82,,253,232
216,summoner-531488,217,Carillon,Master,102,57,,73,52
217,summoner-13482525,218,StarBunny,Master,100,52,,100,59
218,summoner-6250197,219,Hakuryuu Reen,Master,97,83,,273,250
219,summoner-2544168,220,Líl,Master,94,87,,189,166
220,summoner-437429,221,Kyuo,Master,93,99,,75,52
221,summoner-330609,222,Carlos V,Master,92,107,,428,410
222,summoner-2000186,223,AdLarry,Master,89,69,,182,139
223,summoner-3830362,224,MarchedWaif89,Master,86,124,,435,427
224,summoner-147250,225,Maggatt,Master,86,89,,184,166
225,summoner-4127893,226,Elekape,Master,86,100,,164,141
226,summoner-303207,227,Bebe Shaka,Master,84,150,,283,261
227,summoner-171009,228,PuuRplE,Master,83,111,,203,179
228,summoner-93208,229,pxry,Master,81,64,,109,90
229,summoner-501216,230,1Rem,Master,80,105,,244,238
230,summoner-1764966,231,CerquilloTilted,Master,79,65,,228,194
231,summoner-15300174,232,Levis petrus,Master,78,51,,144,86
232,summoner-2601343,233,iFeedMe,Master,75,73,,234,222
233,summoner-1571472,234,Soy Paul,Master,72,51,,89,64
234,summoner-136168,235,Nihilist Örlando,Master,71,111,,350,339
235,summoner-14231555,236,Doctrina Egoista,Master,69,53,,135,92
236,summoner-285221,237,iTheEpicReaper,Master,65,83,,143,117
237,summoner-15973031,238,Inli,Master,65,43,,111,64
238,summoner-488455,239,Bareh,Master,62,96,,294,276
239,summoner-3340222,240,Chiquinquira IJ,Master,62,134,,113,79
240,summoner-92697,241,Allign,Master,62,39,,86,40
241,summoner-210553,242,Aniivia,Master,62,47,,83,59
242,summoner-126144,243,Te Amo Fanny,Master,62,68,,72,56
243,summoner-4443939,244,Ashtray,Master,61,154,,533,519
244,summoner-545911,245,Psicología,Master,60,102,,256,235
245,summoner-16410630,246,MW Typhoon,Master,60,60,,102,57
246,summoner-111038,247,Lesoinne,Master,57,72,,166,142
247,summoner-15280182,248,Poropops,Master,57,50,,81,43
248,summoner-3740366,249,Carnage Rules,Master,56,136,,467,459
249,summoner-8581685,250,FLA Kamui,Master,56,124,,423,408
250,summoner-4782124,251,El humilde Yusty,Master,56,62,,186,139
251,summoner-1546393,252,Jedi Form VII,Master,56,66,,177,145
252,summoner-52722,253,ØE Limitationss,Master,56,49,,69,51
253,summoner-341551,254,Makeuz,Master,53,140,,407,395
254,summoner-16321895,255,Drasiel,Master,53,60,,172,124
255,summoner-13180512,256,Dmitri Putin,Master,53,83,,77,49
256,summoner-416409,257,Mágaña,Master,51,80,,215,199
257,summoner-188977,258,Doppel,Master,51,82,,145,130
258,summoner-132278,259,rëdnaS,Master,49,52,,152,86
259,summoner-500822,260,Kuul,Master,49,95,,135,117
260,summoner-14611994,261,Malantë,Master,49,56,,122,98
261,summoner-1149078,262,Pandas Iove,Master,49,85,,63,47
262,summoner-438977,263,N l G H T,Master,47,171,,438,423
263,summoner-945818,264,Santíago,Master,46,68,,127,108
264,summoner-20563,265,add 4 web design,Master,44,85,,204,196
265,summoner-520325,266,Yaelonu,Master,44,94,,162,146
266,summoner-90933,267,Mìanare,Master,43,80,,134,115
267,summoner-329765,268,CentenaryWarrior,Master,42,133,,435,411
268,summoner-3462881,269,Panda Tom,Master,41,142,,351,337
269,summoner-91326,270,Z Ø Ð I A C,Master,41,97,,283,264
270,summoner-3500800,271,Gweiss ENP,Master,41,103,,273,258
271,summoner-1273292,272,ezpate,Master,39,108,,280,270
272,summoner-15334874,273,Shìnon,Master,38,57,,175,139
273,summoner-10341706,274,asth4rotwan,Master,37,103,,179,171
274,summoner-12950189,275,E Bfriend,Master,37,46,,98,67
275,summoner-201606,276,Broodich,Master,36,97,,181,166
276,summoner-280323,277,Cookiezai,Master,36,111,,106,80
277,summoner-4882455,278,Nightwolf9,Master,35,133,,302,278
278,summoner-38617,279,Pëanut,Master,34,125,,98,80
279,summoner-1164376,280,Momo Hirai,Master,33,92,,302,281
280,summoner-212364,281,VLK Equalizer,Master,32,67,,118,97
281,summoner-3720694,282,FnR Kush,Master,28,122,,267,244
282,summoner-3853491,283,Infamous,Master,28,128,,225,202
283,summoner-1021337,284,King Monaco,Master,27,66,,188,170
284,summoner-366242,285,Amo mis bíceps,Master,25,124,,274,260
285,summoner-876702,286,Regulus no Leo,Master,24,69,,130,110
286,summoner-6532932,287,Andresu7,Master,22,100,,301,279
287,summoner-5613974,288,Josh2Play,Master,22,88,,173,138
288,summoner-155309,289,Diretlan,Master,21,82,,226,204
289,summoner-2871352,290,Old West,Master,21,115,,167,134
290,summoner-372135,291,EL Uber,Master,20,102,,72,51
291,summoner-440349,292,EDGARTOYIN,Master,19,84,,244,230
292,summoner-3931575,293,Lann,Master,19,127,,130,103
293,summoner-9751556,294,Ing Quimico,Master,17,80,,149,120
294,summoner-1740857,295,Jauny,Master,16,91,,223,173
295,summoner-2604044,296,orithkeeper,Master,16,74,,179,165
296,summoner-139360,297,Darps,Master,16,55,,131,114
297,summoner-2052468,298,UnicornG,Master,15,85,,183,174
298,summoner-166992,299,LuxiernagaMatona,Master,14,105,,243,204
299,summoner-6313454,300,CougarDai,Master,10,74,,217,197
300,summoner-68678,301,HazärD,Master,10,89,,119,103
301,summoner-154798,302,Miguël,Master,7,96,,292,263
302,summoner-1650862,303,Melvox,Master,7,135,,96,63
303,summoner-523266,304,Protego,Master,4,106,,164,141
304,summoner-1595762,305,Isá Dainsleif,Master,0,141,,330,315
305,summoner-3422162,306,danielmlds,Master,0,76,,257,189
306,summoner-1540456,307,Feple,Master,0,71,,217,180
307,summoner-129918,308,El Chuky Lozano,Master,0,119,,199,182
308,summoner-1524175,309,VTR,Master,0,90,,173,159
309,summoner-433265,310,Lord 4SaKeN,Master,0,95,,162,147
310,summoner-4903905,311,RafflesGaming,Master,0,84,,150,135
311,summoner-22299,312,Redscorpy,Master,0,139,,147,127
312,summoner-452765,313,ill kms,Master,0,55,,145,111
313,summoner-941797,314,Tiltalin,Master,0,69,,133,97
314,summoner-431286,315,Biboom,Master,0,73,,112,87
315,summoner-181695,316,0utsider,Master,0,75,,111,85
316,summoner-284287,317,Rangerswer,Master,0,90,,107,92
317,summoner-16830174,318,HambertHM,Master,0,54,,106,72
318,summoner-615010,319,Top sin TP,Master,0,96,,98,73
319,summoner-5932534,320,Noriel,Master,0,47,,88,65
320,summoner-2630739,321,Kitorinho,Master,0,47,,65,43
321,summoner-562204,322,Zask,Master,0,66,,39,15
322,summoner-8150289,323,Satsuki Yone,Diamond 1,100,134,,521,503
323,summoner-148297,324,20141231,Diamond 1,100,161,,417,403
324,summoner-288785,325,Ásura,Diamond 1,100,115,,266,252
325,summoner-1159889,326,Hamy,Diamond 1,100,99,,253,226
326,summoner-1531657,327,Fallen IV,Diamond 1,100,107,,246,227
327,summoner-1790148,328,AQUILESCANTO2,Diamond 1,100,104,,222,189
328,summoner-4601098,329,CSGblackrock,Diamond 1,100,85,,217,195
329,summoner-95053,330,Im Josho,Diamond 1,100,76,,161,132
330,summoner-593537,331,Nasus top orfeed,Diamond 1,100,106,,155,137
331,summoner-365511,332,Eudus,Diamond 1,100,101,,144,112
332,summoner-144467,333,Chucknight,Diamond 1,100,97,,144,128
333,summoner-130561,334,Xilss,Diamond 1,100,94,,110,82
334,summoner-325957,335,RèiN,Diamond 1,100,70,,104,80
335,summoner-219008,336,Shadesu,Diamond 1,100,74,,99,66
336,summoner-622005,337,Miss Pamela Chu,Diamond 1,100,68,,92,76
337,summoner-2084890,338,chapaliku,Diamond 1,100,87,,44,27
338,summoner-552760,339,KC MidSlayer,Diamond 1,99,94,,171,143
339,summoner-177587,340,Fallouch,Diamond 1,97,115,,157,140
340,summoner-303787,341,Fatal,Diamond 1,97,67,,75,59
341,summoner-7132675,342,Justin LFT 2,Diamond 1,97,41,,58,29
342,summoner-1531157,343,Dobleshot,Diamond 1,96,60,,172,117
343,summoner-153891,344,Dkram,Diamond 1,96,67,,127,115
344,summoner-873834,345,Ricardo Motta,Diamond 1,96,69,,79,66
345,summoner-1292652,346,l  Jamon  l,Diamond 1,95,95,,116,97
346,summoner-9974185,347,Tilted Meteoro,Diamond 1,95,44,,42,18
347,summoner-10842590,348,edwinkirito LAN,Diamond 1,94,78,,130,118
348,summoner-652463,349,Amnesía,Diamond 1,93,99,,162,142
349,summoner-3520800,350,xamexxdroxer,Diamond 1,91,102,,150,129
350,summoner-37636,351,Kastiel,Diamond 1,90,93,,198,160
351,summoner-333945,352,Alex Ov,Diamond 1,90,72,,189,185
352,summoner-119001,353,Scythes,Diamond 1,90,79,,170,150
353,summoner-8341551,354,Lankor,Diamond 1,90,99,,158,147
354,summoner-2343019,355,ARTIFIZES,Diamond 1,90,61,,151,132
355,summoner-4621033,356,Red Trainer,Diamond 1,90,55,,133,105
356,summoner-3324306,357,xXAKILESVAESTAXx,Diamond 1,90,65,,112,63
357,summoner-426366,358,Saving,Diamond 1,90,50,,108,74
358,summoner-423742,359,Sanha,Diamond 1,90,129,,98,68
359,summoner-676489,360,Inky Veil,Diamond 1,90,65,,97,53
360,summoner-4902286,361,Fürer Reich,Diamond 1,90,55,,85,69
361,summoner-293255,362,Devoch,Diamond 1,90,88,,58,32
362,summoner-1152178,363,Jose12gab,Diamond 1,90,37,,58,19
363,summoner-9974340,364,DeriD,Diamond 1,90,60,,42,26
364,summoner-1376330,365,JuanStan,Diamond 1,89,105,,271,260
365,summoner-40012,366,Lloyd12,Diamond 1,89,69,,54,23
366,summoner-1777510,367,KR0 Nian,Diamond 1,88,83,,93,75
367,summoner-1523085,368,matadorcirijiyo,Diamond 1,88,104,,92,77
368,summoner-427397,369,Zonixer,Diamond 1,88,83,,58,39
369,summoner-1397595,370,skarche31,Diamond 1,87,53,,170,75
370,summoner-657505,371,TU JEFA,Diamond 1,87,69,,140,104
371,summoner-670630,372,Yuuna,Diamond 1,87,63,,115,80
372,summoner-217410,373,WhitDude,Diamond 1,85,90,,154,138
373,summoner-920105,374,Softdrink870,Diamond 1,85,85,,138,101
374,summoner-397019,375,lJuanma,Diamond 1,85,111,,129,106
375,summoner-9673380,376,Netzukadas,Diamond 1,85,67,,117,79
376,summoner-908592,377,Menfrox,Diamond 1,85,50,,96,67
377,summoner-321958,378,Míkoto,Diamond 1,84,64,,117,91
378,summoner-294748,379,Muzeh,Diamond 1,83,78,,130,116
379,summoner-16132471,380,Almondia,Diamond 1,83,41,,81,39
380,summoner-2231373,381,DoomwaR,Diamond 1,82,104,,362,347
381,summoner-378449,382,Khey,Diamond 1,82,99,,304,286
382,summoner-128460,383,Slayer galactico,Diamond 1,82,63,,125,109
383,summoner-138251,384,Quesíto,Diamond 1,82,131,,77,62
384,summoner-1367691,385,CatSempai,Diamond 1,82,38,,48,24
385,summoner-204170,386,Shykop,Diamond 1,82,65,,45,26
386,summoner-1775562,387,White Nightmare,Diamond 1,81,96,,126,106
387,summoner-2213274,388,Pervertito,Diamond 1,80,64,,163,152
388,summoner-530613,389,Potluck,Diamond 1,80,82,,66,49
389,summoner-11530278,390,NiñoRata463,Diamond 1,77,73,,165,147
390,summoner-292776,391,No juego lol,Diamond 1,77,54,,126,107
391,summoner-537831,392,N5 Rach,Diamond 1,77,74,,114,97
392,summoner-177305,393,God Mata,Diamond 1,77,49,,91,71
393,summoner-328354,394,dont noobs,Diamond 1,76,71,,73,60
394,summoner-104671,395,ZelCross,Diamond 1,75,102,,325,306
395,summoner-7647944,396,Feeple,Diamond 1,75,79,,275,212
396,summoner-4720242,397,Laxse,Diamond 1,75,100,,264,228
397,summoner-557073,398,C3 RedMagic,Diamond 1,75,73,,261,226
398,summoner-12692888,399,Lucian ADC,Diamond 1,75,71,,254,211
399,summoner-85590,400,Pikachu gr,Diamond 1,75,79,,248,232
400,summoner-119645,401,MTH AlBREIK,Diamond 1,75,114,,211,181
401,summoner-40147,402,Diamond Stuck,Diamond 1,75,148,,206,189
402,summoner-10020131,403,z z,Diamond 1,75,102,,163,132
403,summoner-11600165,404,Rocket Råccoon,Diamond 1,75,133,,159,132
404,summoner-674461,405,1hollow3,Diamond 1,75,64,,159,137
405,summoner-58615,406,Chomi  µ,Diamond 1,75,87,,153,123
406,summoner-28881,407,Killastorm,Diamond 1,75,67,,151,128
407,summoner-14375080,408,appohC,Diamond 1,75,51,,148,94
408,summoner-14745216,409,Kaizeneka A,Diamond 1,75,66,,144,108
409,summoner-3182235,410,SoloAlguien,Diamond 1,75,112,,143,147
410,summoner-16270127,411,TheFakerRD,Diamond 1,75,75,,140,111
411,summoner-109838,412,Terquito,Diamond 1,75,90,,134,108
412,summoner-15180136,413,Fikuwu,Diamond 1,75,72,,131,106
413,summoner-198009,414,T 4 R Z A N,Diamond 1,75,51,,129,96
414,summoner-1404528,415,CDA Simi,Diamond 1,75,72,,128,100
415,summoner-9632211,416,pentakill1997,Diamond 1,75,69,,128,48
416,summoner-200362,417,Bruse Waynex,Diamond 1,75,47,,127,77
417,summoner-212665,418,Wolf Franky,Diamond 1,75,52,,126,102
418,summoner-32016,419,H O R A T I T O,Diamond 1,75,66,,124,107
419,summoner-292746,420,Hakie,Diamond 1,75,67,,121,92
420,summoner-73125,421,LeftALone,Diamond 1,75,99,,120,89
421,summoner-1042775,422,Whité,Diamond 1,75,60,,115,94
422,summoner-13311629,423,Diginerg,Diamond 1,75,47,,110,75
423,summoner-4113436,424,Kc TeamRem,Diamond 1,75,88,,107,81
424,summoner-3680243,425,MichaelXBoyser,Diamond 1,75,56,,106,50
425,summoner-815305,426,Nea,Diamond 1,75,101,,103,88
426,summoner-142400,427,Sxecurity,Diamond 1,75,63,,101,81
427,summoner-2033825,428,öttovaG,Diamond 1,75,51,,95,56
428,summoner-2400971,429,DonPacs,Diamond 1,75,70,,95,60
429,summoner-58310,430,LennyLeonard,Diamond 1,75,68,,92,61
430,summoner-2622412,431,TwchTV ARRRmando,Diamond 1,75,47,,90,71
431,summoner-615119,432,Khorix,Diamond 1,75,65,,86,71
432,summoner-2831773,433,The King McFly,Diamond 1,75,117,,80,58
433,summoner-1315791,434,NeeeerzhuL,Diamond 1,75,59,,78,44
434,summoner-2230732,435,RIP XXXTENTACION,Diamond 1,75,43,,75,32
435,summoner-1620159,436,IcyDrak,Diamond 1,75,42,,72,42
436,summoner-629040,437,ØE Tyr,Diamond 1,75,71,,69,36
437,summoner-31930,438,SIushi,Diamond 1,75,54,,55,30
438,summoner-3104008,439,Deadly Insanity,Diamond 1,74,107,,152,136
439,summoner-6083542,440,LFT Avhernox,Diamond 1,74,59,,93,74
440,summoner-15452277,441,TwTv Danijrm,Diamond 1,74,41,,69,31
441,summoner-9170369,442,CannabisJah,Diamond 1,73,57,,164,104
442,summoner-1377608,443,Nukter xD 69,Diamond 1,73,87,,156,151
443,summoner-3574195,444,Phyrfns,Diamond 1,73,76,,82,71
444,summoner-47969,445,Genarox Kid,Diamond 1,73,79,,78,51
445,summoner-5002722,446,CaptainElroy,Diamond 1,72,60,,229,182
446,summoner-28055,447,Redkaz,Diamond 1,72,110,,189,158
447,summoner-63556,448,Bolita Erótica,Diamond 1,71,92,,170,155
448,summoner-4607522,449,Darling,Diamond 1,71,45,,84,50
449,summoner-391560,450,Mataz,Diamond 1,70,69,,127,114
450,summoner-2061006,451,l tsubaki l,Diamond 1,70,47,,113,96
451,summoner-15070212,452,BirdsInTheTrap,Diamond 1,70,49,,101,43
452,summoner-3734374,453,Féng,Diamond 1,70,45,,59,29
453,summoner-203336,454,Akjester,Diamond 1,69,83,,117,96
454,summoner-2062267,455,NickArc,Diamond 1,69,124,,114,89
455,summoner-813006,456,agosaurio,Diamond 1,68,108,,280,261
456,summoner-15960146,457,Angelus,Diamond 1,68,63,,228,192
457,summoner-102290,458,Heimy,Diamond 1,68,67,,142,123
458,summoner-281221,459,Guerecaxd,Diamond 1,68,58,,121,104
459,summoner-1597161,460,WET Granjero,Diamond 1,67,89,,223,210
460,summoner-1523251,461,Aracnidoso,Diamond 1,67,62,,196,149
461,summoner-3854339,462,Pokemon Champion,Diamond 1,67,109,,124,83
462,summoner-1033036,463,Ichiik46,Diamond 1,67,59,,111,90
463,summoner-15891692,464,Santi Rank 1,Diamond 1,67,45,,100,67
464,summoner-166210,465,Sycotiz,Diamond 1,67,60,,82,64
465,summoner-60466,466,N5 Garçon,Diamond 1,67,84,,63,51
466,summoner-8644313,467,BIackPink,Diamond 1,67,40,,46,14
467,summoner-179912,468,JUANDJ0,Diamond 1,66,112,,321,311
468,summoner-270388,469,VizAbuelo,Diamond 1,66,107,,207,188
469,summoner-427873,470,Develion,Diamond 1,66,99,,120,105
470,summoner-36323,471,pokemexta2,Diamond 1,66,53,,75,57
471,summoner-415789,472,Not single btw,Diamond 1,66,67,,42,25
472,summoner-1755142,473,King Kittan,Diamond 1,65,82,,252,236
473,summoner-42513,474,El Paté Centeno,Diamond 1,65,64,,131,98
474,summoner-5890190,475,Hidden Clone,Diamond 1,65,85,,63,46
475,summoner-9710161,476,King of the Lane,Diamond 1,64,64,,196,177
476,summoner-1553487,477,The Crimson Star,Diamond 1,64,95,,138,115
477,summoner-6663290,478,Anbμ,Diamond 1,63,76,,242,194
478,summoner-3942356,479,TSP Sn1p3rr,Diamond 1,63,73,,94,72
479,summoner-168313,480,Reformed Adc,Diamond 1,62,55,,122,107
480,summoner-670775,481,Shieldworm,Diamond 1,61,113,,271,263
481,summoner-15030694,482,GankedByElChapo,Diamond 1,61,71,,212,169
482,summoner-4118306,483,0XxCarlitosxX0,Diamond 1,61,83,,179,76
483,summoner-145911,484,tactics88,Diamond 1,61,48,,57,33
484,summoner-2853493,485,Salsami,Diamond 1,60,137,,434,432
485,summoner-3834209,486,Dya,Diamond 1,60,116,,108,81
486,summoner-6610179,487,TheFenixx,Diamond 1,60,46,,87,69
487,summoner-12571167,488,NerF reckles,Diamond 1,59,63,,120,105
488,summoner-935464,489,Devours Bread,Diamond 1,59,115,,115,95
489,summoner-550619,490,Zörek,Diamond 1,59,66,,72,54
490,summoner-10470148,491,IShockk,Diamond 1,58,107,,223,204
491,summoner-45479,492,Agape,Diamond 1,58,91,,210,196
492,summoner-137644,493,ENG Riverbear,Diamond 1,58,95,,133,114
493,summoner-2190509,494,Hugrock,Diamond 1,58,85,,109,99
494,summoner-68704,495,HellAngeal,Diamond 1,58,54,,105,84
495,summoner-409526,496,ClockworkApricot,Diamond 1,57,88,,324,282
496,summoner-4602310,497,EG Šhy Jungler,Diamond 1,56,146,,436,437
497,summoner-378426,498,Ssahka ll,Diamond 1,56,91,,284,278
498,summoner-13340794,499,KZ Hyacinth,Diamond 1,56,58,,132,51
499,summoner-1559417,500,Hserul,Diamond 1,56,70,,99,86
500,summoner-2290591,501,Suck My Lantern,Diamond 1,56,98,,96,62
501,summoner-572077,502,2v diplo dog,Diamond 1,56,77,,85,61
502,summoner-4068954,503,xAEvi,Diamond 1,55,58,,134,68
503,summoner-665310,504,HI IM NIGLET,Diamond 1,55,72,,125,108
504,summoner-89757,505,Nosco,Diamond 1,54,72,,227,209
505,summoner-157102,506,Jairomedusa,Diamond 1,54,73,,160,144
506,summoner-1783769,507,KSV CoreJJ,Diamond 1,54,61,,116,99
507,summoner-133109,508,Justlikethat,Diamond 1,54,67,,105,92
508,summoner-1582421,509,MartinSON,Diamond 1,53,99,,317,304
509,summoner-297928,510,XoniCC,Diamond 1,53,93,,251,232
510,summoner-1537815,511,Paziionate,Diamond 1,53,66,,223,208
511,summoner-522106,512,The Dirty Man,Diamond 1,53,47,,95,81
512,summoner-6813892,513,is dat her,Diamond 1,53,37,,40,14
513,summoner-71556,514,iHueco,Diamond 1,52,97,,201,181
514,summoner-4561887,515,Rapid,Diamond 1,52,76,,173,160
515,summoner-1104107,516,delot,Diamond 1,52,67,,96,89
516,summoner-7301392,517,xEAvi,Diamond 1,52,91,,66,47
517,summoner-5272961,518,Holles,Diamond 1,52,80,,57,40
518,summoner-1733010,519,DoMiNiUs500,Diamond 1,51,83,,161,146
519,summoner-7021902,520,Mogwai,Diamond 1,51,61,,100,72
520,summoner-4670397,521,lxNeteroxl,Diamond 1,51,64,,68,46
521,summoner-890345,522,SR    SALVA,Diamond 1,50,147,,416,377
522,summoner-9663451,523,Thúnder,Diamond 1,50,168,,351,348
523,summoner-52152,524,TwTv Tisshotzoh,Diamond 1,50,97,,336,313
524,summoner-340565,525,Lp3 Nyeloh,Diamond 1,50,121,,319,307
525,summoner-15273073,526,Hroudberht,Diamond 1,50,65,,259,227
526,summoner-190354,527,Synergy,Diamond 1,50,64,,254,226
527,summoner-8584366,528,AmanfromtheMoon,Diamond 1,50,69,,245,189
528,summoner-335564,529,Pudge xd,Diamond 1,50,76,,244,211
529,summoner-62389,530,Dominick,Diamond 1,50,101,,244,232
530,summoner-660795,531,Seshúdoishy,Diamond 1,50,124,,238,214
531,summoner-16390137,532,na secret eboy,Diamond 1,50,86,,232,216
532,summoner-2460494,533,El Pecueca,Diamond 1,50,77,,211,164
533,summoner-2222342,534,Márth,Diamond 1,50,73,,184,166
534,summoner-139550,535,Only Cat,Diamond 1,50,79,,177,161
535,summoner-25434,536,WET Varzinso,Diamond 1,50,99,,156,135
536,summoner-5702867,537,Eve Látigo Cepa,Diamond 1,50,74,,131,107
537,summoner-2620557,538,Uzzzi,Diamond 1,50,54,,128,123
538,summoner-7880294,539,TES PinkGoat,Diamond 1,50,92,,123,110
539,summoner-90648,540,DiosDelCielo,Diamond 1,50,73,,120,110
540,summoner-31652,541,El MotoTaxi,Diamond 1,50,129,,112,93
541,summoner-155909,542,KON EscanØr,Diamond 1,50,65,,110,88
542,summoner-3320859,543,Mírai,Diamond 1,50,191,,101,82
543,summoner-205568,544,fat,Diamond 1,50,49,,99,81
544,summoner-181355,545,Enanoks,Diamond 1,50,86,,94,87
545,summoner-12710145,546,Brutak,Diamond 1,50,44,,84,66
546,summoner-388914,547,Teddyy Kun,Diamond 1,50,110,,64,46
547,summoner-1103782,548,Fonck,Diamond 1,50,59,,46,39
548,summoner-2302211,549,Xoa,Diamond 1,49,113,,306,271
549,summoner-312340,550,FORONDA TU PAPÁ,Diamond 1,49,113,,243,216
550,summoner-14739158,551,SKT 1 Fakerr,Diamond 1,49,53,,143,105
551,summoner-427651,552,CG Leid,Diamond 1,49,77,,139,86
552,summoner-13150129,553,Scorpio X,Diamond 1,49,44,,87,41
553,summoner-7874080,554,Verathrim,Diamond 1,47,103,,96,80
554,summoner-8024235,555,Blasnais,Diamond 1,47,92,,86,67
555,summoner-2104807,556,z100DeCilantro,Diamond 1,47,34,,48,8
556,summoner-620623,557,Gabi,Diamond 1,46,78,,132,117
557,summoner-4536116,558,demolder4510,Diamond 1,46,109,,93,65
558,summoner-6650972,559,Soraley,Diamond 1,46,41,,45,22
559,summoner-1166799,560,HítmonLee,Diamond 1,45,133,,451,452
560,summoner-521003,561,Two Guns,Diamond 1,45,109,,317,289
561,summoner-12040150,562,Amianto,Diamond 1,45,101,,254,252
562,summoner-1114939,563,Enchanting Fox,Diamond 1,45,144,,96,82
563,summoner-57319,564,Usell,Diamond 1,45,71,,90,68
564,summoner-2183324,565,Morty2,Diamond 1,44,62,,115,98
565,summoner-6150207,566,Omega,Diamond 1,43,94,,142,129
566,summoner-400742,567,Pacha De Cacique,Diamond 1,43,82,,126,125
567,summoner-6060805,568,Dulce Pepinillo,Diamond 1,43,73,,121,92
568,summoner-49094,569,Aione,Diamond 1,42,127,,440,434
569,summoner-436358,570,À N U N N A K I,Diamond 1,42,93,,91,68
570,summoner-284096,571,ADC 2K17,Diamond 1,42,69,,65,59
571,summoner-73140,572,asdadasdasda,Diamond 1,42,63,,47,38
572,summoner-2023328,573,Mid ABUSER,Diamond 1,41,115,,245,223
573,summoner-1802879,574,legendario2,Diamond 1,41,74,,141,130
574,summoner-139973,575,Blanc Chains,Diamond 1,41,189,,127,109
575,summoner-1165031,576,l   Revólver  l,Diamond 1,41,73,,106,94
576,summoner-3445115,577,Ariana,Diamond 1,41,55,,76,30
577,summoner-7590935,578,El Lobo,Diamond 1,40,145,,167,142
578,summoner-904554,579,Random Marksman,Diamond 1,40,59,,101,74
579,summoner-180439,580,theppcharlie,Diamond 1,40,79,,85,73
580,summoner-1398245,581,Levidant Joestar,Diamond 1,38,107,,156,130
581,summoner-2083705,582,Âriël,Diamond 1,38,108,,114,95
582,summoner-284782,583,TrashADCMeta,Diamond 1,37,89,,207,171
583,summoner-895621,584,blakyu,Diamond 1,37,86,,135,124
584,summoner-5850853,585,Mø Nôctürnê Nø,Diamond 1,37,104,,104,86
585,summoner-831531,586,iG Showtek,Diamond 1,36,119,,471,463
586,summoner-4115179,587,She said yes,Diamond 1,36,83,,323,323
587,summoner-8161206,588,Qwertyuiop1615,Diamond 1,36,109,,139,115
588,summoner-383095,589,Simon Wrynn,Diamond 1,36,113,,73,51
589,summoner-2075139,590,Fąng,Diamond 1,35,85,,231,223
590,summoner-2381658,591,Sad Bünny,Diamond 1,35,145,,195,185
591,summoner-536641,592,NxL Tyròn,Diamond 1,35,76,,147,126
592,summoner-811460,593,Raél,Diamond 1,35,111,,135,125
593,summoner-89554,594,Levis,Diamond 1,35,75,,108,102
594,summoner-407192,595,Saiito,Diamond 1,35,111,,96,76
595,summoner-6233600,596,Fearuz,Diamond 1,35,47,,81,58
596,summoner-2812518,597,Betty n Jughead,Diamond 1,34,113,,386,361
597,summoner-945098,598,xShinra,Diamond 1,34,108,,240,221
598,summoner-89215,599,Chemamey Annie,Diamond 1,34,102,,173,154
599,summoner-75143,600,Frankyyy,Diamond 1,34,92,,95,76
600,summoner-3972181,601,JorgeFalcon,Diamond 1,34,125,,75,59
601,summoner-3353886,602,IN2U,Diamond 1,34,79,,53,24
602,summoner-178768,603,Johan1g,Diamond 1,33,113,,582,543
603,summoner-55801,604,Fufu v2,Diamond 1,33,102,,357,323
604,summoner-2833877,605,Wåndering,Diamond 1,33,112,,293,275
605,summoner-2460760,606,Cardi Hellshok B,Diamond 1,33,97,,144,134
606,summoner-11180231,607,IrresistibIe,Diamond 1,33,65,,130,104
607,summoner-4180164,608,IIWolfII,Diamond 1,33,120,,98,82
608,summoner-92599,609,BréaK,Diamond 1,32,174,,414,388
609,summoner-3471888,610,DotheDew,Diamond 1,32,148,,305,287
610,summoner-3974507,611,FNX Murdock,Diamond 1,32,91,,216,201
611,summoner-464920,612,MLS Alowake,Diamond 1,32,153,,209,195
612,summoner-616451,613,lHayl,Diamond 1,32,68,,170,111
613,summoner-105061,614,brigde,Diamond 1,32,66,,139,109
614,summoner-75351,615,Jalou,Diamond 1,32,63,,126,115
615,summoner-84412,616,Garnidelia,Diamond 1,32,111,,125,118
616,summoner-1240313,617,Böb Toronja,Diamond 1,31,113,,360,347
617,summoner-102547,618,Billyjimi,Diamond 1,31,94,,217,208
618,summoner-559229,619,EdBars,Diamond 1,31,74,,123,109
619,summoner-203508,620,Zeus sekin,Diamond 1,30,67,,236,216
620,summoner-66356,621,Valente,Diamond 1,30,92,,49,26
621,summoner-12410942,622,øAzin,Diamond 1,29,91,,328,283
622,summoner-810941,623,vampirin,Diamond 1,29,141,,129,112
623,summoner-2075465,624,PiniMinero,Diamond 1,29,97,,93,80
624,summoner-30776,625,Romeroski,Diamond 1,28,161,,534,523
625,summoner-3652306,626,Rkman,Diamond 1,28,87,,131,108
626,summoner-40541,627,NeiI,Diamond 1,27,160,,286,269
627,summoner-126471,628,Darkrastar,Diamond 1,27,95,,245,212
628,summoner-173842,629,Drestik,Diamond 1,27,83,,199,197
629,summoner-129455,630,Zutter,Diamond 1,27,121,,69,46
630,summoner-400575,631,IguanaEmbarazada,Diamond 1,27,99,,65,53
631,summoner-3190222,632,rub,Diamond 1,27,71,,58,34
632,summoner-30855,633,Mechs,Diamond 1,26,129,,321,316
633,summoner-5463135,634,Arepin,Diamond 1,26,103,,304,296
634,summoner-5473629,635,Koko Hekmatier,Diamond 1,25,77,,210,186
635,summoner-22108,636,Mr Clean,Diamond 1,25,83,,197,177
636,summoner-15221435,637,keurig cup,Diamond 1,25,50,,152,98
637,summoner-205974,638,Wolf Karsa,Diamond 1,25,71,,144,128
638,summoner-6470902,639,Kouke,Diamond 1,25,51,,134,109
639,summoner-2114861,640,abcquiumein,Diamond 1,25,99,,103,64
640,summoner-1549064,641,EL CAPO DE LAN,Diamond 1,25,49,,66,49
641,summoner-13764499,642,Anlvia Guy,Diamond 1,25,41,,57,29
642,summoner-853257,643,Luhe,Diamond 1,24,62,,166,125
643,summoner-141948,644,3124560,Diamond 1,23,71,,147,126
644,summoner-585102,645,OliviaNyan,Diamond 1,23,60,,121,90
645,summoner-142533,646,Ren ˇuˇ,Diamond 1,23,74,,54,46
646,summoner-1286229,647,madbrizk,Diamond 1,22,103,,307,292
647,summoner-158371,648,Hienas,Diamond 1,21,132,,353,341
648,summoner-70963,649,MW Tai,Diamond 1,21,89,,131,90
649,summoner-3421358,650,Wazabie,Diamond 1,21,69,,128,71
650,summoner-80398,651,Vipér,Diamond 1,21,80,,109,98
651,summoner-2162915,652,AsprosDeGéminis,Diamond 1,21,48,,102,78
652,summoner-91485,653,Ësperanza,Diamond 1,21,71,,55,36
653,summoner-1744540,654,Jeff506,Diamond 1,20,103,,326,310
654,summoner-2301170,655,afreeca,Diamond 1,20,119,,112,105
655,summoner-661943,656,Raf4s06,Diamond 1,20,77,,89,78
656,summoner-11081519,657,Metal Upa,Diamond 1,20,98,,85,62
657,summoner-4211874,658,Cefiro,Diamond 1,20,76,,45,26
658,summoner-3894169,659,Fotógrafo de XV,Diamond 1,19,118,,214,172
659,summoner-164716,660,Oblïvïon,Diamond 1,19,92,,187,180
660,summoner-1118350,661,rey naturaleza,Diamond 1,19,100,,175,163
661,summoner-10283850,662,holaquehacelol 2,Diamond 1,19,94,,156,115
662,summoner-610872,663,Kinnes,Diamond 1,19,90,,93,66
663,summoner-153143,664,Jhiinso,Diamond 1,18,118,,262,238
664,summoner-36118,665,eldonas,Diamond 1,18,65,,165,154
665,summoner-15060180,666,SSW Pain,Diamond 1,18,124,,158,120
666,summoner-137036,667,Nagûra,Diamond 1,18,69,,140,126
667,summoner-878013,668,Im xDeathstrokex,Diamond 1,18,118,,134,109
668,summoner-2912867,669,YuphetS,Diamond 1,18,107,,97,73
669,summoner-939403,670,Ąndrés,Diamond 1,18,100,,90,87
670,summoner-60242,671,NightRD Chelsea,Diamond 1,18,93,,80,55
671,summoner-4773531,672,miiller,Diamond 1,17,124,,392,382
672,summoner-362379,673,Tawwuh,Diamond 1,17,115,,376,354
673,summoner-2052952,674,Beyond,Diamond 1,17,96,,218,208
674,summoner-3551662,675,Condon,Diamond 1,17,81,,180,163
675,summoner-8031494,676,Ráider,Diamond 1,17,106,,133,126
676,summoner-6521234,677,God of Talon,Diamond 1,17,64,,120,88
677,summoner-1210331,678,BurningShärk,Diamond 1,17,76,,117,106
678,summoner-3464376,679,RV ExiliumSword,Diamond 1,17,57,,97,80
679,summoner-125839,680,Cm TzunK,Diamond 1,17,60,,92,73
680,summoner-207719,681,Wolf Harahel,Diamond 1,17,56,,40,28
681,summoner-77266,682,LaslwS,Diamond 1,16,102,,340,338
682,summoner-10100134,683,hi am lance,Diamond 1,16,112,,98,78
683,summoner-853456,684,92 Explorer,Diamond 1,15,71,,263,244
684,summoner-72516,685,MedusaDeMar,Diamond 1,15,76,,251,245
685,summoner-105505,686,Verathrím,Diamond 1,15,70,,83,47
686,summoner-7412387,687,Nymphia,Diamond 1,15,40,,57,29
687,summoner-440660,688,Ninjor,Diamond 1,14,93,,366,361
688,summoner-14422529,689,Sensei Totyx,Diamond 1,14,147,,215,201
689,summoner-529633,690,FLA YIYA,Diamond 1,14,100,,202,194
690,summoner-26278,691,AxI,Diamond 1,14,72,,195,183
691,summoner-4900157,692,Stiyl Izayoi,Diamond 1,12,85,,339,320
692,summoner-585104,693,Xory,Diamond 1,12,106,,187,174
693,summoner-1213846,694,Tefi Baka,Diamond 1,12,98,,97,96
694,summoner-7583100,695,Sigil of Balance,Diamond 1,12,44,,87,56
695,summoner-16070139,696,Pyrople,Diamond 1,12,39,,74,37
696,summoner-152094,697,Hiko Lako,Diamond 1,11,77,,182,160
697,summoner-6213262,698,Líkkrit,Diamond 1,11,47,,85,71
698,summoner-21314,699,JeiiZe,Diamond 1,10,57,,92,86
699,summoner-1527045,700,Fupa Milkbone,Diamond 1,10,44,,86,45
700,summoner-6292617,701,Tom Lücitor,Diamond 1,9,89,,92,85
701,summoner-10404302,702,Atomz999,Diamond 1,8,61,,184,115
702,summoner-683204,703,BlackEngel24,Diamond 1,7,159,,611,624
703,summoner-15475985,704,Quve,Diamond 1,7,65,,137,88
704,summoner-8003974,705,128 BPM,Diamond 1,6,60,,136,123
705,summoner-10935968,706,R7 PapiSosa,Diamond 1,6,56,,111,90
706,summoner-424752,707,Zætoz,Diamond 1,5,171,,797,765
707,summoner-3822031,708,Savage Drahga,Diamond 1,5,67,,73,69
708,summoner-2932738,709,Lord Shura,Diamond 1,4,92,,224,214
709,summoner-3865079,710,DleGo,Diamond 1,4,88,,126,113
710,summoner-15433376,711,Draknion,Diamond 1,3,64,,166,125
711,summoner-7230132,712,lBUBUl,Diamond 1,2,99,,206,197
712,summoner-6333065,713,EsojLeugim,Diamond 1,2,63,,196,136
713,summoner-35658,714,Tomoya san,Diamond 1,2,60,,97,79
714,summoner-822693,715,Fk This Game,Diamond 1,1,119,,255,230
715,summoner-4054538,716,Basura low elo,Diamond 1,1,69,,174,161
716,summoner-12221708,717,Zoe is Life,Diamond 1,1,109,,174,141
717,summoner-1090486,718,Boloman,Diamond 1,1,78,,99,89
718,summoner-9222218,719,xDaCh,Diamond 1,0,156,,559,515
719,summoner-8341082,720,Master Shifu,Diamond 1,0,127,,371,362
720,summoner-1801041,721,PDS Notorious,Diamond 1,0,110,,369,354
721,summoner-2074323,722,Lupo Bianco,Diamond 1,0,120,,364,354
722,summoner-157951,723,Tav,Diamond 1,0,137,,360,346
723,summoner-84096,724,Buckpeck,Diamond 1,0,94,,342,328
724,summoner-216496,725,Scratchek,Diamond 1,0,111,,314,291
725,summoner-44735,726,Murmullo,Diamond 1,0,117,,304,282
726,summoner-201602,727,EternityBeast,Diamond 1,0,87,,293,283
727,summoner-415989,728,Hexader,Diamond 1,0,130,,292,288
728,summoner-10370155,729,IoI,Diamond 1,0,89,,287,254
729,summoner-85582,730,ZamirZenNt,Diamond 1,0,99,,284,242
730,summoner-4524374,731,GO Chorla,Diamond 1,0,109,,282,257
731,summoner-4760941,732,Beibi Rekkles,Diamond 1,0,118,,275,258
732,summoner-156822,733,Rafaelito15,Diamond 1,0,102,,255,245
733,summoner-680674,734,Illllllll,Diamond 1,0,103,,250,245
734,summoner-3760707,735,Coca de 600ml,Diamond 1,0,99,,230,220
735,summoner-2120351,736,Benns,Diamond 1,0,130,,222,205
736,summoner-203629,737,Lobo Gélido,Diamond 1,0,91,,222,211
737,summoner-4460274,738,Jeziah,Diamond 1,0,75,,221,202
738,summoner-74438,739,Purry,Diamond 1,0,95,,220,234
739,summoner-1061148,740,TwTv elbananolol,Diamond 1,0,91,,218,224
740,summoner-615288,741,STL Eifront,Diamond 1,0,93,,216,208
741,summoner-49588,742,Issei,Diamond 1,0,80,,200,184
742,summoner-1594793,743,momo354,Diamond 1,0,60,,198,148
743,summoner-29426,744,FnR Zefdi,Diamond 1,0,114,,197,180
744,summoner-95768,745,King of Memes,Diamond 1,0,88,,196,181
745,summoner-4621038,746,iSeltzer,Diamond 1,0,75,,194,150
746,summoner-527005,747,Purrfect Katido,Diamond 1,0,61,,180,156
747,summoner-10203062,748,el srVładimir,Diamond 1,0,152,,179,137
748,summoner-202912,749,KiluaHaruno,Diamond 1,0,111,,177,183
749,summoner-1034041,750,MVP Poni,Diamond 1,0,88,,175,165
750,summoner-12472445,751,Davô,Diamond 1,0,70,,167,157
751,summoner-2124370,752,Shirõ,Diamond 1,0,123,,161,152
752,summoner-465010,753,Minatozaki Sana,Diamond 1,0,99,,157,141
753,summoner-3652637,754,iBrownie,Diamond 1,0,139,,157,123
754,summoner-156989,755,Säck,Diamond 1,0,81,,156,145
755,summoner-326441,756,Krix,Diamond 1,0,129,,155,120
756,summoner-4211612,757,TheQueen Is Back,Diamond 1,0,56,,153,131
757,summoner-53237,758,Barbacoa Salvaje,Diamond 1,0,62,,152,140
758,summoner-536362,759,MTH Zombix,Diamond 1,0,114,,151,142
759,summoner-181649,760,Amonith,Diamond 1,0,70,,148,139
760,summoner-620622,761,Wolf Sáber,Diamond 1,0,67,,140,131
761,summoner-4610480,762,Yung Perez,Diamond 1,0,53,,135,112
762,summoner-69881,763,Nickleaf,Diamond 1,0,70,,133,113
763,summoner-3971911,764,Damn Gøre,Diamond 1,0,121,,131,113
764,summoner-1081104,765,TheLapiz,Diamond 1,0,75,,128,119
765,summoner-327704,766,Dr Mister Señor,Diamond 1,0,53,,128,106
766,summoner-1270181,767,Ryogah,Diamond 1,0,87,,125,80
767,summoner-324547,768,Opponent,Diamond 1,0,78,,125,105
768,summoner-120180,769,Sr Caca,Diamond 1,0,68,,124,108
769,summoner-1326698,770,zerkerfkin1,Diamond 1,0,100,,120,100
770,summoner-14810283,771,SC Goat,Diamond 1,0,63,,120,81
771,summoner-1586060,772,DAVIIXZ,Diamond 1,0,50,,118,75
772,summoner-1761953,773,ßastet,Diamond 1,0,69,,114,108
773,summoner-2282751,774,Leé sin,Diamond 1,0,88,,109,100
774,summoner-131151,775,ZoulFox,Diamond 1,0,111,,108,89
775,summoner-382713,776,Sir Legend,Diamond 1,0,54,,106,59
776,summoner-841897,777,Gomez,Diamond 1,0,82,,102,85
777,summoner-31964,778,Merrowgeist,Diamond 1,0,59,,100,90
778,summoner-1540530,779,Buscando a Nami,Diamond 1,0,58,,100,74
779,summoner-1620236,780,Gravy Milkshake,Diamond 1,0,44,,98,44
780,summoner-1286628,781,ExtremeJorraf,Diamond 1,0,43,,98,46
781,summoner-1153917,782,Enrico Pucci,Diamond 1,0,62,,97,79
782,summoner-871985,783,CaptnXman,Diamond 1,0,42,,95,54
783,summoner-2502529,784,cherud,Diamond 1,0,74,,95,79
784,summoner-168968,785,μFrank,Diamond 1,0,83,,85,55
785,summoner-1051669,786,Sinyi,Diamond 1,0,75,,84,71
786,summoner-3373774,787,VEGÉTA,Diamond 1,0,166,,84,55
787,summoner-5910220,788,Pr0mesasKeep,Diamond 1,0,107,,80,64
788,summoner-2620981,789,ONllCHAN,Diamond 1,0,54,,75,55
789,summoner-37177,790,WILL SMITE xD,Diamond 1,0,42,,75,65
790,summoner-291241,791,KanskaR,Diamond 1,0,40,,75,41
791,summoner-79085,792,Dango Daikazoku,Diamond 1,0,87,,74,62
792,summoner-5732873,793,Tigz,Diamond 1,0,45,,72,64
793,summoner-617233,794,Minecraft,Diamond 1,0,58,,71,59
794,summoner-136704,795,Wånheda,Diamond 1,0,52,,66,45
795,summoner-531600,796,Cindy,Diamond 1,0,110,,65,49
796,summoner-126279,797,iPocho,Diamond 1,0,69,,61,51
797,summoner-3353824,798,Feliipe99,Diamond 1,0,51,,59,34
798,summoner-96031,799,thepoisonlol,Diamond 1,0,37,,50,28
799,summoner-14592566,800,qQ tT,Diamond 1,0,45,,47,24
800,summoner-6532535,801,PhinxSitoO,Diamond 2,100,116,,458,438
801,summoner-535215,802,Lp3 Zorua,Diamond 2,100,113,,337,313
802,summoner-8723942,803,AK LocoDan,Diamond 2,100,96,,252,240
803,summoner-1053538,804,Naysek,Diamond 2,100,83,,227,177
804,summoner-13212405,805,Memox JnmR,Diamond 2,100,79,,214,205
805,summoner-667937,806,Mr Cymbal Monkey,Diamond 2,100,85,,193,188
806,summoner-1140514,807,ALM Herø,Diamond 2,100,91,,171,163
807,summoner-4614723,808,iPlay Top Lane x,Diamond 2,100,49,,158,83
808,summoner-102646,809,Camiloo CM,Diamond 2,100,101,,152,121
809,summoner-5530185,810,PG White Howl,Diamond 2,100,82,,147,125
810,summoner-1396111,811,Wolf Kain,Diamond 2,100,82,,134,120
811,summoner-438655,812,Don iama,Diamond 2,100,66,,129,119
812,summoner-4152826,813,Témpest,Diamond 2,100,118,,124,114
813,summoner-14644121,814,Mäddox,Diamond 2,100,67,,100,79
814,summoner-104267,815,Røger,Diamond 2,100,47,,98,55
815,summoner-281655,816,My Shield,Diamond 2,100,134,,95,83
816,summoner-284685,817,TheDrestik,Diamond 2,100,43,,90,62
817,summoner-115160,818,Critsil,Diamond 2,100,54,,73,57
818,summoner-9543410,819,VelkozCarry,Diamond 2,100,43,,55,19
819,summoner-49539,820,Jelex,Diamond 2,100,62,,38,19
820,summoner-13910607,821,Razzle Dazzle,Diamond 2,99,85,,218,204
821,summoner-13222726,822,Vladímirovich,Diamond 2,98,207,,129,100
822,summoner-936468,823,Zoro1999,Diamond 2,97,110,,337,323
823,summoner-510492,824,Valkiriq,Diamond 2,96,85,,103,79
824,summoner-6140183,825,Shauna Shade,Diamond 2,95,42,,50,32
825,summoner-2504008,826,Àkali,Diamond 2,94,49,,69,58
826,summoner-11362100,827,Bronze Five Elo,Diamond 2,92,47,,95,73
827,summoner-547110,828,Kervek,Diamond 2,91,105,,154,117
828,summoner-6401937,829,Prietoboy,Diamond 2,91,63,,85,67
829,summoner-6312806,830,willyrets,Diamond 2,90,51,,72,48
830,summoner-939450,831,Hayashi Yuki,Diamond 2,88,80,,199,198
831,summoner-3993525,832,Chivo Please,Diamond 2,88,63,,61,29
832,summoner-29658,833,Icarhoos,Diamond 2,87,76,,81,63
833,summoner-192497,834,Josiah,Diamond 2,85,121,,214,172
834,summoner-3340628,835,El Pister,Diamond 2,85,68,,156,138
835,summoner-130197,836,Doc Efesoo McFly,Diamond 2,85,72,,151,132
836,summoner-1393157,837,caKestyle,Diamond 2,85,50,,148,107
837,summoner-5250523,838,Reysher,Diamond 2,84,142,,389,379
838,summoner-426567,839,Danyyy,Diamond 2,84,55,,101,92
839,summoner-137596,840,Héroe Heroína,Diamond 2,83,129,,361,348
840,summoner-72987,841,xxkatmaster17xx,Diamond 2,83,104,,127,117
841,summoner-3554258,842,Nina Tucker,Diamond 2,82,80,,234,217
842,summoner-153936,843,Shadö desu,Diamond 2,82,106,,127,109
843,summoner-70140,844,SKT T1 Chefsíto,Diamond 2,82,152,,105,78
844,summoner-640427,845,Nagą,Diamond 2,81,128,,270,229
845,summoner-127238,846,I2I,Diamond 2,81,71,,253,231
846,summoner-15130529,847,EL WAPO 2,Diamond 2,81,45,,77,33
847,summoner-310553,848,Atreyu Blacksoul,Diamond 2,80,65,,199,175
848,summoner-5514232,849,RusherZombies,Diamond 2,80,86,,103,93
849,summoner-15300179,850,ØE InKos,Diamond 2,80,41,,70,48
850,summoner-1545283,851,DarkGunsk,Diamond 2,79,87,,176,165
851,summoner-2303396,852,Aegís,Diamond 2,79,97,,150,131
852,summoner-1083624,853,Piano,Diamond 2,78,72,,76,53
853,summoner-14501267,854,D5 HardStuck lul,Diamond 2,77,119,,216,205
854,summoner-2491587,855,Deadly30,Diamond 2,77,63,,122,85
855,summoner-1528529,856,hotsonabader,Diamond 2,77,75,,98,89
856,summoner-16521947,857,Jungle Pressure,Diamond 2,77,43,,97,64
857,summoner-103138,858,Niquel Cobalto,Diamond 2,76,83,,115,105
858,summoner-125382,859,Arhysha,Diamond 2,76,70,,110,108
859,summoner-9762158,860,lPancito Asesino,Diamond 2,75,134,,348,335
860,summoner-74366,861,1Cannon,Diamond 2,75,98,,264,259
861,summoner-2603639,862,Fractures,Diamond 2,75,122,,228,231
862,summoner-202746,863,Desperadoo,Diamond 2,75,72,,203,205
863,summoner-270864,864,devztocker,Diamond 2,75,81,,160,148
864,summoner-388374,865,GodSebas,Diamond 2,75,94,,153,126
865,summoner-9841766,866,YugiLAN,Diamond 2,75,65,,152,126
866,summoner-40689,867,Żeta11,Diamond 2,75,91,,149,145
867,summoner-23658,868,Yakuza AmmoStout,Diamond 2,75,99,,146,136
868,summoner-7031100,869,KT GorillA,Diamond 2,75,60,,132,123
869,summoner-15264702,870,OscarSolisG,Diamond 2,75,56,,132,86
870,summoner-1383832,871,Fernandoxx98,Diamond 2,75,99,,130,108
871,summoner-2683559,872,Rodrigo Ces,Diamond 2,75,77,,112,91
872,summoner-86685,873,D9 Zeypher,Diamond 2,75,51,,101,53
873,summoner-124352,874,Toxic Lance,Diamond 2,75,65,,95,65
874,summoner-103181,875,Edgar,Diamond 2,75,82,,89,80
875,summoner-426368,876,Black Fist,Diamond 2,75,77,,83,73
876,summoner-1107797,877,Kuchurrumin,Diamond 2,75,56,,73,55
877,summoner-168175,878,Ruma 01,Diamond 2,75,50,,72,44
878,summoner-14521754,879,His Stan,Diamond 2,75,51,,62,48
879,summoner-561407,880,Edapp,Diamond 2,75,48,,55,41
880,summoner-2282018,881,FelipeL,Diamond 2,75,59,,55,22
881,summoner-792069,882,Feno,Diamond 2,75,42,,49,33
882,summoner-14520424,883,CaritaT Psosa,Diamond 2,75,39,,40,24
883,summoner-667249,884,Synyst3r,Diamond 2,73,130,,173,159
884,summoner-2132823,885,CG Dreams,Diamond 2,72,117,,227,217
885,summoner-7670266,886,Electric Sunrise,Diamond 2,72,57,,144,98
886,summoner-435135,887,Sanae,Diamond 2,72,124,,116,94
887,summoner-524800,888,Mewby,Diamond 2,71,90,,207,189
888,summoner-57100,889,Wander Senpai,Diamond 2,71,71,,157,144
889,summoner-13860599,890,NLX Alovs,Diamond 2,71,81,,153,116
890,summoner-373682,891,Snurbox,Diamond 2,71,64,,145,134
891,summoner-166473,892,BlackThief,Diamond 2,71,71,,111,106
892,summoner-13892126,893,márquez vladimir,Diamond 2,71,58,,74,59
893,summoner-467037,894,TDM Kauffmann,Diamond 2,70,136,,287,282
894,summoner-304000,895,Ladyhawke,Diamond 2,70,112,,109,98
895,summoner-7570803,896,NanoSauriu,Diamond 2,69,143,,217,209
896,summoner-12323358,897,Falconzs,Diamond 2,69,71,,128,120
897,summoner-349707,898,Ferruccio,Diamond 2,69,66,,46,36
898,summoner-2440596,899,Tenki,Diamond 2,68,83,,297,257
899,summoner-3680381,900,Lavenza,Diamond 2,68,65,,62,50
900,summoner-79800,901,Dr Cero MD,Diamond 2,68,36,,42,26
901,summoner-177321,902,KCG Arsa 1,Diamond 2,68,69,,39,17
902,summoner-3110343,903,Hikari Spirit,Diamond 2,67,108,,140,130
903,summoner-4940271,904,Lapara23,Diamond 2,67,56,,77,60
904,summoner-87773,905,Garbage Riven,Diamond 2,67,87,,47,33
905,summoner-5320190,906,GT Ofwar,Diamond 2,66,112,,234,216
906,summoner-282266,907,Raaay,Diamond 2,66,49,,76,68
907,summoner-143341,908,Mr HotCake,Diamond 2,65,139,,118,112
908,summoner-5041563,909,DukiT,Diamond 2,65,84,,94,70
909,summoner-9230363,910,Wonder,Diamond 2,65,40,,93,53
910,summoner-3651645,911,No soy Nishkyu,Diamond 2,64,124,,340,335
911,summoner-53584,912,KingFish,Diamond 2,64,91,,239,225
912,summoner-27961,913,AlexZetroc,Diamond 2,64,70,,236,218
913,summoner-280715,914,The Blind King,Diamond 2,64,94,,236,229
914,summoner-137626,915,Waverly Place,Diamond 2,64,76,,80,67
915,summoner-14471755,916,Hisie,Diamond 2,64,67,,72,71
916,summoner-15880480,917,TRUMPS WALLS,Diamond 2,63,38,,58,24
917,summoner-4003201,918,ADC SLAYER KR,Diamond 2,62,89,,251,248
918,summoner-51178,919,StraiderV2,Diamond 2,62,121,,240,230
919,summoner-1374477,920,Ultimate Hunter,Diamond 2,62,118,,219,211
920,summoner-438523,921,King Jon,Diamond 2,62,116,,196,180
921,summoner-16132923,922,llIlllllllllIll,Diamond 2,62,43,,107,75
922,summoner-532418,923,DOKKAEBI,Diamond 2,62,50,,50,23
923,summoner-6001640,924,xXvastagoXx,Diamond 2,61,46,,137,98
924,summoner-389077,925,Fìro,Diamond 2,60,131,,382,371
925,summoner-181748,926,BunnBunnn,Diamond 2,60,92,,153,141
926,summoner-1153925,927,Seis Colores,Diamond 2,59,112,,224,208
927,summoner-9991796,928,Esaeon,Diamond 2,59,71,,215,222
928,summoner-192614,929,Nelsohn,Diamond 2,59,92,,172,166
929,summoner-92344,930,REKKLES FAN No 1,Diamond 2,59,65,,140,124
930,summoner-24111,931,jorgepereda,Diamond 2,59,70,,138,91
931,summoner-624349,932,WDs Happy,Diamond 2,59,67,,134,132
932,summoner-11310674,933,Useless Kogmaw,Diamond 2,59,48,,105,66
933,summoner-168620,934,Pingwii,Diamond 2,58,124,,318,307
934,summoner-1000537,935,lMaluma,Diamond 2,58,127,,185,174
935,summoner-25191,936,Dez x,Diamond 2,58,79,,136,123
936,summoner-1296476,937,CB Jetfree,Diamond 2,58,94,,124,96
937,summoner-212515,938,Sleepwire,Diamond 2,58,57,,107,65
938,summoner-530824,939,Azure Rathalos,Diamond 2,57,64,,216,176
939,summoner-9150152,940,Justin LFT,Diamond 2,57,86,,213,199
940,summoner-16280146,941,Strong Armed Jax,Diamond 2,57,49,,172,131
941,summoner-158642,942,Arclightdlx,Diamond 2,57,49,,130,68
942,summoner-4573722,943,Hielø,Diamond 2,57,115,,123,114
943,summoner-12924336,944,Panqué,Diamond 2,57,73,,96,70
944,summoner-14534313,945,Challenger 0,Diamond 2,56,114,,403,382
945,summoner-5210476,946,BlackDestinity,Diamond 2,56,113,,101,73
946,summoner-94458,947,Nevohteeb,Diamond 2,55,114,,158,137
947,summoner-529543,948,La La Lanthys,Diamond 2,55,79,,152,143
948,summoner-15880768,949,Yas Evolved,Diamond 2,55,50,,145,114
949,summoner-21126,950,punketo,Diamond 2,55,66,,101,93
950,summoner-1395671,951,skillmouze,Diamond 2,54,136,,170,169
951,summoner-1313311,952,SnowBoyz,Diamond 2,54,137,,170,160
952,summoner-423722,953,Luiixs,Diamond 2,54,57,,96,79
953,summoner-74991,954,CaMo,Diamond 2,54,60,,65,48
954,summoner-831341,955,sauronio,Diamond 2,53,99,,252,246
955,summoner-8540147,956,HandGün,Diamond 2,53,87,,241,239
956,summoner-1321419,957,Yüge,Diamond 2,53,121,,150,135
957,summoner-612876,958,Lunka,Diamond 2,53,85,,113,74
958,summoner-1041975,959,Murillo Sama,Diamond 2,53,49,,79,76
959,summoner-4560150,960,Dracs,Diamond 2,52,77,,243,200
960,summoner-294667,961,jinxý,Diamond 2,52,46,,48,34
961,summoner-1742223,962,Le meilleur,Diamond 2,51,106,,414,384
962,summoner-32327,963,Q flojera,Diamond 2,51,67,,161,136
963,summoner-4691320,964,7RS Zaot,Diamond 2,51,109,,131,129
964,summoner-293748,965,Lemo Senpai,Diamond 2,51,117,,121,119
965,summoner-33010,966,TheNarosOne,Diamond 2,51,94,,98,96
966,summoner-4082449,967,Ðead Høpe,Diamond 2,51,83,,75,54
967,summoner-4772253,968,VeraHilarious,Diamond 2,51,35,,54,22
968,summoner-190303,969,Shadow Flying,Diamond 2,50,94,,226,220
969,summoner-3472243,970,KT Sotelo,Diamond 2,50,99,,185,148
970,summoner-1738474,971,hituku,Diamond 2,49,79,,234,146
971,summoner-2135855,972,Dopa Baby,Diamond 2,49,97,,199,175
972,summoner-5000438,973,Aterus Loitrewyn,Diamond 2,49,62,,181,160
973,summoner-1162922,974,Ascéndant,Diamond 2,49,104,,172,157
974,summoner-1391305,975,Guthix18,Diamond 2,49,70,,107,94
975,summoner-84791,976,DragonRedBlood,Diamond 2,49,37,,67,26
976,summoner-4741700,977,GalaxyEsther,Diamond 2,49,35,,54,22
977,summoner-3661729,978,GT SkyZir,Diamond 2,48,104,,166,157
978,summoner-1010698,979,DTD HellBlaxer,Diamond 2,48,96,,138,128
979,summoner-170113,980,MTT Young Savage,Diamond 2,47,126,,224,212
980,summoner-173564,981,Rylin,Diamond 2,47,90,,154,109
981,summoner-946863,982,ªTheEvolutionª,Diamond 2,47,100,,101,91
982,summoner-383752,983,SW Lushen,Diamond 2,46,71,,134,107
983,summoner-4850748,984,Dovah King,Diamond 2,46,126,,103,89
984,summoner-627606,985,Siegman xd,Diamond 2,46,68,,93,92
985,summoner-455859,986,Pìka,Diamond 2,46,79,,87,83
986,summoner-8320920,987,Lapierre,Diamond 2,45,80,,126,114
987,summoner-1371071,988,Prøphet,Diamond 2,44,136,,261,247
988,summoner-1577866,989,El2Dios,Diamond 2,25,130,,309,309
989,summoner-1111549,990,Mexican G0D,Diamond 2,43,82,,272,251
990,summoner-5991957,991,l MikyWoodz l,Diamond 2,43,106,,219,182
991,summoner-299669,992,AnT Shield,Diamond 2,43,89,,89,78
992,summoner-400173,993,NutCoco,Diamond 2,43,57,,82,73
993,summoner-7561560,994,Diana Cavendîsh,Diamond 2,43,81,,78,52
994,summoner-69999,995,Podz,Diamond 2,43,84,,76,61
995,summoner-426497,996,Baby Sonic,Diamond 2,43,46,,62,58
996,summoner-11971334,997,Venen1nMAKIO,Diamond 2,43,51,,57,24
997,summoner-4650487,998,CORPUSHD,Diamond 2,42,88,,233,223
998,summoner-3330763,999,Selenior,Diamond 2,42,136,,215,189
999,summoner-2023491,1000,G2 Boyem,Diamond 2,42,62,,171,167
