#timestamp 1530198042185
#date 2018-06-28T15:00:42+00:00
#players 1000
#index,id,rank,name,tier,lp,level,proTeam,win,loss
0,summoner-12190942,1,MMM REMIND,Challenger,1246,48,,154,98
1,summoner-11370132,2,sp18,Challenger,1174,56,,191,140
2,summoner-11460164,3,BMR TIger987,Challenger,1110,99,,346,302
3,summoner-11350137,4,Lakiaro,Challenger,1067,49,,136,87
4,summoner-11460126,5,BMR Sleeping,Challenger,1053,101,,315,278
5,summoner-473922,6,Phantiksˉ,Challenger,1043,49,,145,97
6,summoner-2651026,7,NishiZhuma,Challenger,1010,57,,189,132
7,summoner-11360138,8,Monkey D Ryoma,Challenger,1003,59,,198,152
8,summoner-4380973,9,Phantiks OuO,Challenger,901,64,,164,129
9,summoner-297478,10,weixin s5683169,Challenger,920,72,,190,137
10,summoner-11350138,11,ORD Swiffer,Challenger,913,65,,250,199
11,summoner-381031,12,AresXd,Challenger,859,48,,118,76
12,summoner-1530604,13,ORD Ming,Challenger,856,74,,198,149
13,summoner-890259,14,Shok,Challenger,852,93,,228,197
14,summoner-5895478,15,Monkey D Mitch,Challenger,850,65,,195,151
15,summoner-5935237,16,Gon123,Challenger,817,77,,301,262
16,summoner-229825,17,Apink Bomi2,Challenger,832,66,,209,175
17,summoner-274464,18,Phantiks,Challenger,820,47,,129,91
18,summoner-233854,19,Gðku,Challenger,786,70,,192,161
19,summoner-11360145,20,ORD Uzi,Challenger,795,50,,167,99
20,summoner-3150942,21,QQ854166019,Challenger,763,89,,353,313
21,summoner-735088,22,tlxjkgcpl17717,Challenger,754,70,,226,189
22,summoner-571021,23,Wherearewe,Challenger,769,67,,195,164
23,summoner-10811838,24,Babo Beongsin JH,Challenger,741,62,,99,68
24,summoner-444311,25,SSG Decoy,Challenger,734,74,,145,123
25,summoner-493127,26,Eyla,Challenger,709,98,,169,146
26,summoner-952670,27,Praelus,Challenger,698,85,,187,160
27,summoner-929978,28,Fudge,Challenger,713,121,,452,423
28,summoner-10061365,29,EMP Chazz,Challenger,680,63,,194,157
29,summoner-11350133,30,NMSLWSNDHJYZ,Challenger,659,53,,135,106
30,summoner-483862,31,Cuden 1,Challenger,643,107,,227,207
31,summoner-11360141,32,Rotomairewhenua,Challenger,636,64,,153,119
32,summoner-601923,33,ITN Haeri,Challenger,634,125,,267,240
33,summoner-8010384,34,Guts,Challenger,619,125,,423,397
34,summoner-432291,35,Sybol,Challenger,578,75,,200,180
35,summoner-620972,36,Better on Top,Challenger,593,100,,178,158
36,summoner-445723,37,Hotchelli,Challenger,570,93,,274,245
37,summoner-12240938,38,seo hanbit,Challenger,570,39,,68,37
38,summoner-10071209,39,Ai no misete,Challenger,569,54,,146,116
39,summoner-456280,40,Terrath,Challenger,562,105,,285,246
40,summoner-569466,41,Plug1,Challenger,553,100,,355,335
41,summoner-5910870,42,you will miss me,Challenger,532,67,,242,211
42,summoner-303763,43,MAKE OUT HILLXXX,Challenger,508,82,,269,259
43,summoner-577995,44,Uther,Challenger,526,54,,103,71
44,summoner-11690394,45,b1waC,Challenger,508,63,,219,165
45,summoner-11360144,46,Monkey Madness,Challenger,504,58,,202,177
46,summoner-2572199,47,41095,Challenger,501,89,,139,106
47,summoner-578793,48,Coachboo,Challenger,490,74,,173,158
48,summoner-11970252,49,apiiii,Challenger,460,62,,188,134
49,summoner-12130716,50,no habla ingles,Challenger,478,46,,130,78
50,summoner-472833,51,siuman,Challenger,474,71,,233,214
51,summoner-494121,52,ry0ma,Challenger,484,47,,122,92
52,summoner-991093,53,Jenkins,Challenger,460,134,,239,217
53,summoner-5741616,54,Msituay,Challenger,460,55,,167,120
54,summoner-8521226,55,Dream111,Challenger,459,76,,258,215
55,summoner-4961001,56,alexxxxxx,Challenger,456,59,,135,109
56,summoner-564778,57,Omnî,Challenger,435,122,,619,606
57,summoner-8524790,58,Big Dobes,Challenger,438,72,,247,204
58,summoner-507474,59,BeeShoe,Challenger,438,77,,239,207
59,summoner-5831171,60,KRdoink,Challenger,435,93,,143,118
60,summoner-1332943,61,Panda ouo,Challenger,432,75,,150,130
61,summoner-3661252,62,Rédemption,Challenger,428,69,,187,165
62,summoner-3131580,63,Utopia,Challenger,422,111,,345,325
63,summoner-291848,64,Feint,Challenger,421,86,,193,175
64,summoner-316587,65,Praedvth,Challenger,421,87,,175,151
65,summoner-230726,66,BioPanther,Challenger,420,118,,174,162
66,summoner-11370136,67,ˆˉˇˉ,Challenger,419,42,,89,55
67,summoner-801178,68,Chippys,Challenger,416,64,,190,179
68,summoner-9730774,69,w1ndzera234,Challenger,416,56,,146,116
69,summoner-11001000,70,BITCONNEEEEEEECT,Challenger,414,73,,191,136
70,summoner-8930124,71,LTZevil is back,Challenger,413,65,,98,76
71,summoner-633527,72,Netsky,Challenger,409,81,,272,246
72,summoner-457370,73,Thiên,Challenger,387,132,,570,542
73,summoner-293743,74,Lily,Challenger,403,115,,347,320
74,summoner-11370125,75,No Talent Player,Challenger,402,49,,132,110
75,summoner-11370134,76,amok,Challenger,402,47,,109,94
76,summoner-8611092,77,ITN Aladoric,Challenger,400,142,,477,464
77,summoner-301731,78,Mog,Challenger,349,116,,427,427
78,summoner-11720163,79,Arbitux,Challenger,365,89,,184,155
79,summoner-11050315,80,GellyCub,Challenger,363,116,,385,365
80,summoner-724526,81,WÆN,Challenger,356,65,,158,110
81,summoner-239897,82,Getback,Challenger,353,129,,336,328
82,summoner-232632,83,Cheezels,Challenger,351,84,,231,188
83,summoner-279834,84,billy bong,Challenger,336,73,,212,177
84,summoner-311555,85,Vans,Challenger,328,105,,120,100
85,summoner-276531,86,Le Monsieur,Challenger,346,114,,272,253
86,summoner-12510151,87,Testing Numbers,Challenger,354,51,,169,142
87,summoner-328401,88,Oikawa Tooru,Challenger,326,127,,210,193
88,summoner-317688,89,Big Brain Wil,Challenger,321,89,,152,143
89,summoner-3560761,90,Small bubble,Challenger,318,72,,112,98
90,summoner-2752573,91,retributionˉ,Challenger,315,63,,218,133
91,summoner-381426,92,Skellyy,Challenger,313,76,,252,184
92,summoner-11203083,93,RareSticks Clap,Challenger,312,63,,214,155
93,summoner-508906,94,Plutó,Challenger,310,87,,194,160
94,summoner-590799,95,BMR Seb,Challenger,310,90,,194,177
95,summoner-11781766,96,Johnber Gazua,Challenger,310,55,,134,82
96,summoner-1394873,97,MR FAT PIG,Challenger,309,143,,356,333
97,summoner-7891163,98,AC HatsuyukiYumi,Challenger,307,50,,112,88
98,summoner-6261249,99,remember when,Challenger,301,73,,148,95
99,summoner-604210,100,e g ý m,Challenger,300,74,,184,170
100,summoner-631376,101,AV Jayke,Challenger,299,80,,206,197
101,summoner-644072,102,UDYSOF,Challenger,296,106,,320,312
102,summoner-4973029,103,HENRYJWATERNOOSE,Challenger,290,56,,108,95
103,summoner-553889,104,Minkywhale,Challenger,289,105,,376,363
104,summoner-8891509,105,playlikefly,Challenger,283,77,,153,125
105,summoner-490487,106,D1O,Challenger,281,56,,157,102
106,summoner-510102,107,obito1,Challenger,274,72,,244,219
107,summoner-1270780,108,qwerasdf1234zxct,Challenger,273,66,,216,165
108,summoner-901128,109,Pengsing,Challenger,269,54,,139,116
109,summoner-1891503,110,TheLilTeaPot,Challenger,266,70,,194,154
110,summoner-297107,111,Edna Krabappoly,Challenger,265,43,,115,95
111,summoner-399995,112,Draqon,Challenger,262,98,,219,215
112,summoner-11860179,113,RONAN,Challenger,258,63,,244,198
113,summoner-478475,114,mister f is back,Challenger,254,74,,266,199
114,summoner-408703,115,Bambi On Ice,Challenger,249,87,,127,109
115,summoner-1592239,116,Pap,Challenger,248,120,,301,278
116,summoner-577848,117,Countdown Timer,Challenger,248,65,,173,156
117,summoner-11501277,118,EnterKeyRemoved,Challenger,247,71,,300,265
118,summoner-623208,119,Alto Angelo,Challenger,244,64,,114,92
119,summoner-445071,120,mattyg33,Challenger,243,132,,460,444
120,summoner-3710963,121,Ailuna,Challenger,241,50,,119,97
121,summoner-6821398,122,Prae1us,Challenger,241,65,,72,60
122,summoner-563169,123,BMR Rosey,Challenger,239,65,,154,136
123,summoner-456316,124,NMSL NiQueZaiBB,Challenger,238,44,,103,86
124,summoner-11890144,125,Evanescere,Challenger,237,41,,103,54
125,summoner-11980148,126,404 ILoveBella,Challenger,230,150,,125,109
126,summoner-4962426,127,Plummet,Challenger,228,87,,158,122
127,summoner-670149,128,LaughingMan,Challenger,226,72,,156,133
128,summoner-10890476,129,RèVelUvs,Challenger,224,104,,351,315
129,summoner-632903,130,PD AN,Challenger,220,66,,242,225
130,summoner-357041,131,Incursio,Challenger,219,123,,407,387
131,summoner-330947,132,gunkrab,Challenger,216,116,,400,394
132,summoner-558311,133,BeachWhale,Challenger,216,118,,350,326
133,summoner-278781,134,Harrí,Challenger,216,155,,73,66
134,summoner-481868,135,PowerfulUnicorn,Challenger,207,107,,156,134
135,summoner-5031491,136,Dappa kappa,Challenger,207,116,,97,84
136,summoner-299446,137,Sam,Challenger,205,115,,204,195
137,summoner-693842,138,Played,Challenger,205,74,,185,176
138,summoner-12080166,139,CommandAttack NA,Challenger,204,66,,223,211
139,summoner-1022808,140,LittlePapa,Challenger,193,75,,139,123
140,summoner-713688,141,Emphasis,Challenger,192,75,,125,109
141,summoner-463736,142,Farm,Challenger,192,67,,110,93
142,summoner-342457,143,Gbay99,Challenger,191,112,,270,254
143,summoner-3665599,144,Dragonair,Challenger,191,58,,99,79
144,summoner-439696,145,Xanquish,Challenger,189,79,,181,162
145,summoner-311290,146,Mian Mian,Challenger,188,49,,110,97
146,summoner-328516,147,Sweety Spaghetti,Challenger,187,95,,322,303
147,summoner-1156907,148,1234hitdinosaur,Challenger,181,73,,207,194
148,summoner-5321182,149,WX a759514064,Challenger,179,41,,115,40
149,summoner-464106,150,Magic McDull,Challenger,178,129,,384,374
150,summoner-587485,151,carb0n,Challenger,176,97,,353,343
151,summoner-235541,152,Kaýn,Challenger,175,99,,99,77
152,summoner-2380423,153,Ayum1,Challenger,174,86,,110,80
153,summoner-345665,154,Sizzle,Challenger,172,67,,190,167
154,summoner-455507,155,emelg,Challenger,170,117,,189,169
155,summoner-1892186,156,LGC Only,Challenger,170,75,,143,136
156,summoner-590866,157,WoYou Bu Luanlai,Challenger,168,61,,200,148
157,summoner-463992,158,1m 16 years old,Challenger,165,84,,396,330
158,summoner-12080136,159,PADO,Challenger,164,73,,152,71
159,summoner-8191549,160,Ahsilum,Challenger,157,71,,286,264
160,summoner-237590,161,Tekker,Challenger,157,82,,174,164
161,summoner-277786,162,Smeds,Challenger,157,125,,169,153
162,summoner-7890412,163,bojack ANU,Challenger,154,124,,444,411
163,summoner-945177,164,smurfQ283490070,Challenger,153,95,,426,382
164,summoner-2982057,165,Madmaximo,Challenger,152,140,,184,149
165,summoner-10061504,166,HTC GuaPi,Challenger,151,121,,446,424
166,summoner-437165,167,Azus,Challenger,147,119,,400,383
167,summoner-6381137,168,AresSigh,Challenger,147,42,,98,54
168,summoner-329397,169,G0V,Challenger,143,152,,483,473
169,summoner-448934,170,permanent mute,Challenger,141,92,,166,155
170,summoner-9101159,171,Just a game,Challenger,140,94,,440,407
171,summoner-9151665,172,BLACKPINK Róse,Challenger,139,43,,80,57
172,summoner-531379,173,aaeer,Challenger,138,81,,236,224
173,summoner-352592,174,Daegu Venus,Challenger,138,65,,115,95
174,summoner-1830141,175,kaios619,Challenger,137,70,,191,180
175,summoner-240105,176,Cane Me Daddy,Challenger,136,59,,168,120
176,summoner-4802261,177,Mashadar,Challenger,136,67,,110,92
177,summoner-1333527,178,Him and I,Challenger,136,48,,105,88
178,summoner-323313,179,Aware,Challenger,136,60,,80,67
179,summoner-8430194,180,RNG AI,Challenger,136,80,,77,66
180,summoner-9251514,181,dahaoshiwangzhe,Challenger,135,52,,142,109
181,summoner-2731428,182,ITN Fudge,Challenger,130,63,,183,135
182,summoner-6020977,183,DW k1ng,Challenger,130,37,,48,30
183,summoner-236616,184,SulNix,Challenger,129,109,,352,340
184,summoner-222562,185,Morgank Freeman,Challenger,126,108,,164,147
185,summoner-6680397,186,Jungle is win,Challenger,121,67,,168,155
186,summoner-11860960,187,trash canister,Challenger,120,70,,281,248
187,summoner-484631,188,Oshino,Challenger,116,80,,224,188
188,summoner-10951949,189,LilPump,Challenger,116,49,,138,103
189,summoner-7621555,190,Katsuri,Challenger,109,62,,143,126
190,summoner-3081213,191,MVP lan,Challenger,106,83,,189,182
191,summoner-12320606,192,Bogoshipuhyo,Challenger,105,36,,46,35
192,summoner-236630,193,Nomadic Jungler,Challenger,104,40,,68,47
193,summoner-477410,194,Klaire,Challenger,102,55,,147,126
194,summoner-8201755,195,Katsurii,Challenger,101,88,,251,243
195,summoner-280161,196,Mayura,Challenger,100,116,,357,350
196,summoner-236461,197,Dis,Challenger,99,105,,316,304
197,summoner-6391346,198,kaiydo 2,Challenger,98,42,,89,47
198,summoner-272065,199,superwog1,Challenger,88,51,,94,84
199,summoner-11350140,200,cant remember,Challenger,77,49,,120,96
200,summoner-8050173,201,good player97,Master,117,81,,77,70
201,summoner-3072610,202,Gerissi,Master,101,63,,176,158
202,summoner-7291918,203,LetTheGayGo,Master,84,76,,233,217
203,summoner-3310720,204,Piggie,Master,81,73,,153,153
204,summoner-1440378,205,LoneIy,Master,78,88,,216,192
205,summoner-6130376,206,Gonna slay u,Master,73,71,,177,120
206,summoner-5381177,207,Mr floppy sock,Master,72,110,,468,459
207,summoner-293100,208,Jub Jub,Master,71,89,,273,276
208,summoner-479574,209,Vivid,Master,56,86,,48,34
209,summoner-438257,210,ßlitzcrank,Master,65,58,,162,129
210,summoner-8930255,211,Yün Chèung,Master,63,142,,302,281
211,summoner-231399,212,Zaptar,Master,62,125,,339,335
212,summoner-277034,213,Jolt,Master,62,105,,320,301
213,summoner-11161564,214,JaIeeI,Master,62,51,,98,73
214,summoner-3802072,215,SolStar,Master,62,65,,75,49
215,summoner-356125,216,Newto,Master,61,88,,240,229
216,summoner-5201174,217,MasterGarenDimon,Master,59,82,,239,218
217,summoner-470295,218,Navi,Master,59,76,,149,111
218,summoner-7281092,219,Cuo,Master,58,53,,150,136
219,summoner-557104,220,sh00zyz,Master,56,94,,99,86
220,summoner-233721,221,k1ngOfTheYouth,Master,42,50,,85,82
221,summoner-221417,222,Chazz It Up,Master,55,61,,116,101
222,summoner-1903829,223,no hands btw,Master,53,68,,171,157
223,summoner-5451344,224,AwsomeSDevil,Master,52,105,,486,451
224,summoner-747148,225,Anderu,Master,50,104,,153,146
225,summoner-11056599,226,mid halo,Master,70,74,,276,243
226,summoner-10570533,227,owowowowowowowow,Master,46,49,,103,52
227,summoner-276134,228,Zíppo,Master,43,141,,128,101
228,summoner-744422,229,Farmer,Master,42,92,,180,169
229,summoner-1750151,230,Tudo,Master,23,95,,247,243
230,summoner-481977,231,Tilterella,Master,41,74,,115,107
231,summoner-296998,232,CaitlynUltedJFK,Master,40,108,,221,210
232,summoner-490978,233,Taelen,Master,37,99,,398,368
233,summoner-6690216,234,2017 07 07,Master,35,117,,139,129
234,summoner-3110212,235,DW Cupcake,Master,33,65,,94,85
235,summoner-624689,236,Kurisutiiiina,Master,32,86,,213,203
236,summoner-813780,237,Ionia,Master,31,68,,99,63
237,summoner-11212045,238,Dekar The Rengar,Master,30,58,,168,117
238,summoner-12330331,239,AV DarkSide,Master,29,36,,43,21
239,summoner-7130976,240,Animosityxx,Master,28,129,,141,144
240,summoner-11230285,241,slkjdf,Master,24,59,,206,175
241,summoner-1250370,242,Akali or GG,Master,23,77,,253,249
242,summoner-8371066,243,H4MMY,Master,23,99,,202,172
243,summoner-567993,244,Chloe Burbank,Master,21,76,,71,59
244,summoner-443078,245,Pisang,Master,19,74,,296,256
245,summoner-7050167,246,SìNNERS,Master,18,108,,178,167
246,summoner-363411,247,Marvoss,Master,18,37,,65,33
247,summoner-326206,248,Coach Curtis,Master,10,55,,121,106
248,summoner-852980,249,team bad me mad,Master,9,56,,155,122
249,summoner-1280673,250,Qoobe,Master,4,73,,166,161
250,summoner-470404,251,BushyBooBoo,Master,0,162,,689,694
251,summoner-511802,252,Callurjglertrash,Master,0,60,,221,191
252,summoner-220545,253,Frolloc,Master,0,152,,206,172
253,summoner-454494,254,Rêxx,Master,0,106,,143,99
254,summoner-405709,255,w1ndzera,Master,0,63,,121,109
255,summoner-4491948,256,DW SHERN1FIRE,Master,0,49,,115,71
256,summoner-10870678,257,Wìsh,Master,0,44,,90,73
257,summoner-237869,258,eezyarC toN,Diamond 1,100,136,,477,476
258,summoner-225340,259,Catch Me On Fire,Diamond 1,100,105,,443,433
259,summoner-3490137,260,brekfast,Diamond 1,100,95,,340,334
260,summoner-510010,261,Kimchiii,Diamond 1,100,78,,164,139
261,summoner-439337,262,GU Faker,Diamond 1,100,67,,154,143
262,summoner-820889,263,4444441,Diamond 1,100,50,,135,48
263,summoner-690302,264,chf Leo,Diamond 1,100,55,,96,86
264,summoner-8562347,265,Micah,Diamond 1,100,42,,92,41
265,summoner-7631957,266,twitchtvPhantiks,Diamond 1,100,39,,70,42
266,summoner-11030157,267,NONO,Diamond 1,100,53,,70,26
267,summoner-1321671,268,Giganaut,Diamond 1,100,74,,47,32
268,summoner-357181,269,Destinyy,Diamond 1,100,44,,44,35
269,summoner-509185,270,Noob,Diamond 1,99,62,,167,141
270,summoner-407599,271,Shogun Altair,Diamond 1,96,81,,107,92
271,summoner-434116,272,nooba,Diamond 1,96,50,,37,20
272,summoner-303883,273,c u soon,Diamond 1,95,88,,236,220
273,summoner-1260354,274,LaJiWangZheCNXM,Diamond 1,94,147,,547,545
274,summoner-1395519,275,BMR Looch,Diamond 1,93,88,,261,241
275,summoner-891628,276,Ready321GO,Diamond 1,92,79,,236,230
276,summoner-5943766,277,Hkbesttroll,Diamond 1,92,82,,187,181
277,summoner-8620524,278,Baeatrice,Diamond 1,92,61,,133,119
278,summoner-8183067,279,Have Fun,Diamond 1,90,68,,141,126
279,summoner-11350131,280,Senuc DIN,Diamond 1,90,39,,58,28
280,summoner-9370914,281,pocketgirl,Diamond 1,90,53,,34,15
281,summoner-233863,282,Reminder,Diamond 1,89,98,,270,263
282,summoner-6410962,283,IlIlIlIlIlIlIll,Diamond 1,88,46,,68,56
283,summoner-632520,284,ACTL2131,Diamond 1,87,65,,163,158
284,summoner-332728,285,mdvxwys,Diamond 1,87,55,,109,85
285,summoner-460937,286,Deztend,Diamond 1,84,103,,256,231
286,summoner-234403,287,THE SMORC BEAR,Diamond 1,84,64,,128,110
287,summoner-11260152,288,Phosphophylite,Diamond 1,84,48,,102,86
288,summoner-343682,289,Peasy,Diamond 1,80,121,,252,243
289,summoner-299452,290,Mikazuki,Diamond 1,78,72,,104,92
290,summoner-336476,291,Tommy 2000,Diamond 1,77,61,,77,68
291,summoner-482979,292,bombboy,Diamond 1,77,47,,36,27
292,summoner-314888,293,JellyCub,Diamond 1,76,75,,267,267
293,summoner-224426,294,Ruinn,Diamond 1,76,77,,216,203
294,summoner-3171338,295,weixin2285407603,Diamond 1,76,60,,171,163
295,summoner-479438,296,Falkner,Diamond 1,76,97,,128,123
296,summoner-9660178,297,PurpleLamaGamer,Diamond 1,75,109,,353,304
297,summoner-820884,298,Mur1m,Diamond 1,75,97,,345,330
298,summoner-741594,299,Kickback69,Diamond 1,75,68,,287,227
299,summoner-775147,300,shui bu gou TuT,Diamond 1,75,112,,265,224
300,summoner-5171370,301,Hi I am Vince,Diamond 1,75,89,,213,196
301,summoner-233843,302,Dreamy Donut,Diamond 1,75,59,,211,183
302,summoner-1343871,303,POSSYM,Diamond 1,75,74,,210,182
303,summoner-492773,304,stop torture me,Diamond 1,75,66,,192,155
304,summoner-2600474,305,gg ff,Diamond 1,75,60,,183,149
305,summoner-9920508,306,M4A11111,Diamond 1,75,85,,178,145
306,summoner-10451585,307,20 Mins in Q,Diamond 1,75,64,,164,160
307,summoner-5943935,308,Azure,Diamond 1,75,108,,158,136
308,summoner-300609,309,BladeWristed,Diamond 1,75,60,,152,125
309,summoner-232475,310,Boss McNuggets,Diamond 1,75,75,,143,121
310,summoner-11370128,311,Tijé,Diamond 1,75,49,,138,111
311,summoner-626793,312,feifeiAAAAAA,Diamond 1,75,67,,133,96
312,summoner-3162807,313,7425,Diamond 1,75,100,,130,111
313,summoner-5310901,314,kaios19231230221,Diamond 1,75,97,,129,109
314,summoner-455477,315,Hold You Tight,Diamond 1,75,59,,118,94
315,summoner-9050195,316,SKT,Diamond 1,75,76,,118,108
316,summoner-594237,317,Soulstrikes,Diamond 1,75,72,,117,111
317,summoner-1891528,318,Rank 1 MID,Diamond 1,75,45,,117,65
318,summoner-8430364,319,Yaelay,Diamond 1,75,47,,116,104
319,summoner-11941453,320,ecotoxic 4,Diamond 1,75,45,,112,85
320,summoner-12220760,321,Richard Soup,Diamond 1,75,43,,103,76
321,summoner-583483,322,Beaunivia,Diamond 1,75,74,,100,95
322,summoner-2351692,323,loveforever,Diamond 1,75,47,,99,60
323,summoner-8610762,324,clairo,Diamond 1,75,50,,89,72
324,summoner-3680308,325,Bma,Diamond 1,75,58,,88,82
325,summoner-636251,326,Swiffer,Diamond 1,75,57,,84,62
326,summoner-11131946,327,Once upon a time,Diamond 1,75,40,,83,56
327,summoner-9350340,328,Caithe,Diamond 1,75,49,,77,66
328,summoner-4880235,329,bub,Diamond 1,75,54,,73,63
329,summoner-664497,330,Zhengchao God,Diamond 1,75,51,,72,60
330,summoner-2171317,331,k1ng Cupcake,Diamond 1,75,40,,71,30
331,summoner-2572995,332,Cupcake k1ng,Diamond 1,75,42,,68,33
332,summoner-900249,333,Tôi Là Thiên,Diamond 1,75,43,,63,45
333,summoner-1374113,334,Rukira,Diamond 1,75,114,,53,42
334,summoner-333625,335,Margaret Mahy,Diamond 1,74,127,,119,98
335,summoner-5380334,336,YasuoHawkNz,Diamond 1,74,71,,108,97
336,summoner-7390819,337,ryujinokewokurae,Diamond 1,73,52,,114,101
337,summoner-10550824,338,Armless Autism,Diamond 1,72,61,,183,138
338,summoner-940870,339,poopi,Diamond 1,72,48,,43,23
339,summoner-307081,340,BlueHawkNz,Diamond 1,71,49,,51,42
340,summoner-3553855,341,Shiloh,Diamond 1,69,134,,274,267
341,summoner-553896,342,Evilhag,Diamond 1,69,68,,44,39
342,summoner-501188,343,Jr Burgerz,Diamond 1,68,64,,191,157
343,summoner-8440977,344,Kohta,Diamond 1,68,64,,119,108
344,summoner-448008,345,The Lee Sin,Diamond 1,68,66,,80,51
345,summoner-274320,346,Boosted Janna,Diamond 1,68,103,,75,71
346,summoner-443126,347,Bahrewer,Diamond 1,67,114,,86,71
347,summoner-276609,348,ìcøn,Diamond 1,67,74,,76,75
348,summoner-584830,349,GZ HaiT,Diamond 1,64,62,,161,127
349,summoner-670511,350,Billythekidzz,Diamond 1,64,85,,132,123
350,summoner-774614,351,Love Mosquito,Diamond 1,64,88,,112,97
351,summoner-443775,352,RAISE UR DONGERZ,Diamond 1,64,43,,48,34
352,summoner-11250976,353,KR DOPA,Diamond 1,63,54,,111,71
353,summoner-9970922,354,Redemptionˉ,Diamond 1,63,47,,60,57
354,summoner-434399,355,Whimstaff,Diamond 1,62,49,,64,59
355,summoner-9840127,356,dailianjiahaoyou,Diamond 1,61,59,,219,200
356,summoner-406482,357,BADDiE,Diamond 1,61,70,,120,106
357,summoner-501165,358,i looove aram,Diamond 1,61,65,,55,45
358,summoner-447401,359,Juhuakiller,Diamond 1,59,90,,242,232
359,summoner-234079,360,Top Lane Virgin,Diamond 1,59,47,,94,87
360,summoner-1850129,361,aXeL0uS,Diamond 1,57,103,,304,282
361,summoner-11060162,362,M1d hu,Diamond 1,57,74,,154,140
362,summoner-6362083,363,d0t4nat0r,Diamond 1,56,161,,181,169
363,summoner-436171,364,im LHao,Diamond 1,53,90,,274,243
364,summoner-288782,365,lil splash,Diamond 1,53,81,,213,209
365,summoner-771385,366,Back To November,Diamond 1,53,76,,153,127
366,summoner-2431627,367,Blacksey,Diamond 1,53,107,,111,89
367,summoner-11065193,368,Prey Seeker,Diamond 1,53,48,,40,25
368,summoner-9030151,369,baxixiaoniu,Diamond 1,52,95,,419,406
369,summoner-283916,370,ecotoxic,Diamond 1,52,84,,300,305
370,summoner-326444,371,Huey Dewey Louie,Diamond 1,50,144,,481,466
371,summoner-238330,372,Koods,Diamond 1,50,122,,472,466
372,summoner-10970417,373,Felinnothair,Diamond 1,50,87,,399,362
373,summoner-6420316,374,4uu,Diamond 1,50,165,,215,167
374,summoner-794192,375,Skyscorcher,Diamond 1,50,95,,184,168
375,summoner-277464,376,Kpooop,Diamond 1,50,73,,165,158
376,summoner-454805,377,RNG      MR E N,Diamond 1,50,55,,158,104
377,summoner-491243,378,DeathSphere22,Diamond 1,50,70,,156,144
378,summoner-3020293,379,WeWantPeace,Diamond 1,50,74,,118,77
379,summoner-2523280,380,P 18 15 16 8,Diamond 1,50,45,,106,79
380,summoner-10110125,381,Ding Hao Tian,Diamond 1,50,59,,79,44
381,summoner-335113,382,lilaznrat,Diamond 1,50,70,,69,56
382,summoner-723286,383,Kiitty,Diamond 1,49,68,,87,87
383,summoner-901980,384,Dragku,Diamond 1,48,78,,253,241
384,summoner-11224170,385,TwitchTVLronwoif,Diamond 1,48,66,,194,160
385,summoner-221510,386,JuvesMuntedNose,Diamond 1,48,44,,75,64
386,summoner-11252383,387,Lolista,Diamond 1,47,56,,166,112
387,summoner-582861,388,ShuHaiBuRongYi,Diamond 1,47,51,,71,60
388,summoner-890994,389,RBE BoBo,Diamond 1,46,70,,133,104
389,summoner-288335,390,Nirphana,Diamond 1,46,89,,82,69
390,summoner-402487,391,Baahrewer,Diamond 1,46,51,,74,53
391,summoner-227475,392,Mikes,Diamond 1,45,107,,188,165
392,summoner-1771810,393,Phos,Diamond 1,45,57,,101,65
393,summoner-2712951,394,EL Legendary,Diamond 1,43,52,,88,56
394,summoner-643368,395,Young Stavros,Diamond 1,42,117,,330,320
395,summoner-3680392,396,YukiistMe,Diamond 1,42,60,,120,88
396,summoner-11130130,397,LydiaeK,Diamond 1,41,100,,130,109
397,summoner-8720302,398,Black phoen1x,Diamond 1,41,47,,114,87
398,summoner-624642,399,123456978,Diamond 1,41,47,,82,78
399,summoner-1200380,400,Jaiya,Diamond 1,41,67,,69,43
400,summoner-7350836,401,DaDazhy,Diamond 1,40,74,,187,130
401,summoner-774275,402,Savannah,Diamond 1,40,85,,172,164
402,summoner-9330908,403,Positive Juves,Diamond 1,39,119,,400,400
403,summoner-393328,404,AuSNlPE,Diamond 1,38,56,,121,110
404,summoner-3560420,405,Kaaitsune,Diamond 1,35,77,,240,193
405,summoner-323773,406,Kedu715,Diamond 1,35,95,,205,204
406,summoner-330848,407,4y5tvb8,Diamond 1,35,62,,173,157
407,summoner-443860,408,zuowodemiao,Diamond 1,35,61,,120,106
408,summoner-890992,409,Khuong Pham,Diamond 1,35,85,,43,38
409,summoner-456283,410,j0hns0nBurger,Diamond 1,34,57,,43,35
410,summoner-354808,411,Warrior Turtle,Diamond 1,33,81,,175,140
411,summoner-339515,412,Sheng Sheng,Diamond 1,33,54,,160,100
412,summoner-222980,413,Z OMEGALUL E,Diamond 1,33,55,,128,109
413,summoner-236253,414,Hey You,Diamond 1,32,69,,181,149
414,summoner-934569,415,ShiftZ,Diamond 1,32,49,,113,54
415,summoner-2573886,416,Cyan Willow,Diamond 1,32,137,,68,65
416,summoner-824118,417,DaPiPi,Diamond 1,31,63,,70,69
417,summoner-703699,418,inx,Diamond 1,31,61,,61,53
418,summoner-312239,419,Philosophy,Diamond 1,30,110,,164,164
419,summoner-702613,420,Howard,Diamond 1,30,61,,128,111
420,summoner-229440,421,Enter Dreamland,Diamond 1,30,84,,107,101
421,summoner-4953082,422,Cute Ragdoll,Diamond 1,29,139,,244,222
422,summoner-370235,423,ziye,Diamond 1,29,59,,152,96
423,summoner-290213,424,Small Fish,Diamond 1,29,108,,133,107
424,summoner-454342,425,volkzz,Diamond 1,29,70,,121,112
425,summoner-235577,426,Reptox,Diamond 1,28,58,,121,112
426,summoner-1403425,427,KURT PERRY,Diamond 1,28,55,,85,77
427,summoner-314859,428,Biofrost,Diamond 1,26,129,,190,180
428,summoner-326064,429,Slayer,Diamond 1,25,83,,273,238
429,summoner-1530424,430,SCENAR1O,Diamond 1,25,56,,152,148
430,summoner-283402,431,Syuko,Diamond 1,25,98,,144,122
431,summoner-11350126,432,8th place top,Diamond 1,25,49,,130,109
432,summoner-324274,433,Kensen,Diamond 1,25,61,,108,85
433,summoner-314795,434,Grog Dog1,Diamond 1,25,44,,95,71
434,summoner-9800260,435,Irenaceus,Diamond 1,25,38,,70,34
435,summoner-285621,436,Framer,Diamond 1,23,79,,164,160
436,summoner-341477,437,WildPig,Diamond 1,23,94,,101,91
437,summoner-364454,438,Rage At LoL,Diamond 1,22,122,,207,173
438,summoner-11370138,439,Mrs Krabappel,Diamond 1,21,60,,184,184
439,summoner-484507,440,Cheph,Diamond 1,20,107,,365,368
440,summoner-498305,441,Todderk,Diamond 1,19,73,,201,188
441,summoner-354323,442,Merkatroid,Diamond 1,19,64,,71,54
442,summoner-555008,443,6AM 0two1,Diamond 1,19,59,,42,36
443,summoner-481142,444,April Ryan,Diamond 1,18,62,,226,186
444,summoner-630464,445,Xcuse Mee,Diamond 1,17,84,,150,151
445,summoner-4221919,446,TriHard 7,Diamond 1,17,55,,149,96
446,summoner-503773,447,NADA1001,Diamond 1,17,53,,103,94
447,summoner-9611699,448,good kid,Diamond 1,16,67,,177,177
448,summoner-7491130,449,zZJay,Diamond 1,16,90,,127,122
449,summoner-302224,450,Midås,Diamond 1,16,67,,44,34
450,summoner-431504,451,ianno,Diamond 1,15,91,,134,128
451,summoner-11840153,452,Japanerella,Diamond 1,13,50,,166,138
452,summoner-8081649,453,First Time Swain,Diamond 1,13,62,,155,112
453,summoner-332858,454,lokyun,Diamond 1,11,99,,209,200
454,summoner-3930175,455,Eolant,Diamond 1,10,128,,472,438
455,summoner-10011928,456,DoochiWa,Diamond 1,10,63,,178,149
456,summoner-304479,457,gkez,Diamond 1,9,59,,154,129
457,summoner-300165,458,HNDRXX,Diamond 1,9,103,,35,27
458,summoner-11171162,459,98116,Diamond 1,8,53,,147,97
459,summoner-470164,460,KennyHai,Diamond 1,7,66,,161,157
460,summoner-11160195,461,Kimchiii 2,Diamond 1,6,59,,151,97
461,summoner-9220132,462,glugluglu,Diamond 1,6,46,,52,41
462,summoner-9611538,463,bunni,Diamond 1,6,37,,30,8
463,summoner-557330,464,JHONG,Diamond 1,5,51,,121,111
464,summoner-304980,465,iChuckRice,Diamond 1,5,79,,90,90
465,summoner-409738,466,Valkia,Diamond 1,3,109,,223,210
466,summoner-970961,467,handyman94,Diamond 1,1,47,,84,70
467,summoner-707970,468,kmy,Diamond 1,1,41,,68,52
468,summoner-406918,469,Mai Shiu,Diamond 1,0,117,,328,312
469,summoner-365399,470,No Fear,Diamond 1,0,114,,298,294
470,summoner-278492,471,LustMonkey,Diamond 1,0,86,,290,277
471,summoner-303120,472,Bite,Diamond 1,0,66,,277,244
472,summoner-4382883,473,Smoko Shed,Diamond 1,0,95,,244,235
473,summoner-402609,474,The Silent Voice,Diamond 1,0,78,,218,219
474,summoner-3444063,475,helloworld369,Diamond 1,0,75,,198,144
475,summoner-233072,476,Daddy Vincent,Diamond 1,0,71,,197,154
476,summoner-620418,477,LaughingManES,Diamond 1,0,74,,187,172
477,summoner-590760,478,Han Guk In Ruski,Diamond 1,0,85,,179,151
478,summoner-489065,479,Mpowered,Diamond 1,0,116,,159,136
479,summoner-221999,480,Yatsume,Diamond 1,0,88,,143,139
480,summoner-457463,481,dean,Diamond 1,0,80,,140,125
481,summoner-11430174,482,Forsaken Dream,Diamond 1,0,55,,134,124
482,summoner-277256,483,Thydah,Diamond 1,0,73,,112,114
483,summoner-324564,484,Submissive Trap,Diamond 1,0,81,,91,81
484,summoner-314889,485,zorenous,Diamond 1,0,75,,85,74
485,summoner-630568,486,Crazy Giraffe,Diamond 1,0,51,,80,81
486,summoner-497415,487,boboxD,Diamond 1,0,91,,75,52
487,summoner-276620,488,Hyperzoz,Diamond 1,0,62,,71,61
488,summoner-323306,489,JJ27CM,Diamond 1,0,52,,65,46
489,summoner-4802235,490,MyPetMonkey,Diamond 1,0,62,,63,61
490,summoner-1872199,491,Arashi,Diamond 1,0,78,,59,49
491,summoner-700593,492,Twistar,Diamond 1,0,40,,53,40
492,summoner-5502181,493,9420,Diamond 1,0,41,,46,14
493,summoner-11580566,494,sooobinms,Diamond 1,0,40,,45,14
494,summoner-11076305,495,yeolahop,Diamond 1,0,41,,43,18
495,summoner-7940303,496,kai0s,Diamond 1,0,46,,39,26
496,summoner-743224,497,225,Diamond 2,100,134,,284,256
497,summoner-3481025,498,a friendly noob,Diamond 2,100,73,,150,138
498,summoner-495039,499,ARAMers suck,Diamond 2,100,94,,143,128
499,summoner-296114,500,KayHuynh,Diamond 2,100,72,,133,119
500,summoner-589351,501,Ronni,Diamond 2,100,52,,121,108
501,summoner-11840344,502,QaQ08,Diamond 2,100,44,,108,84
502,summoner-397500,503,SKT T1 Uzi,Diamond 2,100,58,,108,63
503,summoner-2330180,504,NewTronix,Diamond 2,100,64,,100,94
504,summoner-1980384,505,Nausicaä,Diamond 2,100,100,,92,89
505,summoner-7860178,506,tbman,Diamond 2,100,47,,83,74
506,summoner-2060238,507,Soy Xixi,Diamond 2,100,49,,82,49
507,summoner-404739,508,Abby Ma,Diamond 2,94,116,,281,264
508,summoner-554066,509,kalroc,Diamond 2,94,93,,68,58
509,summoner-11280145,510,AFs Kiin,Diamond 2,93,46,,79,51
510,summoner-744879,511,Tinysmish,Diamond 2,93,63,,52,40
511,summoner-286698,512,Ability,Diamond 2,92,63,,92,88
512,summoner-227375,513,GreatEngrish,Diamond 2,92,90,,78,66
513,summoner-300358,514,Dissociation,Diamond 2,91,65,,180,166
514,summoner-577732,515,Bose,Diamond 2,90,99,,292,289
515,summoner-222739,516,Mechanical Kyle,Diamond 2,90,68,,94,86
516,summoner-2181036,517,Fluous,Diamond 2,89,47,,78,72
517,summoner-6220301,518,Mokamoka,Diamond 2,83,69,,241,224
518,summoner-399946,519,Debatable Plays,Diamond 2,82,95,,267,226
519,summoner-356193,520,BlG Picture,Diamond 2,81,76,,76,74
520,summoner-11360133,521,YeahNahYeahMaybe,Diamond 2,78,43,,71,62
521,summoner-3831740,522,Bubberduck,Diamond 2,77,71,,252,237
522,summoner-1167193,523,Šipić,Diamond 2,75,95,,347,335
523,summoner-706325,524,Ecka,Diamond 2,75,100,,180,153
524,summoner-7110774,525,dmz4213,Diamond 2,75,75,,167,157
525,summoner-11202748,526,Pathetic Idiot,Diamond 2,75,51,,153,111
526,summoner-436716,527,Jimurenio,Diamond 2,75,96,,148,124
527,summoner-11971346,528,cønfusednimbIe,Diamond 2,75,47,,131,92
528,summoner-11211553,529,BrunonLnDq,Diamond 2,75,49,,124,85
529,summoner-11061200,530,ecotoxic 3,Diamond 2,75,73,,120,90
530,summoner-11350134,531,ITN k1ng,Diamond 2,75,48,,119,88
531,summoner-302863,532,IG The shy ovo,Diamond 2,75,77,,118,108
532,summoner-10191722,533,ecotoxic 2,Diamond 2,75,45,,107,81
533,summoner-1061196,534,kayoko,Diamond 2,75,63,,105,84
534,summoner-6630790,535,jyj,Diamond 2,75,58,,102,104
535,summoner-672019,536,ryalia,Diamond 2,75,45,,96,90
536,summoner-749364,537,monster hunter,Diamond 2,75,51,,88,83
537,summoner-448971,538,Eva,Diamond 2,75,66,,59,69
538,summoner-278179,539,ozo1329,Diamond 2,75,99,,58,48
539,summoner-721676,540,J0hns0n,Diamond 2,75,36,,39,29
540,summoner-235604,541,Brush Fun,Diamond 2,74,72,,105,96
541,summoner-371174,542,Bardo,Diamond 2,71,95,,218,210
542,summoner-9981331,543,NoIIXigbar,Diamond 2,71,54,,37,26
543,summoner-2741810,544,4 H e a d K i d,Diamond 2,70,79,,150,92
544,summoner-1500529,545,Mumps,Diamond 2,69,79,,110,109
545,summoner-483618,546,SuperSkitzzo,Diamond 2,67,160,,712,710
546,summoner-1110899,547,Cizza AU,Diamond 2,67,92,,150,131
547,summoner-2132627,548,OwO OuO OvO,Diamond 2,67,65,,107,97
548,summoner-2481615,549,aznchungy,Diamond 2,66,105,,415,419
549,summoner-331036,550,Magic Mike,Diamond 2,63,92,,203,182
550,summoner-1721171,551,Kewlie,Diamond 2,63,63,,89,68
551,summoner-1440400,552,unstable ping,Diamond 2,63,54,,76,69
552,summoner-480048,553,Wreck It Rhune,Diamond 2,62,94,,119,122
553,summoner-11340135,554,Bjork not Bjerg,Diamond 2,62,44,,109,74
554,summoner-714382,555,Jerey,Diamond 2,61,69,,166,159
555,summoner-4462034,556,Uzi Fanboy,Diamond 2,60,69,,185,151
556,summoner-2560269,557,Omni v2,Diamond 2,60,74,,146,145
557,summoner-478373,558,Homeless Leaf,Diamond 2,60,71,,108,98
558,summoner-568646,559,hyejoo,Diamond 2,59,70,,82,62
559,summoner-11780837,560,oce Thanoš,Diamond 2,58,52,,139,106
560,summoner-10881536,561,Lillo,Diamond 2,58,102,,83,62
561,summoner-6251921,562,FreshStartJason,Diamond 2,57,57,,214,177
562,summoner-483296,563,DW Rippii,Diamond 2,57,53,,147,109
563,summoner-4390704,564,duckly,Diamond 2,56,90,,207,199
564,summoner-294150,565,Jopan,Diamond 2,56,61,,46,41
565,summoner-221555,566,im tilting,Diamond 2,55,80,,114,116
566,summoner-8210805,567,Kpop,Diamond 2,54,110,,145,143
567,summoner-6231287,568,LLocky,Diamond 2,53,68,,136,101
568,summoner-860500,569,Billythekidzz 2,Diamond 2,53,45,,43,33
569,summoner-280418,570,Coopos,Diamond 2,52,108,,139,125
570,summoner-7981097,571,Ame seule,Diamond 2,52,95,,67,63
571,summoner-4130305,572,Mörty,Diamond 2,51,103,,267,263
572,summoner-701278,573,Çalcifer,Diamond 2,48,80,,161,122
573,summoner-6672121,574,Archie,Diamond 2,47,105,,205,202
574,summoner-392492,575,GZ Hyper,Diamond 2,47,75,,129,123
575,summoner-7361244,576,Watch Anime pls,Diamond 2,47,37,,43,33
576,summoner-349960,577,NorthFace,Diamond 2,45,121,,157,137
577,summoner-397704,578,risktaker,Diamond 2,44,76,,195,194
578,summoner-1440227,579,Squidgy Boy,Diamond 2,44,77,,110,110
579,summoner-632043,580,GuyMadeOfFire,Diamond 2,44,39,,51,36
580,summoner-1811697,581,Ragdol1,Diamond 2,43,68,,175,161
581,summoner-774086,582,Garlic Sauce,Diamond 2,43,48,,120,91
582,summoner-903644,583,nooseboy,Diamond 2,43,106,,35,17
583,summoner-554055,584,Bulzy,Diamond 2,42,49,,148,133
584,summoner-233511,585,cruncheycake,Diamond 2,41,111,,79,69
585,summoner-11121416,586,Cheph 2,Diamond 2,40,44,,111,70
586,summoner-440787,587,Silk,Diamond 2,39,60,,157,141
587,summoner-581032,588,Káne,Diamond 2,38,133,,198,206
588,summoner-639823,589,Quinonos,Diamond 2,38,84,,113,112
589,summoner-3680635,590,Shirø,Diamond 2,38,143,,69,66
590,summoner-284240,591,iBanished,Diamond 2,36,116,,182,160
591,summoner-449100,592,Fervour,Diamond 2,36,108,,91,92
592,summoner-364702,593,Pulsefire Teemo,Diamond 2,36,71,,55,37
593,summoner-4530610,594,liansuck,Diamond 2,34,76,,127,123
594,summoner-4461045,595,I Am Rengar,Diamond 2,34,108,,121,111
595,summoner-4480984,596,dzy,Diamond 2,33,71,,267,274
596,summoner-4301382,597,Dr Halo,Diamond 2,33,81,,77,52
597,summoner-302759,598,Rye,Diamond 2,32,111,,458,447
598,summoner-226673,599,Air,Diamond 2,32,117,,103,99
599,summoner-11065408,600,DaGui,Diamond 2,31,119,,403,352
600,summoner-7460332,601,ThroneV,Diamond 2,31,110,,401,350
601,summoner-302859,602,Fndrr22dxd,Diamond 2,31,66,,163,159
602,summoner-5141556,603,LOA Fuki,Diamond 2,31,53,,136,125
603,summoner-8690146,604,Cères,Diamond 2,31,73,,83,89
604,summoner-8810339,605,PurpleLama,Diamond 2,30,49,,104,80
605,summoner-566367,606,Stop Trolling Me,Diamond 2,29,130,,312,293
606,summoner-7000424,607,rice1,Diamond 2,29,43,,65,54
607,summoner-320598,608,PowPowPanda,Diamond 2,29,59,,64,69
608,summoner-11750154,609,Bdo1nk,Diamond 2,29,37,,62,30
609,summoner-3980651,610,Morpice121,Diamond 2,29,121,,60,43
610,summoner-451342,611,Clovus,Diamond 2,26,83,,125,128
611,summoner-3710427,612,NinjaLegend1,Diamond 2,25,61,,148,136
612,summoner-4802282,613,Uchîha Obito,Diamond 2,25,59,,135,110
613,summoner-461490,614,First Mate,Diamond 2,25,74,,132,111
614,summoner-841698,615,ecotoxic 1,Diamond 2,25,54,,132,117
615,summoner-9690912,616,Destromath,Diamond 2,25,46,,81,78
616,summoner-275308,617,Impaired,Diamond 2,25,75,,67,49
617,summoner-2920134,618,ThePirateBae,Diamond 2,25,70,,48,39
618,summoner-399563,619,Kevskin,Diamond 2,25,83,,33,23
619,summoner-8150153,620,EGOIST Dough,Diamond 2,23,113,,427,364
620,summoner-233822,621,Mcbobba,Diamond 2,23,159,,239,216
621,summoner-11990152,622,asGood as YaoBai,Diamond 2,23,56,,129,65
622,summoner-11390379,623,SøfM,Diamond 2,23,43,,100,68
623,summoner-325800,624,MeepBalls,Diamond 2,21,72,,52,47
624,summoner-5945344,625,Buck Shots,Diamond 2,20,42,,43,35
625,summoner-406857,626,it gets better,Diamond 2,19,54,,176,117
626,summoner-1574708,627,Donzac101,Diamond 2,19,52,,65,51
627,summoner-306624,628,Donggy,Diamond 2,19,56,,45,31
628,summoner-6141799,629,ShØut,Diamond 2,18,70,,225,190
629,summoner-369823,630,Boa Hancöck,Diamond 2,18,152,,133,100
630,summoner-973756,631,tgunAU,Diamond 2,18,53,,127,127
631,summoner-3052095,632,Defenestrate,Diamond 2,18,73,,123,120
632,summoner-3642620,633,Damage Bot,Diamond 2,18,49,,120,110
633,summoner-447687,634,Grisha,Diamond 2,17,86,,258,248
634,summoner-11085230,635,ililiiiillliil,Diamond 2,17,81,,188,191
635,summoner-1883783,636,God Of LP,Diamond 2,16,110,,348,351
636,summoner-566468,637,Kpoop,Diamond 2,16,81,,224,194
637,summoner-742576,638,Zagnoids,Diamond 2,16,83,,175,142
638,summoner-6841129,639,PumaS,Diamond 2,16,63,,175,170
639,summoner-291753,640,Moon,Diamond 2,16,114,,65,66
640,summoner-11080766,641,eris,Diamond 2,15,60,,129,101
641,summoner-1471865,642,Bear,Diamond 2,15,71,,83,80
642,summoner-2550310,643,Yuuk1 Asuna,Diamond 2,12,84,,204,191
643,summoner-479671,644,Bozos,Diamond 2,11,67,,120,120
644,summoner-5894360,645,DJChonz,Diamond 2,10,83,,364,337
645,summoner-670210,646,1osing,Diamond 2,9,99,,150,109
646,summoner-953810,647,Kayn and Abel,Diamond 2,7,58,,78,72
647,summoner-638946,648,Qiunibieshelimia,Diamond 2,6,77,,147,138
648,summoner-3262016,649,kind jungler,Diamond 2,6,46,,99,94
649,summoner-2990640,650,Syouran,Diamond 2,4,71,,141,140
650,summoner-369867,651,Doom of bot,Diamond 2,4,48,,120,116
651,summoner-3163035,652,Ritogaming,Diamond 2,4,57,,107,106
652,summoner-522209,653,Stressful,Diamond 2,3,132,,134,120
653,summoner-7821699,654,sad girl,Diamond 2,2,117,,190,158
654,summoner-10141151,655,M1dbeast,Diamond 2,2,61,,120,128
655,summoner-355403,656,LOLlolololwwwffw,Diamond 2,2,51,,102,95
656,summoner-4061072,657,why live,Diamond 2,1,66,,109,110
657,summoner-587995,658,Urie,Diamond 2,1,102,,65,54
658,summoner-11252354,659,IsaacwF,Diamond 2,0,79,,346,310
659,summoner-2742230,660,Cressy,Diamond 2,0,92,,337,314
660,summoner-9420230,661,Fourth rate AD,Diamond 2,0,88,,297,282
661,summoner-1501524,662,Homeless,Diamond 2,0,77,,250,210
662,summoner-228708,663,Aragaki Yuii,Diamond 2,0,87,,223,198
663,summoner-634788,664,Kevin S Le,Diamond 2,0,118,,206,203
664,summoner-600149,665,Vísionary,Diamond 2,0,86,,198,198
665,summoner-231170,666,Lex Luthor,Diamond 2,0,96,,181,180
666,summoner-581491,667,Riggered,Diamond 2,0,85,,176,149
667,summoner-710702,668,jihero,Diamond 2,0,60,,168,159
668,summoner-301652,669,Koua,Diamond 2,0,80,,130,129
669,summoner-11045070,670,iWordsworth,Diamond 2,0,71,,129,114
670,summoner-460303,671,Alani,Diamond 2,0,133,,121,118
671,summoner-283096,672,Hani is bae,Diamond 2,0,90,,117,107
672,summoner-6010140,673,CN Moon,Diamond 2,0,98,,112,93
673,summoner-1171135,674,MyNameIsAction I,Diamond 2,0,58,,105,90
674,summoner-2593688,675,Xion XIV,Diamond 2,0,62,,104,103
675,summoner-431019,676,Cavs in 2018 lUl,Diamond 2,0,77,,103,101
676,summoner-565066,677,MeShelly,Diamond 2,0,86,,95,77
677,summoner-351975,678,Shadow of Time,Diamond 2,0,85,,92,79
678,summoner-8390585,679,SM motherfkn D,Diamond 2,0,57,,90,106
679,summoner-12061866,680,1234hitdinosuar,Diamond 2,0,40,,78,50
680,summoner-316325,681,Canberra Santa,Diamond 2,0,48,,70,58
681,summoner-732371,682,hunni,Diamond 2,0,39,,68,13
682,summoner-10360133,683,Lose for Improve,Diamond 2,0,45,,65,51
683,summoner-11930493,684,22 06 2004,Diamond 2,0,39,,62,40
684,summoner-398138,685,PMA Kirby,Diamond 2,0,91,,60,61
685,summoner-475949,686,Happy Lion,Diamond 2,0,100,,56,49
686,summoner-8752009,687,4lways,Diamond 2,0,81,,50,19
687,summoner-220270,688,lmperium,Diamond 2,0,52,,41,28
688,summoner-511987,689,Kaø,Diamond 2,0,116,,35,22
689,summoner-6451124,690,K             98,Diamond 3,100,81,,247,212
690,summoner-6660713,691,Skull07,Diamond 3,100,96,,201,178
691,summoner-278675,692,Jiae,Diamond 3,100,82,,156,125
692,summoner-3871268,693,kimuchiyo,Diamond 3,100,65,,107,65
693,summoner-298603,694,Zachary zzz,Diamond 3,98,57,,83,67
694,summoner-1092892,695,NoxusMight,Diamond 3,96,86,,29,11
695,summoner-7200702,696,Valor use fly,Diamond 3,94,42,,60,32
696,summoner-1720492,697,whynotbefriends,Diamond 3,93,108,,261,234
697,summoner-7851650,698,DaSticksOnTwitch,Diamond 3,93,72,,124,118
698,summoner-6820866,699,KHSOL,Diamond 3,92,80,,180,181
699,summoner-8971470,700,trans girl,Diamond 3,90,104,,265,273
700,summoner-280651,701,KingJamesMike,Diamond 3,90,67,,140,139
701,summoner-573069,702,minhcam123456789,Diamond 3,89,80,,122,107
702,summoner-563960,703,Stone,Diamond 3,87,106,,182,179
703,summoner-2592134,704,Kali Uchis,Diamond 3,85,82,,113,112
704,summoner-10071546,705,blanchesophh,Diamond 3,85,71,,42,39
705,summoner-324187,706,vveigang,Diamond 3,84,69,,268,263
706,summoner-272664,707,hajun,Diamond 3,83,77,,118,88
707,summoner-3322092,708,02 02 1998,Diamond 3,82,82,,229,195
708,summoner-578126,709,Anubis,Diamond 3,81,94,,214,189
709,summoner-10140185,710,LC Focus,Diamond 3,81,92,,201,197
710,summoner-630037,711,Enticement,Diamond 3,81,98,,83,66
711,summoner-6790124,712,eternity lullaby,Diamond 3,78,64,,138,120
712,summoner-1394171,713,GoogleMaps,Diamond 3,77,101,,204,198
713,summoner-6101678,714,M416666,Diamond 3,77,58,,93,84
714,summoner-322373,715,NoIXemnas,Diamond 3,76,69,,52,40
715,summoner-479364,716,01 10 1998,Diamond 3,75,98,,526,507
716,summoner-4791512,717,DW WhiteLotus,Diamond 3,75,151,,517,530
717,summoner-8071238,718,FZASY,Diamond 3,75,124,,324,309
718,summoner-280030,719,Derpsmagee,Diamond 3,75,119,,280,289
719,summoner-466163,720,ARAM Warrior,Diamond 3,75,82,,212,199
720,summoner-10550212,721,Tilt King,Diamond 3,75,87,,208,189
721,summoner-285605,722,Hindered Raven,Diamond 3,75,95,,179,163
722,summoner-332723,723,Crucix,Diamond 3,75,76,,169,155
723,summoner-11142189,724,Lil Kush,Diamond 3,75,87,,143,135
724,summoner-7820502,725,yo whats good,Diamond 3,75,49,,128,93
725,summoner-5781549,726,callmere,Diamond 3,75,46,,102,64
726,summoner-6840379,727,Bdoink,Diamond 3,75,55,,94,80
727,summoner-466794,728,L8S,Diamond 3,75,56,,89,75
728,summoner-530695,729,kkmok,Diamond 3,75,61,,76,68
729,summoner-1332520,730,3uphonium,Diamond 3,75,67,,71,58
730,summoner-432479,731,hi im rain,Diamond 3,75,37,,47,29
731,summoner-449742,732,NIGHTS,Diamond 3,74,83,,170,169
732,summoner-11442161,733,o noo,Diamond 3,74,38,,48,16
733,summoner-491427,734,Shizukesa,Diamond 3,73,92,,238,232
734,summoner-960978,735,RedIce,Diamond 3,72,82,,308,307
735,summoner-270385,736,Jab Right Hook,Diamond 3,72,83,,142,76
736,summoner-694658,737,handsome indian,Diamond 3,72,61,,84,75
737,summoner-8611591,738,Nightbringer,Diamond 3,72,36,,36,24
738,summoner-11222878,739,Kerrioneadys,Diamond 3,71,42,,80,53
739,summoner-2281882,740,didsum1saytacos,Diamond 3,70,49,,30,19
740,summoner-9210188,741,ZAG Able,Diamond 3,69,92,,182,177
741,summoner-561444,742,AHumanBean,Diamond 3,69,60,,142,130
742,summoner-4440747,743,Brother Hai,Diamond 3,68,77,,126,131
743,summoner-314483,744,potato9,Diamond 3,68,68,,109,102
744,summoner-320443,745,RaidBoss Ovenhat,Diamond 3,68,85,,101,79
745,summoner-5904252,746,RIP swain,Diamond 3,67,63,,143,117
746,summoner-291689,747,kantos17,Diamond 3,67,106,,114,98
747,summoner-285635,748,MaiI,Diamond 3,67,120,,110,79
748,summoner-290499,749,PizzaRita,Diamond 3,67,81,,96,76
749,summoner-3882367,750,Amitle,Diamond 3,67,66,,59,59
750,summoner-5041374,751,hi im floki,Diamond 3,66,92,,234,213
751,summoner-397315,752,Fu Tou de baba,Diamond 3,66,84,,188,179
752,summoner-5281670,753,Zhiend,Diamond 3,66,67,,183,177
753,summoner-479941,754,xXAbusiveNanaXx,Diamond 3,66,57,,82,67
754,summoner-360988,755,Noon Gang,Diamond 3,64,69,,120,108
755,summoner-639778,756,JohnnyBoyy,Diamond 3,63,71,,112,87
756,summoner-320586,757,boy x,Diamond 3,62,84,,189,185
757,summoner-290358,758,Waffle Jr,Diamond 3,62,117,,119,111
758,summoner-4292193,759,Elliot Helm,Diamond 3,62,40,,56,46
759,summoner-2952222,760,Holy Street,Diamond 3,61,81,,147,143
760,summoner-332240,761,Semirhage,Diamond 3,61,63,,143,120
761,summoner-469676,762,Trooper7,Diamond 3,59,42,,104,66
762,summoner-10891227,763,Barbiturate Bob,Diamond 3,58,100,,317,277
763,summoner-351374,764,L1 Yuxuan,Diamond 3,58,118,,311,304
764,summoner-812715,765,Mr Cute HR,Diamond 3,58,52,,154,124
765,summoner-221335,766,Godco,Diamond 3,58,73,,125,88
766,summoner-229564,767,Xiphos,Diamond 3,58,60,,49,37
767,summoner-9720874,768,bani,Diamond 3,57,94,,340,340
768,summoner-361306,769,Facade,Diamond 3,57,108,,318,319
769,summoner-281754,770,Diamond 5,Diamond 3,57,102,,253,253
770,summoner-3480668,771,Megalomaniac,Diamond 3,56,79,,151,129
771,summoner-9420387,772,Harm,Diamond 3,56,74,,140,112
772,summoner-3071107,773,Scuftz,Diamond 3,56,102,,125,112
773,summoner-5760578,774,LCD DK,Diamond 3,55,105,,255,225
774,summoner-1201161,775,bigbadnigs,Diamond 3,55,57,,132,122
775,summoner-234955,776,Zyran,Diamond 3,55,125,,35,31
776,summoner-10241637,777,Palme n Goéland,Diamond 3,54,73,,319,275
777,summoner-585398,778,Jimbo Mon,Diamond 3,54,76,,270,252
778,summoner-9050223,779,20I7 07 07,Diamond 3,52,56,,88,81
779,summoner-11171178,780,Ordolfur,Diamond 3,52,46,,60,41
780,summoner-8010504,781,handsome zhe,Diamond 3,51,55,,167,139
781,summoner-368336,782,qop,Diamond 3,51,48,,82,60
782,summoner-471649,783,Ara,Diamond 3,50,62,,212,190
783,summoner-1820884,784,0519,Diamond 3,50,67,,192,179
784,summoner-10441803,785,api,Diamond 3,49,49,,37,33
785,summoner-333672,786,Johannes,Diamond 3,48,91,,126,121
786,summoner-296712,787,Nosreme,Diamond 3,48,45,,74,40
787,summoner-452854,788,BoyWithFutou,Diamond 3,46,70,,161,149
788,summoner-8110225,789,KKona,Diamond 3,46,50,,93,88
789,summoner-11941661,790,642962,Diamond 3,45,59,,233,194
790,summoner-551283,791,SF 1 and 13,Diamond 3,43,82,,335,329
791,summoner-4430246,792,TriXtEx,Diamond 3,42,79,,313,301
792,summoner-345886,793,JigglyButt,Diamond 3,42,62,,82,63
793,summoner-11500284,794,NewbeePlayer,Diamond 3,41,46,,108,69
794,summoner-12020515,795,rekkles122122111,Diamond 3,41,40,,78,57
795,summoner-285324,796,Yuqi is bae,Diamond 3,41,89,,75,72
796,summoner-284670,797,Kebun,Diamond 3,39,124,,386,353
797,summoner-234227,798,Homunculus,Diamond 3,39,75,,108,86
798,summoner-290786,799,Patruck,Diamond 3,39,97,,57,36
799,summoner-497679,800,Bill,Diamond 3,38,90,,245,226
800,summoner-603634,801,L1l Pump Boi,Diamond 3,38,142,,188,181
801,summoner-12000177,802,Jib4,Diamond 3,38,71,,177,141
802,summoner-10171740,803,Suexa,Diamond 3,38,44,,62,28
803,summoner-8610951,804,Ch4zz,Diamond 3,38,41,,62,28
804,summoner-225037,805,Afince,Diamond 3,38,89,,28,13
805,summoner-823469,806,Merzy,Diamond 3,37,52,,119,83
806,summoner-710649,807,Cote de boeuf,Diamond 3,37,53,,102,102
807,summoner-238860,808,frog arms,Diamond 3,37,123,,39,41
808,summoner-281075,809,SMD Yasindu,Diamond 3,36,117,,174,158
809,summoner-8770178,810,Kelvinotoe,Diamond 3,36,95,,147,146
810,summoner-569939,811,skyhao123,Diamond 3,36,64,,145,121
811,summoner-276529,812,Didnt ask,Diamond 3,36,125,,95,96
812,summoner-7150141,813,Varaxo,Diamond 3,36,84,,95,107
813,summoner-5551046,814,LGC minkywhale,Diamond 3,35,68,,260,235
814,summoner-746241,815,Marriage,Diamond 3,35,151,,235,211
815,summoner-5900441,816,768 Tizzy T,Diamond 3,35,58,,100,95
816,summoner-369278,817,Pia Pia Piu c,Diamond 3,35,57,,96,57
817,summoner-11241106,818,mLbQHenry,Diamond 3,34,71,,244,207
818,summoner-628060,819,K1LD3Rn3S5,Diamond 3,33,97,,149,143
819,summoner-726540,820,Blue Cat,Diamond 3,33,69,,47,48
820,summoner-4861103,821,1998 12 19,Diamond 3,32,85,,324,286
821,summoner-12050439,822,aries zero,Diamond 3,32,36,,48,23
822,summoner-714034,823,Ton Chan,Diamond 3,31,124,,291,275
823,summoner-459047,824,FÖCÜS,Diamond 3,31,89,,277,264
824,summoner-305787,825,Marshmallows,Diamond 3,31,74,,32,21
825,summoner-8462161,826,LongShorts,Diamond 3,30,101,,133,117
826,summoner-791847,827,Lıam,Diamond 3,30,57,,76,65
827,summoner-742684,828,FOOLS,Diamond 3,28,76,,122,116
828,summoner-280394,829,Say Yes,Diamond 3,27,96,,334,323
829,summoner-10071222,830,Rlng,Diamond 3,26,79,,229,194
830,summoner-872383,831,Lived,Diamond 3,26,92,,186,181
831,summoner-296408,832,GodKingLordGaren,Diamond 3,26,111,,158,142
832,summoner-288237,833,Öhm,Diamond 3,25,71,,231,219
833,summoner-3663235,834,El Jannah Garlic,Diamond 3,25,62,,142,137
834,summoner-5895606,835,LoMejorDeLoMejor,Diamond 3,25,63,,97,87
835,summoner-773359,836,Rooftop Dreams,Diamond 3,25,78,,88,65
836,summoner-304475,837,Daddy Daegyu,Diamond 3,25,69,,86,82
837,summoner-9240178,838,floppyfish278,Diamond 3,25,42,,85,22
838,summoner-405015,839,Vaporeon,Diamond 3,25,41,,58,44
839,summoner-9001697,840,op dot gg review,Diamond 3,25,42,,53,47
840,summoner-636352,841,Åkanø,Diamond 3,25,43,,50,47
841,summoner-11800184,842,Pink Eleph4nt,Diamond 3,24,86,,323,281
842,summoner-11340322,843,Just Believe Zll,Diamond 3,24,93,,186,165
843,summoner-369623,844,Chingster Ming,Diamond 3,24,98,,49,33
844,summoner-235806,845,Dom,Diamond 3,24,56,,24,15
845,summoner-229272,846,AHYSI,Diamond 3,23,127,,346,347
846,summoner-503122,847,Volibear Bot2,Diamond 3,23,60,,198,160
847,summoner-11970347,848,1 Love,Diamond 3,23,43,,91,60
848,summoner-3012162,849,Eels,Diamond 3,23,121,,41,31
849,summoner-1772162,850,Diamond Ero,Diamond 3,22,59,,205,171
850,summoner-3053143,851,Imperceivable,Diamond 3,22,51,,156,118
851,summoner-235171,852,Reimú,Diamond 3,22,108,,37,24
852,summoner-509425,853,Yuzuke,Diamond 3,21,91,,115,90
853,summoner-600361,854,MT Void,Diamond 3,21,55,,108,103
854,summoner-337521,855,Remise,Diamond 3,20,165,,627,619
855,summoner-466220,856,Rex602,Diamond 3,20,121,,258,241
856,summoner-6570534,857,Dale Denten,Diamond 3,20,82,,192,183
857,summoner-635952,858,Tengar,Diamond 3,20,97,,180,186
858,summoner-445658,859,Zeo,Diamond 3,20,104,,167,159
859,summoner-2262034,860,Main Top,Diamond 3,20,79,,138,117
860,summoner-399347,861,Plagué,Diamond 3,20,55,,128,125
861,summoner-226325,862,Charmander AU,Diamond 3,20,43,,104,73
862,summoner-722764,863,FunkZillah,Diamond 3,20,94,,61,46
863,summoner-11871110,864,s1ckle,Diamond 3,19,72,,197,156
864,summoner-287335,865,chookn,Diamond 3,19,45,,114,68
865,summoner-443508,866,Boobs,Diamond 3,19,80,,108,100
866,summoner-7680165,867,ORD Lelouch,Diamond 3,19,66,,106,66
867,summoner-484258,868,Destiny98,Diamond 3,19,83,,104,86
868,summoner-404807,869,Liv,Diamond 3,19,46,,78,66
869,summoner-10280340,870,Leafeon,Diamond 3,19,41,,70,39
870,summoner-11080832,871,chaøs,Diamond 3,19,48,,42,30
871,summoner-430397,872,ElllaxX,Diamond 3,18,88,,341,351
872,summoner-223998,873,Woodsie,Diamond 3,18,85,,231,223
873,summoner-621278,874,Skrrrr,Diamond 3,18,72,,153,148
874,summoner-733562,875,Qúeef,Diamond 3,18,96,,144,123
875,summoner-2160127,876,Pica boo,Diamond 3,18,129,,118,91
876,summoner-6150835,877,Brontosaurus,Diamond 3,18,96,,101,84
877,summoner-6420294,878,MoonlitKaiser,Diamond 3,18,47,,93,68
878,summoner-479495,879,DeathByLlama,Diamond 3,18,89,,79,71
879,summoner-5902458,880,Larxene XII,Diamond 3,18,39,,69,37
880,summoner-275445,881,LAPD 911,Diamond 3,17,58,,90,79
881,summoner-5920510,882,Ch4chi,Diamond 3,17,108,,90,72
882,summoner-11160289,883,th0mas,Diamond 3,17,48,,80,52
883,summoner-1363078,884,Sheldor73,Diamond 3,17,71,,79,76
884,summoner-322389,885,Mystiiez,Diamond 3,16,80,,172,146
885,summoner-352703,886,Khysoar,Diamond 3,16,57,,144,128
886,summoner-442911,887,Payton,Diamond 3,16,93,,74,77
887,summoner-6231646,888,xXRayXx,Diamond 3,15,80,,148,102
888,summoner-1811821,889,JBreezy,Diamond 3,14,67,,203,193
889,summoner-463325,890,MeMoMoMa,Diamond 3,14,48,,97,88
890,summoner-232022,891,Scroll,Diamond 3,14,61,,94,59
891,summoner-8970295,892,give me anxiety,Diamond 3,13,71,,201,211
892,summoner-10161398,893,with1drawn,Diamond 3,13,43,,58,31
893,summoner-1760235,894,Jaycehandsome,Diamond 3,12,77,,204,212
894,summoner-7761629,895,Fállen,Diamond 3,12,85,,203,216
895,summoner-7200938,896,Hear,Diamond 3,12,48,,126,110
896,summoner-9120188,897,ShowMaker,Diamond 3,12,51,,55,52
897,summoner-327877,898,never get role,Diamond 3,10,55,,99,93
898,summoner-395355,899,Fabulous,Diamond 3,10,48,,49,36
899,summoner-449928,900,Synli,Diamond 3,9,106,,362,367
900,summoner-900278,901,CurdledSilk,Diamond 3,9,89,,269,238
901,summoner-305147,902,Lightningsz,Diamond 3,9,54,,109,75
902,summoner-749975,903,RidicuIous,Diamond 3,9,35,,56,15
903,summoner-584744,904,Low APM Btw,Diamond 3,9,45,,28,17
904,summoner-2960362,905,Carypto,Diamond 3,8,106,,172,154
905,summoner-563813,906,Reina Kousaka,Diamond 3,8,41,,47,34
906,summoner-453513,907,Ronnald,Diamond 3,7,94,,208,193
907,summoner-1163135,908,SpinLord,Diamond 3,7,69,,104,95
908,summoner-284887,909,Emperor Ears,Diamond 3,7,84,,87,81
909,summoner-701380,910,Feshua owo,Diamond 3,7,56,,65,69
910,summoner-451889,911,ri Nin leiQVQ,Diamond 3,7,38,,57,48
911,summoner-402522,912,Kenste,Diamond 3,7,46,,50,35
912,summoner-220192,913,WE DEM BOYZZ,Diamond 3,6,75,,108,89
913,summoner-9741444,914,Miracle,Diamond 3,6,45,,98,72
914,summoner-1810791,915,Holly Mia,Diamond 3,6,91,,85,69
915,summoner-773372,916,Mryibaba,Diamond 3,4,101,,208,180
916,summoner-380314,917,Blurred,Diamond 3,4,61,,207,166
917,summoner-706024,918,ˉ w ˉ,Diamond 3,4,51,,111,93
918,summoner-1340624,919,Elude,Diamond 3,4,81,,72,66
919,summoner-326039,920,0ldm8legit,Diamond 3,4,40,,61,46
920,summoner-3140948,921,Necromancer,Diamond 3,3,72,,224,209
921,summoner-2910960,922,Jyza IV,Diamond 3,3,52,,136,101
922,summoner-228360,923,Dr Elementfluffy,Diamond 3,3,101,,91,75
923,summoner-5621748,924,CheeZeLord,Diamond 3,3,99,,89,68
924,summoner-4100151,925,Apologetic Noob,Diamond 3,3,54,,60,47
925,summoner-488654,926,BEEM0,Diamond 3,2,122,,105,106
926,summoner-7820275,927,KoBe 07,Diamond 3,1,89,,327,241
927,summoner-680188,928,IG Rook1e,Diamond 3,1,78,,285,253
928,summoner-8790826,929,imCodxx,Diamond 3,1,75,,264,223
929,summoner-3621562,930,mfis,Diamond 3,1,93,,122,123
930,summoner-11121305,931,ForsakenDreamz,Diamond 3,1,46,,64,51
931,summoner-365597,932,Alpha Lupi,Diamond 3,0,100,,397,378
932,summoner-984419,933,lllllllllll,Diamond 3,0,132,,364,358
933,summoner-1100599,934,godofapples,Diamond 3,0,90,,329,293
934,summoner-941171,935,Nomoreganks,Diamond 3,0,86,,312,293
935,summoner-1350309,936,TheMightyFruit,Diamond 3,0,92,,303,271
936,summoner-1101353,937,Uncle Wesker,Diamond 3,0,135,,286,254
937,summoner-292160,938,Mystical Crayon,Diamond 3,0,107,,241,221
938,summoner-1170492,939,Myko,Diamond 3,0,109,,238,225
939,summoner-700393,940,Paco8,Diamond 3,0,70,,232,187
940,summoner-302914,941,Legends ND,Diamond 3,0,86,,229,180
941,summoner-1292193,942,fire kylin,Diamond 3,0,80,,213,182
942,summoner-6030152,943,Peppa Pig,Diamond 3,0,91,,209,204
943,summoner-7330143,944,Gakki or Satomi,Diamond 3,0,71,,192,177
944,summoner-660755,945,iJwang,Diamond 3,0,107,,191,192
945,summoner-467389,946,Princess Belle,Diamond 3,0,75,,188,190
946,summoner-522668,947,iiDontCare,Diamond 3,0,51,,169,117
947,summoner-503392,948,GoGoJuice98,Diamond 3,0,56,,167,139
948,summoner-11075233,949,held me down,Diamond 3,0,68,,164,167
949,summoner-3311812,950,Overlord1,Diamond 3,0,112,,163,125
950,summoner-1710466,951,Too Tru Fam,Diamond 3,0,79,,157,140
951,summoner-8661945,952,10CSPM,Diamond 3,0,50,,157,120
952,summoner-11820139,953,T eamo 33,Diamond 3,0,98,,154,118
953,summoner-11430289,954,Joe Miller,Diamond 3,0,90,,152,132
954,summoner-621191,955,AoiTora,Diamond 3,0,65,,151,113
955,summoner-10260750,956,hypebeastakito,Diamond 3,0,94,,148,114
956,summoner-315654,957,ragepoo,Diamond 3,0,64,,142,123
957,summoner-507532,958,Phoed,Diamond 3,0,130,,140,128
958,summoner-312659,959,NightMare324,Diamond 3,0,69,,138,139
959,summoner-292904,960,Pecha Berry,Diamond 3,0,90,,136,126
960,summoner-230856,961,Reznor,Diamond 3,0,74,,133,122
961,summoner-11220678,962,KingGodYasuo,Diamond 3,0,48,,129,93
962,summoner-8212923,963,wRayZxMan,Diamond 3,0,86,,127,118
963,summoner-1680225,964,Exiled,Diamond 3,0,138,,121,120
964,summoner-571560,965,Paths of Pain,Diamond 3,0,98,,118,117
965,summoner-11140408,966,Fuggines,Diamond 3,0,47,,118,90
966,summoner-870924,967,Ćonqseºrør,Diamond 3,0,54,,112,112
967,summoner-439711,968,Ace in the Hole,Diamond 3,0,98,,111,111
968,summoner-331592,969,Lehm The BM,Diamond 3,0,65,,100,72
969,summoner-11056190,970,Vincent mD,Diamond 3,1,47,,93,65
970,summoner-223116,971,XternalRageX,Diamond 3,0,81,,89,87
971,summoner-438508,972,Maximoo,Diamond 3,0,115,,85,83
972,summoner-239171,973,Hunt,Diamond 3,0,107,,80,58
973,summoner-579944,974,OKtiger,Diamond 3,0,45,,74,79
974,summoner-365660,975,TL Vladimir,Diamond 3,0,77,,72,61
975,summoner-281946,976,The Gom,Diamond 3,0,54,,68,40
976,summoner-4530378,977,Smlz 0v0,Diamond 3,0,96,,65,48
977,summoner-580828,978,My Jg Is Retard,Diamond 3,0,86,,64,48
978,summoner-1880974,979,Byrone,Diamond 3,0,102,,64,59
979,summoner-3520141,980,15x scope Kar98k,Diamond 3,0,91,,61,46
980,summoner-3592244,981,Qonnect,Diamond 3,0,68,,60,57
981,summoner-8610583,982,ShaIItear,Diamond 3,0,44,,59,61
982,summoner-8870219,983,GZ Cadence,Diamond 3,0,102,,59,45
983,summoner-441412,984,QASWEFRGTHJMFDF,Diamond 3,0,105,,53,38
984,summoner-300644,985,김정은,Diamond 3,0,92,,51,49
985,summoner-397305,986,Amen1001,Diamond 3,0,45,,50,42
986,summoner-6931874,987,HoIo,Diamond 3,0,44,,49,42
987,summoner-1380274,988,Ohgee,Diamond 3,0,57,,49,16
988,summoner-287737,989,Intent,Diamond 3,0,66,,47,31
989,summoner-325988,990,The Expanse,Diamond 3,0,44,,42,37
990,summoner-451639,991,Miracle Jgg,Diamond 3,0,128,,38,23
991,summoner-931236,992,Melîodas,Diamond 4,100,118,,259,269
992,summoner-1373875,993,IIIIIIIIIIIIIlll,Diamond 4,100,100,,257,244
993,summoner-509398,994,iAndydnAi,Diamond 4,100,86,,229,228
994,summoner-4040527,995,Nyarth,Diamond 3,0,90,,215,213
995,summoner-306944,996,ßlyth,Diamond 4,100,65,,169,148
996,summoner-476353,997,Hiiamacatt,Diamond 4,100,73,,157,134
997,summoner-431518,998,Hachimitsu,Diamond 4,100,110,,127,114
998,summoner-1170133,999,Zypher,Diamond 4,100,116,,103,91
999,summoner-8930296,1000,P1kaqiu,Diamond 4,100,44,,85,61
