#timestamp 1529766093557
#date 2018-06-23T15:01:33+00:00
#players 1000
#index,id,rank,name,tier,lp,level,proTeam,win,loss
0,summoner-12942655,1,RB Closer,Challenger,1385,81,,216,111
1,summoner-14654889,2,Mutant syndra,Challenger,954,135,,255,179
2,summoner-5539903,3,BUR Ragner,Challenger,931,75,,159,95
3,summoner-6071780,4,KEE Psychoferret,Challenger,798,94,,191,132
4,summoner-9674281,5,BrainAxe,Challenger,774,88,,161,106
5,summoner-11695199,6,FF MACHINE XD,Challenger,689,146,,454,390
6,summoner-13550182,7,Wency,Challenger,668,165,,495,442
7,summoner-439758,8,LAXER,Challenger,659,101,,188,142
8,summoner-15224533,9,Dünya Gül Bana,Challenger,647,58,,189,127
9,summoner-328836,10,woLqeyN,Challenger,646,58,,174,127
10,summoner-2681152,11,S Ê R Î N,Challenger,631,141,,301,294
11,summoner-5369900,12,leşlifeonur,Challenger,629,105,,290,247
12,summoner-17633408,13,POR Leeb,Challenger,623,118,,155,105
13,summoner-16074977,14,XOne,Challenger,585,194,,202,158
14,summoner-2987157,15,POR Rate,Challenger,584,159,,156,112
15,summoner-5741715,16,Jeyrus,Challenger,577,104,,367,321
16,summoner-1472144,17,Leeryy,Challenger,573,120,,172,130
17,summoner-466416,18,YTUBE Cruellalol,Challenger,560,92,,177,131
18,summoner-11032139,19,AnyoneEver,Challenger,538,85,,173,131
19,summoner-1330298,20,Xerath Pyhoxus,Challenger,516,111,,183,146
20,summoner-4024012,21,Lesley,Challenger,500,69,,209,126
21,summoner-17316284,22,Leafe10,Challenger,494,123,,534,466
22,summoner-18628578,23,umoraki,Challenger,476,84,,218,164
23,summoner-11844621,24,ødysséiA,Challenger,469,106,,289,202
24,summoner-3560128,25,Minigger,Challenger,441,93,,172,124
25,summoner-1041140,26,Legorn,Challenger,439,106,,167,128
26,summoner-2945325,27,Mad Daddy,Challenger,434,93,,182,145
27,summoner-4601344,28,reForged,Challenger,432,80,,211,190
28,summoner-3012659,29,MâniacNiTRo,Challenger,431,69,,219,156
29,summoner-3015679,30,Ãeglos,Challenger,428,73,,218,170
30,summoner-5677463,31,Tayfun Aga,Challenger,423,146,,511,468
31,summoner-10111701,32,XX X MMXVI,Challenger,415,134,,129,87
32,summoner-1090192,33,LeBron Jamês,Challenger,414,70,,192,152
33,summoner-3496869,34,GossipÇÖP,Challenger,413,108,,313,258
34,summoner-2261127,35,Berentt,Challenger,389,48,,124,73
35,summoner-16272608,36,BlacKusq,Challenger,412,66,,222,148
36,summoner-20051775,37,zxcvbnmjkl,Challenger,411,48,,146,93
37,summoner-19260842,38,rouletteshi,Challenger,411,41,,102,38
38,summoner-492484,39,skatcher811081,Challenger,406,126,,202,162
39,summoner-631300,40,kill me irl,Challenger,402,130,,217,181
40,summoner-1397288,41,AYÇA 22,Challenger,401,83,,165,134
41,summoner-901919,42,Sparz,Challenger,398,74,,87,42
42,summoner-9917313,43,Andikkkk,Challenger,385,60,,151,109
43,summoner-5108530,44,İ N G İ L İ Z,Challenger,384,122,,428,380
44,summoner-19273241,45,l MID 4 RETARDS,Challenger,384,66,,235,174
45,summoner-12066026,46,Lyką,Challenger,378,106,,126,103
46,summoner-19274759,47,SêpuLtura,Challenger,375,47,,139,79
47,summoner-1206958,48,FireNova,Challenger,355,62,,99,62
48,summoner-3001673,49,BalamirH4N,Challenger,353,56,,140,116
49,summoner-2023949,50,Barcodekiller389,Challenger,348,129,,434,377
50,summoner-409473,51,t o o f u n,Challenger,343,82,,190,134
51,summoner-9301294,52,bate,Challenger,341,105,,218,162
52,summoner-8480601,53,Koray Sins,Challenger,340,42,,117,65
53,summoner-17227741,54,Parçalar Elim,Challenger,337,44,,114,60
54,summoner-17067701,55,Nêath,Challenger,333,67,,169,137
55,summoner-1055139,56,Reâlity,Challenger,333,122,,142,95
56,summoner-1042120,57,e Girls DM mee,Challenger,330,83,,216,185
57,summoner-2780656,58,Kitai,Challenger,329,113,,511,480
58,summoner-16093696,59,Lilithse,Challenger,326,131,,503,461
59,summoner-1631360,60,hi im Peydos,Challenger,326,118,,466,414
60,summoner-4909214,61,POR Petrichor,Challenger,322,123,,339,314
61,summoner-9211045,62,TheTrueAddwL,Challenger,315,82,,178,123
62,summoner-1230728,63,Buck Fuddy,Challenger,311,116,,233,204
63,summoner-19432779,64,ÂDETULLAH,Challenger,309,50,,161,104
64,summoner-3365797,65,Tîmcânpy,Challenger,306,110,,179,150
65,summoner-5397632,66,KevinRudolf,Challenger,304,80,,173,138
66,summoner-3632594,67,Sergen Aga,Challenger,300,121,,582,546
67,summoner-7870235,68,LLoncept,Challenger,299,72,,121,84
68,summoner-2477055,69,FivePawns,Challenger,297,94,,322,304
69,summoner-1560512,70,PrimeWalking,Challenger,297,88,,255,212
70,summoner-6021787,71,Zhao,Challenger,296,105,,240,183
71,summoner-2842893,72,Respect2me,Challenger,277,63,,170,136
72,summoner-632258,73,Marine Biologist,Challenger,291,126,,393,368
73,summoner-16992308,74,Ririna,Challenger,291,68,,250,166
74,summoner-2332263,75,Shizuneee,Challenger,285,85,,241,190
75,summoner-3025135,76,Nakó,Challenger,284,86,,251,219
76,summoner-2951827,77,Joe Cat,Challenger,281,135,,244,208
77,summoner-190446,78,BoldZ v2,Challenger,295,104,,213,186
78,summoner-4612550,79,RîquA,Challenger,278,111,,343,276
79,summoner-762303,80,itachi was taken,Challenger,294,136,,182,150
80,summoner-12360760,81,DFM MrKaplumba,Challenger,274,74,,191,157
81,summoner-4064875,82,Diass,Challenger,273,115,,237,207
82,summoner-13412983,83,Volanthius,Challenger,271,165,,273,240
83,summoner-3124157,84,Alexis,Challenger,270,108,,492,442
84,summoner-3003640,85,Á n d ú r í Ł,Challenger,269,135,,411,380
85,summoner-13340126,86,Snophén,Challenger,283,86,,204,182
86,summoner-17101289,87,ONLY KAYN BOYZ,Challenger,267,63,,139,103
87,summoner-1371938,88,Unforgiven,Challenger,267,101,,118,93
88,summoner-4104203,89,Krakis,Challenger,265,87,,171,132
89,summoner-19310914,90,Memcükebildir123,Challenger,262,113,,452,399
90,summoner-6080544,91,Zeaste,Challenger,262,70,,132,105
91,summoner-5586418,92,I Love Redheads,Challenger,259,97,,244,223
92,summoner-5849695,93,Fure,Challenger,257,128,,262,235
93,summoner-10810129,94,Yíngżi,Challenger,255,294,,138,104
94,summoner-10773618,95,Antigøne,Challenger,254,123,,150,116
95,summoner-17071277,96,kekec,Challenger,253,84,,118,92
96,summoner-3905354,97,Skraaj,Challenger,251,82,,156,130
97,summoner-11014575,98,Drogo XD,Challenger,251,48,,130,48
98,summoner-3573593,99,hutzsi,Challenger,250,95,,381,348
99,summoner-1202321,100,Smith Morra,Challenger,249,120,,293,263
100,summoner-2790359,101,S 1 M P L 3,Challenger,248,138,,212,186
101,summoner-10212197,102,Duygu,Challenger,243,75,,160,131
102,summoner-4888169,103,EienLykia,Challenger,242,99,,300,280
103,summoner-3940399,104,OZURDILERIM,Challenger,241,161,,454,426
104,summoner-2472026,105,shook,Challenger,241,89,,214,186
105,summoner-5923836,106,çingen furkan,Challenger,241,98,,135,92
106,summoner-3004482,107,ÇİTOZ,Challenger,239,122,,446,413
107,summoner-1620478,108,PGS Natsu,Challenger,239,110,,329,299
108,summoner-4403361,109,Sir Ramione,Challenger,238,118,,327,259
109,summoner-12863740,110,S A Ń C A K,Challenger,236,80,,126,81
110,summoner-6229240,111,get ones eye in,Challenger,235,99,,227,202
111,summoner-15722507,112,gadurest,Challenger,235,73,,197,171
112,summoner-3461152,113,Crushing Blow M,Challenger,235,73,,119,88
113,summoner-11754920,114,Swift Shauna,Challenger,235,79,,110,82
114,summoner-5901512,115,Mr Tâvil,Challenger,232,136,,242,216
115,summoner-2592772,116,lTÜPÇÜl,Challenger,228,98,,316,286
116,summoner-399382,117,Dexedrinee,Challenger,226,91,,266,237
117,summoner-391944,118,Bułgar,Challenger,223,161,,198,150
118,summoner-14205506,119,A Günkızıl,Challenger,221,94,,287,258
119,summoner-418805,120,Hidokai,Challenger,221,86,,279,220
120,summoner-3413383,121,ShKlezz,Challenger,221,111,,248,221
121,summoner-5031515,122,babişko,Challenger,221,81,,179,152
122,summoner-14286741,123,alessa savage,Challenger,220,117,,99,53
123,summoner-15633212,124,elvesztése,Challenger,216,87,,243,221
124,summoner-9294148,125,Kiiro,Challenger,216,55,,183,118
125,summoner-4339091,126,PRAY FOR UR MOM,Challenger,213,85,,192,154
126,summoner-2001483,127,Shínya is love,Challenger,211,59,,109,75
127,summoner-1802823,128,Noralive,Challenger,209,130,,302,269
128,summoner-6471531,129,znoxLKAT,Challenger,208,103,,145,119
129,summoner-2471201,130,Sarcasmom,Challenger,207,88,,272,242
130,summoner-4202345,131,At BaIığı,Challenger,206,113,,178,157
131,summoner-950341,132,Karuza,Challenger,205,110,,333,303
132,summoner-4123701,133,spankî,Challenger,205,109,,198,165
133,summoner-2693317,134,BORAN NASHOR,Challenger,204,101,,250,218
134,summoner-3377308,135,As for myself,Challenger,203,83,,210,178
135,summoner-11105306,136,Wall eiV2,Challenger,203,62,,189,129
136,summoner-4130505,137,S T A L K É R,Challenger,202,101,,187,153
137,summoner-3544372,138,Senior Lux,Challenger,200,93,,203,174
138,summoner-784869,139,GF ClyDee,Challenger,200,112,,105,78
139,summoner-11642235,140,Pix A Poor,Challenger,196,103,,387,336
140,summoner-2565354,141,Rage of Wind,Challenger,195,90,,308,262
141,summoner-3615574,142,CoreI5,Challenger,195,70,,221,141
142,summoner-5633740,143,impress,Challenger,194,116,,341,312
143,summoner-792364,144,Let it die,Challenger,194,92,,107,82
144,summoner-16984200,145,Yaren is my god,Challenger,193,107,,331,298
145,summoner-18071804,146,Agape,Challenger,191,108,,173,152
146,summoner-17124712,147,Bláznivý,Challenger,190,194,,651,633
147,summoner-5730473,148,Latch Da Beach,Challenger,190,121,,298,272
148,summoner-384676,149,Starbeh,Challenger,190,79,,290,222
149,summoner-3315436,150,NR RespecT,Challenger,189,81,,78,49
150,summoner-8505174,151,Chakenzai,Challenger,188,106,,227,192
151,summoner-3844368,152,yvz,Challenger,188,64,,222,140
152,summoner-17288280,153,Radhruin,Challenger,188,90,,130,106
153,summoner-2622035,154,Akif CELİK,Challenger,187,91,,284,258
154,summoner-7414102,155,FreshKiller01,Challenger,185,104,,257,237
155,summoner-6560286,156,Darqinx,Challenger,185,96,,222,182
156,summoner-7990365,157,Arphilion,Challenger,185,75,,161,133
157,summoner-1825225,158,Sephirøth,Challenger,184,98,,330,309
158,summoner-3663994,159,Rułer,Challenger,183,117,,540,514
159,summoner-10987706,160,Mitsuki Nase,Challenger,182,128,,361,327
160,summoner-2074525,161,De Morgên,Challenger,182,74,,254,196
161,summoner-1222043,162,Nuke,Challenger,182,73,,227,200
162,summoner-2692098,163,RâexeL,Challenger,177,144,,204,168
163,summoner-18554244,164,TEKÇİ,Challenger,177,74,,143,107
164,summoner-15500536,165,Skypture TR,Challenger,177,86,,104,77
165,summoner-12862973,166,Kituruken,Challenger,176,119,,434,369
166,summoner-2814118,167,OnurTemiz,Challenger,176,96,,273,252
167,summoner-409885,168,Darrick,Challenger,176,92,,201,151
168,summoner-5383566,169,WoD Reimuu,Challenger,175,90,,147,116
169,summoner-1290337,170,PoiNLoYd,Challenger,175,69,,137,101
170,summoner-8934156,171,SadeceSoraka31,Challenger,173,118,,407,368
171,summoner-2682301,172,Zed Scripter,Challenger,170,121,,375,342
172,summoner-12904297,173,Ońur,Challenger,169,72,,201,176
173,summoner-1891774,174,RNG Rhioni,Challenger,169,113,,194,164
174,summoner-4120203,175,Whîskey,Challenger,168,165,,397,350
175,summoner-7617520,176,PÂNNNUUU,Challenger,164,90,,143,110
176,summoner-3634495,177,Eäwì,Challenger,161,95,,114,91
177,summoner-1074903,178,ivancan,Challenger,158,61,,197,106
178,summoner-13371243,179,GangpIank,Challenger,158,99,,101,71
179,summoner-4526859,180,BABANIZ DrâvéN,Challenger,156,87,,290,258
180,summoner-17197161,181,Mr Âykénzô,Challenger,155,87,,264,210
181,summoner-9588810,182,Darwin GG,Challenger,155,67,,129,98
182,summoner-17027682,183,Dad is CooL,Challenger,153,62,,260,231
183,summoner-1390949,184,Magina,Challenger,152,93,,276,217
184,summoner-12114247,185,Meshade,Challenger,152,106,,180,151
185,summoner-15854677,186,estheem 11111,Challenger,152,106,,156,121
186,summoner-19715148,187,Mornîngstarr,Challenger,151,53,,163,123
187,summoner-1871258,188,LordHACI,Challenger,147,78,,169,141
188,summoner-5218621,189,Âce v3,Challenger,147,109,,130,111
189,summoner-11203184,190,greendick,Challenger,147,43,,102,40
190,summoner-3541396,191,My Life QQ,Challenger,145,113,,242,201
191,summoner-9795529,192,GET HYPED,Challenger,143,45,,115,60
192,summoner-8690134,193,Akmert515,Challenger,141,87,,307,279
193,summoner-1862200,194,Hellhone,Challenger,138,79,,166,135
194,summoner-1870644,195,REBØRN,Challenger,138,90,,153,71
195,summoner-3102930,196,Ökkeş,Challenger,136,59,,120,104
196,summoner-530974,197,Calvin,Challenger,119,149,,280,254
197,summoner-20444424,198,TØLAS,Challenger,103,43,,107,72
198,summoner-4578592,199,Sâkata Gintoki,Challenger,101,95,,270,250
199,summoner-2365749,200,zab,Challenger,26,74,,261,238
200,summoner-9465703,201,Zulja,Master,226,116,,195,153
201,summoner-14665380,202,SHENER SHEN Q,Master,136,91,,283,219
202,summoner-10551500,203,şampıon01hsyn,Master,135,104,,221,184
203,summoner-12294319,204,Rihannâ,Master,134,104,,241,221
204,summoner-3162287,205,Naos,Master,134,84,,146,121
205,summoner-16151323,206,Kinwald,Master,131,116,,231,193
206,summoner-17992869,207,Rudgerus,Master,129,109,,334,297
207,summoner-5251294,208,JrOpter0n,Master,110,83,,282,165
208,summoner-3812406,209,Joé Dog,Master,126,90,,375,341
209,summoner-17258400,210,Iron necklace,Master,125,62,,175,113
210,summoner-4691512,211,dj umut1,Master,122,44,,83,56
211,summoner-12200173,212,XeniaJR,Master,120,253,,407,366
212,summoner-11051420,213,So was Vigilante,Master,120,103,,250,232
213,summoner-12961518,214,Liyas Littl Lion,Master,120,53,,151,97
214,summoner-2410209,215,Çalıda Ekrem,Master,119,77,,180,137
215,summoner-337117,216,Wizard of Riga,Master,118,159,,132,111
216,summoner-425233,217,Hasan42,Master,115,51,,118,87
217,summoner-17654430,218,PUBGOSU,Master,114,104,,298,271
218,summoner-7588349,219,LOX ˉˆˆˉ IAS,Master,113,54,,155,106
219,summoner-10023262,220,Mr 0gO,Master,113,112,,134,110
220,summoner-3326440,221,TheZizun,Master,112,125,,193,160
221,summoner-530729,222,Gency,Master,111,92,,116,75
222,summoner-2481332,223,Uchihà Sasukè,Master,110,146,,413,395
223,summoner-4628473,224,AIready Tilted,Master,109,113,,196,166
224,summoner-285956,225,ilayday,Master,108,148,,398,384
225,summoner-186372,226,ð ð ð ð ð ð,Master,108,97,,282,264
226,summoner-9125548,227,QEWQWQEEWQ,Master,108,118,,266,230
227,summoner-2335775,228,Start3r,Master,108,42,,104,58
228,summoner-15553691,229,Void Prophet,Master,107,152,,124,87
229,summoner-622015,230,TheBafu,Master,106,81,,88,63
230,summoner-10561565,231,Greyone,Master,105,96,,252,231
231,summoner-860901,232,ShintenRaiho,Master,104,83,,81,52
232,summoner-18703713,233,throfithalvar,Master,102,52,,144,95
233,summoner-8484434,234,Zolf J Kimbley,Master,101,98,,153,124
234,summoner-16981971,235,Ulfrîc,Master,98,115,,295,265
235,summoner-18334045,236,qweqw,Master,96,61,,216,155
236,summoner-7073232,237,tuniş,Master,93,149,,265,244
237,summoner-5968943,238,Paşazade,Master,90,69,,227,167
238,summoner-9540655,239,VGM Rudgerus,Master,90,92,,142,119
239,summoner-1410832,240,lamLaZ 61,Master,89,65,,152,110
240,summoner-3941292,241,LifeInTheDark,Master,88,137,,531,498
241,summoner-2017910,242,Scarlet,Master,86,72,,171,151
242,summoner-2890281,243,Pijamas,Master,83,102,,279,246
243,summoner-11850212,244,TurkishSide,Master,83,58,,130,107
244,summoner-3731722,245,We Are NEGANN,Master,82,110,,250,226
245,summoner-2324564,246,mahluk,Master,81,114,,194,157
246,summoner-1365971,247,The EGOLANTE,Master,80,53,,135,61
247,summoner-18623065,248,dalga fısmış,Master,78,54,,176,119
248,summoner-2863971,249,EZEL BÅYRÅKTÅR,Master,77,74,,122,101
249,summoner-459508,250,JawerN,Master,76,90,,243,225
250,summoner-264974,251,PRENSESBORANCAN,Master,76,119,,240,216
251,summoner-404234,252,The Missing Link,Master,76,90,,184,164
252,summoner-18264721,253,Bu Smurf Hesabım,Master,95,85,,352,321
253,summoner-16411374,254,Jaxres,Master,75,90,,159,138
254,summoner-263496,255,Tákeshi Kovacs,Master,67,114,,225,207
255,summoner-10303979,256,EKnocKOut,Master,66,84,,236,195
256,summoner-3084909,257,Jpy,Master,65,66,,173,159
257,summoner-2693457,258,84266,Master,63,101,,294,276
258,summoner-10533525,259,TU TU KIS KIS,Master,62,94,,304,285
259,summoner-12214374,260,MechaZer0Sion,Master,62,53,,114,98
260,summoner-13069641,261,Svenska Lodjur,Master,61,76,,292,224
261,summoner-11876516,262,Gui Mithy,Master,60,70,,272,233
262,summoner-15340544,263,impEtus X,Master,60,66,,182,148
263,summoner-2830914,264,Zac Bot,Master,60,74,,163,133
264,summoner-17076356,265,KvmGaws,Master,58,63,,189,130
265,summoner-2342292,266,SchuJarzenegger,Master,57,121,,419,394
266,summoner-2387960,267,ADFGAWDGREAGR,Master,57,117,,387,335
267,summoner-16013765,268,Screwer,Master,56,113,,463,444
268,summoner-15702337,269,muratalix,Master,55,53,,202,147
269,summoner-1214480,270,yetkin,Master,55,109,,195,170
270,summoner-279481,271,Bunzen,Master,55,78,,86,50
271,summoner-914241,272,Jakø,Master,54,86,,224,211
272,summoner-17145759,273,Vagué,Master,54,79,,220,200
273,summoner-2514858,274,Yîğit,Master,72,86,,239,207
274,summoner-5631136,275,Kürt Böreğı,Master,53,61,,195,159
275,summoner-9074362,276,Zodiac v2,Master,53,97,,181,158
276,summoner-12894491,277,Anais GG,Master,53,67,,158,130
277,summoner-16909730,278,U  F  Ø  361,Master,53,94,,140,100
278,summoner-18643857,279,WHERESTHELOVE,Master,52,64,,239,193
279,summoner-9181688,280,TARANTULA KURU,Master,49,118,,322,308
280,summoner-4218078,281,POR magmagnafic,Master,47,123,,249,235
281,summoner-2251380,282,FOK GÜCÜ,Master,70,80,,279,248
282,summoner-14965551,283,Thê king is back,Master,45,93,,233,196
283,summoner-344984,284,Jester ADC,Master,44,147,,268,227
284,summoner-2274903,285,Sycorax,Master,44,94,,239,221
285,summoner-5593147,286,DFM Axertha,Master,43,76,,144,107
286,summoner-4228986,287,hazard78,Master,41,65,,260,163
287,summoner-752109,288,D İ C L O,Master,41,124,,216,190
288,summoner-13620953,289,Kening Dogsuli,Master,41,80,,191,122
289,summoner-16512631,290,Broliã,Master,41,41,,86,35
290,summoner-10683571,291,Alicaldjkpl,Master,40,45,,115,57
291,summoner-13912010,292,ll Wolke,Master,39,89,,242,194
292,summoner-2376316,293,Goldd2,Master,39,104,,181,162
293,summoner-861346,294,Smite,Master,38,101,,173,156
294,summoner-14270695,295,Dunked By Majon,Master,54,92,,119,78
295,summoner-2613673,296,Uncle Alberto,Master,36,97,,422,398
296,summoner-399094,297,here 4 rank 1,Master,34,106,,220,205
297,summoner-1331822,298,Deannn,Master,31,95,,285,264
298,summoner-5270173,299,la case de mokar,Master,31,86,,272,226
299,summoner-11703058,300,Magnès,Master,31,192,,185,142
300,summoner-17676884,301,CHoNTaCI,Master,29,87,,181,173
301,summoner-503242,302,hi im Pyrotoxin,Master,29,73,,109,82
302,summoner-9971507,303,07 12 1999,Master,28,118,,209,190
303,summoner-1741177,304,Elijah Wood,Master,26,188,,253,206
304,summoner-4857476,305,Whatsaapp,Master,26,51,,159,75
305,summoner-5802731,306,Phatonix,Master,25,108,,157,146
306,summoner-2832591,307,Khän,Master,25,103,,113,90
307,summoner-18684465,308,281197250397,Master,25,41,,73,33
308,summoner-3420536,309,Lanâ Del Rey,Master,24,114,,304,277
309,summoner-11041989,310,ŞATTAFAKAP,Master,24,60,,218,165
310,summoner-6921785,311,IIlIIlllIIl,Master,24,52,,136,99
311,summoner-1151073,312,Spîder Mârksman,Master,24,48,,126,102
312,summoner-18023858,313,ClarenoTALON,Master,22,69,,215,158
313,summoner-241742,314,Invoker XD,Master,21,69,,146,121
314,summoner-9755411,315,ESKORT TURGAYCAN,Master,21,87,,92,68
315,summoner-8532845,316,İLİŞ,Master,20,127,,524,498
316,summoner-18490736,317,rekuNN,Master,20,61,,110,68
317,summoner-18423931,318,karı arıyorum,Master,19,102,,383,345
318,summoner-3848628,319,Kumsal is my god,Master,19,104,,255,220
319,summoner-5503845,320,DNCB Support,Master,19,59,,143,116
320,summoner-5958232,321,mystiqué,Master,19,107,,118,101
321,summoner-12707180,322,ıLegolası,Master,18,39,,98,53
322,summoner-6248596,323,Y Ä T O,Master,17,127,,513,489
323,summoner-4874422,324,Lil Puddin,Master,16,146,,202,191
324,summoner-2971756,325,Cârvên,Master,15,120,,250,219
325,summoner-11833574,326,Ozan237,Master,15,59,,80,58
326,summoner-2603591,327,Avengers51,Master,15,55,,63,34
327,summoner-1815071,328,slyxie,Master,14,99,,308,291
328,summoner-203773,329,FileliÇorapSever,Master,12,107,,340,321
329,summoner-2340832,330,E BASAN OYUNCU,Master,11,122,,306,283
330,summoner-500565,331,Trielbaenre,Master,11,95,,233,217
331,summoner-3025812,332,Sıçtım Swain,Master,11,39,,71,21
332,summoner-9020661,333,Keiâ,Master,10,91,,210,176
333,summoner-4190967,334,Earworm,Master,9,53,,63,48
334,summoner-5825215,335,Inisiyatif,Master,7,50,,148,77
335,summoner-2563836,336,Yanlaya Yanlaya,Master,6,114,,318,303
336,summoner-14080156,337,KING CARRY,Master,6,45,,106,64
337,summoner-19415497,338,OmarsanN,Master,5,43,,82,49
338,summoner-6936837,339,xyz657,Master,4,117,,399,371
339,summoner-4530844,340,Mystıc,Master,4,90,,215,189
340,summoner-1072995,341,Madds,Master,3,55,,77,56
341,summoner-920417,342,katilimsi,Master,2,70,,149,125
342,summoner-18936985,343,ºArya Starkº,Master,2,53,,148,90
343,summoner-4542390,344,Koda,Master,0,123,,464,407
344,summoner-5943428,345,DatDrag,Master,0,118,,266,240
345,summoner-4021015,346,NBD Flâsh,Master,0,73,,257,247
346,summoner-4247903,347,Pukka,Master,0,101,,251,223
347,summoner-9214468,348,Achilles Heel,Master,0,112,,248,231
348,summoner-19320586,349,ClinomaniaA,Master,0,82,,231,191
349,summoner-2983877,350,YaHOOs,Master,0,136,,216,201
350,summoner-2013412,351,mythege,Master,0,84,,202,185
351,summoner-5835541,352,sarbas,Master,0,77,,198,139
352,summoner-361101,353,Ø  I  Ø,Master,0,95,,197,177
353,summoner-18023857,354,FLAXİEN BABA,Master,0,72,,190,160
354,summoner-8454677,355,BEN YAYINCIYIM,Master,0,57,,188,124
355,summoner-17081218,356,Razor Shuriken,Master,0,111,,179,164
356,summoner-11952858,357,Eskort Xayah,Master,0,147,,173,124
357,summoner-9301666,358,P0NÇİK RİVEN,Master,0,76,,173,151
358,summoner-2260952,359,Ryan Sìde,Master,0,62,,164,89
359,summoner-1850479,360,Ssssumdayy,Master,0,88,,156,124
360,summoner-2445417,361,Ogdur,Master,0,70,,152,137
361,summoner-5396815,362,Acwel QQ,Master,0,70,,152,127
362,summoner-16973701,363,RandOx,Master,18,61,,152,109
363,summoner-5225800,364,Emoji,Master,0,54,,149,126
364,summoner-298708,365,Zımpala,Master,0,74,,148,115
365,summoner-13178245,366,Supreme Blâde,Master,0,51,,130,98
366,summoner-13640577,367,rekkles smurf,Master,0,108,,128,90
367,summoner-6668199,368,aricela,Master,19,115,,123,87
368,summoner-2621863,369,Etâng,Master,0,65,,113,89
369,summoner-2272888,370,int king,Master,0,96,,110,84
370,summoner-18543829,371,SK Murphy,Master,0,77,,108,56
371,summoner-3004672,372,FurkanoHot,Master,0,72,,101,79
372,summoner-9463002,373,Mateja96,Master,0,38,,88,40
373,summoner-304639,374,I Need coffee,Master,0,123,,83,49
374,summoner-15934043,375,Terence Tao,Master,0,96,,78,53
375,summoner-1471569,376,StarScreen,Master,0,72,,73,50
376,summoner-2463269,377,SEFKANRAYT,Diamond 1,100,135,,663,661
377,summoner-3643623,378,DT DeaTHDReaM,Diamond 1,100,114,,419,384
378,summoner-16846661,379,Silver Lee Sin,Diamond 1,100,93,,401,325
379,summoner-6482218,380,The Masseur,Diamond 1,100,99,,348,331
380,summoner-3508127,381,Rhittâ,Diamond 1,100,118,,302,266
381,summoner-3602804,382,Solo Push To Win,Diamond 1,100,86,,213,174
382,summoner-2456696,383,Noname LowPlayer,Diamond 1,100,74,,209,164
383,summoner-5860780,384,Thample,Diamond 1,100,104,,172,149
384,summoner-3912974,385,Eren Jâeegerr,Diamond 1,100,93,,172,157
385,summoner-1030335,386,SHLS Frank,Diamond 1,100,60,,171,132
386,summoner-192784,387,ANİVYÜ,Diamond 1,100,65,,141,124
387,summoner-2474097,388,praise me,Diamond 1,100,81,,140,91
388,summoner-2844672,389,Sulby,Diamond 1,100,46,,122,60
389,summoner-17090535,390,duernte,Diamond 1,100,73,,112,90
390,summoner-1652203,391,Utonyum144,Diamond 1,100,60,,110,87
391,summoner-1386644,392,Cest La Vie,Diamond 1,100,92,,106,80
392,summoner-4111772,393,Merida,Diamond 1,100,94,,102,78
393,summoner-4341800,394,Luger,Diamond 1,100,48,,101,54
394,summoner-1400601,395,DIMWIT KEBABS,Diamond 1,100,96,,95,79
395,summoner-5182976,396,Mây,Diamond 1,100,181,,69,43
396,summoner-4225705,397,Carnagé,Diamond 1,100,104,,67,48
397,summoner-18720156,398,Park Jae hyuk,Diamond 1,100,48,,53,34
398,summoner-4743713,399,innocent one,Diamond 1,99,92,,114,96
399,summoner-3923534,400,qooqLeS26,Diamond 1,98,69,,232,160
400,summoner-6214884,401,BearBalls,Diamond 1,98,68,,175,144
401,summoner-206960,402,üzgünüm,Diamond 1,98,67,,100,71
402,summoner-16552675,403,Nemeã,Diamond 1,98,41,,95,45
403,summoner-11050820,404,Shimaka,Diamond 1,98,42,,87,53
404,summoner-13511600,405,Ksaez smurfer,Diamond 1,97,61,,140,96
405,summoner-12941226,406,LEŞMİR,Diamond 1,97,85,,132,92
406,summoner-680851,407,KEBAB WONDERLAND,Diamond 1,97,43,,50,32
407,summoner-2294660,408,Snakeruler,Diamond 1,96,67,,184,143
408,summoner-14020187,409,EfsaneSavaşçı6,Diamond 1,96,85,,148,66
409,summoner-8471033,410,MOMER02,Diamond 1,96,96,,110,81
410,summoner-4193701,411,Edelmiro,Diamond 1,96,88,,34,14
411,summoner-1790434,412,Bicky,Diamond 1,95,91,,207,186
412,summoner-20010140,413,Praunnor,Diamond 1,94,92,,163,123
413,summoner-19470751,414,B4HADiR,Diamond 1,94,42,,99,58
414,summoner-3403195,415,Maybê One Dayˆ,Diamond 1,94,58,,86,59
415,summoner-404771,416,Midoriya,Diamond 1,93,133,,211,195
416,summoner-1500225,417,Stewart Pumpking,Diamond 1,91,70,,176,147
417,summoner-3673191,418,FURKAN BABA,Diamond 1,91,67,,51,22
418,summoner-5023332,419,Hazreti Nihilist,Diamond 1,90,111,,248,204
419,summoner-4758077,420,Femour Wear,Diamond 1,90,86,,209,181
420,summoner-283167,421,I LIKE B1TCHEZ,Diamond 1,90,90,,193,166
421,summoner-2070914,422,Smoke Some Weed,Diamond 1,90,69,,166,145
422,summoner-7870690,423,RaploverrSmurf,Diamond 1,90,61,,165,131
423,summoner-823565,424,MarjínaL,Diamond 1,90,127,,159,133
424,summoner-1491640,425,Dr Housê,Diamond 1,90,130,,149,132
425,summoner-18560755,426,Luà,Diamond 1,90,49,,149,86
426,summoner-1131668,427,013324042018,Diamond 1,90,79,,129,104
427,summoner-321609,428,Prétch,Diamond 1,90,63,,107,72
428,summoner-3293325,429,Madlyy,Diamond 1,90,87,,105,82
429,summoner-2353439,430,Yeap,Diamond 1,90,75,,103,79
430,summoner-4027224,431,Silent Skies,Diamond 1,90,111,,103,80
431,summoner-8271281,432,Cola4You,Diamond 1,90,64,,93,65
432,summoner-17083611,433,Kisei29,Diamond 1,90,40,,78,24
433,summoner-18355809,434,Nøâc,Diamond 1,90,39,,69,25
434,summoner-17521344,435,yayıncıym bn,Diamond 1,90,48,,45,13
435,summoner-630838,436,Bâbe,Diamond 1,90,67,,42,14
436,summoner-3142283,437,STUCK  SEÇKİN,Diamond 1,89,105,,331,303
437,summoner-3630482,438,Šinged,Diamond 1,88,63,,205,171
438,summoner-1690755,439,POR creationAWS,Diamond 1,88,91,,204,166
439,summoner-18042123,440,Aeruginosa v1,Diamond 1,87,122,,111,85
440,summoner-1302478,441,POR Moshi,Diamond 1,87,95,,111,80
441,summoner-248773,442,Repçi Penguen,Diamond 1,86,86,,222,160
442,summoner-13940643,443,ThreeLeg WellKoz,Diamond 1,86,140,,202,177
443,summoner-2373670,444,Joe Jo,Diamond 1,86,141,,197,184
444,summoner-4534560,445,VEFA Bormen,Diamond 1,86,74,,134,115
445,summoner-4320341,446,Strasser,Diamond 1,85,118,,435,396
446,summoner-1722421,447,TRAKYALİ LEGSin,Diamond 1,85,112,,198,170
447,summoner-4319453,448,Zia,Diamond 1,85,65,,104,83
448,summoner-912141,449,Eonar,Diamond 1,85,104,,78,57
449,summoner-319122,450,G E N l U S,Diamond 1,84,61,,147,103
450,summoner-2573869,451,KGG Gânnicus,Diamond 1,84,78,,140,119
451,summoner-4349763,452,RunQ,Diamond 1,83,74,,182,157
452,summoner-2687584,453,METALLICA1,Diamond 1,83,78,,170,152
453,summoner-19463915,454,Vhorlyn,Diamond 1,83,41,,94,40
454,summoner-5412477,455,Yaoi,Diamond 1,83,44,,79,61
455,summoner-762554,456,Todo,Diamond 1,82,117,,269,254
456,summoner-12074222,457,Y4B4dabaduu,Diamond 1,82,71,,154,122
457,summoner-280270,458,Spooky Jungler,Diamond 1,82,89,,106,87
458,summoner-382977,459,Apathylex,Diamond 1,81,97,,199,171
459,summoner-18673952,460,cba,Diamond 1,81,82,,179,136
460,summoner-17856219,461,MATHÝ,Diamond 1,81,64,,118,94
461,summoner-1010182,462,Supra,Diamond 1,81,72,,68,53
462,summoner-4881645,463,OG Nae Sarang,Diamond 1,80,71,,134,117
463,summoner-2014938,464,Eonwe,Diamond 1,79,46,,130,69
464,summoner-2953449,465,Wrath Morgomir,Diamond 1,78,125,,433,419
465,summoner-4580434,466,Killenjak,Diamond 1,78,66,,159,129
466,summoner-12196457,467,2Excellion3,Diamond 1,78,50,,119,93
467,summoner-15260194,468,sha good kid,Diamond 1,78,102,,89,55
468,summoner-7173856,469,Heartbeat,Diamond 1,78,54,,69,47
469,summoner-1474207,470,BènX,Diamond 1,77,102,,310,283
470,summoner-15245709,471,Fleïsch,Diamond 1,77,112,,212,194
471,summoner-2420946,472,Mancer,Diamond 1,77,137,,150,100
472,summoner-5706563,473,420 Taz,Diamond 1,76,59,,186,155
473,summoner-621010,474,Bloody Sacrifice,Diamond 1,76,86,,104,84
474,summoner-393674,475,Best Only Rengar,Diamond 1,76,62,,88,52
475,summoner-17920266,476,Komodo Ejderi Oo,Diamond 1,75,196,,804,783
476,summoner-2263367,477,xdzc,Diamond 1,75,121,,464,400
477,summoner-466949,478,exanthe,Diamond 1,75,130,,440,384
478,summoner-3933061,479,ButtShark,Diamond 1,75,131,,413,376
479,summoner-2511291,480,Saygıner,Diamond 1,75,96,,327,294
480,summoner-2170445,481,Penguin MD,Diamond 1,75,80,,325,286
481,summoner-443608,482,sofresh,Diamond 1,75,83,,290,267
482,summoner-502177,483,Earl JR Smith,Diamond 1,75,100,,287,265
483,summoner-18365221,484,BaZGaR,Diamond 1,75,101,,238,201
484,summoner-1312459,485,Jr Biâ,Diamond 1,75,92,,236,150
485,summoner-3680926,486,PHNX Insec v2,Diamond 1,75,95,,226,214
486,summoner-4898789,487,Paixdia,Diamond 1,75,82,,215,193
487,summoner-17072310,488,JW GødLike,Diamond 1,75,70,,212,188
488,summoner-5089037,489,Black DD,Diamond 1,75,107,,204,179
489,summoner-9890501,490,Akarulez,Diamond 1,75,133,,199,157
490,summoner-2071953,491,ln Vino Veritas,Diamond 1,75,72,,194,147
491,summoner-4745911,492,WoD Exyn0s,Diamond 1,75,96,,184,158
492,summoner-238921,493,LP Warrior,Diamond 1,75,79,,181,157
493,summoner-4374244,494,Roppieeè,Diamond 1,75,68,,178,159
494,summoner-17091674,495,Ward,Diamond 1,75,75,,176,147
495,summoner-15823352,496,Xase,Diamond 1,75,74,,176,162
496,summoner-812516,497,Afelion,Diamond 1,75,70,,169,127
497,summoner-8899127,498,Masterian,Diamond 1,75,94,,168,156
498,summoner-2017452,499,A L T E O M I,Diamond 1,75,61,,166,130
499,summoner-4728294,500,mortiferûm,Diamond 1,75,66,,166,91
500,summoner-1541494,501,PrinceCharles,Diamond 1,75,94,,164,147
501,summoner-2012648,502,llIlIlIIIIll,Diamond 1,75,67,,151,138
502,summoner-11875924,503,Motor Fahriye,Diamond 1,75,64,,150,91
503,summoner-3871179,504,noname bombæ,Diamond 1,75,63,,143,108
504,summoner-2512973,505,Who Feed Instinc,Diamond 1,75,94,,142,117
505,summoner-351566,506,Ariandel,Diamond 1,75,121,,142,117
506,summoner-1131058,507,PRS Lynx Scatter,Diamond 1,75,62,,141,108
507,summoner-16430146,508,Pyros,Diamond 1,75,86,,139,116
508,summoner-1881321,509,DVD,Diamond 1,75,121,,138,81
509,summoner-1194701,510,Jungle Cemal,Diamond 1,75,60,,135,118
510,summoner-280176,511,Wasteee,Diamond 1,75,57,,133,106
511,summoner-883827,512,NaloT,Diamond 1,75,70,,131,108
512,summoner-453660,513,valkrie,Diamond 1,75,87,,130,87
513,summoner-3003794,514,Rokuu,Diamond 1,75,66,,118,83
514,summoner-1383594,515,Sypnox,Diamond 1,75,60,,113,70
515,summoner-425732,516,HHHis,Diamond 1,75,55,,113,70
516,summoner-2377689,517,JİLET ÖZKAN,Diamond 1,75,63,,110,80
517,summoner-10330283,518,ates eden cocuk,Diamond 1,75,70,,109,93
518,summoner-520835,519,720P HasanKoken,Diamond 1,75,73,,108,88
519,summoner-14123224,520,DoğanDuru,Diamond 1,75,65,,103,76
520,summoner-1363501,521,Tod Veredelung,Diamond 1,75,74,,99,75
521,summoner-2064193,522,a little Dolphin,Diamond 1,75,44,,93,39
522,summoner-15964800,523,Gêrd,Diamond 1,75,45,,92,41
523,summoner-2017493,524,Ìcarus,Diamond 1,75,58,,88,58
524,summoner-3926354,525,Dv MKT,Diamond 1,75,48,,85,59
525,summoner-3324961,526,Ban Camille,Diamond 1,75,71,,85,41
526,summoner-18560459,527,alathrywyse,Diamond 1,75,40,,82,40
527,summoner-15161971,528,Kavi,Diamond 1,75,154,,81,59
528,summoner-714105,529,Èomer,Diamond 1,75,48,,80,39
529,summoner-8040781,530,EliWood v2,Diamond 1,75,70,,73,37
530,summoner-4056591,531,Adrian Aries,Diamond 1,74,132,,399,409
531,summoner-630477,532,PRS Lethenor,Diamond 1,74,93,,150,135
532,summoner-451008,533,Revânche,Diamond 1,74,43,,82,49
533,summoner-1861321,534,Reformed Øzy,Diamond 1,73,93,,288,266
534,summoner-2624583,535,Sytnhôl,Diamond 1,72,101,,285,270
535,summoner-7856962,536,ula puf,Diamond 1,72,81,,258,177
536,summoner-1640272,537,EmirHanDemiR,Diamond 1,72,62,,232,146
537,summoner-5675883,538,Phost,Diamond 1,72,58,,104,89
538,summoner-2032019,539,Sunsecz,Diamond 1,71,119,,368,356
539,summoner-1220413,540,IbaGa,Diamond 1,71,78,,124,103
540,summoner-12883234,541,Pântâles,Diamond 1,71,62,,111,94
541,summoner-460015,542,Maaaet,Diamond 1,71,63,,96,72
542,summoner-2072868,543,diskofen,Diamond 1,70,89,,269,239
543,summoner-15700997,544,Feraber,Diamond 1,70,82,,268,249
544,summoner-2816116,545,Graciela,Diamond 1,70,71,,210,180
545,summoner-2856453,546,MT Alucard,Diamond 1,69,111,,276,258
546,summoner-8942008,547,Usta Splinter,Diamond 1,69,122,,215,179
547,summoner-1804898,548,Glozér,Diamond 1,69,74,,137,127
548,summoner-3830734,549,Ohne Dich Algos,Diamond 1,69,110,,121,102
549,summoner-429722,550,Rihavein,Diamond 1,69,81,,116,105
550,summoner-4057531,551,Pecueca 1v9,Diamond 1,69,67,,92,79
551,summoner-3854044,552,Jackz,Diamond 1,68,91,,245,221
552,summoner-4619571,553,OzoGDK,Diamond 1,68,64,,201,148
553,summoner-712912,554,Etoile,Diamond 1,68,100,,181,151
554,summoner-16712334,555,NovalTheChalange,Diamond 1,68,62,,177,129
555,summoner-2555203,556,Luanté,Diamond 1,68,74,,146,100
556,summoner-6926615,557,Smøkê,Diamond 1,68,73,,104,66
557,summoner-2026566,558,Gilius,Diamond 1,68,78,,74,52
558,summoner-6651420,559,fıssst hoooh,Diamond 1,68,160,,64,55
559,summoner-3863716,560,Sup Plz,Diamond 1,68,70,,62,38
560,summoner-2571293,561,SépuLence,Diamond 1,67,108,,327,309
561,summoner-18851122,562,Naryâ,Diamond 1,67,93,,132,94
562,summoner-11156079,563,ŞKT T1 Faker,Diamond 1,67,54,,128,108
563,summoner-3580134,564,Murties,Diamond 1,67,75,,107,77
564,summoner-1060869,565,Miolâncy,Diamond 1,67,52,,78,64
565,summoner-1470608,566,DELLAL,Diamond 1,66,114,,432,426
566,summoner-9094103,567,süperali,Diamond 1,66,69,,142,97
567,summoner-17120664,568,MN Obliviate,Diamond 1,65,109,,229,208
568,summoner-3581622,569,MeField,Diamond 1,65,70,,205,192
569,summoner-12208440,570,Chance2Win,Diamond 1,65,86,,163,154
570,summoner-7880397,571,i will destroy,Diamond 1,65,95,,145,132
571,summoner-2976892,572,Slâppy,Diamond 1,65,86,,112,98
572,summoner-1411888,573,Madwolfff,Diamond 1,65,73,,93,71
573,summoner-1053098,574,Scepter,Diamond 1,65,79,,52,32
574,summoner-2935331,575,Commander07,Diamond 1,64,83,,199,182
575,summoner-4234433,576,Kienn,Diamond 1,64,89,,173,153
576,summoner-386189,577,Coolscure,Diamond 1,64,88,,46,29
577,summoner-1443688,578,TrxxpStar,Diamond 1,63,88,,141,119
578,summoner-3450616,579,ToXiC MaMi,Diamond 1,63,88,,119,95
579,summoner-458399,580,BuRU,Diamond 1,63,80,,112,94
580,summoner-18391799,581,Bodrumlu Support,Diamond 1,63,96,,100,61
581,summoner-10031520,582,KAHPE ERKEKLER,Diamond 1,62,73,,136,71
582,summoner-2410249,583,Ruffy,Diamond 1,62,72,,105,83
583,summoner-20182777,584,giverank1,Diamond 1,62,40,,87,54
584,summoner-377092,585,Luicsan,Diamond 1,61,65,,157,118
585,summoner-3513127,586,Còusîn,Diamond 1,61,115,,151,124
586,summoner-7065632,587,Hêy Mâmi,Diamond 1,61,99,,100,90
587,summoner-1233823,588,TOP OĞULCAN,Diamond 1,61,56,,71,46
588,summoner-1830368,589,scary rookie,Diamond 1,60,104,,220,187
589,summoner-11093846,590,ÇOMARSAVAR BATU,Diamond 1,60,92,,138,122
590,summoner-460072,591,ExpertBoyy,Diamond 1,60,92,,104,80
591,summoner-5752298,592,ECZACI BEY,Diamond 1,60,79,,79,48
592,summoner-2490471,593,Viølmæncér,Diamond 1,59,73,,229,178
593,summoner-5808437,594,GD SVengal,Diamond 1,59,103,,216,186
594,summoner-17051578,595,skJør,Diamond 1,59,43,,83,55
595,summoner-3871289,596,Mahíru,Diamond 1,59,128,,60,38
596,summoner-3094071,597,ZiqMo0,Diamond 1,59,61,,45,28
597,summoner-14946218,598,Rudý,Diamond 1,58,129,,222,188
598,summoner-271013,599,HayHuy,Diamond 1,58,118,,96,76
599,summoner-9251216,600,NLE BigiBang,Diamond 1,58,53,,74,45
600,summoner-368135,601,KübaÜlküOcaklari,Diamond 1,57,120,,288,271
601,summoner-2931477,602,Êray,Diamond 1,57,95,,281,241
602,summoner-4094571,603,zef alien,Diamond 1,57,96,,166,138
603,summoner-4883641,604,Zbam,Diamond 1,57,88,,113,65
604,summoner-3395334,605,ÇÖP BATU,Diamond 1,56,93,,298,252
605,summoner-7854883,606,jamesJonSnow,Diamond 1,56,118,,128,106
606,summoner-8362044,607,God OF Mainer QQ,Diamond 1,56,114,,82,47
607,summoner-18361013,608,TK Arrow,Diamond 1,55,91,,318,297
608,summoner-800472,609,dredu,Diamond 1,55,78,,247,221
609,summoner-12054166,610,SUPPORT KAI SA,Diamond 1,55,64,,219,189
610,summoner-2272101,611,Winchesterz,Diamond 1,55,48,,58,31
611,summoner-11050882,612,Psychoferret,Diamond 1,55,43,,46,24
612,summoner-7462859,613,Mchurry215,Diamond 1,54,93,,285,260
613,summoner-17100634,614,7DS BlackSoul,Diamond 1,54,73,,201,190
614,summoner-4576974,615,DarkXider,Diamond 1,53,129,,517,499
615,summoner-13512311,616,Smilesmirk,Diamond 1,53,114,,485,451
616,summoner-449591,617,1v9 for nudes,Diamond 1,53,100,,164,132
617,summoner-1801214,618,Noriên,Diamond 1,53,67,,146,129
618,summoner-18541775,619,DiamondSTAR,Diamond 1,53,70,,112,82
619,summoner-641795,620,TEAMREDBULL MİD,Diamond 1,53,91,,75,66
620,summoner-2150459,621,Zyraction,Diamond 1,53,141,,63,52
621,summoner-11271677,622,Starter,Diamond 1,53,36,,49,30
622,summoner-209018,623,Viktory,Diamond 1,52,108,,340,320
623,summoner-14461314,624,kata ích ąkame,Diamond 1,52,94,,199,143
624,summoner-3720580,625,NW Boskonovitch,Diamond 1,51,106,,262,249
625,summoner-3061532,626,too late,Diamond 1,51,63,,162,119
626,summoner-16745132,627,Bouncer,Diamond 1,50,196,,416,362
627,summoner-19544056,628,TÔLAS,Diamond 1,50,67,,303,267
628,summoner-5087633,629,M Bobby Brown,Diamond 1,50,98,,298,247
629,summoner-439394,630,YIKIK PEZEVENG,Diamond 1,50,87,,285,268
630,summoner-4210225,631,Jaguary,Diamond 1,50,111,,284,264
631,summoner-4522873,632,elodog mid lâner,Diamond 1,50,130,,266,255
632,summoner-459327,633,Hallelujah,Diamond 1,50,86,,257,225
633,summoner-14172737,634,no counterplay,Diamond 1,50,87,,256,233
634,summoner-5623830,635,Râi Hestiâ,Diamond 1,50,99,,248,225
635,summoner-5592946,636,MahmutARSLAN,Diamond 1,50,84,,245,176
636,summoner-4253213,637,Intoxicater,Diamond 1,50,116,,235,222
637,summoner-2981380,638,HATE ME MORE XD,Diamond 1,50,74,,226,203
638,summoner-12580176,639,Sllahaiken,Diamond 1,50,103,,218,202
639,summoner-2023133,640,Lacrimosa v1,Diamond 1,50,110,,210,193
640,summoner-723403,641,Haylayf,Diamond 1,50,115,,207,185
641,summoner-17085886,642,Adinoki Soldat,Diamond 1,50,79,,192,158
642,summoner-1472564,643,FISHNETLOVERHAHA,Diamond 1,50,73,,184,162
643,summoner-18484195,644,Rânsey,Diamond 1,50,74,,170,122
644,summoner-1185767,645,Jâckk,Diamond 1,50,84,,156,130
645,summoner-2699614,646,MuTAN39,Diamond 1,50,65,,148,127
646,summoner-10682951,647,DC Cerberus,Diamond 1,50,86,,141,116
647,summoner-240661,648,Doom ma geddon,Diamond 1,50,133,,141,134
648,summoner-17237002,649,Archie Andrews,Diamond 1,50,139,,140,115
649,summoner-19721897,650,Nemsy,Diamond 1,50,51,,140,101
650,summoner-5414463,651,OYUNCU KOKUTAN,Diamond 1,50,91,,133,112
651,summoner-8226197,652,oldschoolrank1,Diamond 1,50,47,,121,81
652,summoner-19304315,653,Literary Spirît,Diamond 1,50,48,,118,64
653,summoner-4181151,654,Ełdîv,Diamond 1,50,76,,106,94
654,summoner-404706,655,a new kid,Diamond 1,50,83,,105,84
655,summoner-5584765,656,P A Ń D A,Diamond 1,50,83,,81,58
656,summoner-19732098,657,AîdenZ,Diamond 1,50,40,,80,42
657,summoner-1780550,658,mrdkck,Diamond 1,49,75,,148,126
658,summoner-4525010,659,PrepectiveS,Diamond 1,48,81,,107,80
659,summoner-18391218,660,eksdeee,Diamond 1,48,100,,76,42
660,summoner-11040464,661,Râvnn,Diamond 1,48,82,,34,18
661,summoner-1234588,662,larssssssssssss,Diamond 1,47,98,,344,318
662,summoner-13401318,663,PROJECT MINIGUN,Diamond 1,47,107,,240,192
663,summoner-1493352,664,Dantę,Diamond 1,47,79,,196,188
664,summoner-16142790,665,Auto Dodge,Diamond 1,47,75,,146,119
665,summoner-18637599,666,L O S T MY ARMS,Diamond 1,47,44,,98,59
666,summoner-3029103,667,Forboun,Diamond 1,46,99,,317,256
667,summoner-3817530,668,Apameia,Diamond 1,46,95,,202,182
668,summoner-9914295,669,Ducé,Diamond 1,46,62,,163,100
669,summoner-3605770,670,ßäæ,Diamond 1,46,87,,160,123
670,summoner-422267,671,RoweOne,Diamond 1,46,69,,115,105
671,summoner-470397,672,Archelaus,Diamond 1,46,50,,73,51
672,summoner-406020,673,AGC chaoScream,Diamond 1,45,64,,116,96
673,summoner-5642807,674,flîp,Diamond 1,45,65,,99,76
674,summoner-10215010,675,Let me SAVE  you,Diamond 1,44,124,,376,357
675,summoner-3971906,676,Foremen,Diamond 1,44,85,,226,201
676,summoner-8351722,677,Mercury s QUEEN,Diamond 1,44,134,,214,202
677,summoner-2439558,678,4789120,Diamond 1,44,51,,98,82
678,summoner-458427,679,YC Evenstar,Diamond 1,43,71,,206,198
679,summoner-14165574,680,ouy evol i,Diamond 1,43,81,,114,95
680,summoner-11836907,681,Vişşâ,Diamond 1,43,45,,98,70
681,summoner-862356,682,murphy ad,Diamond 1,42,67,,67,51
682,summoner-18613647,683,Clearance IV,Diamond 1,41,70,,229,175
683,summoner-18720148,684,m1dking,Diamond 1,41,39,,53,49
684,summoner-14152681,685,ScâlFT,Diamond 1,40,106,,483,391
685,summoner-17090598,686,egirls stay away,Diamond 1,40,138,,355,350
686,summoner-2010757,687,Inspectum,Diamond 1,40,85,,235,226
687,summoner-3111029,688,ToXiC MaMİNuR,Diamond 1,40,44,,65,41
688,summoner-356972,689,FlamingFist,Diamond 1,40,65,,59,50
689,summoner-17405340,690,DJ0JucK,Diamond 1,40,61,,57,33
690,summoner-2300140,691,midqueenqueen,Diamond 1,39,77,,174,161
691,summoner-20334201,692,küs müyüz tanrım,Diamond 1,39,46,,109,72
692,summoner-7718787,693,Rholin,Diamond 1,38,99,,424,387
693,summoner-18573790,694,ADK1NG,Diamond 1,38,49,,106,74
694,summoner-2650572,695,L3gionnaire,Diamond 1,37,95,,478,423
695,summoner-5972091,696,Tyler Durden,Diamond 1,37,75,,138,110
696,summoner-2818880,697,CUIN Nocturnalcr,Diamond 1,37,70,,109,90
697,summoner-5606336,698,Thé Flash,Diamond 1,36,120,,398,366
698,summoner-13053293,699,Her Biji Mert,Diamond 1,36,123,,335,313
699,summoner-531199,700,NJ Fletcher,Diamond 1,36,84,,334,328
700,summoner-8350586,701,Mutant GP,Diamond 1,36,93,,313,330
701,summoner-16144626,702,Apâthex,Diamond 1,36,67,,183,170
702,summoner-5217681,703,Milk N Chocolate,Diamond 1,36,59,,137,89
703,summoner-4886695,704,FB bukettyy,Diamond 1,36,146,,37,26
704,summoner-6910700,705,TorbacıÇağatay,Diamond 1,35,86,,327,318
705,summoner-11935264,706,majisyen,Diamond 1,35,141,,223,201
706,summoner-340450,707,YESYOHAYNES,Diamond 1,35,53,,134,79
707,summoner-186970,708,Tâo,Diamond 1,35,144,,130,96
708,summoner-2851536,709,NC Eros,Diamond 1,35,69,,128,66
709,summoner-18772316,710,Yuiko,Diamond 1,35,47,,117,81
710,summoner-1481337,711,Ariês,Diamond 1,35,98,,98,71
711,summoner-20000124,712,ZXCnM,Diamond 1,34,85,,366,324
712,summoner-3073143,713,Abanke,Diamond 1,34,81,,293,221
713,summoner-18394924,714,EuChallengerMid,Diamond 1,34,92,,186,164
714,summoner-11112001,715,sidewinder9X,Diamond 1,34,137,,184,165
715,summoner-2040469,716,ALEYNA TİLKİ74,Diamond 1,34,72,,154,142
716,summoner-17331606,717,Mithrainn,Diamond 1,34,70,,131,113
717,summoner-3880246,718,DOLMA XDXDXDXD,Diamond 1,33,94,,344,336
718,summoner-19474232,719,VêngânzâVEVO,Diamond 1,33,77,,311,255
719,summoner-2050555,720,WeedMan,Diamond 1,33,129,,281,267
720,summoner-2438718,721,Countless QQ,Diamond 1,33,94,,82,61
721,summoner-4891521,722,Løss,Diamond 1,32,96,,237,213
722,summoner-3525262,723,KerrraK,Diamond 1,32,99,,202,181
723,summoner-754532,724,Vestâ,Diamond 1,32,66,,155,99
724,summoner-4430322,725,Kenar Gülü,Diamond 1,32,65,,137,128
725,summoner-19381478,726,Smurf 1v9,Diamond 1,32,68,,135,98
726,summoner-3614538,727,KELEŞ,Diamond 1,31,82,,194,172
727,summoner-310388,728,t0x1c m1dl4n3r,Diamond 1,31,68,,173,151
728,summoner-5944394,729,Magpio,Diamond 1,31,99,,133,116
729,summoner-11696767,730,Leprous,Diamond 1,31,81,,81,69
730,summoner-2600808,731,Streptopelia,Diamond 1,31,72,,80,67
731,summoner-2335098,732,Yuuki Asuna,Diamond 1,31,89,,76,67
732,summoner-17647204,733,Bronzwind,Diamond 1,31,35,,35,15
733,summoner-253273,734,The Doctor,Diamond 1,30,99,,131,121
734,summoner-376644,735,Ready KiLLeR,Diamond 1,29,114,,441,417
735,summoner-1531167,736,Sullâgârtsâ,Diamond 1,29,76,,136,117
736,summoner-3382197,737,Hust,Diamond 1,29,47,,98,47
737,summoner-7726616,738,Ygrittez,Diamond 1,29,68,,76,57
738,summoner-1090314,739,Zetsü,Diamond 1,28,118,,226,204
739,summoner-861221,740,Jiminˆ,Diamond 1,28,58,,89,47
740,summoner-6215117,741,VEFA Boosted,Diamond 1,0,84,,160,150
741,summoner-11833732,742,since my birth,Diamond 1,27,77,,141,136
742,summoner-1481894,743,TESISATÇI,Diamond 1,27,70,,120,104
743,summoner-4503798,744,Glxy,Diamond 1,27,43,,77,40
744,summoner-2261423,745,Tuxedo Mâsk,Diamond 1,26,104,,225,200
745,summoner-2515412,746,Y U G,Diamond 1,26,85,,216,180
746,summoner-4307693,747,Aspahh,Diamond 1,26,79,,148,134
747,summoner-11029575,748,Bukrek Sangal,Diamond 1,26,51,,147,110
748,summoner-189977,749,ELV Sanco Panco,Diamond 1,26,64,,138,105
749,summoner-5228834,750,pâin pâin drugs,Diamond 1,25,100,,237,194
750,summoner-871729,751,Mordorlu necati,Diamond 1,25,84,,224,210
751,summoner-2310214,752,qezex,Diamond 1,25,58,,156,93
752,summoner-5531198,753,KissNxxKite,Diamond 1,25,52,,104,77
753,summoner-18940130,754,Not Cognac,Diamond 1,25,43,,82,71
754,summoner-3683721,755,Bolthorn,Diamond 1,25,65,,69,55
755,summoner-2592870,756,Rukkimaru1,Diamond 1,24,61,,156,122
756,summoner-2458436,757,Hozeri,Diamond 1,24,70,,82,72
757,summoner-441238,758,Mavisins XII,Diamond 1,24,72,,67,48
758,summoner-2440740,759,Sinek,Diamond 1,24,101,,51,35
759,summoner-4519500,760,the Châin Warden,Diamond 1,23,163,,560,522
760,summoner-2832076,761,I feel Them,Diamond 1,23,74,,221,185
761,summoner-468073,762,Daddy,Diamond 1,23,109,,112,92
762,summoner-4601723,763,Demirel,Diamond 1,22,156,,502,488
763,summoner-5639662,764,Dürüm Seven Lee,Diamond 1,22,63,,164,104
764,summoner-2691584,765,Chakieee,Diamond 1,22,72,,157,139
765,summoner-17114961,766,ŁŁŁŁŁŁŁŁŁŁŁŁŁ,Diamond 1,22,48,,94,34
766,summoner-1401923,767,eViLGenius 1v9,Diamond 1,22,92,,48,28
767,summoner-1196516,768,Evellie,Diamond 1,21,139,,428,411
768,summoner-8203161,769,rtysdfxcv,Diamond 1,21,149,,399,387
769,summoner-3887934,770,Kadir,Diamond 1,21,91,,232,157
770,summoner-7255544,771,xaná,Diamond 1,21,109,,175,128
771,summoner-18888129,772,Deyjey,Diamond 1,21,50,,156,77
772,summoner-650149,773,DEMØN,Diamond 1,21,75,,131,110
773,summoner-12700592,774,KaTiLMaYmUnx11x,Diamond 1,21,91,,96,59
774,summoner-4613557,775,Vitâlliøn,Diamond 1,21,87,,48,28
775,summoner-2373437,776,PUlI the trigger,Diamond 1,20,217,,673,647
776,summoner-6591689,777,xRumble,Diamond 1,20,93,,233,152
777,summoner-6963600,778,noob184,Diamond 1,20,65,,209,213
778,summoner-11220657,779,REMOVE KEBAP,Diamond 1,20,48,,148,83
779,summoner-18531042,780,alimØn,Diamond 1,20,64,,74,39
780,summoner-1721986,781,SpectacularJanna,Diamond 1,19,142,,273,266
781,summoner-1132074,782,FROŚTWOLFF,Diamond 1,19,84,,243,228
782,summoner-863625,783,kazanamıyorum,Diamond 1,19,88,,218,188
783,summoner-467418,784,PSYÐUCK,Diamond 1,19,72,,171,162
784,summoner-3000884,785,DP Arthas,Diamond 1,19,60,,142,123
785,summoner-4885640,786,kralkara26,Diamond 1,19,71,,110,81
786,summoner-11024432,787,GHTR ilkerbey,Diamond 1,18,138,,301,279
787,summoner-9741956,788,Elohell SHEPHERD,Diamond 1,18,85,,287,268
788,summoner-1453077,789,Surely One Day,Diamond 1,18,101,,180,156
789,summoner-20261963,790,Lârcy v2,Diamond 1,18,54,,168,117
790,summoner-6921713,791,Créps,Diamond 1,18,134,,115,98
791,summoner-15332617,792,Wandering Poro,Diamond 1,18,101,,114,81
792,summoner-13300704,793,Carâdhras,Diamond 1,18,57,,67,53
793,summoner-3621513,794,SHARTLOKS,Diamond 1,17,111,,378,366
794,summoner-11603277,795,Abiodun Moana v2,Diamond 1,17,83,,262,255
795,summoner-8192688,796,Sâw,Diamond 1,17,91,,213,186
796,summoner-9646555,797,T OnMyOwn,Diamond 1,17,95,,198,186
797,summoner-4741229,798,AD3458,Diamond 1,17,92,,159,140
798,summoner-2380697,799,Kerpeten İsmail,Diamond 1,17,92,,140,122
799,summoner-6593468,800,TaRZaNCaN06,Diamond 1,17,76,,135,119
800,summoner-872840,801,Loss,Diamond 1,17,80,,131,118
801,summoner-713974,802,iOnlyNeedSeconds,Diamond 1,17,85,,101,71
802,summoner-9231920,803,EX Pablito,Diamond 1,17,72,,96,82
803,summoner-5320424,804,Mid Lâne,Diamond 1,17,81,,96,83
804,summoner-4493692,805,lCrush3Rl,Diamond 1,17,47,,88,30
805,summoner-4224598,806,KUDRET,Diamond 1,17,71,,87,62
806,summoner-2453819,807,Sunsèt,Diamond 1,17,86,,67,56
807,summoner-16262628,808,Chrescus,Diamond 1,16,102,,247,191
808,summoner-5260429,809,Shínya,Diamond 1,16,124,,209,197
809,summoner-16153737,810,Acedy Penia,Diamond 1,16,81,,171,114
810,summoner-3425039,811,TY SnowGlobe,Diamond 1,16,95,,151,131
811,summoner-5530520,812,Parêzer,Diamond 1,16,70,,120,83
812,summoner-286450,813,Son Gokû,Diamond 1,16,73,,118,98
813,summoner-2981286,814,WOD Jane,Diamond 1,16,66,,75,60
814,summoner-4144039,815,My love Shínya,Diamond 1,15,115,,209,198
815,summoner-6141429,816,Cholo,Diamond 1,15,104,,206,190
816,summoner-1227247,817,Toästy,Diamond 1,15,120,,138,125
817,summoner-5944180,818,Edwyn Stark,Diamond 1,15,125,,127,99
818,summoner-752104,819,Tylle,Diamond 1,15,64,,93,72
819,summoner-12984979,820,Vlad is God,Diamond 1,15,118,,71,62
820,summoner-7364829,821,1NT K1NG LOX1A5,Diamond 1,14,74,,214,201
821,summoner-4154532,822,lLevisl,Diamond 1,14,98,,159,137
822,summoner-10113900,823,force1327,Diamond 1,14,48,,157,106
823,summoner-17082142,824,d â n t é,Diamond 1,14,105,,95,65
824,summoner-14012418,825,Hı Im Beawulf,Diamond 1,14,77,,94,83
825,summoner-2461687,826,Bâkteriyofak,Diamond 1,14,55,,83,68
826,summoner-357826,827,DeltaXI,Diamond 1,14,83,,58,36
827,summoner-207619,828,Akamê,Diamond 1,13,89,,285,197
828,summoner-3028623,829,BARIS,Diamond 1,13,77,,243,232
829,summoner-8060180,830,Jng King,Diamond 1,13,73,,144,135
830,summoner-4763710,831,Schzofreniâ,Diamond 1,13,66,,53,28
831,summoner-7860397,832,ToKSiN004,Diamond 1,12,111,,289,241
832,summoner-12145936,833,Maviˆ,Diamond 1,12,73,,195,169
833,summoner-3288539,834,MassiveStrake,Diamond 1,12,94,,119,99
834,summoner-6202389,835,I am Davy Jones,Diamond 1,12,137,,103,94
835,summoner-2375215,836,The Best KhaZix,Diamond 1,12,150,,57,53
836,summoner-4682232,837,zxcqwejkl,Diamond 1,11,94,,293,281
837,summoner-6514728,838,Hz ZaZa,Diamond 1,11,61,,168,121
838,summoner-4240527,839,NightLight3,Diamond 1,10,94,,319,269
839,summoner-10295580,840,Shawi Katami,Diamond 1,10,67,,201,180
840,summoner-467454,841,Begümm,Diamond 1,10,87,,127,108
841,summoner-18383312,842,Veantur,Diamond 1,10,67,,123,102
842,summoner-1700524,843,OBˇ,Diamond 1,10,57,,86,78
843,summoner-4102343,844,MELÎSÂ,Diamond 1,9,99,,413,366
844,summoner-3304491,845,Ez For EZur,Diamond 1,9,83,,304,282
845,summoner-4574666,846,Xeptul,Diamond 1,9,128,,221,197
846,summoner-18192463,847,Ethereal,Diamond 1,9,68,,171,157
847,summoner-1691094,848,im nøt turkish,Diamond 1,9,73,,142,130
848,summoner-9547765,849,Turadh,Diamond 1,8,147,,230,216
849,summoner-6662207,850,Xérxes,Diamond 1,8,79,,58,49
850,summoner-204235,851,ELV Hoseok,Diamond 1,7,86,,148,127
851,summoner-19441379,852,Kèin,Diamond 1,7,52,,113,90
852,summoner-20305483,853,lMUSEl,Diamond 1,7,37,,48,12
853,summoner-6224182,854,Suckorth,Diamond 1,6,90,,184,162
854,summoner-9303150,855,MagicaL Fairy,Diamond 1,6,98,,120,81
855,summoner-7067518,856,Ąeron,Diamond 1,6,118,,97,82
856,summoner-226263,857,Ransey E,Diamond 1,5,79,,166,146
857,summoner-409127,858,S04 Vizicsacsi,Diamond 1,5,94,,120,90
858,summoner-3540327,859,bestboutmachine,Diamond 1,5,73,,109,92
859,summoner-1972711,860,HellSenTRy,Diamond 1,4,90,,318,283
860,summoner-3278521,861,Benfatto,Diamond 1,4,104,,192,205
861,summoner-15302712,862,OHA BU DEMIÇ NE,Diamond 1,4,41,,70,46
862,summoner-14251722,863,GaRF3LD7,Diamond 1,3,65,,244,200
863,summoner-6917516,864,Hunting Expert,Diamond 1,3,133,,196,182
864,summoner-3907643,865,P E R S  T w o,Diamond 1,3,73,,116,96
865,summoner-2791357,866,hi im yuuki,Diamond 1,3,63,,93,69
866,summoner-6641515,867,ICoolSanch3zs,Diamond 1,3,48,,69,58
867,summoner-1237449,868,Pêra,Diamond 1,2,69,,65,53
868,summoner-2300412,869,ja Farˆ,Diamond 1,1,74,,109,100
869,summoner-8301136,870,slm sv olakmı,Diamond 1,0,153,,608,598
870,summoner-17112347,871,Yunster,Diamond 1,0,134,,526,496
871,summoner-711917,872,Think Again,Diamond 1,0,147,,509,474
872,summoner-4876441,873,SNG Fraid,Diamond 1,0,128,,431,415
873,summoner-458791,874,Keible,Diamond 1,0,119,,405,366
874,summoner-3353353,875,SIRTIM AĞRIYOR,Diamond 1,0,114,,396,314
875,summoner-10710168,876,Symphony,Diamond 1,0,129,,395,387
876,summoner-4604556,877,MARAŞ,Diamond 1,0,123,,357,352
877,summoner-16510985,878,Ghetto v2,Diamond 1,0,115,,332,327
878,summoner-14660303,879,Teamfighting,Diamond 1,0,99,,327,292
879,summoner-2706645,880,TheTiger v1,Diamond 1,0,92,,308,300
880,summoner-744030,881,yoda good kid,Diamond 1,0,95,,295,275
881,summoner-4623894,882,emre the az,Diamond 1,0,96,,286,284
882,summoner-11931176,883,Delaney,Diamond 1,0,77,,286,251
883,summoner-3015498,884,Mìrela,Diamond 1,0,93,,267,204
884,summoner-10673810,885,TrueAlpha Rengar,Diamond 1,0,138,,263,236
885,summoner-18141833,886,Twïtch,Diamond 1,0,115,,261,240
886,summoner-3288798,887,Kordüks,Diamond 1,0,86,,258,240
887,summoner-11030862,888,IST SeFeRi,Diamond 1,0,88,,242,195
888,summoner-4067011,889,Yenel,Diamond 1,0,94,,242,177
889,summoner-6222402,890,Ańy,Diamond 1,0,84,,234,172
890,summoner-12771118,891,DPE Piazza,Diamond 1,0,81,,234,144
891,summoner-1386389,892,Pandee,Diamond 1,0,80,,229,214
892,summoner-13004496,893,Merïç,Diamond 1,0,84,,224,210
893,summoner-5580445,894,Zerphâiz,Diamond 1,0,108,,222,207
894,summoner-19172290,895,VARTOLU YAMAÇ,Diamond 1,0,99,,220,175
895,summoner-873650,896,SEÇKÎN,Diamond 1,0,117,,219,192
896,summoner-2011189,897,Diş Perisi,Diamond 1,0,91,,218,198
897,summoner-17293025,898,Sahkizar,Diamond 1,0,63,,216,188
898,summoner-3866254,899,Grapy,Diamond 1,0,103,,214,200
899,summoner-13651477,900,Schiko,Diamond 1,0,104,,211,199
900,summoner-8853791,901,Hey Hey My My,Diamond 1,0,103,,210,194
901,summoner-2971897,902,Toad,Diamond 1,0,85,,206,195
902,summoner-14530236,903,Bestt Vâyne,Diamond 1,0,104,,204,188
903,summoner-1041034,904,SONDAJCI MUSTAFA,Diamond 1,0,113,,201,179
904,summoner-4430662,905,Farzı Misal 06,Diamond 1,0,64,,200,183
905,summoner-17085082,906,overrated as fck,Diamond 1,0,68,,194,144
906,summoner-6203599,907,Sawsen,Diamond 1,0,109,,194,181
907,summoner-3928417,908,SarkonSX,Diamond 1,0,97,,193,169
908,summoner-2663373,909,Sad Rick,Diamond 1,0,94,,190,173
909,summoner-13521547,910,GelBacanaK,Diamond 1,0,63,,189,168
910,summoner-15281408,911,Xþęąw,Diamond 1,0,105,,189,157
911,summoner-2673138,912,Agnus,Diamond 1,0,94,,183,177
912,summoner-4734027,913,hydrogeddon,Diamond 1,0,97,,182,135
913,summoner-493281,914,Snowy,Diamond 1,0,62,,178,151
914,summoner-466065,915,GARNET L Jâck,Diamond 1,0,66,,175,160
915,summoner-3406735,916,FNC Lukâ1,Diamond 1,0,104,,167,140
916,summoner-4245097,917,Sêrpent,Diamond 1,0,87,,166,137
917,summoner-16222589,918,Stranmon,Diamond 1,0,61,,165,146
918,summoner-10112879,919,DARBECİ BATU,Diamond 1,0,92,,164,158
919,summoner-5971530,920,BITTIBUIS,Diamond 1,0,104,,164,149
920,summoner-1216929,921,Ap Wycihno,Diamond 1,0,92,,160,134
921,summoner-3133662,922,Shzaki,Diamond 1,0,94,,159,110
922,summoner-2460109,923,Nigguh,Diamond 1,0,49,,154,104
923,summoner-246495,924,Emumph,Diamond 1,0,78,,150,98
924,summoner-5340364,925,Falkenayn,Diamond 1,0,95,,148,138
925,summoner-4757873,926,Liâden,Diamond 1,0,124,,147,133
926,summoner-3124058,927,TFC Øx,Diamond 1,0,123,,144,125
927,summoner-1063426,928,I   6 6 6   I,Diamond 1,0,67,,142,123
928,summoner-2463413,929,M4RBL3,Diamond 1,0,53,,140,124
929,summoner-230147,930,Not My Problem,Diamond 1,0,66,,139,125
930,summoner-2677895,931,vivien x,Diamond 1,0,103,,138,119
931,summoner-2084172,932,FQRZA,Diamond 1,0,71,,138,119
932,summoner-2251506,933,emre53tr,Diamond 1,0,75,,137,124
933,summoner-7811819,934,Godless Is Back,Diamond 1,0,52,,133,116
934,summoner-2553470,935,Hyprus,Diamond 1,0,76,,132,127
935,summoner-4865152,936,Zetsu,Diamond 1,0,58,,130,91
936,summoner-6245562,937,Câxee,Diamond 1,0,65,,130,116
937,summoner-2677658,938,Banu Âlkan,Diamond 1,0,82,,126,109
938,summoner-18025411,939,DumVita,Diamond 1,0,153,,125,76
939,summoner-19580140,940,Köle Belinda,Diamond 1,0,65,,125,90
940,summoner-3894705,941,HAHAHAHA XD,Diamond 1,0,78,,124,100
941,summoner-500719,942,Theatreon,Diamond 1,0,108,,123,105
942,summoner-12716599,943,Kite,Diamond 1,0,119,,120,96
943,summoner-2605057,944,Street Jesus,Diamond 1,0,84,,111,97
944,summoner-7478740,945,CUIN Saiph,Diamond 1,0,73,,110,88
945,summoner-18906809,946,ban atmayın ltfn,Diamond 1,0,45,,108,60
946,summoner-10012782,947,Anarsit,Diamond 1,0,72,,107,92
947,summoner-2690760,948,MatmazeaL,Diamond 1,0,119,,107,95
948,summoner-3852605,949,Liv 0 8 BJK,Diamond 1,0,98,,105,78
949,summoner-11602795,950,Husnu Good Kid,Diamond 1,0,143,,102,92
950,summoner-289914,951,Dirty Mind,Diamond 1,0,80,,100,91
951,summoner-2963692,952,Zoombiee,Diamond 1,0,71,,97,76
952,summoner-3073108,953,ANGRY Daddy,Diamond 1,0,103,,96,88
953,summoner-197776,954,bermessi,Diamond 1,0,69,,93,76
954,summoner-744673,955,chloé,Diamond 1,0,102,,88,62
955,summoner-2447266,956,ØØØØØØØØØØØØØ,Diamond 1,0,60,,86,66
956,summoner-17521927,957,Its Shazam,Diamond 1,0,95,,86,63
957,summoner-1481072,958,ZEYNEPE AŞIĞIM,Diamond 1,0,63,,85,66
958,summoner-13650433,959,Sublime Katarina,Diamond 1,0,49,,83,65
959,summoner-3406834,960,Rickson,Diamond 1,0,100,,83,62
960,summoner-6508501,961,Boffie,Diamond 1,0,140,,81,66
961,summoner-2522037,962,nilin kölesiyim,Diamond 1,0,118,,79,64
962,summoner-20312975,963,Gertha,Diamond 1,0,38,,75,37
963,summoner-5944410,964,Celep Riven,Diamond 1,0,72,,70,57
964,summoner-9210868,965,ský,Diamond 1,0,40,,69,31
965,summoner-11410937,966,Jager Zeuss,Diamond 1,0,47,,67,42
966,summoner-4046154,967,Pónx,Diamond 1,0,142,,67,56
967,summoner-13099421,968,ShadowOfD4rknesS,Diamond 1,0,89,,67,47
968,summoner-511626,969,cRuger02,Diamond 1,0,42,,66,34
969,summoner-412377,970,Vranjes,Diamond 1,0,150,,61,42
970,summoner-11282247,971,DENİZE AŞIĞIM,Diamond 1,0,42,,57,31
971,summoner-19395554,972,liam,Diamond 1,0,42,,52,14
972,summoner-347560,973,Ranger,Diamond 1,0,151,,46,22
973,summoner-20334216,974,RW Webby,Diamond 1,0,37,,46,38
974,summoner-13173226,975,JosephineSkriver,Diamond 1,0,39,,42,25
975,summoner-6927758,976,GAREN OYNAYAN,Diamond 2,100,95,,464,411
976,summoner-465961,977,midlaneterror,Diamond 2,100,141,,462,444
977,summoner-2684493,978,BYB Hiwatari Kai,Diamond 2,100,112,,306,296
978,summoner-880304,979,Ekol,Diamond 2,100,70,,260,244
979,summoner-3410200,980,Spêcial Forces,Diamond 2,100,88,,240,194
980,summoner-7364162,981,Yomigae,Diamond 2,100,113,,218,184
981,summoner-1453855,982,Tears For Fears,Diamond 2,100,129,,197,179
982,summoner-19602558,983,sSTUFFEDs,Diamond 2,100,55,,195,146
983,summoner-199031,984,Mainim yok,Diamond 2,100,89,,187,153
984,summoner-261332,985,GeneTX,Diamond 2,100,73,,171,148
985,summoner-3132428,986,Hi im Kraker,Diamond 2,100,65,,159,144
986,summoner-3523155,987,HoneyBug,Diamond 2,100,73,,155,137
987,summoner-3930010,988,Brokén Jungle,Diamond 2,100,84,,137,97
988,summoner-6342009,989,AGLIYORUM,Diamond 2,100,77,,115,96
989,summoner-6950946,990,NOT REAL DEFT,Diamond 2,100,82,,104,95
990,summoner-14304212,991,Midnight Black,Diamond 2,100,47,,81,44
991,summoner-9665300,992,KOD ADI KATARÎNA,Diamond 2,98,87,,194,167
992,summoner-794577,993,Know,Diamond 2,97,74,,141,116
993,summoner-18643793,994,POR Pétrichor,Diamond 2,97,37,,63,23
994,summoner-287258,995,ALLAH YOLUNDAA,Diamond 2,96,78,,107,89
995,summoner-9976158,996,F0RTE,Diamond 2,94,79,,228,217
996,summoner-18031285,997,Vukuatlı v1,Diamond 2,94,48,,121,77
997,summoner-10584639,998,QMali,Diamond 2,93,111,,275,244
998,summoner-7012314,999,bleckhamsiş,Diamond 2,93,86,,121,105
999,summoner-4542035,1000,Jhinius,Diamond 2,92,125,,317,289
