#timestamp 1530295267712
#date 2018-06-29T18:01:07+00:00
#players 1000
#index,id,rank,name,tier,lp,level,proTeam,win,loss
0,summoner-5470459,1,LAE xSWRD,Challenger,1093,71,,168,113
1,summoner-16534242,2,TF BIade,Challenger,1085,44,,128,51
2,summoner-95820,3,VírusFx,Challenger,922,93,,136,71
3,summoner-2342030,4,Athyż,Challenger,813,94,,164,120
4,summoner-144414,5,Kunou,Challenger,791,99,,138,89
5,summoner-2281875,6,Hirotaka Nifuji,Challenger,793,121,,151,116
6,summoner-886644,7,vSack,Challenger,729,96,,192,157
7,summoner-41710,8,Pix CaritaTriste,Challenger,728,78,,138,76
8,summoner-6130219,9,Geohelado,Challenger,697,75,,170,133
9,summoner-1157126,10,bubbleman08,Challenger,631,91,,126,90
10,summoner-48057,11,Luha,Challenger,622,95,,175,144
11,summoner-116294,12,MySunflower Dani,Challenger,597,101,,176,136
12,summoner-348223,13,Miketsü,Challenger,592,92,,193,158
13,summoner-2322700,14,CGC S A M Y 2,Challenger,590,85,,190,149
14,summoner-4571935,15,Fighter1,Challenger,588,46,,150,105
15,summoner-947428,16,TwitchTv Crecre,Challenger,578,89,,239,179
16,summoner-5494753,17,Zorekk Onii Chan,Challenger,572,78,,156,117
17,summoner-139862,18,Säth,Challenger,566,130,,198,159
18,summoner-56961,19,JuanDrd435,Challenger,555,137,,309,264
19,summoner-6291753,20,Güereca,Challenger,534,52,,135,98
20,summoner-640255,21,Swifu,Challenger,526,110,,164,124
21,summoner-537764,22,Thief of Relics,Challenger,511,87,,156,126
22,summoner-215450,23,CLK1,Challenger,510,64,,215,175
23,summoner-4591052,24,BloodyLion,Challenger,506,70,,211,173
24,summoner-75295,25,Her Demon Fenix,Challenger,496,78,,126,97
25,summoner-11610140,26,Stròng,Challenger,469,65,,136,103
26,summoner-50080,27,Jujo,Challenger,485,105,,134,94
27,summoner-4450189,28,tuabuelitaentang,Challenger,480,138,,124,91
28,summoner-524840,29,ShyKid,Challenger,479,75,,142,105
29,summoner-1155001,30,el chinguita,Challenger,469,113,,206,171
30,summoner-851199,31,SAMMAHEL,Challenger,468,148,,513,484
31,summoner-168284,32,SomosAsc0Deduo,Challenger,462,95,,204,181
32,summoner-204315,33,lruga,Challenger,452,76,,283,255
33,summoner-112541,34,Snòopy,Challenger,447,74,,193,155
34,summoner-810373,35,NeoEclipsF0rever,Challenger,446,146,,136,103
35,summoner-153625,36,Haka,Challenger,445,114,,166,138
36,summoner-2241940,37,GNO UmbraAP,Challenger,443,126,,195,162
37,summoner-44037,38,Trash Game,Challenger,437,88,,151,115
38,summoner-118870,39,Tu Guardián,Challenger,436,107,,153,118
39,summoner-8801194,40,Hand of Obelisk,Challenger,433,84,,211,175
40,summoner-4163836,41,Alex Mercér,Challenger,431,67,,152,129
41,summoner-10841439,42,LawlietLelouch,Challenger,425,87,,231,204
42,summoner-403393,43,Un Pinguino Cool,Challenger,422,72,,131,87
43,summoner-4511925,44,KarenCosy,Challenger,414,54,,132,79
44,summoner-156320,45,Mikesos,Challenger,407,172,,508,470
45,summoner-418941,46,MadBlade,Challenger,402,69,,189,138
46,summoner-392695,47,CGC S A M Y,Challenger,396,80,,213,175
47,summoner-941191,48,BoñeIo,Challenger,391,80,,189,159
48,summoner-10233192,49,SaekoUndBlack,Challenger,385,37,,69,14
49,summoner-1630586,50,Huevø Frito,Challenger,384,106,,163,114
50,summoner-61520,51,TES ArándanoAzul,Challenger,381,108,,151,115
51,summoner-5660236,52,KONTOL,Challenger,373,107,,304,275
52,summoner-488562,53,Nezumi,Challenger,372,103,,234,203
53,summoner-324984,54,Enryu The Red,Challenger,365,69,,239,195
54,summoner-2501105,55,No Øne,Challenger,363,104,,219,195
55,summoner-98115,56,ReykoPa,Challenger,349,66,,137,115
56,summoner-13643775,57,PAPAYlTA,Challenger,344,73,,277,246
57,summoner-33593,58,AG siegfred,Challenger,340,78,,145,120
58,summoner-142005,59,clantoz,Challenger,338,93,,166,125
59,summoner-75118,60,Soran,Challenger,334,116,,195,167
60,summoner-41224,61,Kanra00,Challenger,334,70,,132,104
61,summoner-1566287,62,KhaelMa,Challenger,333,61,,172,146
62,summoner-841541,63,MadTedd,Challenger,332,67,,156,127
63,summoner-1303280,64,Raylú,Challenger,329,124,,262,218
64,summoner-39415,65,Vini,Challenger,328,66,,142,113
65,summoner-127811,66,CG Snow,Challenger,325,121,,472,434
66,summoner-170093,67,FZXT,Challenger,325,65,,92,60
67,summoner-42749,68,Cliff0,Challenger,323,74,,252,196
68,summoner-5090223,69,Tonight We Hunt,Challenger,321,203,,329,301
69,summoner-2191160,70,MacCuin,Challenger,319,99,,181,155
70,summoner-8604015,71,Darkin,Challenger,319,101,,159,138
71,summoner-211236,72,Sebastien,Challenger,315,72,,205,169
72,summoner-181794,73,Lumi,Challenger,314,107,,169,151
73,summoner-2122221,74,Trippïe Redd,Challenger,313,64,,134,104
74,summoner-36473,75,Harahgon,Challenger,312,123,,380,349
75,summoner-800898,76,MuffinsPodridos,Challenger,312,77,,178,130
76,summoner-1201237,77,Luprin,Challenger,295,76,,74,47
77,summoner-213475,78,JesusCA,Challenger,292,64,,266,196
78,summoner-5140831,79,Deiv1d,Challenger,291,78,,117,94
79,summoner-7204106,80,TG Re Zaidex,Challenger,290,119,,230,200
80,summoner-208064,81,kodixia,Challenger,289,117,,215,186
81,summoner-97956,82,Selfish Bastard,Challenger,288,68,,154,118
82,summoner-3304652,83,Noctix,Challenger,286,170,,486,444
83,summoner-32943,84,Yugí,Challenger,285,63,,134,104
84,summoner-1396107,85,24 03 2014,Challenger,282,61,,165,116
85,summoner-159044,86,Iana del rey,Challenger,282,49,,116,85
86,summoner-11762731,87,Sandër,Challenger,281,113,,171,146
87,summoner-1361857,88,Bryce Walker,Challenger,280,85,,231,218
88,summoner-9781020,89,SkillHard,Challenger,278,156,,451,437
89,summoner-210491,90,DGE BLACMAN,Challenger,259,116,,337,327
90,summoner-1820423,91,Twitzze,Challenger,265,59,,196,141
91,summoner-157956,92,Rìku,Challenger,274,145,,105,80
92,summoner-7680088,93,Estigia,Challenger,270,104,,114,91
93,summoner-6653525,94,SuperSave,Challenger,269,123,,193,170
94,summoner-5040611,95,Bebé Pinguino,Challenger,268,47,,80,45
95,summoner-331693,96,DarkShark10,Challenger,267,91,,349,320
96,summoner-117620,97,chimera r2,Challenger,266,98,,320,303
97,summoner-919104,98,Maîck,Challenger,266,84,,162,138
98,summoner-1385807,99,Low elo trash,Challenger,266,55,,157,123
99,summoner-43897,100,Aletsis,Challenger,265,88,,187,162
100,summoner-43094,101,Rossoneri,Challenger,265,81,,119,89
101,summoner-41511,102,LiiiiT,Challenger,259,62,,209,183
102,summoner-153065,103,mid lane banter,Challenger,256,59,,176,147
103,summoner-990938,104,Aaronlb,Challenger,257,92,,258,222
104,summoner-296596,105,Andrea Motz,Challenger,248,122,,310,282
105,summoner-156335,106,Kindle,Challenger,248,109,,239,221
106,summoner-15060130,107,fkin idiot,Challenger,248,55,,151,120
107,summoner-211435,108,Tu Gypsi,Challenger,246,119,,216,187
108,summoner-137657,109,Zethric,Challenger,246,133,,78,42
109,summoner-1159062,110,SGT Sirius Can,Challenger,245,114,,249,234
110,summoner-157955,111,Daddy Eddie,Challenger,243,58,,143,111
111,summoner-5473863,112,Anderkiller76,Challenger,242,98,,256,229
112,summoner-1990286,113,Gekkø,Challenger,241,144,,456,428
113,summoner-198637,114,Mythical Dog,Challenger,241,127,,317,281
114,summoner-138842,115,I Love Trump,Challenger,241,51,,177,59
115,summoner-16840166,116,BeijingBeef,Challenger,240,60,,210,130
116,summoner-33732,117,atlanta,Challenger,240,61,,112,90
117,summoner-1356449,118,Rμby,Challenger,239,135,,340,314
118,summoner-1231471,119,I Aru I,Challenger,237,127,,367,331
119,summoner-1118998,120,Distortion,Challenger,237,117,,166,140
120,summoner-1070594,121,Lord Strider,Challenger,237,114,,148,123
121,summoner-394180,122,Crystal Molly,Challenger,235,137,,393,366
122,summoner-213822,123,stay fresh,Challenger,233,104,,289,266
123,summoner-174950,124,NoLimit,Challenger,233,67,,144,121
124,summoner-5651686,125,Duca,Challenger,228,95,,276,256
125,summoner-626956,126,alboaron,Challenger,228,53,,152,64
126,summoner-1396918,127,TwitchTv Danijrm,Challenger,227,54,,127,88
127,summoner-64005,128,Sandroxx,Challenger,225,64,,100,74
128,summoner-99291,129,Tëmpest,Challenger,224,99,,187,127
129,summoner-409468,130,Säikou,Challenger,222,106,,155,138
130,summoner-527786,131,SkyGless,Challenger,221,88,,314,300
131,summoner-174213,132,Ábaddon,Challenger,220,88,,195,169
132,summoner-6551467,133,Ytterbium,Challenger,219,59,,154,114
133,summoner-825215,134,Nishkyu,Challenger,218,75,,253,192
134,summoner-2303376,135,Jikann,Challenger,218,99,,216,193
135,summoner-2133568,136,Dixel,Challenger,217,74,,234,203
136,summoner-5660249,137,Soradg,Challenger,217,118,,165,148
137,summoner-1090707,138,KutarraX,Challenger,216,72,,126,102
138,summoner-33622,139,Lettiot,Challenger,215,93,,124,94
139,summoner-4101200,140,Ainz Ooal GØwn,Challenger,213,151,,646,618
140,summoner-3571348,141,paulisTinA,Challenger,213,77,,177,143
141,summoner-5572510,142,NeonShy,Challenger,212,103,,257,233
142,summoner-4107412,143,BorjaSOAD,Challenger,212,91,,115,88
143,summoner-540221,144,Boob,Challenger,211,110,,214,192
144,summoner-1172068,145,Kanye Wesst,Challenger,210,105,,140,121
145,summoner-203413,146,Andrew18,Challenger,209,109,,166,144
146,summoner-162243,147,Legendary Lee,Challenger,203,59,,78,52
147,summoner-5020760,148,betatwinz,Challenger,202,45,,68,36
148,summoner-290618,149,MaeBlade,Challenger,201,95,,149,109
149,summoner-74750,150,Zcarnet,Challenger,197,96,,167,136
150,summoner-290915,151,A Sexy Waifu,Challenger,197,100,,157,133
151,summoner-54396,152,MW Star,Challenger,194,143,,158,122
152,summoner-4601043,153,Xpontaneous,Challenger,193,54,,47,19
153,summoner-40335,154,Prae,Challenger,192,139,,462,442
154,summoner-176354,155,Crecre,Challenger,192,87,,365,306
155,summoner-25753,156,Sh0ckwavee,Challenger,192,49,,62,33
156,summoner-171271,157,Pichu,Challenger,189,89,,302,281
157,summoner-14640442,158,PAPAY1TA,Challenger,189,48,,126,83
158,summoner-622280,159,Fibrah,Challenger,189,46,,126,71
159,summoner-14101711,160,CGC S A M Y 3,Challenger,187,63,,178,135
160,summoner-14690856,161,RoyaumLAN,Challenger,184,73,,270,200
161,summoner-130256,162,Papi Jodin,Challenger,182,72,,208,187
162,summoner-3313144,163,Nirati,Challenger,178,118,,242,185
163,summoner-1051840,164,Olivia,Challenger,178,115,,166,146
164,summoner-6003403,165,betatwins,Challenger,177,118,,377,348
165,summoner-1220127,166,Kanizalez,Challenger,175,96,,248,222
166,summoner-152128,167,Extravagance,Challenger,174,53,,164,136
167,summoner-136713,168,ENG yisus,Challenger,172,95,,230,200
168,summoner-413636,169,VLK Sunriser,Challenger,170,58,,116,82
169,summoner-523229,170,Supraga,Challenger,167,112,,338,307
170,summoner-5710759,171,BlìndWalker,Challenger,167,75,,303,234
171,summoner-8581685,172,FLA Kamui,Challenger,165,127,,432,411
172,summoner-597117,173,Fazz,Challenger,163,116,,271,251
173,summoner-161248,174,Huxy,Challenger,161,92,,263,242
174,summoner-3532481,175,Sithys,Challenger,159,150,,151,122
175,summoner-5513539,176,TC Bunny,Challenger,158,137,,278,259
176,summoner-63089,177,Thundraz,Challenger,156,132,,166,149
177,summoner-9173721,178,Blakzx,Challenger,156,98,,151,132
178,summoner-2260260,179,King Wukong,Challenger,156,114,,143,120
179,summoner-76695,180,Sterbenn,Challenger,155,117,,161,133
180,summoner-361221,181,Krezuel,Challenger,154,115,,206,198
181,summoner-197368,182,Góhan,Challenger,154,53,,117,104
182,summoner-310350,183,GLG Honoka,Challenger,153,61,,125,105
183,summoner-3143261,184,Sister,Challenger,153,68,,105,81
184,summoner-545546,185,Acuarelas,Challenger,152,107,,128,108
185,summoner-93056,186,YSalex,Challenger,151,118,,352,336
186,summoner-4534154,187,Wb Taco,Challenger,150,113,,135,103
187,summoner-208654,188,Crensil Diva,Challenger,149,90,,146,116
188,summoner-7472180,189,NA Fearuz,Challenger,149,54,,120,86
189,summoner-12830164,190,ØE Fas the Magi,Challenger,149,49,,115,85
190,summoner-36834,191,EvoleX,Challenger,148,110,,219,216
191,summoner-1735450,192,Kirâ,Challenger,145,39,,55,23
192,summoner-3422162,193,danielmlds,Challenger,143,79,,272,200
193,summoner-2941141,194,JaquenHaghar,Challenger,143,82,,226,206
194,summoner-12191961,195,S2 Kurama,Challenger,139,104,,278,234
195,summoner-3830362,196,MarchedWaif89,Challenger,138,126,,438,428
196,summoner-135079,197,HandGun,Challenger,138,96,,295,271
197,summoner-77347,198,Codename00,Challenger,136,60,,187,169
198,summoner-435308,199,Thelorien,Challenger,130,120,,135,105
199,summoner-177367,200,TOXICCCCCCCCCCCC,Challenger,127,48,,125,96
200,summoner-8153304,201,MòöMöóMiLK,Master,160,141,,490,477
201,summoner-1149078,202,Pandas Iove,Master,138,86,,68,47
202,summoner-1404541,203,TONYTROXES,Master,127,78,,188,163
203,summoner-2104807,204,z100DeCilantro,Master,125,35,,58,9
204,summoner-6620183,205,Vidal,Master,119,96,,206,190
205,summoner-4311308,206,How to,Master,115,105,,215,192
206,summoner-877490,207,Goofy Goober,Master,115,205,,122,96
207,summoner-7153584,208,Neitzsche,Master,114,130,,226,188
208,summoner-74002,209,Nils,Master,113,90,,141,127
209,summoner-2544168,210,Líl,Master,112,87,,190,166
210,summoner-16321895,211,Drasiel,Master,109,62,,178,128
211,summoner-14231555,212,Doctrina Egoista,Master,106,54,,141,95
212,summoner-13050146,213,RNG 55open,Master,105,135,,161,139
213,summoner-111038,214,Lesoinne,Master,104,72,,171,145
214,summoner-437429,215,Kyuo,Master,103,99,,76,53
215,summoner-531488,216,Carillon,Master,102,57,,73,52
216,summoner-151439,217,ricopolllo,Master,97,110,,291,270
217,summoner-6250197,218,Hakuryuu Reen,Master,97,83,,273,250
218,summoner-1571472,219,Soy Paul,Master,96,52,,91,65
219,summoner-8150289,220,Satsuki Yone,Master,91,136,,532,508
220,summoner-2601343,221,iFeedMe,Master,107,73,,236,222
221,summoner-90933,222,Mìanare,Master,74,81,,137,117
222,summoner-14610241,223,ltsukakotori,Master,89,64,,79,56
223,summoner-35651,224,Soul Worker,Master,85,73,,98,82
224,summoner-303207,225,Bebe Shaka,Master,84,150,,283,261
225,summoner-150582,226,El Dios Guashi,Master,84,82,,254,234
226,summoner-147250,227,Maggatt,Master,84,90,,187,169
227,summoner-132278,228,rëdnaS,Master,83,52,,155,87
228,summoner-93208,229,pxry,Master,81,64,,109,90
229,summoner-341551,230,Makeuz,Master,79,141,,420,406
230,summoner-15300174,231,Levis petrus,Master,78,51,,144,86
231,summoner-2000186,232,AdLarry,Master,73,70,,183,141
232,summoner-3943350,233,Chevîs,Master,71,90,,160,134
233,summoner-501216,234,1Rem,Master,70,107,,245,239
234,summoner-330609,235,Carlos V,Master,69,107,,430,413
235,summoner-4127893,236,Elekape,Master,69,100,,164,142
236,summoner-1546393,237,Jedi Form VII,Master,68,66,,179,147
237,summoner-520325,238,Yaelonu,Master,68,95,,164,147
238,summoner-15973031,239,Inli,Master,68,43,,112,65
239,summoner-126144,240,Te Amo Fanny,Master,67,68,,74,58
240,summoner-13482525,241,StarBunny,Master,65,53,,100,61
241,summoner-92697,242,Allign,Master,65,40,,93,49
242,summoner-935643,243,Amigo Grifo,Master,64,83,,157,147
243,summoner-1595762,244,Isá Unbesiegbar,Master,47,143,,340,324
244,summoner-1764966,245,CerquilloTilted,Master,63,65,,228,196
245,summoner-488455,246,Bareh,Master,62,96,,294,276
246,summoner-210553,247,Aniivia,Master,62,47,,83,59
247,summoner-16410630,248,MW Typhoon,Master,60,62,,102,57
248,summoner-136168,249,Nihilist Örlando,Master,59,111,,354,344
249,summoner-158774,250,Gâto,Master,59,48,,91,59
250,summoner-3740366,251,Carnage Rules,Master,56,136,,467,459
251,summoner-545911,252,Psicología,Master,56,103,,260,240
252,summoner-52722,253,ØE Limitationss,Master,56,49,,69,51
253,summoner-4782124,254,El humilde Yusty,Master,53,62,,186,139
254,summoner-13180512,255,Dmitri Putin,Master,53,83,,77,49
255,summoner-329765,256,CentenaryWarrior,Master,51,133,,436,412
256,summoner-188977,257,Doppel,Master,51,82,,145,130
257,summoner-14611994,258,Malantë,Master,49,58,,122,98
258,summoner-5613974,259,Josh2Play,Master,48,89,,175,139
259,summoner-1941206,260,JbayJbs,Master,48,86,,106,61
260,summoner-945818,261,Santíago,Master,46,69,,127,108
261,summoner-20563,262,add 4 web design,Master,44,85,,204,196
262,summoner-3462881,263,Panda Tom,Master,43,143,,353,340
263,summoner-91326,264,Z Ø Ð I A C,Master,41,97,,283,264
264,summoner-3500800,265,Gweiss ENP,Master,41,103,,273,258
265,summoner-1273292,266,ezpate,Master,39,108,,280,270
266,summoner-15334874,267,Shìnon,Master,38,57,,175,139
267,summoner-201606,268,Broodich,Master,36,98,,181,166
268,summoner-4882455,269,Nightwolf9,Master,35,133,,302,278
269,summoner-3931575,270,Lann,Master,35,127,,131,103
270,summoner-38617,271,Pëanut,Master,34,126,,100,82
271,summoner-4443939,272,Ashtray,Master,32,155,,540,527
272,summoner-500822,273,Kuul,Master,32,95,,135,118
273,summoner-285221,274,iTheEpicReaper,Master,31,83,,143,119
274,summoner-166992,275,LuxiernagaMatona,Master,29,107,,247,207
275,summoner-2871352,276,Old West,Master,29,115,,168,135
276,summoner-22299,277,Redscorpy,Master,29,140,,149,128
277,summoner-3720694,278,FnR Kush,Master,28,122,,267,244
278,summoner-6532932,279,Andresu7,Master,26,100,,302,280
279,summoner-3340222,280,Chiquinquira IJ,Master,26,136,,113,81
280,summoner-154798,281,Miguël,Master,24,96,,293,263
281,summoner-372135,282,EL Uber,Master,20,103,,72,51
282,summoner-10341706,283,asth4rotwan,Master,19,104,,182,174
283,summoner-1164376,284,Momo Hirai,Master,18,92,,315,298
284,summoner-155309,285,Diretlan,Master,18,82,,227,206
285,summoner-438977,286,N l G H T,Master,17,173,,445,432
286,summoner-9751556,287,Ing Quimico,Master,17,81,,149,120
287,summoner-1531657,288,Fallen IV,Master,16,109,,250,231
288,summoner-1524175,289,VTR,Master,16,92,,177,164
289,summoner-139360,290,Darps,Master,16,55,,131,114
290,summoner-2052468,291,UnicornG,Master,15,85,,183,174
291,summoner-11577579,292,Juego Solo top,Master,14,74,,158,137
292,summoner-16830174,293,HambertHM,Master,13,54,,107,73
293,summoner-68678,294,HazärD,Master,10,89,,119,103
294,summoner-3853491,295,Infamous,Master,9,129,,225,203
295,summoner-280323,296,Cookiezai,Master,5,111,,106,82
296,summoner-148297,297,20141231,Master,0,163,,419,406
297,summoner-288785,298,Ásura,Master,0,115,,268,254
298,summoner-1540456,299,Feple,Master,0,71,,217,180
299,summoner-129918,300,El Chuky Lozano,Master,0,121,,199,182
300,summoner-433265,301,Lord 4SaKeN,Master,16,95,,163,147
301,summoner-452765,302,ill kms,Master,0,55,,145,111
302,summoner-941797,303,Tiltalin,Master,0,69,,133,97
303,summoner-431286,304,Biboom,Master,0,73,,112,87
304,summoner-181695,305,0utsider,Master,0,78,,111,85
305,summoner-284287,306,Rangerswer,Master,0,90,,107,92
306,summoner-615010,307,Top sin TP,Master,0,97,,98,73
307,summoner-5932534,308,Noriel,Master,0,47,,88,65
308,summoner-2630739,309,Kitorinho,Master,0,47,,65,43
309,summoner-378449,310,Khey,Diamond 1,100,99,,306,287
310,summoner-1376330,311,JuanStan,Diamond 1,100,105,,274,261
311,summoner-89757,312,Nosco,Diamond 1,100,73,,235,215
312,summoner-1790148,313,AQUILESCANTO2,Master,0,117,,223,191
313,summoner-4601098,314,CSGblackrock,Diamond 1,100,85,,219,198
314,summoner-552760,315,KC MidSlayer,Diamond 1,100,94,,173,143
315,summoner-365511,316,Eudus,Diamond 1,100,101,,144,112
316,summoner-144467,317,Chucknight,Diamond 1,100,97,,144,128
317,summoner-920105,318,Softdrink870,Diamond 1,100,85,,139,101
318,summoner-32016,319,H O R A T I T O,Diamond 1,100,67,,126,108
319,summoner-130561,320,Xilss,Diamond 1,100,94,,110,82
320,summoner-325957,321,RèiN,Diamond 1,100,71,,105,81
321,summoner-622005,322,Miss Pamela Chu,Diamond 1,100,68,,92,76
322,summoner-293255,323,Devoch,Diamond 1,100,89,,59,32
323,summoner-2231373,324,DoomwaR,Diamond 1,98,106,,368,352
324,summoner-177587,325,Fallouch,Diamond 1,97,117,,157,140
325,summoner-303787,326,Fatal,Diamond 1,97,67,,75,59
326,summoner-7132675,327,Justin LFT 2,Diamond 1,97,41,,58,29
327,summoner-1531157,328,Dobleshot,Diamond 1,96,60,,172,117
328,summoner-153891,329,Dkram,Diamond 1,96,67,,127,115
329,summoner-873834,330,Ricardo Motta,Diamond 1,96,70,,79,66
330,summoner-1292652,331,l  Jamon  l,Diamond 1,95,95,,116,97
331,summoner-15452277,332,TwTv Danijrm,Diamond 1,95,41,,70,31
332,summoner-9974185,333,Tilted Meteoro,Diamond 1,95,44,,42,18
333,summoner-10842590,334,edwinkirito LAN,Diamond 1,94,79,,130,118
334,summoner-652463,335,Amnesía,Diamond 1,93,99,,162,142
335,summoner-831531,336,iG Showtek,Diamond 1,91,119,,475,464
336,summoner-1523251,337,Aracnidoso,Diamond 1,91,63,,204,156
337,summoner-1159889,338,Hamy,Diamond 1,90,99,,253,226
338,summoner-37636,339,Kastiel,Diamond 1,90,93,,198,160
339,summoner-333945,340,Alex Ov,Diamond 1,90,72,,189,185
340,summoner-119001,341,Scythes,Diamond 1,90,79,,170,150
341,summoner-8341551,342,Lankor,Diamond 1,90,99,,158,147
342,summoner-593537,343,Nasus top orfeed,Diamond 1,90,106,,155,137
343,summoner-2343019,344,ARTIFIZES,Diamond 1,90,61,,151,132
344,summoner-3520800,345,xamexxdroxer,Diamond 1,90,102,,150,129
345,summoner-4621033,346,Red Trainer,Diamond 1,90,55,,133,105
346,summoner-670630,347,Yuuna,Diamond 1,90,63,,116,81
347,summoner-426366,348,Saving,Diamond 1,90,50,,108,74
348,summoner-219008,349,Shadesu,Diamond 1,90,74,,99,66
349,summoner-423742,350,Sanha,Diamond 1,90,129,,98,68
350,summoner-676489,351,Inky Veil,Diamond 1,90,65,,97,53
351,summoner-4902286,352,Fürer Reich,Diamond 1,90,55,,85,69
352,summoner-1152178,353,Jose12gab,Diamond 1,90,37,,58,19
353,summoner-9974340,354,DeriD,Diamond 1,90,60,,42,26
354,summoner-63556,355,Bolita Erótica,Diamond 1,89,92,,171,155
355,summoner-40012,356,Lloyd12,Diamond 1,89,69,,54,23
356,summoner-1777510,357,KR0 Nian,Diamond 1,88,85,,93,75
357,summoner-1523085,358,matadorcirijiyo,Diamond 1,88,105,,92,77
358,summoner-427397,359,Zonixer,Diamond 1,88,83,,58,39
359,summoner-1397595,360,skarche31,Diamond 1,87,53,,170,75
360,summoner-657505,361,TU JEFA,Diamond 1,87,69,,140,104
361,summoner-217410,362,WhitDude,Diamond 1,85,90,,154,138
362,summoner-397019,363,lJuanma,Diamond 1,85,111,,129,106
363,summoner-9673380,364,Netzukadas,Diamond 1,85,67,,117,79
364,summoner-908592,365,Menfrox,Diamond 1,85,50,,96,67
365,summoner-171009,366,PuuRplE,Diamond 1,83,111,,204,180
366,summoner-177305,367,God Mata,Diamond 1,83,50,,93,73
367,summoner-16132471,368,Almondia,Diamond 1,83,41,,81,39
368,summoner-128460,369,Slayer galactico,Diamond 1,82,63,,125,109
369,summoner-138251,370,Quesíto,Diamond 1,82,131,,77,62
370,summoner-1367691,371,CatSempai,Diamond 1,82,38,,48,24
371,summoner-204170,372,Shykop,Diamond 1,82,65,,45,26
372,summoner-1775562,373,White Nightmare,Diamond 1,81,96,,126,106
373,summoner-2213274,374,Pervertito,Diamond 1,80,64,,163,152
374,summoner-935464,375,Devours Bread,Diamond 1,80,115,,116,95
375,summoner-530613,376,Potluck,Diamond 1,80,85,,66,49
376,summoner-2853493,377,Salsami,Diamond 1,78,138,,435,432
377,summoner-11530278,378,NiñoRata463,Diamond 1,77,73,,165,147
378,summoner-292776,379,No juego lol,Diamond 1,77,54,,126,107
379,summoner-537831,380,N5 Rach,Diamond 1,77,74,,114,97
380,summoner-328354,381,dont noobs,Diamond 1,76,71,,73,60
381,summoner-7647944,382,Feeple,Diamond 1,75,79,,275,212
382,summoner-366242,383,Amo mis bíceps,Diamond 1,75,124,,274,260
383,summoner-4720242,384,Laxse,Diamond 1,75,100,,264,228
384,summoner-557073,385,C3 RedMagic,Diamond 1,75,73,,261,226
385,summoner-12692888,386,Lucian ADC,Diamond 1,75,71,,254,211
386,summoner-85590,387,Pikachu gr,Diamond 1,75,79,,248,232
387,summoner-1740857,388,Jauny,Diamond 1,75,92,,223,173
388,summoner-416409,389,Mágaña,Diamond 1,75,80,,215,199
389,summoner-119645,390,MTH AlBREIK,Diamond 1,75,114,,211,181
390,summoner-40147,391,Diamond Stuck,Diamond 1,75,148,,206,189
391,summoner-1323789,392,ZoneDark,Diamond 1,75,69,,169,155
392,summoner-10020131,393,z z,Diamond 1,75,102,,163,132
393,summoner-11600165,394,Rocket Råccoon,Diamond 1,75,133,,159,132
394,summoner-674461,395,1hollow3,Diamond 1,75,64,,159,137
395,summoner-58615,396,Chomi  µ,Diamond 1,75,87,,153,123
396,summoner-28881,397,Killastorm,Diamond 1,75,67,,151,128
397,summoner-14375080,398,appohC,Diamond 1,75,51,,148,94
398,summoner-3182235,399,SoloAlguien,Diamond 1,75,112,,143,147
399,summoner-16270127,400,TheFakerRD,Diamond 1,75,75,,140,111
400,summoner-109838,401,Terquito,Diamond 1,75,90,,134,108
401,summoner-15180136,402,Fikuwu,Diamond 1,75,72,,131,106
402,summoner-198009,403,T 4 R Z A N,Diamond 1,75,51,,129,96
403,summoner-200362,404,Bruse Waynex,Diamond 1,75,47,,127,77
404,summoner-212665,405,Wolf Franky,Diamond 1,75,52,,126,102
405,summoner-292746,406,Hakie,Diamond 1,75,67,,121,92
406,summoner-73125,407,LeftALone,Diamond 1,75,99,,120,89
407,summoner-1042775,408,Whité,Diamond 1,75,60,,115,94
408,summoner-13311629,409,Diginerg,Diamond 1,75,47,,110,75
409,summoner-4113436,410,Kc TeamRem,Diamond 1,75,88,,107,81
410,summoner-3680243,411,MichaelXBoyser,Diamond 1,75,56,,106,50
411,summoner-815305,412,Nea,Diamond 1,75,101,,103,88
412,summoner-142400,413,Sxecurity,Diamond 1,75,63,,101,81
413,summoner-2033825,414,öttovaG,Diamond 1,75,51,,95,56
414,summoner-2400971,415,DonPacs,Diamond 1,75,70,,95,60
415,summoner-58310,416,LennyLeonard,Diamond 1,75,68,,92,61
416,summoner-2622412,417,TwchTV ARRRmando,Diamond 1,75,47,,90,71
417,summoner-3480131,418,Doug,Diamond 1,75,44,,90,39
418,summoner-615119,419,Khorix,Diamond 1,75,65,,86,71
419,summoner-15280182,420,Poropops,Diamond 1,75,50,,81,43
420,summoner-2831773,421,The King McFly,Diamond 1,75,117,,80,58
421,summoner-1315791,422,NeeeerzhuL,Diamond 1,75,59,,78,44
422,summoner-65195,423,AnT Roski,Diamond 1,75,66,,76,50
423,summoner-2230732,424,RIP XXXTENTACION,Diamond 1,75,43,,75,32
424,summoner-1620159,425,IcyDrak,Diamond 1,75,42,,72,42
425,summoner-629040,426,ØE Tyr,Diamond 1,75,71,,69,36
426,summoner-31930,427,Agonisthic,Diamond 1,75,55,,55,30
427,summoner-562204,428,Zask,Diamond 1,75,66,,39,15
428,summoner-3104008,429,Deadly Insanity,Diamond 1,74,107,,152,136
429,summoner-6083542,430,LFT Avhernox,Diamond 1,74,60,,93,74
430,summoner-2084890,431,chapaliku,Diamond 1,74,87,,44,29
431,summoner-28055,432,Redkaz,Diamond 1,73,110,,190,159
432,summoner-1377608,433,Nukter xD 69,Diamond 1,73,87,,156,151
433,summoner-572077,434,2v diplo dog,Diamond 1,73,77,,86,61
434,summoner-3574195,435,Phyrfns,Diamond 1,73,77,,82,71
435,summoner-47969,436,Genarox Kid,Diamond 1,73,79,,78,51
436,summoner-5002722,437,CaptainElroy,Diamond 1,72,60,,229,182
437,summoner-3942356,438,TSP Sn1p3rr,Diamond 1,72,73,,98,76
438,summoner-4607522,439,Darling,Diamond 1,71,45,,84,50
439,summoner-15960146,440,Angelus,Diamond 1,70,63,,229,193
440,summoner-391560,441,Mataz,Diamond 1,70,69,,127,114
441,summoner-2061006,442,l tsubaki l,Diamond 1,70,47,,113,96
442,summoner-15070212,443,BirdsInTheTrap,Diamond 1,70,49,,101,43
443,summoner-3734374,444,Féng,Diamond 1,70,45,,59,29
444,summoner-4903905,445,RafflesGaming,Diamond 1,69,84,,151,136
445,summoner-203336,446,Akjester,Diamond 1,69,83,,117,96
446,summoner-2062267,447,NickArc,Diamond 1,69,124,,114,89
447,summoner-813006,448,agosaurio,Diamond 1,68,108,,280,261
448,summoner-281221,449,Guerecaxd,Diamond 1,68,58,,121,104
449,summoner-104671,450,ZelCross,Diamond 1,67,102,,325,307
450,summoner-876702,451,Regulus no Leo,Diamond 1,67,69,,131,113
451,summoner-3854339,452,Pokemon Champion,Diamond 1,67,109,,124,83
452,summoner-1033036,453,Ichiik46,Diamond 1,67,59,,111,90
453,summoner-166210,454,Sycotiz,Diamond 1,67,60,,82,64
454,summoner-60466,455,N5 Garçon,Diamond 1,67,84,,63,51
455,summoner-8644313,456,BIackPink,Diamond 1,67,40,,46,14
456,summoner-270388,457,VizAbuelo,Diamond 1,66,108,,207,188
457,summoner-427873,458,Develion,Diamond 1,66,99,,120,105
458,summoner-36323,459,pokemexta2,Diamond 1,66,53,,75,57
459,summoner-415789,460,Not single btw,Diamond 1,66,67,,42,25
460,summoner-1755142,461,King Kittan,Diamond 1,65,82,,252,236
461,summoner-42513,462,El Paté Centeno,Diamond 1,65,64,,131,98
462,summoner-5890190,463,Hidden Clone,Diamond 1,65,85,,63,46
463,summoner-9710161,464,King of the Lane,Diamond 1,64,64,,196,177
464,summoner-1553487,465,The Crimson Star,Diamond 1,64,95,,138,115
465,summoner-3324306,466,xXAKILESVAESTAXx,Diamond 1,63,65,,113,66
466,summoner-168313,467,Reformed Adc,Diamond 1,62,55,,122,107
467,summoner-670775,468,Shieldworm,Diamond 1,61,113,,271,263
468,summoner-15030694,469,GankedByElChapo,Diamond 1,61,71,,212,169
469,summoner-4118306,470,0XxCarlitosxX0,Diamond 1,61,83,,179,76
470,summoner-14745216,471,Kaizeneka A,Diamond 1,61,66,,144,109
471,summoner-9632211,472,pentakill1997,Diamond 1,61,69,,128,49
472,summoner-145911,473,tactics88,Diamond 1,61,48,,57,33
473,summoner-3834209,474,Dya,Diamond 1,60,118,,108,81
474,summoner-12571167,475,NerF reckles,Diamond 1,59,63,,120,105
475,summoner-550619,476,Zörek,Diamond 1,59,66,,72,54
476,summoner-126471,477,Darkrastar,Diamond 1,58,96,,247,212
477,summoner-10470148,478,IShockk,Diamond 1,58,107,,223,204
478,summoner-45479,479,Agape,Diamond 1,58,91,,211,197
479,summoner-137644,480,ENG Riverbear,Diamond 1,58,95,,133,114
480,summoner-166473,481,BlackThief,Diamond 1,58,73,,119,107
481,summoner-2190509,482,Hugrock,Diamond 1,58,85,,109,99
482,summoner-68704,483,HellAngeal,Diamond 1,58,54,,105,84
483,summoner-409526,484,ClockworkApricot,Diamond 1,57,88,,324,282
484,summoner-378426,485,Ssahka ll,Diamond 1,56,95,,284,278
485,summoner-95053,486,Im Josho,Diamond 1,56,76,,162,136
486,summoner-13340794,487,KZ Hyacinth,Diamond 1,56,58,,132,51
487,summoner-1559417,488,Hserul,Diamond 1,56,70,,99,86
488,summoner-522106,489,The Dirty Man,Diamond 1,56,47,,98,84
489,summoner-2290591,490,Suck My Lantern,Diamond 1,56,99,,96,62
490,summoner-4614723,491,iPlay Top Lane x,Diamond 1,55,50,,166,87
491,summoner-4068954,492,xAEvi,Diamond 1,55,58,,134,68
492,summoner-665310,493,HI IM NIGLET,Diamond 1,55,72,,125,108
493,summoner-157102,494,Jairomedusa,Diamond 1,54,73,,160,144
494,summoner-1783769,495,KSV CoreJJ,Diamond 1,54,61,,116,99
495,summoner-133109,496,Justlikethat,Diamond 1,54,67,,105,92
496,summoner-1582421,497,MartinSON,Diamond 1,53,99,,317,304
497,summoner-297928,498,XoniCC,Diamond 1,53,93,,251,232
498,summoner-660795,499,Seshúdoishy,Diamond 1,53,124,,239,215
499,summoner-1537815,500,Paziionate,Diamond 1,53,66,,223,208
500,summoner-6813892,501,is dat her,Diamond 1,53,37,,40,14
501,summoner-8584366,502,AmanfromtheMoon,Diamond 1,52,69,,246,190
502,summoner-71556,503,iHueco,Diamond 1,52,97,,201,181
503,summoner-4561887,504,Rapid,Diamond 1,52,76,,173,160
504,summoner-7590935,505,El Lobo,Diamond 1,52,145,,170,144
505,summoner-102290,506,Heimy,Diamond 1,52,67,,142,124
506,summoner-7301392,507,xEAvi,Diamond 1,52,92,,66,47
507,summoner-5272961,508,Holles,Diamond 1,52,80,,57,40
508,summoner-6313454,509,CougarDai,Diamond 1,51,74,,217,199
509,summoner-1733010,510,DoMiNiUs500,Diamond 1,51,83,,161,146
510,summoner-7021902,511,Mogwai,Diamond 1,51,61,,100,72
511,summoner-12950189,512,E Bfriend,Diamond 1,51,47,,100,72
512,summoner-890345,513,SR    SALVA,Diamond 1,50,148,,416,377
513,summoner-9663451,514,Thúnder,Diamond 1,50,170,,351,348
514,summoner-52152,515,TwTv Tisshotzoh,Diamond 1,50,97,,336,313
515,summoner-340565,516,Lp3 Nyeloh,Diamond 1,50,122,,319,307
516,summoner-15273073,517,Hroudberht,Diamond 1,50,65,,259,227
517,summoner-62389,518,Dominick,Diamond 1,50,101,,244,232
518,summoner-16390137,519,na secret eboy,Diamond 1,50,86,,232,216
519,summoner-1597161,520,WET Granjero,Diamond 1,50,89,,223,211
520,summoner-2460494,521,El Pecueca,Diamond 1,50,77,,211,164
521,summoner-1021337,522,King Monaco,Diamond 1,50,66,,188,170
522,summoner-2222342,523,Márth,Diamond 1,50,73,,184,166
523,summoner-139550,524,Only Cat,Diamond 1,50,79,,177,161
524,summoner-523266,525,Protego,Diamond 1,50,106,,164,143
525,summoner-5702867,526,Eve Látigo Cepa,Diamond 1,50,74,,131,107
526,summoner-2620557,527,Uzzzi,Diamond 1,50,54,,128,123
527,summoner-7880294,528,TES PinkGoat,Diamond 1,50,92,,123,110
528,summoner-90648,529,DiosDelCielo,Diamond 1,50,73,,120,110
529,summoner-212364,530,VLK Equalizer,Diamond 1,50,68,,118,97
530,summoner-321958,531,Míkoto,Diamond 1,50,65,,117,93
531,summoner-31652,532,El MotoTaxi,Diamond 1,50,129,,112,93
532,summoner-155909,533,KON EscanØr,Diamond 1,50,65,,110,88
533,summoner-3320859,534,Mírai,Diamond 1,50,192,,101,82
534,summoner-15891692,535,Santi Rank 1,Diamond 1,50,45,,100,68
535,summoner-205568,536,fat,Diamond 1,50,49,,99,81
536,summoner-1650862,537,Melvox,Diamond 1,50,135,,97,66
537,summoner-181355,538,Enanoks,Diamond 1,50,86,,94,87
538,summoner-12710145,539,Brutak,Diamond 1,50,44,,84,66
539,summoner-388914,540,Teddyy Kun,Diamond 1,50,110,,64,46
540,summoner-1103782,541,Fonck,Diamond 1,50,59,,46,39
541,summoner-179912,542,JUANDJ0,Diamond 1,49,112,,321,312
542,summoner-2302211,543,Xoa,Diamond 1,49,113,,306,271
543,summoner-312340,544,FORONDA TU PAPÁ,Diamond 1,49,113,,243,216
544,summoner-14739158,545,SKT 1 Fakerr,Diamond 1,49,53,,143,105
545,summoner-427651,546,CG Leid,Diamond 1,49,77,,139,86
546,summoner-13150129,547,Scorpio X,Diamond 1,49,44,,87,41
547,summoner-9543410,548,VelkozCarry,Diamond 1,49,44,,62,23
548,summoner-2604044,549,orithkeeper,Diamond 1,48,74,,180,168
549,summoner-620623,550,Gabi,Diamond 1,46,78,,132,117
550,summoner-4536116,551,demolder4510,Diamond 1,46,109,,93,65
551,summoner-6650972,552,Soraley,Diamond 1,46,41,,45,22
552,summoner-12040150,553,Amianto,Diamond 1,45,101,,254,252
553,summoner-1404528,554,CDA Simi,Diamond 1,45,72,,128,102
554,summoner-1114939,555,Enchanting Fox,Diamond 1,45,144,,96,82
555,summoner-57319,556,Usell,Diamond 1,45,71,,90,68
556,summoner-4670397,557,lxNeteroxl,Diamond 1,45,65,,69,48
557,summoner-2183324,558,Morty2,Diamond 1,44,62,,115,98
558,summoner-30776,559,Romeroski,Diamond 1,43,161,,536,524
559,summoner-6150207,560,Omega,Diamond 1,43,95,,142,129
560,summoner-400742,561,Pacha De Cacique,Diamond 1,43,82,,126,125
561,summoner-6060805,562,Dulce Pepinillo,Diamond 1,43,73,,121,92
562,summoner-16070139,563,Pyrople,Diamond 1,43,39,,79,42
563,summoner-49094,564,Aione,Diamond 1,42,127,,440,434
564,summoner-436358,565,À N U N N A K I,Diamond 1,42,93,,91,68
565,summoner-73140,566,asdadasdasda,Diamond 1,42,63,,47,38
566,summoner-1166799,567,HítmonLee,Diamond 1,41,133,,452,453
567,summoner-2023328,568,Mid ABUSER,Diamond 1,41,115,,245,223
568,summoner-1802879,569,legendario2,Diamond 1,41,74,,141,130
569,summoner-1165031,570,l   Revólver  l,Diamond 1,41,73,,106,94
570,summoner-6610179,571,TheFenixx,Diamond 1,41,46,,87,70
571,summoner-3445115,572,Ariana,Diamond 1,41,55,,76,30
572,summoner-1398245,573,Levidant Joestar,Diamond 1,40,107,,163,138
573,summoner-904554,574,Random Marksman,Diamond 1,40,59,,101,74
574,summoner-84096,575,Buckpeck,Diamond 1,38,94,,345,330
575,summoner-6521234,576,God of Talon,Diamond 1,37,64,,121,88
576,summoner-5850853,577,Mø Nôctürnê Nø,Diamond 1,37,104,,104,86
577,summoner-440349,578,EDGARTOYIN,Diamond 1,36,84,,245,234
578,summoner-8161206,579,Qwertyuiop1615,Diamond 1,36,110,,139,115
579,summoner-383095,580,Simon Wrynn,Diamond 1,36,113,,73,51
580,summoner-536641,581,NxL Tyròn,Diamond 1,35,76,,147,126
581,summoner-811460,582,Raél,Diamond 1,35,111,,135,125
582,summoner-89554,583,Levis,Diamond 1,35,75,,108,102
583,summoner-407192,584,Saiito,Diamond 1,35,112,,96,76
584,summoner-6233600,585,Fearuz,Diamond 1,35,47,,81,58
585,summoner-4602310,586,EG Šhy Jungler,Diamond 1,34,147,,439,442
586,summoner-2812518,587,Betty n Jughead,Diamond 1,34,113,,386,361
587,summoner-945098,588,xShinra,Diamond 1,34,108,,240,221
588,summoner-9991796,589,Esaeon,Diamond 1,34,72,,222,223
589,summoner-89215,590,Chemamey Annie,Diamond 1,34,102,,173,154
590,summoner-75143,591,Frankyyy,Diamond 1,34,92,,95,76
591,summoner-3972181,592,JorgeFalcon,Diamond 1,34,127,,75,59
592,summoner-136704,593,Wånheda,Diamond 1,34,53,,69,47
593,summoner-3353886,594,IN2U,Diamond 1,34,79,,53,24
594,summoner-55801,595,Fufu v2,Diamond 1,33,102,,357,323
595,summoner-2833877,596,Wåndering,Diamond 1,33,112,,293,275
596,summoner-2460760,597,Cardi Hellshok B,Diamond 1,33,97,,144,134
597,summoner-294748,598,Muzeh,Diamond 1,33,78,,137,123
598,summoner-11180231,599,IrresistibIe,Diamond 1,33,65,,130,104
599,summoner-4180164,600,IIWolfII,Diamond 1,33,121,,98,82
600,summoner-105505,601,Verathrím,Diamond 1,33,70,,84,47
601,summoner-92599,602,BréaK,Diamond 1,32,176,,414,388
602,summoner-464920,603,MLS Alowake,Diamond 1,32,153,,209,195
603,summoner-105061,604,brigde,Diamond 1,32,66,,139,109
604,summoner-84412,605,Río,Diamond 1,32,111,,125,118
605,summoner-1104107,606,delot,Diamond 1,32,67,,96,90
606,summoner-178768,607,Johan1g,Diamond 1,31,113,,583,544
607,summoner-102547,608,Billyjimi,Diamond 1,31,94,,217,208
608,summoner-559229,609,EdBars,Diamond 1,31,74,,123,109
609,summoner-1210331,610,BurningShärk,Diamond 1,31,76,,119,108
610,summoner-4900157,611,Stiyl Izayoi,Diamond 1,30,85,,340,320
611,summoner-203508,612,Zeus sekin,Diamond 1,30,67,,236,216
612,summoner-7874080,613,Verathrim,Diamond 1,30,104,,97,82
613,summoner-66356,614,Valente,Diamond 1,30,93,,49,26
614,summoner-810941,615,vampirin,Diamond 1,29,141,,129,112
615,summoner-871985,616,CaptnXman,Diamond 1,29,42,,97,56
616,summoner-2075465,617,PiniMinero,Diamond 1,29,97,,93,80
617,summoner-585104,618,Xory,Diamond 1,28,108,,188,174
618,summoner-141948,619,3124560,Diamond 1,28,72,,150,130
619,summoner-3652306,620,Rkman,Diamond 1,28,87,,131,108
620,summoner-40541,621,NeiI,Diamond 1,27,160,,286,269
621,summoner-173842,622,Drestik,Diamond 1,27,83,,199,197
622,summoner-8024235,623,Blasnais,Diamond 1,27,92,,86,68
623,summoner-129455,624,Zutter,Diamond 1,27,121,,69,46
624,summoner-400575,625,IguanaEmbarazada,Diamond 1,27,99,,65,53
625,summoner-3190222,626,rub,Diamond 1,27,71,,58,34
626,summoner-139973,627,Blanc Chains,Diamond 1,26,189,,127,110
627,summoner-5473629,628,Koko Hekmatier,Diamond 1,25,77,,210,186
628,summoner-205974,629,Wolf Karsa,Diamond 1,25,71,,144,128
629,summoner-6470902,630,Kouke,Diamond 1,25,51,,134,109
630,summoner-2114861,631,abcquiumein,Diamond 1,25,99,,103,64
631,summoner-1549064,632,EL CAPO DE LAN,Diamond 1,25,49,,66,49
632,summoner-13764499,633,Anlvia Guy,Diamond 1,25,41,,57,29
633,summoner-853257,634,Luhe,Diamond 1,24,62,,166,125
634,summoner-9170369,635,CannabisJah,Diamond 1,23,57,,164,104
635,summoner-585102,636,OliviaNyan,Diamond 1,23,60,,121,90
636,summoner-2083705,637,Âriël,Diamond 1,23,109,,114,96
637,summoner-13331254,638,SIutalee,Diamond 1,23,49,,99,59
638,summoner-142533,639,Ren ˇuˇ,Diamond 1,23,75,,54,46
639,summoner-1286229,640,madbrizk,Diamond 1,22,105,,307,292
640,summoner-1140514,641,ALM Herø,Diamond 1,21,92,,177,167
641,summoner-25434,642,WET Varzinso,Diamond 1,21,99,,156,137
642,summoner-70963,643,MW Tai,Diamond 1,21,89,,131,90
643,summoner-3421358,644,Wazabie,Diamond 1,21,70,,128,71
644,summoner-80398,645,Vipér,Diamond 1,21,80,,109,98
645,summoner-2162915,646,AsprosDeGéminis,Diamond 1,21,48,,102,78
646,summoner-91485,647,Ësperanza,Diamond 1,21,71,,55,36
647,summoner-9222218,648,xDaCh,Diamond 1,20,156,,564,520
648,summoner-154687,649,AFK Thergan Fate,Diamond 1,20,126,,309,303
649,summoner-2075139,650,Fąng,Diamond 1,20,85,,231,224
650,summoner-2301170,651,afreeca,Diamond 1,20,120,,112,105
651,summoner-11081519,652,Metal Upa,Diamond 1,20,98,,85,62
652,summoner-126279,653,iPocho,Diamond 1,20,69,,63,53
653,summoner-4211874,654,Cefiro,Diamond 1,20,77,,45,26
654,summoner-1744540,655,Jeff506,Diamond 1,19,104,,327,311
655,summoner-3894169,656,Fotógrafo de XV,Diamond 1,19,119,,214,172
656,summoner-164716,657,Oblïvïon,Diamond 1,19,94,,187,180
657,summoner-10283850,658,holaquehacelol 2,Diamond 1,19,95,,156,115
658,summoner-14644121,659,Mäddox,Diamond 1,19,67,,102,79
659,summoner-610872,660,Kinnes,Diamond 1,19,90,,93,66
660,summoner-284096,661,ADC 2K17,Diamond 1,19,69,,65,60
661,summoner-4560150,662,Dracs,Diamond 1,18,77,,252,206
662,summoner-2120351,663,Benns,Diamond 1,18,130,,225,208
663,summoner-29426,664,FnR Zefdi,Diamond 1,18,115,,198,180
664,summoner-36118,665,eldonas,Diamond 1,18,65,,165,154
665,summoner-137036,666,Nagûra,Diamond 1,18,69,,140,126
666,summoner-878013,667,Im xDeathstrokex,Diamond 1,18,118,,134,109
667,summoner-2912867,668,YuphetS,Diamond 1,18,108,,97,73
668,summoner-60242,669,NightRD Chelsea,Diamond 1,18,93,,80,55
669,summoner-424752,670,Zætoz,Diamond 1,17,173,,804,775
670,summoner-77266,671,LaslwS,Diamond 1,17,102,,341,340
671,summoner-667937,672,Mr Cymbal Monkey,Diamond 1,17,85,,195,189
672,summoner-3551662,673,Condon,Diamond 1,17,81,,180,163
673,summoner-8031494,674,Ráider,Diamond 1,17,106,,133,126
674,summoner-3464376,675,RV ExiliumSword,Diamond 1,17,57,,97,80
675,summoner-125839,676,Cm TzunK,Diamond 1,17,60,,92,73
676,summoner-661943,677,Raf4s06,Diamond 1,17,78,,91,80
677,summoner-617233,678,Minecraft,Diamond 1,17,58,,73,60
678,summoner-207719,679,Wolf Harahel,Diamond 1,17,56,,40,28
679,summoner-3471888,680,DotheDew,Diamond 1,16,149,,307,290
680,summoner-335564,681,Pudge xd,Diamond 1,16,76,,244,213
681,summoner-939450,682,Hayashi Yuki,Diamond 1,16,80,,203,199
682,summoner-1118350,683,rey naturaleza,Diamond 1,16,101,,176,164
683,summoner-2124370,684,Shirõ,Diamond 1,16,123,,163,153
684,summoner-10100134,685,hi am lance,Diamond 1,16,112,,98,78
685,summoner-853456,686,92 Explorer,Diamond 1,15,71,,263,244
686,summoner-72516,687,MedusaDeMar,Diamond 1,15,76,,251,245
687,summoner-13910607,688,Razzle Dazzle,Diamond 1,15,86,,222,205
688,summoner-15060180,689,SSW Pain,Diamond 1,15,125,,160,122
689,summoner-2282751,690,Leé sin,Diamond 1,15,88,,110,100
690,summoner-7412387,691,Nymphia,Diamond 1,15,40,,57,29
691,summoner-14422529,692,Totyx Senpai,Diamond 1,14,149,,215,201
692,summoner-529633,693,FLA YIYA,Diamond 1,14,100,,202,194
693,summoner-440660,694,Ninjor,Diamond 1,13,93,,367,362
694,summoner-75351,695,Jalou,Diamond 1,12,63,,126,116
695,summoner-1213846,696,Tefi Baka,Diamond 1,12,98,,97,96
696,summoner-152094,697,Hiko Lako,Diamond 1,11,77,,182,160
697,summoner-6213262,698,Líkkrit,Diamond 1,11,47,,85,71
698,summoner-21314,699,JeiiZe,Diamond 1,10,57,,92,86
699,summoner-1527045,700,Fupa Milkbone,Diamond 1,10,44,,86,45
700,summoner-6663290,701,Anbμ,Diamond 1,9,76,,244,199
701,summoner-6292617,702,Tom Lücitor,Diamond 1,9,89,,92,85
702,summoner-5463135,703,Arepin,Diamond 1,8,103,,304,297
703,summoner-10404302,704,Atomz999,Diamond 1,8,61,,184,115
704,summoner-25191,705,l None l,Diamond 1,7,80,,143,126
705,summoner-15475985,706,Quve,Diamond 1,7,66,,137,88
706,summoner-8003974,707,128 BPM,Diamond 1,6,60,,136,123
707,summoner-10935968,708,R7 PapiSosa,Diamond 1,6,56,,111,90
708,summoner-680674,709,Illllllll,Diamond 1,5,105,,257,252
709,summoner-3822031,710,Savage Drahga,Diamond 1,5,67,,73,69
710,summoner-2932738,711,Lord Shura,Diamond 1,4,92,,224,214
711,summoner-327704,712,Dr Mister Señor,Diamond 1,4,55,,136,115
712,summoner-3865079,713,DleGo,Diamond 1,4,88,,126,113
713,summoner-527005,714,Purrfect Katido,Diamond 1,3,61,,181,157
714,summoner-15433376,715,Draknion,Diamond 1,3,64,,166,125
715,summoner-7230132,716,lBUBUl,Diamond 1,2,99,,206,197
716,summoner-26278,717,AxI,Diamond 1,2,72,,197,186
717,summoner-6333065,718,EsojLeugim,Diamond 1,2,63,,196,136
718,summoner-1153917,719,Enrico Pucci,Diamond 1,2,62,,99,83
719,summoner-822693,720,Fk This Game,Diamond 1,1,119,,255,230
720,summoner-4054538,721,Basura low elo,Diamond 1,1,69,,174,161
721,summoner-12221708,722,Zoe is Life,Diamond 1,1,109,,174,141
722,summoner-1090486,723,Boloman,Diamond 1,1,78,,99,89
723,summoner-6532535,724,PhinxSitoO,Diamond 1,0,118,,463,442
724,summoner-4773531,725,miiller,Diamond 1,0,124,,392,383
725,summoner-8341082,726,Master Shifu,Diamond 1,0,128,,371,362
726,summoner-1801041,727,PDS Notorious,Diamond 1,0,110,,369,354
727,summoner-2074323,728,Lupo Bianco,Diamond 1,0,121,,366,356
728,summoner-157951,729,Tav,Diamond 1,0,137,,360,346
729,summoner-535215,730,Lp3 Zorua,Diamond 1,0,115,,340,315
730,summoner-216496,731,Scratchek,Diamond 1,0,111,,314,295
731,summoner-44735,732,Murmullo,Diamond 1,0,119,,304,282
732,summoner-875066,733,MK Chocotejin,Diamond 1,0,107,,303,241
733,summoner-201602,734,EternityBeast,Diamond 1,0,87,,293,283
734,summoner-415989,735,Hexader,Diamond 1,0,130,,292,288
735,summoner-10370155,736,IoI,Diamond 1,0,89,,287,254
736,summoner-85582,737,ZamirZenNt,Diamond 1,0,99,,284,242
737,summoner-4524374,738,GO Chorla,Diamond 1,0,109,,282,257
738,summoner-4760941,739,Beibi Rekkles,Diamond 1,0,118,,275,258
739,summoner-153143,740,Jhiinso,Diamond 1,0,119,,263,241
740,summoner-156822,741,Rafaelito15,Diamond 1,0,102,,255,245
741,summoner-3760707,742,Coca de 600ml,Diamond 1,0,99,,230,220
742,summoner-4460274,743,Jeziah,Diamond 1,0,75,,221,202
743,summoner-74438,744,Purry,Diamond 1,0,95,,220,234
744,summoner-1061148,745,TwTv elbananolol,Diamond 1,0,91,,218,224
745,summoner-2052952,746,Beyond,Diamond 1,0,96,,218,209
746,summoner-284782,747,TrashADCMeta,Diamond 1,0,89,,207,174
747,summoner-95768,748,King of Memes,Diamond 1,0,88,,196,181
748,summoner-2381658,749,Sad Bünny,Diamond 1,0,146,,195,187
749,summoner-4621038,750,iSeltzer,Diamond 1,0,75,,194,150
750,summoner-10203062,751,el srVładimir,Diamond 1,0,153,,179,137
751,summoner-202912,752,KiluaHaruno,Diamond 1,0,111,,177,183
752,summoner-12472445,753,Davô,Diamond 1,0,70,,168,158
753,summoner-3652637,754,iBrownie,Diamond 1,0,139,,157,123
754,summoner-465010,755,Minatozaki Sana,Diamond 1,0,99,,157,141
755,summoner-156989,756,Säck,Diamond 1,0,81,,156,145
756,summoner-326441,757,Krix,Diamond 1,0,129,,155,120
757,summoner-4211612,758,TheQueen Is Back,Diamond 1,0,56,,153,131
758,summoner-53237,759,Barbacoa Salvaje,Diamond 1,0,62,,152,140
759,summoner-1393157,760,caKestyle,Diamond 1,0,50,,152,110
760,summoner-536362,761,MTH Zombix,Diamond 1,0,115,,151,142
761,summoner-181649,762,Amonith,Diamond 1,0,70,,148,139
762,summoner-620622,763,Wolf Sáber,Diamond 1,0,67,,140,131
763,summoner-4610480,764,Yung Perez,Diamond 1,0,53,,135,112
764,summoner-69881,765,Nickleaf,Diamond 1,0,70,,133,113
765,summoner-3971911,766,Damn Gøre,Diamond 1,0,121,,131,113
766,summoner-1081104,767,TheLapiz,Diamond 1,0,75,,128,119
767,summoner-4152826,768,Témpest,Diamond 1,0,119,,126,115
768,summoner-1270181,769,Ryogah,Diamond 1,0,88,,125,80
769,summoner-324547,770,Opponent,Diamond 1,0,78,,125,105
770,summoner-120180,771,Sr Caca,Diamond 1,0,68,,124,108
771,summoner-1326698,772,zerkerfkin1,Diamond 1,0,100,,120,100
772,summoner-14810283,773,SC Goat,Diamond 1,0,64,,120,81
773,summoner-1586060,774,DAVIIXZ,Diamond 1,0,50,,118,75
774,summoner-1761953,775,ßastet,Diamond 1,0,69,,114,108
775,summoner-118624,776,Velo de Tinta,Diamond 1,0,57,,112,90
776,summoner-131151,777,ZoulFox,Diamond 1,0,111,,108,89
777,summoner-382713,778,Sir Legend,Diamond 1,0,54,,106,59
778,summoner-841897,779,Gomez,Diamond 1,0,82,,102,85
779,summoner-1540530,780,Buscando a Nami,Diamond 1,0,58,,100,74
780,summoner-1620236,781,Gravy Milkshake,Diamond 1,0,44,,98,44
781,summoner-1286628,782,ExtremeJorraf,Diamond 1,0,43,,98,46
782,summoner-2502529,783,cherud,Diamond 1,0,74,,95,79
783,summoner-168968,784,μFrank,Diamond 1,0,83,,85,55
784,summoner-1051669,785,Sinyi,Diamond 1,0,75,,84,71
785,summoner-3373774,786,VEGÉTA,Diamond 1,0,166,,84,55
786,summoner-5910220,787,Pr0mesasKeep,Diamond 1,0,107,,80,64
787,summoner-2620981,788,ONllCHAN,Diamond 1,0,54,,75,55
788,summoner-291241,789,KanskaR,Diamond 1,0,40,,75,41
789,summoner-37177,790,WILL SMITE xD,Diamond 1,0,42,,75,65
790,summoner-79085,791,Dango Daikazoku,Diamond 1,0,87,,74,62
791,summoner-5732873,792,Tigz,Diamond 1,0,45,,72,64
792,summoner-531600,793,Cindy,Diamond 1,0,111,,65,49
793,summoner-3353824,794,Feliipe99,Diamond 1,0,52,,59,34
794,summoner-96031,795,thepoisonlol,Diamond 1,0,37,,50,28
795,summoner-14592566,796,qQ tT,Diamond 1,0,45,,47,24
796,summoner-26889,797,Druzzel,Diamond 2,100,186,,838,837
797,summoner-389077,798,Fìro,Diamond 2,100,131,,387,375
798,summoner-30855,799,Mechs,Diamond 2,100,129,,324,322
799,summoner-1053538,800,Naysek,Diamond 2,100,83,,227,177
800,summoner-5530185,801,PG White Howl,Diamond 2,100,82,,147,125
801,summoner-3655148,802,LIL PUMP FAN,Diamond 2,100,92,,143,131
802,summoner-1396111,803,Wolf Kain,Diamond 2,100,82,,135,120
803,summoner-438655,804,Don iama,Diamond 2,100,66,,129,119
804,summoner-510492,805,Valkiriq,Diamond 2,100,85,,105,82
805,summoner-104267,806,Røger,Diamond 2,100,48,,100,58
806,summoner-281655,807,My Shield,Diamond 2,100,135,,95,83
807,summoner-284685,808,TheDrestik,Diamond 2,100,43,,90,62
808,summoner-49539,809,Jelex,Diamond 2,100,62,,38,19
809,summoner-467037,810,TDM Kauffmann,Diamond 2,99,136,,290,283
810,summoner-280715,811,The Blind King,Diamond 2,99,94,,239,230
811,summoner-667249,812,Synyst3r,Diamond 2,99,130,,177,161
812,summoner-158642,813,Arclightdlx,Diamond 2,99,49,,132,68
813,summoner-7163996,814,Capchii,Diamond 2,99,86,,90,77
814,summoner-521003,815,Two Guns,Diamond 2,98,110,,323,297
815,summoner-14534313,816,Challenger 0,Diamond 2,95,116,,405,382
816,summoner-616451,817,lHayl,Diamond 2,95,69,,172,117
817,summoner-6140183,818,Shauna Shade,Diamond 2,95,42,,50,32
818,summoner-6692521,819,1NoTrEo1,Diamond 2,94,101,,263,236
819,summoner-14501267,820,D5 HardStuck lul,Diamond 2,94,121,,217,205
820,summoner-164998,821,Kíro,Diamond 2,94,94,,148,142
821,summoner-13212405,822,Memox JnmR,Diamond 2,93,80,,219,211
822,summoner-11362100,823,Bronze Five Elo,Diamond 2,92,47,,95,73
823,summoner-4741700,824,GalaxyEsther,Diamond 2,92,36,,56,22
824,summoner-547110,825,Kervek,Diamond 2,91,105,,154,117
825,summoner-10856078,826,SmallBlackGuy,Diamond 2,91,42,,98,50
826,summoner-6312806,827,willyrets,Diamond 2,90,51,,72,48
827,summoner-4772253,828,VeraHilarious,Diamond 2,90,36,,56,22
828,summoner-16521947,829,Jungle Pressure,Diamond 2,89,45,,103,69
829,summoner-3993525,830,Chivo Please,Diamond 2,88,63,,61,29
830,summoner-29658,831,Icarhoos,Diamond 2,87,76,,81,63
831,summoner-192497,832,Josiah,Diamond 2,85,121,,214,172
832,summoner-3340628,833,El Pister,Diamond 2,85,68,,156,138
833,summoner-130197,834,Doc Efesoo McFly,Diamond 2,85,72,,151,132
834,summoner-426567,835,Danyyy,Diamond 2,84,55,,101,92
835,summoner-137596,836,Héroe Heroína,Diamond 2,83,129,,362,349
836,summoner-72987,837,xxkatmaster17xx,Diamond 2,83,106,,127,117
837,summoner-939403,838,Ąndrés,Diamond 2,83,101,,92,91
838,summoner-3554258,839,Nina Tucker,Diamond 2,82,80,,237,219
839,summoner-153936,840,Shadö desu,Diamond 2,82,106,,127,109
840,summoner-115160,841,Critsil,Diamond 2,82,55,,73,58
841,summoner-15130529,842,EL WAPO 2,Diamond 2,81,45,,77,33
842,summoner-5514232,843,RusherZombies,Diamond 2,80,86,,103,93
843,summoner-15300179,844,ØE InKos,Diamond 2,80,41,,70,48
844,summoner-1545283,845,DarkGunsk,Diamond 2,79,87,,176,165
845,summoner-2303396,846,Aegís,Diamond 2,79,97,,150,131
846,summoner-13222726,847,Vladímirovich,Diamond 2,79,209,,129,101
847,summoner-69719,848,Kaøtic,Diamond 2,78,69,,175,159
848,summoner-16820155,849,Peking Duck,Diamond 2,78,55,,105,81
849,summoner-1083624,850,Piano,Diamond 2,78,72,,76,53
850,summoner-2491587,851,Deadly30,Diamond 2,77,64,,122,85
851,summoner-1528529,852,hotsonabader,Diamond 2,77,75,,98,89
852,summoner-103138,853,Niquel Cobalto,Diamond 2,76,83,,115,105
853,summoner-125382,854,Arhysha,Diamond 2,76,70,,110,108
854,summoner-683204,855,BlackEngel24,Diamond 2,75,159,,611,626
855,summoner-362379,856,Tawwuh,Diamond 2,75,116,,382,363
856,summoner-1240313,857,Böb Toronja,Diamond 2,75,113,,360,350
857,summoner-158371,858,Hienas,Diamond 2,75,133,,355,347
858,summoner-9762158,859,lPancito Asesino,Diamond 2,75,134,,348,335
859,summoner-12410942,860,øAzin,Diamond 2,75,91,,328,283
860,summoner-74366,861,1Cannon,Diamond 2,75,98,,264,259
861,summoner-8723942,862,AK LocoDan,Diamond 2,75,97,,254,246
862,summoner-190354,863,Synergy,Diamond 2,75,64,,254,226
863,summoner-2603639,864,Fractures,Diamond 2,75,122,,228,231
864,summoner-202746,865,Desperadoo,Diamond 2,75,72,,203,205
865,summoner-22108,866,Mr Clean,Diamond 2,75,83,,197,177
866,summoner-270864,867,devztocker,Diamond 2,75,81,,160,148
867,summoner-388374,868,GodSebas,Diamond 2,75,94,,153,126
868,summoner-9841766,869,YugiLAN,Diamond 2,75,65,,152,126
869,summoner-15221435,870,keurig cup,Diamond 2,75,50,,152,98
870,summoner-40689,871,Żeta11,Diamond 2,75,91,,149,145
871,summoner-23658,872,Yakuza AmmoStout,Diamond 2,75,99,,146,136
872,summoner-895621,873,blakyu,Diamond 2,75,86,,135,124
873,summoner-15264702,874,OscarSolisG,Diamond 2,75,56,,132,86
874,summoner-7031100,875,KT GorillA,Diamond 2,75,60,,132,123
875,summoner-1383832,876,Fernandoxx98,Diamond 2,75,99,,130,108
876,summoner-2683559,877,Rodrigo Ces,Diamond 2,75,77,,112,91
877,summoner-86685,878,D9 Zeypher,Diamond 2,75,51,,101,53
878,summoner-31964,879,Merrowgeist,Diamond 2,75,59,,100,90
879,summoner-124352,880,Toxic Lance,Diamond 2,75,65,,95,65
880,summoner-103181,881,Edgar,Diamond 2,75,82,,89,80
881,summoner-180439,882,theppcharlie,Diamond 2,75,81,,87,79
882,summoner-7583100,883,Sigil of Balance,Diamond 2,75,44,,87,58
883,summoner-426368,884,Black Fist,Diamond 2,75,77,,83,73
884,summoner-1107797,885,Kuchurrumin,Diamond 2,75,56,,73,55
885,summoner-168175,886,Ruma 01,Diamond 2,75,50,,72,44
886,summoner-561407,887,Edapp,Diamond 2,75,48,,55,41
887,summoner-2282018,888,FelipeL,Diamond 2,75,59,,55,22
888,summoner-16280146,889,theppdoogie,Diamond 2,73,50,,181,139
889,summoner-2132823,890,CG Dreams,Diamond 2,72,118,,227,217
890,summoner-7670266,891,Electric Sunrise,Diamond 2,72,57,,144,98
891,summoner-435135,892,Sanae,Diamond 2,72,125,,116,94
892,summoner-57100,893,Wander Senpai,Diamond 2,71,71,,157,144
893,summoner-13860599,894,NLX Alovs,Diamond 2,71,81,,153,116
894,summoner-373682,895,Snurbox,Diamond 2,71,64,,145,134
895,summoner-13892126,896,márquez vladimir,Diamond 2,71,58,,74,59
896,summoner-8540147,897,HandGün,Diamond 2,70,87,,242,239
897,summoner-7570803,898,NanoSauriu,Diamond 2,69,143,,217,209
898,summoner-3110343,899,Hikari Spirit,Diamond 2,69,109,,143,133
899,summoner-6401937,900,Prietoboy,Diamond 2,69,63,,91,74
900,summoner-349707,901,Ferruccio,Diamond 2,69,66,,46,36
901,summoner-3680381,902,Lavenza,Diamond 2,68,65,,62,50
902,summoner-79800,903,Dr Cero MD,Diamond 2,68,36,,42,26
903,summoner-177321,904,KCG Arsa 1,Diamond 2,68,69,,39,17
904,summoner-117403,905,Lord of Null,Diamond 2,67,46,,132,82
905,summoner-4940271,906,Lapara23,Diamond 2,67,56,,77,60
906,summoner-87773,907,Garbage Riven,Diamond 2,67,87,,47,33
907,summoner-282266,908,Raaay,Diamond 2,66,49,,76,68
908,summoner-310553,909,Atreyu Blacksoul,Diamond 2,65,65,,200,176
909,summoner-143341,910,Mr HotCake,Diamond 2,65,139,,118,112
910,summoner-627606,911,Siegman xd,Diamond 2,65,68,,94,92
911,summoner-5041563,912,DukiT,Diamond 2,65,84,,94,70
912,summoner-127238,913,I2I,Diamond 2,64,73,,254,233
913,summoner-53584,914,KingFish,Diamond 2,64,91,,239,225
914,summoner-5320190,915,GT Ofwar,Diamond 2,64,112,,235,217
915,summoner-3661729,916,GT SkyZir,Diamond 2,64,104,,167,157
916,summoner-647210,917,WiIsøn,Diamond 2,64,51,,119,82
917,summoner-612876,918,Lunka,Diamond 2,64,86,,115,76
918,summoner-137626,919,Waverly Place,Diamond 2,64,76,,80,67
919,summoner-14471755,920,Hisie,Diamond 2,64,67,,72,71
920,summoner-102646,921,Camiloo CM,Diamond 2,63,101,,152,123
921,summoner-15880480,922,TRUMPS WALLS,Diamond 2,63,38,,58,24
922,summoner-4003201,923,ADC SLAYER KR,Diamond 2,62,89,,251,248
923,summoner-51178,924,StraiderV2,Diamond 2,62,121,,240,230
924,summoner-203629,925,Lobo Gélido,Diamond 2,62,91,,226,218
925,summoner-1374477,926,Ultimate Hunter,Diamond 2,62,118,,219,211
926,summoner-70140,927,SKT T1 Chefsíto,Diamond 2,62,153,,111,84
927,summoner-16132923,928,llIlllllllllIll,Diamond 2,62,43,,107,75
928,summoner-532418,929,DOKKAEBI,Diamond 2,62,50,,50,23
929,summoner-6001640,930,xXvastagoXx,Diamond 2,61,46,,137,98
930,summoner-3330763,931,Selenior,Diamond 2,60,136,,216,189
931,summoner-438523,932,King Jon,Diamond 2,60,116,,197,181
932,summoner-181748,933,BunnBunnn,Diamond 2,60,92,,153,141
933,summoner-4115179,934,She said yes,Diamond 2,59,83,,326,330
934,summoner-1153925,935,Seis Colores,Diamond 2,59,114,,224,208
935,summoner-192614,936,Nelsohn,Diamond 2,59,92,,172,166
936,summoner-92344,937,REKKLES FAN No 1,Diamond 2,59,65,,140,124
937,summoner-24111,938,jorgepereda,Diamond 2,59,70,,138,91
938,summoner-624349,939,WDs Happy,Diamond 2,59,67,,134,132
939,summoner-11310674,940,Useless Kogmaw,Diamond 2,59,48,,105,66
940,summoner-1000537,941,lMaluma,Diamond 2,58,128,,185,174
941,summoner-1296476,942,CB Jetfree,Diamond 2,58,94,,124,96
942,summoner-212515,943,Sleepwire,Diamond 2,58,57,,107,65
943,summoner-936468,944,Zoro1999,Diamond 2,57,115,,339,327
944,summoner-530824,945,Azure Rathalos,Diamond 2,57,64,,216,176
945,summoner-9150152,946,Justin LFT,Diamond 2,57,86,,213,199
946,summoner-4573722,947,Hielø,Diamond 2,57,116,,123,114
947,summoner-12924336,948,Panqué,Diamond 2,57,73,,96,70
948,summoner-49588,949,Issei,Diamond 2,56,80,,201,187
949,summoner-5465041,950,iFrix,Diamond 2,56,76,,106,85
950,summoner-5210476,951,BlackDestinity,Diamond 2,56,113,,101,73
951,summoner-94458,952,Nevohteeb,Diamond 2,55,114,,158,137
952,summoner-529543,953,La La Lanthys,Diamond 2,55,79,,152,143
953,summoner-15880768,954,Yas Evolved,Diamond 2,55,50,,146,115
954,summoner-21126,955,punketo,Diamond 2,55,66,,101,93
955,summoner-831341,956,sauronio,Diamond 2,54,99,,253,247
956,summoner-1738474,957,hituku,Diamond 2,54,79,,238,151
957,summoner-615288,958,STL Eifront,Diamond 2,54,93,,216,211
958,summoner-1313311,959,SnowBoyz,Diamond 2,54,137,,170,160
959,summoner-1395671,960,skillmouze,Diamond 2,54,138,,170,169
960,summoner-423722,961,Luiixs,Diamond 2,54,57,,96,79
961,summoner-74991,962,CaMo,Diamond 2,54,60,,65,48
962,summoner-199523,963,imcv,Diamond 2,53,117,,393,371
963,summoner-1321419,964,Yüge,Diamond 2,53,123,,150,135
964,summoner-1041975,965,Murillo Sama,Diamond 2,53,49,,79,76
965,summoner-1351336,966,soul of flesh,Diamond 2,53,42,,62,44
966,summoner-294667,967,jinxý,Diamond 2,52,46,,48,34
967,summoner-32327,968,Q flojera,Diamond 2,51,67,,161,136
968,summoner-4691320,969,7RS Zaot,Diamond 2,51,109,,131,129
969,summoner-293748,970,Lemo Senpai,Diamond 2,51,117,,121,119
970,summoner-33010,971,TheNarosOne,Diamond 2,51,94,,98,96
971,summoner-4082449,972,Ðead Høpe,Diamond 2,51,83,,75,54
972,summoner-190303,973,Shadow Flying,Diamond 2,50,94,,226,220
973,summoner-3472243,974,KT Sotelo,Diamond 2,50,99,,185,148
974,summoner-2135855,975,Dopa Baby,Diamond 2,49,97,,199,175
975,summoner-1391305,976,Guthix18,Diamond 2,49,70,,107,94
976,summoner-84791,977,DragonRedBlood,Diamond 2,49,37,,67,26
977,summoner-8960325,978,B0B ESP0NJA,Diamond 2,48,58,,96,50
978,summoner-1742223,979,Le meilleur,Diamond 2,47,108,,421,391
979,summoner-170113,980,MTT Young Savage,Diamond 2,47,126,,224,212
980,summoner-173564,981,Rylin,Diamond 2,47,90,,154,109
981,summoner-946863,982,ªTheEvolutionª,Diamond 2,47,100,,101,91
982,summoner-27961,983,AlexZetroc,Diamond 2,46,73,,241,224
983,summoner-4850748,984,Dovah King,Diamond 2,46,126,,103,89
984,summoner-455859,985,Pìka,Diamond 2,46,79,,87,83
985,summoner-3974507,986,FNX Murdock,Diamond 2,45,91,,216,206
986,summoner-1371071,987,Prøphet,Diamond 2,44,136,,261,247
987,summoner-299669,988,AnT Shield,Diamond 2,43,94,,89,78
988,summoner-400173,989,NutCoco,Diamond 2,43,57,,82,73
989,summoner-7561560,990,Diana Cavendîsh,Diamond 2,43,81,,78,52
990,summoner-69999,991,Podz,Diamond 2,43,84,,76,61
991,summoner-11971334,992,Venen1nMAKIO,Diamond 2,43,51,,57,24
992,summoner-4650487,993,CORPUSHD,Diamond 2,42,88,,233,223
993,summoner-2023491,994,G2 Boyem,Diamond 2,42,62,,171,167
994,summoner-150207,995,DvD Pan Blandito,Diamond 2,41,74,,196,185
995,summoner-301036,996,Im ArianaGrande,Diamond 2,41,100,,115,98
996,summoner-142215,997,mariox123,Diamond 2,41,77,,106,78
997,summoner-1534748,998,Mish,Diamond 2,41,100,,95,88
998,summoner-524800,999,Mewby,Diamond 2,40,90,,209,193
999,summoner-4224300,1000,OG Foryax,Diamond 2,40,123,,192,171
