#timestamp 1529938834794
#date 2018-06-25T15:00:34+00:00
#players 1000
#index,id,rank,name,tier,lp,level,proTeam,win,loss
0,summoner-30950217,1,Necromartin,Challenger,1358,92,,272,188
1,summoner-67237036,2,DawidaZ314,Challenger,1038,67,,172,121
2,summoner-114456,3,Just Milánek,Challenger,1034,118,,191,127
3,summoner-25251096,4,Erring,Challenger,999,109,,189,129
4,summoner-68577868,5,The FearDrug,Challenger,980,52,,129,74
5,summoner-34366642,6,Zest of a Lemon,Challenger,975,83,,153,99
6,summoner-19912631,7,balagan,Challenger,962,84,,181,132
7,summoner-35488076,8,Thomasive,Challenger,959,158,,342,293
8,summoner-56366993,9,Inferiorities,Challenger,932,134,,407,319
9,summoner-54937799,10,I am LeBron,Challenger,930,95,,390,337
10,summoner-32276072,11,Drutut,Challenger,919,88,,179,128
11,summoner-30354925,12,S4breTooth,Challenger,913,69,,178,131
12,summoner-29947317,13,LC Specialkey,Challenger,913,89,,126,72
13,summoner-36174939,14,Orochimâru,Challenger,856,86,,183,125
14,summoner-46571745,15,Challenger Riven,Challenger,832,65,,171,115
15,summoner-41255766,16,Trenie,Challenger,794,62,,219,166
16,summoner-42337826,17,ŃightFury,Challenger,786,57,,122,72
17,summoner-43537063,18,INFINITIUM,Challenger,776,103,,246,197
18,summoner-38799811,19,VinTreZ,Challenger,770,81,,224,180
19,summoner-29626431,20,Egé,Challenger,745,93,,116,75
20,summoner-20911182,21,Mortar2,Challenger,738,76,,214,168
21,summoner-31258700,22,SenuaI,Challenger,724,134,,176,131
22,summoner-36034843,23,Whírlwind,Challenger,721,98,,254,208
23,summoner-22424102,24,Dat Guy M0arcin,Challenger,716,81,,223,173
24,summoner-41719668,25,Hide On Ãütism,Challenger,702,121,,152,99
25,summoner-68397877,26,thícc boy,Challenger,714,135,,554,487
26,summoner-27638198,27,Samyaza3,Challenger,689,72,,137,102
27,summoner-35839428,28,Dudî,Challenger,687,85,,151,106
28,summoner-51510795,29,Psych0social,Challenger,676,105,,247,194
29,summoner-30869288,30,Hitman1771,Challenger,656,97,,388,324
30,summoner-32525539,31,solony1,Challenger,669,119,,441,397
31,summoner-24217661,32,43178261271,Challenger,669,60,,126,79
32,summoner-33502635,33,Alek22,Challenger,663,101,,299,257
33,summoner-41188305,34,RABANUS XDD,Challenger,653,88,,304,263
34,summoner-27260328,35,FizzCantCarry Q8,Challenger,646,107,,187,135
35,summoner-41373137,36,Tanya Degurechaf,Challenger,634,130,,245,203
36,summoner-24537185,37,Sgt Reckface,Challenger,634,67,,128,83
37,summoner-35473029,38,Yuno Gasai,Challenger,628,176,,164,122
38,summoner-30034043,39,Ztreetboy,Challenger,617,48,,134,75
39,summoner-36586403,40,DJfaby,Challenger,615,84,,116,74
40,summoner-33845373,41,14133029,Challenger,614,94,,167,141
41,summoner-25559670,42,CeKa,Challenger,613,85,,320,252
42,summoner-28117164,43,7h3blu3,Challenger,612,144,,255,217
43,summoner-22488792,44,THR Vioreleeee,Challenger,605,79,,101,66
44,summoner-19708054,45,Heals1ut,Challenger,587,63,,142,95
45,summoner-42310753,46,septico1,Challenger,600,140,,298,259
46,summoner-29126866,47,Askarek,Challenger,599,98,,322,285
47,summoner-68037994,48,Tilen Perko,Challenger,596,45,,117,53
48,summoner-30739384,49,Saya NΥX,Challenger,590,85,,140,96
49,summoner-24211787,50,45620 321,Challenger,606,53,,144,109
50,summoner-54125134,51,DeIusion,Challenger,603,143,,319,270
51,summoner-26053958,52,FonikiKouradoula,Challenger,581,126,,511,470
52,summoner-24304145,53,ShatterNightmare,Challenger,580,119,,229,198
53,summoner-37803083,54,Adryeh,Challenger,573,111,,230,194
54,summoner-37834995,55,Sl Karapanos,Challenger,568,114,,153,109
55,summoner-32164198,56,Trap40,Challenger,585,97,,296,260
56,summoner-22901643,57,Black Pete,Challenger,558,80,,284,242
57,summoner-21445018,58,lykku,Challenger,558,71,,111,75
58,summoner-38198493,59,Virtuøso,Challenger,554,130,,254,215
59,summoner-62512964,60,Songu,Challenger,548,90,,147,120
60,summoner-62294050,61,MixepSRB,Challenger,547,94,,266,226
61,summoner-29560341,62,Cougar,Challenger,561,106,,290,246
62,summoner-35483267,63,DIAMOND BTW,Challenger,546,69,,167,124
63,summoner-32706014,64,MyxiR,Challenger,542,88,,226,194
64,summoner-24294620,65,Cant ToUcH DiS,Challenger,536,130,,230,189
65,summoner-20768545,66,Keàsar,Challenger,533,93,,188,148
66,summoner-37847164,67,Dekkon,Challenger,530,81,,145,118
67,summoner-62796707,68,Yasuxery,Challenger,529,48,,156,80
68,summoner-36880627,69,Kizuro,Challenger,528,70,,145,116
69,summoner-30363029,70,ku5h420igniteit,Challenger,526,87,,207,175
70,summoner-61222996,71,A4e v2,Challenger,524,161,,545,513
71,summoner-43463469,72,Niinja,Challenger,524,125,,508,463
72,summoner-59184238,73,Awesome Giovanni,Challenger,522,109,,192,151
73,summoner-30124073,74,VoidlingGeneral,Challenger,521,113,,196,154
74,summoner-33613346,75,Teh,Challenger,517,98,,93,57
75,summoner-37619582,76,DareDévil,Challenger,510,236,,107,70
76,summoner-39596221,77,1Tyr,Challenger,509,73,,186,135
77,summoner-20517918,78,Craz,Challenger,493,44,,92,51
78,summoner-34647447,79,Thebausffs,Challenger,507,78,,124,90
79,summoner-69116222,80,Vestas,Challenger,506,45,,116,57
80,summoner-34096414,81,Gwiazda11,Challenger,504,117,,487,424
81,summoner-29933647,82,Bryce Walker,Challenger,502,101,,258,218
82,summoner-40824749,83,SECODE,Challenger,498,68,,129,94
83,summoner-54973046,84,Hatred The Daddy,Challenger,495,60,,222,146
84,summoner-37105357,85,Daraaka123,Challenger,515,55,,183,102
85,summoner-36359863,86,Kysek,Challenger,492,67,,104,61
86,summoner-52638381,87,BITE Petipino,Challenger,504,91,,232,197
87,summoner-35076517,88,Boots of Speed,Challenger,480,76,,246,212
88,summoner-37339075,89,NoBrainVayneMain,Challenger,478,105,,341,302
89,summoner-33354090,90,krul rafcio,Challenger,478,64,,154,116
90,summoner-40170634,91,Icetan,Challenger,458,91,,128,92
91,summoner-27682983,92,Amino the hantá,Challenger,475,57,,169,134
92,summoner-36926878,93,Zenap,Challenger,470,123,,168,129
93,summoner-28928793,94,StoneGuard,Challenger,469,117,,145,114
94,summoner-34916156,95,Alcoholic,Challenger,467,87,,114,71
95,summoner-49505896,96,xflaidy,Challenger,465,107,,196,159
96,summoner-34059489,97,Ψ NinjaDoge Ψ,Challenger,465,101,,181,139
97,summoner-43603496,98,Baldikshir,Challenger,459,61,,173,136
98,summoner-68728548,99,adalbarthasdine,Challenger,458,43,,114,62
99,summoner-72743432,100,Low Nine,Challenger,450,52,,146,88
100,summoner-49689206,101,TheDoffy,Challenger,446,105,,326,293
101,summoner-39257803,102,StayHumble,Challenger,444,153,,225,198
102,summoner-70182989,103,Midlane Outsider,Challenger,443,119,,229,196
103,summoner-40027898,104,Gery Nikol,Challenger,443,139,,123,82
104,summoner-70713941,105,Lenka fanboy,Challenger,440,65,,140,100
105,summoner-31921889,106,xDamon Salvatore,Challenger,439,90,,202,166
106,summoner-35304360,107,Capcioc,Challenger,438,122,,158,121
107,summoner-26347442,108,Levís,Challenger,438,75,,153,117
108,summoner-44103732,109,olikaan,Challenger,433,140,,207,179
109,summoner-24277714,110,pYemuL,Challenger,433,59,,178,140
110,summoner-23214988,111,NXG Legion,Challenger,433,69,,143,107
111,summoner-40385818,112,Richor,Challenger,431,68,,178,151
112,summoner-42321931,113,Şhy Zerø tωo,Challenger,431,67,,88,52
113,summoner-24503452,114,EU AnimalTrainer,Challenger,428,86,,243,188
114,summoner-23400758,115,Hardustriel,Challenger,427,124,,215,178
115,summoner-40358396,116,BDS Laudon,Challenger,424,118,,250,210
116,summoner-35791510,117,CSTADYHONZA,Challenger,423,97,,213,177
117,summoner-30738266,118,torpick,Challenger,421,72,,263,234
118,summoner-38499311,119,ZXY,Challenger,421,63,,222,149
119,summoner-31919733,120,shyvtaric,Challenger,418,105,,367,349
120,summoner-31793915,121,Zazapp,Challenger,414,52,,166,99
121,summoner-66606846,122,SpeeDDu,Challenger,414,54,,126,91
122,summoner-70596075,123,HakunaMattatta,Challenger,411,70,,230,194
123,summoner-48645710,124,JoinedandPlayed,Challenger,410,57,,159,119
124,summoner-26405360,125,TLP Coatpustmain,Challenger,407,87,,288,245
125,summoner-43062702,126,iTq,Challenger,406,102,,328,287
126,summoner-24385272,127,Yashiru,Challenger,406,68,,200,163
127,summoner-32497510,128,Hayp,Challenger,405,63,,246,196
128,summoner-25529425,129,Th3BaBaDo0K,Challenger,403,171,,662,633
129,summoner-72173097,130,KY Leo,Challenger,403,117,,246,222
130,summoner-30110835,131,PoN,Challenger,419,117,,216,180
131,summoner-21147121,132,ParowózTomek,Challenger,401,70,,78,41
132,summoner-63133663,133,Patâ,Challenger,399,65,,165,129
133,summoner-38009638,134,VasterOfKled,Challenger,396,87,,208,168
134,summoner-71988030,135,Kososanity,Challenger,417,48,,170,109
135,summoner-27247414,136,Charca,Challenger,396,73,,87,45
136,summoner-29018603,137,Yourself5times,Challenger,394,93,,254,226
137,summoner-36647726,138,XartiX 420,Challenger,393,65,,296,167
138,summoner-19899632,139,BedvolfAgarwaen,Challenger,393,62,,102,67
139,summoner-68838041,140,remundahilmorga,Challenger,392,77,,178,143
140,summoner-22428390,141,Skinny dipper,Challenger,391,60,,203,172
141,summoner-34020838,142,C9 Norgod,Challenger,391,91,,121,88
142,summoner-29483874,143,BDS bobiistaa,Challenger,389,115,,383,350
143,summoner-71374980,144,beamer bøy,Challenger,388,56,,189,136
144,summoner-38074727,145,Tigric2000,Challenger,386,105,,313,287
145,summoner-31434850,146,eL Maquk,Challenger,385,89,,163,125
146,summoner-23833294,147,Senafir,Challenger,385,105,,147,110
147,summoner-32675866,148,sC Stefan,Challenger,384,115,,97,57
148,summoner-53826633,149,GS RekitRalf,Challenger,383,99,,173,142
149,summoner-54973039,150,Kristijan King,Challenger,381,173,,796,755
150,summoner-30818415,151,UrbanekShow,Challenger,381,79,,220,187
151,summoner-45293753,152,M4CI3KunluckyTOP,Challenger,381,101,,198,165
152,summoner-42322373,153,HELLAS Tranquil,Challenger,381,64,,177,134
153,summoner-40604579,154,Lυnatıc,Challenger,378,81,,305,206
154,summoner-25834373,155,94716,Challenger,378,75,,252,212
155,summoner-42358639,156,Divine Interoid,Challenger,378,73,,242,213
156,summoner-43168575,157,MM Revenger,Challenger,377,124,,197,166
157,summoner-39927024,158,Qythien,Challenger,375,84,,156,111
158,summoner-62475364,159,BarrelBros,Challenger,373,57,,134,86
159,summoner-35716576,160,Ôzen,Challenger,371,145,,187,147
160,summoner-24746936,161,Shine001k,Challenger,368,77,,133,99
161,summoner-37915705,162,Trust46,Challenger,366,94,,262,226
162,summoner-33973961,163,ZYX Famas,Challenger,357,96,,204,167
163,summoner-21704109,164,EuneAnimallul,Challenger,356,97,,236,200
164,summoner-25524501,165,Arch Nemesis,Challenger,355,47,,115,81
165,summoner-27242434,166,kakosicek,Challenger,353,115,,348,317
166,summoner-30798969,167,malcom v1,Challenger,352,123,,210,180
167,summoner-31337125,168,TheStrzelba,Challenger,350,133,,586,544
168,summoner-38490045,169,Grk 3 Tears,Challenger,348,55,,102,76
169,summoner-41829004,170,Hodný Vlk,Challenger,347,84,,193,165
170,summoner-32953063,171,Hi im Taka,Challenger,346,89,,232,196
171,summoner-30304141,172,Dżankos Smurf,Challenger,344,76,,127,93
172,summoner-23815734,173,Wisakoy,Challenger,343,89,,242,210
173,summoner-40734816,174,matiz4win,Challenger,342,89,,175,138
174,summoner-27889019,175,KSV MID CROWN,Challenger,339,87,,326,284
175,summoner-41963589,176,Catstyle,Challenger,339,74,,214,185
176,summoner-72576440,177,Laitnoir,Challenger,339,42,,80,29
177,summoner-41542670,178,Dositej Colamax,Challenger,337,63,,75,38
178,summoner-31140082,179,Jadelit,Challenger,336,92,,249,218
179,summoner-54458064,180,Yerllo,Challenger,335,118,,212,175
180,summoner-61382972,181,Flamy v5,Challenger,334,99,,188,159
181,summoner-31929469,182,Kazemitra,Challenger,333,127,,498,476
182,summoner-38716840,183,ETMS Aidamák,Challenger,333,151,,361,325
183,summoner-48117052,184,NeverLucky JJ,Challenger,332,108,,417,379
184,summoner-52463268,185,JACKET IS MINE,Challenger,332,84,,316,292
185,summoner-24287131,186,Myštić,Challenger,331,88,,108,66
186,summoner-31237269,187,IP ZoldieVi,Challenger,330,107,,207,151
187,summoner-39653179,188,C9 Giubi,Challenger,329,72,,235,200
188,summoner-55649332,189,sxzoR,Challenger,327,163,,524,498
189,summoner-23357637,190,CRO WONDERKID,Challenger,327,79,,99,45
190,summoner-21868113,191,SilvenX,Challenger,326,106,,373,335
191,summoner-24133504,192,Kokokomando,Challenger,325,72,,227,196
192,summoner-34256698,193,pàntérra v2,Challenger,324,97,,156,116
193,summoner-24320283,194,Commander Lexa,Challenger,318,55,,173,140
194,summoner-71318597,195,OneLastBreath,Challenger,334,61,,232,177
195,summoner-25837064,196,BIedis,Challenger,300,86,,367,327
196,summoner-27865746,197,ChosenONF1rE,Challenger,298,85,,313,293
197,summoner-61002976,198,Chains,Challenger,275,122,,354,325
198,summoner-29001286,199,Dąbek1,Challenger,295,103,,332,303
199,summoner-21180291,200,Jollteon,Challenger,294,185,,272,243
200,summoner-24545582,201,váha,Master,346,131,,313,284
201,summoner-26990156,202,SIENIOPAS,Master,323,80,,206,180
202,summoner-33015585,203,Wolf and a Lamb,Master,322,104,,225,201
203,summoner-37953579,204,Wieledrog,Master,280,91,,187,152
204,summoner-24734846,205,De Grandes,Master,319,67,,137,101
205,summoner-19145963,206,BuBBlehun,Master,316,54,,123,78
206,summoner-24252613,207,Talkoś,Master,314,64,,137,102
207,summoner-32277551,208,TL Playmaker,Master,306,167,,673,643
208,summoner-41232411,209,PASÒK,Master,302,91,,249,181
209,summoner-47802316,210,Jôn Snow,Master,297,96,,181,149
210,summoner-311278,211,Savage Pigeon,Master,313,155,,295,261
211,summoner-41865371,212,DarIing,Master,294,65,,236,150
212,summoner-25874625,213,Túróstészta,Master,293,85,,189,160
213,summoner-43110478,214,Annie IRL,Master,292,170,,403,378
214,summoner-72505969,215,Pz ΖZang,Master,292,48,,151,83
215,summoner-21652445,216,WADOWICKA BESTIA,Master,288,70,,218,143
216,summoner-28984810,217,prodajnica,Master,288,50,,76,40
217,summoner-48613864,218,Hi Im Fali,Master,285,85,,276,205
218,summoner-41186365,219,Void Is So Empty,Master,285,138,,209,181
219,summoner-19360640,220,Masochista,Master,285,97,,180,139
220,summoner-69503652,221,Knife Cat 420,Master,280,67,,257,205
221,summoner-54757552,222,DankMilky,Master,276,76,,103,69
222,summoner-224731,223,niszczyciel,Master,275,63,,141,110
223,summoner-69253007,224,Wétru,Master,270,111,,198,168
224,summoner-20093613,225,IS1d30431af74fbd,Master,269,48,,116,87
225,summoner-20779068,226,Vrasta,Master,267,107,,161,127
226,summoner-29506183,227,16yo ToxicFckboy,Master,259,92,,195,162
227,summoner-44754808,228,Lolofontello,Master,258,113,,405,382
228,summoner-57147850,229,ƒrost,Master,255,116,,282,258
229,summoner-38405754,230,eR Petrásek,Master,255,147,,146,114
230,summoner-33093065,231,EmdielGG,Master,254,107,,381,364
231,summoner-38646934,232,Mateusss smurf,Master,236,53,,141,93
232,summoner-30902324,233,Nicram,Master,251,120,,192,169
233,summoner-43363830,234,SunriSSe1,Master,251,141,,132,99
234,summoner-54123780,235,martonbulatko,Master,250,89,,200,166
235,summoner-21776015,236,Twerk For Gank,Master,250,50,,117,73
236,summoner-25469960,237,Stumpybuumer,Master,249,102,,150,120
237,summoner-29954113,238,GodFree,Master,248,118,,226,203
238,summoner-32497639,239,Son Goku,Master,246,84,,212,186
239,summoner-36915090,240,Grima,Master,265,98,,361,325
240,summoner-39803017,241,legendari22,Master,244,98,,201,168
241,summoner-24199070,242,zamzu,Master,240,92,,224,186
242,summoner-19986326,243,LordVladimirus,Master,240,74,,196,173
243,summoner-38122606,244,Minmaxer,Master,239,112,,423,400
244,summoner-19493533,245,Jarmy,Master,221,83,,238,197
245,summoner-40227793,246,xLaur13x,Master,239,92,,161,129
246,summoner-26899838,247,Jarzynski,Master,236,140,,224,202
247,summoner-41649116,248,Faker Dog v2,Master,236,51,,116,118
248,summoner-39691163,249,Sha D Clone,Master,234,92,,143,103
249,summoner-60894781,250,kesteen,Master,232,75,,212,163
250,summoner-22030635,251,RossG7,Master,232,109,,157,123
251,summoner-24502829,252,dragonn74,Master,225,102,,426,386
252,summoner-33909458,253,AzianoCZ,Master,225,65,,193,159
253,summoner-42461154,254,iG Dreedy,Master,225,74,,119,103
254,summoner-19867011,255,Sebbedan,Master,224,63,,87,58
255,summoner-42312343,256,Vertí,Master,223,103,,144,112
256,summoner-25984594,257,PRE OmulFinn,Master,222,124,,373,331
257,summoner-44457343,258,115kg MARKSMAN,Master,222,116,,302,269
258,summoner-48285573,259,Frost Edy,Master,219,89,,206,180
259,summoner-49476762,260,Aster,Master,219,83,,191,162
260,summoner-54517674,261,Dexa497,Master,218,57,,102,62
261,summoner-30960083,262,i am flo,Master,218,72,,93,61
262,summoner-38614643,263,YoLoN,Master,200,84,,302,273
263,summoner-43591549,264,Ðexter,Master,215,117,,237,205
264,summoner-52685879,265,Memøry,Master,214,116,,258,210
265,summoner-38767154,266,Fiery Dust,Master,193,113,,165,147
266,summoner-35444016,267,JusTSkiLLzZ,Master,213,97,,161,140
267,summoner-34886646,268,Agirdi ko ziuri,Master,211,80,,379,292
268,summoner-27279160,269,mihaibaros,Master,211,92,,308,276
269,summoner-34087306,270,Maga,Master,210,120,,395,353
270,summoner-58175288,271,xDoggieSx,Master,208,92,,210,176
271,summoner-23434374,272,xXKertoXx,Master,208,79,,166,106
272,summoner-22362343,273,Kroliczekk,Master,207,128,,267,238
273,summoner-45776022,274,nleTV,Master,203,77,,327,252
274,summoner-23345860,275,KiF1a,Master,203,73,,185,166
275,summoner-73146124,276,Ιcey,Master,202,50,,164,106
276,summoner-32854718,277,Xayol v2,Master,202,55,,107,69
277,summoner-51764533,278,Wallin,Master,200,92,,144,105
278,summoner-27294577,279,XxAronxX,Master,199,89,,301,274
279,summoner-29756949,280,Amir Kebab Rip,Master,198,88,,237,204
280,summoner-20079073,281,Again the Same,Master,196,80,,210,179
281,summoner-40203376,282,TopAp4cz,Master,192,138,,284,260
282,summoner-43494933,283,KY Ada,Master,191,81,,171,129
283,summoner-31727926,284,WAZZAPPPPPPPPPP,Master,189,64,,199,148
284,summoner-72374470,285,IKneelOnlyToGod,Master,189,59,,177,139
285,summoner-30085498,286,Kewl Bat,Master,185,68,,210,183
286,summoner-21877641,287,Kreeyu,Master,165,77,,355,325
287,summoner-32978996,288,Pivotek,Master,182,89,,355,277
288,summoner-20145328,289,Amerasu,Master,182,99,,178,151
289,summoner-30695393,290,Koczis,Master,182,54,,92,59
290,summoner-26565340,291,ÒG Mérciless,Master,181,116,,277,257
291,summoner-23791258,292,DoDo senpai,Master,180,87,,130,95
292,summoner-41456515,293,RIE Dugo,Master,180,53,,100,79
293,summoner-70453402,294,MoonLandinEzreal,Master,179,87,,299,237
294,summoner-37263763,295,vanko 1,Master,177,110,,607,589
295,summoner-24200990,296,Arrof,Master,177,133,,436,413
296,summoner-47353389,297,iMrPresident,Master,176,174,,517,480
297,summoner-22718673,298,egirl slayer 420,Master,174,91,,227,192
298,summoner-31738066,299,Kallukka,Master,154,92,,295,264
299,summoner-58905962,300,LeeSinToMyPings,Master,172,80,,164,135
300,summoner-38227985,301,Röyhkeä,Master,170,82,,117,81
301,summoner-38605595,302,Nicki Benz,Master,169,57,,140,105
302,summoner-26803517,303,Humble Healer,Master,167,85,,331,310
303,summoner-24700982,304,Czaraf,Master,166,85,,273,245
304,summoner-26959187,305,Âmidamaru,Master,166,82,,263,230
305,summoner-28178174,306,samz0r,Master,166,81,,239,213
306,summoner-24147445,307,Leprowujek,Master,166,42,,94,40
307,summoner-44377634,308,Lοtus,Master,148,130,,258,234
308,summoner-38040775,309,TheHaccer13,Master,163,59,,153,124
309,summoner-32634015,310,Ponzu,Master,163,56,,107,79
310,summoner-21843031,311,Boys Do Cry,Master,162,67,,209,185
311,summoner-49861951,312,Sveronis,Master,162,52,,195,65
312,summoner-32736705,313,Alistar is Cow,Master,162,110,,88,63
313,summoner-24519136,314,Mirevin,Master,161,90,,303,270
314,summoner-24399731,315,Filip02,Master,177,107,,293,272
315,summoner-38459984,316,Nivelenn,Master,161,85,,280,267
316,summoner-33768429,317,Píngwin,Master,160,120,,240,211
317,summoner-21425598,318,CedRa,Master,160,79,,181,157
318,summoner-24426105,319,xEchy,Master,160,63,,178,150
319,summoner-31178204,320,depressed ad,Master,160,121,,143,108
320,summoner-22712849,321,Valar Dohaerís,Master,140,86,,229,199
321,summoner-47936016,322,Mortain,Master,159,116,,218,179
322,summoner-24640007,323,hi im neves,Master,158,99,,301,273
323,summoner-31518017,324,Sabaku TaisΦ,Master,179,81,,287,236
324,summoner-69156140,325,Kiyotaka,Master,156,48,,152,99
325,summoner-72416267,326,jeonggeul uiwang,Master,155,57,,196,140
326,summoner-27811008,327,Bírkí,Master,155,84,,194,164
327,summoner-30350053,328,Clone Jester,Master,155,102,,134,104
328,summoner-29088317,329,Norbiso Dog,Master,155,52,,100,77
329,summoner-70417188,330,Neko East,Master,153,87,,326,294
330,summoner-34876945,331,QQ Mati,Master,153,91,,125,102
331,summoner-37253320,332,Craz1rabitMPAMPA,Master,153,67,,123,101
332,summoner-30226164,333,Fr0m 0 2 Her0,Master,152,62,,154,131
333,summoner-36244072,334,1453 PepeHands,Master,169,105,,299,275
334,summoner-25595710,335,Newb4610,Master,151,86,,143,110
335,summoner-59073355,336,Mppalalol,Master,172,99,,271,236
336,summoner-21309312,337,Linley Baruch,Master,150,77,,202,130
337,summoner-32276830,338,BlindMasteRr,Master,149,85,,305,273
338,summoner-31795487,339,FA21TH,Master,149,93,,303,275
339,summoner-26517392,340,DG Soul,Master,146,73,,61,33
340,summoner-25594275,341,Anapsokwlias,Master,145,113,,305,270
341,summoner-29764123,342,NaèbanyMÍstrzu,Master,145,115,,288,257
342,summoner-29646879,343,AHS8,Master,145,67,,275,249
343,summoner-52516246,344,ExposeD452,Master,145,113,,240,217
344,summoner-62573177,345,ED Ye Qiu,Master,144,92,,421,366
345,summoner-30464270,346,V5 Sentinel,Master,161,107,,228,196
346,summoner-46424200,347,Iegolas,Master,143,65,,120,73
347,summoner-31264198,348,hi im todzio,Master,143,68,,114,95
348,summoner-29213366,349,itZ A4ron,Master,142,97,,136,106
349,summoner-38459471,350,Juzoo,Master,140,91,,249,218
350,summoner-70688522,351,Juliα,Master,139,94,,267,227
351,summoner-43502680,352,Crea,Master,138,80,,157,134
352,summoner-22571774,353,Makos,Master,138,114,,150,129
353,summoner-37310714,354,Sylko,Master,136,88,,159,134
354,summoner-33959520,355,xMid or Nuke,Master,136,63,,129,105
355,summoner-43879253,356,Troxen,Master,134,92,,198,182
356,summoner-25804900,357,paszkos,Master,133,112,,426,399
357,summoner-20433541,358,Amant z Sosnowca,Master,133,89,,275,245
358,summoner-37136474,359,bIood of life,Master,133,146,,273,250
359,summoner-52336189,360,Complain,Master,133,64,,133,102
360,summoner-34870972,361,Spiks Fanb0y,Master,132,133,,432,419
361,summoner-52156665,362,gibe pusi b0ss,Master,122,79,,352,283
362,summoner-35785372,363,TOMage,Master,131,69,,203,186
363,summoner-40761190,364,DON ProbleemxD,Master,131,111,,182,159
364,summoner-40749652,365,DON Detor,Master,131,117,,182,158
365,summoner-33774479,366,Szöcske,Master,129,105,,228,209
366,summoner-28691827,367,LFT Puppe,Master,129,111,,173,143
367,summoner-38555321,368,NobodyLovesM3,Master,129,88,,167,131
368,summoner-38564431,369,PingviinsLv,Master,129,72,,146,117
369,summoner-30955779,370,StormRagez,Master,128,80,,404,387
370,summoner-28531153,371,Fl4p3k,Master,128,78,,236,216
371,summoner-33997861,372,Lil Tom,Master,127,59,,103,79
372,summoner-44765346,373,L9 Kvasna,Master,126,65,,150,124
373,summoner-30839206,374,D4ynight,Master,125,106,,309,292
374,summoner-37928532,375,Mr Miks,Master,124,98,,287,265
375,summoner-27134795,376,True Wanderer,Master,124,39,,85,43
376,summoner-21142220,377,GodSoap,Master,123,93,,270,248
377,summoner-38796534,378,Hjeern,Master,123,101,,248,226
378,summoner-24308225,379,Losing Saníty,Master,123,54,,192,121
379,summoner-20584723,380,KorShack,Master,123,93,,112,84
380,summoner-29556273,381,Bagienny Szymon,Master,122,108,,332,305
381,summoner-27745505,382,L9 Icereaper,Master,122,52,,167,83
382,summoner-27976861,383,Glishaa,Master,122,64,,139,97
383,summoner-24538556,384,GeneralJohny,Master,121,175,,375,355
384,summoner-51041734,385,Remígiusz,Master,120,140,,137,102
385,summoner-45693791,386,LeBalance,Master,119,144,,328,303
386,summoner-32266483,387,Tyexus,Master,119,103,,287,256
387,summoner-29965908,388,Qweszaq,Master,119,84,,149,122
388,summoner-57694673,389,Jacob vo vani,Master,119,51,,118,86
389,summoner-69076318,390,SPACEBAR PLAYER,Master,119,42,,97,46
390,summoner-35086934,391,Joonatan,Master,118,98,,201,158
391,summoner-34990484,392,Shijnder,Master,118,154,,129,109
392,summoner-38285650,393,RX Cinca,Master,117,84,,199,177
393,summoner-26926091,394,ReLic7us,Master,117,73,,142,123
394,summoner-42312984,395,EUNE Hi Im  LOGO,Master,101,85,,296,257
395,summoner-26498433,396,CTF Manatee,Master,99,88,,239,207
396,summoner-21220764,397,hi im czajek,Master,116,78,,120,93
397,summoner-63747327,398,3 Stars 1 Dragon,Master,116,43,,71,41
398,summoner-34373450,399,pintek pl,Master,115,97,,248,211
399,summoner-33344680,400,Mâd Rât,Master,115,70,,244,203
400,summoner-36665468,401,Quinsie Revenge,Master,113,78,,219,196
401,summoner-21129318,402,Hyperíon,Master,113,137,,173,158
402,summoner-35437975,403,Beast Zed Mid,Master,113,90,,167,145
403,summoner-38323190,404,Blakayy,Master,112,101,,334,271
404,summoner-35742411,405,elofactory com,Master,112,54,,143,93
405,summoner-25142065,406,iNaffuu,Master,110,59,,168,150
406,summoner-28167733,407,oslerCZ,Master,108,93,,272,221
407,summoner-32307429,408,Deizlo,Master,108,73,,238,214
408,summoner-43239321,409,matiociekasexem,Master,106,111,,364,343
409,summoner-33726754,410,Murskauskone3000,Master,106,67,,246,194
410,summoner-29543702,411,Her Charmer,Master,105,95,,238,210
411,summoner-44768883,412,BunnyJumper,Master,104,47,,90,37
412,summoner-28326387,413,UNQ Kubson,Master,103,110,,212,179
413,summoner-72532970,414,Aki Senpai,Master,102,89,,190,159
414,summoner-41989610,415,GNîDîS,Master,102,63,,168,139
415,summoner-40947657,416,Matrix Sama,Master,101,74,,187,166
416,summoner-27267596,417,Onys the ťulda,Master,100,100,,310,281
417,summoner-37324816,418,AGT Sobol,Master,100,77,,240,213
418,summoner-40164810,419,A B U D,Master,100,91,,179,156
419,summoner-29847233,420,EvilxHyper1v9,Master,100,98,,134,113
420,summoner-26639869,421,Dunk Prophecies,Master,99,105,,203,162
421,summoner-26467183,422,LilaPaυse,Master,98,117,,348,334
422,summoner-68945358,423,Zorganizowany,Master,98,69,,205,177
423,summoner-31554189,424,KYRlE IRVING,Master,96,88,,194,174
424,summoner-22870085,425,Jake Banks,Master,96,70,,131,100
425,summoner-23402936,426,kurtdenstore,Master,95,50,,130,104
426,summoner-28307643,427,Marcellus23,Master,94,69,,160,132
427,summoner-19665363,428,Schp,Master,94,59,,121,88
428,summoner-35566765,429,Pitress,Master,93,74,,229,207
429,summoner-52323298,430,Blackøut,Master,92,103,,142,132
430,summoner-38788159,431,uniporn,Master,92,83,,141,122
431,summoner-24984653,432,Goddess Ofaf,Master,91,131,,402,381
432,summoner-25572898,433,Jędrzej Zabujca,Master,91,84,,212,187
433,summoner-71549187,434,Nothing Ends,Master,74,56,,189,147
434,summoner-31455034,435,ˉunknown mid,Master,89,103,,173,150
435,summoner-19074566,436,íÎì Stark,Master,88,71,,260,234
436,summoner-20076561,437,SDOM ALLEN,Master,88,73,,200,184
437,summoner-24272802,438,DenKakai,Master,87,75,,197,167
438,summoner-25193057,439,BlameCookie,Master,69,81,,228,202
439,summoner-64938219,440,SKT T1 Flash R,Master,63,72,,327,290
440,summoner-36835782,441,Lignio,Master,84,114,,127,110
441,summoner-33077827,442,TEAM IS FAMILY,Master,82,55,,99,80
442,summoner-25242066,443,JD Kublot,Master,82,56,,84,57
443,summoner-40754180,444,Sάωαηο,Master,80,136,,391,364
444,summoner-38563426,445,DragonflyerPL,Master,63,103,,257,219
445,summoner-19374680,446,THR Joe,Master,80,58,,178,115
446,summoner-34296788,447,Right Handed,Master,80,58,,151,130
447,summoner-45410476,448,WLD hi im mate,Master,80,56,,59,31
448,summoner-22114521,449,Br0kk,Master,98,95,,209,195
449,summoner-28967240,450,NIghtRain 13,Master,78,130,,425,403
450,summoner-29345064,451,AooShin,Master,78,98,,124,107
451,summoner-21930072,452,Sea Of Zorrow,Master,78,65,,96,75
452,summoner-37314741,453,Molière,Master,77,80,,319,299
453,summoner-34705189,454,hi its Albatross,Master,77,85,,99,76
454,summoner-24234349,455,Parksman Mlayer,Master,77,76,,65,49
455,summoner-41645583,456,DenizEN,Master,94,90,,384,305
456,summoner-21039791,457,Zombilau,Master,54,88,,269,264
457,summoner-19864501,458,Vallvex,Master,75,131,,224,202
458,summoner-41605618,459,KAKABRUTA,Master,75,69,,125,106
459,summoner-42693498,460,Terrorysta1,Master,73,72,,264,132
460,summoner-34990979,461,RayRexi,Master,73,94,,173,144
461,summoner-66396230,462,I AM SO TALONTED,Master,73,72,,163,142
462,summoner-71497498,463,Shãrky,Master,72,74,,321,278
463,summoner-24684165,464,S1rNasty,Master,90,71,,271,205
464,summoner-34825505,465,Τana,Master,72,132,,131,113
465,summoner-43943854,466,XXX65696D6973,Master,72,46,,101,38
466,summoner-23864813,467,Boost za nudle,Master,71,109,,282,257
467,summoner-57573785,468,Vengeance Reborn,Master,70,143,,308,267
468,summoner-20435279,469,A Decent Unicorn,Master,90,64,,172,141
469,summoner-40705422,470,Paštikus Vagínus,Master,70,82,,164,137
470,summoner-36100496,471,LighTn1nG,Master,69,158,,375,355
471,summoner-23756551,472,let me pyke you,Master,68,146,,601,578
472,summoner-22164949,473,Fliper,Master,68,69,,178,155
473,summoner-38629296,474,Buszux,Master,67,74,,178,145
474,summoner-35471685,475,I am Budzik,Master,66,98,,122,103
475,summoner-60013756,476,The Kayle,Master,66,47,,112,83
476,summoner-71071897,477,Patà,Master,66,44,,110,56
477,summoner-21398034,478,Thé Fàllén Angél,Master,65,81,,198,165
478,summoner-41603169,479,Purrpurr,Master,47,98,,111,91
479,summoner-40194654,480,deepionel,Master,65,138,,105,80
480,summoner-57817732,481,Findy Jr,Master,65,49,,59,30
481,summoner-27116848,482,Specter XIV,Master,64,101,,255,235
482,summoner-36317960,483,vestra de sidere,Master,64,86,,157,136
483,summoner-29534182,484,kotletaz,Master,64,72,,145,118
484,summoner-22691885,485,SIMBATA7,Master,64,62,,142,115
485,summoner-19769056,486,Kenshin,Master,63,67,,143,120
486,summoner-27527112,487,Ρennywise,Master,62,102,,252,231
487,summoner-32824913,488,Mobú v2,Master,61,85,,243,201
488,summoner-30159407,489,DJFrytek,Master,61,84,,178,139
489,summoner-44754609,490,GPLAY Samanan,Master,61,45,,81,55
490,summoner-40752923,491,Ic3Poro,Master,60,71,,186,170
491,summoner-25591013,492,Viktør,Master,60,93,,154,136
492,summoner-59194680,493,MiiaBestLamia,Master,58,91,,303,286
493,summoner-34878172,494,Hakushino,Master,57,70,,63,37
494,summoner-24602552,495,ThotnessEmbrace,Master,73,106,,314,294
495,summoner-23766594,496,Elder Gorni,Master,56,63,,116,88
496,summoner-21990899,497,Divine Banana,Master,56,125,,72,51
497,summoner-33533249,498,vukojarac,Master,55,87,,168,154
498,summoner-68744972,499,mrHookUrGIRL,Master,55,42,,98,49
499,summoner-19796157,500,shaaz,Master,54,67,,154,128
500,summoner-45064213,501,Exthellion,Master,53,97,,264,244
501,summoner-44094588,502,dølce ft,Master,53,61,,102,76
502,summoner-19790765,503,Taxi Naser,Master,52,118,,430,404
503,summoner-42994549,504,TL PiercingLight,Master,51,145,,327,308
504,summoner-32589268,505,Gøku,Master,51,85,,126,100
505,summoner-23319183,506,Wechat Elovator,Master,49,46,,138,85
506,summoner-40219024,507,NahkaParturi,Master,49,123,,136,107
507,summoner-20322181,508,AS JamesSawyer,Master,47,116,,389,368
508,summoner-59595990,509,Anathema,Master,47,79,,217,201
509,summoner-34209019,510,Veig,Master,47,75,,161,127
510,summoner-175104,511,Tydor,Master,47,49,,113,72
511,summoner-19766642,512,Arbalezt,Master,47,74,,105,72
512,summoner-37565478,513,Shaz,Master,47,82,,97,66
513,summoner-45833746,514,Midas LFT,Master,46,60,,257,179
514,summoner-27218502,515,SUICIDAL EBOY,Master,29,45,,120,60
515,summoner-60135843,516,SanyaDau v2,Master,45,116,,242,217
516,summoner-40547172,517,Gurl,Master,45,140,,174,141
517,summoner-37735418,518,Sir BigT,Master,61,76,,322,264
518,summoner-42405409,519,LordWafer,Master,43,76,,106,81
519,summoner-73082971,520,EuneIsGreat,Master,42,53,,170,106
520,summoner-41107575,521,DareDévil Fanboy,Master,42,88,,78,41
521,summoner-71623135,522,Ryan Mikkelsen,Master,41,69,,131,101
522,summoner-46849163,523,LewaRenkaBoga,Master,40,118,,306,291
523,summoner-27059616,524,Eradicated,Master,40,92,,272,246
524,summoner-36412552,525,737,Master,40,56,,177,135
525,summoner-36362552,526,dwa dobre pićka,Master,40,78,,94,73
526,summoner-36328146,527,ZboczonyHektor,Master,39,54,,170,144
527,summoner-20945176,528,Halucynék,Master,38,118,,587,545
528,summoner-56794541,529,xXxKGxXx,Master,38,99,,331,317
529,summoner-32984130,530,RX Trainsane,Master,38,95,,203,176
530,summoner-31876210,531,Rebellion2,Master,37,73,,134,94
531,summoner-21069443,532,Pajgino,Master,37,96,,115,82
532,summoner-26020106,533,TypowyLeśnik,Master,18,105,,203,186
533,summoner-20505940,534,ChallengerDog v2,Master,36,75,,185,160
534,summoner-31446400,535,HUNT Szymek,Master,36,123,,144,121
535,summoner-24072999,536,Halcyzeron,Master,35,95,,104,79
536,summoner-32487581,537,Elniks,Master,34,105,,316,295
537,summoner-39593293,538,Heroin Party Zed,Master,34,86,,266,236
538,summoner-36903455,539,Hubonn,Master,34,80,,133,109
539,summoner-33384401,540,d0wnie,Master,33,82,,193,168
540,summoner-71485927,541,no pain no cane,Master,32,104,,388,347
541,summoner-66943040,542,Je T Aime Trop,Master,32,46,,64,37
542,summoner-39632545,543,myR Adev,Master,31,109,,128,104
543,summoner-32853379,544,lmmortal,Master,29,73,,243,228
544,summoner-60253033,545,Hustels,Master,28,81,,226,199
545,summoner-29476578,546,klzz,Master,28,71,,77,55
546,summoner-35461398,547,Conaaa,Master,27,95,,376,366
547,summoner-28122519,548,FluffyPoo,Master,27,121,,211,177
548,summoner-33887230,549,DarkRider55,Master,27,47,,107,77
549,summoner-35494788,550,Exenon,Master,9,143,,274,282
550,summoner-29853190,551,Slý Tαils,Master,26,87,,108,81
551,summoner-21286104,552,Prayforsyria,Master,23,92,,360,319
552,summoner-37444475,553,XEM Domel,Master,23,113,,304,282
553,summoner-52559355,554,BãyMμtrá,Master,23,133,,277,252
554,summoner-20382823,555,yung TorcicaPUT3,Master,23,62,,214,184
555,summoner-19544631,556,MosEisley,Master,23,47,,133,78
556,summoner-27469510,557,Tissu,Master,23,75,,91,67
557,summoner-33333791,558,MonsterTier,Master,22,105,,408,396
558,summoner-25477643,559,Zapper02,Master,22,113,,386,364
559,summoner-41343975,560,Masa Thug Life,Master,22,113,,170,158
560,summoner-46423361,561,ImJustSaiyan,Master,5,79,,139,114
561,summoner-41679925,562,Zara Larsson,Master,21,116,,300,279
562,summoner-30393911,563,Honoz,Master,21,82,,234,207
563,summoner-38845123,564,Alradon,Master,21,96,,146,115
564,summoner-26353158,565,Norox,Master,21,69,,124,107
565,summoner-34318299,566,InTheHellOfElo,Master,20,73,,251,227
566,summoner-33899572,567,nof3,Master,20,55,,163,107
567,summoner-47871366,568,lövhögen,Master,0,101,,139,118
568,summoner-33057637,569,sexezSTAR,Master,19,86,,410,388
569,summoner-37159691,570,TSM Tanaci,Master,19,146,,374,355
570,summoner-39556911,571,Svevišnji,Master,19,108,,348,317
571,summoner-38186941,572,Himelrond,Master,17,98,,260,202
572,summoner-36674967,573,vad heter du,Master,19,50,,134,106
573,summoner-38986973,574,soczystypytol98,Master,19,53,,95,65
574,summoner-23488688,575,Szakacs,Master,18,107,,240,212
575,summoner-22120650,576,DTG shy jan,Master,18,115,,164,143
576,summoner-23601893,577,ilovepiez,Master,17,93,,190,172
577,summoner-33960640,578,Poetepe,Master,17,65,,157,136
578,summoner-21087877,579,KY Satanico,Master,17,63,,113,92
579,summoner-37255951,580,Marlley,Master,16,138,,433,417
580,summoner-26925653,581,Ρingo,Master,16,83,,219,197
581,summoner-38965264,582,SAEEDMUS,Master,16,101,,199,173
582,summoner-34086024,583,7Drakking88,Master,15,83,,160,115
583,summoner-41551267,584,El3cTr0S0c,Master,15,58,,159,134
584,summoner-39620487,585,Skassy,Master,14,110,,316,300
585,summoner-41065582,586,Saloez,Master,14,74,,252,214
586,summoner-27494606,587,Caedryn,Master,14,136,,123,99
587,summoner-38133362,588,cbdu,Master,13,108,,254,230
588,summoner-22430478,589,Hipoooo,Master,11,95,,193,160
589,summoner-24744012,590,Felisjano,Master,11,76,,120,95
590,summoner-34323279,591,Zer0 to Ner0,Master,29,93,,118,100
591,summoner-34940601,592,fetusismydinner,Master,10,96,,304,282
592,summoner-46816169,593,PGD Kenrix,Master,10,82,,100,79
593,summoner-24168317,594,Quinn Airlines,Master,9,108,,412,397
594,summoner-70418172,595,Wexillon,Master,8,98,,276,244
595,summoner-25130219,596,SzAmiker,Master,8,49,,96,62
596,summoner-20922524,597,Far,Master,4,89,,145,126
597,summoner-28710962,598,Egoista w Soloq,Master,4,83,,116,105
598,summoner-19724182,599,Wicked Cookie,Master,28,44,,58,29
599,summoner-30447363,600,Darknéss,Master,3,123,,224,201
600,summoner-23794051,601,srki5555,Master,3,84,,210,179
601,summoner-25294231,602,botichello,Master,2,89,,348,299
602,summoner-21385246,603,Her Rákan,Master,2,161,,296,258
603,summoner-30411613,604,ilovedana,Master,2,73,,79,60
604,summoner-39583344,605,triung,Master,21,96,,282,257
605,summoner-39658139,606,Zera,Master,0,187,,685,668
606,summoner-70616663,607,Mihajlo Matic,Master,0,116,,441,427
607,summoner-47962920,608,major failure,Master,0,117,,409,403
608,summoner-57967315,609,xKanelen,Master,0,118,,390,362
609,summoner-50213372,610,Alter Gilgamesh,Master,0,173,,318,292
610,summoner-34707077,611,RS Seboost1an,Master,0,109,,302,274
611,summoner-35674379,612,tsakos007,Master,0,87,,298,266
612,summoner-40554647,613,Daddy Gragas,Master,0,145,,289,273
613,summoner-33940581,614,H x,Master,0,122,,276,249
614,summoner-37879267,615,War pe Mental,Master,0,165,,263,229
615,summoner-27393446,616,Gamay666,Master,0,97,,255,235
616,summoner-30074326,617,ManIWishIWasDead,Master,0,105,,254,231
617,summoner-29724710,618,pisinmyblouse,Master,0,86,,248,217
618,summoner-36185015,619,C A N G O O R,Master,0,108,,248,233
619,summoner-37074782,620,morderca32,Master,0,61,,241,172
620,summoner-27050356,621,Tveliv,Master,0,97,,229,211
621,summoner-57023102,622,Lötüs,Master,0,94,,225,209
622,summoner-27188813,623,SnutteTANT,Master,0,69,,222,167
623,summoner-31618238,624,TodiTheGod,Master,0,73,,222,204
624,summoner-28520357,625,Friendly Skulla,Master,0,78,,219,201
625,summoner-45684610,626,dead meme,Diamond 1,50,118,,218,200
626,summoner-35538261,627,Teddybéar,Master,0,62,,218,196
627,summoner-59668537,628,žennoŽTG,Master,0,116,,218,199
628,summoner-28172180,629,Pick me Janna,Master,0,75,,209,186
629,summoner-71555275,630,Sufon,Master,0,63,,200,148
630,summoner-26774670,631,FP Zorin Blitz,Master,0,75,,199,176
631,summoner-71509291,632,SnakeInTracksuit,Master,0,67,,190,134
632,summoner-47221733,633,LLENN,Master,0,93,,188,129
633,summoner-38403820,634,stefanxp,Master,0,92,,186,166
634,summoner-29526523,635,pykestanos,Master,0,83,,178,152
635,summoner-30374718,636,KobylkaWDZ,Master,0,63,,173,130
636,summoner-23805754,637,Centawr,Master,0,66,,172,147
637,summoner-44347625,638,SKT KrWannaBe,Master,0,76,,158,132
638,summoner-70617689,639,HerHex,Master,0,99,,158,114
639,summoner-37744590,640,WYPIEK Z WESTA,Master,0,73,,157,109
640,summoner-20574477,641,Zarzator,Master,0,58,,150,116
641,summoner-38583230,642,Zebron,Master,0,60,,149,114
642,summoner-39867623,643,Michael001,Master,0,50,,143,53
643,summoner-70146530,644,Diosh,Master,0,83,,142,99
644,summoner-47728300,645,Uzzume,Master,0,63,,140,122
645,summoner-50305148,646,FrozenCubBG,Master,0,48,,140,67
646,summoner-32189292,647,Zhenzi v2,Master,0,97,,136,113
647,summoner-51963350,648,Luky001,Master,0,64,,134,111
648,summoner-30906515,649,Steve Angello,Master,0,82,,133,111
649,summoner-37673006,650,We Go Cr4zY,Master,0,47,,130,72
650,summoner-24434103,651,sl0wla,Master,0,100,,128,103
651,summoner-25235174,652,mortalcombatant,Master,0,79,,118,73
652,summoner-54836755,653,m7md7100,Master,0,71,,113,87
653,summoner-45943087,654,Redillion,Master,0,71,,106,78
654,summoner-46673697,655,Mégumin,Master,0,108,,104,75
655,summoner-70655337,656,Lee šin otp here,Master,0,47,,98,53
656,summoner-26500654,657,donce123,Master,0,79,,98,72
657,summoner-59893208,658,Märq,Master,0,55,,92,69
658,summoner-20480930,659,B GOD,Master,0,50,,88,28
659,summoner-22886940,660,noızzy,Master,17,81,,89,57
660,summoner-36685606,661,KATYPERRYFAN123,Master,0,47,,74,44
661,summoner-68808416,662,cutie princess,Master,0,38,,67,27
662,summoner-41048627,663,Trust Me Im JEDl,Master,0,71,,64,40
663,summoner-30954692,664,Xclusive 25,Diamond 1,100,125,,590,581
664,summoner-23455566,665,RAIDBOSS GODHAND,Diamond 1,100,90,,343,309
665,summoner-21516154,666,Klordix,Diamond 1,100,116,,343,321
666,summoner-32956070,667,HCT Erlich,Diamond 1,100,86,,269,238
667,summoner-37363403,668,Václav Šrajer,Diamond 1,100,75,,233,195
668,summoner-31204878,669,GRE Pokerstar,Diamond 1,100,101,,224,197
669,summoner-24200190,670,Next Level FIZZ,Diamond 1,100,76,,214,193
670,summoner-44030756,671,Jég,Diamond 1,100,56,,176,125
671,summoner-63523937,672,Àrdént Cénsér,Diamond 1,100,112,,173,153
672,summoner-45265491,673,DAB DAB DAB DAB,Diamond 1,100,62,,158,128
673,summoner-68387562,674,LeQu On Smurf,Diamond 1,100,56,,153,121
674,summoner-69423039,675,Matnisstatpants,Diamond 1,100,48,,133,93
675,summoner-44984905,676,Bořek prznitel,Diamond 1,100,68,,131,110
676,summoner-60793117,677,14etaneR,Diamond 1,100,49,,120,101
677,summoner-35069789,678,Cháotic,Diamond 1,100,66,,108,89
678,summoner-36053985,679,Unlucky Niko,Diamond 1,100,84,,97,75
679,summoner-26325874,680,atomic bald,Diamond 1,100,53,,94,61
680,summoner-58653622,681,WildheroStream,Diamond 1,100,53,,89,37
681,summoner-55733049,682,Nabsteb,Diamond 1,100,60,,86,48
682,summoner-29146564,683,MrMgr,Diamond 1,100,49,,84,64
683,summoner-34396720,684,Stephprobabe,Diamond 1,100,55,,68,39
684,summoner-37627217,685,Ejsner,Diamond 1,100,58,,55,35
685,summoner-25524071,686,wikiolo,Diamond 1,99,106,,386,362
686,summoner-62003907,687,XprObacKGG,Diamond 1,99,111,,328,300
687,summoner-23799544,688,HCT shizeR,Diamond 1,99,97,,282,243
688,summoner-34184324,689,Lexris,Diamond 1,98,59,,182,99
689,summoner-63285135,690,Daddy Roro,Diamond 1,98,63,,170,106
690,summoner-32404054,691,negative winrate,Diamond 1,97,105,,502,480
691,summoner-27860733,692,Dawîd,Diamond 1,97,79,,111,86
692,summoner-19403133,693,FrennaFanboy,Diamond 1,97,61,,105,89
693,summoner-65874209,694,Get Clapped,Diamond 1,97,71,,66,42
694,summoner-22988614,695,Kylo Rên,Diamond 1,96,96,,117,89
695,summoner-34467401,696,NLM,Diamond 1,95,72,,312,253
696,summoner-32894209,697,the prodigy ygh,Diamond 1,95,144,,47,33
697,summoner-22293716,698,zjemcikrede,Diamond 1,94,114,,275,254
698,summoner-34888542,699,HeavyDream,Diamond 1,94,63,,55,32
699,summoner-25815701,700,Clara,Diamond 1,93,115,,139,113
700,summoner-22255693,701,BigMazy,Diamond 1,93,41,,87,42
701,summoner-40189047,702,Yuuna,Diamond 1,93,53,,55,37
702,summoner-52332925,703,Grímmjôw,Diamond 1,76,148,,315,278
703,summoner-71130272,704,uDNelly,Diamond 1,92,73,,217,171
704,summoner-72473143,705,Wa kind of smurf,Diamond 1,92,58,,202,165
705,summoner-30844775,706,UnicornLeader,Diamond 1,91,137,,395,359
706,summoner-25221922,707,Grub Woin,Diamond 1,91,90,,172,129
707,summoner-24984199,708,coookieman,Diamond 1,91,114,,88,60
708,summoner-27495704,709,ukko2000,Diamond 1,91,63,,69,48
709,summoner-53463132,710,Szybky Lopez,Diamond 1,90,88,,451,397
710,summoner-37298354,711,Balnator,Diamond 1,90,100,,283,259
711,summoner-35256798,712,Tigerfun,Diamond 1,90,110,,244,221
712,summoner-45753066,713,GANGBANG ILLAOI,Diamond 1,90,109,,237,227
713,summoner-19912775,714,Neawin,Diamond 1,90,69,,182,148
714,summoner-23687496,715,Pendecho,Diamond 1,90,82,,159,133
715,summoner-27364826,716,xToma,Diamond 1,90,69,,154,136
716,summoner-25853840,717,WelcomToVietnam,Diamond 1,90,68,,146,109
717,summoner-33873215,718,p3 euw btw,Diamond 1,90,66,,145,118
718,summoner-27865152,719,aąbcć Ð eęfgh,Diamond 1,90,65,,144,125
719,summoner-35480966,720,DGN JustEngry,Diamond 1,90,77,,143,109
720,summoner-33405516,721,BuuDuemer,Diamond 1,90,81,,140,112
721,summoner-27053145,722,αssαssin,Diamond 1,90,94,,130,86
722,summoner-20200774,723,King Dragún,Diamond 1,90,69,,125,99
723,summoner-32815577,724,The Ryan,Diamond 1,90,68,,124,87
724,summoner-20918068,725,JESSPER77,Diamond 1,90,86,,119,104
725,summoner-71040739,726,Phílíphkt,Diamond 1,90,66,,113,62
726,summoner-30333885,727,SaŁaZaR,Diamond 1,90,131,,113,93
727,summoner-32573416,728,Teräsmara,Diamond 1,90,126,,109,77
728,summoner-39258248,729,Tadeusz98,Diamond 1,90,94,,105,83
729,summoner-58033142,730,RED AD Carry,Diamond 1,90,63,,105,77
730,summoner-29599705,731,A4L,Diamond 1,90,62,,105,71
731,summoner-37141067,732,Ehmedi,Diamond 1,90,86,,98,70
732,summoner-69233016,733,Numikjèks,Diamond 1,90,40,,96,29
733,summoner-25516645,734,Cx KFC Manager,Diamond 1,90,54,,85,62
734,summoner-68728535,735,beorsaidothor,Diamond 1,90,41,,80,23
735,summoner-32757515,736,IMissAlwaysQ,Diamond 1,90,49,,80,55
736,summoner-20158792,737,Rektus Dominus,Diamond 1,90,101,,77,61
737,summoner-23591874,738,Live,Diamond 1,90,74,,66,37
738,summoner-41454116,739,MarineHBS,Diamond 1,90,57,,51,25
739,summoner-24669344,740,Mìs,Diamond 1,89,55,,152,135
740,summoner-24389694,741,BestSorakaSmurf,Diamond 1,89,64,,89,62
741,summoner-23981744,742,SonofHashinshin,Diamond 1,88,76,,341,305
742,summoner-24432947,743,NikGio,Diamond 1,88,108,,291,261
743,summoner-33397554,744,Cursed Leblanc,Diamond 1,88,85,,196,171
744,summoner-32297123,745,Latrodectuss,Diamond 1,88,120,,181,156
745,summoner-59623572,746,Duck Farius,Diamond 1,88,53,,123,106
746,summoner-30847068,747,korzen11,Diamond 1,88,47,,112,57
747,summoner-36903434,748,Selson,Diamond 1,88,49,,76,41
748,summoner-28154673,749,XaxaOwOxaxa,Diamond 1,87,163,,427,418
749,summoner-57194815,750,Enemenem,Diamond 1,87,107,,205,180
750,summoner-24293061,751,ChickenPL,Diamond 1,87,49,,130,101
751,summoner-58483319,752,ZeroFoxy,Diamond 1,87,103,,95,79
752,summoner-23617343,753,GL Mayday,Diamond 1,86,71,,109,91
753,summoner-34445989,754,ScarIet,Diamond 1,85,117,,355,332
754,summoner-28526239,755,Kundzior123,Diamond 1,85,88,,239,239
755,summoner-69195893,756,gobitumilair,Diamond 1,85,56,,171,140
756,summoner-43978311,757,GT1 Hochmah,Diamond 1,85,97,,117,90
757,summoner-27571865,758,CisneCieRandomem,Diamond 1,85,53,,114,71
758,summoner-36214307,759,NEMANJ4,Diamond 1,84,116,,301,280
759,summoner-42590587,760,Stuu69,Diamond 1,84,90,,276,227
760,summoner-62024135,761,ez is Mágus,Diamond 1,84,64,,173,128
761,summoner-53895198,762,ZalJK,Diamond 1,84,77,,121,100
762,summoner-26376711,763,GhostBron,Diamond 1,84,49,,120,63
763,summoner-28333822,764,Nudle za Boost,Diamond 1,67,67,,110,93
764,summoner-21832245,765,Coko,Diamond 1,84,52,,89,58
765,summoner-25910707,766,KhaynMain,Diamond 1,83,90,,368,320
766,summoner-68924659,767,sexy mikasa,Diamond 1,83,56,,160,103
767,summoner-40170900,768,Meecowhy,Diamond 1,83,82,,156,140
768,summoner-61697922,769,Formes,Diamond 1,83,68,,141,123
769,summoner-37124020,770,Evanger,Diamond 1,83,59,,59,34
770,summoner-51885836,771,See my name,Diamond 1,82,159,,556,520
771,summoner-56437897,772,Pika Pika Pì,Diamond 1,99,102,,464,416
772,summoner-29259506,773,Mapharazzo,Diamond 1,82,69,,106,91
773,summoner-69433064,774,Looking 4 6irl,Diamond 1,82,46,,91,57
774,summoner-54622990,775,313169,Diamond 1,82,48,,72,52
775,summoner-36323986,776,blo,Diamond 1,81,117,,263,237
776,summoner-38503962,777,Pepi Rösslër,Diamond 1,81,106,,189,161
777,summoner-27875773,778,FourTwenty Joker,Diamond 1,100,83,,149,112
778,summoner-20440138,779,Arore,Diamond 1,81,69,,123,104
779,summoner-33519577,780,meenawy,Diamond 1,81,68,,109,73
780,summoner-24386368,781,deivyys,Diamond 1,81,84,,100,80
781,summoner-69433065,782,KONG STRONG,Diamond 1,81,46,,91,57
782,summoner-24410969,783,KRM,Diamond 1,81,79,,77,51
783,summoner-32043565,784,Acteny,Diamond 1,80,94,,312,265
784,summoner-38483078,785,Dom1nator,Diamond 1,80,79,,256,235
785,summoner-24331089,786,xd Sciixu,Diamond 1,80,90,,174,160
786,summoner-34937486,787,Feed Jinx pl0x,Diamond 1,80,63,,136,94
787,summoner-35828580,788,SIMPLE AND CLEAN,Diamond 1,80,73,,118,93
788,summoner-38907771,789,myR Bl4de,Diamond 1,80,87,,94,75
789,summoner-71526530,790,The Kontturi,Diamond 1,80,36,,54,10
790,summoner-66705989,791,SadFrog exe,Diamond 1,79,96,,300,205
791,summoner-22647486,792,Darkiter,Diamond 1,79,105,,214,185
792,summoner-23518496,793,Petri,Diamond 1,79,61,,199,175
793,summoner-19868592,794,AkiCr7,Diamond 1,79,76,,115,90
794,summoner-38103284,795,Verum v2,Diamond 1,78,57,,159,101
795,summoner-69409626,796,skirrax v2,Diamond 1,78,56,,87,63
796,summoner-55066936,797,IgnasITZ,Diamond 1,78,51,,81,53
797,summoner-30813446,798,iG ßajky,Diamond 1,78,64,,72,55
798,summoner-20932819,799,Cviç Prase,Diamond 1,77,101,,296,280
799,summoner-41700097,800,Serene Void,Diamond 1,77,87,,261,242
800,summoner-25365139,801,TelluR,Diamond 1,77,83,,257,240
801,summoner-36558641,802,Bloody Sorrõw,Diamond 1,77,94,,172,152
802,summoner-31881620,803,Rapisher,Diamond 1,77,74,,81,63
803,summoner-50343040,804,JK KINGUNEN,Diamond 1,77,49,,65,49
804,summoner-23481935,805,Puri,Diamond 1,76,84,,218,205
805,summoner-31281838,806,EleGíggle,Diamond 1,76,87,,161,142
806,summoner-34333050,807,HELLAS douk,Diamond 1,76,67,,109,65
807,summoner-32568582,808,LevelZeroPlayer,Diamond 1,75,105,,418,384
808,summoner-41456117,809,Suklaakaakao,Diamond 1,75,95,,409,388
809,summoner-56034779,810,ProShadowShady,Diamond 1,75,100,,349,319
810,summoner-65063152,811,ShSn,Diamond 1,75,110,,319,296
811,summoner-22887932,812,Błack Swan,Diamond 1,75,109,,287,247
812,summoner-65875722,813,Lunatıc,Diamond 1,75,95,,262,237
813,summoner-43448663,814,LevelZeroLegacy,Diamond 1,75,67,,239,186
814,summoner-30767245,815,Amaretto,Diamond 1,75,98,,235,217
815,summoner-42656092,816,Divine Humanoid,Diamond 1,75,68,,231,153
816,summoner-38508401,817,HELLSHACO,Diamond 1,75,63,,216,141
817,summoner-23845263,818,Ananasy,Diamond 1,75,122,,215,200
818,summoner-61066587,819,TIH 2Cups,Diamond 1,75,106,,214,178
819,summoner-70313892,820,EUW Marksman kek,Diamond 1,75,69,,211,152
820,summoner-58033162,821,Tatsh,Diamond 1,75,69,,193,156
821,summoner-34233510,822,Season 3 Rengar,Diamond 1,75,80,,191,153
822,summoner-21111582,823,Datturaa,Diamond 1,75,61,,190,101
823,summoner-59546383,824,MaderFaker3,Diamond 1,75,49,,187,88
824,summoner-49339151,825,Bufaklin,Diamond 1,75,67,,186,159
825,summoner-28295623,826,Hobbi,Diamond 1,75,83,,186,148
826,summoner-68845540,827,Girl I,Diamond 1,75,73,,186,148
827,summoner-71842996,828,SchwerdG,Diamond 1,75,59,,179,124
828,summoner-54716632,829,ferdik1123,Diamond 1,75,84,,178,155
829,summoner-63583593,830,13597820,Diamond 1,75,66,,166,156
830,summoner-40937267,831,Djres,Diamond 1,75,85,,166,137
831,summoner-21214046,832,Israel HaDayag,Diamond 1,75,72,,164,134
832,summoner-70718095,833,Lux PIayer,Diamond 1,75,61,,160,106
833,summoner-40025822,834,Kim Dong ha,Diamond 1,75,66,,157,105
834,summoner-28537478,835,Hrazerixxxxxxx,Diamond 1,75,82,,156,130
835,summoner-47728136,836,SB Szerk,Diamond 1,75,141,,151,114
836,summoner-21926693,837,ΦΑΡΑΩ,Diamond 1,75,68,,148,114
837,summoner-54553116,838,MihalichV2,Diamond 1,75,63,,148,133
838,summoner-21447850,839,The Vitiate,Diamond 1,75,73,,146,133
839,summoner-19391305,840,OopsIamSorry,Diamond 1,75,46,,144,59
840,summoner-33827501,841,PVE Qenal,Diamond 1,75,73,,143,115
841,summoner-53718282,842,CuzimaGoD,Diamond 1,75,72,,143,120
842,summoner-69062973,843,Reorderer 1v9,Diamond 1,75,57,,139,96
843,summoner-28398978,844,SMUTNY PAJAC,Diamond 1,75,57,,138,86
844,summoner-62837444,845,Yøung Light,Diamond 1,75,136,,137,71
845,summoner-24681855,846,RR Syrpy,Diamond 1,75,64,,137,108
846,summoner-24385780,847,Dragfon,Diamond 1,75,66,,134,109
847,summoner-20009677,848,Jessica,Diamond 1,75,47,,131,93
848,summoner-37213573,849,Gl At McDonalds,Diamond 1,75,63,,128,105
849,summoner-46883558,850,AderiQ,Diamond 1,75,61,,127,91
850,summoner-24153857,851,Amades,Diamond 1,75,48,,120,74
851,summoner-21458888,852,Irod,Diamond 1,75,70,,116,83
852,summoner-31707274,853,Danny v2,Diamond 1,75,86,,113,77
853,summoner-55967338,854,Kindral,Diamond 1,75,48,,113,88
854,summoner-25519388,855,VaIkyr,Diamond 1,75,109,,112,91
855,summoner-27571811,856,MaM FaJnE UlTi,Diamond 1,75,53,,111,88
856,summoner-65786172,857,Helixerz,Diamond 1,75,43,,110,73
857,summoner-25015594,858,RockXan,Diamond 1,75,77,,108,68
858,summoner-70623032,859,Vareju iekritot,Diamond 1,75,53,,107,73
859,summoner-52530080,860,PetesAdoptedSon,Diamond 1,75,50,,103,87
860,summoner-34368144,861,praise conqueror,Diamond 1,75,71,,103,80
861,summoner-29134791,862,Is Top success,Diamond 1,75,64,,96,65
862,summoner-64003070,863,VELVETEARS,Diamond 1,75,48,,94,66
863,summoner-68896555,864,ROMANUL ALB,Diamond 1,75,41,,86,33
864,summoner-71893065,865,TEEMO TO CHALL,Diamond 1,75,43,,83,45
865,summoner-24097768,866,DontBlameMeQQ,Diamond 1,75,71,,82,54
866,summoner-27548394,867,My Angel Ket,Diamond 1,75,101,,78,54
867,summoner-39530236,868,EUNE Abuser,Diamond 1,75,39,,74,18
868,summoner-48203766,869,EUNEPOLICE S,Diamond 1,75,43,,65,23
869,summoner-28880203,870,WLD hextasy,Diamond 1,75,51,,65,32
870,summoner-32247025,871,Paulius Kubys,Diamond 1,75,39,,63,27
871,summoner-48864239,872,Kamî D Hoyhi,Diamond 1,74,144,,385,357
872,summoner-46605578,873,KataLaNN,Diamond 1,74,91,,267,234
873,summoner-38245753,874,Shikamaru Naara,Diamond 1,74,73,,236,212
874,summoner-21741163,875,Dragonczz1,Diamond 1,74,41,,113,21
875,summoner-24233664,876,ECT Kocourek,Diamond 1,74,64,,109,84
876,summoner-31353091,877,Zookeeper101,Diamond 1,73,96,,289,259
877,summoner-44519214,878,Ray God,Diamond 1,73,96,,268,260
878,summoner-20614632,879,PYKE IRL,Diamond 1,73,99,,194,145
879,summoner-60167436,880,ksikakatas,Diamond 1,73,46,,143,92
880,summoner-26017001,881,ProfessorAce,Diamond 1,73,70,,131,105
881,summoner-27186072,882,Kuzyn Babci,Diamond 1,73,72,,128,112
882,summoner-71643045,883,Clown IRL,Diamond 1,73,52,,121,75
883,summoner-42983363,884,Vega,Diamond 1,73,89,,74,52
884,summoner-72324858,885,uXaPDominic,Diamond 1,73,39,,66,26
885,summoner-19134176,886,SellingNudesAdd,Diamond 1,73,61,,56,37
886,summoner-41087665,887,EUNE Retoox HLTV,Diamond 1,73,36,,38,13
887,summoner-31220503,888,Sekkusu,Diamond 1,72,128,,350,342
888,summoner-36926847,889,Bleddo,Diamond 1,72,114,,148,129
889,summoner-19850455,890,AntiSocialis,Diamond 1,72,99,,147,129
890,summoner-44846594,891,kurtdenstore21,Diamond 1,72,49,,138,108
891,summoner-52433896,892,Kapten YinYang,Diamond 1,72,52,,116,83
892,summoner-39560412,893,michu45,Diamond 1,72,116,,113,86
893,summoner-34293699,894,Lep Fant,Diamond 1,72,57,,112,88
894,summoner-48503828,895,Konaa,Diamond 1,72,46,,76,60
895,summoner-34899231,896,Kahui,Diamond 1,72,39,,54,30
896,summoner-36052987,897,Alonso,Diamond 1,71,107,,508,486
897,summoner-22064327,898,PEEP LIL,Diamond 1,71,85,,282,281
898,summoner-39686221,899,nexTy1,Diamond 1,71,69,,166,141
899,summoner-26902859,900,boxeq,Diamond 1,71,88,,157,137
900,summoner-68367366,901,Myddo,Diamond 1,71,60,,109,80
901,summoner-37595177,902,S0PHIE,Diamond 1,70,58,,78,62
902,summoner-23911183,903,Madhõuse,Diamond 1,70,62,,43,33
903,summoner-19350043,904,Taste The Power,Diamond 1,69,118,,383,368
904,summoner-57948025,905,G2 Więcek,Diamond 1,69,118,,358,339
905,summoner-21587261,906,DoctorNlck,Diamond 1,69,83,,218,174
906,summoner-50333934,907,Nippla,Diamond 1,69,67,,174,145
907,summoner-31267277,908,IaceG,Diamond 1,69,52,,140,94
908,summoner-48329575,909,RedTigger2000,Diamond 1,69,97,,135,117
909,summoner-23296269,910,Dimikoyan,Diamond 1,69,90,,118,99
910,summoner-22908028,911,GeddyK,Diamond 1,68,96,,298,254
911,summoner-19924105,912,lonelystar,Diamond 1,68,115,,280,258
912,summoner-35316636,913,Szakin,Diamond 1,68,158,,240,221
913,summoner-48035383,914,Thein,Diamond 1,68,96,,204,179
914,summoner-31174904,915,G2 Aldus,Diamond 1,68,100,,120,95
915,summoner-38788779,916,Hi Iam Gosupport,Diamond 1,68,105,,108,92
916,summoner-42553384,917,shadows marked,Diamond 1,68,71,,107,93
917,summoner-23816156,918,Carry Only,Diamond 1,68,77,,95,83
918,summoner-70945372,919,King Illidan,Diamond 1,67,86,,412,363
919,summoner-46078093,920,Eimis,Diamond 1,67,102,,227,199
920,summoner-24583023,921,NerfChampsHard,Diamond 1,67,79,,169,155
921,summoner-34075227,922,NGPlayer,Diamond 1,67,87,,159,129
922,summoner-49675568,923,Petey btw,Diamond 1,67,49,,151,115
923,summoner-52530527,924,Maginaryy,Diamond 1,67,50,,115,58
924,summoner-72586541,925,Sobol jest słaby,Diamond 1,67,39,,67,23
925,summoner-39297772,926,LeZac,Diamond 1,66,119,,270,251
926,summoner-52036247,927,Hîszpan,Diamond 1,66,103,,266,253
927,summoner-36142626,928,Zèze,Diamond 1,66,86,,167,155
928,summoner-32212465,929,Sanyol,Diamond 1,66,97,,161,142
929,summoner-52713387,930,LANCELOT 1,Diamond 1,66,49,,149,121
930,summoner-69526189,931,Karczelote v2,Diamond 1,66,61,,143,95
931,summoner-42915991,932,h1go,Diamond 1,66,60,,143,127
932,summoner-31279958,933,Elementh,Diamond 1,66,45,,112,44
933,summoner-22814877,934,Professor Konrad,Diamond 1,66,83,,108,76
934,summoner-63833189,935,POLhedzik019,Diamond 1,75,41,,98,47
935,summoner-19692199,936,Denited,Diamond 1,66,86,,77,33
936,summoner-30909416,937,Army 27 illusion,Diamond 1,66,40,,53,27
937,summoner-37100831,938,Arìete,Diamond 1,65,73,,278,239
938,summoner-31354285,939,AqroVelon,Diamond 1,65,104,,247,220
939,summoner-44783827,940,Komorek12345,Diamond 1,65,94,,243,217
940,summoner-25170840,941,Sh0guno,Diamond 1,65,70,,206,188
941,summoner-21880349,942,Kaiser Božo,Diamond 1,65,115,,187,164
942,summoner-25503434,943,Woolly,Diamond 1,65,69,,138,109
943,summoner-25158553,944,BELOSNEZHKA,Diamond 1,65,78,,103,79
944,summoner-33396293,945,Pink Rabbits,Diamond 1,65,54,,85,67
945,summoner-33395602,946,Crasheeer,Diamond 1,64,89,,355,367
946,summoner-68996307,947,Leivi,Diamond 1,64,95,,261,250
947,summoner-38626931,948,NA1X,Diamond 1,64,99,,211,188
948,summoner-29619714,949,xdxdDDdxdd,Diamond 1,64,48,,149,83
949,summoner-36420208,950,LachtanHoralka,Diamond 1,64,68,,124,108
950,summoner-42813598,951,HeartlessElf,Diamond 1,64,92,,34,23
951,summoner-69242998,952,Tάkis,Diamond 1,63,90,,167,154
952,summoner-22996729,953,seeth3r,Diamond 1,63,77,,130,101
953,summoner-24220182,954,Shenas,Diamond 1,63,59,,110,85
954,summoner-38222916,955,N1ksän,Diamond 1,63,58,,95,82
955,summoner-41113648,956,WIZOP,Diamond 1,63,56,,78,42
956,summoner-39208114,957,iVintrez,Diamond 1,63,45,,34,9
957,summoner-19747597,958,iMpwnYA,Diamond 1,62,121,,443,407
958,summoner-34011141,959,HPC MlodyGamer,Diamond 1,45,113,,280,256
959,summoner-30748749,960,isä,Diamond 1,62,82,,215,183
960,summoner-58098309,961,ZVRYK,Diamond 1,62,112,,108,87
961,summoner-30942212,962,Seifur,Diamond 1,62,59,,105,85
962,summoner-34217865,963,Eshara,Diamond 1,62,47,,63,34
963,summoner-31506776,964,Knightgum,Diamond 1,62,51,,51,20
964,summoner-71833035,965,HΞΜΦ,Diamond 1,61,88,,317,260
965,summoner-31173956,966,Labokop,Diamond 1,61,112,,270,244
966,summoner-44902735,967,HARDSTUCKKKK,Diamond 1,61,86,,236,223
967,summoner-28893056,968,Pray4Tryndamere,Diamond 1,61,84,,225,199
968,summoner-20795263,969,Ququlis,Diamond 1,61,49,,148,92
969,summoner-38997989,970,Iil dipshît,Diamond 1,61,113,,140,125
970,summoner-33909436,971,AT3Ntylk0GR4,Diamond 1,61,59,,139,110
971,summoner-37547009,972,EB24 Paxters,Diamond 1,61,96,,94,66
972,summoner-24334607,973,xLosDe,Diamond 1,60,81,,330,295
973,summoner-35943184,974,Profesor Ulaniec,Diamond 1,60,127,,262,231
974,summoner-20663172,975,The Cr1mson King,Diamond 1,60,79,,239,211
975,summoner-24400346,976,Trzesiek,Diamond 1,60,68,,214,154
976,summoner-24748823,977,PYROPHOBIA,Diamond 1,60,86,,177,157
977,summoner-26463457,978,Independent3,Diamond 1,60,63,,127,113
978,summoner-48657221,979,xxdXDxd gejus,Diamond 1,60,47,,102,63
979,summoner-36054356,980,dog ucal,Diamond 1,60,74,,98,81
980,summoner-27985811,981,H0shiG4ki,Diamond 1,60,82,,46,25
981,summoner-42314387,982,Paskajami,Diamond 1,59,91,,273,261
982,summoner-33514724,983,ψUnlucky Godψ,Diamond 1,59,99,,241,222
983,summoner-25231512,984,VuChina,Diamond 1,59,160,,141,126
984,summoner-44526231,985,Ξύδι,Diamond 1,59,69,,87,56
985,summoner-37663134,986,ZÏlean,Diamond 1,59,58,,82,44
986,summoner-25150210,987,OGN RageQuit,Diamond 1,59,80,,61,31
987,summoner-33736388,988,Torajaa,Diamond 1,59,67,,60,39
988,summoner-31259252,989,actorRyanGosling,Diamond 1,58,127,,458,442
989,summoner-25478522,990,KIS WITH Y,Diamond 1,58,104,,418,395
990,summoner-34223704,991,2H2H piškot,Diamond 1,58,88,,213,184
991,summoner-65914521,992,Fear The Ice,Diamond 1,58,85,,115,85
992,summoner-30744884,993,Fitompp,Diamond 1,58,53,,109,82
993,summoner-33287436,994,Happuoppa,Diamond 1,58,77,,106,73
994,summoner-32215609,995,Kaer1v9,Diamond 1,58,65,,81,58
995,summoner-63054932,996,Racist Wizard,Diamond 1,57,78,,127,106
996,summoner-25179705,997,Lama,Diamond 1,57,66,,91,70
997,summoner-42993426,998,SoúlReaver,Diamond 1,57,133,,89,69
998,summoner-37763581,999,Reliable,Diamond 1,57,53,,68,52
999,summoner-55933043,1000,sC Fox,Diamond 1,57,72,,62,43
