#timestamp 1529874028010
#date 2018-06-24T21:00:28+00:00
#players 1000
#index,id,rank,name,tier,lp,level,proTeam,win,loss
0,summoner-91909115,1,tarzaned2,Challenger,1304,73,,351,245
1,summoner-96059078,2,sorry my bad xd,Challenger,1300,43,,123,54
2,summoner-24220969,3,thtr,Challenger,1067,91,,356,296
3,summoner-87439213,4,ìnori,Challenger,1055,119,,345,279
4,summoner-91739120,5,Play for KDA,Challenger,1045,59,,207,144
5,summoner-75900909,6,GGEA Neøø,Challenger,1026,141,,306,241
6,summoner-22275443,7,TCLB ZzeR,Challenger,941,65,,275,185
7,summoner-34925733,8,CG Solo,Challenger,934,83,,307,245
8,summoner-22670229,9,Shout,Challenger,927,89,,295,236
9,summoner-19839806,10,blaberfish2,Challenger,921,109,,401,321
10,summoner-68469257,11,Azures,Challenger,913,116,,443,388
11,summoner-83339123,12,Humble Diligent,Challenger,908,83,,342,286
12,summoner-35097344,13,duoking1,Challenger,901,70,,241,176
13,summoner-65389099,14,Liquid Impact,Challenger,878,72,,241,179
14,summoner-95119178,15,WPI 3970,Challenger,872,45,,134,84
15,summoner-21193669,16,Hakuho,Challenger,861,88,,255,199
16,summoner-96629156,17,FOX Damonte,Challenger,837,43,,112,73
17,summoner-71229345,18,divided jungle,Challenger,851,67,,241,188
18,summoner-68401488,19,5tunt,Challenger,850,81,,241,187
19,summoner-87330006,20,Yusuiˉ,Challenger,827,68,,185,123
20,summoner-24326160,21,Sweaty ASol,Challenger,820,74,,257,204
21,summoner-38375098,22,Jurassiq,Challenger,806,81,,303,254
22,summoner-95429143,23,ESKEET1T,Challenger,799,44,,112,77
23,summoner-21276764,24,Vulcan1,Challenger,791,113,,381,326
24,summoner-23368264,25,Tracy Mcgràdy,Challenger,764,51,,131,75
25,summoner-20389591,26,Inorï,Challenger,757,69,,327,256
26,summoner-94060086,27,TwTv LoLHarambe,Challenger,767,73,,370,294
27,summoner-38809624,28,Sophist Sage,Challenger,742,121,,560,511
28,summoner-92959312,29,IlIlIllllIIIIIII,Challenger,740,50,,143,109
29,summoner-21371454,30,ScrubNoob,Challenger,727,116,,401,341
30,summoner-37481045,31,insanityxxx,Challenger,726,160,,539,487
31,summoner-91419120,32,TSM Zven,Challenger,725,105,,477,399
32,summoner-19967304,33,Shiphtur,Challenger,711,151,,916,880
33,summoner-48193601,34,Spica1,Challenger,709,79,,212,159
34,summoner-21367804,35,Cris,Challenger,696,59,,189,137
35,summoner-77211676,36,Revenge,Challenger,671,78,,238,188
36,summoner-27251616,37,ULookSoCharming,Challenger,644,108,,306,265
37,summoner-83089575,38,Ssumdayday,Challenger,675,67,,227,178
38,summoner-19587365,39,Tony Top,Challenger,691,107,,456,416
39,summoner-30046300,40,TCLB plan ahea,Challenger,670,122,,339,296
40,summoner-68479082,41,a new beginning,Challenger,669,106,,341,300
41,summoner-21490433,42,goldenglue,Challenger,666,98,,318,278
42,summoner-32299406,43,IIIIIlIIIlllllI,Challenger,651,108,,390,337
43,summoner-21542029,44,Grig1,Challenger,646,99,,321,285
44,summoner-23715786,45,KitKatxz,Challenger,646,61,,192,153
45,summoner-22830349,46,RF Legendary,Challenger,643,76,,288,235
46,summoner-22403576,47,Pants are Dragon,Challenger,642,111,,365,316
47,summoner-47401142,48,Soulmario,Challenger,640,183,,363,329
48,summoner-22141445,49,SandPaperX,Challenger,639,90,,263,222
49,summoner-86912471,50,Nugeek,Challenger,634,67,,252,212
50,summoner-20156599,51,Carmen Campagne,Challenger,643,75,,156,110
51,summoner-27470522,52,Arcsecond,Challenger,624,119,,449,390
52,summoner-22946266,53,GaoGao,Challenger,624,74,,136,92
53,summoner-65409096,54,crow5,Challenger,623,74,,260,207
54,summoner-19787999,55,SCREENSLAV3R,Challenger,621,70,,174,135
55,summoner-19757901,56,Ðân,Challenger,620,99,,302,241
56,summoner-36111109,57,Julien,Challenger,597,101,,403,356
57,summoner-21806931,58,Xeno,Challenger,615,59,,126,89
58,summoner-25401864,59,Credenda,Challenger,613,53,,180,94
59,summoner-41233933,60,MistyStumpey,Challenger,611,97,,217,174
60,summoner-30255016,61,TheeBrandini,Challenger,610,73,,248,207
61,summoner-50759139,62,qldurtms,Challenger,610,62,,185,146
62,summoner-19623941,63,Rendyu,Challenger,584,116,,347,297
63,summoner-37343071,64,avi is me,Challenger,604,68,,186,143
64,summoner-91615420,65,Evølve,Challenger,603,96,,428,356
65,summoner-47165206,66,HIGH APM LOW BMI,Challenger,601,90,,321,285
66,summoner-26045266,67,TàIon,Challenger,600,84,,227,167
67,summoner-30366254,68,Acoldblazeolive,Challenger,592,71,,262,223
68,summoner-19770082,69,Criś,Challenger,590,142,,461,424
69,summoner-21103810,70,BendyAndy,Challenger,588,92,,359,322
70,summoner-93731255,71,dsazfxgchn,Challenger,587,50,,148,89
71,summoner-21124626,72,Rikara,Challenger,580,130,,262,220
72,summoner-40540196,73,Fanatiik,Challenger,579,78,,227,194
73,summoner-2648,74,Pobelter,Challenger,576,92,,257,227
74,summoner-85889107,75,FeelsGO0DMan,Challenger,574,72,,256,219
75,summoner-32683839,76,Sean Twitch God,Challenger,572,94,,438,394
76,summoner-22654107,77,yhw,Challenger,571,127,,318,280
77,summoner-25108893,78,CaptainShrimps,Challenger,568,98,,545,498
78,summoner-47943093,79,3in1warrior,Challenger,567,69,,166,129
79,summoner-89299096,80,IlIlIllllIII,Challenger,564,46,,158,74
80,summoner-35409134,81,Srkenji,Challenger,560,116,,443,393
81,summoner-75099245,82,LHHS,Challenger,558,54,,154,115
82,summoner-26851284,83,PainlessM,Challenger,557,98,,285,245
83,summoner-20962399,84,Teesum,Challenger,555,88,,385,353
84,summoner-21910088,85,Zot,Challenger,554,129,,420,377
85,summoner-91451619,86,etrianodysey,Challenger,554,83,,300,252
86,summoner-25125682,87,Niles,Challenger,547,89,,260,216
87,summoner-35361116,88,Q16KpquGsIc,Challenger,545,63,,99,56
88,summoner-19698094,89,FallenBandit,Challenger,544,94,,331,299
89,summoner-521955,90,WildTurtle,Challenger,544,47,,122,80
90,summoner-22438041,91,snap,Challenger,541,100,,303,260
91,summoner-76603307,92,ChiralX,Challenger,537,62,,155,111
92,summoner-64290527,93,CONTRACTZZZZZZZZ,Challenger,535,68,,272,210
93,summoner-24069119,94,Hate,Challenger,532,124,,315,270
94,summoner-21937711,95,HaruRushAmbition,Challenger,528,109,,507,444
95,summoner-19920510,96,Sudzzi,Challenger,512,84,,322,284
96,summoner-96659148,97,jngler52,Challenger,512,38,,67,37
97,summoner-51680686,98,RobbyBob,Challenger,511,95,,164,131
98,summoner-73543081,99,SKT T1 Crown,Challenger,509,93,,145,92
99,summoner-83339118,100,sks Tmfprl,Challenger,508,62,,183,143
100,summoner-35592112,101,stuntopolis,Challenger,508,50,,127,100
101,summoner-41786897,102,Kurumx,Challenger,507,79,,275,228
102,summoner-83552233,103,duoqueen1,Challenger,503,69,,201,171
103,summoner-28663867,104,Erry,Challenger,503,70,,195,161
104,summoner-71715,105,MeNoHaxor,Challenger,502,89,,263,226
105,summoner-21172589,106,sadsdasdasf,Challenger,501,88,,327,285
106,summoner-21193032,107,dog2,Challenger,500,122,,409,379
107,summoner-64834040,108,DufTlalgkqtlek,Challenger,499,54,,152,110
108,summoner-30397116,109,Lemur,Challenger,498,101,,116,78
109,summoner-38880034,110,Soligo,Challenger,497,60,,162,125
110,summoner-74731419,111,cupcakes29,Challenger,493,63,,236,196
111,summoner-54059235,112,fwii Talon,Challenger,493,45,,104,59
112,summoner-21202019,113,5fire,Challenger,492,89,,196,159
113,summoner-170340,114,Cody Sun,Challenger,486,126,,447,425
114,summoner-31563939,115,butterfły,Challenger,483,57,,126,67
115,summoner-295500,116,5mi,Challenger,482,107,,265,221
116,summoner-44989327,117,mancloud2,Challenger,477,126,,531,502
117,summoner-77520973,118,TCLB Zephyr,Challenger,474,95,,222,173
118,summoner-92949382,119,CG Solo 2,Challenger,472,46,,124,87
119,summoner-30212825,120,Spirax,Challenger,469,86,,116,83
120,summoner-60469878,121,Macotoˉ,Challenger,461,98,,471,419
121,summoner-47607839,122,Gong Yoo x,Challenger,477,71,,311,247
122,summoner-71860010,123,Boris Oppa,Challenger,457,81,,194,111
123,summoner-20793637,124,Phaxen,Challenger,457,137,,175,141
124,summoner-20822144,125,ÐaÞtion,Challenger,472,101,,278,247
125,summoner-78739091,126,IdioticGuy123,Challenger,456,65,,170,128
126,summoner-33239179,127,ZeyzaI,Challenger,455,59,,129,65
127,summoner-23476283,128,EricZYang,Challenger,491,184,,612,573
128,summoner-91429132,129,TSM Mithypote,Challenger,452,81,,264,240
129,summoner-84759118,130,Metaphor,Challenger,451,93,,337,291
130,summoner-83629091,131,NA Swifte,Challenger,448,71,,176,142
131,summoner-41849159,132,GGEA Rodov,Challenger,445,92,,237,196
132,summoner-20823651,133,C9 Smoothie,Challenger,443,96,,242,209
133,summoner-65389101,134,gazuaaaaaaaaaaa,Challenger,443,51,,164,124
134,summoner-24671130,135,Allorim,Challenger,440,111,,403,375
135,summoner-26153361,136,Happy Birfdizzay,Challenger,440,87,,268,231
136,summoner-20130821,137,Wiggily,Challenger,439,92,,289,253
137,summoner-19665819,138,Duocek,Challenger,438,96,,467,423
138,summoner-40835255,139,Bóbbý,Challenger,437,117,,427,391
139,summoner-7250,140,Apollo Price,Challenger,437,105,,366,338
140,summoner-41873475,141,The Eggsalad,Challenger,453,155,,571,534
141,summoner-21498922,142,Linsaníty,Challenger,434,71,,177,155
142,summoner-26822730,143,BloodKey,Challenger,434,52,,149,76
143,summoner-70132282,144,XueGao,Challenger,432,99,,153,121
144,summoner-29161654,145,mulgokizary,Challenger,432,52,,95,59
145,summoner-20047271,146,Descraton,Challenger,431,128,,409,374
146,summoner-28742820,147,Jast,Challenger,431,89,,150,111
147,summoner-32871226,148,Alex Blais,Challenger,430,64,,223,172
148,summoner-19577112,149,Bíg T,Challenger,429,107,,373,338
149,summoner-19912360,150,VERSACE JiNPACHi,Challenger,428,104,,297,254
150,summoner-1496,151,Valkrin,Challenger,427,65,,163,125
151,summoner-91507933,152,758ˉ,Challenger,425,68,,220,181
152,summoner-89599264,153,D9 Grelly,Challenger,423,116,,485,453
153,summoner-27816311,154,N4omi,Challenger,405,68,,156,119
154,summoner-22638316,155,typty,Challenger,421,88,,178,141
155,summoner-21014987,156,lron Pyrite,Challenger,438,67,,142,108
156,summoner-70191897,157,adi0s,Challenger,419,52,,108,74
157,summoner-31929876,158,Arceesenpie,Challenger,418,65,,240,197
158,summoner-35092858,159,Challenger Eoba,Challenger,415,57,,179,110
159,summoner-37928970,160,Lesu,Challenger,413,177,,791,754
160,summoner-24823450,161,Viel Glück,Challenger,413,66,,118,82
161,summoner-35890783,162,Jiu Jiu,Challenger,411,115,,332,287
162,summoner-22231499,163,Washed Up,Challenger,407,83,,256,215
163,summoner-56829156,164,Laceration,Challenger,388,100,,200,162
164,summoner-23907257,165,Janna Mechanics,Challenger,406,84,,256,215
165,summoner-88229545,166,Gate,Challenger,405,110,,240,209
166,summoner-92319078,167,Nashor Tooth,Challenger,404,68,,241,193
167,summoner-28903785,168,YummiBananas,Challenger,403,135,,585,553
168,summoner-401063,169,xFSN Saber,Challenger,403,74,,167,134
169,summoner-28993829,170,xKace,Challenger,400,89,,223,190
170,summoner-36099357,171,Fapdo,Challenger,399,67,,158,118
171,summoner-32867184,172,Blitzt,Challenger,398,106,,200,165
172,summoner-20918669,173,elise player,Challenger,397,84,,243,229
173,summoner-46069412,174,foggedftw1,Challenger,397,61,,117,83
174,summoner-39040566,175,GGS Matt,Challenger,396,87,,345,315
175,summoner-34268448,176,Forgotten Legend,Challenger,396,67,,173,137
176,summoner-93269094,177,Potluck,Challenger,394,72,,138,115
177,summoner-46052203,178,B Solo Lane B,Challenger,393,94,,367,328
178,summoner-27110862,179,J D,Challenger,392,120,,414,365
179,summoner-55375727,180,Fated Enigma,Challenger,391,130,,496,455
180,summoner-20826894,181,Sleepyz,Challenger,388,110,,440,416
181,summoner-87119170,182,OpTic Arrow,Challenger,387,86,,339,301
182,summoner-91729099,183,BOL4,Challenger,387,55,,160,123
183,summoner-156090,184,Yassuo,Challenger,386,117,,498,467
184,summoner-19668604,185,Koukesito,Challenger,385,63,,182,137
185,summoner-36259319,186,Vchee,Challenger,384,84,,368,327
186,summoner-51949451,187,AD Nannies Pref,Challenger,366,85,,223,191
187,summoner-77351819,188,Saskioo,Challenger,382,76,,198,161
188,summoner-50690164,189,FakeGod,Challenger,401,52,,107,70
189,summoner-77252739,190,FUNKYFRAGAS32,Challenger,361,95,,420,383
190,summoner-50493382,191,sniperboy120,Challenger,380,55,,116,65
191,summoner-22701102,192,EleJiggle,Challenger,375,109,,309,273
192,summoner-47836799,193,Liquid Hard,Challenger,372,69,,203,166
193,summoner-33419995,194,CopyAndPaste,Challenger,372,68,,129,100
194,summoner-22350178,195,Cat VaIentine,Challenger,370,74,,240,199
195,summoner-34022147,196,Tuesdayy,Challenger,356,94,,318,293
196,summoner-76609200,197,INF SolidSnake,Challenger,353,113,,300,270
197,summoner-22478427,198,Biofrost,Challenger,351,78,,234,199
198,summoner-95439134,199,olruol,Challenger,345,41,,79,58
199,summoner-51405,200,C9 Sneaky,Challenger,343,121,,452,408
200,summoner-20072604,201,GGEA Abou222,Master,379,94,,273,239
201,summoner-24154639,202,yeedam,Master,379,72,,124,92
202,summoner-29524444,203,atkins2,Master,377,98,,241,208
203,summoner-77720407,204,RaverDad,Master,369,104,,556,523
204,summoner-73170218,205,Miguel el toro,Master,369,90,,298,270
205,summoner-20636732,206,Morïarty,Master,363,87,,407,379
206,summoner-80240589,207,Toàn Tran,Master,363,48,,96,65
207,summoner-54986862,208,Àsyc,Master,357,163,,829,804
208,summoner-95439104,209,PRODUCTPLACEMENT,Master,357,40,,74,53
209,summoner-45661658,210,Bao Bao,Master,356,100,,237,207
210,summoner-21830641,211,Seuyan,Master,353,56,,158,107
211,summoner-44317220,212,Sheepp,Master,352,65,,259,193
212,summoner-29221767,213,Abou222,Master,352,65,,158,113
213,summoner-77251686,214,TRIBORDKINGDOM63,Master,366,86,,302,264
214,summoner-21652056,215,Vìncent,Master,331,88,,300,267
215,summoner-32252808,216,WayneDwops,Master,350,86,,234,193
216,summoner-48365522,217,CroatianD,Master,350,107,,176,134
217,summoner-20411671,218,Heisendong,Master,349,61,,130,97
218,summoner-23552941,219,deftIy,Master,346,85,,267,222
219,summoner-29773406,220,Tonington,Master,346,67,,168,137
220,summoner-91429107,221,CLG Reignover,Master,346,65,,150,125
221,summoner-38869932,222,tank jg player,Master,345,92,,207,177
222,summoner-83939135,223,jensenfanboy97,Master,345,51,,136,80
223,summoner-42060215,224,0 x omakase x 42,Master,343,102,,327,294
224,summoner-89530903,225,Shorter,Master,343,73,,264,227
225,summoner-95090711,226,DeafRef,Master,343,54,,191,141
226,summoner-19905517,227,ZzLegendary,Master,342,101,,196,158
227,summoner-31507479,228,foggedftw2,Master,341,53,,83,48
228,summoner-43147757,229,Twíns,Master,340,120,,296,195
229,summoner-55805197,230,Hyami,Master,358,92,,168,136
230,summoner-47706407,231,FreshCreamCherry,Master,339,71,,244,209
231,summoner-29203966,232,Ino1,Master,333,118,,239,202
232,summoner-20877255,233,TCLB Tempest,Master,332,73,,281,204
233,summoner-37447382,234,KlvA,Master,313,79,,147,111
234,summoner-36772244,235,Fuh Breeze,Master,327,102,,298,279
235,summoner-30580841,236,YkyLh,Master,326,98,,98,47
236,summoner-32705024,237,Falcon God,Master,324,63,,185,156
237,summoner-72849285,238,ChumpJohn Again,Master,324,56,,96,62
238,summoner-44141483,239,RubenxSWRD,Master,322,87,,348,318
239,summoner-20305573,240,shochi,Master,321,113,,389,360
240,summoner-66042977,241,TwTv KatEvolved,Master,320,91,,295,266
241,summoner-19451735,242,homeboi,Master,314,97,,374,348
242,summoner-82789571,243,flameflameflame,Master,314,69,,239,208
243,summoner-95439156,244,sky island,Master,312,49,,160,140
244,summoner-77661150,245,good nightt,Master,310,58,,178,113
245,summoner-31274923,246,Lovefury,Master,307,110,,296,265
246,summoner-24449785,247,that808gamer,Master,307,91,,234,205
247,summoner-92610081,248,Gáme1234,Master,304,65,,301,226
248,summoner-63291,249,Sunset,Master,303,174,,784,744
249,summoner-36100051,250,DirtyMobs,Master,300,101,,386,349
250,summoner-42133105,251,GGEA Strompest,Master,320,69,,186,149
251,summoner-84389222,252,Meta,Master,296,66,,163,139
252,summoner-90782595,253,Judge Doom,Master,295,75,,163,131
253,summoner-19875787,254,Crab Battle,Master,295,56,,126,96
254,summoner-19296564,255,fwii,Master,294,104,,252,230
255,summoner-62374009,256,wlswlgkrprkwmdk,Master,294,53,,196,156
256,summoner-32909693,257,IVIODE,Master,293,88,,386,327
257,summoner-36400685,258,AIIorim,Master,293,105,,360,339
258,summoner-20687868,259,Gabex,Master,291,89,,281,237
259,summoner-62630267,260,KlonkGronkZonk,Master,290,88,,208,180
260,summoner-23350752,261,Zeyzal,Master,287,61,,174,146
261,summoner-56365425,262,Johnaay,Master,284,90,,178,145
262,summoner-61542283,263,huhi,Master,283,86,,243,217
263,summoner-23162732,264,Byeong Hoon Lee,Master,283,89,,222,200
264,summoner-66832087,265,sexyminou,Master,301,77,,302,270
265,summoner-31281326,266,MaGeRdAnGeR,Master,297,74,,196,169
266,summoner-20902946,267,Oppai God,Master,281,72,,181,153
267,summoner-45191640,268,ChadYasuoMain,Master,279,124,,224,192
268,summoner-25022297,269,Omot,Master,279,98,,112,77
269,summoner-95739079,270,0nxn,Master,279,35,,55,26
270,summoner-32392626,271,Dhokla,Master,277,97,,342,321
271,summoner-66929247,272,Liquid Joey,Master,277,73,,208,186
272,summoner-77489438,273,A Brand 1 Trick,Master,276,68,,195,166
273,summoner-70339477,274,Rapidx,Master,288,121,,553,519
274,summoner-20920347,275,H4xDefender,Master,271,83,,298,269
275,summoner-73136544,276,Feí,Master,269,81,,201,158
276,summoner-39877298,277,lae young,Master,267,53,,136,106
277,summoner-24449515,278,Savast,Master,263,106,,274,245
278,summoner-82950710,279,NA is a coinflip,Master,263,56,,101,71
279,summoner-21201241,280,Auberaun,Master,260,79,,192,162
280,summoner-95029399,281,lIIIlllIIllIlIlI,Master,259,42,,91,44
281,summoner-75111441,282,WSL Bae Bae,Master,255,116,,120,77
282,summoner-62240420,283,le fwii,Master,254,49,,94,24
283,summoner-44841787,284,MooseHater,Master,253,97,,291,273
284,summoner-38111839,285,Candice,Master,253,69,,226,197
285,summoner-40279866,286,Krmx,Master,253,72,,218,190
286,summoner-89909122,287,light b,Master,252,70,,149,116
287,summoner-23965783,288,Titan Dweevil,Master,251,111,,450,416
288,summoner-39561509,289,JuIius,Master,250,162,,791,764
289,summoner-82962549,290,10 IQ PLAYER,Master,250,98,,231,196
290,summoner-91270727,291,cute loli gf,Master,250,44,,127,73
291,summoner-25232745,292,TwTv ChaseShaco,Master,249,63,,176,150
292,summoner-36119978,293,Kazahana,Master,249,104,,175,150
293,summoner-57039082,294,boI4,Master,248,50,,151,124
294,summoner-88669121,295,Akaadian,Master,248,55,,74,43
295,summoner-92969097,296,Ruler CoreJJ,Master,246,47,,122,102
296,summoner-45186258,297,lc0nic,Master,245,70,,140,107
297,summoner-24793304,298,Roronoa Zary,Master,244,58,,171,138
298,summoner-40984753,299,GangstahSwerve,Master,244,43,,79,51
299,summoner-22789590,300,Nami Fish Hentai,Master,243,120,,194,162
300,summoner-21814281,301,TALON1V9,Master,243,56,,163,98
301,summoner-28432690,302,Zud,Master,240,88,,195,157
302,summoner-72903789,303,LimitTester,Master,239,46,,101,69
303,summoner-56797519,304,Kewlipo,Master,235,124,,484,455
304,summoner-1681,305,TCLB Robin NA,Master,233,100,,455,360
305,summoner-22991489,306,Tangularx,Master,243,99,,426,399
306,summoner-48321237,307,MouseArt,Master,226,167,,779,758
307,summoner-51758381,308,TN Vampire,Master,225,106,,212,138
308,summoner-70173009,309,Maiyatang,Master,224,258,,682,644
309,summoner-28943582,310,CP Freeze,Master,224,89,,311,274
310,summoner-91634369,311,Origami X,Master,223,56,,195,127
311,summoner-89190126,312,Toxic Vietnamese,Master,223,108,,148,111
312,summoner-77589227,313,Šœ  VIP  Šœ,Master,223,78,,140,99
313,summoner-22417049,314,Cuyo,Master,222,86,,261,239
314,summoner-42018127,315,Eclipseˉ,Master,222,65,,211,167
315,summoner-50638481,316,supercoolisaac,Master,222,134,,153,122
316,summoner-25005620,317,Mcbaze,Master,221,92,,378,345
317,summoner-518475,318,Cat Girl Sakuya,Master,221,60,,163,124
318,summoner-10077,319,scarra,Master,220,111,,547,527
319,summoner-34084652,320,I Dislike Solo Q,Master,220,55,,157,129
320,summoner-91329284,321,Sllfer,Master,220,42,,88,40
321,summoner-22447403,322,PrismaI,Master,218,93,,260,233
322,summoner-46062118,323,I Am Smexy,Master,218,64,,107,67
323,summoner-37094087,324,Ben9813,Master,218,45,,99,60
324,summoner-20694079,325,Day after day,Master,235,99,,427,407
325,summoner-45451524,326,Løst Boy,Master,217,103,,352,317
326,summoner-19715873,327,Gerardo Ortiz,Master,217,53,,130,95
327,summoner-74450973,328,Fiona So Cute,Master,216,94,,161,89
328,summoner-579475,329,dawolfsfang,Master,216,54,,159,138
329,summoner-46531569,330,iKinggVex,Master,215,167,,784,762
330,summoner-24877618,331,Vares,Master,213,122,,353,322
331,summoner-22775683,332,Zero Pressure xD,Master,213,66,,210,165
332,summoner-50928107,333,FEED SPLIT THROW,Master,213,62,,91,49
333,summoner-21003343,334,Wookin,Master,213,68,,83,51
334,summoner-43079579,335,My melody,Master,195,166,,194,165
335,summoner-22696988,336,TheOddOrange,Master,211,83,,210,186
336,summoner-31781756,337,Mac,Master,211,81,,208,145
337,summoner-24412033,338,Sexy Yaoi Prince,Master,210,107,,312,281
338,summoner-66241634,339,TwTv Vchee,Master,209,60,,244,149
339,summoner-94519219,340,xXxGodPlayerxXx,Master,226,48,,122,90
340,summoner-28781699,341,Shupian,Master,208,98,,173,144
341,summoner-45678930,342,MattyMooo,Master,202,113,,408,388
342,summoner-20123146,343,AND 1 AIDAN,Master,201,95,,309,278
343,summoner-48547745,344,Diamond Police,Master,201,93,,281,257
344,summoner-83282990,345,monkarS,Master,220,67,,198,170
345,summoner-88669168,346,Mid braum only,Master,201,41,,90,56
346,summoner-57302617,347,Dragonmin,Master,201,42,,67,22
347,summoner-43225114,348,Necroside,Master,200,94,,166,136
348,summoner-69129243,349,GDX,Master,200,131,,102,58
349,summoner-41335915,350,Sahatsu,Master,198,120,,256,230
350,summoner-80979709,351,Pants are JłZZ,Master,197,100,,299,273
351,summoner-21794465,352,chowdong,Master,197,70,,198,171
352,summoner-44594721,353,Zeroˉ,Master,196,130,,505,474
353,summoner-31383720,354,Terrified dog,Master,196,55,,167,133
354,summoner-70011915,355,moon b,Master,195,86,,268,235
355,summoner-31804039,356,oGoDs,Master,195,66,,125,99
356,summoner-52326216,357,papa croc romanm,Master,194,65,,223,192
357,summoner-38883756,358,luggindy,Master,189,72,,183,148
358,summoner-19470447,359,Minishcap1,Master,189,68,,128,101
359,summoner-22835956,360,RenektonTopOnly,Master,187,126,,625,582
360,summoner-29194631,361,Alicopter,Master,186,143,,505,484
361,summoner-22292020,362,CIyde,Master,163,118,,338,322
362,summoner-60615460,363,Charming Gay Guy,Master,186,55,,168,97
363,summoner-19906739,364,Virus,Master,185,92,,320,282
364,summoner-78739135,365,Feox,Master,185,60,,158,119
365,summoner-22858406,366,KAYLE OTP BABY,Master,164,129,,378,356
366,summoner-93579190,367,Pykeman,Master,182,43,,103,81
367,summoner-23245665,368,Scrandor,Master,181,122,,589,569
368,summoner-25285716,369,Haanii,Master,201,73,,119,90
369,summoner-68459235,370,Yuki S2,Master,180,118,,356,325
370,summoner-23723309,371,Ordinn,Master,180,87,,197,168
371,summoner-62605523,372,Resuna,Master,165,49,,142,74
372,summoner-432695,373,Lethal Zedster,Master,176,48,,129,106
373,summoner-22415968,374,Real Danijrm,Master,174,66,,264,222
374,summoner-50363420,375,duoshark1,Master,174,81,,207,185
375,summoner-20724263,376,Mozart The 2nd,Master,174,49,,115,75
376,summoner-38709082,377,Soju,Master,172,89,,284,248
377,summoner-92392897,378,A GR4SS,Master,172,64,,244,184
378,summoner-22073036,379,Breakbot,Master,170,108,,269,235
379,summoner-89031504,380,I worry,Master,170,57,,96,62
380,summoner-39933019,381,Taco,Master,169,61,,195,167
381,summoner-32556358,382,Gamer Girl,Master,168,108,,245,226
382,summoner-22058902,383,Flaresz,Master,167,55,,73,54
383,summoner-78771213,384,Tabulae,Master,166,57,,171,134
384,summoner-47005597,385,IWU Fizzi,Master,185,57,,154,94
385,summoner-30266347,386,Piggy Kitten,Master,165,154,,837,809
386,summoner-19777052,387,GeneralMint,Master,165,97,,270,247
387,summoner-28682326,388,wispe,Master,164,161,,408,378
388,summoner-35590582,389,Annie Bot,Master,123,196,,1012,988
389,summoner-41745040,390,Competition2,Master,163,202,,616,591
390,summoner-43873947,391,Boyyyyyyyyyyyyyy,Master,163,89,,110,87
391,summoner-22639840,392,Bryanmanlet,Master,162,84,,242,206
392,summoner-40655603,393,Copari,Master,161,85,,204,181
393,summoner-50453166,394,Boosted bot,Master,160,223,,1252,1224
394,summoner-31213574,395,Swkeeee,Master,160,143,,245,207
395,summoner-45164529,396,KANGSEUNGLOKSFAN,Master,158,80,,167,143
396,summoner-21107682,397,Hillside Boys,Master,157,168,,689,647
397,summoner-88109144,398,Bardly Missed,Master,176,98,,513,461
398,summoner-20112175,399,Rohammers,Master,157,111,,484,467
399,summoner-82789170,400,TL Cain,Master,157,68,,268,234
400,summoner-21978925,401,SlapPorkChop,Master,157,79,,225,203
401,summoner-390600,402,Meteos,Master,157,94,,178,151
402,summoner-69883340,403,iwhenzhou,Master,155,145,,190,163
403,summoner-45126443,404,Jg2,Master,154,80,,361,336
404,summoner-19061980,405,Lourlo,Master,154,99,,240,208
405,summoner-95699530,406,Con sentiment,Master,154,43,,99,41
406,summoner-47212115,407,Tactical,Master,153,93,,248,224
407,summoner-23624997,408,Evop,Master,153,51,,184,125
408,summoner-24391662,409,was good in s6,Master,170,107,,369,345
409,summoner-20132258,410,Doublelift,Master,152,78,,142,119
410,summoner-76832011,411,XChanX,Master,152,70,,129,95
411,summoner-56614125,412,ibara2,Master,150,93,,338,300
412,summoner-492066,413,SimplyHai,Master,150,85,,280,259
413,summoner-32178528,414,Weeknd,Master,149,91,,366,344
414,summoner-84509505,415,GGEA eThug,Master,151,77,,150,121
415,summoner-87599515,416,Raverboy,Master,147,111,,256,226
416,summoner-29699937,417,Kholin,Master,147,52,,153,123
417,summoner-38841069,418,Ikzencriel,Master,146,128,,540,520
418,summoner-19663548,419,TwTvTastyPotatox,Master,146,73,,232,198
419,summoner-21728063,420,tebomb2,Master,145,44,,63,28
420,summoner-70359148,421,Tony Supp,Master,144,75,,216,202
421,summoner-27809820,422,jbraggs,Master,143,133,,489,466
422,summoner-442232,423,aphromoo,Master,143,217,,362,344
423,summoner-48318695,424,nxi,Master,143,69,,175,135
424,summoner-77003254,425,footnote,Master,142,49,,125,71
425,summoner-30107400,426,BlueHole,Master,141,86,,159,90
426,summoner-21189658,427,jakobjames,Master,141,58,,63,37
427,summoner-51075422,428,Hopefulqt,Master,140,96,,236,206
428,summoner-50185236,429,xFSN Sakura,Master,140,51,,102,70
429,summoner-28299232,430,Anderz,Master,139,98,,196,165
430,summoner-32576527,431,Danwel,Master,137,117,,471,447
431,summoner-50493444,432,Coltre,Master,137,165,,97,60
432,summoner-78059635,433,MACACO,Master,135,91,,236,206
433,summoner-20640052,434,XPsionicsx,Master,135,73,,226,202
434,summoner-27381932,435,chepa candela,Master,133,93,,366,346
435,summoner-75281603,436,Catria,Master,133,110,,225,194
436,summoner-23213125,437,mimi styIe,Master,133,114,,83,59
437,summoner-35703236,438,PieCakeLord,Master,132,106,,473,455
438,summoner-19725432,439,riste,Master,130,167,,722,693
439,summoner-44946228,440,ˆTwice Sanaˆ,Master,148,95,,146,117
440,summoner-35400880,441,AxelsFinalFlame,Master,130,66,,139,115
441,summoner-89382678,442,UBCKNIFE,Master,130,46,,134,83
442,summoner-82759189,443,Mar de Copas,Master,129,94,,303,281
443,summoner-90811612,444,TwTv 6ixgodmemes,Master,127,53,,116,64
444,summoner-28840804,445,Dr Saline PhD,Master,125,95,,410,380
445,summoner-30936371,446,Jayms,Master,125,67,,162,149
446,summoner-31687588,447,Freeze,Master,125,60,,99,76
447,summoner-24153216,448,TwTvJakehoffmann,Master,141,104,,484,427
448,summoner-92659418,449,beat saber main,Master,123,45,,116,89
449,summoner-39957695,450,røvex,Master,122,107,,480,470
450,summoner-50521814,451,VelIeity,Master,122,119,,442,383
451,summoner-26712726,452,OFFLINETV REJECT,Master,122,61,,212,186
452,summoner-51153743,453,Unreal Player,Master,120,49,,197,86
453,summoner-29770257,454,Giraffe Hugs,Master,120,82,,139,116
454,summoner-43276966,455,Eric Zhao,Master,118,97,,227,193
455,summoner-46354722,456,Oricorio,Master,118,104,,194,168
456,summoner-49013115,457,DeadlyTwitches,Master,117,119,,179,153
457,summoner-22341069,458,please plan ahea,Master,107,55,,171,135
458,summoner-37341012,459,Zykoˉ,Master,116,101,,302,273
459,summoner-77269277,460,it viper,Master,116,100,,284,272
460,summoner-91729110,461,CG Febiven,Master,115,81,,252,212
461,summoner-61925463,462,Wixxi,Master,115,95,,185,153
462,summoner-21955448,463,Zuardian,Master,114,127,,472,447
463,summoner-25276169,464,argv,Master,114,102,,281,250
464,summoner-45038172,465,Sir Celery,Master,114,104,,188,164
465,summoner-22180208,466,Chasing Summer,Master,114,75,,105,86
466,summoner-23467785,467,WARMACHINE HYPER,Master,113,214,,700,678
467,summoner-25367460,468,Mnew,Master,112,82,,214,185
468,summoner-19285521,469,ColombiaParce,Master,111,95,,330,307
469,summoner-51473426,470,Repobah,Master,111,165,,301,271
470,summoner-31632622,471,XsYz,Master,111,69,,182,161
471,summoner-91601980,472,llIIllIIlll,Master,111,54,,147,109
472,summoner-25078968,473,TheOddTurtle,Master,109,96,,296,269
473,summoner-47647040,474,BestInTown,Master,108,46,,104,64
474,summoner-21905240,475,I Have Sisu,Master,107,126,,647,623
475,summoner-19199530,476,Xpecial,Master,107,88,,198,177
476,summoner-30372420,477,Shimatora,Master,106,121,,316,287
477,summoner-20577176,478,ooo la la,Master,106,86,,220,191
478,summoner-37532228,479,byebyee,Master,105,105,,268,234
479,summoner-28329959,480,Zib Nibbler,Master,105,70,,123,95
480,summoner-27282584,481,KOGMAWWWWW,Master,104,103,,473,446
481,summoner-92659402,482,Yubi,Master,104,38,,63,47
482,summoner-19887289,483,Imaqtpie,Master,107,172,,838,815
483,summoner-32005448,484,Pros,Master,103,74,,205,178
484,summoner-20611031,485,An Obese Panda,Master,123,99,,138,115
485,summoner-39003930,486,어쩌면,Master,101,98,,228,201
486,summoner-20414291,487,Protòtype,Master,100,163,,840,792
487,summoner-29593986,488,Èssence,Master,84,115,,405,381
488,summoner-53801673,489,Dziarmaga,Master,100,71,,241,211
489,summoner-63668454,490,Desired Game,Master,100,52,,199,102
490,summoner-36512012,491,Body Those Fools,Master,99,92,,147,121
491,summoner-34951738,492,Super Limp Díck,Master,99,67,,126,102
492,summoner-31588136,493,CLG Auto,Master,97,100,,450,421
493,summoner-138243,494,Kimchi the Cat,Master,97,137,,439,410
494,summoner-37278467,495,Cyrano,Master,97,135,,253,228
495,summoner-28909573,496,tiltmaster123,Master,97,59,,204,172
496,summoner-19594516,497,Tainted By LoL,Master,96,95,,319,292
497,summoner-60930238,498,ImASuperNiceGuy,Master,95,120,,209,182
498,summoner-23941212,499,toez1,Master,94,64,,182,154
499,summoner-24399368,500,KingGeorgie,Master,93,152,,391,366
500,summoner-80301228,501,Godspica,Master,93,69,,166,141
501,summoner-49943354,502,Dekar,Master,93,49,,148,118
502,summoner-40846506,503,Gavotto,Master,93,51,,129,102
503,summoner-86839671,504,Swifte1,Master,93,44,,103,55
504,summoner-20978232,505,ItsYourChoice,Master,91,109,,393,368
505,summoner-51094671,506,Eivu,Master,91,84,,336,308
506,summoner-26785144,507,콘돔꺼내기,Master,91,71,,176,153
507,summoner-35336480,508,Outclass,Master,90,107,,397,376
508,summoner-22476330,509,Minah,Master,90,95,,236,223
509,summoner-83709100,510,KhaliDino,Master,89,135,,562,532
510,summoner-77729240,511,LohpalIy,Master,89,86,,257,233
511,summoner-22304250,512,Hot Ruffles,Master,88,67,,174,124
512,summoner-57539102,513,sesamo,Master,88,68,,136,113
513,summoner-95729083,514,Known Dicer,Master,78,40,,79,54
514,summoner-28454336,515,DarkX,Master,55,134,,468,443
515,summoner-66879182,516,Dilena Dimitrova,Master,87,106,,340,312
516,summoner-35702501,517,cokes,Master,87,99,,273,246
517,summoner-24598046,518,time time time,Master,87,52,,130,98
518,summoner-38334154,519,Shmekek,Master,67,100,,202,172
519,summoner-34042136,520,Sayonaraaaaa,Master,86,59,,151,128
520,summoner-23890102,521,YoItsK,Master,85,139,,454,424
521,summoner-40432671,522,refiningg,Master,85,47,,128,80
522,summoner-60745150,523,InvladName,Master,66,141,,428,407
523,summoner-37145047,524,Gli,Master,84,108,,224,202
524,summoner-32004867,525,Alexandtheo,Master,84,77,,132,107
525,summoner-55815684,526,Deweyyy,Master,84,129,,113,80
526,summoner-71661569,527,Spin,Master,83,169,,247,216
527,summoner-76920234,528,Comminatory,Master,83,48,,67,32
528,summoner-23702362,529,xRequiem,Master,80,87,,200,176
529,summoner-19976104,530,Kkeptt,Master,80,52,,165,103
530,summoner-30045762,531,Kumo9,Master,69,94,,329,296
531,summoner-76912916,532,Rose Queen,Master,58,124,,334,292
532,summoner-20001980,533,BenjiStax,Master,77,65,,208,182
533,summoner-53339424,534,MeIo,Master,75,98,,305,251
534,summoner-72379811,535,James Jeongˉ,Master,96,74,,272,222
535,summoner-90593491,536,Carthage,Master,75,67,,190,160
536,summoner-54845887,537,kyroo1,Master,75,108,,173,144
537,summoner-50247046,538,nadox,Master,73,89,,506,443
538,summoner-23769101,539,Wazabiee,Master,72,96,,310,281
539,summoner-38384168,540,SaltwaterScourge,Master,72,105,,237,209
540,summoner-78670850,541,twtv Lohpally,Master,71,86,,286,260
541,summoner-35095512,542,Enrique5pe,Master,71,77,,249,215
542,summoner-67709962,543,LostFizz,Master,70,129,,291,244
543,summoner-34865135,544,Tadae,Master,54,91,,253,216
544,summoner-90839081,545,IIllIlIlIlIIIlll,Master,70,73,,221,201
545,summoner-90342456,546,Tyto alba alba,Master,70,65,,186,141
546,summoner-19139093,547,Redmercy,Master,70,68,,179,154
547,summoner-38091945,548,Zenden,Master,71,67,,200,174
548,summoner-75209208,549,Purrple Socks,Master,68,101,,368,339
549,summoner-47442009,550,OvO Memes,Master,68,115,,337,320
550,summoner-28948871,551,Fun Carnage,Master,68,86,,237,216
551,summoner-46560088,552,DeDrater,Master,68,52,,145,107
552,summoner-91655533,553,chicken and rice,Master,67,49,,145,83
553,summoner-48443712,554,ChaosRain,Master,65,130,,479,452
554,summoner-34983603,555,Licorice,Master,64,69,,79,59
555,summoner-20220845,556,Nikkone,Master,62,95,,208,192
556,summoner-51046657,557,freyhacks,Master,62,68,,176,138
557,summoner-48211258,558,Spºoky,Master,62,90,,126,102
558,summoner-36447212,559,AsianSGpotato,Master,61,122,,107,85
559,summoner-34961913,560,Dark Nostalgicee,Master,60,82,,343,306
560,summoner-77191631,561,Kítzuo,Master,60,99,,334,296
561,summoner-45520517,562,ioki,Master,60,100,,256,221
562,summoner-44116382,563,7500dollar,Master,58,73,,264,189
563,summoner-23414336,564,Went,Master,58,49,,139,93
564,summoner-88059115,565,eGirl cosplay,Master,58,47,,135,97
565,summoner-37370762,566,Im Avi,Master,58,43,,105,50
566,summoner-49089505,567,Solitified,Master,57,146,,372,323
567,summoner-78430986,568,Tony Mid,Master,57,73,,314,264
568,summoner-41989378,569,Lx1angTNT,Master,57,52,,122,96
569,summoner-20794181,570,vStarzzz,Master,56,120,,483,460
570,summoner-85339564,571,JB hai,Master,56,97,,179,149
571,summoner-31925096,572,OSTRlCH,Master,55,101,,247,212
572,summoner-19979141,573,Was Fun,Master,55,82,,192,167
573,summoner-19806051,574,Str1fe,Master,55,89,,181,165
574,summoner-24801053,575,gLucy,Master,54,94,,132,111
575,summoner-30709643,576,Jazzawhitz,Master,54,55,,110,79
576,summoner-81859355,577,pandapants363,Master,54,41,,95,46
577,summoner-41643804,578,Vakin,Master,52,133,,366,345
578,summoner-36776514,579,Reza Y Dispara,Master,52,49,,145,90
579,summoner-35778585,580,Nimdle,Master,51,82,,185,160
580,summoner-29317015,581,cheisu,Master,51,64,,107,83
581,summoner-35122558,582,ChaseShaco,Master,50,61,,152,124
582,summoner-22742359,583,Magi1234,Master,50,92,,108,89
583,summoner-92949232,584,L 5 22 9,Master,49,92,,482,419
584,summoner-47066009,585,ądc,Master,49,94,,199,163
585,summoner-48556616,586,DLQQ  418640110,Master,49,58,,97,67
586,summoner-19267108,587,Panunu,Master,46,90,,185,161
587,summoner-75169835,588,Prødigious,Master,46,55,,159,122
588,summoner-50759303,589,IWCrackinate,Master,46,55,,122,97
589,summoner-20312461,590,Felfire,Master,45,109,,358,334
590,summoner-19353105,591,Rekeri,Master,44,79,,227,201
591,summoner-92009905,592,show us de way,Master,44,50,,123,68
592,summoner-32016710,593,Noobkiller291,Master,42,112,,276,260
593,summoner-83262877,594,SkinnierJGWins,Master,42,61,,194,176
594,summoner-45101564,595,dmario7,Master,41,88,,453,429
595,summoner-19804632,596,Forest Within,Master,41,84,,438,363
596,summoner-30314638,597,DarkWingsForSale,Master,41,82,,175,154
597,summoner-23887566,598,CookiesforSanta,Master,41,86,,102,77
598,summoner-21289125,599,Łast Hit,Master,22,101,,136,110
599,summoner-325903,600,Aglow,Master,39,93,,205,179
600,summoner-30575166,601,Locke Lamora,Master,38,133,,315,293
601,summoner-27931416,602,PDS Zelt,Master,38,89,,286,271
602,summoner-19599117,603,Bes,Master,38,106,,228,206
603,summoner-80670380,604,Týler,Master,38,146,,166,140
604,summoner-19758519,605,MU Wolfe,Master,37,84,,193,171
605,summoner-51678063,606,dumpa,Master,17,98,,306,278
606,summoner-23157360,607,PhillyFan,Master,35,111,,223,204
607,summoner-67872603,608,Kailhua,Master,35,81,,161,134
608,summoner-25599243,609,WsT Goxtry,Master,15,69,,139,123
609,summoner-21456134,610,say bye,Master,35,93,,75,55
610,summoner-65821215,611,i will make it,Master,34,64,,142,113
611,summoner-89259289,612,Bobbyˉ,Master,34,125,,103,75
612,summoner-19537654,613,DEMIGOD,Master,33,126,,283,212
613,summoner-91749086,614,fear guilt greed,Master,33,64,,172,150
614,summoner-67119126,615,BrownManDarius 2,Master,32,110,,459,421
615,summoner-43631740,616,Agent Frost,Master,32,203,,372,336
616,summoner-43774722,617,Nathaniel Mcgee,Master,32,108,,276,249
617,summoner-90610341,618,only a feeling,Master,32,48,,108,75
618,summoner-45668239,619,KillerUnit,Master,31,136,,453,436
619,summoner-32627897,620,Potty,Master,31,112,,315,282
620,summoner-29653038,621,Winfield,Master,31,96,,153,132
621,summoner-50983694,622,OpenBaepack,Master,31,60,,124,92
622,summoner-92273259,623,mid 3,Master,28,93,,493,441
623,summoner-21343018,624,kek pepe,Master,28,87,,284,257
624,summoner-40758939,625,Dgkano,Master,28,104,,231,207
625,summoner-77350765,626,Zentinel,Master,28,60,,88,63
626,summoner-27291302,627,Twtv Hanjarolol,Master,30,174,,820,795
627,summoner-23855467,628,Shorthop,Master,27,112,,284,250
628,summoner-24292975,629,CHOKE ME 002,Master,27,78,,268,218
629,summoner-20813251,630,Moelester Squad,Master,26,110,,373,355
630,summoner-28879653,631,Fiddle Jungle,Master,26,85,,224,198
631,summoner-22922261,632,yak0,Master,26,60,,107,86
632,summoner-76019310,633,Bulgarian Legend,Master,26,43,,103,68
633,summoner-49660821,634,Ducks Of Swag,Master,25,108,,272,245
634,summoner-89060974,635,uninspired tool,Master,25,47,,86,57
635,summoner-21390175,636,Branch of Fate,Master,46,109,,429,395
636,summoner-41213210,637,DrewDozer,Master,23,115,,313,273
637,summoner-35570736,638,camtheham,Master,23,72,,157,130
638,summoner-85640077,639,LeEpicMemerino,Master,39,97,,269,247
639,summoner-40661961,640,The Tank Man,Master,21,99,,339,309
640,summoner-60181263,641,MaRiTiMuS,Master,21,107,,282,256
641,summoner-46385711,642,Treysh,Master,21,98,,176,157
642,summoner-19617276,643,OPW,Master,21,57,,112,94
643,summoner-36761613,644,walang elo,Master,20,89,,264,245
644,summoner-50731308,645,ShrektangIe,Master,1,97,,234,203
645,summoner-78650221,646,GIVE ZWAG MID,Master,20,67,,231,189
646,summoner-94849180,647,Ryleo,Master,20,49,,145,88
647,summoner-20755388,648,TFW Shupian,Master,20,70,,128,90
648,summoner-22129599,649,pick lulu or int,Master,20,40,,91,43
649,summoner-19661419,650,HoloLO2,Master,20,43,,89,44
650,summoner-22192687,651,Gweiss,Master,36,156,,457,445
651,summoner-25328716,652,W0RK HARDER,Master,19,104,,435,416
652,summoner-34563833,653,Clasiik,Master,19,125,,406,380
653,summoner-19673077,654,Yoshi,Master,19,98,,315,295
654,summoner-34225884,655,Blazed Nova,Master,18,121,,351,323
655,summoner-39642481,656,Beyoutiful,Master,18,128,,154,134
656,summoner-20131827,657,Frostalicious,Master,18,60,,80,60
657,summoner-20350623,658,Guess da number,Master,17,94,,297,276
658,summoner-50208688,659,TC porsche,Master,17,104,,109,70
659,summoner-20400026,660,Tèmpo,Master,16,103,,391,364
660,summoner-31440065,661,PRoHAppyCAmper,Master,15,77,,223,194
661,summoner-91647488,662,LL Justice,Master,14,66,,205,155
662,summoner-88702082,663,IlllIlIIIIII,Master,14,57,,151,129
663,summoner-58608963,664,My First Love,Master,13,121,,155,131
664,summoner-75169605,665,twitchtv Eoba,Master,13,58,,134,98
665,summoner-20886395,666,BeNice2EachOther,Master,12,97,,243,214
666,summoner-35422510,667,The Kinjaz,Master,12,142,,140,102
667,summoner-50576811,668,its ok to be sad,Master,12,49,,82,58
668,summoner-265174,669,Thien Chau1,Master,11,79,,298,272
669,summoner-21701239,670,bobqinXD,Master,11,58,,138,115
670,summoner-19979867,671,boom u dead,Master,34,87,,155,121
671,summoner-64793095,672,Ttv fwiizone,Master,10,50,,44,13
672,summoner-46702979,673,Redrouger,Master,9,130,,459,414
673,summoner-47692546,674,HumanCentipedes,Master,9,75,,207,188
674,summoner-34109087,675,Rem,Master,9,83,,194,173
675,summoner-43083155,676,Meals,Master,8,85,,112,84
676,summoner-45795786,677,Veiv,Master,7,138,,481,452
677,summoner-67089674,678,DLQQ 459680082,Master,6,48,,117,84
678,summoner-30184991,679,Big Daddy Ed,Master,0,121,,660,631
679,summoner-27476501,680,Joju,Master,4,134,,453,437
680,summoner-91959940,681,Thats Not Fervor,Master,4,69,,177,123
681,summoner-94189199,682,pu capable,Master,2,79,,359,338
682,summoner-59991269,683,Neko Nico Nii,Master,2,63,,213,174
683,summoner-21629269,684,Beny,Master,1,60,,140,115
684,summoner-53310208,685,JUYOUSO,Master,0,196,,1094,1026
685,summoner-74699197,686,Myn Dosa,Master,0,147,,652,631
686,summoner-89259101,687,SON OF KILLY,Master,0,115,,557,533
687,summoner-75649166,688,Disagre3,Master,0,150,,522,504
688,summoner-24724018,689,Willie fkn P,Master,0,79,,399,354
689,summoner-39833053,690,Chase Kip,Master,0,139,,391,366
690,summoner-30453138,691,topsologg,Master,0,124,,389,367
691,summoner-32355,692,AquaBlue,Master,18,110,,385,362
692,summoner-24762213,693,Devolve,Master,0,127,,379,325
693,summoner-22178565,694,Swoofyy,Master,44,90,,372,334
694,summoner-35261170,695,DoughnutDrew,Master,0,129,,356,339
695,summoner-23679160,696,Barry Buggles,Master,0,127,,356,322
696,summoner-32360751,697,Frostynomad,Master,0,93,,355,337
697,summoner-40242205,698,Shalissa,Master,0,105,,354,323
698,summoner-37091701,699,sad idiot loser,Master,0,162,,350,328
699,summoner-27664334,700,Rëol,Master,0,100,,330,306
700,summoner-31209421,701,Captain Nuke,Master,0,87,,310,294
701,summoner-25354620,702,Do u kno da whey,Master,0,77,,307,282
702,summoner-42239629,703,NoticedMeSenpai,Master,0,111,,283,260
703,summoner-35293242,704,Paratendo,Master,0,114,,279,254
704,summoner-31233054,705,THE Jons,Master,0,90,,271,249
705,summoner-76463232,706,CLG Ravey,Master,0,72,,252,229
706,summoner-129380,707,steeleye70,Diamond 1,50,85,,248,238
707,summoner-20032190,708,VanillaHomocide,Master,0,136,,245,220
708,summoner-53152792,709,The Crab Hunter,Master,0,104,,243,216
709,summoner-38089165,710,SETNAVREC,Master,0,100,,235,213
710,summoner-28640868,711,PandaSean,Master,0,84,,224,183
711,summoner-20832166,712,Chubymonkey,Master,0,78,,217,194
712,summoner-91969888,713,I Cook You Pay,Master,0,71,,209,152
713,summoner-21092237,714,Screamer,Master,0,89,,206,191
714,summoner-47772583,715,A Noisy Aunt,Master,0,93,,192,159
715,summoner-35219566,716,Inteare hasta D5,Master,0,63,,182,168
716,summoner-48310516,717,Pyeong Chang,Master,0,74,,174,145
717,summoner-89039212,718,Internecinus,Master,0,232,,174,129
718,summoner-31291239,719,Akeelo,Master,0,67,,164,136
719,summoner-92539882,720,Kaisa player1,Master,0,48,,149,92
720,summoner-39480396,721,A Ganker,Master,0,82,,138,111
721,summoner-34665452,722,Tomoebi,Master,0,106,,132,106
722,summoner-45660180,723,Horseie,Master,18,68,,132,106
723,summoner-21705406,724,Link,Master,0,57,,129,104
724,summoner-23450268,725,GTL,Master,0,72,,126,88
725,summoner-42762376,726,peaceminusøne,Master,0,64,,119,77
726,summoner-39630512,727,davidroo,Master,0,78,,119,99
727,summoner-93269098,728,decentplayer53,Master,0,46,,118,87
728,summoner-35798660,729,Plabatey,Master,0,90,,118,96
729,summoner-40017716,730,Choisix,Master,0,58,,116,86
730,summoner-45000894,731,k2c,Master,0,57,,116,96
731,summoner-85660385,732,mental boomin,Master,0,45,,113,84
732,summoner-375919,733,toez,Master,0,53,,108,92
733,summoner-94390722,734,lobzik005,Master,0,49,,107,63
734,summoner-46127893,735,NoMercy,Diamond 1,50,48,,94,79
735,summoner-44512813,736,Nickchiponfire,Master,0,125,,91,63
736,summoner-90679261,737,bagelbrother71,Master,0,64,,83,57
737,summoner-21957142,738,dog2 mf,Master,0,41,,81,51
738,summoner-564332,739,wow nice meta,Master,0,40,,76,35
739,summoner-26204099,740,DeadSockGuy,Master,0,35,,61,16
740,summoner-52081339,741,SLappY NasTy,Master,0,35,,61,16
741,summoner-44989337,742,C9 Gun,Master,0,41,,47,19
742,summoner-79940819,743,ps 01,Diamond 1,100,102,,489,468
743,summoner-25312572,744,a Pokeball,Diamond 1,100,131,,474,449
744,summoner-47219230,745,Hi im Trixter,Diamond 1,100,96,,344,321
745,summoner-29602532,746,CoreTienZ,Diamond 1,100,109,,337,319
746,summoner-20510650,747,oO Scorpz Oo,Diamond 1,100,96,,329,301
747,summoner-40159363,748,02012017,Diamond 1,100,78,,308,265
748,summoner-37801989,749,Celentia,Diamond 1,100,90,,298,272
749,summoner-21998704,750,Birds cant fly,Diamond 1,100,102,,294,270
750,summoner-20262759,751,Enryoo,Diamond 1,100,88,,285,256
751,summoner-20139406,752,Marshed,Diamond 1,100,142,,282,257
752,summoner-19161840,753,Arthin,Diamond 1,100,143,,269,247
753,summoner-24705131,754,August 12,Diamond 1,100,68,,247,223
754,summoner-40036262,755,TF Blade,Diamond 1,100,72,,241,185
755,summoner-30831157,756,SGP Crustaoy,Diamond 1,100,100,,229,204
756,summoner-58272296,757,Ari Why,Diamond 1,100,120,,227,206
757,summoner-50791128,758,Zahnet,Diamond 1,100,99,,213,188
758,summoner-21214027,759,Shawner,Diamond 1,100,110,,204,185
759,summoner-22079480,760,Boyfriend,Diamond 1,100,76,,201,185
760,summoner-26786246,761,Dawn Bréak,Master,0,72,,199,171
761,summoner-37827053,762,KiNG Nidhogg,Diamond 1,100,84,,186,165
762,summoner-25117400,763,Kiryu Moeka,Diamond 1,100,73,,167,125
763,summoner-21399577,764,Tentacool,Diamond 1,100,56,,156,137
764,summoner-92329083,765,StrongHuni,Diamond 1,92,53,,149,112
765,summoner-29535209,766,A Good Sir,Diamond 1,100,80,,146,123
766,summoner-19969614,767,ExecutionerK,Diamond 1,100,58,,140,119
767,summoner-34603011,768,Aavhin,Diamond 1,100,98,,138,111
768,summoner-81041277,769,Myth of Bulgaria,Diamond 1,100,46,,119,82
769,summoner-19128116,770,yade or yade,Diamond 1,100,63,,101,80
770,summoner-24982864,771,S8 TOP 3 LCS ADC,Diamond 1,100,56,,97,69
771,summoner-25885129,772,Dinosaurus,Diamond 1,100,72,,93,71
772,summoner-54719803,773,luckylark,Diamond 1,82,40,,93,53
773,summoner-47564545,774,North KR Veigar,Diamond 1,100,44,,86,49
774,summoner-34753465,775,Ayukura,Diamond 1,100,48,,78,57
775,summoner-48991794,776,Jas,Diamond 1,100,45,,75,49
776,summoner-20678849,777,I onIy Top,Diamond 1,100,65,,75,56
777,summoner-95139141,778,eydflt,Diamond 1,100,39,,71,46
778,summoner-27726049,779,Methazine,Diamond 1,100,37,,60,16
779,summoner-536071,780,StarWhale,Diamond 1,100,40,,54,24
780,summoner-38384984,781,Ez Tangerine,Diamond 1,99,79,,248,215
781,summoner-141846,782,illlllliiiiiiii,Diamond 1,98,52,,190,140
782,summoner-76939686,783,bão zi,Diamond 1,98,123,,117,77
783,summoner-22394277,784,Quy Dep Trai,Diamond 1,97,107,,422,394
784,summoner-32319695,785,Äye,Diamond 1,97,68,,161,42
785,summoner-81859385,786,Ineedtogetbetter,Diamond 1,97,66,,132,111
786,summoner-20203681,787,JoopsaKid,Diamond 1,97,68,,130,105
787,summoner-47189094,788,Aconda,Diamond 1,97,83,,66,44
788,summoner-20227573,789,BukZacH,Diamond 1,95,97,,367,353
789,summoner-38911306,790,NotBaka,Diamond 1,95,90,,292,270
790,summoner-19592869,791,zhúang,Diamond 1,95,70,,143,125
791,summoner-23556001,792,PandaBaozi,Diamond 1,95,72,,135,114
792,summoner-19453586,793,Im so nusty,Diamond 1,95,62,,130,104
793,summoner-64972786,794,Day 31,Diamond 1,94,99,,271,241
794,summoner-68110234,795,ZADDY K THE THUG,Diamond 1,72,56,,103,80
795,summoner-20602165,796,Lets Win This,Diamond 1,94,73,,95,72
796,summoner-34057485,797,Routé,Diamond 1,94,73,,58,42
797,summoner-34469363,798,forever muted,Diamond 1,93,139,,573,554
798,summoner-45486965,799,Invade at lvl18,Diamond 1,92,73,,231,170
799,summoner-90331209,800,La Voix Junior,Diamond 1,92,66,,137,96
800,summoner-21645177,801,Ricominciare,Diamond 1,92,50,,90,51
801,summoner-30563611,802,Chou Tzuyuu,Diamond 1,91,164,,327,313
802,summoner-19838545,803,Moontail,Diamond 1,91,59,,183,142
803,summoner-24879976,804,iNerto,Diamond 1,90,87,,426,363
804,summoner-20037104,805,ShizzleD94,Diamond 1,90,76,,298,273
805,summoner-21623482,806,raroraro,Diamond 1,90,102,,248,215
806,summoner-20024227,807,Romanium,Diamond 1,90,94,,238,220
807,summoner-76602920,808,Snackbar123,Diamond 1,90,78,,210,187
808,summoner-446965,809,Ablazeolive,Diamond 1,90,72,,194,166
809,summoner-89579226,810,Zarashii,Diamond 1,90,81,,148,110
810,summoner-24550000,811,TherapyTrance,Diamond 1,90,54,,140,117
811,summoner-37356075,812,mac diller,Diamond 1,90,69,,131,105
812,summoner-43197599,813,Sharp and Cold,Diamond 1,90,46,,124,66
813,summoner-20785373,814,top lane eboy,Diamond 1,90,56,,112,87
814,summoner-75949134,815,go barpo,Diamond 1,90,48,,112,80
815,summoner-40938801,816,ioan,Diamond 1,90,93,,103,89
816,summoner-39028853,817,Kaipop,Diamond 1,90,71,,91,62
817,summoner-22190336,818,Zenoncas,Diamond 1,90,59,,89,68
818,summoner-32459532,819,Cárpe Diem,Diamond 1,90,60,,83,69
819,summoner-34771983,820,Diivinity,Diamond 1,90,48,,78,58
820,summoner-95190847,821,Rist,Diamond 1,90,37,,77,34
821,summoner-460518,822,Holy Serenity,Diamond 1,90,51,,72,49
822,summoner-65239176,823,Sejanus,Diamond 1,90,67,,45,20
823,summoner-19761072,824,Xmithie,Diamond 1,89,70,,110,91
824,summoner-93731193,825,NILES 1V9,Diamond 1,89,43,,100,52
825,summoner-64199965,826,Youuuuuuuuuuuuu,Diamond 1,89,66,,86,60
826,summoner-19068435,827,Midorima,Diamond 1,100,131,,498,480
827,summoner-19188557,828,Aurelıon sol,Diamond 1,70,74,,336,267
828,summoner-25880450,829,Dreamland,Diamond 1,88,81,,166,138
829,summoner-21938181,830,NotJamesDing,Diamond 1,88,58,,134,102
830,summoner-37832463,831,Eitori,Diamond 1,88,66,,134,113
831,summoner-30622607,832,Z9 Bánh Tiêu,Diamond 1,88,103,,111,92
832,summoner-49389151,833,Bíshop,Diamond 1,87,114,,401,357
833,summoner-20429469,834,Adrian Riven,Diamond 1,87,112,,355,323
834,summoner-23202624,835,METAL CHOCOB0,Diamond 1,87,86,,236,208
835,summoner-46316160,836,yandere suzy,Diamond 1,87,65,,225,199
836,summoner-21836856,837,xFSN Rin,Diamond 1,70,72,,199,183
837,summoner-19134540,838,Voyboy,Diamond 1,68,147,,622,608
838,summoner-21451895,839,Namê,Diamond 1,86,141,,534,514
839,summoner-21332662,840,Masterý,Diamond 1,86,139,,383,358
840,summoner-38886417,841,DuskDust,Diamond 1,86,88,,237,217
841,summoner-22220672,842,RiceLegend,Diamond 1,100,72,,232,211
842,summoner-39181040,843,DorkLS,Diamond 1,86,96,,163,141
843,summoner-21861110,844,TyÌer,Diamond 1,86,76,,119,92
844,summoner-85191060,845,d0g man,Diamond 1,70,43,,110,64
845,summoner-19882392,846,Itsfwii,Diamond 1,86,45,,65,39
846,summoner-53094540,847,Notzu,Diamond 1,85,144,,179,159
847,summoner-92979098,848,iam THATT,Diamond 1,85,35,,50,26
848,summoner-35368931,849,2K games jungler,Diamond 1,84,177,,1062,1027
849,summoner-19723788,850,Mozzyy,Diamond 1,84,109,,360,336
850,summoner-52282689,851,Çhançe,Diamond 1,84,114,,294,250
851,summoner-66423914,852,IceCreamPaintJob,Diamond 1,84,115,,204,177
852,summoner-30307001,853,Turc,Diamond 1,83,87,,200,184
853,summoner-42172450,854,Williammm,Diamond 1,84,90,,129,110
854,summoner-78593412,855,MelonMan32,Diamond 1,84,48,,121,85
855,summoner-37327350,856,Bryce Walker,Diamond 1,84,43,,119,66
856,summoner-68469260,857,B0dydrop,Diamond 1,84,56,,100,70
857,summoner-23296106,858,Recommisioner,Diamond 1,84,51,,94,68
858,summoner-21429782,859,Exchangé,Diamond 1,83,143,,522,507
859,summoner-168921,860,sakurafloret,Diamond 1,83,47,,117,75
860,summoner-66331512,861,jtao143554,Diamond 1,66,108,,365,294
861,summoner-23702061,862,Mikhail Tal,Diamond 1,82,96,,297,261
862,summoner-91633366,863,RF Legendaddy,Diamond 1,82,57,,146,115
863,summoner-43259524,864,Kzykendy,Diamond 1,81,98,,246,223
864,summoner-90143499,865,Optimal gameplay,Diamond 1,81,83,,230,168
865,summoner-69669605,866,VCc,Diamond 1,80,133,,295,260
866,summoner-67019274,867,o Cero o,Diamond 1,80,67,,138,112
867,summoner-83077100,868,Šmurƒ,Diamond 1,79,71,,139,124
868,summoner-76190053,869,Muting You,Diamond 1,79,117,,99,66
869,summoner-72905368,870,Heisendongg,Diamond 1,79,45,,47,25
870,summoner-22867854,871,USMC 0311,Diamond 1,78,116,,330,304
871,summoner-34243185,872,Volt,Diamond 1,78,121,,103,59
872,summoner-90812124,873,Hmmmmmmmmmmmmmm,Diamond 1,77,90,,383,327
873,summoner-37475736,874,WickedWazer,Diamond 1,94,74,,180,146
874,summoner-24980187,875,Crynopsa,Diamond 1,77,116,,143,114
875,summoner-28501854,876,Shmeeblez,Diamond 1,77,63,,121,101
876,summoner-57472209,877,Ravimon,Diamond 1,76,97,,351,314
877,summoner-32381672,878,Måra,Diamond 1,76,120,,117,93
878,summoner-88490180,879,Sophist Ságe,Diamond 1,75,124,,717,679
879,summoner-22328535,880,PrabhablyShaco,Diamond 1,75,118,,477,450
880,summoner-50668976,881,WhyzEStealZ,Diamond 1,75,91,,422,389
881,summoner-23480550,882,Yammy,Diamond 1,75,116,,343,320
882,summoner-36388055,883,Curtains,Diamond 1,75,108,,331,317
883,summoner-72409957,884,Galalalalalalala,Diamond 1,75,87,,302,264
884,summoner-19259932,885,Geranimo,Diamond 1,75,89,,280,250
885,summoner-20202108,886,CLA Tuesday,Diamond 1,75,72,,274,270
886,summoner-74673,887,NintendudeX,Diamond 1,75,72,,270,250
887,summoner-50877721,888,Doubtfull,Diamond 1,75,81,,262,230
888,summoner-66659941,889,From Zero,Diamond 1,75,74,,261,225
889,summoner-35129076,890,Failattempts,Diamond 1,75,110,,238,111
890,summoner-90043610,891,Bebop Robopop,Diamond 1,75,66,,230,170
891,summoner-93529573,892,midIane hokage,Diamond 1,75,59,,218,154
892,summoner-48361472,893,awestruck,Diamond 1,75,69,,218,186
893,summoner-65999120,894,MOKKORI,Diamond 1,75,69,,215,176
894,summoner-58613779,895,Organ,Diamond 1,75,71,,206,186
895,summoner-24853635,896,unfail,Diamond 1,75,79,,205,174
896,summoner-24777351,897,LMQ tc Mor,Diamond 1,75,93,,205,171
897,summoner-77549273,898,Top 1 Percent,Diamond 1,75,61,,203,157
898,summoner-26051120,899,Modx,Diamond 1,75,70,,202,177
899,summoner-22870365,900,Kékvin,Diamond 1,75,88,,195,164
900,summoner-72411076,901,Kobe Brýant,Diamond 1,75,70,,188,168
901,summoner-30972130,902,Yamikaze,Diamond 1,75,92,,175,137
902,summoner-79249642,903,pls notice me,Diamond 1,75,59,,174,131
903,summoner-20056332,904,Lerky,Diamond 1,75,81,,173,134
904,summoner-35415473,905,Yamíkaze,Diamond 1,75,61,,166,130
905,summoner-90391509,906,KING GEEDØRAH,Diamond 1,75,53,,156,120
906,summoner-49159160,907,Søren Bjerg,Diamond 1,75,63,,153,119
907,summoner-92659419,908,Spaghettibud9,Diamond 1,75,48,,148,118
908,summoner-68603405,909,Keegun,Diamond 1,75,52,,147,129
909,summoner-40272268,910,cackgod,Diamond 1,75,52,,144,118
910,summoner-56901374,911,YIlIlIlIlI,Diamond 1,75,63,,135,92
911,summoner-19224197,912,Sothis,Diamond 1,75,48,,135,100
912,summoner-76379684,913,MØNG GUU,Diamond 1,75,57,,134,112
913,summoner-60100307,914,The Sõul,Diamond 1,75,188,,122,69
914,summoner-19689584,915,TCLB Zaıven,Diamond 1,75,44,,118,65
915,summoner-22014010,916,Manifest,Diamond 1,75,55,,113,86
916,summoner-20909540,917,Susskind,Diamond 1,75,111,,112,91
917,summoner-292926,918,Super Metroid,Diamond 1,75,46,,110,88
918,summoner-87639506,919,LOLOLOLOLOL,Diamond 1,75,49,,110,84
919,summoner-23479635,920,NoahMost,Diamond 1,75,78,,107,80
920,summoner-20598223,921,EloDaddy 5foot6,Diamond 1,75,85,,104,74
921,summoner-87002706,922,Zheng Jiale,Diamond 1,75,64,,104,64
922,summoner-90033335,923,Chody,Diamond 1,75,42,,103,53
923,summoner-83280766,924,Ogilos,Diamond 1,75,52,,100,67
924,summoner-94912080,925,Makou,Diamond 1,75,41,,96,46
925,summoner-70200582,926,Töxic Player,Diamond 1,75,95,,94,44
926,summoner-48031860,927,GeneralChiefy,Diamond 1,75,51,,92,72
927,summoner-56497084,928,FrostForest,Diamond 1,75,89,,89,72
928,summoner-89241712,929,AR suppressor,Diamond 1,75,51,,89,60
929,summoner-41212309,930,Ineffabilis,Diamond 1,75,43,,84,43
930,summoner-24741016,931,L9B,Diamond 1,75,40,,84,45
931,summoner-94869407,932,TacticalBaconz,Diamond 1,75,41,,79,35
932,summoner-93630935,933,Wanhëda,Diamond 1,75,41,,68,28
933,summoner-38777079,934,Camp Out,Diamond 1,75,99,,67,49
934,summoner-95439135,935,IIIIlllIIllI,Diamond 1,75,38,,65,44
935,summoner-22277779,936,G U CK F O S U,Diamond 1,75,39,,64,28
936,summoner-46239231,937,Hyorimaru,Diamond 1,75,47,,64,36
937,summoner-22325691,938,Yotsume,Diamond 1,75,39,,63,36
938,summoner-19647481,939,Rathma,Diamond 1,75,68,,61,34
939,summoner-24390734,940,yrots das,Diamond 1,75,47,,60,36
940,summoner-21207070,941,Oh Nowen,Diamond 1,74,107,,273,229
941,summoner-64825900,942,wet noodIe fight,Diamond 1,74,44,,77,57
942,summoner-35530571,943,Must be níce,Diamond 1,74,86,,54,37
943,summoner-32423195,944,JUST A LEGEND123,Diamond 1,89,84,,240,217
944,summoner-38780657,945,Freeverse,Diamond 1,73,94,,186,165
945,summoner-25851366,946,Arbez,Diamond 1,73,84,,177,151
946,summoner-50392032,947,Requital,Diamond 1,73,62,,137,113
947,summoner-27798233,948,Just Jayce,Diamond 1,72,66,,176,150
948,summoner-22658449,949,Watch and Learn,Diamond 1,72,55,,165,143
949,summoner-32701496,950,Emphasis,Diamond 1,72,74,,155,127
950,summoner-57029179,951,HotGuy6Pack,Diamond 1,72,51,,148,103
951,summoner-22039396,952,Marko Mid,Diamond 1,72,120,,147,128
952,summoner-39877990,953,LoNeLy Noo,Diamond 1,72,94,,141,121
953,summoner-38862851,954,ClamSparkle,Diamond 1,72,58,,117,92
954,summoner-34469182,955,nbzoJ98LeiA,Diamond 1,72,56,,100,77
955,summoner-30987150,956,WakaWakaMF,Diamond 1,72,69,,100,80
956,summoner-39760302,957,CoolE,Diamond 1,71,112,,344,325
957,summoner-44076143,958,Aetherax,Diamond 1,71,120,,258,232
958,summoner-81051962,959,roguebunny0,Diamond 1,71,116,,239,189
959,summoner-51289083,960,Babylola,Diamond 1,71,80,,233,213
960,summoner-51580106,961,1Self,Diamond 1,71,65,,185,157
961,summoner-26379781,962,Sonny2o9,Diamond 1,71,90,,116,98
962,summoner-32506961,963,COVER ME NOW,Diamond 1,70,127,,512,497
963,summoner-58421117,964,Shroudedd,Diamond 1,70,69,,170,157
964,summoner-30099707,965,Kuderic,Diamond 1,70,82,,121,91
965,summoner-32929410,966,Lord Zxyc,Diamond 1,70,105,,116,95
966,summoner-20082683,967,Quantum Fizzics,Diamond 1,70,49,,95,79
967,summoner-24588334,968,Venusaur,Diamond 1,70,74,,61,43
968,summoner-53026797,969,Jayton,Diamond 1,69,144,,477,458
969,summoner-20078427,970,rank1 is jamals,Diamond 1,69,55,,197,162
970,summoner-68779112,971,tubby boy,Diamond 1,69,114,,164,142
971,summoner-54963047,972,I Keep It Taco,Diamond 1,69,92,,102,86
972,summoner-39853661,973,diablo hf,Diamond 1,69,37,,71,30
973,summoner-20420483,974,ecco,Diamond 1,68,123,,365,351
974,summoner-47812413,975,WatermelonWombat,Diamond 1,68,90,,310,244
975,summoner-60720984,976,Yîkês,Diamond 1,68,106,,259,182
976,summoner-88069178,977,Sense2lol TwTV,Diamond 1,68,69,,208,188
977,summoner-5908,978,Dyrus,Diamond 1,68,74,,156,133
978,summoner-37931849,979,Columbia College,Diamond 1,68,63,,108,87
979,summoner-35021554,980,Yuki Bunny,Diamond 1,68,126,,84,65
980,summoner-43588594,981,Private ADC,Diamond 1,67,123,,395,375
981,summoner-39996814,982,Grande Donger,Diamond 1,67,100,,384,368
982,summoner-64980118,983,Seppuku Soon,Diamond 1,67,74,,333,307
983,summoner-23839871,984,Riot Xyrox,Diamond 1,67,77,,272,243
984,summoner-43235320,985,Rocket Rhino,Diamond 1,67,116,,252,235
985,summoner-22426834,986,Uiaso,Diamond 1,67,95,,237,210
986,summoner-31644236,987,Hyz,Diamond 1,67,78,,226,209
987,summoner-59549889,988,TCLB Emperor,Diamond 1,67,46,,148,65
988,summoner-88379903,989,RNG Nebee,Diamond 1,67,64,,141,112
989,summoner-25888946,990,Galalalalalala,Diamond 1,67,67,,131,95
990,summoner-29174723,991,Maritzol,Diamond 1,67,87,,85,60
991,summoner-60269974,992,Locs,Diamond 1,67,94,,74,52
992,summoner-19812679,993,Lava,Diamond 1,66,130,,440,441
993,summoner-92659336,994,makedpgreatagain,Diamond 1,66,74,,280,253
994,summoner-19912423,995,Taza,Diamond 1,66,60,,98,80
995,summoner-25211762,996,MetaSolaray,Diamond 1,65,143,,656,632
996,summoner-47547430,997,CallMeExiled,Diamond 1,99,96,,280,259
997,summoner-40889526,998,canadia2,Diamond 1,65,84,,272,248
998,summoner-29360758,999,Fwiendly Whyin,Diamond 1,65,83,,147,120
999,summoner-50229422,1000,Mercury,Diamond 1,65,85,,145,128
