#timestamp 1529798458570
#date 2018-06-24T00:00:58+00:00
#players 1000
#index,id,rank,name,tier,lp,level,proTeam,win,loss
0,summoner-54601,1,Aloned,Challenger,1345,88,,260,176
1,summoner-485522,2,Josedeodo,Challenger,1244,86,,124,54
2,summoner-13101424,3,Jon Slow,Challenger,979,66,,157,87
3,summoner-146501,4,Reincarnati0n,Challenger,954,81,,293,248
4,summoner-12970770,5,Laro,Challenger,885,107,,289,241
5,summoner-887542,6,Áckerman,Challenger,859,87,,199,147
6,summoner-22373,7,Jara,Challenger,842,96,,313,266
7,summoner-39798,8,Ðark,Challenger,769,74,,128,75
8,summoner-41970,9,Ronnie Sullivan,Challenger,748,96,,317,274
9,summoner-551623,10,Cubn,Challenger,746,92,,240,184
10,summoner-78155,11,Nate1,Challenger,722,69,,162,113
11,summoner-258446,12,Plugo,Challenger,700,67,,135,95
12,summoner-117772,13,Popeyee,Challenger,660,163,,288,185
13,summoner-2273511,14,Bën,Challenger,653,93,,149,112
14,summoner-197380,15,El tio Pompas,Challenger,631,143,,191,140
15,summoner-42122,16,TøpLop,Challenger,647,156,,598,551
16,summoner-419084,17,Follow,Challenger,597,106,,259,212
17,summoner-2260415,18,ClickClick,Challenger,588,118,,277,247
18,summoner-316731,19,Fixeal,Challenger,588,64,,140,83
19,summoner-1540877,20,Rîn,Challenger,581,66,,228,179
20,summoner-90878,21,Crab,Challenger,570,65,,181,144
21,summoner-11510189,22,MK Piqueos,Challenger,556,71,,177,139
22,summoner-919421,23,LSG TurboBestia,Challenger,519,97,,168,126
23,summoner-201891,24,randommmm,Challenger,532,71,,149,117
24,summoner-1342068,25,Just Historia,Challenger,529,136,,442,414
25,summoner-55115,26,Amazing LOL,Challenger,522,75,,219,175
26,summoner-3773783,27,xypherz,Challenger,517,115,,356,309
27,summoner-14220740,28,should kys,Challenger,516,67,,282,217
28,summoner-6421946,29,Franchu1440,Challenger,514,80,,295,251
29,summoner-10890287,30,Fan De CasterMax,Challenger,507,97,,176,132
30,summoner-4563644,31,Stay in Tower,Challenger,500,139,,509,471
31,summoner-183154,32,Mát,Challenger,488,99,,322,285
32,summoner-1272154,33,KING Dongˇha,Challenger,486,112,,345,313
33,summoner-71900,34,2v1 plz,Challenger,485,100,,229,198
34,summoner-2531572,35,Zach dempsey,Challenger,479,92,,337,298
35,summoner-28154,36,TA Sasuke,Challenger,475,70,,161,125
36,summoner-65363,37,Ríos,Challenger,474,77,,125,90
37,summoner-1254016,38,FLORA FATALE,Challenger,471,105,,280,242
38,summoner-414524,39,FIare,Challenger,471,109,,220,185
39,summoner-68001,40,EduardoFilopo,Challenger,484,91,,229,185
40,summoner-51342,41,We Are Life,Challenger,469,56,,120,85
41,summoner-521178,42,Kartana,Challenger,462,92,,291,248
42,summoner-225934,43,Morts,Challenger,451,109,,336,306
43,summoner-247624,44,lkiefer,Challenger,451,101,,179,154
44,summoner-214586,45,Churri1,Challenger,450,55,,161,129
45,summoner-372918,46,BRIOCKS,Challenger,442,103,,367,347
46,summoner-132222,47,ANHLTR,Challenger,431,76,,169,142
47,summoner-8511827,48,Ðaedra,Challenger,430,58,,106,71
48,summoner-7136429,49,Tachikawa Mimi,Challenger,429,116,,302,280
49,summoner-118449,50,maybe someday,Challenger,424,58,,166,133
50,summoner-1140356,51,F3NIX,Challenger,422,74,,140,102
51,summoner-238388,52,NaFT,Challenger,416,90,,130,97
52,summoner-464759,53,Little ROODRA,Challenger,406,87,,250,160
53,summoner-57964,54,Near ü,Challenger,401,130,,312,279
54,summoner-4168955,55,adcccc,Challenger,397,113,,260,217
55,summoner-6232791,56,Fòrce,Challenger,396,49,,71,35
56,summoner-4054501,57,Cesni,Challenger,394,114,,319,305
57,summoner-130151,58,woofı,Challenger,393,66,,132,103
58,summoner-100168,59,Ázenth,Challenger,400,98,,266,229
59,summoner-14130145,60,finding myself,Challenger,384,67,,218,159
60,summoner-29645,61,PureBlood,Challenger,382,84,,239,205
61,summoner-1042870,62,ADC IN MMXVIII,Challenger,382,96,,219,192
62,summoner-14143678,63,CA Krim,Challenger,382,62,,176,115
63,summoner-1811981,64,Nero CIaudius,Challenger,380,55,,134,102
64,summoner-93840,65,CHAU AMlGOS,Challenger,376,67,,173,153
65,summoner-61840,66,Phyro,Challenger,376,92,,139,112
66,summoner-735988,67,Ayax UwU,Challenger,373,77,,267,198
67,summoner-7096236,68,Kiyro,Challenger,373,100,,196,159
68,summoner-110499,69,Psykhé,Challenger,371,72,,231,198
69,summoner-5271319,70,HangedMan,Challenger,371,67,,211,173
70,summoner-56039,71,tilin,Challenger,369,83,,121,92
71,summoner-4590501,72,1cody,Challenger,368,70,,247,194
72,summoner-64238,73,BL Leonaidas,Challenger,358,68,,189,162
73,summoner-4502116,74,TheMachiavellian,Challenger,355,130,,201,167
74,summoner-556257,75,Shales,Challenger,353,91,,183,147
75,summoner-4262259,76,chill and win,Challenger,350,85,,145,112
76,summoner-2080155,77,Ankør,Challenger,345,88,,212,187
77,summoner-462989,78,sweetnsalty,Challenger,345,73,,194,178
78,summoner-25895,79,Walkarus,Challenger,342,85,,214,187
79,summoner-2152784,80,Xäyah Grey,Challenger,341,108,,324,300
80,summoner-522626,81,SantiagoJara,Challenger,339,75,,247,206
81,summoner-71247,82,el rowlio pa,Challenger,338,113,,401,383
82,summoner-5160616,83,FzF Skeeto,Challenger,337,111,,234,204
83,summoner-6443773,84,sNow is Back,Challenger,332,43,,92,43
84,summoner-141417,85,Žentrix Senpai,Challenger,330,130,,272,239
85,summoner-853348,86,noghost,Challenger,329,88,,343,308
86,summoner-6445042,87,ˆoˆ,Challenger,329,73,,132,94
87,summoner-4934350,88,Ñya x Chan,Challenger,323,109,,319,287
88,summoner-68143,89,MakeUpUrMind,Challenger,323,99,,229,202
89,summoner-1434364,90,OFWGKTA,Challenger,321,110,,334,296
90,summoner-251037,91,Tichoundrius,Challenger,321,82,,99,70
91,summoner-13840348,92,Pancake v2,Challenger,317,46,,88,58
92,summoner-2412423,93,Color,Challenger,296,102,,165,142
93,summoner-133461,94,SryNotSry,Challenger,310,76,,246,214
94,summoner-114867,95,Dhek,Challenger,306,114,,377,347
95,summoner-68279,96,Soul,Challenger,306,104,,193,155
96,summoner-1091844,97,BladeKoz,Challenger,304,105,,513,443
97,summoner-43448,98,TobalCl,Challenger,302,117,,301,275
98,summoner-1082368,99,Kainé,Challenger,299,114,,396,350
99,summoner-4962799,100,Høllow,Challenger,297,91,,309,228
100,summoner-109949,101,Letz,Challenger,297,78,,226,200
101,summoner-1725342,102,Shmebülock,Challenger,293,118,,339,314
102,summoner-1062113,103,łacoste,Challenger,289,122,,256,233
103,summoner-6490141,104,SiuRuFa,Challenger,288,87,,217,198
104,summoner-1381821,105,BIO ƒriendlyˇ,Challenger,287,81,,191,164
105,summoner-7302800,106,so sad,Challenger,286,158,,565,539
106,summoner-1621486,107,Vàsh,Challenger,284,106,,249,227
107,summoner-4171744,108,Cubbn,Challenger,284,60,,133,83
108,summoner-83935,109,UndeFack,Challenger,283,130,,145,115
109,summoner-182266,110,Bartoo,Challenger,280,65,,161,141
110,summoner-176981,111,TTTTTTTTTTTTTT,Challenger,276,116,,308,286
111,summoner-490396,112,Ara Araˆ,Challenger,276,86,,163,144
112,summoner-425408,113,Jarankal,Challenger,275,90,,295,279
113,summoner-8560132,114,Henrik Hansen,Challenger,274,58,,127,97
114,summoner-1464616,115,TheDarkCloud,Challenger,273,85,,215,189
115,summoner-12930776,116,ME ROBAN BARONx2,Challenger,272,145,,590,585
116,summoner-3140449,117,Que Pajita xD,Challenger,272,122,,394,368
117,summoner-305879,118,SkumbaGG nNymph,Challenger,272,59,,94,66
118,summoner-96707,119,MlDLANE HOKAGE,Challenger,271,70,,215,192
119,summoner-2633138,120,Snöw,Challenger,288,132,,452,429
120,summoner-1640210,121,Zeb3xy,Challenger,267,176,,737,733
121,summoner-143854,122,A de sé,Challenger,267,106,,399,370
122,summoner-723505,123,B Á W S,Challenger,265,56,,180,136
123,summoner-2983715,124,I Love my Ashley,Challenger,265,59,,123,87
124,summoner-88974,125,Carnotaurus,Challenger,280,80,,225,199
125,summoner-151555,126,NaOH,Challenger,261,134,,314,276
126,summoner-81262,127,Diegunho,Challenger,260,94,,325,294
127,summoner-2221442,128,Stryderr,Challenger,255,109,,292,273
128,summoner-182669,129,Zackhal,Challenger,239,82,,149,92
129,summoner-241279,130,Az Sky,Challenger,253,86,,327,271
130,summoner-379939,131,Chërry Blossom,Challenger,249,174,,756,737
131,summoner-205441,132,Neylan,Challenger,249,67,,133,112
132,summoner-51876,133,Shelterˆ,Challenger,246,67,,153,117
133,summoner-960743,134,N N ˇ,Challenger,244,94,,245,217
134,summoner-77497,135,Dreary,Challenger,242,124,,320,300
135,summoner-1233394,136,Jøker,Challenger,240,121,,151,127
136,summoner-14120146,137,Rastastone,Challenger,237,43,,104,55
137,summoner-9592243,138,One Clone,Challenger,236,77,,139,113
138,summoner-144472,139,wai not,Challenger,233,77,,191,164
139,summoner-3871646,140,Focus al Soporte,Challenger,228,111,,232,199
140,summoner-143368,141,RageiT,Challenger,228,56,,124,98
141,summoner-191989,142,DecimeKbPapu,Challenger,227,82,,230,213
142,summoner-246413,143,ST OneShot,Challenger,226,86,,137,108
143,summoner-209995,144,matusalem24,Challenger,225,89,,267,188
144,summoner-2297096,145,M u ff a d i t o,Challenger,222,126,,430,402
145,summoner-13932411,146,ñbgipuñugipuhip9,Challenger,222,54,,107,65
146,summoner-68545,147,Axelıncon,Challenger,238,84,,374,338
147,summoner-14630174,148,TA Naruto,Challenger,221,44,,97,63
148,summoner-46382,149,Axlbg,Challenger,216,82,,133,106
149,summoner-6770456,150,I Take Blues,Challenger,215,74,,231,175
150,summoner-117002,151,Böyfriend,Challenger,215,75,,160,136
151,summoner-106290,152,Atraxa,Challenger,213,93,,253,236
152,summoner-11540922,153,Sneakymi,Challenger,213,45,,75,41
153,summoner-112367,154,kouzze,Challenger,212,93,,292,266
154,summoner-201925,155,KVF Swagcheco,Challenger,212,108,,242,210
155,summoner-96317,156,Felipekun uwu,Challenger,211,95,,199,168
156,summoner-116061,157,Månenform,Challenger,208,88,,187,157
157,summoner-143984,158,wowee,Challenger,208,61,,186,157
158,summoner-211741,159,Thorden,Challenger,207,103,,199,168
159,summoner-164356,160,Dsk,Challenger,203,140,,230,212
160,summoner-196840,161,Ärtyk1,Challenger,201,102,,212,193
161,summoner-4205480,162,Cuest1oN,Challenger,200,91,,272,256
162,summoner-1572237,163,012345678910,Challenger,200,94,,197,172
163,summoner-15740146,164,zeicro adc spam,Challenger,200,64,,111,81
164,summoner-3331818,165,METOR1,Challenger,198,95,,176,151
165,summoner-75781,166,Rabbit4Dinner,Challenger,198,108,,172,152
166,summoner-3991535,167,Cosmic Gank,Challenger,197,94,,229,161
167,summoner-68907,168,Mystery Shadow,Challenger,197,95,,181,154
168,summoner-14892568,169,Jishade,Challenger,195,73,,315,250
169,summoner-5610765,170,RektIoy,Challenger,192,105,,217,194
170,summoner-101251,171,Juuzoü Suzuya,Challenger,189,122,,413,386
171,summoner-636854,172,Furtive Gank,Challenger,189,81,,304,276
172,summoner-212220,173,MAIN ADC S8,Challenger,189,110,,299,267
173,summoner-3665395,174,Prototipe1,Challenger,188,66,,224,153
174,summoner-883377,175,K Ü,Challenger,187,117,,313,286
175,summoner-1495447,176,FORTNITE PLAYER,Challenger,204,95,,190,171
176,summoner-81884,177,midplayer,Challenger,187,69,,112,90
177,summoner-87207,178,FoN Mickey,Challenger,186,99,,252,226
178,summoner-188356,179,Fan de Millaray,Challenger,186,87,,155,135
179,summoner-7491191,180,Invocador 69,Challenger,183,99,,296,250
180,summoner-4601058,181,Postinooo,Challenger,183,71,,173,144
181,summoner-220156,182,xAnubisDarkx,Challenger,182,115,,226,207
182,summoner-910888,183,Stylê,Challenger,176,172,,663,645
183,summoner-426166,184,BIO Faith,Challenger,173,127,,434,412
184,summoner-148876,185,enbarao,Challenger,171,48,,95,67
185,summoner-484584,186,IAmGay,Challenger,170,66,,107,73
186,summoner-142583,187,No pasa nada,Challenger,169,89,,138,115
187,summoner-4821931,188,xMeDrogoConJugo,Challenger,168,125,,219,189
188,summoner-1414274,189,Fuƒu,Challenger,165,97,,283,264
189,summoner-22810,190,baltîca,Challenger,165,100,,227,216
190,summoner-93216,191,Ai lov yu,Challenger,146,101,,297,282
191,summoner-85056,192,Xitech,Challenger,163,73,,238,215
192,summoner-10483523,193,pure talent,Challenger,163,67,,202,128
193,summoner-1802240,194,Sax1,Challenger,144,87,,242,227
194,summoner-13854590,195,Mond,Challenger,157,52,,151,92
195,summoner-212354,196,Fleyro,Challenger,139,97,,195,173
196,summoner-1763535,197,SUPER GRIDITO,Challenger,155,39,,57,29
197,summoner-171141,198,Mødest Møuse,Challenger,146,90,,200,179
198,summoner-602146,199,ADC TIER 3 LUL,Challenger,112,61,,133,109
199,summoner-79675,200,Vlokz,Challenger,116,82,,320,296
200,summoner-1506612,201,sonyky,Master,230,43,,102,54
201,summoner-1094202,202,Thief of Relícs,Master,204,138,,443,425
202,summoner-82501,203,Henno,Master,173,89,,103,79
203,summoner-83267,204,Lárian,Master,170,110,,255,229
204,summoner-3372406,205,El Señor Nutria,Master,161,149,,513,493
205,summoner-243415,206,MC Marín,Master,155,84,,162,143
206,summoner-2400929,207,KR0N1C,Master,150,82,,193,174
207,summoner-174063,208,You,Master,149,71,,121,100
208,summoner-7107829,209,Shiawase desü,Master,148,95,,178,150
209,summoner-296168,210,UCH SoulWingS,Master,148,65,,157,133
210,summoner-2920746,211,Naikuun,Master,147,100,,125,104
211,summoner-9892013,212,FAN DE RITO OwO,Master,144,148,,184,160
212,summoner-375641,213,ExalTeD ExalT,Master,139,86,,235,213
213,summoner-220718,214,Rei Ryghts,Master,139,140,,190,166
214,summoner-61587,215,full mute all,Master,129,165,,508,499
215,summoner-7108046,216,GianKios God,Master,129,157,,421,395
216,summoner-1460524,217,Sufukato,Master,126,103,,134,116
217,summoner-38287,218,TREMENDO PLAYER,Master,125,74,,224,197
218,summoner-1542005,219,PWG Barbakhancer,Master,125,97,,168,144
219,summoner-79042,220,Reuzal,Master,124,70,,148,127
220,summoner-14120151,221,KLG ARREGLO,Master,120,43,,79,36
221,summoner-14203259,222,Keyboard Enable,Master,115,68,,239,204
222,summoner-3060150,223,Agressiv,Master,114,137,,406,387
223,summoner-15002049,224,Alex Mercer 0,Master,114,48,,129,81
224,summoner-13751858,225,ComradeTinyOne,Master,114,45,,117,75
225,summoner-127563,226,Galixx,Master,112,95,,159,145
226,summoner-49427,227,lRoma,Master,107,58,,159,134
227,summoner-1036819,228,FzF Skiwii,Master,106,97,,174,149
228,summoner-121144,229,Like Azír,Master,105,74,,158,109
229,summoner-318102,230,shileno,Master,104,72,,134,101
230,summoner-133215,231,MacDoge,Master,102,95,,159,128
231,summoner-28945,232,l None l,Master,100,70,,128,93
232,summoner-14120140,233,tuesday was good,Master,100,59,,73,39
233,summoner-14662086,234,WildWeedWizard,Master,99,64,,240,188
234,summoner-78095,235,internet player,Master,96,121,,491,463
235,summoner-138069,236,pray for koughi,Master,89,110,,395,388
236,summoner-3383177,237,Jhanxs,Master,88,136,,134,113
237,summoner-928452,238,Azh,Master,87,105,,179,162
238,summoner-10994354,239,Arí,Master,86,128,,209,182
239,summoner-7773887,240,Feiquer Peruano,Master,85,71,,196,150
240,summoner-540259,241,Dificült,Master,79,84,,270,248
241,summoner-61540,242,PRISI0NER0,Master,79,71,,166,137
242,summoner-78248,243,Slatër,Master,76,90,,122,103
243,summoner-12850151,244,Clístenes,Master,76,92,,119,108
244,summoner-2900540,245,WGiardino,Master,75,129,,446,425
245,summoner-1341406,246,Hordeshyrder,Master,75,73,,124,98
246,summoner-390613,247,Heaven Starfish,Master,74,94,,177,159
247,summoner-53309,248,Solo Rija,Master,72,63,,165,147
248,summoner-76508,249,maxíx,Master,72,91,,82,55
249,summoner-5390198,250,AlezZ B,Master,71,83,,130,112
250,summoner-153751,251,LeFede,Master,70,98,,247,232
251,summoner-3511618,252,Ikees,Master,51,43,,112,65
252,summoner-26321,253,D4SSLER,Master,67,106,,328,329
253,summoner-1271905,254,El asaltante,Master,67,93,,176,153
254,summoner-240291,255,TA Hatake,Master,67,74,,132,111
255,summoner-15064565,256,xypherz v2,Master,66,49,,151,108
256,summoner-14194450,257,002ˇˇˇ,Master,57,41,,80,40
257,summoner-1080650,258,Metal Attack,Master,56,53,,179,125
258,summoner-293124,259,LightCoIors,Master,52,108,,131,110
259,summoner-82364,260,Shû Hari,Master,47,92,,159,134
260,summoner-321369,261,EMPEROR Chemical,Master,47,93,,92,63
261,summoner-168824,262,ValHälen,Master,45,123,,342,317
262,summoner-415567,263,Dolores Delanoo,Master,45,66,,127,105
263,summoner-11490134,264,Teamo mitsuha,Master,43,152,,349,335
264,summoner-25348,265,lukasnegro,Master,43,70,,160,130
265,summoner-208913,266,Cayupa,Master,43,92,,152,133
266,summoner-14130153,267,ISG Narnia,Master,42,79,,291,265
267,summoner-14110149,268,RBT Rod,Master,41,63,,182,127
268,summoner-3390138,269,rhOm,Master,40,63,,162,110
269,summoner-306156,270,Hiero de Virgo,Master,40,97,,130,113
270,summoner-12050505,271,NkDiego,Master,40,66,,68,43
271,summoner-14830965,272,uribe,Master,38,82,,383,345
272,summoner-62511,273,Ouyou,Master,38,86,,258,237
273,summoner-110218,274,Seong Wu,Master,38,72,,182,152
274,summoner-3132373,275,Mei Houwąng,Master,38,57,,135,96
275,summoner-2307568,276,RamaPan,Master,38,75,,133,106
276,summoner-50135,277,Evelynn Mid,Master,36,105,,376,368
277,summoner-1302545,278,Xelkho,Master,36,124,,228,206
278,summoner-7230223,279,Snáké,Master,34,132,,154,122
279,summoner-1262370,280,SOULKING PROOK,Master,33,69,,108,103
280,summoner-198833,281,S3G Foster,Master,33,74,,81,53
281,summoner-41344,282,Mïthdrändïr,Master,32,121,,498,494
282,summoner-5243424,283,CatSempai,Master,31,74,,239,219
283,summoner-14154181,284,Styon,Master,29,76,,196,137
284,summoner-1031700,285,Could be XyaaZ,Master,28,81,,401,314
285,summoner-4514609,286,Derringer,Master,28,90,,211,193
286,summoner-637059,287,Toomars,Master,27,97,,180,151
287,summoner-70948,288,San Paoli,Master,26,183,,472,444
288,summoner-147293,289,Meøwri,Master,26,93,,318,289
289,summoner-6564183,290,mitsheep95,Master,25,114,,395,383
290,summoner-7542422,291,ateoXD,Master,25,73,,161,131
291,summoner-24400,292,BIO atirador,Master,24,92,,235,219
292,summoner-152126,293,lust4life,Master,24,76,,125,103
293,summoner-309789,294,player of fun,Master,24,53,,113,79
294,summoner-1482088,295,Yhon,Master,23,122,,351,328
295,summoner-401510,296,Kìng,Master,23,74,,102,82
296,summoner-25341,297,Fireflíes,Master,21,116,,243,221
297,summoner-821772,298,Queen Vayne,Master,20,113,,158,130
298,summoner-14902639,299,Maürö,Master,19,50,,150,97
299,summoner-204289,300,Woohee,Master,18,89,,211,204
300,summoner-1279181,301,EMPEROR Rollins,Master,18,113,,172,113
301,summoner-283094,302,ScoupAXX,Master,18,102,,122,106
302,summoner-83165,303,Quiid,Master,17,97,,211,194
303,summoner-105931,304,Lindwurm,Master,17,109,,100,78
304,summoner-1493181,305,Sad gîrl,Master,16,136,,129,111
305,summoner-1541217,306,Not2Clean,Master,16,110,,123,102
306,summoner-52333,307,NickoDarka,Master,15,72,,126,104
307,summoner-207180,308,King ÐüivéŁ,Master,12,119,,212,198
308,summoner-218903,309,Rayffen,Master,8,86,,260,241
309,summoner-76862,310,BILLY Y MANDY,Master,7,137,,216,200
310,summoner-1461106,311,1Reve,Master,4,73,,250,207
311,summoner-4053236,312,xNegrø,Master,0,116,,429,399
312,summoner-1155196,313,EvilTriGer,Master,0,105,,353,336
313,summoner-910113,314,Shirö,Master,0,113,,335,334
314,summoner-864722,315,Trueno Largo,Master,0,74,,302,232
315,summoner-7651436,316,Arto skin ameo,Master,0,123,,290,241
316,summoner-64311,317,Asahi Takiguchi,Master,0,107,,257,247
317,summoner-551845,318,Kezion,Master,0,103,,232,204
318,summoner-45300,319,Careta,Master,0,82,,229,225
319,summoner-1759207,320,The Quickness,Master,17,77,,222,199
320,summoner-26999,321,Nachomax,Master,0,75,,203,183
321,summoner-422141,322,Crówn,Master,0,81,,161,145
322,summoner-99484,323,Nïnja,Master,0,89,,136,109
323,summoner-176483,324,Raftiel,Master,0,74,,132,115
324,summoner-13843633,325,buff rengar,Master,0,46,,129,80
325,summoner-840871,326,Prayers and Vows,Master,0,89,,126,107
326,summoner-926117,327,potzy,Master,0,65,,121,106
327,summoner-187776,328,og prodi,Master,0,54,,121,75
328,summoner-41601,329,Precep,Master,0,46,,87,71
329,summoner-109522,330,Rámpage,Master,0,124,,76,53
330,summoner-1054953,331,Enzo1,Master,0,66,,73,43
331,summoner-602287,332,xd nomas,Diamond 1,100,142,,642,622
332,summoner-217191,333,99263857,Diamond 1,100,116,,364,356
333,summoner-62852,334,2v8 xd,Diamond 1,100,130,,362,347
334,summoner-257678,335,kiike LA BESTIA,Diamond 1,100,88,,354,337
335,summoner-127283,336,Yo Soy Zorro 1,Diamond 1,100,172,,300,280
336,summoner-752153,337,Tomi Li Yau,Diamond 1,100,102,,245,212
337,summoner-132216,338,Reformed PIayer,Diamond 1,100,85,,235,223
338,summoner-48664,339,Cody,Diamond 1,100,104,,235,216
339,summoner-33171,340,DarkRitual,Diamond 1,100,107,,197,179
340,summoner-1729349,341,Lykar,Diamond 1,100,75,,163,155
341,summoner-1740572,342,IzænK,Diamond 1,100,89,,158,140
342,summoner-15610521,343,Mustélido,Diamond 1,100,47,,131,83
343,summoner-299166,344,Galleta,Diamond 1,100,64,,125,105
344,summoner-46930,345,Focho,Diamond 1,100,67,,124,107
345,summoner-46315,346,BádLife,Diamond 1,100,121,,113,86
346,summoner-37329,347,sad5466797567,Diamond 1,100,50,,111,89
347,summoner-206039,348,Alicë Gläss,Diamond 1,100,69,,109,91
348,summoner-1731315,349,Schwí,Diamond 1,100,74,,87,67
349,summoner-65297,350,ØКÃSOИ1997,Diamond 1,100,63,,81,57
350,summoner-213618,351,heinnneken,Diamond 1,100,50,,75,58
351,summoner-46751,352,Kegg,Diamond 1,100,79,,66,41
352,summoner-11920475,353,Keixt,Diamond 1,100,44,,59,41
353,summoner-67974,354,1984g,Diamond 1,100,69,,43,24
354,summoner-520421,355,Sang,Diamond 1,98,77,,186,160
355,summoner-4874678,356,One Trick Viktor,Diamond 1,97,110,,263,242
356,summoner-13290137,357,Howling,Diamond 1,97,74,,147,125
357,summoner-38828,358,tufixzk,Diamond 1,96,91,,304,293
358,summoner-92647,359,Sweet Kath,Diamond 1,96,102,,273,263
359,summoner-63592,360,ndeaaaaaaaa,Diamond 1,96,63,,133,110
360,summoner-1064661,361,Its Me FraGioRlz,Diamond 1,96,41,,59,36
361,summoner-165261,362,EI Terror De Las,Diamond 1,95,58,,93,67
362,summoner-5810424,363,Agent Blue,Diamond 1,93,81,,271,252
363,summoner-13170130,364,Snoopy2,Diamond 1,93,53,,140,120
364,summoner-33547,365,light fury,Diamond 1,93,61,,92,72
365,summoner-14120136,366,qVqVqVqVqVqVqV,Diamond 1,92,63,,187,131
366,summoner-56233,367,esmowing,Diamond 1,92,80,,110,103
367,summoner-2240164,368,CTHULHU KUN,Diamond 1,92,55,,91,69
368,summoner-128725,369,Azjalarafe,Diamond 1,91,114,,180,161
369,summoner-1063509,370,Pulg0so,Diamond 1,90,119,,347,323
370,summoner-2912068,371,Lee Sin Manox,Diamond 1,90,99,,238,216
371,summoner-116462,372,rolE,Diamond 1,90,67,,214,188
372,summoner-14130146,373,259th,Diamond 1,90,67,,199,164
373,summoner-4750914,374,Sonnenlicht,Diamond 1,90,107,,188,127
374,summoner-94622,375,Pumpkin Duke,Diamond 1,90,54,,155,125
375,summoner-226255,376,Fonto,Diamond 1,90,75,,152,124
376,summoner-14120148,377,Haise Sasakî,Diamond 1,90,48,,149,88
377,summoner-212940,378,Suiikimon,Diamond 1,90,74,,131,103
378,summoner-14120142,379,1TRAFALGAR LAW,Diamond 1,90,47,,121,56
379,summoner-1081302,380,BY FÁR,Diamond 1,90,56,,117,98
380,summoner-77829,381,Sunblast,Diamond 1,90,60,,113,88
381,summoner-1777210,382,Tulz,Diamond 1,90,53,,111,65
382,summoner-14110138,383,Positioning 101,Diamond 1,90,66,,110,54
383,summoner-27443,384,ClatoS,Diamond 1,90,60,,99,82
384,summoner-65262,385,BGH forExe,Diamond 1,90,67,,78,63
385,summoner-14110139,386,Newbie Player,Diamond 1,90,65,,74,22
386,summoner-382232,387,NexorXk,Diamond 1,90,69,,60,40
387,summoner-14120150,388,Crîxus,Diamond 1,89,63,,212,187
388,summoner-29815,389,Paladín,Diamond 1,89,101,,175,155
389,summoner-156001,390,PeRseeO,Diamond 1,89,69,,104,76
390,summoner-14932128,391,YA FUE MAN FF,Diamond 1,89,56,,58,19
391,summoner-47992,392,Beemo,Diamond 1,100,118,,343,334
392,summoner-732186,393,Pácha,Diamond 1,88,97,,162,146
393,summoner-6830141,394,Helior,Diamond 1,87,38,,49,37
394,summoner-217150,395,Cosmodius,Diamond 1,85,75,,142,123
395,summoner-81732,396,47 Kalashnikov,Diamond 1,83,79,,90,63
396,summoner-14184424,397,feel owo,Diamond 1,83,42,,89,42
397,summoner-87997,398,Joelito S2,Diamond 1,82,79,,138,115
398,summoner-170441,399,Leigrey,Diamond 1,82,67,,111,95
399,summoner-11920467,400,Fade Gün,Diamond 1,81,85,,306,261
400,summoner-1400188,401,Nortaa,Diamond 1,81,94,,176,157
401,summoner-3973592,402,Arfyss,Diamond 1,79,88,,199,186
402,summoner-12451843,403,VcN v2,Diamond 1,79,105,,195,165
403,summoner-751933,404,Lincoyán,Diamond 1,79,98,,103,79
404,summoner-3732374,405,Mrrraggglhlhgh,Diamond 1,77,115,,310,296
405,summoner-14110158,406,frost good kid,Diamond 1,75,78,,304,264
406,summoner-3143085,407,Chocolito a 100,Diamond 1,75,59,,237,203
407,summoner-168184,408,ZanganØ,Diamond 1,75,79,,230,209
408,summoner-213910,409,xSnowu,Diamond 1,75,109,,225,213
409,summoner-525841,410,TotoJr,Diamond 1,75,73,,206,163
410,summoner-299337,411,ByFalco,Diamond 1,75,81,,198,169
411,summoner-14884484,412,Nouveau Airs,Diamond 1,75,54,,181,119
412,summoner-228094,413,MigaN,Diamond 1,75,70,,178,155
413,summoner-51166,414,chewbacca4,Diamond 1,75,56,,170,134
414,summoner-143846,415,Pardoo,Diamond 1,75,105,,170,140
415,summoner-3530629,416,Defüssion,Diamond 1,75,86,,167,141
416,summoner-7301872,417,Maocarry,Diamond 1,75,55,,145,121
417,summoner-50585,418,Simon Petriköv,Diamond 1,75,56,,136,103
418,summoner-255561,419,Bjerg,Diamond 1,75,71,,136,93
419,summoner-14130137,420,DH Hayha,Diamond 1,75,58,,132,95
420,summoner-2571472,421,Amine Edge DANCE,Diamond 1,75,62,,127,81
421,summoner-22713,422,Mr Krippy,Diamond 1,75,70,,126,103
422,summoner-1480253,423,Perrø Bømba,Diamond 1,75,76,,125,106
423,summoner-221135,424,OdinXIII,Diamond 1,75,86,,123,109
424,summoner-3361130,425,Fury S2,Diamond 1,75,143,,119,96
425,summoner-75394,426,Shaddíx,Diamond 1,75,72,,119,93
426,summoner-4580118,427,Manteka2,Diamond 1,75,77,,111,73
427,summoner-32013,428,tyyyyyyyyyyyyyyy,Diamond 1,75,66,,109,83
428,summoner-801648,429,Skyren,Diamond 1,75,51,,106,83
429,summoner-257826,430,Severity,Diamond 1,75,63,,72,47
430,summoner-303359,431,TSM Razor,Diamond 1,75,39,,53,24
431,summoner-172784,432,NeuroN,Diamond 1,74,95,,457,437
432,summoner-762933,433,Dovahsama,Diamond 1,74,85,,116,104
433,summoner-874874,434,Xlr,Diamond 1,74,47,,90,65
434,summoner-12041800,435,Lord Alambrito,Diamond 1,73,142,,388,383
435,summoner-7844169,436,rACKSTAR,Diamond 1,73,66,,170,150
436,summoner-1344259,437,N I C Ø W,Diamond 1,73,115,,130,113
437,summoner-7035353,438,felixorreo,Diamond 1,73,38,,51,35
438,summoner-12981351,439,Fozzie el oso,Diamond 1,72,79,,245,238
439,summoner-215650,440,Zealot1,Diamond 1,72,70,,237,223
440,summoner-58050,441,tyuzkAA,Diamond 1,72,125,,155,121
441,summoner-7752774,442,Alan cio,Diamond 1,72,71,,139,120
442,summoner-27392,443,HippieCommander,Diamond 1,72,115,,76,55
443,summoner-303241,444,Levï,Diamond 1,71,118,,220,205
444,summoner-99448,445,RexonaMeAbandona,Diamond 1,71,61,,176,133
445,summoner-63321,446,Giiro,Diamond 1,71,85,,122,95
446,summoner-1423839,447,UnreformedRAT L9,Diamond 1,70,86,,353,326
447,summoner-13610392,448,Tirolokoo,Diamond 1,70,69,,209,190
448,summoner-15791480,449,Korean Spear,Diamond 1,70,52,,133,89
449,summoner-1072457,450,Flauroz,Diamond 1,70,68,,79,63
450,summoner-197616,451,Darkeater Midir,Diamond 1,69,105,,338,325
451,summoner-766404,452,Pegaso2K,Diamond 1,69,84,,219,190
452,summoner-1354203,453,miclovin,Diamond 1,69,107,,198,181
453,summoner-151636,454,unclecriss,Diamond 1,69,143,,171,156
454,summoner-1501092,455,OVG Midnight,Diamond 1,67,139,,306,294
455,summoner-1241781,456,xTime,Diamond 1,67,97,,212,190
456,summoner-185763,457,Kobbe,Diamond 1,67,81,,194,175
457,summoner-52584,458,PlE de Maracuyá,Diamond 1,66,78,,229,217
458,summoner-158812,459,Cuquecu,Diamond 1,66,99,,192,170
459,summoner-2190579,460,bunny bad kid,Diamond 1,66,106,,97,80
460,summoner-1558232,461,DEUSVULTDEUSVULT,Diamond 1,66,93,,76,59
461,summoner-1241278,462,a tired adc,Diamond 1,65,119,,247,228
462,summoner-735360,463,Jojola,Diamond 1,65,69,,178,162
463,summoner-12952365,464,Scyphionyx,Diamond 1,65,93,,118,99
464,summoner-14120144,465,time lapse,Diamond 1,65,44,,82,41
465,summoner-14110157,466,rbt greed,Diamond 1,65,43,,76,34
466,summoner-1135935,467,Índexx,Diamond 1,64,106,,377,371
467,summoner-752124,468,Maestre Tuppo,Diamond 1,64,62,,122,78
468,summoner-4462383,469,Møs Def,Diamond 1,64,115,,85,67
469,summoner-15452418,470,Hawk Eye Yi,Diamond 1,64,37,,58,13
470,summoner-112372,471,UCH Hefedes,Diamond 1,63,123,,325,317
471,summoner-221844,472,PipaStone,Diamond 1,63,135,,221,207
472,summoner-5345389,473,Hansmetal,Diamond 1,63,102,,210,201
473,summoner-9862917,474,Ijo de ODIN,Diamond 1,63,49,,133,108
474,summoner-295010,475,Blazerck,Diamond 1,62,125,,424,408
475,summoner-4022703,476,MrStigma,Diamond 1,62,103,,354,342
476,summoner-1242018,477,Kiseˆ,Diamond 1,62,98,,319,313
477,summoner-29717,478,grafo,Diamond 1,62,56,,143,124
478,summoner-72425,479,GlockaFlockaFade,Diamond 1,62,66,,87,76
479,summoner-203495,480,No soy Guishe,Diamond 1,61,75,,186,137
480,summoner-247695,481,asdasdzczcx,Diamond 1,61,67,,149,111
481,summoner-4564665,482,One Jump,Diamond 1,61,95,,103,75
482,summoner-1105443,483,Pagorex,Diamond 1,60,123,,371,356
483,summoner-171132,484,Metraxiz,Diamond 1,60,91,,255,251
484,summoner-529347,485,Kafka,Diamond 1,60,50,,120,98
485,summoner-55857,486,Nyvek,Diamond 1,60,92,,110,88
486,summoner-1912806,487,Corona,Diamond 1,60,67,,95,81
487,summoner-124550,488,Recret,Diamond 1,60,48,,92,76
488,summoner-2380587,489,EL SHEY M0NCH0,Diamond 1,59,83,,223,212
489,summoner-102235,490,s3ra,Diamond 1,59,50,,44,18
490,summoner-251223,491,può vincere,Diamond 1,58,47,,44,24
491,summoner-11940393,492,Gerárd,Diamond 1,57,86,,165,127
492,summoner-526052,493,Voranar,Diamond 1,57,62,,143,134
493,summoner-189217,494,Pointless ßot,Diamond 1,57,119,,131,66
494,summoner-3843676,495,Aeón Sama,Diamond 1,56,105,,278,256
495,summoner-10509814,496,Nadeishmeis,Diamond 1,56,80,,243,220
496,summoner-64510,497,DrakoZelda2,Diamond 1,56,72,,199,148
497,summoner-79927,498,Satirosky,Diamond 1,56,72,,153,145
498,summoner-14110154,499,KimiRAI,Diamond 1,56,55,,126,96
499,summoner-14120143,500,Dodo S2,Diamond 1,56,58,,119,46
500,summoner-12813681,501,nevr,Diamond 1,56,60,,105,83
501,summoner-39062,502,Nerf Noah,Diamond 1,55,81,,167,160
502,summoner-33513,503,Omnívoro,Diamond 1,55,71,,147,124
503,summoner-811836,504,iGeveze,Diamond 1,55,48,,105,89
504,summoner-138263,505,Next,Diamond 1,54,56,,138,110
505,summoner-204550,506,Dunkel,Diamond 1,54,64,,92,70
506,summoner-2232715,507,ZékkeN,Diamond 1,53,93,,266,258
507,summoner-63737,508,ÁzeR,Diamond 1,53,68,,186,170
508,summoner-8610725,509,Definitely,Diamond 1,53,100,,141,123
509,summoner-4770590,510,Menzhita,Diamond 1,53,95,,127,110
510,summoner-1252190,511,Cawboy,Diamond 1,53,100,,88,72
511,summoner-80896,512,FFC Franco,Diamond 1,52,110,,222,199
512,summoner-6032739,513,Dexiuz,Diamond 1,52,56,,162,124
513,summoner-10984339,514,Heiwajima Kasuka,Diamond 1,52,61,,155,143
514,summoner-628534,515,Lolmanda2,Diamond 1,52,61,,141,108
515,summoner-173448,516,Nipphu,Diamond 1,52,51,,61,39
516,summoner-1114435,517,VortexN,Diamond 1,51,95,,244,225
517,summoner-4741112,518,ßenjamin,Diamond 1,51,134,,234,221
518,summoner-175423,519,jdseba,Diamond 1,51,87,,35,18
519,summoner-40158,520,Bladewolf,Diamond 1,50,147,,480,461
520,summoner-4618529,521,Sperks,Diamond 1,50,143,,453,428
521,summoner-1261645,522,Guerzo,Diamond 1,50,93,,332,325
522,summoner-26925,523,Dënver,Diamond 1,50,92,,297,294
523,summoner-1570971,524,Fakerˇ,Diamond 1,50,98,,234,209
524,summoner-382885,525,KR Matsuri,Diamond 1,50,96,,234,214
525,summoner-3534613,526,Khattolk,Diamond 1,50,93,,210,201
526,summoner-42498,527,Skaanz,Diamond 1,50,75,,199,184
527,summoner-313033,528,MyCrew,Diamond 1,50,80,,174,157
528,summoner-207127,529,MyonMyonMyonMyon,Diamond 1,50,69,,170,152
529,summoner-1305539,530,mla,Diamond 1,50,106,,167,146
530,summoner-310359,531,daryl ˇˉˇ,Diamond 1,50,77,,156,126
531,summoner-571386,532,hyungˇˉˇ,Diamond 1,50,110,,155,131
532,summoner-372049,533,Heavyweight,Diamond 1,50,57,,120,105
533,summoner-537327,534,Phatokage,Diamond 1,50,79,,116,91
534,summoner-2261269,535,Behemov,Diamond 1,50,94,,109,87
535,summoner-533199,536,xAnubisDarkx2,Diamond 1,50,69,,105,86
536,summoner-240628,537,gomenˆnasai,Diamond 1,50,166,,104,72
537,summoner-1934429,538,Emisary Of Death,Diamond 1,50,65,,92,73
538,summoner-157936,539,Dwarfish M,Diamond 1,50,46,,66,56
539,summoner-29006,540,ZhoridZ,Diamond 1,49,97,,277,254
540,summoner-227103,541,ÆT Gorditomaster,Diamond 1,49,78,,241,221
541,summoner-5780137,542,Skins,Diamond 1,49,94,,237,235
542,summoner-4620158,543,FancyGoat,Diamond 1,49,59,,159,128
543,summoner-25880,544,Kryþtonian,Diamond 1,49,70,,128,109
544,summoner-50759,545,K1tty Princess,Diamond 1,49,59,,52,30
545,summoner-9510200,546,Nani C Kore wa,Diamond 1,49,88,,50,34
546,summoner-110173,547,Rylve,Diamond 1,48,93,,135,119
547,summoner-1504090,548,BluePrime,Diamond 1,48,121,,106,87
548,summoner-13844451,549,Lil9ROOK,Diamond 1,48,49,,82,46
549,summoner-63599,550,Jalato Salvaje,Diamond 1,47,142,,587,557
550,summoner-115635,551,OnlyTheTip,Diamond 1,47,122,,279,265
551,summoner-32906,552,ChaiLordZ,Diamond 1,47,53,,69,50
552,summoner-53475,553,ææææææ,Diamond 1,46,109,,290,275
553,summoner-5421715,554,Fan De Scrappy,Diamond 1,46,60,,201,140
554,summoner-3771904,555,Gussy El Dios,Diamond 1,46,108,,172,142
555,summoner-7993045,556,Friedrich IV,Diamond 1,46,43,,93,50
556,summoner-1894532,557,EL TATA BASTIAN,Diamond 1,45,145,,288,261
557,summoner-560629,558,RATA TA TA,Diamond 1,44,102,,268,259
558,summoner-1490647,559,ExiledOfTwilight,Diamond 1,44,163,,227,176
559,summoner-897920,560,Cubik,Diamond 1,44,109,,173,134
560,summoner-166851,561,Mgleonty,Diamond 1,44,83,,120,91
561,summoner-135849,562,Aeizus,Diamond 1,44,68,,51,41
562,summoner-2651421,563,xamexxelpro,Diamond 1,43,68,,162,142
563,summoner-161575,564,Ghosthit,Diamond 1,42,55,,89,73
564,summoner-14903301,565,Aria da Capo,Diamond 1,40,73,,297,264
565,summoner-742499,566,Nyxie,Diamond 1,40,121,,296,288
566,summoner-9250427,567,Otsutsuky,Diamond 1,40,56,,106,81
567,summoner-12051223,568,Hunter Smick,Diamond 1,39,76,,255,237
568,summoner-14650144,569,Skanitto,Diamond 1,39,64,,190,177
569,summoner-22764,570,Algnu,Diamond 1,38,118,,433,429
570,summoner-911178,571,RtBox,Diamond 1,38,87,,234,213
571,summoner-1252320,572,Yalung,Diamond 1,38,77,,131,118
572,summoner-14924604,573,LasTrash,Diamond 1,38,46,,120,70
573,summoner-212367,574,Rencøw,Diamond 1,37,157,,673,661
574,summoner-178643,575,Salty Gun,Diamond 1,37,104,,229,206
575,summoner-82756,576,Lil Myers,Diamond 1,37,78,,104,79
576,summoner-14130141,577,FG Nobody,Diamond 1,37,40,,68,36
577,summoner-26596,578,Daddy koughi,Diamond 1,37,38,,51,34
578,summoner-12904332,579,ZS PerroBomba,Diamond 1,37,47,,45,34
579,summoner-9920154,580,OnlyBruiserJanna,Diamond 1,36,87,,271,221
580,summoner-1103047,581,someday soon,Diamond 1,36,63,,172,154
581,summoner-1066367,582,Level2Cheesecake,Diamond 1,36,62,,155,145
582,summoner-26899,583,4444441,Diamond 1,36,39,,56,27
583,summoner-4281346,584,Oóoóóoó,Diamond 1,35,85,,200,172
584,summoner-47360,585,Choqo,Diamond 1,35,59,,168,107
585,summoner-169457,586,batxD,Diamond 1,34,128,,683,633
586,summoner-4671565,587,BrontoSkarner,Diamond 1,34,47,,119,68
587,summoner-710801,588,lllIlllIlllIlllI,Diamond 1,34,51,,103,93
588,summoner-932055,589,Fan de Hailee,Diamond 1,34,64,,99,86
589,summoner-71345,590,Strickzito,Diamond 1,33,108,,329,323
590,summoner-182392,591,HitmanGG,Diamond 1,33,89,,245,229
591,summoner-374337,592,BlUE lCE,Diamond 1,33,80,,156,144
592,summoner-76129,593,Rÿn,Diamond 1,33,92,,124,107
593,summoner-128767,594,La Tengo Grande,Diamond 1,33,97,,109,98
594,summoner-253921,595,AMJ Yatroll,Diamond 1,33,91,,108,97
595,summoner-6974007,596,Kick the Midlane,Diamond 1,33,53,,102,82
596,summoner-113443,597,DM ME IF EGIRL,Diamond 1,33,67,,99,82
597,summoner-190683,598,Maderíx,Diamond 1,33,60,,93,73
598,summoner-6360322,599,so my bad,Diamond 1,32,92,,203,190
599,summoner-25977,600,Chofa,Diamond 1,32,60,,147,126
600,summoner-1945705,601,Akira Shý,Diamond 1,32,76,,127,113
601,summoner-107514,602,JAJAJAJAJAJAJAJ,Diamond 1,31,89,,272,224
602,summoner-148493,603,JPERLCH3,Diamond 1,31,65,,90,69
603,summoner-490519,604,RetiredGod,Diamond 1,30,74,,184,174
604,summoner-4303209,605,Keishao,Diamond 1,30,77,,184,153
605,summoner-4853672,606,Pixys,Diamond 1,30,70,,132,110
606,summoner-12234633,607,Locurita XD,Diamond 1,30,74,,91,54
607,summoner-6350746,608,with your love,Diamond 1,30,130,,82,63
608,summoner-143032,609,ACONTR3H,Diamond 1,29,74,,117,100
609,summoner-53835,610,k c,Diamond 1,28,71,,176,148
610,summoner-112791,611,OVNI,Diamond 1,27,120,,227,208
611,summoner-220311,612,Slayerzx123,Diamond 1,27,107,,173,161
612,summoner-12702513,613,Admiral Kunkka,Diamond 1,27,44,,98,59
613,summoner-1557721,614,davidfl,Diamond 1,26,70,,220,210
614,summoner-112661,615,Absence,Diamond 1,26,77,,133,120
615,summoner-45739,616,FonTyTy,Diamond 1,26,92,,120,88
616,summoner-23907,617,EmoPorEmilio,Diamond 1,25,117,,257,238
617,summoner-14650166,618,Fantasi,Diamond 1,25,70,,202,175
618,summoner-35890,619,Necko,Diamond 1,25,93,,199,183
619,summoner-98602,620,MemoKsW,Diamond 1,25,101,,178,161
620,summoner-5970580,621,Bot Elmer,Diamond 1,25,112,,151,136
621,summoner-137286,622,BL Nieve Negra,Diamond 1,25,71,,101,68
622,summoner-1751868,623,AMBUSH14231342,Diamond 1,25,54,,97,57
623,summoner-15500212,624,Fªntasi,Diamond 1,25,40,,80,39
624,summoner-182271,625,YoRHa Type A2,Diamond 1,25,77,,43,27
625,summoner-2831198,626,CordobesNotFound,Diamond 1,24,120,,268,250
626,summoner-7401964,627,3ternity,Diamond 1,24,60,,94,46
627,summoner-12220596,628,Jungle Peruvian,Diamond 1,23,116,,377,365
628,summoner-134816,629,ENNDO,Diamond 1,23,68,,200,179
629,summoner-217033,630,RBT Burritox,Diamond 1,23,64,,101,87
630,summoner-12200292,631,Insäne,Diamond 1,23,125,,59,37
631,summoner-16172160,632,EVV Filopo,Diamond 1,23,33,,42,6
632,summoner-16172162,633,Sakai,Diamond 1,23,33,,42,6
633,summoner-118616,634,Workout,Diamond 1,22,100,,294,278
634,summoner-75128,635,Razky,Diamond 1,22,58,,215,179
635,summoner-371650,636,Netherworld,Diamond 1,22,73,,179,141
636,summoner-80063,637,Oni Sama,Diamond 1,22,71,,100,95
637,summoner-43818,638,TA Comander,Diamond 1,22,47,,90,75
638,summoner-45291,639,PorotoLolero,Diamond 1,22,42,,49,26
639,summoner-13903836,640,Incoming Rage,Diamond 1,21,115,,369,400
640,summoner-60025,641,ARC Tomate,Diamond 1,21,95,,213,198
641,summoner-43354,642,Agwozh,Diamond 1,20,85,,94,75
642,summoner-1132526,643,KING OF THE GANG,Diamond 1,19,161,,233,201
643,summoner-4380877,644,Zevirah,Diamond 1,19,86,,219,199
644,summoner-310373,645,Vanníty,Diamond 1,19,78,,177,168
645,summoner-302344,646,TóxicoPLS,Diamond 1,19,98,,73,56
646,summoner-32698,647,Guante,Diamond 1,18,117,,252,243
647,summoner-204523,648,Macky,Diamond 1,18,105,,222,202
648,summoner-198329,649,Sophrosyne,Diamond 1,18,110,,185,169
649,summoner-432780,650,muito,Diamond 1,18,82,,163,160
650,summoner-10280137,651,MadnessButt,Diamond 1,18,51,,126,89
651,summoner-201653,652,Fighter Slayer,Diamond 1,18,66,,97,83
652,summoner-49302,653,Navarret,Diamond 1,18,103,,66,57
653,summoner-150900,654,Summoner,Diamond 1,17,119,,337,321
654,summoner-1975555,655,UT Peep,Diamond 1,17,146,,311,275
655,summoner-4452901,656,Sr Heladitö,Diamond 1,17,118,,299,273
656,summoner-9986100,657,Niges,Diamond 1,17,104,,285,270
657,summoner-13791668,658,Streamer,Diamond 1,17,67,,259,218
658,summoner-2570443,659,onlymidmain,Diamond 1,17,78,,130,90
659,summoner-14130136,660,DH Rice,Diamond 1,17,55,,128,115
660,summoner-14086351,661,Scripter btw,Diamond 1,17,74,,56,43
661,summoner-1422251,662,Fosbak,Diamond 1,16,124,,430,396
662,summoner-373737,663,lost in ur smile,Diamond 1,16,101,,296,292
663,summoner-12041937,664,Pr0mesasKeep,Diamond 1,16,62,,138,114
664,summoner-1945632,665,AllbaK,Diamond 1,15,52,,142,88
665,summoner-1896899,666,xShadow10,Diamond 1,14,133,,162,131
666,summoner-114879,667,Sn3x,Diamond 1,13,43,,65,60
667,summoner-1641437,668,F23,Diamond 1,12,90,,163,150
668,summoner-208214,669,Tipazo,Diamond 1,11,49,,66,49
669,summoner-6654310,670,lush0sky,Diamond 1,10,96,,116,90
670,summoner-302227,671,Dukie,Diamond 1,10,75,,91,86
671,summoner-129953,672,Meguita,Diamond 1,10,41,,32,19
672,summoner-164017,673,Patagónico,Diamond 1,9,131,,614,614
673,summoner-520647,674,Kino,Diamond 1,9,70,,184,168
674,summoner-104067,675,Nottingham Lace,Diamond 1,9,50,,60,39
675,summoner-5044735,676,DAWNDEMON,Diamond 1,8,65,,186,165
676,summoner-1351102,677,Peluca,Diamond 1,7,111,,102,68
677,summoner-1052405,678,terbaik1,Diamond 1,6,85,,227,215
678,summoner-205833,679,Copo Snow,Diamond 1,6,117,,164,142
679,summoner-71664,680,MonjeFunky,Diamond 1,5,82,,158,146
680,summoner-39071,681,Teppei,Diamond 1,4,124,,578,579
681,summoner-1036527,682,RAAAAAAAAAAAAAIN,Diamond 1,4,76,,265,260
682,summoner-168550,683,Gastruks,Diamond 1,4,76,,249,245
683,summoner-191519,684,Kantus Lion,Diamond 1,3,76,,156,133
684,summoner-43381,685,1DBaby,Diamond 1,3,114,,132,115
685,summoner-940261,686,ZegtioN,Diamond 1,3,76,,125,118
686,summoner-8764731,687,Aliciæ Neko Chan,Diamond 1,3,99,,123,84
687,summoner-390753,688,TNO Start,Diamond 1,3,90,,95,81
688,summoner-4300422,689,Kirenkill,Diamond 1,2,74,,180,161
689,summoner-1462695,690,Tad,Diamond 1,0,141,,495,505
690,summoner-39785,691,Míshu,Diamond 1,0,123,,453,438
691,summoner-117582,692,Malcom Brest,Diamond 1,0,101,,410,358
692,summoner-38965,693,Leo Ponzio,Diamond 1,0,98,,408,400
693,summoner-3980755,694,Conejito Triste,Diamond 1,0,142,,366,339
694,summoner-12210372,695,Firstsenbon,Diamond 1,0,147,,363,336
695,summoner-42820,696,InugamiSama,Diamond 1,0,107,,337,324
696,summoner-5351066,697,Sholwan Joestar,Diamond 1,0,140,,277,258
697,summoner-7590379,698,Uxïe,Diamond 1,0,99,,271,271
698,summoner-4400820,699,ATR pibe Argento,Diamond 1,0,109,,262,238
699,summoner-12151685,700,Fenha Rawy,Diamond 1,0,86,,253,241
700,summoner-861558,701,JhonyKey,Diamond 1,0,110,,249,246
701,summoner-300900,702,Desvirgensen GG,Diamond 1,0,71,,229,215
702,summoner-109041,703,Kayse,Diamond 1,0,75,,213,200
703,summoner-245064,704,Queri is Back,Diamond 1,0,86,,213,208
704,summoner-37529,705,El Morro García,Diamond 1,0,83,,205,196
705,summoner-15812027,706,Owen is back,Diamond 1,0,54,,193,164
706,summoner-542087,707,Impeesa,Diamond 1,0,94,,191,167
707,summoner-187359,708,Nutcracko,Diamond 1,0,92,,189,166
708,summoner-1164053,709,Calamidadl,Diamond 1,0,116,,181,172
709,summoner-80244,710,DreamOe,Diamond 1,0,70,,181,120
710,summoner-124010,711,Peppee,Diamond 1,0,80,,180,162
711,summoner-36325,712,raidenFTW,Diamond 1,0,118,,176,133
712,summoner-11221826,713,awa en el UwU,Diamond 1,0,152,,171,156
713,summoner-1040646,714,SoCaToa,Diamond 1,0,99,,169,143
714,summoner-864271,715,GOD CesarBaeza,Diamond 1,0,60,,168,150
715,summoner-1485977,716,SiriusDeCanMayor,Diamond 1,0,76,,168,151
716,summoner-14180902,717,d4blonair,Diamond 1,0,55,,165,122
717,summoner-257636,718,iRayleigh,Diamond 1,0,76,,155,134
718,summoner-5390228,719,Tamare,Diamond 1,0,66,,154,136
719,summoner-88804,720,LA COBRA,Diamond 1,0,72,,152,145
720,summoner-12200629,721,The Búho,Diamond 1,0,94,,149,141
721,summoner-39973,722,Blerin,Diamond 1,0,84,,148,134
722,summoner-93639,723,Mistic Cba,Diamond 1,0,83,,147,134
723,summoner-834086,724,Skrillex22,Diamond 1,0,86,,146,127
724,summoner-11930175,725,Lukitya OG,Diamond 1,0,71,,145,82
725,summoner-310981,726,Juandix,Diamond 1,0,69,,140,123
726,summoner-13572044,727,Queens Gamer,Diamond 1,0,83,,135,115
727,summoner-1478821,728,Zhavïaˇ,Diamond 1,0,75,,135,124
728,summoner-481124,729,cry to sleep,Diamond 1,0,113,,135,118
729,summoner-1278251,730,Indra Bhavałan,Diamond 1,0,57,,119,34
730,summoner-73331,731,20072003,Diamond 1,0,113,,115,97
731,summoner-171121,732,Cäos,Diamond 1,0,72,,110,107
732,summoner-140788,733,PastelDeChoclo,Diamond 1,0,66,,109,82
733,summoner-93699,734,ricosuaveyatusae,Diamond 1,0,104,,105,99
734,summoner-156929,735,Chwal,Diamond 1,0,94,,103,103
735,summoner-4605964,736,Vicho mata Jiles,Diamond 1,0,94,,103,80
736,summoner-14120141,737,RBT Bob,Diamond 1,0,57,,103,78
737,summoner-9894364,738,Not Frandaero,Diamond 1,0,55,,100,68
738,summoner-4148630,739,xLockios,Diamond 1,0,62,,99,71
739,summoner-299601,740,Sum 41,Diamond 1,0,64,,98,94
740,summoner-3822417,741,qWest,Diamond 1,0,87,,96,90
741,summoner-1003667,742,DkA Darkito,Diamond 1,0,114,,91,74
742,summoner-726351,743,CocaineNight,Diamond 1,0,73,,90,71
743,summoner-417125,744,thiedz2,Diamond 1,0,48,,86,60
744,summoner-76644,745,Leofull,Diamond 1,0,58,,86,62
745,summoner-159639,746,carrying limp,Diamond 1,0,90,,84,74
746,summoner-1806294,747,Mogölica,Diamond 1,0,67,,82,69
747,summoner-94213,748,AsuciTo,Diamond 1,0,99,,77,59
748,summoner-16022445,749,Fck this World,Diamond 1,21,41,,73,33
749,summoner-136260,750,SoadMaster98,Diamond 1,0,46,,72,54
750,summoner-9380130,751,IronBurners,Diamond 1,0,93,,69,57
751,summoner-13814673,752,ITHimea,Diamond 1,0,63,,64,60
752,summoner-235393,753,Migita de Pan,Diamond 1,0,47,,61,44
753,summoner-304369,754,2FckingCLEAN,Diamond 1,0,109,,60,43
754,summoner-5512892,755,TØXIC RIVEN,Diamond 1,0,84,,40,19
755,summoner-7790606,756,Con CHOCOLATE,Diamond 2,100,104,,269,273
756,summoner-164246,757,Daft,Diamond 2,100,116,,263,244
757,summoner-14451557,758,luqixen v2,Diamond 2,100,70,,256,209
758,summoner-1965130,759,Kundo,Diamond 2,100,106,,248,222
759,summoner-10711292,760,Bäster,Diamond 2,100,59,,181,132
760,summoner-411624,761,Vengeful Dome,Diamond 2,100,77,,161,143
761,summoner-217586,762,0drep,Diamond 2,100,91,,158,127
762,summoner-7003809,763,Zero Twö,Diamond 2,100,90,,149,144
763,summoner-1423674,764,Maxij00,Diamond 2,100,80,,131,89
764,summoner-211516,765,Master YEET,Diamond 2,100,118,,126,97
765,summoner-12905076,766,FaryaAndWoIyo,Diamond 2,100,62,,125,73
766,summoner-429447,767,Selva24siete,Diamond 2,100,53,,121,105
767,summoner-7260396,768,Dixion,Diamond 2,100,120,,109,77
768,summoner-2287883,769,RaiseINyxJ,Diamond 2,100,58,,91,64
769,summoner-2298770,770,Cute Yasuo,Diamond 2,100,131,,78,53
770,summoner-912043,771,Copihue Marchito,Diamond 2,99,103,,219,207
771,summoner-50344,772,Upi Cat,Diamond 2,98,98,,276,248
772,summoner-14130135,773,DH Gefahr,Diamond 2,98,38,,49,26
773,summoner-386291,774,Rakanishü,Diamond 2,95,64,,68,54
774,summoner-67297,775,MrHamburguesa,Diamond 2,95,78,,40,27
775,summoner-206966,776,Retrix,Diamond 2,94,71,,186,175
776,summoner-12031964,777,PenduIum,Diamond 2,94,47,,65,51
777,summoner-1370716,778,Xayahrines,Diamond 2,92,147,,509,482
778,summoner-61478,779,Zverëv,Diamond 2,92,66,,163,147
779,summoner-66497,780,PIT0HUI,Diamond 2,92,103,,154,139
780,summoner-2991063,781,rokka,Diamond 2,91,130,,429,427
781,summoner-79527,782,Arroz,Diamond 2,91,64,,118,109
782,summoner-657140,783,GonzaloooxD,Diamond 2,91,63,,76,55
783,summoner-27910,784,N4tsu Dr4agneel,Diamond 2,91,64,,73,50
784,summoner-13890288,785,Fear on Bush,Diamond 2,90,65,,218,165
785,summoner-4024395,786,Briandy,Diamond 2,90,104,,150,139
786,summoner-423109,787,kakashi xP,Diamond 2,89,89,,231,183
787,summoner-240624,788,Tankeniken,Diamond 2,87,98,,171,140
788,summoner-3460229,789,Semper Idem,Diamond 2,87,66,,121,100
789,summoner-1077703,790,NCX Loky,Diamond 2,86,99,,324,315
790,summoner-1180883,791,Andres1,Diamond 2,86,58,,163,104
791,summoner-297285,792,Luvo Luvito,Diamond 2,86,56,,150,136
792,summoner-3311988,793,Wanchope Ramos,Diamond 2,85,93,,215,214
793,summoner-2924079,794,Makeart reformed,Diamond 2,84,72,,148,122
794,summoner-690270,795,the end is near,Diamond 2,84,42,,54,41
795,summoner-421304,796,ÐieGod,Diamond 2,83,99,,282,266
796,summoner-3991412,797,Wisefang,Diamond 2,83,84,,220,203
797,summoner-79687,798,Ex Semi Pro,Diamond 2,83,94,,199,193
798,summoner-1556215,799,iNasThy,Diamond 2,83,113,,190,168
799,summoner-24405,800,Hanu,Diamond 2,83,102,,120,108
800,summoner-68700,801,nêo,Diamond 2,83,55,,115,107
801,summoner-5610161,802,King Kong I,Diamond 2,83,48,,103,81
802,summoner-2361583,803,123xdlul,Diamond 2,83,55,,99,86
803,summoner-89930,804,Hoosick,Diamond 2,82,131,,463,457
804,summoner-1577980,805,Churman,Diamond 2,82,145,,163,148
805,summoner-5072947,806,Syuchan,Diamond 2,81,84,,231,217
806,summoner-56038,807,meiser,Diamond 2,81,75,,111,101
807,summoner-22509,808,KadrieN,Diamond 2,80,164,,626,612
808,summoner-294939,809,Remotion,Diamond 2,79,73,,107,85
809,summoner-1555402,810,Titardo,Diamond 2,78,142,,419,407
810,summoner-1611820,811,èXs,Diamond 2,78,52,,97,88
811,summoner-1510147,812,SurgiçaL,Diamond 2,77,55,,87,80
812,summoner-4003528,813,Like a Stone,Diamond 2,76,79,,62,50
813,summoner-7224490,814,Draknar,Diamond 2,75,175,,436,437
814,summoner-8060155,815,YasuCOCO,Diamond 2,75,121,,397,401
815,summoner-1735054,816,TheDeserterYang,Diamond 2,75,113,,294,285
816,summoner-12050605,817,Voltedge,Diamond 2,75,102,,237,232
817,summoner-5074241,818,Fersito,Diamond 2,75,102,,233,193
818,summoner-1473680,819,Benjì,Diamond 2,75,93,,232,228
819,summoner-9947337,820,Nashejkz,Diamond 2,75,95,,224,214
820,summoner-171780,821,Maürice,Diamond 2,75,95,,222,221
821,summoner-91963,822,ForniteIsBetter,Diamond 2,75,72,,213,206
822,summoner-1495720,823,Loli LUX,Diamond 2,75,106,,207,200
823,summoner-98783,824,deratero,Diamond 2,75,90,,204,162
824,summoner-58984,825,HKs Totoreto,Diamond 2,75,67,,194,177
825,summoner-100093,826,Bayus,Diamond 2,75,67,,194,176
826,summoner-14130154,827,trueno corto,Diamond 2,75,65,,194,170
827,summoner-2308808,828,NároK,Diamond 2,75,90,,190,169
828,summoner-14120137,829,ISG Fear,Diamond 2,75,63,,186,114
829,summoner-35022,830,MjL,Diamond 2,75,66,,181,172
830,summoner-248676,831,Cuturrufo,Diamond 2,75,72,,174,170
831,summoner-22552,832,Chapannya,Diamond 2,75,77,,158,145
832,summoner-253897,833,Spotted,Diamond 2,75,92,,156,136
833,summoner-14097813,834,aoFF,Diamond 2,75,66,,152,105
834,summoner-6453121,835,Naabsito,Diamond 2,75,62,,145,97
835,summoner-6752477,836,mAkálister,Diamond 2,75,108,,144,134
836,summoner-60495,837,Mozilla Firefox,Diamond 2,75,74,,143,129
837,summoner-7572255,838,Nevergreen,Diamond 2,75,62,,138,135
838,summoner-1882984,839,PepitøPagaX2,Diamond 2,75,69,,138,126
839,summoner-11780134,840,ONLY GYAM PLS,Diamond 2,75,49,,136,88
840,summoner-14120155,841,cIs player 2026,Diamond 2,75,55,,134,101
841,summoner-897032,842,Pacif Li Yau,Diamond 2,75,82,,131,104
842,summoner-6830823,843,3ya,Diamond 2,75,51,,129,102
843,summoner-14650151,844,Zeift,Diamond 2,75,54,,127,120
844,summoner-1472963,845,washochico,Diamond 2,75,51,,126,115
845,summoner-14171676,846,KKKKKKKKKKKKKKK1,Diamond 2,75,47,,116,67
846,summoner-167145,847,DarkMittor,Diamond 2,75,61,,92,68
847,summoner-1600402,848,littlegod,Diamond 2,75,97,,91,85
848,summoner-116204,849,Kashiiix,Diamond 2,75,54,,86,63
849,summoner-13010323,850,N i c o m a n d0,Diamond 2,75,47,,81,60
850,summoner-840963,851,Escibalo,Diamond 2,75,96,,73,66
851,summoner-730858,852,tuiter,Diamond 2,75,50,,54,38
852,summoner-11162135,853,xBlastZ,Diamond 2,74,74,,203,187
853,summoner-3814759,854,CroshFire,Diamond 2,73,171,,629,619
854,summoner-1224251,855,EnzoxxD,Diamond 2,73,92,,275,270
855,summoner-1163012,856,BNH JoseeDx,Diamond 2,73,85,,240,222
856,summoner-823305,857,Cristolink,Diamond 2,72,82,,210,206
857,summoner-280932,858,Senstus,Diamond 2,72,92,,77,61
858,summoner-538041,859,xEstarossa,Diamond 2,71,65,,185,177
859,summoner-1120626,860,StupidLoveStory,Diamond 2,71,78,,96,84
860,summoner-213274,861,ESPARTA41,Diamond 2,71,69,,79,65
861,summoner-1066221,862,Lorakev,Diamond 2,71,80,,58,38
862,summoner-1485192,863,Dark Kite,Diamond 2,70,79,,148,132
863,summoner-46649,864,0nli,Diamond 2,70,58,,126,109
864,summoner-6124829,865,WalSlipk,Diamond 2,70,68,,104,91
865,summoner-1910683,866,PERNITAS KILLER,Diamond 2,70,95,,86,73
866,summoner-414308,867,ReLife,Diamond 2,69,90,,152,131
867,summoner-1031416,868,Try again later,Diamond 2,69,118,,84,74
868,summoner-1132021,869,Bot Susu,Diamond 2,68,91,,160,148
869,summoner-4493801,870,PoneOtro,Diamond 2,68,69,,126,97
870,summoner-138718,871,Nachota5,Diamond 2,67,74,,155,149
871,summoner-291378,872,El Sir Uja,Diamond 2,67,85,,125,99
872,summoner-1494810,873,Karcâss,Diamond 2,66,93,,181,167
873,summoner-22395,874,Sarodag,Diamond 2,66,101,,133,117
874,summoner-2296964,875,HMago De OzH,Diamond 2,65,123,,506,483
875,summoner-1280390,876,WorstBardLAS,Diamond 2,65,69,,231,201
876,summoner-11920189,877,LílCarry,Diamond 2,65,84,,176,169
877,summoner-212702,878,LA COPA DE GRASA,Diamond 2,65,62,,70,55
878,summoner-485978,879,Ujän,Diamond 2,64,119,,478,475
879,summoner-1461299,880,rawr nya uwu grr,Diamond 2,64,118,,165,143
880,summoner-73494,881,TasteOrange,Diamond 2,64,70,,162,132
881,summoner-650230,882,Pablillo,Diamond 2,64,97,,121,106
882,summoner-8692278,883,TUTI DIOS,Diamond 2,64,239,,118,64
883,summoner-59945,884,Nestor menta,Diamond 2,64,89,,92,78
884,summoner-63257,885,DanixCabe,Diamond 2,63,74,,148,151
885,summoner-389909,886,LNL Articuno,Diamond 2,63,77,,140,126
886,summoner-163972,887,djseba,Diamond 2,63,54,,91,80
887,summoner-124626,888,44 Tute,Diamond 2,62,112,,281,267
888,summoner-1946108,889,Short Joke,Diamond 2,62,91,,273,252
889,summoner-165815,890,I love Baykon,Diamond 2,62,46,,57,44
890,summoner-131257,891,Demura,Diamond 2,62,44,,44,30
891,summoner-104307,892,IceQ,Diamond 2,60,106,,220,198
892,summoner-1342879,893,Blazth,Diamond 2,60,96,,167,150
893,summoner-193832,894,Thünder,Diamond 2,60,53,,93,87
894,summoner-4160848,895,Deussmaug5,Diamond 2,60,73,,88,78
895,summoner-9984477,896,ElHijo7,Diamond 2,59,115,,299,273
896,summoner-2930172,897,Vuestro Tirador,Diamond 2,59,82,,189,165
897,summoner-95759,898,Ezcanor,Diamond 2,59,67,,105,90
898,summoner-232815,899,koughi,Diamond 2,58,90,,230,234
899,summoner-42280,900,koré,Diamond 2,58,79,,183,162
900,summoner-37722,901,Lanser CL,Diamond 2,58,88,,163,144
901,summoner-142190,902,Crossboow,Diamond 2,58,88,,150,140
902,summoner-108275,903,Juanita Viale,Diamond 2,58,63,,115,107
903,summoner-11352642,904,Bigfoot AD Carry,Diamond 2,57,75,,275,256
904,summoner-1235406,905,Li Grim,Diamond 2,57,106,,234,232
905,summoner-52399,906,Sad Nibba Hours,Diamond 2,57,88,,146,128
906,summoner-12784993,907,Tóxic Ad Carry,Diamond 2,57,57,,132,113
907,summoner-9632857,908,CA TenteX,Diamond 2,56,96,,453,416
908,summoner-74230,909,LordFoxo,Diamond 2,56,107,,367,366
909,summoner-4590757,910,BrunoBY,Diamond 2,56,92,,285,272
910,summoner-480170,911,Colin1,Diamond 2,56,101,,216,211
911,summoner-111591,912,regency reload,Diamond 2,56,95,,197,182
912,summoner-40607,913,192cm support,Diamond 2,56,57,,103,95
913,summoner-1242005,914,ileu07,Diamond 2,56,96,,101,93
914,summoner-13430372,915,the leaf my soul,Diamond 2,55,71,,169,122
915,summoner-6740476,916,Santiago do Rego,Diamond 2,55,139,,163,146
916,summoner-52203,917,Mael Gayaud,Diamond 2,55,73,,131,132
917,summoner-581577,918,TheMasier,Diamond 2,55,126,,123,101
918,summoner-11090136,919,Kuzo,Diamond 2,55,62,,68,49
919,summoner-146561,920,Advanzeeee,Diamond 2,55,49,,61,54
920,summoner-6041508,921,TrustMe ADC,Diamond 2,54,54,,161,111
921,summoner-44114,922,Anaru,Diamond 2,54,87,,157,140
922,summoner-148317,923,LegendarioCastor,Diamond 2,54,103,,151,138
923,summoner-3812130,924,el tio francoco,Diamond 2,54,89,,140,130
924,summoner-2792742,925,marcos gomez7,Diamond 2,54,71,,113,118
925,summoner-3935623,926,Dylå,Diamond 2,54,62,,108,88
926,summoner-3994782,927,PK MaCry,Diamond 2,54,38,,47,29
927,summoner-123488,928,NicoNoico,Diamond 2,53,111,,249,230
928,summoner-260017,929,Tüi,Diamond 2,53,80,,152,125
929,summoner-618212,930,Chota Face,Diamond 2,53,105,,126,119
930,summoner-71613,931,T Dog,Diamond 2,53,71,,64,36
931,summoner-1549856,932,Sangría Wine,Diamond 2,53,84,,54,48
932,summoner-800243,933,Groovy Bear,Diamond 2,53,54,,51,36
933,summoner-36536,934,Randih,Diamond 2,52,80,,201,187
934,summoner-1042619,935,Mitsuki Gaiden,Diamond 2,51,72,,191,182
935,summoner-99148,936,FraudeAlFisco,Diamond 2,51,64,,80,65
936,summoner-659384,937,Nutria Mimosa,Diamond 2,50,93,,262,235
937,summoner-218709,938,asesinopa,Diamond 2,50,83,,197,183
938,summoner-5350670,939,LittIe ROODRA,Diamond 2,50,60,,68,51
939,summoner-22185,940,VAYNE IS IZI,Diamond 2,50,48,,60,43
940,summoner-1552625,941,NiarfeNelehCyan,Diamond 2,49,87,,186,183
941,summoner-5454488,942,Someonely,Diamond 2,49,82,,101,83
942,summoner-39318,943,SOUŁ,Diamond 2,49,86,,81,63
943,summoner-77436,944,Edenzin,Diamond 2,48,75,,79,54
944,summoner-626866,945,AxelBrody,Diamond 2,47,83,,140,118
945,summoner-882310,946,Vagabønd,Diamond 2,46,94,,216,208
946,summoner-12210145,947,9  Raul Ruidiaz,Diamond 2,46,65,,153,135
947,summoner-483622,948,Reverie,Diamond 2,45,87,,135,103
948,summoner-1820230,949,PokerJM,Diamond 2,45,81,,106,92
949,summoner-188016,950,QKel,Diamond 2,44,141,,533,517
950,summoner-40743,951,Royha,Diamond 2,44,112,,344,335
951,summoner-257125,952,baby koughi,Diamond 2,44,104,,323,334
952,summoner-961927,953,Steiner Recliner,Diamond 2,44,68,,158,153
953,summoner-286211,954,Unity Sea Dragon,Diamond 2,44,98,,135,114
954,summoner-247086,955,DAMN ITS ANIBAL,Diamond 2,44,80,,59,46
955,summoner-68003,956,Juego top uwu,Diamond 2,43,62,,91,62
956,summoner-170034,957,WAAAANDiX,Diamond 2,43,38,,53,30
957,summoner-1914717,958,Itsuka,Diamond 2,42,98,,318,316
958,summoner-618851,959,El Capitan Beto,Diamond 2,42,92,,270,273
959,summoner-6343581,960,Lil Mitsu,Diamond 2,42,131,,120,111
960,summoner-67690,961,Nyppa,Diamond 2,42,64,,92,79
961,summoner-1131916,962,AZ Tiger,Diamond 2,42,70,,89,71
962,summoner-1151949,963,Alejandro Soto,Diamond 2,41,88,,53,38
963,summoner-158912,964,Nujabës,Diamond 2,40,95,,263,262
964,summoner-3111245,965,ÆT Aweodinho,Diamond 2,40,111,,249,229
965,summoner-44470,966,Tia May,Diamond 2,40,80,,220,209
966,summoner-93444,967,Panda1,Diamond 2,40,89,,196,181
967,summoner-6333529,968,Lil GiozaK,Diamond 2,40,94,,183,173
968,summoner-251657,969,Huehuehue,Diamond 2,40,86,,109,100
969,summoner-291690,970,kek,Diamond 2,40,72,,73,52
970,summoner-175504,971,qtnaxota,Diamond 2,40,100,,71,53
971,summoner-137278,972,Xuby,Diamond 2,39,85,,263,250
972,summoner-1566523,973,xnxnx,Diamond 2,39,70,,96,89
973,summoner-298376,974,Meldreın,Diamond 2,39,48,,71,47
974,summoner-33987,975,Ferrarii 404,Diamond 2,38,60,,154,86
975,summoner-7960347,976,Tall Morty,Diamond 2,38,52,,102,84
976,summoner-42740,977,Lovely Senpai,Diamond 2,38,87,,76,64
977,summoner-39918,978,bít,Diamond 2,37,104,,213,212
978,summoner-4820843,979,Starshy,Diamond 2,37,98,,140,130
979,summoner-26529,980,khzxr is love,Diamond 2,37,62,,129,115
980,summoner-230234,981,Soma Landsknetch,Diamond 2,37,89,,102,91
981,summoner-391377,982,LøveIy Guy,Diamond 2,37,183,,101,80
982,summoner-924987,983,marksman buitre,Diamond 2,36,86,,359,327
983,summoner-82467,984,Scryers Bloom,Diamond 2,36,96,,320,317
984,summoner-199570,985,DKS,Diamond 2,36,68,,177,149
985,summoner-4051681,986,linkzd,Diamond 2,36,65,,141,127
986,summoner-1902079,987,Midnight A7X,Diamond 2,36,117,,103,68
987,summoner-15662257,988,Mondrąkk,Diamond 2,36,47,,77,41
988,summoner-64156,989,Wésker,Diamond 2,36,55,,68,54
989,summoner-111822,990,Riko,Diamond 2,35,71,,251,228
990,summoner-167838,991,Koete,Diamond 2,35,78,,139,133
991,summoner-1531278,992,Røk,Diamond 2,35,70,,35,28
992,summoner-3670175,993,Ånną Paułą,Diamond 2,34,130,,599,600
993,summoner-25524,994,Kirigaya Kazut0,Diamond 2,34,82,,235,222
994,summoner-218972,995,Get Hyper,Diamond 2,34,70,,170,159
995,summoner-10190124,996,Stróng,Diamond 2,34,53,,131,120
996,summoner-86114,997,Jijo,Diamond 2,34,86,,108,83
997,summoner-4090797,998,Rakelstake,Diamond 2,33,60,,187,171
998,summoner-314114,999,CHINO MORENO,Diamond 2,33,56,,131,101
999,summoner-55643,1000,KNoW Name,Diamond 2,33,85,,91,77
