#timestamp 1530230440556
#date 2018-06-29T00:00:40+00:00
#players 1000
#index,id,rank,name,tier,lp,level,proTeam,win,loss
0,summoner-12190942,1,MMM REMIND,Challenger,1246,48,,154,98
1,summoner-11370132,2,sp18,Challenger,1174,56,,191,140
2,summoner-11460164,3,BMR TIger987,Challenger,1110,99,,346,302
3,summoner-11350137,4,Lakiaro,Challenger,1067,49,,136,87
4,summoner-11460126,5,BMR Sleeping,Challenger,1053,101,,315,278
5,summoner-473922,6,Phantiksˉ,Challenger,1043,49,,145,97
6,summoner-2651026,7,NishiZhuma,Challenger,1010,57,,189,132
7,summoner-11360138,8,Monkey D Ryoma,Challenger,1003,59,,198,152
8,summoner-297478,9,weixin s5683169,Challenger,920,72,,190,137
9,summoner-11350138,10,ORD Swiffer,Challenger,913,65,,250,199
10,summoner-4380973,11,Phantiks OuO,Challenger,901,64,,164,129
11,summoner-381031,12,AresXd,Challenger,859,48,,118,76
12,summoner-1530604,13,ORD Ming,Challenger,856,74,,198,149
13,summoner-890259,14,Shok,Challenger,852,93,,228,197
14,summoner-5895478,15,Monkey D Mitch,Challenger,850,65,,195,151
15,summoner-229825,16,Apink Bomi2,Challenger,832,66,,209,175
16,summoner-274464,17,Phantiks,Challenger,820,47,,129,91
17,summoner-5935237,18,Gon123,Challenger,817,77,,301,262
18,summoner-11360145,19,ORD Uzi,Challenger,795,50,,167,99
19,summoner-571021,20,Wherearewe,Challenger,788,67,,196,164
20,summoner-233854,21,Gðku,Challenger,786,70,,192,161
21,summoner-3150942,22,QQ854166019,Challenger,763,89,,353,313
22,summoner-735088,23,tlxjkgcpl17717,Challenger,754,70,,226,189
23,summoner-10811838,24,Babo Beongsin JH,Challenger,741,62,,99,68
24,summoner-444311,25,SSG Decoy,Challenger,734,74,,145,123
25,summoner-929978,26,Fudge,Challenger,713,121,,452,423
26,summoner-493127,27,Eyla,Challenger,709,98,,169,146
27,summoner-952670,28,Praelus,Challenger,698,85,,187,160
28,summoner-10061365,29,EMP Chazz,Challenger,680,63,,194,157
29,summoner-11350133,30,NMSLWSNDHJYZ,Challenger,659,53,,135,106
30,summoner-483862,31,Cuden 1,Challenger,643,107,,227,207
31,summoner-11360141,32,Rotomairewhenua,Challenger,636,64,,153,119
32,summoner-601923,33,ITN Haeri,Challenger,634,125,,267,240
33,summoner-8010384,34,Guts,Challenger,619,125,,423,397
34,summoner-432291,35,Sybol,Challenger,598,75,,201,180
35,summoner-620972,36,Better on Top,Challenger,593,100,,178,158
36,summoner-12240938,37,seo hanbit,Challenger,570,39,,68,37
37,summoner-456280,38,Terrath,Challenger,562,105,,285,246
38,summoner-445723,39,Hotchelli,Challenger,555,93,,274,246
39,summoner-569466,40,Plug1,Challenger,553,100,,355,335
40,summoner-10071209,41,Ai no misete,Challenger,551,54,,146,117
41,summoner-5910870,42,you will miss me,Challenger,532,67,,242,211
42,summoner-577995,43,Uther,Challenger,526,54,,103,71
43,summoner-303763,44,MAKE OUT HILLXXX,Challenger,508,82,,269,259
44,summoner-11690394,45,b1waC,Challenger,508,63,,219,165
45,summoner-11360144,46,Monkey Madness,Challenger,504,58,,202,177
46,summoner-2572199,47,41095,Challenger,501,89,,139,106
47,summoner-578793,48,Coachboo,Challenger,490,74,,173,158
48,summoner-494121,49,ry0ma,Challenger,484,47,,122,92
49,summoner-12130716,50,no habla ingles,Challenger,478,46,,130,78
50,summoner-472833,51,siuman,Challenger,474,71,,233,214
51,summoner-991093,52,Jenkins,Challenger,460,134,,239,217
52,summoner-5741616,53,Msituay,Challenger,460,55,,167,120
53,summoner-8521226,54,Dream111,Challenger,459,76,,258,215
54,summoner-4961001,55,alexxxxxx,Challenger,456,59,,135,109
55,summoner-5831171,56,KRdoink,Challenger,452,94,,144,118
56,summoner-8524790,57,Big Dobes,Challenger,438,72,,247,204
57,summoner-507474,58,BeeShoe,Challenger,438,77,,239,207
58,summoner-1332943,59,Panda ouo,Challenger,432,75,,150,130
59,summoner-3661252,60,Rédemption,Challenger,428,69,,187,165
60,summoner-291848,61,Feint,Challenger,421,86,,193,175
61,summoner-316587,62,Praedvth,Challenger,421,87,,175,151
62,summoner-230726,63,BioPanther,Challenger,420,118,,174,162
63,summoner-11970252,64,apiiii,Challenger,419,62,,190,138
64,summoner-11370136,65,ˆˉˇˉ,Challenger,419,42,,89,55
65,summoner-801178,66,Chippys,Challenger,416,65,,190,179
66,summoner-9730774,67,w1ndzera234,Challenger,416,56,,146,116
67,summoner-564778,68,Omnî,Challenger,415,122,,619,607
68,summoner-11001000,69,BITCONNEEEEEEECT,Challenger,414,73,,191,136
69,summoner-8930124,70,LTZevil is back,Challenger,413,65,,98,76
70,summoner-633527,71,Netsky,Challenger,409,81,,272,246
71,summoner-293743,72,Lily,Challenger,403,115,,347,320
72,summoner-11370125,73,No Talent Player,Challenger,402,49,,132,110
73,summoner-11370134,74,amok,Challenger,402,47,,109,94
74,summoner-8611092,75,ITN Aladoric,Challenger,400,142,,477,464
75,summoner-3131580,76,Utopia,Challenger,386,112,,346,328
76,summoner-457370,77,Thiên,Challenger,369,132,,570,543
77,summoner-11720163,78,Arbitux,Challenger,365,89,,184,155
78,summoner-11050315,79,GellyCub,Challenger,363,116,,385,365
79,summoner-724526,80,WÆN,Challenger,356,65,,158,110
80,summoner-239897,81,Getback,Challenger,353,129,,336,328
81,summoner-232632,82,Cheezels,Challenger,351,84,,231,188
82,summoner-301731,83,Mog,Challenger,349,116,,427,427
83,summoner-276531,84,Le Monsieur,Challenger,346,114,,272,253
84,summoner-12510151,85,Testing Numbers,Challenger,346,51,,169,143
85,summoner-279834,86,billy bong,Challenger,336,73,,212,177
86,summoner-311555,87,Vans,Challenger,328,105,,120,100
87,summoner-328401,88,Oikawa Tooru,Challenger,326,127,,210,193
88,summoner-317688,89,Big Brain Wil,Challenger,321,89,,152,143
89,summoner-381426,90,Skellyy,Challenger,320,76,,253,185
90,summoner-3560761,91,Small bubble,Challenger,318,72,,112,98
91,summoner-2752573,92,retributionˉ,Challenger,315,63,,218,133
92,summoner-11203083,93,RareSticks Clap,Challenger,312,63,,214,155
93,summoner-590799,94,BMR Seb,Challenger,310,90,,194,177
94,summoner-508906,95,Plutó,Challenger,310,87,,194,160
95,summoner-11781766,96,Johnber Gazua,Challenger,310,55,,134,82
96,summoner-1394873,97,MR FAT PIG,Challenger,309,143,,356,333
97,summoner-7891163,98,AC HatsuyukiYumi,Challenger,307,50,,112,88
98,summoner-6261249,99,remember when,Challenger,301,73,,148,95
99,summoner-604210,100,e g ý m,Challenger,300,74,,184,170
100,summoner-644072,101,UDYSOF,Challenger,296,106,,320,312
101,summoner-1270780,102,qwerasdf1234zxct,Challenger,290,66,,217,165
102,summoner-4973029,103,HENRYJWATERNOOSE,Challenger,290,56,,108,95
103,summoner-631376,104,AV Jayke,Challenger,283,80,,206,198
104,summoner-8891509,105,playlikefly,Challenger,283,77,,153,125
105,summoner-490487,106,D1O,Challenger,281,56,,157,102
106,summoner-510102,107,obito1,Challenger,274,72,,244,219
107,summoner-901128,108,Pengsing,Challenger,269,54,,139,116
108,summoner-1891503,109,TheLilTeaPot,Challenger,266,70,,194,154
109,summoner-297107,110,Edna Krabappoly,Challenger,265,43,,115,95
110,summoner-399995,111,Draqon,Challenger,262,98,,219,215
111,summoner-11860179,112,RONAN,Challenger,258,63,,244,198
112,summoner-478475,113,mister f is back,Challenger,254,74,,266,199
113,summoner-408703,114,Bambi On Ice,Challenger,249,87,,127,109
114,summoner-1592239,115,Pap,Challenger,248,120,,301,278
115,summoner-577848,116,Countdown Timer,Challenger,248,65,,173,156
116,summoner-11501277,117,EnterKeyRemoved,Challenger,247,71,,300,265
117,summoner-623208,118,Alto Angelo,Challenger,244,64,,114,92
118,summoner-445071,119,mattyg33,Challenger,243,132,,460,444
119,summoner-3710963,120,Ailuna,Challenger,241,50,,119,97
120,summoner-6821398,121,Prae1us,Challenger,241,65,,72,60
121,summoner-553889,122,Minkywhale,Challenger,239,105,,376,366
122,summoner-563169,123,BMR Rosey,Challenger,239,65,,154,136
123,summoner-456316,124,NMSL NiQueZaiBB,Challenger,238,44,,103,86
124,summoner-11890144,125,Evanescere,Challenger,237,41,,103,54
125,summoner-11980148,126,404 ILoveBella,Challenger,230,150,,125,109
126,summoner-4962426,127,Plummet,Challenger,228,87,,158,122
127,summoner-670149,128,LaughingMan,Challenger,226,72,,156,133
128,summoner-10890476,129,RèVelUvs,Challenger,224,104,,351,315
129,summoner-632903,130,PD AN,Challenger,220,66,,242,225
130,summoner-357041,131,Incursio,Challenger,219,123,,407,387
131,summoner-463992,132,1m 16 years old,Challenger,219,85,,399,331
132,summoner-558311,133,BeachWhale,Challenger,216,118,,350,326
133,summoner-278781,134,Harrí,Challenger,216,155,,73,66
134,summoner-481868,135,PowerfulUnicorn,Challenger,207,107,,156,134
135,summoner-5031491,136,Dappa kappa,Challenger,207,116,,97,84
136,summoner-299446,137,Sam,Challenger,205,115,,204,195
137,summoner-693842,138,Played,Challenger,205,74,,185,176
138,summoner-12080166,139,CommandAttack NA,Challenger,204,66,,223,211
139,summoner-330947,140,gunkrab,Challenger,195,116,,400,395
140,summoner-1022808,141,LittlePapa,Challenger,193,75,,139,123
141,summoner-713688,142,Emphasis,Challenger,192,75,,125,109
142,summoner-463736,143,Farm,Challenger,192,67,,110,93
143,summoner-342457,144,Gbay99,Challenger,191,112,,270,254
144,summoner-3665599,145,Dragonair,Challenger,191,58,,99,79
145,summoner-439696,146,Xanquish,Challenger,189,79,,181,162
146,summoner-1892186,147,LGC Only,Challenger,189,75,,144,136
147,summoner-311290,148,Mian Mian,Challenger,188,49,,110,97
148,summoner-328516,149,Sweety Spaghetti,Challenger,187,95,,322,303
149,summoner-1156907,150,1234hitdinosaur,Challenger,181,73,,207,194
150,summoner-5321182,151,WX a759514064,Challenger,179,41,,115,40
151,summoner-464106,152,Magic McDull,Challenger,178,129,,384,374
152,summoner-587485,153,carb0n,Challenger,176,97,,353,343
153,summoner-235541,154,Kaýn,Challenger,175,99,,99,77
154,summoner-277786,155,Smeds,Challenger,174,125,,170,153
155,summoner-2380423,156,Ayum1,Challenger,174,86,,110,80
156,summoner-345665,157,Sizzle,Challenger,172,67,,190,167
157,summoner-455507,158,emelg,Challenger,170,117,,189,169
158,summoner-590866,159,WoYou Bu Luanlai,Challenger,168,61,,200,148
159,summoner-8191549,160,Ahsilum,Challenger,157,71,,286,264
160,summoner-237590,161,Tekker,Challenger,157,82,,174,164
161,summoner-7890412,162,bojack ANU,Challenger,154,124,,444,411
162,summoner-8201755,163,Katsurii,Challenger,154,88,,254,243
163,summoner-945177,164,smurfQ283490070,Challenger,153,95,,426,382
164,summoner-2982057,165,Madmaximo,Challenger,152,140,,184,149
165,summoner-10061504,166,HTC GuaPi,Challenger,151,121,,446,424
166,summoner-437165,167,Azus,Challenger,147,119,,400,383
167,summoner-6381137,168,AresSigh,Challenger,147,42,,98,54
168,summoner-329397,169,G0V,Challenger,143,152,,483,473
169,summoner-448934,170,permanent mute,Challenger,141,92,,166,155
170,summoner-9101159,171,Just a game,Challenger,140,94,,440,407
171,summoner-9151665,172,BLACKPINK Róse,Challenger,139,43,,80,57
172,summoner-531379,173,aaeer,Challenger,138,81,,236,224
173,summoner-352592,174,Daegu Venus,Challenger,138,65,,115,95
174,summoner-1830141,175,kaios619,Challenger,137,70,,191,180
175,summoner-240105,176,Cane Me Daddy,Challenger,136,59,,168,120
176,summoner-1333527,177,Him and I,Challenger,136,48,,105,88
177,summoner-323313,178,Aware,Challenger,136,60,,80,67
178,summoner-8430194,179,RNG AI,Challenger,136,81,,77,66
179,summoner-9251514,180,dahaoshiwangzhe,Challenger,135,52,,142,109
180,summoner-2731428,181,ITN Fudge,Challenger,130,63,,183,135
181,summoner-12080136,182,PADO,Challenger,130,73,,152,73
182,summoner-6020977,183,DW k1ng,Challenger,130,37,,48,30
183,summoner-236616,184,SulNix,Challenger,129,109,,352,340
184,summoner-222562,185,Morgank Freeman,Challenger,126,108,,164,147
185,summoner-6680397,186,Jungle is win,Challenger,121,67,,168,155
186,summoner-11860960,187,trash canister,Challenger,120,70,,281,248
187,summoner-4802261,188,Mashadar,Challenger,117,67,,110,93
188,summoner-484631,189,Oshino,Challenger,116,80,,224,188
189,summoner-10951949,190,LilPump,Challenger,116,49,,138,103
190,summoner-7621555,191,Katsuri,Challenger,109,62,,143,126
191,summoner-3081213,192,MVP lan,Challenger,106,83,,189,182
192,summoner-12320606,193,Bogoshipuhyo,Challenger,105,36,,46,35
193,summoner-236630,194,Nomadic Jungler,Challenger,104,40,,68,47
194,summoner-477410,195,Klaire,Challenger,102,55,,147,126
195,summoner-11350140,196,cant remember,Challenger,101,49,,121,96
196,summoner-280161,197,Mayura,Challenger,100,116,,357,350
197,summoner-236461,198,Dis,Challenger,99,105,,316,304
198,summoner-6391346,199,kaiydo 2,Challenger,98,42,,89,47
199,summoner-272065,200,superwog1,Challenger,88,51,,94,84
200,summoner-8050173,201,good player97,Master,125,81,,79,72
201,summoner-3072610,202,Gerissi,Master,101,63,,176,158
202,summoner-5381177,203,Mr floppy sock,Master,106,110,,472,461
203,summoner-7291918,204,LetTheGayGo,Master,84,76,,233,217
204,summoner-3310720,205,Piggie,Master,81,73,,153,153
205,summoner-1440378,206,LoneIy,Master,78,88,,216,192
206,summoner-6130376,207,Gonna slay u,Master,73,71,,177,120
207,summoner-293100,208,Jub Jub,Master,71,89,,273,276
208,summoner-438257,209,ßlitzcrank,Master,65,58,,162,129
209,summoner-8930255,210,Yün Chèung,Master,63,143,,302,281
210,summoner-233721,211,k1ngOfTheYouth,Master,63,50,,86,82
211,summoner-231399,212,Zaptar,Master,62,125,,339,335
212,summoner-277034,213,Jolt,Master,62,105,,320,301
213,summoner-11161564,214,JaIeeI,Master,62,51,,98,73
214,summoner-3802072,215,SolStar,Master,62,65,,75,49
215,summoner-356125,216,Newto,Master,61,88,,240,229
216,summoner-5201174,217,MasterGarenDimon,Master,59,83,,239,218
217,summoner-470295,218,Navi,Master,59,76,,149,111
218,summoner-7281092,219,Cuo,Master,58,53,,150,136
219,summoner-557104,220,sh00zyz,Master,56,94,,99,86
220,summoner-221417,221,Chazz It Up,Master,55,61,,116,101
221,summoner-1903829,222,no hands btw,Master,53,68,,171,157
222,summoner-5451344,223,AwsomeSDevil,Master,52,105,,486,451
223,summoner-813780,224,Ionia,Master,51,68,,100,63
224,summoner-747148,225,Anderu,Master,50,104,,153,146
225,summoner-1750151,226,Tudo,Master,48,96,,250,244
226,summoner-10570533,227,owowowowowowowow,Master,46,49,,103,52
227,summoner-276134,228,Zíppo,Master,43,141,,128,101
228,summoner-481977,229,Tilterella,Master,41,74,,115,107
229,summoner-296998,230,CaitlynUltedJFK,Master,40,108,,221,210
230,summoner-490978,231,Taelen,Master,37,99,,398,368
231,summoner-6690216,232,2017 07 07,Master,35,117,,139,129
232,summoner-3110212,233,DW Cupcake,Master,33,65,,94,85
233,summoner-624689,234,Kurisutiiiina,Master,32,86,,213,203
234,summoner-11056599,235,mid halo,Master,30,74,,276,246
235,summoner-11212045,236,Dekar The Rengar,Master,30,58,,168,117
236,summoner-479574,237,Vivid,Master,30,86,,48,36
237,summoner-12330331,238,AV DarkSide,Master,29,36,,43,21
238,summoner-11230285,239,slkjdf,Master,24,59,,206,175
239,summoner-1250370,240,Akali or GG,Master,23,77,,253,249
240,summoner-8371066,241,H4MMY,Master,23,99,,202,172
241,summoner-744422,242,Farmer,Master,23,92,,180,170
242,summoner-567993,243,Chloe Burbank,Master,21,76,,71,59
243,summoner-443078,244,Pisang,Master,19,74,,296,256
244,summoner-7050167,245,SìNNERS,Master,18,108,,178,167
245,summoner-363411,246,Marvoss,Master,18,37,,65,33
246,summoner-326206,247,Coach Curtis,Master,10,55,,121,106
247,summoner-1280673,248,Qoobe,Master,4,73,,166,161
248,summoner-470404,249,BushyBooBoo,Master,0,162,,689,694
249,summoner-511802,250,Callurjglertrash,Master,0,61,,221,191
250,summoner-220545,251,Frolloc,Master,0,152,,206,172
251,summoner-852980,252,team bad me mad,Master,0,56,,155,123
252,summoner-454494,253,Rêxx,Master,0,107,,143,99
253,summoner-7130976,254,Animosityxx,Master,0,129,,141,146
254,summoner-405709,255,w1ndzera,Master,0,63,,121,109
255,summoner-4491948,256,DW SHERN1FIRE,Master,0,49,,115,71
256,summoner-10870678,257,Wìsh,Master,0,44,,90,73
257,summoner-237869,258,eezyarC toN,Diamond 1,100,136,,477,476
258,summoner-3490137,259,brekfast,Diamond 1,100,95,,340,335
259,summoner-901980,260,Dragku,Diamond 1,100,79,,257,242
260,summoner-6362083,261,d0t4nat0r,Diamond 1,100,162,,185,171
261,summoner-510010,262,Kimchiii,Diamond 1,100,78,,164,139
262,summoner-439337,263,GU Faker,Diamond 1,100,67,,154,143
263,summoner-820889,264,4444441,Diamond 1,100,50,,135,48
264,summoner-690302,265,chf Leo,Diamond 1,100,55,,96,86
265,summoner-8562347,266,Micah,Diamond 1,100,42,,92,41
266,summoner-7631957,267,twitchtvPhantiks,Diamond 1,100,39,,70,42
267,summoner-11030157,268,NONO,Diamond 1,100,53,,70,26
268,summoner-1321671,269,Giganaut,Diamond 1,100,74,,47,32
269,summoner-357181,270,Destinyy,Diamond 1,100,44,,44,35
270,summoner-509185,271,Noob,Diamond 1,99,62,,167,141
271,summoner-407599,272,Shogun Altair,Diamond 1,96,81,,107,92
272,summoner-434116,273,nooba,Diamond 1,96,50,,37,20
273,summoner-303883,274,c u soon,Diamond 1,95,88,,236,220
274,summoner-1395519,275,BMR Looch,Diamond 1,93,88,,261,241
275,summoner-326444,276,Huey Dewey Louie,Diamond 1,92,144,,483,467
276,summoner-5943766,277,Hkbesttroll,Diamond 1,92,82,,187,181
277,summoner-8620524,278,Baeatrice,Diamond 1,92,61,,133,119
278,summoner-8183067,279,Have Fun,Diamond 1,90,68,,141,126
279,summoner-11350131,280,Senuc DIN,Diamond 1,90,39,,58,28
280,summoner-9370914,281,pocketgirl,Diamond 1,90,53,,34,15
281,summoner-233863,282,Reminder,Diamond 1,89,98,,270,263
282,summoner-1260354,283,LaJiWangZheCNXM,Diamond 1,88,147,,548,547
283,summoner-6410962,284,IlIlIlIlIlIlIll,Diamond 1,88,46,,68,56
284,summoner-332728,285,mdvxwys,Diamond 1,87,55,,109,85
285,summoner-225340,286,Catch Me On Fire,Diamond 1,86,105,,443,434
286,summoner-460937,287,Deztend,Diamond 1,84,103,,256,231
287,summoner-234403,288,THE SMORC BEAR,Diamond 1,84,64,,128,110
288,summoner-11260152,289,Phosphophylite,Diamond 1,84,48,,102,86
289,summoner-891628,290,Ready321GO,Diamond 1,83,80,,238,232
290,summoner-343682,291,Peasy,Diamond 1,80,121,,252,243
291,summoner-299452,292,Mikazuki,Diamond 1,78,72,,104,92
292,summoner-336476,293,Tommy 2000,Diamond 1,77,61,,77,68
293,summoner-482979,294,bombboy,Diamond 1,77,47,,36,27
294,summoner-314888,295,JellyCub,Diamond 1,76,75,,267,267
295,summoner-3171338,296,weixin2285407603,Diamond 1,76,60,,171,163
296,summoner-479438,297,Falkner,Diamond 1,76,97,,128,123
297,summoner-9660178,298,PurpleLamaGamer,Diamond 1,75,109,,353,304
298,summoner-820884,299,Mur1m,Diamond 1,75,97,,345,330
299,summoner-741594,300,Kickback69,Diamond 1,75,68,,287,227
300,summoner-775147,301,shui bu gou TuT,Diamond 1,75,112,,265,224
301,summoner-5171370,302,Hi I am Vince,Diamond 1,75,89,,213,196
302,summoner-233843,303,Dreamy Donut,Diamond 1,75,59,,211,183
303,summoner-1343871,304,POSSYM,Diamond 1,75,74,,210,182
304,summoner-492773,305,stop torture me,Diamond 1,75,66,,192,155
305,summoner-2600474,306,gg ff,Diamond 1,75,60,,183,149
306,summoner-9920508,307,M4A11111,Diamond 1,75,85,,178,145
307,summoner-10451585,308,20 Mins in Q,Diamond 1,75,64,,164,160
308,summoner-5943935,309,Azure,Diamond 1,75,108,,158,136
309,summoner-300609,310,BladeWristed,Diamond 1,75,60,,152,125
310,summoner-232475,311,Boss McNuggets,Diamond 1,75,75,,143,121
311,summoner-11370128,312,Tijé,Diamond 1,75,49,,138,111
312,summoner-626793,313,feifeiAAAAAA,Diamond 1,75,67,,133,96
313,summoner-3162807,314,7425,Diamond 1,75,100,,130,111
314,summoner-5310901,315,kaios19231230221,Diamond 1,75,97,,129,109
315,summoner-455477,316,Hold You Tight,Diamond 1,75,59,,118,94
316,summoner-9050195,317,SKT,Diamond 1,75,76,,118,108
317,summoner-594237,318,Soulstrikes,Diamond 1,75,72,,117,111
318,summoner-1891528,319,Rank 1 MID,Diamond 1,75,45,,117,65
319,summoner-8430364,320,Yaelay,Diamond 1,75,47,,116,104
320,summoner-11941453,321,ecotoxic 4,Diamond 1,75,45,,112,85
321,summoner-12220760,322,Richard Soup,Diamond 1,75,43,,103,76
322,summoner-583483,323,Beaunivia,Diamond 1,75,74,,100,95
323,summoner-2351692,324,loveforever,Diamond 1,75,47,,99,60
324,summoner-8610762,325,clairo,Diamond 1,75,50,,89,72
325,summoner-3680308,326,Bma,Diamond 1,75,58,,88,82
326,summoner-636251,327,Swiffer,Diamond 1,75,57,,84,62
327,summoner-11131946,328,Once upon a time,Diamond 1,75,40,,83,56
328,summoner-9350340,329,Caithe,Diamond 1,75,49,,77,66
329,summoner-4880235,330,bub,Diamond 1,75,54,,73,63
330,summoner-664497,331,Zhengchao God,Diamond 1,75,51,,72,60
331,summoner-2171317,332,k1ng Cupcake,Diamond 1,75,40,,71,30
332,summoner-2572995,333,Cupcake k1ng,Diamond 1,75,42,,68,33
333,summoner-900249,334,Tôi Là Thiên,Diamond 1,75,43,,63,45
334,summoner-1374113,335,Rukira,Diamond 1,75,114,,53,42
335,summoner-333625,336,Margaret Mahy,Diamond 1,74,127,,119,98
336,summoner-5380334,337,YasuoHawkNz,Diamond 1,74,71,,108,97
337,summoner-7390819,338,ryujinokewokurae,Diamond 1,73,52,,114,101
338,summoner-10550824,339,Armless Autism,Diamond 1,72,61,,183,138
339,summoner-632520,340,ACTL2131,Diamond 1,72,65,,163,159
340,summoner-940870,341,poopi,Diamond 1,72,48,,43,23
341,summoner-307081,342,BlueHawkNz,Diamond 1,71,49,,51,42
342,summoner-3553855,343,Shiloh,Diamond 1,69,134,,274,267
343,summoner-553896,344,Evilhag,Diamond 1,69,68,,44,39
344,summoner-501188,345,Jr Burgerz,Diamond 1,68,64,,191,157
345,summoner-8440977,346,Kohta,Diamond 1,68,64,,119,108
346,summoner-448008,347,The Lee Sin,Diamond 1,68,66,,80,51
347,summoner-274320,348,Boosted Janna,Diamond 1,68,104,,75,71
348,summoner-443126,349,Bahrewer,Diamond 1,67,114,,86,71
349,summoner-584830,350,GZ HaiT,Diamond 1,64,62,,161,127
350,summoner-670511,351,Billythekidzz,Diamond 1,64,85,,132,123
351,summoner-774614,352,Love Mosquito,Diamond 1,64,88,,112,97
352,summoner-443775,353,RAISE UR DONGERZ,Diamond 1,64,43,,48,34
353,summoner-11250976,354,KR DOPA,Diamond 1,63,54,,111,71
354,summoner-9970922,355,Redemptionˉ,Diamond 1,63,47,,60,57
355,summoner-434399,356,Whimstaff,Diamond 1,62,49,,64,59
356,summoner-9840127,357,dailianjiahaoyou,Diamond 1,61,60,,219,200
357,summoner-406482,358,BADDiE,Diamond 1,61,70,,120,106
358,summoner-501165,359,i looove aram,Diamond 1,61,65,,55,45
359,summoner-447401,360,Juhuakiller,Diamond 1,59,91,,242,232
360,summoner-234079,361,Top Lane Virgin,Diamond 1,59,47,,94,87
361,summoner-9330908,362,Positive Juves,Diamond 1,58,119,,401,400
362,summoner-1850129,363,aXeL0uS,Diamond 1,57,103,,304,282
363,summoner-11060162,364,M1d hu,Diamond 1,57,74,,154,140
364,summoner-436171,365,im LHao,Diamond 1,53,90,,274,243
365,summoner-288782,366,lil splash,Diamond 1,53,81,,213,209
366,summoner-771385,367,Back To November,Diamond 1,53,76,,153,127
367,summoner-2431627,368,Blacksey,Diamond 1,53,107,,111,89
368,summoner-11065193,369,Prey Seeker,Diamond 1,53,48,,40,25
369,summoner-9030151,370,baxixiaoniu,Diamond 1,52,95,,419,406
370,summoner-283916,371,ecotoxic,Diamond 1,52,84,,300,305
371,summoner-238330,372,Koods,Diamond 1,50,122,,472,466
372,summoner-10970417,373,Felinnothair,Diamond 1,50,87,,399,362
373,summoner-643368,374,Young Stavros,Diamond 1,50,117,,331,321
374,summoner-6420316,375,4uu,Diamond 1,50,165,,215,167
375,summoner-794192,376,Skyscorcher,Diamond 1,50,95,,184,168
376,summoner-277464,377,Kpooop,Diamond 1,50,73,,165,158
377,summoner-454805,378,RNG      MR E N,Diamond 1,50,55,,158,104
378,summoner-491243,379,DeathSphere22,Diamond 1,50,70,,156,144
379,summoner-3020293,380,WeWantPeace,Diamond 1,50,74,,118,77
380,summoner-2523280,381,P 18 15 16 8,Diamond 1,50,45,,106,79
381,summoner-10110125,382,Ding Hao Tian,Diamond 1,50,60,,79,44
382,summoner-335113,383,lilaznrat,Diamond 1,50,70,,69,56
383,summoner-11224170,384,TwitchTVLronwoif,Diamond 1,49,67,,196,162
384,summoner-723286,385,Kiitty,Diamond 1,49,68,,87,87
385,summoner-1403425,386,KURT PERRY,Diamond 1,49,55,,86,77
386,summoner-221510,387,JuvesMuntedNose,Diamond 1,48,44,,75,64
387,summoner-11252383,388,Lolista,Diamond 1,47,56,,166,112
388,summoner-582861,389,ShuHaiBuRongYi,Diamond 1,47,51,,71,60
389,summoner-890994,390,RBE BoBo,Diamond 1,46,70,,133,104
390,summoner-288335,391,Nirphana,Diamond 1,46,89,,82,69
391,summoner-402487,392,Baahrewer,Diamond 1,46,51,,74,53
392,summoner-227475,393,Mikes,Diamond 1,45,107,,188,165
393,summoner-1771810,394,Phos,Diamond 1,45,57,,101,65
394,summoner-2712951,395,EL Legendary,Diamond 1,43,52,,88,56
395,summoner-3680392,396,YukiistMe,Diamond 1,42,60,,120,88
396,summoner-11130130,397,LydiaeK,Diamond 1,41,100,,130,109
397,summoner-8720302,398,Black phoen1x,Diamond 1,41,47,,114,87
398,summoner-624642,399,123456978,Diamond 1,41,47,,82,78
399,summoner-1200380,400,Jaiya,Diamond 1,41,67,,69,43
400,summoner-7350836,401,DaDazhy,Diamond 1,40,74,,187,130
401,summoner-774275,402,Savannah,Diamond 1,40,85,,172,164
402,summoner-393328,403,AuSNlPE,Diamond 1,38,56,,121,110
403,summoner-3560420,404,Kaaitsune,Diamond 1,35,77,,240,193
404,summoner-323773,405,Kedu715,Diamond 1,35,95,,205,204
405,summoner-330848,406,4y5tvb8,Diamond 1,35,62,,173,157
406,summoner-443860,407,zuowodemiao,Diamond 1,35,61,,120,106
407,summoner-890992,408,Khuong Pham,Diamond 1,35,85,,43,38
408,summoner-456283,409,j0hns0nBurger,Diamond 1,34,57,,43,35
409,summoner-354808,410,Warrior Turtle,Diamond 1,33,81,,175,140
410,summoner-339515,411,Sheng Sheng,Diamond 1,33,54,,160,100
411,summoner-222980,412,Z OMEGALUL E,Diamond 1,33,55,,128,109
412,summoner-236253,413,Hey You,Diamond 1,32,69,,181,149
413,summoner-934569,414,ShiftZ,Diamond 1,32,49,,113,54
414,summoner-2573886,415,Cyan Willow,Diamond 1,32,137,,68,65
415,summoner-824118,416,DaPiPi,Diamond 1,31,63,,70,69
416,summoner-703699,417,inx,Diamond 1,31,61,,61,53
417,summoner-312239,418,Philosophy,Diamond 1,30,110,,164,164
418,summoner-702613,419,Howard,Diamond 1,30,61,,128,111
419,summoner-229440,420,Enter Dreamland,Diamond 1,30,84,,107,101
420,summoner-4953082,421,Cute Ragdoll,Diamond 1,29,139,,244,222
421,summoner-370235,422,ziye,Diamond 1,29,59,,152,96
422,summoner-290213,423,Small Fish,Diamond 1,29,108,,133,107
423,summoner-454342,424,volkzz,Diamond 1,29,70,,121,112
424,summoner-235577,425,Reptox,Diamond 1,28,58,,121,112
425,summoner-314859,426,Biofrost,Diamond 1,26,129,,190,180
426,summoner-326064,427,Slayer,Diamond 1,25,83,,273,238
427,summoner-1530424,428,SCENAR1O,Diamond 1,25,56,,152,148
428,summoner-283402,429,Syuko,Diamond 1,25,98,,144,122
429,summoner-11350126,430,8th place top,Diamond 1,25,49,,130,109
430,summoner-324274,431,Kensen,Diamond 1,25,61,,108,85
431,summoner-314795,432,Grog Dog1,Diamond 1,25,44,,95,71
432,summoner-9800260,433,Irenaceus,Diamond 1,25,38,,70,34
433,summoner-285621,434,Framer,Diamond 1,23,79,,164,160
434,summoner-341477,435,WildPig,Diamond 1,23,94,,101,91
435,summoner-364454,436,Rage At LoL,Diamond 1,22,122,,207,173
436,summoner-11370138,437,Mrs Krabappel,Diamond 1,21,60,,184,184
437,summoner-484507,438,Cheph,Diamond 1,20,107,,365,368
438,summoner-498305,439,Todderk,Diamond 1,19,73,,201,188
439,summoner-354323,440,Merkatroid,Diamond 1,19,64,,71,54
440,summoner-555008,441,6AM 0two1,Diamond 1,19,59,,42,36
441,summoner-481142,442,April Ryan,Diamond 1,18,62,,226,186
442,summoner-630464,443,Xcuse Mee,Diamond 1,17,84,,150,151
443,summoner-4221919,444,TriHard 7,Diamond 1,17,55,,149,96
444,summoner-503773,445,NADA1001,Diamond 1,17,53,,103,94
445,summoner-276609,446,ìcøn,Diamond 1,17,74,,76,75
446,summoner-9611699,447,good kid,Diamond 1,16,67,,177,177
447,summoner-7491130,448,zZJay,Diamond 1,16,90,,127,122
448,summoner-302224,449,Midås,Diamond 1,16,67,,44,34
449,summoner-431504,450,ianno,Diamond 1,15,91,,134,128
450,summoner-11840153,451,Japanerella,Diamond 1,13,50,,166,138
451,summoner-8081649,452,First Time Swain,Diamond 1,13,62,,155,112
452,summoner-332858,453,lokyun,Diamond 1,11,99,,209,200
453,summoner-3930175,454,Eolant,Diamond 1,10,128,,472,438
454,summoner-10011928,455,DoochiWa,Diamond 1,10,63,,178,149
455,summoner-304479,456,gkez,Diamond 1,9,59,,154,129
456,summoner-300165,457,HNDRXX,Diamond 1,9,103,,35,27
457,summoner-11171162,458,98116,Diamond 1,8,53,,147,97
458,summoner-470164,459,KennyHai,Diamond 1,7,66,,161,157
459,summoner-224426,460,Skwiggle,Diamond 1,6,77,,216,207
460,summoner-11160195,461,Kimchiii 2,Diamond 1,6,59,,151,97
461,summoner-9220132,462,glugluglu,Diamond 1,6,46,,52,41
462,summoner-9611538,463,bunni,Diamond 1,6,37,,30,8
463,summoner-557330,464,JHONG,Diamond 1,5,51,,121,111
464,summoner-304980,465,iChuckRice,Diamond 1,5,79,,90,90
465,summoner-2060238,466,Soy Xixi,Diamond 1,4,49,,84,50
466,summoner-409738,467,Valkia,Diamond 1,3,109,,223,210
467,summoner-970961,468,handyman94,Diamond 1,1,47,,84,70
468,summoner-707970,469,kmy,Diamond 1,1,41,,68,52
469,summoner-406918,470,Mai Shiu,Diamond 1,0,117,,328,312
470,summoner-365399,471,No Fear,Diamond 1,0,114,,298,294
471,summoner-278492,472,LustMonkey,Diamond 1,0,86,,290,277
472,summoner-4382883,473,Smoko Shed,Diamond 1,0,95,,244,235
473,summoner-402609,474,The Silent Voice,Diamond 1,0,78,,218,219
474,summoner-3444063,475,helloworld369,Diamond 1,0,75,,198,144
475,summoner-233072,476,Daddy Vincent,Diamond 1,0,71,,197,154
476,summoner-620418,477,LaughingManES,Diamond 1,0,74,,187,172
477,summoner-590760,478,Han Guk In Ruski,Diamond 1,0,85,,179,151
478,summoner-489065,479,Mpowered,Diamond 1,0,116,,159,136
479,summoner-221999,480,Yatsume,Diamond 1,0,88,,143,139
480,summoner-457463,481,dean,Diamond 1,0,80,,140,125
481,summoner-11430174,482,Forsaken Dream,Diamond 1,0,55,,134,124
482,summoner-277256,483,Thydah,Diamond 1,0,73,,112,114
483,summoner-11840344,484,QaQ08,Diamond 1,0,44,,109,84
484,summoner-324564,485,Submissive Trap,Diamond 1,0,81,,91,81
485,summoner-314889,486,zorenous,Diamond 1,0,75,,85,74
486,summoner-630568,487,Crazy Giraffe,Diamond 1,0,51,,80,81
487,summoner-497415,488,boboxD,Diamond 1,0,91,,75,52
488,summoner-276620,489,Hyperzoz,Diamond 1,0,62,,71,61
489,summoner-323306,490,JJ27CM,Diamond 1,0,52,,65,46
490,summoner-4802235,491,MyPetMonkey,Diamond 1,0,62,,63,61
491,summoner-1872199,492,Arashi,Diamond 1,0,78,,59,49
492,summoner-700593,493,Twistar,Diamond 1,0,40,,53,40
493,summoner-5502181,494,9420,Diamond 1,0,41,,46,14
494,summoner-11580566,495,sooobinms,Diamond 1,0,40,,45,14
495,summoner-11076305,496,yeolahop,Diamond 1,0,41,,43,18
496,summoner-7940303,497,kai0s,Diamond 1,0,46,,39,26
497,summoner-743224,498,225,Diamond 2,100,134,,284,257
498,summoner-399946,499,Debatable Plays,Diamond 2,100,95,,268,226
499,summoner-3481025,500,a friendly noob,Diamond 2,100,73,,150,138
500,summoner-495039,501,ARAMers suck,Diamond 2,100,94,,143,128
501,summoner-392492,502,GZ Hyper,Diamond 2,100,77,,134,124
502,summoner-296114,503,KayHuynh,Diamond 2,100,72,,133,119
503,summoner-589351,504,Ronni,Diamond 2,100,52,,121,108
504,summoner-2330180,505,NewTronix,Diamond 2,100,64,,100,94
505,summoner-1980384,506,Nausicaä,Diamond 2,100,100,,92,89
506,summoner-7860178,507,tbman,Diamond 2,100,47,,83,74
507,summoner-404739,508,Abby Ma,Diamond 2,94,116,,281,264
508,summoner-554066,509,kalroc,Diamond 2,94,93,,68,58
509,summoner-11280145,510,AFs Kiin,Diamond 2,93,46,,79,51
510,summoner-286698,511,Ability,Diamond 2,92,63,,92,88
511,summoner-227375,512,GreatEngrish,Diamond 2,92,90,,78,66
512,summoner-300358,513,Dissociation,Diamond 2,91,65,,180,166
513,summoner-577732,514,Bose,Diamond 2,90,99,,292,289
514,summoner-397500,515,SKT T1 Uzi,Diamond 2,90,58,,108,63
515,summoner-222739,516,Mechanical Kyle,Diamond 2,90,68,,94,86
516,summoner-2181036,517,Fluous,Diamond 2,89,47,,78,72
517,summoner-672019,518,ryalia,Diamond 2,85,45,,98,91
518,summoner-6220301,519,Mokamoka,Diamond 2,83,69,,241,224
519,summoner-356193,520,BlG Picture,Diamond 2,81,76,,76,74
520,summoner-744879,521,Tinysmish,Diamond 2,80,63,,52,41
521,summoner-11360133,522,YeahNahYeahMaybe,Diamond 2,78,43,,71,62
522,summoner-3831740,523,Bubberduck,Diamond 2,77,71,,252,237
523,summoner-1167193,524,Šipić,Diamond 2,75,95,,347,335
524,summoner-303120,525,Bite,Diamond 2,75,66,,277,244
525,summoner-706325,526,Ecka,Diamond 2,75,100,,180,153
526,summoner-7110774,527,dmz4213,Diamond 2,75,75,,167,157
527,summoner-11202748,528,Pathetic Idiot,Diamond 2,75,51,,153,111
528,summoner-436716,529,Jimurenio,Diamond 2,75,96,,148,124
529,summoner-11971346,530,cønfusednimbIe,Diamond 2,75,47,,131,92
530,summoner-11211553,531,BrunonLnDq,Diamond 2,75,49,,124,85
531,summoner-11061200,532,ecotoxic 3,Diamond 2,75,73,,120,90
532,summoner-11350134,533,ITN k1ng,Diamond 2,75,48,,119,88
533,summoner-302863,534,IG The shy ovo,Diamond 2,75,77,,118,108
534,summoner-10191722,535,ecotoxic 2,Diamond 2,75,45,,107,81
535,summoner-1061196,536,kayoko,Diamond 2,75,63,,105,84
536,summoner-6630790,537,jyj,Diamond 2,75,58,,102,104
537,summoner-448971,538,Eva,Diamond 2,75,66,,59,69
538,summoner-278179,539,ozo1329,Diamond 2,75,99,,58,48
539,summoner-721676,540,J0hns0n,Diamond 2,75,36,,39,29
540,summoner-235604,541,Brush Fun,Diamond 2,74,72,,105,96
541,summoner-371174,542,Bardo,Diamond 2,71,95,,218,210
542,summoner-9981331,543,NoIIXigbar,Diamond 2,71,54,,37,26
543,summoner-2741810,544,4 H e a d K i d,Diamond 2,70,79,,150,92
544,summoner-1500529,545,Mumps,Diamond 2,69,79,,110,109
545,summoner-483618,546,SuperSkitzzo,Diamond 2,67,160,,712,710
546,summoner-1110899,547,Cizza AU,Diamond 2,67,92,,150,131
547,summoner-2132627,548,OwO OuO OvO,Diamond 2,67,65,,107,97
548,summoner-2481615,549,aznchungy,Diamond 2,66,105,,415,419
549,summoner-331036,550,Magic Mike,Diamond 2,63,92,,203,182
550,summoner-1721171,551,Kewlie,Diamond 2,63,63,,89,68
551,summoner-1440400,552,unstable ping,Diamond 2,63,54,,76,69
552,summoner-11340135,553,Bjork not Bjerg,Diamond 2,62,44,,109,74
553,summoner-714382,554,Jerey,Diamond 2,61,69,,166,159
554,summoner-4462034,555,Uzi Fanboy,Diamond 2,60,69,,185,151
555,summoner-2560269,556,Omni v2,Diamond 2,60,74,,146,145
556,summoner-478373,557,Homeless Leaf,Diamond 2,60,71,,108,98
557,summoner-568646,558,hyejoo,Diamond 2,59,70,,82,62
558,summoner-11780837,559,oce Thanoš,Diamond 2,58,52,,139,106
559,summoner-10881536,560,Lillo,Diamond 2,58,102,,83,62
560,summoner-6251921,561,FreshStartJason,Diamond 2,57,57,,214,177
561,summoner-483296,562,DW Rippii,Diamond 2,57,53,,147,109
562,summoner-4390704,563,duckly,Diamond 2,56,90,,207,199
563,summoner-294150,564,Jopan,Diamond 2,56,61,,46,41
564,summoner-221555,565,im tilting,Diamond 2,55,80,,114,116
565,summoner-8210805,566,Kpop,Diamond 2,54,110,,145,143
566,summoner-6231287,567,LLocky,Diamond 2,53,68,,136,101
567,summoner-860500,568,Billythekidzz 2,Diamond 2,53,45,,43,33
568,summoner-280418,569,Coopos,Diamond 2,52,108,,139,125
569,summoner-7981097,570,Ame seule,Diamond 2,52,95,,67,63
570,summoner-4130305,571,Mörty,Diamond 2,51,103,,267,263
571,summoner-480048,572,Wreck It Rhune,Diamond 2,49,94,,119,123
572,summoner-701278,573,Çalcifer,Diamond 2,48,80,,161,122
573,summoner-6672121,574,Archie,Diamond 2,47,105,,205,202
574,summoner-7361244,575,Watch Anime pls,Diamond 2,47,37,,43,33
575,summoner-349960,576,NorthFace,Diamond 2,45,121,,157,137
576,summoner-397704,577,risktaker,Diamond 2,44,76,,195,194
577,summoner-1440227,578,Squidgy Boy,Diamond 2,44,77,,110,110
578,summoner-632043,579,GuyMadeOfFire,Diamond 2,44,39,,51,36
579,summoner-1811697,580,Ragdol1,Diamond 2,43,68,,175,161
580,summoner-774086,581,Garlic Sauce,Diamond 2,43,48,,120,91
581,summoner-903644,582,nooseboy,Diamond 2,43,106,,35,17
582,summoner-554055,583,Bulzy,Diamond 2,42,49,,148,133
583,summoner-406857,584,it gets better,Diamond 2,41,54,,177,117
584,summoner-233511,585,cruncheycake,Diamond 2,41,111,,79,69
585,summoner-11121416,586,Cheph 2,Diamond 2,40,44,,111,70
586,summoner-440787,587,Silk,Diamond 2,39,60,,157,141
587,summoner-581032,588,Káne,Diamond 2,38,133,,198,206
588,summoner-639823,589,Quinonos,Diamond 2,38,84,,113,112
589,summoner-3680635,590,Shirø,Diamond 2,38,143,,69,66
590,summoner-284240,591,iBanished,Diamond 2,36,116,,182,160
591,summoner-449100,592,Fervour,Diamond 2,36,108,,91,92
592,summoner-364702,593,Pulsefire Teemo,Diamond 2,36,71,,55,37
593,summoner-3262016,594,kind jungler,Diamond 2,35,46,,101,95
594,summoner-4530610,595,liansuck,Diamond 2,34,76,,127,123
595,summoner-460303,596,Alani,Diamond 2,34,134,,123,118
596,summoner-4461045,597,I Am Rengar,Diamond 2,34,108,,121,111
597,summoner-4480984,598,dzy,Diamond 2,33,71,,267,274
598,summoner-4301382,599,Dr Halo,Diamond 2,33,81,,77,52
599,summoner-302759,600,Rye,Diamond 2,32,111,,458,447
600,summoner-226673,601,Air,Diamond 2,32,117,,103,99
601,summoner-11065408,602,DaGui,Diamond 2,31,119,,403,352
602,summoner-7460332,603,ThroneV,Diamond 2,31,110,,401,350
603,summoner-302859,604,Fndrr22dxd,Diamond 2,31,66,,163,159
604,summoner-5141556,605,LOA Fuki,Diamond 2,31,53,,136,125
605,summoner-8690146,606,Cères,Diamond 2,31,73,,83,89
606,summoner-8810339,607,PurpleLama,Diamond 2,30,49,,104,80
607,summoner-566367,608,Stop Trolling Me,Diamond 2,29,130,,312,293
608,summoner-7000424,609,rice1,Diamond 2,29,43,,65,54
609,summoner-320598,610,PowPowPanda,Diamond 2,29,59,,64,69
610,summoner-11750154,611,Bdo1nk,Diamond 2,29,37,,62,30
611,summoner-3980651,612,Morpice121,Diamond 2,29,121,,60,43
612,summoner-451342,613,Clovus,Diamond 2,26,83,,125,128
613,summoner-3710427,614,NinjaLegend1,Diamond 2,25,61,,148,136
614,summoner-4802282,615,Uchîha Obito,Diamond 2,25,59,,135,110
615,summoner-461490,616,First Mate,Diamond 2,25,74,,132,111
616,summoner-841698,617,ecotoxic 1,Diamond 2,25,54,,132,117
617,summoner-749364,618,monster hunter,Diamond 2,25,51,,88,83
618,summoner-9690912,619,Destromath,Diamond 2,25,46,,81,78
619,summoner-275308,620,Impaired,Diamond 2,25,75,,67,49
620,summoner-2920134,621,ThePirateBae,Diamond 2,25,70,,48,39
621,summoner-399563,622,Kevskin,Diamond 2,25,83,,33,23
622,summoner-8150153,623,EGOIST Dough,Diamond 2,23,113,,427,364
623,summoner-233822,624,Mcbobba,Diamond 2,23,159,,239,216
624,summoner-11990152,625,asGood as YaoBai,Diamond 2,23,56,,129,65
625,summoner-11390379,626,SøfM,Diamond 2,23,43,,100,68
626,summoner-325800,627,MeepBalls,Diamond 2,21,72,,52,47
627,summoner-5945344,628,Buck Shots,Diamond 2,20,42,,43,35
628,summoner-1574708,629,Donzac101,Diamond 2,19,52,,65,51
629,summoner-306624,630,Donggy,Diamond 2,19,56,,45,31
630,summoner-6141799,631,ShØut,Diamond 2,18,70,,225,190
631,summoner-369823,632,Boa Hancöck,Diamond 2,18,152,,133,100
632,summoner-973756,633,tgunAU,Diamond 2,18,53,,127,127
633,summoner-3052095,634,Defenestrate,Diamond 2,18,73,,123,120
634,summoner-3642620,635,Damage Bot,Diamond 2,18,49,,120,110
635,summoner-732371,636,hunni,Diamond 2,18,39,,70,14
636,summoner-9420230,637,Fourth rate AD,Diamond 2,17,88,,299,285
637,summoner-447687,638,Grisha,Diamond 2,17,86,,258,248
638,summoner-11085230,639,ililiiiillliil,Diamond 2,17,81,,188,191
639,summoner-1883783,640,God Of LP,Diamond 2,16,110,,348,351
640,summoner-566468,641,Kpoop,Diamond 2,16,81,,224,194
641,summoner-742576,642,Zagnoids,Diamond 2,16,83,,175,142
642,summoner-6841129,643,PumaS,Diamond 2,16,63,,175,170
643,summoner-291753,644,Moon,Diamond 2,16,114,,65,66
644,summoner-11080766,645,eris,Diamond 2,15,60,,129,101
645,summoner-1471865,646,Bear,Diamond 2,15,71,,83,80
646,summoner-2550310,647,Yuuk1 Asuna,Diamond 2,12,84,,204,191
647,summoner-479671,648,Bozos,Diamond 2,11,67,,120,120
648,summoner-5894360,649,DJChonz,Diamond 2,10,83,,364,337
649,summoner-670210,650,1osing,Diamond 2,9,99,,150,109
650,summoner-953810,651,Kayn and Abel,Diamond 2,7,58,,78,72
651,summoner-638946,652,Qiunibieshelimia,Diamond 2,6,77,,147,138
652,summoner-2990640,653,Syouran,Diamond 2,4,71,,141,140
653,summoner-369867,654,Doom of bot,Diamond 2,4,48,,120,116
654,summoner-3163035,655,Ritogaming,Diamond 2,4,57,,107,106
655,summoner-522209,656,Stressful,Diamond 2,3,132,,134,120
656,summoner-7821699,657,sad girl,Diamond 2,2,117,,190,158
657,summoner-10141151,658,M1dbeast,Diamond 2,2,61,,120,128
658,summoner-355403,659,LOLlolololwwwffw,Diamond 2,2,51,,102,95
659,summoner-4061072,660,why live,Diamond 2,1,66,,109,110
660,summoner-587995,661,Urie,Diamond 2,1,102,,65,54
661,summoner-11252354,662,IsaacwF,Diamond 2,0,79,,346,310
662,summoner-2742230,663,Cressy,Diamond 2,0,92,,337,314
663,summoner-1501524,664,Homeless,Diamond 2,0,77,,250,210
664,summoner-228708,665,Aragaki Yuii,Diamond 2,0,87,,223,198
665,summoner-634788,666,Kevin S Le,Diamond 2,0,118,,206,203
666,summoner-600149,667,Vísionary,Diamond 2,0,86,,198,198
667,summoner-231170,668,Lex Luthor,Diamond 2,0,96,,181,180
668,summoner-710702,669,jihero,Diamond 2,0,60,,168,159
669,summoner-301652,670,Koua,Diamond 2,0,80,,130,129
670,summoner-11045070,671,iWordsworth,Diamond 2,0,71,,129,114
671,summoner-283096,672,Hani is bae,Diamond 2,0,90,,117,107
672,summoner-6010140,673,CN Moon,Diamond 2,0,98,,112,93
673,summoner-1171135,674,MyNameIsAction I,Diamond 2,0,58,,105,90
674,summoner-2593688,675,Xion XIV,Diamond 2,0,62,,104,103
675,summoner-431019,676,Cavs in 2018 lUl,Diamond 2,0,77,,103,101
676,summoner-565066,677,MeShelly,Diamond 2,0,86,,95,77
677,summoner-351975,678,Shadow of Time,Diamond 2,0,85,,92,79
678,summoner-8390585,679,SM motherfkn D,Diamond 2,0,57,,90,106
679,summoner-12061866,680,1234hitdinosuar,Diamond 2,0,40,,78,50
680,summoner-316325,681,Canberra Santa,Diamond 2,0,48,,70,58
681,summoner-10360133,682,Lose for Improve,Diamond 2,0,45,,65,51
682,summoner-11930493,683,22 06 2004,Diamond 2,0,39,,62,40
683,summoner-398138,684,PMA Kirby,Diamond 2,0,91,,60,61
684,summoner-475949,685,Happy Lion,Diamond 2,0,100,,56,49
685,summoner-8752009,686,4lways,Diamond 2,0,81,,50,19
686,summoner-220270,687,lmperium,Diamond 2,0,52,,41,28
687,summoner-511987,688,Kaø,Diamond 2,0,116,,35,22
688,summoner-6451124,689,K             98,Diamond 3,100,81,,247,212
689,summoner-6820866,690,KHSOL,Diamond 3,100,80,,181,181
690,summoner-278675,691,Jiae,Diamond 3,100,82,,156,125
691,summoner-3871268,692,kimuchiyo,Diamond 3,100,65,,107,65
692,summoner-630614,693,me no dopamine,Diamond 3,100,61,,69,34
693,summoner-11442161,694,o noo,Diamond 3,100,38,,50,17
694,summoner-298603,695,Zachary zzz,Diamond 3,98,57,,83,67
695,summoner-1092892,696,NoxusMight,Diamond 3,96,86,,29,11
696,summoner-7200702,697,Valor use fly,Diamond 3,94,42,,60,32
697,summoner-1720492,698,whynotbefriends,Diamond 3,93,108,,261,234
698,summoner-581491,699,Riggered,Diamond 3,93,85,,178,151
699,summoner-7851650,700,DaSticksOnTwitch,Diamond 3,93,72,,124,118
700,summoner-11800184,701,Pink Eleph4nt,Diamond 3,90,86,,329,284
701,summoner-8971470,702,trans girl,Diamond 3,90,104,,265,273
702,summoner-280651,703,KingJamesMike,Diamond 3,90,67,,140,139
703,summoner-368336,704,qop,Diamond 3,89,48,,84,60
704,summoner-563960,705,Stone,Diamond 3,87,106,,182,179
705,summoner-2592134,706,Kali Uchis,Diamond 3,85,82,,113,112
706,summoner-10071546,707,blanchesophh,Diamond 3,85,71,,42,39
707,summoner-324187,708,vveigang,Diamond 3,84,69,,268,263
708,summoner-272664,709,hajun,Diamond 3,83,77,,118,88
709,summoner-3322092,710,02 02 1998,Diamond 3,82,82,,229,195
710,summoner-6660713,711,Skull07,Diamond 3,82,96,,202,180
711,summoner-10140185,712,LC Focus,Diamond 3,81,92,,201,197
712,summoner-630037,713,Enticement,Diamond 3,81,98,,83,66
713,summoner-337521,714,Remise,Diamond 3,79,166,,632,621
714,summoner-6790124,715,eternity lullaby,Diamond 3,78,64,,138,120
715,summoner-1394171,716,GoogleMaps,Diamond 3,77,101,,204,198
716,summoner-6101678,717,M416666,Diamond 3,77,58,,93,84
717,summoner-322373,718,NoIXemnas,Diamond 3,76,69,,52,40
718,summoner-479364,719,01 10 1998,Diamond 3,75,98,,526,507
719,summoner-4791512,720,DW WhiteLotus,Diamond 3,75,151,,517,530
720,summoner-8071238,721,FZASY,Diamond 3,75,124,,324,309
721,summoner-280030,722,Derpsmagee,Diamond 3,75,119,,280,289
722,summoner-466163,723,ARAM Warrior,Diamond 3,75,82,,212,199
723,summoner-10550212,724,Tilt King,Diamond 3,75,87,,208,189
724,summoner-285605,725,Hindered Raven,Diamond 3,75,95,,179,163
725,summoner-332723,726,Crucix,Diamond 3,75,76,,169,155
726,summoner-7820502,727,yo whats good,Diamond 3,75,49,,128,93
727,summoner-5781549,728,callmere,Diamond 3,75,46,,102,64
728,summoner-6840379,729,Bdoink,Diamond 3,75,55,,94,80
729,summoner-466794,730,L8S,Diamond 3,75,56,,89,75
730,summoner-530695,731,kkmok,Diamond 3,75,61,,76,68
731,summoner-1332520,732,3uphonium,Diamond 3,75,67,,71,58
732,summoner-432479,733,hi im rain,Diamond 3,75,37,,47,29
733,summoner-449742,734,NIGHTS,Diamond 3,74,83,,170,169
734,summoner-960978,735,RedIce,Diamond 3,72,82,,308,307
735,summoner-491427,736,Shizukesa,Diamond 3,72,93,,239,233
736,summoner-270385,737,Jab Right Hook,Diamond 3,72,83,,142,76
737,summoner-573069,738,minhcam123456789,Diamond 3,72,80,,123,109
738,summoner-694658,739,handsome indian,Diamond 3,72,61,,84,75
739,summoner-8611591,740,Nightbringer,Diamond 3,72,36,,36,24
740,summoner-5760578,741,LCD DK,Diamond 3,71,105,,256,225
741,summoner-2281882,742,didsum1saytacos,Diamond 3,70,49,,30,19
742,summoner-9210188,743,ZAG Able,Diamond 3,69,92,,182,177
743,summoner-561444,744,AHumanBean,Diamond 3,69,60,,142,130
744,summoner-4440747,745,Brother Hai,Diamond 3,68,77,,126,131
745,summoner-314483,746,potato9,Diamond 3,68,68,,109,102
746,summoner-320443,747,RaidBoss Ovenhat,Diamond 3,68,85,,101,79
747,summoner-5904252,748,RIP swain,Diamond 3,67,63,,143,117
748,summoner-291689,749,kantos17,Diamond 3,67,106,,114,98
749,summoner-285635,750,MaiI,Diamond 3,67,120,,110,79
750,summoner-290499,751,PizzaRita,Diamond 3,67,81,,96,76
751,summoner-3882367,752,Amitle,Diamond 3,67,66,,59,59
752,summoner-5041374,753,hi im floki,Diamond 3,66,92,,234,213
753,summoner-578126,754,Anubis,Diamond 3,66,94,,214,190
754,summoner-397315,755,Fu Tou de baba,Diamond 3,66,84,,188,179
755,summoner-5281670,756,Zhiend,Diamond 3,66,67,,183,177
756,summoner-479941,757,xXAbusiveNanaXx,Diamond 3,66,57,,82,67
757,summoner-360988,758,Noon Gang,Diamond 3,64,69,,120,108
758,summoner-639778,759,JohnnyBoyy,Diamond 3,63,71,,112,87
759,summoner-320586,760,boy x,Diamond 3,62,84,,189,185
760,summoner-290358,761,Waffle Jr,Diamond 3,62,117,,119,111
761,summoner-4292193,762,Elliot Helm,Diamond 3,62,40,,56,46
762,summoner-2952222,763,Holy Street,Diamond 3,61,81,,147,143
763,summoner-332240,764,Semirhage,Diamond 3,61,63,,143,120
764,summoner-469676,765,Trooper7,Diamond 3,59,42,,104,66
765,summoner-10891227,766,Barbiturate Bob,Diamond 3,58,100,,317,277
766,summoner-351374,767,L1 Yuxuan,Diamond 3,58,118,,311,304
767,summoner-812715,768,Mr Cute HR,Diamond 3,58,52,,154,124
768,summoner-221335,769,Godco,Diamond 3,58,73,,125,88
769,summoner-229564,770,Xiphos,Diamond 3,58,60,,49,37
770,summoner-9720874,771,bani,Diamond 3,57,94,,340,340
771,summoner-361306,772,Facade,Diamond 3,57,108,,318,319
772,summoner-281754,773,Diamond 5,Diamond 3,57,102,,253,253
773,summoner-3480668,774,Megalomaniac,Diamond 3,56,79,,151,129
774,summoner-9420387,775,Harm,Diamond 3,56,74,,140,112
775,summoner-3071107,776,Scuftz,Diamond 3,56,102,,125,112
776,summoner-1201161,777,bigbadnigs,Diamond 3,55,57,,132,122
777,summoner-234955,778,Zyran,Diamond 3,55,125,,35,31
778,summoner-10241637,779,Palme n Goéland,Diamond 3,54,73,,319,275
779,summoner-585398,780,Jimbo Mon,Diamond 3,54,76,,270,252
780,summoner-11222878,781,Kerrioneadys,Diamond 3,53,42,,80,54
781,summoner-9050223,782,20I7 07 07,Diamond 3,52,56,,88,81
782,summoner-11171178,783,Ordolfur,Diamond 3,52,46,,60,41
783,summoner-8010504,784,handsome zhe,Diamond 3,51,55,,167,139
784,summoner-471649,785,Ara,Diamond 3,50,62,,212,190
785,summoner-10441803,786,api,Diamond 3,49,49,,37,33
786,summoner-333672,787,Johannes,Diamond 3,48,91,,126,121
787,summoner-296712,788,Nosreme,Diamond 3,48,45,,74,40
788,summoner-1760235,789,Jaycehandsome,Diamond 3,46,77,,206,212
789,summoner-452854,790,BoyWithFutou,Diamond 3,46,70,,161,149
790,summoner-8110225,791,KKona,Diamond 3,46,50,,93,88
791,summoner-11941661,792,642962,Diamond 3,45,59,,233,194
792,summoner-551283,793,SF 1 and 13,Diamond 3,43,82,,335,329
793,summoner-4430246,794,TriXtEx,Diamond 3,42,79,,313,301
794,summoner-296408,795,GodKingLordGaren,Diamond 3,42,111,,160,143
795,summoner-345886,796,JigglyButt,Diamond 3,42,62,,82,63
796,summoner-11500284,797,NewbeePlayer,Diamond 3,41,46,,108,69
797,summoner-12020515,798,rekkles122122111,Diamond 3,41,40,,78,57
798,summoner-285324,799,Yuqi is bae,Diamond 3,41,89,,75,72
799,summoner-284670,800,Kebun,Diamond 3,39,124,,386,353
800,summoner-234227,801,Homunculus,Diamond 3,39,75,,108,86
801,summoner-290786,802,Patruck,Diamond 3,39,97,,57,36
802,summoner-497679,803,Bill,Diamond 3,38,90,,245,226
803,summoner-603634,804,L1l Pump Boi,Diamond 3,38,142,,188,181
804,summoner-12000177,805,Jib4,Diamond 3,38,71,,177,141
805,summoner-10171740,806,Suexa,Diamond 3,38,44,,62,28
806,summoner-8610951,807,Ch4zz,Diamond 3,38,41,,62,28
807,summoner-225037,808,Afince,Diamond 3,38,89,,28,13
808,summoner-823469,809,Merzy,Diamond 3,37,52,,119,83
809,summoner-710649,810,Cote de boeuf,Diamond 3,37,53,,102,102
810,summoner-238860,811,frog arms,Diamond 3,37,123,,39,41
811,summoner-281075,812,SMD Yasindu,Diamond 3,36,117,,174,158
812,summoner-8770178,813,Kelvinotoe,Diamond 3,36,95,,147,146
813,summoner-569939,814,skyhao123,Diamond 3,36,64,,145,121
814,summoner-276529,815,Didnt ask,Diamond 3,36,125,,95,96
815,summoner-7150141,816,Varaxo,Diamond 3,36,84,,95,107
816,summoner-5551046,817,LGC minkywhale,Diamond 3,35,68,,260,235
817,summoner-746241,818,Marriage,Diamond 3,35,151,,235,211
818,summoner-1820884,819,0519,Diamond 3,35,67,,193,181
819,summoner-5900441,820,768 Tizzy T,Diamond 3,35,58,,100,95
820,summoner-369278,821,Pia Pia Piu c,Diamond 3,35,57,,96,57
821,summoner-11056190,822,Vincent mD,Diamond 3,34,48,,97,67
822,summoner-628060,823,K1LD3Rn3S5,Diamond 3,33,97,,149,143
823,summoner-726540,824,Blue Cat,Diamond 3,33,69,,47,48
824,summoner-4861103,825,1998 12 19,Diamond 3,32,85,,324,286
825,summoner-12050439,826,aries zero,Diamond 3,32,36,,48,23
826,summoner-714034,827,Ton Chan,Diamond 3,31,124,,291,275
827,summoner-305787,828,Marshmallows,Diamond 3,31,74,,32,21
828,summoner-8462161,829,LongShorts,Diamond 3,30,101,,133,117
829,summoner-791847,830,Lıam,Diamond 3,30,57,,76,65
830,summoner-742684,831,FOOLS,Diamond 3,28,76,,122,116
831,summoner-280394,832,Say Yes,Diamond 3,27,96,,334,323
832,summoner-10071222,833,Rlng,Diamond 3,26,79,,229,194
833,summoner-872383,834,Lived,Diamond 3,26,92,,186,181
834,summoner-11142189,835,Lil Kush,Diamond 3,25,87,,143,135
835,summoner-3663235,836,El Jannah Garlic,Diamond 3,25,62,,142,137
836,summoner-5895606,837,LoMejorDeLoMejor,Diamond 3,25,63,,97,87
837,summoner-773359,838,Rooftop Dreams,Diamond 3,25,78,,88,65
838,summoner-304475,839,Daddy Daegyu,Diamond 3,25,69,,86,82
839,summoner-9240178,840,floppyfish278,Diamond 3,25,42,,85,22
840,summoner-405015,841,Vaporeon,Diamond 3,25,41,,58,44
841,summoner-9001697,842,op dot gg review,Diamond 3,25,42,,53,47
842,summoner-636352,843,Åkanø,Diamond 3,25,43,,50,47
843,summoner-11340322,844,Just Believe Zll,Diamond 3,24,93,,186,165
844,summoner-369623,845,Chingster Ming,Diamond 3,24,98,,49,33
845,summoner-235806,846,Dom,Diamond 3,24,56,,24,15
846,summoner-365597,847,Alpha Lupi,Diamond 3,23,100,,398,379
847,summoner-229272,848,AHYSI,Diamond 3,23,127,,346,347
848,summoner-4040527,849,Nyarth,Diamond 3,23,90,,217,214
849,summoner-503122,850,Volibear Bot2,Diamond 3,23,60,,198,160
850,summoner-11970347,851,1 Love,Diamond 3,23,43,,91,60
851,summoner-3012162,852,Eels,Diamond 3,23,121,,41,31
852,summoner-1772162,853,Diamond Ero,Diamond 3,22,59,,205,171
853,summoner-3053143,854,Imperceivable,Diamond 3,22,51,,156,118
854,summoner-235171,855,Reimú,Diamond 3,22,108,,37,24
855,summoner-509425,856,Yuzuke,Diamond 3,21,91,,115,90
856,summoner-600361,857,MT Void,Diamond 3,21,55,,108,103
857,summoner-466220,858,Rex602,Diamond 3,20,121,,258,241
858,summoner-6570534,859,Dale Denten,Diamond 3,20,82,,192,183
859,summoner-635952,860,Tengar,Diamond 3,20,97,,180,186
860,summoner-445658,861,Zeo,Diamond 3,20,104,,167,159
861,summoner-2262034,862,Main Top,Diamond 3,20,79,,138,117
862,summoner-399347,863,Plagué,Diamond 3,20,55,,128,125
863,summoner-226325,864,Charmander AU,Diamond 3,20,43,,104,73
864,summoner-722764,865,FunkZillah,Diamond 3,20,94,,61,46
865,summoner-476851,866,Scimister,Diamond 3,19,110,,397,381
866,summoner-11871110,867,s1ckle,Diamond 3,19,72,,197,156
867,summoner-287335,868,chookn,Diamond 3,19,45,,114,68
868,summoner-443508,869,Boobs,Diamond 3,19,80,,108,100
869,summoner-7680165,870,ORD Lelouch,Diamond 3,19,66,,106,66
870,summoner-484258,871,Destiny98,Diamond 3,19,83,,104,86
871,summoner-404807,872,Liv,Diamond 3,19,46,,78,66
872,summoner-10280340,873,Leafeon,Diamond 3,19,41,,70,39
873,summoner-11080832,874,chaøs,Diamond 3,19,48,,42,30
874,summoner-430397,875,ElllaxX,Diamond 3,18,88,,341,351
875,summoner-223998,876,Woodsie,Diamond 3,18,85,,231,223
876,summoner-621278,877,Skrrrr,Diamond 3,18,72,,153,148
877,summoner-733562,878,Qúeef,Diamond 3,18,96,,144,123
878,summoner-2160127,879,Pica boo,Diamond 3,18,129,,118,91
879,summoner-6150835,880,Brontosaurus,Diamond 3,18,96,,101,84
880,summoner-6420294,881,MoonlitKaiser,Diamond 3,18,47,,93,68
881,summoner-479495,882,DeathByLlama,Diamond 3,18,89,,79,71
882,summoner-5920510,883,Ch4chi,Diamond 3,17,108,,90,72
883,summoner-275445,884,LAPD 911,Diamond 3,17,58,,90,79
884,summoner-11160289,885,th0mas,Diamond 3,17,48,,80,52
885,summoner-1363078,886,Sheldor73,Diamond 3,17,71,,79,76
886,summoner-1350309,887,TheMightyFruit,Diamond 3,16,92,,304,271
887,summoner-322389,888,Mystiiez,Diamond 3,16,80,,172,146
888,summoner-352703,889,Khysoar,Diamond 3,16,57,,144,128
889,summoner-442911,890,Payton,Diamond 3,16,93,,74,77
890,summoner-6231646,891,xXRayXx,Diamond 3,15,80,,148,102
891,summoner-223116,892,XternalRageX,Diamond 3,15,81,,90,87
892,summoner-459047,893,FÖCÜS,Diamond 3,14,89,,277,265
893,summoner-1811821,894,JBreezy,Diamond 3,14,67,,203,193
894,summoner-463325,895,MeMoMoMa,Diamond 3,14,48,,97,88
895,summoner-232022,896,Scroll,Diamond 3,14,61,,94,59
896,summoner-8970295,897,give me anxiety,Diamond 3,13,71,,201,211
897,summoner-10161398,898,with1drawn,Diamond 3,13,43,,58,31
898,summoner-7761629,899,Fállen,Diamond 3,12,85,,203,216
899,summoner-7200938,900,Hear,Diamond 3,12,48,,126,110
900,summoner-9120188,901,ShowMaker,Diamond 3,12,51,,55,52
901,summoner-287737,902,Intent,Diamond 3,12,66,,48,32
902,summoner-327877,903,never get role,Diamond 3,10,55,,99,93
903,summoner-395355,904,Fabulous,Diamond 3,10,48,,49,36
904,summoner-449928,905,Synli,Diamond 3,9,106,,362,367
905,summoner-900278,906,CurdledSilk,Diamond 3,9,89,,269,238
906,summoner-305147,907,Lightningsz,Diamond 3,9,54,,109,75
907,summoner-749975,908,RidicuIous,Diamond 3,9,35,,56,15
908,summoner-584744,909,Low APM Btw,Diamond 3,9,45,,28,17
909,summoner-2960362,910,Carypto,Diamond 3,8,106,,172,154
910,summoner-563813,911,Reina Kousaka,Diamond 3,8,41,,47,34
911,summoner-453513,912,Ronnald,Diamond 3,7,94,,208,193
912,summoner-1163135,913,SpinLord,Diamond 3,7,69,,104,95
913,summoner-284887,914,Emperor Ears,Diamond 3,7,84,,87,81
914,summoner-701380,915,Feshua owo,Diamond 3,7,56,,65,69
915,summoner-451889,916,ri Nin leiQVQ,Diamond 3,7,38,,57,48
916,summoner-402522,917,Kenste,Diamond 3,7,46,,50,35
917,summoner-220192,918,WE DEM BOYZZ,Diamond 3,6,75,,108,89
918,summoner-9741444,919,Miracle,Diamond 3,6,45,,98,72
919,summoner-1810791,920,Holly Mia,Diamond 3,6,92,,85,69
920,summoner-773372,921,Mryibaba,Diamond 3,4,101,,208,180
921,summoner-380314,922,Blurred,Diamond 3,4,61,,207,166
922,summoner-706024,923,ˉ w ˉ,Diamond 3,4,51,,111,93
923,summoner-1340624,924,Elude,Diamond 3,4,81,,72,66
924,summoner-326039,925,0ldm8legit,Diamond 3,4,40,,61,46
925,summoner-3140948,926,Necromancer,Diamond 3,3,72,,224,209
926,summoner-2910960,927,Jyza IV,Diamond 3,3,52,,136,101
927,summoner-228360,928,Dr Elementfluffy,Diamond 3,3,101,,91,75
928,summoner-5621748,929,CheeZeLord,Diamond 3,3,99,,89,68
929,summoner-4100151,930,Apologetic Noob,Diamond 3,3,54,,60,47
930,summoner-488654,931,BEEM0,Diamond 3,2,122,,105,106
931,summoner-7820275,932,KoBe 07,Diamond 3,1,89,,327,241
932,summoner-680188,933,IG Rook1e,Diamond 3,1,78,,285,253
933,summoner-8790826,934,imCodxx,Diamond 3,1,75,,264,223
934,summoner-3621562,935,mfis,Diamond 3,1,93,,122,123
935,summoner-11121305,936,ForsakenDreamz,Diamond 3,1,46,,64,51
936,summoner-747386,937,QiENimrod,Diamond 3,0,128,,396,379
937,summoner-984419,938,lllllllllll,Diamond 3,0,132,,364,358
938,summoner-1100599,939,godofapples,Diamond 3,0,90,,329,293
939,summoner-941171,940,Nomoreganks,Diamond 3,0,86,,312,293
940,summoner-1101353,941,Uncle Wesker,Diamond 3,0,135,,286,254
941,summoner-11241106,942,mLbQHenry,Diamond 3,0,71,,245,210
942,summoner-292160,943,Mystical Crayon,Diamond 3,0,107,,241,221
943,summoner-1170492,944,Myko,Diamond 3,0,109,,238,225
944,summoner-302914,945,Legends ND,Diamond 3,0,86,,229,180
945,summoner-1292193,946,fire kylin,Diamond 3,0,80,,213,182
946,summoner-6030152,947,Peppa Pig,Diamond 3,0,91,,209,204
947,summoner-7330143,948,Gakki or Satomi,Diamond 3,0,71,,192,177
948,summoner-660755,949,iJwang,Diamond 3,0,107,,191,192
949,summoner-503392,950,GoGoJuice98,Diamond 3,0,56,,167,139
950,summoner-11075233,951,held me down,Diamond 3,0,68,,164,167
951,summoner-3311812,952,Overlord1,Diamond 3,0,112,,163,125
952,summoner-1710466,953,Too Tru Fam,Diamond 3,0,79,,157,140
953,summoner-8661945,954,10CSPM,Diamond 3,0,50,,157,120
954,summoner-11820139,955,T eamo 33,Diamond 3,0,98,,154,120
955,summoner-11430289,956,Joe Miller,Diamond 3,0,90,,152,132
956,summoner-621191,957,AoiTora,Diamond 3,0,65,,151,113
957,summoner-10260750,958,hypebeastakito,Diamond 3,0,94,,148,114
958,summoner-315654,959,ragepoo,Diamond 3,0,64,,142,123
959,summoner-507532,960,Phoed,Diamond 3,0,130,,140,128
960,summoner-312659,961,NightMare324,Diamond 3,0,69,,138,139
961,summoner-292904,962,Pecha Berry,Diamond 3,0,90,,136,126
962,summoner-230856,963,Reznor,Diamond 3,0,74,,133,122
963,summoner-11220678,964,KingGodYasuo,Diamond 3,0,48,,129,93
964,summoner-8212923,965,wRayZxMan,Diamond 3,0,86,,127,118
965,summoner-1680225,966,Exiled,Diamond 3,0,138,,121,120
966,summoner-571560,967,Paths of Pain,Diamond 3,0,98,,118,117
967,summoner-11140408,968,Fuggines,Diamond 3,0,47,,118,90
968,summoner-870924,969,Ćonqseºrør,Diamond 3,0,54,,112,112
969,summoner-439711,970,Ace in the Hole,Diamond 3,0,98,,111,111
970,summoner-331592,971,Lehm The BM,Diamond 3,0,65,,100,72
971,summoner-438508,972,Maximoo,Diamond 3,0,115,,85,83
972,summoner-239171,973,Hunt,Diamond 3,0,107,,80,58
973,summoner-579944,974,OKtiger,Diamond 3,0,45,,74,79
974,summoner-365660,975,TL Vladimir,Diamond 3,0,77,,72,61
975,summoner-5902458,976,Larxene XII,Diamond 3,0,39,,70,40
976,summoner-281946,977,The Gom,Diamond 3,0,54,,68,40
977,summoner-4530378,978,Smlz 0v0,Diamond 3,0,96,,65,48
978,summoner-580828,979,My Jg Is Retard,Diamond 3,0,86,,64,48
979,summoner-1880974,980,Byrone,Diamond 3,0,102,,64,59
980,summoner-3520141,981,15x scope Kar98k,Diamond 3,0,91,,61,46
981,summoner-3592244,982,Qonnect,Diamond 3,0,68,,60,57
982,summoner-8610583,983,ShaIItear,Diamond 3,0,44,,59,61
983,summoner-8870219,984,GZ Cadence,Diamond 3,0,102,,59,45
984,summoner-441412,985,QASWEFRGTHJMFDF,Diamond 3,0,105,,53,38
985,summoner-300644,986,김정은,Diamond 3,0,92,,51,49
986,summoner-397305,987,Amen1001,Diamond 3,0,45,,50,42
987,summoner-6931874,988,HoIo,Diamond 3,0,44,,49,42
988,summoner-1380274,989,Ohgee,Diamond 3,0,57,,49,16
989,summoner-325988,990,The Expanse,Diamond 3,0,44,,42,37
990,summoner-451639,991,Miracle Jgg,Diamond 3,0,128,,38,23
991,summoner-931236,992,Melîodas,Diamond 4,100,118,,259,269
992,summoner-1373875,993,IIIIIIIIIIIIIlll,Diamond 4,100,100,,257,245
993,summoner-509398,994,iAndydnAi,Diamond 4,100,86,,229,228
994,summoner-306944,995,ßlyth,Diamond 4,100,65,,169,148
995,summoner-476353,996,Hiiamacatt,Diamond 4,100,73,,157,134
996,summoner-431518,997,Hachimitsu,Diamond 4,100,111,,127,114
997,summoner-1170133,998,Zypher,Diamond 4,100,116,,103,91
998,summoner-404798,999,Mazikeen,Diamond 4,100,65,,85,80
999,summoner-8930296,1000,P1kaqiu,Diamond 4,100,44,,85,61
