#timestamp 1530187228727
#date 2018-06-28T12:00:28+00:00
#players 1000
#index,id,rank,name,tier,lp,level,proTeam,win,loss
0,summoner-96059078,1,sorry my bad xd,Challenger,1300,43,,123,54
1,summoner-91909115,2,tarzaned2,Challenger,1255,74,,356,250
2,summoner-87439213,3,ìnori,Challenger,1055,119,,345,279
3,summoner-24220969,4,thtr,Challenger,1043,91,,357,298
4,summoner-25108893,5,CptShrimps,Challenger,947,101,,581,516
5,summoner-75900909,6,GGEA Neøø,Challenger,933,142,,306,245
6,summoner-22670229,7,Shout,Challenger,927,89,,295,236
7,summoner-91739120,8,Play for KDA,Challenger,922,59,,207,145
8,summoner-19839806,9,blaberfish2,Challenger,921,109,,401,321
9,summoner-65389099,10,Liquid Impact,Challenger,919,73,,246,182
10,summoner-34925733,11,CG Solo,Challenger,918,83,,307,246
11,summoner-35097344,12,duoking1,Challenger,914,70,,242,176
12,summoner-96629156,13,FOX Damonte,Challenger,902,45,,131,87
13,summoner-21193669,14,Hakuho,Challenger,863,89,,257,200
14,summoner-83339123,15,Humble Diligent,Challenger,861,84,,346,292
15,summoner-71229345,16,divided jungle,Challenger,858,67,,246,192
16,summoner-24326160,17,Sweaty ASol,Challenger,843,75,,264,208
17,summoner-91419120,18,TSM Zven,Challenger,836,108,,499,413
18,summoner-48193601,19,Spica1,Challenger,826,81,,229,168
19,summoner-21367804,20,Cris,Challenger,809,61,,216,157
20,summoner-87330006,21,Yusuiˉ,Challenger,809,69,,187,125
21,summoner-68401488,22,5tunt,Challenger,800,81,,242,190
22,summoner-38375098,23,Jurassiq,Challenger,788,82,,307,258
23,summoner-92959312,24,IlIlIllllIIIIIII,Challenger,781,50,,146,109
24,summoner-38809624,25,Sophist Sage,Challenger,780,122,,569,515
25,summoner-21276764,26,Vulcan1,Challenger,738,115,,396,343
26,summoner-23368264,27,Tracy Mcgràdy,Challenger,726,52,,133,78
27,summoner-94060086,28,TwTv LoLHarambe,Challenger,718,74,,379,305
28,summoner-65409096,29,crow5,Challenger,702,74,,268,209
29,summoner-19967304,30,Shiphtur,Challenger,698,154,,937,901
30,summoner-27251616,31,ULookSoCharming,Challenger,697,111,,327,282
31,summoner-22830349,32,RF Legendary,Challenger,697,77,,296,239
32,summoner-19587365,33,Tony Top,Challenger,695,108,,461,421
33,summoner-83089575,34,Ssumdayday,Challenger,689,69,,242,190
34,summoner-20156599,35,Carmen Campagne,Challenger,685,76,,159,110
35,summoner-68469257,36,Azures,Challenger,682,118,,453,408
36,summoner-95119178,37,WPI 3970,Challenger,671,45,,135,85
37,summoner-22946266,38,GaoGao,Challenger,662,74,,140,93
38,summoner-21371454,39,ScrubNoob,Challenger,661,116,,401,344
39,summoner-170340,40,Cody Sun,Challenger,660,128,,465,432
40,summoner-35409134,41,Srkenji,Challenger,647,118,,451,396
41,summoner-23715786,42,KitKatxz,Challenger,646,61,,192,153
42,summoner-25401864,43,Credenda,Challenger,642,54,,186,98
43,summoner-37481045,44,insanityxxx,Challenger,641,161,,539,491
44,summoner-22275443,45,TCLB ZzeR,Challenger,641,65,,275,185
45,summoner-95429143,46,ESKEET1T,Challenger,640,45,,118,88
46,summoner-22141445,47,SandPaperX,Challenger,639,90,,263,222
47,summoner-38880034,48,Soligo,Challenger,639,61,,177,131
48,summoner-19770082,49,Criś,Challenger,637,142,,465,425
49,summoner-86912471,50,Nugeek,Challenger,634,67,,252,212
50,summoner-27470522,51,Arcsecond,Challenger,629,120,,451,392
51,summoner-22654107,52,yhw,Challenger,622,128,,321,280
52,summoner-68479082,53,a new beginning,Challenger,620,108,,356,316
53,summoner-26045266,54,TàIon,Challenger,620,85,,230,169
54,summoner-37343071,55,avi is me,Challenger,617,68,,187,143
55,summoner-21202019,56,5fire,Challenger,613,91,,203,159
56,summoner-21542029,57,Grig1,Challenger,612,101,,339,302
57,summoner-20962399,58,Teesum,Challenger,609,90,,395,360
58,summoner-47401142,59,Soulmario,Challenger,597,185,,366,333
59,summoner-22403576,60,Pants are Dragon,Challenger,595,113,,388,337
60,summoner-19920510,61,Sudzzi,Challenger,593,87,,343,301
61,summoner-2648,62,Pobelter,Challenger,591,92,,258,227
62,summoner-20389591,63,Inorï,Challenger,568,71,,335,271
63,summoner-93731255,64,dsazfxgchn,Challenger,587,50,,148,89
64,summoner-85889107,65,FeelsGO0DMan,Challenger,586,73,,264,226
65,summoner-19623941,66,Rendyu,Challenger,584,117,,353,302
66,summoner-21490433,67,goldenglue,Challenger,577,99,,323,286
67,summoner-83339118,68,sks Tmfprl,Challenger,575,63,,187,143
68,summoner-89299096,69,IlIlIllllIII,Challenger,574,47,,165,79
69,summoner-30046300,70,TCLB plan ahea,Challenger,570,122,,339,296
70,summoner-21806931,71,Xeno,Challenger,568,60,,126,91
71,summoner-47165206,72,HIGH APM LOW BMI,Challenger,566,91,,322,288
72,summoner-32683839,73,Sean Twitch God,Challenger,564,94,,441,397
73,summoner-32299406,74,IIIIIlIIIlllllI,Challenger,563,109,,396,346
74,summoner-30366254,75,Acoldblazeolive,Challenger,562,72,,266,228
75,summoner-91615420,76,Evølve,Challenger,558,98,,438,367
76,summoner-26851284,77,PainlessM,Challenger,557,98,,285,245
77,summoner-22438041,78,snap,Challenger,551,100,,305,261
78,summoner-25125682,79,Niles,Challenger,547,89,,260,216
79,summoner-40540196,80,Fanatiik,Challenger,544,79,,229,197
80,summoner-91451619,81,etrianodysey,Challenger,535,83,,309,260
81,summoner-41233933,82,MistyStumpey,Challenger,535,98,,223,183
82,summoner-36111109,83,Julien,Challenger,546,104,,426,377
83,summoner-76603307,84,ChiralX,Challenger,523,62,,158,114
84,summoner-295500,85,5mi,Challenger,522,108,,273,227
85,summoner-20047271,86,Descraton,Challenger,521,130,,433,393
86,summoner-64290527,87,CONTRACTZZZZZZZZ,Challenger,520,69,,279,216
87,summoner-77211676,88,Revenge,Challenger,520,82,,256,211
88,summoner-47943093,89,3in1warrior,Challenger,520,70,,167,132
89,summoner-20823651,90,C9 Smoothie,Challenger,516,97,,254,216
90,summoner-75099245,91,LHHS,Challenger,514,54,,154,117
91,summoner-96659148,92,jngler52,Challenger,512,38,,67,37
92,summoner-21910088,93,Zot,Challenger,488,131,,420,380
93,summoner-19787999,94,SCREENSLAV3R,Challenger,510,70,,179,144
94,summoner-19698094,95,FallenBandit,Challenger,509,95,,333,302
95,summoner-24069119,96,Hate,Challenger,508,126,,319,274
96,summoner-50759139,97,qldurtms,Challenger,508,64,,197,161
97,summoner-35592112,98,stuntopolis,Challenger,508,51,,137,107
98,summoner-71860010,99,Boris Oppa,Challenger,505,82,,198,112
99,summoner-41873475,100,The Eggsalad,Challenger,503,156,,583,544
100,summoner-19757901,101,Ðân,Challenger,503,101,,309,255
101,summoner-83552233,102,duoqueen1,Challenger,503,69,,201,171
102,summoner-64834040,103,DufTlalgkqtlek,Challenger,499,54,,152,110
103,summoner-32871226,104,Alex Blais,Challenger,495,66,,238,182
104,summoner-20822144,105,ÐaÞtion,Challenger,492,104,,289,257
105,summoner-41786897,106,Kurumx,Challenger,491,79,,276,230
106,summoner-30397116,107,Lemur,Challenger,482,102,,118,80
107,summoner-37928970,108,Lesu,Challenger,478,179,,804,763
108,summoner-60469878,109,Macotoˉ,Challenger,476,99,,482,428
109,summoner-28663867,110,Erry,Challenger,474,71,,202,168
110,summoner-87119170,111,OpTic Arrow,Challenger,473,87,,351,306
111,summoner-91429132,112,TSM Mithypote,Challenger,470,82,,270,245
112,summoner-54059235,113,fwii Talon,Challenger,470,45,,104,60
113,summoner-41849159,114,GGEA Rodov,Challenger,469,93,,242,199
114,summoner-83629091,115,NA Swifte,Challenger,466,71,,179,144
115,summoner-40835255,116,Bóbbý,Challenger,464,118,,430,392
116,summoner-31563939,117,butterfły,Challenger,456,57,,127,69
117,summoner-1496,118,Valkrin,Challenger,455,66,,166,126
118,summoner-21937711,119,HaruRushAmbition,Challenger,453,112,,528,466
119,summoner-44989327,120,mancloud2,Challenger,451,128,,546,518
120,summoner-31281326,121,MaGeRdAnGeR,Challenger,450,76,,213,177
121,summoner-95739079,122,0nxn,Challenger,450,37,,65,31
122,summoner-30255016,123,TheeBrandini,Challenger,449,74,,251,217
123,summoner-51680686,124,RobbyBob,Challenger,449,96,,167,132
124,summoner-19577112,125,Bíg T,Challenger,446,109,,381,343
125,summoner-91507933,126,758ˉ,Challenger,446,68,,224,183
126,summoner-21014987,127,lron Pyrite,Challenger,446,67,,144,109
127,summoner-27110862,128,J D,Challenger,444,121,,422,370
128,summoner-74731419,129,cupcakes29,Challenger,444,63,,236,198
129,summoner-28742820,130,Jast,Challenger,444,91,,152,112
130,summoner-77251686,131,TRIBORDKINGDOM63,Challenger,443,87,,308,265
131,summoner-50690164,132,FakeGod,Challenger,441,52,,112,73
132,summoner-29161654,133,mulgokizary,Challenger,441,53,,97,60
133,summoner-65389101,134,gazuaaaaaaaaaaa,Challenger,440,52,,168,127
134,summoner-70132282,135,XueGao,Challenger,439,100,,156,123
135,summoner-19665819,136,Duocek,Challenger,438,97,,467,423
136,summoner-21193032,137,dog2,Challenger,436,123,,411,383
137,summoner-24671130,138,Allorim,Challenger,435,112,,405,377
138,summoner-28903785,139,YummiBananas,Challenger,433,135,,587,553
139,summoner-77720407,140,RaverDad,Challenger,433,105,,564,527
140,summoner-42060215,141,0 x omakase x 42,Challenger,431,104,,338,300
141,summoner-401063,142,xFSN Saber,Challenger,429,74,,170,135
142,summoner-73170218,143,Miguel el toro,Challenger,424,90,,305,274
143,summoner-70191897,144,adi0s,Challenger,419,52,,108,74
144,summoner-35361116,145,Q16KpquGsIc,Challenger,416,64,,103,67
145,summoner-71715,146,MeNoHaxor,Challenger,415,90,,271,237
146,summoner-20130821,147,Wiggily,Challenger,412,94,,297,261
147,summoner-78771213,148,Tabulae,Challenger,412,60,,197,147
148,summoner-20793637,149,Phaxen,Challenger,412,138,,176,144
149,summoner-35890783,150,Jiu Jiu,Challenger,411,118,,332,287
150,summoner-92949382,151,CG Solo 2,Challenger,410,47,,129,95
151,summoner-19912360,152,VERSACE JiNPACHi,Challenger,408,104,,297,255
152,summoner-35092858,153,Challenger Eoba,Challenger,406,58,,181,112
153,summoner-21172589,154,sadsdasdasf,Challenger,405,89,,343,303
154,summoner-51405,155,C9 Sneaky,Challenger,403,123,,462,414
155,summoner-30212825,156,Pounds,Challenger,403,87,,116,86
156,summoner-55375727,157,Fated Enigma,Challenger,400,131,,507,466
157,summoner-21124626,158,tkfkddlanjfRk,Challenger,400,131,,268,233
158,summoner-92319078,159,Nashor Tooth,Challenger,400,68,,243,195
159,summoner-28993829,160,xKace,Challenger,400,89,,223,190
160,summoner-22638316,161,typty,Challenger,400,89,,181,145
161,summoner-36099357,162,Fapdo,Challenger,399,67,,158,118
162,summoner-32867184,163,Blitzt,Challenger,398,106,,200,165
163,summoner-47836799,164,Liquid Hard,Challenger,397,69,,205,167
164,summoner-39040566,165,GGS Matt,Challenger,396,87,,345,315
165,summoner-93269094,166,Potluck,Challenger,394,72,,138,115
166,summoner-56829156,167,Laceration,Challenger,393,102,,215,175
167,summoner-28943582,168,CP Freeze,Challenger,392,91,,331,285
168,summoner-7250,169,Apollo Price,Challenger,391,106,,371,345
169,summoner-44317220,170,Sheepp,Challenger,388,66,,263,194
170,summoner-34022147,171,Tuesdayy,Challenger,387,95,,326,299
171,summoner-20072604,172,GGEA Abou222,Challenger,387,95,,280,245
172,summoner-34268448,173,Forgotten Legend,Challenger,387,67,,175,139
173,summoner-20636732,174,Morïarty,Challenger,386,89,,426,396
174,summoner-77520973,175,TCLB Zephyr,Challenger,386,95,,227,179
175,summoner-23907257,176,Janna Mechanics,Challenger,385,84,,256,216
176,summoner-156090,177,Yassuo,Challenger,384,118,,510,479
177,summoner-89599264,178,D9 Grelly,Challenger,383,116,,486,456
178,summoner-66832087,179,sexyminou,Challenger,382,80,,320,283
179,summoner-26153361,180,Happy Birfdizzay,Challenger,382,89,,280,245
180,summoner-23476283,181,EricZYang,Challenger,380,186,,626,593
181,summoner-20305573,182,shochi,Challenger,380,114,,394,361
182,summoner-31507479,183,foggedftw2,Challenger,377,54,,86,49
183,summoner-92610081,184,Gáme1234,Challenger,375,69,,340,264
184,summoner-20687868,185,Gabex,Challenger,375,90,,288,240
185,summoner-55805197,186,Hyami,Challenger,375,92,,169,136
186,summoner-62605523,187,Resuna,Challenger,375,52,,160,84
187,summoner-95439134,188,olruol,Challenger,375,42,,89,66
188,summoner-22231499,189,Washed Up,Challenger,371,83,,256,217
189,summoner-29203966,190,Ino1,Challenger,371,119,,241,202
190,summoner-22350178,191,Cat VaIentine,Challenger,370,74,,241,200
191,summoner-32705024,192,Falcon God,Challenger,369,64,,189,158
192,summoner-95439156,193,sky island,Challenger,369,50,,163,140
193,summoner-77252739,194,FUNKYFRAGAS32,Challenger,366,97,,440,403
194,summoner-32252808,195,WayneDwops,Challenger,365,86,,235,193
195,summoner-42133105,196,GGEA Strompest,Challenger,363,69,,191,152
196,summoner-78739091,197,IdioticGuy123,Challenger,362,66,,182,143
197,summoner-26822730,198,BloodKey,Challenger,358,52,,150,81
198,summoner-84759118,199,Metaphor,Challenger,349,96,,358,317
199,summoner-29524444,200,atkins2,Challenger,347,99,,256,224
200,summoner-29221767,201,Abou222,Master,361,66,,162,117
201,summoner-73543081,202,SKT T1 Crown,Master,361,93,,146,96
202,summoner-23162732,203,Byeong Hoon Lee,Master,360,90,,231,204
203,summoner-36259319,204,Vchee,Master,358,84,,369,329
204,summoner-47607839,205,Gong Yoo x,Master,357,72,,315,255
205,summoner-95439104,206,PRODUCTPLACEMENT,Master,357,40,,74,53
206,summoner-46052203,207,B Solo Lane B,Master,346,95,,372,335
207,summoner-24823450,208,Viel Glück,Master,346,67,,118,85
208,summoner-39957695,209,røvex,Master,320,110,,514,494
209,summoner-91729099,210,BOL4,Master,337,55,,161,127
210,summoner-72849285,211,ChumpJohn Again,Master,337,56,,98,63
211,summoner-82789571,212,flameflameflame,Master,335,70,,248,215
212,summoner-80240589,213,Toàn Tran,Master,335,48,,97,67
213,summoner-47706407,214,FreshCreamCherry,Master,333,73,,259,224
214,summoner-88229545,215,Gate,Master,333,110,,243,212
215,summoner-22478427,216,Biofrost,Master,329,79,,238,204
216,summoner-36400685,217,AIIorim,Master,327,105,,365,342
217,summoner-30580841,218,YkyLh,Master,326,100,,98,47
218,summoner-43147757,219,Twíns,Master,320,120,,296,196
219,summoner-19668604,220,Koukesito,Master,320,63,,186,144
220,summoner-83939135,221,jensenfanboy97,Master,320,52,,138,83
221,summoner-50493382,222,sniperboy120,Master,320,55,,117,69
222,summoner-22415968,223,Real Danijrm,Master,319,67,,279,230
223,summoner-19296564,224,fwii,Master,319,106,,257,232
224,summoner-21498922,225,Linsaníty,Master,319,71,,183,162
225,summoner-31929876,226,Arceesenpie,Master,318,67,,254,215
226,summoner-57039082,227,boI4,Master,314,51,,156,125
227,summoner-22701102,228,EleJiggle,Master,313,109,,309,276
228,summoner-32909693,229,IVIODE,Master,311,88,,387,327
229,summoner-19905517,230,ZzLegendary,Master,310,103,,198,161
230,summoner-45191640,231,ChadYasuoMain,Master,307,125,,227,193
231,summoner-39933019,232,Taco,Master,306,63,,209,174
232,summoner-21201241,233,Auberaun,Master,305,81,,196,163
233,summoner-38869932,234,really big meme,Master,304,92,,209,180
234,summoner-89530903,235,Shorter,Master,302,73,,267,231
235,summoner-33419995,236,CopyAndPaste,Master,302,69,,130,104
236,summoner-45661658,237,Bao Bao,Master,301,101,,239,211
237,summoner-19875787,238,Crab Battle,Master,301,56,,128,97
238,summoner-48321237,239,MouseArt,Master,299,170,,809,783
239,summoner-24154639,240,ggulbam1,Master,299,73,,126,94
240,summoner-95090711,241,DeafRef,Master,298,57,,208,158
241,summoner-21830641,242,Seuyan,Master,297,56,,160,112
242,summoner-27816311,243,N4omi,Master,297,70,,160,128
243,summoner-40279866,244,Krmx,Master,296,73,,223,192
244,summoner-36772244,245,Fuh Breeze,Master,293,103,,302,285
245,summoner-19804632,246,Forest Within,Master,274,87,,468,382
246,summoner-43079579,247,My melody,Master,289,168,,203,168
247,summoner-24449785,248,that808gamer,Master,288,92,,235,207
248,summoner-32392626,249,Dhokla,Master,287,97,,352,330
249,summoner-36119978,250,Kazahana,Master,286,106,,180,152
250,summoner-48365522,251,CroatianD,Master,286,109,,177,138
251,summoner-61542283,252,huhi,Master,284,87,,249,223
252,summoner-63668454,253,Desired Game,Master,284,53,,208,106
253,summoner-22789590,254,Nami Fish Hentai,Master,284,122,,197,163
254,summoner-44141483,255,RubenxSWRD,Master,283,87,,348,320
255,summoner-77661150,256,good nightt,Master,283,59,,180,116
256,summoner-21728063,257,tebomb2,Master,280,44,,70,32
257,summoner-84389222,258,Meta,Master,277,67,,164,141
258,summoner-82950710,259,NA is a coinflip,Master,277,57,,103,72
259,summoner-19451735,260,homeboi,Master,276,98,,375,350
260,summoner-77489438,261,A Brand 1 Trick,Master,276,68,,195,166
261,summoner-95029399,262,lIIIlllIIllIlIlI,Master,276,42,,92,44
262,summoner-29773406,263,Tonington,Master,275,69,,184,155
263,summoner-89909122,264,light b,Master,274,70,,150,116
264,summoner-46069412,265,foggedftw1,Master,273,61,,117,84
265,summoner-20826894,266,Sleepyz,Master,270,112,,457,437
266,summoner-62374009,267,wlswlgkrprkwmdk,Master,269,54,,197,158
267,summoner-23350752,268,Zeyzal,Master,269,61,,176,150
268,summoner-91429107,269,CLG Reignover,Master,266,66,,155,132
269,summoner-21652056,270,Vìncent,Master,265,88,,300,270
270,summoner-91634369,271,Origami X,Master,265,56,,197,127
271,summoner-20611031,272,An Obese Panda,Master,265,103,,160,130
272,summoner-77351819,273,Saskioo,Master,263,77,,198,162
273,summoner-92969097,274,Ruler CoreJJ,Master,262,47,,123,102
274,summoner-56797519,275,Kewlipo,Master,259,126,,495,465
275,summoner-45451524,276,Løst Boy,Master,259,104,,358,320
276,summoner-22991489,277,Tangularx,Master,257,100,,428,400
277,summoner-92949232,278,L 5 22 9,Master,256,94,,493,428
278,summoner-40036262,279,TF Blade,Master,256,74,,258,196
279,summoner-60615460,280,Charming Gay Guy,Master,256,56,,173,98
280,summoner-72903789,281,LimitTester,Master,255,46,,103,70
281,summoner-31781756,282,Mac,Master,254,83,,214,149
282,summoner-37447382,283,KlvA,Master,253,79,,150,117
283,summoner-90782595,284,Judge Doom,Master,252,75,,163,133
284,summoner-56365425,285,Johnaay,Master,249,90,,178,147
285,summoner-42018127,286,Eclipseˉ,Master,248,66,,214,172
286,summoner-23965783,287,Titan Dweevil,Master,246,112,,454,420
287,summoner-22447403,288,PrismaI,Master,243,95,,275,246
288,summoner-66042977,289,TwTv KatEvolved,Master,242,91,,297,271
289,summoner-40984753,290,GangstahSwerve,Master,241,45,,82,54
290,summoner-24449515,291,Savast,Master,238,107,,275,247
291,summoner-20411671,292,Heisendong,Master,238,61,,131,99
292,summoner-88669121,293,Akaadian,Master,238,56,,80,50
293,summoner-21794465,294,chowdong,Master,237,70,,201,172
294,summoner-73136544,295,Feí,Master,237,82,,201,160
295,summoner-25232745,296,TwTv ChaseShaco,Master,236,64,,180,155
296,summoner-69129243,297,GDX,Master,236,133,,104,58
297,summoner-95729083,298,Known Dicer,Master,236,41,,88,57
298,summoner-31383720,299,Terrified dog,Master,235,57,,174,138
299,summoner-68459235,300,Yuki S2,Master,233,119,,361,327
300,summoner-46531569,301,iKinggVex,Master,231,169,,807,784
301,summoner-20920347,302,H4xDefender,Master,230,85,,308,279
302,summoner-51949451,303,AD Nannies Pref,Master,230,86,,229,203
303,summoner-66929247,304,Liquid Joey,Master,230,73,,212,192
304,summoner-28432690,305,Zud,Master,230,89,,198,161
305,summoner-22192687,306,Gweiss,Master,228,159,,470,448
306,summoner-62630267,307,KlonkGronkZonk,Master,228,88,,208,183
307,summoner-76609200,308,INF SolidSnake,Master,227,114,,311,287
308,summoner-22696988,309,TheOddOrange,Master,226,85,,218,193
309,summoner-51758381,310,TN Vampire,Master,225,106,,212,138
310,summoner-24793304,311,Roronoa Zary,Master,225,58,,171,139
311,summoner-78739135,312,Feox,Master,225,60,,160,119
312,summoner-84509505,313,GGEA eThug,Master,223,79,,159,127
313,summoner-89190126,314,Toxic Vietnamese,Master,223,108,,148,111
314,summoner-62240420,315,le fwii,Master,222,50,,95,28
315,summoner-138243,316,Kimchi the Cat,Master,221,139,,450,415
316,summoner-492066,317,SimplyHai,Master,221,87,,298,273
317,summoner-10077,318,scarra,Master,220,113,,562,543
318,summoner-22417049,319,Cuyo,Master,219,86,,263,241
319,summoner-31213574,320,Swkeeee,Master,219,145,,252,210
320,summoner-75111441,321,WSL Bae Bae,Master,217,117,,122,81
321,summoner-38091945,322,Zenden,Master,215,69,,215,182
322,summoner-28781699,323,Shupian,Master,215,101,,186,155
323,summoner-39877298,324,lae young,Master,215,55,,145,117
324,summoner-46062118,325,I Am Smexy,Master,215,64,,108,68
325,summoner-34084652,326,I Dislike Solo Q,Master,214,55,,159,131
326,summoner-82962549,327,10 IQ PLAYER,Master,213,98,,237,204
327,summoner-83709100,328,KhaliDino,Master,212,138,,589,553
328,summoner-57302617,329,Dragonmin,Master,212,43,,69,24
329,summoner-27282584,330,weed on ice,Master,210,105,,494,461
330,summoner-91329284,331,Sllfer,Master,210,42,,88,41
331,summoner-20112175,332,Rohammers,Master,209,115,,504,484
332,summoner-27381932,333,chepa candela,Master,209,94,,374,350
333,summoner-22341069,334,please plan ahea,Master,209,56,,185,146
334,summoner-53152792,335,The Crab Hunter,Master,208,105,,257,222
335,summoner-30045762,336,Kumo9,Master,206,97,,349,318
336,summoner-50185236,337,xFSN Sakura,Master,206,52,,110,75
337,summoner-38709082,338,Soju,Master,205,90,,296,258
338,summoner-74450973,339,Fiona So Cute,Master,205,95,,163,91
339,summoner-22835956,340,RenektonTopOnly,Master,204,129,,644,598
340,summoner-22292020,341,CIyde,Master,203,119,,342,323
341,summoner-38111839,342,Candice,Master,203,70,,228,201
342,summoner-25285716,343,Haanii,Master,203,73,,124,95
343,summoner-50521814,344,VelIeity,Master,202,121,,458,396
344,summoner-45678930,345,MattyMooo,Master,202,114,,408,388
345,summoner-66241634,346,TwTv Vchee,Master,202,63,,261,165
346,summoner-83282990,347,monkarS,Master,202,67,,201,174
347,summoner-518475,348,Cat Girl Sakuya,Master,202,61,,164,126
348,summoner-82789170,349,TL Cain,Master,201,69,,272,236
349,summoner-43225114,350,Necroside,Master,200,95,,166,136
350,summoner-19715873,351,Gerardo Ortiz,Master,200,53,,130,96
351,summoner-41335915,352,Sahatsu,Master,198,120,,256,230
352,summoner-20694079,353,Day after day,Master,197,99,,427,409
353,summoner-50638481,354,supercoolisaac,Master,197,136,,156,126
354,summoner-22858406,355,KAYLE OTP BABY,Master,196,130,,380,356
355,summoner-20724263,356,YesImCelend,Master,196,52,,123,81
356,summoner-19887289,357,Imaqtpie,Master,195,174,,862,836
357,summoner-50928107,358,FEED SPLIT THROW,Master,194,63,,99,59
358,summoner-22058902,359,Flaresz,Master,194,55,,77,56
359,summoner-20123146,360,AND 1 AIDAN,Master,193,95,,319,288
360,summoner-43873947,361,Boyyyyyyyyyyyyyy,Master,193,91,,112,87
361,summoner-19725432,362,riste,Master,192,168,,727,695
362,summoner-24724018,363,Willie fkn P,Master,191,81,,421,369
363,summoner-21103810,364,BendyAndy,Master,188,92,,359,322
364,summoner-52326216,365,papa croc romanm,Master,188,65,,224,193
365,summoner-19979141,366,Was Fun,Master,187,85,,212,181
366,summoner-29194631,367,Alicopter,Master,186,143,,505,484
367,summoner-77729240,368,LohpalIy,Master,186,88,,279,249
368,summoner-77191631,369,Kítzuo,Master,185,100,,340,298
369,summoner-54986862,370,Àsyc,Master,183,166,,847,829
370,summoner-72379811,371,James Jeongˉ,Master,182,76,,287,233
371,summoner-93579190,372,Pykeman,Master,182,43,,103,81
372,summoner-42762376,373,peaceminusøne,Master,179,64,,128,84
373,summoner-77589227,374,Šœ  VIP  Šœ,Master,178,78,,141,102
374,summoner-94519219,375,xXxGodPlayerxXx,Master,178,49,,128,99
375,summoner-56614125,376,ibara2,Master,177,94,,341,301
376,summoner-91729110,377,CG Febiven,Master,177,81,,255,214
377,summoner-19139093,378,Redmercy,Master,177,68,,186,155
378,summoner-432695,379,Lethal Zedster,Master,176,48,,134,111
379,summoner-45126443,380,Jg2,Master,175,80,,362,336
380,summoner-48547745,381,Diamond Police,Master,175,94,,289,265
381,summoner-50363420,382,duoshark1,Master,174,81,,207,185
382,summoner-44841787,383,MooseHater,Master,173,98,,296,282
383,summoner-19470447,384,Minishcap1,Master,173,69,,130,103
384,summoner-21003343,385,Wookin,Master,173,68,,83,53
385,summoner-20132258,386,Doublelift,Master,172,79,,147,124
386,summoner-69883340,387,iwhenzhou,Master,171,146,,191,163
387,summoner-47005597,388,IWU Fizzi,Master,170,59,,166,107
388,summoner-32556358,389,Gamer Girl,Master,168,108,,245,226
389,summoner-28840804,390,Dr Saline PhD,Master,166,96,,419,387
390,summoner-90839081,391,IIllIlIlIlIIIlll,Master,166,74,,229,204
391,summoner-19777052,392,GeneralMint,Master,165,97,,270,247
392,summoner-20978232,393,ItsYourChoice,Master,164,110,,400,371
393,summoner-70011915,394,moon b,Master,164,87,,270,238
394,summoner-87599515,395,Raverboy,Master,164,111,,258,227
395,summoner-20902946,396,Oppai God,Master,164,73,,182,159
396,summoner-48318695,397,nxi,Master,164,69,,176,135
397,summoner-40655603,398,Copari,Master,161,85,,204,181
398,summoner-19976104,399,Kkeptt,Master,161,54,,174,108
399,summoner-23723309,400,Ordinn,Master,160,87,,198,170
400,summoner-390600,401,Meteos,Master,157,94,,178,151
401,summoner-19906739,402,Virus,Master,156,92,,321,284
402,summoner-19594516,403,Rvn,Master,155,97,,348,319
403,summoner-24412033,404,Sexy Yaoi Prince,Master,155,108,,313,285
404,summoner-21978925,405,SlapPorkChop,Master,155,80,,228,206
405,summoner-33239179,406,ZeyzaI,Master,155,59,,129,65
406,summoner-25022297,407,Omot,Master,154,100,,120,92
407,summoner-70339477,408,Rapidx,Master,153,124,,576,548
408,summoner-23624997,409,Evop,Master,153,51,,184,125
409,summoner-44116382,410,7500dollar,Master,152,73,,272,192
410,summoner-32178528,411,Weeknd,Master,149,91,,366,344
411,summoner-47212115,412,Tactical,Master,148,95,,253,229
412,summoner-22073036,413,Breakbot,Master,147,109,,272,239
413,summoner-22775683,414,Zero Pressure xD,Master,147,66,,211,169
414,summoner-89031504,415,I worry,Master,147,57,,97,64
415,summoner-21814281,416,TALON1V9,Master,146,57,,169,110
416,summoner-28329959,417,Zib Nibbler,Master,146,70,,125,95
417,summoner-24877618,418,Vares,Master,145,123,,363,333
418,summoner-91601980,419,llIIllIIlll,Master,145,55,,149,109
419,summoner-521955,420,WildTurtle,Master,144,47,,122,80
420,summoner-63291,421,Sunset,Master,143,175,,788,757
421,summoner-49943354,422,Dekar,Master,143,49,,152,119
422,summoner-19661419,423,HoloLO2,Master,143,46,,102,53
423,summoner-38841069,424,Ikzencriel,Master,142,128,,541,521
424,summoner-34225884,425,Blazed Nova,Master,162,124,,380,344
425,summoner-24391662,426,was good in s6,Master,142,108,,377,355
426,summoner-80979709,427,Pants are JłZZ,Master,142,101,,302,278
427,summoner-30936371,428,Jayms,Master,142,67,,163,149
428,summoner-21189658,429,jakobjames,Master,141,58,,63,37
429,summoner-51075422,430,Hopefulqt,Master,140,96,,236,206
430,summoner-25367460,431,Mnew,Master,140,83,,217,186
431,summoner-28682326,432,wispe,Master,139,164,,415,385
432,summoner-80301228,433,Godspica,Master,138,70,,171,145
433,summoner-78059635,434,MACACO,Master,135,91,,236,206
434,summoner-22220672,435,RiceLegend,Master,134,73,,245,215
435,summoner-76832011,436,XChanX,Master,134,70,,132,98
436,summoner-51473426,437,Repobah,Master,133,166,,307,276
437,summoner-579475,438,dawolfsfang,Master,133,57,,168,150
438,summoner-24598046,439,time time time,Master,133,55,,149,117
439,summoner-41643804,440,Vakin,Master,132,135,,374,348
440,summoner-38883756,441,luggindy,Master,131,72,,183,151
441,summoner-24153216,442,TwTvJakehoffmann,Master,130,107,,498,441
442,summoner-35702501,443,cokes,Master,130,99,,281,251
443,summoner-89382678,444,UBCKNIFE,Master,130,46,,134,83
444,summoner-25005620,445,Mcbaze,Master,128,93,,385,357
445,summoner-59991269,446,Neko Nico Nii,Master,128,65,,229,185
446,summoner-44946228,447,ˆTwice Sanaˆ,Master,127,95,,147,119
447,summoner-90811612,448,TwTv 6ixgodmemes,Master,127,53,,116,64
448,summoner-95699530,449,Con sentiment,Master,127,43,,100,44
449,summoner-19199530,450,Xpecial,Master,126,90,,206,184
450,summoner-30107400,451,BlueHole,Master,126,87,,163,95
451,summoner-29699937,452,Kholin,Master,126,54,,162,132
452,summoner-35400880,453,AxelsFinalFlame,Master,126,66,,140,116
453,summoner-70359148,454,Tony Supp,Master,125,77,,223,209
454,summoner-34042136,455,Good vs Evil,Master,124,61,,159,134
455,summoner-31804039,456,oGoDs,Master,124,66,,127,104
456,summoner-58272296,457,Ari Why,Master,123,122,,242,215
457,summoner-92659418,458,beat saber main,Master,123,45,,116,89
458,summoner-35703236,459,PieCakeLord,Master,120,107,,477,459
459,summoner-64793095,460,Ttv fwiizone,Master,120,51,,50,14
460,summoner-22639840,461,Bryanmanlet,Master,119,85,,243,209
461,summoner-67709962,462,LostFizz,Master,118,129,,295,245
462,summoner-37094087,463,Ben9813,Master,118,45,,99,60
463,summoner-21107682,464,Hillside Boys,Master,116,170,,709,668
464,summoner-77269277,465,it viper,Master,116,101,,292,280
465,summoner-39003930,466,어쩌면,Master,116,99,,231,203
466,summoner-50493444,467,Coltre,Master,116,167,,103,67
467,summoner-20794181,468,vStarzzz,Master,114,120,,486,460
468,summoner-45038172,469,Sir Celery,Master,114,104,,188,164
469,summoner-31687588,470,Freeze,Master,114,60,,102,79
470,summoner-49013115,471,DeadlyTwitches,Master,113,120,,182,156
471,summoner-25276169,472,argv,Master,112,105,,283,252
472,summoner-40017716,473,Choisix,Master,112,59,,124,88
473,summoner-36512012,474,Body Those Fools,Master,111,92,,150,123
474,summoner-30372420,475,Shimatora,Master,110,123,,318,289
475,summoner-75281603,476,Catria,Master,110,110,,226,196
476,summoner-22180208,477,Chasing Summer,Master,110,76,,107,88
477,summoner-30709643,478,Jazzawhitz,Master,109,56,,113,79
478,summoner-24801053,479,gLucy,Master,108,95,,137,113
479,summoner-45660180,480,Horseie,Master,108,69,,137,106
480,summoner-47647040,481,BestInTown,Master,108,46,,104,64
481,summoner-50453166,482,Boosted bot,Master,106,228,,1289,1263
482,summoner-61925463,483,Wixxi,Master,106,98,,213,180
483,summoner-90342456,484,Tyto alba alba,Master,106,65,,189,142
484,summoner-93269098,485,decentplayer53,Master,106,47,,124,94
485,summoner-44594721,486,Zeroˉ,Master,105,132,,515,489
486,summoner-35336480,487,Outclass,Master,105,109,,400,378
487,summoner-19263738,488,oMizu,Master,105,88,,194,166
488,summoner-35590582,489,Annie Bot,Master,104,199,,1036,1011
489,summoner-23245665,490,Scrandor,Master,103,123,,598,582
490,summoner-27809820,491,jbraggs,Master,103,133,,489,468
491,summoner-19663548,492,TwTvTastyPotatox,Master,103,73,,233,201
492,summoner-23213125,493,mimi styIe,Master,103,116,,85,62
493,summoner-32355,494,AquaBlue,Master,102,112,,399,373
494,summoner-76869210,495,imp9,Master,102,87,,298,258
495,summoner-91655533,496,chicken and rice,Master,101,50,,150,87
496,summoner-23467785,497,babybaby1111,Master,100,217,,726,703
497,summoner-91270727,498,cute loli gf,Master,99,46,,129,83
498,summoner-39996814,499,Grande Donger,Master,98,103,,410,383
499,summoner-46127893,500,NoMercy,Master,118,50,,116,92
500,summoner-48443712,501,ChaosRain,Master,97,132,,490,462
501,summoner-43276966,502,Eric Zhao,Master,97,98,,231,197
502,summoner-70173009,503,Maiyatang,Master,96,259,,686,654
503,summoner-23941212,504,toez1,Master,96,65,,189,160
504,summoner-32627897,505,Potty,Master,94,113,,320,285
505,summoner-86839671,506,Swifte1,Master,93,44,,103,55
506,summoner-30266347,507,Piggy Kitten,Master,92,156,,847,822
507,summoner-24399368,508,KingGeorgie,Master,92,154,,401,374
508,summoner-23769101,509,Wazabiee,Master,91,97,,312,282
509,summoner-40846506,510,Gavotto,Master,91,51,,131,104
510,summoner-442232,511,aphromoo,Master,89,218,,371,355
511,summoner-39630512,512,davidroo,Master,89,79,,131,108
512,summoner-59189004,513,Śhady,Master,88,131,,515,492
513,summoner-51094671,514,Eivu,Master,88,84,,336,308
514,summoner-90679261,515,bagelbrother71,Master,88,66,,98,67
515,summoner-38384168,516,SaltwaterScourge,Master,87,106,,239,210
516,summoner-19599117,517,Bes,Master,87,109,,231,206
517,summoner-40432671,518,refiningg,Master,87,48,,134,86
518,summoner-29593986,519,Èssence,Master,86,115,,407,383
519,summoner-19353105,520,Rekeri,Master,86,81,,234,205
520,summoner-31588136,521,CLG Auto,Master,85,102,,460,431
521,summoner-21905240,522,I Have Sisu,Master,84,128,,661,637
522,summoner-66879182,523,Dilena Dimitrova,Master,84,106,,340,312
523,summoner-55815684,524,Deweyyy,Master,84,131,,113,80
524,summoner-39833053,525,Chase Kip,Master,83,141,,399,369
525,summoner-35095512,526,Enrique5pe,Master,103,79,,264,229
526,summoner-36776514,527,Reza Y Dispara,Master,83,50,,148,91
527,summoner-77003254,528,footnote,Master,83,50,,127,76
528,summoner-37278467,529,Cyrano,Master,82,137,,261,236
529,summoner-82759189,530,Mar de Copas,Master,81,95,,312,292
530,summoner-54719803,531,luckylark,Master,81,43,,122,77
531,summoner-28391756,532,Fated Emperor,Master,80,126,,598,583
532,summoner-32576527,533,Danwel,Master,79,119,,473,452
533,summoner-24762213,534,Devolve,Master,78,129,,385,328
534,summoner-49089505,535,Solitified,Master,78,148,,376,326
535,summoner-22922261,536,yak0,Master,78,62,,112,88
536,summoner-60930238,537,ImASuperNiceGuy,Master,77,122,,209,183
537,summoner-23702362,538,xRequiem,Master,76,88,,202,178
538,summoner-36447212,539,AsianSGpotato,Master,76,124,,108,85
539,summoner-39561509,540,JuIius,Master,75,165,,812,791
540,summoner-87230278,541,Not2Clean,Master,75,144,,554,535
541,summoner-53339424,542,MeIo,Master,75,98,,305,251
542,summoner-31632622,543,XsYz,Master,75,70,,182,163
543,summoner-54845887,544,kyroo1,Master,75,108,,173,144
544,summoner-265174,545,Thien Chau1,Master,74,79,,304,276
545,summoner-34983603,546,Licorice,Master,74,70,,83,64
546,summoner-21390175,547,Branch of Fate,Master,73,111,,445,411
547,summoner-75209208,548,Purrple Socks,Master,72,102,,369,340
548,summoner-28299232,549,Anderz,Master,70,98,,200,172
549,summoner-85339564,550,JB hai,Master,70,98,,182,151
550,summoner-21399577,551,Tentacool,Master,69,59,,170,147
551,summoner-30575166,552,Locke Lamora,Master,68,134,,318,294
552,summoner-45186258,553,Pistolˉ,Master,68,71,,151,124
553,summoner-46560088,554,DeDrater,Master,68,52,,145,107
554,summoner-71661569,555,Spin,Master,67,171,,258,228
555,summoner-37145047,556,Gli,Master,66,111,,226,204
556,summoner-26712726,557,OFFLINETV REJECT,Master,66,63,,225,197
557,summoner-45520517,558,ioki,Master,65,101,,258,223
558,summoner-22476330,559,Minah,Master,65,96,,242,231
559,summoner-28909573,560,tiltmaster123,Master,65,60,,204,174
560,summoner-23414336,561,Went,Master,63,51,,145,98
561,summoner-43235320,562,Rocket Rhino,Master,62,119,,265,242
562,summoner-20220845,563,Nikkone,Master,62,95,,208,192
563,summoner-37827053,564,KiNG Nidhogg,Master,62,86,,198,174
564,summoner-42815012,565,omg its snowing,Master,58,64,,203,180
565,summoner-45164529,566,KANGSEUNGLOKSFAN,Master,58,81,,167,148
566,summoner-37370762,567,Im Avi,Master,58,45,,105,50
567,summoner-78430986,568,Tony Mid,Master,57,73,,314,264
568,summoner-41989378,569,Lx1angTNT,Master,57,52,,122,96
569,summoner-20414291,570,Protòtype,Master,56,165,,854,808
570,summoner-21998704,571,Birds cant fly,Master,56,103,,299,271
571,summoner-20001980,572,BenjiStax,Master,56,65,,208,183
572,summoner-25117400,573,Kiryu Moeka,Master,54,75,,173,130
573,summoner-21955448,574,Zuardian,Master,53,127,,472,450
574,summoner-26785144,575,콘돔꺼내기,Master,53,71,,176,155
575,summoner-45101564,576,dmario7,Master,52,88,,455,431
576,summoner-78670850,577,twtv Lohpally,Master,52,87,,288,264
577,summoner-28948871,578,Fun Carnage,Master,51,86,,237,217
578,summoner-21705406,579,Link,Master,51,58,,135,107
579,summoner-29317015,580,cheisu,Master,51,64,,107,83
580,summoner-19285521,581,ColombiaParce,Master,50,95,,334,314
581,summoner-31233054,582,THE Jons,Master,50,91,,278,254
582,summoner-85001542,583,xBlotter,Master,50,55,,151,121
583,summoner-37327350,584,Bryce Walker,Master,50,44,,129,71
584,summoner-23890102,585,YoItsK,Master,49,141,,467,438
585,summoner-46385711,586,Treysh,Master,49,98,,179,158
586,summoner-47442009,587,OvO Memes,Master,48,116,,337,321
587,summoner-20032190,588,VanillaHomocide,Master,48,138,,260,232
588,summoner-22325691,589,Yotsume,Master,48,40,,70,39
589,summoner-32016710,590,Noobkiller291,Master,47,112,,282,265
590,summoner-92009905,591,show us de way,Master,44,52,,123,68
591,summoner-95139141,592,eydflt,Master,44,40,,74,48
592,summoner-51153743,593,Unreal Player,Master,43,50,,199,93
593,summoner-94849180,594,Ryleo,Master,43,50,,149,91
594,summoner-22742359,595,Magi1234,Master,43,92,,110,91
595,summoner-91554234,596,Gotenk,Master,42,88,,388,319
596,summoner-20886395,597,BeNice2EachOther,Master,42,97,,249,218
597,summoner-39987054,598,CloudNguyén,Master,41,129,,478,456
598,summoner-30314638,599,DarkWingsForSale,Master,41,82,,175,154
599,summoner-23887566,600,CookiesforSanta,Master,41,86,,102,77
600,summoner-46354722,601,Oricorio,Master,39,105,,194,172
601,summoner-19134540,602,Voyboy,Master,38,149,,641,623
602,summoner-20131827,603,Frostalicious,Master,38,61,,82,61
603,summoner-20640052,604,XPsionicsx,Master,37,73,,227,208
604,summoner-88109144,605,Bardly Missed,Master,36,99,,517,473
605,summoner-49389151,606,Bíshop,Master,36,116,,416,368
606,summoner-76912916,607,Rose Queen,Master,36,125,,335,294
607,summoner-81041277,608,Myth of Bulgaria,Master,36,47,,125,88
608,summoner-34563833,609,Clasiik,Master,35,125,,410,383
609,summoner-386231,610,admirable potato,Master,35,107,,266,237
610,summoner-39642481,611,Beyoutiful,Master,35,130,,156,135
611,summoner-57539102,612,sesamo,Master,35,68,,136,116
612,summoner-42239629,613,NoticedMeSenpai,Master,34,113,,285,262
613,summoner-67872603,614,Kailhua,Master,34,83,,163,136
614,summoner-89259289,615,Bobbyˉ,Master,34,127,,103,75
615,summoner-19537654,616,DEMIGOD,Master,33,130,,283,212
616,summoner-35122558,617,ChaseShaco,Master,33,61,,152,125
617,summoner-34277055,618,Never Casual,Master,32,132,,515,488
618,summoner-22178565,619,Swoofyy,Master,32,91,,380,346
619,summoner-35798660,620,Plabatey,Master,32,91,,120,99
620,summoner-50208688,621,TC porsche,Master,32,104,,111,71
621,summoner-90610341,622,only a feeling,Master,32,48,,108,75
622,summoner-29653038,623,Winfield,Master,31,96,,153,132
623,summoner-50983694,624,OpenBaepack,Master,31,60,,126,94
624,summoner-96849781,625,Pahn,Master,30,48,,161,118
625,summoner-92659402,626,Yubi,Master,30,40,,66,54
626,summoner-53801673,627,Dziarmaga,Master,29,72,,253,226
627,summoner-19617276,628,OPW,Master,29,57,,116,98
628,summoner-32004867,629,Alexandtheo,Master,28,77,,134,111
629,summoner-77350765,630,Zentinel,Master,28,60,,88,63
630,summoner-27931416,631,PDS Zelt,Master,27,90,,294,279
631,summoner-24292975,632,CHOKE ME 002,Master,27,78,,268,218
632,summoner-24705131,633,August 12,Master,27,68,,253,227
633,summoner-38334154,634,Shmekek,Master,27,100,,203,175
634,summoner-44989337,635,C9 Gun,Master,27,42,,50,22
635,summoner-40661961,636,The Tank Man,Master,26,99,,340,312
636,summoner-76019310,637,Bulgarian Legend,Master,26,43,,103,68
637,summoner-45795786,638,Veiv,Master,25,138,,482,452
638,summoner-21332662,639,Masterý,Master,25,140,,391,362
639,summoner-52081339,640,SLappY NasTy,Master,25,35,,62,16
640,summoner-37532228,641,byebyee,Master,24,105,,269,236
641,summoner-76920234,642,Comminatory,Master,24,48,,68,37
642,summoner-35570736,643,camtheham,Master,23,72,,158,133
643,summoner-47812413,644,WatermelonWombat,Master,22,90,,316,244
644,summoner-38384984,645,Ez Tangerine,Master,22,79,,252,217
645,summoner-28879653,646,Fiddle Jungle,Master,22,85,,226,200
646,summoner-50791128,647,Zahnet,Master,22,100,,216,190
647,summoner-79940819,648,ps 01,Master,21,103,,492,468
648,summoner-19723788,649,Mozzyy,Master,21,110,,371,345
649,summoner-325903,650,Aglow,Master,21,94,,205,180
650,summoner-27726049,651,Methazine,Master,21,38,,64,20
651,summoner-38256280,652,Lets Not Give Up,Master,20,66,,306,246
652,summoner-31440065,653,PRoHAppyCAmper,Master,20,79,,231,202
653,summoner-75169835,654,Prødigious,Master,20,55,,161,125
654,summoner-19969614,655,ExecutionerK,Master,20,59,,144,121
655,summoner-21701239,656,bobqinXD,Master,20,58,,139,116
656,summoner-22129599,657,pick lulu or int,Master,20,41,,92,44
657,summoner-28454336,658,DarkX,Master,19,135,,476,453
658,summoner-47547430,659,CallMeExiled,Master,19,96,,285,260
659,summoner-50371119,660,King Taric,Master,19,98,,163,139
660,summoner-50759303,661,IWCrackinate,Master,19,55,,123,100
661,summoner-168921,662,sakurafloret,Master,19,48,,123,78
662,summoner-100311,663,US Economy,Master,19,73,,111,73
663,summoner-27664334,664,Rëol,Master,18,100,,331,307
664,summoner-47066009,665,ądc,Master,18,96,,201,167
665,summoner-25599243,666,WsT Goxtry,Master,18,69,,140,124
666,summoner-33371203,667,gulayy,Master,17,128,,300,282
667,summoner-30307001,668,Turc,Master,17,88,,210,191
668,summoner-22652408,669,iProLordDiego,Master,17,50,,98,72
669,summoner-36100051,670,DirtyMobs,Master,16,105,,407,386
670,summoner-20400026,671,Tèmpo,Master,16,103,,391,364
671,summoner-85640077,672,LeEpicMemerino,Master,16,98,,276,255
672,summoner-60720984,673,Yîkês,Master,16,107,,265,183
673,summoner-19758519,674,MU Wolfe,Master,16,85,,194,173
674,summoner-19806051,675,Str1fe,Master,16,90,,184,170
675,summoner-31291239,676,Akeelo,Master,14,67,,165,136
676,summoner-88059115,677,eGirl cosplay,Master,14,47,,135,99
677,summoner-92273259,678,mid 3,Master,13,95,,501,450
678,summoner-75169605,679,twitchtv Eoba,Master,13,58,,134,98
679,summoner-50576811,680,its ok to be sad,Master,13,50,,83,59
680,summoner-19188557,681,Aurelıon sol,Master,12,76,,351,279
681,summoner-49660821,682,Ducks Of Swag,Master,12,110,,277,250
682,summoner-51289083,683,Babylola,Master,12,81,,242,218
683,summoner-32005448,684,Pros,Master,12,74,,209,186
684,summoner-81859355,685,pandapants363,Master,10,41,,97,50
685,summoner-46702979,686,Redrouger,Master,9,131,,459,414
686,summoner-89060974,687,uninspired tool,Master,9,47,,86,58
687,summoner-83262877,688,SkinnierJGWins,Master,8,61,,194,178
688,summoner-39876431,689,Majestic03,Master,8,47,,116,65
689,summoner-43083155,690,Meals,Master,8,86,,112,84
690,summoner-19267108,691,Panunu,Master,7,91,,187,166
691,summoner-21289125,692,Łast Hit,Master,7,102,,137,112
692,summoner-22079480,693,Boyfriend,Master,5,77,,205,190
693,summoner-41213210,694,DrewDozer,Master,1,116,,314,275
694,summoner-21629269,695,Beny,Master,1,60,,140,115
695,summoner-88669168,696,Mid braum only,Master,1,41,,90,56
696,summoner-53310208,697,JUYOUSO,Master,0,196,,1094,1026
697,summoner-25312572,698,a Pokeball,Master,0,133,,481,453
698,summoner-27476501,699,Joju,Master,0,136,,453,438
699,summoner-20813251,700,Moelester Squad,Master,0,110,,373,357
700,summoner-31403798,701,ReallyFatKid,Master,0,87,,368,335
701,summoner-19216994,702,Yisus,Master,0,79,,356,294
702,summoner-23679160,703,Barry Buggles,Master,0,127,,356,322
703,summoner-32360751,704,Frostynomad,Master,0,93,,355,337
704,summoner-37091701,705,sad idiot loser,Master,0,164,,350,330
705,summoner-47219230,706,Hi im Trixter,Master,0,96,,349,324
706,summoner-23702061,707,Mikhail Tal,Master,0,96,,300,262
707,summoner-60181263,708,MaRiTiMuS,Master,0,108,,282,258
708,summoner-35293242,709,Paratendo,Master,0,115,,279,254
709,summoner-36761613,710,walang elo,Master,0,91,,272,256
710,summoner-19161840,711,Arthin,Master,0,143,,270,248
711,summoner-73970139,712,RaverLad,Master,0,67,,261,227
712,summoner-92392897,713,A GR4SS,Master,0,66,,254,200
713,summoner-76463232,714,CLG Ravey,Master,0,72,,252,229
714,summoner-31925096,715,OSTRlCH,Master,0,101,,247,215
715,summoner-38886417,716,DuskDust,Master,0,90,,246,223
716,summoner-20048740,717,CorbinD,Master,0,76,,243,219
717,summoner-38089165,718,SETNAVREC,Master,0,100,,235,213
718,summoner-50731308,719,ShrektangIe,Master,0,97,,234,204
719,summoner-91969888,720,I Cook You Pay,Master,0,72,,209,154
720,summoner-21214027,721,Shawner,Master,0,112,,208,190
721,summoner-26786246,722,Dawn Bréak,Master,0,72,,199,171
722,summoner-47772583,723,A Noisy Aunt,Master,0,93,,192,159
723,summoner-37475736,724,WickedWazer,Master,0,74,,184,151
724,summoner-20966611,725,Qitong,Master,0,74,,175,147
725,summoner-48310516,726,Pyeong Chang,Master,0,74,,175,146
726,summoner-89039212,727,Internecinus,Master,0,235,,174,129
727,summoner-58608963,728,Seannnn,Master,0,121,,156,133
728,summoner-19979867,729,boom u dead,Master,0,88,,155,124
729,summoner-93659469,730,cofﬁn,Master,0,57,,154,112
730,summoner-88702082,731,IlllIlIIIIII,Master,0,57,,152,131
731,summoner-26065782,732,TomatoTownOnly,Master,0,53,,152,132
732,summoner-91633366,733,RF Legendaddy,Master,0,58,,150,117
733,summoner-65821215,734,i will make it,Master,0,65,,143,116
734,summoner-34603011,735,Aavhin,Master,0,99,,140,111
735,summoner-34665452,736,Tomoebi,Master,0,107,,132,108
736,summoner-23450268,737,GTL,Master,0,73,,126,89
737,summoner-26379781,738,Sonny2o9,Master,0,92,,125,103
738,summoner-67089674,739,DLQQ 459680082,Master,0,48,,117,85
739,summoner-45000894,740,k2c,Master,0,57,,116,96
740,summoner-85660385,741,mental boomin,Master,0,45,,113,84
741,summoner-25743455,742,Anthony Antonoff,Master,0,46,,105,79
742,summoner-47534411,743,Vilify Hydro,Master,0,39,,79,29
743,summoner-564332,744,wow nice meta,Master,0,40,,76,35
744,summoner-19882392,745,Itsfwii,Master,0,46,,68,39
745,summoner-41745040,746,Competition2,Diamond 1,100,205,,634,617
746,summoner-53026797,747,Jayton,Diamond 1,100,145,,483,460
747,summoner-34952485,748,Tracking Time,Diamond 1,100,119,,439,421
748,summoner-93269119,749,DIRTY B0Y,Diamond 1,100,89,,416,398
749,summoner-30453138,750,topsologg,Diamond 1,100,127,,407,383
750,summoner-30563611,751,Chou Tzuyuu,Diamond 1,100,165,,328,313
751,summoner-20037104,752,Molocha,Diamond 1,100,77,,300,274
752,summoner-20262759,753,Enryoo,Diamond 1,100,88,,285,256
753,summoner-48322713,754,Ged Hawk,Diamond 1,100,96,,249,210
754,summoner-20078731,755,TdollasAKATmoney,Diamond 1,100,88,,237,220
755,summoner-24853635,756,unfail,Diamond 1,100,80,,207,174
756,summoner-24071048,757,Jetstream22,Diamond 1,100,56,,196,112
757,summoner-19838545,758,Moontail,Diamond 1,100,60,,184,142
758,summoner-53094540,759,Notzu,Diamond 1,100,147,,181,159
759,summoner-91959940,760,Thats Not Fervor,Diamond 1,81,70,,180,126
760,summoner-48659949,761,hey guess what,Diamond 1,100,75,,152,131
761,summoner-44247733,762,ConquerDevil,Diamond 1,100,59,,150,97
762,summoner-29535209,763,A Good Sir,Diamond 1,100,80,,146,123
763,summoner-37832463,764,Eitori,Diamond 1,100,66,,138,117
764,summoner-42685087,765,GoneMild,Diamond 1,100,71,,135,107
765,summoner-20755388,766,TFW Shupian,Diamond 1,100,71,,131,93
766,summoner-68110234,767,ZADDY K THE THUG,Diamond 1,100,57,,130,102
767,summoner-29533033,768,Lebron Jamés,Diamond 1,100,51,,121,98
768,summoner-35024547,769,MIKEYXD,Diamond 1,100,87,,116,92
769,summoner-19761072,770,Xmithie,Diamond 1,100,71,,111,91
770,summoner-24934464,771,5 Stacks GG,Diamond 1,100,62,,104,80
771,summoner-93731193,772,NILES 1V9,Diamond 1,100,43,,102,52
772,summoner-20602165,773,Lets Win This,Diamond 1,100,74,,99,75
773,summoner-39028853,774,Kaipop,Diamond 1,100,71,,93,62
774,summoner-21957142,775,dog2 mf,Diamond 1,100,41,,85,55
775,summoner-48991794,776,Jas,Diamond 1,100,45,,75,50
776,summoner-45079499,777,iamwater,Diamond 1,99,143,,418,399
777,summoner-38855444,778,Rahman Noodles,Diamond 1,98,79,,197,177
778,summoner-22394277,779,Quy Dep Trai,Diamond 1,97,107,,422,394
779,summoner-32319695,780,Äye,Diamond 1,97,68,,161,42
780,summoner-81859385,781,Ineedtogetbetter,Diamond 1,97,66,,132,111
781,summoner-20203681,782,JoopsaKid,Diamond 1,97,68,,130,105
782,summoner-56497084,783,FrostForest,Diamond 1,97,90,,92,73
783,summoner-47189094,784,Aconda,Diamond 1,97,83,,66,44
784,summoner-25078968,785,TheOddTurtle,Diamond 1,95,96,,299,269
785,summoner-19592869,786,zhúang,Diamond 1,95,70,,143,125
786,summoner-23556001,787,PandaBaozi,Diamond 1,95,72,,135,114
787,summoner-19453586,788,Im so nusty,Diamond 1,95,62,,130,104
788,summoner-64972786,789,Day 31,Diamond 1,94,100,,271,241
789,summoner-26204099,790,DeadSockGuy,Diamond 1,78,37,,64,25
790,summoner-34057485,791,Routé,Diamond 1,94,73,,58,42
791,summoner-83077100,792,Šmurƒ,Diamond 1,93,71,,140,124
792,summoner-40928659,793,Kyree,Diamond 1,93,66,,133,109
793,summoner-32381672,794,Maracendo,Diamond 1,93,122,,118,93
794,summoner-31209421,795,Captain Nuke,Diamond 1,92,89,,317,299
795,summoner-23934806,796,Xiaomi,Diamond 1,92,61,,238,187
796,summoner-24875493,797,Silidos,Diamond 1,92,66,,183,155
797,summoner-92539882,798,Kaisa player1,Diamond 1,92,49,,155,98
798,summoner-26817450,799,JohnathanForLong,Diamond 1,91,93,,315,298
799,summoner-50392032,800,Requital,Diamond 1,91,62,,138,113
800,summoner-24879976,801,iNerto,Diamond 1,90,87,,426,363
801,summoner-39004125,802,Âerø,Diamond 1,90,100,,301,288
802,summoner-20139406,803,Marshed,Diamond 1,90,143,,282,257
803,summoner-21623482,804,raroraro,Diamond 1,90,102,,248,215
804,summoner-76602920,805,Snackbar123,Diamond 1,90,78,,210,187
805,summoner-446965,806,Ablazeolive,Diamond 1,90,72,,194,166
806,summoner-36420257,807,GibIe,Diamond 1,90,108,,174,139
807,summoner-92329083,808,StrongHuni,Diamond 1,90,54,,151,114
808,summoner-89579226,809,Zarashii,Diamond 1,90,81,,148,110
809,summoner-39877990,810,LoNeLy Noo,Diamond 1,90,94,,142,121
810,summoner-24550000,811,TherapyTrance,Diamond 1,90,55,,141,118
811,summoner-90331209,812,La Voix Junior,Diamond 1,90,66,,137,96
812,summoner-37356075,813,mac diller,Diamond 1,90,69,,131,105
813,summoner-43197599,814,Sharp and Cold,Diamond 1,90,46,,124,66
814,summoner-20785373,815,top lane eboy,Diamond 1,90,56,,112,87
815,summoner-40938801,816,ioan,Diamond 1,90,93,,103,89
816,summoner-21645177,817,Ricominciare,Diamond 1,90,50,,91,53
817,summoner-22190336,818,Zenoncas,Diamond 1,90,59,,89,68
818,summoner-47564545,819,North KR Veigar,Diamond 1,90,44,,86,49
819,summoner-34753465,820,Ayukura,Diamond 1,90,48,,78,57
820,summoner-34771983,821,Diivinity,Diamond 1,90,48,,78,58
821,summoner-20678849,822,I onIy Top,Diamond 1,90,65,,75,56
822,summoner-460518,823,Holy Serenity,Diamond 1,90,51,,72,49
823,summoner-536071,824,StarWhale,Diamond 1,90,40,,54,24
824,summoner-65239176,825,Sejanus,Diamond 1,90,67,,45,20
825,summoner-22867854,826,USMC 0311,Diamond 1,89,117,,335,309
826,summoner-45486965,827,Invade at lvl18,Diamond 1,89,76,,244,182
827,summoner-88379903,828,RNG Nebee,Diamond 1,89,64,,142,112
828,summoner-64199965,829,Youuuuuuuuuuuuu,Diamond 1,89,66,,86,60
829,summoner-90241774,830,burn btches,Diamond 1,88,62,,180,144
830,summoner-25880450,831,Dreamland,Diamond 1,88,81,,166,138
831,summoner-30622607,832,Z9 Bánh Tiêu,Diamond 1,88,103,,111,92
832,summoner-20420483,833,ecco,Diamond 1,87,123,,366,351
833,summoner-20429469,834,Adrian Riven,Diamond 1,87,112,,355,323
834,summoner-46316160,835,yandere suzy,Diamond 1,87,65,,225,199
835,summoner-29439365,836,Hitman Reborn,Diamond 1,87,95,,205,187
836,summoner-34469182,837,nbzoJ98LeiA,Diamond 1,87,56,,101,77
837,summoner-21555711,838,Raymond Ye,Diamond 1,86,130,,437,410
838,summoner-39181040,839,DorkLS,Diamond 1,86,97,,163,141
839,summoner-34865135,840,Tadae,Diamond 1,85,92,,260,226
840,summoner-21836856,841,xFSN Rin,Diamond 1,85,73,,203,186
841,summoner-19350906,842,Keen,Diamond 1,85,78,,164,142
842,summoner-35368931,843,2K games jungler,Diamond 1,84,177,,1062,1027
843,summoner-42172450,844,Williammm,Diamond 1,84,90,,129,110
844,summoner-78593412,845,MelonMan32,Diamond 1,84,48,,121,85
845,summoner-68469260,846,B0dydrop,Diamond 1,84,57,,103,73
846,summoner-23296106,847,Recommisioner,Diamond 1,84,51,,94,68
847,summoner-92259523,848,3astan,Diamond 1,83,82,,352,292
848,summoner-81471565,849,Rohrabaugh,Diamond 1,83,75,,190,163
849,summoner-19128116,850,yade or yade,Diamond 1,83,64,,101,81
850,summoner-34469363,851,forever muted,Diamond 1,81,140,,579,560
851,summoner-90143499,852,Optimal gameplay,Diamond 1,81,83,,230,168
852,summoner-23544332,853,ADC Singed,Diamond 1,81,59,,116,82
853,summoner-69669605,854,VCc,Diamond 1,80,134,,295,260
854,summoner-23055302,855,Evexus,Diamond 1,80,70,,114,96
855,summoner-76190053,856,Muting You,Diamond 1,79,117,,99,66
856,summoner-60269974,857,Locs,Diamond 1,79,94,,75,52
857,summoner-72905368,858,Heisendongg,Diamond 1,79,45,,47,25
858,summoner-74689287,859,IlIIlIlIlIlIIl,Diamond 1,78,53,,176,139
859,summoner-37931849,860,Deañ,Diamond 1,78,64,,118,97
860,summoner-34243185,861,Volt,Diamond 1,78,121,,103,59
861,summoner-23066104,862,Pandaren,Diamond 1,78,46,,58,33
862,summoner-24618834,863,The Clark,Diamond 1,77,108,,403,383
863,summoner-90812124,864,Hmmmmmmmmmmmmmm,Diamond 1,77,92,,383,327
864,summoner-20024227,865,Romanium,Diamond 1,77,94,,238,221
865,summoner-19086108,866,Juzix,Diamond 1,77,59,,228,174
866,summoner-24980187,867,Crynopsa,Diamond 1,77,119,,143,114
867,summoner-28501854,868,Shmeeblez,Diamond 1,77,63,,121,101
868,summoner-92979098,869,iam THATT,Diamond 1,77,37,,51,28
869,summoner-57472209,870,Ravimon,Diamond 1,76,97,,351,314
870,summoner-81239188,871,Darp,Diamond 1,76,95,,304,281
871,summoner-564586,872,x Guinness,Diamond 1,76,58,,171,99
872,summoner-49159160,873,Søren Bjerg,Diamond 1,76,63,,154,123
873,summoner-21861110,874,TyÌer,Diamond 1,76,77,,120,94
874,summoner-64825900,875,wet noodIe fight,Diamond 1,76,45,,78,58
875,summoner-88490180,876,Sophist Ságe,Diamond 1,75,124,,717,679
876,summoner-22328535,877,PrabhablyShaco,Diamond 1,75,118,,477,450
877,summoner-1681,878,TCLB Robin NA,Diamond 1,75,100,,455,360
878,summoner-50668976,879,WhyzEStealZ,Diamond 1,75,91,,422,389
879,summoner-40129524,880,Boy Gamer,Diamond 1,75,102,,347,332
880,summoner-72409957,881,Galalalalalalala,Diamond 1,75,87,,302,264
881,summoner-31274923,882,Lovefury,Diamond 1,75,110,,296,266
882,summoner-20877255,883,TCLB Tempest,Diamond 1,75,73,,281,204
883,summoner-19259932,884,Geranimo,Diamond 1,75,89,,280,250
884,summoner-20202108,885,CLA Tuesday,Diamond 1,75,72,,274,270
885,summoner-74673,886,NintendudeX,Diamond 1,75,72,,270,250
886,summoner-23552941,887,deftIy,Diamond 1,75,85,,267,222
887,summoner-50877721,888,Doubtfull,Diamond 1,75,81,,262,230
888,summoner-66659941,889,From Zero,Diamond 1,75,74,,261,225
889,summoner-20918669,890,elise player,Diamond 1,75,84,,243,231
890,summoner-19061980,891,Lourlo,Diamond 1,75,99,,240,208
891,summoner-35129076,892,Failattempts,Diamond 1,75,110,,238,111
892,summoner-90043610,893,Bebop Robopop,Diamond 1,75,66,,230,170
893,summoner-28640868,894,PandaSean,Diamond 1,75,84,,230,192
894,summoner-20577176,895,ooo la la,Diamond 1,75,86,,220,191
895,summoner-93529573,896,midIane hokage,Diamond 1,75,59,,218,154
896,summoner-48361472,897,awestruck,Diamond 1,75,69,,218,186
897,summoner-65999120,898,MOKKORI,Diamond 1,75,69,,215,176
898,summoner-58613779,899,Organ,Diamond 1,75,71,,206,186
899,summoner-77549273,900,Top 1 Percent,Diamond 1,75,61,,203,157
900,summoner-26051120,901,Modx,Diamond 1,75,70,,203,178
901,summoner-22870365,902,Kékvin,Diamond 1,75,88,,195,164
902,summoner-141846,903,illlllliiiiiiii,Diamond 1,75,52,,191,142
903,summoner-90593491,904,Carthage,Diamond 1,75,67,,190,160
904,summoner-72411076,905,Kobe Brýant,Diamond 1,75,70,,188,168
905,summoner-51046657,906,freyhacks,Diamond 1,75,68,,176,138
906,summoner-30972130,907,Yamikaze,Diamond 1,75,92,,175,137
907,summoner-79249642,908,pls notice me,Diamond 1,75,59,,174,131
908,summoner-35415473,909,Yamíkaze,Diamond 1,75,61,,166,130
909,summoner-90391509,910,KING GEEDØRAH,Diamond 1,75,53,,156,120
910,summoner-68603405,911,Keegun,Diamond 1,75,52,,147,129
911,summoner-40272268,912,cackgod,Diamond 1,75,52,,144,118
912,summoner-19224197,913,Sothis,Diamond 1,75,48,,135,100
913,summoner-56901374,914,YIlIlIlIlI,Diamond 1,75,63,,135,92
914,summoner-76379684,915,MØNG GUU,Diamond 1,75,57,,134,112
915,summoner-34951738,916,Super Limp Díck,Diamond 1,75,67,,126,102
916,summoner-60100307,917,The Sõul,Diamond 1,75,188,,122,69
917,summoner-19689584,918,TCLB Zaıven,Diamond 1,75,44,,118,65
918,summoner-22014010,919,Manifest,Diamond 1,75,55,,113,86
919,summoner-20909540,920,Susskind,Diamond 1,75,112,,112,91
920,summoner-292926,921,Super Metroid,Diamond 1,75,46,,110,88
921,summoner-87639506,922,LOLOLOLOLOL,Diamond 1,75,49,,110,84
922,summoner-23479635,923,NoahMost,Diamond 1,75,78,,107,80
923,summoner-87002706,924,Zheng Jiale,Diamond 1,75,64,,104,64
924,summoner-90033335,925,Chody,Diamond 1,75,42,,103,53
925,summoner-83280766,926,Ogilos,Diamond 1,75,52,,100,67
926,summoner-94912080,927,Makou,Diamond 1,75,41,,96,46
927,summoner-70200582,928,Top Jgler24,Diamond 1,75,97,,94,44
928,summoner-89241712,929,AR suppressor,Diamond 1,75,51,,89,60
929,summoner-41212309,930,Ineffabilis,Diamond 1,75,43,,84,43
930,summoner-24741016,931,L9B,Diamond 1,75,40,,84,45
931,summoner-94869407,932,TacticalBaconz,Diamond 1,75,41,,79,35
932,summoner-93630935,933,Wanhëda,Diamond 1,75,41,,68,28
933,summoner-38777079,934,Camp Out,Diamond 1,75,99,,67,49
934,summoner-95439135,935,IIIIlllIIllI,Diamond 1,75,38,,65,44
935,summoner-22277779,936,G U CK F O S U,Diamond 1,75,39,,64,28
936,summoner-19647481,937,Rathma,Diamond 1,75,68,,61,34
937,summoner-24390734,938,yrots das,Diamond 1,75,47,,60,36
938,summoner-65770573,939,shaZàm,Diamond 1,74,135,,605,587
939,summoner-20270876,940,MAKEOUTHlLL666,Diamond 1,74,123,,378,359
940,summoner-21207070,941,Oh Nowen,Diamond 1,74,107,,273,229
941,summoner-20559843,942,Tol Ko Russkiy,Diamond 1,74,115,,240,207
942,summoner-89201496,943,tv autolykuslol,Diamond 1,74,52,,181,138
943,summoner-35530571,944,Must be níce,Diamond 1,74,86,,54,37
944,summoner-66331512,945,jtao143554,Diamond 1,73,108,,372,301
945,summoner-38780657,946,Freeverse,Diamond 1,73,94,,186,165
946,summoner-25851366,947,Arbez,Diamond 1,73,84,,177,151
947,summoner-92659419,948,Spaghettibud9,Diamond 1,73,48,,149,121
948,summoner-52330149,949,dŠb,Diamond 1,73,142,,144,120
949,summoner-95190847,950,Rist,Diamond 1,73,38,,77,35
950,summoner-50902680,951,PatheticParrot,Diamond 1,72,102,,287,262
951,summoner-51381792,952,Plz Dont Int,Diamond 1,72,68,,181,165
952,summoner-27798233,953,Just Jayce,Diamond 1,72,67,,176,150
953,summoner-32701496,954,Emphasis,Diamond 1,72,74,,155,127
954,summoner-57029179,955,HotGuy6Pack,Diamond 1,72,51,,148,103
955,summoner-38862851,956,ClamSparkle,Diamond 1,72,58,,117,92
956,summoner-25288749,957,WIntrader,Diamond 1,72,63,,108,82
957,summoner-30987150,958,WakaWakaMF,Diamond 1,72,69,,100,80
958,summoner-39760302,959,CoolE,Diamond 1,71,112,,344,325
959,summoner-29602532,960,CoreTienZ,Diamond 1,71,109,,339,323
960,summoner-41216897,961,bvcx,Diamond 1,71,103,,335,321
961,summoner-44076143,962,Aetherax,Diamond 1,71,122,,258,232
962,summoner-81051962,963,roguebunny0,Diamond 1,71,116,,239,189
963,summoner-51580106,964,1Self,Diamond 1,71,65,,185,157
964,summoner-95149207,965,Bad At Macro,Diamond 1,71,39,,60,17
965,summoner-77222784,966,Bad At Micro,Diamond 1,71,41,,60,17
966,summoner-35612484,967,Feitan,Diamond 1,70,137,,556,537
967,summoner-32506961,968,COVER ME NOW,Diamond 1,70,127,,512,497
968,summoner-43588594,969,Private ADC,Diamond 1,70,124,,402,382
969,summoner-29184047,970,Bigbadbandit,Diamond 1,70,92,,400,399
970,summoner-58421117,971,Shroudedd,Diamond 1,70,69,,170,157
971,summoner-30099707,972,Kuderic,Diamond 1,70,82,,121,91
972,summoner-20082683,973,Quantum Fizzics,Diamond 1,70,49,,95,79
973,summoner-64330256,974,Just Right CIick,Diamond 1,69,94,,329,304
974,summoner-68779112,975,tubby boy,Diamond 1,69,114,,164,142
975,summoner-72954183,976,BiancaChandon,Diamond 1,69,44,,124,51
976,summoner-54963047,977,I Keep It Taco,Diamond 1,69,93,,102,86
977,summoner-25211762,978,MetaSolaray,Diamond 1,68,144,,662,637
978,summoner-91739116,979,FaZe Deps,Diamond 1,68,79,,241,220
979,summoner-77750220,980,BloodWaterr,Diamond 1,68,69,,208,193
980,summoner-5908,981,Dyrus,Diamond 1,68,74,,156,133
981,summoner-46239231,982,Hyorimaru,Diamond 1,68,47,,65,38
982,summoner-20312461,983,Felfire,Diamond 1,67,112,,371,350
983,summoner-32423195,984,Bobbytea,Diamond 1,67,85,,241,219
984,summoner-31644236,985,Hyz,Diamond 1,67,78,,226,209
985,summoner-59549889,986,TCLB Emperor,Diamond 1,67,46,,148,65
986,summoner-29174723,987,Maritzol,Diamond 1,67,88,,85,60
987,summoner-19812679,988,Lava,Diamond 1,66,130,,440,441
988,summoner-24198153,989,Newk,Diamond 1,66,106,,295,275
989,summoner-40889526,990,canadia2,Diamond 1,65,85,,272,248
990,summoner-41817320,991,tujinet,Diamond 1,65,101,,160,140
991,summoner-29360758,992,Fwiendly Whyin,Diamond 1,65,83,,147,120
992,summoner-50229422,993,Mercury,Diamond 1,65,85,,145,128
993,summoner-96202,994,no talk player,Diamond 1,65,45,,121,80
994,summoner-25409596,995,CabraSafado,Diamond 1,65,58,,120,111
995,summoner-34972007,996,Cile,Diamond 1,64,149,,562,541
996,summoner-91749086,997,fear guilt greed,Diamond 1,64,64,,173,153
997,summoner-83921258,998,Meltingcloth tv,Diamond 1,64,54,,79,53
998,summoner-68739786,999,W Ulter White,Diamond 1,64,48,,44,21
999,summoner-28961553,1000,BusioC,Diamond 1,63,100,,270,251
