#timestamp 1529917234970
#date 2018-06-25T09:00:34+00:00
#players 1000
#index,id,rank,name,tier,lp,level,proTeam,win,loss
0,summoner-30950217,1,Necromartin,Challenger,1358,92,,272,188
1,summoner-67237036,2,DawidaZ314,Challenger,1038,67,,172,121
2,summoner-114456,3,Just Milánek,Challenger,1034,118,,191,127
3,summoner-56366993,4,Inferiorities,Challenger,1009,134,,407,315
4,summoner-25251096,5,Erring,Challenger,994,109,,186,126
5,summoner-68577868,6,The FearDrug,Challenger,980,52,,129,74
6,summoner-34366642,7,Zest of a Lemon,Challenger,975,83,,153,99
7,summoner-19912631,8,balagan,Challenger,962,84,,181,132
8,summoner-35488076,9,Thomasive,Challenger,959,158,,342,293
9,summoner-30354925,10,S4breTooth,Challenger,934,69,,178,130
10,summoner-54937799,11,I am LeBron,Challenger,930,95,,390,337
11,summoner-32276072,12,Drutut,Challenger,919,87,,179,128
12,summoner-29947317,13,LC Specialkey,Challenger,913,89,,126,72
13,summoner-36174939,14,Orochimâru,Challenger,856,86,,183,125
14,summoner-46571745,15,Challenger Riven,Challenger,832,65,,171,115
15,summoner-41255766,16,Trenie,Challenger,794,62,,219,166
16,summoner-42337826,17,ŃightFury,Challenger,786,57,,122,72
17,summoner-43537063,18,INFINITIUM,Challenger,776,103,,246,197
18,summoner-38799811,19,VinTreZ,Challenger,770,81,,224,180
19,summoner-29626431,20,Egé,Challenger,745,93,,116,75
20,summoner-20911182,21,Mortar2,Challenger,738,76,,214,168
21,summoner-31258700,22,SenuaI,Challenger,724,134,,176,131
22,summoner-36034843,23,Whírlwind,Challenger,721,98,,254,208
23,summoner-22424102,24,Dat Guy M0arcin,Challenger,716,81,,223,173
24,summoner-41719668,25,Hide On Ãütism,Challenger,702,121,,152,99
25,summoner-68397877,26,thícc boy,Challenger,697,135,,553,487
26,summoner-27638198,27,Samyaza3,Challenger,689,72,,137,102
27,summoner-35839428,28,Dudî,Challenger,687,85,,151,106
28,summoner-51510795,29,Psych0social,Challenger,676,105,,247,194
29,summoner-32525539,30,solony1,Challenger,669,119,,441,397
30,summoner-24217661,31,43178261271,Challenger,669,60,,126,79
31,summoner-33502635,32,Alek22,Challenger,663,101,,298,256
32,summoner-41373137,33,Tanya Degurechaf,Challenger,658,130,,245,202
33,summoner-41188305,34,RABANUS XDD,Challenger,653,88,,304,263
34,summoner-27260328,35,FizzCantCarry Q8,Challenger,646,107,,187,135
35,summoner-24537185,36,Sgt Reckface,Challenger,634,67,,128,83
36,summoner-35473029,37,Yuno Gasai,Challenger,628,175,,164,122
37,summoner-30034043,38,Ztreetboy,Challenger,617,48,,134,75
38,summoner-33845373,39,14133029,Challenger,614,93,,167,141
39,summoner-25559670,40,CeKa,Challenger,613,85,,320,252
40,summoner-28117164,41,7h3blu3,Challenger,612,144,,255,217
41,summoner-29560341,42,Cougar,Challenger,607,106,,289,243
42,summoner-22488792,43,THR Vioreleeee,Challenger,605,79,,101,66
43,summoner-19708054,44,Heals1ut,Challenger,603,63,,142,94
44,summoner-42310753,45,septico1,Challenger,600,140,,298,259
45,summoner-36586403,46,DJfaby,Challenger,598,84,,115,74
46,summoner-30869288,47,Hitman1771,Challenger,596,97,,384,323
47,summoner-30739384,48,Saya NΥX,Challenger,590,85,,140,96
48,summoner-24211787,49,45620 321,Challenger,589,53,,143,109
49,summoner-29126866,50,Askarek,Challenger,583,98,,321,285
50,summoner-32706014,51,MyxiR,Challenger,582,88,,226,192
51,summoner-26053958,52,FonikiKouradoula,Challenger,581,126,,511,470
52,summoner-24304145,53,ShatterNightmare,Challenger,580,119,,229,198
53,summoner-68037994,54,Tilen Perko,Challenger,579,45,,116,53
54,summoner-37803083,55,Adryeh,Challenger,573,111,,230,194
55,summoner-37834995,56,Sl Karapanos,Challenger,568,114,,153,109
56,summoner-22901643,57,Black Pete,Challenger,558,80,,284,242
57,summoner-21445018,58,lykku,Challenger,558,71,,111,75
58,summoner-38198493,59,Virtuøso,Challenger,554,130,,254,215
59,summoner-32164198,60,Trap40,Challenger,549,97,,294,260
60,summoner-37847164,61,Dekkon,Challenger,549,81,,145,117
61,summoner-62512964,62,Songu,Challenger,548,88,,147,120
62,summoner-62294050,63,MixepSRB,Challenger,547,94,,266,226
63,summoner-35483267,64,DIAMOND BTW,Challenger,546,69,,167,124
64,summoner-24294620,65,Cant ToUcH DiS,Challenger,536,130,,230,189
65,summoner-20768545,66,Keàsar,Challenger,533,93,,188,148
66,summoner-62796707,67,Yasuxery,Challenger,529,48,,156,80
67,summoner-36880627,68,Kizuro,Challenger,528,70,,145,116
68,summoner-30363029,69,ku5h420igniteit,Challenger,526,87,,207,175
69,summoner-61222996,70,A4e v2,Challenger,524,161,,545,513
70,summoner-43463469,71,Niinja,Challenger,524,125,,508,463
71,summoner-59184238,72,Awesome Giovanni,Challenger,522,109,,192,151
72,summoner-30124073,73,VoidlingGeneral,Challenger,521,113,,196,154
73,summoner-33613346,74,Teh,Challenger,517,98,,93,57
74,summoner-39596221,75,1Tyr,Challenger,509,73,,186,135
75,summoner-34647447,76,Thebausffs,Challenger,507,78,,124,90
76,summoner-20517918,77,Craz,Challenger,507,44,,91,49
77,summoner-54125134,78,DeIusion,Challenger,506,143,,313,270
78,summoner-69116222,79,Vestas,Challenger,506,45,,116,57
79,summoner-34096414,80,Gwiazda11,Challenger,504,117,,487,424
80,summoner-29933647,81,Bryce Walker,Challenger,502,100,,258,218
81,summoner-49505896,82,xflaidy,Challenger,502,106,,196,157
82,summoner-35076517,83,Boots of Speed,Challenger,498,76,,246,211
83,summoner-54973046,84,Hatred The Daddy,Challenger,495,60,,222,146
84,summoner-36359863,85,Kysek,Challenger,492,67,,104,61
85,summoner-37619582,86,DareDévil,Challenger,491,236,,106,70
86,summoner-52638381,87,BITE Petipino,Challenger,486,91,,231,197
87,summoner-40824749,88,SECODE,Challenger,482,68,,128,94
88,summoner-33354090,89,krul rafcio,Challenger,478,64,,154,116
89,summoner-27682983,90,Amino the hantá,Challenger,475,57,,169,134
90,summoner-40170634,91,Icetan,Challenger,475,91,,127,90
91,summoner-44103732,92,olikaan,Challenger,472,140,,207,177
92,summoner-43062702,93,iTq,Challenger,453,101,,326,283
93,summoner-36926878,94,Zenap,Challenger,470,123,,168,129
94,summoner-28928793,95,StoneGuard,Challenger,469,117,,145,114
95,summoner-34916156,96,Alcoholic,Challenger,467,87,,114,71
96,summoner-34059489,97,Ψ NinjaDoge Ψ,Challenger,465,101,,181,139
97,summoner-37339075,98,NoBrainVayneMain,Challenger,462,105,,340,302
98,summoner-43603496,99,Baldikshir,Challenger,462,60,,173,136
99,summoner-68728548,100,adalbarthasdine,Challenger,458,43,,114,62
100,summoner-72743432,101,Low Nine,Challenger,450,52,,146,88
101,summoner-49689206,102,TheDoffy,Challenger,445,105,,325,292
102,summoner-70182989,103,Midlane Outsider,Challenger,443,119,,228,195
103,summoner-40027898,104,Gery Nikol,Challenger,443,139,,123,82
104,summoner-70713941,105,Lenka fanboy,Challenger,440,65,,140,100
105,summoner-31921889,106,xDamon Salvatore,Challenger,439,90,,202,166
106,summoner-23214988,107,NXG Legion,Challenger,439,68,,142,106
107,summoner-26347442,108,Levís,Challenger,438,75,,153,117
108,summoner-39257803,109,StayHumble,Challenger,431,149,,223,197
109,summoner-40385818,110,Richor,Challenger,431,68,,178,151
110,summoner-42321931,111,Şhy Zerø tωo,Challenger,431,67,,88,52
111,summoner-23400758,112,Hardustriel,Challenger,427,124,,215,178
112,summoner-40358396,113,BDS Laudon,Challenger,424,118,,250,210
113,summoner-35791510,114,CSTADYHONZA,Challenger,423,97,,212,176
114,summoner-30738266,115,torpick,Challenger,421,72,,263,234
115,summoner-38499311,116,ZXY,Challenger,421,63,,222,149
116,summoner-35304360,117,Capcioc,Challenger,420,122,,157,121
117,summoner-30110835,118,PoN,Challenger,415,117,,213,178
118,summoner-31793915,119,Zazapp,Challenger,414,52,,166,99
119,summoner-66606846,120,SpeeDDu,Challenger,414,54,,126,91
120,summoner-70596075,121,HakunaMattatta,Challenger,411,70,,230,194
121,summoner-48645710,122,JoinedandPlayed,Challenger,410,57,,159,119
122,summoner-24503452,123,EU AnimalTrainer,Challenger,408,86,,242,188
123,summoner-24385272,124,Yashiru,Challenger,408,68,,199,162
124,summoner-34020838,125,C9 Norgod,Challenger,408,91,,121,87
125,summoner-26405360,126,TLP Coatpustmain,Challenger,407,87,,288,245
126,summoner-32497510,127,Hayp,Challenger,405,63,,246,196
127,summoner-71988030,128,Kososanity,Challenger,405,48,,167,106
128,summoner-25529425,129,Th3BaBaDo0K,Challenger,403,171,,662,633
129,summoner-72173097,130,KY Leo,Challenger,403,117,,246,222
130,summoner-21147121,131,ParowózTomek,Challenger,401,70,,78,41
131,summoner-63133663,132,Patâ,Challenger,399,65,,165,129
132,summoner-38009638,133,VasterOfKled,Challenger,396,87,,208,168
133,summoner-27247414,134,Charca,Challenger,396,73,,87,45
134,summoner-29018603,135,Yourself5times,Challenger,394,93,,254,226
135,summoner-36647726,136,XartiX 420,Challenger,393,65,,296,167
136,summoner-19899632,137,BedvolfAgarwaen,Challenger,393,62,,102,67
137,summoner-68838041,138,remundahilmorga,Challenger,392,77,,178,143
138,summoner-22428390,139,Skinny dipper,Challenger,391,60,,203,172
139,summoner-39927024,140,Qythien,Challenger,375,84,,156,111
140,summoner-54458064,141,Yerllo,Challenger,390,118,,212,172
141,summoner-71374980,142,beamer bøy,Challenger,388,56,,189,136
142,summoner-31919733,143,shyvtaric,Challenger,402,103,,362,344
143,summoner-38074727,144,Tigric2000,Challenger,386,105,,313,287
144,summoner-37105357,145,Daraaka123,Challenger,406,54,,177,101
145,summoner-31434850,146,eL Maquk,Challenger,385,89,,163,125
146,summoner-23833294,147,Senafir,Challenger,385,105,,147,110
147,summoner-32675866,148,sC Stefan,Challenger,384,115,,97,57
148,summoner-53826633,149,GS RekitRalf,Challenger,383,99,,173,142
149,summoner-54973039,150,Kristijan King,Challenger,381,173,,796,755
150,summoner-30818415,151,UrbanekShow,Challenger,381,79,,220,187
151,summoner-45293753,152,M4CI3KunluckyTOP,Challenger,381,101,,198,165
152,summoner-40604579,153,Lυnatıc,Challenger,378,81,,305,206
153,summoner-43168575,154,MM Revenger,Challenger,377,124,,197,166
154,summoner-29483874,155,BDS bobiistaa,Challenger,373,115,,382,350
155,summoner-27242434,156,kakosicek,Challenger,371,115,,348,316
156,summoner-35716576,157,Ôzen,Challenger,371,145,,187,147
157,summoner-42322373,158,HELLAS Tranquil,Challenger,368,64,,175,133
158,summoner-24746936,159,Shine001k,Challenger,368,77,,133,99
159,summoner-37915705,160,Trust46,Challenger,366,94,,262,226
160,summoner-24277714,161,pYemuL,Challenger,362,59,,174,140
161,summoner-42358639,162,Divine Interoid,Challenger,360,73,,241,213
162,summoner-25834373,163,94716,Challenger,358,75,,251,212
163,summoner-33973961,164,ZYX Famas,Challenger,357,96,,204,167
164,summoner-25524501,165,Arch Nemesis,Challenger,355,47,,115,81
165,summoner-62475364,166,BarrelBros,Challenger,354,57,,133,86
166,summoner-31929469,167,Kazemitra,Challenger,352,127,,497,474
167,summoner-30798969,168,malcom v1,Challenger,352,123,,210,180
168,summoner-31337125,169,TheStrzelba,Challenger,350,133,,586,544
169,summoner-38490045,170,Grk 3 Tears,Challenger,348,55,,102,76
170,summoner-41829004,171,Hodný Vlk,Challenger,347,84,,193,165
171,summoner-32953063,172,Hi im Taka,Challenger,346,89,,232,196
172,summoner-30304141,173,Dżankos Smurf,Challenger,344,76,,127,93
173,summoner-23815734,174,Wisakoy,Challenger,343,89,,242,210
174,summoner-40734816,175,matiz4win,Challenger,342,89,,175,138
175,summoner-27889019,176,KSV MID CROWN,Challenger,339,87,,326,284
176,summoner-41963589,177,Catstyle,Challenger,339,74,,214,185
177,summoner-72576440,178,Laitnoir,Challenger,339,42,,80,29
178,summoner-21704109,179,EuneAnimallul,Challenger,356,97,,236,200
179,summoner-27865746,180,ChosenONF1rE,Challenger,337,85,,312,290
180,summoner-41542670,181,Dositej Colamax,Challenger,337,63,,75,38
181,summoner-31140082,182,Jadelit,Challenger,336,92,,249,218
182,summoner-61002976,183,Chains,Challenger,335,122,,354,322
183,summoner-61382972,184,Flamy v5,Challenger,334,99,,188,159
184,summoner-38716840,185,ETMS Aidamák,Challenger,333,151,,361,325
185,summoner-48117052,186,NeverLucky JJ,Challenger,332,108,,417,379
186,summoner-29001286,187,Dąbek1,Challenger,314,103,,332,302
187,summoner-52463268,188,JACKET IS MINE,Challenger,332,84,,316,292
188,summoner-24287131,189,Myštić,Challenger,331,88,,108,66
189,summoner-21180291,190,Jollteon,Challenger,330,185,,272,241
190,summoner-31237269,191,IP ZoldieVi,Challenger,330,107,,207,151
191,summoner-39653179,192,C9 Giubi,Challenger,329,72,,235,200
192,summoner-55649332,193,sxzoR,Challenger,327,163,,524,498
193,summoner-23357637,194,CRO WONDERKID,Challenger,327,79,,99,45
194,summoner-21868113,195,SilvenX,Challenger,326,106,,373,335
195,summoner-24133504,196,Kokokomando,Challenger,325,72,,227,196
196,summoner-34256698,197,pàntérra v2,Challenger,324,97,,156,116
197,summoner-24320283,198,Commander Lexa,Challenger,318,55,,173,140
198,summoner-71318597,199,OneLastBreath,Challenger,317,61,,231,177
199,summoner-25837064,200,BIedis,Challenger,300,86,,367,327
200,summoner-311278,201,Savage Pigeon,Master,332,154,,293,258
201,summoner-26990156,202,SIENIOPAS,Master,323,80,,206,180
202,summoner-33015585,203,Wolf and a Lamb,Master,322,104,,225,201
203,summoner-24734846,204,De Grandes,Master,319,67,,137,101
204,summoner-24252613,205,Talkoś,Master,318,64,,136,101
205,summoner-47802316,206,Jôn Snow,Master,316,96,,181,148
206,summoner-19145963,207,BuBBlehun,Master,316,54,,123,78
207,summoner-32277551,208,TL Playmaker,Master,306,167,,673,643
208,summoner-37953579,209,Wieledrog,Master,303,91,,186,150
209,summoner-41232411,210,PASÒK,Master,302,91,,249,181
210,summoner-25874625,211,Túróstészta,Master,293,85,,189,160
211,summoner-43110478,212,Annie IRL,Master,292,170,,403,378
212,summoner-21652445,213,WADOWICKA BESTIA,Master,288,70,,218,143
213,summoner-72505969,214,Pz ΖZang,Master,272,48,,150,83
214,summoner-28984810,215,prodajnica,Master,288,50,,76,40
215,summoner-24399731,216,Filip02,Master,286,107,,292,266
216,summoner-48613864,217,Hi Im Fali,Master,285,85,,276,205
217,summoner-41186365,218,Void Is So Empty,Master,285,138,,209,181
218,summoner-19360640,219,Masochista,Master,285,97,,180,139
219,summoner-69503652,220,Knife Cat 420,Master,280,67,,257,205
220,summoner-29506183,221,16yo ToxicFckboy,Master,278,92,,195,161
221,summoner-54757552,222,DankMilky,Master,276,76,,103,69
222,summoner-24545582,223,váha,Master,272,129,,308,283
223,summoner-69253007,224,Wétru,Master,270,111,,198,168
224,summoner-20779068,225,Vrasta,Master,267,107,,161,127
225,summoner-20093613,226,IS1d30431af74fbd,Master,262,48,,115,87
226,summoner-41865371,227,DarIing,Master,260,65,,234,150
227,summoner-44754808,228,Lolofontello,Master,258,113,,405,382
228,summoner-36915090,229,Grima,Master,257,98,,359,323
229,summoner-57147850,230,ƒrost,Master,255,116,,282,258
230,summoner-33093065,231,EmdielGG,Master,254,107,,381,364
231,summoner-224731,232,niszczyciel,Master,254,63,,140,110
232,summoner-39691163,233,Sha D Clone,Master,253,92,,143,102
233,summoner-38646934,234,Mateusss smurf,Master,252,53,,141,92
234,summoner-41649116,235,Faker Dog v2,Master,252,51,,116,116
235,summoner-30902324,236,Nicram,Master,251,120,,192,169
236,summoner-43363830,237,SunriSSe1,Master,251,141,,132,99
237,summoner-54123780,238,martonbulatko,Master,250,88,,200,166
238,summoner-21776015,239,Twerk For Gank,Master,250,50,,117,73
239,summoner-25469960,240,Stumpybuumer,Master,249,102,,150,120
240,summoner-29954113,241,GodFree,Master,248,118,,226,203
241,summoner-32497639,242,Son Goku,Master,246,84,,212,186
242,summoner-39803017,243,legendari22,Master,244,98,,201,168
243,summoner-24199070,244,zamzu,Master,240,92,,224,186
244,summoner-19986326,245,LordVladimirus,Master,240,74,,196,173
245,summoner-38122606,246,Minmaxer,Master,239,112,,423,400
246,summoner-40227793,247,xLaur13x,Master,239,92,,161,129
247,summoner-26899838,248,Jarzynski,Master,236,140,,224,202
248,summoner-38405754,249,eR Petrásek,Master,234,147,,145,114
249,summoner-60894781,250,kesteen,Master,232,75,,212,163
250,summoner-22030635,251,RossG7,Master,232,109,,157,123
251,summoner-24502829,252,dragonn74,Master,225,102,,426,386
252,summoner-33909458,253,AzianoCZ,Master,225,65,,193,159
253,summoner-42461154,254,iG Dreedy,Master,225,74,,119,103
254,summoner-19867011,255,Sebbedan,Master,224,63,,87,58
255,summoner-42312343,256,Vertí,Master,223,103,,144,112
256,summoner-25984594,257,PRE OmulFinn,Master,222,124,,373,331
257,summoner-44457343,258,115kg MARKSMAN,Master,222,116,,302,269
258,summoner-48285573,259,Frost Edy,Master,219,89,,206,180
259,summoner-49476762,260,Aster,Master,219,83,,191,162
260,summoner-54517674,261,Dexa497,Master,218,57,,102,62
261,summoner-30960083,262,i am flo,Master,218,72,,93,61
262,summoner-73146124,263,Ιcey,Master,216,49,,163,104
263,summoner-43591549,264,Ðexter,Master,215,117,,237,205
264,summoner-52685879,265,Memøry,Master,214,116,,258,210
265,summoner-38767154,266,Fiery Dust,Master,213,113,,165,146
266,summoner-35444016,267,JusTSkiLLzZ,Master,213,97,,161,140
267,summoner-34886646,268,Agirdi ko ziuri,Master,211,80,,379,292
268,summoner-27279160,269,mihaibaros,Master,211,92,,308,276
269,summoner-29756949,270,Amir Kebab Rip,Master,192,88,,235,202
270,summoner-32978996,271,Pivotek,Master,226,89,,355,275
271,summoner-58175288,272,xDoggieSx,Master,208,92,,210,176
272,summoner-23434374,273,xXKertoXx,Master,208,79,,166,106
273,summoner-38614643,274,YoLoN,Master,207,84,,299,269
274,summoner-22362343,275,Kroliczekk,Master,207,128,,267,238
275,summoner-45776022,276,nleTV,Master,203,77,,327,252
276,summoner-23345860,277,KiF1a,Master,203,73,,185,166
277,summoner-32854718,278,Xayol v2,Master,202,55,,107,69
278,summoner-51764533,279,Wallin,Master,200,92,,144,105
279,summoner-41456515,280,RIE Dugo,Master,200,53,,100,78
280,summoner-27294577,281,XxAronxX,Master,199,89,,301,274
281,summoner-70453402,282,MoonLandinEzreal,Master,198,87,,299,236
282,summoner-20079073,283,Again the Same,Master,196,80,,210,179
283,summoner-40749652,284,DON Detor,Master,196,117,,181,154
284,summoner-34087306,285,Maga,Master,194,120,,394,353
285,summoner-40761190,286,DON ProbleemxD,Master,194,111,,181,155
286,summoner-40203376,287,TopAp4cz,Master,192,138,,284,260
287,summoner-72374470,288,IKneelOnlyToGod,Master,189,59,,177,139
288,summoner-32276830,289,BlindMasteRr,Master,186,85,,305,271
289,summoner-30085498,290,Kewl Bat,Master,185,68,,210,183
290,summoner-19493533,291,Jarmy,Master,184,82,,234,195
291,summoner-20145328,292,Amerasu,Master,182,99,,178,151
292,summoner-38605595,293,Nicki Benz,Master,182,57,,140,104
293,summoner-30695393,294,Koczis,Master,182,54,,92,59
294,summoner-26565340,295,ÒG Mérciless,Master,181,116,,277,257
295,summoner-32634015,296,Ponzu,Master,181,56,,107,78
296,summoner-23791258,297,DoDo senpai,Master,180,87,,130,95
297,summoner-24200990,298,Arrof,Master,177,133,,436,413
298,summoner-70688522,299,Juliα,Master,175,93,,267,224
299,summoner-22718673,300,egirl slayer 420,Master,174,91,,227,192
300,summoner-58905962,301,LeeSinToMyPings,Master,172,80,,164,135
301,summoner-37263763,302,vanko 1,Master,156,110,,605,588
302,summoner-43494933,303,KY Ada,Master,171,81,,169,128
303,summoner-38227985,304,Röyhkeä,Master,170,82,,117,81
304,summoner-26803517,305,Humble Healer,Master,167,85,,331,310
305,summoner-28531153,306,Fl4p3k,Master,167,78,,236,214
306,summoner-24700982,307,Czaraf,Master,166,85,,273,245
307,summoner-26959187,308,Âmidamaru,Master,166,82,,263,230
308,summoner-24147445,309,Leprowujek,Master,166,42,,94,40
309,summoner-44377634,310,Lοtus,Master,165,130,,258,233
310,summoner-38040775,311,TheHaccer13,Master,163,59,,153,124
311,summoner-21843031,312,Boys Do Cry,Master,162,67,,209,185
312,summoner-49861951,313,Sveronis,Master,162,52,,195,65
313,summoner-24519136,314,Mirevin,Master,161,90,,303,270
314,summoner-38459984,315,Nivelenn,Master,161,85,,280,267
315,summoner-21425598,316,CedRa,Master,160,79,,181,157
316,summoner-24426105,317,xEchy,Master,160,63,,178,150
317,summoner-31178204,318,depressed ad,Master,160,121,,143,108
318,summoner-29213366,319,itZ A4ron,Master,160,97,,136,105
319,summoner-47353389,320,iMrPresident,Master,159,173,,516,480
320,summoner-47936016,321,Mortain,Master,159,116,,218,179
321,summoner-24640007,322,hi im neves,Master,158,99,,301,273
322,summoner-59073355,323,Mppalalol,Master,158,99,,269,234
323,summoner-31518017,324,Sabaku TaisΦ,Master,157,81,,286,236
324,summoner-31738066,325,Kallukka,Master,156,92,,294,263
325,summoner-69156140,326,Kiyotaka,Master,156,48,,152,99
326,summoner-26517392,327,DG Soul,Master,156,73,,61,32
327,summoner-72416267,328,jeonggeul uiwang,Master,155,57,,196,140
328,summoner-27811008,329,Bírkí,Master,155,84,,194,164
329,summoner-30350053,330,Clone Jester,Master,155,102,,134,104
330,summoner-34876945,331,QQ Mati,Master,155,90,,124,101
331,summoner-37253320,332,Craz1rabitMPAMPA,Master,153,67,,123,101
332,summoner-30226164,333,Fr0m 0 2 Her0,Master,152,62,,154,131
333,summoner-36244072,334,1453 PepeHands,Master,151,105,,298,275
334,summoner-25595710,335,Newb4610,Master,151,86,,143,110
335,summoner-21309312,336,Linley Baruch,Master,150,77,,202,130
336,summoner-33768429,337,Píngwin,Master,148,120,,238,210
337,summoner-25594275,338,Anapsokwlias,Master,145,113,,305,270
338,summoner-29764123,339,NaèbanyMÍstrzu,Master,145,115,,288,257
339,summoner-29646879,340,AHS8,Master,145,67,,275,249
340,summoner-52516246,341,ExposeD452,Master,145,113,,240,217
341,summoner-32736705,342,Alistar is Cow,Master,145,110,,87,63
342,summoner-62573177,343,ED Ye Qiu,Master,144,92,,421,366
343,summoner-30464270,344,V5 Sentinel,Master,144,106,,227,196
344,summoner-31264198,345,hi im todzio,Master,143,68,,114,95
345,summoner-28167733,346,oslerCZ,Master,142,93,,272,219
346,summoner-38459471,347,Juzoo,Master,140,91,,249,218
347,summoner-28178174,348,samz0r,Master,158,81,,237,211
348,summoner-22571774,349,Makos,Master,138,114,,150,129
349,summoner-57694673,350,Jacob vo vani,Master,138,51,,118,85
350,summoner-21039791,351,Zombilau,Master,137,88,,267,258
351,summoner-37310714,352,Sylko,Master,136,88,,159,134
352,summoner-33959520,353,xMid or Nuke,Master,136,63,,129,105
353,summoner-37324816,354,AGT Sobol,Master,134,77,,240,211
354,summoner-43879253,355,Troxen,Master,134,92,,198,182
355,summoner-29088317,356,Norbiso Dog,Master,134,52,,99,77
356,summoner-25804900,357,paszkos,Master,133,112,,426,399
357,summoner-70417188,358,Neko East,Master,133,86,,325,294
358,summoner-20433541,359,Amant z Sosnowca,Master,133,89,,275,245
359,summoner-37136474,360,bIood of life,Master,133,146,,273,250
360,summoner-52336189,361,Complain,Master,133,64,,133,102
361,summoner-34870972,362,Spiks Fanb0y,Master,132,133,,432,419
362,summoner-28691827,363,LFT Puppe,Master,132,111,,173,143
363,summoner-21129318,364,Hyperíon,Master,132,137,,173,157
364,summoner-35785372,365,TOMage,Master,131,69,,203,186
365,summoner-52156665,366,gibe pusi b0ss,Master,130,79,,350,281
366,summoner-46424200,367,Iegolas,Master,130,65,,118,71
367,summoner-38555321,368,NobodyLovesM3,Master,129,88,,167,131
368,summoner-38564431,369,PingviinsLv,Master,129,72,,146,117
369,summoner-30955779,370,StormRagez,Master,128,80,,404,387
370,summoner-31795487,371,FA21TH,Master,128,93,,302,275
371,summoner-31727926,372,WAZZAPPPPPPPPPP,Master,128,64,,196,148
372,summoner-33997861,373,Lil Tom,Master,127,59,,103,79
373,summoner-30839206,374,D4ynight,Master,125,106,,309,292
374,summoner-37928532,375,Mr Miks,Master,124,98,,287,265
375,summoner-22712849,376,Valar Dohaerís,Master,124,86,,227,198
376,summoner-19374680,377,THR Joe,Master,124,58,,178,112
377,summoner-21142220,378,GodSoap,Master,123,93,,270,248
378,summoner-38796534,379,Hjeern,Master,123,101,,248,226
379,summoner-20584723,380,KorShack,Master,123,93,,112,84
380,summoner-35461398,381,Conaaa,Master,103,95,,375,361
381,summoner-27976861,382,Glishaa,Master,122,64,,139,97
382,summoner-24538556,383,GeneralJohny,Master,121,175,,375,355
383,summoner-29556273,384,Bagienny Szymon,Master,121,108,,331,304
384,summoner-43502680,385,Crea,Master,120,80,,156,134
385,summoner-51041734,386,Remígiusz,Master,120,140,,137,102
386,summoner-45693791,387,LeBalance,Master,119,144,,328,303
387,summoner-32266483,388,Tyexus,Master,119,103,,287,256
388,summoner-27745505,389,L9 Icereaper,Master,119,52,,166,82
389,summoner-29965908,390,Qweszaq,Master,119,84,,149,122
390,summoner-35086934,391,Joonatan,Master,118,98,,201,158
391,summoner-34990484,392,Shijnder,Master,118,153,,129,109
392,summoner-40947657,393,Matrix Sama,Master,117,74,,187,165
393,summoner-26926091,394,ReLic7us,Master,117,73,,142,123
394,summoner-42312984,395,EUNE Hi Im  LOGO,Master,116,85,,296,256
395,summoner-26498433,396,CTF Manatee,Master,116,88,,237,204
396,summoner-63747327,397,3 Stars 1 Dragon,Master,116,43,,71,41
397,summoner-34373450,398,pintek pl,Master,115,96,,247,210
398,summoner-33344680,399,Mâd Rât,Master,115,70,,244,203
399,summoner-36665468,400,Quinsie Revenge,Master,113,78,,219,196
400,summoner-35437975,401,Beast Zed Mid,Master,113,90,,167,145
401,summoner-38323190,402,Blakayy,Master,112,101,,334,271
402,summoner-35742411,403,elofactory com,Master,112,54,,143,93
403,summoner-25142065,404,iNaffuu,Master,110,59,,168,150
404,summoner-33774479,405,Szöcske,Master,109,105,,227,209
405,summoner-32307429,406,Deizlo,Master,108,73,,238,214
406,summoner-22164949,407,Fliper,Master,107,69,,178,153
407,summoner-43239321,408,matiociekasexem,Master,106,111,,364,343
408,summoner-33726754,409,Murskauskone3000,Master,106,67,,246,194
409,summoner-24308225,410,Losing Saníty,Master,106,54,,191,121
410,summoner-44768883,411,BunnyJumper,Master,104,47,,90,37
411,summoner-27134795,412,True Wanderer,Master,104,39,,84,43
412,summoner-28326387,413,UNQ Kubson,Master,103,110,,212,179
413,summoner-29543702,414,Her Charmer,Master,102,91,,237,209
414,summoner-72532970,415,Aki Senpai,Master,102,89,,190,159
415,summoner-41989610,416,GNîDîS,Master,102,63,,168,139
416,summoner-25193057,417,BlameCookie,Master,101,81,,226,197
417,summoner-27267596,418,Onys the ťulda,Master,100,100,,310,281
418,summoner-40164810,419,A B U D,Master,100,91,,179,156
419,summoner-29847233,420,EvilxHyper1v9,Master,100,98,,134,113
420,summoner-21877641,421,Kreeyu,Master,99,76,,349,323
421,summoner-26639869,422,Dunk Prophecies,Master,99,105,,203,162
422,summoner-68945358,423,Zorganizowany,Master,98,69,,205,177
423,summoner-26467183,424,LilaPaυse,Master,97,117,,346,332
424,summoner-22114521,425,Br0kk,Master,96,95,,206,192
425,summoner-22870085,426,Jake Banks,Master,96,70,,131,100
426,summoner-37735418,427,Sir BigT,Master,95,76,,321,261
427,summoner-23402936,428,kurtdenstore,Master,95,50,,130,104
428,summoner-28307643,429,Marcellus23,Master,94,69,,160,132
429,summoner-19665363,430,Schp,Master,94,59,,121,88
430,summoner-35566765,431,Pitress,Master,93,74,,229,207
431,summoner-71549187,432,Nothing Ends,Master,92,55,,186,142
432,summoner-52323298,433,Blackøut,Master,92,103,,142,132
433,summoner-38788159,434,uniporn,Master,92,83,,141,122
434,summoner-24984653,435,Goddess Ofaf,Master,91,131,,402,381
435,summoner-57573785,436,Vengeance Reborn,Master,90,143,,308,266
436,summoner-38629296,437,Buszux,Master,89,74,,177,143
437,summoner-31455034,438,ˉunknown mid,Master,89,103,,173,150
438,summoner-19074566,439,íÎì Stark,Master,88,71,,260,234
439,summoner-20076561,440,SDOM ALLEN,Master,88,73,,200,184
440,summoner-24272802,441,DenKakai,Master,87,75,,197,167
441,summoner-175104,442,Tydor,Master,86,49,,113,70
442,summoner-64938219,443,SKT T1 Flash R,Master,84,72,,327,289
443,summoner-33077827,444,TEAM IS FAMILY,Master,82,55,,99,80
444,summoner-40754180,445,Sάωαηο,Master,80,136,,391,364
445,summoner-34296788,446,Right Handed,Master,80,58,,151,130
446,summoner-34825505,447,Τana,Master,57,132,,130,113
447,summoner-21220764,448,hi im czajek,Master,79,78,,118,93
448,summoner-28967240,449,NIghtRain 13,Master,78,130,,425,403
449,summoner-29345064,450,AooShin,Master,78,98,,124,107
450,summoner-21930072,451,Sea Of Zorrow,Master,78,65,,96,75
451,summoner-19790765,452,Taxi Naser,Master,77,118,,429,402
452,summoner-37314741,453,Molière,Master,77,80,,319,299
453,summoner-34705189,454,hi its Albatross,Master,77,85,,99,76
454,summoner-24234349,455,Parksman Mlayer,Master,77,76,,65,49
455,summoner-38563426,456,DragonflyerPL,Master,76,103,,256,217
456,summoner-41605618,457,KAKABRUTA,Master,75,69,,125,106
457,summoner-21990899,458,Divine Banana,Master,75,125,,72,50
458,summoner-42693498,459,Terrorysta1,Master,73,72,,264,132
459,summoner-21398034,460,Thé Fàllén Angél,Master,73,81,,198,164
460,summoner-34990979,461,RayRexi,Master,73,94,,173,144
461,summoner-66396230,462,I AM SO TALONTED,Master,73,72,,163,142
462,summoner-44765346,463,L9 Kvasna,Master,72,65,,147,124
463,summoner-43943854,464,XXX65696D6973,Master,72,46,,101,38
464,summoner-24684165,465,S1rNasty,Master,71,71,,268,203
465,summoner-45064213,466,Exthellion,Master,53,97,,264,244
466,summoner-69076318,467,SPACEBAR PLAYER,Master,71,42,,94,45
467,summoner-71497498,468,Shãrky,Master,70,74,,320,277
468,summoner-40705422,469,Paštikus Vagínus,Master,70,82,,164,137
469,summoner-36100496,470,LighTn1nG,Master,69,158,,375,355
470,summoner-36835782,471,Lignio,Master,69,114,,126,110
471,summoner-23756551,472,let me pyke you,Master,68,145,,601,578
472,summoner-35471685,473,I am Budzik,Master,66,98,,122,103
473,summoner-60013756,474,The Kayle,Master,66,47,,112,83
474,summoner-71071897,475,Patà,Master,66,44,,110,56
475,summoner-41603169,476,Purrpurr,Master,65,98,,111,90
476,summoner-40194654,477,deepionel,Master,65,138,,105,80
477,summoner-57817732,478,Findy Jr,Master,65,49,,59,30
478,summoner-27116848,479,Specter XIV,Master,64,101,,255,235
479,summoner-25572898,480,Jędrzej Zabujca,Master,49,84,,210,187
480,summoner-29534182,481,kotletaz,Master,64,72,,145,118
481,summoner-22691885,482,SIMBATA7,Master,64,62,,142,115
482,summoner-19766642,483,Arbalezt,Master,64,74,,105,71
483,summoner-19769056,484,Kenshin,Master,63,67,,143,120
484,summoner-27527112,485,Ρennywise,Master,62,102,,252,231
485,summoner-36317960,486,vestra de sidere,Master,62,86,,156,135
486,summoner-32824913,487,Mobú v2,Master,61,85,,243,201
487,summoner-30159407,488,DJFrytek,Master,61,83,,178,139
488,summoner-44754609,489,GPLAY Samanan,Master,61,45,,81,55
489,summoner-40752923,490,Ic3Poro,Master,60,71,,186,170
490,summoner-25591013,491,Viktør,Master,60,93,,154,136
491,summoner-25242066,492,JD Kublot,Master,60,56,,82,56
492,summoner-59194680,493,MiiaBestLamia,Master,58,91,,303,286
493,summoner-26020106,494,TypowyLeśnik,Master,57,105,,202,183
494,summoner-34878172,495,Hakushino,Master,57,69,,63,37
495,summoner-23766594,496,Elder Gorni,Master,56,63,,116,88
496,summoner-19864501,497,Vallvex,Master,75,131,,224,202
497,summoner-33533249,498,vukojarac,Master,55,87,,168,154
498,summoner-68744972,499,mrHookUrGIRL,Master,55,42,,98,49
499,summoner-19796157,500,shaaz,Master,54,67,,154,128
500,summoner-44094588,501,dølce ft,Master,53,61,,102,76
501,summoner-42994549,502,TL PiercingLight,Master,51,145,,327,308
502,summoner-60135843,503,SanyaDau v2,Master,51,115,,241,216
503,summoner-32589268,504,Gøku,Master,51,85,,126,100
504,summoner-23319183,505,Wechat Elovator,Master,49,46,,138,85
505,summoner-40219024,506,NahkaParturi,Master,49,123,,136,107
506,summoner-59595990,507,Anathema,Master,47,79,,217,201
507,summoner-34209019,508,Veig,Master,47,75,,161,127
508,summoner-27218502,509,SUICIDAL EBOY,Master,46,45,,120,59
509,summoner-24168317,510,Quinn Airlines,Master,45,108,,412,395
510,summoner-40547172,511,Gurl,Master,45,140,,174,141
511,summoner-42405409,512,LordWafer,Master,43,75,,106,81
512,summoner-41645583,513,DenizEN,Master,42,90,,380,304
513,summoner-41107575,514,DareDévil Fanboy,Master,42,88,,78,41
514,summoner-71623135,515,Ryan Mikkelsen,Master,41,69,,131,101
515,summoner-46849163,516,LewaRenkaBoga,Master,40,118,,306,291
516,summoner-37444475,517,XEM Domel,Master,40,113,,303,280
517,summoner-36412552,518,737,Master,40,56,,177,135
518,summoner-37565478,519,Shaz,Master,61,82,,96,64
519,summoner-36362552,520,dwa dobre pićka,Master,40,78,,94,73
520,summoner-36328146,521,ZboczonyHektor,Master,39,54,,170,144
521,summoner-46423361,522,ImJustSaiyan,Master,39,79,,139,112
522,summoner-20945176,523,Halucynék,Master,38,118,,587,545
523,summoner-32984130,524,RX Trainsane,Master,38,95,,203,176
524,summoner-20435279,525,A Decent Unicorn,Master,23,64,,166,138
525,summoner-31876210,526,Rebellion2,Master,37,73,,134,94
526,summoner-21069443,527,Pajgino,Master,37,96,,115,82
527,summoner-20505940,528,ChallengerDog v2,Master,36,75,,185,160
528,summoner-31446400,529,HUNT Szymek,Master,36,123,,144,121
529,summoner-24072999,530,Halcyzeron,Master,35,95,,104,79
530,summoner-32487581,531,Elniks,Master,34,105,,316,295
531,summoner-39593293,532,Heroin Party Zed,Master,34,86,,266,236
532,summoner-38285650,533,RX Cinca,Master,34,84,,195,177
533,summoner-36903455,534,Hubonn,Master,34,80,,133,109
534,summoner-33384401,535,d0wnie,Master,33,82,,193,168
535,summoner-71485927,536,no pain no cane,Master,32,104,,388,347
536,summoner-66943040,537,Je T Aime Trop,Master,32,46,,64,37
537,summoner-23864813,538,Boost za nudle,Master,31,109,,279,256
538,summoner-39632545,539,myR Adev,Master,31,109,,128,104
539,summoner-31554189,540,KYRlE IRVING,Master,30,88,,190,174
540,summoner-46816169,541,PGD Kenrix,Master,30,81,,100,78
541,summoner-32853379,542,lmmortal,Master,29,73,,243,228
542,summoner-20322181,543,AS JamesSawyer,Master,28,116,,388,368
543,summoner-60253033,544,Hustels,Master,28,81,,226,199
544,summoner-29476578,545,klzz,Master,28,71,,77,55
545,summoner-45833746,546,Midas LFT,Master,27,60,,256,179
546,summoner-28122519,547,FluffyPoo,Master,27,121,,211,177
547,summoner-33887230,548,DarkRider55,Master,27,47,,107,77
548,summoner-24602552,549,ThotnessEmbrace,Master,26,106,,311,294
549,summoner-29853190,550,Slý Tαils,Master,26,87,,108,81
550,summoner-20382823,551,yung TorcicaPUT3,Master,23,62,,214,184
551,summoner-27469510,552,Tissu,Master,23,75,,91,67
552,summoner-33333791,553,MonsterTier,Master,22,105,,408,396
553,summoner-25477643,554,Zapper02,Master,22,113,,386,364
554,summoner-39583344,555,triung,Master,22,96,,281,256
555,summoner-41343975,556,Masa Thug Life,Master,22,113,,170,158
556,summoner-41679925,557,Zara Larsson,Master,21,116,,300,279
557,summoner-30393911,558,Honoz,Master,21,82,,234,207
558,summoner-50871161,559,ALISTAR 400 DMG,Master,21,90,,217,198
559,summoner-38845123,560,Alradon,Master,21,96,,146,115
560,summoner-26353158,561,Norox,Master,21,69,,124,107
561,summoner-34318299,562,InTheHellOfElo,Master,20,72,,251,227
562,summoner-73082971,563,EuneIsGreat,Master,20,53,,169,106
563,summoner-33899572,564,nof3,Master,20,55,,163,107
564,summoner-33057637,565,sexezSTAR,Master,19,86,,410,388
565,summoner-37159691,566,TSM Tanaci,Master,19,145,,374,355
566,summoner-39556911,567,Svevišnji,Master,19,108,,348,317
567,summoner-36674967,568,vad heter du,Master,19,50,,134,106
568,summoner-38986973,569,soczystypytol98,Master,19,53,,95,65
569,summoner-23488688,570,Szakacs,Master,18,107,,240,212
570,summoner-22120650,571,DTG shy jan,Master,18,114,,164,143
571,summoner-23601893,572,ilovepiez,Master,17,93,,190,172
572,summoner-33960640,573,Poetepe,Master,17,65,,157,136
573,summoner-21087877,574,KY Satanico,Master,17,63,,113,92
574,summoner-37255951,575,Marlley,Master,16,138,,432,416
575,summoner-26925653,576,Ρingo,Master,16,83,,219,197
576,summoner-38965264,577,SAEEDMUS,Master,16,101,,199,173
577,summoner-37744590,578,WYPIEK Z WESTA,Master,16,73,,157,108
578,summoner-34086024,579,7Drakking88,Master,15,83,,160,115
579,summoner-41551267,580,El3cTr0S0c,Master,15,58,,159,134
580,summoner-39620487,581,Skassy,Master,14,110,,316,300
581,summoner-41065582,582,Saloez,Master,14,74,,252,214
582,summoner-27494606,583,Caedryn,Master,14,135,,123,99
583,summoner-38133362,584,cbdu,Master,13,108,,254,230
584,summoner-22430478,585,Hipoooo,Master,11,95,,193,160
585,summoner-24744012,586,Felisjano,Master,11,76,,120,95
586,summoner-34323279,587,Zer0 to Ner0,Master,11,93,,117,100
587,summoner-34940601,588,fetusismydinner,Master,10,96,,304,282
588,summoner-45410476,589,WLD hi im mate,Master,10,55,,55,30
589,summoner-70418172,590,Wexillon,Master,8,98,,276,244
590,summoner-21286104,591,Prayforsyria,Master,7,92,,358,318
591,summoner-35494788,592,Exenon,Master,5,143,,272,280
592,summoner-52559355,593,BãyMμtrá,Master,4,133,,276,252
593,summoner-23805754,594,Centawr,Master,4,66,,172,145
594,summoner-20922524,595,Far,Master,4,89,,145,126
595,summoner-28710962,596,Egoista w Soloq,Master,4,83,,116,105
596,summoner-30447363,597,Darknéss,Master,3,123,,224,201
597,summoner-23794051,598,srki5555,Master,3,84,,210,179
598,summoner-25294231,599,botichello,Master,2,89,,348,299
599,summoner-21385246,600,Her Rákan,Master,2,161,,296,258
600,summoner-30411613,601,ilovedana,Master,2,73,,79,60
601,summoner-38186941,602,Himelrond,Master,1,97,,258,200
602,summoner-70616663,603,Mihajlo Matic,Master,0,116,,441,427
603,summoner-47962920,604,major failure,Master,0,117,,409,403
604,summoner-57967315,605,xKanelen,Master,0,118,,390,362
605,summoner-56794541,606,xXxKGxXx,Master,0,99,,329,317
606,summoner-34707077,607,RS Seboost1an,Master,0,109,,302,274
607,summoner-40554647,608,Daddy Gragas,Master,0,145,,289,273
608,summoner-33940581,609,H x,Master,0,122,,276,249
609,summoner-27059616,610,Eradicated,Master,0,92,,270,244
610,summoner-37879267,611,War pe Mental,Master,0,165,,263,229
611,summoner-27393446,612,Gamay666,Master,0,97,,255,235
612,summoner-30074326,613,ManIWishIWasDead,Master,0,105,,254,231
613,summoner-29724710,614,pisinmyblouse,Master,0,86,,248,217
614,summoner-36185015,615,C A N G O O R,Master,0,107,,248,233
615,summoner-37074782,616,morderca32,Master,0,61,,241,172
616,summoner-27050356,617,Tveliv,Master,0,97,,229,211
617,summoner-57023102,618,Lötüs,Master,0,94,,225,209
618,summoner-27188813,619,SnutteTANT,Master,0,69,,222,167
619,summoner-28520357,620,Friendly Skulla,Master,0,78,,219,201
620,summoner-45684610,621,dead meme,Master,0,118,,218,199
621,summoner-59668537,622,žennoŽTG,Master,0,116,,218,199
622,summoner-28172180,623,Pick me Janna,Master,0,75,,209,186
623,summoner-71555275,624,Sufon,Master,0,63,,200,148
624,summoner-26774670,625,FP Zorin Blitz,Master,0,75,,199,176
625,summoner-71509291,626,SnakeInTracksuit,Master,0,67,,190,134
626,summoner-47221733,627,LLENN,Master,0,93,,188,129
627,summoner-38403820,628,stefanxp,Master,0,92,,186,166
628,summoner-29526523,629,pykestanos,Master,0,83,,178,152
629,summoner-30374718,630,KobylkaWDZ,Master,0,63,,173,129
630,summoner-70617689,631,HerHex,Master,0,99,,158,114
631,summoner-44347625,632,SKT KrWannaBe,Master,0,76,,158,132
632,summoner-20574477,633,Zarzator,Master,0,58,,150,116
633,summoner-38583230,634,Zebron,Master,0,60,,149,114
634,summoner-39867623,635,Michael001,Master,0,50,,143,53
635,summoner-70146530,636,Diosh,Master,0,83,,142,99
636,summoner-47728300,637,Uzzume,Master,0,63,,140,122
637,summoner-50305148,638,FrozenCubBG,Master,0,48,,140,67
638,summoner-47871366,639,lövhögen,Master,0,101,,138,116
639,summoner-32189292,640,Zhenzi v2,Master,0,97,,136,113
640,summoner-51963350,641,Luky001,Master,0,64,,134,111
641,summoner-30906515,642,Steve Angello,Master,0,82,,133,111
642,summoner-37673006,643,We Go Cr4zY,Master,0,47,,130,72
643,summoner-24434103,644,sl0wla,Master,0,100,,128,103
644,summoner-25235174,645,mortalcombatant,Master,0,79,,118,73
645,summoner-54836755,646,m7md7100,Master,0,71,,113,87
646,summoner-45943087,647,Redillion,Master,0,71,,106,78
647,summoner-46673697,648,Mégumin,Master,0,108,,104,75
648,summoner-26500654,649,donce123,Master,0,79,,98,72
649,summoner-59893208,650,Märq,Master,0,55,,92,69
650,summoner-20480930,651,B GOD,Master,0,50,,88,28
651,summoner-22886940,652,noızzy,Master,0,81,,88,56
652,summoner-36685606,653,KATYPERRYFAN123,Master,0,47,,74,44
653,summoner-68808416,654,cutie princess,Master,0,38,,67,27
654,summoner-41048627,655,Trust Me Im JEDl,Master,0,71,,64,40
655,summoner-19724182,656,Wicked Cookie,Master,0,43,,56,25
656,summoner-50213372,657,Alter Gilgamesh,Diamond 1,100,173,,317,292
657,summoner-35674379,658,tsakos007,Diamond 1,100,87,,296,266
658,summoner-32956070,659,HCT Erlich,Diamond 1,100,86,,269,238
659,summoner-44783827,660,Komorek12345,Diamond 1,100,94,,242,214
660,summoner-45753066,661,GANGBANG ILLAOI,Diamond 1,100,109,,236,226
661,summoner-37363403,662,Václav Šrajer,Diamond 1,100,75,,233,195
662,summoner-31204878,663,GRE Pokerstar,Diamond 1,100,101,,224,197
663,summoner-31618238,664,TodiTheGod,Diamond 1,100,73,,220,203
664,summoner-71130272,665,uDNelly,Diamond 1,100,73,,217,170
665,summoner-24200190,666,Next Level FIZZ,Diamond 1,100,76,,214,193
666,summoner-44030756,667,Jég,Diamond 1,100,56,,176,125
667,summoner-63523937,668,Àrdént Cénsér,Diamond 1,100,112,,173,153
668,summoner-45265491,669,DAB DAB DAB DAB,Diamond 1,100,62,,158,128
669,summoner-69423039,670,Matnisstatpants,Diamond 1,100,48,,133,93
670,summoner-44984905,671,Bořek prznitel,Diamond 1,100,68,,131,110
671,summoner-19544631,672,MosEisley,Diamond 1,100,46,,131,76
672,summoner-60793117,673,14etaneR,Diamond 1,100,49,,120,101
673,summoner-36053985,674,Unlucky Niko,Diamond 1,100,84,,97,75
674,summoner-70655337,675,Lee šin otp here,Diamond 1,100,46,,97,51
675,summoner-26325874,676,atomic bald,Diamond 1,100,53,,94,61
676,summoner-25130219,677,SzAmiker,Diamond 1,100,49,,94,59
677,summoner-55733049,678,Nabsteb,Diamond 1,100,60,,86,48
678,summoner-29146564,679,MrMgr,Diamond 1,100,49,,84,64
679,summoner-34396720,680,Stephprobabe,Diamond 1,100,55,,68,39
680,summoner-37627217,681,Ejsner,Diamond 1,100,58,,55,35
681,summoner-62003907,682,XprObacKGG,Diamond 1,99,111,,328,300
682,summoner-23799544,683,HCT shizeR,Diamond 1,99,97,,282,243
683,summoner-30954692,684,Xclusive 25,Diamond 1,98,125,,588,579
684,summoner-63285135,685,Daddy Roro,Diamond 1,98,63,,170,106
685,summoner-32404054,686,negative winrate,Diamond 1,97,105,,502,480
686,summoner-27860733,687,Dawîd,Diamond 1,97,79,,111,86
687,summoner-19403133,688,FrennaFanboy,Diamond 1,97,61,,105,89
688,summoner-65874209,689,Get Clapped,Diamond 1,97,71,,66,42
689,summoner-25524071,690,wikiolo,Diamond 1,96,106,,385,361
690,summoner-28526239,691,Kundzior123,Diamond 1,96,87,,238,238
691,summoner-22988614,692,Kylo Rên,Diamond 1,96,96,,117,89
692,summoner-34467401,693,NLM,Diamond 1,95,72,,312,253
693,summoner-32894209,694,the prodigy ygh,Diamond 1,95,144,,47,33
694,summoner-22293716,695,zjemcikrede,Diamond 1,94,114,,275,254
695,summoner-34888542,696,HeavyDream,Diamond 1,94,63,,55,32
696,summoner-25815701,697,Clara,Diamond 1,93,115,,139,113
697,summoner-22255693,698,BigMazy,Diamond 1,93,41,,87,42
698,summoner-40189047,699,Yuuna,Diamond 1,93,53,,55,37
699,summoner-72473143,700,Wa kind of smurf,Diamond 1,92,58,,202,165
700,summoner-30844775,701,UnicornLeader,Diamond 1,91,137,,395,359
701,summoner-25221922,702,Grub Woin,Diamond 1,91,90,,172,129
702,summoner-24984199,703,coookieman,Diamond 1,91,114,,88,60
703,summoner-27495704,704,ukko2000,Diamond 1,91,63,,69,48
704,summoner-53463132,705,Szybky Lopez,Diamond 1,90,88,,451,397
705,summoner-35256798,706,Tigerfun,Diamond 1,90,110,,244,221
706,summoner-19912775,707,Neawin,Diamond 1,90,69,,182,148
707,summoner-23687496,708,Pendecho,Diamond 1,90,82,,159,133
708,summoner-27364826,709,xToma,Diamond 1,90,69,,154,136
709,summoner-25853840,710,WelcomToVietnam,Diamond 1,90,68,,146,109
710,summoner-33873215,711,p3 euw btw,Diamond 1,90,66,,145,118
711,summoner-27865152,712,aąbcć Ð eęfgh,Diamond 1,90,65,,144,125
712,summoner-35480966,713,DGN JustEngry,Diamond 1,90,77,,143,109
713,summoner-33405516,714,BuuDuemer,Diamond 1,90,81,,140,112
714,summoner-27053145,715,αssαssin,Diamond 1,90,94,,130,86
715,summoner-20200774,716,King Dragún,Diamond 1,90,69,,125,99
716,summoner-32815577,717,The Ryan,Diamond 1,90,68,,124,87
717,summoner-20918068,718,JESSPER77,Diamond 1,90,86,,119,104
718,summoner-71040739,719,Phílíphkt,Diamond 1,90,66,,113,62
719,summoner-30333885,720,SaŁaZaR,Diamond 1,90,131,,113,93
720,summoner-32573416,721,Teräsmara,Diamond 1,90,126,,109,77
721,summoner-35069789,722,Cháotic,Diamond 1,90,66,,107,89
722,summoner-29599705,723,A4L,Diamond 1,90,61,,105,71
723,summoner-39258248,724,Tadeusz98,Diamond 1,90,94,,105,83
724,summoner-58033142,725,RED AD Carry,Diamond 1,90,63,,105,77
725,summoner-37141067,726,Ehmedi,Diamond 1,90,86,,98,70
726,summoner-69233016,727,Numikjèks,Diamond 1,90,40,,96,29
727,summoner-25516645,728,Cx KFC Manager,Diamond 1,90,54,,85,62
728,summoner-68728535,729,beorsaidothor,Diamond 1,90,41,,80,23
729,summoner-32757515,730,IMissAlwaysQ,Diamond 1,90,49,,80,55
730,summoner-20158792,731,Rektus Dominus,Diamond 1,90,101,,77,61
731,summoner-23591874,732,Live,Diamond 1,90,74,,66,37
732,summoner-41454116,733,MarineHBS,Diamond 1,90,57,,51,25
733,summoner-24669344,734,Mìs,Diamond 1,89,55,,152,135
734,summoner-39560412,735,michu45,Diamond 1,89,116,,113,85
735,summoner-24389694,736,BestSorakaSmurf,Diamond 1,89,64,,89,62
736,summoner-23981744,737,SonofHashinshin,Diamond 1,88,76,,341,305
737,summoner-24432947,738,NikGio,Diamond 1,88,108,,291,261
738,summoner-33397554,739,Cursed Leblanc,Diamond 1,88,85,,196,171
739,summoner-32297123,740,Latrodectuss,Diamond 1,88,120,,181,156
740,summoner-59623572,741,Duck Farius,Diamond 1,88,53,,123,106
741,summoner-30847068,742,korzen11,Diamond 1,88,47,,112,57
742,summoner-36903434,743,Selson,Diamond 1,88,49,,76,41
743,summoner-41087665,744,EUNE Retoox HLTV,Diamond 1,88,36,,38,12
744,summoner-28154673,745,XaxaOwOxaxa,Diamond 1,87,163,,427,418
745,summoner-57194815,746,Enemenem,Diamond 1,87,107,,205,180
746,summoner-24293061,747,ChickenPL,Diamond 1,87,49,,130,101
747,summoner-58483319,748,ZeroFoxy,Diamond 1,87,103,,95,79
748,summoner-37651913,749,1992 Ω,Diamond 1,69,59,,69,56
749,summoner-23617343,750,GL Mayday,Diamond 1,86,71,,109,91
750,summoner-34445989,751,ScarIet,Diamond 1,85,117,,355,332
751,summoner-69195893,752,gobitumilair,Diamond 1,85,56,,171,140
752,summoner-43978311,753,GT1 Hochmah,Diamond 1,85,97,,117,90
753,summoner-27571865,754,CisneCieRandomem,Diamond 1,85,53,,114,71
754,summoner-23455566,755,RAIDBOSS GODHAND,Diamond 1,84,90,,342,309
755,summoner-36214307,756,NEMANJ4,Diamond 1,84,116,,301,280
756,summoner-62024135,757,ez is Mágus,Diamond 1,84,64,,173,128
757,summoner-53895198,758,ZalJK,Diamond 1,84,77,,121,100
758,summoner-26376711,759,GhostBron,Diamond 1,84,49,,120,63
759,summoner-21832245,760,Coko,Diamond 1,84,52,,89,58
760,summoner-25910707,761,KhaynMain,Diamond 1,83,90,,368,320
761,summoner-44646052,762,PvPFan,Diamond 1,83,86,,206,169
762,summoner-68924659,763,sexy mikasa,Diamond 1,83,56,,160,103
763,summoner-40170900,764,Meecowhy,Diamond 1,83,82,,156,140
764,summoner-61697922,765,Formes,Diamond 1,83,68,,141,123
765,summoner-37124020,766,Evanger,Diamond 1,83,59,,59,34
766,summoner-51885836,767,See my name,Diamond 1,82,159,,556,520
767,summoner-29259506,768,Mapharazzo,Diamond 1,82,69,,106,91
768,summoner-69433064,769,Looking 4 6irl,Diamond 1,82,46,,91,57
769,summoner-54622990,770,313169,Diamond 1,82,48,,72,52
770,summoner-36323986,771,blo,Diamond 1,81,117,,263,237
771,summoner-27875773,772,FourTwenty Joker,Diamond 1,81,83,,148,112
772,summoner-20440138,773,Arore,Diamond 1,81,69,,123,104
773,summoner-33519577,774,meenawy,Diamond 1,81,68,,109,73
774,summoner-24386368,775,deivyys,Diamond 1,81,84,,100,80
775,summoner-69433065,776,KONG STRONG,Diamond 1,81,46,,91,57
776,summoner-24410969,777,KRM,Diamond 1,81,79,,77,51
777,summoner-38483078,778,Dom1nator,Diamond 1,80,79,,256,235
778,summoner-34937486,779,Feed Jinx pl0x,Diamond 1,80,63,,136,94
779,summoner-35828580,780,SIMPLE AND CLEAN,Diamond 1,80,73,,118,93
780,summoner-38907771,781,myR Bl4de,Diamond 1,80,87,,94,75
781,summoner-71526530,782,The Kontturi,Diamond 1,80,36,,54,10
782,summoner-66705989,783,SadFrog exe,Diamond 1,79,96,,300,205
783,summoner-22647486,784,Darkiter,Diamond 1,79,105,,214,185
784,summoner-23518496,785,Petri,Diamond 1,79,61,,199,175
785,summoner-31174904,786,G2 Aldus,Diamond 1,79,100,,117,91
786,summoner-19868592,787,AkiCr7,Diamond 1,79,76,,115,90
787,summoner-38103284,788,Verum v2,Diamond 1,78,57,,159,101
788,summoner-69409626,789,skirrax v2,Diamond 1,78,56,,87,63
789,summoner-55066936,790,IgnasITZ,Diamond 1,78,50,,81,53
790,summoner-30813446,791,iG ßajky,Diamond 1,78,64,,72,55
791,summoner-20932819,792,Cviç Prase,Diamond 1,77,101,,296,280
792,summoner-41700097,793,Serene Void,Diamond 1,77,87,,261,242
793,summoner-25365139,794,TelluR,Diamond 1,77,83,,257,240
794,summoner-36558641,795,Bloody Sorrõw,Diamond 1,77,94,,172,152
795,summoner-31881620,796,Rapisher,Diamond 1,77,74,,81,63
796,summoner-50343040,797,JK KINGUNEN,Diamond 1,77,49,,65,49
797,summoner-23481935,798,Puri,Diamond 1,76,84,,218,205
798,summoner-31281838,799,EleGíggle,Diamond 1,76,87,,161,142
799,summoner-34333050,800,HELLAS douk,Diamond 1,76,67,,109,65
800,summoner-32568582,801,LevelZeroPlayer,Diamond 1,75,105,,418,384
801,summoner-41456117,802,Suklaakaakao,Diamond 1,75,95,,409,388
802,summoner-56034779,803,ProShadowShady,Diamond 1,75,100,,349,319
803,summoner-65063152,804,ShSn,Diamond 1,75,110,,319,296
804,summoner-22887932,805,Błack Swan,Diamond 1,75,109,,287,247
805,summoner-65875722,806,Lunatıc,Diamond 1,75,95,,262,237
806,summoner-43448663,807,LevelZeroLegacy,Diamond 1,75,67,,239,186
807,summoner-44902735,808,HARDSTUCKKKK,Diamond 1,75,86,,236,222
808,summoner-30767245,809,Amaretto,Diamond 1,75,98,,235,217
809,summoner-42656092,810,Divine Humanoid,Diamond 1,75,68,,231,153
810,summoner-38508401,811,HELLSHACO,Diamond 1,75,63,,216,141
811,summoner-23845263,812,Ananasy,Diamond 1,75,122,,215,200
812,summoner-61066587,813,TIH 2Cups,Diamond 1,75,106,,214,178
813,summoner-70313892,814,EUW Marksman kek,Diamond 1,75,69,,211,152
814,summoner-58033162,815,Tatsh,Diamond 1,75,69,,193,156
815,summoner-34233510,816,Season 3 Rengar,Diamond 1,75,80,,191,153
816,summoner-21111582,817,Datturaa,Diamond 1,75,61,,190,101
817,summoner-59546383,818,MaderFaker3,Diamond 1,75,49,,187,88
818,summoner-28295623,819,Hobbi,Diamond 1,75,83,,186,148
819,summoner-49339151,820,Bufaklin,Diamond 1,75,67,,186,159
820,summoner-68845540,821,Girl I,Diamond 1,75,73,,186,148
821,summoner-71842996,822,SchwerdG,Diamond 1,75,59,,179,124
822,summoner-54716632,823,ferdik1123,Diamond 1,75,84,,178,155
823,summoner-63583593,824,13597820,Diamond 1,75,66,,166,156
824,summoner-40937267,825,Djres,Diamond 1,75,85,,166,137
825,summoner-21214046,826,Israel HaDayag,Diamond 1,75,72,,164,134
826,summoner-70718095,827,Lux PIayer,Diamond 1,75,61,,160,106
827,summoner-40025822,828,Kim Dong ha,Diamond 1,75,66,,157,105
828,summoner-28537478,829,Hrazerixxxxxxx,Diamond 1,75,82,,156,130
829,summoner-47728136,830,SB Szerk,Diamond 1,75,141,,151,114
830,summoner-54553116,831,MihalichV2,Diamond 1,75,63,,148,133
831,summoner-21926693,832,ΦΑΡΑΩ,Diamond 1,75,68,,148,114
832,summoner-21447850,833,The Vitiate,Diamond 1,75,73,,146,133
833,summoner-19391305,834,OopsIamSorry,Diamond 1,75,46,,144,59
834,summoner-53718282,835,CuzimaGoD,Diamond 1,75,72,,143,120
835,summoner-33827501,836,PVE Qenal,Diamond 1,75,73,,143,115
836,summoner-69062973,837,Reorderer 1v9,Diamond 1,75,57,,139,96
837,summoner-28398978,838,SMUTNY PAJAC,Diamond 1,75,57,,138,86
838,summoner-62837444,839,Yøung Light,Diamond 1,75,136,,137,71
839,summoner-24681855,840,RR Syrpy,Diamond 1,75,64,,137,108
840,summoner-24385780,841,Dragfon,Diamond 1,75,66,,134,109
841,summoner-20009677,842,Jessica,Diamond 1,75,47,,131,93
842,summoner-37213573,843,Gl At McDonalds,Diamond 1,75,63,,128,105
843,summoner-46883558,844,AderiQ,Diamond 1,75,61,,127,91
844,summoner-24153857,845,Amades,Diamond 1,75,48,,120,74
845,summoner-21458888,846,Irod,Diamond 1,75,70,,116,83
846,summoner-31707274,847,Danny v2,Diamond 1,75,86,,113,77
847,summoner-55967338,848,Kindral,Diamond 1,75,48,,113,88
848,summoner-25519388,849,VaIkyr,Diamond 1,75,109,,112,91
849,summoner-27571811,850,MaM FaJnE UlTi,Diamond 1,75,53,,111,88
850,summoner-65786172,851,Helixerz,Diamond 1,75,43,,110,73
851,summoner-25015594,852,RockXan,Diamond 1,75,77,,108,68
852,summoner-70623032,853,Vareju iekritot,Diamond 1,75,53,,107,73
853,summoner-52530080,854,PetesAdoptedSon,Diamond 1,75,50,,103,87
854,summoner-34368144,855,praise conqueror,Diamond 1,75,71,,103,80
855,summoner-29134791,856,Is Top success,Diamond 1,75,64,,96,65
856,summoner-64003070,857,VELVETEARS,Diamond 1,75,48,,94,66
857,summoner-68896555,858,ROMANUL ALB,Diamond 1,75,41,,86,33
858,summoner-71893065,859,TEEMO TO CHALL,Diamond 1,75,43,,83,45
859,summoner-24097768,860,DontBlameMeQQ,Diamond 1,75,71,,82,54
860,summoner-27548394,861,My Angel Ket,Diamond 1,75,101,,78,54
861,summoner-39530236,862,EUNE Abuser,Diamond 1,75,39,,74,18
862,summoner-48203766,863,EUNEPOLICE S,Diamond 1,75,43,,65,23
863,summoner-28880203,864,WLD hextasy,Diamond 1,75,51,,65,32
864,summoner-32247025,865,Paulius Kubys,Diamond 1,75,39,,63,27
865,summoner-46605578,866,KataLaNN,Diamond 1,74,91,,267,234
866,summoner-38245753,867,Shikamaru Naara,Diamond 1,74,73,,236,212
867,summoner-21741163,868,Dragonczz1,Diamond 1,74,41,,113,21
868,summoner-24233664,869,ECT Kocourek,Diamond 1,74,64,,109,84
869,summoner-31353091,870,Zookeeper101,Diamond 1,73,96,,289,259
870,summoner-44519214,871,Ray God,Diamond 1,73,96,,268,260
871,summoner-20614632,872,PYKE IRL,Diamond 1,73,99,,194,145
872,summoner-60167436,873,ksikakatas,Diamond 1,73,46,,143,92
873,summoner-27186072,874,Kuzyn Babci,Diamond 1,73,72,,128,112
874,summoner-71643045,875,Clown IRL,Diamond 1,73,52,,121,75
875,summoner-42983363,876,Vega,Diamond 1,73,89,,74,52
876,summoner-72324858,877,uXaPDominic,Diamond 1,73,39,,66,26
877,summoner-19134176,878,SellingNudesAdd,Diamond 1,73,61,,56,37
878,summoner-31220503,879,Sekkusu,Diamond 1,72,128,,350,342
879,summoner-36926847,880,Bleddo,Diamond 1,72,114,,148,129
880,summoner-19850455,881,AntiSocialis,Diamond 1,72,99,,147,129
881,summoner-44846594,882,kurtdenstore21,Diamond 1,72,49,,138,108
882,summoner-52433896,883,Kapten YinYang,Diamond 1,72,52,,116,83
883,summoner-34293699,884,Lep Fant,Diamond 1,72,57,,112,88
884,summoner-48503828,885,Konaa,Diamond 1,72,46,,76,60
885,summoner-34899231,886,Kahui,Diamond 1,72,39,,54,30
886,summoner-36052987,887,Alonso,Diamond 1,71,107,,508,486
887,summoner-52332925,888,Grímmjôw,Diamond 1,71,148,,314,277
888,summoner-22064327,889,PEEP LIL,Diamond 1,71,85,,282,281
889,summoner-37298354,890,Balnator,Diamond 1,71,100,,282,259
890,summoner-38503962,891,Pepi Rösslër,Diamond 1,71,105,,185,156
891,summoner-39686221,892,nexTy1,Diamond 1,71,69,,166,141
892,summoner-68367366,893,Myddo,Diamond 1,71,60,,109,80
893,summoner-68943644,894,äiti,Diamond 1,70,57,,150,117
894,summoner-71355565,895,midlane from euw,Diamond 1,53,49,,140,96
895,summoner-37595177,896,S0PHIE,Diamond 1,70,58,,78,62
896,summoner-23911183,897,Madhõuse,Diamond 1,70,62,,43,33
897,summoner-19350043,898,Taste The Power,Diamond 1,69,118,,383,368
898,summoner-21587261,899,DoctorNlck,Diamond 1,69,83,,218,174
899,summoner-50333934,900,Nippla,Diamond 1,69,67,,174,145
900,summoner-31267277,901,IaceG,Diamond 1,69,52,,140,94
901,summoner-48329575,902,RedTigger2000,Diamond 1,69,97,,135,117
902,summoner-23296269,903,Dimikoyan,Diamond 1,69,90,,118,99
903,summoner-22908028,904,GeddyK,Diamond 1,68,96,,298,254
904,summoner-19924105,905,lonelystar,Diamond 1,68,115,,280,258
905,summoner-35316636,906,Szakin,Diamond 1,68,158,,240,221
906,summoner-38788779,907,Hi Iam Gosupport,Diamond 1,68,105,,108,92
907,summoner-42553384,908,shadows marked,Diamond 1,68,71,,107,93
908,summoner-23816156,909,Carry Only,Diamond 1,68,77,,95,83
909,summoner-70945372,910,King Illidan,Diamond 1,67,86,,412,363
910,summoner-42590587,911,Stuu69,Diamond 1,67,90,,275,227
911,summoner-46078093,912,Eimis,Diamond 1,67,102,,227,199
912,summoner-24583023,913,NerfChampsHard,Diamond 1,67,79,,169,155
913,summoner-34075227,914,NGPlayer,Diamond 1,67,87,,159,129
914,summoner-49675568,915,Petey btw,Diamond 1,67,49,,151,115
915,summoner-52530527,916,Maginaryy,Diamond 1,67,50,,115,58
916,summoner-72586541,917,Sobol jest słaby,Diamond 1,67,39,,67,23
917,summoner-39297772,918,LeZac,Diamond 1,66,119,,270,251
918,summoner-52036247,919,Hîszpan,Diamond 1,66,103,,266,253
919,summoner-69146270,920,Barry Oscar,Diamond 1,85,57,,206,156
920,summoner-36142626,921,Zèze,Diamond 1,66,86,,167,155
921,summoner-32212465,922,Sanyol,Diamond 1,66,97,,161,142
922,summoner-52713387,923,LANCELOT 1,Diamond 1,66,49,,149,121
923,summoner-42915991,924,h1go,Diamond 1,66,60,,143,127
924,summoner-69526189,925,Karczelote v2,Diamond 1,66,61,,143,95
925,summoner-31279958,926,Elementh,Diamond 1,66,45,,112,44
926,summoner-22814877,927,Professor Konrad,Diamond 1,66,83,,108,76
927,summoner-19692199,928,Denited,Diamond 1,66,86,,77,33
928,summoner-30909416,929,Army 27 illusion,Diamond 1,66,40,,53,27
929,summoner-37100831,930,Arìete,Diamond 1,65,73,,278,239
930,summoner-31354285,931,AqroVelon,Diamond 1,65,104,,247,220
931,summoner-25170840,932,Sh0guno,Diamond 1,65,70,,206,188
932,summoner-21880349,933,Kaiser Božo,Diamond 1,65,115,,187,164
933,summoner-25503434,934,Woolly,Diamond 1,65,69,,138,109
934,summoner-25158553,935,BELOSNEZHKA,Diamond 1,65,78,,103,79
935,summoner-33396293,936,Pink Rabbits,Diamond 1,65,54,,85,67
936,summoner-21516154,937,Klordix,Diamond 1,64,115,,339,321
937,summoner-68996307,938,Leivi,Diamond 1,64,95,,261,250
938,summoner-38626931,939,NA1X,Diamond 1,64,99,,211,188
939,summoner-29619714,940,xdxdDDdxdd,Diamond 1,64,48,,149,83
940,summoner-36420208,941,LachtanHoralka,Diamond 1,64,68,,124,108
941,summoner-42813598,942,HeartlessElf,Diamond 1,64,92,,34,23
942,summoner-69242998,943,Tάkis,Diamond 1,63,89,,167,154
943,summoner-22996729,944,seeth3r,Diamond 1,63,77,,130,101
944,summoner-24220182,945,Shenas,Diamond 1,63,59,,110,85
945,summoner-38222916,946,N1ksän,Diamond 1,63,58,,95,82
946,summoner-41113648,947,WIZOP,Diamond 1,63,56,,78,42
947,summoner-39208114,948,iVintrez,Diamond 1,63,45,,34,9
948,summoner-19747597,949,iMpwnYA,Diamond 1,62,121,,443,407
949,summoner-30748749,950,isä,Diamond 1,62,82,,215,183
950,summoner-58098309,951,ZVRYK,Diamond 1,62,112,,108,87
951,summoner-30942212,952,Seifur,Diamond 1,62,59,,105,85
952,summoner-34217865,953,Eshara,Diamond 1,62,47,,63,34
953,summoner-31506776,954,Knightgum,Diamond 1,62,51,,51,20
954,summoner-71833035,955,HΞΜΦ,Diamond 1,61,88,,317,260
955,summoner-31173956,956,Labokop,Diamond 1,61,112,,270,244
956,summoner-28893056,957,Pray4Tryndamere,Diamond 1,61,84,,225,199
957,summoner-20795263,958,Ququlis,Diamond 1,61,49,,148,92
958,summoner-38997989,959,Iil dipshît,Diamond 1,61,113,,140,125
959,summoner-33909436,960,AT3Ntylk0GR4,Diamond 1,61,59,,139,110
960,summoner-37547009,961,EB24 Paxters,Diamond 1,61,96,,94,66
961,summoner-33395602,962,Crasheeer,Diamond 1,60,83,,353,365
962,summoner-24334607,963,xLosDe,Diamond 1,60,81,,330,295
963,summoner-42314387,964,Paskajami,Diamond 1,60,91,,272,260
964,summoner-35943184,965,Profesor Ulaniec,Diamond 1,60,127,,262,231
965,summoner-20663172,966,The Cr1mson King,Diamond 1,60,79,,239,211
966,summoner-24400346,967,Trzesiek,Diamond 1,60,68,,214,154
967,summoner-24748823,968,PYROPHOBIA,Diamond 1,60,86,,177,157
968,summoner-68387562,969,LeQu On Smurf,Diamond 1,60,55,,150,120
969,summoner-26463457,970,Independent3,Diamond 1,60,63,,127,113
970,summoner-48657221,971,xxdXDxd gejus,Diamond 1,60,47,,102,63
971,summoner-36054356,972,dog ucal,Diamond 1,60,74,,98,81
972,summoner-44135599,973,Bloodziu,Diamond 1,60,126,,78,50
973,summoner-27985811,974,H0shiG4ki,Diamond 1,60,82,,46,25
974,summoner-33514724,975,ψUnlucky Godψ,Diamond 1,59,99,,241,222
975,summoner-25231512,976,VuChina,Diamond 1,59,160,,141,126
976,summoner-44526231,977,Ξύδι,Diamond 1,59,69,,87,56
977,summoner-37663134,978,ZÏlean,Diamond 1,59,58,,82,44
978,summoner-25150210,979,OGN RageQuit,Diamond 1,59,80,,61,31
979,summoner-33736388,980,Torajaa,Diamond 1,59,67,,60,39
980,summoner-31259252,981,actorRyanGosling,Diamond 1,58,127,,458,442
981,summoner-25478522,982,KIS WITH Y,Diamond 1,58,104,,418,395
982,summoner-33935148,983,Szamo98,Diamond 1,58,174,,248,222
983,summoner-36103835,984,Cicaherceg,Diamond 1,58,147,,134,117
984,summoner-65914521,985,Fear The Ice,Diamond 1,58,85,,115,85
985,summoner-30744884,986,Fitompp,Diamond 1,58,53,,109,82
986,summoner-33287436,987,Happuoppa,Diamond 1,58,77,,106,73
987,summoner-32215609,988,Kaer1v9,Diamond 1,58,65,,81,58
988,summoner-48864239,989,Kamî D Hoyhi,Diamond 1,57,144,,384,357
989,summoner-63054932,990,Racist Wizard,Diamond 1,57,78,,127,106
990,summoner-42993426,991,SoúlReaver,Diamond 1,57,133,,89,69
991,summoner-37763581,992,Reliable,Diamond 1,57,53,,68,52
992,summoner-55933043,993,sC Fox,Diamond 1,57,72,,62,43
993,summoner-73103218,994,KZ Bdd Ψ,Diamond 1,57,35,,56,23
994,summoner-34514071,995,Wiktory,Diamond 1,57,43,,49,31
995,summoner-39658139,996,Zera,Diamond 1,74,185,,680,667
996,summoner-68713366,997,CCane420,Diamond 1,56,99,,391,369
997,summoner-40580395,998,arnovego,Diamond 1,56,115,,197,158
998,summoner-19477045,999,JebeniBlitvar,Diamond 1,56,91,,182,159
999,summoner-31335845,1000,Impression,Diamond 1,56,90,,161,155
