#timestamp 1530176448092
#date 2018-06-28T09:00:48+00:00
#players 1000
#index,id,rank,name,tier,lp,level,proTeam,win,loss
0,summoner-12190942,1,MMM REMIND,Challenger,1214,48,,150,96
1,summoner-11370132,2,sp18,Challenger,1198,55,,189,136
2,summoner-11460164,3,BMR TIger987,Challenger,1110,99,,346,302
3,summoner-473922,4,Phantiksˉ,Challenger,1063,48,,144,95
4,summoner-11460126,5,BMR Sleeping,Challenger,1053,101,,315,278
5,summoner-11350137,6,Lakiaro,Challenger,1049,49,,135,87
6,summoner-2651026,7,NishiZhuma,Challenger,1006,57,,188,131
7,summoner-11360138,8,Monkey D Ryoma,Challenger,1003,59,,198,152
8,summoner-4380973,9,Phantiks OuO,Challenger,940,64,,164,127
9,summoner-11350138,10,ORD Swiffer,Challenger,912,65,,249,198
10,summoner-297478,11,weixin s5683169,Challenger,903,72,,189,137
11,summoner-381031,12,AresXd,Challenger,859,48,,118,76
12,summoner-1530604,13,ORD Ming,Challenger,856,74,,198,149
13,summoner-5895478,14,Monkey D Mitch,Challenger,850,65,,195,151
14,summoner-890259,15,Shok,Challenger,847,92,,227,196
15,summoner-229825,16,Apink Bomi2,Challenger,832,66,,209,175
16,summoner-274464,17,Phantiks,Challenger,820,47,,129,91
17,summoner-5935237,18,Gon123,Challenger,799,77,,298,260
18,summoner-233854,19,Gðku,Challenger,786,70,,192,161
19,summoner-3150942,20,QQ854166019,Challenger,763,89,,353,313
20,summoner-735088,21,tlxjkgcpl17717,Challenger,754,70,,226,189
21,summoner-571021,22,Wherearewe,Challenger,743,66,,191,161
22,summoner-10811838,23,Babo Beongsin JH,Challenger,741,62,,99,68
23,summoner-444311,24,SSG Decoy,Challenger,734,74,,145,123
24,summoner-11360145,25,ORD Uzi,Challenger,720,50,,164,99
25,summoner-493127,26,Eyla,Challenger,709,98,,169,146
26,summoner-952670,27,Praelus,Challenger,698,85,,187,160
27,summoner-10061365,28,EMP Chazz,Challenger,680,63,,194,157
28,summoner-929978,29,Fudge,Challenger,678,121,,449,422
29,summoner-8010384,30,Guts,Challenger,655,125,,422,394
30,summoner-11360141,31,Rotomairewhenua,Challenger,656,64,,151,116
31,summoner-601923,32,ITN Haeri,Challenger,634,125,,267,240
32,summoner-11350133,33,NMSLWSNDHJYZ,Challenger,618,52,,133,106
33,summoner-432291,34,Sybol,Challenger,609,75,,199,177
34,summoner-483862,35,Cuden 1,Challenger,594,107,,223,205
35,summoner-620972,36,Better on Top,Challenger,593,100,,178,158
36,summoner-10071209,37,Ai no misete,Challenger,586,54,,146,115
37,summoner-456280,38,Terrath,Challenger,562,105,,285,246
38,summoner-303763,39,MAKE OUT HILLXXX,Challenger,546,82,,268,256
39,summoner-569466,40,Plug1,Challenger,532,100,,354,335
40,summoner-5910870,41,you will miss me,Challenger,532,67,,242,211
41,summoner-445723,42,Hotchelli,Challenger,527,93,,272,245
42,summoner-11970252,43,apiiii,Challenger,526,61,,187,129
43,summoner-577995,44,Uther,Challenger,526,54,,103,71
44,summoner-11370136,45,ˆˉˇˉ,Challenger,519,42,,89,55
45,summoner-12240938,46,seo hanbit,Challenger,510,39,,65,35
46,summoner-11690394,47,b1waC,Challenger,508,63,,219,165
47,summoner-494121,48,ry0ma,Challenger,506,46,,120,88
48,summoner-11360144,49,Monkey Madness,Challenger,504,58,,202,177
49,summoner-2572199,50,41095,Challenger,501,89,,139,106
50,summoner-801178,51,Chippys,Challenger,494,64,,190,175
51,summoner-578793,52,Coachboo,Challenger,490,74,,173,158
52,summoner-472833,53,siuman,Challenger,474,71,,233,214
53,summoner-991093,54,Jenkins,Challenger,460,134,,239,217
54,summoner-316587,55,Praedvth,Challenger,439,87,,175,150
55,summoner-4961001,56,alexxxxxx,Challenger,456,59,,135,109
56,summoner-12130716,57,no habla ingles,Challenger,473,46,,128,76
57,summoner-301731,58,Mog,Challenger,445,116,,426,421
58,summoner-5741616,59,Msituay,Challenger,444,53,,166,120
59,summoner-564778,60,Omnî,Challenger,439,122,,618,605
60,summoner-230726,61,BioPanther,Challenger,439,118,,174,161
61,summoner-507474,62,BeeShoe,Challenger,438,77,,239,207
62,summoner-1332943,63,Panda ouo,Challenger,432,75,,150,130
63,summoner-3661252,64,Rédemption,Challenger,428,69,,187,165
64,summoner-291848,65,Feint,Challenger,421,86,,193,175
65,summoner-8521226,66,Dream111,Challenger,419,76,,256,215
66,summoner-8524790,67,Big Dobes,Challenger,438,72,,247,204
67,summoner-5831171,68,KRdoink,Challenger,415,93,,142,118
68,summoner-11001000,69,BITCONNEEEEEEECT,Challenger,414,73,,191,136
69,summoner-8930124,70,LTZevil is back,Challenger,413,65,,98,76
70,summoner-633527,71,Netsky,Challenger,409,81,,272,246
71,summoner-3131580,72,Utopia,Challenger,406,111,,344,325
72,summoner-11370125,73,No Talent Player,Challenger,402,49,,132,110
73,summoner-11370134,74,amok,Challenger,396,47,,108,93
74,summoner-293743,75,Lily,Challenger,381,114,,346,320
75,summoner-8611092,76,ITN Aladoric,Challenger,380,142,,476,464
76,summoner-9730774,77,w1ndzera234,Challenger,398,56,,144,115
77,summoner-11050315,78,GellyCub,Challenger,376,116,,385,364
78,summoner-510102,79,obito1,Challenger,374,72,,244,219
79,summoner-724526,80,WÆN,Challenger,373,65,,158,109
80,summoner-232632,81,Cheezels,Challenger,351,84,,231,188
81,summoner-457370,82,Thiên,Challenger,345,132,,566,540
82,summoner-11720163,83,Arbitux,Challenger,344,89,,182,154
83,summoner-239897,84,Getback,Challenger,353,129,,336,328
84,summoner-12510151,85,Testing Numbers,Challenger,327,51,,168,142
85,summoner-328401,86,Oikawa Tooru,Challenger,326,127,,210,193
86,summoner-317688,87,Big Brain Wil,Challenger,321,89,,152,143
87,summoner-279834,88,billy bong,Challenger,319,73,,210,176
88,summoner-2752573,89,retributionˉ,Challenger,315,63,,218,133
89,summoner-11203083,90,RareSticks Clap,Challenger,312,63,,214,155
90,summoner-276531,91,Le Monsieur,Challenger,290,114,,269,253
91,summoner-590799,92,BMR Seb,Challenger,310,90,,194,177
92,summoner-508906,93,Plutó,Challenger,310,87,,194,160
93,summoner-1394873,94,MR FAT PIG,Challenger,309,143,,356,333
94,summoner-311555,95,Vans,Challenger,308,103,,119,100
95,summoner-7891163,96,AC HatsuyukiYumi,Challenger,307,50,,112,88
96,summoner-6261249,97,remember when,Challenger,301,73,,148,95
97,summoner-3560761,98,Small bubble,Challenger,318,72,,112,98
98,summoner-604210,99,e g ý m,Challenger,300,74,,184,170
99,summoner-901128,100,Pengsing,Challenger,295,53,,138,113
100,summoner-4973029,101,HENRYJWATERNOOSE,Challenger,290,56,,108,95
101,summoner-11781766,102,Johnber Gazua,Challenger,310,55,,134,82
102,summoner-381426,103,Skellyy,Challenger,270,76,,248,182
103,summoner-1891503,104,TheLilTeaPot,Challenger,266,70,,194,154
104,summoner-8891509,105,playlikefly,Challenger,283,77,,153,125
105,summoner-644072,106,UDYSOF,Challenger,294,106,,319,311
106,summoner-553889,107,Minkywhale,Challenger,269,105,,375,363
107,summoner-297107,108,Edna Krabappoly,Challenger,268,43,,115,95
108,summoner-490487,109,D1O,Challenger,261,56,,156,102
109,summoner-456316,110,NMSL NiQueZaiBB,Challenger,258,44,,103,85
110,summoner-6821398,111,Prae1us,Challenger,258,65,,72,59
111,summoner-1270780,112,qwerasdf1234zxct,Challenger,255,66,,215,165
112,summoner-478475,113,mister f is back,Challenger,254,74,,266,199
113,summoner-1592239,114,Pap,Challenger,248,120,,301,278
114,summoner-577848,115,Countdown Timer,Challenger,248,65,,173,156
115,summoner-631376,116,AV Jayke,Challenger,263,80,,203,196
116,summoner-623208,117,Alto Angelo,Challenger,244,64,,114,92
117,summoner-445071,118,mattyg33,Challenger,243,132,,460,444
118,summoner-3710963,119,Ailuna,Challenger,241,50,,119,97
119,summoner-11860179,120,RONAN,Challenger,239,63,,243,198
120,summoner-563169,121,BMR Rosey,Challenger,239,65,,154,136
121,summoner-330947,122,gunkrab,Challenger,237,116,,399,392
122,summoner-11890144,123,Evanescere,Challenger,237,41,,103,54
123,summoner-11980148,124,404 ILoveBella,Challenger,230,149,,125,109
124,summoner-1022808,125,LittlePapa,Challenger,229,75,,139,121
125,summoner-408703,126,Bambi On Ice,Challenger,229,87,,126,109
126,summoner-4962426,127,Plummet,Challenger,228,87,,158,122
127,summoner-670149,128,LaughingMan,Challenger,226,72,,156,133
128,summoner-399995,129,Draqon,Challenger,223,98,,217,215
129,summoner-632903,130,PD AN,Challenger,220,66,,242,225
130,summoner-357041,131,Incursio,Challenger,219,123,,407,387
131,summoner-11501277,132,EnterKeyRemoved,Challenger,217,71,,295,262
132,summoner-558311,133,BeachWhale,Challenger,216,118,,350,326
133,summoner-278781,134,Harrí,Challenger,216,155,,73,66
134,summoner-10890476,135,RèVelUvs,Challenger,190,104,,349,315
135,summoner-481868,136,PowerfulUnicorn,Challenger,207,107,,156,134
136,summoner-5031491,137,Dappa kappa,Challenger,207,116,,97,84
137,summoner-311290,138,Mian Mian,Challenger,188,49,,110,97
138,summoner-342457,139,Gbay99,Challenger,205,112,,267,250
139,summoner-299446,140,Sam,Challenger,205,115,,204,195
140,summoner-693842,141,Played,Challenger,205,74,,185,176
141,summoner-12080166,142,CommandAttack NA,Challenger,204,66,,223,211
142,summoner-713688,143,Emphasis,Challenger,192,75,,125,109
143,summoner-3665599,144,Dragonair,Challenger,191,58,,99,79
144,summoner-439696,145,Xanquish,Challenger,189,79,,181,162
145,summoner-463736,146,Farm,Challenger,188,67,,109,92
146,summoner-328516,147,Sweety Spaghetti,Challenger,187,95,,322,303
147,summoner-235541,148,Kaýn,Challenger,187,99,,99,76
148,summoner-1892186,149,LGC Only,Challenger,186,75,,143,135
149,summoner-1156907,150,1234hitdinosaur,Challenger,181,73,,207,194
150,summoner-5321182,151,WX a759514064,Challenger,179,41,,115,40
151,summoner-587485,152,carb0n,Challenger,176,97,,353,343
152,summoner-12080136,153,PADO,Challenger,161,72,,148,66
153,summoner-2380423,154,Ayum1,Challenger,174,86,,110,80
154,summoner-6130376,155,Gonna slay u,Challenger,173,71,,177,120
155,summoner-345665,156,Sizzle,Challenger,172,67,,190,167
156,summoner-455507,157,emelg,Challenger,170,117,,189,169
157,summoner-590866,158,WoYou Bu Luanlai,Challenger,168,61,,200,148
158,summoner-4802261,159,Mashadar,Challenger,168,67,,109,89
159,summoner-8191549,160,Ahsilum,Challenger,166,71,,284,261
160,summoner-437165,161,Azus,Challenger,164,119,,400,382
161,summoner-5451344,162,AwsomeSDevil,Challenger,163,105,,485,444
162,summoner-464106,163,Magic McDull,Challenger,161,129,,383,374
163,summoner-237590,164,Tekker,Challenger,157,82,,174,164
164,summoner-277786,165,Smeds,Challenger,157,125,,169,153
165,summoner-7890412,166,bojack ANU,Challenger,154,124,,444,411
166,summoner-10061504,167,HTC GuaPi,Challenger,151,121,,446,424
167,summoner-6381137,168,AresSigh,Challenger,147,42,,98,54
168,summoner-276134,169,Zíppo,Challenger,143,141,,128,101
169,summoner-448934,170,permanent mute,Challenger,141,91,,166,155
170,summoner-9101159,171,Just a game,Challenger,140,94,,440,407
171,summoner-9151665,172,BLACKPINK Róse,Challenger,139,43,,80,57
172,summoner-945177,173,smurfQ283490070,Challenger,138,95,,425,382
173,summoner-531379,174,aaeer,Challenger,138,80,,236,224
174,summoner-352592,175,Daegu Venus,Challenger,138,65,,115,95
175,summoner-1830141,176,kaios619,Challenger,137,70,,191,180
176,summoner-323313,177,Aware,Challenger,136,60,,80,67
177,summoner-8430194,178,RNG AI,Challenger,136,80,,77,66
178,summoner-329397,179,G0V,Challenger,135,151,,481,471
179,summoner-236616,180,SulNix,Challenger,133,109,,351,339
180,summoner-6680397,181,Jungle is win,Challenger,133,66,,168,153
181,summoner-624689,182,Kurisutiiiina,Challenger,132,86,,213,203
182,summoner-2731428,183,ITN Fudge,Challenger,130,63,,183,135
183,summoner-2982057,184,Madmaximo,Challenger,130,139,,183,149
184,summoner-6020977,185,DW k1ng,Challenger,130,37,,48,30
185,summoner-222562,186,Morgank Freeman,Challenger,126,108,,164,147
186,summoner-240105,187,Cane Me Daddy,Challenger,101,59,,165,119
187,summoner-11860960,188,trash canister,Challenger,120,70,,281,248
188,summoner-9251514,189,dahaoshiwangzhe,Challenger,119,52,,141,108
189,summoner-484631,190,Oshino,Challenger,116,80,,224,188
190,summoner-10951949,191,LilPump,Challenger,116,49,,138,103
191,summoner-1333527,192,Him and I,Challenger,113,48,,104,88
192,summoner-3081213,193,MVP lan,Challenger,106,83,,189,182
193,summoner-12320606,194,Bogoshipuhyo,Challenger,105,36,,46,35
194,summoner-236630,195,Nomadic Jungler,Challenger,104,40,,68,47
195,summoner-477410,196,Klaire,Challenger,102,55,,147,126
196,summoner-6391346,197,kaiydo 2,Challenger,98,42,,89,47
197,summoner-744422,198,Farmer,Challenger,96,92,,180,166
198,summoner-7291918,199,LetTheGayGo,Challenger,84,76,,233,217
199,summoner-231399,200,Zaptar,Challenger,45,125,,338,335
200,summoner-7621555,201,Katsuri,Master,109,62,,143,126
201,summoner-280161,202,Mayura,Master,100,116,,357,350
202,summoner-236461,203,Dis,Master,99,105,,316,304
203,summoner-6690216,204,2017 07 07,Master,91,116,,139,126
204,summoner-272065,205,superwog1,Master,88,51,,94,84
205,summoner-3072610,206,Gerissi,Master,83,63,,175,158
206,summoner-3310720,207,Piggie,Master,81,73,,153,153
207,summoner-9660178,208,PurpleLamaGamer,Master,79,109,,353,304
208,summoner-1440378,209,LoneIy,Master,78,88,,216,192
209,summoner-8050173,210,good player97,Master,78,80,,74,69
210,summoner-5381177,211,Mr floppy sock,Master,72,110,,468,459
211,summoner-11056599,212,mid halo,Master,71,74,,275,242
212,summoner-293100,213,Jub Jub,Master,71,89,,273,276
213,summoner-11350140,214,cant remember,Master,67,48,,119,95
214,summoner-8930255,215,Yün Chèung,Master,63,142,,302,281
215,summoner-277034,216,Jolt,Master,62,105,,320,301
216,summoner-11161564,217,JaIeeI,Master,62,51,,98,73
217,summoner-3802072,218,SolStar,Master,62,65,,75,49
218,summoner-356125,219,Newto,Master,61,87,,240,229
219,summoner-5201174,220,MasterGarenDimon,Master,59,82,,239,218
220,summoner-470295,221,Navi,Master,59,76,,149,111
221,summoner-7281092,222,Cuo,Master,58,53,,150,136
222,summoner-479574,223,Vivid,Master,57,86,,47,32
223,summoner-221417,224,Chazz It Up,Master,55,61,,116,101
224,summoner-3110212,225,DW Cupcake,Master,54,65,,94,83
225,summoner-1903829,226,no hands btw,Master,53,68,,171,157
226,summoner-747148,227,Anderu,Master,50,104,,153,146
227,summoner-8201755,228,Katsurii,Master,49,88,,248,243
228,summoner-463992,229,1m 16 years old,Master,48,84,,390,329
229,summoner-10570533,230,owowowowowowowow,Master,46,49,,103,52
230,summoner-481977,231,Tilterella,Master,41,74,,115,107
231,summoner-557104,232,sh00zyz,Master,39,94,,98,86
232,summoner-490978,233,Taelen,Master,38,99,,397,367
233,summoner-1750151,234,Tudo,Master,38,95,,245,240
234,summoner-12330331,235,AV DarkSide,Master,37,36,,43,20
235,summoner-326206,236,Coach Curtis,Master,36,55,,121,104
236,summoner-438257,237,ßlitzcrank,Master,33,57,,159,128
237,summoner-813780,238,Ionia,Master,31,68,,99,63
238,summoner-11212045,239,Dekar The Rengar,Master,30,58,,168,117
239,summoner-233721,240,k1ngOfTheYouth,Master,29,49,,82,79
240,summoner-7130976,241,Animosityxx,Master,28,129,,141,144
241,summoner-11230285,242,slkjdf,Master,24,59,,206,175
242,summoner-1250370,243,Akali or GG,Master,23,77,,253,249
243,summoner-8371066,244,H4MMY,Master,23,99,,202,172
244,summoner-567993,245,Chloe Burbank,Master,21,76,,71,59
245,summoner-443078,246,Pisang,Master,19,74,,296,256
246,summoner-7050167,247,SìNNERS,Master,18,108,,178,167
247,summoner-363411,248,Marvoss,Master,18,37,,65,33
248,summoner-852980,249,team bad me mad,Master,9,56,,155,122
249,summoner-1280673,250,Qoobe,Master,4,73,,166,161
250,summoner-470404,251,BushyBooBoo,Master,0,162,,689,694
251,summoner-511802,252,Callurjglertrash,Master,0,60,,221,191
252,summoner-220545,253,Frolloc,Master,0,152,,206,172
253,summoner-454494,254,Rêxx,Master,0,106,,143,99
254,summoner-405709,255,w1ndzera,Master,0,63,,121,109
255,summoner-4491948,256,DW SHERN1FIRE,Master,0,49,,115,71
256,summoner-10870678,257,Wìsh,Master,0,44,,90,73
257,summoner-237869,258,eezyarC toN,Diamond 1,100,136,,477,476
258,summoner-225340,259,Catch Me On Fire,Diamond 1,100,105,,441,430
259,summoner-296998,260,CaitlynUltedJFK,Diamond 1,100,108,,218,209
260,summoner-632520,261,ACTL2131,Diamond 1,100,63,,163,157
261,summoner-439337,262,GU Faker,Diamond 1,100,67,,154,143
262,summoner-820889,263,4444441,Diamond 1,100,49,,135,48
263,summoner-690302,264,chf Leo,Diamond 1,100,55,,96,86
264,summoner-8562347,265,Micah,Diamond 1,100,42,,92,41
265,summoner-7631957,266,twitchtvPhantiks,Diamond 1,100,39,,70,42
266,summoner-11030157,267,NONO,Diamond 1,100,53,,70,26
267,summoner-1321671,268,Giganaut,Diamond 1,100,74,,47,32
268,summoner-357181,269,Destinyy,Diamond 1,100,44,,44,35
269,summoner-509185,270,Noob,Diamond 1,99,62,,167,141
270,summoner-407599,271,Shogun Altair,Diamond 1,96,81,,107,92
271,summoner-434116,272,nooba,Diamond 1,96,50,,37,20
272,summoner-303883,273,c u soon,Diamond 1,95,88,,236,220
273,summoner-1395519,274,BMR Looch,Diamond 1,93,88,,261,241
274,summoner-5943766,275,Hkbesttroll,Diamond 1,92,82,,187,181
275,summoner-8620524,276,Baeatrice,Diamond 1,92,61,,133,119
276,summoner-8183067,277,Have Fun,Diamond 1,90,68,,141,126
277,summoner-11350131,278,Senuc DIN,Diamond 1,90,39,,58,28
278,summoner-9370914,279,pocketgirl,Diamond 1,90,53,,34,15
279,summoner-233863,280,Reminder,Diamond 1,89,98,,270,263
280,summoner-6410962,281,IlIlIlIlIlIlIll,Diamond 1,88,46,,68,56
281,summoner-332728,282,mdvxwys,Diamond 1,87,55,,109,85
282,summoner-9330908,283,Positive Juves,Diamond 1,86,119,,399,396
283,summoner-460937,284,Deztend,Diamond 1,84,103,,256,231
284,summoner-234403,285,THE SMORC BEAR,Diamond 1,84,64,,128,110
285,summoner-11260152,286,Phosphophylite,Diamond 1,84,48,,102,86
286,summoner-343682,287,Peasy,Diamond 1,80,121,,252,243
287,summoner-299452,288,Mikazuki,Diamond 1,78,72,,104,92
288,summoner-336476,289,Tommy 2000,Diamond 1,77,61,,77,68
289,summoner-482979,290,bombboy,Diamond 1,77,47,,36,27
290,summoner-314888,291,JellyCub,Diamond 1,76,75,,267,267
291,summoner-3171338,292,weixin2285407603,Diamond 1,76,60,,171,163
292,summoner-479438,293,Falkner,Diamond 1,76,97,,128,123
293,summoner-820884,294,Mur1m,Diamond 1,75,97,,345,330
294,summoner-741594,295,Kickback69,Diamond 1,75,68,,287,227
295,summoner-775147,296,shui bu gou TuT,Diamond 1,75,112,,265,224
296,summoner-5171370,297,Hi I am Vince,Diamond 1,75,89,,213,196
297,summoner-233843,298,Dreamy Donut,Diamond 1,75,59,,211,183
298,summoner-1343871,299,POSSYM,Diamond 1,75,74,,210,182
299,summoner-492773,300,stop torture me,Diamond 1,75,66,,192,155
300,summoner-501188,301,Jr Burgerz,Diamond 1,75,64,,189,155
301,summoner-2600474,302,gg ff,Diamond 1,75,60,,183,149
302,summoner-9920508,303,M4A11111,Diamond 1,75,85,,178,145
303,summoner-10451585,304,20 Mins in Q,Diamond 1,75,64,,164,160
304,summoner-5943935,305,Azure,Diamond 1,75,108,,158,136
305,summoner-300609,306,BladeWristed,Diamond 1,75,60,,152,125
306,summoner-232475,307,Boss McNuggets,Diamond 1,75,75,,143,121
307,summoner-11370128,308,Tijé,Diamond 1,75,49,,138,111
308,summoner-626793,309,feifeiAAAAAA,Diamond 1,75,67,,133,96
309,summoner-3162807,310,7425,Diamond 1,75,99,,130,111
310,summoner-5310901,311,kaios19231230221,Diamond 1,75,97,,129,109
311,summoner-455477,312,Hold You Tight,Diamond 1,75,59,,118,94
312,summoner-9050195,313,SKT,Diamond 1,75,76,,118,108
313,summoner-594237,314,Soulstrikes,Diamond 1,75,72,,117,111
314,summoner-1891528,315,Rank 1 MID,Diamond 1,75,45,,117,65
315,summoner-8430364,316,Yaelay,Diamond 1,75,47,,116,104
316,summoner-11941453,317,ecotoxic 4,Diamond 1,75,45,,112,85
317,summoner-12220760,318,Richard Soup,Diamond 1,75,43,,103,76
318,summoner-583483,319,Beaunivia,Diamond 1,75,74,,100,95
319,summoner-2351692,320,loveforever,Diamond 1,75,47,,99,60
320,summoner-8610762,321,clairo,Diamond 1,75,50,,89,72
321,summoner-3680308,322,Bma,Diamond 1,75,58,,88,82
322,summoner-636251,323,Swiffer,Diamond 1,75,57,,84,62
323,summoner-11131946,324,Once upon a time,Diamond 1,75,40,,83,56
324,summoner-9350340,325,Caithe,Diamond 1,75,49,,77,66
325,summoner-4880235,326,bub,Diamond 1,75,54,,73,63
326,summoner-664497,327,Zhengchao God,Diamond 1,75,51,,72,60
327,summoner-2171317,328,k1ng Cupcake,Diamond 1,75,40,,71,30
328,summoner-2572995,329,Cupcake k1ng,Diamond 1,75,42,,68,33
329,summoner-900249,330,Tôi Là Thiên,Diamond 1,75,43,,63,45
330,summoner-1374113,331,Rukira,Diamond 1,75,114,,53,42
331,summoner-1260354,332,LaJiWangZheCNXM,Diamond 1,74,147,,546,545
332,summoner-333625,333,Margaret Mahy,Diamond 1,74,127,,119,98
333,summoner-5380334,334,YasuoHawkNz,Diamond 1,74,71,,108,97
334,summoner-7390819,335,ryujinokewokurae,Diamond 1,73,52,,114,101
335,summoner-10550824,336,Armless Autism,Diamond 1,72,61,,183,138
336,summoner-940870,337,poopi,Diamond 1,72,48,,43,23
337,summoner-307081,338,BlueHawkNz,Diamond 1,71,49,,51,42
338,summoner-3490137,339,brekfast,Diamond 1,69,95,,336,334
339,summoner-3553855,340,Shiloh,Diamond 1,69,134,,274,267
340,summoner-553896,341,Evilhag,Diamond 1,69,68,,44,39
341,summoner-283916,342,ecotoxic,Diamond 1,68,84,,300,304
342,summoner-8440977,343,Kohta,Diamond 1,68,64,,119,108
343,summoner-448008,344,The Lee Sin,Diamond 1,68,66,,80,51
344,summoner-274320,345,Boosted Janna,Diamond 1,68,102,,75,71
345,summoner-224426,346,Ruinn,Diamond 1,67,76,,213,200
346,summoner-443126,347,Bahrewer,Diamond 1,67,114,,86,71
347,summoner-276609,348,ìcøn,Diamond 1,67,74,,76,75
348,summoner-510010,349,Kimchiii,Diamond 1,66,78,,161,137
349,summoner-584830,350,GZ HaiT,Diamond 1,64,62,,161,127
350,summoner-670511,351,Billythekidzz,Diamond 1,64,84,,132,123
351,summoner-774614,352,Love Mosquito,Diamond 1,64,88,,112,97
352,summoner-443775,353,RAISE UR DONGERZ,Diamond 1,64,43,,48,34
353,summoner-11250976,354,KR DOPA,Diamond 1,63,54,,111,71
354,summoner-9970922,355,Redemptionˉ,Diamond 1,63,47,,60,57
355,summoner-434399,356,Whimstaff,Diamond 1,62,49,,64,59
356,summoner-9840127,357,dailianjiahaoyou,Diamond 1,61,59,,219,200
357,summoner-222980,358,Z OMEGALUL E,Diamond 1,61,55,,127,106
358,summoner-406482,359,BADDiE,Diamond 1,61,70,,120,106
359,summoner-501165,360,i looove aram,Diamond 1,61,65,,55,45
360,summoner-234079,361,Top Lane Virgin,Diamond 1,59,47,,94,87
361,summoner-6362083,362,d0t4nat0r,Diamond 1,58,161,,179,166
362,summoner-326444,363,Huey Dewey Louie,Diamond 1,57,144,,481,465
363,summoner-11060162,364,M1d hu,Diamond 1,57,74,,154,140
364,summoner-891628,365,Ready321GO,Diamond 1,55,79,,232,227
365,summoner-436171,366,im LHao,Diamond 1,53,90,,274,243
366,summoner-288782,367,lil splash,Diamond 1,53,81,,213,209
367,summoner-771385,368,Back To November,Diamond 1,53,76,,153,127
368,summoner-2431627,369,Blacksey,Diamond 1,53,107,,111,89
369,summoner-11065193,370,Prey Seeker,Diamond 1,53,48,,40,25
370,summoner-9030151,371,baxixiaoniu,Diamond 1,52,95,,419,406
371,summoner-238330,372,Koods,Diamond 1,50,122,,472,466
372,summoner-10970417,373,Felinnothair,Diamond 1,50,87,,399,362
373,summoner-6420316,374,4uu,Diamond 1,50,165,,215,167
374,summoner-794192,375,Skyscorcher,Diamond 1,50,95,,184,168
375,summoner-277464,376,Kpooop,Diamond 1,50,73,,165,158
376,summoner-454805,377,RNG      MR E N,Diamond 1,50,55,,158,104
377,summoner-491243,378,DeathSphere22,Diamond 1,50,70,,156,144
378,summoner-3020293,379,WeWantPeace,Diamond 1,50,74,,118,77
379,summoner-2523280,380,P 18 15 16 8,Diamond 1,50,45,,106,79
380,summoner-10110125,381,Ding Hao Tian,Diamond 1,50,59,,79,44
381,summoner-335113,382,lilaznrat,Diamond 1,50,69,,69,56
382,summoner-723286,383,Kiitty,Diamond 1,49,68,,87,87
383,summoner-11224170,384,TwitchTVLronwoif,Diamond 1,48,66,,194,160
384,summoner-221510,385,JuvesMuntedNose,Diamond 1,48,44,,75,64
385,summoner-11252383,386,Lolista,Diamond 1,47,56,,166,112
386,summoner-582861,387,ShuHaiBuRongYi,Diamond 1,47,51,,71,60
387,summoner-901980,388,Dragku,Diamond 1,46,78,,252,240
388,summoner-890994,389,RBE BoBo,Diamond 1,46,70,,133,104
389,summoner-288335,390,Nirphana,Diamond 1,46,89,,82,69
390,summoner-402487,391,Baahrewer,Diamond 1,46,51,,74,53
391,summoner-227475,392,Mikes,Diamond 1,45,107,,188,165
392,summoner-1771810,393,Phos,Diamond 1,45,57,,101,65
393,summoner-2712951,394,EL Legendary,Diamond 1,43,52,,88,56
394,summoner-3680392,395,YukiistMe,Diamond 1,42,60,,120,88
395,summoner-11130130,396,LydiaeK,Diamond 1,41,100,,130,109
396,summoner-8720302,397,Black phoen1x,Diamond 1,41,47,,114,87
397,summoner-624642,398,123456978,Diamond 1,41,47,,82,78
398,summoner-1200380,399,Jaiya,Diamond 1,41,67,,69,43
399,summoner-7350836,400,DaDazhy,Diamond 1,40,73,,187,130
400,summoner-774275,401,Savannah,Diamond 1,40,85,,172,164
401,summoner-447401,402,Juhuakiller,Diamond 1,39,90,,241,232
402,summoner-1850129,403,aXeL0uS,Diamond 1,57,99,,304,282
403,summoner-630464,404,Xcuse Mee,Diamond 1,38,84,,150,150
404,summoner-393328,405,AuSNlPE,Diamond 1,38,56,,121,110
405,summoner-3560420,406,Kaaitsune,Diamond 1,35,77,,240,193
406,summoner-323773,407,Kedu715,Diamond 1,35,95,,205,204
407,summoner-330848,408,4y5tvb8,Diamond 1,35,62,,173,157
408,summoner-443860,409,zuowodemiao,Diamond 1,35,61,,120,106
409,summoner-890992,410,Khuong Pham,Diamond 1,35,85,,43,38
410,summoner-456283,411,j0hns0nBurger,Diamond 1,34,57,,43,35
411,summoner-354808,412,Warrior Turtle,Diamond 1,33,81,,175,140
412,summoner-339515,413,Sheng Sheng,Diamond 1,33,53,,160,100
413,summoner-236253,414,Hey You,Diamond 1,32,69,,181,149
414,summoner-934569,415,ShiftZ,Diamond 1,32,49,,113,54
415,summoner-2573886,416,Cyan Willow,Diamond 1,32,137,,68,65
416,summoner-824118,417,DaPiPi,Diamond 1,31,63,,70,69
417,summoner-703699,418,inx,Diamond 1,31,61,,61,53
418,summoner-312239,419,Philosophy,Diamond 1,30,110,,164,164
419,summoner-702613,420,Howard,Diamond 1,30,61,,128,111
420,summoner-229440,421,Enter Dreamland,Diamond 1,30,84,,107,101
421,summoner-4953082,422,Cute Ragdoll,Diamond 1,29,139,,244,222
422,summoner-370235,423,ziye,Diamond 1,29,59,,152,96
423,summoner-290213,424,Small Fish,Diamond 1,29,108,,133,107
424,summoner-454342,425,volkzz,Diamond 1,29,70,,121,112
425,summoner-235577,426,Reptox,Diamond 1,28,58,,121,112
426,summoner-314859,427,Biofrost,Diamond 1,26,129,,190,180
427,summoner-326064,428,Slayer,Diamond 1,25,83,,273,238
428,summoner-1530424,429,SCENAR1O,Diamond 1,25,56,,152,148
429,summoner-283402,430,Akeno,Diamond 1,25,97,,144,122
430,summoner-11350126,431,8th place top,Diamond 1,25,49,,130,109
431,summoner-324274,432,Kensen,Diamond 1,25,61,,108,85
432,summoner-314795,433,Grog Dog1,Diamond 1,25,44,,95,71
433,summoner-9800260,434,Irenaceus,Diamond 1,25,38,,70,34
434,summoner-285621,435,Framer,Diamond 1,23,79,,164,160
435,summoner-341477,436,WildPig,Diamond 1,23,94,,101,91
436,summoner-364454,437,Rage At LoL,Diamond 1,22,122,,207,173
437,summoner-11370138,438,Mrs Krabappel,Diamond 1,21,60,,184,184
438,summoner-484507,439,Cheph,Diamond 1,20,107,,365,368
439,summoner-498305,440,Todderk,Diamond 1,19,73,,201,188
440,summoner-354323,441,Merkatroid,Diamond 1,19,64,,71,54
441,summoner-555008,442,6AM 0two1,Diamond 1,19,58,,42,36
442,summoner-481142,443,April Ryan,Diamond 1,18,62,,226,186
443,summoner-4221919,444,TriHard 7,Diamond 1,17,55,,149,96
444,summoner-503773,445,NADA1001,Diamond 1,17,53,,102,93
445,summoner-9611699,446,good kid,Diamond 1,16,67,,177,177
446,summoner-7491130,447,zZJay,Diamond 1,16,90,,127,122
447,summoner-302224,448,Midås,Diamond 1,16,67,,44,34
448,summoner-431504,449,ianno,Diamond 1,15,91,,134,128
449,summoner-11840153,450,Japanerella,Diamond 1,13,50,,166,138
450,summoner-8081649,451,First Time Swain,Diamond 1,13,62,,155,112
451,summoner-332858,452,lokyun,Diamond 1,11,99,,209,200
452,summoner-700593,453,Twistar,Diamond 1,11,40,,53,39
453,summoner-10011928,454,DoochiWa,Diamond 1,10,63,,178,149
454,summoner-304479,455,gkez,Diamond 1,9,59,,154,129
455,summoner-300165,456,HNDRXX,Diamond 1,9,103,,35,27
456,summoner-470164,457,KennyHai,Diamond 1,7,66,,161,157
457,summoner-11160195,458,Kimchiii 2,Diamond 1,6,59,,151,97
458,summoner-9220132,459,glugluglu,Diamond 1,6,46,,52,41
459,summoner-9611538,460,bunni,Diamond 1,6,37,,30,8
460,summoner-557330,461,JHONG,Diamond 1,5,51,,121,111
461,summoner-304980,462,iChuckRice,Diamond 1,5,79,,90,90
462,summoner-1403425,463,KURT PERRY,Diamond 1,5,55,,83,76
463,summoner-409738,464,Valkia,Diamond 1,3,109,,223,210
464,summoner-970961,465,handyman94,Diamond 1,1,47,,84,70
465,summoner-707970,466,kmy,Diamond 1,1,41,,68,52
466,summoner-3930175,467,Eolant,Diamond 1,0,127,,471,436
467,summoner-643368,468,Young Stavros,Diamond 1,0,116,,328,319
468,summoner-406918,469,Mai Shiu,Diamond 1,0,117,,328,312
469,summoner-365399,470,No Fear,Diamond 1,0,114,,298,294
470,summoner-278492,471,LustMonkey,Diamond 1,0,86,,290,277
471,summoner-303120,472,Bite,Diamond 1,0,66,,277,244
472,summoner-4382883,473,Smoko Shed,Diamond 1,0,95,,244,235
473,summoner-402609,474,The Silent Voice,Diamond 1,0,78,,218,218
474,summoner-3444063,475,helloworld369,Diamond 1,0,75,,198,144
475,summoner-233072,476,Daddy Vincent,Diamond 1,0,71,,197,154
476,summoner-590760,477,Han Guk In Ruski,Diamond 1,0,85,,179,151
477,summoner-489065,478,Mpowered,Diamond 1,0,116,,159,136
478,summoner-11171162,479,98116,Diamond 1,0,53,,145,95
479,summoner-221999,480,Yatsume,Diamond 1,0,88,,143,139
480,summoner-457463,481,dean,Diamond 1,0,80,,140,125
481,summoner-11430174,482,Forsaken Dream,Diamond 1,0,55,,134,124
482,summoner-277256,483,Thydah,Diamond 1,0,73,,112,114
483,summoner-672019,484,ryalia,Diamond 1,0,45,,96,89
484,summoner-324564,485,Submissive Trap,Diamond 1,0,78,,91,81
485,summoner-314889,486,zorenous,Diamond 1,0,75,,85,74
486,summoner-630568,487,Crazy Giraffe,Diamond 1,0,51,,80,81
487,summoner-497415,488,boboxD,Diamond 1,0,91,,75,52
488,summoner-276620,489,Hyperzoz,Diamond 1,0,62,,71,61
489,summoner-323306,490,JJ27CM,Diamond 1,0,52,,65,46
490,summoner-4802235,491,MyPetMonkey,Diamond 1,0,62,,63,61
491,summoner-1872199,492,Arashi,Diamond 1,0,78,,59,49
492,summoner-5502181,493,9420,Diamond 1,0,41,,46,14
493,summoner-11580566,494,sooobinms,Diamond 1,0,40,,45,14
494,summoner-11076305,495,yeolahop,Diamond 1,0,41,,43,18
495,summoner-7940303,496,kai0s,Diamond 1,0,46,,39,26
496,summoner-743224,497,225,Diamond 2,100,133,,283,256
497,summoner-399946,498,Debatable Plays,Diamond 2,100,94,,266,224
498,summoner-3481025,499,a friendly noob,Diamond 2,100,73,,150,138
499,summoner-495039,500,ARAMers suck,Diamond 2,100,94,,142,126
500,summoner-296114,501,KayHuynh,Diamond 2,100,72,,133,119
501,summoner-397500,502,SKT T1 Uzi,Diamond 2,100,58,,108,62
502,summoner-2330180,503,NewTronix,Diamond 2,100,64,,100,94
503,summoner-404739,504,Abby Ma,Diamond 2,94,116,,281,264
504,summoner-554066,505,kalroc,Diamond 2,94,93,,68,58
505,summoner-11280145,506,AFs Kiin,Diamond 2,93,46,,79,51
506,summoner-286698,507,Ability,Diamond 2,92,63,,92,88
507,summoner-227375,508,GreatEngrish,Diamond 2,92,90,,78,66
508,summoner-577732,509,Bose,Diamond 2,90,99,,292,289
509,summoner-222739,510,Mechanical Kyle,Diamond 2,90,68,,94,86
510,summoner-2181036,511,Fluous,Diamond 2,89,47,,78,72
511,summoner-11840344,512,QaQ08,Diamond 2,86,44,,106,83
512,summoner-1980384,513,Nausicaä,Diamond 2,84,100,,91,89
513,summoner-2060238,514,Soy Xixi,Diamond 2,84,49,,81,49
514,summoner-6220301,515,Mokamoka,Diamond 2,83,69,,241,224
515,summoner-2132627,516,OwO OuO OvO,Diamond 2,81,65,,107,96
516,summoner-356193,517,BlG Picture,Diamond 2,81,76,,76,74
517,summoner-11360133,518,YeahNahYeahMaybe,Diamond 2,78,43,,71,62
518,summoner-3831740,519,Bubberduck,Diamond 2,77,71,,252,237
519,summoner-300358,520,Dissociation,Diamond 2,76,65,,178,165
520,summoner-714382,521,Jerey,Diamond 2,76,69,,165,157
521,summoner-1167193,522,Šipić,Diamond 2,75,95,,347,335
522,summoner-706325,523,Ecka,Diamond 2,75,100,,180,153
523,summoner-7110774,524,dmz4213,Diamond 2,75,75,,167,157
524,summoner-11202748,525,Pathetic Idiot,Diamond 2,75,51,,153,111
525,summoner-436716,526,Jimurenio,Diamond 2,75,96,,148,124
526,summoner-11971346,527,cønfusednimbIe,Diamond 2,75,47,,131,92
527,summoner-11211553,528,BrunonLnDq,Diamond 2,75,49,,124,85
528,summoner-11061200,529,ecotoxic 3,Diamond 2,75,73,,120,90
529,summoner-11350134,530,ITN k1ng,Diamond 2,75,48,,119,88
530,summoner-302863,531,IG The shy ovo,Diamond 2,75,77,,118,108
531,summoner-10191722,532,ecotoxic 2,Diamond 2,75,45,,107,81
532,summoner-1061196,533,kayoko,Diamond 2,75,63,,105,84
533,summoner-6630790,534,jyj,Diamond 2,75,58,,102,104
534,summoner-749364,535,monster hunter,Diamond 2,75,51,,88,83
535,summoner-448971,536,Eva,Diamond 2,75,66,,59,69
536,summoner-278179,537,ozo1329,Diamond 2,75,99,,58,48
537,summoner-721676,538,J0hns0n,Diamond 2,75,36,,39,29
538,summoner-4390704,539,duckly,Diamond 2,74,90,,207,198
539,summoner-235604,540,Brush Fun,Diamond 2,74,72,,105,96
540,summoner-744879,541,Tinysmish,Diamond 2,73,63,,51,40
541,summoner-9981331,542,NoIIXigbar,Diamond 2,71,54,,37,26
542,summoner-2741810,543,4 H e a d K i d,Diamond 2,70,79,,150,92
543,summoner-1500529,544,Mumps,Diamond 2,69,79,,110,109
544,summoner-589351,545,Ronni,Diamond 2,68,52,,116,105
545,summoner-1110899,546,Cizza AU,Diamond 2,67,92,,150,131
546,summoner-2481615,547,aznchungy,Diamond 2,66,105,,415,419
547,summoner-8150153,548,EGOIST Dough,Diamond 2,65,112,,426,361
548,summoner-483618,549,SuperSkitzzo,Diamond 2,63,160,,710,708
549,summoner-331036,550,Magic Mike,Diamond 2,63,92,,203,182
550,summoner-349960,551,NorthFace,Diamond 2,63,121,,156,135
551,summoner-1721171,552,Kewlie,Diamond 2,63,63,,89,68
552,summoner-1440400,553,unstable ping,Diamond 2,63,54,,76,69
553,summoner-11340135,554,Bjork not Bjerg,Diamond 2,62,44,,109,74
554,summoner-4462034,555,Uzi Fanboy,Diamond 2,60,69,,185,151
555,summoner-2560269,556,Omni v2,Diamond 2,60,74,,146,145
556,summoner-478373,557,Homeless Leaf,Diamond 2,60,71,,108,98
557,summoner-568646,558,hyejoo,Diamond 2,59,70,,82,62
558,summoner-11780837,559,oce Thanoš,Diamond 2,58,52,,139,106
559,summoner-10881536,560,Lillo,Diamond 2,58,102,,83,62
560,summoner-6251921,561,FreshStartJason,Diamond 2,57,57,,214,177
561,summoner-483296,562,DW Rippii,Diamond 2,57,53,,147,109
562,summoner-294150,563,Jopan,Diamond 2,56,61,,46,41
563,summoner-221555,564,im tilting,Diamond 2,55,80,,114,116
564,summoner-8210805,565,Kpop,Diamond 2,54,110,,145,143
565,summoner-6231287,566,LLocky,Diamond 2,53,68,,136,101
566,summoner-280418,567,Coopos,Diamond 2,52,108,,139,125
567,summoner-7981097,568,Ame seule,Diamond 2,52,95,,67,63
568,summoner-860500,569,Billythekidzz 2,Diamond 2,52,45,,42,32
569,summoner-620418,570,LaughingManES,Diamond 2,51,73,,182,172
570,summoner-701278,571,Çalcifer,Diamond 2,48,80,,161,122
571,summoner-6672121,572,Archie,Diamond 2,47,105,,205,202
572,summoner-7361244,573,Watch Anime pls,Diamond 2,47,37,,43,33
573,summoner-397704,574,risktaker,Diamond 2,44,76,,195,194
574,summoner-1440227,575,Squidgy Boy,Diamond 2,44,77,,110,110
575,summoner-3262016,576,kind jungler,Diamond 2,44,46,,98,91
576,summoner-306624,577,Donggy,Diamond 2,44,56,,45,29
577,summoner-1811697,578,Ragdol1,Diamond 2,43,68,,175,161
578,summoner-774086,579,Garlic Sauce,Diamond 2,43,48,,120,91
579,summoner-903644,580,nooseboy,Diamond 2,43,106,,35,17
580,summoner-554055,581,Bulzy,Diamond 2,42,49,,148,133
581,summoner-480048,582,Wreck It Rhune,Diamond 2,42,94,,118,122
582,summoner-231170,583,Lex Luthor,Diamond 2,41,96,,181,177
583,summoner-233511,584,cruncheycake,Diamond 2,41,111,,79,69
584,summoner-11121416,585,Cheph 2,Diamond 2,40,44,,111,70
585,summoner-440787,586,Silk,Diamond 2,39,60,,157,141
586,summoner-581032,587,Káne,Diamond 2,38,133,,198,206
587,summoner-639823,588,Quinonos,Diamond 2,38,84,,113,112
588,summoner-7860178,589,tbman,Diamond 2,38,46,,79,74
589,summoner-3680635,590,Shirø,Diamond 2,38,143,,69,66
590,summoner-284240,591,iBanished,Diamond 2,36,116,,182,160
591,summoner-449100,592,Fervour,Diamond 2,36,108,,91,92
592,summoner-364702,593,Pulsefire Teemo,Diamond 2,36,71,,55,37
593,summoner-371174,594,Bardo,Diamond 2,35,95,,216,210
594,summoner-4530610,595,liansuck,Diamond 2,34,76,,127,123
595,summoner-4461045,596,I Am Rengar,Diamond 2,34,108,,121,111
596,summoner-4480984,597,dzy,Diamond 2,33,71,,267,274
597,summoner-4130305,598,Mörty,Diamond 2,33,103,,266,263
598,summoner-4301382,599,Dr Halo,Diamond 2,33,81,,77,52
599,summoner-302759,600,Rye,Diamond 2,32,111,,458,447
600,summoner-392492,601,GZ Hyper,Diamond 2,13,75,,127,123
601,summoner-11065408,602,DaGui,Diamond 2,31,119,,403,352
602,summoner-7460332,603,ThroneV,Diamond 2,31,110,,401,350
603,summoner-302859,604,Fndrr22dxd,Diamond 2,31,65,,163,159
604,summoner-5141556,605,LOA Fuki,Diamond 2,31,53,,136,125
605,summoner-8690146,606,Cères,Diamond 2,31,73,,83,89
606,summoner-8810339,607,PurpleLama,Diamond 2,30,49,,104,80
607,summoner-566367,608,Stop Trolling Me,Diamond 2,29,130,,312,293
608,summoner-7000424,609,rice1,Diamond 2,29,43,,65,54
609,summoner-320598,610,PowPowPanda,Diamond 2,29,59,,64,69
610,summoner-11750154,611,Bdo1nk,Diamond 2,29,37,,62,30
611,summoner-3980651,612,Morpice121,Diamond 2,29,121,,60,43
612,summoner-451342,613,Clovus,Diamond 2,26,83,,125,128
613,summoner-3710427,614,NinjaLegend1,Diamond 2,25,61,,148,136
614,summoner-4802282,615,Uchîha Obito,Diamond 2,25,59,,135,110
615,summoner-461490,616,First Mate,Diamond 2,25,74,,132,111
616,summoner-841698,617,ecotoxic 1,Diamond 2,25,54,,132,117
617,summoner-9690912,618,Destromath,Diamond 2,25,46,,81,78
618,summoner-275308,619,Impaired,Diamond 2,25,75,,67,49
619,summoner-2920134,620,ThePirateBae,Diamond 2,25,70,,48,39
620,summoner-399563,621,Kevskin,Diamond 2,25,83,,33,23
621,summoner-233822,622,Mcbobba,Diamond 2,23,159,,239,216
622,summoner-11390379,623,SøfM,Diamond 2,23,43,,100,68
623,summoner-325800,624,MeepBalls,Diamond 2,21,72,,52,47
624,summoner-5945344,625,Buck Shots,Diamond 2,20,42,,43,35
625,summoner-6841129,626,PumaS,Diamond 2,19,63,,175,170
626,summoner-1574708,627,Donzac101,Diamond 2,19,52,,65,51
627,summoner-581491,628,Riggered,Diamond 2,18,85,,176,147
628,summoner-369823,629,Boa Hancöck,Diamond 2,18,152,,133,100
629,summoner-973756,630,tgunAU,Diamond 2,18,53,,127,127
630,summoner-3052095,631,Defenestrate,Diamond 2,18,73,,123,120
631,summoner-3642620,632,Damage Bot,Diamond 2,18,49,,120,110
632,summoner-447687,633,Grisha,Diamond 2,17,86,,258,248
633,summoner-11085230,634,ililiiiillliil,Diamond 2,17,81,,188,191
634,summoner-1883783,635,God Of LP,Diamond 2,16,110,,348,351
635,summoner-566468,636,Kpoop,Diamond 2,16,81,,224,194
636,summoner-742576,637,Zagnoids,Diamond 2,16,83,,175,142
637,summoner-291753,638,Moon,Diamond 2,16,114,,65,66
638,summoner-11080766,639,eris,Diamond 2,15,60,,129,101
639,summoner-226673,640,Air,Diamond 2,15,117,,101,98
640,summoner-1471865,641,Bear,Diamond 2,15,71,,83,80
641,summoner-2550310,642,Yuuk1 Asuna,Diamond 2,12,84,,204,191
642,summoner-479671,643,Bozos,Diamond 2,11,67,,120,120
643,summoner-5894360,644,DJChonz,Diamond 2,10,83,,364,337
644,summoner-670210,645,1osing,Diamond 2,9,99,,150,109
645,summoner-632043,646,GuyMadeOfFire,Diamond 2,8,39,,49,35
646,summoner-953810,647,Kayn and Abel,Diamond 2,7,58,,78,72
647,summoner-638946,648,Qiunibieshelimia,Diamond 2,6,77,,147,138
648,summoner-578126,649,Anubis,Diamond 3,75,94,,211,187
649,summoner-2990640,650,Syouran,Diamond 2,4,71,,141,140
650,summoner-369867,651,Doom of bot,Diamond 2,4,48,,120,116
651,summoner-3163035,652,Ritogaming,Diamond 2,4,57,,107,106
652,summoner-522209,653,Stressful,Diamond 2,3,132,,134,120
653,summoner-281754,654,Diamond 5,Diamond 2,2,102,,252,250
654,summoner-7821699,655,sad girl,Diamond 2,2,117,,190,158
655,summoner-10141151,656,M1dbeast,Diamond 2,2,61,,120,128
656,summoner-355403,657,LOLlolololwwwffw,Diamond 2,2,51,,102,95
657,summoner-4061072,658,why live,Diamond 2,1,64,,109,110
658,summoner-587995,659,Urie,Diamond 2,1,102,,65,54
659,summoner-11252354,660,IsaacwF,Diamond 2,0,79,,346,310
660,summoner-9420230,661,Fourth rate AD,Diamond 2,0,88,,297,282
661,summoner-1501524,662,Homeless,Diamond 2,0,77,,250,210
662,summoner-228708,663,Aragaki Yuii,Diamond 2,0,87,,223,198
663,summoner-634788,664,Kevin S Le,Diamond 2,0,118,,206,203
664,summoner-7761629,665,Fállen,Diamond 2,0,84,,202,211
665,summoner-600149,666,Vísionary,Diamond 2,0,86,,198,198
666,summoner-406857,667,it gets better,Diamond 2,0,54,,175,117
667,summoner-710702,668,jihero,Diamond 2,0,60,,168,159
668,summoner-301652,669,Koua,Diamond 2,0,80,,130,129
669,summoner-11045070,670,iWordsworth,Diamond 2,0,71,,129,114
670,summoner-11990152,671,asGood as YaoBai,Diamond 2,23,56,,129,65
671,summoner-460303,672,Alani,Diamond 2,0,133,,121,118
672,summoner-283096,673,Hani is bae,Diamond 2,0,90,,117,107
673,summoner-6010140,674,CN Moon,Diamond 2,0,98,,112,93
674,summoner-1171135,675,MyNameIsAction I,Diamond 2,0,58,,105,90
675,summoner-2593688,676,Xion XIV,Diamond 2,0,62,,104,103
676,summoner-431019,677,Cavs in 2018 lUl,Diamond 2,0,77,,103,101
677,summoner-565066,678,MeShelly,Diamond 2,0,86,,95,77
678,summoner-351975,679,Shadow of Time,Diamond 2,0,85,,92,79
679,summoner-8390585,680,SM motherfkn D,Diamond 2,0,57,,90,106
680,summoner-12061866,681,1234hitdinosuar,Diamond 2,0,40,,78,50
681,summoner-316325,682,Canberra Santa,Diamond 2,0,48,,70,58
682,summoner-10360133,683,Lose for Improve,Diamond 2,0,45,,65,51
683,summoner-11930493,684,22 06 2004,Diamond 2,0,39,,62,40
684,summoner-398138,685,PMA Kirby,Diamond 2,0,91,,60,61
685,summoner-475949,686,Happy Lion,Diamond 2,0,100,,56,49
686,summoner-8752009,687,4lways,Diamond 2,0,81,,50,19
687,summoner-220270,688,lmperium,Diamond 2,0,52,,41,28
688,summoner-511987,689,Kaø,Diamond 2,0,116,,35,22
689,summoner-6141799,690,ShØut,Diamond 3,100,68,,223,190
690,summoner-466163,691,ARAM Warrior,Diamond 3,100,82,,212,196
691,summoner-278675,692,Jiae,Diamond 3,100,82,,156,125
692,summoner-3871268,693,kimuchiyo,Diamond 3,100,65,,106,63
693,summoner-298603,694,Zachary zzz,Diamond 3,98,57,,83,67
694,summoner-1092892,695,NoxusMight,Diamond 3,96,86,,29,11
695,summoner-7200702,696,Valor use fly,Diamond 3,94,42,,60,32
696,summoner-7851650,697,DaSticksOnTwitch,Diamond 3,93,72,,124,118
697,summoner-6820866,698,KHSOL,Diamond 3,92,80,,180,181
698,summoner-280651,699,KingJamesMike,Diamond 3,90,67,,140,139
699,summoner-324187,700,vveigang,Diamond 3,68,69,,267,263
700,summoner-314483,701,potato9,Diamond 3,86,68,,109,101
701,summoner-10071546,702,blanchesophh,Diamond 3,85,71,,42,39
702,summoner-272664,703,hajun,Diamond 3,83,77,,118,88
703,summoner-3322092,704,02 02 1998,Diamond 3,82,82,,229,195
704,summoner-2592134,705,Kali Uchis,Diamond 3,82,81,,112,111
705,summoner-10140185,706,LC Focus,Diamond 3,81,92,,201,197
706,summoner-630037,707,Enticement,Diamond 3,81,95,,83,66
707,summoner-1394171,708,GoogleMaps,Diamond 3,77,101,,204,198
708,summoner-6101678,709,M416666,Diamond 3,77,58,,93,84
709,summoner-561444,710,AHumanBean,Diamond 3,76,59,,139,127
710,summoner-479364,711,01 10 1998,Diamond 3,75,98,,526,507
711,summoner-4791512,712,DW WhiteLotus,Diamond 3,75,151,,517,530
712,summoner-8071238,713,FZASY,Diamond 3,75,124,,324,309
713,summoner-280030,714,Derpsmagee,Diamond 3,75,119,,280,289
714,summoner-8971470,715,trans girl,Diamond 3,75,104,,264,273
715,summoner-578126,716,Anubis,Diamond 3,75,94,,211,187
716,summoner-10550212,717,Tilt King,Diamond 3,75,87,,208,189
717,summoner-285605,718,Hindered Raven,Diamond 3,75,95,,179,163
718,summoner-332723,719,Crucix,Diamond 3,75,76,,169,155
719,summoner-3480668,720,Megalomaniac,Diamond 3,75,79,,151,128
720,summoner-11142189,721,Lil Kush,Diamond 3,75,87,,143,135
721,summoner-7820502,722,yo whats good,Diamond 3,75,49,,128,93
722,summoner-5781549,723,callmere,Diamond 3,75,46,,102,64
723,summoner-6840379,724,Bdoink,Diamond 3,75,55,,94,80
724,summoner-466794,725,L8S,Diamond 3,75,56,,89,75
725,summoner-530695,726,kkmok,Diamond 3,75,61,,76,68
726,summoner-1332520,727,3uphonium,Diamond 3,75,67,,71,58
727,summoner-432479,728,hi im rain,Diamond 3,75,37,,47,29
728,summoner-449742,729,NIGHTS,Diamond 3,74,83,,170,169
729,summoner-491427,730,Shizukesa,Diamond 3,73,92,,238,232
730,summoner-960978,731,RedIce,Diamond 3,72,82,,308,307
731,summoner-270385,732,Jab Right Hook,Diamond 3,72,83,,142,76
732,summoner-694658,733,handsome indian,Diamond 3,72,61,,84,75
733,summoner-8611591,734,Nightbringer,Diamond 3,72,36,,36,24
734,summoner-11241106,735,mLbQHenry,Diamond 3,71,70,,243,204
735,summoner-11222878,736,Kerrioneadys,Diamond 3,71,42,,80,53
736,summoner-573069,737,minhcam123456789,Diamond 3,70,80,,119,105
737,summoner-2281882,738,didsum1saytacos,Diamond 3,70,49,,30,19
738,summoner-9210188,739,ZAG Able,Diamond 3,69,92,,182,177
739,summoner-324187,740,vveigang,Diamond 3,68,69,,267,263
740,summoner-4440747,741,Brother Hai,Diamond 3,68,77,,126,131
741,summoner-320443,742,RaidBoss Ovenhat,Diamond 3,68,85,,101,79
742,summoner-276529,743,Didnt ask,Diamond 3,68,125,,95,94
743,summoner-5904252,744,RIP swain,Diamond 3,67,63,,143,117
744,summoner-291689,745,kantos17,Diamond 3,67,106,,114,98
745,summoner-285635,746,MaiI,Diamond 3,67,120,,110,79
746,summoner-290499,747,PizzaRita,Diamond 3,67,81,,96,76
747,summoner-3882367,748,Amitle,Diamond 3,67,66,,59,59
748,summoner-5041374,749,hi im floki,Diamond 3,66,92,,234,213
749,summoner-6660713,750,Skull07,Diamond 3,66,96,,199,178
750,summoner-479941,751,xXAbusiveNanaXx,Diamond 3,66,57,,82,67
751,summoner-360988,752,Noon Gang,Diamond 3,64,69,,120,108
752,summoner-639778,753,JohnnyBoyy,Diamond 3,63,71,,112,87
753,summoner-320586,754,boy x,Diamond 3,62,84,,189,185
754,summoner-290358,755,Waffle Jr,Diamond 3,62,116,,119,111
755,summoner-4292193,756,Elliot Helm,Diamond 3,62,40,,56,46
756,summoner-2952222,757,Holy Street,Diamond 3,61,81,,147,143
757,summoner-332240,758,Semirhage,Diamond 3,61,63,,143,120
758,summoner-6790124,759,eternity lullaby,Diamond 3,60,64,,137,120
759,summoner-296408,760,GodKingLordGaren,Diamond 3,59,110,,157,139
760,summoner-469676,761,Trooper7,Diamond 3,59,42,,104,66
761,summoner-10891227,762,Barbiturate Bob,Diamond 3,58,100,,317,277
762,summoner-351374,763,L1 Yuxuan,Diamond 3,58,118,,311,304
763,summoner-812715,764,Mr Cute HR,Diamond 3,58,52,,154,124
764,summoner-221335,765,Godco,Diamond 3,58,73,,125,88
765,summoner-229564,766,Xiphos,Diamond 3,58,60,,49,37
766,summoner-9720874,767,bani,Diamond 3,57,94,,340,340
767,summoner-361306,768,Facade,Diamond 3,57,108,,318,319
768,summoner-1720492,769,whynotbefriends,Diamond 3,57,108,,259,234
769,summoner-9420387,770,Harm,Diamond 3,56,73,,140,112
770,summoner-3071107,771,Scuftz,Diamond 3,56,102,,125,112
771,summoner-1201161,772,bigbadnigs,Diamond 3,55,57,,132,122
772,summoner-234955,773,Zyran,Diamond 3,55,125,,35,31
773,summoner-585398,774,Jimbo Mon,Diamond 3,54,76,,270,252
774,summoner-322373,775,NoIXemnas,Diamond 3,54,68,,51,40
775,summoner-9050223,776,20I7 07 07,Diamond 3,52,56,,88,81
776,summoner-11171178,777,Ordolfur,Diamond 3,52,46,,60,41
777,summoner-11442161,778,o noo,Diamond 3,52,38,,47,16
778,summoner-6451124,779,K             98,Diamond 3,51,81,,244,212
779,summoner-368336,780,qop,Diamond 3,51,48,,82,60
780,summoner-471649,781,Ara,Diamond 3,50,62,,212,190
781,summoner-10441803,782,api,Diamond 3,49,49,,37,33
782,summoner-333672,783,Johannes,Diamond 3,48,91,,126,121
783,summoner-296712,784,Nosreme,Diamond 3,48,45,,74,40
784,summoner-11800184,785,Pink Eleph4nt,Diamond 3,47,86,,322,278
785,summoner-5281670,786,Zhiend,Diamond 3,47,67,,182,177
786,summoner-397315,787,Fu Tou de baba,Diamond 3,46,84,,185,177
787,summoner-452854,788,BoyWithFutou,Diamond 3,46,70,,161,149
788,summoner-8110225,789,KKona,Diamond 3,46,50,,93,88
789,summoner-11941661,790,642962,Diamond 3,45,59,,233,194
790,summoner-551283,791,SF 1 and 13,Diamond 3,43,82,,335,329
791,summoner-8010504,792,handsome zhe,Diamond 3,43,54,,165,137
792,summoner-4430246,793,TriXtEx,Diamond 3,42,79,,313,301
793,summoner-345886,794,JigglyButt,Diamond 3,42,62,,82,63
794,summoner-11500284,795,NewbeePlayer,Diamond 3,41,46,,108,69
795,summoner-12020515,796,rekkles122122111,Diamond 3,41,40,,78,57
796,summoner-285324,797,Yuqi is bae,Diamond 3,41,89,,75,72
797,summoner-284670,798,Kebun,Diamond 3,39,124,,386,353
798,summoner-234227,799,Homunculus,Diamond 3,39,75,,108,86
799,summoner-290786,800,Patruck,Diamond 3,39,97,,57,36
800,summoner-290786,801,Patruck,Diamond 3,39,97,,57,36
801,summoner-497679,802,Bill,Diamond 3,38,90,,245,226
802,summoner-603634,803,L1l Pump Boi,Diamond 3,38,142,,188,181
803,summoner-12000177,804,Jib4,Diamond 3,38,71,,177,141
804,summoner-10171740,805,Suexa,Diamond 3,38,44,,62,28
805,summoner-8610951,806,Ch4zz,Diamond 3,38,41,,62,28
806,summoner-225037,807,Afince,Diamond 3,38,89,,28,13
807,summoner-823469,808,Merzy,Diamond 3,37,52,,119,83
808,summoner-238860,809,frog arms,Diamond 3,37,123,,39,41
809,summoner-281075,810,SMD Yasindu,Diamond 3,36,117,,174,158
810,summoner-8770178,811,Kelvinotoe,Diamond 3,36,95,,147,146
811,summoner-569939,812,skyhao123,Diamond 3,36,64,,145,121
812,summoner-7150141,813,Varaxo,Diamond 3,36,84,,95,107
813,summoner-5551046,814,LGC minkywhale,Diamond 3,35,68,,260,235
814,summoner-746241,815,Marriage,Diamond 3,35,151,,235,211
815,summoner-5900441,816,768 Tizzy T,Diamond 3,35,58,,100,95
816,summoner-369278,817,Pia Pia Piu c,Diamond 3,35,57,,96,57
817,summoner-5760578,818,LCD DK,Diamond 3,34,104,,253,224
818,summoner-628060,819,K1LD3Rn3S5,Diamond 3,33,97,,149,143
819,summoner-726540,820,Blue Cat,Diamond 3,33,69,,47,48
820,summoner-4861103,821,1998 12 19,Diamond 3,32,85,,324,286
821,summoner-1350309,822,TheMightyFruit,Diamond 3,32,92,,301,267
822,summoner-12050439,823,aries zero,Diamond 3,32,36,,48,23
823,summoner-714034,824,Ton Chan,Diamond 3,31,124,,291,275
824,summoner-459047,825,FÖCÜS,Diamond 3,31,89,,277,264
825,summoner-305787,826,Marshmallows,Diamond 3,31,74,,32,21
826,summoner-8462161,827,LongShorts,Diamond 3,30,101,,133,117
827,summoner-791847,828,Lıam,Diamond 3,30,57,,76,65
828,summoner-747386,829,QiENimrod,Diamond 3,29,127,,392,374
829,summoner-742684,830,FOOLS,Diamond 3,28,76,,122,116
830,summoner-280394,831,Say Yes,Diamond 3,27,96,,334,323
831,summoner-10071222,832,Rlng,Diamond 3,26,79,,229,194
832,summoner-453513,833,Ronnald,Diamond 3,26,94,,208,192
833,summoner-872383,834,Lived,Diamond 3,26,92,,186,181
834,summoner-288237,835,Öhm,Diamond 3,25,71,,231,219
835,summoner-3663235,836,El Jannah Garlic,Diamond 3,25,62,,142,137
836,summoner-5895606,837,LoMejorDeLoMejor,Diamond 3,25,63,,97,87
837,summoner-773359,838,Rooftop Dreams,Diamond 3,25,78,,88,65
838,summoner-304475,839,Daddy Daegyu,Diamond 3,25,69,,86,82
839,summoner-9240178,840,floppyfish278,Diamond 3,25,42,,85,22
840,summoner-405015,841,Vaporeon,Diamond 3,25,41,,58,44
841,summoner-9001697,842,op dot gg review,Diamond 3,25,42,,53,47
842,summoner-636352,843,Åkanø,Diamond 3,25,43,,50,47
843,summoner-11340322,844,Just Believe Zll,Diamond 3,24,93,,186,165
844,summoner-369623,845,Chingster Ming,Diamond 3,24,98,,49,33
845,summoner-235806,846,Dom,Diamond 3,24,56,,24,15
846,summoner-229272,847,AHYSI,Diamond 3,23,127,,346,347
847,summoner-503122,848,Volibear Bot2,Diamond 3,23,60,,198,160
848,summoner-590641,849,I Dont Wanna Win,Diamond 3,23,54,,120,113
849,summoner-11970347,850,1 Love,Diamond 3,23,43,,91,60
850,summoner-3012162,851,Eels,Diamond 3,23,121,,41,31
851,summoner-337521,852,Remise,Diamond 3,6,165,,624,617
852,summoner-630149,853,Pulleft,Diamond 3,22,142,,590,604
853,summoner-1772162,854,Diamond Ero,Diamond 3,22,59,,205,171
854,summoner-3053143,855,Imperceivable,Diamond 3,22,51,,156,118
855,summoner-235171,856,Reimú,Diamond 3,22,108,,37,24
856,summoner-509425,857,Yuzuke,Diamond 3,21,91,,115,90
857,summoner-600361,858,MT Void,Diamond 3,21,55,,108,103
858,summoner-466220,859,Rex602,Diamond 3,20,121,,258,241
859,summoner-6570534,860,Dale Denten,Diamond 3,20,82,,192,183
860,summoner-635952,861,Tengar,Diamond 3,20,97,,180,186
861,summoner-445658,862,Zeo,Diamond 3,20,104,,167,159
862,summoner-2262034,863,Main Top,Diamond 3,20,79,,138,117
863,summoner-399347,864,Plagué,Diamond 3,20,55,,128,125
864,summoner-226325,865,Charmander AU,Diamond 3,20,43,,104,73
865,summoner-722764,866,FunkZillah,Diamond 3,20,94,,61,46
866,summoner-11871110,867,s1ckle,Diamond 3,19,72,,197,156
867,summoner-287335,868,chookn,Diamond 3,19,45,,114,68
868,summoner-443508,869,Boobs,Diamond 3,19,80,,108,100
869,summoner-7680165,870,ORD Lelouch,Diamond 3,19,66,,106,66
870,summoner-484258,871,Destiny98,Diamond 3,19,82,,104,86
871,summoner-404807,872,Liv,Diamond 3,19,46,,78,66
872,summoner-10280340,873,Leafeon,Diamond 3,19,41,,70,39
873,summoner-11080832,874,chaøs,Diamond 3,19,48,,42,30
874,summoner-430397,875,ElllaxX,Diamond 3,18,88,,341,351
875,summoner-223998,876,Woodsie,Diamond 3,18,85,,231,223
876,summoner-621278,877,Skrrrr,Diamond 3,18,72,,153,148
877,summoner-733562,878,Qúeef,Diamond 3,18,96,,144,123
878,summoner-6150835,879,Brontosaurus,Diamond 3,18,96,,101,84
879,summoner-6420294,880,MoonlitKaiser,Diamond 3,18,47,,93,68
880,summoner-479495,881,DeathByLlama,Diamond 3,18,89,,79,71
881,summoner-5902458,882,Larxene XII,Diamond 3,18,39,,69,37
882,summoner-275445,883,LAPD 911,Diamond 3,17,58,,90,79
883,summoner-5920510,884,Ch4chi,Diamond 3,17,107,,90,72
884,summoner-11160289,885,th0mas,Diamond 3,17,48,,80,52
885,summoner-322389,886,Mystiiez,Diamond 3,16,80,,172,146
886,summoner-352703,887,Khysoar,Diamond 3,16,57,,144,128
887,summoner-442911,888,Payton,Diamond 3,16,93,,74,77
888,summoner-6231646,889,xXRayXx,Diamond 3,15,80,,148,102
889,summoner-1760235,890,Jaycehandsome,Diamond 3,14,77,,203,211
890,summoner-1811821,891,JBreezy,Diamond 3,14,67,,203,193
891,summoner-463325,892,MeMoMoMa,Diamond 3,14,48,,97,88
892,summoner-232022,893,Scroll,Diamond 3,14,61,,94,59
893,summoner-8970295,894,give me anxiety,Diamond 3,13,71,,201,211
894,summoner-10161398,895,with1drawn,Diamond 3,13,43,,58,31
895,summoner-7200938,896,Hear,Diamond 3,12,48,,126,110
896,summoner-9120188,897,ShowMaker,Diamond 3,12,51,,55,52
897,summoner-327877,898,never get role,Diamond 3,10,55,,99,93
898,summoner-395355,899,Fabulous,Diamond 3,10,48,,49,36
899,summoner-449928,900,Synli,Diamond 3,9,106,,362,367
900,summoner-900278,901,CurdledSilk,Diamond 3,9,89,,269,238
901,summoner-305147,902,Lightningsz,Diamond 3,9,54,,109,75
902,summoner-749975,903,RidicuIous,Diamond 3,9,35,,56,15
903,summoner-584744,904,Low APM Btw,Diamond 3,9,45,,28,17
904,summoner-2960362,905,Carypto,Diamond 3,8,106,,172,154
905,summoner-563813,906,Reina Kousaka,Diamond 3,8,41,,47,34
906,summoner-1163135,907,SpinLord,Diamond 3,7,69,,104,95
907,summoner-284887,908,Emperor Ears,Diamond 3,7,84,,87,81
908,summoner-701380,909,Feshua owo,Diamond 3,7,56,,65,69
909,summoner-451889,910,ri Nin leiQVQ,Diamond 3,7,38,,57,48
910,summoner-402522,911,Kenste,Diamond 3,7,46,,50,35
911,summoner-337521,912,Remise,Diamond 3,6,165,,624,617
912,summoner-220192,913,WE DEM BOYZZ,Diamond 3,6,75,,108,89
913,summoner-9741444,914,Miracle,Diamond 3,6,45,,98,72
914,summoner-1810791,915,Holly Mia,Diamond 3,6,91,,85,69
915,summoner-773372,916,Mryibaba,Diamond 3,4,101,,208,180
916,summoner-380314,917,Blurred,Diamond 3,4,61,,207,166
917,summoner-706024,918,ˉ w ˉ,Diamond 3,4,51,,111,93
918,summoner-1340624,919,Elude,Diamond 3,4,81,,72,66
919,summoner-326039,920,0ldm8legit,Diamond 3,4,40,,61,46
920,summoner-3140948,921,Necromancer,Diamond 3,3,72,,224,209
921,summoner-2910960,922,Jyza IV,Diamond 3,3,52,,136,101
922,summoner-228360,923,Dr Elementfluffy,Diamond 3,3,101,,91,75
923,summoner-5621748,924,CheeZeLord,Diamond 3,3,99,,89,68
924,summoner-4100151,925,Apologetic Noob,Diamond 3,3,54,,60,47
925,summoner-488654,926,BEEM0,Diamond 3,2,122,,105,106
926,summoner-7820275,927,KoBe 07,Diamond 3,1,89,,327,241
927,summoner-10241637,928,Palme n Goéland,Diamond 3,1,73,,316,275
928,summoner-680188,929,IG Rook1e,Diamond 3,1,78,,285,253
929,summoner-8790826,930,imCodxx,Diamond 3,1,75,,264,223
930,summoner-3621562,931,mfis,Diamond 3,1,93,,122,123
931,summoner-11121305,932,ForsakenDreamz,Diamond 3,1,46,,64,51
932,summoner-365597,933,Alpha Lupi,Diamond 3,0,100,,397,378
933,summoner-984419,934,lllllllllll,Diamond 3,0,132,,364,358
934,summoner-1100599,935,godofapples,Diamond 3,0,90,,329,293
935,summoner-941171,936,Nomoreganks,Diamond 3,0,86,,312,293
936,summoner-1101353,937,Uncle Wesker,Diamond 3,0,135,,286,254
937,summoner-1170492,938,Myko,Diamond 3,0,109,,236,223
938,summoner-700393,939,Paco8,Diamond 3,0,70,,232,187
939,summoner-302914,940,Legends ND,Diamond 3,0,86,,229,180
940,summoner-11480427,941,Garverz,Diamond 3,0,72,,220,182
941,summoner-1292193,942,fire kylin,Diamond 3,0,80,,213,182
942,summoner-7330143,943,Gakki or Satomi,Diamond 3,0,71,,192,177
943,summoner-660755,944,iJwang,Diamond 3,0,107,,191,192
944,summoner-10781225,945,Orphelia,Diamond 3,0,70,,189,159
945,summoner-467389,946,Princess Belle,Diamond 3,0,75,,188,190
946,summoner-522668,947,iiDontCare,Diamond 3,0,51,,169,117
947,summoner-503392,948,GoGoJuice98,Diamond 3,0,56,,167,139
948,summoner-11075233,949,held me down,Diamond 3,0,68,,164,167
949,summoner-3311812,950,Overlord1,Diamond 3,0,112,,163,125
950,summoner-1710466,951,Too Tru Fam,Diamond 3,0,79,,157,140
951,summoner-8661945,952,10CSPM,Diamond 3,0,50,,157,120
952,summoner-11820139,953,T eamo 33,Diamond 3,0,97,,154,118
953,summoner-11430289,954,Joe Miller,Diamond 3,0,90,,152,132
954,summoner-621191,955,AoiTora,Diamond 3,0,65,,151,113
955,summoner-10260750,956,hypebeastakito,Diamond 3,0,94,,148,114
956,summoner-315654,957,ragepoo,Diamond 3,0,64,,142,123
957,summoner-507532,958,Phoed,Diamond 3,0,130,,140,128
958,summoner-312659,959,NightMare324,Diamond 3,0,69,,138,139
959,summoner-292904,960,Pecha Berry,Diamond 3,0,90,,136,126
960,summoner-230856,961,Reznor,Diamond 3,0,74,,133,122
961,summoner-11220678,962,KingGodYasuo,Diamond 3,0,48,,129,93
962,summoner-8212923,963,wRayZxMan,Diamond 3,0,86,,127,118
963,summoner-354152,964,Kate Bruhnn,Diamond 3,0,52,,124,82
964,summoner-1680225,965,Exiled,Diamond 3,0,138,,121,120
965,summoner-571560,966,Paths of Pain,Diamond 3,0,98,,118,117
966,summoner-11140408,967,Fuggines,Diamond 3,0,47,,118,90
967,summoner-2160127,968,Pica boo,Diamond 3,0,128,,117,91
968,summoner-870924,969,Ćonqseºrør,Diamond 3,0,54,,112,112
969,summoner-439711,970,Ace in the Hole,Diamond 3,0,98,,111,111
970,summoner-331592,971,Lehm The BM,Diamond 3,0,65,,100,72
971,summoner-710649,972,Cote de boeuf,Diamond 3,0,53,,100,101
972,summoner-11056190,973,Vincent mD,Diamond 3,0,47,,92,64
973,summoner-223116,974,XternalRageX,Diamond 3,0,81,,89,87
974,summoner-438508,975,Maximoo,Diamond 3,0,112,,85,83
975,summoner-239171,976,Hunt,Diamond 3,0,107,,80,58
976,summoner-579944,977,OKtiger,Diamond 3,0,45,,74,79
977,summoner-365660,978,TL Vladimir,Diamond 3,0,77,,72,61
978,summoner-281946,979,The Gom,Diamond 3,0,54,,68,40
979,summoner-4530378,980,Smlz 0v0,Diamond 3,0,96,,65,48
980,summoner-580828,981,My Jg Is Retard,Diamond 3,0,86,,64,48
981,summoner-1880974,982,Byrone,Diamond 3,0,102,,64,59
982,summoner-3520141,983,15x scope Kar98k,Diamond 3,0,91,,61,46
983,summoner-3592244,984,Qonnect,Diamond 3,0,68,,60,57
984,summoner-8610583,985,ShaIItear,Diamond 3,0,44,,59,61
985,summoner-8870219,986,GZ Cadence,Diamond 3,0,102,,59,45
986,summoner-441412,987,QASWEFRGTHJMFDF,Diamond 3,0,105,,53,38
987,summoner-300644,988,김정은,Diamond 3,0,92,,51,49
988,summoner-397305,989,Amen1001,Diamond 3,0,45,,50,41
989,summoner-6931874,990,HoIo,Diamond 3,0,44,,49,42
990,summoner-1380274,991,Ohgee,Diamond 3,0,57,,49,16
991,summoner-325988,992,The Expanse,Diamond 3,0,43,,42,37
992,summoner-451639,993,Miracle Jgg,Diamond 3,0,128,,38,23
993,summoner-8561738,994,TWlCE Dahyun,Diamond 4,84,126,,461,446
994,summoner-292171,995,Hi Im Pulse,Diamond 4,100,97,,348,316
995,summoner-292160,996,Mystical Crayon,Diamond 4,100,107,,240,221
996,summoner-509398,997,iAndydnAi,Diamond 4,100,86,,229,228
997,summoner-6030152,998,Peppa Pig,Diamond 4,100,91,,208,204
998,summoner-482741,999,Headhunter3000,Diamond 4,100,56,,168,129
999,summoner-476353,1000,Hiiamacatt,Diamond 4,100,73,,157,134
