#timestamp 1529755230775
#date 2018-06-23T12:00:30+00:00
#players 1000
#index,id,rank,name,tier,lp,level,proTeam,win,loss
0,summoner-91909115,1,tarzaned2,Challenger,1302,73,,349,244
1,summoner-96059078,2,sorry my bad xd,Challenger,1300,43,,123,54
2,summoner-87439213,3,ìnori,Challenger,1055,119,,345,279
3,summoner-91739120,4,Play for KDA,Challenger,1045,59,,207,144
4,summoner-24220969,5,thtr,Challenger,1038,91,,354,296
5,summoner-75900909,6,GGEA Neøø,Challenger,1026,141,,306,241
6,summoner-22275443,7,TCLB ZzeR,Challenger,941,65,,275,185
7,summoner-34925733,8,CG Solo,Challenger,934,83,,307,245
8,summoner-68469257,9,Azures,Challenger,929,115,,439,384
9,summoner-22670229,10,Shout,Challenger,927,89,,295,236
10,summoner-19839806,11,blaberfish2,Challenger,921,109,,401,321
11,summoner-35097344,12,duoking1,Challenger,901,70,,241,176
12,summoner-96629156,13,a wood,Challenger,874,42,,105,66
13,summoner-95119178,14,WPI 3970,Challenger,872,45,,134,84
14,summoner-65389099,15,Liquid Impact,Challenger,870,72,,239,177
15,summoner-21193669,16,Hakuho,Challenger,868,88,,254,198
16,summoner-71229345,17,divided jungle,Challenger,833,66,,238,186
17,summoner-68401488,18,5tunt,Challenger,827,81,,238,186
18,summoner-87330006,19,Yusuiˉ,Challenger,827,68,,185,123
19,summoner-95429143,20,ESKEET1T,Challenger,822,44,,112,76
20,summoner-24326160,21,Sweaty ASol,Challenger,820,74,,257,204
21,summoner-83339123,22,Humble Diligent,Challenger,800,82,,335,286
22,summoner-21276764,23,Vulcan1,Challenger,799,112,,375,320
23,summoner-94060086,24,TwTv LoLHarambe,Challenger,800,72,,359,283
24,summoner-38375098,25,Jurassiq,Challenger,777,81,,301,254
25,summoner-23368264,26,Tracy Mcgràdy,Challenger,774,51,,129,73
26,summoner-27251616,27,ULookSoCharming,Challenger,760,107,,301,256
27,summoner-38809624,28,Sophist Sage,Challenger,758,121,,558,509
28,summoner-20389591,29,Inorï,Challenger,757,69,,327,256
29,summoner-37481045,30,insanityxxx,Challenger,740,160,,536,484
30,summoner-77211676,31,Revenge,Challenger,738,77,,231,179
31,summoner-21542029,32,Grig1,Challenger,737,98,,319,279
32,summoner-32299406,33,Spawwwwn,Challenger,731,107,,385,330
33,summoner-21371454,34,ScrubNoob,Challenger,727,116,,401,341
34,summoner-83089575,35,Ssumdayday,Challenger,717,67,,224,173
35,summoner-92959312,36,IlIlIllllIIIIIII,Challenger,714,50,,141,109
36,summoner-21367804,37,Cris,Challenger,711,58,,187,135
37,summoner-21490433,38,goldenglue,Challenger,704,98,,318,276
38,summoner-91419120,39,TSM Zven,Challenger,696,104,,470,395
39,summoner-48193601,40,Spica1,Challenger,696,78,,207,155
40,summoner-50759139,41,qldurtms,Challenger,696,61,,183,140
41,summoner-68479082,42,a new beginning,Challenger,682,105,,334,293
42,summoner-22403576,43,Pants are Dragon,Challenger,670,110,,360,311
43,summoner-30046300,44,TCLB plan ahea,Challenger,670,122,,339,296
44,summoner-19967304,45,Shiphtur,Challenger,666,150,,912,879
45,summoner-22141445,46,SandPaperX,Challenger,659,90,,263,221
46,summoner-30255016,47,TheeBrandini,Challenger,648,73,,246,204
47,summoner-91615420,48,Evølve,Challenger,647,96,,427,353
48,summoner-36111109,49,Julien,Challenger,647,101,,402,353
49,summoner-23715786,50,KitKatxz,Challenger,646,61,,192,153
50,summoner-47401142,51,Soulmario,Challenger,640,182,,363,329
51,summoner-86912471,52,Nugeek,Challenger,634,67,,252,212
52,summoner-47165206,53,HIGH APM LOW BMI,Challenger,632,90,,321,284
53,summoner-19787999,54,SCREENSLAV3R,Challenger,627,69,,173,134
54,summoner-85889107,55,FeelsGO0DMan,Challenger,625,72,,255,215
55,summoner-22946266,56,GaoGao,Challenger,624,74,,136,92
56,summoner-21806931,57,Xeno,Challenger,624,59,,125,88
57,summoner-19623941,58,Rendyu,Challenger,621,115,,345,294
58,summoner-19770082,59,Criś,Challenger,619,141,,457,420
59,summoner-65409096,60,crow5,Challenger,618,74,,258,206
60,summoner-25401864,61,Credenda,Challenger,613,52,,180,94
61,summoner-19587365,62,Tony Top,Challenger,611,107,,450,414
62,summoner-93731255,63,dsazfxgchn,Challenger,608,50,,148,88
63,summoner-37343071,64,avi is me,Challenger,604,67,,186,143
64,summoner-27470522,65,Arcsecond,Challenger,598,119,,448,390
65,summoner-19920510,66,Sudzzi,Challenger,597,82,,310,269
66,summoner-22830349,67,RF Legendary,Challenger,597,75,,284,234
67,summoner-30366254,68,Acoldblazeolive,Challenger,597,71,,259,220
68,summoner-91451619,69,etrianodysey,Challenger,594,82,,299,249
69,summoner-20156599,70,Carmen Campagne,Challenger,593,74,,151,109
70,summoner-21124626,71,Rikara,Challenger,591,130,,260,218
71,summoner-21172589,72,sadsdasdasf,Challenger,590,87,,323,278
72,summoner-21103810,73,BendyAndy,Challenger,588,92,,359,322
73,summoner-75099245,74,LHHS,Challenger,580,54,,154,114
74,summoner-41233933,75,MistyStumpey,Challenger,579,96,,215,174
75,summoner-26851284,76,PainlessM,Challenger,578,98,,285,244
76,summoner-32683839,77,Sean Twitch God,Challenger,572,94,,438,394
77,summoner-89299096,78,IlIlIllllIII,Challenger,564,46,,158,74
78,summoner-40540196,79,Fanatiik,Challenger,563,78,,226,194
79,summoner-35409134,80,Srkenji,Challenger,560,116,,443,393
80,summoner-21910088,81,Zot,Challenger,554,129,,420,377
81,summoner-24069119,82,Hate,Challenger,553,124,,313,268
82,summoner-35361116,83,Q16KpquGsIc,Challenger,551,63,,99,56
83,summoner-21937711,84,HaruRushAmbition,Challenger,550,109,,506,442
84,summoner-47943093,85,3in1warrior,Challenger,550,69,,165,129
85,summoner-35592112,86,stuntopolis,Challenger,550,50,,127,98
86,summoner-19757901,87,Ðân,Challenger,547,98,,297,239
87,summoner-25125682,88,Niles,Challenger,547,89,,260,216
88,summoner-19698094,89,FallenBandit,Challenger,544,94,,331,299
89,summoner-2648,90,Pobelter,Challenger,544,91,,252,224
90,summoner-521955,91,WildTurtle,Challenger,544,47,,122,80
91,summoner-76603307,92,ChiralX,Challenger,541,61,,154,110
92,summoner-20962399,93,Teesum,Challenger,540,88,,383,352
93,summoner-22654107,94,yhw,Challenger,539,127,,316,280
94,summoner-73543081,95,SKT T1 Crown,Challenger,532,93,,145,91
95,summoner-54986862,96,Àsyc,Challenger,527,162,,823,791
96,summoner-64290527,97,CONTRACTZZZZZZZZ,Challenger,526,68,,270,209
97,summoner-22438041,98,snap,Challenger,525,99,,302,260
98,summoner-60469878,99,Macotoˉ,Challenger,524,98,,469,414
99,summoner-26045266,100,TàIon,Challenger,520,83,,221,166
100,summoner-30397116,101,Lemur,Challenger,519,101,,116,77
101,summoner-47607839,102,Gong Yoo x,Challenger,518,71,,308,243
102,summoner-96659148,103,jngler52,Challenger,512,38,,67,37
103,summoner-64834040,104,DufTlalgkqtlek,Challenger,508,53,,151,109
104,summoner-41786897,105,Kurumx,Challenger,506,79,,274,227
105,summoner-83552233,106,duoqueen1,Challenger,503,69,,201,171
106,summoner-71715,107,MeNoHaxor,Challenger,502,89,,263,226
107,summoner-25108893,108,CaptainShrimps,Challenger,463,97,,529,489
108,summoner-21193032,109,dog2,Challenger,500,122,,409,379
109,summoner-20047271,110,Descraton,Challenger,497,127,,404,365
110,summoner-51680686,111,RobbyBob,Challenger,496,94,,163,131
111,summoner-83339118,112,sks Tmfprl,Challenger,494,62,,181,142
112,summoner-74731419,113,cupcakes29,Challenger,493,63,,236,196
113,summoner-29773406,114,Tonington,Challenger,493,67,,163,126
114,summoner-54059235,115,fwii Talon,Challenger,493,45,,104,59
115,summoner-77520973,116,TCLB Zephyr,Challenger,491,95,,222,172
116,summoner-170340,117,Cody Sun,Challenger,490,125,,445,423
117,summoner-65389101,118,gazuaaaaaaaaaaa,Challenger,489,51,,164,122
118,summoner-21202019,119,5fire,Challenger,484,89,,192,156
119,summoner-28663867,120,Erry,Challenger,480,69,,189,157
120,summoner-38880034,121,Soligo,Challenger,478,59,,157,122
121,summoner-84759118,122,Metaphor,Challenger,473,93,,334,287
122,summoner-30212825,123,Spirax,Challenger,469,85,,116,83
123,summoner-32871226,124,Alex Blais,Challenger,465,64,,220,168
124,summoner-50493382,125,sniperboy120,Challenger,462,54,,114,59
125,summoner-20823651,126,C9 Smoothie,Challenger,461,95,,242,208
126,summoner-71860010,127,Boris Oppa,Challenger,457,81,,194,111
127,summoner-78739091,128,IdioticGuy123,Challenger,456,64,,170,128
128,summoner-20826894,129,Sleepyz,Challenger,455,110,,438,411
129,summoner-91429132,130,TSM Mithypote,Challenger,455,80,,258,234
130,summoner-33239179,131,ZeyzaI,Challenger,455,59,,129,65
131,summoner-31563939,132,butterfły,Challenger,450,56,,120,64
132,summoner-295500,133,5mi,Challenger,448,107,,260,218
133,summoner-51949451,134,AD Nannies Pref,Challenger,447,85,,222,186
134,summoner-23552941,135,deftIy,Challenger,446,85,,267,222
135,summoner-20793637,136,Phaxen,Challenger,442,136,,174,141
136,summoner-44989327,137,mancloud2,Challenger,441,126,,529,502
137,summoner-24671130,138,Allorim,Challenger,440,111,,403,375
138,summoner-26153361,139,Happy Birfdizzay,Challenger,440,87,,268,231
139,summoner-28993829,140,xKace,Challenger,440,89,,222,187
140,summoner-40835255,141,Bóbbý,Challenger,437,117,,427,391
141,summoner-21498922,142,Linsaníty,Challenger,434,71,,177,155
142,summoner-26822730,143,BloodKey,Challenger,434,51,,149,76
143,summoner-20877255,144,TCLB Tempest,Challenger,432,73,,281,204
144,summoner-70132282,145,XueGao,Challenger,432,99,,153,121
145,summoner-29161654,146,mulgokizary,Challenger,432,52,,95,59
146,summoner-28742820,147,Jast,Challenger,431,89,,150,111
147,summoner-91507933,148,758ˉ,Challenger,430,67,,219,180
148,summoner-83629091,149,NA Swifte,Challenger,448,71,,176,142
149,summoner-19577112,150,Bíg T,Challenger,429,107,,373,338
150,summoner-19912360,151,VERSACE JiNPACHi,Challenger,428,104,,297,254
151,summoner-401063,152,xFSN Saber,Challenger,427,74,,167,133
152,summoner-1496,153,Valkrin,Challenger,427,65,,163,125
153,summoner-56829156,154,Laceration,Challenger,426,99,,196,157
154,summoner-156090,155,Yassuo,Challenger,424,116,,495,462
155,summoner-76609200,156,INF SolidSnake,Challenger,422,112,,298,265
156,summoner-35092858,157,Challenger Eoba,Challenger,421,57,,178,109
157,summoner-21014987,158,lron Pyrite,Challenger,421,67,,141,108
158,summoner-70191897,159,adi0s,Challenger,419,52,,108,74
159,summoner-7250,160,Apollo Price,Challenger,418,105,,364,337
160,summoner-46069412,161,foggedftw1,Challenger,418,61,,117,82
161,summoner-23907257,162,Janna Mechanics,Challenger,417,83,,254,213
162,summoner-46052203,163,B Solo Lane B,Challenger,414,93,,365,325
163,summoner-22231499,164,Washed Up,Challenger,407,83,,256,215
164,summoner-88229545,165,Gate,Challenger,405,110,,240,209
165,summoner-27816311,166,N4omi,Challenger,405,68,,155,118
166,summoner-92319078,167,Nashor Tooth,Challenger,404,68,,241,193
167,summoner-28903785,168,YummiBananas,Challenger,403,135,,585,553
168,summoner-45661658,169,Bao Bao,Challenger,399,100,,234,203
169,summoner-36099357,170,Fapdo,Challenger,399,67,,158,118
170,summoner-32867184,171,Blitzt,Challenger,398,106,,200,165
171,summoner-20130821,172,Wiggily,Challenger,397,92,,282,249
172,summoner-20918669,173,elise player,Challenger,397,84,,243,229
173,summoner-93269094,174,Potluck,Challenger,397,72,,138,115
174,summoner-39040566,175,GGS Matt,Challenger,396,87,,345,315
175,summoner-77720407,176,RaverDad,Challenger,395,102,,547,514
176,summoner-89599264,177,D9 Grelly,Challenger,394,116,,482,452
177,summoner-33419995,178,CopyAndPaste,Challenger,394,68,,125,96
178,summoner-41873475,179,The Eggsalad,Challenger,392,154,,564,531
179,summoner-55375727,180,Fated Enigma,Challenger,391,129,,496,455
180,summoner-22638316,181,typty,Challenger,391,87,,175,140
181,summoner-37447382,182,KlvA,Challenger,389,79,,147,107
182,summoner-92949382,183,CG Solo 2,Challenger,388,45,,118,86
183,summoner-87119170,184,OpTic Arrow,Challenger,387,86,,339,301
184,summoner-91729099,185,BOL4,Challenger,387,55,,160,123
185,summoner-29221767,186,Abou222,Challenger,387,65,,158,111
186,summoner-19668604,187,Koukesito,Challenger,385,62,,181,136
187,summoner-23476283,188,EricZYang,Challenger,384,183,,599,566
188,summoner-36259319,189,Vchee,Challenger,384,84,,368,327
189,summoner-24823450,190,Viel Glück,Challenger,384,66,,116,82
190,summoner-24154639,191,yeedam,Challenger,383,72,,123,91
191,summoner-50690164,192,FakeGod,Challenger,383,51,,105,69
192,summoner-95439134,193,olruol,Challenger,383,40,,77,54
193,summoner-19665819,194,Duocek,Challenger,393,96,,464,423
194,summoner-95439104,195,PRODUCTPLACEMENT,Challenger,377,39,,74,52
195,summoner-41849159,196,GGEA Rodov,Challenger,375,92,,230,194
196,summoner-21652056,197,Vìncent,Challenger,373,88,,300,265
197,summoner-73170218,198,Miguel el toro,Challenger,373,89,,297,269
198,summoner-47836799,199,Liquid Hard,Challenger,372,69,,203,166
199,summoner-34022147,200,Tuesdayy,Challenger,367,93,,314,289
200,summoner-20822144,201,ÐaÞtion,Master,390,101,,273,247
201,summoner-77351819,202,Saskioo,Master,382,76,,198,161
202,summoner-37928970,203,Lesu,Master,380,176,,789,754
203,summoner-21830641,204,Seuyan,Master,372,56,,158,106
204,summoner-22478427,205,Biofrost,Master,371,78,,233,197
205,summoner-22350178,206,Cat VaIentine,Master,370,74,,240,199
206,summoner-80240589,207,Toàn Tran,Master,363,48,,96,65
207,summoner-77489438,208,A Brand 1 Trick,Master,362,68,,195,162
208,summoner-34268448,209,Forgotten Legend,Master,362,67,,171,137
209,summoner-51405,210,C9 Sneaky,Master,361,121,,450,405
210,summoner-44317220,211,Sheepp,Master,361,65,,258,192
211,summoner-42060215,212,0 x omakase x 42,Master,360,102,,326,292
212,summoner-22701102,213,EleJiggle,Master,360,108,,307,272
213,summoner-55805197,214,Hyami,Master,359,92,,167,135
214,summoner-91429107,215,CLG Reignover,Master,357,65,,149,124
215,summoner-35890783,216,Jiu Jiu,Master,356,115,,329,287
216,summoner-32252808,217,WayneDwops,Master,350,85,,234,193
217,summoner-82962549,218,10 IQ PLAYER,Master,350,98,,231,196
218,summoner-19451735,219,homeboi,Master,349,96,,368,341
219,summoner-20411671,220,Heisendong,Master,349,61,,130,97
220,summoner-92610081,221,Gáme1234,Master,347,63,,287,211
221,summoner-82789571,222,flameflameflame,Master,345,68,,236,204
222,summoner-38869932,223,tank jg player,Master,345,92,,207,177
223,summoner-72849285,224,ChumpJohn Again,Master,345,56,,96,61
224,summoner-36772244,225,Fuh Breeze,Master,343,101,,296,276
225,summoner-89530903,226,Shorter,Master,343,73,,264,227
226,summoner-19905517,227,ZzLegendary,Master,342,101,,196,158
227,summoner-31507479,228,foggedftw2,Master,341,53,,83,48
228,summoner-27110862,229,J D,Master,340,119,,410,364
229,summoner-43147757,230,Twíns,Master,340,120,,296,195
230,summoner-579475,231,dawolfsfang,Master,339,54,,153,127
231,summoner-46531569,232,iKinggVex,Master,334,165,,775,747
232,summoner-48365522,233,CroatianD,Master,334,107,,175,134
233,summoner-1681,234,TCLB Robin NA,Master,333,100,,455,360
234,summoner-23162732,235,Byeong Hoon Lee,Master,333,89,,220,196
235,summoner-95439156,236,sky island,Master,331,49,,158,137
236,summoner-20072604,237,GGEA Abou222,Master,329,94,,270,239
237,summoner-36400685,238,AIIorim,Master,327,105,,358,335
238,summoner-29203966,239,Ino1,Master,327,117,,237,200
239,summoner-83939135,240,jensenfanboy97,Master,327,51,,135,80
240,summoner-20305573,241,shochi,Master,325,113,,388,359
241,summoner-31929876,242,Arceesenpie,Master,325,64,,232,195
242,summoner-95090711,243,DeafRef,Master,325,54,,190,141
243,summoner-44141483,244,RubenxSWRD,Master,304,87,,347,318
244,summoner-66042977,245,TwTv KatEvolved,Master,320,91,,295,266
245,summoner-20920347,246,H4xDefender,Master,315,83,,298,267
246,summoner-23350752,247,Zeyzal,Master,314,61,,174,144
247,summoner-77661150,248,good nightt,Master,311,58,,177,112
248,summoner-62374009,249,wlswlgkrprkwmdk,Master,310,52,,191,151
249,summoner-31274923,250,Lovefury,Master,307,110,,296,265
250,summoner-24449785,251,that808gamer,Master,307,91,,233,204
251,summoner-77251686,252,TRIBORDKINGDOM63,Master,306,85,,297,263
252,summoner-56365425,253,Johnaay,Master,303,90,,178,144
253,summoner-61542283,254,huhi,Master,302,86,,240,213
254,summoner-29524444,255,atkins2,Master,300,98,,234,205
255,summoner-20636732,256,Morïarty,Master,298,86,,399,375
256,summoner-32705024,257,Falcon God,Master,298,63,,182,154
257,summoner-89909122,258,light b,Master,297,69,,149,112
258,summoner-19875787,259,Crab Battle,Master,295,56,,126,96
259,summoner-19296564,260,fwii,Master,294,103,,252,230
260,summoner-32909693,261,IVIODE,Master,293,88,,386,327
261,summoner-43079579,262,My melody,Master,293,165,,189,156
262,summoner-39877298,263,lae young,Master,293,53,,131,100
263,summoner-91634369,264,Origami X,Master,292,55,,193,126
264,summoner-63291,265,Sunset,Master,291,174,,779,740
265,summoner-44841787,266,MooseHater,Master,290,96,,281,261
266,summoner-62630267,267,KlonkGronkZonk,Master,290,87,,208,180
267,summoner-30580841,268,YkyLh,Master,290,97,,96,47
268,summoner-66929247,269,Liquid Joey,Master,281,72,,207,185
269,summoner-31281326,270,MaGeRdAnGeR,Master,281,74,,195,169
270,summoner-73136544,271,Feí,Master,280,81,,200,156
271,summoner-84389222,272,Meta,Master,280,66,,162,139
272,summoner-45191640,273,ChadYasuoMain,Master,279,124,,224,192
273,summoner-70339477,274,Rapidx,Master,276,120,,548,515
274,summoner-72903789,275,LimitTester,Master,276,46,,101,67
275,summoner-20123146,276,AND 1 AIDAN,Master,275,95,,308,273
276,summoner-29194631,277,Alicopter,Master,265,143,,505,480
277,summoner-62240420,278,le fwii,Master,269,49,,94,23
278,summoner-20902946,279,Oppai God,Master,268,72,,180,153
279,summoner-10077,280,scarra,Master,267,110,,546,523
280,summoner-24793304,281,Roronoa Zary,Master,265,58,,171,137
281,summoner-21201241,282,Auberaun,Master,264,79,,190,160
282,summoner-24449515,283,Savast,Master,263,106,,274,245
283,summoner-82950710,284,NA is a coinflip,Master,263,56,,101,71
284,summoner-32392626,285,Dhokla,Master,261,96,,341,321
285,summoner-25022297,286,Omot,Master,260,98,,111,77
286,summoner-48321237,287,MouseArt,Master,259,166,,769,746
287,summoner-66832087,288,sexyminou,Master,259,75,,297,267
288,summoner-39561509,289,JuIius,Master,277,160,,778,749
289,summoner-75111441,290,WSL Bae Bae,Master,258,116,,118,75
290,summoner-30266347,291,Piggy Kitten,Master,257,153,,835,802
291,summoner-77252739,292,FUNKYFRAGAS32,Master,257,94,,412,381
292,summoner-47212115,293,Tactical,Master,257,93,,246,217
293,summoner-38111839,294,Candice,Master,256,69,,226,197
294,summoner-28943582,295,CP Freeze,Master,237,88,,304,266
295,summoner-19061980,296,Lourlo,Master,254,99,,240,208
296,summoner-40279866,297,Krmx,Master,253,72,,218,190
297,summoner-23965783,298,Titan Dweevil,Master,251,111,,448,414
298,summoner-95739079,299,0nxn,Master,251,35,,52,22
299,summoner-70173009,300,Maiyatang,Master,249,258,,681,642
300,summoner-90782595,301,Judge Doom,Master,248,75,,160,131
301,summoner-57039082,302,boI4,Master,248,50,,151,124
302,summoner-22417049,303,Cuyo,Master,246,86,,260,237
303,summoner-92969097,304,Ruler CoreJJ,Master,246,47,,122,102
304,summoner-40984753,305,GangstahSwerve,Master,244,43,,79,51
305,summoner-50638481,306,supercoolisaac,Master,243,133,,152,120
306,summoner-21814281,307,TALON1V9,Master,242,55,,162,97
307,summoner-95029399,308,lIIIlllIIllIlIlI,Master,241,42,,90,44
308,summoner-48547745,309,Diamond Police,Master,239,93,,281,255
309,summoner-45451524,310,Løst Boy,Master,237,103,,352,316
310,summoner-91270727,311,cute loli gf,Master,233,44,,126,73
311,summoner-88669121,312,Akaadian,Master,230,55,,73,43
312,summoner-25005620,313,Mcbaze,Master,229,91,,369,336
313,summoner-35590582,314,Annie Bot,Master,228,195,,1006,977
314,summoner-23467785,315,WARMACHINE HYPER,Master,227,212,,693,665
315,summoner-51758381,316,TN Vampire,Master,225,106,,212,138
316,summoner-22789590,317,Nami Fish Hentai,Master,224,120,,193,162
317,summoner-42133105,318,GGEA Strompest,Master,224,68,,179,147
318,summoner-41335915,319,Sahatsu,Master,223,120,,255,228
319,summoner-89190126,320,Toxic Vietnamese,Master,223,108,,148,111
320,summoner-42018127,321,Eclipseˉ,Master,222,65,,211,167
321,summoner-34084652,322,I Dislike Solo Q,Master,222,54,,156,128
322,summoner-518475,323,Cat Girl Sakuya,Master,221,60,,163,124
323,summoner-36119978,324,Kazahana,Master,220,104,,173,150
324,summoner-46062118,325,I Am Smexy,Master,219,64,,106,66
325,summoner-22639840,326,Bryanmanlet,Master,218,84,,242,203
326,summoner-37094087,327,Ben9813,Master,218,45,,99,60
327,summoner-66241634,328,TwTv Vchee,Master,217,59,,239,144
328,summoner-45186258,329,lc0nic,Master,217,70,,138,107
329,summoner-19470447,330,Minishcap1,Master,215,68,,128,100
330,summoner-22775683,331,Zero Pressure xD,Master,213,66,,210,165
331,summoner-50928107,332,FEED SPLIT THROW,Master,213,62,,91,49
332,summoner-21978925,333,SlapPorkChop,Master,211,78,,224,199
333,summoner-31781756,334,Mac,Master,211,81,,208,145
334,summoner-24412033,335,Sexy Yaoi Prince,Master,210,107,,312,281
335,summoner-47706407,336,FreshCreamCherry,Master,207,70,,232,205
336,summoner-77589227,337,Šœ  VIP  Šœ,Master,207,77,,139,99
337,summoner-32556358,338,Gamer Girl,Master,206,108,,243,223
338,summoner-31213574,339,Swkeeee,Master,205,142,,244,204
339,summoner-60615460,340,Charming Gay Guy,Master,205,55,,168,96
340,summoner-35400880,341,AxelsFinalFlame,Master,205,66,,139,111
341,summoner-432695,342,Lethal Zedster,Master,205,47,,123,98
342,summoner-20694079,343,Day after day,Master,204,99,,424,406
343,summoner-19663548,344,TwTvTastyPotatox,Master,203,73,,232,195
344,summoner-23245665,345,Scrandor,Master,202,122,,586,565
345,summoner-45678930,346,MattyMooo,Master,202,113,,408,388
346,summoner-28432690,347,Zud,Master,201,87,,193,157
347,summoner-74450973,348,Fiona So Cute,Master,201,94,,160,89
348,summoner-88669168,349,Mid braum only,Master,201,41,,90,56
349,summoner-43225114,350,Necroside,Master,200,94,,166,136
350,summoner-69129243,351,GDX,Master,200,131,,102,58
351,summoner-31804039,352,oGoDs,Master,199,65,,124,98
352,summoner-21003343,353,Wookin,Master,199,67,,81,50
353,summoner-50453166,354,Boosted bot,Master,198,223,,1249,1219
354,summoner-21794465,355,chowdong,Master,197,70,,198,171
355,summoner-25232745,356,TwTv ChaseShaco,Master,197,63,,171,148
356,summoner-44594721,357,Zeroˉ,Master,196,128,,496,465
357,summoner-70011915,358,moon b,Master,195,86,,268,235
358,summoner-52326216,359,papa croc romanm,Master,194,65,,223,192
359,summoner-22991489,360,Tangularx,Master,193,99,,423,399
360,summoner-19906739,361,Virus,Master,192,92,,319,281
361,summoner-38883756,362,luggindy,Master,189,72,,183,148
362,summoner-22696988,363,TheOddOrange,Master,187,83,,208,185
363,summoner-83282990,364,monkarS,Master,187,66,,194,168
364,summoner-94519219,365,xXxGodPlayerxXx,Master,186,47,,115,85
365,summoner-70359148,366,Tony Supp,Master,184,75,,215,198
366,summoner-22058902,367,Flaresz,Master,167,55,,73,54
367,summoner-23890102,368,YoItsK,Master,183,138,,449,414
368,summoner-24877618,369,Vares,Master,183,121,,348,320
369,summoner-93579190,370,Pykeman,Master,182,43,,103,81
370,summoner-25285716,371,Haanii,Master,181,72,,118,90
371,summoner-57302617,372,Dragonmin,Master,181,42,,66,22
372,summoner-68459235,373,Yuki S2,Master,180,118,,355,324
373,summoner-36100051,374,DirtyMobs,Master,178,100,,376,343
374,summoner-28781699,375,Shupian,Master,177,98,,171,144
375,summoner-22415968,376,Real Danijrm,Master,174,66,,264,222
376,summoner-50363420,377,duoshark1,Master,174,81,,207,185
377,summoner-20724263,378,Mozart The 2nd,Master,174,49,,115,75
378,summoner-91329284,379,Sllfer,Master,173,42,,86,40
379,summoner-22292020,380,CIyde,Master,172,118,,337,321
380,summoner-20687868,381,Gabex,Master,172,86,,272,234
381,summoner-22835956,382,RenektonTopOnly,Master,171,126,,623,581
382,summoner-35703236,383,PieCakeLord,Master,170,106,,472,452
383,summoner-22073036,384,Breakbot,Master,170,108,,269,235
384,summoner-78739135,385,Feox,Master,167,60,,157,119
385,summoner-442232,386,aphromoo,Master,166,216,,360,341
386,summoner-23723309,387,Ordinn,Master,166,87,,196,168
387,summoner-78771213,388,Tabulae,Master,166,57,,171,134
388,summoner-19777052,389,GeneralMint,Master,165,97,,270,247
389,summoner-28682326,390,wispe,Master,164,161,,408,378
390,summoner-80979709,391,Pants are JłZZ,Master,163,100,,297,273
391,summoner-43873947,392,Boyyyyyyyyyyyyyy,Master,163,89,,110,87
392,summoner-56797519,393,Kewlipo,Master,162,124,,479,454
393,summoner-41643804,394,Vakin,Master,162,132,,362,336
394,summoner-90811612,395,TwTv 6ixgodmemes,Master,162,53,,116,62
395,summoner-40655603,396,Copari,Master,161,85,,204,181
396,summoner-22858406,397,KAYLE OTP BABY,Master,160,129,,375,354
397,summoner-37341012,398,Zykoˉ,Master,160,101,,302,271
398,summoner-45164529,399,KANGSEUNGLOKSFAN,Master,158,80,,167,143
399,summoner-89031504,400,I worry,Master,158,57,,94,61
400,summoner-21107682,401,Hillside Boys,Master,157,168,,689,647
401,summoner-69883340,402,iwhenzhou,Master,157,144,,189,162
402,summoner-390600,403,Meteos,Master,157,94,,178,151
403,summoner-19715873,404,Gerardo Ortiz,Master,157,53,,127,95
404,summoner-45126443,405,Jg2,Master,154,79,,361,336
405,summoner-23213125,406,mimi styIe,Master,154,114,,83,58
406,summoner-92392897,407,A GR4SS,Master,172,64,,244,184
407,summoner-23624997,408,Evop,Master,153,51,,184,125
408,summoner-84509505,409,GGEA eThug,Master,153,77,,146,116
409,summoner-47005597,410,IWU Fizzi,Master,152,56,,151,93
410,summoner-76832011,411,XChanX,Master,152,70,,129,95
411,summoner-56614125,412,ibara2,Master,150,93,,338,300
412,summoner-492066,413,SimplyHai,Master,150,85,,280,259
413,summoner-32178528,414,Weeknd,Master,149,91,,366,344
414,summoner-21905240,415,I Have Sisu,Master,147,125,,646,620
415,summoner-38841069,416,Ikzencriel,Master,146,128,,540,520
416,summoner-30107400,417,BlueHole,Master,146,86,,158,89
417,summoner-20640052,418,XPsionicsx,Master,145,72,,220,196
418,summoner-41745040,419,Competition2,Master,144,201,,615,591
419,summoner-60745150,420,InvladName,Master,125,141,,426,402
420,summoner-27809820,421,jbraggs,Master,143,133,,489,466
421,summoner-48318695,422,nxi,Master,143,69,,175,135
422,summoner-21189658,423,jakobjames,Master,141,58,,63,37
423,summoner-87599515,424,Raverboy,Master,157,111,,254,224
424,summoner-51075422,425,Hopefulqt,Master,140,96,,236,206
425,summoner-50185236,426,xFSN Sakura,Master,140,51,,102,70
426,summoner-39957695,427,røvex,Master,139,106,,478,467
427,summoner-28299232,428,Anderz,Master,139,98,,196,165
428,summoner-83709100,429,KhaliDino,Master,138,134,,555,522
429,summoner-20112175,430,Rohammers,Master,136,111,,479,463
430,summoner-78059635,431,MACACO,Master,135,90,,236,206
431,summoner-22180208,432,Chasing Summer,Master,135,75,,105,85
432,summoner-31588136,433,CLG Auto,Master,134,99,,444,413
433,summoner-82789170,434,TL Cain,Master,134,68,,266,233
434,summoner-95699530,435,Con sentiment,Master,134,42,,98,41
435,summoner-91749086,436,fear guilt greed,Master,133,63,,172,150
436,summoner-19725432,437,riste,Master,130,167,,722,693
437,summoner-43276966,438,Eric Zhao,Master,130,96,,225,191
438,summoner-31632622,439,XsYz,Master,130,69,,181,159
439,summoner-89382678,440,UBCKNIFE,Master,130,46,,134,83
440,summoner-19887289,441,Imaqtpie,Master,129,171,,829,804
441,summoner-25078968,442,TheOddTurtle,Master,129,96,,296,268
442,summoner-19139093,443,Redmercy,Master,129,67,,177,149
443,summoner-31383720,444,Terrified dog,Master,126,55,,160,130
444,summoner-28840804,445,Dr Saline PhD,Master,125,95,,410,380
445,summoner-30936371,446,Jayms,Master,125,67,,162,149
446,summoner-49943354,447,Dekar,Master,125,49,,147,115
447,summoner-31687588,448,Freeze,Master,125,60,,99,76
448,summoner-38709082,449,Soju,Master,124,89,,279,246
449,summoner-92659418,450,beat saber main,Master,123,45,,116,89
450,summoner-26712726,451,OFFLINETV REJECT,Master,122,61,,212,186
451,summoner-50493444,452,Coltre,Master,121,163,,94,58
452,summoner-29770257,453,Giraffe Hugs,Master,120,82,,139,116
453,summoner-32576527,454,Danwel,Master,119,117,,470,447
454,summoner-29593986,455,Èssence,Master,118,115,,405,379
455,summoner-22447403,456,PrismaI,Master,96,92,,251,232
456,summoner-46354722,457,Oricorio,Master,118,104,,194,168
457,summoner-91601980,458,llIIllIIlll,Master,118,54,,145,107
458,summoner-19285521,459,ColombiaParce,Master,117,94,,325,302
459,summoner-49013115,460,DeadlyTwitches,Master,117,118,,179,153
460,summoner-21955448,461,Zuardian,Master,114,127,,472,447
461,summoner-25276169,462,argv,Master,114,102,,281,250
462,summoner-45038172,463,Sir Celery,Master,114,104,,188,164
463,summoner-77003254,464,footnote,Master,114,49,,122,70
464,summoner-20414291,465,Protòtype,Master,113,162,,833,785
465,summoner-26785144,466,콘돔꺼내기,Master,113,71,,175,151
466,summoner-44946228,467,ˆTwice Sanaˆ,Master,113,95,,144,117
467,summoner-25367460,468,Mnew,Master,112,82,,214,185
468,summoner-88109144,469,Bardly Missed,Master,93,97,,503,455
469,summoner-27282584,470,KOGMAWWWWW,Master,109,102,,466,439
470,summoner-47647040,471,BestInTown,Master,108,46,,104,64
471,summoner-47442009,472,OvO Memes,Master,106,115,,337,318
472,summoner-20577176,473,ooo la la,Master,106,86,,220,191
473,summoner-88059115,474,eGirl cosplay,Master,106,47,,134,94
474,summoner-37532228,475,byebyee,Master,105,105,,268,234
475,summoner-28329959,476,Zib Nibbler,Master,105,70,,123,95
476,summoner-92659402,477,Yubi,Master,104,38,,62,46
477,summoner-75281603,478,Catria,Master,103,109,,223,194
478,summoner-32005448,479,Pros,Master,103,74,,205,178
479,summoner-77269277,480,it viper,Master,102,99,,283,272
480,summoner-34951738,481,Super Limp Díck,Master,102,67,,125,101
481,summoner-27381932,482,chepa candela,Master,100,93,,363,345
482,summoner-76912916,483,Rose Queen,Master,100,124,,333,289
483,summoner-53801673,484,Dziarmaga,Master,100,70,,241,211
484,summoner-63668454,485,Desired Game,Master,100,52,,199,102
485,summoner-85339564,486,JB hai,Master,99,96,,177,145
486,summoner-62605523,487,Resuna,Master,99,48,,137,72
487,summoner-37278467,488,Cyrano,Master,97,135,,253,228
488,summoner-91729110,489,CG Febiven,Master,97,80,,251,211
489,summoner-60930238,490,ImASuperNiceGuy,Master,95,118,,209,182
490,summoner-28909573,491,tiltmaster123,Master,95,59,,203,171
491,summoner-23941212,492,toez1,Master,94,64,,182,154
492,summoner-24399368,493,KingGeorgie,Master,93,152,,391,366
493,summoner-51473426,494,Repobah,Master,93,164,,300,271
494,summoner-80301228,495,Godspica,Master,93,69,,166,141
495,summoner-40846506,496,Gavotto,Master,93,51,,129,102
496,summoner-93269119,497,DIRTY B0Y,Master,92,85,,382,360
497,summoner-50247046,498,nadox,Master,110,88,,501,436
498,summoner-77729240,499,LohpalIy,Master,91,86,,256,232
499,summoner-22476330,500,Minah,Master,90,94,,236,223
500,summoner-19199530,501,Xpecial,Master,90,88,,197,177
501,summoner-23855467,502,Shorthop,Master,89,111,,283,246
502,summoner-30372420,503,Shimatora,Master,88,121,,315,287
503,summoner-22304250,504,Hot Ruffles,Master,88,67,,174,124
504,summoner-57539102,505,sesamo,Master,88,68,,136,113
505,summoner-66879182,506,Dilena Dimitrova,Master,87,106,,340,312
506,summoner-35702501,507,cokes,Master,87,99,,273,246
507,summoner-38091945,508,Zenden,Master,87,65,,197,170
508,summoner-24598046,509,time time time,Master,87,52,,130,98
509,summoner-49660821,510,Ducks Of Swag,Master,86,108,,272,242
510,summoner-34042136,511,Sayonaraaaaa,Master,86,59,,151,128
511,summoner-91655533,512,chicken and rice,Master,86,49,,144,81
512,summoner-28948871,513,Fun Carnage,Master,85,86,,237,215
513,summoner-34225884,514,Blazed Nova,Master,84,121,,346,314
514,summoner-39003930,515,어쩌면,Master,84,98,,227,201
515,summoner-37145047,516,Gli,Master,84,108,,224,202
516,summoner-36512012,517,Body Those Fools,Master,84,92,,146,121
517,summoner-32004867,518,Alexandtheo,Master,84,77,,132,107
518,summoner-55815684,519,Deweyyy,Master,84,127,,113,80
519,summoner-76920234,520,Comminatory,Master,83,48,,67,32
520,summoner-51153743,521,Unreal Player,Master,80,49,,195,86
521,summoner-30575166,522,Locke Lamora,Master,79,133,,315,291
522,summoner-22341069,523,please plan ahea,Master,79,54,,166,132
523,summoner-65999120,524,MOKKORI,Master,78,69,,215,176
524,summoner-66419406,525,jookiie,Master,78,60,,140,100
525,summoner-38384168,526,SaltwaterScourge,Master,77,105,,236,208
526,summoner-20001980,527,BenjiStax,Master,77,65,,208,182
527,summoner-53339424,528,MeIo,Master,75,98,,305,251
528,summoner-90593491,529,Carthage,Master,75,67,,190,160
529,summoner-54845887,530,kyroo1,Master,75,108,,173,144
530,summoner-35336480,531,Outclass,Master,73,107,,396,376
531,summoner-23769101,532,Wazabiee,Master,72,96,,310,281
532,summoner-24391662,533,was good in s6,Master,71,106,,362,343
533,summoner-20132258,534,Doublelift,Master,71,78,,138,119
534,summoner-24153216,535,TwTvJakehoffmann,Master,70,104,,479,426
535,summoner-50521814,536,VelIeity,Master,70,118,,439,383
536,summoner-67709962,537,LostFizz,Master,70,129,,291,244
537,summoner-22742359,538,Magi1234,Master,70,92,,108,88
538,summoner-20220845,539,Nikkone,Master,67,95,,207,191
539,summoner-51678063,540,dumpa,Master,66,97,,300,270
540,summoner-20400026,541,Tèmpo,Master,62,103,,387,358
541,summoner-23702362,542,xRequiem,Master,62,86,,198,175
542,summoner-51046657,543,freyhacks,Master,62,68,,176,138
543,summoner-50759303,544,IWCrackinate,Master,62,55,,122,96
544,summoner-39933019,545,Taco,Master,42,60,,186,165
545,summoner-30314638,546,DarkWingsForSale,Master,61,82,,175,153
546,summoner-40432671,547,refiningg,Master,61,47,,124,77
547,summoner-36447212,548,AsianSGpotato,Master,61,122,,107,85
548,summoner-34961913,549,Dark Nostalgicee,Master,60,82,,343,306
549,summoner-77191631,550,Kítzuo,Master,60,99,,334,296
550,summoner-95729083,551,Known Dicer,Master,60,40,,75,52
551,summoner-82759189,552,Mar de Copas,Master,59,93,,296,278
552,summoner-129380,553,steeleye70,Master,58,84,,247,233
553,summoner-20886395,554,BeNice2EachOther,Master,58,97,,240,209
554,summoner-23414336,555,Went,Master,58,49,,139,93
555,summoner-37370762,556,Im Avi,Master,58,43,,105,50
556,summoner-78430986,557,Tony Mid,Master,57,73,,314,264
557,summoner-41989378,558,Lx1angTNT,Master,57,52,,122,96
558,summoner-20978232,559,ItsYourChoice,Master,56,109,,390,367
559,summoner-49089505,560,Solitified,Master,56,146,,370,321
560,summoner-19758519,561,MU Wolfe,Master,56,84,,193,170
561,summoner-27931416,562,PDS Zelt,Master,55,89,,286,270
562,summoner-31925096,563,OSTRlCH,Master,55,100,,247,212
563,summoner-19979141,564,Was Fun,Master,55,82,,191,166
564,summoner-86839671,565,Swifte1,Master,55,43,,101,55
565,summoner-23157360,566,PhillyFan,Master,54,110,,223,203
566,summoner-81859355,567,pandapants363,Master,54,41,,95,46
567,summoner-90342456,568,Tyto alba alba,Master,53,65,,185,141
568,summoner-35778585,569,Nimdle,Master,53,82,,184,159
569,summoner-29317015,570,cheisu,Master,51,64,,107,83
570,summoner-91959940,571,Thats Not Fervor,Master,50,69,,176,120
571,summoner-35122558,572,ChaseShaco,Master,50,61,,152,124
572,summoner-88702082,573,IlllIlIIIIII,Master,50,57,,151,127
573,summoner-48556616,574,DLQQ  418640110,Master,49,58,,97,67
574,summoner-46560088,575,DeDrater,Master,48,52,,144,107
575,summoner-71661569,576,Spin,Master,65,168,,245,215
576,summoner-19267108,577,Panunu,Master,46,90,,185,161
577,summoner-48211258,578,Spºoky,Master,46,90,,125,102
578,summoner-19134540,579,Voyboy,Master,44,146,,615,598
579,summoner-28454336,580,DarkX,Master,44,133,,462,437
580,summoner-19353105,581,Rekeri,Master,44,79,,227,201
581,summoner-19599117,582,Bes,Master,23,106,,227,206
582,summoner-92009905,583,show us de way,Master,44,49,,123,68
583,summoner-41213210,584,DrewDozer,Master,43,115,,313,272
584,summoner-75649166,585,Disagre3,Master,42,150,,520,500
585,summoner-19673077,586,Yoshi,Master,42,97,,311,289
586,summoner-83262877,587,SkinnierJGWins,Master,42,61,,194,176
587,summoner-46385711,588,Treysh,Master,41,97,,176,156
588,summoner-23887566,589,CookiesforSanta,Master,41,86,,102,77
589,summoner-19188557,590,Aurelıon sol,Master,20,73,,327,257
590,summoner-45520517,591,ioki,Master,40,100,,255,221
591,summoner-19806051,592,Str1fe,Master,40,89,,179,164
592,summoner-21289125,593,Łast Hit,Master,40,101,,136,109
593,summoner-44116382,594,7500dollar,Master,40,73,,259,185
594,summoner-325903,595,Aglow,Master,39,93,,205,179
595,summoner-51094671,596,Eivu,Master,38,84,,332,307
596,summoner-80670380,597,Týler,Master,38,145,,166,140
597,summoner-34557386,598,Good Boi,Master,37,138,,406,360
598,summoner-36776514,599,Reza Y Dispara,Master,37,49,,144,90
599,summoner-38334154,600,Shmekek,Master,36,99,,198,170
600,summoner-24801053,601,gLucy,Master,36,93,,131,111
601,summoner-90610341,602,only a feeling,Master,35,48,,108,75
602,summoner-21456134,603,say bye,Master,35,92,,75,55
603,summoner-78650221,604,GIVE ZWAG MID,Master,34,67,,228,184
604,summoner-75169835,605,Prødigious,Master,34,55,,156,120
605,summoner-65821215,606,i will make it,Master,34,64,,142,113
606,summoner-72749306,607,July4,Master,34,61,,125,105
607,summoner-47066009,608,ądc,Master,33,94,,197,162
608,summoner-35422510,609,The Kinjaz,Master,33,142,,140,101
609,summoner-67119126,610,BrownManDarius 2,Master,32,109,,459,421
610,summoner-43631740,611,Agent Frost,Master,32,202,,372,336
611,summoner-43774722,612,Nathaniel Mcgee,Master,32,108,,276,249
612,summoner-29653038,613,Winfield,Master,31,96,,153,132
613,summoner-85640077,614,LeEpicMemerino,Master,30,97,,267,246
614,summoner-40661961,615,The Tank Man,Master,29,99,,339,308
615,summoner-72379811,616,James Jeongˉ,Master,29,73,,264,216
616,summoner-50576811,617,its ok to be sad,Master,29,49,,82,57
617,summoner-92273259,618,mid 3,Master,28,93,,493,441
618,summoner-21343018,619,kek pepe,Master,28,87,,284,257
619,summoner-19537654,620,DEMIGOD,Master,28,125,,280,209
620,summoner-40758939,621,Dgkano,Master,28,104,,231,207
621,summoner-77350765,622,Zentinel,Master,28,60,,88,63
622,summoner-32016710,623,Noobkiller291,Master,27,111,,275,260
623,summoner-24292975,624,CHOKE ME 002,Master,27,78,,268,218
624,summoner-29699937,625,Kholin,Master,27,51,,145,122
625,summoner-20813251,626,Moelester Squad,Master,26,110,,373,355
626,summoner-76019310,627,Bulgarian Legend,Master,26,43,,103,68
627,summoner-20312461,628,Felfire,Master,25,109,,350,328
628,summoner-90839081,629,IIllIlIlIlIIIlll,Master,25,73,,217,199
629,summoner-27476501,630,Joju,Master,24,134,,453,436
630,summoner-88069141,631,DURA REMIX,Master,6,113,,408,384
631,summoner-75209208,632,Purrple Socks,Master,24,100,,364,337
632,summoner-38089165,633,SETNAVREC,Master,24,100,,235,211
633,summoner-43083155,634,Meals,Master,24,85,,112,83
634,summoner-21728063,635,tebomb2,Master,24,43,,58,27
635,summoner-19976104,636,Kkeptt,Master,23,51,,159,100
636,summoner-35570736,637,camtheham,Master,23,72,,157,130
637,summoner-74689287,638,IlIIlIlIlIlIIl,Master,22,52,,171,131
638,summoner-20559843,639,Tol Ko Russkiy,Master,21,109,,209,175
639,summoner-91647488,640,LL Justice,Master,40,65,,200,150
640,summoner-19617276,641,OPW,Master,21,57,,112,94
641,summoner-64793095,642,Ttv fwiizone,Master,21,50,,44,12
642,summoner-22192687,643,Gweiss,Master,20,156,,452,440
643,summoner-34865135,644,Tadae,Master,20,91,,248,211
644,summoner-22129599,645,pick lulu or int,Master,20,40,,91,43
645,summoner-34563833,646,Clasiik,Master,19,125,,406,380
646,summoner-50731308,647,ShrektangIe,Master,19,97,,232,199
647,summoner-25599243,648,WsT Goxtry,Master,19,69,,135,118
648,summoner-20032190,649,VanillaHomocide,Master,18,136,,245,219
649,summoner-67872603,650,Kailhua,Master,18,81,,160,134
650,summoner-94390722,651,lobzik005,Master,18,49,,106,61
651,summoner-27211338,652,lorenzofast,Master,16,114,,144,117
652,summoner-75169605,653,twitchtv Eoba,Master,16,58,,134,98
653,summoner-30709643,654,Jazzawhitz,Master,16,55,,108,79
654,summoner-30184991,655,Big Daddy Ed,Master,15,120,,649,620
655,summoner-45668239,656,KillerUnit,Master,15,136,,452,436
656,summoner-61925463,657,Wixxi,Master,15,94,,178,152
657,summoner-58608963,658,My First Love,Master,13,121,,155,131
658,summoner-265174,659,Thien Chau1,Master,12,79,,297,272
659,summoner-47692546,660,HumanCentipedes,Master,12,75,,207,188
660,summoner-50983694,661,OpenBaepack,Master,12,59,,122,91
661,summoner-19979867,662,boom u dead,Master,10,87,,154,121
662,summoner-46702979,663,Redrouger,Master,9,129,,459,414
663,summoner-32627897,664,Potty,Master,9,111,,314,282
664,summoner-28879653,665,Fiddle Jungle,Master,9,84,,223,198
665,summoner-34109087,666,Rem,Master,9,83,,194,173
666,summoner-45795786,667,Veiv,Master,7,138,,481,452
667,summoner-29535209,668,A Good Sir,Master,6,79,,142,119
668,summoner-67089674,669,DLQQ 459680082,Master,6,48,,117,84
669,summoner-89060974,670,uninspired tool,Master,6,47,,85,57
670,summoner-30307001,671,Turc,Master,5,85,,197,181
671,summoner-20159275,672,Pyroen,Master,2,115,,372,347
672,summoner-48443712,673,ChaosRain,Master,1,129,,475,451
673,summoner-39574816,674,Joe Dredd,Master,1,65,,195,162
674,summoner-21629269,675,Beny,Master,1,60,,140,115
675,summoner-53310208,676,JUYOUSO,Master,0,196,,1094,1026
676,summoner-74699197,677,Myn Dosa,Master,0,147,,644,625
677,summoner-89259101,678,SON OF KILLY,Master,0,115,,557,533
678,summoner-52436254,679,ShákaZulu,Master,0,102,,547,466
679,summoner-20794181,680,vStarzzz,Master,0,119,,480,460
680,summoner-45101564,681,dmario7,Master,0,87,,451,429
681,summoner-21295651,682,Papìllon,Master,0,101,,441,421
682,summoner-138243,683,Kimchi the Cat,Master,0,137,,433,407
683,summoner-39833053,684,Chase Kip,Master,0,139,,391,366
684,summoner-35261170,685,DoughnutDrew,Master,0,129,,356,339
685,summoner-23679160,686,Barry Buggles,Master,0,127,,356,322
686,summoner-32360751,687,Frostynomad,Master,0,93,,355,337
687,summoner-24237029,688,im Ahj,Master,0,114,,352,315
688,summoner-27664334,689,Rëol,Master,0,100,,330,306
689,summoner-31209421,690,Captain Nuke,Master,0,87,,310,294
690,summoner-25354620,691,Do u kno da whey,Master,0,77,,307,282
691,summoner-20350623,692,Guess da number,Master,0,94,,295,275
692,summoner-42239629,693,NoticedMeSenpai,Master,0,111,,283,260
693,summoner-78670850,694,twtv Lohpally,Master,0,85,,279,253
694,summoner-81685036,695,TWTV donmatlol,Master,0,77,,278,251
695,summoner-31233054,696,THE Jons,Master,0,90,,271,249
696,summoner-76463232,697,CLG Ravey,Master,0,72,,252,229
697,summoner-35095512,698,Enrique5pe,Master,0,76,,244,213
698,summoner-28640868,699,PandaSean,Master,0,83,,224,183
699,summoner-20832166,700,Chubymonkey,Master,0,78,,217,194
700,summoner-59991269,701,Neko Nico Nii,Master,0,61,,211,171
701,summoner-47772583,702,A Noisy Aunt,Master,0,93,,192,159
702,summoner-35219566,703,Inteare hasta D5,Master,0,63,,182,168
703,summoner-89039212,704,Internecinus,Master,0,231,,174,129
704,summoner-48310516,705,Pyeong Chang,Master,0,74,,174,145
705,summoner-31291239,706,Akeelo,Master,0,67,,164,136
706,summoner-39181040,707,DorkLS,Master,0,96,,160,136
707,summoner-39642481,708,Beyoutiful,Master,0,128,,153,134
708,summoner-94849180,709,Ryleo,Master,0,49,,144,88
709,summoner-39480396,710,A Ganker,Master,0,82,,138,111
710,summoner-34665452,711,Tomoebi,Master,0,106,,132,106
711,summoner-45660180,712,Horseie,Master,0,68,,130,103
712,summoner-21705406,713,Link,Master,0,57,,129,101
713,summoner-23450268,714,GTL,Master,0,72,,126,88
714,summoner-20755388,715,TFW Shupian,Master,0,69,,126,89
715,summoner-39630512,716,davidroo,Master,0,78,,119,97
716,summoner-35798660,717,Plabatey,Master,0,90,,118,96
717,summoner-45000894,718,k2c,Master,0,57,,116,96
718,summoner-85660385,719,mental boomin,Master,0,45,,113,84
719,summoner-375919,720,toez,Master,0,53,,108,92
720,summoner-50208688,721,TC porsche,Master,0,104,,108,70
721,summoner-22922261,722,yak0,Master,0,60,,104,84
722,summoner-89259289,723,Bobbyˉ,Master,0,124,,100,74
723,summoner-55619439,724,Melyn,Master,0,55,,100,74
724,summoner-44512813,725,Nickchiponfire,Master,0,125,,91,63
725,summoner-19661419,726,HoloLO2,Master,0,43,,88,44
726,summoner-21957142,727,dog2 mf,Master,0,41,,81,51
727,summoner-20131827,728,Frostalicious,Master,0,60,,77,56
728,summoner-564332,729,wow nice meta,Master,0,40,,76,35
729,summoner-36448225,730,gnarlysoup,Master,0,39,,67,25
730,summoner-79940819,731,ps 01,Diamond 1,100,102,,489,468
731,summoner-24762213,732,Devolve,Diamond 1,100,127,,378,325
732,summoner-32355,733,AquaBlue,Diamond 1,100,109,,375,353
733,summoner-22178565,734,Swoofyy,Diamond 1,100,89,,368,333
734,summoner-19723788,735,Mozzyy,Diamond 1,81,108,,355,331
735,summoner-94189199,736,pu capable,Diamond 1,100,77,,353,333
736,summoner-40242205,737,Shalissa,Diamond 1,100,105,,351,323
737,summoner-47219230,738,Hi im Trixter,Diamond 1,100,96,,344,321
738,summoner-29602532,739,CoreTienZ,Diamond 1,100,109,,337,319
739,summoner-20510650,740,oO Scorpz Oo,Diamond 1,100,95,,323,296
740,summoner-19594516,741,Tainted By LoL,Diamond 1,100,94,,311,287
741,summoner-20037104,742,ShizzleD94,Diamond 1,100,76,,298,273
742,summoner-21998704,743,Birds cant fly,Diamond 1,100,102,,294,270
743,summoner-52282689,744,Çhançe,Diamond 1,100,114,,292,247
744,summoner-20139406,745,Marshed,Diamond 1,100,142,,282,257
745,summoner-19161840,746,Arthin,Diamond 1,100,143,,269,247
746,summoner-36761613,747,walang elo,Diamond 1,100,89,,261,244
747,summoner-53152792,748,The Crab Hunter,Diamond 1,100,103,,242,216
748,summoner-40036262,749,TF Blade,Diamond 1,100,72,,241,185
749,summoner-50791128,750,Zahnet,Diamond 1,100,99,,213,188
750,summoner-21092237,751,Screamer,Diamond 1,100,89,,205,186
751,summoner-22079480,752,Boyfriend,Diamond 1,100,75,,201,184
752,summoner-21214027,753,Shawner,Diamond 1,100,109,,200,182
753,summoner-19838545,754,Moontail,Diamond 1,100,59,,183,141
754,summoner-19969614,755,ExecutionerK,Diamond 1,100,58,,140,119
755,summoner-21701239,756,bobqinXD,Diamond 1,100,57,,135,114
756,summoner-20611031,757,An Obese Panda,Diamond 1,100,98,,129,113
757,summoner-93269098,758,decentplayer53,Diamond 1,100,46,,117,86
758,summoner-81041277,759,Myth of Bulgaria,Diamond 1,100,46,,116,77
759,summoner-40017716,760,Choisix,Diamond 1,100,58,,114,84
760,summoner-75949134,761,go barpo,Diamond 1,90,48,,112,80
761,summoner-19128116,762,yade or yade,Diamond 1,100,63,,101,80
762,summoner-24509336,763,Spect,Diamond 1,100,63,,79,57
763,summoner-34753465,764,Ayukura,Diamond 1,100,48,,78,57
764,summoner-20678849,765,I onIy Top,Diamond 1,100,65,,75,56
765,summoner-34983603,766,Licorice,Diamond 1,100,69,,74,59
766,summoner-48991794,767,Jas,Diamond 1,100,45,,73,47
767,summoner-95139141,768,eydflt,Diamond 1,100,39,,69,45
768,summoner-536071,769,StarWhale,Diamond 1,100,40,,54,24
769,summoner-44989337,770,C9 Gun,Diamond 1,100,41,,45,17
770,summoner-38384984,771,Ez Tangerine,Diamond 1,99,79,,248,215
771,summoner-141846,772,illlllliiiiiiii,Diamond 1,98,52,,190,140
772,summoner-24982864,773,S8 TOP 3 LCS ADC,Diamond 1,98,55,,94,67
773,summoner-32319695,774,Äye,Diamond 1,97,68,,161,42
774,summoner-81859385,775,Ineedtogetbetter,Diamond 1,97,66,,132,111
775,summoner-20203681,776,JoopsaKid,Diamond 1,97,68,,130,105
776,summoner-47189094,777,Aconda,Diamond 1,97,83,,66,44
777,summoner-69000521,778,Koreas Dog,Diamond 1,96,50,,156,114
778,summoner-38911306,779,NotBaka,Diamond 1,95,90,,292,270
779,summoner-19592869,780,zhúang,Diamond 1,95,70,,143,125
780,summoner-23556001,781,PandaBaozi,Diamond 1,95,72,,135,114
781,summoner-19453586,782,Im so nusty,Diamond 1,95,62,,130,104
782,summoner-64972786,783,Day 31,Diamond 1,94,99,,271,241
783,summoner-34057485,784,Routé,Diamond 1,94,73,,58,42
784,summoner-25402474,785,Rainier S,Diamond 1,92,98,,477,443
785,summoner-37475736,786,WickedWazer,Diamond 1,92,74,,177,143
786,summoner-90331209,787,La Voix Junior,Diamond 1,92,66,,137,96
787,summoner-34603011,788,Aavhin,Diamond 1,92,98,,136,111
788,summoner-30563611,789,Chou Tzuyuu,Diamond 1,91,164,,327,313
789,summoner-19804632,790,Forest Within,Diamond 1,90,83,,428,355
790,summoner-24879976,791,iNerto,Diamond 1,90,87,,426,363
791,summoner-25119283,792,Donmat,Diamond 1,90,104,,322,304
792,summoner-20262759,793,Enryoo,Diamond 1,90,88,,284,256
793,summoner-21623482,794,raroraro,Diamond 1,90,101,,248,215
794,summoner-20024227,795,Romanium,Diamond 1,90,94,,238,220
795,summoner-76602920,796,Snackbar123,Diamond 1,90,78,,210,187
796,summoner-446965,797,Ablazeolive,Diamond 1,90,72,,194,166
797,summoner-89579226,798,Zarashii,Diamond 1,90,81,,148,110
798,summoner-24550000,799,TherapyTrance,Diamond 1,90,54,,140,117
799,summoner-37356075,800,mac diller,Diamond 1,90,69,,131,105
800,summoner-43197599,801,Sharp and Cold,Diamond 1,90,46,,124,66
801,summoner-42762376,802,peaceminusøne,Diamond 1,90,63,,115,75
802,summoner-20785373,803,top lane eboy,Diamond 1,90,56,,112,87
803,summoner-40938801,804,ioan,Diamond 1,90,93,,103,89
804,summoner-21238911,805,Sickoscott,Diamond 1,90,46,,99,75
805,summoner-39028853,806,Kaipop,Diamond 1,90,71,,91,62
806,summoner-22190336,807,Zenoncas,Diamond 1,90,59,,89,68
807,summoner-32459532,808,Cárpe Diem,Diamond 1,90,60,,83,69
808,summoner-34771983,809,Diivinity,Diamond 1,90,48,,78,58
809,summoner-95190847,810,Rist,Diamond 1,90,37,,77,34
810,summoner-90679261,811,bagelbrother71,Diamond 1,90,64,,76,53
811,summoner-460518,812,Holy Serenity,Diamond 1,90,51,,72,49
812,summoner-19882392,813,Itsfwii,Diamond 1,90,45,,64,38
813,summoner-65239176,814,Sejanus,Diamond 1,90,67,,45,20
814,summoner-31440065,815,PRoHAppyCAmper,Diamond 1,89,74,,217,190
815,summoner-76939686,816,bão zi,Diamond 1,89,122,,115,76
816,summoner-93731193,817,NILES 1V9,Diamond 1,89,43,,100,52
817,summoner-64199965,818,Youuuuuuuuuuuuu,Diamond 1,89,66,,86,60
818,summoner-19068435,819,Midorima,Diamond 1,88,130,,488,471
819,summoner-37091701,820,sad idiot loser,Diamond 1,88,161,,346,326
820,summoner-25880450,821,Dreamland,Diamond 1,88,81,,166,138
821,summoner-30622607,822,Z9 Bánh Tiêu,Diamond 1,88,103,,111,92
822,summoner-20429469,823,Adrian Riven,Diamond 1,87,112,,355,323
823,summoner-46316160,824,yandere suzy,Diamond 1,87,65,,225,199
824,summoner-30453138,825,topsologg,Diamond 1,86,123,,385,365
825,summoner-21861110,826,TyÌer,Diamond 1,86,76,,119,92
826,summoner-24934464,827,5 Stacks GG,Diamond 1,86,61,,96,73
827,summoner-60720984,828,Yîkês,Diamond 1,85,106,,258,180
828,summoner-53094540,829,Notzu,Diamond 1,85,144,,179,159
829,summoner-92979098,830,iam THATT,Diamond 1,85,35,,50,26
830,summoner-35368931,831,2K games jungler,Diamond 1,84,177,,1062,1027
831,summoner-37827053,832,KiNG Nidhogg,Diamond 1,84,83,,179,160
832,summoner-42172450,833,Williammm,Diamond 1,84,90,,129,110
833,summoner-78593412,834,MelonMan32,Diamond 1,84,48,,121,85
834,summoner-23296106,835,Recommisioner,Diamond 1,84,51,,94,68
835,summoner-43235320,836,Rocket Rhino,Diamond 1,83,115,,251,233
836,summoner-92539882,837,Kaisa player1,Diamond 1,83,48,,147,92
837,summoner-37327350,838,Bryce Walker,Diamond 1,83,42,,118,65
838,summoner-168921,839,sakurafloret,Diamond 1,83,47,,117,75
839,summoner-47564545,840,North KR Veigar,Diamond 1,83,44,,84,48
840,summoner-69669605,841,VCc,Diamond 1,82,132,,294,259
841,summoner-53026797,842,Jayton,Diamond 1,81,143,,469,451
842,summoner-90143499,843,Optimal gameplay,Diamond 1,81,83,,230,168
843,summoner-46127893,844,NoMercy,Diamond 1,81,46,,90,74
844,summoner-91492050,845,boosted to d5,Diamond 1,44,97,,449,405
845,summoner-67019274,846,o Cero o,Diamond 1,80,67,,138,112
846,summoner-21451895,847,Namê,Diamond 1,79,140,,530,511
847,summoner-22394277,848,Quy Dep Trai,Diamond 1,79,107,,421,394
848,summoner-24724018,849,Willie fkn P,Diamond 1,79,78,,394,352
849,summoner-83077100,850,Šmurƒ,Diamond 1,79,71,,139,124
850,summoner-76190053,851,Muting You,Diamond 1,79,117,,99,66
851,summoner-66423914,852,IceCreamPaintJob,Diamond 1,78,115,,199,173
852,summoner-34243185,853,Volt,Diamond 1,78,121,,103,59
853,summoner-90812124,854,Hmmmmmmmmmmmmmm,Diamond 1,77,89,,383,327
854,summoner-60181263,855,MaRiTiMuS,Diamond 1,77,105,,276,255
855,summoner-24980187,856,Crynopsa,Diamond 1,77,115,,143,114
856,summoner-28501854,857,Shmeeblez,Diamond 1,77,63,,121,101
857,summoner-87230278,858,Not2Clean,Diamond 1,76,140,,521,508
858,summoner-22434579,859,Ensign Ledo,Diamond 1,76,161,,426,423
859,summoner-20227573,860,BukZacH,Diamond 1,76,96,,362,348
860,summoner-47812413,861,WatermelonWombat,Diamond 1,76,88,,299,232
861,summoner-32381672,862,Måra,Diamond 1,76,120,,117,93
862,summoner-27726049,863,Methazine,Diamond 1,76,36,,58,14
863,summoner-88490180,864,Sophist Ságe,Diamond 1,75,124,,717,679
864,summoner-22328535,865,PrabhablyShaco,Diamond 1,75,118,,477,450
865,summoner-50668976,866,WhyzEStealZ,Diamond 1,75,91,,422,389
866,summoner-23480550,867,Yammy,Diamond 1,75,116,,343,320
867,summoner-36388055,868,Curtains,Diamond 1,75,108,,331,317
868,summoner-30045762,869,Kumo9,Diamond 1,75,93,,320,290
869,summoner-72409957,870,Galalalalalalala,Diamond 1,75,87,,302,264
870,summoner-19259932,871,Geranimo,Diamond 1,75,89,,280,250
871,summoner-20202108,872,CLA Tuesday,Diamond 1,75,72,,274,270
872,summoner-74673,873,NintendudeX,Diamond 1,75,72,,270,250
873,summoner-50877721,874,Doubtfull,Diamond 1,75,81,,262,230
874,summoner-66659941,875,From Zero,Diamond 1,75,74,,261,225
875,summoner-35129076,876,Failattempts,Diamond 1,75,110,,238,111
876,summoner-90043610,877,Bebop Robopop,Diamond 1,75,66,,230,170
877,summoner-93529573,878,midIane hokage,Diamond 1,75,59,,218,154
878,summoner-48361472,879,awestruck,Diamond 1,75,69,,218,186
879,summoner-58613779,880,Organ,Diamond 1,75,71,,206,186
880,summoner-24853635,881,unfail,Diamond 1,75,79,,205,174
881,summoner-24777351,882,LMQ tc Mor,Diamond 1,75,93,,205,171
882,summoner-77549273,883,Top 1 Percent,Diamond 1,75,61,,203,157
883,summoner-26051120,884,Modx,Diamond 1,75,70,,202,177
884,summoner-36484792,885,TwitchTV Hesper,Diamond 1,75,97,,196,168
885,summoner-22870365,886,Kékvin,Diamond 1,75,88,,195,164
886,summoner-72411076,887,Kobe Brýant,Diamond 1,75,70,,188,168
887,summoner-30972130,888,Yamikaze,Diamond 1,75,92,,175,137
888,summoner-79249642,889,pls notice me,Diamond 1,75,59,,174,131
889,summoner-20056332,890,Lerky,Diamond 1,75,81,,173,134
890,summoner-35415473,891,Yamíkaze,Diamond 1,75,61,,166,130
891,summoner-90391509,892,KING GEEDØRAH,Diamond 1,75,53,,156,120
892,summoner-49159160,893,Søren Bjerg,Diamond 1,75,63,,153,119
893,summoner-92659419,894,Spaghettibud9,Diamond 1,75,48,,148,118
894,summoner-68603405,895,Keegun,Diamond 1,75,52,,147,129
895,summoner-40272268,896,cackgod,Diamond 1,75,52,,144,118
896,summoner-19224197,897,Sothis,Diamond 1,75,48,,135,100
897,summoner-56901374,898,YIlIlIlIlI,Diamond 1,75,63,,135,92
898,summoner-76379684,899,MØNG GUU,Diamond 1,75,57,,134,112
899,summoner-37832463,900,Eitori,Diamond 1,75,66,,133,112
900,summoner-38286837,901,lCANTFEELMYFACE,Diamond 1,75,55,,129,96
901,summoner-60100307,902,The Sõul,Diamond 1,75,188,,122,69
902,summoner-96202,903,no talk player,Diamond 1,75,45,,121,79
903,summoner-19689584,904,TCLB Zaıven,Diamond 1,75,44,,118,65
904,summoner-22014010,905,Manifest,Diamond 1,75,55,,113,86
905,summoner-20909540,906,Susskind,Diamond 1,75,111,,112,91
906,summoner-292926,907,Super Metroid,Diamond 1,75,46,,110,88
907,summoner-65202347,908,missing him,Diamond 1,75,52,,110,78
908,summoner-87639506,909,LOLOLOLOLOL,Diamond 1,75,49,,110,84
909,summoner-23479635,910,NoahMost,Diamond 1,75,78,,107,80
910,summoner-20598223,911,EloDaddy 5foot6,Diamond 1,75,85,,104,74
911,summoner-87002706,912,Zheng Jiale,Diamond 1,75,64,,104,64
912,summoner-90033335,913,Chody,Diamond 1,75,42,,103,53
913,summoner-83280766,914,Ogilos,Diamond 1,75,52,,100,67
914,summoner-94912080,915,Makou,Diamond 1,75,41,,96,46
915,summoner-70200582,916,Töxic Player,Diamond 1,75,95,,94,44
916,summoner-20602165,917,Lets Win This,Diamond 1,75,73,,93,71
917,summoner-48031860,918,GeneralChiefy,Diamond 1,75,51,,92,72
918,summoner-56497084,919,FrostForest,Diamond 1,75,89,,89,72
919,summoner-89241712,920,AR suppressor,Diamond 1,75,51,,89,60
920,summoner-41212309,921,Ineffabilis,Diamond 1,75,43,,84,43
921,summoner-24741016,922,L9B,Diamond 1,75,40,,84,45
922,summoner-94869407,923,TacticalBaconz,Diamond 1,75,41,,79,35
923,summoner-93630935,924,Wanhëda,Diamond 1,75,41,,68,28
924,summoner-38777079,925,Camp Out,Diamond 1,75,99,,67,49
925,summoner-95439135,926,IIIIlllIIllI,Diamond 1,75,38,,65,44
926,summoner-22277779,927,G U CK F O S U,Diamond 1,75,39,,64,28
927,summoner-46239231,928,Hyorimaru,Diamond 1,75,47,,64,36
928,summoner-22325691,929,Yotsume,Diamond 1,75,39,,63,36
929,summoner-19647481,930,Rathma,Diamond 1,75,68,,61,34
930,summoner-24390734,931,yrots das,Diamond 1,75,47,,60,36
931,summoner-89231945,932,ozkai47461,Diamond 1,74,173,,863,839
932,summoner-21429782,933,Exchangé,Diamond 1,74,142,,518,504
933,summoner-21207070,934,Oh Nowen,Diamond 1,74,107,,273,229
934,summoner-22657478,935,NotTheRealPhilip,Diamond 1,74,95,,238,215
935,summoner-64825900,936,wet noodIe fight,Diamond 1,74,44,,77,57
936,summoner-35530571,937,Must be níce,Diamond 1,74,85,,54,37
937,summoner-32423195,938,JUST A LEGEND123,Diamond 1,73,84,,239,217
938,summoner-38780657,939,Freeverse,Diamond 1,73,94,,186,165
939,summoner-25851366,940,Arbez,Diamond 1,73,84,,177,151
940,summoner-29360758,941,Fwiendly Whyin,Diamond 1,65,83,,147,120
941,summoner-50392032,942,Requital,Diamond 1,73,62,,137,113
942,summoner-25328716,943,esrgjnkjnkbdfdsg,Diamond 1,72,103,,429,415
943,summoner-27798233,944,Just Jayce,Diamond 1,72,66,,176,150
944,summoner-32701496,945,Emphasis,Diamond 1,72,74,,155,127
945,summoner-57029179,946,HotGuy6Pack,Diamond 1,72,51,,148,103
946,summoner-39877990,947,LoNeLy Noo,Diamond 1,72,94,,141,121
947,summoner-96849781,948,Pahn,Diamond 1,72,44,,126,86
948,summoner-38862851,949,ClamSparkle,Diamond 1,72,58,,117,92
949,summoner-30987150,950,WakaWakaMF,Diamond 1,72,69,,100,80
950,summoner-34469182,951,nbzoJ98LeiA,Diamond 1,72,56,,100,77
951,summoner-21645177,952,Ricominciare,Diamond 1,72,49,,88,50
952,summoner-39760302,953,CoolE,Diamond 1,71,112,,344,325
953,summoner-44076143,954,Aetherax,Diamond 1,71,119,,258,232
954,summoner-81051962,955,roguebunny0,Diamond 1,71,116,,239,189
955,summoner-51289083,956,Babylola,Diamond 1,71,80,,233,213
956,summoner-21836856,957,xFSN Rin,Diamond 1,71,72,,198,182
957,summoner-51580106,958,1Self,Diamond 1,71,65,,185,157
958,summoner-40381228,959,IX VANQUISH,Diamond 1,71,68,,142,113
959,summoner-26379781,960,Sonny2o9,Diamond 1,71,90,,116,98
960,summoner-30831157,961,SGP Crustaoy,Diamond 1,70,100,,227,204
961,summoner-58421117,962,Shroudedd,Diamond 1,70,69,,170,157
962,summoner-39709909,963,Breezyyy,Diamond 1,70,85,,161,137
963,summoner-30099707,964,Kuderic,Diamond 1,70,81,,121,91
964,summoner-32929410,965,Lord Zxyc,Diamond 1,70,105,,116,95
965,summoner-19761072,966,Xmithie,Diamond 1,70,70,,109,91
966,summoner-20082683,967,Quantum Fizzics,Diamond 1,70,49,,95,79
967,summoner-24588334,968,Venusaur,Diamond 1,70,74,,61,43
968,summoner-49389151,969,Bíshop,Diamond 1,69,113,,394,351
969,summoner-23202624,970,METAL CHOCOB0,Diamond 1,69,85,,235,208
970,summoner-68779112,971,tubby boy,Diamond 1,69,113,,164,142
971,summoner-54963047,972,I Keep It Taco,Diamond 1,69,92,,102,86
972,summoner-92949232,973,L 5 22 9,Diamond 1,68,92,,475,417
973,summoner-25312572,974,a Pokeball,Diamond 1,68,131,,471,448
974,summoner-20420483,975,ecco,Diamond 1,68,123,,365,351
975,summoner-88069178,976,Sense2lol TwTV,Diamond 1,68,69,,208,188
976,summoner-5908,977,Dyrus,Diamond 1,68,74,,156,133
977,summoner-23618711,978,ƒaith,Diamond 1,68,89,,143,125
978,summoner-68469260,979,B0dydrop,Diamond 1,68,56,,99,70
979,summoner-35021554,980,Yuki Bunny,Diamond 1,68,126,,84,65
980,summoner-23839871,981,Riot Xyrox,Diamond 1,67,77,,272,243
981,summoner-31644236,982,Hyz,Diamond 1,67,78,,226,209
982,summoner-25117400,983,Kiryu Moeka,Diamond 1,67,73,,165,123
983,summoner-59549889,984,TCLB Emperor,Diamond 1,67,46,,148,65
984,summoner-88379903,985,RNG Nebee,Diamond 1,67,64,,141,112
985,summoner-25888946,986,Galalalalalala,Diamond 1,67,67,,131,95
986,summoner-90121918,987,Vuhkeltruukt,Diamond 1,67,44,,107,60
987,summoner-29174723,988,Maritzol,Diamond 1,67,87,,85,60
988,summoner-60269974,989,Locs,Diamond 1,67,94,,74,52
989,summoner-20476893,990,DJ Y4ssin,Diamond 1,66,160,,488,469
990,summoner-19812679,991,Lava,Diamond 1,66,130,,440,441
991,summoner-92659336,992,makedpgreatagain,Diamond 1,66,74,,280,253
992,summoner-20774944,993,Renai Kinshi,Diamond 1,65,113,,308,294
993,summoner-47547430,994,CallMeExiled,Diamond 1,65,95,,278,259
994,summoner-40889526,995,canadia2,Diamond 1,65,84,,272,248
995,summoner-26786246,996,Dawn Bréak,Diamond 1,65,72,,194,169
996,summoner-50229422,997,Mercury,Diamond 1,65,85,,145,128
997,summoner-25409596,998,CabraSafado,Diamond 1,65,58,,120,111
998,summoner-41668518,999,Erick Dota,Diamond 1,64,181,,804,779
999,summoner-37152831,1000,On My Ping,Diamond 1,64,101,,482,452
