#timestamp 1530014445686
#date 2018-06-26T12:00:45+00:00
#players 1000
#index,id,rank,name,tier,lp,level,proTeam,win,loss
0,summoner-12190942,1,MMM REMIND,Challenger,1198,47,,146,93
1,summoner-11460164,2,BMR TIger987,Challenger,1182,98,,343,295
2,summoner-11460126,3,BMR Sleeping,Challenger,1145,100,,314,272
3,summoner-11370132,4,sp18,Challenger,1117,54,,184,134
4,summoner-11350137,5,Lakiaro,Challenger,1028,49,,134,87
5,summoner-473922,6,Phantiksˉ,Challenger,1005,48,,139,94
6,summoner-11360138,7,Monkey D Ryoma,Challenger,1003,59,,198,152
7,summoner-2651026,8,NishiZhuma,Challenger,965,57,,186,131
8,summoner-4380973,9,Phantiks OuO,Challenger,961,64,,164,126
9,summoner-297478,10,weixin s5683169,Challenger,940,72,,189,135
10,summoner-11350138,11,ORD Swiffer,Challenger,885,65,,246,196
11,summoner-5895478,12,Monkey D Mitch,Challenger,878,64,,194,148
12,summoner-1530604,13,ORD Ming,Challenger,873,74,,195,146
13,summoner-381031,14,AresXd,Challenger,859,48,,118,76
14,summoner-890259,15,Shok,Challenger,866,92,,224,191
15,summoner-274464,16,Phantiks,Challenger,833,47,,128,89
16,summoner-5935237,17,Gon123,Challenger,783,76,,294,256
17,summoner-229825,18,Apink Bomi2,Challenger,796,66,,207,175
18,summoner-929978,19,Fudge,Challenger,797,120,,444,410
19,summoner-3150942,20,QQ854166019,Challenger,763,89,,353,313
20,summoner-444311,21,SSG Decoy,Challenger,758,73,,141,117
21,summoner-233854,22,Gðku,Challenger,752,70,,189,160
22,summoner-10811838,23,Babo Beongsin JH,Challenger,739,62,,98,67
23,summoner-735088,24,tlxjkgcpl17717,Challenger,752,70,,225,188
24,summoner-493127,25,Eyla,Challenger,709,98,,169,146
25,summoner-8010384,26,Guts,Challenger,700,124,,420,389
26,summoner-952670,27,Praelus,Challenger,698,85,,185,158
27,summoner-10061365,28,EMP Chazz,Challenger,680,63,,194,157
28,summoner-11360141,29,Rotomairewhenua,Challenger,656,64,,151,116
29,summoner-571021,30,Wherearewe,Challenger,655,65,,183,155
30,summoner-11360145,31,ORD Uzi,Challenger,647,50,,160,96
31,summoner-11370136,32,ˆˉˇˉ,Challenger,619,42,,89,55
32,summoner-601923,33,INT Haeri,Challenger,593,124,,265,240
33,summoner-620972,34,Better on Top,Challenger,593,100,,178,158
34,summoner-456280,35,Terrath,Challenger,592,105,,284,243
35,summoner-10071209,36,Ai no misete,Challenger,583,54,,144,113
36,summoner-510102,37,obito1,Challenger,574,72,,244,219
37,summoner-432291,38,Sybol,Challenger,563,75,,195,175
38,summoner-11350133,39,NMSLWSNDHJYZ,Challenger,604,49,,131,104
39,summoner-483862,40,Cuden 1,Challenger,550,106,,216,199
40,summoner-494121,41,ry0ma,Challenger,539,46,,119,84
41,summoner-578793,42,Coachboo,Challenger,530,74,,173,156
42,summoner-801178,43,Chippys,Challenger,502,64,,186,171
43,summoner-11690394,44,b1waC,Challenger,508,63,,219,165
44,summoner-303763,45,MAKE OUT HILLXXX,Challenger,490,81,,261,252
45,summoner-5910870,46,you will miss me,Challenger,501,67,,238,208
46,summoner-445723,47,Hotchelli,Challenger,499,92,,269,242
47,summoner-316587,48,Praedvth,Challenger,489,86,,173,145
48,summoner-11970252,49,apiiii,Challenger,485,58,,182,126
49,summoner-569466,50,msdnb12 23 n1,Challenger,467,100,,350,334
50,summoner-991093,51,Jenkins,Challenger,460,134,,239,217
51,summoner-472833,52,siuman,Challenger,457,71,,232,214
52,summoner-4961001,53,alexxxxxx,Challenger,452,58,,134,108
53,summoner-2572199,54,41095,Challenger,451,88,,134,103
54,summoner-301731,55,Mog,Challenger,440,115,,419,414
55,summoner-11001000,56,BITCONNEEEEEEECT,Challenger,449,73,,191,134
56,summoner-3131580,57,Utopia,Challenger,447,111,,341,320
57,summoner-5741616,58,Msituay,Challenger,444,53,,165,119
58,summoner-291848,59,Feint,Challenger,443,86,,193,174
59,summoner-507474,60,BeeShoe,Challenger,438,76,,239,207
60,summoner-1332943,61,Panda ouo,Challenger,432,75,,150,130
61,summoner-577995,62,Uther,Challenger,427,53,,97,70
62,summoner-12240938,63,seo hanbit,Challenger,443,38,,61,30
63,summoner-11360144,64,Monkey Madness,Challenger,403,58,,197,177
64,summoner-8930124,65,LTZevil is back,Challenger,413,64,,98,76
65,summoner-12130716,66,no habla ingles,Challenger,430,45,,125,75
66,summoner-633527,67,Netsky,Challenger,404,80,,271,245
67,summoner-230726,68,BioPanther,Challenger,422,117,,172,160
68,summoner-11370125,69,No Talent Player,Challenger,402,49,,132,110
69,summoner-239897,70,Getback,Challenger,401,127,,333,323
70,summoner-11370134,71,amok,Challenger,396,47,,108,93
71,summoner-5831171,72,KRdoink,Challenger,395,93,,141,118
72,summoner-724526,73,WÆN,Challenger,385,64,,157,107
73,summoner-564778,74,Omnî,Challenger,382,121,,612,603
74,summoner-8521226,75,Dream111,Challenger,379,75,,254,215
75,summoner-9730774,76,w1ndzera234,Challenger,364,56,,142,115
76,summoner-3661252,77,Rédemption,Challenger,363,69,,181,161
77,summoner-232632,78,Cheezels,Challenger,351,84,,231,188
78,summoner-8524790,79,Big Dobes,Challenger,343,72,,239,200
79,summoner-293743,80,Lily,Challenger,340,114,,344,320
80,summoner-11050315,81,GellyCub,Challenger,336,116,,383,364
81,summoner-11720163,82,Arbitux,Challenger,335,89,,179,151
82,summoner-276531,83,Mihuhi,Challenger,315,113,,264,247
83,summoner-328401,84,Oikawa Tooru,Challenger,326,127,,210,193
84,summoner-399995,85,Draqon,Challenger,323,98,,217,215
85,summoner-311555,86,Vans,Challenger,322,103,,119,99
86,summoner-317688,87,Big Brain Wil,Challenger,321,89,,152,143
87,summoner-2752573,88,retributionˉ,Challenger,319,63,,217,132
88,summoner-604210,89,e g ý m,Challenger,319,74,,184,169
89,summoner-3560761,90,Small bubble,Challenger,319,72,,109,95
90,summoner-1891503,91,TheLilTeaPot,Challenger,313,70,,194,152
91,summoner-457370,92,Thiên,Challenger,312,132,,558,533
92,summoner-590799,93,BMR Seb,Challenger,310,90,,194,177
93,summoner-1394873,94,MR FAT PIG,Challenger,306,142,,354,331
94,summoner-6261249,95,remember when,Challenger,301,73,,148,95
95,summoner-901128,96,Pengsing,Challenger,295,53,,138,113
96,summoner-508906,97,Plutó,Challenger,293,87,,193,160
97,summoner-381426,98,Skellyy,Challenger,288,75,,243,175
98,summoner-7891163,99,AC HatsuyukiYumi,Challenger,288,50,,111,88
99,summoner-11203083,100,RareSticks Clap,Challenger,284,63,,212,154
100,summoner-11203083,101,RareSticks Clap,Challenger,284,63,,212,154
101,summoner-8611092,102,ITN Aladoric,Challenger,299,140,,469,461
102,summoner-330947,103,gunkrab,Challenger,278,116,,399,390
103,summoner-490487,104,D1O,Challenger,278,56,,156,101
104,summoner-4973029,105,HENRYJWATERNOOSE,Challenger,277,56,,105,92
105,summoner-6130376,106,Gonna slay u,Challenger,273,71,,177,120
106,summoner-478475,107,mister f is back,Challenger,254,74,,266,199
107,summoner-279834,108,billy bong,Challenger,270,72,,202,170
108,summoner-456316,109,NMSL NiQueZaiBB,Challenger,264,43,,102,84
109,summoner-623208,110,Alto Angelo,Challenger,261,64,,113,90
110,summoner-631376,111,AV Jayke,Challenger,260,80,,200,193
111,summoner-6821398,112,Prae1us,Challenger,258,65,,72,59
112,summoner-276134,113,Zíppo,Challenger,251,141,,128,100
113,summoner-644072,114,UDYSOF,Challenger,248,104,,313,307
114,summoner-1592239,115,Pap,Challenger,246,120,,300,277
115,summoner-1022808,116,LittlePapa,Challenger,244,75,,139,120
116,summoner-408703,117,Bambi On Ice,Challenger,244,87,,126,108
117,summoner-445071,118,mattyg33,Challenger,243,132,,460,444
118,summoner-11781766,119,Johnber Gazua,Challenger,242,53,,130,80
119,summoner-3710963,120,Ailuna,Challenger,241,50,,119,97
120,summoner-563169,121,BMR Rosey,Challenger,239,65,,154,136
121,summoner-1270780,122,qwerasdf1234zxct,Challenger,236,66,,214,165
122,summoner-8891509,123,playlikefly,Challenger,234,76,,150,122
123,summoner-11980148,124,404 ILoveBella,Challenger,229,149,,124,108
124,summoner-328516,125,Sweety Spaghetti,Challenger,226,95,,321,300
125,summoner-11501277,126,EnterKeyRemoved,Challenger,226,70,,293,260
126,summoner-670149,127,LaughingMan,Challenger,226,72,,156,133
127,summoner-553889,128,Minkywhale,Challenger,224,104,,369,359
128,summoner-632903,129,PD AN,Challenger,220,66,,242,225
129,summoner-4962426,130,Plummet,Challenger,219,87,,157,121
130,summoner-558311,131,BeachWhale,Challenger,216,116,,350,326
131,summoner-10890476,132,RèVelUvs,Challenger,214,102,,346,311
132,summoner-1156907,133,1234hitdinosaur,Challenger,213,73,,206,191
133,summoner-3665599,134,Dragonair,Challenger,212,56,,98,76
134,summoner-481868,135,PowerfulUnicorn,Challenger,207,106,,156,134
135,summoner-5031491,136,Dappa kappa,Challenger,207,116,,97,84
136,summoner-342457,137,Gbay99,Challenger,205,112,,267,250
137,summoner-12080166,138,CommandAttack NA,Challenger,204,66,,223,211
138,summoner-311290,139,Mian Mian,Challenger,204,49,,109,95
139,summoner-11890144,140,Evanescere,Challenger,202,40,,96,46
140,summoner-357041,141,Incursio,Challenger,197,123,,405,386
141,summoner-278781,142,Harrí,Challenger,196,155,,72,66
142,summoner-713688,143,Emphasis,Challenger,192,75,,125,109
143,summoner-463736,144,Farm,Challenger,186,67,,108,91
144,summoner-439696,145,Xanquish,Challenger,187,77,,180,161
145,summoner-693842,146,Played,Challenger,186,73,,184,176
146,summoner-9101159,147,Just a game,Challenger,185,94,,440,405
147,summoner-9660178,148,PurpleLamaGamer,Challenger,179,109,,353,304
148,summoner-5321182,149,WX a759514064,Challenger,179,41,,115,40
149,summoner-7890412,150,bojack ANU,Challenger,174,124,,444,410
150,summoner-2380423,151,Ayum1,Challenger,174,85,,109,79
151,summoner-455507,152,emelg,Challenger,173,117,,188,168
152,summoner-590866,153,WoYou Bu Luanlai,Challenger,171,61,,200,148
153,summoner-240105,154,Cane Me Daddy,Challenger,168,57,,160,110
154,summoner-11860179,155,RONAN,Challenger,187,62,,238,195
155,summoner-235541,156,Kaýn,Challenger,163,99,,98,76
156,summoner-587485,157,carb0n,Challenger,159,97,,351,342
157,summoner-277786,158,Smeds,Challenger,157,125,,169,153
158,summoner-9151665,159,BLACKPINK Róse,Challenger,155,43,,77,50
159,summoner-299446,160,Sam,Challenger,153,114,,201,195
160,summoner-345665,161,Sizzle,Challenger,153,67,,189,167
161,summoner-10061504,162,HTC GuaPi,Challenger,151,121,,446,424
162,summoner-484631,163,Oshino,Challenger,151,79,,221,183
163,summoner-233843,164,Dreamy Donut,Challenger,151,59,,211,183
164,summoner-4802261,165,Mashadar,Challenger,150,67,,108,89
165,summoner-664497,166,Zhengchao God,Challenger,148,51,,72,60
166,summoner-6381137,167,AresSigh,Challenger,147,42,,98,54
167,summoner-437165,168,Azus,Challenger,146,119,,399,382
168,summoner-2982057,169,Madmaximo,Challenger,144,138,,183,148
169,summoner-464106,170,Magic McDull,Challenger,141,128,,380,372
170,summoner-448934,171,permanent mute,Challenger,141,91,,166,155
171,summoner-236616,172,SulNix,Challenger,138,109,,350,338
172,summoner-352592,173,Daegu Venus,Challenger,138,65,,115,95
173,summoner-1333527,174,Him and I,Challenger,138,48,,104,86
174,summoner-1830141,175,kaios619,Challenger,137,69,,191,180
175,summoner-1892186,176,LGC Only,Challenger,137,74,,139,134
176,summoner-6680397,177,Jungle is win,Challenger,136,66,,166,149
177,summoner-323313,178,Aware,Challenger,136,60,,80,67
178,summoner-8430194,179,RNG AI,Challenger,136,80,,77,66
179,summoner-624689,180,Kurisutiiiina,Challenger,132,86,,213,203
180,summoner-236630,181,Nomadic Jungler,Challenger,132,39,,68,45
181,summoner-8201755,182,Katsurii,Challenger,131,87,,246,237
182,summoner-2731428,183,ITN Fudge,Challenger,130,63,,183,135
183,summoner-6020977,184,DW k1ng,Challenger,130,37,,48,30
184,summoner-5381177,185,Mr floppy sock,Challenger,126,109,,465,453
185,summoner-222562,186,Morgank Freeman,Challenger,126,108,,164,147
186,summoner-3310720,187,Piggie,Challenger,126,73,,152,150
187,summoner-945177,188,smurfQ283490070,Challenger,123,95,,424,382
188,summoner-577848,189,Countdown Timer,Challenger,123,64,,165,155
189,summoner-300609,190,BladeWristed,Challenger,123,60,,152,125
190,summoner-12320606,191,Bogoshipuhyo,Challenger,123,36,,46,33
191,summoner-11860960,192,trash canister,Challenger,120,70,,281,248
192,summoner-1440378,193,LoneIy,Challenger,117,87,,216,190
193,summoner-531379,194,aaeer,Challenger,114,78,,234,223
194,summoner-231399,195,Zaptar,Challenger,108,125,,335,329
195,summoner-237590,196,Tekker,Challenger,108,82,,170,163
196,summoner-7281092,197,Cuo,Challenger,102,51,,147,131
197,summoner-10951949,198,LilPump,Challenger,100,49,,136,102
198,summoner-6690216,199,2017 07 07,Challenger,91,116,,139,126
199,summoner-7291918,200,LetTheGayGo,Challenger,106,76,,231,214
200,summoner-1250370,201,Akali or GG,Master,148,76,,252,241
201,summoner-12510151,202,thgink99,Master,162,49,,158,131
202,summoner-12080136,203,PADO,Master,128,71,,142,58
203,summoner-6391346,204,kaiydo 2,Master,128,41,,85,40
204,summoner-8191549,205,Ahsilum,Master,101,70,,276,255
205,summoner-3081213,206,MVP lan,Master,106,83,,188,181
206,summoner-329397,207,G0V,Master,91,150,,475,466
207,summoner-280161,208,Mayura,Master,100,116,,357,350
208,summoner-5451344,209,AwsomeSDevil,Master,99,103,,476,438
209,summoner-236461,210,Dis,Master,99,105,,316,304
210,summoner-744422,211,Farmer,Master,97,92,,179,165
211,summoner-9251514,212,dahaoshiwangzhe,Master,93,52,,139,105
212,summoner-557104,213,sh00zyz,Master,93,94,,98,83
213,summoner-11370128,214,Tijé,Master,90,49,,138,111
214,summoner-3072610,215,Gerissi,Master,83,63,,175,158
215,summoner-293100,216,Jub Jub,Master,71,89,,273,276
216,summoner-4491948,217,DW SHERN1FIRE,Master,68,48,,111,71
217,summoner-8930255,218,Yün Chèung,Master,63,142,,302,281
218,summoner-3802072,219,SolStar,Master,62,65,,75,49
219,summoner-356125,220,Newto,Master,61,87,,240,229
220,summoner-477410,221,Klaire,Master,86,54,,144,122
221,summoner-8050173,222,LGC Claire,Master,60,79,,73,69
222,summoner-470295,223,Navi,Master,65,76,,148,109
223,summoner-221417,224,Chazz It Up,Master,55,61,,116,101
224,summoner-5201174,225,MasterGarenDimon,Master,54,81,,238,217
225,summoner-7621555,226,Katsuri,Master,53,61,,138,123
226,summoner-3110212,227,DW Cupcake,Master,52,65,,93,81
227,summoner-11230285,228,slkjdf,Master,50,59,,205,172
228,summoner-747148,229,Anderu,Master,50,103,,153,146
229,summoner-277034,230,Jolt,Master,43,105,,319,301
230,summoner-272065,231,superwog1,Master,42,50,,91,83
231,summoner-481977,232,Tilterella,Master,41,74,,115,107
232,summoner-8371066,233,H4MMY,Master,40,99,,202,171
233,summoner-10570533,234,owowowowowowowow,Master,34,49,,102,50
234,summoner-438257,235,ßlitzcrank,Master,33,57,,159,128
235,summoner-11212045,236,Dekar The Rengar,Master,30,57,,168,117
236,summoner-7130976,237,Animosityxx,Master,28,129,,141,144
237,summoner-11056599,238,mid halo,Master,22,73,,270,237
238,summoner-567993,239,Chloe Burbank,Master,21,76,,71,59
239,summoner-8430364,240,Yaelay,Master,20,47,,116,104
240,summoner-490978,241,Taelen,Master,19,98,,395,366
241,summoner-443078,242,Pisang,Master,19,74,,296,256
242,summoner-4880235,243,bub,Master,19,54,,73,63
243,summoner-7050167,244,SìNNERS,Master,18,108,,178,167
244,summoner-11161564,245,JaIeeI,Master,14,50,,95,72
245,summoner-454494,246,Rêxx,Master,13,104,,143,98
246,summoner-12330331,247,AV DarkSide,Master,13,36,,42,20
247,summoner-852980,248,team bad me mad,Master,9,55,,155,122
248,summoner-405709,249,w1ndzera,Master,9,62,,118,105
249,summoner-501165,250,i looove aram,Master,8,65,,55,44
250,summoner-1280673,251,Qoobe,Master,4,73,,166,161
251,summoner-439337,252,GU Faker,Master,3,66,,145,135
252,summoner-1750151,253,Tudo,Master,1,94,,238,234
253,summoner-470404,254,BushyBooBoo,Master,0,162,,689,694
254,summoner-402609,255,The Silent Voice,Master,0,77,,218,213
255,summoner-220545,256,Frolloc,Master,0,152,,206,172
256,summoner-1903829,257,no hands btw,Master,22,68,,166,152
257,summoner-326206,258,Coach Curtis,Master,0,55,,119,103
258,summoner-10870678,259,Wìsh,Master,0,44,,90,73
259,summoner-10110125,260,Ding Hao Tian,Master,0,59,,79,43
260,summoner-302224,261,Midås,Master,0,67,,44,31
261,summoner-479574,262,Vivid,Master,0,84,,44,30
262,summoner-224426,263,Ruinn,Diamond 1,100,75,,210,187
263,summoner-690302,264,chf Leo,Diamond 1,100,55,,96,86
264,summoner-813780,265,Ionia,Diamond 1,100,67,,94,60
265,summoner-8562347,266,Micah,Diamond 1,100,42,,92,41
266,summoner-233721,267,k1ngOfTheYouth,Master,0,48,,77,73
267,summoner-11030157,268,NONO,Diamond 1,100,53,,70,26
268,summoner-7631957,269,twitchtvPhantiks,Diamond 1,100,39,,70,42
269,summoner-1321671,270,Giganaut,Diamond 1,100,74,,47,32
270,summoner-509185,271,Noob,Diamond 1,99,62,,167,141
271,summoner-407599,272,Shogun Altair,Diamond 1,96,80,,107,92
272,summoner-434116,273,nooba,Diamond 1,96,49,,37,20
273,summoner-303883,274,c u soon,Diamond 1,95,88,,236,220
274,summoner-1395519,275,BMR Looch,Diamond 1,93,88,,261,241
275,summoner-5943766,276,Hkbesttroll,Diamond 1,92,82,,187,181
276,summoner-8620524,277,Baeatrice,Diamond 1,92,61,,133,119
277,summoner-9330908,278,gucci flip fl0ps,Diamond 1,76,118,,395,391
278,summoner-8183067,279,Have Fun,Diamond 1,90,68,,141,126
279,summoner-5380334,280,YasuoHawkNz,Diamond 1,90,71,,108,96
280,summoner-11350131,281,Senuc DIN,Diamond 1,90,39,,58,28
281,summoner-482979,282,bombboy,Diamond 1,90,47,,36,26
282,summoner-9370914,283,pocketgirl,Diamond 1,90,53,,34,15
283,summoner-233863,284,Reminder,Diamond 1,89,98,,270,263
284,summoner-6410962,285,IlIlIlIlIlIlIll,Diamond 1,88,46,,68,56
285,summoner-11350140,286,cant remember,Diamond 1,85,48,,112,94
286,summoner-307081,287,BlueHawkNz,Diamond 1,85,49,,51,41
287,summoner-460937,288,Deztend,Diamond 1,84,103,,256,231
288,summoner-234403,289,THE SMORC BEAR,Diamond 1,84,64,,128,110
289,summoner-11260152,290,Phosphophylite,Diamond 1,84,48,,102,86
290,summoner-463992,291,1m 16 years old,Diamond 1,80,83,,381,325
291,summoner-343682,292,Peasy,Diamond 1,80,121,,252,243
292,summoner-820889,293,4444441,Diamond 1,80,49,,133,46
293,summoner-299452,294,Mikazuki,Diamond 1,78,71,,104,92
294,summoner-336476,295,Tommy 2000,Diamond 1,77,61,,77,68
295,summoner-314888,296,JellyCub,Diamond 1,76,75,,267,267
296,summoner-3171338,297,weixin2285407603,Diamond 1,76,60,,171,163
297,summoner-479438,298,Falkner,Diamond 1,76,97,,128,123
298,summoner-820884,299,Mur1m,Diamond 1,75,97,,345,330
299,summoner-741594,300,Kickback69,Diamond 1,75,68,,287,227
300,summoner-775147,301,shui bu gou TuT,Diamond 1,75,112,,265,224
301,summoner-5171370,302,Hi I am Vince,Diamond 1,75,89,,213,196
302,summoner-1343871,303,POSSYM,Diamond 1,75,74,,210,182
303,summoner-492773,304,stop torture me,Diamond 1,75,66,,192,155
304,summoner-2600474,305,gg ff,Diamond 1,75,60,,183,149
305,summoner-9920508,306,M4A11111,Diamond 1,75,85,,178,145
306,summoner-10451585,307,20 Mins in Q,Diamond 1,75,64,,164,160
307,summoner-510010,308,Kimchiii,Diamond 1,75,78,,161,136
308,summoner-5943935,309,Azure,Diamond 1,75,108,,158,136
309,summoner-232475,310,Boss McNuggets,Diamond 1,75,75,,143,121
310,summoner-626793,311,feifeiAAAAAA,Diamond 1,75,67,,133,96
311,summoner-3162807,312,7425,Diamond 1,75,99,,130,111
312,summoner-11350126,313,8th place top,Diamond 1,75,49,,130,109
313,summoner-5310901,314,kaios19231230221,Diamond 1,75,96,,129,109
314,summoner-455477,315,Hold You Tight,Diamond 1,75,59,,118,94
315,summoner-9050195,316,SKT,Diamond 1,75,75,,118,108
316,summoner-594237,317,Soulstrikes,Diamond 1,75,72,,117,111
317,summoner-1891528,318,Rank 1 MID,Diamond 1,75,45,,117,65
318,summoner-11941453,319,ecotoxic 4,Diamond 1,75,45,,112,85
319,summoner-12220760,320,Richard Soup,Diamond 1,75,43,,103,76
320,summoner-583483,321,Beaunivia,Diamond 1,75,74,,100,95
321,summoner-2351692,322,loveforever,Diamond 1,75,47,,99,60
322,summoner-8610762,323,clairo,Diamond 1,75,50,,89,72
323,summoner-3680308,324,Bma,Diamond 1,75,58,,88,82
324,summoner-636251,325,Swiffer,Diamond 1,75,57,,84,62
325,summoner-11131946,326,Once upon a time,Diamond 1,75,40,,83,56
326,summoner-9350340,327,Caithe,Diamond 1,75,49,,77,66
327,summoner-2171317,328,k1ng Cupcake,Diamond 1,75,40,,71,30
328,summoner-2572995,329,Cupcake k1ng,Diamond 1,75,42,,68,33
329,summoner-900249,330,Tôi Là Thiên,Diamond 1,75,43,,63,45
330,summoner-1374113,331,Rukira,Diamond 1,75,113,,53,42
331,summoner-357181,332,Destinyy,Diamond 1,75,44,,43,35
332,summoner-333625,333,Margaret Mahy,Diamond 1,74,127,,119,98
333,summoner-363411,334,Marvoss,Diamond 1,64,36,,57,23
334,summoner-7390819,335,ryujinokewokurae,Diamond 1,73,52,,114,101
335,summoner-10550824,336,Armless Autism,Diamond 1,72,61,,183,138
336,summoner-940870,337,poopi,Diamond 1,72,48,,43,23
337,summoner-3553855,338,Shiloh,Diamond 1,69,134,,274,267
338,summoner-553896,339,Evilhag,Diamond 1,69,68,,44,39
339,summoner-283916,340,ecotoxic,Diamond 1,68,84,,300,304
340,summoner-8440977,341,Kohta,Diamond 1,68,64,,119,108
341,summoner-448008,342,The Lee Sin,Diamond 1,68,66,,80,51
342,summoner-274320,343,Boosted Janna,Diamond 1,68,102,,75,71
343,summoner-443126,344,Bahrewer,Diamond 1,67,114,,86,71
344,summoner-276609,345,ìcøn,Diamond 1,67,74,,76,75
345,summoner-3490137,346,brekfast,Diamond 1,85,95,,336,333
346,summoner-501188,347,Jr Burgerz,Diamond 1,65,63,,182,147
347,summoner-237869,348,eezyarC toN,Diamond 1,82,136,,476,476
348,summoner-584830,349,GZ HaiT,Diamond 1,64,62,,161,127
349,summoner-670511,350,Billythekidzz,Diamond 1,64,81,,132,123
350,summoner-774614,351,Love Mosquito,Diamond 1,64,88,,112,97
351,summoner-332728,352,Cedmend,Diamond 1,64,55,,106,82
352,summoner-443775,353,RAISE UR DONGERZ,Diamond 1,64,42,,48,34
353,summoner-11250976,354,KR DOPA,Diamond 1,63,54,,111,71
354,summoner-9970922,355,Redemptionˉ,Diamond 1,63,47,,60,57
355,summoner-434399,356,Whimstaff,Diamond 1,62,49,,64,59
356,summoner-9840127,357,dailianjiahaoyou,Diamond 1,61,59,,219,200
357,summoner-406482,358,BADDiE,Diamond 1,61,70,,120,106
358,summoner-234079,359,Top Lane Virgin,Diamond 1,59,47,,94,87
359,summoner-326444,360,Huey Dewey Louie,Diamond 1,57,144,,481,465
360,summoner-11060162,361,M1d hu,Diamond 1,57,74,,154,140
361,summoner-436171,362,im LHao,Diamond 1,53,90,,274,243
362,summoner-288782,363,lil splash,Diamond 1,53,81,,213,209
363,summoner-2431627,364,Blacksey,Diamond 1,53,106,,111,89
364,summoner-11065193,365,Prey Seeker,Diamond 1,53,48,,40,25
365,summoner-9030151,366,baxixiaoniu,Diamond 1,52,95,,419,406
366,summoner-774275,367,Savannah,Diamond 1,52,85,,171,162
367,summoner-238330,368,Koods,Diamond 1,50,122,,472,466
368,summoner-225340,369,Catch Me On Fire,Diamond 1,50,104,,435,428
369,summoner-10970417,370,Felinnothair,Diamond 1,50,87,,399,362
370,summoner-891628,371,Karsa,Diamond 1,50,79,,231,226
371,summoner-6420316,372,4uu,Diamond 1,50,165,,215,167
372,summoner-511802,373,Callurjglertrash,Diamond 1,50,60,,215,187
373,summoner-794192,374,Skyscorcher,Diamond 1,50,95,,184,168
374,summoner-277464,375,Kpooop,Diamond 1,50,73,,165,158
375,summoner-454805,376,RNG      MR E N,Diamond 1,50,55,,158,104
376,summoner-491243,377,DeathSphere22,Diamond 1,50,70,,156,144
377,summoner-3020293,378,WeWantPeace,Diamond 1,50,74,,118,77
378,summoner-2523280,379,P 18 15 16 8,Diamond 1,50,45,,106,79
379,summoner-335113,380,lilaznrat,Diamond 1,50,68,,69,56
380,summoner-323773,381,Kedu715,Diamond 1,49,95,,205,203
381,summoner-723286,382,Kiitty,Diamond 1,49,68,,87,87
382,summoner-221510,383,JuvesMuntedNose,Diamond 1,48,44,,75,64
383,summoner-11252383,384,Lolista,Diamond 1,47,56,,166,112
384,summoner-582861,385,ShuHaiBuRongYi,Diamond 1,47,51,,71,60
385,summoner-890994,386,RBE BoBo,Diamond 1,46,70,,133,104
386,summoner-288335,387,Nirphana,Diamond 1,46,89,,82,69
387,summoner-227475,388,Mikes,Diamond 1,45,107,,188,165
388,summoner-222980,389,Z OMEGALUL E,Diamond 1,45,53,,123,102
389,summoner-1771810,390,Phos,Diamond 1,45,57,,101,65
390,summoner-402487,391,Baahrewer,Diamond 1,45,51,,73,52
391,summoner-364454,392,Rage At LoL,Diamond 1,25,118,,206,172
392,summoner-2712951,393,EL Legendary,Diamond 1,43,52,,88,56
393,summoner-3680392,394,YukiistMe,Diamond 1,42,60,,120,88
394,summoner-1530424,395,SCENAR1O,Diamond 1,41,56,,152,147
395,summoner-11130130,396,LydiaeK,Diamond 1,41,98,,130,109
396,summoner-8720302,397,Black phoen1x,Diamond 1,41,47,,114,87
397,summoner-624642,398,123456978,Diamond 1,41,47,,82,78
398,summoner-1200380,399,Jaiya,Diamond 1,41,67,,69,43
399,summoner-7350836,400,DaDazhy,Diamond 1,40,73,,187,130
400,summoner-630464,401,Xcuse Mee,Diamond 1,38,84,,150,150
401,summoner-3560420,402,Kaaitsune,Diamond 1,35,77,,240,193
402,summoner-443860,403,zuowodemiao,Diamond 1,35,61,,120,106
403,summoner-9611699,404,good kid,Diamond 1,34,67,,177,176
404,summoner-707970,405,kmy,Diamond 1,34,41,,68,50
405,summoner-456283,406,j0hns0nBurger,Diamond 1,34,57,,43,35
406,summoner-354808,407,Warrior Turtle,Diamond 1,33,81,,175,140
407,summoner-339515,408,Sheng Sheng,Diamond 1,33,53,,160,100
408,summoner-236253,409,Hey You,Diamond 1,32,68,,181,149
409,summoner-771385,410,Back To November,Diamond 1,32,76,,151,126
410,summoner-934569,411,ShiftZ,Diamond 1,32,48,,113,54
411,summoner-2573886,412,Cyan Willow,Diamond 1,32,137,,68,65
412,summoner-824118,413,DaPiPi,Diamond 1,31,63,,70,69
413,summoner-703699,414,inx,Diamond 1,31,61,,61,53
414,summoner-901980,415,Dragku,Diamond 1,30,78,,251,240
415,summoner-312239,416,Philosophy,Diamond 1,30,110,,164,164
416,summoner-702613,417,Howard,Diamond 1,30,61,,128,111
417,summoner-229440,418,Enter Dreamland,Diamond 1,30,83,,107,101
418,summoner-4953082,419,Cute Ragdoll,Diamond 1,29,139,,244,222
419,summoner-296998,420,CaitlynUltedJFK,Diamond 1,29,105,,212,208
420,summoner-370235,421,ziye,Diamond 1,29,59,,152,96
421,summoner-290213,422,Small Fish,Diamond 1,29,108,,133,107
422,summoner-454342,423,volkzz,Diamond 1,29,70,,121,112
423,summoner-235577,424,Reptox,Diamond 1,28,58,,121,112
424,summoner-484507,425,Cheph,Diamond 1,27,107,,362,365
425,summoner-314859,426,Biofrost,Diamond 1,26,129,,190,180
426,summoner-11224170,427,TwitchTVLronwoif,Diamond 1,26,66,,190,157
427,summoner-326064,428,Slayer,Diamond 1,25,83,,273,238
428,summoner-364454,429,Rage At LoL,Diamond 1,25,118,,206,172
429,summoner-283402,430,Akeno,Diamond 1,25,97,,144,122
430,summoner-11061200,431,ecotoxic 3,Diamond 1,25,73,,120,90
431,summoner-11350134,432,ITN k1ng,Diamond 1,25,48,,119,88
432,summoner-324274,433,Kensen,Diamond 1,25,61,,108,85
433,summoner-10191722,434,ecotoxic 2,Diamond 1,25,45,,107,81
434,summoner-314795,435,Grog Dog1,Diamond 1,25,44,,95,71
435,summoner-9800260,436,Irenaceus,Diamond 1,25,38,,70,34
436,summoner-285621,437,Framer,Diamond 1,23,79,,164,160
437,summoner-341477,438,WildPig,Diamond 1,23,93,,101,91
438,summoner-497415,439,boboxD,Diamond 1,23,90,,75,49
439,summoner-1260354,440,LaJiWangZheCNXM,Diamond 1,22,146,,542,543
440,summoner-11370138,441,Mrs Krabappel,Diamond 1,21,60,,184,184
441,summoner-1850129,442,aXeL0uS,Diamond 1,19,99,,299,278
442,summoner-354323,443,Merkatroid,Diamond 1,19,64,,71,54
443,summoner-555008,444,6AM 0two1,Diamond 1,19,58,,42,36
444,summoner-481142,445,April Ryan,Diamond 1,18,62,,226,186
445,summoner-4221919,446,TriHard 7,Diamond 1,17,55,,149,96
446,summoner-503773,447,NADA1001,Diamond 1,17,53,,102,93
447,summoner-890992,448,Khuong Pham,Diamond 1,17,85,,42,38
448,summoner-7491130,449,zZJay,Diamond 1,16,90,,127,122
449,summoner-447401,450,Juhuakiller,Diamond 1,15,90,,235,227
450,summoner-431504,451,ianno,Diamond 1,14,91,,133,127
451,summoner-11840153,452,Japanerella,Diamond 1,13,50,,166,138
452,summoner-8081649,453,First Time Swain,Diamond 1,13,62,,155,112
453,summoner-332858,454,lokyun,Diamond 1,11,99,,209,200
454,summoner-1872199,455,Arashi,Diamond 1,11,78,,59,48
455,summoner-10011928,456,DoochiWa,Diamond 1,10,63,,178,149
456,summoner-304479,457,gkez,Diamond 1,9,59,,154,129
457,summoner-300165,458,HNDRXX,Diamond 1,9,103,,35,27
458,summoner-470164,459,KennyHai,Diamond 1,7,66,,161,157
459,summoner-11160195,460,Kimchiii 2,Diamond 1,6,59,,151,97
460,summoner-9220132,461,glugluglu,Diamond 1,6,46,,52,41
461,summoner-9611538,462,bunni,Diamond 1,6,37,,30,8
462,summoner-557330,463,JHONG,Diamond 1,5,51,,121,111
463,summoner-304980,464,iChuckRice,Diamond 1,5,79,,90,90
464,summoner-1403425,465,KURT PERRY,Diamond 1,5,55,,83,76
465,summoner-365399,466,No Fear,Diamond 1,3,113,,298,292
466,summoner-409738,467,Valkia,Diamond 1,3,109,,223,210
467,summoner-393328,468,AuSNlPE,Diamond 1,3,56,,115,106
468,summoner-3262016,469,kind jungler,Diamond 1,2,45,,89,79
469,summoner-632520,470,ACTL2131,Diamond 1,1,63,,158,157
470,summoner-970961,471,handyman94,Diamond 1,1,47,,84,70
471,summoner-404739,472,Abby Ma,Diamond 1,0,115,,280,263
472,summoner-303120,473,Bite,Diamond 1,0,66,,277,244
473,summoner-4382883,474,Smoko Shed,Diamond 1,0,95,,244,235
474,summoner-498305,475,Todderk,Diamond 1,0,72,,200,185
475,summoner-3444063,476,helloworld369,Diamond 1,0,75,,198,144
476,summoner-233072,477,Daddy Vincent,Diamond 1,0,71,,197,154
477,summoner-590760,478,Han Guk In Ruski,Diamond 1,0,84,,179,151
478,summoner-330848,479,4y5tvb8,Diamond 1,0,60,,171,156
479,summoner-714382,480,Jerey,Diamond 1,0,69,,164,155
480,summoner-489065,481,Mpowered,Diamond 1,0,116,,159,136
481,summoner-221999,482,Yatsume,Diamond 1,0,88,,143,139
482,summoner-457463,483,dean,Diamond 1,0,80,,140,125
483,summoner-11430174,484,Forsaken Dream,Diamond 1,0,54,,134,124
484,summoner-277256,485,Thydah,Diamond 1,0,73,,112,114
485,summoner-672019,486,ryalia,Diamond 1,0,45,,96,89
486,summoner-314889,487,zorenous,Diamond 1,0,75,,85,74
487,summoner-630568,488,Crazy Giraffe,Diamond 1,0,51,,80,81
488,summoner-276620,489,Hyperzoz,Diamond 1,0,62,,71,61
489,summoner-323306,490,JJ27CM,Diamond 1,0,52,,65,46
490,summoner-4802235,491,MyPetMonkey,Diamond 1,0,62,,63,61
491,summoner-5502181,492,9420,Diamond 1,0,41,,46,14
492,summoner-11580566,493,sooobinms,Diamond 1,0,40,,45,14
493,summoner-11076305,494,yeolahop,Diamond 1,0,41,,43,18
494,summoner-7940303,495,kai0s,Diamond 1,0,46,,39,26
495,summoner-3930175,496,Eolant,Diamond 2,100,126,,469,436
496,summoner-2481615,497,aznchungy,Diamond 2,100,104,,413,415
497,summoner-6362083,498,d0t4nat0r,Diamond 2,100,160,,172,163
498,summoner-3481025,499,a friendly noob,Diamond 2,100,73,,150,138
499,summoner-296114,500,KayHuynh,Diamond 2,100,72,,133,119
500,summoner-324564,501,Submissive Trap,Diamond 2,100,78,,89,80
501,summoner-700593,502,Twistar,Diamond 2,100,40,,50,37
502,summoner-2330180,503,NewTronix,Diamond 2,96,64,,99,94
503,summoner-554066,504,kalroc,Diamond 2,94,93,,68,58
504,summoner-743224,505,225,Diamond 2,93,132,,279,253
505,summoner-1980384,506,Nausicaä,Diamond 2,93,99,,90,88
506,summoner-11280145,507,AFs Kiin,Diamond 2,93,46,,79,51
507,summoner-286698,508,Ability,Diamond 2,92,63,,92,88
508,summoner-227375,509,GreatEngrish,Diamond 2,91,88,,77,65
509,summoner-302759,510,Rye,Diamond 2,90,110,,452,438
510,summoner-577732,511,Bose,Diamond 2,90,99,,292,289
511,summoner-222739,512,Mechanical Kyle,Diamond 2,90,68,,94,86
512,summoner-2181036,513,Fluous,Diamond 2,89,47,,78,72
513,summoner-6362083,514,d0t4nat0r,Diamond 2,100,160,,172,163
514,summoner-1110899,515,Cizza AU,Diamond 2,84,92,,150,130
515,summoner-6220301,516,Mokamoka,Diamond 2,83,69,,241,224
516,summoner-356193,517,BlG Picture,Diamond 2,81,76,,76,74
517,summoner-1883783,518,God Of LP,Diamond 2,79,109,,346,345
518,summoner-11360133,519,YeahNahYeahMaybe,Diamond 2,78,43,,71,62
519,summoner-3831740,520,Bubberduck,Diamond 2,77,71,,252,237
520,summoner-11840344,521,QaQ08,Diamond 2,76,43,,100,78
521,summoner-1167193,522,Šipić,Diamond 2,75,95,,347,335
522,summoner-399946,523,Debatable Plays,Diamond 2,75,94,,263,223
523,summoner-706325,524,Ecka,Diamond 2,75,100,,180,153
524,summoner-7110774,525,dmz4213,Diamond 2,75,75,,167,157
525,summoner-11202748,526,Pathetic Idiot,Diamond 2,75,51,,153,111
526,summoner-436716,527,Jimurenio,Diamond 2,75,96,,148,124
527,summoner-4802282,528,Uchîha Obito,Diamond 2,75,59,,135,110
528,summoner-461490,529,First Mate,Diamond 2,75,74,,132,111
529,summoner-11211553,530,BrunonLnDq,Diamond 2,75,49,,124,85
530,summoner-302863,531,IG The shy ovo,Diamond 2,75,77,,118,108
531,summoner-1061196,532,kayoko,Diamond 2,75,63,,105,84
532,summoner-6630790,533,jyj,Diamond 2,75,58,,102,104
533,summoner-749364,534,monster hunter,Diamond 2,75,51,,88,83
534,summoner-448971,535,Eva,Diamond 2,75,66,,59,69
535,summoner-278179,536,ozo1329,Diamond 2,75,99,,58,48
536,summoner-2920134,537,ThePirateBae,Diamond 2,75,70,,48,39
537,summoner-721676,538,J0hns0n,Diamond 2,75,36,,39,29
538,summoner-4390704,539,duckly,Diamond 2,74,90,,207,198
539,summoner-235604,540,Brush Fun,Diamond 2,74,72,,105,96
540,summoner-860500,541,Billythekidzz 2,Diamond 2,74,45,,38,27
541,summoner-2741810,542,4 H e a d K i d,Diamond 2,70,75,,150,92
542,summoner-643368,543,Young Stavros,Diamond 2,69,116,,322,317
543,summoner-620418,544,LaughingManES,Diamond 2,69,73,,182,171
544,summoner-1500529,545,Mumps,Diamond 2,69,79,,110,109
545,summoner-744879,546,Tinysmish,Diamond 2,66,63,,50,39
546,summoner-331036,547,Magic Mike,Diamond 2,63,92,,203,182
547,summoner-1440400,548,unstable ping,Diamond 2,63,54,,76,69
548,summoner-349960,549,NorthFace,Diamond 2,61,120,,154,133
549,summoner-7981097,550,Ame seule,Diamond 2,61,95,,66,61
550,summoner-4462034,551,Uzi Fanboy,Diamond 2,60,69,,185,151
551,summoner-478373,552,Homeless Leaf,Diamond 2,60,71,,108,98
552,summoner-568646,553,hyejoo,Diamond 2,59,70,,82,62
553,summoner-11780837,554,oce Thanoš,Diamond 2,58,52,,139,106
554,summoner-10881536,555,Lillo,Diamond 2,58,102,,83,62
555,summoner-6251921,556,FreshStartJason,Diamond 2,57,57,,214,177
556,summoner-483296,557,DW Rippii,Diamond 2,57,52,,147,109
557,summoner-8210805,558,Kpop,Diamond 2,57,110,,145,143
558,summoner-233511,559,cruncheycake,Diamond 2,57,110,,79,68
559,summoner-406918,560,Mai Shiu,Diamond 2,75,116,,322,310
560,summoner-281754,561,Diamond 5,Diamond 2,56,101,,251,246
561,summoner-294150,562,Jopan,Diamond 2,56,61,,46,41
562,summoner-9981331,563,NoIIXigbar,Diamond 2,56,53,,35,25
563,summoner-221555,564,im tilting,Diamond 2,55,80,,114,116
564,summoner-392492,565,GZ Hyper,Diamond 2,53,75,,124,118
565,summoner-4461045,566,I Am Rengar,Diamond 2,53,108,,121,110
566,summoner-7761629,567,Fállen,Diamond 2,52,84,,202,208
567,summoner-300358,568,Dissociation,Diamond 2,52,65,,172,161
568,summoner-280418,569,Coopos,Diamond 2,52,108,,139,125
569,summoner-495039,570,ARAMers suck,Diamond 2,52,93,,135,123
570,summoner-8150153,571,EGOIST Dough,Diamond 2,49,112,,421,357
571,summoner-11171162,572,98116,Diamond 2,48,51,,139,91
572,summoner-6231287,573,LLocky,Diamond 2,48,67,,135,100
573,summoner-5894360,574,DJChonz,Diamond 2,47,83,,364,335
574,summoner-7361244,575,Watch Anime pls,Diamond 2,47,37,,43,33
575,summoner-2060238,576,Soy Xixi,Diamond 2,28,48,,75,46
576,summoner-278492,577,LustMonkey,Diamond 2,44,86,,284,276
577,summoner-397704,578,risktaker,Diamond 2,44,76,,195,194
578,summoner-1440227,579,Squidgy Boy,Diamond 2,44,77,,110,110
579,summoner-1811697,580,Ragdol1,Diamond 2,43,68,,175,161
580,summoner-774086,581,Garlic Sauce,Diamond 2,43,48,,120,91
581,summoner-903644,582,nooseboy,Diamond 2,43,105,,35,17
582,summoner-2132627,583,OwO OuO OvO,Diamond 2,42,64,,105,96
583,summoner-8971470,584,trans girl,Diamond 2,41,103,,261,267
584,summoner-231170,585,Lex Luthor,Diamond 2,41,95,,181,177
585,summoner-11121416,586,Cheph 2,Diamond 2,40,44,,111,70
586,summoner-440787,587,Silk,Diamond 2,39,60,,157,141
587,summoner-11340135,588,Bjork not Bjerg,Diamond 2,39,44,,106,72
588,summoner-581032,589,Káne,Diamond 2,38,133,,198,206
589,summoner-7821699,590,sad girl,Diamond 2,38,117,,190,156
590,summoner-6841129,591,PumaS,Diamond 2,38,63,,174,168
591,summoner-3680635,592,Shirø,Diamond 2,38,143,,69,66
592,summoner-284240,593,iBanished,Diamond 2,36,116,,182,160
593,summoner-449100,594,Fervour,Diamond 2,36,108,,91,92
594,summoner-7860178,595,tbman,Diamond 2,19,45,,75,70
595,summoner-364702,596,Pulsefire Teemo,Diamond 2,36,71,,55,37
596,summoner-371174,597,Bardo,Diamond 2,35,95,,216,210
597,summoner-4530610,598,liansuck,Diamond 2,34,75,,127,123
598,summoner-4480984,599,dzy,Diamond 2,33,71,,267,274
599,summoner-4301382,600,Dr Halo,Diamond 2,33,81,,77,52
600,summoner-302859,601,Fndrr22dxd,Diamond 2,31,65,,163,159
601,summoner-701278,602,Çalcifer,Diamond 2,31,80,,160,122
602,summoner-5141556,603,LOA Fuki,Diamond 2,31,53,,136,125
603,summoner-451342,604,Clovus,Diamond 2,30,81,,124,127
604,summoner-8810339,605,PurpleLama,Diamond 2,30,49,,104,80
605,summoner-566367,606,Stop Trolling Me,Diamond 2,29,129,,312,293
606,summoner-7000424,607,rice1,Diamond 2,29,43,,65,54
607,summoner-11750154,608,Bdo1nk,Diamond 2,29,37,,62,30
608,summoner-3980651,609,Morpice121,Diamond 2,29,121,,60,43
609,summoner-2060238,610,Soy Xixi,Diamond 2,28,48,,75,46
610,summoner-3710427,611,NinjaLegend1,Diamond 2,25,61,,148,136
611,summoner-841698,612,ecotoxic 1,Diamond 2,25,54,,132,117
612,summoner-9690912,613,Destromath,Diamond 2,25,45,,81,78
613,summoner-399563,614,Kevskin,Diamond 2,25,83,,33,23
614,summoner-233822,615,Mcbobba,Diamond 2,23,159,,239,216
615,summoner-11390379,616,SøfM,Diamond 2,23,43,,100,68
616,summoner-639823,617,Quinonos,Diamond 2,22,82,,112,112
617,summoner-325800,618,MeepBalls,Diamond 2,21,72,,52,47
618,summoner-5945344,619,Buck Shots,Diamond 2,20,42,,43,35
619,summoner-7860178,620,tbman,Diamond 2,19,45,,75,70
620,summoner-1574708,621,Donzac101,Diamond 2,19,52,,65,51
621,summoner-4130305,622,Mörty,Diamond 2,18,102,,260,257
622,summoner-581491,623,Riggered,Diamond 2,18,85,,176,147
623,summoner-3052095,624,Defenestrate,Diamond 2,18,73,,123,120
624,summoner-3642620,625,Damage Bot,Diamond 2,18,49,,120,110
625,summoner-447687,626,Grisha,Diamond 2,17,86,,258,248
626,summoner-11085230,627,ililiiiillliil,Diamond 2,17,81,,188,191
627,summoner-10781225,628,Orphelia,Diamond 2,17,69,,185,148
628,summoner-566468,629,Kpoop,Diamond 2,16,81,,224,194
629,summoner-742576,630,Zagnoids,Diamond 2,16,83,,175,142
630,summoner-280651,631,KingJamesMike,Diamond 2,16,67,,139,137
631,summoner-973756,632,tgunAU,Diamond 2,16,53,,123,123
632,summoner-291753,633,Moon,Diamond 2,16,113,,65,66
633,summoner-11080766,634,eris,Diamond 2,15,60,,129,101
634,summoner-1471865,635,Bear,Diamond 2,15,71,,83,80
635,summoner-320598,636,PowPowPanda,Diamond 2,14,59,,63,69
636,summoner-2550310,637,Yuuk1 Asuna,Diamond 2,12,84,,204,191
637,summoner-479671,638,Bozos,Diamond 2,11,67,,120,120
638,summoner-306624,639,Donggy,Diamond 2,11,56,,43,28
639,summoner-670210,640,1osing,Diamond 2,9,99,,150,109
640,summoner-953810,641,Kayn and Abel,Diamond 2,7,58,,78,72
641,summoner-638946,642,Qiunibieshelimia,Diamond 2,6,77,,147,138
642,summoner-275308,643,Impaired,Diamond 2,6,75,,66,49
643,summoner-2990640,644,Syouran,Diamond 2,4,71,,141,140
644,summoner-369867,645,Doom of bot,Diamond 2,4,48,,120,116
645,summoner-3163035,646,Ritogaming,Diamond 2,4,57,,107,106
646,summoner-522209,647,Stressful,Diamond 2,3,130,,134,120
647,summoner-7460332,648,ThroneV,Diamond 2,2,109,,398,348
648,summoner-2560269,649,Omni v2,Diamond 2,2,74,,141,142
649,summoner-10141151,650,M1dbeast,Diamond 2,2,61,,120,128
650,summoner-589351,651,Ronni,Diamond 2,2,50,,103,95
651,summoner-355403,652,LOLlolololwwwffw,Diamond 2,2,51,,102,95
652,summoner-4061072,653,why live,Diamond 2,1,64,,109,110
653,summoner-587995,654,Urie,Diamond 2,1,102,,65,54
654,summoner-1720492,655,whynotbefriends,Diamond 2,0,108,,259,232
655,summoner-1501524,656,Homeless,Diamond 2,0,77,,250,210
656,summoner-228708,657,Aragaki Yuii,Diamond 2,0,87,,223,198
657,summoner-634788,658,Kevin S Le,Diamond 2,0,118,,206,200
658,summoner-600149,659,Vísionary,Diamond 2,0,86,,198,198
659,summoner-11340322,660,Just Believe Zll,Diamond 2,0,93,,184,159
660,summoner-285605,661,Hindered Raven,Diamond 2,0,95,,179,162
661,summoner-710702,662,jihero,Diamond 2,0,60,,168,159
662,summoner-554055,663,Bulzy,Diamond 2,0,49,,145,130
663,summoner-369823,664,Boa Hancöck,Diamond 2,0,152,,132,100
664,summoner-301652,665,Koua,Diamond 2,0,80,,130,129
665,summoner-11045070,666,iWordsworth,Diamond 2,0,71,,129,114
666,summoner-460303,667,Alani,Diamond 2,0,133,,121,118
667,summoner-6010140,668,CN Moon,Diamond 2,0,98,,112,93
668,summoner-1171135,669,MyNameIsAction I,Diamond 2,0,58,,105,90
669,summoner-2593688,670,Xion XIV,Diamond 2,0,61,,104,103
670,summoner-431019,671,Cavs in 2018 lUl,Diamond 2,0,77,,101,99
671,summoner-565066,672,MeShelly,Diamond 2,0,85,,95,77
672,summoner-351975,673,Shadow of Time,Diamond 2,0,84,,92,78
673,summoner-8390585,674,SM motherfkn D,Diamond 2,0,57,,90,106
674,summoner-1721171,675,Kewlie,Diamond 2,0,62,,84,64
675,summoner-8690146,676,Cères,Diamond 2,0,73,,80,88
676,summoner-12061866,677,1234hitdinosuar,Diamond 2,0,40,,78,50
677,summoner-10360133,678,Lose for Improve,Diamond 2,0,45,,65,51
678,summoner-11930493,679,22 06 2004,Diamond 2,0,39,,62,40
679,summoner-398138,680,PMA Kirby,Diamond 2,0,89,,60,61
680,summoner-475949,681,Happy Lion,Diamond 2,0,100,,56,49
681,summoner-8752009,682,4lways,Diamond 2,0,81,,50,19
682,summoner-511987,683,Kaø,Diamond 2,0,116,,35,22
683,summoner-483618,684,SuperSkitzzo,Diamond 3,100,158,,701,703
684,summoner-578126,685,Anubis,Diamond 3,100,93,,207,182
685,summoner-278675,686,Jiae,Diamond 3,100,82,,156,125
686,summoner-5904252,687,RIP swain,Diamond 3,100,62,,139,111
687,summoner-561444,688,AHumanBean,Diamond 3,100,59,,136,122
688,summoner-226673,689,Air,Diamond 3,100,117,,98,98
689,summoner-290499,690,PizzaRita,Diamond 3,100,81,,96,74
690,summoner-316325,691,Canberra Santa,Diamond 3,100,48,,68,58
691,summoner-632043,692,GuyMadeOfFire,Diamond 3,100,39,,46,34
692,summoner-220270,693,lmperium,Diamond 3,100,52,,39,27
693,summoner-1394171,694,GoogleMaps,Diamond 3,98,101,,204,197
694,summoner-298603,695,Zachary zzz,Diamond 3,98,57,,83,67
695,summoner-1092892,696,NoxusMight,Diamond 3,96,86,,29,11
696,summoner-479941,697,xXAbusiveNanaXx,Diamond 3,95,56,,80,63
697,summoner-7851650,698,DaSticksOnTwitch,Diamond 3,93,72,,124,118
698,summoner-480048,699,Wreck It Rhune,Diamond 3,93,94,,113,121
699,summoner-3871268,700,kimuchiyo,Diamond 3,88,64,,103,61
700,summoner-563960,701,Stone,Diamond 3,87,105,,182,179
701,summoner-10071546,702,blanchesophh,Diamond 3,85,71,,42,39
702,summoner-6141799,703,ShØut,Diamond 3,83,68,,214,183
703,summoner-272664,704,hajun,Diamond 3,83,77,,118,88
704,summoner-283096,705,Hani is bae,Diamond 3,83,90,,115,107
705,summoner-10241637,706,Palme n Goéland,Diamond 3,82,73,,314,268
706,summoner-3322092,707,02 02 1998,Diamond 3,82,82,,229,195
707,summoner-10140185,708,LC Focus,Diamond 3,81,92,,201,197
708,summoner-630037,709,Enticement,Diamond 3,81,95,,83,66
709,summoner-9210188,710,ZAG Able,Diamond 3,80,90,,179,176
710,summoner-406857,711,it gets better,Diamond 3,80,52,,167,110
711,summoner-6101678,712,M416666,Diamond 3,77,58,,93,84
712,summoner-812715,713,Mr Cute HR,Diamond 3,76,52,,154,123
713,summoner-479364,714,01 10 1998,Diamond 3,75,98,,526,507
714,summoner-4791512,715,DW WhiteLotus,Diamond 3,75,149,,517,530
715,summoner-8071238,716,FZASY,Diamond 3,75,124,,324,309
716,summoner-280030,717,Derpsmagee,Diamond 3,75,119,,280,289
717,summoner-10550212,718,Tilt King,Diamond 3,75,87,,208,189
718,summoner-5281670,719,Zhiend,Diamond 3,75,67,,180,173
719,summoner-6820866,720,KHSOL,Diamond 3,75,79,,175,178
720,summoner-332723,721,Crucix,Diamond 3,75,76,,169,155
721,summoner-3480668,722,Megalomaniac,Diamond 3,75,79,,151,128
722,summoner-11142189,723,Lil Kush,Diamond 3,75,87,,143,135
723,summoner-3663235,724,El Jannah Garlic,Diamond 3,75,62,,142,137
724,summoner-7820502,725,yo whats good,Diamond 3,75,49,,128,93
725,summoner-5781549,726,callmere,Diamond 3,75,46,,102,64
726,summoner-6840379,727,Bdoink,Diamond 3,75,55,,94,80
727,summoner-466794,728,L8S,Diamond 3,75,56,,89,75
728,summoner-304475,729,Daddy Daegyu,Diamond 3,75,69,,86,82
729,summoner-530695,730,kkmok,Diamond 3,75,61,,76,68
730,summoner-432479,731,hi im rain,Diamond 3,75,37,,47,29
731,summoner-449742,732,NIGHTS,Diamond 3,74,83,,170,169
732,summoner-270385,733,Jab Right Hook,Diamond 3,72,83,,142,76
733,summoner-2592134,734,Kali Uchis,Diamond 3,72,80,,110,110
734,summoner-694658,735,handsome indian,Diamond 3,72,61,,84,75
735,summoner-320586,736,boy x,Diamond 3,71,84,,183,179
736,summoner-314483,737,potato9,Diamond 3,71,67,,108,101
737,summoner-11222878,738,Kerrioneadys,Diamond 3,71,42,,80,53
738,summoner-2281882,739,didsum1saytacos,Diamond 3,70,49,,30,19
739,summoner-4440747,740,Brother Hai,Diamond 3,68,77,,126,131
740,summoner-11442161,741,o noo,Diamond 3,68,37,,47,15
741,summoner-5760578,742,LCD DK,Diamond 3,67,104,,253,222
742,summoner-6660713,743,Skull07,Diamond 3,67,95,,197,176
743,summoner-291689,744,kantos17,Diamond 3,67,106,,114,98
744,summoner-3882367,745,Amitle,Diamond 3,67,66,,59,59
745,summoner-5041374,746,hi im floki,Diamond 3,66,92,,234,213
746,summoner-621278,747,Skrrrr,Diamond 3,66,72,,152,144
747,summoner-285635,748,MaiI,Diamond 3,66,119,,109,78
748,summoner-354152,749,Kate Bruhnn,Diamond 3,64,52,,124,78
749,summoner-360988,750,Noon Gang,Diamond 3,64,69,,120,108
750,summoner-639778,751,JohnnyBoyy,Diamond 3,63,71,,112,87
751,summoner-284887,752,Emperor Ears,Diamond 3,63,84,,84,75
752,summoner-290358,753,Waffle Jr,Diamond 3,62,116,,119,111
753,summoner-4292193,754,Elliot Helm,Diamond 3,62,40,,56,46
754,summoner-332240,755,Semirhage,Diamond 3,61,63,,143,120
755,summoner-2952222,756,Holy Street,Diamond 3,60,81,,145,141
756,summoner-6790124,757,eternity lullaby,Diamond 3,60,63,,137,120
757,summoner-469676,758,Trooper7,Diamond 3,59,42,,104,66
758,summoner-12020515,759,rekkles122122111,Diamond 3,59,40,,78,56
759,summoner-10891227,760,Barbiturate Bob,Diamond 3,58,100,,317,277
760,summoner-351374,761,L1 Yuxuan,Diamond 3,58,118,,311,304
761,summoner-221335,762,Godco,Diamond 3,58,73,,125,88
762,summoner-229564,763,Xiphos,Diamond 3,58,60,,49,37
763,summoner-9720874,764,bani,Diamond 3,57,94,,340,340
764,summoner-361306,765,Facade,Diamond 3,57,108,,318,319
765,summoner-491427,766,Shizukesa,Diamond 3,57,92,,237,232
766,summoner-1332520,767,3uphonium,Diamond 3,57,63,,70,58
767,summoner-326039,768,0ldm8legit,Diamond 3,57,40,,61,43
768,summoner-296408,769,GodKingLordGaren,Diamond 3,56,110,,156,138
769,summoner-9420387,770,Harm,Diamond 3,56,73,,140,112
770,summoner-3071107,771,Scuftz,Diamond 3,56,99,,125,112
771,summoner-600361,772,MT Void,Diamond 3,56,55,,108,101
772,summoner-9741444,773,Miracle,Diamond 3,56,45,,98,72
773,summoner-11252354,774,IsaacwF,Diamond 3,55,78,,339,306
774,summoner-7200702,775,Valor use fly,Diamond 3,55,42,,58,32
775,summoner-234955,776,Zyran,Diamond 3,55,125,,35,31
776,summoner-585398,777,Jimbo Mon,Diamond 3,54,76,,270,252
777,summoner-322373,778,NoIXemnas,Diamond 3,54,68,,51,40
778,summoner-8611591,779,Nightbringer,Diamond 3,53,36,,35,24
779,summoner-6451124,780,K             98,Diamond 3,52,80,,242,210
780,summoner-320443,781,RaidBoss Ovenhat,Diamond 3,52,84,,100,79
781,summoner-9050223,782,20I7 07 07,Diamond 3,52,56,,88,81
782,summoner-11171178,783,Ordolfur,Diamond 3,52,46,,60,41
783,summoner-1201161,784,bigbadnigs,Diamond 3,51,56,,130,120
784,summoner-368336,785,qop,Diamond 3,51,48,,82,60
785,summoner-459047,786,FÖCÜS,Diamond 3,50,89,,277,263
786,summoner-471649,787,Ara,Diamond 3,50,62,,212,190
787,summoner-4430246,788,TriXtEx,Diamond 3,49,78,,309,297
788,summoner-10441803,789,api,Diamond 3,49,49,,37,33
789,summoner-333672,790,Johannes,Diamond 3,48,90,,126,121
790,summoner-296712,791,Nosreme,Diamond 3,48,45,,74,40
791,summoner-397315,792,Fu Tou de baba,Diamond 3,46,84,,185,177
792,summoner-452854,793,BoyWithFutou,Diamond 3,46,70,,161,149
793,summoner-8110225,794,KKona,Diamond 3,46,50,,93,88
794,summoner-281075,795,SMD Yasindu,Diamond 3,45,117,,172,155
795,summoner-345886,796,JigglyButt,Diamond 3,42,62,,82,63
796,summoner-497679,797,Bill,Diamond 3,41,89,,245,226
797,summoner-285324,798,Yuqi is bae,Diamond 3,41,89,,75,72
798,summoner-569939,799,skyhao123,Diamond 3,39,63,,142,117
799,summoner-234227,800,Homunculus,Diamond 3,39,75,,108,86
800,summoner-290786,801,Patruck,Diamond 3,39,97,,57,36
801,summoner-603634,802,L1l Pump Boi,Diamond 3,38,141,,188,181
802,summoner-12000177,803,Jib4,Diamond 3,38,71,,177,141
803,summoner-8610951,804,Ch4zz,Diamond 3,38,41,,62,28
804,summoner-225037,805,Afince,Diamond 3,38,89,,28,13
805,summoner-823469,806,Merzy,Diamond 3,37,52,,119,83
806,summoner-238860,807,frog arms,Diamond 3,37,123,,39,41
807,summoner-8770178,808,Kelvinotoe,Diamond 3,36,95,,147,146
808,summoner-7150141,809,Varaxo,Diamond 3,36,84,,95,107
809,summoner-5551046,810,LGC minkywhale,Diamond 3,35,68,,260,235
810,summoner-746241,811,Marriage,Diamond 3,35,151,,235,211
811,summoner-5900441,812,768 Tizzy T,Diamond 3,35,58,,100,95
812,summoner-369278,813,Pia Pia Piu c,Diamond 3,35,57,,96,57
813,summoner-11941661,814,642962,Diamond 3,34,57,,226,187
814,summoner-984419,815,lllllllllll,Diamond 3,33,131,,359,352
815,summoner-726540,816,Blue Cat,Diamond 3,33,69,,47,48
816,summoner-8661945,817,10CSPM,Diamond 3,32,50,,156,117
817,summoner-6231646,818,xXRayXx,Diamond 3,32,80,,148,101
818,summoner-12050439,819,aries zero,Diamond 3,32,36,,48,23
819,summoner-714034,820,Ton Chan,Diamond 3,31,122,,291,275
820,summoner-305787,821,Marshmallows,Diamond 3,31,74,,32,21
821,summoner-8462161,822,LongShorts,Diamond 3,30,101,,133,117
822,summoner-742684,823,FOOLS,Diamond 3,28,76,,122,116
823,summoner-551283,824,SF 1 and 13,Diamond 3,27,81,,332,327
824,summoner-280394,825,Say Yes,Diamond 3,27,96,,331,321
825,summoner-791847,826,Lıam,Diamond 3,27,57,,75,64
826,summoner-10071222,827,Rlng,Diamond 3,26,79,,229,194
827,summoner-872383,828,Lived,Diamond 3,26,92,,186,181
828,summoner-449928,829,Synli,Diamond 3,25,105,,360,364
829,summoner-288237,830,Öhm,Diamond 3,25,71,,231,219
830,summoner-11820124,831,Hide From Egirl,Diamond 3,25,54,,174,124
831,summoner-11500284,832,NewbeePlayer,Diamond 3,25,45,,104,65
832,summoner-5895606,833,LoMejorDeLoMejor,Diamond 3,25,63,,97,87
833,summoner-773359,834,Rooftop Dreams,Diamond 3,25,78,,88,65
834,summoner-9240178,835,floppyfish278,Diamond 3,25,42,,85,22
835,summoner-278122,836,Risky,Diamond 3,25,76,,74,65
836,summoner-405015,837,Vaporeon,Diamond 3,25,41,,58,44
837,summoner-9001697,838,op dot gg review,Diamond 3,25,42,,53,47
838,summoner-369623,839,Chingster Ming,Diamond 3,24,98,,49,33
839,summoner-235806,840,Dom,Diamond 3,24,56,,24,15
840,summoner-229272,841,AHYSI,Diamond 3,23,127,,346,347
841,summoner-2742230,842,Cressy,Diamond 3,23,91,,327,308
842,summoner-503122,843,Volibear Bot2,Diamond 3,23,60,,198,160
843,summoner-8010504,844,handsome zhe,Diamond 3,23,54,,164,137
844,summoner-11970347,845,1 Love,Diamond 3,23,43,,91,60
845,summoner-3012162,846,Eels,Diamond 3,23,121,,41,31
846,summoner-1772162,847,Diamond Ero,Diamond 3,22,59,,205,171
847,summoner-3053143,848,Imperceivable,Diamond 3,22,51,,156,118
848,summoner-1340624,849,Elude,Diamond 3,22,81,,72,65
849,summoner-235171,850,Reimú,Diamond 3,22,108,,37,24
850,summoner-284670,851,Kebun,Diamond 3,21,124,,385,353
851,summoner-509425,852,Yuzuke,Diamond 3,21,91,,115,90
852,summoner-305147,853,Lightningsz,Diamond 3,21,54,,108,73
853,summoner-397305,854,Amen1001,Diamond 3,21,45,,50,40
854,summoner-630149,855,Pulleft,Diamond 3,20,141,,586,599
855,summoner-466220,856,Rex602,Diamond 3,20,121,,258,241
856,summoner-6570534,857,Dale Denten,Diamond 3,20,82,,192,183
857,summoner-1820884,858,0519,Diamond 3,20,66,,182,169
858,summoner-635952,859,Tengar,Diamond 3,20,97,,180,186
859,summoner-445658,860,Zeo,Diamond 3,20,104,,167,159
860,summoner-2262034,861,Main Top,Diamond 3,20,78,,136,115
861,summoner-399347,862,Plagué,Diamond 3,20,55,,128,125
862,summoner-226325,863,Charmander AU,Diamond 3,20,43,,104,73
863,summoner-287335,864,chookn,Diamond 3,19,45,,114,68
864,summoner-443508,865,Boobs,Diamond 3,19,80,,108,100
865,summoner-10280340,866,Leafeon,Diamond 3,19,41,,70,39
866,summoner-4100151,867,Apologetic Noob,Diamond 3,19,54,,60,46
867,summoner-11080832,868,chaøs,Diamond 3,19,48,,42,30
868,summoner-430397,869,ElllaxX,Diamond 3,18,88,,341,351
869,summoner-1350309,870,TheMightyFruit,Diamond 3,18,90,,298,265
870,summoner-223998,871,Woodsie,Diamond 3,18,85,,231,223
871,summoner-733562,872,Qúeef,Diamond 3,18,96,,144,123
872,summoner-6150835,873,Brontosaurus,Diamond 3,18,96,,101,84
873,summoner-5902458,874,Larxene XII,Diamond 3,18,39,,69,37
874,summoner-4861103,875,1998 12 19,Diamond 3,17,84,,322,285
875,summoner-467389,876,Princess Belle,Diamond 3,17,75,,188,189
876,summoner-275445,877,LAPD 911,Diamond 3,17,58,,90,79
877,summoner-11160289,878,th0mas,Diamond 3,17,48,,80,52
878,summoner-322389,879,Mystiiez,Diamond 3,16,80,,172,146
879,summoner-11075233,880,held me down,Diamond 3,16,68,,164,166
880,summoner-352703,881,Khysoar,Diamond 3,16,57,,144,128
881,summoner-442911,882,Payton,Diamond 3,16,93,,74,77
882,summoner-479495,883,DeathByLlama,Diamond 3,15,88,,75,67
883,summoner-722764,884,FunkZillah,Diamond 3,15,94,,60,45
884,summoner-1811821,885,JBreezy,Diamond 3,14,67,,203,193
885,summoner-1760235,886,Jaycehandsome,Diamond 3,14,77,,203,211
886,summoner-571560,887,Paths of Pain,Diamond 3,14,97,,118,116
887,summoner-463325,888,MeMoMoMa,Diamond 3,14,48,,97,88
888,summoner-232022,889,Scroll,Diamond 3,14,61,,94,59
889,summoner-11480427,890,Garverz,Diamond 3,13,72,,219,180
890,summoner-8970295,891,give me anxiety,Diamond 3,13,71,,201,211
891,summoner-10161398,892,with1drawn,Diamond 3,13,43,,58,31
892,summoner-9420230,893,Fourth rate AD,Diamond 3,12,87,,289,281
893,summoner-628060,894,K1LD3Rn3S5,Diamond 3,12,97,,146,141
894,summoner-7200938,895,Hear,Diamond 3,12,48,,126,110
895,summoner-9120188,896,ShowMaker,Diamond 3,12,51,,55,52
896,summoner-337521,897,Remise,Diamond 3,10,164,,614,606
897,summoner-900278,898,CurdledSilk,Diamond 3,10,89,,268,237
898,summoner-327877,899,never get role,Diamond 3,10,55,,99,93
899,summoner-284257,900,Profit Leonard,Diamond 3,10,41,,65,59
900,summoner-395355,901,Fabulous,Diamond 3,10,48,,48,35
901,summoner-636352,902,Åkanø,Diamond 3,10,43,,48,46
902,summoner-749975,903,RidicuIous,Diamond 3,9,35,,56,15
903,summoner-584744,904,Low APM Btw,Diamond 3,9,45,,28,17
904,summoner-2960362,905,Carypto,Diamond 3,8,106,,172,154
905,summoner-563813,906,Reina Kousaka,Diamond 3,8,41,,47,34
906,summoner-453513,907,Ronnald,Diamond 3,7,93,,204,189
907,summoner-1163135,908,SpinLord,Diamond 3,7,69,,104,95
908,summoner-701380,909,Feshua owo,Diamond 3,7,56,,65,69
909,summoner-451889,910,ri Nin leiQVQ,Diamond 3,7,38,,57,48
910,summoner-402522,911,Kenste,Diamond 3,7,46,,50,35
911,summoner-220192,912,WE DEM BOYZZ,Diamond 3,6,75,,108,89
912,summoner-1810791,913,Holly Mia,Diamond 3,6,90,,85,69
913,summoner-773372,914,Mryibaba,Diamond 3,4,101,,208,180
914,summoner-380314,915,Blurred,Diamond 3,4,61,,207,166
915,summoner-706024,916,ˉ w ˉ,Diamond 3,4,51,,111,93
916,summoner-3140948,917,Necromancer,Diamond 3,3,72,,224,209
917,summoner-2910960,918,Jyza IV,Diamond 3,3,52,,136,101
918,summoner-228360,919,Dr Elementfluffy,Diamond 3,3,101,,91,75
919,summoner-5621748,920,CheeZeLord,Diamond 3,3,99,,89,68
920,summoner-317309,921,Roz62,Diamond 3,2,48,,186,150
921,summoner-488654,922,BEEM0,Diamond 3,2,122,,105,106
922,summoner-7820275,923,KoBe 07,Diamond 3,1,89,,327,241
923,summoner-680188,924,IG Rook1e,Diamond 3,1,78,,285,253
924,summoner-8790826,925,imCodxx,Diamond 3,1,75,,264,223
925,summoner-3621562,926,mfis,Diamond 3,1,93,,122,123
926,summoner-11121305,927,ForsakenDreamz,Diamond 3,1,46,,64,51
927,summoner-1100599,928,godofapples,Diamond 3,0,90,,329,293
928,summoner-941171,929,Nomoreganks,Diamond 3,0,86,,312,293
929,summoner-1101353,930,Uncle Wesker,Diamond 3,0,135,,286,254
930,summoner-700393,931,Paco8,Diamond 3,0,70,,232,187
931,summoner-302914,932,Legends ND,Diamond 3,0,86,,229,180
932,summoner-1292193,933,fire kylin,Diamond 3,0,80,,213,182
933,summoner-11871110,934,s1ckle,Diamond 3,0,72,,196,155
934,summoner-305116,935,LDV,Diamond 3,0,113,,193,155
935,summoner-7330143,936,Gakki or Satomi,Diamond 3,0,71,,192,176
936,summoner-660755,937,iJwang,Diamond 3,0,107,,191,192
937,summoner-503392,938,GoGoJuice98,Diamond 3,0,56,,167,139
938,summoner-522668,939,iiDontCare,Diamond 3,0,50,,167,115
939,summoner-3311812,940,Overlord1,Diamond 3,0,112,,163,125
940,summoner-1710466,941,Too Tru Fam,Diamond 3,0,79,,157,140
941,summoner-11430289,942,Joe Miller,Diamond 3,0,90,,152,132
942,summoner-621191,943,AoiTora,Diamond 3,0,64,,151,113
943,summoner-10260750,944,hypebeastakito,Diamond 3,0,94,,148,114
944,summoner-315654,945,ragepoo,Diamond 3,0,64,,142,123
945,summoner-507532,946,Phoed,Diamond 3,0,128,,140,128
946,summoner-312659,947,NightMare324,Diamond 3,0,69,,138,139
947,summoner-292904,948,Pecha Berry,Diamond 3,0,90,,136,126
948,summoner-230856,949,Reznor,Diamond 3,0,74,,133,122
949,summoner-11220678,950,KingGodYasuo,Diamond 3,0,48,,129,93
950,summoner-8212923,951,wRayZxMan,Diamond 3,0,86,,127,118
951,summoner-1680225,952,Exiled,Diamond 3,0,138,,121,120
952,summoner-3132024,953,luckyslamdunk,Diamond 3,0,78,,119,99
953,summoner-11140408,954,Fuggines,Diamond 3,0,47,,118,90
954,summoner-590641,955,I Dont Wanna Win,Diamond 3,0,53,,118,110
955,summoner-2160127,956,Pica boo,Diamond 3,0,128,,117,90
956,summoner-870924,957,Ćonqseºrør,Diamond 3,0,54,,112,112
957,summoner-439711,958,Ace in the Hole,Diamond 3,0,98,,111,111
958,summoner-7680165,959,ORD Lelouch,Diamond 3,0,65,,105,65
959,summoner-482781,960,Feed to Succeed,Diamond 3,0,119,,104,106
960,summoner-710649,961,Cote de boeuf,Diamond 3,0,53,,100,101
961,summoner-331592,962,Lehm The BM,Diamond 3,0,65,,100,72
962,summoner-6420294,963,MoonlitKaiser,Diamond 3,0,47,,92,68
963,summoner-276529,964,Didnt ask,Diamond 3,0,123,,88,90
964,summoner-438508,965,Maximoo,Diamond 3,0,112,,85,83
965,summoner-239171,966,Hunt,Diamond 3,0,107,,80,58
966,summoner-1363078,967,Sheldor73,Diamond 3,0,71,,78,76
967,summoner-404807,968,Liv,Diamond 3,0,46,,77,66
968,summoner-281946,969,The Gom,Diamond 3,0,54,,68,40
969,summoner-4530378,970,Smlz 0v0,Diamond 3,0,96,,65,46
970,summoner-1880974,971,Byrone,Diamond 3,0,102,,64,59
971,summoner-580828,972,My Jg Is Retard,Diamond 3,0,86,,64,48
972,summoner-3520141,973,15x scope Kar98k,Diamond 3,0,91,,61,46
973,summoner-10171740,974,Suexa,Diamond 3,0,43,,60,28
974,summoner-3592244,975,Qonnect,Diamond 3,0,67,,60,57
975,summoner-8610583,976,ShaIItear,Diamond 3,0,44,,59,61
976,summoner-8870219,977,GZ Cadence,Diamond 3,0,101,,59,45
977,summoner-441412,978,QASWEFRGTHJMFDF,Diamond 3,0,105,,53,38
978,summoner-300644,979,김정은,Diamond 3,0,92,,51,49
979,summoner-1380274,980,Ohgee,Diamond 3,0,57,,49,16
980,summoner-6931874,981,HoIo,Diamond 3,0,44,,49,42
981,summoner-325988,982,The Expanse,Diamond 3,0,43,,42,37
982,summoner-451639,983,Miracle Jgg,Diamond 3,0,127,,38,23
983,summoner-476851,984,Scimister,Diamond 4,100,107,,389,376
984,summoner-3343964,985,Vinxen,Diamond 4,100,94,,265,255
985,summoner-324187,986,vveigang,Diamond 4,100,68,,258,256
986,summoner-292160,987,Mystical Crayon,Diamond 4,100,106,,239,220
987,summoner-11241106,988,mLbQHenry,Diamond 4,100,69,,233,197
988,summoner-790314,989,Gilbzi,Diamond 4,100,66,,131,118
989,summoner-484258,990,Destiny98,Diamond 4,100,82,,100,83
990,summoner-2870250,991,BiGhao,Diamond 4,100,78,,95,95
991,summoner-360093,992,Brent Rambo,Diamond 4,100,55,,89,75
992,summoner-8930296,993,P1kaqiu,Diamond 4,100,44,,85,61
993,summoner-5710281,994,SumCookie,Diamond 4,100,52,,84,69
994,summoner-579944,995,OKtiger,Diamond 4,100,44,,72,78
995,summoner-380500,996,Vpn Boi,Diamond 4,100,91,,72,50
996,summoner-315902,997,selphish,Diamond 4,100,83,,66,62
997,summoner-480705,998,Shenaniganzz,Diamond 4,100,45,,50,43
998,summoner-725483,999,BlahblahE,Diamond 4,100,38,,49,48
999,summoner-287737,1000,Intent,Diamond 4,100,66,,45,27
