#timestamp 1530068435919
#date 2018-06-27T03:00:35+00:00
#players 1000
#index,id,rank,name,tier,lp,level,proTeam,win,loss
0,summoner-30950217,1,Necromartin,Challenger,1372,93,,273,188
1,summoner-25251096,2,Erring,Challenger,1059,110,,195,132
2,summoner-67237036,3,DawidaZ314,Challenger,1029,67,,177,125
3,summoner-114456,4,Just Milánek,Challenger,1010,118,,191,128
4,summoner-34366642,5,Zest of a Lemon,Challenger,975,83,,153,99
5,summoner-68577868,6,The FearDrug,Challenger,972,52,,130,75
6,summoner-19912631,7,balagan,Challenger,962,84,,181,132
7,summoner-56366993,8,Inferiorities,Challenger,943,135,,412,322
8,summoner-35488076,9,Thomasive,Challenger,932,160,,343,295
9,summoner-54937799,10,I am LeBron,Challenger,929,96,,392,339
10,summoner-42337826,11,ŃightFury,Challenger,915,58,,131,73
11,summoner-30354925,12,S4breTooth,Challenger,913,69,,178,131
12,summoner-32276072,13,Drutut,Challenger,900,88,,179,129
13,summoner-36174939,14,Orochimâru,Challenger,890,86,,185,125
14,summoner-29947317,15,LC Specialkey,Challenger,868,89,,126,74
15,summoner-41255766,16,Trenie,Challenger,791,63,,220,167
16,summoner-38799811,17,VinTreZ,Challenger,763,82,,225,181
17,summoner-43537063,18,INFINITIUM,Challenger,753,103,,246,198
18,summoner-68397877,19,thícc boy,Challenger,749,136,,556,487
19,summoner-29626431,20,Egé,Challenger,740,93,,117,76
20,summoner-41719668,21,Hide On Ãütism,Challenger,734,121,,154,99
21,summoner-22424102,22,Dat Guy M0arcin,Challenger,728,82,,224,173
22,summoner-31258700,23,SenuaI,Challenger,724,134,,176,131
23,summoner-36034843,24,Whírlwind,Challenger,718,98,,257,211
24,summoner-32525539,25,solony1,Challenger,707,119,,443,397
25,summoner-20911182,26,Mortar2,Challenger,691,77,,219,174
26,summoner-27638198,27,Samyaza3,Challenger,689,72,,137,102
27,summoner-35839428,28,Dudî,Challenger,687,85,,151,106
28,summoner-24211787,29,45620 321,Challenger,683,54,,150,110
29,summoner-51510795,30,Psych0social,Challenger,676,106,,247,194
30,summoner-24217661,31,43178261271,Challenger,669,60,,126,79
31,summoner-33502635,32,Alek22,Challenger,648,101,,300,259
32,summoner-27260328,33,FizzCantCarry Q8,Challenger,646,107,,187,135
33,summoner-24537185,34,Sgt Reckface,Challenger,633,68,,129,84
34,summoner-36586403,35,DJfaby,Challenger,633,84,,117,74
35,summoner-46571745,36,Challenger Riven,Challenger,632,65,,171,115
36,summoner-28117164,37,7h3blu3,Challenger,631,144,,256,217
37,summoner-30869288,38,Hitman1771,Challenger,629,97,,390,328
38,summoner-29560341,39,Cougar,Challenger,628,107,,296,249
39,summoner-35473029,40,Yuno Gasai,Challenger,626,177,,165,123
40,summoner-26053958,41,FonikiKouradoula,Challenger,623,126,,514,471
41,summoner-41188305,42,RABANUS XDD,Challenger,617,88,,304,265
42,summoner-30034043,43,Ztreetboy,Challenger,617,48,,134,75
43,summoner-25559670,44,CeKa,Challenger,613,85,,320,252
44,summoner-33845373,45,14133029,Challenger,607,94,,168,142
45,summoner-41373137,46,Tanya Degurechaf,Challenger,606,131,,246,205
46,summoner-24304145,47,ShatterNightmare,Challenger,597,119,,230,198
47,summoner-19708054,48,Heals1ut,Challenger,593,63,,143,96
48,summoner-21445018,49,lykku,Challenger,593,71,,114,76
49,summoner-30739384,50,Saya NΥX,Challenger,590,85,,140,96
50,summoner-37803083,51,Adryeh,Challenger,589,111,,231,194
51,summoner-22488792,52,THR Vioreleeee,Challenger,583,79,,101,67
52,summoner-32164198,53,Trap40,Challenger,582,97,,297,261
53,summoner-29126866,54,Askarek,Challenger,576,98,,322,286
54,summoner-68037994,55,Tilen Perko,Challenger,575,46,,117,54
55,summoner-35076517,56,Boots of Speed,Challenger,567,78,,252,213
56,summoner-62796707,57,Yasuxery,Challenger,562,48,,158,80
57,summoner-32706014,58,MyxiR,Challenger,555,89,,227,194
58,summoner-36359863,59,Kysek,Challenger,555,68,,109,62
59,summoner-62512964,60,Songu,Challenger,551,90,,148,121
60,summoner-35483267,61,DIAMOND BTW,Challenger,546,69,,167,124
61,summoner-30124073,62,VoidlingGeneral,Challenger,538,113,,197,154
62,summoner-24294620,63,Cant ToUcH DiS,Challenger,536,130,,230,189
63,summoner-71988030,64,Kososanity,Challenger,536,49,,179,113
64,summoner-59184238,65,Awesome Giovanni,Challenger,534,109,,197,154
65,summoner-20768545,66,Keàsar,Challenger,533,93,,188,148
66,summoner-37847164,67,Dekkon,Challenger,530,81,,145,118
67,summoner-42310753,68,septico1,Challenger,529,140,,299,263
68,summoner-62294050,69,MixepSRB,Challenger,528,95,,266,227
69,summoner-48645710,70,JoinedandPlayed,Challenger,527,59,,166,119
70,summoner-37619582,71,DareDévil,Challenger,527,237,,108,70
71,summoner-30363029,72,ku5h420igniteit,Challenger,526,87,,207,175
72,summoner-43463469,73,Niinja,Challenger,524,125,,508,463
73,summoner-34647447,74,Thebausffs,Challenger,523,79,,126,91
74,summoner-54125134,75,DeIusion,Challenger,518,146,,321,276
75,summoner-40824749,76,SECODE,Challenger,513,68,,130,94
76,summoner-20517918,77,Craz,Challenger,513,44,,93,51
77,summoner-37834995,78,Sl Karapanos,Challenger,511,115,,153,112
78,summoner-38198493,79,Virtuøso,Challenger,510,130,,255,218
79,summoner-34096414,80,Gwiazda11,Challenger,506,117,,490,427
80,summoner-69116222,81,Vestas,Challenger,506,45,,116,57
81,summoner-52638381,82,BITE Petipino,Challenger,504,91,,232,197
82,summoner-39596221,83,1Tyr,Challenger,504,74,,187,136
83,summoner-29933647,84,Bryce Walker,Challenger,502,101,,258,218
84,summoner-22901643,85,Black Pete,Challenger,499,80,,285,246
85,summoner-39257803,86,StayHumble,Challenger,497,154,,228,198
86,summoner-61222996,87,A4e v2,Challenger,487,162,,549,519
87,summoner-33613346,88,Teh,Challenger,483,98,,93,59
88,summoner-37105357,89,Daraaka123,Challenger,482,55,,185,107
89,summoner-37339075,90,NoBrainVayneMain,Challenger,478,105,,341,302
90,summoner-27682983,91,Amino the hantá,Challenger,475,57,,169,134
91,summoner-26347442,92,Levís,Challenger,473,75,,156,118
92,summoner-34916156,93,Alcoholic,Challenger,469,88,,115,72
93,summoner-34059489,94,Ψ NinjaDoge Ψ,Challenger,465,101,,181,139
94,summoner-36880627,95,Kizuro,Challenger,465,71,,145,119
95,summoner-49505896,96,xflaidy,Challenger,463,107,,197,160
96,summoner-68728548,97,adalbarthasdine,Challenger,461,43,,116,64
97,summoner-33354090,98,krul rafcio,Challenger,459,64,,154,117
98,summoner-40170634,99,Icetan,Challenger,456,91,,129,93
99,summoner-28928793,100,StoneGuard,Challenger,455,119,,147,116
100,summoner-49689206,101,TheDoffy,Challenger,452,105,,328,295
101,summoner-36926878,102,Zenap,Challenger,451,123,,168,130
102,summoner-72743432,103,Low Nine,Challenger,450,53,,146,88
103,summoner-19899632,104,BedvolfAgarwaen,Challenger,449,62,,105,67
104,summoner-23214988,105,NXG Legion,Challenger,447,69,,144,107
105,summoner-42321931,106,Şhy Zerø tωo,Challenger,447,67,,89,52
106,summoner-44103732,107,olikaan,Challenger,444,140,,209,180
107,summoner-30110835,108,PoN,Challenger,439,118,,226,187
108,summoner-35304360,109,Capcioc,Challenger,432,123,,160,123
109,summoner-38009638,110,VasterOfKled,Challenger,430,88,,210,168
110,summoner-40385818,111,Richor,Challenger,429,68,,179,152
111,summoner-23400758,112,Hardustriel,Challenger,427,124,,215,178
112,summoner-40027898,113,Gery Nikol,Challenger,427,140,,123,83
113,summoner-40358396,114,BDS Laudon,Challenger,424,118,,250,210
114,summoner-38499311,115,ZXY,Challenger,423,63,,223,150
115,summoner-35791510,116,CSTADYHONZA,Challenger,423,97,,213,177
116,summoner-30738266,117,torpick,Challenger,421,72,,263,234
117,summoner-39927024,118,Qythien,Challenger,417,85,,162,115
118,summoner-29018603,119,Yourself5times,Challenger,414,93,,257,228
119,summoner-24277714,120,pYemuL,Challenger,413,59,,178,141
120,summoner-63133663,121,Patâ,Challenger,413,66,,167,130
121,summoner-24503452,122,EU AnimalTrainer,Challenger,412,86,,243,189
122,summoner-31793915,123,Zazapp,Challenger,412,52,,167,100
123,summoner-26405360,124,TLP Coatpustmain,Challenger,407,88,,288,245
124,summoner-43062702,125,iTq,Challenger,406,102,,328,287
125,summoner-36647726,126,XartiX 420,Challenger,405,66,,298,168
126,summoner-32497510,127,Hayp,Challenger,405,63,,246,196
127,summoner-70713941,128,Lenka fanboy,Challenger,405,65,,143,105
128,summoner-70182989,129,Midlane Outsider,Challenger,403,120,,229,198
129,summoner-24746936,130,Shine001k,Challenger,403,78,,135,99
130,summoner-31921889,131,xDamon Salvatore,Challenger,402,90,,202,168
131,summoner-45293753,132,M4CI3KunluckyTOP,Challenger,401,101,,199,165
132,summoner-21147121,133,ParowózTomek,Challenger,401,70,,78,41
133,summoner-42358639,134,Divine Interoid,Challenger,400,73,,244,214
134,summoner-27247414,135,Charca,Challenger,396,73,,87,45
135,summoner-70596075,136,HakunaMattatta,Challenger,394,71,,230,195
136,summoner-29001286,137,Dąbek1,Challenger,392,103,,340,306
137,summoner-22428390,138,Skinny dipper,Challenger,392,60,,204,173
138,summoner-43603496,139,Baldikshir,Challenger,390,61,,174,140
139,summoner-71374980,140,beamer bøy,Challenger,388,56,,189,136
140,summoner-38074727,141,Tigric2000,Challenger,386,106,,316,290
141,summoner-31434850,142,eL Maquk,Challenger,385,89,,163,125
142,summoner-54973039,143,Kristijan King,Challenger,384,173,,801,759
143,summoner-32675866,144,sC Stefan,Challenger,384,115,,97,57
144,summoner-53826633,145,GS RekitRalf,Challenger,383,99,,173,142
145,summoner-30818415,146,UrbanekShow,Challenger,381,80,,220,187
146,summoner-42322373,147,HELLAS Tranquil,Challenger,381,64,,177,134
147,summoner-23833294,148,Senafir,Challenger,379,105,,148,111
148,summoner-40604579,149,Lυnatıc,Challenger,378,81,,305,206
149,summoner-43168575,150,MM Revenger,Challenger,377,124,,197,166
150,summoner-62475364,151,BarrelBros,Challenger,373,58,,134,86
151,summoner-34020838,152,C9 Norgod,Challenger,373,92,,121,89
152,summoner-72173097,153,KY Leo,Challenger,372,118,,247,224
153,summoner-68838041,154,remundahilmorga,Challenger,372,78,,178,144
154,summoner-31337125,155,TheStrzelba,Challenger,366,133,,587,544
155,summoner-37915705,156,Trust46,Challenger,366,94,,262,226
156,summoner-24385272,157,Yashiru,Challenger,366,68,,201,166
157,summoner-31929469,158,Kazemitra,Challenger,361,127,,504,480
158,summoner-21704109,159,EuneAnimallul,Challenger,358,97,,237,201
159,summoner-25874625,160,Túróstészta,Challenger,358,86,,193,161
160,summoner-26990156,161,SIENIOPAS,Challenger,357,80,,208,180
161,summoner-33973961,162,ZYX Famas,Challenger,357,96,,204,167
162,summoner-54458064,163,Yerllo,Challenger,354,118,,213,175
163,summoner-30798969,164,malcom v1,Challenger,352,123,,210,180
164,summoner-38490045,165,Grk 3 Tears,Challenger,348,55,,102,76
165,summoner-41829004,166,Hodný Vlk,Challenger,347,84,,193,165
166,summoner-32953063,167,Hi im Taka,Challenger,346,89,,232,196
167,summoner-25529425,168,Th3BaBaDo0K,Challenger,362,171,,664,637
168,summoner-52463268,169,JACKET IS MINE,Challenger,344,85,,317,292
169,summoner-35716576,170,Ôzen,Challenger,342,146,,188,149
170,summoner-40734816,171,matiz4win,Challenger,342,89,,175,138
171,summoner-38614643,172,YoLoN,Challenger,341,85,,309,273
172,summoner-25834373,173,94716,Challenger,341,75,,252,214
173,summoner-66606846,174,SpeeDDu,Challenger,341,54,,127,96
174,summoner-27889019,175,KSV MID CROWN,Challenger,339,87,,326,284
175,summoner-41963589,176,Catstyle,Challenger,339,74,,214,185
176,summoner-25524501,177,Arch Nemesis,Challenger,339,47,,115,82
177,summoner-72576440,178,Laitnoir,Challenger,339,42,,80,29
178,summoner-41542670,179,Dositej Colamax,Challenger,337,63,,75,38
179,summoner-31140082,180,Jadelit,Challenger,336,92,,249,218
180,summoner-38405754,181,eR Petrásek,Challenger,336,148,,153,118
181,summoner-39653179,182,C9 Giubi,Challenger,334,73,,237,202
182,summoner-38716840,183,ETMS Aidamák,Challenger,333,151,,361,325
183,summoner-48117052,184,NeverLucky JJ,Challenger,332,108,,417,379
184,summoner-37953579,185,Wieledrog,Challenger,332,92,,190,152
185,summoner-31237269,186,IP ZoldieVi,Challenger,330,107,,207,151
186,summoner-30304141,187,Dżankos Smurf,Challenger,330,76,,128,95
187,summoner-27242434,188,kakosicek,Challenger,328,115,,354,324
188,summoner-24252613,189,Talkoś,Challenger,328,64,,138,102
189,summoner-55649332,190,sxzoR,Challenger,327,164,,524,498
190,summoner-23357637,191,CRO WONDERKID,Challenger,327,79,,99,45
191,summoner-21868113,192,SilvenX,Challenger,326,106,,373,335
192,summoner-34256698,193,pàntérra v2,Challenger,324,97,,156,116
193,summoner-32277551,194,TL Playmaker,Challenger,322,167,,674,643
194,summoner-24545582,195,váha,Challenger,322,133,,317,289
195,summoner-33015585,196,Wolf and a Lamb,Challenger,322,104,,225,201
196,summoner-24133504,197,Kokokomando,Challenger,321,73,,232,202
197,summoner-30955779,198,StormRagez,Challenger,316,82,,417,390
198,summoner-19145963,199,BuBBlehun,Challenger,316,54,,123,78
199,summoner-61382972,200,Flamy v5,Challenger,297,100,,188,161
200,summoner-20779068,201,Vrasta,Master,334,107,,168,130
201,summoner-41232411,202,PASÒK,Master,328,91,,253,183
202,summoner-23815734,203,Wisakoy,Master,303,89,,243,213
203,summoner-21652445,204,WADOWICKA BESTIA,Master,302,70,,221,145
204,summoner-27279160,205,mihaibaros,Master,301,93,,315,278
205,summoner-24320283,206,Commander Lexa,Master,301,56,,173,141
206,summoner-25837064,207,BIedis,Master,300,86,,367,327
207,summoner-54757552,208,DankMilky,Master,299,76,,105,70
208,summoner-25469960,209,Stumpybuumer,Master,298,102,,153,120
209,summoner-47802316,210,Jôn Snow,Master,297,96,,181,149
210,summoner-24734846,211,De Grandes,Master,296,67,,137,102
211,summoner-54973046,212,Hatred The Daddy,Master,295,60,,222,146
212,summoner-72505969,213,Pz ΖZang,Master,292,48,,151,83
213,summoner-28984810,214,prodajnica,Master,288,50,,76,40
214,summoner-48613864,215,Hi Im Fali,Master,285,85,,276,205
215,summoner-43110478,216,Annie IRL,Master,284,171,,404,380
216,summoner-21180291,217,Jollteon,Master,282,187,,275,247
217,summoner-69503652,218,Knife Cat 420,Master,280,67,,257,205
218,summoner-224731,219,niszczyciel,Master,279,64,,146,116
219,summoner-61002976,220,Chains,Master,275,123,,354,325
220,summoner-69253007,221,Wétru,Master,274,111,,199,169
221,summoner-33093065,222,EmdielGG,Master,270,107,,382,364
222,summoner-19986326,223,LordVladimirus,Master,269,75,,200,175
223,summoner-29483874,224,BDS bobiistaa,Master,268,115,,385,359
224,summoner-41186365,225,Void Is So Empty,Master,267,138,,209,182
225,summoner-20079073,226,Again the Same,Master,264,80,,214,180
226,summoner-71318597,227,OneLastBreath,Master,263,63,,236,185
227,summoner-19360640,228,Masochista,Master,263,97,,181,141
228,summoner-30695393,229,Koczis,Master,262,55,,97,60
229,summoner-27865746,230,ChosenONF1rE,Master,258,85,,313,295
230,summoner-43363830,231,SunriSSe1,Master,251,141,,133,100
231,summoner-57147850,232,ƒrost,Master,250,117,,283,259
232,summoner-21776015,233,Twerk For Gank,Master,250,50,,117,73
233,summoner-59073355,234,Mppalalol,Master,248,99,,277,239
234,summoner-30902324,235,Nicram,Master,248,120,,193,170
235,summoner-20093613,236,IS1d30431af74fbd,Master,246,48,,117,89
236,summoner-29954113,237,GodFree,Master,242,119,,227,204
237,summoner-31919733,238,shyvtaric,Master,241,105,,370,362
238,summoner-29506183,239,16yo ToxicFckboy,Master,241,92,,195,163
239,summoner-24199070,240,zamzu,Master,240,92,,224,186
240,summoner-38122606,241,Minmaxer,Master,239,112,,423,400
241,summoner-26899838,242,Jarzynski,Master,236,140,,224,202
242,summoner-41649116,243,Faker Dog v2,Master,236,51,,116,118
243,summoner-70453402,244,MoonLandinEzreal,Master,234,88,,303,238
244,summoner-60894781,245,kesteen,Master,233,75,,213,164
245,summoner-39803017,246,legendari22,Master,232,98,,204,171
246,summoner-34087306,247,Maga,Master,229,120,,397,354
247,summoner-24502829,248,dragonn74,Master,228,102,,427,387
248,summoner-35461398,249,Conaaa,Master,227,96,,392,371
249,summoner-311278,250,Savage Pigeon,Master,225,156,,298,269
250,summoner-38767154,251,Fiery Dust,Master,225,113,,167,147
251,summoner-42461154,252,iG Dreedy,Master,225,74,,119,103
252,summoner-32497639,253,Son Goku,Master,224,84,,212,187
253,summoner-54123780,254,martonbulatko,Master,224,89,,201,168
254,summoner-42312343,255,Vertí,Master,223,103,,144,112
255,summoner-29088317,256,Norbiso Dog,Master,223,54,,106,80
256,summoner-25984594,257,PRE OmulFinn,Master,222,124,,373,331
257,summoner-44457343,258,115kg MARKSMAN,Master,222,116,,302,269
258,summoner-23345860,259,KiF1a,Master,220,73,,186,166
259,summoner-49476762,260,Aster,Master,219,83,,191,162
260,summoner-47353389,261,iMrPresident,Master,215,176,,520,481
261,summoner-44377634,262,Lοtus,Master,215,132,,268,240
262,summoner-43591549,263,Ðexter,Master,215,117,,237,205
263,summoner-39691163,264,Sha D Clone,Master,215,92,,143,104
264,summoner-52685879,265,Memøry,Master,214,116,,258,210
265,summoner-35444016,266,JusTSkiLLzZ,Master,213,97,,161,140
266,summoner-40227793,267,xLaur13x,Master,212,93,,166,135
267,summoner-34886646,268,Agirdi ko ziuri,Master,211,80,,379,292
268,summoner-24287131,269,Myštić,Master,210,88,,108,67
269,summoner-58905962,270,LeeSinToMyPings,Master,209,80,,166,135
270,summoner-22030635,271,RossG7,Master,209,109,,157,125
271,summoner-31795487,272,FA21TH,Master,208,95,,312,282
272,summoner-58175288,273,xDoggieSx,Master,208,92,,210,176
273,summoner-19867011,274,Sebbedan,Master,208,63,,87,59
274,summoner-22362343,275,Kroliczekk,Master,205,128,,268,239
275,summoner-42312984,276,EUNE Hi Im  LOGO,Master,204,86,,309,267
276,summoner-73146124,277,Ιcey,Master,202,50,,164,106
277,summoner-30960083,278,i am flo,Master,201,72,,93,62
278,summoner-51764533,279,Wallin,Master,200,92,,144,105
279,summoner-27294577,280,XxAronxX,Master,199,89,,301,274
280,summoner-38646934,281,Mateusss smurf,Master,199,54,,149,103
281,summoner-23756551,282,let me pyke you,Master,197,146,,611,582
282,summoner-48285573,283,Frost Edy,Master,197,89,,206,181
283,summoner-25572898,284,Jędrzej Zabujca,Master,196,84,,217,187
284,summoner-36915090,285,Grima,Master,194,99,,372,340
285,summoner-31178204,286,depressed ad,Master,194,121,,145,108
286,summoner-23402936,287,kurtdenstore,Master,193,52,,138,110
287,summoner-40203376,288,TopAp4cz,Master,192,138,,284,260
288,summoner-26639869,289,Dunk Prophecies,Master,192,107,,210,165
289,summoner-22718673,290,egirl slayer 420,Master,191,91,,229,193
290,summoner-43494933,291,KY Ada,Master,191,81,,171,129
291,summoner-70688522,292,Juliα,Master,189,94,,276,233
292,summoner-47936016,293,Mortain,Master,189,117,,221,180
293,summoner-72374470,294,IKneelOnlyToGod,Master,189,59,,177,139
294,summoner-32634015,295,Ponzu,Master,184,56,,109,80
295,summoner-21877641,296,Kreeyu,Master,182,77,,370,339
296,summoner-20145328,297,Amerasu,Master,182,99,,178,151
297,summoner-175104,298,Tydor,Master,164,50,,125,78
298,summoner-26565340,299,ÒG Mérciless,Master,181,116,,277,257
299,summoner-30464270,300,V5 Sentinel,Master,181,107,,231,198
300,summoner-54517674,301,Dexa497,Master,181,57,,103,66
301,summoner-38459984,302,Nivelenn,Master,180,85,,282,268
302,summoner-35437975,303,Beast Zed Mid,Master,180,90,,172,146
303,summoner-23791258,304,DoDo senpai,Master,180,87,,130,95
304,summoner-41456515,305,RIE Dugo,Master,180,53,,100,79
305,summoner-32736705,306,Alistar is Cow,Master,179,110,,89,63
306,summoner-37928532,307,Mr Miks,Master,178,99,,291,266
307,summoner-43239321,308,matiociekasexem,Master,176,111,,370,348
308,summoner-45776022,309,nleTV,Master,175,77,,328,254
309,summoner-24700982,310,Czaraf,Master,174,86,,280,251
310,summoner-21425598,311,CedRa,Master,174,79,,182,157
311,summoner-37253320,312,Craz1rabitMPAMPA,Master,174,68,,125,102
312,summoner-26959187,313,Marcinek2005PL,Master,172,83,,264,231
313,summoner-41865371,314,DarIing,Master,171,66,,240,160
314,summoner-32276830,315,BlindMasteRr,Master,168,86,,309,276
315,summoner-46424200,316,Iegolas,Master,167,66,,124,77
316,summoner-64938219,317,SKT T1 Flash R,Master,166,72,,334,291
317,summoner-28178174,318,samz0r,Master,166,81,,239,213
318,summoner-24147445,319,Leprowujek,Master,166,42,,94,40
319,summoner-30085498,320,Kewl Bat,Master,164,68,,210,184
320,summoner-20574477,321,Zarzator,Master,164,59,,160,119
321,summoner-33344680,322,Mâd Rât,Master,163,71,,248,205
322,summoner-21843031,323,Boys Do Cry,Master,162,67,,209,185
323,summoner-24519136,324,Mirevin,Master,161,90,,303,270
324,summoner-31518017,325,Sabaku TaisΦ,Master,161,82,,288,239
325,summoner-33768429,326,Píngwin,Master,160,120,,240,211
326,summoner-28531153,327,Fl4p3k,Master,160,79,,238,216
327,summoner-29213366,328,itZ A4ron,Master,160,97,,137,106
328,summoner-21930072,329,Sea Of Zorrow,Master,158,66,,102,78
329,summoner-44768883,330,BunnyJumper,Master,154,48,,95,42
330,summoner-70417188,331,Neko East,Master,153,87,,326,294
331,summoner-31738066,332,Kallukka,Master,153,92,,296,265
332,summoner-34876945,333,QQ Mati,Master,153,91,,125,102
333,summoner-22712849,334,Valar Dohaerís,Master,152,87,,231,200
334,summoner-33909458,335,AzianoCZ,Master,152,66,,198,167
335,summoner-30226164,336,Fr0m 0 2 Her0,Master,152,62,,154,131
336,summoner-31727926,337,WAZZAPPPPPPPPPP,Master,151,67,,205,157
337,summoner-25595710,338,Newb4610,Master,151,86,,143,110
338,summoner-38564431,339,PingviinsLv,Master,148,72,,147,117
339,summoner-38605595,340,Nicki Benz,Master,148,58,,142,109
340,summoner-26517392,341,DG Soul,Master,146,74,,61,33
341,summoner-38459471,342,Juzoo,Master,145,92,,256,224
342,summoner-21220764,343,hi im czajek,Master,145,78,,125,96
343,summoner-32978996,344,Pivotek,Master,144,90,,360,283
344,summoner-29756949,345,Amir Kebab Rip,Master,144,90,,239,209
345,summoner-29646879,346,AHS8,Master,143,67,,276,250
346,summoner-19493533,347,Jarmy,Master,143,83,,243,206
347,summoner-31554189,348,KYRlE IRVING,Master,143,89,,199,176
348,summoner-45833746,349,Midas LFT,Master,142,61,,262,179
349,summoner-24426105,350,xEchy,Master,142,63,,178,151
350,summoner-27745505,351,L9 Icereaper,Master,142,53,,173,89
351,summoner-45265491,352,DAB DAB DAB DAB,Master,140,62,,169,131
352,summoner-22571774,353,Makos,Master,138,114,,150,129
353,summoner-31264198,354,hi im todzio,Master,138,68,,116,97
354,summoner-38227985,355,Röyhkeä,Master,137,82,,117,83
355,summoner-32266483,356,Tyexus,Master,136,103,,288,256
356,summoner-37310714,357,Sylko,Master,136,88,,159,134
357,summoner-36244072,358,1453 PepeHands,Master,135,107,,301,279
358,summoner-37136474,359,bIood of life,Master,133,146,,273,250
359,summoner-34870972,360,Spiks Fanb0y,Master,132,133,,432,419
360,summoner-40705422,361,Paštikus Vagínus,Master,114,83,,169,140
361,summoner-25242066,362,JD Kublot,Master,130,58,,93,65
362,summoner-33774479,363,Szöcske,Master,129,105,,228,209
363,summoner-40752923,364,Ic3Poro,Master,129,71,,191,171
364,summoner-38555321,365,NobodyLovesM3,Master,129,88,,167,131
365,summoner-19724182,366,28914237,Master,129,46,,67,39
366,summoner-25142065,367,iNaffuu,Master,128,59,,169,150
367,summoner-33997861,368,Lil Tom,Master,127,59,,103,79
368,summoner-36328146,369,ZboczonyHektor,Master,125,55,,175,145
369,summoner-30839206,370,D4ynight,Master,124,107,,312,295
370,summoner-29764123,371,NaèbanyMÍstrzu,Master,124,115,,289,259
371,summoner-52516246,372,ExposeD452,Master,124,113,,240,218
372,summoner-27976861,373,Glishaa,Master,124,64,,140,98
373,summoner-34707077,374,RS Seboost1an,Master,123,110,,309,276
374,summoner-21142220,375,GodSoap,Master,123,93,,270,248
375,summoner-38796534,376,Hjeern,Master,123,101,,248,226
376,summoner-40761190,377,DON ProbleemxD,Master,123,112,,184,161
377,summoner-40749652,378,DON Detor,Master,123,117,,184,160
378,summoner-20584723,379,KorShack,Master,123,93,,112,84
379,summoner-24200990,380,Arrof,Master,122,134,,442,423
380,summoner-20435279,381,A Decent Unicorn,Master,121,65,,176,144
381,summoner-57694673,382,Jacob vo vani,Master,121,51,,119,87
382,summoner-63747327,383,3 Stars 1 Dragon,Master,121,44,,72,42
383,summoner-51041734,384,Remígiusz,Master,120,140,,137,102
384,summoner-29965908,385,Qweszaq,Master,119,84,,149,122
385,summoner-35086934,386,Joonatan,Master,118,98,,201,158
386,summoner-52323298,387,Blackøut,Master,118,104,,145,133
387,summoner-27267596,388,Onys the ťulda,Master,117,101,,314,284
388,summoner-23864813,389,Boost za nudle,Master,117,110,,290,263
389,summoner-33726754,390,Murskauskone3000,Master,117,67,,248,195
390,summoner-60013756,391,The Kayle,Master,114,49,,124,92
391,summoner-25804900,392,paszkos,Master,113,112,,426,400
392,summoner-38323190,393,Blakayy,Master,112,102,,334,271
393,summoner-35742411,394,elofactory com,Master,112,54,,143,93
394,summoner-25130219,395,SzAmiker,Master,112,51,,102,67
395,summoner-41605618,396,KAKABRUTA,Master,111,69,,128,107
396,summoner-28691827,397,LFT Puppe,Master,110,111,,173,144
397,summoner-46849163,398,Gipuo,Master,109,120,,315,296
398,summoner-71549187,399,Nothing Ends,Master,109,57,,194,151
399,summoner-26467183,400,LilaPaυse,Master,90,118,,355,342
400,summoner-29556273,401,Bagienny Szymon,Master,106,108,,333,307
401,summoner-23434374,402,xXKertoXx,Master,106,80,,166,112
402,summoner-24640007,403,hi im neves,Master,105,99,,302,277
403,summoner-29543702,404,Her Charmer,Master,105,95,,238,210
404,summoner-62573177,405,ED Ye Qiu,Master,104,93,,425,372
405,summoner-25594275,406,Anapsokwlias,Master,104,114,,305,272
406,summoner-38563426,407,DragonflyerPL,Master,104,104,,259,219
407,summoner-28326387,408,UNQ Kubson,Master,103,110,,212,179
408,summoner-41989610,409,GNîDîS,Master,102,63,,168,139
409,summoner-47871366,410,lövhögen,Master,101,103,,147,122
410,summoner-34990484,411,Shijnder,Master,101,155,,129,110
411,summoner-37324816,412,AGT Sobol,Master,100,77,,240,213
412,summoner-29847233,413,EvilxHyper1v9,Master,100,98,,134,113
413,summoner-45693791,414,LeBalance,Master,99,145,,328,304
414,summoner-52336189,415,Complain,Master,99,65,,134,105
415,summoner-24538556,416,GeneralJohny,Master,98,176,,379,360
416,summoner-68945358,417,Zorganizowany,Master,98,69,,205,177
417,summoner-34373450,418,pintek pl,Master,97,97,,248,212
418,summoner-20433541,419,Amant z Sosnowca,Master,96,89,,276,248
419,summoner-40947657,420,Matrix Sama,Master,96,75,,189,169
420,summoner-40164810,421,A B U D,Master,96,91,,180,157
421,summoner-28307643,422,Marcellus23,Master,96,69,,161,133
422,summoner-22870085,423,Jake Banks,Master,96,70,,131,100
423,summoner-34296788,424,Right Handed,Master,95,58,,152,130
424,summoner-41645583,425,DenizEN,Master,94,91,,385,306
425,summoner-19665363,426,Schp,Master,94,59,,122,89
426,summoner-35566765,427,Pitress,Master,93,74,,229,207
427,summoner-28167733,428,oslerCZ,Master,92,93,,272,222
428,summoner-38788159,429,uniporn,Master,92,83,,141,122
429,summoner-21309312,430,Linley Baruch,Master,89,77,,203,134
430,summoner-21398034,431,Thé Fàllén Angél,Master,89,81,,199,165
431,summoner-20076561,432,SDOM ALLEN,Master,88,73,,200,184
432,summoner-38285650,433,RX Cinca,Master,87,85,,201,182
433,summoner-32487581,434,Elniks,Master,85,105,,322,298
434,summoner-24399731,435,Filip02,Master,85,109,,295,278
435,summoner-27811008,436,Bírkí,Master,85,84,,195,168
436,summoner-36317960,437,vestra de sidere,Master,85,86,,158,136
437,summoner-43502680,438,Crea,Master,83,80,,157,137
438,summoner-34318299,439,InTheHellOfElo,Master,82,74,,259,233
439,summoner-33077827,440,TEAM IS FAMILY,Master,82,55,,99,80
440,summoner-27134795,441,True Wanderer,Master,82,41,,88,49
441,summoner-69076318,442,SPACEBAR PLAYER,Master,81,43,,100,52
442,summoner-40754180,443,Sάωαηο,Master,80,137,,391,364
443,summoner-19374680,444,THR Joe,Master,80,58,,178,115
444,summoner-45410476,445,WLD hi im mate,Master,80,56,,59,31
445,summoner-59194680,446,MiiaBestLamia,Master,78,91,,305,287
446,summoner-42693498,447,Terrorysta1,Master,78,72,,266,134
447,summoner-37314741,448,Molière,Master,77,80,,319,299
448,summoner-34705189,449,hi its Albatross,Master,77,86,,99,76
449,summoner-27116848,450,Specter XIV,Master,76,101,,257,236
450,summoner-37263763,451,vanko 1,Master,75,111,,611,599
451,summoner-19864501,452,Vallvex,Master,75,132,,224,202
452,summoner-35538261,453,Teddybéar,Master,93,62,,224,197
453,summoner-60793117,454,14etaneR,Master,75,50,,128,105
454,summoner-27218502,455,SUICIDAL EBOY,Master,75,46,,125,63
455,summoner-52156665,456,gibe pusi b0ss,Master,74,80,,356,290
456,summoner-25591013,457,Viktør,Master,74,94,,160,143
457,summoner-22120650,458,DTG shy jan,Master,73,115,,168,145
458,summoner-66396230,459,I AM SO TALONTED,Master,73,72,,163,142
459,summoner-24984653,460,Goddess Ofaf,Master,72,131,,402,382
460,summoner-71497498,461,Shãrky,Master,72,74,,321,278
461,summoner-24602552,462,ThotnessEmbrace,Master,72,108,,315,295
462,summoner-43879253,463,Troxen,Master,72,92,,198,185
463,summoner-38629296,464,Buszux,Master,72,75,,184,150
464,summoner-34825505,465,Τana,Master,72,133,,131,113
465,summoner-43943854,466,XXX65696D6973,Master,72,46,,101,38
466,summoner-36100496,467,LighTn1nG,Master,69,158,,375,355
467,summoner-57573785,468,Vengeance Reborn,Master,68,143,,309,268
468,summoner-22164949,469,Fliper,Master,68,69,,178,155
469,summoner-31455034,470,ˉunknown mid,Master,68,103,,173,151
470,summoner-26803517,471,Humble Healer,Master,67,87,,331,310
471,summoner-33959520,472,xMid or Nuke,Master,67,63,,129,108
472,summoner-37735418,473,Sir BigT,Master,66,77,,327,269
473,summoner-35471685,474,I am Budzik,Master,66,99,,122,103
474,summoner-71071897,475,Patà,Master,66,44,,110,56
475,summoner-20322181,476,AS JamesSawyer,Master,65,117,,395,373
476,summoner-36835782,477,Lignio,Master,65,114,,127,111
477,summoner-41603169,478,Purrpurr,Master,65,98,,112,91
478,summoner-40194654,479,deepionel,Master,65,138,,105,80
479,summoner-29534182,480,kotletaz,Master,64,72,,145,118
480,summoner-27527112,481,Ρennywise,Master,62,102,,252,231
481,summoner-49861951,482,Sveronis,Master,62,52,,195,65
482,summoner-73082971,483,EuneIsGreat,Master,62,53,,171,106
483,summoner-32824913,484,Mobú v2,Master,61,85,,243,201
484,summoner-24272802,485,DenKakai,Master,61,75,,198,169
485,summoner-33960640,486,Poetepe,Master,61,65,,160,137
486,summoner-29345064,487,AooShin,Master,59,98,,124,108
487,summoner-44754808,488,Lolofontello,Master,58,113,,405,382
488,summoner-26020106,489,TypowyLeśnik,Master,58,105,,209,190
489,summoner-70655337,490,Lee šin otp here,Master,58,47,,102,56
490,summoner-34878172,491,Hakushino,Master,57,70,,63,37
491,summoner-20945176,492,Halucynék,Master,56,120,,597,556
492,summoner-56794541,493,xXxKGxXx,Master,56,100,,336,322
493,summoner-44765346,494,L9 Kvasna,Master,56,65,,151,129
494,summoner-23766594,495,Elder Gorni,Master,56,63,,116,88
495,summoner-57967315,496,xKanelen,Master,55,119,,393,362
496,summoner-72416267,497,jeonggeul uiwang,Master,55,57,,196,140
497,summoner-33533249,498,vukojarac,Master,55,87,,168,154
498,summoner-41107575,499,DareDévil Fanboy,Master,55,89,,80,43
499,summoner-19790765,500,Taxi Naser,Master,54,119,,437,410
500,summoner-19796157,501,shaaz,Master,54,67,,154,128
501,summoner-44094588,502,dølce ft,Master,53,61,,102,76
502,summoner-19544631,503,MosEisley,Master,52,47,,137,82
503,summoner-42994549,504,TL PiercingLight,Master,51,145,,327,308
504,summoner-36903455,505,Hubonn,Master,51,80,,134,109
505,summoner-57817732,506,Findy Jr,Master,51,49,,59,31
506,summoner-40219024,507,NahkaParturi,Master,49,124,,136,107
507,summoner-39632545,508,myR Adev,Master,49,109,,129,104
508,summoner-44754609,509,GPLAY Samanan,Master,49,45,,82,57
509,summoner-33887230,510,DarkRider55,Master,48,47,,108,77
510,summoner-59595990,511,Anathema,Master,47,79,,217,201
511,summoner-19766642,512,Arbalezt,Master,47,74,,106,73
512,summoner-24308225,513,Riga Crypto,Master,46,55,,193,126
513,summoner-46816169,514,PGD Kenrix,Master,46,82,,102,79
514,summoner-27059616,515,Eradicated,Master,44,92,,277,252
515,summoner-24168317,516,Quinn Airlines,Master,43,108,,414,397
516,summoner-21039791,517,Zombilau,Master,43,88,,272,267
517,summoner-42405409,518,LordWafer,Master,43,76,,106,81
518,summoner-36665468,519,Quinsie Revenge,Master,42,78,,220,201
519,summoner-71555275,520,iG Sufon,Master,41,63,,202,148
520,summoner-71623135,521,Ryan Mikkelsen,Master,41,69,,131,101
521,summoner-21516154,522,Klordix,Master,40,116,,347,323
522,summoner-32984130,523,RX Trainsane,Master,40,95,,205,180
523,summoner-36412552,524,737,Master,40,56,,177,135
524,summoner-68744972,525,mrHookUrGIRL,Master,40,43,,101,55
525,summoner-36362552,526,dwa dobre pićka,Master,40,78,,94,73
526,summoner-20480930,527,B GOD,Master,39,51,,91,29
527,summoner-21990899,528,Divine Banana,Master,39,125,,72,52
528,summoner-27393446,529,Gamay666,Master,38,97,,257,236
529,summoner-27188813,530,SnutteTANT,Master,38,70,,224,167
530,summoner-21069443,531,Pajgino,Master,37,96,,115,82
531,summoner-37159691,532,TSM Tanaci,Master,36,146,,376,356
532,summoner-31446400,533,HUNT Szymek,Master,36,123,,144,121
533,summoner-22430478,534,Hipoooo,Master,35,96,,195,161
534,summoner-39593293,535,Heroin Party Zed,Master,34,86,,266,236
535,summoner-30159407,536,DJFrytek,Master,55,84,,180,142
536,summoner-32589268,537,Gøku,Master,33,86,,126,101
537,summoner-59893208,538,Märq,Master,33,56,,94,69
538,summoner-71485927,539,no pain no cane,Master,32,104,,388,347
539,summoner-19074566,540,íÎì Stark,Master,32,71,,261,238
540,summoner-27494606,541,Caedryn,Master,32,136,,124,99
541,summoner-35785372,542,TOMage,Master,31,69,,203,186
542,summoner-26925653,543,Ρingo,Master,30,84,,223,200
543,summoner-32853379,544,lmmortal,Master,29,73,,243,228
544,summoner-34323279,545,Zer0 to Ner0,Master,29,93,,118,100
545,summoner-39620487,546,Skassy,Master,28,111,,320,305
546,summoner-60253033,547,Hustels,Master,28,81,,226,199
547,summoner-34209019,548,Veig,Master,28,75,,161,128
548,summoner-29476578,549,klzz,Master,28,71,,78,56
549,summoner-28122519,550,FluffyPoo,Master,27,121,,211,177
550,summoner-70418172,551,Wexillon,Master,26,98,,277,244
551,summoner-29853190,552,Slý Tαils,Master,26,87,,108,81
552,summoner-34990979,553,RayRexi,Master,25,94,,173,147
553,summoner-40547172,554,Crownguardd,Master,24,142,,175,144
554,summoner-35069789,555,Cháotic,Master,24,68,,112,89
555,summoner-21286104,556,Prayforsyria,Master,23,92,,360,319
556,summoner-20382823,557,yung TorcicaPUT3,Master,23,62,,214,184
557,summoner-50213372,558,Alter Gilgamesh,Master,22,174,,319,292
558,summoner-41343975,559,Masa Thug Life,Master,22,113,,170,158
559,summoner-19769056,560,Kenshin,Master,22,67,,143,122
560,summoner-41679925,561,Zara Larsson,Master,21,116,,301,280
561,summoner-30393911,562,Honoz,Master,21,82,,234,207
562,summoner-38845123,563,Alradon,Master,21,96,,146,115
563,summoner-26353158,564,Norox,Master,21,69,,124,107
564,summoner-24684165,565,S1rNasty,Master,20,71,,274,212
565,summoner-60135843,566,SanyaDau v2,Master,20,116,,243,219
566,summoner-47221733,567,LLENN,Master,20,94,,189,131
567,summoner-41048627,568,Trust Me Im JEDl,Master,20,72,,65,41
568,summoner-33057637,569,sexezSTAR,Master,19,86,,410,388
569,summoner-39583344,570,triung,Master,19,96,,286,262
570,summoner-36674967,571,vad heter du,Master,19,50,,134,106
571,summoner-38986973,572,soczystypytol98,Master,19,53,,95,65
572,summoner-45064213,573,Exthellion,Master,18,98,,273,255
573,summoner-23488688,574,Szakacs,Master,18,107,,240,212
574,summoner-28710962,575,Egoista w Soloq,Master,18,83,,118,107
575,summoner-39658139,576,Zera,Master,17,188,,686,670
576,summoner-23601893,577,ilovepiez,Master,17,93,,190,172
577,summoner-26926091,578,ReLic7us,Master,17,73,,142,123
578,summoner-21087877,579,KY Satanico,Master,17,63,,113,92
579,summoner-38965264,580,SAEEDMUS,Master,16,102,,199,173
580,summoner-38403820,581,stefanxp,Master,16,92,,187,166
581,summoner-22691885,582,SIMBATA7,Master,16,63,,146,121
582,summoner-41551267,583,El3cTr0S0c,Master,15,58,,159,134
583,summoner-35494788,584,Exenon,Master,14,144,,275,283
584,summoner-38133362,585,cbdu,Master,13,108,,254,230
585,summoner-21129318,586,Hyperíon,Master,13,138,,173,158
586,summoner-36185015,587,C A N G O O R,Master,11,108,,250,234
587,summoner-24744012,588,Felisjano,Master,11,76,,120,95
588,summoner-32307429,589,Deizlo,Master,10,76,,238,219
589,summoner-30954692,590,Xclusive 25,Master,8,126,,595,584
590,summoner-27469510,591,Tissu,Master,8,76,,91,68
591,summoner-52559355,592,BãyMμtrá,Master,5,133,,277,253
592,summoner-46423361,593,ImJustSaiyan,Master,5,79,,139,114
593,summoner-30447363,594,Darknéss,Master,3,123,,224,201
594,summoner-44030756,595,Jég,Master,3,57,,181,132
595,summoner-24072999,596,Halcyzeron,Master,3,95,,105,82
596,summoner-25294231,597,botichello,Master,2,89,,348,299
597,summoner-32854718,598,Xayol v2,Master,2,55,,107,69
598,summoner-22886940,599,noızzy,Master,2,82,,91,60
599,summoner-31618238,600,TodiTheGod,Master,1,73,,226,211
600,summoner-32404054,601,negative winrate,Master,0,105,,505,481
601,summoner-28967240,602,NIghtRain 13,Master,0,130,,426,409
602,summoner-25478522,603,KIS WITH Y,Master,0,105,,425,399
603,summoner-47962920,604,major failure,Master,0,117,,409,403
604,summoner-25477643,605,Zapper02,Master,0,113,,388,369
605,summoner-39680037,606,FeelsDunkedMan,Master,0,122,,370,348
606,summoner-52332925,607,Grímmjôw,Master,0,150,,321,282
607,summoner-30144977,608,Mmesek,Master,0,104,,301,272
608,summoner-35674379,609,tsakos007,Master,0,87,,299,268
609,summoner-40554647,610,Daddy Gragas,Master,0,145,,289,273
610,summoner-33940581,611,H x,Master,0,122,,276,250
611,summoner-37879267,612,War pe Mental,Master,0,165,,263,229
612,summoner-45602139,613,Furybolt,Master,0,84,,257,223
613,summoner-29724710,614,pisinmyblouse,Master,0,86,,248,217
614,summoner-37074782,615,morderca32,Master,0,61,,241,173
615,summoner-27050356,616,Tveliv,Master,0,97,,229,211
616,summoner-57023102,617,Lötüs,Master,0,94,,225,209
617,summoner-21587261,618,DoctorNlck,Master,0,84,,223,175
618,summoner-28520357,619,Friendly Skulla,Master,0,78,,219,202
619,summoner-59668537,620,žennoŽTG,Master,0,116,,218,199
620,summoner-24200190,621,Next Level FIZZ,Master,0,77,,217,197
621,summoner-28172180,622,Pick me Janna,Master,0,75,,209,187
622,summoner-38677879,623,FP Kiko,Master,0,74,,209,180
623,summoner-26774670,624,FP Zorin Blitz,Master,0,75,,199,176
624,summoner-38376885,625,Suicidal Supp,Master,0,96,,192,157
625,summoner-71509291,626,SnakeInTracksuit,Master,0,67,,190,134
626,summoner-29526523,627,pykestanos,Master,0,83,,178,152
627,summoner-63523937,628,Àrdént Cénsér,Master,0,113,,176,154
628,summoner-23805754,629,Centawr,Master,0,66,,172,147
629,summoner-44347625,630,SKT KrWannaBe,Master,0,76,,158,132
630,summoner-70617689,631,HerHex,Master,0,99,,158,114
631,summoner-29062803,632,V for VayNeDeTa,Master,0,78,,154,133
632,summoner-38583230,633,Zebron,Master,0,60,,149,114
633,summoner-20922524,634,Far,Master,0,89,,145,127
634,summoner-39867623,635,Michael001,Master,0,50,,143,53
635,summoner-28398978,636,SMUTNY PAJAC,Master,0,57,,143,89
636,summoner-70146530,637,Diosh,Master,0,83,,142,99
637,summoner-50305148,638,FrozenCubBG,Master,0,48,,140,67
638,summoner-38540729,639,EUNE POGGERS,Master,0,54,,138,75
639,summoner-32189292,640,Zhenzi v2,Master,0,97,,136,113
640,summoner-31876210,641,Rebellion2,Master,0,73,,134,96
641,summoner-51963350,642,Luky001,Master,0,64,,134,111
642,summoner-30906515,643,Steve Angello,Master,0,82,,133,111
643,summoner-37673006,644,We Go Cr4zY,Master,0,47,,130,72
644,summoner-24434103,645,sl0wla,Master,0,100,,128,104
645,summoner-25235174,646,mortalcombatant,Master,0,79,,118,73
646,summoner-54836755,647,m7md7100,Master,0,72,,113,87
647,summoner-45943087,648,Redillion,Master,0,71,,106,78
648,summoner-46673697,649,Mégumin,Master,0,108,,104,76
649,summoner-63833189,650,POLhedzik019,Master,0,42,,103,49
650,summoner-37565478,651,Shaz,Master,0,84,,99,72
651,summoner-58653622,652,WildheroStream,Master,0,54,,91,38
652,summoner-36685606,653,KATYPERRYFAN123,Master,0,47,,74,44
653,summoner-30046712,654,brooo 8D,Master,0,46,,65,31
654,summoner-28994651,655,Xaroula,Diamond 1,100,104,,419,392
655,summoner-30844775,656,UnicornLeader,Diamond 1,100,137,,396,359
656,summoner-34467401,657,NLM,Diamond 1,100,72,,316,256
657,summoner-41543098,658,FeeDaLeLa,Diamond 1,100,95,,312,287
658,summoner-37444475,659,XEM Domel,Diamond 1,100,114,,308,286
659,summoner-22293716,660,zjemcikrede,Diamond 1,100,115,,278,256
660,summoner-32956070,661,HCT Erlich,Diamond 1,100,86,,269,238
661,summoner-28526239,662,Kundzior123,Diamond 1,100,88,,244,243
662,summoner-31204878,663,GRE Pokerstar,Diamond 1,100,101,,224,197
663,summoner-23687496,664,Pendecho,Diamond 1,100,82,,160,133
664,summoner-68943644,665,äiti,Diamond 1,100,60,,158,122
665,summoner-28537478,666,Hrazerixxxxxxx,Diamond 1,100,82,,158,130
666,summoner-68387562,667,LeQu On Smurf,Diamond 1,100,56,,153,121
667,summoner-61697922,668,Formes,Diamond 1,100,69,,142,123
668,summoner-68555718,669,CherryHeal,Diamond 1,100,50,,118,89
669,summoner-33519577,670,meenawy,Diamond 1,100,68,,110,73
670,summoner-36053985,671,Unlucky Niko,Diamond 1,100,84,,97,75
671,summoner-26325874,672,atomic bald,Diamond 1,100,53,,94,61
672,summoner-70173009,673,Two Shiv Shaco,Diamond 1,100,54,,87,54
673,summoner-34396720,674,Stephprobabe,Diamond 1,100,55,,68,39
674,summoner-37627217,675,Ejsner,Diamond 1,100,59,,55,35
675,summoner-62003907,676,XprObacKGG,Diamond 1,99,111,,328,300
676,summoner-23799544,677,HCT shizeR,Diamond 1,99,97,,282,243
677,summoner-26498433,678,CTF Manatee,Diamond 1,99,89,,245,217
678,summoner-33836987,679,raketak19,Diamond 1,99,65,,187,153
679,summoner-63285135,680,Daddy Roro,Diamond 1,98,63,,170,106
680,summoner-66685523,681,Sushi Kid,Diamond 1,98,72,,151,107
681,summoner-72435448,682,ThRoZeN,Diamond 1,97,43,,114,56
682,summoner-27860733,683,Dawîd,Diamond 1,97,79,,111,86
683,summoner-19403133,684,FrennaFanboy,Diamond 1,97,61,,105,89
684,summoner-65874209,685,Get Clapped,Diamond 1,97,71,,66,42
685,summoner-34223704,686,2H2H piškot,Diamond 1,95,89,,216,185
686,summoner-70235230,687,Burztfire,Diamond 1,95,79,,125,100
687,summoner-32894209,688,the prodigy ygh,Diamond 1,95,145,,47,33
688,summoner-34888542,689,HeavyDream,Diamond 1,94,63,,55,32
689,summoner-25815701,690,Clara,Diamond 1,93,115,,139,113
690,summoner-22255693,691,BigMazy,Diamond 1,93,41,,87,42
691,summoner-40189047,692,Yuuna,Diamond 1,93,53,,55,37
692,summoner-41065582,693,Saloez,Diamond 1,92,74,,253,215
693,summoner-71130272,694,uDNelly,Diamond 1,92,73,,217,171
694,summoner-72473143,695,Wa kind of smurf,Diamond 1,92,58,,202,165
695,summoner-25221922,696,Grub Woin,Diamond 1,91,90,,172,129
696,summoner-24984199,697,coookieman,Diamond 1,91,115,,88,60
697,summoner-27495704,698,ukko2000,Diamond 1,91,65,,69,48
698,summoner-34350180,699,DGPX Sayetan,Diamond 1,91,44,,66,46
699,summoner-53463132,700,Szybky Lopez,Diamond 1,90,88,,451,397
700,summoner-35256798,701,Tigerfun,Diamond 1,90,110,,244,221
701,summoner-37363403,702,Václav Šrajer,Diamond 1,90,76,,233,195
702,summoner-19912775,703,Neawin,Diamond 1,90,69,,182,148
703,summoner-27364826,704,xToma,Diamond 1,90,69,,154,136
704,summoner-25853840,705,WelcomToVietnam,Diamond 1,90,68,,146,109
705,summoner-33873215,706,p3 euw btw,Diamond 1,90,66,,145,118
706,summoner-27865152,707,aąbcć Ð eęfgh,Diamond 1,90,65,,144,125
707,summoner-35480966,708,DGN JustEngry,Diamond 1,90,77,,143,109
708,summoner-33405516,709,BuuDuemer,Diamond 1,90,81,,140,112
709,summoner-69423039,710,Matnisstatpants,Diamond 1,90,48,,133,93
710,summoner-27053145,711,αssαssin,Diamond 1,90,94,,130,86
711,summoner-20200774,712,King Dragún,Diamond 1,90,69,,125,99
712,summoner-32815577,713,The Ryan,Diamond 1,90,68,,124,87
713,summoner-20918068,714,JESSPER77,Diamond 1,90,86,,119,104
714,summoner-30333885,715,SaŁaZaR,Diamond 1,90,131,,113,93
715,summoner-71040739,716,Phílíphkt,Diamond 1,90,66,,113,62
716,summoner-32573416,717,Teräsmara,Diamond 1,90,126,,109,77
717,summoner-29599705,718,A4L,Diamond 1,90,63,,105,71
718,summoner-58033142,719,RED AD Carry,Diamond 1,90,63,,105,77
719,summoner-37141067,720,Ehmedi,Diamond 1,90,86,,98,70
720,summoner-69233016,721,Numikjèks,Diamond 1,90,40,,96,29
721,summoner-25516645,722,Cx KFC Manager,Diamond 1,90,54,,85,62
722,summoner-29146564,723,MrMgr,Diamond 1,90,49,,84,64
723,summoner-68728535,724,beorsaidothor,Diamond 1,90,41,,80,23
724,summoner-32757515,725,IMissAlwaysQ,Diamond 1,90,49,,80,55
725,summoner-20158792,726,Rektus Dominus,Diamond 1,90,101,,77,61
726,summoner-23591874,727,Live,Diamond 1,90,74,,66,37
727,summoner-41454116,728,MarineHBS,Diamond 1,90,57,,51,25
728,summoner-24389694,729,BestSorakaSmurf,Diamond 1,89,64,,89,62
729,summoner-23981744,730,SonofHashinshin,Diamond 1,88,76,,341,305
730,summoner-24432947,731,NikGio,Diamond 1,88,108,,291,261
731,summoner-33397554,732,Cursed Leblanc,Diamond 1,88,86,,196,171
732,summoner-32297123,733,Latrodectuss,Diamond 1,88,120,,181,156
733,summoner-59623572,734,Duck Farius,Diamond 1,88,53,,123,106
734,summoner-30847068,735,korzen11,Diamond 1,88,47,,112,57
735,summoner-36903434,736,Selson,Diamond 1,88,49,,76,41
736,summoner-20517173,737,GreenHousePotato,Diamond 1,87,119,,504,484
737,summoner-57194815,738,Enemenem,Diamond 1,87,107,,205,180
738,summoner-58483319,739,ZeroFoxy,Diamond 1,87,103,,95,79
739,summoner-23617343,740,GL Mayday,Diamond 1,86,72,,109,91
740,summoner-34445989,741,ScarIet,Diamond 1,85,117,,355,332
741,summoner-69146270,742,Barry Oscar,Diamond 1,85,58,,213,164
742,summoner-69195893,743,gobitumilair,Diamond 1,85,56,,171,140
743,summoner-43978311,744,GT1 Hochmah,Diamond 1,85,97,,117,90
744,summoner-27571865,745,CisneCieRandomem,Diamond 1,85,53,,114,71
745,summoner-36214307,746,NEMANJ4,Diamond 1,84,116,,301,280
746,summoner-30788218,747,Banánkehely,Diamond 1,84,66,,185,156
747,summoner-26376711,748,GhostBron,Diamond 1,84,49,,120,63
748,summoner-21832245,749,Coko,Diamond 1,84,52,,89,58
749,summoner-25910707,750,KhaynMain,Diamond 1,83,90,,368,320
750,summoner-22947721,751,belgie,Diamond 1,83,73,,296,232
751,summoner-31173956,752,Labokop,Diamond 1,83,113,,277,249
752,summoner-22753912,753,n x,Diamond 1,83,79,,207,189
753,summoner-68924659,754,sexy mikasa,Diamond 1,83,56,,160,103
754,summoner-40170900,755,Meecowhy,Diamond 1,83,82,,156,140
755,summoner-20780649,756,Yubizume,Diamond 1,83,52,,113,62
756,summoner-37124020,757,Evanger,Diamond 1,83,59,,59,34
757,summoner-32665817,758,Zha Kix,Diamond 1,82,84,,204,183
758,summoner-29259506,759,Mapharazzo,Diamond 1,82,69,,106,91
759,summoner-69433064,760,Looking 4 6irl,Diamond 1,82,46,,91,57
760,summoner-54622990,761,313169,Diamond 1,82,48,,72,52
761,summoner-36323986,762,blo,Diamond 1,81,117,,263,237
762,summoner-44533964,763,K4tarina v2,Diamond 1,81,99,,240,179
763,summoner-38508401,764,HELLSHACO,Diamond 1,81,63,,217,143
764,summoner-62024135,765,ez is Mágus,Diamond 1,81,64,,173,128
765,summoner-20440138,766,Arore,Diamond 1,81,69,,123,104
766,summoner-22988614,767,Kylo Rên,Diamond 1,81,96,,117,90
767,summoner-69433065,768,KONG STRONG,Diamond 1,81,46,,91,57
768,summoner-24410969,769,KRM,Diamond 1,81,79,,77,51
769,summoner-26734584,770,Godux,Diamond 1,80,96,,360,338
770,summoner-38483078,771,Dom1nator,Diamond 1,80,79,,256,235
771,summoner-34937486,772,Feed Jinx pl0x,Diamond 1,80,63,,136,94
772,summoner-35828580,773,SIMPLE AND CLEAN,Diamond 1,80,73,,118,93
773,summoner-33287436,774,Happuoppa,Diamond 1,80,77,,107,73
774,summoner-24386368,775,deivyys,Diamond 1,80,84,,102,82
775,summoner-38907771,776,myR Bl4de,Diamond 1,80,87,,94,75
776,summoner-71526530,777,The Kontturi,Diamond 1,80,36,,54,10
777,summoner-28154673,778,XaxaOwOxaxa,Diamond 1,79,164,,430,422
778,summoner-66705989,779,SadFrog exe,Diamond 1,79,96,,300,205
779,summoner-22647486,780,Darkiter,Diamond 1,79,105,,214,185
780,summoner-19868592,781,AkiCr7,Diamond 1,79,76,,115,90
781,summoner-64003070,782,VELVETEARS,Diamond 1,79,49,,95,68
782,summoner-38103284,783,Verum v2,Diamond 1,78,57,,159,101
783,summoner-69409626,784,skirrax v2,Diamond 1,78,56,,87,63
784,summoner-55066936,785,IgnasITZ,Diamond 1,78,51,,81,53
785,summoner-30813446,786,iG ßajky,Diamond 1,78,64,,72,55
786,summoner-20932819,787,Cviç Prase,Diamond 1,77,101,,296,280
787,summoner-71002579,788,Agata Radacka,Diamond 1,77,79,,289,216
788,summoner-41700097,789,Serene Void,Diamond 1,77,87,,261,242
789,summoner-25365139,790,TelluR,Diamond 1,77,83,,257,240
790,summoner-36558641,791,Bloody Sorrõw,Diamond 1,77,94,,172,152
791,summoner-55733049,792,Nabsteb,Diamond 1,77,60,,86,50
792,summoner-31881620,793,Rapisher,Diamond 1,77,74,,81,63
793,summoner-50343040,794,JK KINGUNEN,Diamond 1,77,49,,65,49
794,summoner-48864239,795,Kamî D Hoyhi,Diamond 1,76,145,,388,360
795,summoner-23481935,796,Puri,Diamond 1,76,84,,218,205
796,summoner-31281838,797,EleGíggle,Diamond 1,76,87,,161,142
797,summoner-34333050,798,HELLAS douk,Diamond 1,76,67,,109,65
798,summoner-32568582,799,LevelZeroPlayer,Diamond 1,75,105,,418,384
799,summoner-41456117,800,Suklaakaakao,Diamond 1,75,95,,409,388
800,summoner-33333791,801,MonsterTier,Diamond 1,75,105,,408,396
801,summoner-56034779,802,ProShadowShady,Diamond 1,75,100,,349,319
802,summoner-65063152,803,ShSn,Diamond 1,75,110,,319,296
803,summoner-22887932,804,Błack Swan,Diamond 1,75,109,,287,247
804,summoner-65875722,805,Lunatıc,Diamond 1,75,95,,262,237
805,summoner-43448663,806,LevelZeroLegacy,Diamond 1,75,67,,239,186
806,summoner-30767245,807,Amaretto,Diamond 1,75,98,,235,217
807,summoner-42656092,808,Divine Humanoid,Diamond 1,75,68,,231,153
808,summoner-23845263,809,Ananasy,Diamond 1,75,122,,215,200
809,summoner-61066587,810,TIH 2Cups,Diamond 1,75,106,,214,178
810,summoner-70313892,811,EUW Marksman kek,Diamond 1,75,70,,211,152
811,summoner-58033162,812,Tatsh,Diamond 1,75,69,,193,156
812,summoner-34233510,813,Season 3 Rengar,Diamond 1,75,80,,191,153
813,summoner-21111582,814,Datturaa,Diamond 1,75,61,,190,101
814,summoner-72532970,815,Aki Senpai,Diamond 1,75,89,,190,159
815,summoner-59546383,816,MaderFaker3,Diamond 1,75,49,,187,88
816,summoner-28295623,817,Hobbi,Diamond 1,75,83,,186,148
817,summoner-49339151,818,Bufaklin,Diamond 1,75,67,,186,159
818,summoner-68845540,819,Girl I,Diamond 1,75,73,,186,148
819,summoner-71842996,820,SchwerdG,Diamond 1,75,59,,179,124
820,summoner-54716632,821,ferdik1123,Diamond 1,75,84,,178,155
821,summoner-63583593,822,13597820,Diamond 1,75,66,,166,156
822,summoner-40937267,823,Djres,Diamond 1,75,85,,166,137
823,summoner-21214046,824,Israel HaDayag,Diamond 1,75,72,,164,134
824,summoner-33899572,825,nof3,Diamond 1,75,55,,163,107
825,summoner-34086024,826,7Drakking88,Diamond 1,75,83,,160,115
826,summoner-70718095,827,Lux PIayer,Diamond 1,75,61,,160,106
827,summoner-40025822,828,Kim Dong ha,Diamond 1,75,66,,157,105
828,summoner-38040775,829,TheHaccer13,Diamond 1,75,59,,153,124
829,summoner-69156140,830,Kiyotaka,Diamond 1,75,48,,152,99
830,summoner-47728136,831,SB Szerk,Diamond 1,75,141,,151,114
831,summoner-21926693,832,ΦΑΡΑΩ,Diamond 1,75,68,,148,114
832,summoner-54553116,833,MihalichV2,Diamond 1,75,63,,148,133
833,summoner-21447850,834,The Vitiate,Diamond 1,75,73,,146,133
834,summoner-19391305,835,OopsIamSorry,Diamond 1,75,46,,144,59
835,summoner-53718282,836,CuzimaGoD,Diamond 1,75,72,,143,120
836,summoner-33827501,837,PVE Qenal,Diamond 1,75,73,,143,115
837,summoner-69062973,838,Reorderer 1v9,Diamond 1,75,57,,139,96
838,summoner-23319183,839,Wechat Elovator,Diamond 1,75,46,,138,85
839,summoner-62837444,840,Yøung Light,Diamond 1,75,137,,137,71
840,summoner-24681855,841,RR Syrpy,Diamond 1,75,64,,137,108
841,summoner-30350053,842,Clone Jester,Diamond 1,75,103,,134,104
842,summoner-24385780,843,Dragfon,Diamond 1,25,66,,134,109
843,summoner-20009677,844,Jessica,Diamond 1,75,47,,131,93
844,summoner-37213573,845,Gl At McDonalds,Diamond 1,75,63,,128,105
845,summoner-46883558,846,AderiQ,Diamond 1,75,61,,127,91
846,summoner-24153857,847,Amades,Diamond 1,75,48,,120,74
847,summoner-21458888,848,Irod,Diamond 1,75,70,,116,83
848,summoner-31707274,849,Danny v2,Diamond 1,75,86,,113,77
849,summoner-55967338,850,Kindral,Diamond 1,75,48,,113,88
850,summoner-25519388,851,VaIkyr,Diamond 1,75,109,,112,91
851,summoner-27571811,852,MaM FaJnE UlTi,Diamond 1,75,53,,111,88
852,summoner-65786172,853,Helixerz,Diamond 1,75,43,,110,73
853,summoner-25015594,854,RockXan,Diamond 1,75,77,,108,68
854,summoner-70623032,855,Vareju iekritot,Diamond 1,75,53,,107,73
855,summoner-39258248,856,Tadeusz98,Diamond 1,75,94,,105,84
856,summoner-52530080,857,PetesAdoptedSon,Diamond 1,75,50,,103,87
857,summoner-26500654,858,donce123,Diamond 1,75,80,,98,72
858,summoner-29134791,859,Is Top success,Diamond 1,75,64,,96,65
859,summoner-68896555,860,ROMANUL ALB,Diamond 1,75,41,,86,33
860,summoner-71893065,861,TEEMO TO CHALL,Diamond 1,75,43,,83,45
861,summoner-24097768,862,DontBlameMeQQ,Diamond 1,75,71,,82,54
862,summoner-27548394,863,My Angel Ket,Diamond 1,75,101,,78,54
863,summoner-39530236,864,EUNE Abuser,Diamond 1,75,39,,74,18
864,summoner-48203766,865,EUNEPOLICE S,Diamond 1,75,43,,65,23
865,summoner-24234349,866,Parksman Mlayer,Diamond 1,75,76,,65,49
866,summoner-66943040,867,Je T Aime Trop,Diamond 1,75,46,,64,37
867,summoner-32247025,868,Paulius Kubys,Diamond 1,75,39,,63,27
868,summoner-44519214,869,Ray God,Diamond 1,74,97,,269,261
869,summoner-46605578,870,KataLaNN,Diamond 1,74,91,,267,234
870,summoner-30074326,871,ManIWishIWasDead,Diamond 1,74,105,,258,235
871,summoner-74033074,872,GM Killua San,Diamond 1,74,75,,257,225
872,summoner-38245753,873,Shikamaru Naara,Diamond 1,74,73,,236,212
873,summoner-27875773,874,FourTwenty Joker,Diamond 1,74,83,,150,115
874,summoner-21741163,875,Dragonczz1,Diamond 1,74,41,,113,21
875,summoner-24233664,876,ECT Kocourek,Diamond 1,74,64,,109,84
876,summoner-60167436,877,ksikakatas,Diamond 1,73,46,,143,92
877,summoner-26017001,878,ProfessorAce,Diamond 1,73,70,,131,105
878,summoner-71643045,879,Clown IRL,Diamond 1,73,52,,121,75
879,summoner-25179705,880,Lama,Diamond 1,73,66,,96,74
880,summoner-42983363,881,Vega,Diamond 1,73,89,,74,52
881,summoner-19134176,882,SellingNudesAdd,Diamond 1,73,61,,56,37
882,summoner-41087665,883,EUNE Retoox HLTV,Diamond 1,73,36,,38,13
883,summoner-31220503,884,Sekkusu,Diamond 1,72,128,,350,342
884,summoner-20614632,885,PYKE IRL,Diamond 1,72,99,,196,148
885,summoner-36926847,886,Bleddo,Diamond 1,72,114,,148,129
886,summoner-44846594,887,kurtdenstore21,Diamond 1,72,50,,138,108
887,summoner-44984905,888,Bořek prznitel,Diamond 1,72,71,,132,113
888,summoner-39560412,889,michu45,Diamond 1,72,117,,113,86
889,summoner-34293699,890,Lep Fant,Diamond 1,72,57,,112,88
890,summoner-48503828,891,Konaa,Diamond 1,72,46,,76,60
891,summoner-34899231,892,Kahui,Diamond 1,72,39,,54,30
892,summoner-36052987,893,Alonso,Diamond 1,71,107,,508,486
893,summoner-39686221,894,nexTy1,Diamond 1,71,69,,166,141
894,summoner-71355565,895,midlane from euw,Diamond 1,71,50,,141,96
895,summoner-68367366,896,Myddo,Diamond 1,71,60,,109,80
896,summoner-31353091,897,Zookeeper101,Diamond 1,70,96,,289,259
897,summoner-26902859,898,boxeq,Diamond 1,70,89,,158,138
898,summoner-23911183,899,Madhõuse,Diamond 1,70,62,,43,33
899,summoner-19350043,900,Taste The Power,Diamond 1,69,118,,383,368
900,summoner-45684610,901,dead meme,Diamond 1,69,118,,220,202
901,summoner-32271079,902,Kornishona,Diamond 1,69,92,,187,170
902,summoner-50333934,903,Nippla,Diamond 1,69,67,,174,145
903,summoner-58674334,904,DTA Flügel,Diamond 1,69,85,,142,121
904,summoner-31267277,905,IaceG,Diamond 1,69,52,,140,94
905,summoner-48329575,906,RedTigger2000,Diamond 1,69,98,,135,117
906,summoner-23296269,907,Dimikoyan,Diamond 1,69,90,,118,99
907,summoner-34011141,908,HPC MlodyGamer,Diamond 1,68,114,,293,267
908,summoner-19924105,909,lonelystar,Diamond 1,68,115,,280,258
909,summoner-35316636,910,Szakin,Diamond 1,68,158,,240,221
910,summoner-53017665,911,bemix95,Diamond 1,68,111,,234,219
911,summoner-23808758,912,Méron,Diamond 1,68,63,,141,122
912,summoner-38788779,913,Hi Iam Gosupport,Diamond 1,68,105,,108,92
913,summoner-42553384,914,shadows marked,Diamond 1,68,71,,107,93
914,summoner-23816156,915,Carry Only,Diamond 1,68,77,,95,83
915,summoner-32473526,916,KuliS,Diamond 1,68,90,,87,62
916,summoner-69156394,917,hafberynau,Diamond 1,68,38,,71,34
917,summoner-70945372,918,King Illidan,Diamond 1,67,86,,412,363
918,summoner-30039894,919,Syllvanas,Diamond 1,67,109,,292,276
919,summoner-46078093,920,Eimis,Diamond 1,67,102,,227,199
920,summoner-19521131,921,gmxristos,Diamond 1,67,96,,209,189
921,summoner-24583023,922,NerfChampsHard,Diamond 1,67,79,,169,155
922,summoner-34075227,923,NGPlayer,Diamond 1,67,88,,159,129
923,summoner-49675568,924,Petey btw,Diamond 1,67,49,,151,115
924,summoner-33909436,925,AT3Ntylk0GR4,Diamond 1,67,59,,144,115
925,summoner-52530527,926,Maginaryy,Diamond 1,67,50,,115,58
926,summoner-24477315,927,Marb,Diamond 1,67,84,,77,61
927,summoner-72586541,928,Sobol jest słaby,Diamond 1,67,39,,67,23
928,summoner-39297772,929,LeZac,Diamond 1,66,119,,270,251
929,summoner-52036247,930,Hîszpan,Diamond 1,66,103,,266,253
930,summoner-36142626,931,Zèze,Diamond 1,66,86,,167,155
931,summoner-32212465,932,Sanyol,Diamond 1,66,97,,161,142
932,summoner-24669344,933,Mìs,Diamond 1,66,55,,153,139
933,summoner-52713387,934,LANCELOT 1,Diamond 1,66,49,,149,121
934,summoner-69526189,935,Karczelote v2,Diamond 1,66,62,,143,95
935,summoner-42915991,936,h1go,Diamond 1,66,60,,143,127
936,summoner-31279958,937,Elementh,Diamond 1,66,45,,112,44
937,summoner-22814877,938,Professor Konrad,Diamond 1,66,83,,108,76
938,summoner-19692199,939,Denited,Diamond 1,66,86,,77,33
939,summoner-30909416,940,Army 27 illusion,Diamond 1,66,40,,53,27
940,summoner-37100831,941,Arìete,Diamond 1,65,74,,278,239
941,summoner-31354285,942,AqroVelon,Diamond 1,65,104,,247,220
942,summoner-44783827,943,Komorek12345,Diamond 1,65,94,,243,217
943,summoner-21880349,944,Kaiser Božo,Diamond 1,65,115,,187,164
944,summoner-25503434,945,Woolly,Diamond 1,65,69,,138,109
945,summoner-25158553,946,BELOSNEZHKA,Diamond 1,65,78,,103,79
946,summoner-33396293,947,Pink Rabbits,Diamond 1,65,54,,85,67
947,summoner-51885836,948,See my name,Diamond 1,64,159,,557,522
948,summoner-68996307,949,Leivi,Diamond 1,64,95,,261,250
949,summoner-38626931,950,NA1X,Diamond 1,64,99,,211,188
950,summoner-38503962,951,Pepi Rösslër,Diamond 1,64,106,,190,163
951,summoner-29619714,952,xdxdDDdxdd,Diamond 1,64,48,,149,83
952,summoner-37973552,953,GuGusaak,Diamond 1,64,75,,145,120
953,summoner-36420208,954,LachtanHoralka,Diamond 1,64,69,,124,108
954,summoner-33038032,955,Veezle,Diamond 1,64,62,,115,92
955,summoner-30367712,956,Dirzzt,Diamond 1,64,45,,110,56
956,summoner-70597318,957,PepperinosFanboy,Diamond 1,64,45,,94,44
957,summoner-37875987,958,Shockblade Ninja,Diamond 1,64,70,,71,40
958,summoner-42813598,959,HeartlessElf,Diamond 1,64,92,,34,23
959,summoner-26051432,960,Sir Wolle,Diamond 1,63,106,,469,452
960,summoner-22996729,961,seeth3r,Diamond 1,63,77,,130,101
961,summoner-24220182,962,Shenas,Diamond 1,63,59,,110,85
962,summoner-41113648,963,WIZOP,Diamond 1,63,56,,78,42
963,summoner-39208114,964,iVintrez,Diamond 1,63,45,,34,9
964,summoner-19747597,965,iMpwnYA,Diamond 1,62,121,,443,407
965,summoner-30748749,966,isä,Diamond 1,62,82,,215,183
966,summoner-31174904,967,G2 Aldus,Diamond 1,62,102,,130,105
967,summoner-53895198,968,ZalJK,Diamond 1,62,79,,123,103
968,summoner-58098309,969,ZVRYK,Diamond 1,62,112,,108,87
969,summoner-30942212,970,Seifur,Diamond 1,62,59,,105,85
970,summoner-72324858,971,uXaPDominic,Diamond 1,62,39,,66,27
971,summoner-34217865,972,Eshara,Diamond 1,62,47,,63,34
972,summoner-31506776,973,Knightgum,Diamond 1,62,51,,51,20
973,summoner-35405487,974,Taidah,Diamond 1,61,117,,487,467
974,summoner-71833035,975,HΞΜΦ,Diamond 1,61,88,,317,260
975,summoner-71843072,976,SlCK B0Y,Diamond 1,61,71,,274,259
976,summoner-44902735,977,HARDSTUCKKKK,Diamond 1,61,86,,236,223
977,summoner-28893056,978,Pray4Tryndamere,Diamond 1,61,84,,225,199
978,summoner-20795263,979,Ququlis,Diamond 1,61,49,,148,92
979,summoner-38997989,980,Iil dipshît,Diamond 1,61,117,,140,125
980,summoner-37547009,981,EB24 Paxters,Diamond 1,61,96,,94,66
981,summoner-41221730,982,RX Faust,Diamond 1,60,118,,368,354
982,summoner-35943184,983,Profesor Ulaniec,Diamond 1,60,127,,262,231
983,summoner-20663172,984,The Cr1mson King,Diamond 1,60,79,,239,211
984,summoner-45753066,985,GANGBANG ILLAOI,Diamond 1,60,109,,237,229
985,summoner-24400346,986,Trzesiek,Diamond 1,60,68,,214,154
986,summoner-23518496,987,Petri,Diamond 1,60,62,,200,177
987,summoner-24748823,988,PYROPHOBIA,Diamond 1,60,86,,177,157
988,summoner-26463457,989,Independent3,Diamond 1,60,63,,127,113
989,summoner-48657221,990,xxdXDxd gejus,Diamond 1,60,47,,102,63
990,summoner-36054356,991,dog ucal,Diamond 1,60,74,,98,81
991,summoner-38222916,992,N1ksän,Diamond 1,60,58,,96,83
992,summoner-27985811,993,H0shiG4ki,Diamond 1,60,82,,46,25
993,summoner-28024950,994,Boy,Diamond 1,59,108,,383,371
994,summoner-42314387,995,Paskajami,Diamond 1,59,91,,273,261
995,summoner-33514724,996,ψUnlucky Godψ,Diamond 1,59,99,,241,222
996,summoner-31245699,997,Anaalireikä,Diamond 1,59,78,,150,119
997,summoner-25231512,998,VuChina,Diamond 1,59,160,,141,126
998,summoner-44526231,999,Ξύδι,Diamond 1,59,69,,87,56
999,summoner-37663134,1000,ZÏlean,Diamond 1,59,61,,82,44
