#timestamp 1529744439894
#date 2018-06-23T09:00:39+00:00
#players 1000
#index,id,rank,name,tier,lp,level,proTeam,win,loss
0,summoner-12190942,1,MMM REMIND,Challenger,1202,47,,140,86
1,summoner-11460164,2,BMR TIger987,Challenger,1179,97,,331,282
2,summoner-11460126,3,BMR Sleeping,Challenger,1176,99,,308,264
3,summoner-11350137,4,Lakiaro,Challenger,1028,49,,134,87
4,summoner-11360138,5,Monkey D Ryoma,Challenger,1022,59,,197,150
5,summoner-473922,6,Phantiksˉ,Challenger,1005,48,,139,94
6,summoner-297478,7,weixin s5683169,Challenger,999,72,,189,132
7,summoner-2651026,8,NishiZhuma,Challenger,978,57,,186,130
8,summoner-11370132,9,sp18,Challenger,937,52,,169,126
9,summoner-4380973,10,Phantiks OuO,Challenger,924,64,,162,126
10,summoner-1530604,11,ORD Ming,Challenger,915,74,,195,144
11,summoner-381031,12,AresXd,Challenger,876,48,,118,75
12,summoner-493127,13,Eyla,Challenger,831,98,,168,138
13,summoner-890259,14,Shok,Challenger,808,91,,216,185
14,summoner-233854,15,Gðku,Challenger,803,70,,188,156
15,summoner-274464,16,Phantiks,Challenger,796,47,,125,88
16,summoner-5895478,17,Monkey D Mitch,Challenger,779,63,,184,143
17,summoner-229825,18,Apink Bomi2,Challenger,772,65,,204,173
18,summoner-444311,19,SSG Decoy,Challenger,764,71,,134,107
19,summoner-3150942,20,QQ854166019,Challenger,763,88,,353,313
20,summoner-10061365,21,EMP Chazz,Challenger,724,62,,192,152
21,summoner-5935237,22,Gon123,Challenger,721,75,,288,252
22,summoner-10811838,23,Babo Beongsin JH,Challenger,719,61,,97,67
23,summoner-11350138,24,ORD Swiffer,Challenger,706,63,,231,190
24,summoner-735088,25,tlxjkgcpl17717,Challenger,679,69,,216,184
25,summoner-952670,26,Praelus,Challenger,665,84,,182,157
26,summoner-929978,27,Fudge,Challenger,663,118,,429,402
27,summoner-11370136,28,ˆˉˇˉ,Challenger,650,42,,89,53
28,summoner-11360141,29,Rotomairewhenua,Challenger,647,64,,149,115
29,summoner-510102,30,obito1,Challenger,595,72,,244,218
30,summoner-432291,31,Sybol,Challenger,594,74,,193,171
31,summoner-601923,32,INT Haeri,Challenger,588,122,,263,238
32,summoner-5910870,33,you will miss me,Challenger,576,66,,232,194
33,summoner-620972,34,Better on Top,Challenger,574,100,,176,157
34,summoner-8010384,35,Guts,Challenger,570,123,,407,382
35,summoner-11360145,36,ORD Uzi,Challenger,568,49,,155,90
36,summoner-483862,37,Cuden 1,Challenger,566,105,,209,189
37,summoner-801178,38,Chippys,Challenger,566,63,,183,165
38,summoner-456280,39,Terrath,Challenger,558,104,,280,241
39,summoner-303763,40,MAKE OUT HILLXXX,Challenger,553,79,,255,241
40,summoner-316587,41,Praedvth,Challenger,549,85,,172,140
41,summoner-11690394,42,b1waC,Challenger,544,63,,219,163
42,summoner-578793,43,Coachboo,Challenger,530,74,,173,156
43,summoner-564778,44,Omnî,Challenger,529,120,,610,594
44,summoner-10071209,45,Ai no misete,Challenger,514,51,,130,99
45,summoner-11350133,46,NMSLWSNDHJYZ,Challenger,525,49,,124,96
46,summoner-494121,47,ry0ma,Challenger,491,46,,116,82
47,summoner-5741616,48,Msituay,Challenger,483,53,,165,117
48,summoner-571021,49,Wherearewe,Challenger,469,64,,163,143
49,summoner-291848,50,Feint,Challenger,466,86,,193,173
50,summoner-991093,51,Jenkins,Challenger,461,134,,238,216
51,summoner-472833,52,siuman,Challenger,457,71,,232,214
52,summoner-2572199,53,41095,Challenger,455,86,,132,100
53,summoner-11970252,54,apiiii,Challenger,433,58,,179,126
54,summoner-276134,55,Zíppo,Challenger,451,140,,128,100
55,summoner-1332943,56,Panda ouo,Challenger,449,75,,150,129
56,summoner-445723,57,Hotchelli,Challenger,445,92,,266,241
57,summoner-276531,58,Mihuhi,Challenger,445,111,,249,224
58,summoner-230726,59,BioPanther,Challenger,439,116,,169,156
59,summoner-11001000,60,BITCONNEEEEEEECT,Challenger,430,72,,190,134
60,summoner-11360144,61,Monkey Madness,Challenger,429,58,,191,170
61,summoner-3131580,62,Utopia,Challenger,426,110,,338,318
62,summoner-633527,63,Netsky,Challenger,404,79,,271,245
63,summoner-8930124,64,LTZevil is back,Challenger,395,64,,97,76
64,summoner-507474,65,BeeShoe,Challenger,392,76,,236,204
65,summoner-11370134,66,amok,Challenger,391,47,,107,92
66,summoner-239897,67,Getback,Challenger,387,126,,330,321
67,summoner-577995,68,Uther,Challenger,387,53,,95,70
68,summoner-724526,69,WÆN,Challenger,385,64,,157,107
69,summoner-232632,70,Cheezels,Challenger,383,83,,230,185
70,summoner-11370125,71,No Talent Player,Challenger,383,49,,130,109
71,summoner-3560761,72,Small bubble,Challenger,377,72,,106,88
72,summoner-2752573,73,retributionˉ,Challenger,374,63,,217,129
73,summoner-301731,74,Mog,Challenger,373,113,,406,407
74,summoner-12130716,75,Fill Main,Challenger,369,44,,113,65
75,summoner-328401,76,Oikawa Tooru,Challenger,368,126,,206,187
76,summoner-569466,77,msdnb12 23 n1,Challenger,360,99,,341,330
77,summoner-5831171,78,KRdoink,Challenger,356,93,,139,118
78,summoner-9730774,79,w1ndzera234,Challenger,353,56,,140,114
79,summoner-233843,80,Dreamy Donut,Challenger,351,59,,211,183
80,summoner-12240938,81,seo hanbit,Challenger,351,38,,57,28
81,summoner-4961001,82,alexxxxxx,Challenger,350,57,,127,105
82,summoner-8524790,83,Big Dobes,Challenger,343,71,,239,200
83,summoner-457370,84,Thiên,Challenger,328,132,,558,532
84,summoner-399995,85,Draqon,Challenger,323,97,,217,215
85,summoner-317688,86,Big Brain Wil,Challenger,321,89,,152,143
86,summoner-604210,87,e g ý m,Challenger,320,72,,183,168
87,summoner-1891503,88,TheLilTeaPot,Challenger,319,70,,193,151
88,summoner-901128,89,Pengsing,Challenger,318,53,,137,110
89,summoner-590799,90,BMR Seb,Challenger,313,90,,193,176
90,summoner-11501277,91,EnterKeyRemoved,Challenger,310,70,,289,252
91,summoner-11050315,92,GellyCub,Challenger,309,115,,381,363
92,summoner-6261249,93,remember when,Challenger,301,73,,148,95
93,summoner-558311,94,BeachWhale,Challenger,300,115,,346,318
94,summoner-508906,95,Plutó,Challenger,293,87,,193,160
95,summoner-11203083,96,RareSticks Clap,Challenger,292,62,,211,151
96,summoner-775147,97,shui bu gou TuT,Challenger,291,112,,265,224
97,summoner-6130376,98,Gonna slay u,Challenger,290,70,,176,118
98,summoner-7891163,99,AC HatsuyukiYumi,Challenger,287,49,,108,85
99,summoner-456316,100,NMSL NiQueZaiBB,Challenger,286,43,,101,82
100,summoner-1592239,101,Pap,Challenger,284,119,,292,267
101,summoner-311555,102,Vans,Challenger,284,103,,116,97
102,summoner-330947,103,gunkrab,Challenger,278,116,,399,390
103,summoner-490487,104,D1O,Challenger,274,55,,155,100
104,summoner-2731428,105,ITN Fudge,Challenger,273,62,,180,133
105,summoner-478475,106,mister f is back,Challenger,270,74,,265,197
106,summoner-626793,107,feifeiAAAAAA,Challenger,270,67,,133,96
107,summoner-1394873,108,MR FAT PIG,Challenger,268,141,,352,331
108,summoner-644072,109,UDYSOF,Challenger,267,104,,313,306
109,summoner-693842,110,Played,Challenger,266,73,,184,171
110,summoner-235541,111,Kaýn,Challenger,266,98,,97,74
111,summoner-278781,112,Harrí,Challenger,265,153,,72,62
112,summoner-3710963,113,Ailuna,Challenger,259,50,,118,95
113,summoner-381426,114,Skellyy,Challenger,257,72,,234,166
114,summoner-664497,115,Zhengchao God,Challenger,248,51,,72,60
115,summoner-623208,116,Alto Angelo,Challenger,247,63,,111,89
116,summoner-670149,117,LaughingMan,Challenger,244,71,,154,130
117,summoner-445071,118,mattyg33,Challenger,243,132,,460,444
118,summoner-293743,119,Lily,Challenger,240,114,,339,320
119,summoner-11720163,120,Arbitux,Challenger,240,88,,173,150
120,summoner-1022808,121,LittlePapa,Challenger,238,75,,137,118
121,summoner-6821398,122,Prae1us,Challenger,238,63,,67,55
122,summoner-4973029,123,HENRYJWATERNOOSE,Challenger,237,56,,102,91
123,summoner-8521226,124,Dream111,Challenger,231,74,,243,211
124,summoner-279834,125,billy bong,Challenger,230,72,,200,170
125,summoner-1270780,126,qwerasdf1234zxct,Challenger,223,65,,210,162
126,summoner-563169,127,BMR Rosey,Challenger,221,65,,153,136
127,summoner-632903,128,PD AN,Challenger,220,65,,242,225
128,summoner-11980148,129,Fei B ZuanShi,Challenger,220,146,,121,105
129,summoner-8611092,130,ITN Aladoric,Challenger,216,140,,462,459
130,summoner-10890476,131,RèVelUvs,Challenger,214,101,,346,311
131,summoner-7890412,132,bojack ANU,Challenger,212,124,,444,408
132,summoner-328516,133,Sweety Spaghetti,Challenger,209,95,,319,299
133,summoner-1156907,134,1234hitdinosaur,Challenger,208,73,,203,188
134,summoner-481868,135,PowerfulUnicorn,Challenger,207,105,,154,132
135,summoner-463736,136,Farm,Challenger,207,66,,108,90
136,summoner-342457,137,Gbay99,Challenger,205,112,,267,250
137,summoner-12080166,138,CommandAttack NA,Challenger,204,66,,223,211
138,summoner-713688,139,Emphasis,Challenger,195,75,,124,108
139,summoner-4962426,140,Plummet,Challenger,194,86,,155,120
140,summoner-470295,141,Navi,Challenger,194,74,,146,104
141,summoner-280161,142,Mayura,Challenger,193,115,,356,344
142,summoner-11370128,143,Tijé,Challenger,190,49,,138,111
143,summoner-5031491,144,Dappa kappa,Challenger,189,116,,96,84
144,summoner-9101159,145,Just a game,Challenger,185,94,,440,405
145,summoner-1440378,146,LoneIy,Challenger,185,86,,213,184
146,summoner-11860179,147,RONAN,Challenger,183,62,,237,194
147,summoner-9660178,148,PurpleLamaGamer,Challenger,179,109,,353,304
148,summoner-455507,149,emelg,Challenger,178,115,,187,167
149,summoner-631376,150,AV Jayke,Challenger,173,79,,192,190
150,summoner-236616,151,SulNix,Challenger,170,108,,346,333
151,summoner-408703,152,Bambi On Ice,Challenger,170,86,,122,108
152,summoner-10061504,153,HTC GuaPi,Challenger,169,120,,446,423
153,summoner-231399,154,Zaptar,Challenger,167,124,,334,325
154,summoner-5451344,155,AwsomeSDevil,Challenger,165,102,,467,424
155,summoner-439696,156,Xanquish,Challenger,165,77,,178,160
156,summoner-553889,157,Minkywhale,Challenger,162,102,,355,349
157,summoner-7291918,158,LetTheGayGo,Challenger,162,75,,230,210
158,summoner-8430194,159,RNG AI,Challenger,161,80,,75,62
159,summoner-10951949,160,LilPump,Challenger,158,49,,135,98
160,summoner-277786,161,Smeds,Challenger,155,124,,167,151
161,summoner-277034,162,Jolt,Challenger,154,105,,318,299
162,summoner-8891509,163,playlikefly,Challenger,154,75,,146,119
163,summoner-1892186,164,LGC Only,Challenger,154,74,,137,131
164,summoner-299446,165,Sam,Challenger,153,113,,201,195
165,summoner-11781766,166,Johnber Gazua,Challenger,150,53,,123,73
166,summoner-297107,167,Edna Krabappoly,Challenger,150,43,,101,86
167,summoner-8201755,168,Katsurii,Challenger,148,87,,246,236
168,summoner-6381137,169,AresSigh,Challenger,147,42,,98,54
169,summoner-437165,170,Azus,Challenger,146,119,,399,382
170,summoner-311290,171,Mian Mian,Challenger,146,48,,105,94
171,summoner-240105,172,Cane Me Daddy,Challenger,145,57,,155,106
172,summoner-2380423,173,Ayum1,Challenger,145,84,,106,78
173,summoner-345665,174,Sizzle,Challenger,137,67,,186,165
174,summoner-323313,175,Aware,Challenger,136,60,,80,67
175,summoner-3661252,176,Rédemption,Challenger,116,67,,164,156
176,summoner-352592,177,Daegu Venus,Challenger,154,64,,115,94
177,summoner-590866,178,WoYou Bu Luanlai,Challenger,133,60,,197,147
178,summoner-3310720,179,Piggie,Challenger,133,73,,151,149
179,summoner-624689,180,Kurisutiiiina,Challenger,132,85,,213,203
180,summoner-6690216,181,2017 07 07,Challenger,130,115,,138,123
181,summoner-6020977,182,DW k1ng,Challenger,130,37,,48,30
182,summoner-3081213,183,MVP lan,Challenger,128,82,,185,177
183,summoner-945177,184,smurfQ283490070,Challenger,127,95,,423,381
184,summoner-357041,185,Incursio,Challenger,127,121,,397,382
185,summoner-448934,186,permanent mute,Challenger,127,90,,164,154
186,summoner-222562,187,Morgank Freeman,Challenger,126,108,,164,147
187,summoner-5321182,188,WX a759514064,Challenger,126,41,,111,38
188,summoner-8930255,189,Yün Chèung,Challenger,123,142,,299,274
189,summoner-577848,190,Countdown Timer,Challenger,123,63,,165,155
190,summoner-300609,191,BladeWristed,Challenger,123,60,,152,125
191,summoner-11860960,192,trash canister,Challenger,120,70,,281,248
192,summoner-4802261,193,Mashadar,Challenger,115,65,,106,89
193,summoner-1333527,194,Him and I,Challenger,114,47,,103,86
194,summoner-464106,195,Magic McDull,Challenger,108,124,,376,370
195,summoner-1343871,196,POSSYM,Challenger,108,74,,210,182
196,summoner-484631,197,Oshino,Challenger,92,77,,208,172
197,summoner-237590,198,Tekker,Challenger,108,81,,170,163
198,summoner-587485,199,carb0n,Challenger,105,96,,344,338
199,summoner-405709,200,w1ndzera,Challenger,105,62,,118,100
200,summoner-7281092,201,Cuo,Master,119,51,,143,126
201,summoner-12320606,202,Bogoshipuhyo,Master,103,36,,44,29
202,summoner-236630,203,Nomadic Jungler,Master,101,39,,66,44
203,summoner-236461,204,Dis,Master,99,105,,316,304
204,summoner-891628,205,Karsa,Master,97,79,,231,226
205,summoner-510010,206,Kimchiii,Master,93,78,,161,136
206,summoner-9251514,207,dahaoshiwangzhe,Master,93,52,,139,105
207,summoner-557104,208,sh00zyz,Master,93,93,,97,82
208,summoner-2982057,209,Madmaximo,Master,92,136,,180,147
209,summoner-293100,210,Jub Jub,Master,91,89,,273,275
210,summoner-5381177,211,Mr floppy sock,Master,90,108,,462,452
211,summoner-3072610,212,Gerissi,Master,83,63,,175,158
212,summoner-744422,213,Farmer,Master,81,92,,178,165
213,summoner-11890144,214,Evanescere,Master,74,39,,86,39
214,summoner-11230285,215,slkjdf,Master,73,59,,205,171
215,summoner-3802072,216,SolStar,Master,72,65,,74,47
216,summoner-326444,217,Huey Dewey Louie,Master,71,144,,481,463
217,summoner-11131946,218,Once upon a time,Master,71,40,,83,56
218,summoner-436171,219,im LHao,Master,69,90,,273,242
219,summoner-4491948,220,DW SHERN1FIRE,Master,68,48,,111,71
220,summoner-11161564,221,JaIeeI,Master,63,50,,93,65
221,summoner-356125,222,Newto,Master,61,87,,240,229
222,summoner-8050173,223,LGC Claire,Master,60,79,,73,69
223,summoner-531379,224,aaeer,Master,59,78,,224,216
224,summoner-221417,225,Chazz It Up,Master,58,60,,113,98
225,summoner-7621555,226,Katsuri,Master,53,61,,138,123
226,summoner-1830141,227,kaios619,Master,51,68,,186,180
227,summoner-454494,228,Rêxx,Master,51,102,,143,96
228,summoner-594237,229,Soulstrikes,Master,49,72,,117,111
229,summoner-5201174,230,MasterGarenDimon,Master,46,80,,236,215
230,summoner-481977,231,Tilterella,Master,41,73,,115,107
231,summoner-8371066,232,H4MMY,Master,34,98,,200,169
232,summoner-10570533,233,owowowowowowowow,Master,34,49,,102,50
233,summoner-11212045,234,Dekar The Rengar,Master,33,57,,167,115
234,summoner-511802,235,Callurjglertrash,Master,30,59,,215,184
235,summoner-7130976,236,Animosityxx,Master,28,127,,141,144
236,summoner-1280673,237,Qoobe,Master,24,73,,166,160
237,summoner-6680397,238,Jungle is win,Master,22,65,,159,143
238,summoner-12510151,239,thgink99,Master,21,47,,146,111
239,summoner-3665599,240,Dragonair,Master,46,54,,86,68
240,summoner-8430364,241,Yaelay,Master,20,47,,116,104
241,summoner-6391346,242,kaiydo 2,Master,20,40,,74,30
242,summoner-490978,243,Taelen,Master,19,98,,395,366
243,summoner-443078,244,Pisang,Master,19,74,,296,256
244,summoner-4880235,245,bub,Master,19,54,,73,63
245,summoner-283916,246,ecotoxic,Master,18,84,,299,304
246,summoner-7050167,247,SìNNERS,Master,18,108,,178,167
247,summoner-747148,248,Anderu,Master,17,102,,149,143
248,summoner-491243,249,DeathSphere22,Master,0,70,,155,142
249,summoner-636251,250,Swiffer,Master,16,56,,84,62
250,summoner-1250370,251,Akali or GG,Master,10,74,,236,233
251,summoner-852980,252,team bad me mad,Master,9,54,,155,122
252,summoner-501165,253,i looove aram,Master,8,65,,55,44
253,summoner-771385,254,Back To November,Master,2,76,,151,123
254,summoner-10870678,255,Wìsh,Master,1,44,,90,72
255,summoner-470404,256,BushyBooBoo,Master,0,162,,689,694
256,summoner-1750151,257,Tudo,Master,0,93,,231,226
257,summoner-12080136,258,PADO,Master,0,70,,135,54
258,summoner-272065,259,superwog1,Master,0,50,,89,83
259,summoner-10110125,260,Ding Hao Tian,Master,0,59,,79,41
260,summoner-567993,261,Chloe Burbank,Master,0,75,,70,59
261,summoner-302224,262,Midås,Master,0,66,,44,31
262,summoner-438257,263,ßlitzcrank,Diamond 1,100,56,,153,123
263,summoner-1530424,264,SCENAR1O,Diamond 1,100,56,,152,143
264,summoner-326206,265,Coach Curtis,Diamond 1,100,54,,117,103
265,summoner-690302,266,chf Leo,Diamond 1,100,55,,96,86
266,summoner-813780,267,Ionia,Diamond 1,100,67,,94,60
267,summoner-8562347,268,Micah,Diamond 1,100,42,,92,41
268,summoner-3110212,269,DW Cupcake,Diamond 1,100,65,,87,75
269,summoner-11030157,270,NONO,Diamond 1,100,53,,70,26
270,summoner-11350131,271,Senuc DIN,Diamond 1,100,39,,58,28
271,summoner-343682,272,Peasy,Diamond 1,99,121,,252,242
272,summoner-509185,273,Noob,Diamond 1,99,61,,167,141
273,summoner-407599,274,Shogun Altair,Diamond 1,96,80,,107,92
274,summoner-303883,275,c u soon,Diamond 1,95,88,,236,220
275,summoner-9330908,276,gucci flip fl0ps,Diamond 1,94,118,,392,387
276,summoner-1395519,277,BMR Looch,Diamond 1,93,88,,261,241
277,summoner-5943766,278,Hkbesttroll,Diamond 1,92,82,,187,181
278,summoner-8183067,279,Have Fun,Diamond 1,90,68,,141,126
279,summoner-5380334,280,YasuoHawkNz,Diamond 1,90,71,,108,96
280,summoner-1321671,281,Giganaut,Diamond 1,90,74,,46,32
281,summoner-482979,282,bombboy,Diamond 1,90,47,,36,26
282,summoner-9370914,283,pocketgirl,Diamond 1,90,53,,34,15
283,summoner-233863,284,Reminder,Diamond 1,89,98,,270,263
284,summoner-6410962,285,IlIlIlIlIlIlIll,Diamond 1,88,46,,68,56
285,summoner-234403,286,THE SMORC BEAR,Diamond 1,87,64,,128,110
286,summoner-402609,287,The Silent Voice,Diamond 1,86,75,,201,198
287,summoner-4221919,288,TriHard 7,Diamond 1,86,53,,141,82
288,summoner-307081,289,BlueHawkNz,Diamond 1,85,49,,51,41
289,summoner-460937,290,Deztend,Diamond 1,84,103,,256,231
290,summoner-11260152,291,Phosphophylite,Diamond 1,84,48,,102,86
291,summoner-11350140,292,cant remember,Diamond 1,79,47,,110,92
292,summoner-299452,293,Mikazuki,Diamond 1,78,71,,104,92
293,summoner-336476,294,Tommy 2000,Diamond 1,77,61,,77,68
294,summoner-314888,295,JellyCub,Diamond 1,76,75,,267,267
295,summoner-8191549,296,Ahsilum,Diamond 1,76,68,,259,243
296,summoner-3171338,297,weixin2285407603,Diamond 1,76,60,,171,163
297,summoner-8620524,298,Baeatrice,Diamond 1,76,61,,132,119
298,summoner-820884,299,Mur1m,Diamond 1,75,97,,345,330
299,summoner-741594,300,Kickback69,Diamond 1,75,68,,287,227
300,summoner-5171370,301,Hi I am Vince,Diamond 1,75,89,,213,196
301,summoner-492773,302,stop torture me,Diamond 1,75,66,,192,155
302,summoner-2600474,303,gg ff,Diamond 1,75,60,,183,149
303,summoner-9920508,304,M4A11111,Diamond 1,75,85,,178,145
304,summoner-10451585,305,20 Mins in Q,Diamond 1,75,64,,164,160
305,summoner-5943935,306,Azure,Diamond 1,75,107,,158,136
306,summoner-283402,307,Akeno,Diamond 1,75,96,,144,122
307,summoner-232475,308,Boss McNuggets,Diamond 1,75,75,,143,121
308,summoner-3162807,309,7425,Diamond 1,75,99,,130,111
309,summoner-11350126,310,8th place top,Diamond 1,75,49,,130,109
310,summoner-5310901,311,kaios19231230221,Diamond 1,75,96,,129,109
311,summoner-455477,312,Hold You Tight,Diamond 1,75,59,,118,94
312,summoner-8440977,313,Kohta,Diamond 1,75,64,,118,104
313,summoner-9050195,314,SKT,Diamond 1,75,75,,118,108
314,summoner-1891528,315,Rank 1 MID,Diamond 1,75,45,,117,65
315,summoner-11941453,316,ecotoxic 4,Diamond 1,75,45,,112,85
316,summoner-324274,317,Kensen,Diamond 1,75,61,,108,85
317,summoner-12220760,318,Richard Soup,Diamond 1,75,43,,103,76
318,summoner-583483,319,Beaunivia,Diamond 1,75,74,,100,95
319,summoner-2351692,320,loveforever,Diamond 1,75,47,,99,60
320,summoner-314795,321,Grog Dog1,Diamond 1,75,44,,95,71
321,summoner-8610762,322,clairo,Diamond 1,75,50,,89,72
322,summoner-3680308,323,Bma,Diamond 1,75,58,,88,82
323,summoner-9350340,324,Caithe,Diamond 1,75,49,,77,66
324,summoner-2171317,325,k1ng Cupcake,Diamond 1,75,40,,71,30
325,summoner-9800260,326,Irenaceus,Diamond 1,75,38,,70,34
326,summoner-2572995,327,Cupcake k1ng,Diamond 1,75,42,,68,33
327,summoner-7631957,328,twitchtvPhantiks,Diamond 1,75,38,,66,39
328,summoner-900249,329,Tôi Là Thiên,Diamond 1,75,43,,63,45
329,summoner-1374113,330,Rukira,Diamond 1,75,111,,53,42
330,summoner-357181,331,Destinyy,Diamond 1,75,44,,43,35
331,summoner-333625,332,Margaret Mahy,Diamond 1,74,127,,119,98
332,summoner-281754,333,Diamond 5,Diamond 1,73,99,,237,224
333,summoner-7390819,334,ryujinokewokurae,Diamond 1,73,52,,114,101
334,summoner-225340,335,Catch Me On Fire,Diamond 1,72,102,,423,415
335,summoner-10550824,336,Armless Autism,Diamond 1,72,61,,183,138
336,summoner-443775,337,RAISE UR DONGERZ,Diamond 1,72,42,,48,33
337,summoner-940870,338,poopi,Diamond 1,72,48,,43,23
338,summoner-434116,339,nooba,Diamond 1,71,49,,36,20
339,summoner-3553855,340,Shiloh,Diamond 1,69,134,,274,267
340,summoner-1903829,341,no hands btw,Diamond 1,69,66,,160,152
341,summoner-553896,342,Evilhag,Diamond 1,69,68,,44,39
342,summoner-402609,343,The Silent Voice,Diamond 1,86,75,,201,198
343,summoner-448008,344,The Lee Sin,Diamond 1,68,66,,80,51
344,summoner-443126,345,Bahrewer,Diamond 1,67,113,,86,71
345,summoner-276609,346,ìcøn,Diamond 1,67,74,,76,75
346,summoner-447401,347,Juhuakiller,Diamond 1,47,88,,221,213
347,summoner-237869,348,eezyarC toN,Diamond 1,64,136,,475,476
348,summoner-670511,349,Billythekidzz,Diamond 1,64,81,,132,123
349,summoner-774614,350,Love Mosquito,Diamond 1,64,87,,112,97
350,summoner-484507,351,Cheph,Diamond 1,63,107,,362,363
351,summoner-11250976,352,KR DOPA,Diamond 1,63,54,,111,71
352,summoner-9970922,353,Redemptionˉ,Diamond 1,63,47,,60,57
353,summoner-434399,354,Whimstaff,Diamond 1,62,49,,64,59
354,summoner-9840127,355,dailianjiahaoyou,Diamond 1,61,59,,219,200
355,summoner-296998,356,CaitlynUltedJFK,Diamond 1,61,105,,207,201
356,summoner-477410,357,Klaire,Diamond 1,61,53,,134,114
357,summoner-1872199,358,Arashi,Diamond 1,61,78,,59,48
358,summoner-479574,359,Vivid,Diamond 1,61,82,,35,24
359,summoner-10011928,360,DoochiWa,Diamond 1,60,63,,178,149
360,summoner-479438,361,Falkner,Diamond 1,60,96,,127,123
361,summoner-304479,362,gkez,Diamond 1,59,59,,154,129
362,summoner-234079,363,Top Lane Virgin,Diamond 1,59,47,,94,87
363,summoner-630464,364,Xcuse Mee,Diamond 1,58,84,,149,148
364,summoner-11060162,365,M1d hu,Diamond 1,57,74,,154,140
365,summoner-274320,366,Boosted Janna,Diamond 1,56,101,,74,71
366,summoner-7491130,367,zZJay,Diamond 1,55,89,,125,117
367,summoner-288782,368,lil splash,Diamond 1,53,81,,213,209
368,summoner-406482,369,BADDiE,Diamond 1,75,70,,120,105
369,summoner-393328,370,AuSNlPE,Diamond 1,53,56,,115,106
370,summoner-2431627,371,Blacksey,Diamond 1,53,106,,111,89
371,summoner-9030151,372,baxixiaoniu,Diamond 1,52,95,,419,406
372,summoner-238330,373,Koods,Diamond 1,50,121,,472,466
373,summoner-10970417,374,Felinnothair,Diamond 1,50,87,,399,362
374,summoner-8971470,375,trans girl,Diamond 1,50,101,,252,253
375,summoner-6420316,376,4uu,Diamond 1,50,165,,215,167
376,summoner-220545,377,Frolloc,Diamond 1,50,151,,200,171
377,summoner-794192,378,Skyscorcher,Diamond 1,50,95,,184,168
378,summoner-277464,379,Kpooop,Diamond 1,50,73,,165,158
379,summoner-339515,380,Sheng Sheng,Diamond 1,50,52,,160,99
380,summoner-454805,381,RNG      MR E N,Diamond 1,50,54,,158,104
381,summoner-3020293,382,WeWantPeace,Diamond 1,50,74,,118,77
382,summoner-229440,383,Enter Dreamland,Diamond 1,50,82,,107,100
383,summoner-2523280,384,P 18 15 16 8,Diamond 1,50,45,,106,79
384,summoner-335113,385,lilaznrat,Diamond 1,50,68,,69,56
385,summoner-323773,386,Kedu715,Diamond 1,49,95,,205,203
386,summoner-723286,387,Kiitty,Diamond 1,49,67,,87,87
387,summoner-584830,388,GZ HaiT,Diamond 1,48,62,,160,127
388,summoner-11252383,389,Lolista,Diamond 1,47,56,,166,112
389,summoner-582861,390,ShuHaiBuRongYi,Diamond 1,47,51,,71,60
390,summoner-890994,391,RBE BoBo,Diamond 1,46,70,,133,104
391,summoner-288335,392,Nirphana,Diamond 1,46,89,,82,69
392,summoner-227475,393,Mikes,Diamond 1,45,107,,188,165
393,summoner-9611699,394,good kid,Diamond 1,45,65,,168,166
394,summoner-1771810,395,Phos,Diamond 1,45,57,,101,65
395,summoner-402487,396,Baahrewer,Diamond 1,45,51,,73,52
396,summoner-3490137,397,brekfast,Diamond 1,44,95,,329,329
397,summoner-581032,398,Káne,Diamond 1,44,130,,195,198
398,summoner-2712951,399,EL Legendary,Diamond 1,43,52,,88,56
399,summoner-12330331,400,AV DarkSide,Diamond 1,43,35,,35,16
400,summoner-11224170,401,TwitchTVLronwoif,Diamond 1,42,64,,183,148
401,summoner-3680392,402,YukiistMe,Diamond 1,42,60,,120,88
402,summoner-11130130,403,LydiaeK,Diamond 1,41,96,,130,109
403,summoner-8720302,404,Black phoen1x,Diamond 1,41,47,,114,87
404,summoner-624642,405,123456978,Diamond 1,41,47,,82,78
405,summoner-1200380,406,Jaiya,Diamond 1,41,67,,69,43
406,summoner-7350836,407,DaDazhy,Diamond 1,40,73,,187,130
407,summoner-436716,408,Jimurenio,Diamond 1,40,96,,148,124
408,summoner-11971346,409,cønfusednimbIe,Diamond 1,39,47,,131,92
409,summoner-4382883,410,Smoko Shed,Diamond 1,35,95,,244,233
410,summoner-3560420,411,Kaaitsune,Diamond 1,35,77,,240,193
411,summoner-443860,412,zuowodemiao,Diamond 1,35,61,,120,106
412,summoner-503773,413,NADA1001,Diamond 1,34,53,,102,92
413,summoner-456283,414,j0hns0nBurger,Diamond 1,34,56,,43,35
414,summoner-354808,415,Warrior Turtle,Diamond 1,33,81,,175,140
415,summoner-9151665,416,BLACKPINK Róse,Diamond 1,33,42,,64,46
416,summoner-236253,417,Hey You,Diamond 1,32,68,,181,149
417,summoner-2573886,418,Cyan Willow,Diamond 1,32,137,,68,65
418,summoner-1980384,419,Nausicaä,Diamond 1,31,98,,89,85
419,summoner-824118,420,DaPiPi,Diamond 1,31,63,,70,69
420,summoner-703699,421,inx,Diamond 1,31,61,,61,53
421,summoner-11065193,422,Prey Seeker,Diamond 1,53,48,,40,25
422,summoner-901980,423,Dragku,Diamond 1,30,78,,251,240
423,summoner-312239,424,Philosophy,Diamond 1,30,109,,164,164
424,summoner-702613,425,Howard,Diamond 1,30,61,,128,111
425,summoner-4953082,426,Cute Ragdoll,Diamond 1,29,139,,244,222
426,summoner-290213,427,Small Fish,Diamond 1,29,106,,133,107
427,summoner-454342,428,volkzz,Diamond 1,29,70,,121,112
428,summoner-235577,429,Reptox,Diamond 1,28,58,,121,112
429,summoner-329397,430,G0V,Diamond 1,27,148,,458,456
430,summoner-11061200,431,ecotoxic 3,Diamond 1,25,73,,120,90
431,summoner-11350134,432,ITN k1ng,Diamond 1,25,48,,119,88
432,summoner-10191722,433,ecotoxic 2,Diamond 1,25,45,,107,81
433,summoner-463992,434,1m 16 years old,Diamond 1,24,81,,369,313
434,summoner-285621,435,Framer,Diamond 1,23,79,,164,160
435,summoner-341477,436,WildPig,Diamond 1,23,90,,101,91
436,summoner-1260354,437,LaJiWangZheCNXM,Diamond 1,22,145,,542,543
437,summoner-364454,438,Rage At LoL,Diamond 1,22,118,,202,168
438,summoner-11370138,439,Mrs Krabappel,Diamond 1,21,60,,184,184
439,summoner-9220132,440,glugluglu,Diamond 1,21,46,,52,40
440,summoner-8081649,441,First Time Swain,Diamond 1,20,61,,154,110
441,summoner-11056599,442,mid halo,Diamond 1,19,72,,260,235
442,summoner-354323,443,Merkatroid,Diamond 1,19,64,,71,54
443,summoner-555008,444,6AM 0two1,Diamond 1,19,58,,42,36
444,summoner-481142,445,April Ryan,Diamond 1,18,62,,226,186
445,summoner-632520,446,ACTL2131,Diamond 1,18,63,,149,151
446,summoner-332728,447,Cedmend,Diamond 1,18,54,,102,79
447,summoner-278179,448,ozo1329,Diamond 1,18,99,,58,48
448,summoner-404739,449,Abby Ma,Diamond 1,17,115,,280,262
449,summoner-439337,450,GU Faker,Diamond 1,17,64,,131,128
450,summoner-890992,451,Khuong Pham,Diamond 1,17,85,,42,38
451,summoner-1167193,452,Šipić,Diamond 1,15,95,,347,335
452,summoner-332858,453,lokyun,Diamond 1,15,98,,208,199
453,summoner-934569,454,ShiftZ,Diamond 1,15,48,,112,53
454,summoner-431504,455,ianno,Diamond 1,14,90,,133,127
455,summoner-11840153,456,Japanerella,Diamond 1,13,50,,166,138
456,summoner-743224,457,225,Diamond 1,12,131,,277,250
457,summoner-672019,458,ryalia,Diamond 1,11,44,,95,86
458,summoner-11211553,459,BrunonLnDq,Diamond 1,9,49,,124,85
459,summoner-300165,460,HNDRXX,Diamond 1,9,103,,35,27
460,summoner-470164,461,KennyHai,Diamond 1,7,66,,161,157
461,summoner-221510,462,JuvesMuntedNose,Diamond 1,7,43,,66,55
462,summoner-9611538,463,bunni,Diamond 1,6,37,,30,8
463,summoner-557330,464,JHONG,Diamond 1,5,51,,121,111
464,summoner-304980,465,iChuckRice,Diamond 1,5,79,,90,90
465,summoner-409738,466,Valkia,Diamond 1,3,109,,223,210
466,summoner-233072,467,Daddy Vincent,Diamond 1,1,71,,196,152
467,summoner-970961,468,handyman94,Diamond 1,1,47,,84,70
468,summoner-3262016,469,kind jungler,Diamond 1,1,44,,76,65
469,summoner-2481615,470,aznchungy,Diamond 1,0,104,,410,414
470,summoner-303120,471,Bite,Diamond 1,0,66,,277,244
471,summoner-4390704,472,duckly,Diamond 2,75,90,,206,197
472,summoner-224426,473,Ruinn,Diamond 1,0,74,,202,183
473,summoner-498305,474,Todderk,Diamond 1,0,72,,200,185
474,summoner-3444063,475,helloworld369,Diamond 1,0,75,,198,144
475,summoner-284240,476,iBanished,Diamond 2,75,116,,182,158
476,summoner-590760,477,Han Guk In Ruski,Diamond 1,0,84,,179,150
477,summoner-330848,478,4y5tvb8,Diamond 1,0,60,,171,154
478,summoner-714382,479,Jerey,Diamond 1,0,68,,164,155
479,summoner-774275,480,Savannah,Diamond 1,0,83,,162,157
480,summoner-489065,481,Mpowered,Diamond 1,0,116,,159,136
481,summoner-221999,482,Yatsume,Diamond 1,0,87,,143,139
482,summoner-457463,483,dean,Diamond 1,0,80,,140,125
483,summoner-11430174,484,Forsaken Dream,Diamond 1,0,54,,134,124
484,summoner-222980,485,Z OMEGALUL E,Diamond 1,0,52,,116,94
485,summoner-277256,486,Thydah,Diamond 1,0,73,,112,114
486,summoner-314889,487,zorenous,Diamond 1,0,74,,85,74
487,summoner-1403425,488,KURT PERRY,Diamond 1,0,55,,82,75
488,summoner-630568,489,Crazy Giraffe,Diamond 1,0,51,,80,81
489,summoner-276620,490,Hyperzoz,Diamond 1,0,62,,71,61
490,summoner-323306,491,JJ27CM,Diamond 1,0,52,,65,46
491,summoner-4802235,492,MyPetMonkey,Diamond 1,0,62,,63,61
492,summoner-233721,493,k1ngOfTheYouth,Diamond 1,0,47,,60,62
493,summoner-448971,494,Eva,Diamond 1,0,66,,59,69
494,summoner-5502181,495,9420,Diamond 1,0,41,,46,14
495,summoner-11580566,496,sooobinms,Diamond 1,0,40,,45,14
496,summoner-11076305,497,yeolahop,Diamond 1,0,41,,43,18
497,summoner-721676,498,J0hns0n,Diamond 1,0,36,,39,29
498,summoner-7940303,499,kai0s,Diamond 1,0,46,,39,26
499,summoner-406918,500,Mai Shiu,Diamond 2,100,115,,313,298
500,summoner-3481025,501,a friendly noob,Diamond 2,100,73,,150,138
501,summoner-370235,502,ziye,Diamond 2,100,58,,148,92
502,summoner-296114,503,KayHuynh,Diamond 2,100,72,,133,119
503,summoner-397500,504,SKT T1 Uzi,Diamond 2,100,58,,108,62
504,summoner-6362083,505,d0t4nat0r,Diamond 2,99,158,,164,152
505,summoner-324564,506,Submissive Trap,Diamond 2,98,78,,88,80
506,summoner-399946,507,Debatable Plays,Diamond 2,96,93,,256,217
507,summoner-554066,508,kalroc,Diamond 2,94,91,,68,58
508,summoner-11280145,509,AFs Kiin,Diamond 2,93,46,,79,51
509,summoner-227375,510,GreatEngrish,Diamond 2,91,88,,77,65
510,summoner-577732,511,Bose,Diamond 2,90,99,,292,289
511,summoner-11121416,512,Cheph 2,Diamond 2,90,44,,111,70
512,summoner-222739,513,Mechanical Kyle,Diamond 2,90,68,,94,86
513,summoner-2181036,514,Fluous,Diamond 2,89,47,,78,72
514,summoner-11160195,515,Kimchiii 2,Diamond 2,70,57,,141,89
515,summoner-1110899,516,Cizza AU,Diamond 2,84,92,,150,130
516,summoner-6220301,517,Mokamoka,Diamond 2,83,69,,241,224
517,summoner-356193,518,BlG Picture,Diamond 2,81,76,,76,74
518,summoner-11360133,519,YeahNahYeahMaybe,Diamond 2,78,43,,71,62
519,summoner-707970,520,kmy,Diamond 2,78,39,,61,43
520,summoner-700593,521,Twistar,Diamond 2,78,40,,48,36
521,summoner-278492,522,LustMonkey,Diamond 2,76,85,,278,268
522,summoner-1850129,523,aXeL0uS,Diamond 2,75,99,,287,268
523,summoner-706325,524,Ecka,Diamond 2,75,100,,180,153
524,summoner-300358,525,Dissociation,Diamond 2,75,64,,171,159
525,summoner-7110774,526,dmz4213,Diamond 2,75,75,,167,157
526,summoner-440787,527,Silk,Diamond 2,75,60,,157,139
527,summoner-11202748,528,Pathetic Idiot,Diamond 2,75,51,,153,111
528,summoner-3710427,529,NinjaLegend1,Diamond 2,75,61,,148,136
529,summoner-4802282,530,Uchîha Obito,Diamond 2,75,59,,135,110
530,summoner-841698,531,ecotoxic 1,Diamond 2,75,54,,132,117
531,summoner-461490,532,First Mate,Diamond 2,75,74,,132,111
532,summoner-4530610,533,liansuck,Diamond 2,75,73,,125,119
533,summoner-302863,534,IG The shy ovo,Diamond 2,75,77,,118,108
534,summoner-1061196,535,kayoko,Diamond 2,75,63,,105,84
535,summoner-6630790,536,jyj,Diamond 2,75,58,,102,104
536,summoner-749364,537,monster hunter,Diamond 2,75,51,,88,83
537,summoner-9690912,538,Destromath,Diamond 2,75,45,,81,78
538,summoner-2920134,539,ThePirateBae,Diamond 2,75,70,,48,39
539,summoner-399563,540,Kevskin,Diamond 2,75,83,,33,23
540,summoner-4430246,541,TriXtEx,Diamond 2,74,77,,302,283
541,summoner-483296,542,DW Rippii,Diamond 2,57,52,,147,109
542,summoner-235604,543,Brush Fun,Diamond 2,74,72,,105,96
543,summoner-860500,544,Billythekidzz 2,Diamond 2,74,45,,38,27
544,summoner-1883783,545,God Of LP,Diamond 2,73,107,,338,337
545,summoner-314859,546,Biofrost,Diamond 2,73,127,,181,174
546,summoner-984419,547,lllllllllll,Diamond 2,52,128,,340,329
547,summoner-3163035,548,Ritogaming,Diamond 2,72,55,,103,99
548,summoner-8150153,549,EGOIST Dough,Diamond 2,71,110,,413,348
549,summoner-6231287,550,LLocky,Diamond 2,71,66,,130,93
550,summoner-286698,551,Ability,Diamond 2,71,62,,89,86
551,summoner-2741810,552,4 H e a d K i d,Diamond 2,70,75,,150,92
552,summoner-620418,553,LaughingManES,Diamond 2,69,73,,182,171
553,summoner-820889,554,4444441,Diamond 2,91,48,,125,41
554,summoner-1500529,555,Mumps,Diamond 2,69,79,,110,109
555,summoner-12020515,556,rekkles122122111,Diamond 2,69,39,,74,46
556,summoner-9420230,557,Fourth rate AD,Diamond 2,63,85,,284,269
557,summoner-331036,558,Magic Mike,Diamond 2,63,92,,203,182
558,summoner-1440400,559,unstable ping,Diamond 2,63,54,,76,69
559,summoner-4462034,560,Uzi Fanboy,Diamond 2,60,69,,185,151
560,summoner-694658,561,handsome indian,Diamond 2,60,60,,84,70
561,summoner-568646,562,hyejoo,Diamond 2,59,70,,82,62
562,summoner-349960,563,NorthFace,Diamond 2,58,119,,150,129
563,summoner-11780837,564,oce Thanoš,Diamond 2,58,52,,139,106
564,summoner-10881536,565,Lillo,Diamond 2,58,102,,83,62
565,summoner-371174,566,Bardo,Diamond 2,57,95,,215,208
566,summoner-6251921,567,FreshStartJason,Diamond 2,57,57,,214,177
567,summoner-231170,568,Lex Luthor,Diamond 2,57,95,,181,176
568,summoner-8210805,569,Kpop,Diamond 2,57,110,,145,143
569,summoner-233511,570,cruncheycake,Diamond 2,57,110,,79,68
570,summoner-294150,571,Jopan,Diamond 2,56,60,,46,41
571,summoner-3831740,572,Bubberduck,Diamond 2,55,70,,248,235
572,summoner-280651,573,KingJamesMike,Diamond 2,55,66,,137,133
573,summoner-221555,574,im tilting,Diamond 2,55,80,,114,116
574,summoner-4061072,575,why live,Diamond 2,54,64,,108,106
575,summoner-643368,576,Young Stavros,Diamond 2,53,115,,319,314
576,summoner-7761629,577,Fállen,Diamond 2,52,84,,202,208
577,summoner-280418,578,Coopos,Diamond 2,52,108,,139,125
578,summoner-495039,579,ARAMers suck,Diamond 2,52,93,,135,123
579,summoner-5141556,580,LOA Fuki,Diamond 2,51,53,,136,124
580,summoner-302759,581,Rye,Diamond 2,50,108,,435,425
581,summoner-480048,582,Wreck It Rhune,Diamond 2,49,89,,112,115
582,summoner-701278,583,Çalcifer,Diamond 2,48,80,,160,121
583,summoner-2330180,584,NewTronix,Diamond 2,47,64,,95,93
584,summoner-397704,585,risktaker,Diamond 2,44,76,,195,194
585,summoner-1440227,586,Squidgy Boy,Diamond 2,44,77,,110,110
586,summoner-1811697,587,Ragdol1,Diamond 2,43,67,,175,161
587,summoner-774086,588,Garlic Sauce,Diamond 2,43,48,,120,91
588,summoner-903644,589,nooseboy,Diamond 2,43,105,,35,17
589,summoner-365399,590,No Fear,Diamond 2,26,112,,280,282
590,summoner-478373,591,Homeless Leaf,Diamond 2,41,71,,107,98
591,summoner-432479,592,hi im rain,Diamond 2,40,37,,47,29
592,summoner-9981331,593,NoIIXigbar,Diamond 2,40,53,,34,25
593,summoner-638946,594,Qiunibieshelimia,Diamond 2,38,77,,147,136
594,summoner-3680635,595,Shirø,Diamond 2,38,142,,69,66
595,summoner-6841129,596,PumaS,Diamond 2,37,63,,169,164
596,summoner-1574708,597,Donzac101,Diamond 2,37,52,,65,50
597,summoner-1720492,598,whynotbefriends,Diamond 2,36,108,,259,229
598,summoner-447687,599,Grisha,Diamond 2,36,86,,258,247
599,summoner-302859,600,Fndrr22dxd,Diamond 2,36,65,,161,157
600,summoner-449100,601,Fervour,Diamond 2,36,108,,91,92
601,summoner-364702,602,Pulsefire Teemo,Diamond 2,36,71,,55,37
602,summoner-3642620,603,Damage Bot,Diamond 2,35,49,,119,108
603,summoner-566367,604,Stop Trolling Me,Diamond 2,34,125,,307,288
604,summoner-392492,605,GZ Hyper,Diamond 2,34,74,,119,115
605,summoner-4480984,606,dzy,Diamond 2,33,71,,267,274
606,summoner-11340135,607,Bjork not Bjerg,Diamond 2,33,42,,92,55
607,summoner-4301382,608,Dr Halo,Diamond 2,33,81,,77,52
608,summoner-7000424,609,rice1,Diamond 2,32,43,,64,52
609,summoner-7981097,610,Ame seule,Diamond 2,32,95,,63,59
610,summoner-11065408,611,DaGui,Diamond 2,31,119,,403,352
611,summoner-6672121,612,Archie,Diamond 2,31,104,,204,202
612,summoner-5894360,613,DJChonz,Diamond 2,30,83,,360,332
613,summoner-8810339,614,PurpleLama,Diamond 2,30,49,,104,80
614,summoner-11750154,615,Bdo1nk,Diamond 2,29,37,,62,30
615,summoner-3980651,616,Morpice121,Diamond 2,29,121,,60,43
616,summoner-5781549,617,callmere,Diamond 2,28,46,,102,64
617,summoner-365399,618,No Fear,Diamond 2,26,112,,280,282
618,summoner-7820502,619,yo whats good,Diamond 2,25,49,,128,93
619,summoner-10141151,620,M1dbeast,Diamond 2,25,61,,120,127
620,summoner-466794,621,L8S,Diamond 2,25,56,,89,75
621,summoner-7821699,622,sad girl,Diamond 2,24,117,,189,156
622,summoner-355403,623,LOLlolololwwwffw,Diamond 2,24,50,,102,94
623,summoner-233822,624,Mcbobba,Diamond 2,23,159,,239,216
624,summoner-11390379,625,SøfM,Diamond 2,23,43,,100,68
625,summoner-639823,626,Quinonos,Diamond 2,22,82,,112,112
626,summoner-325800,627,MeepBalls,Diamond 2,20,71,,51,46
627,summoner-5945344,628,Buck Shots,Diamond 2,20,42,,43,35
628,summoner-551251,629,0 LP,Diamond 2,19,125,,624,596
629,summoner-3052095,630,Defenestrate,Diamond 2,18,73,,123,120
630,summoner-11085230,631,ililiiiillliil,Diamond 2,17,81,,188,191
631,summoner-11045070,632,iWordsworth,Diamond 2,17,71,,129,113
632,summoner-482781,633,Feed to Succeed,Diamond 2,17,118,,95,92
633,summoner-566468,634,Kpoop,Diamond 2,16,81,,224,194
634,summoner-742576,635,Zagnoids,Diamond 2,16,83,,175,142
635,summoner-973756,636,tgunAU,Diamond 2,16,53,,123,123
636,summoner-11080766,637,eris,Diamond 2,15,60,,129,101
637,summoner-451342,638,Clovus,Diamond 2,15,81,,123,127
638,summoner-1471865,639,Bear,Diamond 2,15,71,,83,80
639,summoner-369823,640,Boa Hancöck,Diamond 2,14,150,,132,99
640,summoner-320598,641,PowPowPanda,Diamond 2,14,59,,63,69
641,summoner-2550310,642,Yuuk1 Asuna,Diamond 2,12,84,,204,191
642,summoner-479671,643,Bozos,Diamond 2,11,67,,120,120
643,summoner-306624,644,Donggy,Diamond 2,11,56,,42,26
644,summoner-670210,645,1osing,Diamond 2,9,99,,150,109
645,summoner-314483,646,potato9,Diamond 2,9,65,,104,95
646,summoner-744879,647,Tinysmish,Diamond 2,8,62,,47,39
647,summoner-953810,648,Kayn and Abel,Diamond 2,7,58,,78,72
648,summoner-3480668,649,Megalomaniac,Diamond 2,6,79,,151,128
649,summoner-2990640,650,Syouran,Diamond 2,4,71,,141,140
650,summoner-369867,651,Doom of bot,Diamond 2,4,48,,120,116
651,summoner-522209,652,Stressful,Diamond 2,3,130,,134,120
652,summoner-11930493,653,22 06 2004,Diamond 2,3,39,,62,38
653,summoner-453513,654,Ronnald,Diamond 2,2,92,,202,182
654,summoner-4130305,655,Mörty,Diamond 2,1,100,,247,246
655,summoner-578126,656,Anubis,Diamond 2,1,92,,203,178
656,summoner-587995,657,Urie,Diamond 2,1,102,,65,54
657,summoner-483618,658,SuperSkitzzo,Diamond 2,0,156,,685,686
658,summoner-479364,659,01 10 1998,Diamond 2,0,98,,526,506
659,summoner-284670,660,Kebun,Diamond 2,0,123,,383,347
660,summoner-11252354,661,IsaacwF,Diamond 2,0,77,,339,299
661,summoner-8071238,662,FZASY,Diamond 2,0,124,,324,308
662,summoner-1501524,663,Homeless,Diamond 2,0,77,,250,210
663,summoner-491427,664,Shizukesa,Diamond 2,0,92,,237,230
664,summoner-228708,665,Aragaki Yuii,Diamond 2,0,87,,223,198
665,summoner-10781225,666,Orphelia,Diamond 2,0,67,,183,145
666,summoner-285605,667,Hindered Raven,Diamond 2,0,95,,179,162
667,summoner-320586,668,boy x,Diamond 2,0,83,,176,171
668,summoner-6820866,669,KHSOL,Diamond 2,0,79,,175,177
669,summoner-581491,670,Riggered,Diamond 2,0,85,,172,143
670,summoner-11820124,671,Hide From Egirl,Diamond 2,0,53,,169,116
671,summoner-332723,672,Crucix,Diamond 2,0,76,,169,154
672,summoner-710702,673,jihero,Diamond 2,0,60,,168,159
673,summoner-452854,674,BoyWithFutou,Diamond 2,0,70,,158,144
674,summoner-2560269,675,Omni v2,Diamond 2,0,73,,137,135
675,summoner-5904252,676,RIP swain,Diamond 2,0,62,,134,104
676,summoner-301652,677,Koua,Diamond 2,0,79,,130,129
677,summoner-11171162,678,98116,Diamond 2,0,50,,125,82
678,summoner-7851650,679,DaSticksOnTwitch,Diamond 2,0,72,,123,117
679,summoner-4461045,680,I Am Rengar,Diamond 2,0,108,,118,110
680,summoner-6010140,681,CN Moon,Diamond 2,0,94,,112,93
681,summoner-600361,682,MT Void,Diamond 2,0,55,,107,98
682,summoner-1171135,683,MyNameIsAction I,Diamond 2,0,58,,105,90
683,summoner-2593688,684,Xion XIV,Diamond 2,0,61,,104,103
684,summoner-431019,685,Cavs in 2018 lUl,Diamond 2,0,77,,101,99
685,summoner-565066,686,MeShelly,Diamond 2,0,84,,95,77
686,summoner-226673,687,Air,Diamond 2,0,115,,92,94
687,summoner-8390585,688,SM motherfkn D,Diamond 2,0,57,,90,106
688,summoner-1721171,689,Kewlie,Diamond 2,0,61,,84,64
689,summoner-8690146,690,Cères,Diamond 2,0,73,,80,88
690,summoner-12061866,691,1234hitdinosuar,Diamond 2,0,39,,78,50
691,summoner-10360133,692,Lose for Improve,Diamond 2,0,45,,65,51
692,summoner-291753,693,Moon,Diamond 2,0,113,,64,66
693,summoner-398138,694,PMA Kirby,Diamond 2,0,89,,60,61
694,summoner-475949,695,Happy Lion,Diamond 2,0,99,,56,49
695,summoner-8752009,696,4lways,Diamond 2,0,81,,50,19
696,summoner-7361244,697,Watch Anime pls,Diamond 2,0,37,,39,28
697,summoner-511987,698,Kaø,Diamond 2,0,116,,35,22
698,summoner-3930175,699,Eolant,Diamond 3,100,126,,460,434
699,summoner-10140185,700,LC Focus,Diamond 3,100,92,,201,196
700,summoner-278675,701,Jiae,Diamond 3,100,82,,156,125
701,summoner-812715,702,Mr Cute HR,Diamond 3,100,49,,153,121
702,summoner-2132627,703,OwO OuO OvO,Diamond 3,100,64,,102,96
703,summoner-290499,704,PizzaRita,Diamond 3,100,81,,96,74
704,summoner-632043,705,GuyMadeOfFire,Diamond 3,100,39,,46,34
705,summoner-3322092,706,02 02 1998,Diamond 3,99,81,,229,194
706,summoner-1394171,707,GoogleMaps,Diamond 3,98,101,,204,197
707,summoner-298603,708,Zachary zzz,Diamond 3,98,57,,83,67
708,summoner-600149,709,Vísionary,Diamond 3,96,86,,197,198
709,summoner-1092892,710,NoxusMight,Diamond 3,96,86,,29,11
710,summoner-7460332,711,ThroneV,Diamond 3,93,108,,394,346
711,summoner-9210188,712,ZAG Able,Diamond 3,90,87,,167,165
712,summoner-563960,713,Stone,Diamond 3,87,105,,182,179
713,summoner-3882367,714,Amitle,Diamond 3,87,66,,57,56
714,summoner-316325,715,Canberra Santa,Diamond 3,86,48,,67,58
715,summoner-479495,716,DeathByLlama,Diamond 3,85,87,,72,60
716,summoner-10071546,717,blanchesophh,Diamond 3,85,71,,42,39
717,summoner-6141799,718,ShØut,Diamond 3,84,65,,206,175
718,summoner-275308,719,Impaired,Diamond 3,84,74,,58,44
719,summoner-283096,720,Hani is bae,Diamond 3,83,90,,115,107
720,summoner-397315,721,Fu Tou de baba,Diamond 3,81,84,,185,175
721,summoner-354152,722,Kate Bruhnn,Diamond 3,81,52,,124,77
722,summoner-630037,723,Enticement,Diamond 3,81,95,,83,66
723,summoner-1772162,724,Diamond Ero,Diamond 3,80,59,,204,167
724,summoner-285635,725,MaiI,Diamond 3,80,119,,108,76
725,summoner-6101678,726,M416666,Diamond 3,77,58,,93,84
726,summoner-4791512,727,DW WhiteLotus,Diamond 3,75,148,,517,530
727,summoner-449928,728,Synli,Diamond 3,75,103,,359,360
728,summoner-280030,729,Derpsmagee,Diamond 3,75,119,,280,289
729,summoner-10550212,730,Tilt King,Diamond 3,75,87,,208,189
730,summoner-10961642,731,Sosothasthak,Diamond 3,75,71,,206,180
731,summoner-5281670,732,Zhiend,Diamond 3,75,67,,180,173
732,summoner-621278,733,Skrrrr,Diamond 3,75,72,,150,142
733,summoner-11142189,734,Lil Kush,Diamond 3,75,82,,143,135
734,summoner-3663235,735,El Jannah Garlic,Diamond 3,75,62,,142,137
735,summoner-639778,736,JohnnyBoyy,Diamond 3,75,70,,110,84
736,summoner-6840379,737,Bdoink,Diamond 3,75,55,,94,80
737,summoner-773359,738,Rooftop Dreams,Diamond 3,75,78,,88,65
738,summoner-351975,739,Shadow of Time,Diamond 3,75,83,,87,77
739,summoner-304475,740,Daddy Daegyu,Diamond 3,75,69,,86,82
740,summoner-530695,741,kkmok,Diamond 3,75,61,,76,68
741,summoner-405015,742,Vaporeon,Diamond 3,75,41,,58,44
742,summoner-449742,743,NIGHTS,Diamond 3,74,83,,170,169
743,summoner-2060238,744,Soy Xixi,Diamond 3,74,47,,68,39
744,summoner-733562,745,Qúeef,Diamond 3,73,95,,142,118
745,summoner-12110444,746,HugoONE,Diamond 3,72,54,,200,175
746,summoner-270385,747,Jab Right Hook,Diamond 3,72,83,,142,76
747,summoner-7860178,748,tbman,Diamond 3,72,45,,69,65
748,summoner-337521,749,Remise,Diamond 3,71,161,,596,583
749,summoner-407097,750,Xprodigy123,Diamond 3,71,111,,201,198
750,summoner-11222878,751,Kerrioneadys,Diamond 3,71,42,,80,53
751,summoner-460303,752,Alani,Diamond 3,70,131,,109,110
752,summoner-2592134,753,Kali Uchis,Diamond 3,70,79,,109,109
753,summoner-2281882,754,didsum1saytacos,Diamond 3,70,49,,30,19
754,summoner-6660713,755,Skull07,Diamond 3,69,95,,191,170
755,summoner-4440747,756,Brother Hai,Diamond 3,68,77,,126,131
756,summoner-11442161,757,o noo,Diamond 3,68,37,,47,15
757,summoner-368336,758,qop,Diamond 3,67,48,,82,59
758,summoner-5041374,759,hi im floki,Diamond 3,66,92,,234,213
759,summoner-360988,760,Noon Gang,Diamond 3,64,69,,120,108
760,summoner-290358,761,Waffle Jr,Diamond 3,63,114,,114,106
761,summoner-4292193,762,Elliot Helm,Diamond 3,62,40,,56,46
762,summoner-9120188,763,ShowMaker,Diamond 3,62,51,,55,52
763,summoner-332240,764,Semirhage,Diamond 3,61,63,,143,120
764,summoner-2952222,765,Holy Street,Diamond 3,60,81,,145,141
765,summoner-469676,766,Trooper7,Diamond 3,59,42,,104,66
766,summoner-479941,767,xXAbusiveNanaXx,Diamond 3,59,55,,74,58
767,summoner-584744,768,Low APM Btw,Diamond 3,59,45,,28,17
768,summoner-10891227,769,Barbiturate Bob,Diamond 3,58,100,,317,277
769,summoner-351374,770,L1 Yuxuan,Diamond 3,58,118,,311,304
770,summoner-6570534,771,Dale Denten,Diamond 3,58,81,,191,180
771,summoner-281075,772,SMD Yasindu,Diamond 3,58,116,,171,153
772,summoner-221335,773,Godco,Diamond 3,58,73,,125,88
773,summoner-229564,774,Xiphos,Diamond 3,58,60,,49,37
774,summoner-9720874,775,bani,Diamond 3,57,94,,340,340
775,summoner-361306,776,Facade,Diamond 3,57,108,,318,319
776,summoner-503122,777,Volibear Bot2,Diamond 3,57,58,,189,148
777,summoner-326039,778,0ldm8legit,Diamond 3,57,40,,61,43
778,summoner-9420387,779,Harm,Diamond 3,56,72,,140,112
779,summoner-9741444,780,Miracle,Diamond 3,56,45,,98,72
780,summoner-7200702,781,Valor use fly,Diamond 3,55,42,,58,32
781,summoner-322373,782,NoIXemnas,Diamond 3,55,68,,48,35
782,summoner-234955,783,Zyran,Diamond 3,55,124,,35,31
783,summoner-941171,784,Nomoreganks,Diamond 3,54,86,,310,288
784,summoner-459047,785,FÖCÜS,Diamond 3,54,89,,275,261
785,summoner-397305,786,Amen1001,Diamond 3,54,44,,50,38
786,summoner-8611591,787,Nightbringer,Diamond 3,53,36,,35,24
787,summoner-6451124,788,K             98,Diamond 3,52,78,,242,210
788,summoner-320443,789,RaidBoss Ovenhat,Diamond 3,52,84,,100,79
789,summoner-9050223,790,20I7 07 07,Diamond 3,52,56,,88,81
790,summoner-11171178,791,Ordolfur,Diamond 3,52,46,,60,41
791,summoner-714034,792,Ton Chan,Diamond 3,51,122,,291,274
792,summoner-11840344,793,QaQ08,Diamond 3,51,39,,85,70
793,summoner-1332520,794,3uphonium,Diamond 3,51,63,,62,48
794,summoner-471649,795,Ara,Diamond 3,50,62,,212,190
795,summoner-589351,796,Ronni,Diamond 3,50,48,,84,78
796,summoner-333672,797,Johannes,Diamond 3,48,90,,126,121
797,summoner-296712,798,Nosreme,Diamond 3,48,45,,74,40
798,summoner-8110225,799,KKona,Diamond 3,46,50,,93,88
799,summoner-331592,800,Lehm The BM,Diamond 3,45,65,,100,69
800,summoner-345886,801,JigglyButt,Diamond 3,42,62,,82,63
801,summoner-285324,802,Yuqi is bae,Diamond 3,41,89,,75,72
802,summoner-3012162,803,Eels,Diamond 3,41,120,,41,30
803,summoner-220270,804,lmperium,Diamond 3,41,51,,36,27
804,summoner-569939,805,skyhao123,Diamond 3,39,63,,142,117
805,summoner-232022,806,Scroll,Diamond 3,39,60,,93,56
806,summoner-290786,807,Patruck,Diamond 3,39,97,,57,36
807,summoner-603634,808,L1l Pump Boi,Diamond 3,38,139,,188,181
808,summoner-12000177,809,Jib4,Diamond 3,38,71,,177,141
809,summoner-6790124,810,eternity lullaby,Diamond 3,38,62,,134,118
810,summoner-8610951,811,Ch4zz,Diamond 3,38,41,,62,28
811,summoner-225037,812,Afince,Diamond 3,38,88,,28,13
812,summoner-2262034,813,Main Top,Diamond 3,37,77,,132,108
813,summoner-823469,814,Merzy,Diamond 3,37,52,,119,83
814,summoner-1350309,815,TheMightyFruit,Diamond 3,36,90,,292,259
815,summoner-8770178,816,Kelvinotoe,Diamond 3,36,95,,147,146
816,summoner-7150141,817,Varaxo,Diamond 3,36,84,,95,107
817,summoner-585398,818,Jimbo Mon,Diamond 3,35,74,,269,252
818,summoner-5551046,819,LGC minkywhale,Diamond 3,35,68,,260,235
819,summoner-746241,820,Marriage,Diamond 3,35,151,,235,211
820,summoner-467389,821,Princess Belle,Diamond 3,35,73,,184,184
821,summoner-5900441,822,768 Tizzy T,Diamond 3,35,58,,100,95
822,summoner-369278,823,Pia Pia Piu c,Diamond 3,35,57,,96,57
823,summoner-282334,824,twenniwonsavage,Diamond 3,35,68,,86,86
824,summoner-11480427,825,Garverz,Diamond 3,34,67,,217,177
825,summoner-1373875,826,IIIIIIIIIIIIIlll,Diamond 3,34,95,,202,190
826,summoner-551283,827,SF 1 and 13,Diamond 3,33,80,,322,317
827,summoner-726540,828,Blue Cat,Diamond 3,33,69,,47,48
828,summoner-554055,829,Bulzy,Diamond 3,32,49,,138,129
829,summoner-12050439,830,aries zero,Diamond 3,32,36,,48,23
830,summoner-900278,831,CurdledSilk,Diamond 3,30,89,,267,235
831,summoner-2960362,832,Carypto,Diamond 3,30,101,,172,153
832,summoner-8462161,833,LongShorts,Diamond 3,30,101,,133,117
833,summoner-284887,834,Emperor Ears,Diamond 3,29,84,,79,72
834,summoner-742684,835,FOOLS,Diamond 3,28,76,,122,116
835,summoner-701380,836,Feshua owo,Diamond 3,28,56,,65,68
836,summoner-10441803,837,api,Diamond 3,28,49,,36,33
837,summoner-280394,838,Say Yes,Diamond 3,27,95,,331,321
838,summoner-497679,839,Bill,Diamond 3,27,89,,243,225
839,summoner-773372,840,Mryibaba,Diamond 3,27,101,,207,177
840,summoner-10071222,841,Rlng,Diamond 3,26,79,,229,194
841,summoner-872383,842,Lived,Diamond 3,26,91,,186,181
842,summoner-291689,843,kantos17,Diamond 3,26,106,,110,96
843,summoner-280811,844,Adiamond,Diamond 3,25,112,,263,255
844,summoner-288237,845,Öhm,Diamond 3,25,71,,231,219
845,summoner-706024,846,ˉ w ˉ,Diamond 3,25,51,,109,90
846,summoner-5895606,847,LoMejorDeLoMejor,Diamond 3,25,63,,97,87
847,summoner-278122,848,Risky,Diamond 3,25,76,,74,65
848,summoner-9001697,849,op dot gg review,Diamond 3,25,42,,53,47
849,summoner-369623,850,Chingster Ming,Diamond 3,24,98,,49,33
850,summoner-235806,851,Dom,Diamond 3,24,56,,24,15
851,summoner-229272,852,AHYSI,Diamond 3,23,127,,346,347
852,summoner-317309,853,Roz62,Diamond 3,23,48,,182,144
853,summoner-1201161,854,bigbadnigs,Diamond 3,23,56,,125,116
854,summoner-11970347,855,1 Love,Diamond 3,23,43,,91,60
855,summoner-3053143,856,Imperceivable,Diamond 3,22,51,,156,118
856,summoner-272664,857,hajun,Diamond 3,22,77,,115,88
857,summoner-234227,858,Homunculus,Diamond 3,22,75,,107,86
858,summoner-7680165,859,ORD Lelouch,Diamond 3,22,64,,98,59
859,summoner-1340624,860,Elude,Diamond 3,22,81,,72,65
860,summoner-1811821,861,JBreezy,Diamond 3,21,65,,191,180
861,summoner-11340322,862,Just Believe Zll,Diamond 3,21,90,,170,148
862,summoner-509425,863,Yuzuke,Diamond 3,21,91,,115,90
863,summoner-3871268,864,kimuchiyo,Diamond 3,21,63,,96,57
864,summoner-466220,865,Rex602,Diamond 3,20,121,,258,241
865,summoner-635952,866,Tengar,Diamond 3,20,97,,180,186
866,summoner-445658,867,Zeo,Diamond 3,20,104,,167,159
867,summoner-6231646,868,xXRayXx,Diamond 3,20,79,,146,99
868,summoner-399347,869,Plagué,Diamond 3,20,55,,128,125
869,summoner-439711,870,Ace in the Hole,Diamond 3,20,98,,111,108
870,summoner-238860,871,frog arms,Diamond 3,20,121,,38,41
871,summoner-4861103,872,1998 12 19,Diamond 3,19,83,,315,276
872,summoner-10241637,873,Palme n Goéland,Diamond 3,19,72,,307,265
873,summoner-443508,874,Boobs,Diamond 3,19,80,,108,100
874,summoner-10280340,875,Leafeon,Diamond 3,19,41,,70,39
875,summoner-430397,876,ElllaxX,Diamond 3,18,88,,341,351
876,summoner-223998,877,Woodsie,Diamond 3,18,85,,231,223
877,summoner-6150835,878,Brontosaurus,Diamond 3,18,93,,101,84
878,summoner-1100599,879,godofapples,Diamond 3,17,90,,328,290
879,summoner-1760235,880,Jaycehandsome,Diamond 3,17,75,,202,210
880,summoner-11045786,881,Asterius,Diamond 3,17,66,,139,91
881,summoner-478539,882,DMouse,Diamond 3,17,57,,131,95
882,summoner-275445,883,LAPD 911,Diamond 3,17,58,,90,79
883,summoner-11160289,884,th0mas,Diamond 3,17,48,,80,52
884,summoner-322389,885,Mystiiez,Diamond 3,16,80,,172,146
885,summoner-11075233,886,held me down,Diamond 3,16,68,,164,166
886,summoner-352703,887,Khysoar,Diamond 3,16,57,,144,128
887,summoner-442911,888,Payton,Diamond 3,16,93,,74,77
888,summoner-722764,889,FunkZillah,Diamond 3,15,94,,60,45
889,summoner-571560,890,Paths of Pain,Diamond 3,14,97,,118,116
890,summoner-463325,891,MeMoMoMa,Diamond 3,14,48,,97,88
891,summoner-8970295,892,give me anxiety,Diamond 3,13,71,,201,211
892,summoner-497415,893,boboxD,Diamond 3,13,88,,67,48
893,summoner-10161398,894,with1drawn,Diamond 3,13,43,,58,31
894,summoner-628060,895,K1LD3Rn3S5,Diamond 3,12,97,,146,141
895,summoner-322914,896,Halo 1,Diamond 3,12,95,,143,151
896,summoner-296408,897,GodKingLordGaren,Diamond 3,12,108,,143,125
897,summoner-7200938,898,Hear,Diamond 3,12,48,,126,110
898,summoner-327877,899,never get role,Diamond 3,10,55,,99,93
899,summoner-284257,900,Profit Leonard,Diamond 3,10,41,,65,59
900,summoner-636352,901,Åkanø,Diamond 3,10,43,,48,46
901,summoner-395355,902,Fabulous,Diamond 3,10,48,,48,35
902,summoner-749975,903,RidicuIous,Diamond 3,9,35,,56,15
903,summoner-305787,904,Marshmallows,Diamond 3,9,71,,31,21
904,summoner-563813,905,Reina Kousaka,Diamond 3,8,41,,47,34
905,summoner-1163135,906,SpinLord,Diamond 3,7,69,,104,95
906,summoner-451889,907,ri Nin leiQVQ,Diamond 3,7,38,,57,48
907,summoner-220192,908,WE DEM BOYZZ,Diamond 3,6,75,,108,89
908,summoner-1810791,909,Holly Mia,Diamond 3,6,90,,85,69
909,summoner-380314,910,Blurred,Diamond 3,4,61,,207,166
910,summoner-3140948,911,Necromancer,Diamond 3,3,72,,224,209
911,summoner-8661945,912,10CSPM,Diamond 3,3,50,,154,117
912,summoner-2910960,913,Jyza IV,Diamond 3,3,52,,136,101
913,summoner-228360,914,Dr Elementfluffy,Diamond 3,3,101,,91,75
914,summoner-5621748,915,CheeZeLord,Diamond 3,3,98,,89,68
915,summoner-402522,916,Kenste,Diamond 3,3,45,,49,34
916,summoner-488654,917,BEEM0,Diamond 3,2,121,,105,106
917,summoner-680188,918,IG Rook1e,Diamond 3,1,78,,285,253
918,summoner-8790826,919,imCodxx,Diamond 3,1,75,,264,223
919,summoner-3621562,920,mfis,Diamond 3,1,93,,122,123
920,summoner-11121305,921,ForsakenDreamz,Diamond 3,1,46,,64,51
921,summoner-4771933,922,Very Cute Indeed,Diamond 3,0,102,,398,373
922,summoner-7820275,923,KoBe 07,Diamond 3,0,86,,314,229
923,summoner-1101353,924,Uncle Wesker,Diamond 3,0,135,,286,254
924,summoner-700393,925,Paco8,Diamond 3,0,70,,232,187
925,summoner-475375,926,ciwei,Diamond 3,0,81,,219,186
926,summoner-1292193,927,fire kylin,Diamond 3,0,80,,213,182
927,summoner-636241,928,Mlng,Diamond 3,0,91,,212,227
928,summoner-4040527,929,Nyarth,Diamond 3,0,88,,206,207
929,summoner-7381165,930,x Luke,Diamond 3,0,72,,198,204
930,summoner-305116,931,LDV,Diamond 3,0,113,,193,155
931,summoner-7330143,932,Gakki or Satomi,Diamond 3,0,71,,192,176
932,summoner-660755,933,iJwang,Diamond 3,0,106,,190,191
933,summoner-503392,934,GoGoJuice98,Diamond 3,0,56,,167,139
934,summoner-3311812,935,Overlord1,Diamond 3,0,111,,163,125
935,summoner-1710466,936,Too Tru Fam,Diamond 3,0,79,,157,140
936,summoner-522668,937,iiDontCare,Diamond 3,0,49,,155,99
937,summoner-11430289,938,Joe Miller,Diamond 3,0,90,,152,131
938,summoner-10260750,939,hypebeastakito,Diamond 3,0,93,,148,114
939,summoner-315654,940,ragepoo,Diamond 3,0,64,,142,122
940,summoner-507532,941,Phoed,Diamond 3,0,128,,140,127
941,summoner-329383,942,Aromatic,Diamond 3,0,66,,137,134
942,summoner-292904,943,Pecha Berry,Diamond 3,0,88,,135,125
943,summoner-230856,944,Reznor,Diamond 3,0,74,,131,119
944,summoner-392691,945,Chaps,Diamond 3,0,94,,131,114
945,summoner-11220678,946,KingGodYasuo,Diamond 3,0,48,,129,93
946,summoner-561444,947,AHumanBean,Diamond 3,0,58,,128,119
947,summoner-8212923,948,wRayZxMan,Diamond 3,0,85,,127,118
948,summoner-2380645,949,Mïdnïght,Diamond 3,0,84,,127,114
949,summoner-1680225,950,Exiled,Diamond 3,0,136,,121,118
950,summoner-3071107,951,Scuftz,Diamond 3,0,99,,121,111
951,summoner-11140408,952,Fuggines,Diamond 3,0,47,,118,90
952,summoner-2160127,953,Pica boo,Diamond 3,0,125,,117,90
953,summoner-287335,954,chookn,Diamond 3,0,45,,113,68
954,summoner-870924,955,Ćonqseºrør,Diamond 3,0,54,,112,111
955,summoner-551815,956,Sugøi,Diamond 3,0,77,,108,102
956,summoner-11500284,957,NewbeePlayer,Diamond 3,0,45,,100,59
957,summoner-226325,958,Charmander AU,Diamond 3,0,42,,99,67
958,summoner-6420294,959,MoonlitKaiser,Diamond 3,0,47,,92,68
959,summoner-295165,960,Gusanator,Diamond 3,0,76,,88,93
960,summoner-438508,961,Maximoo,Diamond 3,0,112,,85,83
961,summoner-239171,962,Hunt,Diamond 3,0,106,,80,58
962,summoner-351388,963,DaJeung,Diamond 3,0,69,,80,87
963,summoner-281946,964,The Gom,Diamond 3,0,54,,68,40
964,summoner-4530378,965,Smlz 0v0,Diamond 3,0,95,,65,45
965,summoner-1880974,966,Byrone,Diamond 3,0,100,,64,59
966,summoner-580828,967,My Jg Is Retard,Diamond 3,0,86,,64,48
967,summoner-3520141,968,15x scope Kar98k,Diamond 3,0,91,,61,46
968,summoner-10171740,969,Suexa,Diamond 3,0,43,,60,28
969,summoner-3592244,970,Qonnect,Diamond 3,0,67,,60,55
970,summoner-8610583,971,ShaIItear,Diamond 3,0,44,,59,61
971,summoner-8870219,972,GZ Cadence,Diamond 3,0,99,,59,45
972,summoner-300644,973,김정은,Diamond 3,0,92,,51,49
973,summoner-1380274,974,Ohgee,Diamond 3,0,57,,49,16
974,summoner-6931874,975,HoIo,Diamond 3,0,44,,49,42
975,summoner-325988,976,The Expanse,Diamond 3,0,43,,42,37
976,summoner-11080832,977,chaøs,Diamond 3,0,48,,41,30
977,summoner-451639,978,Miracle Jgg,Diamond 3,0,126,,38,23
978,summoner-235171,979,Reimú,Diamond 3,0,108,,36,24
979,summoner-365597,980,Alpha Lupi,Diamond 4,100,93,,382,367
980,summoner-220885,981,Eloh,Diamond 4,100,104,,168,166
981,summoner-3882192,982,Alkaza,Diamond 4,100,90,,157,143
982,summoner-406857,983,it gets better,Diamond 4,100,51,,156,103
983,summoner-431518,984,Hachimitsu,Diamond 4,100,108,,119,107
984,summoner-710649,985,Cote de boeuf,Diamond 4,100,53,,96,97
985,summoner-8930296,986,P1kaqiu,Diamond 4,100,44,,85,61
986,summoner-5710281,987,SumCookie,Diamond 4,100,52,,84,69
987,summoner-276529,988,Didnt ask,Diamond 4,100,122,,81,83
988,summoner-579944,989,OKtiger,Diamond 4,100,44,,72,78
989,summoner-380500,990,Vpn Boi,Diamond 4,100,91,,72,50
990,summoner-315902,991,selphish,Diamond 4,100,83,,66,62
991,summoner-4100151,992,Apologetic Noob,Diamond 4,100,54,,57,45
992,summoner-441412,993,QASWEFRGTHJMFDF,Diamond 4,100,103,,52,37
993,summoner-725483,994,BlahblahE,Diamond 4,100,38,,49,48
994,summoner-287737,995,Intent,Diamond 4,100,59,,44,26
995,summoner-8910498,996,One Game,Diamond 4,100,61,,39,31
996,summoner-1811819,997,C137,Diamond 4,100,59,,38,21
997,summoner-287001,998,grrwoof,Diamond 4,100,74,,36,31
998,summoner-2391236,999,PandaJuice,Diamond 4,97,101,,260,245
999,summoner-1363078,1000,Sheldor73,Diamond 4,97,70,,77,76
