#timestamp 1529722829541
#date 2018-06-23T03:00:29+00:00
#players 1000
#index,id,rank,name,tier,lp,level,proTeam,win,loss
0,summoner-91909115,1,tarzaned2,Challenger,1302,73,,349,244
1,summoner-96059078,2,sorry my bad xd,Challenger,1300,43,,123,54
2,summoner-91739120,3,Play for KDA,Challenger,1045,59,,207,144
3,summoner-24220969,4,thtr,Challenger,1038,91,,354,296
4,summoner-75900909,5,GGEA Neøø,Challenger,1026,141,,306,241
5,summoner-87439213,6,ìnori,Challenger,1025,119,,343,279
6,summoner-22275443,7,TCLB ZzeR,Challenger,941,65,,275,185
7,summoner-34925733,8,CG Solo,Challenger,934,83,,307,245
8,summoner-68469257,9,Azures,Challenger,933,115,,438,383
9,summoner-22670229,10,Shout,Challenger,927,89,,295,236
10,summoner-96629156,11,a wood,Challenger,919,42,,103,62
11,summoner-21193669,12,Hakuho,Challenger,921,88,,253,195
12,summoner-35097344,13,duoking1,Challenger,901,70,,241,176
13,summoner-19839806,14,blaberfish2,Challenger,896,109,,399,321
14,summoner-94060086,15,TwTv LoLHarambe,Challenger,885,71,,356,276
15,summoner-95119178,16,WPI 3970,Challenger,872,45,,134,84
16,summoner-83339123,17,Humble Diligent,Challenger,839,82,,335,284
17,summoner-87330006,18,Yusuiˉ,Challenger,827,68,,185,123
18,summoner-95429143,19,ESKEET1T,Challenger,822,44,,112,76
19,summoner-71229345,20,divided jungle,Challenger,819,66,,235,184
20,summoner-21542029,21,Grig1,Challenger,818,98,,317,274
21,summoner-68401488,22,5tunt,Challenger,811,81,,237,186
22,summoner-65389099,23,Liquid Impact,Challenger,804,71,,235,176
23,summoner-24326160,24,Sweaty ASol,Challenger,789,74,,253,203
24,summoner-38375098,25,Jurassiq,Challenger,777,81,,301,254
25,summoner-23368264,26,Tracy Mcgràdy,Challenger,774,51,,129,73
26,summoner-21276764,27,Vulcan1,Challenger,772,112,,372,319
27,summoner-50759139,28,qldurtms,Challenger,768,61,,181,135
28,summoner-37481045,29,insanityxxx,Challenger,766,160,,535,482
29,summoner-20389591,30,Inorï,Challenger,762,69,,326,255
30,summoner-27251616,31,ULookSoCharming,Challenger,760,107,,301,256
31,summoner-38809624,32,Sophist Sage,Challenger,758,121,,558,509
32,summoner-21490433,33,goldenglue,Challenger,749,98,,317,273
33,summoner-77211676,34,Revenge,Challenger,738,77,,231,179
34,summoner-91419120,35,TSM Zven,Challenger,735,104,,468,392
35,summoner-32299406,36,Spawwwwn,Challenger,731,107,,385,330
36,summoner-21371454,37,ScrubNoob,Challenger,727,116,,401,341
37,summoner-83089575,38,Ssumdayday,Challenger,726,66,,221,170
38,summoner-48193601,39,Spica1,Challenger,702,78,,205,153
39,summoner-92959312,40,IlIlIllllIIIIIII,Challenger,714,50,,141,109
40,summoner-21367804,41,Cris,Challenger,711,58,,187,135
41,summoner-22403576,42,Pants are Dragon,Challenger,670,110,,360,311
42,summoner-30046300,43,TCLB plan ahea,Challenger,670,122,,339,296
43,summoner-19967304,44,Shiphtur,Challenger,666,150,,912,879
44,summoner-85889107,45,FeelsGO0DMan,Challenger,660,72,,254,213
45,summoner-19787999,46,SCREENSLAV3R,Challenger,652,69,,172,132
46,summoner-65409096,47,crow5,Challenger,650,73,,257,204
47,summoner-30255016,48,TheeBrandini,Challenger,648,73,,246,204
48,summoner-91615420,49,Evølve,Challenger,647,96,,427,353
49,summoner-22141445,50,SandPaperX,Challenger,643,90,,262,221
50,summoner-47401142,51,Soulmario,Challenger,640,182,,363,329
51,summoner-86912471,52,Nugeek,Challenger,634,67,,252,212
52,summoner-47165206,53,HIGH APM LOW BMI,Challenger,632,90,,321,284
53,summoner-19770082,54,Criś,Challenger,626,141,,455,418
54,summoner-22946266,55,GaoGao,Challenger,624,74,,136,92
55,summoner-21806931,56,Xeno,Challenger,624,59,,125,88
56,summoner-30366254,57,Acoldblazeolive,Challenger,618,71,,258,218
57,summoner-23715786,58,KitKatxz,Challenger,618,61,,190,153
58,summoner-68479082,59,a new beginning,Challenger,617,105,,330,293
59,summoner-25401864,60,Credenda,Challenger,613,52,,180,94
60,summoner-93731255,61,dsazfxgchn,Challenger,608,50,,148,88
61,summoner-19623941,62,Rendyu,Challenger,607,115,,344,294
62,summoner-75099245,63,LHHS,Challenger,605,54,,153,112
63,summoner-37343071,64,avi is me,Challenger,604,67,,186,143
64,summoner-22830349,65,RF Legendary,Challenger,579,75,,283,234
65,summoner-32683839,66,Sean Twitch God,Challenger,594,94,,438,393
66,summoner-91451619,67,etrianodysey,Challenger,594,82,,299,249
67,summoner-20156599,68,Carmen Campagne,Challenger,593,74,,151,109
68,summoner-21124626,69,Rikara,Challenger,591,130,,260,218
69,summoner-21172589,70,sadsdasdasf,Challenger,590,87,,323,278
70,summoner-21103810,71,BendyAndy,Challenger,588,92,,359,322
71,summoner-26851284,72,PainlessM,Challenger,578,98,,285,244
72,summoner-27470522,73,Arcsecond,Challenger,574,119,,447,390
73,summoner-36111109,74,Julien,Challenger,588,100,,394,350
74,summoner-89299096,75,IlIlIllllIII,Challenger,569,46,,157,73
75,summoner-60469878,76,Macotoˉ,Challenger,563,97,,468,411
76,summoner-40540196,77,Fanatiik,Challenger,563,78,,226,194
77,summoner-41233933,78,MistyStumpey,Challenger,562,96,,214,174
78,summoner-76603307,79,ChiralX,Challenger,562,61,,154,109
79,summoner-24069119,80,Hate,Challenger,561,123,,312,267
80,summoner-25108893,81,CaptainShrimps,Challenger,539,96,,525,482
81,summoner-35409134,82,Srkenji,Challenger,560,116,,443,393
82,summoner-19587365,83,Tony Top,Challenger,556,106,,446,413
83,summoner-21910088,84,Zot,Challenger,554,129,,420,377
84,summoner-35361116,85,Q16KpquGsIc,Challenger,551,63,,99,56
85,summoner-21937711,86,HaruRushAmbition,Challenger,550,109,,506,442
86,summoner-47943093,87,3in1warrior,Challenger,550,69,,165,129
87,summoner-35592112,88,stuntopolis,Challenger,550,50,,127,98
88,summoner-25125682,89,Niles,Challenger,547,89,,260,216
89,summoner-23552941,90,deftIy,Challenger,546,85,,267,222
90,summoner-54986862,91,Àsyc,Challenger,527,162,,823,791
91,summoner-19698094,92,FallenBandit,Challenger,544,94,,331,299
92,summoner-521955,93,WildTurtle,Challenger,544,47,,122,80
93,summoner-20962399,94,Teesum,Challenger,543,88,,383,352
94,summoner-83339118,95,sks Tmfprl,Challenger,540,62,,179,138
95,summoner-30397116,96,Lemur,Challenger,540,101,,116,76
96,summoner-22654107,97,yhw,Challenger,539,127,,316,280
97,summoner-19757901,98,Ðân,Challenger,557,98,,297,239
98,summoner-20877255,99,TCLB Tempest,Challenger,532,73,,281,204
99,summoner-73543081,100,SKT T1 Crown,Challenger,532,93,,145,91
100,summoner-170340,101,Cody Sun,Challenger,531,125,,444,420
101,summoner-2648,102,Pobelter,Challenger,548,91,,251,223
102,summoner-19920510,103,Sudzzi,Challenger,526,82,,305,268
103,summoner-64290527,104,CONTRACTZZZZZZZZ,Challenger,526,68,,270,209
104,summoner-22438041,105,snap,Challenger,525,99,,302,260
105,summoner-26045266,106,TàIon,Challenger,520,83,,221,166
106,summoner-47607839,107,Gong Yoo x,Challenger,518,71,,308,243
107,summoner-96659148,108,jngler52,Challenger,512,38,,67,37
108,summoner-83552233,109,duoqueen1,Challenger,509,69,,200,170
109,summoner-64834040,110,DufTlalgkqtlek,Challenger,508,53,,151,109
110,summoner-41786897,111,Kurumx,Challenger,506,79,,274,227
111,summoner-71715,112,MeNoHaxor,Challenger,502,89,,263,226
112,summoner-28993829,113,xKace,Challenger,501,89,,222,184
113,summoner-21193032,114,dog2,Challenger,500,122,,409,379
114,summoner-54059235,115,fwii Talon,Challenger,496,45,,104,59
115,summoner-28663867,116,Erry,Challenger,495,69,,186,154
116,summoner-74731419,117,cupcakes29,Challenger,493,63,,236,196
117,summoner-65389101,118,gazuaaaaaaaaaaa,Challenger,492,51,,164,122
118,summoner-77520973,119,TCLB Zephyr,Challenger,491,95,,222,172
119,summoner-21202019,120,5fire,Challenger,469,89,,191,156
120,summoner-51680686,121,RobbyBob,Challenger,480,94,,162,131
121,summoner-29773406,122,Tonington,Challenger,476,67,,162,126
122,summoner-19912360,123,VERSACE JiNPACHi,Challenger,450,104,,297,253
123,summoner-30212825,124,Spirax,Challenger,469,85,,116,83
124,summoner-32871226,125,Alex Blais,Challenger,465,64,,220,168
125,summoner-20823651,126,C9 Smoothie,Challenger,464,95,,240,206
126,summoner-20047271,127,Descraton,Challenger,479,127,,403,365
127,summoner-38880034,128,Soligo,Challenger,478,59,,157,122
128,summoner-76609200,129,INF SolidSnake,Challenger,458,112,,297,262
129,summoner-71860010,130,Boris Oppa,Challenger,457,81,,194,111
130,summoner-78739091,131,IdioticGuy123,Challenger,456,64,,170,128
131,summoner-20826894,132,Sleepyz,Challenger,455,110,,438,411
132,summoner-33239179,133,ZeyzaI,Challenger,455,59,,129,65
133,summoner-31563939,134,butterfły,Challenger,434,56,,119,64
134,summoner-82962549,135,10 IQ PLAYER,Challenger,450,98,,231,196
135,summoner-28742820,136,Jast,Challenger,431,89,,150,111
136,summoner-51949451,137,AD Nannies Pref,Challenger,447,85,,222,186
137,summoner-84759118,138,Metaphor,Challenger,445,93,,330,285
138,summoner-28903785,139,YummiBananas,Challenger,422,135,,585,552
139,summoner-44989327,140,mancloud2,Challenger,441,126,,529,502
140,summoner-24671130,141,Allorim,Challenger,440,111,,403,375
141,summoner-26153361,142,Happy Birfdizzay,Challenger,440,87,,268,231
142,summoner-34022147,143,Tuesdayy,Challenger,438,93,,313,285
143,summoner-40835255,144,Bóbbý,Challenger,437,117,,427,391
144,summoner-7250,145,Apollo Price,Challenger,453,105,,363,334
145,summoner-77720407,146,RaverDad,Challenger,435,102,,547,512
146,summoner-21498922,147,Linsaníty,Challenger,434,71,,177,155
147,summoner-1681,148,TCLB Robin NA,Challenger,433,100,,455,360
148,summoner-83629091,149,NA Swifte,Challenger,433,70,,174,141
149,summoner-70132282,150,XueGao,Challenger,432,99,,153,121
150,summoner-29161654,151,mulgokizary,Challenger,432,52,,95,59
151,summoner-19577112,152,Bíg T,Challenger,429,107,,373,338
152,summoner-20793637,153,Phaxen,Challenger,428,136,,173,141
153,summoner-50493382,154,sniperboy120,Challenger,428,54,,112,59
154,summoner-401063,155,xFSN Saber,Challenger,427,74,,167,133
155,summoner-56829156,156,Laceration,Challenger,426,99,,196,157
156,summoner-21014987,157,lron Pyrite,Challenger,421,67,,141,108
157,summoner-91429132,158,TSM Mithypote,Challenger,420,80,,255,233
158,summoner-46069412,159,foggedftw1,Challenger,418,61,,117,82
159,summoner-23907257,160,Janna Mechanics,Challenger,417,83,,254,213
160,summoner-39040566,161,GGS Matt,Challenger,414,87,,345,314
161,summoner-295500,162,5mi,Challenger,396,106,,256,217
162,summoner-91507933,163,758ˉ,Challenger,430,67,,219,180
163,summoner-92949382,164,CG Solo 2,Challenger,388,45,,118,86
164,summoner-22231499,165,Washed Up,Challenger,407,83,,256,215
165,summoner-35092858,166,Challenger Eoba,Challenger,406,57,,177,109
166,summoner-156090,167,Yassuo,Challenger,424,116,,495,462
167,summoner-88229545,168,Gate,Challenger,405,110,,240,209
168,summoner-27816311,169,N4omi,Challenger,405,68,,154,117
169,summoner-20130821,170,Wiggily,Challenger,404,91,,280,247
170,summoner-92319078,171,Nashor Tooth,Challenger,404,68,,241,193
171,summoner-45661658,172,Bao Bao,Challenger,399,100,,234,203
172,summoner-1496,173,Valkrin,Challenger,399,65,,161,125
173,summoner-36099357,174,Fapdo,Challenger,399,67,,158,118
174,summoner-32867184,175,Blitzt,Challenger,398,106,,200,165
175,summoner-20918669,176,elise player,Challenger,397,84,,243,229
176,summoner-93269094,177,Potluck,Challenger,397,72,,138,115
177,summoner-46052203,178,B Solo Lane B,Challenger,414,93,,365,325
178,summoner-37928970,179,Lesu,Challenger,409,175,,786,750
179,summoner-23162732,180,Byeong Hoon Lee,Challenger,394,89,,219,192
180,summoner-22638316,181,typty,Challenger,375,87,,174,140
181,summoner-55375727,182,Fated Enigma,Challenger,391,129,,496,455
182,summoner-37447382,183,KlvA,Challenger,389,79,,147,107
183,summoner-77351819,184,Saskioo,Challenger,388,75,,196,159
184,summoner-87119170,185,OpTic Arrow,Challenger,387,86,,339,301
185,summoner-91729099,186,BOL4,Challenger,387,55,,160,123
186,summoner-29221767,187,Abou222,Challenger,387,65,,158,111
187,summoner-19668604,188,Koukesito,Challenger,385,62,,181,136
188,summoner-26822730,189,BloodKey,Challenger,385,51,,146,76
189,summoner-24823450,190,Viel Glück,Challenger,384,66,,116,82
190,summoner-24154639,191,yeedam,Challenger,383,72,,123,91
191,summoner-95439134,192,olruol,Challenger,383,40,,77,54
192,summoner-92610081,193,Gáme1234,Challenger,376,63,,285,208
193,summoner-47836799,194,Liquid Hard,Challenger,372,69,,203,166
194,summoner-19451735,195,homeboi,Challenger,350,96,,364,338
195,summoner-23476283,196,EricZYang,Challenger,384,182,,599,566
196,summoner-82789571,197,flameflameflame,Challenger,345,68,,236,204
197,summoner-20822144,198,ÐaÞtion,Challenger,341,100,,270,247
198,summoner-31281326,199,MaGeRdAnGeR,Challenger,281,74,,195,169
199,summoner-20636732,200,Morïarty,Challenger,246,86,,396,375
200,summoner-73170218,201,Miguel el toro,Master,428,89,,296,265
201,summoner-70191897,202,adi0s,Master,419,52,,108,74
202,summoner-89599264,203,D9 Grelly,Master,394,116,,482,452
203,summoner-33419995,204,CopyAndPaste,Master,394,68,,125,96
204,summoner-41873475,205,The Eggsalad,Master,392,154,,564,531
205,summoner-36259319,206,Vchee,Master,384,84,,368,327
206,summoner-50690164,207,FakeGod,Master,364,51,,104,69
207,summoner-95439104,208,PRODUCTPLACEMENT,Master,380,39,,74,52
208,summoner-19665819,209,Duocek,Master,377,96,,463,423
209,summoner-41849159,210,GGEA Rodov,Master,375,92,,230,194
210,summoner-21652056,211,Vìncent,Master,373,88,,300,265
211,summoner-21830641,212,Seuyan,Master,372,56,,158,106
212,summoner-22350178,213,Cat VaIentine,Master,370,74,,240,199
213,summoner-51405,214,C9 Sneaky,Master,365,121,,447,402
214,summoner-91429107,215,CLG Reignover,Master,365,65,,148,123
215,summoner-80240589,216,Toàn Tran,Master,363,48,,96,65
216,summoner-77489438,217,A Brand 1 Trick,Master,362,68,,195,162
217,summoner-34268448,218,Forgotten Legend,Master,362,67,,171,137
218,summoner-44317220,219,Sheepp,Master,361,65,,258,192
219,summoner-22701102,220,EleJiggle,Master,360,108,,307,272
220,summoner-62374009,221,wlswlgkrprkwmdk,Master,359,52,,187,146
221,summoner-55805197,222,Hyami,Master,359,92,,167,135
222,summoner-22478427,223,Biofrost,Master,355,78,,232,197
223,summoner-19061980,224,Lourlo,Master,354,99,,240,208
224,summoner-32252808,225,WayneDwops,Master,350,85,,234,193
225,summoner-20411671,226,Heisendong,Master,349,61,,130,97
226,summoner-38869932,227,tank jg player,Master,345,92,,207,177
227,summoner-72849285,228,ChumpJohn Again,Master,345,56,,96,61
228,summoner-36772244,229,Fuh Breeze,Master,343,101,,295,275
229,summoner-89530903,230,Shorter,Master,343,73,,264,227
230,summoner-19905517,231,ZzLegendary,Master,342,101,,196,158
231,summoner-31507479,232,foggedftw2,Master,341,53,,83,48
232,summoner-27110862,233,J D,Master,340,119,,410,364
233,summoner-43147757,234,Twíns,Master,340,120,,296,195
234,summoner-579475,235,dawolfsfang,Master,339,54,,153,127
235,summoner-39877298,236,lae young,Master,317,51,,128,96
236,summoner-46531569,237,iKinggVex,Master,334,165,,775,747
237,summoner-48365522,238,CroatianD,Master,334,107,,175,134
238,summoner-95439156,239,sky island,Master,334,49,,156,135
239,summoner-20072604,240,GGEA Abou222,Master,329,94,,270,239
240,summoner-36400685,241,AIIorim,Master,327,105,,358,335
241,summoner-29203966,242,Ino1,Master,327,117,,237,200
242,summoner-44141483,243,RubenxSWRD,Master,306,86,,345,316
243,summoner-77251686,244,TRIBORDKINGDOM63,Master,326,85,,297,262
244,summoner-20305573,245,shochi,Master,325,113,,388,359
245,summoner-31929876,246,Arceesenpie,Master,325,64,,232,195
246,summoner-95090711,247,DeafRef,Master,325,54,,190,141
247,summoner-56365425,248,Johnaay,Master,323,90,,178,143
248,summoner-66042977,249,TwTv KatEvolved,Master,320,91,,295,266
249,summoner-35890783,250,Jiu Jiu,Master,318,115,,327,287
250,summoner-20920347,251,H4xDefender,Master,315,83,,298,267
251,summoner-23350752,252,Zeyzal,Master,314,60,,174,144
252,summoner-77661150,253,good nightt,Master,311,58,,177,112
253,summoner-83939135,254,jensenfanboy97,Master,308,51,,134,80
254,summoner-31274923,255,Lovefury,Master,307,110,,296,265
255,summoner-66832087,256,sexyminou,Master,287,75,,290,259
256,summoner-24449785,257,that808gamer,Master,307,91,,233,204
257,summoner-29524444,258,atkins2,Master,318,96,,229,199
258,summoner-61542283,259,huhi,Master,298,85,,238,211
259,summoner-32705024,260,Falcon God,Master,298,63,,182,154
260,summoner-89909122,261,light b,Master,297,69,,149,112
261,summoner-19875787,262,Crab Battle,Master,295,56,,126,96
262,summoner-19296564,263,fwii,Master,294,103,,252,230
263,summoner-32909693,264,IVIODE,Master,293,88,,386,327
264,summoner-43079579,265,My melody,Master,293,165,,189,156
265,summoner-91634369,266,Origami X,Master,292,55,,193,126
266,summoner-63291,267,Sunset,Master,291,174,,779,740
267,summoner-29194631,268,Alicopter,Master,291,143,,504,478
268,summoner-62630267,269,KlonkGronkZonk,Master,290,87,,208,180
269,summoner-30580841,270,YkyLh,Master,290,97,,96,47
270,summoner-42060215,271,0 x omakase x 42,Master,286,102,,321,291
271,summoner-66929247,272,Liquid Joey,Master,281,72,,207,185
272,summoner-70339477,273,Rapidx,Master,280,120,,547,514
273,summoner-73136544,274,Feí,Master,280,81,,200,156
274,summoner-84389222,275,Meta,Master,280,66,,162,139
275,summoner-45191640,276,ChadYasuoMain,Master,279,124,,224,192
276,summoner-72903789,277,LimitTester,Master,276,46,,101,67
277,summoner-20123146,278,AND 1 AIDAN,Master,275,95,,308,273
278,summoner-39561509,279,JuIius,Master,270,159,,773,745
279,summoner-35590582,280,Annie Bot,Master,249,195,,1005,975
280,summoner-20902946,281,Oppai God,Master,268,72,,180,153
281,summoner-10077,282,scarra,Master,267,110,,546,523
282,summoner-24793304,283,Roronoa Zary,Master,265,58,,171,137
283,summoner-21201241,284,Auberaun,Master,264,79,,190,160
284,summoner-24449515,285,Savast,Master,263,105,,274,245
285,summoner-82950710,286,NA is a coinflip,Master,263,56,,101,71
286,summoner-50453166,287,Boosted bot,Master,280,223,,1248,1214
287,summoner-32392626,288,Dhokla,Master,261,96,,341,321
288,summoner-25022297,289,Omot,Master,260,98,,111,77
289,summoner-48321237,290,MouseArt,Master,259,165,,769,746
290,summoner-75111441,291,WSL Bae Bae,Master,259,115,,117,74
291,summoner-47212115,292,Tactical,Master,257,92,,246,217
292,summoner-38111839,293,Candice,Master,256,69,,226,197
293,summoner-77252739,294,FUNKYFRAGAS32,Master,255,94,,411,380
294,summoner-23965783,295,Titan Dweevil,Master,253,111,,447,413
295,summoner-40279866,296,Krmx,Master,253,72,,218,190
296,summoner-95739079,297,0nxn,Master,251,35,,52,22
297,summoner-62240420,298,le fwii,Master,250,49,,93,23
298,summoner-70173009,299,Maiyatang,Master,249,257,,681,642
299,summoner-22417049,300,Cuyo,Master,249,86,,260,237
300,summoner-90782595,301,Judge Doom,Master,248,75,,160,131
301,summoner-92969097,302,Ruler CoreJJ,Master,246,47,,122,102
302,summoner-20694079,303,Day after day,Master,244,99,,424,404
303,summoner-40984753,304,GangstahSwerve,Master,244,43,,79,51
304,summoner-50638481,305,supercoolisaac,Master,243,133,,152,120
305,summoner-21814281,306,TALON1V9,Master,242,55,,162,97
306,summoner-95029399,307,lIIIlllIIllIlIlI,Master,241,42,,90,44
307,summoner-48547745,308,Diamond Police,Master,239,93,,281,255
308,summoner-45451524,309,Løst Boy,Master,237,103,,352,316
309,summoner-93579190,310,Pykeman,Master,237,43,,103,78
310,summoner-91749086,311,fear guilt greed,Master,233,63,,172,150
311,summoner-57039082,312,boI4,Master,233,50,,150,124
312,summoner-47706407,313,FreshCreamCherry,Master,232,70,,231,203
313,summoner-22991489,314,Tangularx,Master,230,99,,423,397
314,summoner-25232745,315,TwTv ChaseShaco,Master,248,62,,171,145
315,summoner-88669121,316,Akaadian,Master,230,54,,73,43
316,summoner-51758381,317,TN Vampire,Master,225,106,,212,138
317,summoner-22789590,318,Nami Fish Hentai,Master,224,120,,193,162
318,summoner-41335915,319,Sahatsu,Master,223,120,,255,228
319,summoner-89190126,320,Toxic Vietnamese,Master,223,108,,148,111
320,summoner-42018127,321,Eclipseˉ,Master,222,65,,211,167
321,summoner-34084652,322,I Dislike Solo Q,Master,222,54,,156,128
322,summoner-518475,323,Cat Girl Sakuya,Master,221,60,,163,124
323,summoner-74450973,324,Fiona So Cute,Master,221,94,,160,88
324,summoner-36119978,325,Kazahana,Master,220,104,,173,150
325,summoner-46062118,326,I Am Smexy,Master,219,64,,106,66
326,summoner-22639840,327,Bryanmanlet,Master,218,84,,242,203
327,summoner-37094087,328,Ben9813,Master,218,45,,99,60
328,summoner-66241634,329,TwTv Vchee,Master,217,59,,239,144
329,summoner-45186258,330,lc0nic,Master,217,70,,138,107
330,summoner-19906739,331,Virus,Master,215,92,,319,280
331,summoner-23467785,332,WARMACHINE HYPER,Master,213,212,,690,663
332,summoner-44594721,333,Zeroˉ,Master,196,128,,495,464
333,summoner-22775683,334,Zero Pressure xD,Master,213,66,,210,165
334,summoner-50928107,335,FEED SPLIT THROW,Master,213,62,,91,49
335,summoner-31781756,336,Mac,Master,211,81,,208,145
336,summoner-24412033,337,Sexy Yaoi Prince,Master,210,107,,312,281
337,summoner-77589227,338,Šœ  VIP  Šœ,Master,207,77,,139,99
338,summoner-32556358,339,Gamer Girl,Master,206,107,,243,223
339,summoner-42133105,340,GGEA Strompest,Master,206,68,,178,147
340,summoner-31213574,341,Swkeeee,Master,205,142,,244,204
341,summoner-35400880,342,AxelsFinalFlame,Master,205,66,,139,111
342,summoner-432695,343,Lethal Zedster,Master,205,47,,123,98
343,summoner-19663548,344,TwTvTastyPotatox,Master,203,73,,232,195
344,summoner-45678930,345,MattyMooo,Master,202,113,,408,388
345,summoner-28432690,346,Zud,Master,201,87,,193,157
346,summoner-88669168,347,Mid braum only,Master,201,41,,90,56
347,summoner-30266347,348,Piggy Kitten,Master,200,153,,831,801
348,summoner-43225114,349,Necroside,Master,200,94,,166,136
349,summoner-19470447,350,Minishcap1,Master,199,68,,127,100
350,summoner-31804039,351,oGoDs,Master,199,65,,124,98
351,summoner-21003343,352,Wookin,Master,199,67,,81,50
352,summoner-21794465,353,chowdong,Master,197,70,,198,171
353,summoner-91270727,354,cute loli gf,Master,214,44,,125,73
354,summoner-41643804,355,Vakin,Master,196,132,,359,332
355,summoner-56797519,356,Kewlipo,Master,215,124,,479,451
356,summoner-70011915,357,moon b,Master,195,86,,268,235
357,summoner-52326216,358,papa croc romanm,Master,194,65,,223,192
358,summoner-21978925,359,SlapPorkChop,Master,194,78,,223,199
359,summoner-25005620,360,Mcbaze,Master,211,90,,365,333
360,summoner-442232,361,aphromoo,Master,190,216,,357,337
361,summoner-38883756,362,luggindy,Master,189,72,,183,148
362,summoner-36100051,363,DirtyMobs,Master,188,100,,375,341
363,summoner-83282990,364,monkarS,Master,187,66,,193,167
364,summoner-21905240,365,I Have Sisu,Master,166,125,,646,619
365,summoner-60615460,366,Charming Gay Guy,Master,185,55,,167,96
366,summoner-70359148,367,Tony Supp,Master,184,75,,215,198
367,summoner-22058902,368,Flaresz,Master,184,55,,73,53
368,summoner-23245665,369,Scrandor,Master,202,122,,586,565
369,summoner-24877618,370,Vares,Master,183,121,,348,320
370,summoner-28943582,371,CP Freeze,Master,182,88,,300,265
371,summoner-68459235,372,Yuki S2,Master,181,118,,354,323
372,summoner-44841787,373,MooseHater,Master,162,96,,273,260
373,summoner-25285716,374,Haanii,Master,181,72,,118,90
374,summoner-60745150,375,InvladName,Master,180,141,,426,399
375,summoner-38709082,376,Soju,Master,180,88,,279,243
376,summoner-65999120,377,MOKKORI,Master,178,69,,215,176
377,summoner-28781699,378,Shupian,Master,177,98,,171,144
378,summoner-22415968,379,Real Danijrm,Master,174,66,,264,222
379,summoner-50363420,380,duoshark1,Master,174,81,,207,185
380,summoner-20724263,381,Mozart The 2nd,Master,174,49,,115,75
381,summoner-22835956,382,RenektonTopOnly,Master,173,126,,622,579
382,summoner-22696988,383,TheOddOrange,Master,191,82,,203,179
383,summoner-35703236,384,PieCakeLord,Master,170,106,,472,452
384,summoner-492066,385,SimplyHai,Master,150,85,,280,259
385,summoner-22073036,386,Breakbot,Master,170,108,,269,235
386,summoner-83709100,387,KhaliDino,Master,169,133,,551,515
387,summoner-78739135,388,Feox,Master,167,60,,157,119
388,summoner-23890102,389,YoItsK,Master,166,138,,448,414
389,summoner-23723309,390,Ordinn,Master,166,87,,196,168
390,summoner-78771213,391,Tabulae,Master,166,57,,171,134
391,summoner-69129243,392,GDX,Master,183,131,,101,58
392,summoner-19777052,393,GeneralMint,Master,165,97,,270,247
393,summoner-20640052,394,XPsionicsx,Master,165,72,,219,194
394,summoner-28682326,395,wispe,Master,164,161,,408,378
395,summoner-90811612,396,TwTv 6ixgodmemes,Master,164,53,,115,61
396,summoner-57302617,397,Dragonmin,Master,164,42,,65,22
397,summoner-80979709,398,Pants are JłZZ,Master,163,100,,297,273
398,summoner-43873947,399,Boyyyyyyyyyyyyyy,Master,163,89,,110,87
399,summoner-40655603,400,Copari,Master,161,85,,204,181
400,summoner-22858406,401,KAYLE OTP BABY,Master,160,129,,375,354
401,summoner-37341012,402,Zykoˉ,Master,160,101,,302,271
402,summoner-22292020,403,CIyde,Master,158,118,,336,321
403,summoner-45164529,404,KANGSEUNGLOKSFAN,Master,158,80,,167,143
404,summoner-89031504,405,I worry,Master,158,57,,94,61
405,summoner-21107682,406,Hillside Boys,Master,157,168,,689,647
406,summoner-69883340,407,iwhenzhou,Master,157,144,,189,162
407,summoner-390600,408,Meteos,Master,157,94,,178,151
408,summoner-19715873,409,Gerardo Ortiz,Master,157,53,,127,95
409,summoner-31588136,410,CLG Auto,Master,155,99,,441,409
410,summoner-20687868,411,Gabex,Master,138,86,,270,234
411,summoner-45126443,412,Jg2,Master,154,79,,361,336
412,summoner-23213125,413,mimi styIe,Master,154,114,,83,58
413,summoner-23624997,414,Evop,Master,153,51,,184,125
414,summoner-84509505,415,GGEA eThug,Master,153,77,,146,116
415,summoner-47005597,416,IWU Fizzi,Master,152,56,,151,93
416,summoner-76832011,417,XChanX,Master,152,70,,129,95
417,summoner-88059115,418,eGirl cosplay,Master,150,47,,134,92
418,summoner-32178528,419,Weeknd,Master,149,91,,366,344
419,summoner-38841069,420,Ikzencriel,Master,146,128,,540,520
420,summoner-30107400,421,BlueHole,Master,146,86,,158,89
421,summoner-27809820,422,jbraggs,Master,143,133,,489,466
422,summoner-48318695,423,nxi,Master,143,69,,175,135
423,summoner-92392897,424,A GR4SS,Master,122,62,,236,179
424,summoner-56614125,425,ibara2,Master,141,92,,336,299
425,summoner-28909573,426,tiltmaster123,Master,141,59,,203,168
426,summoner-21189658,427,jakobjames,Master,141,58,,63,37
427,summoner-51075422,428,Hopefulqt,Master,140,96,,236,206
428,summoner-50185236,429,xFSN Sakura,Master,140,51,,102,70
429,summoner-39957695,430,røvex,Master,139,106,,478,467
430,summoner-28299232,431,Anderz,Master,139,98,,196,165
431,summoner-20112175,432,Rohammers,Master,138,111,,478,462
432,summoner-78059635,433,MACACO,Master,135,90,,236,206
433,summoner-29593986,434,Èssence,Master,134,115,,405,378
434,summoner-95699530,435,Con sentiment,Master,134,42,,98,41
435,summoner-30575166,436,Locke Lamora,Master,151,133,,314,286
436,summoner-19725432,437,riste,Master,130,167,,722,693
437,summoner-43276966,438,Eric Zhao,Master,130,96,,225,191
438,summoner-89382678,439,UBCKNIFE,Master,130,46,,134,83
439,summoner-19887289,440,Imaqtpie,Master,129,171,,829,804
440,summoner-25078968,441,TheOddTurtle,Master,129,96,,296,268
441,summoner-71661569,442,Spin,Master,129,168,,242,209
442,summoner-19139093,443,Redmercy,Master,129,67,,177,149
443,summoner-28840804,444,Dr Saline PhD,Master,125,95,,410,380
444,summoner-30936371,445,Jayms,Master,125,67,,162,149
445,summoner-49943354,446,Dekar,Master,125,49,,147,115
446,summoner-47647040,447,BestInTown,Master,125,46,,104,63
447,summoner-31687588,448,Freeze,Master,125,60,,99,76
448,summoner-32004867,449,Alexandtheo,Master,124,76,,132,105
449,summoner-41745040,450,Competition2,Master,123,201,,614,591
450,summoner-92659418,451,beat saber main,Master,123,45,,116,89
451,summoner-34951738,452,Super Limp Díck,Master,122,67,,125,100
452,summoner-66879182,453,Dilena Dimitrova,Master,121,106,,340,309
453,summoner-50493444,454,Coltre,Master,121,163,,94,58
454,summoner-29770257,455,Giraffe Hugs,Master,120,82,,139,116
455,summoner-22447403,456,PrismaI,Master,118,92,,251,231
456,summoner-26712726,457,OFFLINETV REJECT,Master,118,61,,211,185
457,summoner-46354722,458,Oricorio,Master,118,104,,194,168
458,summoner-91601980,459,llIIllIIlll,Master,118,54,,145,107
459,summoner-94519219,460,xXxGodPlayerxXx,Master,118,47,,111,85
460,summoner-22180208,461,Chasing Summer,Master,118,74,,104,85
461,summoner-82789170,462,TL Cain,Master,115,67,,265,233
462,summoner-21955448,463,Zuardian,Master,114,127,,472,447
463,summoner-25276169,464,argv,Master,114,102,,281,250
464,summoner-45038172,465,Sir Celery,Master,114,104,,188,164
465,summoner-77003254,466,footnote,Master,114,49,,122,70
466,summoner-26785144,467,콘돔꺼내기,Master,113,71,,175,151
467,summoner-44946228,468,ˆTwice Sanaˆ,Master,113,94,,144,117
468,summoner-25367460,469,Mnew,Master,112,82,,214,185
469,summoner-31632622,470,XsYz,Master,130,69,,181,159
470,summoner-47442009,471,OvO Memes,Master,109,115,,337,318
471,summoner-31383720,472,Terrified dog,Master,109,55,,158,129
472,summoner-20220845,473,Nikkone,Master,108,95,,207,189
473,summoner-30314638,474,DarkWingsForSale,Master,108,82,,173,149
474,summoner-87599515,475,Raverboy,Master,107,110,,249,222
475,summoner-20577176,476,ooo la la,Master,106,86,,220,191
476,summoner-91329284,477,Sllfer,Master,106,42,,83,39
477,summoner-37532228,478,byebyee,Master,105,105,,268,234
478,summoner-28329959,479,Zib Nibbler,Master,105,70,,123,95
479,summoner-91959940,480,Thats Not Fervor,Master,104,69,,176,117
480,summoner-92659402,481,Yubi,Master,104,38,,62,46
481,summoner-28948871,482,Fun Carnage,Master,103,86,,237,214
482,summoner-75281603,483,Catria,Master,103,109,,223,194
483,summoner-32005448,484,Pros,Master,103,74,,205,178
484,summoner-77269277,485,it viper,Master,102,99,,283,272
485,summoner-27381932,486,chepa candela,Master,100,93,,363,345
486,summoner-76912916,487,Rose Queen,Master,100,124,,333,289
487,summoner-53801673,488,Dziarmaga,Master,100,70,,241,211
488,summoner-63668454,489,Desired Game,Master,100,52,,199,102
489,summoner-49013115,490,DeadlyTwitches,Master,99,118,,178,153
490,summoner-85339564,491,JB hai,Master,99,96,,177,145
491,summoner-62605523,492,Resuna,Master,99,48,,137,72
492,summoner-91729110,493,CG Febiven,Master,97,80,,251,211
493,summoner-53339424,494,MeIo,Master,96,97,,304,249
494,summoner-60930238,495,ImASuperNiceGuy,Master,95,118,,209,182
495,summoner-24399368,496,KingGeorgie,Master,93,152,,391,366
496,summoner-51473426,497,Repobah,Master,93,164,,300,271
497,summoner-40846506,498,Gavotto,Master,93,51,,129,102
498,summoner-88109144,499,Bardly Missed,Master,92,97,,502,454
499,summoner-29699937,500,Kholin,Master,92,51,,143,117
500,summoner-77729240,501,LohpalIy,Master,91,86,,256,232
501,summoner-19199530,502,Xpecial,Master,90,88,,197,177
502,summoner-23855467,503,Shorthop,Master,89,111,,283,246
503,summoner-30372420,504,Shimatora,Master,88,121,,315,287
504,summoner-38091945,505,Zenden,Master,88,65,,196,169
505,summoner-22304250,506,Hot Ruffles,Master,88,67,,174,124
506,summoner-80301228,507,Godspica,Master,88,69,,165,140
507,summoner-57539102,508,sesamo,Master,88,68,,136,113
508,summoner-35702501,509,cokes,Master,87,99,,273,246
509,summoner-24598046,510,time time time,Master,87,52,,130,98
510,summoner-75649166,511,Disagre3,Master,86,149,,520,498
511,summoner-34042136,512,Sayonaraaaaa,Master,86,59,,151,128
512,summoner-91655533,513,chicken and rice,Master,86,49,,144,81
513,summoner-93269119,514,DIRTY B0Y,Master,69,85,,378,357
514,summoner-22476330,515,Minah,Master,85,94,,235,222
515,summoner-20400026,516,Tèmpo,Master,64,103,,385,356
516,summoner-39003930,517,어쩌면,Master,84,98,,227,201
517,summoner-37145047,518,Gli,Master,84,108,,224,202
518,summoner-36512012,519,Body Those Fools,Master,84,92,,146,121
519,summoner-55815684,520,Deweyyy,Master,84,127,,113,80
520,summoner-32576527,521,Danwel,Master,101,117,,469,447
521,summoner-19285521,522,ColombiaParce,Master,83,94,,323,302
522,summoner-37278467,523,Cyrano,Master,83,135,,250,226
523,summoner-76920234,524,Comminatory,Master,83,48,,67,32
524,summoner-23941212,525,toez1,Master,81,64,,181,154
525,summoner-51153743,526,Unreal Player,Master,80,49,,195,86
526,summoner-22341069,527,please plan ahea,Master,79,54,,166,132
527,summoner-66419406,528,jookiie,Master,78,60,,140,100
528,summoner-38384168,529,SaltwaterScourge,Master,77,105,,236,208
529,summoner-20001980,530,BenjiStax,Master,77,65,,208,182
530,summoner-90593491,531,Carthage,Master,75,67,,190,160
531,summoner-54845887,532,kyroo1,Master,75,108,,173,144
532,summoner-35336480,533,Outclass,Master,73,107,,396,376
533,summoner-23769101,534,Wazabiee,Master,72,96,,310,281
534,summoner-95701040,535,Enripsa,Master,71,48,,85,37
535,summoner-24153216,536,TwTvJakehoffmann,Master,70,104,,479,426
536,summoner-67709962,537,LostFizz,Master,70,128,,291,244
537,summoner-27282584,538,KOGMAWWWWW,Master,68,101,,459,435
538,summoner-49660821,539,Ducks Of Swag,Master,68,108,,271,242
539,summoner-51678063,540,dumpa,Master,46,96,,297,268
540,summoner-23702362,541,xRequiem,Master,62,86,,198,175
541,summoner-39933019,542,Taco,Master,62,60,,185,163
542,summoner-51046657,543,freyhacks,Master,62,68,,176,138
543,summoner-20132258,544,Doublelift,Master,62,77,,136,117
544,summoner-50759303,545,IWCrackinate,Master,62,55,,122,96
545,summoner-40432671,546,refiningg,Master,61,47,,124,77
546,summoner-36447212,547,AsianSGpotato,Master,61,122,,107,85
547,summoner-34961913,548,Dark Nostalgicee,Master,60,82,,343,306
548,summoner-77191631,549,Kítzuo,Master,60,99,,334,296
549,summoner-129380,550,steeleye70,Master,58,84,,247,233
550,summoner-20886395,551,BeNice2EachOther,Master,58,97,,240,209
551,summoner-90839081,552,IIllIlIlIlIIIlll,Master,58,73,,217,197
552,summoner-23414336,553,Went,Master,58,49,,139,93
553,summoner-37370762,554,Im Avi,Master,58,43,,105,50
554,summoner-50247046,555,nadox,Master,76,87,,493,430
555,summoner-78430986,556,Tony Mid,Master,57,73,,314,264
556,summoner-41989378,557,Lx1angTNT,Master,57,52,,122,96
557,summoner-20978232,558,ItsYourChoice,Master,56,109,,390,367
558,summoner-19758519,559,MU Wolfe,Master,56,84,,193,170
559,summoner-23887566,560,CookiesforSanta,Master,56,86,,101,75
560,summoner-27931416,561,PDS Zelt,Master,55,89,,286,270
561,summoner-31925096,562,OSTRlCH,Master,55,100,,247,212
562,summoner-86839671,563,Swifte1,Master,55,43,,101,55
563,summoner-64793095,564,Ttv fwiizone,Master,44,50,,44,12
564,summoner-23157360,565,PhillyFan,Master,54,110,,223,203
565,summoner-81859355,566,pandapants363,Master,54,41,,95,46
566,summoner-90342456,567,Tyto alba alba,Master,53,65,,185,141
567,summoner-35778585,568,Nimdle,Master,53,82,,184,159
568,summoner-35122558,569,ChaseShaco,Master,53,61,,152,124
569,summoner-76019310,570,Bulgarian Legend,Master,53,43,,103,66
570,summoner-34225884,571,Blazed Nova,Master,52,120,,341,311
571,summoner-22742359,572,Magi1234,Master,52,92,,107,88
572,summoner-29317015,573,cheisu,Master,71,64,,107,82
573,summoner-95729083,574,Known Dicer,Master,52,39,,73,50
574,summoner-72749306,575,July4,Master,51,61,,125,104
575,summoner-48211258,576,Spºoky,Master,51,90,,124,101
576,summoner-88702082,577,IlllIlIIIIII,Master,50,57,,151,127
577,summoner-48556616,578,DLQQ  418640110,Master,49,58,,97,67
578,summoner-92273259,579,mid 3,Master,48,93,,493,440
579,summoner-24391662,580,was good in s6,Master,68,106,,361,342
580,summoner-19673077,581,Yoshi,Master,48,97,,308,285
581,summoner-20312461,582,Felfire,Master,27,108,,346,324
582,summoner-19267108,583,Panunu,Master,46,90,,185,161
583,summoner-19134540,584,Voyboy,Master,63,145,,612,594
584,summoner-72379811,585,James Jeongˉ,Master,45,73,,260,210
585,summoner-28454336,586,DarkX,Master,44,133,,462,437
586,summoner-19353105,587,Rekeri,Master,44,79,,227,201
587,summoner-19599117,588,Bes,Master,44,106,,227,205
588,summoner-92009905,589,show us de way,Master,44,49,,123,68
589,summoner-41213210,590,DrewDozer,Master,43,115,,313,272
590,summoner-83262877,591,SkinnierJGWins,Master,42,61,,194,176
591,summoner-19976104,592,Kkeptt,Master,42,51,,159,99
592,summoner-51094671,593,Eivu,Master,41,80,,327,301
593,summoner-46385711,594,Treysh,Master,41,97,,176,156
594,summoner-46560088,595,DeDrater,Master,41,51,,143,106
595,summoner-29732177,596,Este momento,Master,23,90,,405,380
596,summoner-19188557,597,Aurelıon sol,Master,40,73,,327,256
597,summoner-45520517,598,ioki,Master,40,100,,255,221
598,summoner-70200582,599,Töxic Player,Master,40,95,,94,44
599,summoner-325903,600,Aglow,Master,39,93,,205,179
600,summoner-91647488,601,LL Justice,Master,39,65,,199,149
601,summoner-80670380,602,Týler,Master,38,145,,166,140
602,summoner-34557386,603,Good Boi,Master,37,138,,406,360
603,summoner-40661961,604,The Tank Man,Master,37,98,,339,307
604,summoner-36776514,605,Reza Y Dispara,Master,37,49,,144,90
605,summoner-49089505,606,Solitified,Master,36,146,,369,321
606,summoner-38334154,607,Shmekek,Master,36,99,,198,170
607,summoner-61925463,608,Wixxi,Master,36,94,,177,150
608,summoner-24801053,609,gLucy,Master,36,93,,131,111
609,summoner-19617276,610,OPW,Master,36,56,,112,93
610,summoner-19979141,611,Was Fun,Master,35,82,,188,164
611,summoner-90610341,612,only a feeling,Master,35,48,,108,75
612,summoner-21456134,613,say bye,Master,35,92,,75,55
613,summoner-50521814,614,VelIeity,Master,53,118,,437,382
614,summoner-78650221,615,GIVE ZWAG MID,Master,34,67,,228,184
615,summoner-75169835,616,Prødigious,Master,34,55,,156,120
616,summoner-65821215,617,i will make it,Master,34,64,,142,113
617,summoner-47066009,618,ądc,Master,33,94,,197,162
618,summoner-74689287,619,IlIIlIlIlIlIIl,Master,33,52,,170,129
619,summoner-35422510,620,The Kinjaz,Master,33,142,,140,101
620,summoner-22325691,621,Yotsume,Master,33,39,,63,36
621,summoner-67119126,622,BrownManDarius 2,Master,32,109,,459,421
622,summoner-43631740,623,Agent Frost,Master,32,202,,372,336
623,summoner-29653038,624,Winfield,Master,31,96,,153,132
624,summoner-74699197,625,Myn Dosa,Master,30,147,,643,622
625,summoner-50576811,626,its ok to be sad,Master,29,49,,82,57
626,summoner-21343018,627,kek pepe,Master,28,87,,284,257
627,summoner-19537654,628,DEMIGOD,Master,28,124,,280,209
628,summoner-40758939,629,Dgkano,Master,28,104,,231,207
629,summoner-77350765,630,Zentinel,Master,28,60,,88,63
630,summoner-32016710,631,Noobkiller291,Master,27,111,,275,260
631,summoner-24292975,632,CHOKE ME 002,Master,27,78,,268,218
632,summoner-20414291,633,Protòtype,Master,44,162,,827,783
633,summoner-20813251,634,Moelester Squad,Master,26,110,,373,355
634,summoner-75169605,635,twitchtv Eoba,Master,26,58,,134,98
635,summoner-27476501,636,Joju,Master,24,134,,453,436
636,summoner-75209208,637,Purrple Socks,Master,24,100,,364,337
637,summoner-38089165,638,SETNAVREC,Master,24,100,,235,211
638,summoner-43083155,639,Meals,Master,24,85,,112,83
639,summoner-21728063,640,tebomb2,Master,24,43,,58,27
640,summoner-82759189,641,Mar de Copas,Master,23,93,,294,278
641,summoner-35570736,642,camtheham,Master,23,72,,157,130
642,summoner-87639506,643,LOLOLOLOLOL,Master,23,49,,110,84
643,summoner-39574816,644,Joe Dredd,Master,21,64,,195,161
644,summoner-20159275,645,Pyroen,Master,2,115,,372,347
645,summoner-34865135,646,Tadae,Master,20,91,,248,211
646,summoner-21289125,647,Łast Hit,Master,20,100,,135,109
647,summoner-22129599,648,pick lulu or int,Master,20,40,,91,43
648,summoner-34563833,649,Clasiik,Master,19,125,,406,380
649,summoner-19068435,650,Midorima,Master,1,130,,485,469
650,summoner-88069141,651,DURA REMIX,Master,18,113,,405,380
651,summoner-20032190,652,VanillaHomocide,Master,18,136,,245,219
652,summoner-67872603,653,Kailhua,Master,18,81,,160,134
653,summoner-94390722,654,lobzik005,Master,18,49,,106,61
654,summoner-48443712,655,ChaosRain,Master,17,129,,475,450
655,summoner-43774722,656,Nathaniel Mcgee,Master,16,108,,274,248
656,summoner-31291239,657,Akeelo,Master,16,67,,164,135
657,summoner-27211338,658,lorenzofast,Master,16,114,,144,117
658,summoner-30184991,659,Big Daddy Ed,Master,15,120,,649,620
659,summoner-58608963,660,My First Love,Master,13,121,,155,131
660,summoner-265174,661,Thien Chau1,Master,12,79,,297,272
661,summoner-47692546,662,HumanCentipedes,Master,12,75,,207,188
662,summoner-50983694,663,OpenBaepack,Master,12,59,,122,91
663,summoner-23479635,664,NoahMost,Master,12,78,,107,80
664,summoner-85640077,665,LeEpicMemerino,Master,11,97,,266,246
665,summoner-19979867,666,boom u dead,Master,10,87,,154,121
666,summoner-46702979,667,Redrouger,Master,9,129,,459,414
667,summoner-32627897,668,Potty,Master,9,111,,314,282
668,summoner-34109087,669,Rem,Master,9,83,,194,173
669,summoner-45795786,670,Veiv,Master,7,138,,481,452
670,summoner-30709643,671,Jazzawhitz,Master,7,54,,107,78
671,summoner-29535209,672,A Good Sir,Master,6,79,,142,119
672,summoner-67089674,673,DLQQ 459680082,Master,6,48,,117,84
673,summoner-89060974,674,uninspired tool,Master,6,47,,85,57
674,summoner-23773443,675,cob68,Master,5,138,,595,565
675,summoner-30307001,676,Turc,Master,5,85,,197,181
676,summoner-52371378,677,Shajae,Master,4,175,,706,683
677,summoner-43690919,678,P1atypus,Master,0,140,,477,460
678,summoner-20559843,679,Tol Ko Russkiy,Master,19,109,,207,172
679,summoner-19806051,680,Str1fe,Master,2,89,,177,164
680,summoner-54872610,681,ColtonsACutieUwU,Master,1,105,,332,297
681,summoner-21629269,682,Beny,Master,1,60,,140,115
682,summoner-53310208,683,JUYOUSO,Master,0,196,,1094,1026
683,summoner-89259101,684,SON OF KILLY,Master,0,115,,557,533
684,summoner-20794181,685,vStarzzz,Master,0,119,,480,460
685,summoner-45668239,686,KillerUnit,Master,0,136,,451,436
686,summoner-45101564,687,dmario7,Master,0,87,,451,429
687,summoner-22192687,688,Gweiss,Master,0,155,,451,439
688,summoner-39833053,689,Chase Kip,Master,0,139,,391,366
689,summoner-35261170,690,DoughnutDrew,Master,0,129,,356,339
690,summoner-23679160,691,Barry Buggles,Master,0,127,,356,322
691,summoner-32360751,692,Frostynomad,Master,0,93,,355,337
692,summoner-27664334,693,Rëol,Master,0,100,,330,306
693,summoner-31209421,694,Captain Nuke,Master,0,87,,310,294
694,summoner-25354620,695,Do u kno da whey,Master,0,77,,307,282
695,summoner-20350623,696,Guess da number,Master,0,94,,295,275
696,summoner-42239629,697,NoticedMeSenpai,Master,0,111,,283,260
697,summoner-81685036,698,TWTV donmatlol,Master,0,77,,278,251
698,summoner-31233054,699,THE Jons,Master,0,90,,271,249
699,summoner-44116382,700,7500dollar,Master,0,72,,255,182
700,summoner-76463232,701,CLG Ravey,Master,0,72,,252,229
701,summoner-50731308,702,ShrektangIe,Master,0,95,,231,197
702,summoner-28640868,703,PandaSean,Master,0,83,,224,183
703,summoner-28879653,704,Fiddle Jungle,Master,0,84,,222,198
704,summoner-20832166,705,Chubymonkey,Master,0,78,,217,194
705,summoner-59991269,706,Neko Nico Nii,Master,0,61,,211,171
706,summoner-47772583,707,A Noisy Aunt,Master,0,93,,192,159
707,summoner-35219566,708,Inteare hasta D5,Master,0,63,,182,168
708,summoner-48310516,709,Pyeong Chang,Master,0,74,,174,145
709,summoner-89039212,710,Internecinus,Master,0,231,,174,129
710,summoner-39181040,711,DorkLS,Master,0,96,,160,136
711,summoner-39642481,712,Beyoutiful,Master,0,128,,153,134
712,summoner-49159160,713,Søren Bjerg,Master,0,63,,153,119
713,summoner-94849180,714,Ryleo,Master,0,49,,144,88
714,summoner-39480396,715,A Ganker,Master,0,82,,138,111
715,summoner-25599243,716,WsT Goxtry,Master,19,69,,135,118
716,summoner-34665452,717,Tomoebi,Master,0,106,,132,106
717,summoner-45660180,718,Horseie,Master,0,68,,130,103
718,summoner-20755388,719,TFW Shupian,Master,0,69,,126,89
719,summoner-23450268,720,GTL,Master,0,72,,126,88
720,summoner-35798660,721,Plabatey,Master,0,90,,118,96
721,summoner-45000894,722,k2c,Master,0,57,,116,96
722,summoner-85660385,723,mental boomin,Master,0,45,,113,84
723,summoner-375919,724,toez,Master,0,53,,108,92
724,summoner-50208688,725,TC porsche,Master,0,104,,108,70
725,summoner-22922261,726,yak0,Master,0,60,,104,84
726,summoner-55619439,727,Melyn,Master,0,55,,100,74
727,summoner-89259289,728,Bobbyˉ,Master,0,124,,100,74
728,summoner-44512813,729,Nickchiponfire,Master,0,124,,91,63
729,summoner-24741016,730,L9B,Master,0,40,,84,45
730,summoner-21957142,731,dog2 mf,Master,0,41,,81,51
731,summoner-21127439,732,Sprusse,Master,0,92,,79,61
732,summoner-20131827,733,Frostalicious,Master,0,60,,77,56
733,summoner-564332,734,wow nice meta,Master,0,40,,76,35
734,summoner-36448225,735,gnarlysoup,Master,0,39,,65,21
735,summoner-19647481,736,Rathma,Master,0,68,,61,34
736,summoner-79940819,737,ps 01,Diamond 1,100,102,,489,468
737,summoner-24762213,738,Devolve,Diamond 1,100,127,,378,324
738,summoner-32355,739,AquaBlue,Diamond 1,100,109,,375,353
739,summoner-20227573,740,BukZacH,Diamond 1,85,96,,361,346
740,summoner-47219230,741,Hi im Trixter,Diamond 1,100,95,,344,321
741,summoner-29602532,742,CoreTienZ,Diamond 1,100,109,,337,319
742,summoner-20510650,743,oO Scorpz Oo,Diamond 1,100,95,,323,296
743,summoner-20037104,744,ShizzleD94,Diamond 1,100,76,,298,273
744,summoner-21998704,745,Birds cant fly,Diamond 1,100,102,,294,270
745,summoner-20139406,746,Marshed,Diamond 1,100,142,,282,257
746,summoner-19161840,747,Arthin,Diamond 1,100,143,,269,247
747,summoner-53152792,748,The Crab Hunter,Diamond 1,100,103,,242,216
748,summoner-35095512,749,Enrique5pe,Diamond 1,100,76,,241,212
749,summoner-40036262,750,TF Blade,Diamond 1,100,72,,241,185
750,summoner-50791128,751,Zahnet,Diamond 1,100,99,,213,188
751,summoner-446965,752,Ablazeolive,Diamond 1,100,72,,194,166
752,summoner-19838545,753,Moontail,Diamond 1,100,59,,183,141
753,summoner-19969614,754,ExecutionerK,Diamond 1,100,58,,140,119
754,summoner-21705406,755,Link,Diamond 1,100,57,,127,100
755,summoner-43197599,756,Sharp and Cold,Diamond 1,100,46,,124,66
756,summoner-39630512,757,davidroo,Diamond 1,100,77,,118,96
757,summoner-93269098,758,decentplayer53,Diamond 1,100,46,,117,86
758,summoner-40017716,759,Choisix,Diamond 1,100,58,,114,84
759,summoner-19128116,760,yade or yade,Diamond 1,100,63,,101,80
760,summoner-24934464,761,5 Stacks GG,Diamond 1,86,61,,96,73
761,summoner-24509336,762,Spect,Diamond 1,100,63,,79,57
762,summoner-34753465,763,Ayukura,Diamond 1,100,48,,78,57
763,summoner-20678849,764,I onIy Top,Diamond 1,100,65,,75,56
764,summoner-48991794,765,Jas,Diamond 1,100,45,,72,46
765,summoner-95139141,766,eydflt,Diamond 1,100,39,,69,45
766,summoner-536071,767,StarWhale,Diamond 1,100,40,,54,24
767,summoner-44989337,768,C9 Gun,Diamond 1,100,41,,45,17
768,summoner-24237029,769,im Ahj,Diamond 1,81,114,,347,315
769,summoner-38384984,770,Ez Tangerine,Diamond 1,99,79,,248,215
770,summoner-38911306,771,NotBaka,Diamond 1,98,90,,292,270
771,summoner-141846,772,illlllliiiiiiii,Diamond 1,98,52,,190,140
772,summoner-32319695,773,Äye,Diamond 1,97,68,,161,42
773,summoner-81859385,774,Ineedtogetbetter,Diamond 1,97,66,,132,111
774,summoner-20203681,775,JoopsaKid,Diamond 1,97,68,,130,105
775,summoner-47189094,776,Aconda,Diamond 1,97,83,,66,44
776,summoner-19882392,777,Itsfwii,Diamond 1,97,45,,63,37
777,summoner-19592869,778,zhúang,Diamond 1,95,70,,143,125
778,summoner-23556001,779,PandaBaozi,Diamond 1,95,72,,135,114
779,summoner-19453586,780,Im so nusty,Diamond 1,95,62,,130,104
780,summoner-34057485,781,Routé,Diamond 1,94,73,,58,42
781,summoner-64972786,782,Day 31,Diamond 1,93,99,,270,240
782,summoner-20611031,783,An Obese Panda,Diamond 1,100,98,,127,112
783,summoner-25402474,784,Rainier S,Diamond 1,92,98,,477,443
784,summoner-81051962,785,roguebunny0,Diamond 1,92,116,,239,188
785,summoner-34603011,786,Aavhin,Diamond 1,92,98,,136,111
786,summoner-27749700,787,Múté,Diamond 1,91,56,,118,85
787,summoner-19804632,788,Forest Within,Diamond 1,90,83,,428,355
788,summoner-24879976,789,iNerto,Diamond 1,90,87,,426,363
789,summoner-25119283,790,Donmat,Diamond 1,90,104,,322,304
790,summoner-20262759,791,Enryoo,Diamond 1,90,88,,284,256
791,summoner-21623482,792,raroraro,Diamond 1,90,101,,248,215
792,summoner-20024227,793,Romanium,Diamond 1,90,94,,238,220
793,summoner-76602920,794,Snackbar123,Diamond 1,90,78,,210,187
794,summoner-89579226,795,Zarashii,Diamond 1,90,81,,148,110
795,summoner-24550000,796,TherapyTrance,Diamond 1,90,54,,140,117
796,summoner-37356075,797,mac diller,Diamond 1,90,69,,131,105
797,summoner-42762376,798,peaceminusøne,Diamond 1,90,63,,115,75
798,summoner-20785373,799,top lane eboy,Diamond 1,90,56,,112,87
799,summoner-40938801,800,ioan,Diamond 1,90,92,,103,89
800,summoner-21238911,801,Sickoscott,Diamond 1,90,46,,99,75
801,summoner-39028853,802,Kaipop,Diamond 1,90,71,,91,62
802,summoner-22190336,803,Zenoncas,Diamond 1,90,59,,89,68
803,summoner-32459532,804,Cárpe Diem,Diamond 1,90,60,,83,69
804,summoner-34771983,805,Diivinity,Diamond 1,90,48,,78,58
805,summoner-95190847,806,Rist,Diamond 1,90,37,,77,34
806,summoner-460518,807,Holy Serenity,Diamond 1,90,51,,72,49
807,summoner-65239176,808,Sejanus,Diamond 1,90,67,,45,20
808,summoner-91492050,809,boosted to d5,Diamond 1,89,96,,446,399
809,summoner-76939686,810,bão zi,Diamond 1,89,122,,115,76
810,summoner-93731193,811,NILES 1V9,Diamond 1,89,43,,100,52
811,summoner-64199965,812,Youuuuuuuuuuuuu,Diamond 1,89,66,,86,60
812,summoner-19661419,813,HoloLO2,Diamond 1,72,42,,81,41
813,summoner-34983603,814,Licorice,Diamond 1,89,68,,71,57
814,summoner-25880450,815,Dreamland,Diamond 1,88,81,,166,138
815,summoner-30622607,816,Z9 Bánh Tiêu,Diamond 1,88,103,,111,92
816,summoner-20429469,817,Adrian Riven,Diamond 1,87,112,,355,323
817,summoner-19723788,818,Mozzyy,Diamond 1,87,107,,352,328
818,summoner-46316160,819,yandere suzy,Diamond 1,87,65,,225,199
819,summoner-21701239,820,bobqinXD,Diamond 1,87,57,,132,113
820,summoner-90679261,821,bagelbrother71,Diamond 1,70,64,,75,53
821,summoner-21214027,822,Shawner,Diamond 1,68,109,,198,182
822,summoner-21861110,823,TyÌer,Diamond 1,86,76,,119,92
823,summoner-60720984,824,Yîkês,Diamond 1,85,106,,258,180
824,summoner-53094540,825,Notzu,Diamond 1,85,144,,179,159
825,summoner-92979098,826,iam THATT,Diamond 1,85,35,,50,26
826,summoner-35368931,827,2K games jungler,Diamond 1,84,177,,1062,1027
827,summoner-40242205,828,Shalissa,Diamond 1,84,105,,350,323
828,summoner-37827053,829,KiNG Nidhogg,Diamond 1,84,83,,179,160
829,summoner-42172450,830,Williammm,Diamond 1,84,90,,129,110
830,summoner-78593412,831,MelonMan32,Diamond 1,84,48,,121,85
831,summoner-23296106,832,Recommisioner,Diamond 1,84,51,,94,68
832,summoner-36761613,833,walang elo,Diamond 1,83,88,,258,243
833,summoner-43235320,834,Rocket Rhino,Diamond 1,83,115,,251,233
834,summoner-37327350,835,Bryce Walker,Diamond 1,83,42,,118,65
835,summoner-168921,836,sakurafloret,Diamond 1,83,47,,117,75
836,summoner-75949134,837,go barpo,Diamond 1,83,47,,111,80
837,summoner-47564545,838,North KR Veigar,Diamond 1,83,44,,84,48
838,summoner-69669605,839,VCc,Diamond 1,82,132,,294,259
839,summoner-32936139,840,núb,Diamond 1,81,103,,394,369
840,summoner-19594516,841,Tainted By LoL,Diamond 1,81,94,,305,285
841,summoner-90143499,842,Optimal gameplay,Diamond 1,81,83,,230,168
842,summoner-67019274,843,o Cero o,Diamond 1,80,67,,138,112
843,summoner-46127893,844,NoMercy,Diamond 1,80,46,,89,73
844,summoner-83077100,845,Šmurƒ,Diamond 1,79,71,,139,124
845,summoner-76190053,846,Muting You,Diamond 1,79,117,,99,66
846,summoner-39174856,847,Eoba,Diamond 1,78,92,,281,263
847,summoner-69000521,848,Koreas Dog,Diamond 1,78,49,,155,114
848,summoner-34243185,849,Volt,Diamond 1,78,121,,103,59
849,summoner-90812124,850,Hmmmmmmmmmmmmmm,Diamond 1,77,89,,383,327
850,summoner-60181263,851,MaRiTiMuS,Diamond 1,77,105,,276,255
851,summoner-90241774,852,burn btches,Diamond 1,77,62,,176,140
852,summoner-24980187,853,Crynopsa,Diamond 1,77,115,,143,114
853,summoner-28501854,854,Shmeeblez,Diamond 1,77,63,,121,101
854,summoner-22434579,855,Ensign Ledo,Diamond 1,76,161,,426,423
855,summoner-30453138,856,topsologg,Diamond 1,76,123,,381,362
856,summoner-47812413,857,WatermelonWombat,Diamond 1,76,88,,299,232
857,summoner-32381672,858,Måra,Diamond 1,76,120,,117,93
858,summoner-27726049,859,Methazine,Diamond 1,76,36,,58,14
859,summoner-88490180,860,Sophist Ságe,Diamond 1,75,124,,717,679
860,summoner-22328535,861,PrabhablyShaco,Diamond 1,75,118,,477,450
861,summoner-92949232,862,L 5 22 9,Diamond 1,75,92,,475,416
862,summoner-50668976,863,WhyzEStealZ,Diamond 1,75,91,,422,389
863,summoner-23480550,864,Yammy,Diamond 1,75,116,,343,320
864,summoner-36388055,865,Curtains,Diamond 1,75,108,,331,317
865,summoner-30045762,866,Kumo9,Diamond 1,75,93,,320,290
866,summoner-72409957,867,Galalalalalalala,Diamond 1,75,87,,302,264
867,summoner-19259932,868,Geranimo,Diamond 1,75,89,,280,250
868,summoner-20202108,869,CLA Tuesday,Diamond 1,75,72,,274,270
869,summoner-78670850,870,twtv Lohpally,Diamond 1,75,85,,272,249
870,summoner-74673,871,NintendudeX,Diamond 1,75,72,,270,250
871,summoner-50877721,872,Doubtfull,Diamond 1,75,81,,262,230
872,summoner-66659941,873,From Zero,Diamond 1,75,74,,261,225
873,summoner-35129076,874,Failattempts,Diamond 1,75,110,,238,111
874,summoner-90043610,875,Bebop Robopop,Diamond 1,75,66,,230,170
875,summoner-93529573,876,midIane hokage,Diamond 1,75,59,,218,154
876,summoner-48361472,877,awestruck,Diamond 1,75,69,,218,186
877,summoner-58613779,878,Organ,Diamond 1,75,71,,206,186
878,summoner-24853635,879,unfail,Diamond 1,75,79,,205,174
879,summoner-24777351,880,LMQ tc Mor,Diamond 1,75,93,,205,171
880,summoner-77549273,881,Top 1 Percent,Diamond 1,75,61,,203,157
881,summoner-26051120,882,Modx,Diamond 1,75,70,,202,177
882,summoner-36484792,883,TwitchTV Hesper,Diamond 1,75,97,,196,168
883,summoner-22870365,884,Kékvin,Diamond 1,75,88,,195,164
884,summoner-72411076,885,Kobe Brýant,Diamond 1,75,70,,188,168
885,summoner-30972130,886,Yamikaze,Diamond 1,75,92,,175,137
886,summoner-79249642,887,pls notice me,Diamond 1,75,59,,174,131
887,summoner-20056332,888,Lerky,Diamond 1,75,81,,173,134
888,summoner-35415473,889,Yamíkaze,Diamond 1,75,61,,166,130
889,summoner-90391509,890,KING GEEDØRAH,Diamond 1,75,53,,156,120
890,summoner-57029179,891,HotGuy6Pack,Diamond 1,75,51,,148,103
891,summoner-92659419,892,Spaghettibud9,Diamond 1,75,48,,148,118
892,summoner-68603405,893,Keegun,Diamond 1,75,52,,147,129
893,summoner-40272268,894,cackgod,Diamond 1,75,52,,144,118
894,summoner-90331209,895,La Voix Junior,Diamond 1,75,66,,136,95
895,summoner-56901374,896,YIlIlIlIlI,Diamond 1,75,63,,135,92
896,summoner-19224197,897,Sothis,Diamond 1,75,48,,135,100
897,summoner-76379684,898,MØNG GUU,Diamond 1,75,57,,134,112
898,summoner-37832463,899,Eitori,Diamond 1,75,66,,133,112
899,summoner-38286837,900,lCANTFEELMYFACE,Diamond 1,75,55,,129,96
900,summoner-60100307,901,The Sõul,Diamond 1,75,188,,122,69
901,summoner-96202,902,no talk player,Diamond 1,75,45,,121,79
902,summoner-19689584,903,TCLB Zaıven,Diamond 1,75,44,,118,65
903,summoner-22014010,904,Manifest,Diamond 1,75,55,,113,86
904,summoner-20909540,905,Susskind,Diamond 1,75,111,,112,91
905,summoner-292926,906,Super Metroid,Diamond 1,75,46,,110,88
906,summoner-65202347,907,missing him,Diamond 1,75,52,,110,78
907,summoner-20598223,908,EloDaddy 5foot6,Diamond 1,75,85,,104,74
908,summoner-87002706,909,Zheng Jiale,Diamond 1,75,64,,104,64
909,summoner-90033335,910,Chody,Diamond 1,75,42,,103,53
910,summoner-83280766,911,Ogilos,Diamond 1,75,52,,100,67
911,summoner-94912080,912,Makou,Diamond 1,75,41,,96,46
912,summoner-20602165,913,Lets Win This,Diamond 1,75,73,,93,71
913,summoner-48031860,914,GeneralChiefy,Diamond 1,75,51,,92,72
914,summoner-56497084,915,FrostForest,Diamond 1,75,89,,89,72
915,summoner-89241712,916,AR suppressor,Diamond 1,75,51,,89,60
916,summoner-41212309,917,Ineffabilis,Diamond 1,75,43,,84,43
917,summoner-94869407,918,TacticalBaconz,Diamond 1,75,41,,79,35
918,summoner-93630935,919,Wanhëda,Diamond 1,75,41,,68,28
919,summoner-38777079,920,Camp Out,Diamond 1,75,99,,67,49
920,summoner-95439135,921,IIIIlllIIllI,Diamond 1,75,38,,65,44
921,summoner-22277779,922,G U CK F O S U,Diamond 1,75,39,,64,28
922,summoner-46239231,923,Hyorimaru,Diamond 1,75,47,,64,36
923,summoner-24390734,924,yrots das,Diamond 1,75,47,,60,36
924,summoner-21207070,925,Oh Nowen,Diamond 1,74,107,,273,229
925,summoner-64825900,926,wet noodIe fight,Diamond 1,74,44,,77,57
926,summoner-35530571,927,Must be níce,Diamond 1,74,85,,54,37
927,summoner-32423195,928,JUST A LEGEND123,Diamond 1,73,84,,239,217
928,summoner-38780657,929,Freeverse,Diamond 1,73,94,,186,165
929,summoner-25851366,930,Arbez,Diamond 1,73,84,,177,151
930,summoner-29360758,931,Fwiendly Whyin,Diamond 1,73,83,,147,119
931,summoner-50392032,932,Requital,Diamond 1,73,62,,137,113
932,summoner-27798233,933,Just Jayce,Diamond 1,72,66,,176,150
933,summoner-37475736,934,WickedWazer,Diamond 1,72,73,,173,140
934,summoner-32701496,935,Emphasis,Diamond 1,72,74,,155,127
935,summoner-39877990,936,LoNeLy Noo,Diamond 1,72,94,,141,121
936,summoner-38862851,937,ClamSparkle,Diamond 1,72,58,,117,92
937,summoner-30987150,938,WakaWakaMF,Diamond 1,72,69,,100,80
938,summoner-34469182,939,nbzoJ98LeiA,Diamond 1,72,56,,100,77
939,summoner-21645177,940,Ricominciare,Diamond 1,72,49,,88,50
940,summoner-39760302,941,CoolE,Diamond 1,71,112,,344,325
941,summoner-30563611,942,Chou Tzuyuu,Diamond 1,71,163,,325,312
942,summoner-44076143,943,Aetherax,Diamond 1,71,119,,258,232
943,summoner-43259524,944,Kzykendy,Diamond 1,71,97,,242,219
944,summoner-51289083,945,Babylola,Diamond 1,71,80,,233,213
945,summoner-21836856,946,xFSN Rin,Diamond 1,71,72,,198,182
946,summoner-35239901,947,p zips,Diamond 1,54,70,,185,167
947,summoner-51580106,948,1Self,Diamond 1,71,65,,185,157
948,summoner-40381228,949,IX VANQUISH,Diamond 1,71,68,,142,113
949,summoner-26379781,950,Sonny2o9,Diamond 1,71,90,,116,98
950,summoner-52436254,951,ShákaZulu,Diamond 1,70,101,,542,464
951,summoner-25328716,952,esrgjnkjnkbdfdsg,Diamond 1,70,103,,427,413
952,summoner-91969888,953,I Cook You Pay,Diamond 1,70,70,,199,144
953,summoner-58421117,954,Shroudedd,Diamond 1,70,69,,170,157
954,summoner-39709909,955,Breezyyy,Diamond 1,70,85,,161,137
955,summoner-30099707,956,Kuderic,Diamond 1,70,81,,121,91
956,summoner-32929410,957,Lord Zxyc,Diamond 1,70,105,,116,95
957,summoner-20082683,958,Quantum Fizzics,Diamond 1,70,49,,95,79
958,summoner-24588334,959,Venusaur,Diamond 1,70,74,,61,43
959,summoner-23202624,960,METAL CHOCOB0,Diamond 1,69,85,,235,208
960,summoner-68779112,961,tubby boy,Diamond 1,69,113,,164,142
961,summoner-92539882,962,Kaisa player1,Diamond 1,88,45,,145,90
962,summoner-54963047,963,I Keep It Taco,Diamond 1,69,92,,102,86
963,summoner-89231945,964,ozkai47461,Diamond 1,68,172,,859,835
964,summoner-25312572,965,a Pokeball,Diamond 1,68,130,,471,448
965,summoner-20420483,966,ecco,Diamond 1,68,123,,365,351
966,summoner-88069178,967,Sense2lol TwTV,Diamond 1,68,69,,208,188
967,summoner-19350906,968,Keen,Diamond 1,50,76,,161,141
968,summoner-5908,969,Dyrus,Diamond 1,68,74,,156,133
969,summoner-68469260,970,B0dydrop,Diamond 1,68,56,,99,70
970,summoner-35021554,971,Yuki Bunny,Diamond 1,68,126,,84,65
971,summoner-37152831,972,On My Ping,Diamond 1,68,100,,478,448
972,summoner-23839871,973,Riot Xyrox,Diamond 1,67,77,,272,243
973,summoner-31644236,974,Hyz,Diamond 1,67,78,,226,209
974,summoner-59549889,975,TCLB Emperor,Diamond 1,67,46,,148,65
975,summoner-88379903,976,RNG Nebee,Diamond 1,67,64,,141,112
976,summoner-25888946,977,Galalalalalala,Diamond 1,67,67,,131,95
977,summoner-29174723,978,Maritzol,Diamond 1,67,87,,85,60
978,summoner-60269974,979,Locs,Diamond 1,67,94,,74,52
979,summoner-19812679,980,Lava,Diamond 1,66,130,,440,441
980,summoner-52282689,981,Çhançe,Diamond 1,100,114,,292,247
981,summoner-92659336,982,makedpgreatagain,Diamond 1,66,74,,280,253
982,summoner-20774944,983,Renai Kinshi,Diamond 1,65,113,,308,294
983,summoner-31709774,984,Encouragement,Diamond 1,65,66,,278,225
984,summoner-47547430,985,CallMeExiled,Diamond 1,65,95,,278,259
985,summoner-40889526,986,canadia2,Diamond 1,65,84,,272,248
986,summoner-26786246,987,Dawn Bréak,Diamond 1,65,72,,194,169
987,summoner-50229422,988,Mercury,Diamond 1,65,85,,145,128
988,summoner-25409596,989,CabraSafado,Diamond 1,65,58,,120,111
989,summoner-41668518,990,Erick Dota,Diamond 1,64,181,,804,779
990,summoner-53026797,991,Jayton,Diamond 1,81,143,,469,451
991,summoner-42815012,992,omg its snowing,Diamond 1,64,62,,183,166
992,summoner-91633366,993,RF Legendaddy,Diamond 1,64,57,,144,114
993,summoner-47341010,994,MUEDQQ,Diamond 1,64,98,,119,91
994,summoner-23544332,995,ADC Singed,Diamond 1,64,59,,115,82
995,summoner-35024547,996,MIKEYXD,Diamond 1,64,86,,113,92
996,summoner-83921258,997,Meltingcloth tv,Diamond 1,64,54,,79,53
997,summoner-23945531,998,hawaiifishmaster,Diamond 1,64,45,,75,45
998,summoner-24817810,999,Sílent,Diamond 1,48,67,,65,37
999,summoner-49389151,1000,Bíshop,Diamond 1,71,113,,393,350
