#timestamp 1529852445864
#date 2018-06-24T15:00:45+00:00
#players 1000
#index,id,rank,name,tier,lp,level,proTeam,win,loss
0,summoner-11460164,1,BMR TIger987,Challenger,1221,97,,339,288
1,summoner-12190942,2,MMM REMIND,Challenger,1208,47,,144,90
2,summoner-11460126,3,BMR Sleeping,Challenger,1136,100,,311,269
3,summoner-11350137,4,Lakiaro,Challenger,1028,49,,134,87
4,summoner-11360138,5,Monkey D Ryoma,Challenger,1022,59,,197,150
5,summoner-11370132,6,sp18,Challenger,1011,53,,176,130
6,summoner-473922,7,Phantiksˉ,Challenger,1005,48,,139,94
7,summoner-2651026,8,NishiZhuma,Challenger,978,57,,186,130
8,summoner-297478,9,weixin s5683169,Challenger,958,72,,189,134
9,summoner-4380973,10,Phantiks OuO,Challenger,924,64,,162,126
10,summoner-1530604,11,ORD Ming,Challenger,915,74,,195,144
11,summoner-381031,12,AresXd,Challenger,876,48,,118,75
12,summoner-274464,13,Phantiks,Challenger,833,47,,128,89
13,summoner-5895478,14,Monkey D Mitch,Challenger,819,64,,189,146
14,summoner-890259,15,Shok,Challenger,816,91,,221,190
15,summoner-229825,16,Apink Bomi2,Challenger,796,66,,207,175
16,summoner-444311,17,SSG Decoy,Challenger,776,72,,137,110
17,summoner-233854,18,Gðku,Challenger,766,70,,188,158
18,summoner-3150942,19,QQ854166019,Challenger,763,88,,353,313
19,summoner-929978,20,Fudge,Challenger,733,119,,439,408
20,summoner-5935237,21,Gon123,Challenger,721,75,,288,252
21,summoner-10811838,22,Babo Beongsin JH,Challenger,719,62,,97,67
22,summoner-11350138,23,ORD Swiffer,Challenger,697,64,,235,195
23,summoner-493127,24,Eyla,Challenger,709,98,,169,146
24,summoner-735088,25,tlxjkgcpl17717,Challenger,685,70,,220,187
25,summoner-952670,26,Praelus,Challenger,681,85,,184,158
26,summoner-10061365,27,EMP Chazz,Challenger,680,63,,194,157
27,summoner-11370136,28,ˆˉˇˉ,Challenger,650,42,,89,53
28,summoner-303763,29,MAKE OUT HILLXXX,Challenger,633,80,,260,242
29,summoner-8010384,30,Guts,Challenger,629,124,,413,385
30,summoner-11360141,31,Rotomairewhenua,Challenger,627,64,,149,116
31,summoner-11360145,32,ORD Uzi,Challenger,620,50,,158,93
32,summoner-510102,33,obito1,Challenger,595,72,,244,218
33,summoner-620972,34,Better on Top,Challenger,593,100,,178,158
34,summoner-601923,35,INT Haeri,Challenger,588,122,,263,238
35,summoner-5910870,36,you will miss me,Challenger,584,66,,234,197
36,summoner-11350133,37,NMSLWSNDHJYZ,Challenger,570,49,,127,99
37,summoner-10071209,38,Ai no misete,Challenger,549,52,,136,105
38,summoner-432291,39,Sybol,Challenger,559,74,,194,174
39,summoner-456280,40,Terrath,Challenger,558,104,,280,241
40,summoner-571021,41,Wherearewe,Challenger,572,65,,175,150
41,summoner-316587,42,Praedvth,Challenger,552,86,,173,141
42,summoner-801178,43,Chippys,Challenger,543,63,,184,167
43,summoner-494121,44,ry0ma,Challenger,539,46,,118,82
44,summoner-578793,45,Coachboo,Challenger,530,74,,173,156
45,summoner-445723,46,Hotchelli,Challenger,512,92,,269,241
46,summoner-11690394,47,b1waC,Challenger,508,63,,219,165
47,summoner-483862,48,Cuden 1,Challenger,498,105,,212,197
48,summoner-991093,49,Jenkins,Challenger,479,134,,239,216
49,summoner-291848,50,Feint,Challenger,466,86,,193,173
50,summoner-5741616,51,Msituay,Challenger,464,53,,165,118
51,summoner-472833,52,siuman,Challenger,457,71,,232,214
52,summoner-2572199,53,41095,Challenger,451,87,,134,103
53,summoner-11970252,54,apiiii,Challenger,450,58,,180,126
54,summoner-1332943,55,Panda ouo,Challenger,449,75,,150,129
55,summoner-230726,56,BioPanther,Challenger,439,117,,170,157
56,summoner-4961001,57,alexxxxxx,Challenger,433,58,,132,106
57,summoner-564778,58,Omnî,Challenger,430,121,,611,600
58,summoner-11001000,59,BITCONNEEEEEEECT,Challenger,430,73,,190,134
59,summoner-11360144,60,Monkey Madness,Challenger,423,58,,193,172
60,summoner-569466,61,msdnb12 23 n1,Challenger,421,99,,347,333
61,summoner-8930124,62,LTZevil is back,Challenger,413,64,,98,76
62,summoner-507474,63,BeeShoe,Challenger,435,76,,238,205
63,summoner-301731,64,Mog,Challenger,408,114,,412,410
64,summoner-12130716,65,you a big sissy,Challenger,406,44,,120,71
65,summoner-239897,66,Getback,Challenger,387,126,,331,322
66,summoner-633527,67,Netsky,Challenger,404,79,,271,245
67,summoner-276531,68,Mihuhi,Challenger,384,111,,256,235
68,summoner-11370134,69,amok,Challenger,396,47,,108,93
69,summoner-3131580,70,Utopia,Challenger,394,111,,338,320
70,summoner-577995,71,Uther,Challenger,387,53,,95,70
71,summoner-724526,72,WÆN,Challenger,385,64,,157,107
72,summoner-232632,73,Cheezels,Challenger,383,83,,230,185
73,summoner-11370125,74,No Talent Player,Challenger,365,49,,130,110
74,summoner-9730774,75,w1ndzera234,Challenger,364,56,,142,115
75,summoner-5831171,76,KRdoink,Challenger,356,93,,139,118
76,summoner-276134,77,Zíppo,Challenger,351,140,,128,100
77,summoner-3560761,78,Small bubble,Challenger,351,72,,108,92
78,summoner-12240938,79,seo hanbit,Challenger,351,38,,57,28
79,summoner-11050315,80,GellyCub,Challenger,349,116,,383,363
80,summoner-8524790,81,Big Dobes,Challenger,343,71,,239,200
81,summoner-293743,82,Lily,Challenger,340,114,,344,320
82,summoner-2752573,83,retributionˉ,Challenger,336,63,,217,131
83,summoner-399995,84,Draqon,Challenger,323,98,,217,215
84,summoner-317688,85,Big Brain Wil,Challenger,321,89,,152,143
85,summoner-1891503,86,TheLilTeaPot,Challenger,319,70,,193,151
86,summoner-604210,87,e g ý m,Challenger,319,74,,184,169
87,summoner-311555,88,Vans,Challenger,315,103,,118,98
88,summoner-457370,89,Thiên,Challenger,312,132,,558,533
89,summoner-328401,90,Oikawa Tooru,Challenger,327,127,,208,191
90,summoner-11501277,91,EnterKeyRemoved,Challenger,310,70,,289,252
91,summoner-590799,92,BMR Seb,Challenger,310,90,,194,177
92,summoner-901128,93,Pengsing,Challenger,310,53,,138,112
93,summoner-6261249,94,remember when,Challenger,301,73,,148,95
94,summoner-508906,95,Plutó,Challenger,293,87,,193,160
95,summoner-11203083,96,RareSticks Clap,Challenger,292,62,,211,151
96,summoner-1394873,97,MR FAT PIG,Challenger,287,142,,353,331
97,summoner-456316,98,NMSL NiQueZaiBB,Challenger,283,43,,102,83
98,summoner-330947,99,gunkrab,Challenger,278,116,,399,390
99,summoner-490487,100,D1O,Challenger,278,55,,156,101
100,summoner-478475,101,mister f is back,Challenger,270,74,,265,197
101,summoner-279834,102,billy bong,Challenger,270,72,,202,170
102,summoner-7891163,103,AC HatsuyukiYumi,Challenger,270,49,,108,86
103,summoner-1592239,104,Pap,Challenger,268,119,,295,271
104,summoner-623208,105,Alto Angelo,Challenger,262,63,,112,89
105,summoner-558311,106,BeachWhale,Challenger,261,115,,348,322
106,summoner-4973029,107,HENRYJWATERNOOSE,Challenger,258,56,,104,92
107,summoner-6130376,108,Gonna slay u,Challenger,254,70,,176,120
108,summoner-644072,109,UDYSOF,Challenger,251,104,,313,307
109,summoner-233843,110,Dreamy Donut,Challenger,251,59,,211,183
110,summoner-664497,111,Zhengchao God,Challenger,248,51,,72,60
111,summoner-8611092,112,ITN Aladoric,Challenger,244,140,,465,460
112,summoner-670149,113,LaughingMan,Challenger,244,72,,154,130
113,summoner-408703,114,Bambi On Ice,Challenger,244,87,,126,108
114,summoner-445071,115,mattyg33,Challenger,243,132,,460,444
115,summoner-11720163,116,Arbitux,Challenger,242,88,,174,151
116,summoner-3710963,117,Ailuna,Challenger,241,50,,119,97
117,summoner-8521226,118,Dream111,Challenger,231,74,,243,211
118,summoner-1022808,119,LittlePapa,Challenger,223,75,,137,119
119,summoner-381426,120,Skellyy,Challenger,221,73,,237,172
120,summoner-563169,121,BMR Rosey,Challenger,221,65,,153,136
121,summoner-632903,122,PD AN,Challenger,220,66,,242,225
122,summoner-693842,123,Played,Challenger,218,73,,184,174
123,summoner-10890476,124,RèVelUvs,Challenger,214,101,,346,311
124,summoner-278781,125,Harrí,Challenger,214,154,,72,65
125,summoner-5451344,126,AwsomeSDevil,Challenger,212,102,,471,426
126,summoner-7890412,127,bojack ANU,Challenger,212,124,,444,408
127,summoner-481868,128,PowerfulUnicorn,Challenger,210,106,,156,134
128,summoner-328516,129,Sweety Spaghetti,Challenger,208,95,,320,300
129,summoner-1156907,130,1234hitdinosaur,Challenger,208,73,,203,188
130,summoner-463736,131,Farm,Challenger,207,66,,108,90
131,summoner-5031491,132,Dappa kappa,Challenger,207,116,,97,84
132,summoner-342457,133,Gbay99,Challenger,205,112,,267,250
133,summoner-11980148,134,Fei B ZuanShi,Challenger,205,146,,122,107
134,summoner-12080166,135,CommandAttack NA,Challenger,204,66,,223,211
135,summoner-1270780,136,qwerasdf1234zxct,Challenger,201,65,,211,164
136,summoner-3661252,137,Rédemption,Challenger,199,68,,172,160
137,summoner-4962426,138,Plummet,Challenger,199,86,,156,121
138,summoner-713688,139,Emphasis,Challenger,195,75,,124,108
139,summoner-11370128,140,Tijé,Challenger,190,49,,138,111
140,summoner-9101159,141,Just a game,Challenger,185,94,,440,405
141,summoner-1440378,142,LoneIy,Challenger,185,86,,213,184
142,summoner-439696,143,Xanquish,Challenger,185,77,,179,160
143,summoner-553889,144,Minkywhale,Challenger,183,104,,363,355
144,summoner-9660178,145,PurpleLamaGamer,Challenger,179,109,,353,304
145,summoner-5321182,146,WX a759514064,Challenger,179,41,,115,40
146,summoner-277786,147,Smeds,Challenger,172,124,,168,151
147,summoner-8891509,148,playlikefly,Challenger,172,75,,147,120
148,summoner-10061504,149,HTC GuaPi,Challenger,169,121,,446,423
149,summoner-631376,150,AV Jayke,Challenger,167,79,,194,192
150,summoner-11860179,151,RONAN,Challenger,166,62,,237,195
151,summoner-6821398,152,Prae1us,Challenger,166,64,,67,59
152,summoner-11781766,153,Johnber Gazua,Challenger,164,53,,125,76
153,summoner-236616,154,SulNix,Challenger,162,109,,349,336
154,summoner-7291918,155,LetTheGayGo,Challenger,162,75,,230,210
155,summoner-10951949,156,LilPump,Challenger,158,49,,135,98
156,summoner-455507,157,emelg,Challenger,157,116,,187,168
157,summoner-11890144,158,Evanescere,Challenger,156,39,,92,43
158,summoner-297107,159,Edna Krabappoly,Challenger,154,43,,104,89
159,summoner-235541,160,Kaýn,Challenger,154,98,,97,75
160,summoner-299446,161,Sam,Challenger,153,114,,201,195
161,summoner-4802261,162,Mashadar,Challenger,150,67,,108,89
162,summoner-231399,163,Zaptar,Challenger,148,124,,334,326
163,summoner-8201755,164,Katsurii,Challenger,148,87,,246,236
164,summoner-3665599,165,Dragonair,Challenger,148,56,,92,71
165,summoner-311290,166,Mian Mian,Challenger,147,48,,106,95
166,summoner-6381137,167,AresSigh,Challenger,147,42,,98,54
167,summoner-437165,168,Azus,Challenger,146,119,,399,382
168,summoner-240105,169,Cane Me Daddy,Challenger,145,57,,155,106
169,summoner-945177,170,smurfQ283490070,Challenger,144,95,,424,381
170,summoner-448934,171,permanent mute,Challenger,141,90,,166,155
171,summoner-2380423,172,Ayum1,Challenger,141,85,,107,79
172,summoner-352592,173,Daegu Venus,Challenger,138,65,,115,95
173,summoner-1333527,174,Him and I,Challenger,138,48,,104,86
174,summoner-1830141,175,kaios619,Challenger,137,69,,191,180
175,summoner-345665,176,Sizzle,Challenger,137,67,,186,165
176,summoner-7281092,177,Cuo,Challenger,136,51,,144,126
177,summoner-1892186,178,LGC Only,Challenger,136,74,,137,132
178,summoner-323313,179,Aware,Challenger,136,60,,80,67
179,summoner-484631,180,Oshino,Challenger,135,78,,215,177
180,summoner-2982057,181,Madmaximo,Challenger,134,138,,182,147
181,summoner-590866,182,WoYou Bu Luanlai,Challenger,133,60,,197,147
182,summoner-624689,183,Kurisutiiiina,Challenger,132,86,,213,203
183,summoner-531379,184,aaeer,Challenger,130,78,,233,221
184,summoner-6020977,185,DW k1ng,Challenger,130,37,,48,30
185,summoner-6690216,186,2017 07 07,Challenger,129,116,,139,124
186,summoner-8430194,187,RNG AI,Challenger,127,80,,75,64
187,summoner-222562,188,Morgank Freeman,Challenger,126,108,,164,147
188,summoner-357041,189,Incursio,Challenger,125,122,,398,383
189,summoner-8930255,190,Yün Chèung,Challenger,123,142,,299,274
190,summoner-577848,191,Countdown Timer,Challenger,123,63,,165,155
191,summoner-300609,192,BladeWristed,Challenger,123,60,,152,125
192,summoner-236630,193,Nomadic Jungler,Challenger,122,39,,67,44
193,summoner-11860960,194,trash canister,Challenger,120,70,,281,248
194,summoner-12320606,195,Bogoshipuhyo,Challenger,120,36,,45,30
195,summoner-3310720,196,Piggie,Challenger,112,73,,151,150
196,summoner-5381177,197,Mr floppy sock,Challenger,109,108,,464,453
197,summoner-3081213,198,MVP lan,Challenger,109,83,,186,179
198,summoner-464106,199,Magic McDull,Challenger,108,124,,376,370
199,summoner-237590,200,Tekker,Challenger,108,81,,170,163
200,summoner-587485,201,carb0n,Master,106,96,,345,339
201,summoner-405709,202,w1ndzera,Master,105,62,,118,100
202,summoner-280161,203,Mayura,Master,100,116,,357,350
203,summoner-236461,204,Dis,Master,99,105,,316,304
204,summoner-12510151,205,thgink99,Master,99,48,,153,124
205,summoner-891628,206,Karsa,Master,97,79,,231,226
206,summoner-9251514,207,dahaoshiwangzhe,Master,93,52,,139,105
207,summoner-557104,208,sh00zyz,Master,93,93,,97,82
208,summoner-293100,209,Jub Jub,Master,91,89,,273,275
209,summoner-775147,210,shui bu gou TuT,Master,91,112,,265,224
210,summoner-3072610,211,Gerissi,Master,83,63,,175,158
211,summoner-744422,212,Farmer,Master,81,92,,178,165
212,summoner-1250370,213,Akali or GG,Master,78,75,,242,235
213,summoner-11230285,214,slkjdf,Master,73,59,,205,171
214,summoner-2731428,215,ITN Fudge,Master,73,62,,180,133
215,summoner-626793,216,feifeiAAAAAA,Master,70,67,,133,96
216,summoner-4491948,217,DW SHERN1FIRE,Master,68,48,,111,71
217,summoner-6680397,218,Jungle is win,Master,65,65,,161,144
218,summoner-470295,219,Navi,Master,65,75,,146,106
219,summoner-8191549,220,Ahsilum,Master,64,69,,271,252
220,summoner-3802072,221,SolStar,Master,62,65,,75,49
221,summoner-356125,222,Newto,Master,61,87,,240,229
222,summoner-8050173,223,LGC Claire,Master,60,79,,73,69
223,summoner-12080136,224,PADO,Master,57,71,,138,56
224,summoner-221417,225,Chazz It Up,Master,55,61,,116,101
225,summoner-277034,226,Jolt,Master,73,105,,319,299
226,summoner-5201174,227,MasterGarenDimon,Master,54,81,,238,217
227,summoner-7621555,228,Katsuri,Master,53,61,,138,123
228,summoner-454494,229,Rêxx,Master,51,103,,143,96
229,summoner-747148,230,Anderu,Master,50,103,,153,146
230,summoner-272065,231,superwog1,Master,42,50,,91,83
231,summoner-481977,232,Tilterella,Master,41,74,,115,107
232,summoner-8371066,233,H4MMY,Master,38,98,,201,170
233,summoner-10570533,234,owowowowowowowow,Master,34,49,,102,50
234,summoner-11212045,235,Dekar The Rengar,Master,30,57,,168,117
235,summoner-11161564,236,JaIeeI,Master,29,50,,95,71
236,summoner-7130976,237,Animosityxx,Master,28,129,,141,144
237,summoner-567993,238,Chloe Burbank,Master,21,75,,71,59
238,summoner-8430364,239,Yaelay,Master,20,47,,116,104
239,summoner-6391346,240,kaiydo 2,Master,20,40,,74,30
240,summoner-490978,241,Taelen,Master,19,98,,395,366
241,summoner-443078,242,Pisang,Master,19,74,,296,256
242,summoner-4880235,243,bub,Master,19,54,,73,63
243,summoner-7050167,244,SìNNERS,Master,18,108,,178,167
244,summoner-852980,245,team bad me mad,Master,9,54,,155,122
245,summoner-501165,246,i looove aram,Master,8,65,,55,44
246,summoner-1280673,247,Qoobe,Master,4,73,,166,161
247,summoner-438257,248,ßlitzcrank,Master,3,57,,155,124
248,summoner-771385,249,Back To November,Master,2,76,,151,123
249,summoner-470404,250,BushyBooBoo,Master,0,162,,689,694
250,summoner-1750151,251,Tudo,Master,0,93,,231,226
251,summoner-10870678,252,Wìsh,Master,0,44,,90,73
252,summoner-3110212,253,DW Cupcake,Master,0,65,,90,78
253,summoner-10110125,254,Ding Hao Tian,Master,0,59,,79,42
254,summoner-302224,255,Midås,Master,0,66,,44,31
255,summoner-329397,256,G0V,Diamond 1,100,149,,466,461
256,summoner-3490137,257,brekfast,Diamond 1,100,95,,333,329
257,summoner-447401,258,Juhuakiller,Diamond 1,100,89,,226,214
258,summoner-4221919,259,TriHard 7,Diamond 1,100,54,,146,87
259,summoner-477410,260,Klaire,Diamond 1,100,53,,136,115
260,summoner-326206,261,Coach Curtis,Diamond 1,100,55,,118,103
261,summoner-690302,262,chf Leo,Diamond 1,100,55,,96,86
262,summoner-813780,263,Ionia,Diamond 1,100,67,,94,60
263,summoner-8562347,264,Micah,Diamond 1,100,42,,92,41
264,summoner-7631957,265,twitchtvPhantiks,Diamond 1,100,39,,70,42
265,summoner-11030157,266,NONO,Diamond 1,100,53,,70,26
266,summoner-9151665,267,BLACKPINK Róse,Diamond 1,100,42,,69,46
267,summoner-11350131,268,Senuc DIN,Diamond 1,100,39,,58,28
268,summoner-1321671,269,Giganaut,Diamond 1,100,74,,47,32
269,summoner-12330331,270,AV DarkSide,Diamond 1,100,35,,39,17
270,summoner-343682,271,Peasy,Diamond 1,99,121,,252,242
271,summoner-509185,272,Noob,Diamond 1,99,61,,167,141
272,summoner-407599,273,Shogun Altair,Diamond 1,96,80,,107,92
273,summoner-303883,274,c u soon,Diamond 1,95,88,,236,220
274,summoner-9330908,275,gucci flip fl0ps,Diamond 1,94,118,,392,387
275,summoner-1395519,276,BMR Looch,Diamond 1,93,88,,261,241
276,summoner-5943766,277,Hkbesttroll,Diamond 1,92,82,,187,181
277,summoner-8183067,278,Have Fun,Diamond 1,90,68,,141,126
278,summoner-5380334,279,YasuoHawkNz,Diamond 1,90,71,,108,96
279,summoner-482979,280,bombboy,Diamond 1,90,47,,36,26
280,summoner-9370914,281,pocketgirl,Diamond 1,90,53,,34,15
281,summoner-233863,282,Reminder,Diamond 1,89,98,,270,263
282,summoner-6410962,283,IlIlIlIlIlIlIll,Diamond 1,88,46,,68,56
283,summoner-11350140,284,cant remember,Diamond 1,85,48,,111,93
284,summoner-307081,285,BlueHawkNz,Diamond 1,85,49,,51,41
285,summoner-460937,286,Deztend,Diamond 1,84,103,,256,231
286,summoner-234403,287,THE SMORC BEAR,Diamond 1,84,64,,128,110
287,summoner-11260152,288,Phosphophylite,Diamond 1,84,48,,102,86
288,summoner-3262016,289,kind jungler,Diamond 1,81,44,,82,67
289,summoner-299452,290,Mikazuki,Diamond 1,78,71,,104,92
290,summoner-364454,291,Rage At LoL,Diamond 1,77,118,,205,168
291,summoner-336476,292,Tommy 2000,Diamond 1,77,61,,77,68
292,summoner-314888,293,JellyCub,Diamond 1,76,75,,267,267
293,summoner-9611699,294,good kid,Diamond 1,76,65,,172,169
294,summoner-3171338,295,weixin2285407603,Diamond 1,76,60,,171,163
295,summoner-8620524,296,Baeatrice,Diamond 1,76,61,,132,119
296,summoner-326444,297,Huey Dewey Louie,Diamond 1,75,144,,481,463
297,summoner-820884,298,Mur1m,Diamond 1,75,97,,345,330
298,summoner-741594,299,Kickback69,Diamond 1,75,68,,287,227
299,summoner-326064,300,Slayer,Diamond 1,75,83,,273,238
300,summoner-5171370,301,Hi I am Vince,Diamond 1,75,89,,213,196
301,summoner-1343871,302,POSSYM,Diamond 1,75,74,,210,182
302,summoner-492773,303,stop torture me,Diamond 1,75,66,,192,155
303,summoner-2600474,304,gg ff,Diamond 1,75,60,,183,149
304,summoner-9920508,305,M4A11111,Diamond 1,75,85,,178,145
305,summoner-10451585,306,20 Mins in Q,Diamond 1,75,64,,164,160
306,summoner-510010,307,Kimchiii,Diamond 1,75,78,,161,136
307,summoner-5943935,308,Azure,Diamond 1,75,107,,158,136
308,summoner-283402,309,Akeno,Diamond 1,75,97,,144,122
309,summoner-232475,310,Boss McNuggets,Diamond 1,75,75,,143,121
310,summoner-3162807,311,7425,Diamond 1,75,99,,130,111
311,summoner-11350126,312,8th place top,Diamond 1,75,49,,130,109
312,summoner-5310901,313,kaios19231230221,Diamond 1,75,96,,129,109
313,summoner-455477,314,Hold You Tight,Diamond 1,75,59,,118,94
314,summoner-8440977,315,Kohta,Diamond 1,75,64,,118,104
315,summoner-9050195,316,SKT,Diamond 1,75,75,,118,108
316,summoner-594237,317,Soulstrikes,Diamond 1,75,72,,117,111
317,summoner-1891528,318,Rank 1 MID,Diamond 1,75,45,,117,65
318,summoner-11941453,319,ecotoxic 4,Diamond 1,75,45,,112,85
319,summoner-324274,320,Kensen,Diamond 1,75,61,,108,85
320,summoner-12220760,321,Richard Soup,Diamond 1,75,43,,103,76
321,summoner-583483,322,Beaunivia,Diamond 1,75,74,,100,95
322,summoner-2351692,323,loveforever,Diamond 1,75,47,,99,60
323,summoner-8610762,324,clairo,Diamond 1,75,50,,89,72
324,summoner-3680308,325,Bma,Diamond 1,75,58,,88,82
325,summoner-636251,326,Swiffer,Diamond 1,75,56,,84,62
326,summoner-11131946,327,Once upon a time,Diamond 1,75,40,,83,56
327,summoner-9350340,328,Caithe,Diamond 1,75,49,,77,66
328,summoner-2171317,329,k1ng Cupcake,Diamond 1,75,40,,71,30
329,summoner-9800260,330,Irenaceus,Diamond 1,75,38,,70,34
330,summoner-2572995,331,Cupcake k1ng,Diamond 1,75,42,,68,33
331,summoner-900249,332,Tôi Là Thiên,Diamond 1,75,43,,63,45
332,summoner-1374113,333,Rukira,Diamond 1,75,113,,53,42
333,summoner-357181,334,Destinyy,Diamond 1,75,44,,43,35
334,summoner-333625,335,Margaret Mahy,Diamond 1,74,127,,119,98
335,summoner-7390819,336,ryujinokewokurae,Diamond 1,73,52,,114,101
336,summoner-10550824,337,Armless Autism,Diamond 1,72,61,,183,138
337,summoner-1530424,338,SCENAR1O,Diamond 1,72,56,,152,145
338,summoner-940870,339,poopi,Diamond 1,72,48,,43,23
339,summoner-434116,340,nooba,Diamond 1,71,49,,36,20
340,summoner-3553855,341,Shiloh,Diamond 1,69,134,,274,267
341,summoner-1903829,342,no hands btw,Diamond 1,69,66,,160,152
342,summoner-553896,343,Evilhag,Diamond 1,69,68,,44,39
343,summoner-448008,344,The Lee Sin,Diamond 1,68,66,,80,51
344,summoner-443126,345,Bahrewer,Diamond 1,67,114,,86,71
345,summoner-276609,346,ìcøn,Diamond 1,67,74,,76,75
346,summoner-11224170,347,TwitchTVLronwoif,Diamond 1,66,65,,186,150
347,summoner-237869,348,eezyarC toN,Diamond 1,64,136,,475,476
348,summoner-670511,349,Billythekidzz,Diamond 1,64,81,,132,123
349,summoner-774614,350,Love Mosquito,Diamond 1,64,88,,112,97
350,summoner-443775,351,RAISE UR DONGERZ,Diamond 1,64,42,,48,34
351,summoner-479574,352,Vivid,Diamond 1,64,82,,37,27
352,summoner-484507,353,Cheph,Diamond 1,63,107,,362,363
353,summoner-11250976,354,KR DOPA,Diamond 1,63,54,,111,71
354,summoner-9970922,355,Redemptionˉ,Diamond 1,63,47,,60,57
355,summoner-434399,356,Whimstaff,Diamond 1,62,49,,64,59
356,summoner-9840127,357,dailianjiahaoyou,Diamond 1,61,59,,219,200
357,summoner-406482,358,BADDiE,Diamond 1,61,70,,120,106
358,summoner-1872199,359,Arashi,Diamond 1,61,78,,59,48
359,summoner-10011928,360,DoochiWa,Diamond 1,60,63,,178,149
360,summoner-479438,361,Falkner,Diamond 1,60,96,,127,123
361,summoner-225340,362,Catch Me On Fire,Diamond 1,59,103,,427,420
362,summoner-234079,363,Top Lane Virgin,Diamond 1,59,47,,94,87
363,summoner-281754,364,Diamond 5,Diamond 1,58,99,,245,234
364,summoner-11060162,365,M1d hu,Diamond 1,57,74,,154,140
365,summoner-274320,366,Boosted Janna,Diamond 1,56,101,,74,71
366,summoner-402609,367,The Silent Voice,Diamond 1,55,76,,209,207
367,summoner-820889,368,4444441,Diamond 1,55,48,,132,46
368,summoner-436171,369,im LHao,Diamond 1,53,90,,274,243
369,summoner-288782,370,lil splash,Diamond 1,53,81,,213,209
370,summoner-393328,371,AuSNlPE,Diamond 1,53,56,,115,106
371,summoner-2431627,372,Blacksey,Diamond 1,53,106,,111,89
372,summoner-11065193,373,Prey Seeker,Diamond 1,53,48,,40,25
373,summoner-9030151,374,baxixiaoniu,Diamond 1,52,95,,419,406
374,summoner-238330,375,Koods,Diamond 1,50,122,,472,466
375,summoner-10970417,376,Felinnothair,Diamond 1,50,87,,399,362
376,summoner-283916,377,ecotoxic,Diamond 1,50,84,,299,304
377,summoner-6420316,378,4uu,Diamond 1,50,165,,215,167
378,summoner-511802,379,Callurjglertrash,Diamond 1,50,60,,215,187
379,summoner-220545,380,Frolloc,Diamond 1,50,152,,200,171
380,summoner-794192,381,Skyscorcher,Diamond 1,50,95,,184,168
381,summoner-277464,382,Kpooop,Diamond 1,50,73,,165,158
382,summoner-339515,383,Sheng Sheng,Diamond 1,50,52,,160,99
383,summoner-454805,384,RNG      MR E N,Diamond 1,50,54,,158,104
384,summoner-491243,385,DeathSphere22,Diamond 1,50,70,,156,144
385,summoner-3020293,386,WeWantPeace,Diamond 1,50,74,,118,77
386,summoner-229440,387,Enter Dreamland,Diamond 1,50,83,,107,100
387,summoner-2523280,388,P 18 15 16 8,Diamond 1,50,45,,106,79
388,summoner-335113,389,lilaznrat,Diamond 1,50,68,,69,56
389,summoner-323773,390,Kedu715,Diamond 1,49,95,,205,203
390,summoner-723286,391,Kiitty,Diamond 1,49,68,,87,87
391,summoner-584830,392,GZ HaiT,Diamond 1,48,62,,160,127
392,summoner-11252383,393,Lolista,Diamond 1,47,56,,166,112
393,summoner-582861,394,ShuHaiBuRongYi,Diamond 1,47,51,,71,60
394,summoner-890994,395,RBE BoBo,Diamond 1,46,70,,133,104
395,summoner-288335,396,Nirphana,Diamond 1,46,89,,82,69
396,summoner-227475,397,Mikes,Diamond 1,45,107,,188,165
397,summoner-1771810,398,Phos,Diamond 1,45,57,,101,65
398,summoner-402487,399,Baahrewer,Diamond 1,45,51,,73,52
399,summoner-2712951,400,EL Legendary,Diamond 1,43,52,,88,56
400,summoner-11130130,401,LydiaeK,Diamond 1,41,97,,130,109
401,summoner-8720302,402,Black phoen1x,Diamond 1,41,47,,114,87
402,summoner-624642,403,123456978,Diamond 1,41,47,,82,78
403,summoner-1200380,404,Jaiya,Diamond 1,41,67,,69,43
404,summoner-7350836,405,DaDazhy,Diamond 1,40,73,,187,130
405,summoner-281754,406,Diamond 5,Diamond 1,58,99,,245,234
406,summoner-11971346,407,cønfusednimbIe,Diamond 1,39,47,,131,92
407,summoner-7491130,408,zZJay,Diamond 1,39,89,,125,118
408,summoner-630464,409,Xcuse Mee,Diamond 1,38,84,,150,150
409,summoner-233721,410,k1ngOfTheYouth,Diamond 1,38,47,,66,67
410,summoner-3560420,411,Kaaitsune,Diamond 1,35,77,,240,193
411,summoner-443860,412,zuowodemiao,Diamond 1,35,61,,120,106
412,summoner-503773,413,NADA1001,Diamond 1,34,53,,102,92
413,summoner-456283,414,j0hns0nBurger,Diamond 1,34,56,,43,35
414,summoner-354808,415,Warrior Turtle,Diamond 1,33,81,,175,140
415,summoner-332728,416,Cedmend,Diamond 1,33,55,,104,81
416,summoner-236253,417,Hey You,Diamond 1,32,68,,181,149
417,summoner-2573886,418,Cyan Willow,Diamond 1,32,137,,68,65
418,summoner-824118,419,DaPiPi,Diamond 1,31,63,,70,69
419,summoner-703699,420,inx,Diamond 1,31,61,,61,53
420,summoner-901980,421,Dragku,Diamond 1,30,78,,251,240
421,summoner-312239,422,Philosophy,Diamond 1,30,109,,164,164
422,summoner-702613,423,Howard,Diamond 1,30,61,,128,111
423,summoner-4953082,424,Cute Ragdoll,Diamond 1,29,139,,244,222
424,summoner-370235,425,ziye,Diamond 1,29,59,,152,96
425,summoner-290213,426,Small Fish,Diamond 1,29,106,,133,107
426,summoner-454342,427,volkzz,Diamond 1,29,70,,121,112
427,summoner-235577,428,Reptox,Diamond 1,28,58,,121,112
428,summoner-581032,429,Káne,Diamond 1,26,131,,195,199
429,summoner-11061200,430,ecotoxic 3,Diamond 1,25,73,,120,90
430,summoner-11350134,431,ITN k1ng,Diamond 1,25,48,,119,88
431,summoner-222980,432,Z OMEGALUL E,Diamond 1,25,53,,119,98
432,summoner-10191722,433,ecotoxic 2,Diamond 1,25,45,,107,81
433,summoner-314795,434,Grog Dog1,Diamond 1,25,44,,95,71
434,summoner-285621,435,Framer,Diamond 1,23,79,,164,160
435,summoner-341477,436,WildPig,Diamond 1,23,93,,101,91
436,summoner-1260354,437,LaJiWangZheCNXM,Diamond 1,22,146,,542,543
437,summoner-11370138,438,Mrs Krabappel,Diamond 1,21,60,,184,184
438,summoner-8081649,439,First Time Swain,Diamond 1,20,61,,154,110
439,summoner-11056599,440,mid halo,Diamond 1,19,72,,260,235
440,summoner-354323,441,Merkatroid,Diamond 1,19,64,,71,54
441,summoner-555008,442,6AM 0two1,Diamond 1,19,58,,42,36
442,summoner-481142,443,April Ryan,Diamond 1,18,62,,226,186
443,summoner-672019,444,ryalia,Diamond 1,18,44,,96,87
444,summoner-221510,445,JuvesMuntedNose,Diamond 1,18,44,,69,59
445,summoner-278179,446,ozo1329,Diamond 1,18,99,,58,48
446,summoner-9220132,447,glugluglu,Diamond 1,18,46,,52,40
447,summoner-404739,448,Abby Ma,Diamond 1,17,115,,280,262
448,summoner-399946,449,Debatable Plays,Diamond 1,35,93,,261,217
449,summoner-439337,450,GU Faker,Diamond 1,17,65,,132,129
450,summoner-890992,451,Khuong Pham,Diamond 1,17,85,,42,38
451,summoner-332858,452,lokyun,Diamond 1,15,98,,208,199
452,summoner-934569,453,ShiftZ,Diamond 1,15,48,,112,53
453,summoner-431504,454,ianno,Diamond 1,14,91,,133,127
454,summoner-1980384,455,Nausicaä,Diamond 1,14,99,,89,86
455,summoner-296998,456,CaitlynUltedJFK,Diamond 1,13,105,,209,206
456,summoner-11840153,457,Japanerella,Diamond 1,13,50,,166,138
457,summoner-304479,458,gkez,Diamond 1,9,59,,154,129
458,summoner-11211553,459,BrunonLnDq,Diamond 1,9,49,,124,85
459,summoner-300165,460,HNDRXX,Diamond 1,9,103,,35,27
460,summoner-470164,461,KennyHai,Diamond 1,7,66,,161,157
461,summoner-9611538,462,bunni,Diamond 1,6,37,,30,8
462,summoner-463992,463,1m 16 years old,Diamond 1,22,81,,377,324
463,summoner-557330,464,JHONG,Diamond 1,5,51,,121,111
464,summoner-304980,465,iChuckRice,Diamond 1,5,79,,90,90
465,summoner-1403425,466,KURT PERRY,Diamond 1,5,55,,83,76
466,summoner-409738,467,Valkia,Diamond 1,3,109,,223,210
467,summoner-233072,468,Daddy Vincent,Diamond 1,1,71,,196,152
468,summoner-970961,469,handyman94,Diamond 1,1,47,,84,70
469,summoner-1883783,470,God Of LP,Diamond 1,0,108,,342,339
470,summoner-743224,471,225,Diamond 1,0,131,,277,251
471,summoner-303120,472,Bite,Diamond 1,0,66,,277,244
472,summoner-4382883,473,Smoko Shed,Diamond 1,0,95,,244,235
473,summoner-224426,474,Ruinn,Diamond 1,0,74,,202,184
474,summoner-498305,475,Todderk,Diamond 1,0,72,,200,185
475,summoner-3444063,476,helloworld369,Diamond 1,0,75,,198,144
476,summoner-314859,477,Biofrost,Diamond 1,0,128,,186,175
477,summoner-590760,478,Han Guk In Ruski,Diamond 1,0,84,,179,150
478,summoner-330848,479,4y5tvb8,Diamond 1,0,60,,171,154
479,summoner-6362083,480,d0t4nat0r,Diamond 1,0,159,,167,154
480,summoner-774275,481,Savannah,Diamond 1,0,84,,164,160
481,summoner-714382,482,Jerey,Diamond 1,0,69,,164,155
482,summoner-489065,483,Mpowered,Diamond 1,0,116,,159,136
483,summoner-632520,484,ACTL2131,Diamond 1,0,63,,157,156
484,summoner-221999,485,Yatsume,Diamond 1,0,88,,143,139
485,summoner-457463,486,dean,Diamond 1,0,80,,140,125
486,summoner-11430174,487,Forsaken Dream,Diamond 1,0,54,,134,124
487,summoner-277256,488,Thydah,Diamond 1,0,73,,112,114
488,summoner-314889,489,zorenous,Diamond 1,0,75,,85,74
489,summoner-630568,490,Crazy Giraffe,Diamond 1,0,51,,80,81
490,summoner-276620,491,Hyperzoz,Diamond 1,0,62,,71,61
491,summoner-323306,492,JJ27CM,Diamond 1,0,52,,65,46
492,summoner-707970,493,kmy,Diamond 1,0,41,,65,46
493,summoner-4802235,494,MyPetMonkey,Diamond 1,0,62,,63,61
494,summoner-448971,495,Eva,Diamond 1,0,66,,59,69
495,summoner-363411,496,Marvoss,Diamond 1,0,35,,48,11
496,summoner-5502181,497,9420,Diamond 1,0,41,,46,14
497,summoner-11580566,498,sooobinms,Diamond 1,0,40,,45,14
498,summoner-11076305,499,yeolahop,Diamond 1,0,41,,43,18
499,summoner-7940303,500,kai0s,Diamond 1,0,46,,39,26
500,summoner-1850129,501,aXeL0uS,Diamond 2,100,99,,296,277
501,summoner-8971470,502,trans girl,Diamond 2,100,102,,257,259
502,summoner-3481025,503,a friendly noob,Diamond 2,100,73,,150,138
503,summoner-11160195,504,Kimchiii 2,Diamond 2,100,58,,148,95
504,summoner-296114,505,KayHuynh,Diamond 2,100,72,,133,119
505,summoner-397500,506,SKT T1 Uzi,Diamond 2,100,58,,108,62
506,summoner-700593,507,Twistar,Diamond 2,100,40,,50,37
507,summoner-324564,508,Submissive Trap,Diamond 2,98,78,,88,80
508,summoner-2330180,509,NewTronix,Diamond 2,97,64,,98,93
509,summoner-554066,510,kalroc,Diamond 2,94,91,,68,58
510,summoner-11280145,511,AFs Kiin,Diamond 2,93,46,,79,51
511,summoner-286698,512,Ability,Diamond 2,92,63,,92,88
512,summoner-227375,513,GreatEngrish,Diamond 2,91,88,,77,65
513,summoner-577732,514,Bose,Diamond 2,90,99,,292,289
514,summoner-501188,515,Jr Burgerz,Diamond 2,90,62,,171,138
515,summoner-11121416,516,Cheph 2,Diamond 2,90,44,,111,70
516,summoner-222739,517,Mechanical Kyle,Diamond 2,90,68,,94,86
517,summoner-2181036,518,Fluous,Diamond 2,89,47,,78,72
518,summoner-1110899,519,Cizza AU,Diamond 2,84,92,,150,130
519,summoner-6220301,520,Mokamoka,Diamond 2,83,69,,241,224
520,summoner-356193,521,BlG Picture,Diamond 2,81,76,,76,74
521,summoner-11360133,522,YeahNahYeahMaybe,Diamond 2,78,43,,71,62
522,summoner-3831740,523,Bubberduck,Diamond 2,77,71,,252,237
523,summoner-483618,524,SuperSkitzzo,Diamond 2,75,157,,695,693
524,summoner-2481615,525,aznchungy,Diamond 2,75,104,,410,415
525,summoner-1167193,526,Šipić,Diamond 2,75,95,,347,335
526,summoner-706325,527,Ecka,Diamond 2,75,100,,180,153
527,summoner-300358,528,Dissociation,Diamond 2,75,64,,171,159
528,summoner-7110774,529,dmz4213,Diamond 2,75,75,,167,157
529,summoner-11202748,530,Pathetic Idiot,Diamond 2,75,51,,153,111
530,summoner-436716,531,Jimurenio,Diamond 2,75,96,,148,124
531,summoner-3710427,532,NinjaLegend1,Diamond 2,75,61,,148,136
532,summoner-4802282,533,Uchîha Obito,Diamond 2,75,59,,135,110
533,summoner-461490,534,First Mate,Diamond 2,75,74,,132,111
534,summoner-302863,535,IG The shy ovo,Diamond 2,75,77,,118,108
535,summoner-1061196,536,kayoko,Diamond 2,75,63,,105,84
536,summoner-6630790,537,jyj,Diamond 2,75,58,,102,104
537,summoner-749364,538,monster hunter,Diamond 2,75,51,,88,83
538,summoner-9690912,539,Destromath,Diamond 2,75,45,,81,78
539,summoner-2920134,540,ThePirateBae,Diamond 2,75,70,,48,39
540,summoner-721676,541,J0hns0n,Diamond 2,75,36,,39,29
541,summoner-643368,542,Young Stavros,Diamond 2,60,115,,320,315
542,summoner-4390704,543,duckly,Diamond 2,74,90,,207,198
543,summoner-235604,544,Brush Fun,Diamond 2,74,72,,105,96
544,summoner-860500,545,Billythekidzz 2,Diamond 2,74,45,,38,27
545,summoner-406918,546,Mai Shiu,Diamond 2,71,115,,318,305
546,summoner-2741810,547,4 H e a d K i d,Diamond 2,70,75,,150,92
547,summoner-620418,548,LaughingManES,Diamond 2,69,73,,182,171
548,summoner-1500529,549,Mumps,Diamond 2,69,79,,110,109
549,summoner-365399,550,No Fear,Diamond 2,68,112,,285,284
550,summoner-302759,551,Rye,Diamond 2,67,108,,436,425
551,summoner-331036,552,Magic Mike,Diamond 2,63,92,,203,182
552,summoner-1440400,553,unstable ping,Diamond 2,63,54,,76,69
553,summoner-9420230,554,Fourth rate AD,Diamond 2,62,85,,285,270
554,summoner-278492,555,LustMonkey,Diamond 2,60,86,,280,271
555,summoner-4462034,556,Uzi Fanboy,Diamond 2,60,69,,185,151
556,summoner-478373,557,Homeless Leaf,Diamond 2,60,71,,108,98
557,summoner-694658,558,handsome indian,Diamond 2,60,60,,84,70
558,summoner-568646,559,hyejoo,Diamond 2,59,70,,82,62
559,summoner-11780837,560,oce Thanoš,Diamond 2,58,52,,139,106
560,summoner-10881536,561,Lillo,Diamond 2,58,102,,83,62
561,summoner-6251921,562,FreshStartJason,Diamond 2,57,57,,214,177
562,summoner-483296,563,DW Rippii,Diamond 2,57,52,,147,109
563,summoner-8210805,564,Kpop,Diamond 2,57,110,,145,143
564,summoner-4530610,565,liansuck,Diamond 2,57,75,,126,121
565,summoner-233511,566,cruncheycake,Diamond 2,57,110,,79,68
566,summoner-284240,567,iBanished,Diamond 2,56,116,,182,159
567,summoner-294150,568,Jopan,Diamond 2,56,60,,46,41
568,summoner-280651,569,KingJamesMike,Diamond 2,55,66,,137,133
569,summoner-221555,570,im tilting,Diamond 2,55,80,,114,116
570,summoner-4461045,571,I Am Rengar,Diamond 2,53,108,,121,110
571,summoner-7761629,572,Fállen,Diamond 2,52,84,,202,208
572,summoner-280418,573,Coopos,Diamond 2,52,108,,139,125
573,summoner-495039,574,ARAMers suck,Diamond 2,52,93,,135,123
574,summoner-5141556,575,LOA Fuki,Diamond 2,51,53,,136,124
575,summoner-5894360,576,DJChonz,Diamond 2,48,83,,363,334
576,summoner-11340135,577,Bjork not Bjerg,Diamond 2,48,43,,100,64
577,summoner-6231287,578,LLocky,Diamond 2,28,66,,131,97
578,summoner-397704,579,risktaker,Diamond 2,44,76,,195,194
579,summoner-1440227,580,Squidgy Boy,Diamond 2,44,77,,110,110
580,summoner-1811697,581,Ragdol1,Diamond 2,43,68,,175,161
581,summoner-774086,582,Garlic Sauce,Diamond 2,43,48,,120,91
582,summoner-903644,583,nooseboy,Diamond 2,43,105,,35,17
583,summoner-2132627,584,OwO OuO OvO,Diamond 2,42,64,,105,96
584,summoner-231170,585,Lex Luthor,Diamond 2,41,95,,181,177
585,summoner-432479,586,hi im rain,Diamond 2,40,37,,47,29
586,summoner-9981331,587,NoIIXigbar,Diamond 2,40,53,,34,25
587,summoner-440787,588,Silk,Diamond 2,39,60,,157,141
588,summoner-3680635,589,Shirø,Diamond 2,38,142,,69,66
589,summoner-8150153,590,EGOIST Dough,Diamond 2,36,111,,416,353
590,summoner-449100,591,Fervour,Diamond 2,36,108,,91,92
591,summoner-364702,592,Pulsefire Teemo,Diamond 2,36,71,,55,37
592,summoner-371174,593,Bardo,Diamond 2,35,95,,216,210
593,summoner-392492,594,GZ Hyper,Diamond 2,34,74,,119,115
594,summoner-4480984,595,dzy,Diamond 2,33,71,,267,274
595,summoner-4301382,596,Dr Halo,Diamond 2,33,81,,77,52
596,summoner-7981097,597,Ame seule,Diamond 2,32,95,,63,59
597,summoner-11065408,598,DaGui,Diamond 2,31,119,,403,352
598,summoner-6672121,599,Archie,Diamond 2,31,104,,204,202
599,summoner-302859,600,Fndrr22dxd,Diamond 2,31,65,,163,159
600,summoner-8810339,601,PurpleLama,Diamond 2,30,49,,104,80
601,summoner-11750154,602,Bdo1nk,Diamond 2,29,37,,62,30
602,summoner-3980651,603,Morpice121,Diamond 2,29,121,,60,43
603,summoner-6231287,604,LLocky,Diamond 2,28,66,,131,97
604,summoner-5781549,605,callmere,Diamond 2,28,46,,102,64
605,summoner-841698,606,ecotoxic 1,Diamond 2,25,54,,132,117
606,summoner-7820502,607,yo whats good,Diamond 2,25,49,,128,93
607,summoner-466794,608,L8S,Diamond 2,25,56,,89,75
608,summoner-399563,609,Kevskin,Diamond 2,25,83,,33,23
609,summoner-355403,610,LOLlolololwwwffw,Diamond 2,24,50,,102,94
610,summoner-233822,611,Mcbobba,Diamond 2,23,159,,239,216
611,summoner-11390379,612,SøfM,Diamond 2,23,43,,100,68
612,summoner-10141151,613,M1dbeast,Diamond 2,22,61,,120,127
613,summoner-639823,614,Quinonos,Diamond 2,22,82,,112,112
614,summoner-7821699,615,sad girl,Diamond 2,21,117,,189,156
615,summoner-325800,616,MeepBalls,Diamond 2,21,72,,52,47
616,summoner-589351,617,Ronni,Diamond 2,20,48,,90,78
617,summoner-5945344,618,Buck Shots,Diamond 2,20,42,,43,35
618,summoner-3930175,619,Eolant,Diamond 2,19,126,,463,435
619,summoner-480048,620,Wreck It Rhune,Diamond 2,19,89,,112,118
620,summoner-11840344,621,QaQ08,Diamond 2,19,39,,93,73
621,summoner-1574708,622,Donzac101,Diamond 2,19,52,,65,51
622,summoner-7000424,623,rice1,Diamond 2,19,43,,64,53
623,summoner-566367,624,Stop Trolling Me,Diamond 2,18,125,,308,290
624,summoner-3052095,625,Defenestrate,Diamond 2,18,73,,123,120
625,summoner-3642620,626,Damage Bot,Diamond 2,18,49,,120,110
626,summoner-600361,627,MT Void,Diamond 2,18,55,,108,98
627,summoner-447687,628,Grisha,Diamond 2,17,86,,258,248
628,summoner-11085230,629,ililiiiillliil,Diamond 2,17,81,,188,191
629,summoner-10781225,630,Orphelia,Diamond 2,17,68,,185,148
630,summoner-284670,631,Kebun,Diamond 2,16,124,,384,347
631,summoner-566468,632,Kpoop,Diamond 2,16,81,,224,194
632,summoner-742576,633,Zagnoids,Diamond 2,16,83,,175,142
633,summoner-973756,634,tgunAU,Diamond 2,16,53,,123,123
634,summoner-291753,635,Moon,Diamond 2,16,113,,65,66
635,summoner-11080766,636,eris,Diamond 2,15,60,,129,101
636,summoner-451342,637,Clovus,Diamond 2,15,81,,123,127
637,summoner-1471865,638,Bear,Diamond 2,15,71,,83,80
638,summoner-369823,639,Boa Hancöck,Diamond 2,14,150,,132,99
639,summoner-320598,640,PowPowPanda,Diamond 2,14,59,,63,69
640,summoner-2550310,641,Yuuk1 Asuna,Diamond 2,12,84,,204,191
641,summoner-314483,642,potato9,Diamond 2,12,67,,106,97
642,summoner-479671,643,Bozos,Diamond 2,11,67,,120,120
643,summoner-306624,644,Donggy,Diamond 2,11,56,,42,26
644,summoner-7361244,645,Watch Anime pls,Diamond 2,11,37,,40,29
645,summoner-670210,646,1osing,Diamond 2,9,99,,150,109
646,summoner-349960,647,NorthFace,Diamond 2,8,119,,150,132
647,summoner-744879,648,Tinysmish,Diamond 2,8,62,,47,39
648,summoner-953810,649,Kayn and Abel,Diamond 2,7,58,,78,72
649,summoner-638946,650,Qiunibieshelimia,Diamond 2,6,77,,147,138
650,summoner-11340322,651,Just Believe Zll,Diamond 2,5,91,,182,156
651,summoner-6841129,652,PumaS,Diamond 2,5,63,,172,168
652,summoner-2990640,653,Syouran,Diamond 2,4,71,,141,140
653,summoner-369867,654,Doom of bot,Diamond 2,4,48,,120,116
654,summoner-3163035,655,Ritogaming,Diamond 2,4,56,,107,106
655,summoner-522209,656,Stressful,Diamond 2,3,130,,134,120
656,summoner-11930493,657,22 06 2004,Diamond 2,3,39,,62,38
657,summoner-4061072,658,why live,Diamond 2,2,64,,108,109
658,summoner-587995,659,Urie,Diamond 2,1,102,,65,54
659,summoner-7460332,660,ThroneV,Diamond 2,0,109,,397,347
660,summoner-11252354,661,IsaacwF,Diamond 2,0,78,,339,302
661,summoner-4430246,662,TriXtEx,Diamond 2,0,77,,304,289
662,summoner-1720492,663,whynotbefriends,Diamond 2,0,108,,259,232
663,summoner-4130305,664,Mörty,Diamond 2,0,101,,257,254
664,summoner-1501524,665,Homeless,Diamond 2,0,77,,250,210
665,summoner-491427,666,Shizukesa,Diamond 2,0,92,,237,230
666,summoner-228708,667,Aragaki Yuii,Diamond 2,0,87,,223,198
667,summoner-453513,668,Ronnald,Diamond 2,0,93,,202,183
668,summoner-285605,669,Hindered Raven,Diamond 2,0,95,,179,162
669,summoner-581491,670,Riggered,Diamond 2,0,85,,172,143
670,summoner-332723,671,Crucix,Diamond 2,0,76,,169,154
671,summoner-710702,672,jihero,Diamond 2,0,60,,168,159
672,summoner-2560269,673,Omni v2,Diamond 2,0,73,,137,135
673,summoner-5904252,674,RIP swain,Diamond 2,0,62,,134,105
674,summoner-301652,675,Koua,Diamond 2,0,79,,130,129
675,summoner-11045070,676,iWordsworth,Diamond 2,0,71,,129,114
676,summoner-7851650,677,DaSticksOnTwitch,Diamond 2,0,72,,123,117
677,summoner-6010140,678,CN Moon,Diamond 2,0,98,,112,93
678,summoner-1171135,679,MyNameIsAction I,Diamond 2,0,58,,105,90
679,summoner-2593688,680,Xion XIV,Diamond 2,0,61,,104,103
680,summoner-431019,681,Cavs in 2018 lUl,Diamond 2,0,77,,101,99
681,summoner-565066,682,MeShelly,Diamond 2,0,85,,95,77
682,summoner-226673,683,Air,Diamond 2,0,116,,92,94
683,summoner-8390585,684,SM motherfkn D,Diamond 2,0,57,,90,106
684,summoner-1721171,685,Kewlie,Diamond 2,0,62,,84,64
685,summoner-8690146,686,Cères,Diamond 2,0,73,,80,88
686,summoner-12061866,687,1234hitdinosuar,Diamond 2,0,39,,78,50
687,summoner-12020515,688,rekkles122122111,Diamond 2,0,40,,78,54
688,summoner-2060238,689,Soy Xixi,Diamond 2,0,47,,72,43
689,summoner-10360133,690,Lose for Improve,Diamond 2,0,45,,65,51
690,summoner-398138,691,PMA Kirby,Diamond 2,0,89,,60,61
691,summoner-475949,692,Happy Lion,Diamond 2,0,100,,56,49
692,summoner-8752009,693,4lways,Diamond 2,0,81,,50,19
693,summoner-511987,694,Kaø,Diamond 2,0,116,,35,22
694,summoner-578126,695,Anubis,Diamond 3,100,92,,206,181
695,summoner-503122,696,Volibear Bot2,Diamond 3,100,59,,194,150
696,summoner-278675,697,Jiae,Diamond 3,100,82,,156,125
697,summoner-554055,698,Bulzy,Diamond 3,100,49,,143,130
698,summoner-482781,699,Feed to Succeed,Diamond 3,100,118,,98,95
699,summoner-290499,700,PizzaRita,Diamond 3,100,81,,96,74
700,summoner-7860178,701,tbman,Diamond 3,100,45,,72,66
701,summoner-632043,702,GuyMadeOfFire,Diamond 3,100,39,,46,34
702,summoner-984419,703,lllllllllll,Diamond 3,98,130,,352,342
703,summoner-1394171,704,GoogleMaps,Diamond 3,98,101,,204,197
704,summoner-298603,705,Zachary zzz,Diamond 3,98,57,,83,67
705,summoner-600149,706,Vísionary,Diamond 3,96,86,,197,198
706,summoner-296408,707,GodKingLordGaren,Diamond 3,96,109,,148,126
707,summoner-1092892,708,NoxusMight,Diamond 3,96,86,,29,11
708,summoner-275308,709,Impaired,Diamond 3,94,74,,62,48
709,summoner-351975,710,Shadow of Time,Diamond 3,93,83,,88,77
710,summoner-2592134,711,Kali Uchis,Diamond 3,91,79,,110,109
711,summoner-563960,712,Stone,Diamond 3,87,105,,182,179
712,summoner-634788,713,Kevin S Le,Diamond 3,86,117,,200,197
713,summoner-316325,714,Canberra Santa,Diamond 3,86,48,,67,58
714,summoner-10071546,715,blanchesophh,Diamond 3,85,71,,42,39
715,summoner-283096,716,Hani is bae,Diamond 3,83,90,,115,107
716,summoner-479495,717,DeathByLlama,Diamond 3,83,88,,74,62
717,summoner-3322092,718,02 02 1998,Diamond 3,82,81,,229,195
718,summoner-6141799,719,ShØut,Diamond 3,81,68,,211,180
719,summoner-10140185,720,LC Focus,Diamond 3,81,92,,201,197
720,summoner-630037,721,Enticement,Diamond 3,81,95,,83,66
721,summoner-639778,722,JohnnyBoyy,Diamond 3,80,71,,112,86
722,summoner-11171162,723,98116,Diamond 3,78,50,,128,86
723,summoner-561444,724,AHumanBean,Diamond 3,77,58,,133,120
724,summoner-6101678,725,M416666,Diamond 3,77,58,,93,84
725,summoner-812715,726,Mr Cute HR,Diamond 3,76,52,,154,123
726,summoner-479364,727,01 10 1998,Diamond 3,75,98,,526,507
727,summoner-4791512,728,DW WhiteLotus,Diamond 3,75,149,,517,530
728,summoner-8071238,729,FZASY,Diamond 3,75,124,,324,309
729,summoner-280030,730,Derpsmagee,Diamond 3,75,119,,280,289
730,summoner-10550212,731,Tilt King,Diamond 3,75,87,,208,189
731,summoner-5281670,732,Zhiend,Diamond 3,75,67,,180,173
732,summoner-6820866,733,KHSOL,Diamond 3,75,79,,175,178
733,summoner-3480668,734,Megalomaniac,Diamond 3,75,79,,151,128
734,summoner-621278,735,Skrrrr,Diamond 3,75,72,,150,142
735,summoner-11142189,736,Lil Kush,Diamond 3,75,82,,143,135
736,summoner-3663235,737,El Jannah Garlic,Diamond 3,75,62,,142,137
737,summoner-6840379,738,Bdoink,Diamond 3,75,55,,94,80
738,summoner-773359,739,Rooftop Dreams,Diamond 3,75,78,,88,65
739,summoner-304475,740,Daddy Daegyu,Diamond 3,75,69,,86,82
740,summoner-530695,741,kkmok,Diamond 3,75,61,,76,68
741,summoner-551251,742,0 LP,Diamond 3,74,125,,633,606
742,summoner-449742,743,NIGHTS,Diamond 3,74,83,,170,169
743,summoner-460303,744,Alani,Diamond 3,73,132,,114,114
744,summoner-270385,745,Jab Right Hook,Diamond 3,72,83,,142,76
745,summoner-322373,746,NoIXemnas,Diamond 3,72,68,,50,37
746,summoner-11222878,747,Kerrioneadys,Diamond 3,71,42,,80,53
747,summoner-459047,748,FÖCÜS,Diamond 3,70,89,,276,261
748,summoner-2281882,749,didsum1saytacos,Diamond 3,70,49,,30,19
749,summoner-4440747,750,Brother Hai,Diamond 3,68,77,,126,131
750,summoner-11442161,751,o noo,Diamond 3,68,37,,47,15
751,summoner-291689,752,kantos17,Diamond 3,67,106,,114,98
752,summoner-3882367,753,Amitle,Diamond 3,67,66,,59,59
753,summoner-5041374,754,hi im floki,Diamond 3,66,92,,234,213
754,summoner-285635,755,MaiI,Diamond 3,65,119,,108,77
755,summoner-354152,756,Kate Bruhnn,Diamond 3,64,52,,124,78
756,summoner-360988,757,Noon Gang,Diamond 3,64,69,,120,108
757,summoner-290358,758,Waffle Jr,Diamond 3,44,115,,114,107
758,summoner-4292193,759,Elliot Helm,Diamond 3,62,40,,56,46
759,summoner-332240,760,Semirhage,Diamond 3,61,63,,143,120
760,summoner-220270,761,lmperium,Diamond 3,61,51,,37,27
761,summoner-2952222,762,Holy Street,Diamond 3,60,81,,145,141
762,summoner-3871268,763,kimuchiyo,Diamond 3,60,64,,99,59
763,summoner-449928,764,Synli,Diamond 3,59,103,,359,361
764,summoner-469676,765,Trooper7,Diamond 3,59,42,,104,66
765,summoner-584744,766,Low APM Btw,Diamond 3,59,45,,28,17
766,summoner-10891227,767,Barbiturate Bob,Diamond 3,58,100,,317,277
767,summoner-351374,768,L1 Yuxuan,Diamond 3,58,118,,311,304
768,summoner-221335,769,Godco,Diamond 3,58,73,,125,88
769,summoner-229564,770,Xiphos,Diamond 3,58,60,,49,37
770,summoner-9720874,771,bani,Diamond 3,57,94,,340,340
771,summoner-361306,772,Facade,Diamond 3,57,108,,318,319
772,summoner-326039,773,0ldm8legit,Diamond 3,57,40,,61,43
773,summoner-320586,774,boy x,Diamond 3,56,83,,180,177
774,summoner-9420387,775,Harm,Diamond 3,56,73,,140,112
775,summoner-6790124,776,eternity lullaby,Diamond 3,56,63,,135,118
776,summoner-3071107,777,Scuftz,Diamond 3,56,99,,125,112
777,summoner-9741444,778,Miracle,Diamond 3,56,45,,98,72
778,summoner-7200702,779,Valor use fly,Diamond 3,55,42,,58,32
779,summoner-234955,780,Zyran,Diamond 3,55,124,,35,31
780,summoner-1811821,781,JBreezy,Diamond 3,54,67,,201,189
781,summoner-8611591,782,Nightbringer,Diamond 3,53,36,,35,24
782,summoner-6451124,783,K             98,Diamond 3,52,78,,242,210
783,summoner-320443,784,RaidBoss Ovenhat,Diamond 3,52,84,,100,79
784,summoner-9050223,785,20I7 07 07,Diamond 3,52,56,,88,81
785,summoner-11171178,786,Ordolfur,Diamond 3,52,46,,60,41
786,summoner-368336,787,qop,Diamond 3,51,48,,82,60
787,summoner-471649,788,Ara,Diamond 3,50,62,,212,190
788,summoner-333672,789,Johannes,Diamond 3,48,90,,126,121
789,summoner-296712,790,Nosreme,Diamond 3,48,45,,74,40
790,summoner-467389,791,Princess Belle,Diamond 3,47,73,,187,186
791,summoner-397315,792,Fu Tou de baba,Diamond 3,46,84,,185,177
792,summoner-452854,793,BoyWithFutou,Diamond 3,46,70,,161,149
793,summoner-8110225,794,KKona,Diamond 3,46,50,,93,88
794,summoner-284887,795,Emperor Ears,Diamond 3,46,84,,80,72
795,summoner-281075,796,SMD Yasindu,Diamond 3,45,117,,172,155
796,summoner-272664,797,hajun,Diamond 3,43,77,,116,88
797,summoner-345886,798,JigglyButt,Diamond 3,42,62,,82,63
798,summoner-497679,799,Bill,Diamond 3,41,89,,245,226
799,summoner-285324,800,Yuqi is bae,Diamond 3,41,89,,75,72
800,summoner-569939,801,skyhao123,Diamond 3,39,63,,142,117
801,summoner-234227,802,Homunculus,Diamond 3,39,75,,108,86
802,summoner-290786,803,Patruck,Diamond 3,39,97,,57,36
803,summoner-397305,804,Amen1001,Diamond 3,39,45,,50,39
804,summoner-603634,805,L1l Pump Boi,Diamond 3,38,140,,188,181
805,summoner-12000177,806,Jib4,Diamond 3,38,71,,177,141
806,summoner-522668,807,iiDontCare,Diamond 3,38,49,,161,104
807,summoner-1332520,808,3uphonium,Diamond 3,38,63,,64,52
808,summoner-8610951,809,Ch4zz,Diamond 3,38,41,,62,28
809,summoner-225037,810,Afince,Diamond 3,38,88,,28,13
810,summoner-823469,811,Merzy,Diamond 3,37,52,,119,83
811,summoner-276529,812,Didnt ask,Diamond 3,37,123,,87,86
812,summoner-406857,813,it gets better,Diamond 3,36,52,,160,104
813,summoner-8770178,814,Kelvinotoe,Diamond 3,36,95,,147,146
814,summoner-7150141,815,Varaxo,Diamond 3,36,84,,95,107
815,summoner-585398,816,Jimbo Mon,Diamond 3,35,74,,269,252
816,summoner-5551046,817,LGC minkywhale,Diamond 3,35,68,,260,235
817,summoner-746241,818,Marriage,Diamond 3,35,151,,235,211
818,summoner-5900441,819,768 Tizzy T,Diamond 3,35,58,,100,95
819,summoner-369278,820,Pia Pia Piu c,Diamond 3,35,57,,96,57
820,summoner-726540,821,Blue Cat,Diamond 3,33,69,,47,48
821,summoner-12050439,822,aries zero,Diamond 3,32,36,,48,23
822,summoner-551283,823,SF 1 and 13,Diamond 3,31,81,,329,324
823,summoner-941171,824,Nomoreganks,Diamond 3,31,86,,311,290
824,summoner-714034,825,Ton Chan,Diamond 3,31,122,,291,275
825,summoner-331592,826,Lehm The BM,Diamond 3,31,65,,100,70
826,summoner-900278,827,CurdledSilk,Diamond 3,30,89,,267,235
827,summoner-475375,828,ciwei,Diamond 3,30,83,,223,188
828,summoner-8462161,829,LongShorts,Diamond 3,30,101,,133,117
829,summoner-479941,830,xXAbusiveNanaXx,Diamond 3,30,56,,75,61
830,summoner-9210188,831,ZAG Able,Diamond 3,29,88,,167,168
831,summoner-742684,832,FOOLS,Diamond 3,28,76,,122,116
832,summoner-10441803,833,api,Diamond 3,28,49,,36,33
833,summoner-280394,834,Say Yes,Diamond 3,27,95,,331,321
834,summoner-773372,835,Mryibaba,Diamond 3,27,101,,207,177
835,summoner-10071222,836,Rlng,Diamond 3,26,79,,229,194
836,summoner-872383,837,Lived,Diamond 3,26,92,,186,181
837,summoner-280811,838,Adiamond,Diamond 3,25,112,,263,255
838,summoner-288237,839,Öhm,Diamond 3,25,71,,231,219
839,summoner-11820124,840,Hide From Egirl,Diamond 3,25,54,,174,124
840,summoner-1201161,841,bigbadnigs,Diamond 3,25,56,,127,118
841,summoner-5895606,842,LoMejorDeLoMejor,Diamond 3,25,63,,97,87
842,summoner-9240178,843,floppyfish278,Diamond 3,25,42,,85,22
843,summoner-278122,844,Risky,Diamond 3,25,76,,74,65
844,summoner-405015,845,Vaporeon,Diamond 3,25,41,,58,44
845,summoner-9001697,846,op dot gg review,Diamond 3,25,42,,53,47
846,summoner-369623,847,Chingster Ming,Diamond 3,24,98,,49,33
847,summoner-235806,848,Dom,Diamond 3,24,56,,24,15
848,summoner-229272,849,AHYSI,Diamond 3,23,127,,346,347
849,summoner-12110444,850,HugoONE,Diamond 3,23,56,,208,185
850,summoner-317309,851,Roz62,Diamond 3,23,48,,182,144
851,summoner-8010504,852,handsome zhe,Diamond 3,23,53,,164,137
852,summoner-11970347,853,1 Love,Diamond 3,23,43,,91,60
853,summoner-3012162,854,Eels,Diamond 3,23,121,,41,31
854,summoner-1772162,855,Diamond Ero,Diamond 3,22,59,,205,171
855,summoner-3053143,856,Imperceivable,Diamond 3,22,51,,156,118
856,summoner-1340624,857,Elude,Diamond 3,22,81,,72,65
857,summoner-431518,858,Hachimitsu,Diamond 3,21,108,,122,109
858,summoner-509425,859,Yuzuke,Diamond 3,21,91,,115,90
859,summoner-466220,860,Rex602,Diamond 3,20,121,,258,241
860,summoner-635952,861,Tengar,Diamond 3,20,97,,180,186
861,summoner-445658,862,Zeo,Diamond 3,20,104,,167,159
862,summoner-399347,863,Plagué,Diamond 3,20,55,,128,125
863,summoner-238860,864,frog arms,Diamond 3,20,122,,38,41
864,summoner-10241637,865,Palme n Goéland,Diamond 3,19,72,,307,265
865,summoner-287335,866,chookn,Diamond 3,19,45,,114,68
866,summoner-443508,867,Boobs,Diamond 3,19,80,,108,100
867,summoner-10280340,868,Leafeon,Diamond 3,19,41,,70,39
868,summoner-4100151,869,Apologetic Noob,Diamond 3,19,54,,60,46
869,summoner-11080832,870,chaøs,Diamond 3,19,48,,42,30
870,summoner-430397,871,ElllaxX,Diamond 3,18,88,,341,351
871,summoner-2742230,872,Cressy,Diamond 3,18,90,,326,307
872,summoner-1350309,873,TheMightyFruit,Diamond 3,18,90,,298,265
873,summoner-223998,874,Woodsie,Diamond 3,18,85,,231,223
874,summoner-6150835,875,Brontosaurus,Diamond 3,18,93,,101,84
875,summoner-1760235,876,Jaycehandsome,Diamond 3,17,76,,202,210
876,summoner-11045786,877,Asterius,Diamond 3,17,66,,139,91
877,summoner-478539,878,DMouse,Diamond 3,17,57,,131,95
878,summoner-275445,879,LAPD 911,Diamond 3,17,58,,90,79
879,summoner-11160289,880,th0mas,Diamond 3,17,48,,80,52
880,summoner-11480427,881,Garverz,Diamond 3,16,72,,218,179
881,summoner-322389,882,Mystiiez,Diamond 3,16,80,,172,146
882,summoner-11075233,883,held me down,Diamond 3,16,68,,164,166
883,summoner-352703,884,Khysoar,Diamond 3,16,57,,144,128
884,summoner-442911,885,Payton,Diamond 3,16,93,,74,77
885,summoner-722764,886,FunkZillah,Diamond 3,15,94,,60,45
886,summoner-571560,887,Paths of Pain,Diamond 3,14,97,,118,116
887,summoner-463325,888,MeMoMoMa,Diamond 3,14,48,,97,88
888,summoner-232022,889,Scroll,Diamond 3,14,61,,94,59
889,summoner-8970295,890,give me anxiety,Diamond 3,13,71,,201,211
890,summoner-497415,891,boboxD,Diamond 3,13,88,,67,48
891,summoner-10161398,892,with1drawn,Diamond 3,13,43,,58,31
892,summoner-6231646,893,xXRayXx,Diamond 3,12,80,,147,101
893,summoner-628060,894,K1LD3Rn3S5,Diamond 3,12,97,,146,141
894,summoner-7200938,895,Hear,Diamond 3,12,48,,126,110
895,summoner-9120188,896,ShowMaker,Diamond 3,12,51,,55,52
896,summoner-327877,897,never get role,Diamond 3,10,55,,99,93
897,summoner-284257,898,Profit Leonard,Diamond 3,10,41,,65,59
898,summoner-636352,899,Åkanø,Diamond 3,10,43,,48,46
899,summoner-395355,900,Fabulous,Diamond 3,10,48,,48,35
900,summoner-322914,901,Halo 1,Diamond 3,9,95,,143,151
901,summoner-11500284,902,NewbeePlayer,Diamond 3,9,45,,101,60
902,summoner-749975,903,RidicuIous,Diamond 3,9,35,,56,15
903,summoner-305787,904,Marshmallows,Diamond 3,9,71,,31,21
904,summoner-2960362,905,Carypto,Diamond 3,8,101,,172,154
905,summoner-563813,906,Reina Kousaka,Diamond 3,8,41,,47,34
906,summoner-1163135,907,SpinLord,Diamond 3,7,69,,104,95
907,summoner-701380,908,Feshua owo,Diamond 3,7,56,,65,69
908,summoner-451889,909,ri Nin leiQVQ,Diamond 3,7,38,,57,48
909,summoner-220192,910,WE DEM BOYZZ,Diamond 3,6,75,,108,89
910,summoner-1810791,911,Holly Mia,Diamond 3,6,90,,85,69
911,summoner-380314,912,Blurred,Diamond 3,4,61,,207,166
912,summoner-6570534,913,Dale Denten,Diamond 3,4,82,,191,183
913,summoner-706024,914,ˉ w ˉ,Diamond 3,4,51,,111,93
914,summoner-3140948,915,Necromancer,Diamond 3,3,72,,224,209
915,summoner-8661945,916,10CSPM,Diamond 3,3,50,,154,117
916,summoner-2910960,917,Jyza IV,Diamond 3,3,52,,136,101
917,summoner-228360,918,Dr Elementfluffy,Diamond 3,3,101,,91,75
918,summoner-5621748,919,CheeZeLord,Diamond 3,3,98,,89,68
919,summoner-402522,920,Kenste,Diamond 3,3,45,,49,34
920,summoner-2262034,921,Main Top,Diamond 3,2,78,,134,113
921,summoner-488654,922,BEEM0,Diamond 3,2,122,,105,106
922,summoner-680188,923,IG Rook1e,Diamond 3,1,78,,285,253
923,summoner-8790826,924,imCodxx,Diamond 3,1,75,,264,223
924,summoner-3621562,925,mfis,Diamond 3,1,93,,122,123
925,summoner-11121305,926,ForsakenDreamz,Diamond 3,1,46,,64,51
926,summoner-337521,927,Remise,Diamond 3,0,162,,601,594
927,summoner-4771933,928,Very Cute Indeed,Diamond 3,0,102,,399,375
928,summoner-1100599,929,godofapples,Diamond 3,0,90,,329,293
929,summoner-4861103,930,1998 12 19,Diamond 3,0,83,,317,281
930,summoner-7820275,931,KoBe 07,Diamond 3,0,86,,314,229
931,summoner-1101353,932,Uncle Wesker,Diamond 3,0,135,,286,254
932,summoner-700393,933,Paco8,Diamond 3,0,70,,232,187
933,summoner-1292193,934,fire kylin,Diamond 3,0,80,,213,182
934,summoner-636241,935,Mlng,Diamond 3,0,91,,212,227
935,summoner-10961642,936,Sosothasthak,Diamond 3,0,72,,207,185
936,summoner-4040527,937,Nyarth,Diamond 3,0,88,,206,207
937,summoner-11871110,938,s1ckle,Diamond 3,0,72,,196,155
938,summoner-305116,939,LDV,Diamond 3,0,113,,193,155
939,summoner-6660713,940,Skull07,Diamond 3,0,95,,193,176
940,summoner-7330143,941,Gakki or Satomi,Diamond 3,0,71,,192,176
941,summoner-660755,942,iJwang,Diamond 3,0,107,,191,192
942,summoner-220885,943,Eloh,Diamond 3,0,104,,170,167
943,summoner-503392,944,GoGoJuice98,Diamond 3,0,56,,167,139
944,summoner-3311812,945,Overlord1,Diamond 3,0,112,,163,125
945,summoner-1710466,946,Too Tru Fam,Diamond 3,0,79,,157,140
946,summoner-11430289,947,Joe Miller,Diamond 3,0,90,,152,132
947,summoner-621191,948,AoiTora,Diamond 3,0,64,,151,112
948,summoner-10260750,949,hypebeastakito,Diamond 3,0,94,,148,114
949,summoner-733562,950,Qúeef,Diamond 3,0,96,,143,123
950,summoner-315654,951,ragepoo,Diamond 3,0,64,,142,123
951,summoner-507532,952,Phoed,Diamond 3,0,128,,140,127
952,summoner-312659,953,NightMare324,Diamond 3,0,69,,138,139
953,summoner-292904,954,Pecha Berry,Diamond 3,0,88,,135,125
954,summoner-392691,955,Chaps,Diamond 3,0,94,,133,118
955,summoner-230856,956,Reznor,Diamond 3,0,74,,131,119
956,summoner-11220678,957,KingGodYasuo,Diamond 3,0,48,,129,93
957,summoner-8212923,958,wRayZxMan,Diamond 3,0,85,,127,118
958,summoner-1680225,959,Exiled,Diamond 3,0,137,,121,119
959,summoner-11140408,960,Fuggines,Diamond 3,0,47,,118,90
960,summoner-2160127,961,Pica boo,Diamond 3,0,125,,117,90
961,summoner-870924,962,Ćonqseºrør,Diamond 3,0,54,,112,111
962,summoner-439711,963,Ace in the Hole,Diamond 3,0,98,,111,110
963,summoner-226325,964,Charmander AU,Diamond 3,0,42,,99,67
964,summoner-6420294,965,MoonlitKaiser,Diamond 3,0,47,,92,68
965,summoner-295165,966,Gusanator,Diamond 3,0,76,,88,93
966,summoner-438508,967,Maximoo,Diamond 3,0,112,,85,83
967,summoner-351388,968,DaJeung,Diamond 3,0,69,,80,87
968,summoner-239171,969,Hunt,Diamond 3,0,107,,80,58
969,summoner-791847,970,Lıam,Diamond 3,0,57,,73,63
970,summoner-281946,971,The Gom,Diamond 3,0,54,,68,40
971,summoner-4530378,972,Smlz 0v0,Diamond 3,0,95,,65,45
972,summoner-1880974,973,Byrone,Diamond 3,0,101,,64,59
973,summoner-580828,974,My Jg Is Retard,Diamond 3,0,86,,64,48
974,summoner-3520141,975,15x scope Kar98k,Diamond 3,0,91,,61,46
975,summoner-3592244,976,Qonnect,Diamond 3,0,67,,60,55
976,summoner-10171740,977,Suexa,Diamond 3,0,43,,60,28
977,summoner-8870219,978,GZ Cadence,Diamond 3,0,100,,59,45
978,summoner-8610583,979,ShaIItear,Diamond 3,0,44,,59,61
979,summoner-300644,980,김정은,Diamond 3,0,92,,51,49
980,summoner-1380274,981,Ohgee,Diamond 3,0,57,,49,16
981,summoner-6931874,982,HoIo,Diamond 3,0,44,,49,42
982,summoner-325988,983,The Expanse,Diamond 3,0,43,,42,37
983,summoner-451639,984,Miracle Jgg,Diamond 3,0,126,,38,23
984,summoner-235171,985,Reimú,Diamond 3,0,108,,36,24
985,summoner-365597,986,Alpha Lupi,Diamond 4,100,93,,382,367
986,summoner-302914,987,Legends ND,Diamond 4,100,86,,227,178
987,summoner-590641,988,I Dont Wanna Win,Diamond 4,100,53,,116,110
988,summoner-7680165,989,ORD Lelouch,Diamond 4,100,65,,103,64
989,summoner-8930296,990,P1kaqiu,Diamond 4,100,44,,85,61
990,summoner-5710281,991,SumCookie,Diamond 4,100,52,,84,69
991,summoner-579944,992,OKtiger,Diamond 4,100,44,,72,78
992,summoner-380500,993,Vpn Boi,Diamond 4,100,91,,72,50
993,summoner-315902,994,selphish,Diamond 4,100,83,,66,62
994,summoner-441412,995,QASWEFRGTHJMFDF,Diamond 4,100,103,,52,38
995,summoner-480705,996,Shenaniganzz,Diamond 4,100,45,,50,43
996,summoner-725483,997,BlahblahE,Diamond 4,100,38,,49,48
997,summoner-287737,998,Intent,Diamond 4,100,66,,45,27
998,summoner-8910498,999,One Game,Diamond 4,100,61,,39,31
999,summoner-1811819,1000,C137,Diamond 4,100,59,,38,21
