#timestamp 1529960466603
#date 2018-06-25T21:01:06+00:00
#players 1000
#index,id,rank,name,tier,lp,level,proTeam,win,loss
0,summoner-16534242,1,TF BIade,Challenger,1185,44,,128,51
1,summoner-41710,2,Pix CaritaTriste,Challenger,1144,77,,138,74
2,summoner-5470459,3,LAE xSWRD,Challenger,1082,70,,166,112
3,summoner-95820,4,VírusFx,Challenger,906,91,,132,69
4,summoner-144414,5,Kunou,Challenger,837,98,,136,86
5,summoner-2342030,6,Athyż,Challenger,769,93,,161,120
6,summoner-886644,7,vSack,Challenger,762,93,,191,155
7,summoner-6130219,8,Geohelado,Challenger,750,74,,169,130
8,summoner-2281875,9,Hirotaka Nifuji,Challenger,745,120,,147,114
9,summoner-640255,10,Swifu,Challenger,726,109,,164,124
10,summoner-42749,11,Cliff0,Challenger,723,74,,252,196
11,summoner-418941,12,MadBlade,Challenger,702,69,,189,138
12,summoner-2322700,13,CGC S A M Y 2,Challenger,647,84,,189,146
13,summoner-116294,14,MySunflower Dani,Challenger,644,100,,174,132
14,summoner-48057,15,Luha,Challenger,590,95,,173,144
15,summoner-1157126,16,bubbleman08,Challenger,590,90,,121,88
16,summoner-4571935,17,Fighter1,Challenger,588,46,,150,105
17,summoner-947428,18,TwitchTv Crecre,Challenger,578,89,,239,179
18,summoner-348223,19,Miketsü,Challenger,563,92,,189,156
19,summoner-56961,20,JuanDrd435,Challenger,555,136,,309,264
20,summoner-139862,21,Säth,Challenger,553,127,,197,159
21,summoner-851199,22,SAMMAHEL,Challenger,549,146,,501,467
22,summoner-5494753,23,Zorekk Onii Chan,Challenger,556,76,,151,115
23,summoner-537764,24,Thief of Relics,Challenger,528,87,,153,123
24,summoner-168284,25,SomosAsc0Deduo,Challenger,522,95,,204,178
25,summoner-50080,26,Jujo,Challenger,520,103,,133,91
26,summoner-61520,27,TES ArándanoAzul,Challenger,517,107,,147,104
27,summoner-8801194,28,Hand of Obelisk,Challenger,514,84,,210,171
28,summoner-4591052,29,BloodyLion,Challenger,526,70,,210,171
29,summoner-6291753,30,Güereca,Challenger,506,51,,132,97
30,summoner-176354,31,Crecre,Challenger,492,87,,365,306
31,summoner-941191,32,BoñeIo,Challenger,473,80,,187,154
32,summoner-488562,33,Nezumi,Challenger,450,102,,234,199
33,summoner-44037,34,Trash Game,Challenger,469,86,,150,113
34,summoner-204315,35,lruga,Challenger,446,74,,275,247
35,summoner-1155001,36,el chinguita,Challenger,462,112,,202,169
36,summoner-810373,37,NeoEclipsF0rever,Challenger,462,145,,134,101
37,summoner-75295,38,Her Demon Fenix,Challenger,459,77,,123,96
38,summoner-12830164,39,ØE Fas the Magi,Challenger,449,49,,115,85
39,summoner-153625,40,Haka,Challenger,445,112,,166,138
40,summoner-524840,41,ShyKid,Challenger,445,75,,139,104
41,summoner-2241940,42,GNO UmbraAP,Challenger,443,124,,195,162
42,summoner-4450189,43,tuabuelitaentang,Challenger,443,137,,121,90
43,summoner-392695,44,CGC S A M Y,Challenger,442,79,,212,172
44,summoner-215450,45,CLK1,Challenger,442,63,,209,171
45,summoner-118870,46,Tu Guardián,Challenger,432,107,,151,116
46,summoner-4163836,47,Alex Mercér,Challenger,431,67,,152,129
47,summoner-112541,48,Snòopy,Challenger,428,73,,190,153
48,summoner-10841439,49,LawlietLelouch,Challenger,425,87,,231,204
49,summoner-14101711,50,CGC S A M Y 3,Challenger,421,63,,178,133
50,summoner-4511925,51,KarenCosy,Challenger,416,53,,131,78
51,summoner-5660236,52,KONTOL,Challenger,409,107,,304,273
52,summoner-156320,53,Mikesos,Challenger,407,171,,508,470
53,summoner-331693,54,DarkShark10,Challenger,407,91,,349,318
54,summoner-2501105,55,No Øne,Challenger,406,104,,217,191
55,summoner-403393,56,Un Pinguino Cool,Challenger,398,70,,129,85
56,summoner-13643775,57,PAPAYlTA,Challenger,397,72,,274,242
57,summoner-3480131,58,Doug,Challenger,396,44,,90,39
58,summoner-11610140,59,Stròng,Challenger,392,65,,129,101
59,summoner-98115,60,ReykoPa,Challenger,390,66,,136,112
60,summoner-324984,61,Enryu The Red,Challenger,377,67,,226,180
61,summoner-10233192,62,SaekoUndBlack,Challenger,376,37,,68,12
62,summoner-170093,63,FZXT,Challenger,358,64,,87,54
63,summoner-41224,64,Kanra00,Challenger,357,70,,131,102
64,summoner-2191160,65,MacCuin,Challenger,355,99,,181,153
65,summoner-8604015,66,Darkin,Challenger,352,98,,155,133
66,summoner-1566287,67,KhaelMa,Challenger,351,61,,172,145
67,summoner-127811,68,CG Snow,Challenger,348,120,,465,426
68,summoner-2122221,69,Trippïe Redd,Challenger,346,64,,133,102
69,summoner-5090223,70,Tonight We Hunt,Challenger,342,203,,329,300
70,summoner-1630586,71,Huevø Frito,Challenger,342,105,,160,113
71,summoner-162243,72,Legendary Lee,Challenger,342,58,,78,50
72,summoner-39415,73,Vini,Challenger,334,66,,141,112
73,summoner-211236,74,Sebastien,Challenger,287,69,,202,167
74,summoner-153065,75,mid lane banter,Challenger,326,59,,176,144
75,summoner-75118,76,Soran,Challenger,320,115,,193,166
76,summoner-36473,77,Harahgon,Challenger,314,123,,377,346
77,summoner-210491,78,DGE BLACMAN,Challenger,332,112,,322,307
78,summoner-6653525,79,SuperSave,Challenger,305,122,,193,168
79,summoner-159044,80,Iana del rey,Challenger,300,49,,116,84
80,summoner-7204106,81,TG Re Zaidex,Challenger,297,118,,227,197
81,summoner-1201237,82,Luprin,Challenger,295,76,,74,47
82,summoner-1231471,83,I Aru I,Challenger,294,126,,366,327
83,summoner-213475,84,JesusCA,Challenger,292,64,,266,196
84,summoner-211435,85,Tu Gypsi,Challenger,292,115,,213,182
85,summoner-97956,86,Selfish Bastard,Challenger,292,68,,153,117
86,summoner-622280,87,Fibrah,Challenger,289,46,,126,71
87,summoner-3304652,88,Noctix,Challenger,286,169,,486,444
88,summoner-181794,89,Lumi,Challenger,284,106,,165,149
89,summoner-1361857,90,Bryce Walker,Challenger,280,85,,231,218
90,summoner-919104,91,Maîck,Challenger,277,82,,160,136
91,summoner-11762731,92,Sandër,Challenger,274,112,,169,145
92,summoner-40335,93,Prae,Challenger,271,139,,462,438
93,summoner-213822,94,stay fresh,Challenger,270,104,,284,260
94,summoner-138842,95,I Love Trump,Challenger,292,50,,171,49
95,summoner-7680088,96,Estigia,Challenger,270,103,,114,91
96,summoner-841541,97,MadTedd,Challenger,268,66,,150,125
97,summoner-33732,98,atlanta,Challenger,283,60,,109,86
98,summoner-296596,99,Andrea Motz,Challenger,266,122,,309,280
99,summoner-43897,100,Aletsis,Challenger,265,88,,187,162
100,summoner-157955,101,Daddy Eddie,Challenger,265,58,,142,109
101,summoner-1990286,102,Gekkø,Challenger,264,144,,450,421
102,summoner-5140831,103,Deiv1d,Challenger,258,75,,114,93
103,summoner-15280182,104,Poropops,Challenger,257,50,,81,43
104,summoner-1820423,105,Twitzze,Challenger,255,58,,194,138
105,summoner-626956,106,alboaron,Challenger,241,53,,152,63
106,summoner-800898,107,MuffinsPodridos,Challenger,253,77,,175,130
107,summoner-5660249,108,Soradg,Challenger,253,118,,162,144
108,summoner-1172068,109,Kanye Wesst,Challenger,252,105,,140,119
109,summoner-5572510,110,NeonShy,Challenger,251,103,,257,231
110,summoner-416409,111,Mágaña,Challenger,251,80,,215,199
111,summoner-290915,112,A Sexy Waifu,Challenger,248,100,,156,130
112,summoner-1118998,113,Distortion,Challenger,246,114,,164,138
113,summoner-157956,114,Rìku,Challenger,244,145,,102,79
114,summoner-394180,115,Crystal Molly,Challenger,242,135,,376,348
115,summoner-409468,116,Säikou,Challenger,241,106,,155,137
116,summoner-1070594,117,Lord Strider,Challenger,241,112,,147,122
117,summoner-1356449,118,Rμby,Challenger,239,133,,340,314
118,summoner-597117,119,Fazz,Challenger,239,114,,271,247
119,summoner-33622,120,Lettiot,Challenger,239,93,,122,91
120,summoner-15060130,121,fkin idiot,Challenger,237,55,,148,117
121,summoner-990938,122,Aaronlb,Challenger,236,90,,257,222
122,summoner-3571348,123,paulisTinA,Challenger,235,77,,176,141
123,summoner-174950,124,NoLimit,Challenger,233,67,,144,121
124,summoner-32943,125,Yugí,Challenger,231,62,,130,103
125,summoner-2303376,126,Jikann,Challenger,230,98,,211,188
126,summoner-5651686,127,Duca,Challenger,229,93,,275,255
127,summoner-74750,128,Zcarnet,Challenger,227,95,,166,133
128,summoner-203413,129,Andrew18,Challenger,227,108,,165,142
129,summoner-33593,130,AG siegfred,Challenger,224,77,,138,119
130,summoner-6532932,131,Andresu7,Challenger,222,100,,301,279
131,summoner-523229,132,Supraga,Challenger,221,111,,338,304
132,summoner-156335,133,Kindle,Challenger,220,108,,236,220
133,summoner-65195,134,AnT Roski,Challenger,220,66,,76,50
134,summoner-1159062,135,SGT Sirius Can,Challenger,218,113,,245,232
135,summoner-1323789,136,ZoneDark,Challenger,218,69,,169,154
136,summoner-1051840,137,Olivia,Challenger,218,113,,165,143
137,summoner-43094,138,Rossoneri,Challenger,217,80,,116,88
138,summoner-825215,139,Nishkyu,Challenger,236,74,,253,191
139,summoner-1740857,140,Jauny,Challenger,216,91,,223,173
140,summoner-1385807,141,Low elo trash,Challenger,214,53,,151,120
141,summoner-5020760,142,betatwinz,Challenger,212,44,,67,34
142,summoner-142005,143,clantoz,Challenger,211,91,,158,122
143,summoner-6313454,144,CougarDai,Challenger,210,74,,217,197
144,summoner-1396107,145,24 03 2014,Challenger,209,61,,160,115
145,summoner-5040611,146,Bebé Pinguino,Challenger,209,46,,75,43
146,summoner-135079,147,HandGun,Challenger,206,95,,292,265
147,summoner-1303280,148,Raylú,Challenger,189,123,,249,211
148,summoner-6551467,149,Ytterbium,Challenger,205,59,,151,112
149,summoner-4601043,150,Xpontaneous,Challenger,205,54,,47,18
150,summoner-435308,151,Thelorien,Challenger,203,120,,132,103
151,summoner-9781020,152,SkillHard,Challenger,202,154,,444,434
152,summoner-2133568,153,Dixel,Challenger,200,72,,229,199
153,summoner-161248,154,Huxy,Challenger,196,90,,257,234
154,summoner-5513539,155,TC Bunny,Challenger,195,135,,268,247
155,summoner-6003403,156,betatwins,Challenger,192,118,,376,346
156,summoner-4534154,157,Wb Taco,Challenger,171,112,,134,101
157,summoner-99291,158,Tëmpest,Challenger,191,98,,185,127
158,summoner-14640442,159,PAPAY1TA,Challenger,191,48,,125,82
159,summoner-25753,160,Sh0ckwavee,Challenger,186,47,,61,32
160,summoner-1090707,161,KutarraX,Challenger,184,72,,124,102
161,summoner-4107412,162,BorjaSOAD,Challenger,180,90,,112,87
162,summoner-9173721,163,Blakzx,Challenger,178,96,,150,130
163,summoner-310350,164,GLG Honoka,Challenger,178,61,,124,103
164,summoner-4101200,165,Ainz Ooal GØwn,Challenger,142,149,,635,610
165,summoner-54396,166,MW Star,Challenger,175,140,,155,120
166,summoner-197368,167,Góhan,Challenger,174,53,,116,102
167,summoner-136713,168,ENG yisus,Challenger,172,95,,230,200
168,summoner-208064,169,kodixia,Challenger,172,115,,208,185
169,summoner-540221,170,Meme King,Challenger,171,107,,212,192
170,summoner-171271,171,Pichu,Challenger,169,89,,301,281
171,summoner-16840166,172,BeijingBeef,Challenger,169,57,,196,117
172,summoner-413636,173,VLK Sunriser,Challenger,168,57,,114,79
173,summoner-5710759,174,BlìndWalker,Challenger,167,75,,303,234
174,summoner-174213,175,Ábaddon,Challenger,167,87,,190,167
175,summoner-14610241,176,ltsukakotori,Challenger,166,63,,76,49
176,summoner-1396918,177,TwitchTv Danijrm,Challenger,164,54,,124,87
177,summoner-137657,178,Zethric,Challenger,163,131,,74,42
178,summoner-63089,179,Thundraz,Challenger,161,132,,165,148
179,summoner-1941206,180,JbayJbs,Challenger,160,86,,106,60
180,summoner-3532481,181,Sithys,Challenger,159,149,,151,122
181,summoner-3313144,182,Nirati,Challenger,157,116,,239,182
182,summoner-3143261,183,Sister,Challenger,153,68,,105,81
183,summoner-545546,184,Acuarelas,Challenger,152,106,,128,108
184,summoner-2400971,185,DonPacs,Challenger,150,70,,95,60
185,summoner-74002,186,Nils,Challenger,148,89,,139,124
186,summoner-14690856,187,RoyaumLAN,Challenger,147,73,,268,200
187,summoner-130256,188,Papi Jodin,Challenger,145,72,,206,187
188,summoner-64005,189,Sandroxx,Challenger,143,63,,95,72
189,summoner-366242,190,Amo mis bíceps,Challenger,141,124,,274,259
190,summoner-2260260,191,King Wukong,Challenger,141,113,,141,119
191,summoner-1220127,192,Kanizalez,Challenger,140,95,,245,221
192,summoner-198637,193,Mythical Oberyn,Challenger,123,123,,306,276
193,summoner-12191961,194,S2 Kurama,Challenger,139,104,,278,234
194,summoner-36834,195,EvoleX,Challenger,117,108,,212,211
195,summoner-8581685,196,FLA Kamui,Challenger,102,124,,415,398
196,summoner-117620,197,chimera r2,Challenger,82,97,,309,302
197,summoner-935643,198,Amigo Grifo,Challenger,87,81,,147,137
198,summoner-2601343,199,iFeedMe,Challenger,75,72,,230,219
199,summoner-154798,200,Miguël,Challenger,40,94,,291,260
200,summoner-93056,201,YSalex,Master,157,116,,346,329
201,summoner-361221,202,Krezuel,Master,154,113,,206,198
202,summoner-11577579,203,Juego Solo top,Master,135,74,,158,136
203,summoner-7472180,204,NA Fearuz,Master,133,54,,119,86
204,summoner-1404541,205,TONYTROXES,Master,130,77,,185,160
205,summoner-501216,206,1Rem,Master,126,105,,244,236
206,summoner-4443939,207,Ashtray,Master,123,152,,529,512
207,summoner-177367,208,TOXICCCCCCCCCCCC,Master,146,48,,122,90
208,summoner-93208,209,pxry,Master,120,63,,108,87
209,summoner-6620183,210,Vidal,Master,119,96,,206,190
210,summoner-10341706,211,asth4rotwan,Master,117,103,,178,166
211,summoner-877490,212,Goofy Goober,Master,115,205,,122,96
212,summoner-6250197,213,Hakuryuu Reen,Master,114,83,,273,249
213,summoner-7153584,214,Neitzsche,Master,114,126,,226,188
214,summoner-4311308,215,How to,Master,112,103,,212,189
215,summoner-35651,216,Soul Worker,Master,110,73,,97,80
216,summoner-437429,217,Kyuo,Master,107,99,,75,51
217,summoner-13050146,218,RNG 55open,Master,105,132,,161,139
218,summoner-150582,219,El Dios Guashi,Master,85,82,,252,232
219,summoner-132278,220,rëdnaS,Master,104,52,,151,82
220,summoner-147250,221,Maggatt,Master,103,88,,182,163
221,summoner-3943350,222,Chevîs,Master,102,90,,159,131
222,summoner-1735450,223,Kirâ,Master,101,38,,50,18
223,summoner-2941141,224,JaquenHaghar,Master,100,81,,223,205
224,summoner-13482525,225,StarBunny,Master,100,52,,100,59
225,summoner-531488,226,Carillon,Master,100,57,,70,49
226,summoner-3340222,227,Chiquinquira IJ,Master,98,133,,113,77
227,summoner-1764966,228,CerquilloTilted,Master,96,65,,227,192
228,summoner-14231555,229,Doctrina Egoista,Master,96,53,,134,90
229,summoner-4127893,230,Elekape,Master,86,100,,164,141
230,summoner-1149078,231,Pandas Iove,Master,85,83,,63,45
231,summoner-303207,232,Bebe Shaka,Master,84,150,,283,261
232,summoner-20563,233,add 4 web design,Master,84,85,,204,194
233,summoner-171009,234,PuuRplE,Master,83,111,,203,179
234,summoner-208654,235,Crensil Diva,Master,83,90,,138,109
235,summoner-500822,236,Kuul,Master,83,95,,135,115
236,summoner-438977,237,N l G H T,Master,80,170,,434,418
237,summoner-76695,238,Sterbenn,Master,79,115,,157,133
238,summoner-330609,239,Carlos V,Master,78,106,,423,406
239,summoner-15300174,240,Levis petrus,Master,78,51,,144,86
240,summoner-2052468,241,UnicornG,Master,72,85,,181,169
241,summoner-290618,242,OG Minu,Master,93,94,,143,104
242,summoner-3471888,243,DotheDew,Master,47,147,,299,276
243,summoner-15973031,244,Inli,Master,65,43,,111,64
244,summoner-2544168,245,Líl,Master,62,87,,187,166
245,summoner-126144,246,Te Amo Fanny,Master,62,68,,72,56
246,summoner-62389,247,Dominick,Master,60,101,,244,232
247,summoner-1273292,248,ezpate,Master,59,107,,278,267
248,summoner-90933,249,Núit,Master,59,77,,134,114
249,summoner-3830362,250,MarchedWaif89,Master,57,124,,432,425
250,summoner-3740366,251,Carnage Rules,Master,56,136,,467,459
251,summoner-1546393,252,Jedi Form VII,Master,56,66,,177,145
252,summoner-52722,253,ØE Limitationss,Master,56,49,,69,51
253,summoner-2000186,254,AdLarry,Master,53,69,,180,139
254,summoner-38617,255,Pëanut,Master,53,125,,98,79
255,summoner-629040,256,ØE Tyr,Master,53,71,,69,36
256,summoner-188977,257,Doppel,Master,51,82,,145,130
257,summoner-1571472,258,Soy Paul,Master,51,50,,88,64
258,summoner-152128,259,Extravagance,Master,49,51,,152,126
259,summoner-3720694,260,FnR Kush,Master,48,121,,266,242
260,summoner-945818,261,Santíago,Master,46,68,,127,108
261,summoner-3462881,262,Panda Tom,Master,45,142,,350,335
262,summoner-527786,263,SkyGless,Master,43,87,,303,297
263,summoner-16410630,264,MW Typhoon,Master,42,59,,96,51
264,summoner-210553,265,Aniivia,Master,42,47,,82,59
265,summoner-91326,266,Z Ø Ð I A C,Master,41,97,,283,264
266,summoner-3500800,267,Gweiss ENP,Master,41,101,,273,258
267,summoner-136168,268,Nihilist Örlando,Master,39,108,,345,335
268,summoner-151439,269,ricopolllo,Master,39,108,,284,264
269,summoner-285221,270,iTheEpicReaper,Master,39,80,,140,115
270,summoner-166992,271,SandwichDLechuga,Master,38,103,,236,195
271,summoner-4782124,272,El humilde Yusty,Master,38,62,,185,139
272,summoner-15334874,273,Shìnon,Master,38,57,,175,139
273,summoner-2604044,274,orithkeeper,Master,37,74,,179,164
274,summoner-12950189,275,E Bfriend,Master,37,46,,98,67
275,summoner-280323,276,Cookiezai,Master,36,111,,106,80
276,summoner-4882455,277,Nightwolf9,Master,35,127,,302,278
277,summoner-1164376,278,Momo Hirai,Master,33,92,,302,281
278,summoner-212364,279,VLK Equalizer,Master,32,67,,118,97
279,summoner-1650862,280,Melvox,Master,32,134,,95,60
280,summoner-92697,281,Allign,Master,32,38,,79,29
281,summoner-13180512,282,Dmitri Putin,Master,32,82,,75,46
282,summoner-68678,283,HazärD,Master,29,89,,119,102
283,summoner-1021337,284,King Monaco,Master,27,66,,188,170
284,summoner-876702,285,Regulus no Leo,Master,27,69,,130,110
285,summoner-201606,286,Broodich,Master,6,96,,178,165
286,summoner-14611994,287,Malantë,Master,8,56,,114,91
287,summoner-440349,288,EDGARTOYIN,Master,23,84,,242,227
288,summoner-520325,289,Yaelonu,Master,23,94,,160,145
289,summoner-1540456,290,Feple,Master,21,71,,217,178
290,summoner-372135,291,EL Uber,Master,20,102,,72,51
291,summoner-111038,292,Lesoinne,Master,19,72,,164,142
292,summoner-545911,293,Psicología,Master,18,101,,251,232
293,summoner-77347,294,Codename00,Master,18,59,,177,166
294,summoner-9751556,295,Ing Quimico,Master,17,79,,148,119
295,summoner-139360,296,Darps,Master,16,55,,131,114
296,summoner-4607522,297,Darling,Master,16,45,,83,50
297,summoner-341551,298,Makeuz,Master,13,137,,396,388
298,summoner-11600165,299,Rocket Råccoon,Master,9,133,,159,132
299,summoner-3853491,300,Infamous,Master,5,127,,223,201
300,summoner-615010,301,Top sin TP,Master,4,96,,98,72
301,summoner-329765,302,CentenaryWarrior,Master,0,133,,433,411
302,summoner-9663451,303,Thúnder,Master,0,168,,351,347
303,summoner-1744540,304,Jeff506,Master,0,103,,325,306
304,summoner-488455,305,Bareh,Master,0,96,,285,271
305,summoner-4720242,306,Laxse,Master,0,100,,264,228
306,summoner-5473863,307,Anderkiller76,Master,0,96,,238,219
307,summoner-155309,308,Diretlan,Master,0,81,,225,204
308,summoner-129918,309,El Chuky Lozano,Master,0,119,,199,181
309,summoner-26278,310,AxI,Master,0,71,,194,175
310,summoner-41511,311,LiiiiT,Master,21,59,,184,168
311,summoner-5613974,312,Josh2Play,Master,0,87,,172,138
312,summoner-16321895,313,Drasiel,Master,0,59,,167,120
313,summoner-2871352,314,Old West,Master,0,114,,166,134
314,summoner-523266,315,Protego,Master,0,106,,163,140
315,summoner-433265,316,Lord 4SaKeN,Master,0,95,,162,147
316,summoner-2213274,317,Pervertito,Master,0,64,,159,148
317,summoner-4903905,318,RafflesGaming,Master,0,84,,150,135
318,summoner-22299,319,Redscorpy,Master,0,139,,147,127
319,summoner-452765,320,ill kms,Master,0,55,,145,111
320,summoner-3931575,321,Lann,Master,0,125,,129,103
321,summoner-7880294,322,TES PinkGoat,Master,0,92,,123,109
322,summoner-431286,323,Biboom,Master,0,73,,112,86
323,summoner-815305,324,Nea,Master,0,101,,103,88
324,summoner-5932534,325,Noriel,Master,0,47,,88,65
325,summoner-562204,326,Zask,Master,0,66,,39,15
326,summoner-8153304,327,MòöMöóMiLK,Diamond 1,100,140,,474,468
327,summoner-179912,328,JUANDJ0,Diamond 1,100,112,,316,303
328,summoner-1159889,329,Hamy,Diamond 1,100,99,,253,226
329,summoner-4601098,330,CSGblackrock,Diamond 1,100,85,,217,195
330,summoner-28055,331,Redkaz,Diamond 1,100,108,,184,151
331,summoner-119001,332,Scythes,Diamond 1,100,79,,170,150
332,summoner-593537,333,Nasus top orfeed,Diamond 1,100,106,,155,137
333,summoner-144467,334,Chucknight,Diamond 1,100,94,,144,128
334,summoner-941797,335,Tiltalin,Diamond 1,100,69,,130,97
335,summoner-130561,336,Xilss,Diamond 1,100,93,,110,82
336,summoner-219008,337,Shadesu,Diamond 1,100,74,,99,66
337,summoner-423742,338,Sanha,Diamond 1,100,127,,97,68
338,summoner-1777510,339,KR0 Nian,Diamond 1,100,81,,86,66
339,summoner-2630739,340,Kitorinho,Diamond 1,100,47,,62,41
340,summoner-2084890,341,chapaliku,Diamond 1,100,87,,44,27
341,summoner-40012,342,Lloyd12,Diamond 1,99,69,,53,22
342,summoner-288785,343,Ásura,Diamond 1,97,115,,264,252
343,summoner-177587,344,Fallouch,Diamond 1,97,115,,157,140
344,summoner-303787,345,Fatal,Diamond 1,97,67,,75,59
345,summoner-7132675,346,Justin LFT 2,Diamond 1,97,41,,58,29
346,summoner-1531157,347,Dobleshot,Diamond 1,96,60,,172,117
347,summoner-153891,348,Dkram,Diamond 1,96,66,,127,115
348,summoner-284287,349,Rangerswer,Diamond 1,96,90,,106,92
349,summoner-873834,350,Ricardo Motta,Diamond 1,96,69,,79,66
350,summoner-1292652,351,l  Jamon  l,Diamond 1,95,95,,116,97
351,summoner-9974185,352,Tilted Meteoro,Diamond 1,95,44,,42,18
352,summoner-10842590,353,edwinkirito LAN,Diamond 1,94,78,,130,118
353,summoner-652463,354,Amnesía,Diamond 1,93,99,,162,142
354,summoner-365511,355,Eudus,Diamond 1,92,99,,143,112
355,summoner-3520800,356,xamexxdroxer,Diamond 1,91,102,,150,129
356,summoner-37636,357,LEITSAK,Diamond 1,90,93,,198,160
357,summoner-333945,358,Alex Ov,Diamond 1,90,72,,189,185
358,summoner-8341551,359,Lankor,Diamond 1,90,99,,158,147
359,summoner-2343019,360,ARTIFIZES,Diamond 1,90,61,,151,132
360,summoner-4621033,361,Red Trainer,Diamond 1,90,55,,133,105
361,summoner-426366,362,Saving,Diamond 1,90,50,,108,74
362,summoner-676489,363,Inky Veil,Diamond 1,90,65,,97,53
363,summoner-4902286,364,Fürer Reich,Diamond 1,90,55,,85,69
364,summoner-60466,365,N5 Garçon,Diamond 1,90,84,,63,50
365,summoner-293255,366,Devoch,Diamond 1,90,87,,58,32
366,summoner-1152178,367,Jose12gab,Diamond 1,90,37,,58,19
367,summoner-9974340,368,DeriD,Diamond 1,90,60,,42,26
368,summoner-427397,369,Zonixer,Diamond 1,88,83,,58,39
369,summoner-1397595,370,skarche31,Diamond 1,87,53,,170,75
370,summoner-657505,371,TU JEFA,Diamond 1,87,69,,140,104
371,summoner-670630,372,Yuuna,Diamond 1,87,63,,115,80
372,summoner-36323,373,pokemexta2,Diamond 1,87,53,,75,56
373,summoner-217410,374,WhitDude,Diamond 1,85,90,,154,138
374,summoner-920105,375,Softdrink870,Diamond 1,85,85,,138,101
375,summoner-397019,376,lJuanma,Diamond 1,85,110,,129,106
376,summoner-9673380,377,Netzukadas,Diamond 1,85,67,,117,79
377,summoner-908592,378,Menfrox,Diamond 1,85,50,,96,67
378,summoner-1595762,379,Isá Dainsleif,Diamond 1,84,140,,321,308
379,summoner-622005,380,Miss Pamela Chu,Diamond 1,84,68,,91,76
380,summoner-16132471,381,Almondia,Diamond 1,83,41,,81,39
381,summoner-128460,382,Slayer galactico,Diamond 1,82,63,,125,109
382,summoner-138251,383,Quesíto,Diamond 1,82,130,,77,62
383,summoner-1367691,384,CatSempai,Diamond 1,82,38,,48,24
384,summoner-204170,385,Shykop,Diamond 1,82,65,,45,26
385,summoner-55801,386,Fufu v2,Diamond 1,81,101,,357,320
386,summoner-1531657,387,Fallen IV,Diamond 1,81,107,,245,227
387,summoner-1775562,388,White Nightmare,Diamond 1,81,96,,126,106
388,summoner-178768,389,Johan1g,Diamond 1,80,113,,581,539
389,summoner-530613,390,Potluck,Diamond 1,80,82,,66,49
390,summoner-16830174,391,HambertHM,Diamond 1,78,54,,102,71
391,summoner-15891692,392,Santi Rank 1,Diamond 1,78,45,,100,66
392,summoner-11530278,393,NiñoRata463,Diamond 1,77,73,,165,147
393,summoner-292776,394,No juego lol,Diamond 1,77,54,,126,107
394,summoner-537831,395,N5 Rach,Diamond 1,77,74,,114,97
395,summoner-3190222,396,rub,Diamond 1,77,71,,58,31
396,summoner-670775,397,Shieldworm,Diamond 1,76,113,,271,262
397,summoner-3324306,398,xXAKILESVAESTAXx,Diamond 1,76,64,,104,55
398,summoner-328354,399,dont noobs,Diamond 1,76,71,,73,60
399,summoner-104671,400,ZelCross,Diamond 1,75,102,,325,306
400,summoner-7647944,401,Feeple,Diamond 1,75,79,,275,212
401,summoner-557073,402,C3 RedMagic,Diamond 1,75,73,,261,226
402,summoner-12692888,403,Lucian ADC,Diamond 1,75,71,,254,211
403,summoner-85590,404,Pikachu gr,Diamond 1,75,79,,248,232
404,summoner-1790148,405,AQUILESCANTO2,Diamond 1,75,104,,218,189
405,summoner-119645,406,MTH AlBREIK,Diamond 1,75,114,,211,181
406,summoner-40147,407,Diamond Stuck,Diamond 1,75,148,,206,189
407,summoner-10020131,408,z z,Diamond 1,75,102,,163,132
408,summoner-674461,409,1hollow3,Diamond 1,75,64,,159,137
409,summoner-58615,410,Chomi  µ,Diamond 1,75,87,,153,123
410,summoner-28881,411,Killastorm,Diamond 1,75,67,,151,128
411,summoner-14375080,412,appohC,Diamond 1,75,51,,148,94
412,summoner-14745216,413,Kaizeneka A,Diamond 1,75,66,,144,108
413,summoner-3182235,414,SoloAlguien,Diamond 1,75,112,,143,147
414,summoner-16270127,415,TheFakerRD,Diamond 1,75,75,,140,111
415,summoner-109838,416,Terquito,Diamond 1,75,89,,134,108
416,summoner-15180136,417,Fikuwu,Diamond 1,75,72,,131,106
417,summoner-198009,418,T 4 R Z A N,Diamond 1,75,51,,129,96
418,summoner-9632211,419,pentakill1997,Diamond 1,75,69,,128,48
419,summoner-200362,420,Bruse Waynex,Diamond 1,75,47,,127,77
420,summoner-212665,421,Wolf Franky,Diamond 1,75,52,,126,102
421,summoner-32016,422,H O R A T I T O,Diamond 1,75,66,,124,107
422,summoner-292746,423,Hakie,Diamond 1,75,67,,121,92
423,summoner-73125,424,LeftALone,Diamond 1,75,98,,120,89
424,summoner-1042775,425,Whité,Diamond 1,75,60,,115,94
425,summoner-13311629,426,Diginerg,Diamond 1,75,47,,110,75
426,summoner-4113436,427,Kc TeamRem,Diamond 1,75,88,,107,81
427,summoner-3680243,428,MichaelXBoyser,Diamond 1,75,56,,106,50
428,summoner-142400,429,Sxecurity,Diamond 1,75,63,,101,81
429,summoner-2033825,430,öttovaG,Diamond 1,75,51,,95,56
430,summoner-58310,431,LennyLeonard,Diamond 1,75,68,,92,61
431,summoner-2622412,432,TwchTV ARRRmando,Diamond 1,75,47,,90,71
432,summoner-615119,433,Khorix,Diamond 1,75,65,,86,71
433,summoner-2831773,434,The King McFly,Diamond 1,75,117,,80,58
434,summoner-1315791,435,NeeeerzhuL,Diamond 1,75,59,,78,44
435,summoner-2230732,436,RIP XXXTENTACION,Diamond 1,75,43,,75,32
436,summoner-1620159,437,IcyDrak,Diamond 1,75,41,,72,42
437,summoner-1549064,438,EL CAPO DE LAN,Diamond 1,75,49,,66,49
438,summoner-31930,439,SIushi,Diamond 1,75,54,,55,30
439,summoner-3104008,440,Deadly Insanity,Diamond 1,74,107,,152,136
440,summoner-6083542,441,Avhernox,Diamond 1,74,58,,93,74
441,summoner-15452277,442,TwTv Danijrm,Diamond 1,74,41,,69,31
442,summoner-2231373,443,DoomwaR,Diamond 1,73,100,,357,342
443,summoner-9170369,444,CannabisJah,Diamond 1,73,57,,164,104
444,summoner-1377608,445,Nukter xD 69,Diamond 1,73,87,,156,151
445,summoner-3574195,446,Phyrfns,Diamond 1,73,75,,82,71
446,summoner-47969,447,Genarox Kid,Diamond 1,73,79,,78,51
447,summoner-5002722,448,CaptainElroy,Diamond 1,72,60,,229,182
448,summoner-63556,449,Bolita Erótica,Diamond 1,71,92,,170,155
449,summoner-391560,450,Mataz,Diamond 1,70,69,,127,114
450,summoner-325957,451,RèiN,Diamond 1,70,70,,101,78
451,summoner-15070212,452,BirdsInTheTrap,Diamond 1,70,48,,101,43
452,summoner-203336,453,Akjester,Diamond 1,69,83,,117,96
453,summoner-2062267,454,NickArc,Diamond 1,69,124,,114,89
454,summoner-148297,455,20141231,Diamond 1,68,160,,409,399
455,summoner-281221,456,Guerecaxd,Diamond 1,68,58,,121,104
456,summoner-181695,457,0utsider,Diamond 1,68,75,,104,82
457,summoner-1523085,458,matadorcirijiyo,Diamond 1,68,102,,91,77
458,summoner-77266,459,LaslwS,Diamond 1,67,102,,340,334
459,summoner-3854339,460,Pokemon Champion,Diamond 1,67,109,,124,83
460,summoner-1033036,461,Ichiik46,Diamond 1,67,58,,111,90
461,summoner-166210,462,Sycotiz,Diamond 1,67,60,,82,64
462,summoner-8644313,463,BIackPink,Diamond 1,67,40,,46,14
463,summoner-30776,464,Romeroski,Diamond 1,66,160,,533,520
464,summoner-464920,465,MLS Alowake,Diamond 1,66,151,,209,193
465,summoner-427873,466,Develion,Diamond 1,66,99,,120,105
466,summoner-415789,467,Not single btw,Diamond 1,66,67,,42,25
467,summoner-1755142,468,King Kittan,Diamond 1,65,82,,252,236
468,summoner-42513,469,El Paté Centeno,Diamond 1,65,64,,131,98
469,summoner-5890190,470,Hidden Clone,Diamond 1,65,85,,63,46
470,summoner-813006,471,agosaurio,Diamond 1,64,108,,279,260
471,summoner-9710161,472,King of the Lane,Diamond 1,64,64,,196,177
472,summoner-1553487,473,The Crimson Star,Diamond 1,64,94,,138,115
473,summoner-7874080,474,Verathrim,Diamond 1,64,103,,96,79
474,summoner-362379,475,Tawwuh,Diamond 1,63,114,,374,349
475,summoner-552760,476,KC MidSlayer,Diamond 1,62,94,,169,143
476,summoner-168313,477,Reformed Adc,Diamond 1,62,55,,122,107
477,summoner-3974507,478,FNX Murdock,Diamond 1,61,90,,216,199
478,summoner-1597161,479,WET Granjero,Diamond 1,61,87,,216,203
479,summoner-15030694,480,GankedByElChapo,Diamond 1,61,71,,212,169
480,summoner-4118306,481,0XxCarlitosxX0,Diamond 1,61,83,,179,76
481,summoner-145911,482,tactics88,Diamond 1,61,48,,57,33
482,summoner-3734374,483,Féng,Diamond 1,61,45,,57,26
483,summoner-73140,484,asdadasdasda,Diamond 1,61,63,,47,37
484,summoner-3834209,485,Dya,Diamond 1,60,116,,108,81
485,summoner-6610179,486,TheFenixx,Diamond 1,60,46,,87,69
486,summoner-12571167,487,NerF reckles,Diamond 1,59,63,,120,105
487,summoner-935464,488,Devours Bread,Diamond 1,59,115,,115,95
488,summoner-550619,489,Zörek,Diamond 1,59,66,,72,54
489,summoner-7590935,490,El Lobo,Diamond 1,58,145,,163,138
490,summoner-137644,491,ENG Riverbear,Diamond 1,58,95,,133,114
491,summoner-2190509,492,Hugrock,Diamond 1,58,85,,109,99
492,summoner-68704,493,HellAngeal,Diamond 1,58,54,,105,84
493,summoner-409526,494,ClockworkApricot,Diamond 1,57,88,,324,282
494,summoner-16390137,495,na secret eboy,Diamond 1,57,85,,228,211
495,summoner-378426,496,Ssahka ll,Diamond 1,56,91,,284,278
496,summoner-1524175,497,VTR,Diamond 1,56,89,,165,154
497,summoner-13340794,498,KZ Hyacinth,Diamond 1,56,58,,132,51
498,summoner-1559417,499,Hserul,Diamond 1,56,69,,99,86
499,summoner-2290591,500,Suck My Lantern,Diamond 1,56,98,,96,62
500,summoner-180439,501,theppcharlie,Diamond 1,56,79,,85,72
501,summoner-572077,502,2v diplo dog,Diamond 1,56,77,,85,61
502,summoner-4115179,503,She said yes,Diamond 1,55,82,,314,311
503,summoner-4068954,504,xAEvi,Diamond 1,55,58,,134,68
504,summoner-665310,505,HI IM NIGLET,Diamond 1,55,72,,125,108
505,summoner-157102,506,Jairomedusa,Diamond 1,54,73,,160,144
506,summoner-1783769,507,KSV CoreJJ,Diamond 1,54,61,,116,99
507,summoner-133109,508,Justlikethat,Diamond 1,54,67,,105,92
508,summoner-1582421,509,MartinSON,Diamond 1,53,99,,317,304
509,summoner-1537815,510,Paziionate,Diamond 1,53,66,,223,208
510,summoner-6813892,511,is dat her,Diamond 1,53,37,,40,14
511,summoner-71556,512,iHueco,Diamond 1,52,97,,201,181
512,summoner-4561887,513,Rapid,Diamond 1,52,76,,173,160
513,summoner-1104107,514,delot,Diamond 1,52,67,,96,89
514,summoner-7301392,515,xEAvi,Diamond 1,52,91,,66,47
515,summoner-5272961,516,Holles,Diamond 1,52,80,,57,40
516,summoner-89757,517,Nosco,Diamond 1,51,72,,223,205
517,summoner-1733010,518,DoMiNiUs500,Diamond 1,51,83,,161,146
518,summoner-7021902,519,Mogwai,Diamond 1,51,61,,100,72
519,summoner-890345,520,SR    SALVA,Diamond 1,50,147,,416,377
520,summoner-52152,521,TwTv Tisshotzoh,Diamond 1,50,97,,336,313
521,summoner-340565,522,Lp3 Nyeloh,Diamond 1,50,121,,319,307
522,summoner-15273073,523,Hroudberht,Diamond 1,50,65,,259,227
523,summoner-190354,524,Synergy,Diamond 1,50,64,,254,226
524,summoner-12040150,525,Amianto,Diamond 1,50,101,,251,248
525,summoner-8584366,526,AmanfromtheMoon,Diamond 1,50,69,,245,189
526,summoner-335564,527,Pudge xd,Diamond 1,50,76,,244,211
527,summoner-15960146,528,Angelus,Diamond 1,50,63,,224,189
528,summoner-2460494,529,El Pecueca,Diamond 1,50,77,,211,164
529,summoner-270388,530,VizAbuelo,Diamond 1,50,106,,206,188
530,summoner-2222342,531,Márth,Diamond 1,50,73,,184,166
531,summoner-139550,532,Only Cat,Diamond 1,50,79,,177,161
532,summoner-25434,533,WET Varzinso,Diamond 1,50,99,,156,135
533,summoner-102290,534,Heimy,Diamond 1,50,67,,141,123
534,summoner-5702867,535,Eve Látigo Cepa,Diamond 1,50,74,,131,107
535,summoner-11180231,536,IrresistibIe,Diamond 1,50,65,,130,103
536,summoner-810941,537,vampirin,Diamond 1,50,141,,129,111
537,summoner-2620557,538,Uzzzi,Diamond 1,50,54,,128,123
538,summoner-90648,539,DiosDelCielo,Diamond 1,50,73,,120,110
539,summoner-31652,540,El MotoTaxi,Diamond 1,50,129,,112,93
540,summoner-155909,541,KON EscanØr,Diamond 1,50,65,,110,88
541,summoner-3320859,542,Mírai,Diamond 1,50,191,,101,82
542,summoner-205568,543,fat,Diamond 1,50,49,,99,81
543,summoner-181355,544,Enanoks,Diamond 1,50,85,,94,87
544,summoner-2075465,545,PiniMinero,Diamond 1,50,97,,93,79
545,summoner-12710145,546,Brutak,Diamond 1,50,44,,84,66
546,summoner-426368,547,Black Fist,Diamond 1,50,77,,83,73
547,summoner-1107797,548,Kuchurrumin,Diamond 1,50,56,,73,55
548,summoner-388914,549,Teddyy Kun,Diamond 1,50,109,,64,46
549,summoner-1103782,550,Fonck,Diamond 1,50,59,,46,39
550,summoner-312340,551,FORONDA TU PAPÁ,Diamond 1,49,113,,243,216
551,summoner-14739158,552,SKT 1 Fakerr,Diamond 1,49,53,,143,105
552,summoner-427651,553,CG Leid,Diamond 1,49,77,,139,86
553,summoner-13150129,554,Scorpio X,Diamond 1,49,44,,87,41
554,summoner-2061006,555,l tsubaki l,Diamond 1,48,47,,112,96
555,summoner-8024235,556,Blasnais,Diamond 1,47,91,,86,67
556,summoner-620623,557,Gabi,Diamond 1,46,78,,132,117
557,summoner-4536116,558,demolder4510,Diamond 1,46,109,,93,65
558,summoner-6650972,559,Soraley,Diamond 1,46,41,,45,22
559,summoner-1166799,560,HítmonLee,Diamond 1,45,133,,451,452
560,summoner-1114939,561,Enchanting Fox,Diamond 1,45,144,,96,82
561,summoner-57319,562,Usell,Diamond 1,45,71,,90,68
562,summoner-660795,563,Seshúdoishy,Diamond 1,44,122,,237,213
563,summoner-327704,564,Dr Mister Señor,Diamond 1,44,52,,122,97
564,summoner-2183324,565,Morty2,Diamond 1,44,62,,115,98
565,summoner-616451,566,lHayl,Diamond 1,43,67,,168,108
566,summoner-6150207,567,Omega,Diamond 1,43,92,,142,129
567,summoner-400742,568,Pacha De Cacique,Diamond 1,43,82,,126,125
568,summoner-6060805,569,Dulce Pepinillo,Diamond 1,43,73,,121,92
569,summoner-1586060,570,DAVIIXZ,Diamond 1,43,49,,117,71
570,summoner-49094,571,Aione,Diamond 1,42,127,,440,434
571,summoner-1523251,572,Aracnidoso,Diamond 1,42,61,,191,145
572,summoner-436358,573,À N U N N A K I,Diamond 1,42,92,,91,68
573,summoner-284096,574,ADC 2K17,Diamond 1,42,69,,65,59
574,summoner-2023328,575,Mid ABUSER,Diamond 1,41,115,,245,223
575,summoner-1802879,576,legendario2,Diamond 1,41,74,,141,130
576,summoner-139973,577,Blanc Chains,Diamond 1,41,188,,127,109
577,summoner-1165031,578,l   Revólver  l,Diamond 1,41,73,,106,94
578,summoner-3445115,579,Ariana,Diamond 1,41,55,,76,30
579,summoner-2853493,580,Salsami,Diamond 1,40,137,,432,431
580,summoner-1577866,581,El2Dios,Diamond 1,40,130,,306,298
581,summoner-9841766,582,YugiLAN,Diamond 1,40,65,,152,126
582,summoner-904554,583,Random Marksman,Diamond 1,40,59,,101,74
583,summoner-297928,584,XoniCC,Diamond 1,38,92,,248,229
584,summoner-4773531,585,miiller,Diamond 1,37,124,,390,379
585,summoner-895621,586,blakyu,Diamond 1,37,86,,135,124
586,summoner-5850853,587,Mø Nôctürnê Nø,Diamond 1,37,104,,104,86
587,summoner-49588,588,Issei,Diamond 1,36,80,,200,182
588,summoner-13212405,589,Memox JnmR,Diamond 1,36,75,,199,188
589,summoner-95053,590,Im Josho,Diamond 1,36,73,,155,129
590,summoner-8161206,591,Qwertyuiop1615,Diamond 1,36,108,,139,115
591,summoner-383095,592,Simon Wrynn,Diamond 1,36,113,,73,51
592,summoner-284782,593,TrashADCMeta,Diamond 1,35,89,,206,170
593,summoner-2381658,594,Sad Bünny,Diamond 1,35,145,,195,185
594,summoner-536641,595,NxL Tyròn,Diamond 1,35,76,,147,126
595,summoner-811460,596,Raél,Diamond 1,35,111,,135,125
596,summoner-89554,597,Levis,Diamond 1,35,75,,108,102
597,summoner-407192,598,Saiito,Diamond 1,35,109,,96,76
598,summoner-6233600,599,Fearuz,Diamond 1,35,47,,81,58
599,summoner-2812518,600,Betty n Jughead,Diamond 1,34,113,,386,361
600,summoner-945098,601,xShinra,Diamond 1,34,108,,240,221
601,summoner-2052952,602,Beyond,Diamond 1,34,96,,218,207
602,summoner-585104,603,Xory,Diamond 1,34,106,,184,170
603,summoner-89215,604,Chemamey Annie,Diamond 1,34,100,,173,154
604,summoner-3972181,605,JorgeFalcon,Diamond 1,34,124,,75,59
605,summoner-3353886,606,IN2U,Diamond 1,34,79,,53,24
606,summoner-1240313,607,Böb Toronja,Diamond 1,33,112,,359,346
607,summoner-2460760,608,Cardi Hellshok B,Diamond 1,33,97,,144,134
608,summoner-4180164,609,IIWolfII,Diamond 1,33,119,,98,82
609,summoner-105061,610,brigde,Diamond 1,32,66,,139,109
610,summoner-75351,611,Jalou,Diamond 1,32,63,,126,115
611,summoner-84412,612,Garnidelia,Diamond 1,32,110,,125,118
612,summoner-2833877,613,Wåndering,Diamond 1,31,112,,292,274
613,summoner-2075139,614,Fąng,Diamond 1,31,85,,230,222
614,summoner-102547,615,Billyjimi,Diamond 1,31,94,,217,208
615,summoner-559229,616,EdBars,Diamond 1,31,73,,123,109
616,summoner-203508,617,Zeus sekin,Diamond 1,30,67,,236,216
617,summoner-1404528,618,CDA Simi,Diamond 1,30,71,,124,98
618,summoner-66356,619,Valente,Diamond 1,30,91,,49,26
619,summoner-12410942,620,øAzin,Diamond 1,29,90,,328,283
620,summoner-3652306,621,Rkman,Diamond 1,28,87,,131,108
621,summoner-40541,622,NeiI,Diamond 1,27,158,,286,269
622,summoner-126471,623,Darkrastar,Diamond 1,27,95,,245,212
623,summoner-173842,624,Drestik,Diamond 1,27,83,,199,197
624,summoner-129455,625,Zutter,Diamond 1,27,121,,69,46
625,summoner-400575,626,IguanaEmbarazada,Diamond 1,27,99,,65,53
626,summoner-5463135,627,Arepin,Diamond 1,26,103,,304,296
627,summoner-45479,628,Agape,Diamond 1,26,91,,208,196
628,summoner-15475985,629,Quve,Diamond 1,26,65,,137,87
629,summoner-5473629,630,Koko Hekmatier,Diamond 1,25,77,,210,186
630,summoner-22108,631,Mr Clean,Diamond 1,25,83,,197,177
631,summoner-388374,632,GodSebas,Diamond 1,25,94,,153,126
632,summoner-15221435,633,keurig cup,Diamond 1,25,50,,152,98
633,summoner-205974,634,Wolf Karsa,Diamond 1,25,71,,144,128
634,summoner-6470902,635,Kouke,Diamond 1,25,51,,134,109
635,summoner-2114861,636,abcquiumein,Diamond 1,25,98,,103,64
636,summoner-168175,637,Ruma 01,Diamond 1,25,50,,72,44
637,summoner-13764499,638,Anlvia Guy,Diamond 1,25,41,,57,29
638,summoner-6663290,639,Anbμ,Diamond 1,24,75,,237,191
639,summoner-853257,640,Luhe,Diamond 1,24,62,,166,125
640,summoner-585102,641,OliviaNyan,Diamond 1,23,60,,121,90
641,summoner-75143,642,Frankyyy,Diamond 1,23,88,,93,75
642,summoner-142533,643,Ren ˇuˇ,Diamond 1,23,74,,54,46
643,summoner-1286229,644,madbrizk,Diamond 1,22,103,,307,292
644,summoner-10283850,645,holaquehacelol 2,Diamond 1,22,94,,155,114
645,summoner-69881,646,Nickleaf,Diamond 1,22,70,,132,110
646,summoner-3865079,647,DleGo,Diamond 1,22,88,,126,112
647,summoner-70963,648,MW Tai,Diamond 1,21,89,,131,90
648,summoner-3421358,649,Wazabie,Diamond 1,21,69,,128,71
649,summoner-80398,650,Vipér,Diamond 1,21,80,,109,98
650,summoner-2162915,651,AsprosDeGéminis,Diamond 1,21,48,,102,78
651,summoner-136704,652,Wånheda,Diamond 1,21,52,,66,42
652,summoner-91485,653,Ësperanza,Diamond 1,21,70,,55,36
653,summoner-683204,654,BlackEngel24,Diamond 1,20,156,,610,622
654,summoner-2301170,655,afreeca,Diamond 1,20,119,,112,105
655,summoner-35658,656,Tomoya san,Diamond 1,2,60,,97,79
656,summoner-11081519,657,Metal Upa,Diamond 1,20,98,,85,62
657,summoner-177305,658,God Mata,Diamond 1,20,48,,83,65
658,summoner-4211874,659,Cefiro,Diamond 1,20,76,,45,26
659,summoner-158371,660,Hienas,Diamond 1,19,131,,348,335
660,summoner-822693,661,Fk This Game,Diamond 1,19,119,,255,229
661,summoner-3894169,662,Fotógrafo de XV,Diamond 1,19,118,,214,172
662,summoner-164716,663,Oblïvïon,Diamond 1,19,92,,187,180
663,summoner-610872,664,Kinnes,Diamond 1,19,90,,93,66
664,summoner-36118,665,eldonas,Diamond 1,18,65,,165,154
665,summoner-137036,666,Nagûra,Diamond 1,18,69,,140,126
666,summoner-878013,667,Im xDeathstrokex,Diamond 1,18,118,,134,109
667,summoner-2912867,668,YuphetS,Diamond 1,18,107,,97,73
668,summoner-661943,669,Raf4s06,Diamond 1,18,75,,88,77
669,summoner-60242,670,NightRD Chelsea,Diamond 1,18,92,,80,55
670,summoner-4760941,671,Beibi Rekkles,Diamond 1,17,118,,274,256
671,summoner-3551662,672,Condon,Diamond 1,17,81,,180,163
672,summoner-8031494,673,Ráider,Diamond 1,17,106,,133,126
673,summoner-6521234,674,God of Talon,Diamond 1,17,64,,120,88
674,summoner-321958,675,Míkoto,Diamond 1,17,62,,107,84
675,summoner-3464376,676,RV ExiliumSword,Diamond 1,17,57,,97,80
676,summoner-125839,677,Cm TzunK,Diamond 1,17,60,,92,73
677,summoner-207719,678,Wolf Harahel,Diamond 1,17,56,,40,28
678,summoner-92599,679,BréaK,Diamond 1,16,172,,413,388
679,summoner-1594793,680,momo354,Diamond 1,16,60,,196,145
680,summoner-1118350,681,rey naturaleza,Diamond 1,16,100,,173,160
681,summoner-617233,682,Minecraft,Diamond 1,16,58,,71,58
682,summoner-4524374,683,GO Chorla,Diamond 1,15,109,,281,255
683,summoner-1376330,684,JuanStan,Diamond 1,15,103,,265,258
684,summoner-853456,685,92 Explorer,Diamond 1,15,71,,263,244
685,summoner-72516,686,MedusaDeMar,Diamond 1,15,76,,251,245
686,summoner-7412387,687,Nymphia,Diamond 1,15,40,,57,29
687,summoner-440660,688,Ninjor,Diamond 1,14,93,,366,361
688,summoner-529633,689,FLA YIYA,Diamond 1,14,100,,202,194
689,summoner-4900157,690,Stiyl Izayoi,Diamond 1,12,85,,339,320
690,summoner-294748,691,Muzeh,Diamond 1,27,78,,124,114
691,summoner-1213846,692,Tefi Baka,Diamond 1,12,97,,97,96
692,summoner-7583100,693,Sigil of Balance,Diamond 1,12,44,,87,56
693,summoner-16070139,694,Pyrople,Diamond 1,12,39,,74,37
694,summoner-152094,695,Hiko Lako,Diamond 1,11,77,,182,160
695,summoner-6213262,696,Líkkrit,Diamond 1,11,47,,85,71
696,summoner-21314,697,JeiiZe,Diamond 1,10,57,,92,86
697,summoner-1527045,698,Fupa Milkbone,Diamond 1,10,44,,86,45
698,summoner-1620236,699,Gravy Milkshake,Diamond 1,9,44,,98,43
699,summoner-6292617,700,Tom Lücitor,Diamond 1,9,89,,92,85
700,summoner-10404302,701,Atomz999,Diamond 1,8,61,,184,115
701,summoner-15264702,702,OscarSolisG,Diamond 1,7,54,,132,84
702,summoner-16521947,703,Jungle Pressure,Diamond 1,7,42,,94,59
703,summoner-8003974,704,128 BPM,Diamond 1,6,60,,136,123
704,summoner-10935968,705,R7 PapiSosa,Diamond 1,6,56,,111,90
705,summoner-3822031,706,Savage Drahga,Diamond 1,5,67,,73,69
706,summoner-378449,707,Khey,Diamond 1,4,98,,294,281
707,summoner-2932738,708,Lord Shura,Diamond 1,4,92,,224,214
708,summoner-15433376,709,Draknion,Diamond 1,3,64,,166,125
709,summoner-7230132,710,lBUBUl,Diamond 1,2,99,,206,197
710,summoner-6333065,711,EsojLeugim,Diamond 1,2,63,,196,136
711,summoner-35658,712,Tomoya san,Diamond 1,2,60,,97,79
712,summoner-1090486,713,Boloman,Diamond 1,1,78,,99,89
713,summoner-9222218,714,xDaCh,Diamond 1,0,153,,552,510
714,summoner-8341082,715,Master Shifu,Diamond 1,0,126,,371,362
715,summoner-1801041,716,PDS Notorious,Diamond 1,0,110,,369,354
716,summoner-2074323,717,Lupo Bianco,Diamond 1,0,120,,362,352
717,summoner-157951,718,Tav,Diamond 1,0,137,,360,346
718,summoner-3651645,719,No soy Nishkyu,Diamond 1,0,124,,338,328
719,summoner-44735,720,Murmullo,Diamond 1,0,117,,304,282
720,summoner-201602,721,EternityBeast,Diamond 1,0,87,,293,283
721,summoner-85582,722,ZamirZenNt,Diamond 1,0,99,,284,242
722,summoner-153143,723,Jhiinso,Diamond 1,0,118,,259,235
723,summoner-156822,724,Rafaelito15,Diamond 1,0,102,,255,245
724,summoner-3760707,725,Coca de 600ml,Diamond 1,0,99,,230,220
725,summoner-2603639,726,Fractures,Diamond 1,0,122,,228,230
726,summoner-2120351,727,Benns,Diamond 1,0,130,,222,205
727,summoner-203629,728,Lobo Gélido,Diamond 1,0,91,,222,210
728,summoner-74438,729,Purry,Diamond 1,0,95,,220,234
729,summoner-1061148,730,TwTv elbananolol,Diamond 1,0,91,,218,224
730,summoner-615288,731,STL Eifront,Diamond 1,0,91,,216,206
731,summoner-14422529,732,Sensei Totyx,Diamond 1,0,146,,214,201
732,summoner-9991796,733,Esaeon,Diamond 1,0,70,,214,218
733,summoner-10470148,734,IShockk,Diamond 1,0,105,,213,196
734,summoner-29426,735,FnR Zefdi,Diamond 1,0,113,,196,178
735,summoner-95768,736,King of Memes,Diamond 1,0,88,,196,181
736,summoner-4621038,737,iSeltzer,Diamond 1,0,74,,194,150
737,summoner-667937,738,Mr Cymbal Monkey,Diamond 1,0,85,,190,187
738,summoner-527005,739,Purrfect Katido,Diamond 1,0,61,,180,156
739,summoner-10203062,740,el srVładimir,Diamond 1,0,151,,179,137
740,summoner-202912,741,KiluaHaruno,Diamond 1,0,111,,177,183
741,summoner-1034041,742,MVP Poni,Diamond 1,0,88,,175,165
742,summoner-4054538,743,Basura low elo,Diamond 1,0,69,,173,159
743,summoner-192614,744,Nelsohn,Diamond 1,0,92,,172,164
744,summoner-2124370,745,Shirõ,Diamond 1,0,123,,161,152
745,summoner-465010,746,Minatozaki Sana,Diamond 1,0,99,,157,141
746,summoner-3652637,747,iBrownie,Diamond 1,0,139,,157,123
747,summoner-15060180,748,SSW Pain,Diamond 1,0,122,,157,119
748,summoner-156989,749,Säck,Diamond 1,0,81,,156,145
749,summoner-326441,750,Krix,Diamond 1,0,129,,155,120
750,summoner-4211612,751,TheQueen Is Back,Diamond 1,0,56,,153,131
751,summoner-53237,752,Barbacoa Salvaje,Diamond 1,0,62,,152,140
752,summoner-536362,753,MTH Zombix,Diamond 1,0,113,,151,142
753,summoner-40689,754,Żeta11,Diamond 1,0,91,,149,144
754,summoner-181649,755,Amonith,Diamond 1,0,70,,148,139
755,summoner-200455,756,TMXChanGo,Diamond 1,0,51,,147,87
756,summoner-141948,757,3124560,Diamond 1,0,71,,145,125
757,summoner-620622,758,Wolf Sáber,Diamond 1,0,67,,140,131
758,summoner-4610480,759,Yung Perez,Diamond 1,0,53,,135,112
759,summoner-3971911,760,Damn Gøre,Diamond 1,0,121,,131,113
760,summoner-1081104,761,TheLapiz,Diamond 1,0,75,,128,119
761,summoner-1270181,762,Ryogah,Diamond 1,0,86,,125,80
762,summoner-324547,763,Opponent,Diamond 1,0,78,,125,105
763,summoner-120180,764,Sr Caca,Diamond 1,0,68,,124,108
764,summoner-1326698,765,zerkerfkin1,Diamond 1,0,99,,120,100
765,summoner-1210331,766,BurningShärk,Diamond 1,0,75,,116,106
766,summoner-1761953,767,ßastet,Diamond 1,0,69,,114,108
767,summoner-2683559,768,Rodrigo Ces,Diamond 1,0,76,,112,90
768,summoner-2282751,769,Leé sin,Diamond 1,0,87,,108,98
769,summoner-131151,770,ZoulFox,Diamond 1,0,111,,108,89
770,summoner-382713,771,Sir Legend,Diamond 1,0,53,,106,59
771,summoner-841897,772,Gomez,Diamond 1,0,82,,102,85
772,summoner-649440,773,xxxKALINDORxxx,Diamond 1,0,47,,101,71
773,summoner-1540530,774,Buscando a Nami,Diamond 1,0,58,,100,74
774,summoner-31964,775,Merrowgeist,Diamond 1,0,59,,100,90
775,summoner-1286628,776,ExtremeJorraf,Diamond 1,0,43,,98,46
776,summoner-10100134,777,hi am lance,Diamond 1,0,111,,97,78
777,summoner-2502529,778,cherud,Diamond 1,0,74,,95,79
778,summoner-522106,779,The Dirty Man,Diamond 1,0,46,,92,81
779,summoner-3942356,780,TSP Sn1p3rr,Diamond 1,0,73,,91,72
780,summoner-939403,781,Raisuke,Diamond 1,0,99,,89,87
781,summoner-168968,782,μFrank,Diamond 1,0,83,,85,55
782,summoner-1051669,783,Sinyi,Diamond 1,0,75,,84,71
783,summoner-3373774,784,VEGÉTA,Diamond 1,0,166,,84,55
784,summoner-105505,785,Verathrím,Diamond 1,0,70,,81,45
785,summoner-5910220,786,Pr0mesasKeep,Diamond 1,0,107,,80,64
786,summoner-2620981,787,ONllCHAN,Diamond 1,0,54,,75,55
787,summoner-37177,788,WILL SMITE xD,Diamond 1,0,42,,75,65
788,summoner-79085,789,Dango Daikazoku,Diamond 1,0,87,,74,62
789,summoner-291241,790,KanskaR,Diamond 1,0,39,,72,36
790,summoner-5732873,791,Tigz,Diamond 1,0,45,,72,64
791,summoner-4670397,792,lxNeteroxl,Diamond 1,0,64,,65,45
792,summoner-531600,793,Cindy,Diamond 1,0,109,,65,49
793,summoner-126279,794,iPocho,Diamond 1,0,69,,61,51
794,summoner-3353824,795,Feliipe99,Diamond 1,0,51,,59,34
795,summoner-96031,796,thepoisonlol,Diamond 1,0,37,,50,28
796,summoner-14592566,797,qQ tT,Diamond 1,0,45,,47,24
797,summoner-2104807,798,z100DeCilantro,Diamond 1,0,34,,46,8
798,summoner-137596,799,Héroe Heroína,Diamond 2,100,128,,361,346
799,summoner-84096,800,Buckpeck,Diamond 2,100,92,,333,320
800,summoner-2302211,801,Xoa,Diamond 2,100,113,,301,269
801,summoner-51178,802,StraiderV2,Diamond 2,100,121,,240,228
802,summoner-3422162,803,danielmlds,Diamond 2,100,73,,239,177
803,summoner-170113,804,MTT Young Savage,Diamond 2,100,126,,224,208
804,summoner-1162922,805,Ascéndant,Diamond 2,100,103,,170,151
805,summoner-12472445,806,Davô,Diamond 2,100,70,,166,156
806,summoner-1608913,807,BaconEater,Diamond 2,100,80,,163,161
807,summoner-4614723,808,iPlay Top Lane x,Diamond 2,100,49,,158,83
808,summoner-1393157,809,caKestyle,Diamond 2,100,50,,148,106
809,summoner-5530185,810,PG White Howl,Diamond 2,100,82,,147,125
810,summoner-3110343,811,Hikari Spirit,Diamond 2,100,108,,140,128
811,summoner-438655,812,Don iama,Diamond 2,100,66,,129,119
812,summoner-4152826,813,Témpest,Diamond 2,100,115,,124,114
813,summoner-2083705,814,Âriël,Diamond 2,100,107,,110,95
814,summoner-281655,815,Thalna,Diamond 2,100,134,,95,83
815,summoner-284685,816,TheDrestik,Diamond 2,100,43,,90,62
816,summoner-49539,817,Jelex,Diamond 2,100,62,,38,19
817,summoner-640427,818,Nagą,Diamond 2,97,126,,266,224
818,summoner-125382,819,Arhysha,Diamond 2,96,70,,110,107
819,summoner-510492,820,Valkiriq,Diamond 2,96,85,,103,79
820,summoner-2491587,821,Deadly30,Diamond 2,95,63,,122,84
821,summoner-6140183,822,Shauna Shade,Diamond 2,95,42,,50,32
822,summoner-5455176,823,Bayonetta ll,Diamond 2,94,89,,78,79
823,summoner-14644121,824,Mäddox,Diamond 2,93,65,,98,79
824,summoner-1153917,825,Enrico Pucci,Diamond 2,93,61,,94,79
825,summoner-11362100,826,Bronze Five Elo,Diamond 2,92,47,,95,73
826,summoner-6312806,827,willyrets,Diamond 2,90,51,,72,48
827,summoner-939450,828,Hayashi Yuki,Diamond 2,88,79,,199,198
828,summoner-3993525,829,Chivo Please,Diamond 2,88,63,,61,29
829,summoner-241604,830,Y Bestia,Diamond 2,87,108,,151,142
830,summoner-1111549,831,Mexican G0D,Diamond 2,86,82,,269,245
831,summoner-3554258,832,Nina Tucker,Diamond 2,86,80,,232,215
832,summoner-3340628,833,El Pister,Diamond 2,85,68,,156,138
833,summoner-130197,834,Doc Efesoo McFly,Diamond 2,85,72,,151,132
834,summoner-192497,835,Josiah,Diamond 2,84,121,,213,171
835,summoner-426567,836,Danyyy,Diamond 2,84,55,,101,92
836,summoner-72987,837,xxkatmaster17xx,Diamond 2,83,104,,127,117
837,summoner-296598,838,TyranOfRouses,Diamond 2,82,164,,593,553
838,summoner-13910607,839,Razzle Dazzle,Diamond 2,82,85,,217,204
839,summoner-4460274,840,Jeziah,Diamond 2,82,74,,215,196
840,summoner-203360,841,quibra0,Diamond 2,82,67,,151,138
841,summoner-1010698,842,DTD HellBlaxer,Diamond 2,82,95,,137,125
842,summoner-153936,843,Shadö desu,Diamond 2,82,106,,127,109
843,summoner-15130529,844,EL WAPO 2,Diamond 2,81,45,,77,33
844,summoner-310553,845,Atreyu Blacksoul,Diamond 2,80,65,,199,175
845,summoner-5514232,846,RusherZombies,Diamond 2,80,85,,103,93
846,summoner-15300179,847,ØE InKos,Diamond 2,80,41,,70,48
847,summoner-2303396,848,Aegís,Diamond 2,79,97,,150,131
848,summoner-1083624,849,Piano,Diamond 2,79,72,,75,52
849,summoner-535215,850,Lp3 Zorua,Diamond 2,77,113,,333,310
850,summoner-53584,851,KingFish,Diamond 2,77,91,,235,221
851,summoner-14501267,852,D5 HardStuck lul,Diamond 2,77,119,,216,205
852,summoner-13222726,853,Vladímirovich,Diamond 2,77,206,,127,99
853,summoner-1528529,854,hotsonabader,Diamond 2,77,75,,98,89
854,summoner-547110,855,Kervek,Diamond 2,76,105,,153,117
855,summoner-25191,856,Dez x,Diamond 2,76,79,,134,120
856,summoner-103138,857,Niquel Cobalto,Diamond 2,76,82,,115,105
857,summoner-831531,858,iG Showtek,Diamond 2,75,119,,463,458
858,summoner-9762158,859,lPancito Asesino,Diamond 2,75,134,,348,335
859,summoner-30855,860,Mechs,Diamond 2,75,126,,311,310
860,summoner-74366,861,1Cannon,Diamond 2,75,98,,264,259
861,summoner-2132823,862,CG Dreams,Diamond 2,75,117,,226,216
862,summoner-523577,863,frusciante john,Diamond 2,75,65,,204,179
863,summoner-202746,864,Desperadoo,Diamond 2,75,72,,203,205
864,summoner-150207,865,DvD Pan Blandito,Diamond 2,75,74,,196,183
865,summoner-16280146,866,Strong Armed Jax,Diamond 2,75,49,,172,130
866,summoner-270864,867,devztocker,Diamond 2,75,81,,160,148
867,summoner-102646,868,Camiloo CM,Diamond 2,75,100,,147,118
868,summoner-23658,869,Yakuza AmmoStout,Diamond 2,75,99,,146,136
869,summoner-7031100,870,KT GorillA,Diamond 2,75,60,,132,123
870,summoner-4691320,871,7RS Zaot,Diamond 2,75,109,,131,128
871,summoner-1383832,872,Fernandoxx98,Diamond 2,75,99,,130,108
872,summoner-8320920,873,Lapierre,Diamond 2,75,80,,123,110
873,summoner-2073319,874,Áizen,Diamond 2,75,55,,123,90
874,summoner-86685,875,D9 Zeypher,Diamond 2,75,51,,101,53
875,summoner-33010,876,TheNarosOne,Diamond 2,75,94,,98,95
876,summoner-124352,877,Toxic Lance,Diamond 2,75,64,,95,65
877,summoner-103181,878,Edgar,Diamond 2,75,82,,89,80
878,summoner-14521754,879,His Stan,Diamond 2,75,51,,62,48
879,summoner-13825367,880,TranquisYoCarreo,Diamond 2,75,40,,58,22
880,summoner-561407,881,Edapp,Diamond 2,75,48,,55,41
881,summoner-2282018,882,FelipeL,Diamond 2,75,59,,55,22
882,summoner-792069,883,Feno,Diamond 2,75,42,,49,33
883,summoner-14520424,884,CaritaT Psosa,Diamond 2,75,39,,40,24
884,summoner-680674,885,Illllllll,Diamond 2,74,103,,246,240
885,summoner-8540147,886,HandGün,Diamond 2,74,87,,237,234
886,summoner-1321419,887,Yüge,Diamond 2,73,121,,150,134
887,summoner-2213570,888,xDrivemax,Diamond 2,72,125,,348,316
888,summoner-1398245,889,Levidant Joestar,Diamond 2,72,107,,150,128
889,summoner-7670266,890,Electric Sunrise,Diamond 2,72,57,,144,98
890,summoner-435135,891,Sanae,Diamond 2,72,124,,116,94
891,summoner-13331254,892,SIutalee,Diamond 2,72,47,,85,45
892,summoner-524800,893,Mewby,Diamond 2,71,88,,207,189
893,summoner-57100,894,Wander Senpai,Diamond 2,71,71,,157,144
894,summoner-13860599,895,NLX Alovs,Diamond 2,71,81,,153,116
895,summoner-373682,896,Snurbox,Diamond 2,71,64,,145,134
896,summoner-13892126,897,márquez vladimir,Diamond 2,71,58,,74,59
897,summoner-216496,898,Scratchek,Diamond 2,70,109,,309,288
898,summoner-415989,899,Hexader,Diamond 2,70,130,,288,288
899,summoner-612876,900,Lunka,Diamond 2,70,85,,113,73
900,summoner-7570803,901,NanoSauriu,Diamond 2,69,142,,217,209
901,summoner-349707,902,Ferruccio,Diamond 2,69,65,,46,36
902,summoner-2440596,903,Tenki,Diamond 2,68,83,,297,257
903,summoner-1545283,904,DarkGunsk,Diamond 2,68,87,,173,163
904,summoner-79214,905,Lp3 Fieram,Diamond 2,68,109,,138,126
905,summoner-3680381,906,Lavenza,Diamond 2,68,65,,62,50
906,summoner-79800,907,Dr Cero MD,Diamond 2,68,36,,42,26
907,summoner-177321,908,KCG Arsa 1,Diamond 2,68,69,,39,17
908,summoner-8150289,909,Satsuki Yone,Diamond 2,67,133,,506,497
909,summoner-29658,910,Icarhoos,Diamond 2,67,76,,80,63
910,summoner-4940271,911,Lapara23,Diamond 2,67,56,,77,60
911,summoner-87773,912,Garbage Riven,Diamond 2,67,87,,47,33
912,summoner-5320190,913,GT Ofwar,Diamond 2,66,112,,234,216
913,summoner-6401937,914,Prietoboy,Diamond 2,66,62,,77,59
914,summoner-282266,915,Raaay,Diamond 2,66,49,,76,68
915,summoner-143341,916,Mr HotCake,Diamond 2,65,139,,118,112
916,summoner-5041563,917,DukiT,Diamond 2,65,84,,94,70
917,summoner-280715,918,The Blind King,Diamond 2,64,94,,236,229
918,summoner-137626,919,Waverly Place,Diamond 2,64,76,,80,67
919,summoner-14471755,920,Hisie,Diamond 2,64,67,,72,71
920,summoner-627606,921,Siegman xd,Diamond 2,63,68,,91,90
921,summoner-15880480,922,TRUMPS WALLS,Diamond 2,63,38,,58,24
922,summoner-4003201,923,ADC SLAYER KR,Diamond 2,62,89,,251,248
923,summoner-1374477,924,Ultimate Hunter,Diamond 2,62,115,,219,211
924,summoner-12323358,925,Falconzs,Diamond 2,62,71,,123,116
925,summoner-16132923,926,llIlllllllllIll,Diamond 2,62,43,,107,75
926,summoner-532418,927,DOKKAEBI,Diamond 2,62,50,,50,23
927,summoner-6001640,928,xXvastagoXx,Diamond 2,61,46,,137,98
928,summoner-1396111,929,Wolf Kain,Diamond 2,61,81,,131,120
929,summoner-1296476,930,CB Jetfree,Diamond 2,61,94,,122,94
930,summoner-1534748,931,Mish,Diamond 2,61,95,,95,87
931,summoner-181748,932,BunnBunnn,Diamond 2,60,92,,153,141
932,summoner-5210476,933,BlackDestinity,Diamond 2,60,113,,100,72
933,summoner-1153925,934,Seis Colores,Diamond 2,59,112,,224,208
934,summoner-7961057,935,CPACK,Diamond 2,59,61,,195,154
935,summoner-92344,936,REKKLES FAN No 1,Diamond 2,59,65,,140,124
936,summoner-24111,937,jorgepereda,Diamond 2,59,70,,138,91
937,summoner-624349,938,WDs Happy,Diamond 2,59,67,,134,132
938,summoner-11310674,939,Useless Kogmaw,Diamond 2,59,48,,105,66
939,summoner-5465347,940,FNX Sáns,Diamond 2,58,160,,553,532
940,summoner-1053538,941,Naysek,Diamond 2,58,83,,224,177
941,summoner-1000537,942,lMaluma,Diamond 2,58,127,,185,174
942,summoner-212515,943,Sleepwire,Diamond 2,58,57,,107,65
943,summoner-4602310,944,EG Šhy Jungler,Diamond 2,57,145,,422,430
944,summoner-6601064,945,elhater,Diamond 2,57,103,,228,212
945,summoner-530824,946,Azure Rathalos,Diamond 2,57,64,,216,176
946,summoner-9150152,947,Justin LFT,Diamond 2,57,86,,213,199
947,summoner-4573722,948,Hielø,Diamond 2,57,115,,123,114
948,summoner-12924336,949,Panqué,Diamond 2,57,73,,96,70
949,summoner-212126,950,Neal Caffrey,Diamond 2,57,49,,96,75
950,summoner-5000438,951,Aterus Loitrewyn,Diamond 2,56,61,,172,151
951,summoner-1395671,952,skillmouze,Diamond 2,56,136,,168,167
952,summoner-10401386,953,Jihyö,Diamond 2,56,60,,146,110
953,summoner-211084,954,Ðánte,Diamond 2,55,65,,194,149
954,summoner-34125,955,ChrisFx,Diamond 2,55,77,,185,189
955,summoner-51541,956,99pl,Diamond 2,55,69,,185,181
956,summoner-94458,957,Nevohteeb,Diamond 2,55,114,,158,137
957,summoner-529543,958,La La Lanthys,Diamond 2,55,79,,152,143
958,summoner-21126,959,punketo,Diamond 2,55,66,,101,93
959,summoner-535447,960,Shiny Flygon,Diamond 2,54,117,,232,217
960,summoner-487004,961,BOOST 4 NUDES,Diamond 2,54,102,,199,192
961,summoner-1313311,962,SnowBoyz,Diamond 2,54,137,,170,160
962,summoner-423722,963,Luiixs,Diamond 2,54,57,,96,79
963,summoner-74991,964,CaMo,Diamond 2,54,60,,65,48
964,summoner-3113788,965,Hype Meteoro,Diamond 2,54,46,,46,40
965,summoner-1041975,966,Murillo Sama,Diamond 2,53,49,,79,76
966,summoner-5250523,967,Reysher,Diamond 2,52,141,,384,376
967,summoner-184233,968,D a r k d e k a,Diamond 2,52,98,,207,202
968,summoner-294667,969,jinxý,Diamond 2,52,46,,48,34
969,summoner-2130864,970,ArchDrone,Diamond 2,51,105,,275,282
970,summoner-64833,971,Crépe,Diamond 2,51,98,,254,250
971,summoner-831341,972,sauronio,Diamond 2,51,99,,246,240
972,summoner-32327,973,Q flojera,Diamond 2,51,67,,161,136
973,summoner-164998,974,Kíro,Diamond 2,51,92,,141,139
974,summoner-293748,975,Lemo Senpai,Diamond 2,51,117,,121,119
975,summoner-4082449,976,Ðead Høpe,Diamond 2,51,83,,75,54
976,summoner-4772253,977,VeraHilarious,Diamond 2,51,35,,54,22
977,summoner-3811119,978,Shelldon,Diamond 2,50,73,,125,105
978,summoner-4472161,979,DLY DarkShot,Diamond 2,49,109,,269,266
979,summoner-190303,980,Shadow Flying,Diamond 2,49,94,,224,218
980,summoner-14682404,981,Megamån,Diamond 2,49,86,,217,198
981,summoner-2135855,982,Dopa Baby,Diamond 2,49,97,,199,175
982,summoner-1391305,983,Guthix18,Diamond 2,49,70,,107,94
983,summoner-304000,984,Ladyhawke,Diamond 2,49,111,,105,95
984,summoner-16820155,985,Peking Duck,Diamond 2,49,53,,95,68
985,summoner-9230363,986,Wonder,Diamond 2,49,40,,87,48
986,summoner-84791,987,DragonRedBlood,Diamond 2,49,37,,67,26
987,summoner-4741700,988,GalaxyEsther,Diamond 2,49,35,,54,22
988,summoner-3661729,989,GT SkyZir,Diamond 2,48,104,,166,157
989,summoner-27961,990,AlexZetroc,Diamond 2,47,70,,235,218
990,summoner-173564,991,Rylin,Diamond 2,47,90,,154,109
991,summoner-946863,992,ªTheEvolutionª,Diamond 2,47,100,,101,91
992,summoner-625136,993,PolaridadB,Diamond 2,46,126,,333,318
993,summoner-383752,994,SW Lushen,Diamond 2,46,71,,134,107
994,summoner-455859,995,Pìka,Diamond 2,46,79,,87,83
995,summoner-1371071,996,Prøphet,Diamond 2,44,136,,261,247
996,summoner-5991957,997,l MikyWoodz l,Diamond 2,43,105,,219,182
997,summoner-299669,998,AnT Shield,Diamond 2,43,89,,89,78
998,summoner-400173,999,NutCoco,Diamond 2,43,57,,82,73
999,summoner-7561560,1000,Diana Cavendîsh,Diamond 2,43,81,,78,52
