#timestamp 1530208853952
#date 2018-06-28T18:00:53+00:00
#players 1000
#index,id,rank,name,tier,lp,level,proTeam,win,loss
0,summoner-1833896,1,CNB Hy0g4,Challenger,1301,131,,561,453
1,summoner-4602614,2,Eu sou o Jojo,Challenger,1287,85,,270,184
2,summoner-34000124,3,3242363,Challenger,1128,46,,140,68
3,summoner-2833743,4,NeyMarcos,Challenger,959,121,,518,400
4,summoner-4499324,5,Nyu,Challenger,908,109,,309,241
5,summoner-31400150,6,Anyyyy,Challenger,900,56,,210,120
6,summoner-31094545,7,Sky s2 BR,Challenger,894,72,,260,182
7,summoner-539250,8,HKS Caos,Challenger,884,110,,331,273
8,summoner-9540245,9,tinowns2,Challenger,839,73,,201,144
9,summoner-523864,10,clumsy boy,Challenger,808,81,,232,182
10,summoner-17074696,11,KT Mandiocaa,Challenger,769,82,,375,269
11,summoner-2984886,12,Rhaegalarys,Challenger,769,159,,226,166
12,summoner-540342,13,RED Guigo,Challenger,765,115,,345,281
13,summoner-536088,14,Amazing Zuao,Challenger,763,104,,328,270
14,summoner-500182,15,CNB Robo1,Challenger,758,90,,283,233
15,summoner-31400130,16,YoYo JoJo,Challenger,729,71,,272,175
16,summoner-610635,17,Days4fun,Challenger,727,92,,225,167
17,summoner-6510165,18,beyond the stars,Challenger,721,129,,426,373
18,summoner-22055132,19,Olkaida,Challenger,715,150,,222,166
19,summoner-520377,20,envy 30,Challenger,694,88,,287,248
20,summoner-24810137,21,Krastymel,Challenger,687,63,,169,119
21,summoner-410074,22,zhao AD113755088,Challenger,678,76,,246,196
22,summoner-6673314,23,esA,Challenger,674,90,,330,287
23,summoner-27800149,24,Glaucia,Challenger,666,96,,175,133
24,summoner-529295,25,burn to emerge,Challenger,649,74,,116,74
25,summoner-1721150,26,goku chan,Challenger,643,95,,265,222
26,summoner-24810143,27,little gold,Challenger,641,73,,256,205
27,summoner-3254291,28,RedBert,Challenger,641,74,,233,178
28,summoner-2596351,29,God Needles,Challenger,627,116,,364,326
29,summoner-31410132,30,Ruim e velho,Challenger,621,71,,279,196
30,summoner-2891839,31,Destinyyy,Challenger,599,67,,221,181
31,summoner-9480188,32,Minerva,Challenger,614,97,,315,273
32,summoner-24810150,33,GENESIS SHINI,Challenger,611,49,,104,64
33,summoner-20640125,34,choramaisae,Challenger,594,70,,254,204
34,summoner-1141219,35,Prblank,Challenger,543,91,,319,283
35,summoner-30610309,36,gebradetransgay,Challenger,588,122,,447,398
36,summoner-18270216,37,PRAlSE THE SUN,Challenger,569,86,,308,257
37,summoner-1726011,38,TusiN,Challenger,588,96,,303,254
38,summoner-852464,39,dyNquedo NGDP,Challenger,586,78,,196,150
39,summoner-400412,40,exceed apogee,Challenger,586,47,,99,56
40,summoner-20014792,41,NOTEJURISPERITUS,Challenger,585,94,,299,258
41,summoner-1872796,42,Revalí,Challenger,599,103,,307,263
42,summoner-29120132,43,RSL TutsTutsz,Challenger,582,156,,534,485
43,summoner-17972381,44,selaK htyM,Challenger,579,102,,366,321
44,summoner-472453,45,bydekixd,Challenger,578,88,,259,218
45,summoner-17663661,46,AKMU,Challenger,568,75,,341,291
46,summoner-477974,47,Zaphkíel,Challenger,568,134,,335,298
47,summoner-6230125,48,Kales Myth,Challenger,564,102,,229,187
48,summoner-437956,49,Kouchi1,Challenger,559,125,,489,430
49,summoner-20252931,50,BAAAAAAAAAAANKAI,Challenger,558,98,,469,416
50,summoner-24800141,51,HYP3 BEAST,Challenger,534,64,,157,113
51,summoner-24820140,52,yougotmenervous,Challenger,552,98,,498,426
52,summoner-34010125,53,Juan JayJ lol,Challenger,551,41,,98,45
53,summoner-1475753,54,buceIinho,Challenger,550,111,,346,295
54,summoner-2360158,55,LUIS CARVALHO,Challenger,550,49,,112,76
55,summoner-476160,56,high noon,Challenger,565,89,,118,78
56,summoner-33990125,57,l can be better,Challenger,546,46,,135,90
57,summoner-18290189,58,IlIlIlIIllIlIllI,Challenger,538,48,,121,70
58,summoner-21852695,59,Satan himself,Challenger,529,87,,323,279
59,summoner-27620140,60,KID GOTEN,Challenger,528,70,,226,182
60,summoner-3546357,61,Barry de Barry,Challenger,526,109,,288,255
61,summoner-4583588,62,Unreality,Challenger,505,93,,278,237
62,summoner-2854374,63,Trovaozin,Challenger,521,106,,421,381
63,summoner-455830,64,danz0r,Challenger,517,95,,257,217
64,summoner-19440391,65,WP LynX,Challenger,515,128,,473,416
65,summoner-18780139,66,LukasNegro,Challenger,513,76,,271,225
66,summoner-27980135,67,Sílent Player,Challenger,510,108,,457,418
67,summoner-19936193,68,PNG Jovigod,Challenger,509,74,,335,282
68,summoner-31380133,69,51654684,Challenger,509,54,,184,111
69,summoner-2472380,70,Kaze Ronin,Challenger,508,113,,172,132
70,summoner-5663560,71,XerembaMole,Challenger,507,57,,140,95
71,summoner-1760285,72,Wartin,Challenger,504,122,,436,390
72,summoner-19340127,73,haters,Challenger,503,57,,152,105
73,summoner-530844,74,Sneez1,Challenger,500,76,,250,216
74,summoner-1724409,75,YGOR FREITAS,Challenger,497,101,,352,319
75,summoner-29233192,76,Miss Luxury,Challenger,496,220,,205,164
76,summoner-27820158,77,Suanybb,Challenger,493,69,,226,184
77,summoner-840819,78,Vipeeer,Challenger,479,96,,143,94
78,summoner-28883895,79,Hydrogen,Challenger,479,52,,132,84
79,summoner-10212285,80,MKL Support,Challenger,459,88,,209,157
80,summoner-18290186,81,Nigrum Pantherae,Challenger,476,54,,172,129
81,summoner-31390133,82,Sidney Royel,Challenger,456,75,,299,234
82,summoner-584708,83,Little Wos,Challenger,471,100,,318,270
83,summoner-990588,84,FNC Pickkles,Challenger,469,72,,161,119
84,summoner-533497,85,Pinguin Cotoco,Challenger,467,81,,185,149
85,summoner-2105456,86,enel1,Challenger,466,80,,147,111
86,summoner-4967463,87,May 17th,Challenger,465,104,,164,122
87,summoner-520805,88,RED Cabu,Challenger,464,99,,325,288
88,summoner-27820136,89,boosted adc,Challenger,463,78,,109,77
89,summoner-3255468,90,Kappareca,Challenger,460,110,,457,393
90,summoner-34510144,91,Nikola Senpai,Challenger,458,137,,509,474
91,summoner-477786,92,lie blanc182,Challenger,454,66,,164,125
92,summoner-5562087,93,Brucer,Challenger,453,77,,215,165
93,summoner-13200138,94,Droovyle,Challenger,451,47,,101,58
94,summoner-602145,95,time for dinner,Challenger,449,91,,244,207
95,summoner-2615838,96,Howper1,Challenger,449,68,,177,114
96,summoner-808975,97,Vahvel,Challenger,446,63,,97,56
97,summoner-569095,98,Just Dont Cry,Challenger,445,82,,257,221
98,summoner-5248317,99,Taara,Challenger,442,74,,108,66
99,summoner-2850703,100,Yan,Challenger,441,79,,255,215
100,summoner-30992817,101,PRG lima,Challenger,438,117,,520,482
101,summoner-486830,102,takeshi,Challenger,437,57,,152,117
102,summoner-21190131,103,RANGERZADA XQDL,Challenger,437,53,,136,87
103,summoner-4191339,104,JJOOSUNG,Challenger,454,87,,270,228
104,summoner-3860700,105,nthayy,Challenger,434,115,,392,349
105,summoner-31390126,106,ERASAO EMBRAZADO,Challenger,450,67,,248,175
106,summoner-3978933,107,BF781,Challenger,432,76,,238,206
107,summoner-456148,108,Bardeus,Challenger,428,91,,276,241
108,summoner-974599,109,Aslan1,Challenger,422,136,,563,532
109,summoner-16385949,110,HAND OF N0XUS,Challenger,416,111,,243,211
110,summoner-32530127,111,Kími1,Challenger,416,73,,139,98
111,summoner-25900130,112,guymkryukiul,Challenger,415,73,,212,178
112,summoner-602339,113,Vasto1,Challenger,412,160,,630,582
113,summoner-14494449,114,evr0t,Challenger,412,105,,366,339
114,summoner-550161,115,Stealzin,Challenger,412,105,,333,296
115,summoner-18280139,116,Rakyz,Challenger,410,97,,275,243
116,summoner-3862389,117,SynSatioN,Challenger,392,92,,179,135
117,summoner-34000130,118,3242350,Challenger,409,40,,80,38
118,summoner-512750,119,whatiswrong,Challenger,406,135,,523,488
119,summoner-7591541,120,vaza daki mano,Challenger,405,117,,432,406
120,summoner-589316,121,Babidii,Challenger,404,99,,318,279
121,summoner-23793754,122,AAAAAAAAAZZZZZZ,Challenger,401,69,,200,156
122,summoner-3345070,123,Xeroque Rolmes,Challenger,399,88,,180,146
123,summoner-424963,124,Namezero,Challenger,397,103,,329,296
124,summoner-2990701,125,The Cheater,Challenger,397,92,,215,177
125,summoner-539800,126,Teusla,Challenger,396,142,,424,390
126,summoner-30012821,127,Jacomini a Morsa,Challenger,414,107,,442,386
127,summoner-6632369,128,RED Perz,Challenger,393,117,,419,385
128,summoner-2074447,129,BBenj,Challenger,393,104,,359,322
129,summoner-22001193,130,Mewkyo,Challenger,392,96,,182,149
130,summoner-3057217,131,Atrasia,Challenger,388,107,,374,344
131,summoner-2968269,132,STD Stepz,Challenger,388,122,,372,340
132,summoner-21642856,133,Bhz,Challenger,387,171,,534,516
133,summoner-6572250,134,Dekisokonai LLKO,Challenger,382,66,,144,112
134,summoner-18280212,135,korean d2,Challenger,379,72,,227,195
135,summoner-446673,136,ACE Ninj,Challenger,376,117,,396,365
136,summoner-973876,137,Hidanzin,Challenger,391,116,,404,377
137,summoner-2615940,138,aldair45,Challenger,371,54,,116,69
138,summoner-27512709,139,Yan Franco,Challenger,370,80,,178,148
139,summoner-487082,140,FLA brTT      11,Challenger,369,89,,316,286
140,summoner-6632055,141,SoloqHeroVrauRx,Challenger,368,113,,338,307
141,summoner-402032,142,Grevthar,Challenger,366,102,,336,297
142,summoner-31520675,143,Katner,Challenger,365,99,,365,295
143,summoner-501031,144,ERVA TERERÉ,Challenger,364,61,,168,132
144,summoner-1354749,145,Jukes,Challenger,363,108,,337,314
145,summoner-470353,146,Mandioquinhaa,Challenger,363,69,,287,209
146,summoner-4009334,147,stingstingsting,Challenger,361,151,,528,507
147,summoner-1304498,148,4LaN,Challenger,361,55,,118,87
148,summoner-484681,149,Killuard,Challenger,359,119,,423,387
149,summoner-1312446,150,l Kagura l,Challenger,356,84,,203,167
150,summoner-3251408,151,Guspfc,Challenger,355,107,,378,339
151,summoner-23792946,152,Just Lose,Challenger,355,80,,173,135
152,summoner-1521572,153,Weikyy,Challenger,354,113,,225,179
153,summoner-2631152,154,vai freire,Challenger,351,110,,422,406
154,summoner-1623169,155,Dopa,Challenger,351,96,,416,383
155,summoner-19832324,156,RonRom,Challenger,368,65,,127,75
156,summoner-18121335,157,Luks Said,Challenger,349,160,,424,397
157,summoner-1412244,158,Pitutu,Challenger,349,106,,303,272
158,summoner-3297574,159,UNREFORMED BTW,Challenger,348,88,,298,269
159,summoner-18166519,160,z4y,Challenger,348,119,,229,187
160,summoner-533705,161,Arthur Lanches,Challenger,348,136,,177,140
161,summoner-1335110,162,pijack,Challenger,347,92,,330,288
162,summoner-417952,163,Chá Preto,Challenger,345,211,,659,644
163,summoner-10152531,164,Yakushí,Challenger,345,171,,395,381
164,summoner-14923592,165,OhScary,Challenger,345,149,,379,348
165,summoner-1608051,166,FIORA MECHANICS,Challenger,345,67,,231,187
166,summoner-628501,167,LDL Netuno,Challenger,361,116,,408,370
167,summoner-2003578,168,Clovinho,Challenger,343,122,,228,207
168,summoner-25010156,169,Homeless adc,Challenger,343,58,,157,126
169,summoner-31410126,170,YoYo Lynkez,Challenger,342,101,,523,458
170,summoner-944815,171,Fididinho,Challenger,342,146,,404,363
171,summoner-9221591,172,Suicide is real,Challenger,342,95,,276,239
172,summoner-3692431,173,Melhor da Pavuna,Challenger,341,101,,479,377
173,summoner-623639,174,Mystr is back,Challenger,341,85,,274,236
174,summoner-16050132,175,émp,Challenger,335,82,,283,246
175,summoner-1520227,176,Akrinuss Bot,Challenger,335,77,,248,213
176,summoner-6991312,177,Mito Supremo,Challenger,335,129,,149,118
177,summoner-498101,178,RSL TaKKeru,Challenger,334,156,,579,549
178,summoner-871762,179,Café Pretinho,Challenger,334,118,,288,258
179,summoner-1122851,180,Gyeongg,Challenger,334,104,,285,254
180,summoner-18180625,181,Lúcyfer,Challenger,332,136,,307,269
181,summoner-5001267,182,Cillias husband,Challenger,330,128,,373,342
182,summoner-441177,183,Feeeeeeeeeeeed,Challenger,311,111,,428,398
183,summoner-14850127,184,Buggáx,Challenger,327,55,,187,119
184,summoner-27923424,185,Traaaxx,Challenger,326,133,,395,362
185,summoner-31410129,186,Iucid dreams,Challenger,326,63,,233,176
186,summoner-4451476,187,doravante,Challenger,325,93,,229,202
187,summoner-514147,188,PEEL NA SORAKITA,Challenger,325,48,,125,60
188,summoner-475909,189,ICH Pizzaiolo,Challenger,305,104,,318,283
189,summoner-16985434,190,luíspedrod,Challenger,322,133,,309,276
190,summoner-27740439,191,RDP Kadaki,Challenger,321,96,,323,291
191,summoner-21190134,192,Professordomaul,Challenger,319,88,,291,257
192,summoner-9406794,193,SupMeiCarryU,Challenger,316,79,,238,215
193,summoner-33990124,194,sephis,Challenger,315,37,,64,25
194,summoner-1357193,195,Peccato,Challenger,290,70,,252,216
195,summoner-1284062,196,Picknn,Challenger,308,110,,463,438
196,summoner-1492273,197,Tang d Tangerina,Challenger,306,91,,255,227
197,summoner-3299674,198,bot die,Challenger,306,68,,167,145
198,summoner-14733467,199,Exura Siio,Challenger,280,145,,624,598
199,summoner-797658,200,BF343,Challenger,275,102,,362,341
200,summoner-15640138,201,Helior,Master,330,92,,411,380
201,summoner-1476385,202,ebidi,Master,324,137,,370,334
202,summoner-4121293,203,Klaus,Master,320,74,,285,253
203,summoner-20252143,204,SUB MEC,Master,318,69,,246,208
204,summoner-18280187,205,rkid,Master,317,70,,254,217
205,summoner-1998729,206,NOT TODAY SATÀN,Master,316,82,,342,272
206,summoner-993658,207,Im random,Master,314,89,,356,330
207,summoner-457897,208,DJ LuzAzul,Master,310,47,,121,82
208,summoner-34000126,209,PEREZLOL,Master,310,41,,89,56
209,summoner-16305669,210,ySkyTech,Master,306,88,,140,103
210,summoner-3222212,211,G EAZY FANBOYYY,Master,303,156,,624,586
211,summoner-4211935,212,Lunefe,Master,301,93,,172,141
212,summoner-9180141,213,FIX1,Master,298,55,,81,50
213,summoner-29196028,214,almirante1,Master,297,74,,294,242
214,summoner-403080,215,Loop,Master,296,68,,190,157
215,summoner-2011109,216,GhoustInsert,Master,296,85,,138,84
216,summoner-27940487,217,itsuka kitto,Master,296,52,,126,79
217,summoner-477374,218,SKG BroTher,Master,295,103,,379,355
218,summoner-440670,219,22 8,Master,295,70,,180,148
219,summoner-1686341,220,CaioMeninoJayce,Master,294,63,,184,140
220,summoner-24810138,221,88961597,Master,293,50,,105,73
221,summoner-850841,222,deIicate,Master,291,105,,158,116
222,summoner-27800148,223,douglas din,Master,291,48,,80,42
223,summoner-1660132,224,REAL FAKE DOORS,Master,286,73,,306,271
224,summoner-14004756,225,Riyev,Master,285,78,,179,152
225,summoner-553159,226,just a c0cky jg,Master,284,99,,347,310
226,summoner-4744689,227,yHanzo,Master,302,145,,362,335
227,summoner-28770126,228,Açaílover69,Master,283,71,,195,164
228,summoner-30644278,229,Mát,Master,281,73,,182,152
229,summoner-5093272,230,ueP,Master,278,109,,198,170
230,summoner-450353,231,Mr Glass,Master,277,121,,446,423
231,summoner-27800128,232,paiN au chocolat,Master,277,66,,246,203
232,summoner-31390134,233,kbm KZ,Master,275,59,,170,96
233,summoner-34010129,234,3242358,Master,275,39,,76,35
234,summoner-4300217,235,DvR,Master,267,95,,175,137
235,summoner-15890130,236,fatboy prodi,Master,265,92,,383,350
236,summoner-31390138,237,lwasbornforthis,Master,265,56,,146,88
237,summoner-1932352,238,fã da Miss Korea,Master,262,96,,187,159
238,summoner-2101731,239,xanad0,Master,261,127,,466,442
239,summoner-3856504,240,KTCHORO 0 WUKONG,Master,260,99,,193,164
240,summoner-17965375,241,ANN MARY BRAGSON,Master,260,66,,189,161
241,summoner-13971314,242,RIP Smite,Master,259,117,,366,331
242,summoner-4369373,243,Aegís,Master,259,93,,255,235
243,summoner-26660126,244,VashXStampide,Master,259,62,,127,85
244,summoner-476990,245,TSW Drop,Master,257,121,,382,360
245,summoner-16313209,246,BugattiHD,Master,257,120,,344,244
246,summoner-1570860,247,lord semi,Master,257,83,,242,213
247,summoner-3260483,248,Kedul,Master,254,75,,250,235
248,summoner-5520003,249,Hometown SmiIe,Master,254,51,,133,90
249,summoner-3446959,250,ÁREA INDUSTRIAL,Master,253,49,,97,66
250,summoner-448798,251,Malfeitin,Master,271,141,,276,254
251,summoner-1706396,252,Aran,Master,250,90,,150,113
252,summoner-12614374,253,Giozi,Master,249,86,,157,128
253,summoner-460712,254,Milozinho,Master,248,112,,359,334
254,summoner-1100839,255,R l P,Master,248,68,,270,195
255,summoner-27904942,256,SERlOSAMENTE,Master,247,68,,168,142
256,summoner-1345097,257,astro,Master,246,89,,153,122
257,summoner-24800140,258,NA KUCKEIRA BIXO,Master,246,51,,127,99
258,summoner-4006761,259,Wenzinger,Master,245,129,,327,304
259,summoner-2161086,260,Pucas Laquetá,Master,245,89,,245,209
260,summoner-3586097,261,Poulzric,Master,245,60,,110,74
261,summoner-27620130,262,Mi Diosa Remilia,Master,242,63,,137,99
262,summoner-1335095,263,Brunaldoo,Master,241,136,,459,428
263,summoner-5883654,264,Junklif3,Master,241,111,,179,156
264,summoner-4407154,265,Vinicius Pro,Master,240,100,,320,277
265,summoner-18290216,266,in ayel we trust,Master,240,51,,160,105
266,summoner-13304712,267,The Endeavor,Master,239,90,,316,297
267,summoner-1796922,268,HeavenHelI,Master,237,174,,215,184
268,summoner-529557,269,WH Khorn,Master,236,124,,269,227
269,summoner-3325689,270,Octavia Wonkru,Master,236,71,,130,109
270,summoner-1989209,271,Leo Chem degniS,Master,216,115,,503,478
271,summoner-2591528,272,im cheed,Master,233,92,,252,229
272,summoner-6011482,273,Relaxa eu to,Master,233,95,,220,183
273,summoner-4125957,274,pstar zilean,Master,233,62,,156,120
274,summoner-32340141,275,n te interessa,Master,233,48,,110,74
275,summoner-29661342,276,above the best,Master,232,66,,200,144
276,summoner-643646,277,Winter NGDP,Master,232,91,,196,176
277,summoner-18133990,278,im goodplayer,Master,232,44,,101,54
278,summoner-459360,279,Feniks,Master,228,133,,641,627
279,summoner-523059,280,RyousMaster,Master,230,97,,312,272
280,summoner-440645,281,Ksiv,Master,230,76,,191,163
281,summoner-6741238,282,João O Tiltado,Master,230,95,,185,158
282,summoner-418238,283,lndigo child,Master,229,79,,279,262
283,summoner-2361597,284,Duclou,Master,253,80,,154,126
284,summoner-523009,285,Vida Avançada,Master,229,57,,149,123
285,summoner-13392802,286,VK Klaus,Master,226,60,,196,172
286,summoner-9180143,287,PETALO PETALO,Master,226,57,,172,143
287,summoner-17502485,288,fightingforlove,Master,225,78,,172,148
288,summoner-2446190,289,Freedon1,Master,224,121,,275,247
289,summoner-3857643,290,Rebuild Yourself,Master,223,130,,202,173
290,summoner-627770,291,Koumei,Master,222,112,,165,123
291,summoner-8772986,292,it boalxxx,Master,221,164,,612,579
292,summoner-14844789,293,GUSTAVOGARCEZ1,Master,219,76,,271,150
293,summoner-30947194,294,SCRIPTED XERATH,Master,218,87,,248,191
294,summoner-950207,295,Ferchuchu,Master,218,82,,141,117
295,summoner-530736,296,Sarkis,Master,217,82,,263,251
296,summoner-818464,297,DoiERADAN,Master,215,116,,261,240
297,summoner-3696322,298,BTS FANpanman,Master,214,90,,262,237
298,summoner-28974538,299,RDP Kvrak,Master,214,85,,256,228
299,summoner-21142674,300,RinzIer,Master,214,73,,222,193
300,summoner-24420127,301,jggr,Master,214,47,,143,106
301,summoner-27402791,302,miIiodas,Master,213,64,,183,159
302,summoner-9515709,303,Vento ventania,Master,213,82,,135,123
303,summoner-994310,304,Hora de worka,Master,191,103,,414,380
304,summoner-404537,305,Shimàzu,Master,212,104,,159,128
305,summoner-2432968,306,RSL vini,Master,211,106,,393,359
306,summoner-482358,307,Kestra,Master,210,121,,583,561
307,summoner-403551,308,SkB,Master,209,112,,214,191
308,summoner-4791037,309,Odeio o Dia 5,Master,207,79,,137,101
309,summoner-3582429,310,mxcn1,Master,206,96,,368,326
310,summoner-15911246,311,INTZ Bielnnye,Master,204,136,,549,476
311,summoner-451826,312,MekansS,Master,203,117,,315,290
312,summoner-2104285,313,Lilo Senpai,Master,203,112,,141,111
313,summoner-16580620,314,ZBOLINHAKKKKKKKK,Master,202,140,,529,518
314,summoner-535862,315,Bom de lança,Master,200,55,,89,57
315,summoner-443671,316,Nuvem,Master,199,113,,371,343
316,summoner-7482188,317,Redentor,Master,196,127,,485,459
317,summoner-2640979,318,Super Primata,Master,195,141,,398,381
318,summoner-4733664,319,Bucn,Master,195,55,,118,86
319,summoner-4990391,320,Jack RusseI,Master,192,71,,131,105
320,summoner-24781944,321,PJ THE ANIMAL,Master,191,88,,339,325
321,summoner-29300136,322,zzzzzzzzzzzzzz1,Master,191,60,,224,180
322,summoner-5808515,323,David HaIIer,Master,190,87,,299,273
323,summoner-2526288,324,spoiI my night,Master,188,95,,398,376
324,summoner-20860130,325,Little Rookie1,Master,188,89,,293,257
325,summoner-761600,326,Rare,Master,187,107,,435,404
326,summoner-1192093,327,Tuiu ZX,Master,187,112,,242,197
327,summoner-4145901,328,Zyeras,Master,186,128,,369,339
328,summoner-4422505,329,Nickii,Master,184,145,,99,70
329,summoner-24810139,330,BRAZILIAN DOG,Master,182,59,,150,116
330,summoner-15840890,331,RIP VAYNE,Master,181,124,,373,350
331,summoner-498232,332,iLoveYourFear,Master,180,89,,275,256
332,summoner-4126486,333,DiLello,Master,180,80,,250,200
333,summoner-3508522,334,Victinz,Master,180,69,,137,108
334,summoner-18280181,335,am I the one,Master,180,40,,82,40
335,summoner-5896098,336,wilmat23,Master,179,103,,253,229
336,summoner-1793570,337,winged crowley,Master,178,119,,273,228
337,summoner-994288,338,E O TAL DO BANCO,Master,176,118,,369,350
338,summoner-22057832,339,the saddest law,Master,175,86,,153,127
339,summoner-3410218,340,NOsFerus,Master,175,89,,145,120
340,summoner-31390129,341,Wood,Master,174,51,,154,108
341,summoner-514832,342,Otakinho,Master,172,76,,223,193
342,summoner-2211022,343,Kennzy,Master,170,93,,406,380
343,summoner-1423539,344,VKG ONR2K,Master,170,136,,186,153
344,summoner-17163065,345,Frooooooooosty,Master,170,71,,172,124
345,summoner-31891670,346,Vngce,Master,170,55,,140,79
346,summoner-31580142,347,EleuGõd,Master,169,57,,170,146
347,summoner-12680134,348,shadowwwwwwww,Master,168,102,,293,280
348,summoner-10006127,349,LokiFc,Master,167,103,,314,286
349,summoner-551613,350,Iouiz,Master,167,96,,261,234
350,summoner-31903147,351,Kyokate,Master,167,50,,135,73
351,summoner-7364378,352,ESEQ SENPAI,Master,166,70,,143,117
352,summoner-787356,353,Reyt,Master,166,54,,110,81
353,summoner-23160147,354,Warangelus2,Master,165,62,,231,197
354,summoner-9336991,355,Sensitivy,Master,165,122,,158,124
355,summoner-526242,356,pocasx,Master,165,101,,110,79
356,summoner-10212533,357,MATHEUS LEIRIÃO,Master,165,52,,108,68
357,summoner-3674871,358,Gubrizin,Master,164,146,,437,416
358,summoner-4581492,359,ErroNão,Master,164,51,,118,69
359,summoner-587003,360,Sylvanas Fanboy,Master,163,136,,508,481
360,summoner-21230246,361,Yoaan,Master,162,113,,416,400
361,summoner-16131465,362,DóRéMiFáSolado,Master,162,107,,213,184
362,summoner-9862560,363,ISN Riéry,Master,157,129,,445,438
363,summoner-2618083,364,11G Shy,Master,157,111,,114,86
364,summoner-9264045,365,16BIT Play,Master,156,136,,515,494
365,summoner-30733372,366,Gragas plays me,Master,155,78,,305,266
366,summoner-5632944,367,addoh,Master,155,85,,246,219
367,summoner-2961615,368,keep your faith,Master,155,72,,240,214
368,summoner-7353911,369,Dondeiza,Master,155,71,,162,135
369,summoner-1153778,370,LLKO,Master,154,65,,168,145
370,summoner-1177854,371,I am JauM,Master,153,145,,342,317
371,summoner-2959963,372,Artuu,Master,153,105,,211,179
372,summoner-440408,373,SKG chavy,Master,145,71,,200,150
373,summoner-952177,374,CNB Sparked,Master,151,135,,480,459
374,summoner-4144418,375,zFenrir,Master,150,112,,576,556
375,summoner-2948455,376,Leandro o Macaco,Master,170,114,,354,303
376,summoner-8771352,377,KraZace,Master,150,73,,149,121
377,summoner-459699,378,Cawabanga,Master,149,89,,262,233
378,summoner-1346848,379,Nando Moura,Master,149,60,,120,98
379,summoner-5306960,380,LDL Hamamura,Master,147,98,,225,195
380,summoner-626826,381,Saito o Random,Master,147,84,,147,113
381,summoner-22232487,382,eu sou mt lindoo,Master,146,104,,400,389
382,summoner-26040126,383,Reporta 7z7 durr,Master,146,99,,297,275
383,summoner-1347189,384,WP Vampyrus,Master,145,122,,250,231
384,summoner-2656450,385,wash our fears,Master,145,74,,176,146
385,summoner-461489,386,Foxicity,Master,144,113,,271,242
386,summoner-15860130,387,1TRAFALGAR LAW,Master,143,84,,303,278
387,summoner-502146,388,hctiwT freN,Master,143,115,,256,235
388,summoner-477170,389,o Kalec,Master,162,103,,367,355
389,summoner-5486333,390,WUKONG RAIKAGE,Master,142,129,,231,211
390,summoner-3228096,391,kingao dog,Master,141,140,,423,406
391,summoner-2143857,392,Arlon547,Master,141,118,,363,333
392,summoner-531982,393,Krasty,Master,141,62,,139,119
393,summoner-9093830,394,zIFaker,Master,140,160,,246,219
394,summoner-31410134,395,SteaI,Master,140,61,,196,166
395,summoner-4825112,396,Cookiezi1,Master,139,117,,400,390
396,summoner-31580156,397,Otherworld,Master,139,70,,280,243
397,summoner-3775391,398,Celo Otaku GOD,Master,139,120,,266,238
398,summoner-4642371,399,lnoue,Master,138,147,,369,349
399,summoner-458565,400,Alaor Leao,Master,137,65,,150,124
400,summoner-3417137,401,Dragão de Komodo,Master,137,98,,117,88
401,summoner-1152101,402,Carryy1,Master,136,92,,265,238
402,summoner-2989650,403,HIGAO SOLOU VC,Master,135,116,,562,555
403,summoner-1303684,404,why do i try,Master,135,88,,317,291
404,summoner-564264,405,Tlux Capitalista,Master,135,95,,309,290
405,summoner-27542993,406,TEMPTAT1ON,Master,135,64,,170,138
406,summoner-4063950,407,Miito,Master,134,87,,233,181
407,summoner-1521225,408,Wanna Be Famous,Master,133,100,,497,402
408,summoner-490796,409,Dettz1,Master,133,85,,371,312
409,summoner-483841,410,kkkkkk esse meta,Master,133,83,,185,158
410,summoner-19802739,411,Courtesy,Master,133,138,,161,115
411,summoner-1094438,412,RSL Disave,Master,132,83,,189,164
412,summoner-26634825,413,korean elo,Master,132,62,,143,94
413,summoner-517514,414,Josh Dun,Master,132,56,,119,92
414,summoner-1291697,415,Díyo,Master,131,98,,412,381
415,summoner-473842,416,Peacemaker Luke,Master,131,100,,226,198
416,summoner-527659,417,Tartaruga Véia,Master,131,69,,182,161
417,summoner-1670139,418,Vivendopedra,Master,129,95,,350,309
418,summoner-598401,419,DANIEL CAMISA 10,Master,129,122,,336,312
419,summoner-2223813,420,Vem de,Master,129,63,,173,143
420,summoner-25041004,421,UGNAZ mcemo0219J,Master,128,100,,423,400
421,summoner-1861457,422,canetasemtinta1,Master,148,88,,304,281
422,summoner-29911410,423,U gotta know,Master,128,74,,195,129
423,summoner-18260229,424,LeagueForDummies,Master,127,82,,222,204
424,summoner-1921192,425,stankie,Master,126,124,,240,212
425,summoner-30773284,426,RDP Riva,Master,126,110,,186,158
426,summoner-22681499,427,Gen G CoreJJ,Master,126,47,,73,54
427,summoner-3766192,428,DANIEL FURLAN,Master,125,128,,508,475
428,summoner-1350198,429,Sp4ceman,Master,125,70,,209,181
429,summoner-3281312,430,Temporada2011,Master,125,68,,190,158
430,summoner-517654,431,Ataides,Master,124,95,,346,315
431,summoner-441589,432,lord knows,Master,124,80,,257,234
432,summoner-3320429,433,Hi im Vermilion,Master,122,54,,140,102
433,summoner-26122519,434,Portuga o Odiado,Master,121,119,,433,414
434,summoner-15624313,435,GuizorPET,Master,121,116,,275,240
435,summoner-405232,436,filthy but frank,Master,120,132,,393,371
436,summoner-4621500,437,BBenj1,Master,120,87,,306,289
437,summoner-26515137,438,Linkey,Master,118,151,,98,65
438,summoner-5214422,439,fight back,Master,117,75,,162,137
439,summoner-18260228,440,74632589,Master,117,41,,59,28
440,summoner-1950898,441,F   Í   R   O,Master,116,121,,300,264
441,summoner-3808425,442,Anubite,Master,116,60,,104,70
442,summoner-539364,443,goId ACE,Master,114,119,,435,408
443,summoner-32340130,444,1Shmebulock,Master,114,72,,298,255
444,summoner-4220138,445,10Comand Derieri,Master,113,136,,276,254
445,summoner-990248,446,VirteX Salsicha,Master,112,164,,660,649
446,summoner-2627086,447,kr mid laner,Master,112,135,,476,458
447,summoner-771334,448,Marf,Master,112,99,,416,404
448,summoner-2840667,449,WP POMBO,Master,111,73,,270,228
449,summoner-3314389,450,ÉL DG da RAJADA,Master,111,102,,258,249
450,summoner-16292670,451,zSora,Master,111,146,,258,232
451,summoner-28810885,452,melancholicdrugs,Master,110,110,,264,232
452,summoner-459192,453,treevor,Master,91,65,,123,95
453,summoner-24820137,454,JUDOCA DO VAL,Master,109,48,,78,48
454,summoner-4126797,455,Spl4sh,Master,107,87,,287,263
455,summoner-431323,456,Myra,Master,107,109,,257,223
456,summoner-1303213,457,AkashiSJ,Master,107,70,,186,156
457,summoner-1627892,458,MorenoMisterioso,Master,106,182,,410,385
458,summoner-29762152,459,Live what u love,Master,105,112,,312,277
459,summoner-3171437,460,ACE sPorc,Master,104,117,,356,334
460,summoner-995547,461,azore,Master,104,101,,349,329
461,summoner-1560796,462,drunk on you,Master,104,88,,231,204
462,summoner-2829468,463,YUHZZ,Master,103,66,,168,132
463,summoner-477254,464,Invocador,Master,102,74,,200,176
464,summoner-1733808,465,Hatake1,Master,102,72,,175,145
465,summoner-596276,466,SB STARS NiT,Master,100,109,,385,352
466,summoner-552733,467,ill be better,Master,100,81,,204,184
467,summoner-4389693,468,Fé Pra Isso,Master,98,95,,355,342
468,summoner-5160319,469,Koshi o Duelista,Master,96,96,,106,83
469,summoner-10878247,470,Dale Gribble,Master,94,106,,419,399
470,summoner-30714295,471,zaNNN,Master,94,79,,235,220
471,summoner-2610376,472,rust player,Master,94,62,,141,119
472,summoner-15401238,473,GSK dnr1,Master,93,116,,465,439
473,summoner-1826344,474,Kyoú,Master,93,122,,367,357
474,summoner-1412492,475,Toih,Master,92,106,,417,391
475,summoner-3608479,476,LDL DJ,Master,92,116,,217,183
476,summoner-22730843,477,Kirigaya Suguha,Master,91,171,,579,552
477,summoner-517476,478,WP Hawk,Master,91,92,,298,293
478,summoner-537758,479,O Atuário,Master,91,67,,172,139
479,summoner-33943359,480,tiosatan yas lol,Master,90,49,,163,108
480,summoner-25431001,481,Frenetic B O Y S,Master,90,48,,141,87
481,summoner-20080132,482,HAF Khynm1k,Master,87,62,,137,110
482,summoner-4213864,483,Flame Breath,Master,86,115,,189,162
483,summoner-2226672,484,4FoX Witeger,Master,85,87,,220,190
484,summoner-4426254,485,zFudenci0,Master,84,73,,178,154
485,summoner-1061122,486,Goot,Master,83,154,,277,262
486,summoner-26251237,487,NinjasHyper,Master,82,74,,315,283
487,summoner-3140810,488,AfonsoYo,Master,82,104,,290,255
488,summoner-18290159,489,Freshx,Master,82,84,,269,253
489,summoner-2453114,490,SrFakerDoCongo,Master,82,75,,241,206
490,summoner-1390933,491,iBlair,Master,80,76,,203,185
491,summoner-932241,492,Nakinha,Master,80,120,,169,150
492,summoner-2271076,493,Berg o God,Master,78,132,,568,538
493,summoner-5610206,494,150195,Master,78,101,,497,455
494,summoner-5124168,495,M4RKS,Master,78,84,,211,187
495,summoner-2824572,496,SNIFPVP IS BACK,Master,77,110,,419,367
496,summoner-1390998,497,GzuisCriaEuMato,Master,77,63,,135,91
497,summoner-1863982,498,Preencher,Master,76,146,,418,410
498,summoner-2151821,499,Ribeiro xD,Master,76,130,,401,379
499,summoner-3250478,500,j3k5y7ty91,Master,76,88,,235,214
500,summoner-5141669,501,Making Coffee,Master,75,141,,584,580
501,summoner-4179025,502,Fréu,Master,75,122,,475,461
502,summoner-3915569,503,Im Kone,Master,75,110,,363,347
503,summoner-32890133,504,im a good kid,Master,75,89,,311,288
504,summoner-18780124,505,ta frio demais,Master,75,49,,75,50
505,summoner-21020126,506,Plugo1,Master,74,43,,83,53
506,summoner-7170433,507,tbsuehtaM,Master,73,91,,310,289
507,summoner-470423,508,UCW Fergonha  10,Master,73,93,,155,139
508,summoner-2633381,509,ÉL TiTiltei 1v9,Master,72,115,,294,261
509,summoner-13168067,510,GABANA,Master,72,64,,152,118
510,summoner-3812004,511,St0rm3r,Master,72,106,,118,92
511,summoner-481209,512,Sterben Sama,Master,72,71,,117,86
512,summoner-11425082,513,The Spiker,Master,70,98,,235,199
513,summoner-16011786,514,HiGuilty,Master,69,130,,445,415
514,summoner-3342193,515,Kishi de kejo,Master,69,104,,282,265
515,summoner-1653372,516,wild Unicorn,Master,69,170,,156,111
516,summoner-2587522,517,BoIsa Familia,Master,69,47,,150,76
517,summoner-442237,518,JAW KmarT,Master,68,158,,471,451
518,summoner-1400564,519,Lavox,Master,68,90,,243,222
519,summoner-4451385,520,scamber,Master,68,106,,180,168
520,summoner-3359044,521,Sadoski,Master,68,77,,139,116
521,summoner-411017,522,Hooked ois,Master,67,85,,220,197
522,summoner-4290375,523,Little Churros,Master,66,161,,214,197
523,summoner-2446932,524,Rizziolli,Master,64,74,,287,260
524,summoner-18090142,525,warangelusadpls,Master,64,75,,176,146
525,summoner-10270414,526,Juki 1,Master,63,125,,414,397
526,summoner-1314581,527,sopEr,Master,63,102,,268,242
527,summoner-2835342,528,PablloVittar2K18,Master,63,72,,232,198
528,summoner-23000135,529,Pongazo2,Master,63,71,,215,192
529,summoner-527644,530,RW doinb,Master,63,60,,130,112
530,summoner-3696269,531,I is not Brazil,Master,61,99,,165,128
531,summoner-1394602,532,Bmxsz,Master,60,68,,132,104
532,summoner-16542924,533,RNG Zz1tai1,Master,60,48,,87,67
533,summoner-3172024,534,Gilo,Master,59,111,,370,334
534,summoner-1774157,535,Kyuubi xP,Master,58,97,,271,252
535,summoner-16102147,536,aShuraWurath,Master,58,87,,165,133
536,summoner-411765,537,Fizz,Master,58,116,,152,129
537,summoner-1162683,538,Nestorzinho,Master,58,60,,128,92
538,summoner-3666578,539,I Am SmauG,Master,57,148,,673,641
539,summoner-9735541,540,Zude,Master,57,171,,581,569
540,summoner-553147,541,NNz GuardiaN,Master,57,118,,434,422
541,summoner-2942109,542,crawling soul,Master,57,119,,412,381
542,summoner-3329598,543,Hide On RuuusTy,Master,57,107,,207,189
543,summoner-479257,544,paiN KamiKat,Master,57,65,,186,162
544,summoner-13492742,545,SCM Aeon,Master,57,65,,74,45
545,summoner-401441,546,nivaspivetta,Master,56,57,,224,162
546,summoner-15172150,547,TheGuilty,Master,56,66,,195,145
547,summoner-1177778,548,PepinoMaritimo,Master,56,67,,170,148
548,summoner-9153771,549,Vladimir Bot,Master,55,55,,157,127
549,summoner-3666306,550,KooperR,Master,55,68,,143,116
550,summoner-800274,551,Kuks,Master,54,110,,378,359
551,summoner-813924,552,TIO TA AI,Master,54,114,,225,190
552,summoner-1935673,553,Mago do Tiempo,Master,54,130,,170,140
553,summoner-19680554,554,ESKEET1T,Master,52,61,,186,157
554,summoner-513814,555,Kíng Simba,Master,52,117,,116,97
555,summoner-28871059,556,LDL Mittens,Master,51,124,,303,272
556,summoner-2875987,557,Bebê a Bardo,Master,50,130,,368,352
557,summoner-1292042,558,EU DO AULA,Master,35,94,,336,306
558,summoner-1772812,559,30 anos,Master,50,71,,221,195
559,summoner-10130145,560,Iordcini,Master,50,76,,120,99
560,summoner-1187695,561,Specktro NGDP,Master,49,94,,368,292
561,summoner-595803,562,Mitrek,Master,48,83,,225,206
562,summoner-1918288,563,Cell Jr,Master,47,99,,208,145
563,summoner-1070129,564,Jewish jojo,Master,47,59,,111,85
564,summoner-2603508,565,Newgâte,Master,46,135,,306,283
565,summoner-2494246,566,w0lfg4ng,Master,46,115,,228,184
566,summoner-2248058,567,Patoshi,Master,46,107,,206,169
567,summoner-452727,568,Sneez l,Master,46,47,,138,67
568,summoner-2848023,569,Aerys Targaryien,Master,45,88,,317,286
569,summoner-30654251,570,Believe in Savz,Master,44,42,,83,37
570,summoner-3160143,571,Ignorant Thralls,Master,43,49,,118,68
571,summoner-3967546,572,Kenái,Master,42,134,,310,253
572,summoner-1340907,573,Shirusen,Master,42,110,,244,219
573,summoner-524918,574,Koveiro MTX,Master,40,106,,315,296
574,summoner-9775160,575,Skark,Master,40,101,,291,255
575,summoner-3223838,576,Doom ABSURDO,Master,40,66,,75,47
576,summoner-488302,577,OWOWOW Q ISSO,Master,39,84,,178,161
577,summoner-529660,578,boy meets,Master,38,125,,368,356
578,summoner-9521228,579,K1ng Vini,Master,21,93,,244,224
579,summoner-5205115,580,Ferocity,Master,38,52,,111,64
580,summoner-14331788,581,blemblade,Master,37,125,,286,265
581,summoner-20210146,582,zãogui,Master,37,119,,280,257
582,summoner-2495453,583,CIown,Master,37,95,,233,203
583,summoner-1703286,584,Dratini,Master,37,121,,202,180
584,summoner-31390136,585,xd40028922xd,Master,37,51,,162,117
585,summoner-4925902,586,Seraphita,Master,36,99,,302,278
586,summoner-9202368,587,Blase,Master,36,87,,184,150
587,summoner-21255419,588,Six And Ten,Master,36,80,,180,161
588,summoner-6374367,589,CG Febiven,Master,36,81,,162,140
589,summoner-1722557,590,yougotmeexcited,Master,31,186,,298,278
590,summoner-11077008,591,Baby Puck,Master,31,150,,167,144
591,summoner-22620141,592,Nóttingham Lace,Master,31,53,,107,76
592,summoner-27220135,593,LhazZurt,Master,30,101,,340,331
593,summoner-536481,594,HadesEx,Master,30,135,,189,160
594,summoner-29690131,595,Rabbit4Dinner,Master,30,56,,133,119
595,summoner-31390137,596,Covered in scars,Master,30,42,,76,30
596,summoner-28852189,597,ZGFDWQEAZGCRQFD,Master,29,96,,227,203
597,summoner-2063689,598,PUC Darkotte,Master,29,109,,145,118
598,summoner-28111590,599,SMURF D0 MUCA,Master,27,146,,554,531
599,summoner-4391385,600,Devios Sarrador,Master,27,94,,292,275
600,summoner-2456216,601,Steve Walsh,Master,27,108,,231,207
601,summoner-32170124,602,1Levi,Master,27,71,,210,192
602,summoner-5283415,603,Ceres of Night,Master,27,96,,156,128
603,summoner-5940279,604,Orlan,Master,26,108,,385,376
604,summoner-3175198,605,BiotoniKo,Master,26,106,,254,238
605,summoner-7292233,606,Swashbuckler,Master,26,46,,109,35
606,summoner-486025,607,FuLyyyyyyyZiK,Master,24,110,,293,268
607,summoner-34000129,608,xaublinha578,Master,24,36,,53,15
608,summoner-2233464,609,WANTED is here,Master,23,130,,503,494
609,summoner-7782147,610,C0LD A NidaLEE,Master,23,92,,200,180
610,summoner-5449172,611,Meow in Bush,Master,23,70,,122,94
611,summoner-1735293,612,RBT Burritox,Master,22,116,,372,360
612,summoner-13255870,613,Garakuta,Master,22,100,,329,302
613,summoner-2790371,614,Blade Steal,Master,22,106,,259,267
614,summoner-543105,615,PLS Kaze,Master,22,63,,123,85
615,summoner-4387130,616,Izzi quer heimer,Master,21,129,,428,409
616,summoner-403845,617,Riper,Master,21,146,,326,305
617,summoner-3088054,618,keep me safe,Master,21,79,,281,246
618,summoner-4935055,619,Jack Russel,Master,21,95,,184,175
619,summoner-1208122,620,shakalakashaka,Master,20,140,,557,550
620,summoner-981433,621,Arthurzir Knight,Master,20,106,,303,260
621,summoner-2816319,622,Skzero,Master,20,98,,278,259
622,summoner-3931725,623,Popositivo,Master,19,136,,256,239
623,summoner-3623540,624,Petroni,Master,19,86,,225,209
624,summoner-2478279,625,Fuzzy1,Master,19,111,,137,103
625,summoner-23130950,626,lCElCEBABY,Master,18,122,,256,218
626,summoner-6732993,627,maikuchiha,Master,18,79,,147,122
627,summoner-1783639,628,fique à vontade,Master,18,45,,128,56
628,summoner-21190138,629,Vinic Jiujitero,Master,18,43,,91,45
629,summoner-451624,630,RSL Corumbá,Master,16,92,,285,254
630,summoner-9406948,631,Bakugo Katsuki,Master,16,97,,185,165
631,summoner-3876563,632,LordTrolll,Master,15,115,,526,509
632,summoner-8900418,633,Ryuzakí,Master,15,117,,261,236
633,summoner-3296958,634,Focho,Master,15,69,,250,229
634,summoner-597851,635,PLS Rodox,Master,15,103,,187,160
635,summoner-5714893,636,VITIN MLK NICE,Master,14,136,,334,311
636,summoner-15541468,637,Kawashimy,Master,13,146,,252,233
637,summoner-14160663,638,raikage1,Master,13,86,,221,163
638,summoner-488369,639,O imobiliário,Master,13,91,,214,201
639,summoner-18280198,640,O Pantera,Master,13,42,,46,19
640,summoner-1351382,641,puporr4uga,Master,12,129,,462,452
641,summoner-4453680,642,Zubreska,Master,12,79,,290,270
642,summoner-3051761,643,LeLeu da SWAT,Master,12,71,,177,146
643,summoner-3558565,644,mazKing,Master,11,114,,394,381
644,summoner-514602,645,kpsaodksaodf,Master,11,71,,186,166
645,summoner-2504311,646,Krane,Master,10,125,,474,454
646,summoner-1506830,647,ACE Auron ArmSTR,Master,8,144,,318,295
647,summoner-2886810,648,i ZooD x,Master,8,112,,215,195
648,summoner-32360135,649,Prbreu,Master,7,53,,147,127
649,summoner-2354538,650,qIdurtms,Master,5,66,,223,148
650,summoner-457012,651,Solado,Master,5,98,,187,165
651,summoner-3264020,652,Xusty,Master,3,170,,492,467
652,summoner-5290353,653,EuNRezoMasAFiora,Master,3,98,,190,152
653,summoner-3950358,654,Wíll,Master,0,160,,746,736
654,summoner-453377,655,Jhonirock,Master,0,181,,706,686
655,summoner-882839,656,l Atena l,Master,0,157,,701,683
656,summoner-1501104,657,luqque O BAITA,Master,0,153,,568,548
657,summoner-22760460,658,Vamos Shacodyr,Master,0,144,,505,488
658,summoner-11580022,659,galaxyzinn,Master,0,100,,463,430
659,summoner-1061002,660,SOVAI,Master,0,118,,413,394
660,summoner-19310137,661,happy yasuo boy,Master,0,86,,369,357
661,summoner-1415057,662,Guiziin,Master,0,127,,367,345
662,summoner-6815462,663,5 STACK TO DUNK,Master,0,138,,364,355
663,summoner-25302512,664,Nível 1,Master,0,88,,362,355
664,summoner-1651340,665,Pluto Quantico,Master,0,110,,361,321
665,summoner-455517,666,StanIey Kubrick,Master,0,106,,345,325
666,summoner-536498,667,Est Pirajá,Master,0,85,,331,274
667,summoner-13771390,668,FLA vinHow,Master,0,79,,319,253
668,summoner-18532885,669,in my head,Master,0,82,,315,299
669,summoner-8831839,670,Shanks o ruivo,Master,0,105,,315,286
670,summoner-5294662,671,Void TeTeu,Master,0,123,,313,291
671,summoner-3067085,672,Jamal a Ameba,Master,0,110,,308,239
672,summoner-540163,673,Aíthusa,Master,0,132,,301,273
673,summoner-14033719,674,VictorEduardo0,Master,0,97,,278,255
674,summoner-589882,675,Bob o Cafetão,Master,0,125,,267,198
675,summoner-1210113,676,NIKKK0,Master,0,89,,264,237
676,summoner-2074649,677,Sir Zoldyck,Master,0,97,,253,219
677,summoner-8382735,678,Don t Iook at me,Master,0,67,,230,198
678,summoner-30563222,679,DaIIasmmbr,Master,0,59,,225,169
679,summoner-5036626,680,Qats,Master,0,107,,221,194
680,summoner-890852,681,Camello Preto,Master,0,101,,212,191
681,summoner-20184712,682,1 Mro Fazendeiro,Master,0,109,,203,186
682,summoner-1470279,683,Dino0,Master,0,113,,202,178
683,summoner-404479,684,Rabbew,Master,0,132,,201,190
684,summoner-3209211,685,Give me ADC,Master,0,68,,191,165
685,summoner-3280674,686,The Ascension,Master,0,73,,184,160
686,summoner-3527121,687,Lnnn,Master,0,260,,184,169
687,summoner-31400153,688,sup fresh,Master,0,57,,178,129
688,summoner-30630317,689,ZenoN,Master,0,91,,172,140
689,summoner-5634011,690,Oi eu sou o jann,Master,0,140,,160,137
690,summoner-5544204,691,Krytus,Master,0,87,,150,127
691,summoner-3337286,692,lxl warrior lxl,Master,0,109,,145,114
692,summoner-3171870,693,Werhli,Master,0,93,,144,125
693,summoner-2597287,694,Murker,Master,0,94,,142,122
694,summoner-30050125,695,september dream,Master,0,55,,136,109
695,summoner-662001,696,meff,Master,0,88,,114,87
696,summoner-1997338,697,Brtt Galopante,Master,0,108,,98,73
697,summoner-1483034,698,CavaloHumano,Master,0,47,,95,71
698,summoner-601394,699,EU PRATICO A PAZ,Master,0,44,,77,50
699,summoner-3311057,700,its my dreaM,Master,0,48,,76,30
700,summoner-17612581,701,MiyaAsura,Diamond 1,100,164,,847,840
701,summoner-27724155,702,Mohammed Abdu,Diamond 1,100,171,,804,779
702,summoner-1693685,703,SeijiM,Diamond 1,100,140,,566,542
703,summoner-4571134,704,P0GG3R5,Diamond 1,100,140,,557,541
704,summoner-407179,705,Veledar,Diamond 1,100,126,,511,514
705,summoner-14153582,706,Doo,Diamond 1,100,180,,507,486
706,summoner-27162475,707,epilul,Diamond 1,100,96,,463,449
707,summoner-2803624,708,Quindinho,Diamond 1,100,111,,428,408
708,summoner-1061002,709,SOVAI,Master,0,118,,413,394
709,summoner-1303012,710,Louwt a babá,Diamond 1,100,134,,392,380
710,summoner-7332382,711,FelipeCC,Diamond 1,100,118,,386,346
711,summoner-2894057,712,always suffering,Diamond 1,100,122,,378,345
712,summoner-16682207,713,ThiagoJLDS,Diamond 1,100,110,,373,340
713,summoner-15422394,714,Doga The God,Diamond 1,100,134,,372,358
714,summoner-3931694,715,Masta yi,Diamond 1,100,124,,296,271
715,summoner-1343420,716,Dedicated Player,Diamond 1,100,91,,294,274
716,summoner-9670542,717,yLobão QUÉ OTA,Diamond 1,100,93,,282,279
717,summoner-3670378,718,ll Leo ll,Diamond 1,100,114,,266,235
718,summoner-2796522,719,Bacio di Latte,Diamond 1,100,84,,237,209
719,summoner-30563222,720,DaIIasmmbr,Master,0,59,,225,169
720,summoner-990854,721,Jp de Fenix,Diamond 1,100,97,,210,190
721,summoner-2835328,722,CNB BericK,Diamond 1,100,93,,205,186
722,summoner-22980133,723,U231,Diamond 1,100,72,,204,185
723,summoner-1798029,724,Sephis1,Diamond 1,100,59,,193,144
724,summoner-27574079,725,n me da rage pf,Diamond 1,100,82,,191,167
725,summoner-34510138,726,xypherz,Diamond 1,100,54,,190,137
726,summoner-3502686,727,Teixas,Diamond 1,100,104,,187,155
727,summoner-489076,728,téCnicooo,Diamond 1,100,70,,177,152
728,summoner-1352528,729,FitzZ,Diamond 1,84,75,,171,152
729,summoner-986652,730,DudsTh3Boy,Diamond 1,100,61,,170,127
730,summoner-17920145,731,ela kush,Diamond 1,100,67,,157,137
731,summoner-649246,732,Walzanetti,Diamond 1,100,63,,137,107
732,summoner-801310,733,Raiser,Diamond 1,100,84,,136,107
733,summoner-447057,734,KBM Atlanta,Diamond 1,100,66,,133,113
734,summoner-4161040,735,INTZ Winter,Diamond 1,100,80,,132,112
735,summoner-4833622,736,Bate ou Rengarça,Diamond 1,100,91,,127,105
736,summoner-13100004,737,crown the kings,Diamond 1,100,111,,125,107
737,summoner-2077513,738,hadzov1txD,Diamond 1,100,94,,120,94
738,summoner-2079617,739,Wafflesdoce,Diamond 1,100,83,,103,69
739,summoner-598900,740,NUMBA 1 HERO DAH,Diamond 1,100,50,,94,70
740,summoner-30381056,741,Hasaginho Mudo,Diamond 1,100,41,,69,46
741,summoner-34010124,742,Matuê no Comando,Diamond 1,100,38,,64,36
742,summoner-2098946,743,PRG fNb,Diamond 1,100,50,,61,29
743,summoner-1988406,744,Céos,Diamond 1,100,54,,56,34
744,summoner-6556812,745,WE2LTR4P8B,Diamond 1,100,61,,55,35
745,summoner-3799474,746,Modo ben 10,Diamond 1,100,36,,46,9
746,summoner-482557,747,Molly420,Diamond 1,99,113,,373,337
747,summoner-19730920,748,3 Solid Choices,Diamond 1,99,78,,227,214
748,summoner-2361263,749,Rômio,Diamond 1,99,73,,87,70
749,summoner-27172642,750,Doga o Dog,Diamond 1,98,55,,164,107
750,summoner-31281490,751,ÉL HIPER CARRY,Diamond 1,97,92,,478,426
751,summoner-1187632,752,Bebetin,Diamond 1,97,112,,251,241
752,summoner-1913667,753,disket1,Diamond 1,97,94,,160,135
753,summoner-3868459,754,Jóka,Diamond 1,97,93,,154,119
754,summoner-30822437,755,OlkaidaRJ,Diamond 1,97,47,,112,61
755,summoner-4163223,756,MaroIa Boy,Diamond 1,97,50,,97,63
756,summoner-28950132,757,Fan de Pancake,Diamond 1,97,45,,93,58
757,summoner-5506856,758,RAKAN D CAMPINAS,Diamond 1,96,99,,260,234
758,summoner-13408826,759,Rakion,Diamond 1,79,111,,249,231
759,summoner-5035690,760,Stoic,Diamond 1,96,59,,104,72
760,summoner-21210131,761,gtrewe,Diamond 1,96,55,,88,60
761,summoner-5643743,762,BeWhoUReallyAre,Diamond 1,95,142,,530,508
762,summoner-29380511,763,Chachki1,Diamond 1,95,72,,264,205
763,summoner-4147657,764,Hey Balls,Diamond 1,95,79,,178,160
764,summoner-510499,765,Oikawa1,Diamond 1,95,55,,83,56
765,summoner-15722101,766,Ekko da lurdes,Diamond 1,95,62,,71,41
766,summoner-21210129,767,parsa da lisa,Diamond 1,93,63,,140,109
767,summoner-550574,768,Threesh 1v9,Diamond 1,92,154,,286,263
768,summoner-4408884,769,Raw,Diamond 1,92,121,,128,111
769,summoner-14983993,770,ez to get pp,Diamond 1,92,49,,110,58
770,summoner-2901134,771,LDL haunnbet,Diamond 1,91,77,,280,265
771,summoner-3222331,772,Lux Elementar,Diamond 1,90,146,,620,596
772,summoner-776572,773,hauz preto,Diamond 1,90,90,,251,222
773,summoner-3071714,774,RRRRRRRRRRRANK1,Diamond 1,90,69,,230,184
774,summoner-1343436,775,Rhodvor,Diamond 1,90,95,,207,180
775,summoner-2081440,776,Ayato Amagiri,Diamond 1,90,83,,195,147
776,summoner-30976282,777,Bean de soraka,Diamond 1,90,58,,163,117
777,summoner-15313652,778,0bsess,Diamond 1,90,68,,144,102
778,summoner-10028008,779,SVARGROND KING,Diamond 1,90,78,,143,118
779,summoner-984823,780,Deey,Diamond 1,90,67,,134,103
780,summoner-2580342,781,Sailakeus,Diamond 1,90,66,,122,76
781,summoner-6553069,782,Iumi,Diamond 1,90,57,,115,92
782,summoner-5400152,783,Ayato Amaguigo,Diamond 1,90,58,,110,74
783,summoner-2040160,784,5roken,Diamond 1,90,63,,109,85
784,summoner-4200372,785,Apollogizee,Diamond 1,90,128,,105,93
785,summoner-31380137,786,OLHA O MAPA PFV,Diamond 1,76,44,,104,64
786,summoner-22366039,787,lIIIIIIIIl,Diamond 1,90,50,,102,67
787,summoner-3365214,788,Guerreiro da Fé,Diamond 1,90,41,,82,42
788,summoner-10999904,789,Olá Bolas,Diamond 1,90,54,,81,55
789,summoner-12430426,790,drewzera,Diamond 1,90,42,,76,51
790,summoner-1610785,791,summer city,Diamond 1,90,92,,73,55
791,summoner-27790135,792,1789631,Diamond 1,90,48,,70,42
792,summoner-28402415,793,Gabi Grrr,Diamond 1,90,47,,70,44
793,summoner-16460133,794,Guido Kaczka,Diamond 1,90,40,,59,29
794,summoner-10111115,795,its just asinine,Diamond 1,90,40,,44,15
795,summoner-481392,796,Texugo Reformed,Diamond 1,89,138,,240,224
796,summoner-9730507,797,Malboro Rulez,Diamond 1,88,121,,541,528
797,summoner-594233,798,Turibulus,Diamond 1,88,70,,181,162
798,summoner-8021008,799,Motocicleta,Diamond 1,88,48,,69,44
799,summoner-1499171,800,All Apologies,Diamond 1,87,158,,320,309
800,summoner-2512456,801,JohnnyMamute,Diamond 1,87,85,,120,93
801,summoner-5390924,802,CARD Tifera,Diamond 1,87,99,,100,84
802,summoner-5380405,803,Mish xD,Diamond 1,86,153,,546,526
803,summoner-31390139,804,sushi birthdays,Diamond 1,86,77,,309,256
804,summoner-1177593,805,Hykarin,Diamond 1,86,101,,211,186
805,summoner-1843733,806,Minnie,Diamond 1,86,73,,165,139
806,summoner-32233015,807,stacenco,Diamond 1,86,81,,154,111
807,summoner-16024244,808,Ascending,Diamond 1,85,102,,381,361
808,summoner-471595,809,ABILTON,Diamond 1,85,76,,159,134
809,summoner-3991439,810,Comunista Seboso,Diamond 1,85,103,,152,138
810,summoner-6803691,811,FACE THE WIND ZD,Diamond 1,85,74,,133,109
811,summoner-445470,812,Merkat,Diamond 1,85,60,,121,86
812,summoner-4561314,813,GabrieI Lopes,Diamond 1,85,89,,99,82
813,summoner-2095329,814,not this time,Diamond 1,85,45,,72,51
814,summoner-23550153,815,Leigrey,Diamond 1,84,70,,268,246
815,summoner-593600,816,lGemini,Diamond 1,84,102,,260,240
816,summoner-405571,817,Venna,Diamond 1,84,108,,210,185
817,summoner-1352528,818,FitzZ,Diamond 1,84,75,,171,152
818,summoner-2092039,819,aSNK,Diamond 1,84,62,,113,92
819,summoner-437883,820,gut3r4,Diamond 1,83,94,,255,235
820,summoner-1590892,821,Jax Of The Tilt,Diamond 1,83,90,,240,225
821,summoner-17175106,822,WH SoL,Diamond 1,83,138,,202,160
822,summoner-9442077,823,Eating Lotus,Diamond 1,83,98,,178,162
823,summoner-3358055,824,vitinshow,Diamond 1,83,72,,134,103
824,summoner-3599722,825,Sonyled,Diamond 1,82,62,,151,124
825,summoner-5584445,826,NOsFerus1,Diamond 1,82,39,,50,29
826,summoner-764468,827,1Ablon1,Diamond 1,82,75,,46,25
827,summoner-8200540,828,Lobo Guarápari,Diamond 1,81,132,,368,334
828,summoner-1841700,829,TENH0 WARMOG,Diamond 1,81,49,,134,102
829,summoner-552331,830,Official Shakira,Diamond 1,80,96,,246,222
830,summoner-1101087,831,ME DA IBAGENS,Diamond 1,80,67,,152,138
831,summoner-3269462,832,9September,Diamond 1,80,61,,119,106
832,summoner-18260224,833,myxxx,Diamond 1,80,47,,106,82
833,summoner-13408826,834,Rakion,Diamond 1,79,111,,249,231
834,summoner-3095617,835,Shy Guy,Diamond 1,79,66,,240,217
835,summoner-9693284,836,Wintero,Diamond 1,79,65,,181,161
836,summoner-28781202,837,hucarim,Diamond 1,79,60,,143,130
837,summoner-25700133,838,prook good kid,Diamond 1,79,60,,133,121
838,summoner-34020129,839,Hyoguineo,Diamond 1,79,34,,34,9
839,summoner-472017,840,Mianhae,Diamond 1,78,115,,191,159
840,summoner-4855452,841,Moacir do SUS,Diamond 1,78,87,,119,89
841,summoner-4973241,842,Aensland,Diamond 1,78,59,,102,54
842,summoner-3649793,843,RayZ,Diamond 1,78,77,,98,80
843,summoner-981529,844,13ffr13,Diamond 1,78,103,,95,67
844,summoner-2005682,845,carryfanboy,Diamond 1,77,90,,196,183
845,summoner-19580242,846,CLAUDETE COSTURA,Diamond 1,77,74,,167,154
846,summoner-5571375,847,kroNooz,Diamond 1,77,109,,126,98
847,summoner-5464893,848,Menininho Triste,Diamond 1,77,127,,90,66
848,summoner-3291467,849,ACE Pro Deita,Diamond 1,76,122,,369,355
849,summoner-23101356,850,Anyyyyyy,Diamond 1,76,80,,266,216
850,summoner-28624890,851,sorrymybad02,Diamond 1,76,52,,109,103
851,summoner-31380137,852,OLHA O MAPA PFV,Diamond 1,76,44,,104,64
852,summoner-18270232,853,pOIAUWSEyt,Diamond 1,76,51,,82,58
853,summoner-16975364,854,live my life,Diamond 1,75,191,,690,664
854,summoner-2982516,855,SheIdon1,Diamond 1,75,172,,633,612
855,summoner-5783969,856,Eryoff,Diamond 1,75,107,,503,490
856,summoner-2244534,857,kksh,Diamond 1,75,131,,467,444
857,summoner-1172963,858,WorstDayOfMyLife,Diamond 1,75,122,,462,440
858,summoner-1404767,859,Maynah,Diamond 1,75,122,,430,405
859,summoner-2340712,860,XAPO VEI A LARIK,Diamond 1,75,110,,390,365
860,summoner-15221416,861,the began,Diamond 1,75,113,,382,381
861,summoner-411597,862,AlocsMan,Diamond 1,75,105,,366,353
862,summoner-477105,863,DASLAYER,Diamond 1,75,91,,355,322
863,summoner-31029066,864,ScriptKing,Diamond 1,75,112,,346,304
864,summoner-3414220,865,Danlife,Diamond 1,75,92,,314,292
865,summoner-4065903,866,Fusyer,Diamond 1,75,91,,281,255
866,summoner-810720,867,Zanatsuo,Diamond 1,75,83,,280,252
867,summoner-17323904,868,SOLTA O RAITECK,Diamond 1,75,68,,276,193
868,summoner-584033,869,toshibaa,Diamond 1,75,101,,274,253
869,summoner-2119346,870,Bartthory,Diamond 1,75,69,,248,226
870,summoner-10261344,871,die trying,Diamond 1,75,73,,238,221
871,summoner-4827162,872,Mid Carente,Diamond 1,75,80,,237,187
872,summoner-20860131,873,Warangelus,Diamond 1,75,82,,237,201
873,summoner-13921327,874,Hasin,Diamond 1,75,88,,236,209
874,summoner-26791483,875,Giigii Ryuzaki,Diamond 1,75,122,,233,200
875,summoner-23844107,876,Kur0,Diamond 1,75,93,,224,184
876,summoner-3291057,877,Rakin,Diamond 1,75,70,,224,199
877,summoner-5642522,878,Malory3030,Diamond 1,75,71,,220,194
878,summoner-4694899,879,Midphobia,Diamond 1,75,87,,219,188
879,summoner-11047505,880,O VRDDRO GUARANÁ,Diamond 1,75,76,,206,180
880,summoner-3925919,881,hauz,Diamond 1,75,84,,201,159
881,summoner-3682007,882,Slugz,Diamond 1,75,80,,200,178
882,summoner-22195228,883,jayceblindado123,Diamond 1,75,123,,198,159
883,summoner-459411,884,r0t,Diamond 1,75,72,,198,175
884,summoner-33650124,885,xNicomando,Diamond 1,75,74,,194,168
885,summoner-4444467,886,blamez1,Diamond 1,75,82,,193,168
886,summoner-32314561,887,Gods PIan,Diamond 1,75,60,,188,136
887,summoner-490517,888,Nicomando,Diamond 1,75,60,,181,151
888,summoner-6401622,889,JUNKURIBOH,Diamond 1,75,72,,178,169
889,summoner-3072094,890,Triguit0,Diamond 1,75,96,,175,150
890,summoner-4320191,891,GOWTHER A LENDA,Diamond 1,75,91,,173,150
891,summoner-4095213,892,Dream Colors,Diamond 1,75,51,,170,117
892,summoner-526203,893,URSÃO DA FEDERAL,Diamond 1,75,72,,167,128
893,summoner-4612917,894,PàtoBoy Corredor,Diamond 1,75,96,,165,139
894,summoner-7531495,895,Let me beyond,Diamond 1,75,125,,165,126
895,summoner-9725369,896,ICH z1ni,Diamond 1,75,73,,162,131
896,summoner-27661423,897,SURFlSTAO7,Diamond 1,75,66,,161,130
897,summoner-3922741,898,Ernest Du Voyage,Diamond 1,75,48,,161,88
898,summoner-6645550,899,Lêozuxo,Diamond 1,75,88,,157,137
899,summoner-5200602,900,Lieren,Diamond 1,75,66,,157,124
900,summoner-10082696,901,Hi im Gardel,Diamond 1,75,67,,151,131
901,summoner-26810871,902,C9Sneakyfanboy,Diamond 1,75,59,,148,105
902,summoner-522557,903,tinowns,Diamond 1,75,54,,147,108
903,summoner-779150,904,sTz Viny,Diamond 1,75,55,,145,95
904,summoner-432513,905,darksai,Diamond 1,75,102,,143,102
905,summoner-3358754,906,Harakk,Diamond 1,75,115,,140,110
906,summoner-15111559,907,Qifi,Diamond 1,75,87,,140,112
907,summoner-419354,908,alvinho,Diamond 1,75,87,,138,106
908,summoner-678959,909,wizate,Diamond 1,75,50,,137,105
909,summoner-9660188,910,greek yogurt,Diamond 1,75,60,,135,107
910,summoner-2883143,911,Mighty MuffiN,Diamond 1,75,62,,130,106
911,summoner-4837690,912,dzzzzzn1,Diamond 1,75,46,,129,40
912,summoner-20026328,913,PnL1,Diamond 1,75,52,,127,88
913,summoner-656285,914,Kumagai Eri,Diamond 1,75,75,,123,98
914,summoner-33460137,915,1tevez,Diamond 1,75,46,,119,53
915,summoner-31020648,916,Luiszeras,Diamond 1,75,50,,109,74
916,summoner-3700601,917,VAC BAN,Diamond 1,75,75,,101,75
917,summoner-33240360,918,SMILOOOOOOOOOOVE,Diamond 1,75,42,,100,60
918,summoner-1750858,919,SaDgasM,Diamond 1,75,118,,90,73
919,summoner-451816,920,Stressado,Diamond 1,75,52,,86,63
920,summoner-32160133,921,03012018,Diamond 1,75,53,,86,64
921,summoner-27483653,922,Boldkontrol,Diamond 1,75,44,,82,59
922,summoner-440746,923,te amo mt meu bb,Diamond 1,75,45,,82,54
923,summoner-27630143,924,FUS RO DAAAAH,Diamond 1,75,53,,81,49
924,summoner-4736207,925,CAMELO FANTASMA,Diamond 1,75,40,,79,48
925,summoner-27934954,926,Mockíngbird,Diamond 1,75,51,,79,48
926,summoner-1608491,927,q v,Diamond 1,75,49,,77,54
927,summoner-3261229,928,PichuDuCouteau,Diamond 1,75,90,,77,54
928,summoner-18280215,929,FLA Goku 10,Diamond 1,75,44,,73,47
929,summoner-18270228,930,a new awakening,Diamond 1,75,40,,70,42
930,summoner-9685535,931,Wonks,Diamond 1,75,102,,63,22
931,summoner-24790138,932,MÃO DE OURO TÁ,Diamond 1,75,51,,56,24
932,summoner-21900415,933,Oi meu anjo,Diamond 1,75,34,,45,9
933,summoner-16983202,934,1NIBELK,Diamond 1,75,54,,41,8
934,summoner-404393,935,Dajar,Diamond 1,74,145,,558,527
935,summoner-4122206,936,LeoTurtle,Diamond 1,74,93,,190,190
936,summoner-15640140,937,gu7s,Diamond 1,74,57,,156,141
937,summoner-16100773,938,Bob Lablaw,Diamond 1,74,138,,155,124
938,summoner-18013692,939,LZ Justice,Diamond 1,74,72,,150,130
939,summoner-8101502,940,Dàrkcone,Diamond 1,74,88,,148,125
940,summoner-26323344,941,Cj3ii,Diamond 1,74,63,,110,95
941,summoner-1130265,942,Dérby Vermelho,Diamond 1,74,113,,63,39
942,summoner-11768865,943,Lc s FeuersTeiN,Diamond 1,73,156,,628,625
943,summoner-9073368,944,Vitin6,Diamond 1,73,158,,546,537
944,summoner-521463,945,USC Kluh,Diamond 1,73,117,,430,402
945,summoner-522434,946,YONALDlNHO,Diamond 1,72,130,,451,448
946,summoner-4140701,947,Distinct,Diamond 1,72,81,,196,181
947,summoner-784550,948,rainy days,Diamond 1,72,89,,163,141
948,summoner-1529694,949,CrazyMaater,Diamond 1,72,83,,127,98
949,summoner-17470448,950,não to mt feliz,Diamond 1,72,51,,126,100
950,summoner-550922,951,XxBrzkSxX,Diamond 1,72,61,,115,64
951,summoner-3935190,952,Netbook,Diamond 1,72,94,,109,82
952,summoner-1977996,953,aluM a Mula,Diamond 1,71,155,,532,541
953,summoner-3414572,954,ZÉ DO POSTO,Diamond 1,71,108,,322,297
954,summoner-26150789,955,Yuikosan Nyt,Diamond 1,71,139,,185,164
955,summoner-5277594,956,Slowas,Diamond 1,71,118,,54,36
956,summoner-8112185,957,UFRPE Limão,Diamond 1,70,124,,685,680
957,summoner-3290323,958,Shiruo,Diamond 1,70,99,,284,260
958,summoner-13404449,959,tyty02,Diamond 1,70,88,,207,182
959,summoner-3614644,960,HDih,Diamond 1,70,71,,174,146
960,summoner-31380130,961,FLA Jisu 1,Diamond 1,70,54,,153,100
961,summoner-26210826,962,Cimento VIII,Diamond 1,70,47,,131,77
962,summoner-4240986,963,Hymazake,Diamond 1,70,65,,76,54
963,summoner-2427841,964,MaximiIIian,Diamond 1,69,115,,204,180
964,summoner-30555627,965,Yharnam sunrise,Diamond 1,69,55,,188,145
965,summoner-7544850,966,miss the old you,Diamond 1,69,74,,185,172
966,summoner-481172,967,Hallelujah,Diamond 1,69,112,,180,153
967,summoner-15202798,968,gumballestrupa,Diamond 1,69,51,,170,90
968,summoner-1167954,969,Cellin Lothbrok,Diamond 1,68,122,,648,592
969,summoner-1764489,970,PILOT0,Diamond 1,68,109,,350,345
970,summoner-2339756,971,12574217,Diamond 1,68,98,,314,272
971,summoner-403484,972,TibiaN,Diamond 1,68,84,,255,241
972,summoner-25485566,973,Jayce Blindado,Diamond 1,68,96,,210,195
973,summoner-1972663,974,M92F S,Diamond 1,68,88,,195,184
974,summoner-31821984,975,Paulo Dybala,Diamond 1,68,64,,173,107
975,summoner-661868,976,pimpimenta,Diamond 1,68,58,,160,119
976,summoner-17240525,977,A famosa JANNAA,Diamond 1,68,62,,152,136
977,summoner-440178,978,Dreams is back,Diamond 1,68,53,,110,86
978,summoner-477706,979,brun1n xD,Diamond 1,68,67,,77,51
979,summoner-3974104,980,FnaticRC Rekkles,Diamond 1,67,99,,311,280
980,summoner-15660334,981,DVzin debochado,Diamond 1,67,63,,227,139
981,summoner-404151,982,While She Sleeps,Diamond 1,67,92,,176,159
982,summoner-456109,983,Vitality,Diamond 1,67,164,,171,142
983,summoner-1060743,984,PUC Cross TIG,Diamond 1,67,87,,162,140
984,summoner-4969480,985,O Mosqueteiro,Diamond 1,67,150,,160,138
985,summoner-18770125,986,CNBrunch,Diamond 1,67,52,,123,84
986,summoner-5034532,987,Miss Queen,Diamond 1,67,147,,101,72
987,summoner-3067434,988,Buckmann,Diamond 1,67,77,,97,72
988,summoner-16043348,989,Futanari Girl,Diamond 1,67,78,,74,52
989,summoner-602783,990,EnterKeyRemoved,Diamond 1,66,86,,229,203
990,summoner-2585348,991,bêbada em paris,Diamond 1,66,85,,174,141
991,summoner-30641228,992,Microtulio,Diamond 1,66,79,,147,91
992,summoner-31101879,993,pachecoff,Diamond 1,65,61,,202,135
993,summoner-18631039,994,BUERO,Diamond 1,65,50,,159,112
994,summoner-5891894,995,Ralphe,Diamond 1,65,75,,149,133
995,summoner-9143435,996,Katya Beyblade,Diamond 1,65,167,,63,39
996,summoner-3180522,997,Hatsune Míku,Diamond 1,65,39,,44,24
997,summoner-1910272,998,Lwz,Diamond 1,64,98,,150,133
998,summoner-25750211,999,so close so far,Diamond 1,64,49,,127,84
999,summoner-8291129,1000,R nord,Diamond 1,64,46,,91,44
