#timestamp 1529938859374
#date 2018-06-25T15:00:59+00:00
#players 1000
#index,id,rank,name,tier,lp,level,proTeam,win,loss
0,summoner-54601,1,Aloned,Challenger,1245,88,,260,176
1,summoner-485522,2,Josedeodo,Challenger,1244,86,,124,54
2,summoner-146501,3,Reincarnati0n,Challenger,981,81,,296,249
3,summoner-13101424,4,Jon Slow,Challenger,964,67,,160,90
4,summoner-12970770,5,Laro,Challenger,900,108,,290,241
5,summoner-22373,6,Jara,Challenger,855,96,,314,266
6,summoner-887542,7,Áckerman,Challenger,849,87,,200,148
7,summoner-39798,8,Ðark,Challenger,804,75,,132,77
8,summoner-41970,9,Ronnie Sullivan,Challenger,780,97,,319,274
9,summoner-551623,10,Cubn,Challenger,746,92,,240,184
10,summoner-78155,11,Jovana Rea,Challenger,720,70,,163,114
11,summoner-258446,12,Plugo,Challenger,700,67,,135,95
12,summoner-117772,13,Popeyee,Challenger,637,163,,290,187
13,summoner-197380,14,El tio Pompas,Challenger,629,145,,192,141
14,summoner-42122,15,TøpLop,Challenger,613,158,,609,564
15,summoner-2273511,16,Bën,Challenger,612,93,,149,114
16,summoner-2260415,17,ClickClick,Challenger,588,118,,277,247
17,summoner-316731,18,Fixeal,Challenger,588,64,,140,83
18,summoner-1540877,19,Rîn,Challenger,581,66,,228,179
19,summoner-419084,20,Follow,Challenger,576,106,,259,213
20,summoner-90878,21,Crab,Challenger,569,66,,183,146
21,summoner-11510189,22,MK Piqueos,Challenger,534,71,,177,140
22,summoner-919421,23,LSG TurboBestia,Challenger,534,97,,169,126
23,summoner-1342068,24,Just Historia,Challenger,529,136,,442,414
24,summoner-55115,25,Amazing LOL,Challenger,522,76,,219,175
25,summoner-3773783,26,xypherz,Challenger,517,115,,356,309
26,summoner-6421946,27,Franchu1440,Challenger,514,80,,295,251
27,summoner-2531572,28,Zach dempsey,Challenger,511,93,,342,301
28,summoner-4563644,29,Stay in Tower,Challenger,500,139,,509,471
29,summoner-4168955,30,adcccc,Challenger,498,113,,266,220
30,summoner-28154,31,TA Sasuke,Challenger,489,70,,163,126
31,summoner-14220740,32,should kys,Challenger,488,67,,287,223
32,summoner-65363,33,Ríos,Challenger,488,77,,126,90
33,summoner-1272154,34,KING Dongˇha,Challenger,486,112,,345,313
34,summoner-414524,35,FIare,Challenger,484,110,,222,186
35,summoner-10890287,36,Fan De CasterMax,Challenger,477,98,,177,134
36,summoner-201891,37,randommmm,Challenger,472,72,,151,121
37,summoner-68001,38,EduardoFilopo,Challenger,468,92,,229,186
38,summoner-183154,39,Mát,Challenger,462,99,,323,287
39,summoner-521178,40,Kartana,Challenger,462,92,,291,248
40,summoner-214586,41,Churri1,Challenger,461,56,,163,130
41,summoner-247624,42,lkiefer,Challenger,451,102,,179,154
42,summoner-225934,43,Morts,Challenger,448,109,,339,309
43,summoner-100168,44,Ázenth,Challenger,432,98,,269,230
44,summoner-8511827,45,Ðaedra,Challenger,430,58,,106,71
45,summoner-118449,46,maybe someday,Challenger,424,58,,166,133
46,summoner-1140356,47,F3NIX,Challenger,422,74,,140,102
47,summoner-71900,48,2v1 plz,Challenger,420,102,,229,201
48,summoner-6232791,49,Fòrce,Challenger,416,49,,72,35
49,summoner-464759,50,Little ROODRA,Challenger,406,88,,250,160
50,summoner-1254016,51,FLORA FATALE,Challenger,399,106,,284,250
51,summoner-110499,52,Psykhé,Challenger,397,73,,235,200
52,summoner-4054501,53,Cesni,Challenger,394,114,,319,305
53,summoner-238388,54,NaFT,Challenger,394,90,,130,98
54,summoner-735988,55,Ayax UwU,Challenger,393,77,,268,198
55,summoner-51342,56,We Are Life,Challenger,388,56,,120,89
56,summoner-130151,57,woofı,Challenger,386,66,,133,104
57,summoner-14130145,58,finding myself,Challenger,384,67,,218,159
58,summoner-29645,59,PureBlood,Challenger,382,84,,239,205
59,summoner-1434364,60,OFWGKTA,Challenger,378,110,,337,296
60,summoner-14143678,61,CA Krim,Challenger,376,63,,181,120
61,summoner-93840,62,CHAU AMlGOS,Challenger,376,67,,173,153
62,summoner-61840,63,Phyro,Challenger,376,92,,139,112
63,summoner-1811981,64,Nero CIaudius,Challenger,375,55,,136,104
64,summoner-132222,65,ANHLTR,Challenger,372,76,,169,145
65,summoner-4590501,66,1cody,Challenger,370,71,,249,196
66,summoner-556257,67,Shales,Challenger,366,91,,185,148
67,summoner-1042870,68,ADC IN MMXVIII,Challenger,365,97,,227,201
68,summoner-5271319,69,HangedMan,Challenger,364,67,,213,175
69,summoner-7136429,70,Tachikawa Mimi,Challenger,361,117,,306,287
70,summoner-64238,71,BL Leonaidas,Challenger,358,69,,189,162
71,summoner-7096236,72,Kiyro,Challenger,356,101,,197,161
72,summoner-13840348,73,Pancake v2,Challenger,355,48,,90,58
73,summoner-4262259,74,chill and win,Challenger,350,85,,145,113
74,summoner-6443773,75,sNow is Back,Challenger,350,43,,93,43
75,summoner-56039,76,tilin,Challenger,348,83,,121,93
76,summoner-2080155,77,Ankør,Challenger,345,88,,212,187
77,summoner-462989,78,sweetnsalty,Challenger,345,73,,194,178
78,summoner-1640210,79,Zeb3xy,Challenger,343,177,,746,738
79,summoner-25895,80,Walkarus,Challenger,342,85,,214,187
80,summoner-114867,81,Dhek,Challenger,336,114,,382,351
81,summoner-57964,82,Near ü,Challenger,331,131,,313,284
82,summoner-141417,83,Žentrix Senpai,Challenger,330,130,,272,239
83,summoner-4934350,84,Ñya x Chan,Challenger,323,109,,319,287
84,summoner-68143,85,MakeUpUrMind,Challenger,323,99,,229,202
85,summoner-71247,86,el rowlio pa,Challenger,320,114,,404,386
86,summoner-2152784,87,Xäyah Grey,Challenger,320,108,,324,301
87,summoner-2633138,88,Snöw,Challenger,315,132,,460,436
88,summoner-1082368,89,Kainé,Challenger,313,116,,398,351
89,summoner-372918,90,kushinda na ufa,Challenger,312,103,,368,354
90,summoner-133461,91,SryNotSry,Challenger,310,76,,246,214
91,summoner-88974,92,Carnotaurus,Challenger,310,81,,228,201
92,summoner-960743,93,N N ˇ,Challenger,309,95,,252,220
93,summoner-3140449,94,Que Pajita xD,Challenger,308,123,,401,372
94,summoner-853348,95,noghost,Challenger,307,88,,344,311
95,summoner-6445042,96,ˆoˆ,Challenger,307,73,,133,96
96,summoner-68279,97,Soul,Challenger,306,104,,193,155
97,summoner-1091844,98,BladeKoz,Challenger,304,105,,513,443
98,summoner-251037,99,Tichoundrius,Challenger,303,83,,99,71
99,summoner-43448,100,TobalCl,Challenger,302,117,,301,275
100,summoner-425408,101,Jarankal,Challenger,301,90,,298,280
101,summoner-6770456,102,I Take Blues,Challenger,300,74,,236,175
102,summoner-4962799,103,Høllow,Challenger,297,91,,309,228
103,summoner-522626,104,SantiagoJara,Challenger,297,75,,247,208
104,summoner-109949,105,Letz,Challenger,297,79,,226,200
105,summoner-5160616,106,FzF Skeeto,Challenger,290,112,,237,209
106,summoner-8560132,107,Henrik Hansen,Challenger,290,60,,132,101
107,summoner-1062113,108,łacoste,Challenger,289,123,,256,233
108,summoner-1381821,109,BIO ƒriendlyˇ,Challenger,287,81,,191,164
109,summoner-7302800,110,so sad,Challenger,286,158,,565,539
110,summoner-1621486,111,Vàsh,Challenger,285,107,,250,228
111,summoner-9592243,112,One Clone,Challenger,285,77,,142,113
112,summoner-490396,113,Ara Araˆ,Challenger,284,86,,168,148
113,summoner-4171744,114,Cubbn,Challenger,284,60,,133,83
114,summoner-83935,115,UndeFack,Challenger,283,131,,145,115
115,summoner-182266,116,Bartoo,Challenger,280,65,,161,141
116,summoner-4502116,117,TheMachiavellian,Challenger,277,130,,202,167
117,summoner-2412423,118,Color,Challenger,277,103,,165,143
118,summoner-176981,119,TTTTTTTTTTTTTT,Challenger,276,116,,308,286
119,summoner-112367,120,kouzze,Challenger,275,93,,297,268
120,summoner-1464616,121,TheDarkCloud,Challenger,273,85,,215,189
121,summoner-2221442,122,Stryderr,Challenger,272,109,,295,275
122,summoner-305879,123,SkumbaGG nNymph,Challenger,272,59,,94,66
123,summoner-12930776,124,ME ROBAN BARONx2,Challenger,271,146,,591,586
124,summoner-143854,125,A de sé,Challenger,271,106,,400,371
125,summoner-6490141,126,SiuRuFa,Challenger,267,87,,217,199
126,summoner-2983715,127,I Love my Ashley,Challenger,265,59,,123,87
127,summoner-14630174,128,TA Naruto,Challenger,265,45,,101,65
128,summoner-46382,129,Axlbg,Challenger,261,83,,138,109
129,summoner-81262,130,Diegunho,Challenger,260,94,,325,294
130,summoner-13854590,131,Mond,Challenger,256,54,,158,94
131,summoner-241279,132,Az Sky,Challenger,253,86,,327,271
132,summoner-196840,133,Ärtyk1,Challenger,252,102,,215,193
133,summoner-96707,134,MlDLANE HOKAGE,Challenger,250,70,,215,193
134,summoner-723505,135,B Á W S,Challenger,247,56,,180,137
135,summoner-51876,136,Shelterˆ,Challenger,246,67,,153,117
136,summoner-151555,137,NaOH,Challenger,245,134,,314,277
137,summoner-2297096,138,M u ff a d i t o,Challenger,241,126,,431,402
138,summoner-116061,139,Månenform,Challenger,240,89,,189,157
139,summoner-182669,140,Zackhal,Challenger,239,83,,149,92
140,summoner-14120146,141,Rastastone,Challenger,237,43,,104,55
141,summoner-1725342,142,Shmebülock,Challenger,236,118,,341,314
142,summoner-164356,143,Dsk,Challenger,235,141,,232,212
143,summoner-1233394,144,Jøker,Challenger,234,121,,152,128
144,summoner-144472,145,wai not,Challenger,233,77,,191,164
145,summoner-205441,146,Neylan,Challenger,229,68,,133,113
146,summoner-143368,147,RageiT,Challenger,228,57,,124,98
147,summoner-209995,148,matusalem24,Challenger,227,89,,269,190
148,summoner-191989,149,DecimeKbPapu,Challenger,227,82,,230,213
149,summoner-22810,150,baltîca,Challenger,226,102,,234,220
150,summoner-13932411,151,ñbgipuñugipuhip9,Challenger,219,54,,107,65
151,summoner-93216,152,Ai lov yu,Challenger,218,102,,304,285
152,summoner-77497,153,Dreary,Challenger,215,124,,321,302
153,summoner-117002,154,Böyfriend,Challenger,215,75,,160,136
154,summoner-602146,155,ADC TIER 3 LUL,Challenger,213,62,,140,110
155,summoner-11540922,156,Sneakymi,Challenger,213,45,,75,41
156,summoner-106290,157,Atraxa,Challenger,212,93,,256,239
157,summoner-246413,158,ST OneShot,Challenger,211,86,,137,109
158,summoner-3665395,159,Prototipe1,Challenger,206,66,,225,153
159,summoner-101251,160,Juuzoü Suzuya,Challenger,205,122,,414,386
160,summoner-1572237,161,1Jaden,Challenger,200,94,,197,172
161,summoner-15740146,162,zeicro adc spam,Challenger,200,64,,111,81
162,summoner-1506612,163,sonyky,Challenger,199,45,,110,64
163,summoner-220156,164,xAnubisDarkx,Challenger,198,116,,228,208
164,summoner-3331818,165,METOR1,Challenger,198,95,,176,151
165,summoner-14892568,166,Jishade,Challenger,195,73,,315,250
166,summoner-96317,167,Felipekun uwu,Challenger,193,95,,200,170
167,summoner-5610765,168,RektIoy,Challenger,192,105,,218,195
168,summoner-426166,169,BIO Faith,Challenger,190,128,,435,412
169,summoner-636854,170,Furtive Gank,Challenger,189,81,,304,276
170,summoner-212220,171,MAIN ADC S8,Challenger,189,110,,299,267
171,summoner-883377,172,K Ü,Challenger,187,117,,313,286
172,summoner-211741,173,Thorden,Challenger,187,103,,199,169
173,summoner-7491191,174,Invocador 69,Challenger,186,101,,308,262
174,summoner-87207,175,FoN Mickey,Challenger,186,99,,252,226
175,summoner-10483523,176,pure talent,Challenger,186,68,,205,135
176,summoner-188356,177,Fan de Millaray,Challenger,186,88,,155,135
177,summoner-148876,178,enbarao,Challenger,186,48,,97,69
178,summoner-4821931,179,xMeDrogoConJugo,Challenger,185,126,,221,190
179,summoner-1414274,180,Fuƒu,Challenger,184,97,,285,265
180,summoner-2400929,181,KR0N1C,Challenger,184,82,,195,174
181,summoner-4205480,182,Cuest1oN,Challenger,182,91,,272,258
182,summoner-75781,183,Rabbit4Dinner,Challenger,179,109,,172,153
183,summoner-4601058,184,Postinooo,Challenger,178,71,,174,145
184,summoner-201925,185,KVF Swagcheco,Challenger,176,108,,242,212
185,summoner-82501,186,Henno,Challenger,173,89,,103,79
186,summoner-910888,187,Stylê,Challenger,172,172,,665,647
187,summoner-83267,188,Lárian,Challenger,170,110,,255,229
188,summoner-3871646,189,Focus al Soporte,Challenger,170,111,,234,203
189,summoner-142583,190,No pasa nada,Challenger,169,89,,138,115
190,summoner-1495447,191,FORTNITE PLAYER,Challenger,166,96,,191,174
191,summoner-1094202,192,Thief of Relícs,Challenger,164,138,,444,428
192,summoner-3372406,193,El Señor Nutria,Challenger,161,150,,513,493
193,summoner-1802240,194,Sax1,Challenger,161,88,,243,227
194,summoner-212354,195,Fleyro,Challenger,157,97,,200,177
195,summoner-174063,196,You,Challenger,149,71,,121,100
196,summoner-7108046,197,GianKios God,Challenger,148,158,,422,395
197,summoner-296168,198,UCH SoulWingS,Challenger,148,66,,157,133
198,summoner-3991535,199,Cosmic Gank,Challenger,139,95,,229,164
199,summoner-7107829,200,Shiawase desü,Challenger,130,96,,179,152
200,summoner-78095,201,internet player,Master,192,122,,501,468
201,summoner-2920746,202,Naikuun,Master,163,100,,129,107
202,summoner-375641,203,ExalTeD ExalT,Master,157,87,,238,215
203,summoner-53309,204,Solo Rija,Master,149,63,,170,148
204,summoner-3511618,205,Ikees,Master,147,44,,125,74
205,summoner-171141,206,Mødest Møuse,Master,146,90,,200,179
206,summoner-79042,207,Reuzal,Master,145,70,,149,127
207,summoner-9892013,208,FAN DE RITO OwO,Master,144,148,,184,160
208,summoner-68545,209,Axelıncon,Master,136,85,,382,351
209,summoner-13751858,210,ComradeTinyOne,Master,133,45,,119,76
210,summoner-61587,211,full mute all,Master,129,165,,508,499
211,summoner-127563,212,Galixx,Master,128,95,,160,145
212,summoner-484584,213,IAmGay,Master,127,66,,109,77
213,summoner-81884,214,midplayer,Master,126,69,,116,93
214,summoner-379939,215,Chërry Blossom,Master,122,175,,761,748
215,summoner-14120151,216,KLG ARREGLO,Master,120,43,,79,36
216,summoner-14203259,217,Keyboard Enable,Master,115,68,,239,204
217,summoner-637059,218,Toomars,Master,115,97,,185,152
218,summoner-3060150,219,Agressiv,Master,114,138,,406,387
219,summoner-15002049,220,Alex Mercer 0,Master,114,48,,129,81
220,summoner-14130153,221,ISG Narnia,Master,112,80,,297,268
221,summoner-38287,222,TREMENDO PLAYER,Master,110,74,,224,198
222,summoner-121144,223,Like Azír,Master,109,74,,159,110
223,summoner-85056,224,Xitech,Master,108,74,,243,224
224,summoner-49427,225,lRoma,Master,107,58,,159,134
225,summoner-3383177,226,Jhanxs,Master,106,136,,135,113
226,summoner-1542005,227,PWG Barbakhancer,Master,104,97,,168,145
227,summoner-25348,228,lukasnegro,Master,102,71,,165,133
228,summoner-243415,229,MC Marín,Master,101,85,,167,149
229,summoner-14662086,230,WildWeedWizard,Master,99,64,,240,188
230,summoner-68907,231,Mystery Shadow,Master,97,95,,181,154
231,summoner-133215,232,MacDoge,Master,96,96,,164,133
232,summoner-540259,233,Dificült,Master,93,84,,272,249
233,summoner-12850151,234,Clístenes,Master,93,92,,120,108
234,summoner-293124,235,LightCoIors,Master,92,108,,133,110
235,summoner-138069,236,pray for koughi,Master,89,110,,395,388
236,summoner-318102,237,shileno,Master,88,72,,134,102
237,summoner-928452,238,Azh,Master,87,105,,180,163
238,summoner-10994354,239,Arí,Master,86,128,,209,182
239,summoner-6564183,240,mitsheep95,Master,84,115,,404,390
240,summoner-1036819,241,FzF Skiwii,Master,84,97,,174,150
241,summoner-15610521,242,Mustélido,Master,82,47,,137,83
242,summoner-28945,243,l None l,Master,81,72,,129,95
243,summoner-1461106,244,1Reve,Master,80,74,,258,212
244,summoner-61540,245,PRISI0NER0,Master,79,71,,166,137
245,summoner-1341406,246,Hordeshyrder,Master,79,74,,126,100
246,summoner-78248,247,Slatër,Master,76,90,,122,103
247,summoner-5390198,248,AlezZ B,Master,71,83,,130,112
248,summoner-153751,249,LeFede,Master,70,99,,247,232
249,summoner-390613,250,Heaven Starfish,Master,69,95,,178,160
250,summoner-240291,251,TA Hatake,Master,67,74,,132,111
251,summoner-1541217,252,Not2Clean,Master,66,110,,126,102
252,summoner-213618,253,heinnneken,Master,65,51,,81,58
253,summoner-14154181,254,Styon,Master,61,76,,200,141
254,summoner-110218,255,Seong Wu,Master,60,72,,185,154
255,summoner-1080650,256,Metal Attack,Master,56,53,,179,125
256,summoner-1763535,257,SUPER GRIDITO,Master,55,39,,57,29
257,summoner-47992,258,Beemo,Master,54,118,,349,337
258,summoner-11920475,259,Keixt,Master,54,44,,63,41
259,summoner-321369,260,EMPEROR Chemical,Master,52,93,,93,64
260,summoner-79675,261,Vlokz,Master,48,84,,328,308
261,summoner-50135,262,Evelynn Mid,Master,47,105,,381,372
262,summoner-7230223,263,Snáké,Master,46,134,,156,123
263,summoner-4514609,264,Derringer,Master,43,90,,212,193
264,summoner-752153,265,Tomi Li Yau,Master,42,103,,251,216
265,summoner-14110149,266,RBT Rod,Master,41,63,,182,127
266,summoner-24400,267,BIO atirador,Master,40,95,,236,219
267,summoner-3390138,268,rhOm,Master,40,64,,162,110
268,summoner-257826,269,Severity,Master,39,64,,78,48
269,summoner-62511,270,Ouyou,Master,38,86,,258,237
270,summoner-3132373,271,Mei Houwąng,Master,38,57,,135,96
271,summoner-2307568,272,RamaPan,Master,38,75,,133,106
272,summoner-821772,273,Queen Vayne,Master,37,113,,159,130
273,summoner-7773887,274,Feiquer Peruano,Master,36,71,,198,155
274,summoner-1262370,275,SOULKING PROOK,Master,33,69,,108,103
275,summoner-198833,276,S3G Foster,Master,33,74,,81,53
276,summoner-12050505,277,NkDiego,Master,29,67,,69,45
277,summoner-1031700,278,Could be XyaaZ,Master,28,82,,401,314
278,summoner-147293,279,Meøwri,Master,26,93,,318,289
279,summoner-1460524,280,Sufukato,Master,26,103,,134,116
280,summoner-152126,281,lust4life,Master,24,76,,125,103
281,summoner-309789,282,player of fun,Master,24,53,,113,79
282,summoner-401510,283,Kìng,Master,23,74,,102,82
283,summoner-25341,284,Fireflíes,Master,21,116,,243,221
284,summoner-204289,285,Woohee,Master,20,89,,212,205
285,summoner-14902639,286,Maürö,Master,19,50,,150,97
286,summoner-1279181,287,EMPEROR Rollins,Master,18,113,,172,113
287,summoner-83165,288,Quiid,Master,17,97,,213,196
288,summoner-1271905,289,El asaltante,Master,17,93,,177,157
289,summoner-926117,290,potzy,Master,17,65,,124,108
290,summoner-52333,291,NickoDarka,Master,15,72,,126,104
291,summoner-306156,292,Hiero de Virgo,Master,14,98,,134,118
292,summoner-207180,293,King ÐüivéŁ,Master,12,119,,212,198
293,summoner-299166,294,Galleta,Master,12,66,,130,108
294,summoner-415567,295,Dolores Delanoo,Master,9,66,,127,107
295,summoner-143984,296,wowee,Master,8,61,,186,157
296,summoner-76862,297,BILLY Y MANDY,Master,7,139,,216,200
297,summoner-82364,298,Shû Hari,Master,7,92,,162,140
298,summoner-1135935,299,Índexx,Master,0,107,,382,373
299,summoner-1155196,300,EvilTriGer,Master,0,105,,353,336
300,summoner-1242018,301,Kiseˆ,Master,0,99,,329,320
301,summoner-373737,302,lost in ur smile,Master,0,102,,307,298
302,summoner-864722,303,Trueno Largo,Master,0,74,,302,232
303,summoner-127283,304,Yo Soy Zorro 1,Master,0,173,,302,280
304,summoner-64311,305,Asahi Takiguchi,Master,0,107,,257,248
305,summoner-1302545,306,Xelkho,Master,0,128,,228,208
306,summoner-158812,307,Cuquecu,Master,0,100,,199,174
307,summoner-53835,308,k c,Master,0,72,,184,153
308,summoner-422141,309,Crówn,Master,0,81,,161,145
309,summoner-208913,310,Cayupa,Master,0,92,,152,136
310,summoner-99484,311,Nïnja,Master,0,90,,138,111
311,summoner-176483,312,Raftiel,Master,0,74,,132,115
312,summoner-13843633,313,buff rengar,Master,0,47,,129,80
313,summoner-206039,314,Alicë Gläss,Master,0,69,,110,94
314,summoner-1912806,315,Corona,Master,0,67,,101,81
315,summoner-165261,316,EI Terror De Las,Master,0,58,,97,68
316,summoner-41601,317,Precep,Master,0,47,,87,71
317,summoner-15721760,318,Perseverąnce,Master,0,39,,83,42
318,summoner-109522,319,Rámpage,Master,0,128,,76,53
319,summoner-46751,320,Kegg,Master,0,79,,67,42
320,summoner-14932128,321,YA FUE MAN FF,Master,0,57,,61,20
321,summoner-41344,322,Mïthdrändïr,Diamond 1,100,122,,506,502
322,summoner-62852,323,2v8 xd,Diamond 1,100,130,,362,347
323,summoner-257678,324,kiike LA BESTIA,Diamond 1,100,88,,355,338
324,summoner-1063509,325,Pulg0so,Diamond 1,100,120,,353,327
325,summoner-38828,326,tufixzk,Diamond 1,100,91,,307,294
326,summoner-911178,327,RtBox,Diamond 1,100,88,,244,219
327,summoner-132216,328,Reformed PIayer,Diamond 1,100,85,,235,223
328,summoner-303241,329,Levï,Diamond 1,100,120,,226,208
329,summoner-33171,330,DarkRitual,Diamond 1,100,107,,198,179
330,summoner-203495,331,No soy Guishe,Diamond 1,100,76,,192,141
331,summoner-14120136,332,qVqVqVqVqVqVqV,Diamond 1,100,63,,189,135
332,summoner-3771904,333,Gussy El Dios,Diamond 1,100,108,,180,147
333,summoner-1740572,334,IzænK,Diamond 1,100,89,,158,140
334,summoner-25977,335,Chofa,Diamond 1,100,60,,152,127
335,summoner-217150,336,Cosmodius,Diamond 1,100,75,,143,123
336,summoner-15791480,337,Korean Spear,Diamond 1,100,54,,141,95
337,summoner-75394,338,Shaddíx,Diamond 1,100,72,,120,93
338,summoner-77829,339,Sunblast,Diamond 1,100,60,,114,88
339,summoner-46315,340,BádLife,Diamond 1,100,121,,113,86
340,summoner-1777210,341,Tulz,Diamond 1,100,53,,113,65
341,summoner-37329,342,sad5466797567,Diamond 1,100,50,,112,90
342,summoner-33547,343,light fury,Diamond 1,100,62,,93,72
343,summoner-1731315,344,Schwí,Diamond 1,100,74,,87,67
344,summoner-65297,345,ØКÃSOИ1997,Diamond 1,100,63,,82,58
345,summoner-104067,346,Nottingham Lace,Diamond 1,100,51,,66,40
346,summoner-2570443,347,onlymidmain,Diamond 1,99,79,,135,91
347,summoner-118616,348,Workout,Diamond 1,97,100,,300,282
348,summoner-4874678,349,One Trick Viktor,Diamond 1,97,110,,263,242
349,summoner-92647,350,Sweet Kath,Diamond 1,96,102,,273,263
350,summoner-2232715,351,ZékkeN,Diamond 1,96,94,,272,261
351,summoner-63592,352,ndeaaaaaaaa,Diamond 1,96,63,,133,110
352,summoner-1064661,353,Its Me FraGioRlz,Diamond 1,96,41,,59,36
353,summoner-14830965,354,uribe,Diamond 1,94,84,,393,359
354,summoner-5810424,355,Agent Blue,Diamond 1,93,81,,271,252
355,summoner-13170130,356,Snoopy2,Diamond 1,93,53,,140,120
356,summoner-56233,357,esmowing,Diamond 1,92,80,,110,103
357,summoner-2240164,358,CTHULHU KUN,Diamond 1,92,55,,91,69
358,summoner-128725,359,Azjalarafe,Diamond 1,91,115,,180,161
359,summoner-2912068,360,Lee Sin Manox,Diamond 1,90,99,,238,216
360,summoner-116462,361,rolE,Diamond 1,90,67,,214,188
361,summoner-14130146,362,259th,Diamond 1,90,67,,199,164
362,summoner-4750914,363,Sonnenlicht,Diamond 1,90,107,,188,127
363,summoner-94622,364,Pumpkin Duke,Diamond 1,90,54,,155,125
364,summoner-226255,365,Fonto,Diamond 1,90,75,,152,124
365,summoner-14120148,366,Haise Sasakî,Diamond 1,90,48,,149,88
366,summoner-13290137,367,Howling,Diamond 1,90,74,,147,125
367,summoner-212940,368,Suiikimon,Diamond 1,90,74,,131,103
368,summoner-46930,369,Focho,Diamond 1,90,67,,124,107
369,summoner-14120142,370,1TRAFALGAR LAW,Diamond 1,90,47,,121,56
370,summoner-14110138,371,Positioning 101,Diamond 1,90,66,,110,54
371,summoner-27443,372,ClatoS,Diamond 1,90,60,,99,82
372,summoner-14110139,373,Newbie Player,Diamond 1,90,65,,74,22
373,summoner-382232,374,NexorXk,Diamond 1,90,69,,60,40
374,summoner-1081302,375,BY FÁR,Diamond 1,89,57,,125,107
375,summoner-156001,376,PeRseeO,Diamond 1,89,69,,104,76
376,summoner-602287,377,xd nomas,Diamond 1,88,142,,647,627
377,summoner-197616,378,Darkeater Midir,Diamond 1,88,105,,339,325
378,summoner-53475,379,ææææææ,Diamond 1,88,109,,296,279
379,summoner-732186,380,Pácha,Diamond 1,88,97,,162,146
380,summoner-295010,381,Blazerck,Diamond 1,87,125,,428,411
381,summoner-14180902,382,d4blonair,Diamond 1,87,57,,175,126
382,summoner-6830141,383,Helior,Diamond 1,87,38,,49,37
383,summoner-26596,384,Daddy koughi,Diamond 1,85,42,,54,36
384,summoner-2651421,385,xamexxelpro,Diamond 1,83,68,,166,143
385,summoner-6032739,386,Dexiuz,Diamond 1,83,56,,165,125
386,summoner-81732,387,47 Kalashnikov,Diamond 1,83,79,,90,63
387,summoner-87997,388,Joelito S2,Diamond 1,82,79,,138,115
388,summoner-170441,389,Leigrey,Diamond 1,82,67,,111,95
389,summoner-520421,390,Sang,Diamond 1,81,77,,186,161
390,summoner-1400188,391,Nortaa,Diamond 1,81,94,,176,157
391,summoner-212367,392,Rencøw,Diamond 1,79,157,,677,663
392,summoner-3973592,393,Arfyss,Diamond 1,79,88,,199,186
393,summoner-751933,394,Lincoyán,Diamond 1,79,98,,103,79
394,summoner-33513,395,Omnívoro,Diamond 1,78,71,,148,124
395,summoner-10509814,396,Nadeishmeis,Diamond 1,77,81,,245,221
396,summoner-79927,397,Satirosky,Diamond 1,76,72,,154,145
397,summoner-3143085,398,Chocolito a 100,Diamond 1,75,59,,237,203
398,summoner-213910,399,xSnowu,Diamond 1,75,109,,225,213
399,summoner-525841,400,TotoJr,Diamond 1,75,73,,206,163
400,summoner-525841,401,TotoJr,Diamond 1,75,73,,206,163
401,summoner-299337,402,ByFalco,Diamond 1,75,81,,198,169
402,summoner-220718,403,Rei Ryghts,Diamond 1,75,140,,190,166
403,summoner-14884484,404,Nouveau Airs,Diamond 1,75,54,,181,119
404,summoner-228094,405,MigaN,Diamond 1,75,70,,178,155
405,summoner-51166,406,chewbacca4,Diamond 1,75,56,,170,134
406,summoner-143846,407,Pardoo,Diamond 1,75,105,,170,140
407,summoner-3530629,408,Defüssion,Diamond 1,75,86,,167,141
408,summoner-15064565,409,xypherz v2,Diamond 1,75,49,,151,108
409,summoner-7301872,410,Maocarry,Diamond 1,75,55,,145,121
410,summoner-50585,411,Simon Petriköv,Diamond 1,75,56,,136,103
411,summoner-255561,412,Bjerg,Diamond 1,75,71,,136,93
412,summoner-4770590,413,Menzhita,Diamond 1,75,97,,130,112
413,summoner-2571472,414,Amine Edge DANCE,Diamond 1,75,62,,127,81
414,summoner-22713,415,Mr Krippy,Diamond 1,75,70,,126,103
415,summoner-1480253,416,Perrø Bømba,Diamond 1,75,76,,125,106
416,summoner-221135,417,OdinXIII,Diamond 1,75,86,,123,109
417,summoner-187776,418,og prodi,Diamond 1,75,54,,121,76
418,summoner-3361130,419,Fury S2,Diamond 1,75,143,,119,96
419,summoner-4580118,420,Manteka2,Diamond 1,75,77,,111,73
420,summoner-32013,421,tyyyyyyyyyyyyyyy,Diamond 1,75,68,,109,83
421,summoner-801648,422,Skyren,Diamond 1,75,51,,106,83
422,summoner-76508,423,maxíx,Diamond 1,75,91,,82,55
423,summoner-14194450,424,002ˇˇˇ,Diamond 1,75,41,,80,40
424,summoner-14120140,425,tuesday was good,Diamond 1,75,59,,73,39
425,summoner-1054953,426,Enzo1,Diamond 1,75,66,,73,43
426,summoner-303359,427,TSM Razor,Diamond 1,75,39,,53,24
427,summoner-60025,428,ARC Tomate,Diamond 1,74,95,,220,203
428,summoner-762933,429,Dovahsama,Diamond 1,74,85,,116,104
429,summoner-874874,430,Xlr,Diamond 1,74,47,,90,65
430,summoner-7844169,431,rACKSTAR,Diamond 1,73,66,,170,150
431,summoner-811836,432,iGeveze,Diamond 1,55,50,,118,103
432,summoner-7035353,433,felixorreo,Diamond 1,73,38,,51,35
433,summoner-11920467,434,Fade Gün,Diamond 1,72,86,,311,266
434,summoner-12981351,435,Fozzie el oso,Diamond 1,72,79,,245,238
435,summoner-58050,436,tyuzkAA,Diamond 1,72,125,,155,121
436,summoner-7752774,437,Alan cio,Diamond 1,72,71,,139,120
437,summoner-27392,438,HippieCommander,Diamond 1,72,115,,76,55
438,summoner-99448,439,RexonaMeAbandona,Diamond 1,71,61,,176,133
439,summoner-82756,440,Lil Myers,Diamond 1,71,80,,106,79
440,summoner-67974,441,1984g,Diamond 1,71,69,,43,26
441,summoner-1423839,442,UnreformedRAT L9,Diamond 1,70,86,,353,326
442,summoner-204523,443,Macky,Diamond 1,70,106,,230,207
443,summoner-13610392,444,Tirolokoo,Diamond 1,70,69,,209,190
444,summoner-1072457,445,Flauroz,Diamond 1,70,68,,79,63
445,summoner-1501092,446,OVG Midnight,Diamond 1,69,140,,309,297
446,summoner-45300,447,Careta,Diamond 1,69,83,,232,228
447,summoner-766404,448,Pegaso2K,Diamond 1,69,84,,219,190
448,summoner-151636,449,unclecriss,Diamond 1,69,153,,171,156
449,summoner-168824,450,ValHälen,Diamond 1,68,124,,347,325
450,summoner-1354203,451,miclovin,Diamond 1,68,107,,200,183
451,summoner-1729349,452,Lykar,Diamond 1,68,75,,163,157
452,summoner-3843676,453,Aeón Sama,Diamond 1,67,106,,283,260
453,summoner-185763,454,Kobbe,Diamond 1,67,81,,194,175
454,summoner-52584,455,PlE de Maracuyá,Diamond 1,66,78,,229,217
455,summoner-2190579,456,bunny bad kid,Diamond 1,66,106,,97,80
456,summoner-1558232,457,DEUSVULTDEUSVULT,Diamond 1,66,93,,76,59
457,summoner-3732374,458,Mrrraggglhlhgh,Diamond 1,65,115,,311,298
458,summoner-1241278,459,a tired adc,Diamond 1,65,119,,247,228
459,summoner-48664,460,Cody,Diamond 1,65,105,,235,220
460,summoner-14120144,461,time lapse,Diamond 1,65,44,,82,41
461,summoner-4022703,462,MrStigma,Diamond 1,64,105,,358,346
462,summoner-752124,463,Maestre Tuppo,Diamond 1,64,62,,122,78
463,summoner-15452418,464,Hawk Eye Yi,Diamond 1,64,37,,58,13
464,summoner-112372,465,UCH Hefedes,Diamond 1,63,123,,325,317
465,summoner-221844,466,PipaStone,Diamond 1,63,135,,221,207
466,summoner-5345389,467,Hansmetal,Diamond 1,63,102,,210,201
467,summoner-14110154,468,KimiRAI,Diamond 1,63,55,,128,98
468,summoner-29717,469,grafo,Diamond 1,62,56,,143,124
469,summoner-72425,470,GlockaFlockaFade,Diamond 1,62,66,,87,76
470,summoner-14110157,471,rbt greed,Diamond 1,62,43,,76,34
471,summoner-247695,472,asdasdzczcx,Diamond 1,61,67,,149,111
472,summoner-4564665,473,One Jump,Diamond 1,61,95,,103,75
473,summoner-1105443,474,Pagorex,Diamond 1,60,123,,371,356
474,summoner-171132,475,Metraxiz,Diamond 1,60,91,,255,251
475,summoner-529347,476,Kafka,Diamond 1,60,50,,120,98
476,summoner-55857,477,Nyvek,Diamond 1,60,92,,110,88
477,summoner-124550,478,Recret,Diamond 1,60,48,,92,76
478,summoner-150900,479,Summoner,Diamond 1,59,120,,346,325
479,summoner-2380587,480,EL SHEY M0NCH0,Diamond 1,59,83,,223,212
480,summoner-135849,481,Aeizus,Diamond 1,59,68,,52,41
481,summoner-102235,482,s3ra,Diamond 1,59,50,,44,18
482,summoner-1759207,483,The Quickness,Diamond 1,58,78,,226,205
483,summoner-304369,484,2FckingCLEAN,Diamond 1,58,110,,64,44
484,summoner-251223,485,può vincere,Diamond 1,58,47,,44,24
485,summoner-172784,486,NeuroN,Diamond 1,57,96,,462,443
486,summoner-12451843,487,VcN v2,Diamond 1,57,105,,195,167
487,summoner-11940393,488,Gerárd,Diamond 1,57,86,,165,127
488,summoner-526052,489,Voranar,Diamond 1,57,62,,143,134
489,summoner-1252320,490,Yalung,Diamond 1,57,78,,132,118
490,summoner-189217,491,Pointless ßot,Diamond 1,57,120,,131,66
491,summoner-1132526,492,KING OF THE GANG,Diamond 1,56,161,,237,204
492,summoner-63737,493,ÁzeR,Diamond 1,56,68,,188,172
493,summoner-12813681,494,nevr,Diamond 1,56,60,,105,83
494,summoner-16022445,495,Fck this World,Diamond 1,56,42,,77,38
495,summoner-12041800,496,Lord Alambrito,Diamond 1,55,143,,389,385
496,summoner-2831198,497,CordobesNotFound,Diamond 1,55,120,,273,253
497,summoner-39062,498,Nerf Noah,Diamond 1,55,81,,167,160
498,summoner-12952365,499,Scyphionyx,Diamond 1,55,93,,119,101
499,summoner-148493,500,JPERLCH3,Diamond 1,55,65,,95,73
500,summoner-138263,501,Next,Diamond 1,54,56,,138,110
501,summoner-204550,502,Dunkel,Diamond 1,54,64,,92,70
502,summoner-7651436,503,Arto skin ameo,Diamond 1,53,126,,294,249
503,summoner-8610725,504,Definitely,Diamond 1,53,100,,141,123
504,summoner-1252190,505,Cawboy,Diamond 1,53,100,,88,72
505,summoner-80896,506,FFC Franco,Diamond 1,52,110,,222,199
506,summoner-124010,507,Peppee,Diamond 1,52,80,,183,166
507,summoner-10984339,508,Heiwajima Kasuka,Diamond 1,52,61,,155,143
508,summoner-628534,509,Lolmanda2,Diamond 1,52,62,,141,108
509,summoner-173448,510,Nipphu,Diamond 1,52,52,,61,39
510,summoner-169457,511,batxD,Diamond 1,51,129,,687,636
511,summoner-1114435,512,VortexN,Diamond 1,51,96,,244,225
512,summoner-4741112,513,ßenjamin,Diamond 1,51,134,,234,221
513,summoner-26999,514,Nachomax,Diamond 1,51,75,,204,185
514,summoner-175423,515,jdseba,Diamond 1,51,87,,35,18
515,summoner-70948,516,San Paoli,Diamond 1,50,183,,474,450
516,summoner-2900540,517,WGiardino,Diamond 1,50,129,,446,425
517,summoner-4053236,518,xNegrø,Diamond 1,50,117,,433,406
518,summoner-217191,519,99263857,Diamond 1,50,116,,365,360
519,summoner-11490134,520,Teamo mitsuha,Diamond 1,50,154,,350,340
520,summoner-1261645,521,Guerzo,Diamond 1,50,93,,332,325
521,summoner-26321,522,D4SSLER,Diamond 1,50,106,,328,329
522,summoner-26925,523,Dënver,Diamond 1,50,92,,297,294
523,summoner-1570971,524,Fakerˇ,Diamond 1,50,98,,234,209
524,summoner-382885,525,KR Matsuri,Diamond 1,50,96,,234,214
525,summoner-3534613,526,Khattolk,Diamond 1,50,93,,210,201
526,summoner-42498,527,Skaanz,Diamond 1,50,75,,199,184
527,summoner-313033,528,MyCrew,Diamond 1,50,80,,174,157
528,summoner-1305539,529,mla,Diamond 1,50,106,,167,146
529,summoner-7542422,530,ateoXD,Diamond 1,50,74,,165,139
530,summoner-310359,531,daryl ˇˉˇ,Diamond 1,50,77,,156,126
531,summoner-571386,532,hyungˇˉˇ,Diamond 1,50,110,,155,131
532,summoner-1493181,533,Sad gîrl,Diamond 1,50,136,,129,111
533,summoner-840871,534,Prayers and Vows,Diamond 1,50,89,,126,107
534,summoner-283094,535,ScoupAXX,Diamond 1,50,102,,122,108
535,summoner-372049,536,Heavyweight,Diamond 1,50,57,,120,105
536,summoner-537327,537,Phatokage,Diamond 1,50,80,,116,91
537,summoner-2261269,538,Behemov,Diamond 1,50,94,,109,87
538,summoner-533199,539,xAnubisDarkx2,Diamond 1,50,69,,105,86
539,summoner-240628,540,gomenˆnasai,Diamond 1,50,167,,104,72
540,summoner-105931,541,Lindwurm,Diamond 1,50,109,,100,80
541,summoner-1934429,542,Emisary Of Death,Diamond 1,50,65,,92,73
542,summoner-157936,543,Dwarfish M,Diamond 1,50,46,,66,56
543,summoner-910113,544,Shirö,Diamond 1,49,113,,336,336
544,summoner-29006,545,ZhoridZ,Diamond 1,49,97,,277,254
545,summoner-227103,546,ÆT Gorditomaster,Diamond 1,49,78,,241,221
546,summoner-5780137,547,Skins,Diamond 1,49,94,,237,235
547,summoner-4620158,548,FancyGoat,Diamond 1,49,59,,159,128
548,summoner-25880,549,Kryþtonian,Diamond 1,49,70,,128,109
549,summoner-65262,550,BGH forExe,Diamond 1,49,67,,78,65
550,summoner-50759,551,K1tty Princess,Diamond 1,49,59,,52,30
551,summoner-9510200,552,Nani C Kore wa,Diamond 1,49,88,,50,34
552,summoner-110173,553,Rylve,Diamond 1,48,93,,135,119
553,summoner-14120143,554,Dodo S2,Diamond 1,48,58,,119,47
554,summoner-13844451,555,Lil9ROOK,Diamond 1,48,49,,82,46
555,summoner-115635,556,OnlyTheTip,Diamond 1,47,122,,279,265
556,summoner-4462383,557,Møs Def,Diamond 1,47,117,,87,71
557,summoner-32906,558,ChaiLordZ,Diamond 1,47,53,,69,50
558,summoner-71345,559,Strickzito,Diamond 1,46,108,,333,327
559,summoner-5421715,560,Fan De Scrappy,Diamond 1,46,60,,201,140
560,summoner-7993045,561,Friedrich IV,Diamond 1,46,43,,93,50
561,summoner-560629,562,RATA TA TA,Diamond 1,44,102,,268,259
562,summoner-75128,563,Razky,Diamond 1,44,58,,219,182
563,summoner-897920,564,Cubik,Diamond 1,44,109,,173,134
564,summoner-14903301,565,Aria da Capo,Diamond 1,43,73,,299,266
565,summoner-5351066,566,Sholwan Joestar,Diamond 1,42,140,,284,263
566,summoner-4380877,567,Zevirah,Diamond 1,42,86,,221,200
567,summoner-161575,568,Ghosthit,Diamond 1,42,55,,89,73
568,summoner-864271,569,GOD CesarBaeza,Diamond 1,40,60,,170,150
569,summoner-12051223,570,Hunter Smick,Diamond 1,39,76,,255,237
570,summoner-14650144,571,Skanitto,Diamond 1,39,64,,190,177
571,summoner-4400820,572,ATR pibe Argento,Diamond 1,37,110,,271,246
572,summoner-12904332,573,ZS PerroBomba,Diamond 1,37,47,,45,34
573,summoner-3991412,574,Wisefang,Diamond 1,36,86,,226,204
574,summoner-1103047,575,someday soon,Diamond 1,36,63,,172,154
575,summoner-26899,576,4444441,Diamond 1,36,39,,56,27
576,summoner-4281346,577,Oóoóóoó,Diamond 1,35,85,,200,172
577,summoner-47360,578,Choqo,Diamond 1,35,60,,168,107
578,summoner-29815,579,Paladín,Diamond 1,34,101,,179,162
579,summoner-4671565,580,BrontoSkarner,Diamond 1,34,47,,119,68
580,summoner-710801,581,lllIlllIlllIlllI,Diamond 1,34,51,,103,93
581,summoner-113443,582,DM ME IF EGIRL,Diamond 1,34,67,,101,84
582,summoner-932055,583,Fan de Hailee,Diamond 1,34,64,,99,86
583,summoner-182392,584,HitmanGG,Diamond 1,33,89,,245,229
584,summoner-76129,585,Rÿn,Diamond 1,33,93,,124,107
585,summoner-128767,586,La Tengo Grande,Diamond 1,33,97,,109,98
586,summoner-253921,587,AMJ Yatroll,Diamond 1,33,91,,108,97
587,summoner-6974007,588,Kick the Midlane,Diamond 1,33,53,,102,82
588,summoner-190683,589,Maderíx,Diamond 1,33,60,,93,73
589,summoner-6360322,590,so my bad,Diamond 1,32,93,,203,190
590,summoner-1945705,591,Akira Shý,Diamond 1,32,76,,127,113
591,summoner-64510,592,DrakoZelda2,Diamond 1,31,73,,208,158
592,summoner-1482088,593,Yhon,Diamond 1,30,122,,361,343
593,summoner-218903,594,Rayffen,Diamond 1,30,86,,263,247
594,summoner-4303209,595,Keishao,Diamond 1,30,77,,184,153
595,summoner-12234633,596,Locurita XD,Diamond 1,30,75,,91,54
596,summoner-6350746,597,with your love,Diamond 1,30,130,,82,63
597,summoner-107514,598,JAJAJAJAJAJAJAJ,Diamond 1,29,89,,273,225
598,summoner-143032,599,ACONTR3H,Diamond 1,29,74,,117,100
599,summoner-220311,600,Slayerzx123,Diamond 1,27,107,,173,161
600,summoner-9862917,601,Ijo de ODIN,Diamond 1,27,49,,133,110
601,summoner-12702513,602,Admiral Kunkka,Diamond 1,27,44,,98,59
602,summoner-164017,603,Lígety,Diamond 1,26,133,,622,620
603,summoner-1557721,604,davidfl,Diamond 1,26,70,,220,210
604,summoner-112661,605,Absence,Diamond 1,26,77,,133,120
605,summoner-45739,606,FonTyTy,Diamond 1,26,92,,120,88
606,summoner-4618529,607,Sperks,Diamond 1,25,146,,464,441
607,summoner-14110158,608,frost good kid,Diamond 1,25,78,,304,264
608,summoner-1894532,609,EL TATA BASTIAN,Diamond 1,25,145,,293,267
609,summoner-23907,610,EmoPorEmilio,Diamond 1,25,117,,257,238
610,summoner-168184,611,ZanganØ,Diamond 1,25,79,,230,209
611,summoner-1490647,612,ExiledOfTwilight,Diamond 1,25,163,,227,177
612,summoner-14650166,613,Fantasi,Diamond 1,25,70,,202,175
613,summoner-35890,614,Necko,Diamond 1,25,93,,199,183
614,summoner-98602,615,MemoKsW,Diamond 1,25,101,,178,161
615,summoner-5970580,616,Bot Elmer,Diamond 1,25,112,,151,136
616,summoner-14130137,617,DH Hayha,Diamond 1,25,58,,132,95
617,summoner-137286,618,BL Nieve Negra,Diamond 1,25,71,,101,68
618,summoner-1751868,619,AMBUSH14231342,Diamond 1,25,54,,97,57
619,summoner-182271,620,YoRHa Type A2,Diamond 1,25,77,,43,27
620,summoner-7401964,621,3ternity,Diamond 1,24,60,,94,46
621,summoner-217033,622,RBT Burritox,Diamond 1,23,64,,101,87
622,summoner-12200292,623,Insäne,Diamond 1,23,125,,59,37
623,summoner-16172160,624,EVV Filopo,Diamond 1,23,33,,42,6
624,summoner-16172162,625,Sakai,Diamond 1,23,33,,42,6
625,summoner-371650,626,Netherworld,Diamond 1,22,73,,179,141
626,summoner-80063,627,Oni Sama,Diamond 1,22,71,,100,95
627,summoner-43818,628,TA Comander,Diamond 1,22,47,,90,75
628,summoner-45291,629,PorotoLolero,Diamond 1,22,42,,49,26
629,summoner-22764,630,Algnu,Diamond 1,21,118,,433,430
630,summoner-63321,631,Giiro,Diamond 1,20,85,,122,98
631,summoner-166851,632,Mgleonty,Diamond 1,20,87,,120,92
632,summoner-43354,633,Agwozh,Diamond 1,20,85,,94,75
633,summoner-63599,634,Jalato Salvaje,Diamond 1,19,143,,597,568
634,summoner-40158,635,Bladewolf,Diamond 1,19,147,,486,471
635,summoner-310373,636,Vanníty,Diamond 1,19,78,,177,168
636,summoner-211516,637,Master YEET,Diamond 1,19,118,,128,98
637,summoner-14924604,638,LasTrash,Diamond 1,19,46,,123,76
638,summoner-302344,639,TóxicoPLS,Diamond 1,19,98,,73,56
639,summoner-32698,640,Guante,Diamond 1,18,117,,252,243
640,summoner-198329,641,Sophrosyne,Diamond 1,18,110,,185,169
641,summoner-432780,642,muito,Diamond 1,18,82,,163,160
642,summoner-10280137,643,MadnessButt,Diamond 1,18,51,,126,89
643,summoner-201653,644,Fighter Slayer,Diamond 1,18,66,,97,83
644,summoner-49302,645,Navarret,Diamond 1,18,103,,66,57
645,summoner-1975555,646,UT Peep,Diamond 1,17,146,,311,275
646,summoner-4452901,647,Sr Heladitö,Diamond 1,17,118,,299,273
647,summoner-9986100,648,Niges,Diamond 1,17,104,,285,270
648,summoner-12151685,649,Fenha Rawy,Diamond 1,17,88,,254,241
649,summoner-14130136,650,DH Rice,Diamond 1,17,55,,128,115
650,summoner-14086351,651,Scripter btw,Diamond 1,17,74,,56,43
651,summoner-7590379,652,Uxïe,Diamond 1,16,99,,272,272
652,summoner-215650,653,Zealot1,Diamond 1,16,71,,241,230
653,summoner-245064,654,Queri is Back,Diamond 1,16,86,,217,212
654,summoner-12041937,655,Pr0mesasKeep,Diamond 1,16,62,,138,114
655,summoner-1344259,656,N I C Ø W,Diamond 1,16,116,,135,121
656,summoner-39785,657,Míshu,Diamond 1,15,123,,455,439
657,summoner-735360,658,Jojola,Diamond 1,15,69,,178,162
658,summoner-1945632,659,AllbaK,Diamond 1,15,52,,142,88
659,summoner-1896899,660,xShadow10,Diamond 1,14,133,,162,131
660,summoner-114879,661,Sn3x,Diamond 1,13,43,,65,60
661,summoner-490519,662,RetiredGod,Diamond 1,12,74,,184,175
662,summoner-1641437,663,F23,Diamond 1,12,90,,163,150
663,summoner-208214,664,Tipazo,Diamond 1,11,49,,67,50
664,summoner-6654310,665,lush0sky,Diamond 1,10,96,,116,90
665,summoner-302227,666,Dukie,Diamond 1,10,75,,91,86
666,summoner-129953,667,Meguita,Diamond 1,10,41,,32,19
667,summoner-520647,668,Kino,Diamond 1,9,70,,184,168
668,summoner-9632857,669,CA TenteX,Diamond 1,8,98,,467,424
669,summoner-74230,670,LordFoxo,Diamond 1,8,108,,378,373
670,summoner-5044735,671,DAWNDEMON,Diamond 1,8,65,,186,165
671,summoner-1351102,672,Peluca,Diamond 1,7,111,,102,68
672,summoner-13903836,673,Incoming Rage,Diamond 1,6,115,,373,407
673,summoner-1052405,674,terbaik1,Diamond 1,6,85,,227,215
674,summoner-1504090,675,BluePrime,Diamond 1,6,122,,108,91
675,summoner-71664,676,MonjeFunky,Diamond 1,5,82,,158,146
676,summoner-39071,677,Teppei,Diamond 1,4,124,,578,579
677,summoner-168550,678,Gastruks,Diamond 1,4,76,,249,245
678,summoner-191519,679,Kantus Lion,Diamond 1,3,76,,156,133
679,summoner-43381,680,1DBaby,Diamond 1,3,114,,132,115
680,summoner-940261,681,ZegtioN,Diamond 1,3,76,,125,118
681,summoner-8764731,682,Aliciæ Neko Chan,Diamond 1,3,100,,123,84
682,summoner-390753,683,TNO Start,Diamond 1,3,90,,95,81
683,summoner-4300422,684,Kirenkill,Diamond 1,2,74,,180,161
684,summoner-3814759,685,CroshFire,Diamond 1,1,173,,638,625
685,summoner-14120150,686,Crîxus,Diamond 1,1,65,,218,199
686,summoner-1462695,687,Tad,Diamond 1,0,141,,495,505
687,summoner-117582,688,Malcom Brest,Diamond 1,0,101,,410,358
688,summoner-38965,689,Leo Ponzio,Diamond 1,0,98,,408,400
689,summoner-12220596,690,Jungle Peruvian,Diamond 1,0,116,,380,369
690,summoner-3980755,691,Conejito Triste,Diamond 1,0,142,,366,339
691,summoner-12210372,692,Firstsenbon,Diamond 1,0,148,,365,340
692,summoner-42820,693,InugamiSama,Diamond 1,0,107,,337,324
693,summoner-50344,694,Upi Cat,Diamond 1,0,98,,280,249
694,summoner-861558,695,JhonyKey,Diamond 1,0,110,,249,246
695,summoner-5243424,696,CatSempai,Diamond 1,0,74,,239,225
696,summoner-178643,697,Salty Gun,Diamond 1,0,107,,239,218
697,summoner-551845,698,Kezion,Diamond 1,0,104,,232,212
698,summoner-300900,699,Desvirgensen GG,Diamond 1,0,71,,229,215
699,summoner-112791,700,OVNI,Diamond 1,0,121,,227,210
700,summoner-1241781,701,xTime,Diamond 1,0,101,,214,197
701,summoner-109041,702,Kayse,Diamond 1,0,75,,213,200
702,summoner-37529,703,El Morro García,Diamond 1,0,83,,205,196
703,summoner-218709,704,asesinopa,Diamond 1,0,83,,203,184
704,summoner-15812027,705,Owen is back,Diamond 1,0,54,,193,164
705,summoner-542087,706,Impeesa,Diamond 1,0,94,,191,167
706,summoner-180021,707,Levi           1,Diamond 1,0,123,,189,180
707,summoner-187359,708,Nutcracko,Diamond 1,0,94,,189,166
708,summoner-1164053,709,Calamidadl,Diamond 1,0,116,,181,172
709,summoner-80244,710,DreamOe,Diamond 1,0,70,,181,120
710,summoner-740311,711,LegendOfWar,Diamond 1,0,98,,177,147
711,summoner-36325,712,raidenFTW,Diamond 1,0,118,,176,133
712,summoner-11221826,713,awa en el UwU,Diamond 1,0,152,,171,156
713,summoner-1040646,714,SoCaToa,Diamond 1,0,99,,169,143
714,summoner-1485977,715,SiriusDeCanMayor,Diamond 1,0,76,,168,151
715,summoner-205833,716,Copo Snow,Diamond 1,0,118,,166,145
716,summoner-411624,717,Vengeful Dome,Diamond 1,0,77,,163,145
717,summoner-16290136,718,TA Sadoski,Diamond 1,0,75,,161,144
718,summoner-374337,719,BlUE lCE,Diamond 1,0,80,,157,147
719,summoner-257636,720,iRayleigh,Diamond 1,0,76,,155,134
720,summoner-5390228,721,Tamare,Diamond 1,0,66,,154,136
721,summoner-2924079,722,Makeart reformed,Diamond 1,0,73,,153,127
722,summoner-88804,723,LA COBRA,Diamond 1,0,72,,152,145
723,summoner-12200629,724,The Búho,Diamond 1,0,94,,149,141
724,summoner-39973,725,Blerin,Diamond 1,0,84,,148,134
725,summoner-93639,726,Mistic Cba,Diamond 1,0,83,,147,134
726,summoner-167838,727,Koete,Diamond 1,0,80,,146,137
727,summoner-834086,728,Skrillex22,Diamond 1,0,86,,146,127
728,summoner-11930175,729,Lukitya OG,Diamond 1,0,71,,145,82
729,summoner-310981,730,Juandix,Diamond 1,0,69,,140,123
730,summoner-1478821,731,Zhavïaˇ,Diamond 1,0,75,,135,124
731,summoner-13572044,732,Queens Gamer,Diamond 1,0,83,,135,115
732,summoner-481124,733,sorry im bad,Diamond 1,0,116,,135,118
733,summoner-581577,734,TheMasier,Diamond 1,0,127,,128,101
734,summoner-1278251,735,Indra Bhavałan,Diamond 1,0,57,,119,34
735,summoner-73331,736,20072003,Diamond 1,0,113,,115,97
736,summoner-171121,737,Cäos,Diamond 1,0,72,,110,107
737,summoner-140788,738,PastelDeChoclo,Diamond 1,0,66,,109,82
738,summoner-93699,739,ricosuaveyatusae,Diamond 1,0,104,,105,99
739,summoner-4605964,740,Vicho mata Jiles,Diamond 1,0,94,,103,80
740,summoner-156929,741,Chwal,Diamond 1,0,96,,103,103
741,summoner-14120141,742,RBT Bob,Diamond 1,0,57,,103,78
742,summoner-9894364,743,Not Frandaero,Diamond 1,0,55,,100,68
743,summoner-82560,744,never forgive,Diamond 1,0,67,,99,84
744,summoner-4148630,745,xLockios,Diamond 1,0,62,,99,71
745,summoner-3822417,746,qWest,Diamond 1,0,89,,96,90
746,summoner-1003667,747,DkA Darkito,Diamond 1,0,116,,91,74
747,summoner-726351,748,CocaineNight,Diamond 1,0,73,,90,71
748,summoner-417125,749,thiedz2,Diamond 1,0,48,,86,60
749,summoner-76644,750,Leofull,Diamond 1,0,58,,86,62
750,summoner-15662257,751,Mondrąkk,Diamond 1,0,48,,84,42
751,summoner-159639,752,carrying limp,Diamond 1,0,90,,84,74
752,summoner-1806294,753,Mogölica,Diamond 1,0,67,,82,69
753,summoner-94213,754,AsuciTo,Diamond 1,0,99,,77,59
754,summoner-136260,755,SoadMaster98,Diamond 1,0,46,,72,54
755,summoner-9380130,756,IronBurners,Diamond 1,0,93,,69,57
756,summoner-13814673,757,ITHimea,Diamond 1,0,63,,64,60
757,summoner-235393,758,Migita de Pan,Diamond 1,0,51,,61,44
758,summoner-5512892,759,TØXIC RIVEN,Diamond 1,0,85,,40,19
759,summoner-1422251,760,Fosbak,Diamond 2,100,127,,436,402
760,summoner-14451557,761,luqixen v2,Diamond 2,100,70,,256,209
761,summoner-1965130,762,Kundo,Diamond 2,100,106,,248,222
762,summoner-5072947,763,Syuchan,Diamond 2,100,86,,239,224
763,summoner-1280390,764,WorstBardLAS,Diamond 2,100,69,,234,202
764,summoner-104307,765,IceQ,Diamond 2,100,107,,225,200
765,summoner-11920189,766,LílCarry,Diamond 2,100,84,,180,171
766,summoner-7003809,767,Zero Twö,Diamond 2,100,90,,150,145
767,summoner-1423674,768,Maxij00,Diamond 2,100,80,,131,89
768,summoner-291378,769,El Sir Uja,Diamond 2,88,86,,128,101
769,summoner-12905076,770,FaryaAndWoIyo,Diamond 2,100,62,,125,73
770,summoner-3460229,771,Semper Idem,Diamond 2,100,67,,123,101
771,summoner-7260396,772,Dixion,Diamond 2,100,120,,109,77
772,summoner-2287883,773,RaiseINyxJ,Diamond 2,100,58,,91,64
773,summoner-2298770,774,Cute Yasuo,Diamond 2,100,131,,78,53
774,summoner-657140,775,GonzaloooxD,Diamond 2,100,63,,78,56
775,summoner-912043,776,Copihue Marchito,Diamond 2,99,103,,219,207
776,summoner-164246,777,Daft,Diamond 2,98,116,,264,245
777,summoner-14130135,778,DH Gefahr,Diamond 2,98,38,,49,26
778,summoner-386291,779,Rakanishü,Diamond 2,95,64,,68,54
779,summoner-67297,780,MrHamburguesa,Diamond 2,95,78,,40,27
780,summoner-206966,781,Retrix,Diamond 2,94,71,,187,176
781,summoner-1882984,782,PepitøPagaX2,Diamond 2,94,69,,139,126
782,summoner-12031964,783,PenduIum,Diamond 2,94,47,,65,51
783,summoner-2991063,784,rokka,Diamond 2,93,130,,431,429
784,summoner-1036527,785,RAAAAAAAAAAAAAIN,Diamond 2,93,78,,275,270
785,summoner-12050605,786,Voltedge,Diamond 2,93,102,,238,232
786,summoner-299601,787,Sum 41,Diamond 2,93,64,,101,98
787,summoner-61478,788,Zverëv,Diamond 2,92,66,,163,147
788,summoner-66497,789,PIT0HUI,Diamond 2,92,103,,154,139
789,summoner-94170,790,Viry,Diamond 2,73,145,,438,418
790,summoner-27910,791,N4tsu Dr4agneel,Diamond 2,91,64,,73,50
791,summoner-538041,792,xEstarossa,Diamond 2,90,65,,188,178
792,summoner-1370716,793,Xayahrines,Diamond 2,89,148,,512,485
793,summoner-134816,794,ENNDO,Diamond 2,88,69,,206,188
794,summoner-1180883,795,Andres1,Diamond 2,86,58,,163,104
795,summoner-297285,796,Luvo Luvito,Diamond 2,86,56,,150,136
796,summoner-3311988,797,Wanchope Ramos,Diamond 2,85,95,,215,214
797,summoner-429447,798,Selva24siete,Diamond 2,84,53,,123,108
798,summoner-79687,799,Ex Semi Pro,Diamond 2,83,94,,199,193
799,summoner-10711292,800,Bäster,Diamond 2,83,60,,185,138
800,summoner-24405,801,Hanu,Diamond 2,83,102,,120,108
801,summoner-5454488,802,Someonely,Diamond 2,83,82,,103,83
802,summoner-5610161,803,King Kong I,Diamond 2,83,48,,103,81
803,summoner-2361583,804,123xdlul,Diamond 2,83,55,,99,86
804,summoner-1577980,805,Churman,Diamond 2,82,146,,163,148
805,summoner-242585,806,Glaceon,Diamond 2,82,84,,98,85
806,summoner-56038,807,meiser,Diamond 2,81,75,,111,101
807,summoner-207127,808,MyonMyonMyonMyon,Diamond 2,77,70,,173,160
808,summoner-1510147,809,SurgiçaL,Diamond 2,77,55,,87,80
809,summoner-298376,810,Meldreın,Diamond 2,76,49,,73,47
810,summoner-4003528,811,Like a Stone,Diamond 2,76,79,,62,50
811,summoner-8060155,812,YasuCOCO,Diamond 2,75,121,,397,401
812,summoner-1735054,813,TheDeserterYang,Diamond 2,75,113,,294,285
813,summoner-9920154,814,OnlyBruiserJanna,Diamond 2,75,88,,272,225
814,summoner-5074241,815,Fersito,Diamond 2,75,102,,233,193
815,summoner-1473680,816,Benjì,Diamond 2,75,93,,232,228
816,summoner-171780,817,Maürice,Diamond 2,75,95,,222,221
817,summoner-91963,818,ForniteIsBetter,Diamond 2,75,72,,213,206
818,summoner-1495720,819,Loli LUX,Diamond 2,75,106,,207,200
819,summoner-98783,820,deratero,Diamond 2,75,91,,204,162
820,summoner-58984,821,HKs Totoreto,Diamond 2,75,67,,194,177
821,summoner-14130154,822,trueno corto,Diamond 2,75,65,,194,170
822,summoner-100093,823,Bayus,Diamond 2,75,67,,194,176
823,summoner-2308808,824,NároK,Diamond 2,75,90,,190,169
824,summoner-14120137,825,ISG Fear,Diamond 2,75,63,,186,114
825,summoner-35022,826,MjL,Diamond 2,75,66,,181,172
826,summoner-248676,827,Cuturrufo,Diamond 2,75,72,,174,170
827,summoner-22552,828,Chapannya,Diamond 2,75,77,,158,145
828,summoner-1066367,829,Level2Cheesecake,Diamond 2,75,62,,157,150
829,summoner-253897,830,Spotted,Diamond 2,75,92,,156,136
830,summoner-14097813,831,aoFF,Diamond 2,75,66,,152,105
831,summoner-6453121,832,Naabsito,Diamond 2,75,62,,145,97
832,summoner-6752477,833,mAkálister,Diamond 2,75,110,,144,134
833,summoner-60495,834,Mozilla Firefox,Diamond 2,75,74,,143,129
834,summoner-7572255,835,Nevergreen,Diamond 2,75,62,,138,135
835,summoner-11780134,836,ONLY GYAM PLS,Diamond 2,75,50,,136,88
836,summoner-14120155,837,cIs player 2026,Diamond 2,75,55,,134,101
837,summoner-897032,838,Pacif Li Yau,Diamond 2,75,82,,131,104
838,summoner-14650151,839,Zeift,Diamond 2,75,54,,127,120
839,summoner-1472963,840,washochico,Diamond 2,75,51,,126,115
840,summoner-14171676,841,KKKKKKKKKKKKKKK1,Diamond 2,75,47,,116,67
841,summoner-9250427,842,Otsutsuky,Diamond 2,75,56,,108,87
842,summoner-167145,843,DarkMittor,Diamond 2,75,61,,92,68
843,summoner-1600402,844,littlegod,Diamond 2,75,97,,91,85
844,summoner-116204,845,Kashiiix,Diamond 2,75,54,,86,63
845,summoner-13010323,846,N i c o m a n d0,Diamond 2,75,47,,81,60
846,summoner-15500212,847,Fªntasi,Diamond 2,75,40,,80,39
847,summoner-840963,848,Escibalo,Diamond 2,75,96,,73,66
848,summoner-14130141,849,FG Nobody,Diamond 2,75,40,,68,36
849,summoner-730858,850,tuiter,Diamond 2,75,50,,54,38
850,summoner-11162135,851,xBlastZ,Diamond 2,74,74,,203,187
851,summoner-94170,852,Viry,Diamond 2,73,145,,438,418
852,summoner-4590757,853,BrunoBY,Diamond 2,73,92,,286,272
853,summoner-1224251,854,EnzoxxD,Diamond 2,73,92,,275,270
854,summoner-1163012,855,BNH JoseeDx,Diamond 2,73,85,,241,223
855,summoner-1411248,856,GunPøint,Diamond 2,73,95,,236,223
856,summoner-742499,857,Nyxie,Diamond 2,72,122,,301,296
857,summoner-423109,858,kakashi xP,Diamond 2,72,89,,231,184
858,summoner-9947337,859,Nashejkz,Diamond 2,72,95,,224,214
859,summoner-280932,860,Senstus,Diamond 2,72,92,,77,61
860,summoner-4024395,861,Briandy,Diamond 2,71,104,,150,140
861,summoner-1120626,862,StupidLoveStory,Diamond 2,71,78,,96,84
862,summoner-213274,863,ESPARTA41,Diamond 2,71,69,,79,65
863,summoner-1066221,864,Lorakev,Diamond 2,71,80,,58,38
864,summoner-1485192,865,Dark Kite,Diamond 2,70,79,,149,133
865,summoner-46649,866,0nli,Diamond 2,70,58,,126,109
866,summoner-1910683,867,PERNITAS KILLER,Diamond 2,70,95,,86,73
867,summoner-414308,868,ReLife,Diamond 2,69,90,,152,131
868,summoner-1031416,869,Try again later,Diamond 2,69,119,,84,74
869,summoner-13890288,870,Fear on Bush,Diamond 2,68,65,,223,172
870,summoner-480170,871,Colin1,Diamond 2,68,101,,219,213
871,summoner-1132021,872,Bot Susu,Diamond 2,68,91,,160,148
872,summoner-217586,873,0drep,Diamond 2,68,100,,158,130
873,summoner-4493801,874,PoneOtro,Diamond 2,68,70,,126,97
874,summoner-1042619,875,Mitsuki Gaiden,Diamond 2,67,72,,193,183
875,summoner-138718,876,Nachota5,Diamond 2,67,74,,155,149
876,summoner-1077703,877,NCX Loky,Diamond 2,66,99,,325,317
877,summoner-22395,878,Sarodag,Diamond 2,66,101,,133,117
878,summoner-2296964,879,HMago De OzH,Diamond 2,65,123,,506,483
879,summoner-48600,880,IKetchup,Diamond 2,65,114,,342,328
880,summoner-1743174,881,Bizzey,Diamond 2,65,78,,153,141
881,summoner-212702,882,LA COPA DE GRASA,Diamond 2,65,62,,70,55
882,summoner-485978,883,Ujän,Diamond 2,64,119,,478,475
883,summoner-1494810,884,Karcâss,Diamond 2,64,93,,182,168
884,summoner-1461299,885,rawr nya uwu grr,Diamond 2,64,119,,165,143
885,summoner-73494,886,TasteOrange,Diamond 2,64,70,,162,132
886,summoner-650230,887,Pablillo,Diamond 2,64,97,,122,107
887,summoner-8692278,888,TUTI DIOS,Diamond 2,64,240,,118,64
888,summoner-59945,889,Nestor menta,Diamond 2,64,89,,92,78
889,summoner-13791668,890,Streamer,Diamond 2,63,68,,260,221
890,summoner-11370453,891,Bhasin,Diamond 2,63,55,,179,145
891,summoner-63257,892,DanixCabe,Diamond 2,63,75,,148,151
892,summoner-389909,893,LNL Articuno,Diamond 2,63,80,,140,126
893,summoner-68700,894,nêo,Diamond 2,63,55,,115,109
894,summoner-163972,895,djseba,Diamond 2,63,54,,91,80
895,summoner-12030671,896,KeNay D,Diamond 2,62,55,,153,119
896,summoner-247086,897,DAMN ITS ANIBAL,Diamond 2,62,80,,60,46
897,summoner-165815,898,I love Baykon,Diamond 2,62,46,,57,44
898,summoner-131257,899,Demura,Diamond 2,62,44,,44,30
899,summoner-245665,900,Harder Daddy,Diamond 2,61,62,,132,118
900,summoner-1131916,901,AZ Tiger,Diamond 2,61,70,,90,71
901,summoner-4494395,902,DF RaiNigHT,Diamond 2,60,125,,291,280
902,summoner-7790606,903,Con CHOCOLATE,Diamond 2,60,104,,269,276
903,summoner-193832,904,Thünder,Diamond 2,60,53,,93,87
904,summoner-4160848,905,Deussmaug5,Diamond 2,60,73,,88,78
905,summoner-95759,906,Ezcanor,Diamond 2,59,67,,105,90
906,summoner-128024,907,Kvrof,Diamond 2,59,49,,80,60
907,summoner-42280,908,koré,Diamond 2,58,79,,183,162
908,summoner-37722,909,Lanser CL,Diamond 2,58,88,,163,144
909,summoner-142190,910,Crossboow,Diamond 2,58,88,,150,140
910,summoner-573083,911,Eliaas Nicolas,Diamond 2,57,73,,283,264
911,summoner-11352642,912,Bigfoot AD Carry,Diamond 2,57,75,,275,256
912,summoner-2930172,913,Vuestro Tirador,Diamond 2,57,83,,193,169
913,summoner-52399,914,Sad Nibba Hours,Diamond 2,57,88,,146,128
914,summoner-12784993,915,Tóxic Ad Carry,Diamond 2,57,57,,132,113
915,summoner-14184424,916,feel owo,Diamond 2,57,43,,92,53
916,summoner-11080623,917,No Soy Fenix,Diamond 2,56,69,,235,198
917,summoner-111591,918,regency reload,Diamond 2,56,95,,197,182
918,summoner-40607,919,192cm support,Diamond 2,56,57,,103,95
919,summoner-1242005,920,ileu07,Diamond 2,56,96,,101,93
920,summoner-199701,921,Kirua Zorudikku,Diamond 2,55,90,,331,303
921,summoner-1235406,922,Li Grim,Diamond 2,55,106,,236,234
922,summoner-124790,923,ShøøTërPërfëct,Diamond 2,55,80,,158,139
923,summoner-11090136,924,Kuzo,Diamond 2,55,62,,68,49
924,summoner-146561,925,Advanzeeee,Diamond 2,55,49,,61,54
925,summoner-22509,926,KadrieN,Diamond 2,54,165,,636,623
926,summoner-13430372,927,the leaf my soul,Diamond 2,54,71,,170,123
927,summoner-44114,928,Anaru,Diamond 2,54,87,,157,140
928,summoner-148317,929,LegendarioCastor,Diamond 2,54,103,,151,138
929,summoner-3812130,930,el tio francoco,Diamond 2,54,89,,140,130
930,summoner-2792742,931,marcos gomez7,Diamond 2,54,71,,113,118
931,summoner-251657,932,Huehuehue,Diamond 2,54,86,,111,101
932,summoner-3935623,933,Dylå,Diamond 2,54,62,,108,88
933,summoner-3994782,934,PK MaCry,Diamond 2,54,38,,47,29
934,summoner-79527,935,Arroz,Diamond 2,53,64,,119,112
935,summoner-2265827,936,GarciColA,Diamond 2,53,69,,117,101
936,summoner-71613,937,T Dog,Diamond 2,53,71,,64,36
937,summoner-1549856,938,Sangría Wine,Diamond 2,53,84,,54,48
938,summoner-800243,939,Groovy Bear,Diamond 2,53,54,,51,36
939,summoner-36536,940,Randih,Diamond 2,52,80,,201,187
940,summoner-1556215,941,iNasThy,Diamond 2,52,113,,193,173
941,summoner-240624,942,Tankeniken,Diamond 2,52,98,,171,142
942,summoner-15994777,943,AkaliNuv,Diamond 2,52,40,,68,32
943,summoner-171261,944,Tronco,Diamond 2,51,72,,162,149
944,summoner-99148,945,FraudeAlFisco,Diamond 2,51,64,,80,65
945,summoner-659384,946,Nutria Mimosa,Diamond 2,50,93,,262,235
946,summoner-2298191,947,Aakash,Diamond 2,50,86,,180,168
947,summoner-5350670,948,LittIe ROODRA,Diamond 2,50,60,,68,51
948,summoner-22185,949,VAYNE IS IZI,Diamond 2,50,48,,60,43
949,summoner-1552625,950,NiarfeNelehCyan,Diamond 2,49,87,,186,183
950,summoner-39318,951,SOUŁ,Diamond 2,49,86,,81,63
951,summoner-135062,952,Blond,Diamond 2,49,76,,65,42
952,summoner-77436,953,Edenzin,Diamond 2,48,76,,79,54
953,summoner-626866,954,AxelBrody,Diamond 2,47,83,,140,118
954,summoner-1130486,955,Escąnor,Diamond 2,46,124,,420,426
955,summoner-124626,956,44 Tute,Diamond 2,45,112,,282,269
956,summoner-4090797,957,Rakelstake,Diamond 2,45,60,,189,172
957,summoner-1464704,958,Doutzen,Diamond 2,45,109,,152,147
958,summoner-483622,959,Reverie,Diamond 2,45,87,,135,103
959,summoner-314731,960,20XX,Diamond 2,45,78,,130,117
960,summoner-29294,961,Ridet,Diamond 2,44,87,,137,101
961,summoner-7960347,962,Tall Morty,Diamond 2,44,53,,104,86
962,summoner-3670175,963,Ånną Paułą,Diamond 2,43,131,,600,600
963,summoner-68003,964,Juego top uwu,Diamond 2,43,62,,91,62
964,summoner-170034,965,WAAAANDiX,Diamond 2,43,38,,53,30
965,summoner-12200725,966,LAS Clown Fiesta,Diamond 2,42,96,,382,377
966,summoner-618851,967,El Capitan Beto,Diamond 2,42,92,,270,273
967,summoner-6343581,968,Lil Mitsu,Diamond 2,42,131,,120,111
968,summoner-190626,969,ELBA NEA2,Diamond 2,41,88,,233,227
969,summoner-294939,970,Remotion,Diamond 2,41,73,,109,89
970,summoner-1151949,971,Alejandro Soto,Diamond 2,41,88,,53,38
971,summoner-1065031,972,Marcel Laville,Diamond 2,40,127,,390,385
972,summoner-158912,973,Nujabës,Diamond 2,40,95,,263,262
973,summoner-3111245,974,ÆT Aweodinho,Diamond 2,40,111,,249,229
974,summoner-93444,975,Panda1,Diamond 2,40,89,,196,181
975,summoner-6333529,976,Lil GiozaK,Diamond 2,40,94,,183,173
976,summoner-291690,977,kek,Diamond 2,40,72,,73,52
977,summoner-33987,978,Ferrarii 404,Diamond 2,38,60,,154,86
978,summoner-42740,979,Lovely Senpai,Diamond 2,38,87,,76,64
979,summoner-39918,980,bít,Diamond 2,37,104,,213,212
980,summoner-4820843,981,Starshy,Diamond 2,37,98,,140,130
981,summoner-26529,982,khzxr is love,Diamond 2,37,62,,129,115
982,summoner-230234,983,Soma Landsknetch,Diamond 2,37,90,,102,91
983,summoner-391377,984,LøveIy Guy,Diamond 2,37,188,,101,80
984,summoner-232815,985,koughi,Diamond 2,36,90,,232,237
985,summoner-199570,986,DKS,Diamond 2,36,68,,177,149
986,summoner-260017,987,Tüi,Diamond 2,36,80,,152,126
987,summoner-4051681,988,linkzd,Diamond 2,36,65,,141,127
988,summoner-6124829,989,WalSlipk,Diamond 2,36,68,,104,93
989,summoner-1902079,990,Midnight A7X,Diamond 2,36,117,,103,68
990,summoner-64156,991,Wésker,Diamond 2,36,57,,68,54
991,summoner-102154,992,Midgårdsormen,Diamond 2,35,109,,307,296
992,summoner-1554899,993,Squal,Diamond 2,35,84,,240,236
993,summoner-1531278,994,Røk,Diamond 2,35,70,,35,28
994,summoner-1795845,995,Unlucky god,Diamond 2,34,97,,245,234
995,summoner-25524,996,Kirigaya Kazut0,Diamond 2,34,82,,235,222
996,summoner-218972,997,Get Hyper,Diamond 2,34,70,,170,159
997,summoner-86114,998,Jijo,Diamond 2,34,87,,108,83
998,summoner-233032,999,CallMeLucky,Diamond 2,34,58,,77,67
999,summoner-22142,1000,Rachiva,Diamond 2,34,72,,71,57
