#timestamp 1529766068960
#date 2018-06-23T15:01:08+00:00
#players 1000
#index,id,rank,name,tier,lp,level,proTeam,win,loss
0,summoner-16534242,1,TF BIade,Challenger,1185,44,,128,51
1,summoner-41710,2,Pix CaritaTriste,Challenger,1144,77,,138,74
2,summoner-5470459,3,LAE xSWRD,Challenger,1067,69,,165,112
3,summoner-95820,4,VírusFx,Challenger,950,90,,132,67
4,summoner-144414,5,Kunou,Challenger,882,97,,136,84
5,summoner-2281875,6,Hirotaka Nifuji,Challenger,788,119,,144,110
6,summoner-886644,7,vSack,Challenger,786,92,,189,153
7,summoner-6130219,8,Geohelado,Challenger,761,74,,168,129
8,summoner-640255,9,Swifu,Challenger,747,109,,162,122
9,summoner-2342030,10,Athyż,Challenger,728,93,,158,120
10,summoner-418941,11,MadBlade,Challenger,726,69,,189,137
11,summoner-42749,12,Cliff0,Challenger,723,74,,252,196
12,summoner-116294,13,MySunflower Dani,Challenger,688,99,,173,129
13,summoner-2322700,14,CGC S A M Y 2,Challenger,647,84,,189,146
14,summoner-139862,15,Säth,Challenger,595,127,,197,157
15,summoner-48057,16,Luha,Challenger,590,95,,173,144
16,summoner-4571935,17,Fighter1,Challenger,588,46,,150,105
17,summoner-1157126,18,bubbleman08,Challenger,578,90,,119,87
18,summoner-348223,19,Miketsü,Challenger,563,92,,189,156
19,summoner-947428,20,TwitchTv Crecre,Challenger,546,89,,236,178
20,summoner-204315,21,lruga,Challenger,553,73,,266,232
21,summoner-5494753,22,Zorekk Onii Chan,Challenger,531,76,,149,115
22,summoner-8801194,23,Hand of Obelisk,Challenger,529,83,,209,170
23,summoner-537764,24,Thief of Relics,Challenger,528,87,,153,123
24,summoner-56961,25,JuanDrd435,Challenger,527,133,,305,263
25,summoner-61520,26,TES ArándanoAzul,Challenger,517,107,,147,104
26,summoner-6291753,27,Güereca,Challenger,510,51,,131,96
27,summoner-50080,28,Jujo,Challenger,502,103,,132,91
28,summoner-168284,29,SomosAsc0Deduo,Challenger,495,94,,201,177
29,summoner-941191,30,BoñeIo,Challenger,495,80,,187,153
30,summoner-4591052,31,BloodyLion,Challenger,494,70,,208,171
31,summoner-176354,32,Crecre,Challenger,492,87,,365,306
32,summoner-5660236,33,ZXVMGBORSA95,Challenger,470,106,,300,266
33,summoner-44037,34,Trash Game,Challenger,469,86,,150,113
34,summoner-810373,35,NeoEclipsF0rever,Challenger,468,145,,133,100
35,summoner-12830164,36,ØE Fas the Magi,Challenger,459,49,,114,84
36,summoner-8604015,37,Darkin,Challenger,457,97,,153,126
37,summoner-2501105,38,No Øne,Challenger,452,102,,216,188
38,summoner-1155001,39,el chinguita,Challenger,452,111,,201,169
39,summoner-153625,40,Haka,Challenger,449,112,,165,137
40,summoner-392695,41,CGC S A M Y,Challenger,442,79,,212,172
41,summoner-215450,42,CLK1,Challenger,442,63,,209,171
42,summoner-4450189,43,tuabuelitaentang,Challenger,442,136,,120,89
43,summoner-4163836,44,Alex Mercér,Challenger,441,66,,150,127
44,summoner-75295,45,Her Demon Fenix,Challenger,424,77,,121,96
45,summoner-112541,46,Snòopy,Challenger,423,73,,186,149
46,summoner-2241940,47,GNO UmbraAP,Challenger,421,123,,192,161
47,summoner-14101711,48,CGC S A M Y 3,Challenger,421,63,,178,133
48,summoner-1740857,49,Jauny,Challenger,416,91,,223,173
49,summoner-10841439,50,LawlietLelouch,Challenger,415,87,,228,202
50,summoner-170093,51,FZXT,Challenger,414,64,,84,48
51,summoner-331693,52,DarkShark10,Challenger,412,91,,348,317
52,summoner-524840,53,ShyKid,Challenger,409,75,,137,104
53,summoner-156320,54,Mikesos,Challenger,407,171,,507,469
54,summoner-488562,55,Nezumi,Challenger,398,101,,229,197
55,summoner-13643775,56,PAPAYlTA,Challenger,397,72,,274,242
56,summoner-3480131,57,Doug,Challenger,396,44,,90,39
57,summoner-11610140,58,Stròng,Challenger,392,64,,129,101
58,summoner-75118,59,Soran,Challenger,386,114,,189,159
59,summoner-4511925,60,KarenCosy,Challenger,382,53,,128,77
60,summoner-2122221,61,Trippïe Redd,Challenger,378,63,,132,100
61,summoner-41224,62,Kanra00,Challenger,376,70,,131,101
62,summoner-98115,63,ReykoPa,Challenger,373,66,,134,111
63,summoner-851199,64,SAMMAHEL,Challenger,369,141,,486,461
64,summoner-153065,65,mid lane banter,Challenger,365,59,,176,142
65,summoner-2191160,66,MacCuin,Challenger,354,99,,180,152
66,summoner-1566287,67,KhaelMa,Challenger,351,60,,172,145
67,summoner-211236,68,Sebastien,Challenger,345,69,,201,163
68,summoner-5090223,69,Tonight We Hunt,Challenger,342,202,,329,300
69,summoner-162243,70,Legendary Lee,Challenger,342,58,,78,50
70,summoner-7204106,71,TG Re Zaidex,Challenger,333,118,,227,195
71,summoner-39415,72,Vini,Challenger,332,66,,138,110
72,summoner-403393,73,Un Pinguino Cool,Challenger,328,70,,125,82
73,summoner-1356449,74,Rμby,Challenger,321,132,,336,306
74,summoner-7680088,75,Estigia,Challenger,318,101,,112,87
75,summoner-33732,76,atlanta,Challenger,318,59,,106,82
76,summoner-118870,77,Tu Guardián,Challenger,315,105,,144,116
77,summoner-36473,78,Harahgon,Challenger,314,123,,377,346
78,summoner-213475,79,JesusCA,Challenger,314,64,,266,195
79,summoner-181794,80,Lumi,Challenger,305,105,,165,148
80,summoner-1630586,81,Huevø Frito,Challenger,301,105,,158,113
81,summoner-138842,82,I Love Trump,Challenger,300,50,,170,47
82,summoner-919104,83,Maîck,Challenger,297,82,,160,135
83,summoner-1201237,84,Luprin,Challenger,295,76,,74,47
84,summoner-1396107,85,24 03 2014,Challenger,293,60,,159,109
85,summoner-290915,86,A Sexy Waifu,Challenger,292,98,,156,128
86,summoner-127811,87,CG Snow,Challenger,308,118,,459,422
87,summoner-622280,88,Fibrah,Challenger,289,46,,126,71
88,summoner-6653525,89,SuperSave,Challenger,288,121,,192,168
89,summoner-841541,90,MadTedd,Challenger,287,66,,150,124
90,summoner-1070594,91,Lord Strider,Challenger,282,112,,147,120
91,summoner-159044,92,Iana del rey,Challenger,282,49,,115,84
92,summoner-208064,93,kodixia,Challenger,281,114,,204,174
93,summoner-3304652,94,Noctix,Challenger,280,168,,483,441
94,summoner-296596,95,Andrea Motz,Challenger,279,121,,307,277
95,summoner-1231471,96,I Aru I,Challenger,277,126,,364,326
96,summoner-11762731,97,Sandër,Challenger,274,112,,169,145
97,summoner-213822,98,stay fresh,Challenger,272,104,,283,259
98,summoner-1361857,99,Bryce Walker,Challenger,267,85,,230,218
99,summoner-211435,100,Tu Gypsi,Challenger,264,115,,206,178
100,summoner-157955,101,Daddy Eddie,Challenger,263,57,,140,107
101,summoner-394180,102,Crystal Molly,Challenger,262,134,,373,343
102,summoner-5140831,103,Deiv1d,Challenger,260,75,,113,92
103,summoner-15280182,104,Poropops,Challenger,257,50,,81,43
104,summoner-97956,105,Selfish Bastard,Challenger,256,67,,150,116
105,summoner-1820423,106,Twitzze,Challenger,255,58,,194,138
106,summoner-5513539,107,TC Bunny,Challenger,254,133,,266,242
107,summoner-156335,108,Kindle,Challenger,253,107,,236,218
108,summoner-5660249,109,Soradg,Challenger,253,118,,162,144
109,summoner-1323789,110,ZoneDark,Challenger,252,68,,169,152
110,summoner-1172068,111,Kanye Wesst,Challenger,252,103,,140,119
111,summoner-5572510,112,NeonShy,Challenger,251,103,,257,231
112,summoner-416409,113,Mágaña,Challenger,251,80,,215,199
113,summoner-2400971,114,DonPacs,Challenger,250,70,,95,60
114,summoner-10233192,115,SaekoUndBlack,Challenger,249,36,,62,10
115,summoner-409468,116,Säikou,Challenger,248,105,,154,136
116,summoner-935643,117,Amigo Grifo,Challenger,228,79,,144,128
117,summoner-1118998,118,Distortion,Challenger,246,114,,164,138
118,summoner-1990286,119,Gekkø,Challenger,244,144,,445,418
119,summoner-157956,120,Rìku,Challenger,244,145,,101,78
120,summoner-2303376,121,Jikann,Challenger,243,97,,206,183
121,summoner-597117,122,Fazz,Challenger,242,114,,270,246
122,summoner-33622,123,Lettiot,Challenger,239,93,,122,91
123,summoner-1051840,124,Olivia,Challenger,238,113,,165,142
124,summoner-117620,125,chimera r2,Challenger,216,94,,303,290
125,summoner-15060130,126,fkin idiot,Challenger,237,55,,148,117
126,summoner-40335,127,Prae,Challenger,235,138,,460,438
127,summoner-3571348,128,paulisTinA,Challenger,235,77,,176,141
128,summoner-65195,129,AnT Roski,Challenger,234,66,,76,49
129,summoner-74750,130,Zcarnet,Challenger,227,95,,166,133
130,summoner-33593,131,AG siegfred,Challenger,226,77,,137,118
131,summoner-9781020,132,SkillHard,Challenger,225,153,,443,432
132,summoner-1159062,133,SGT Sirius Can,Challenger,224,113,,244,230
133,summoner-6532932,134,Andresu7,Challenger,222,100,,301,279
134,summoner-523229,135,Supraga,Challenger,221,111,,338,304
135,summoner-43897,136,Aletsis,Challenger,218,88,,183,161
136,summoner-43094,137,Rossoneri,Challenger,217,80,,116,88
137,summoner-32943,138,Yugí,Challenger,215,62,,129,103
138,summoner-6313454,139,CougarDai,Challenger,214,74,,216,196
139,summoner-1385807,140,Low elo trash,Challenger,214,53,,151,120
140,summoner-5651686,141,Duca,Challenger,212,93,,274,255
141,summoner-5020760,142,betatwinz,Challenger,212,44,,67,34
142,summoner-800898,143,MuffinsPodridos,Challenger,211,76,,172,129
143,summoner-4534154,144,Wb Taco,Challenger,210,112,,134,99
144,summoner-825215,145,Nishkyu,Challenger,189,74,,248,188
145,summoner-2133568,146,Dixel,Challenger,203,72,,227,197
146,summoner-435308,147,Thelorien,Challenger,203,119,,132,103
147,summoner-36834,148,EvoleX,Challenger,202,106,,204,199
148,summoner-171271,149,Pichu,Challenger,198,88,,299,277
149,summoner-203413,150,Andrew18,Challenger,197,108,,162,141
150,summoner-142005,151,clantoz,Challenger,197,91,,156,120
151,summoner-161248,152,Huxy,Challenger,196,89,,257,234
152,summoner-6003403,153,betatwins,Challenger,192,117,,376,346
153,summoner-5710759,154,BlìndWalker,Challenger,192,75,,302,230
154,summoner-135079,155,HandGun,Challenger,192,95,,290,264
155,summoner-14640442,156,PAPAY1TA,Challenger,191,48,,125,82
156,summoner-5040611,157,Bebé Pinguino,Challenger,190,46,,73,42
157,summoner-1396918,158,TwitchTv Danijrm,Challenger,187,53,,124,84
158,summoner-1090707,159,KutarraX,Challenger,184,72,,124,102
159,summoner-4107412,160,BorjaSOAD,Challenger,180,87,,111,86
160,summoner-8581685,161,FLA Kamui,Challenger,176,124,,411,390
161,summoner-1941206,162,JbayJbs,Challenger,176,86,,106,59
162,summoner-6551467,163,Ytterbium,Challenger,174,59,,149,112
163,summoner-174950,164,NoLimit,Challenger,173,66,,134,113
164,summoner-136713,165,ENG yisus,Challenger,172,94,,228,198
165,summoner-540221,166,Meme King,Challenger,171,107,,212,192
166,summoner-174213,167,Ábaddon,Challenger,167,87,,190,167
167,summoner-9173721,168,Blakzx,Challenger,167,96,,148,129
168,summoner-14610241,169,ltsukakotori,Challenger,166,63,,76,49
169,summoner-626956,170,alboaron,Challenger,164,52,,148,62
170,summoner-366242,171,Amo mis bíceps,Challenger,163,124,,274,258
171,summoner-2260260,172,King Wukong,Challenger,162,113,,141,118
172,summoner-63089,173,Thundraz,Challenger,161,132,,165,148
173,summoner-3313144,174,Nirati,Challenger,157,115,,239,182
174,summoner-3943350,175,Chevîs,Challenger,157,90,,159,128
175,summoner-166992,176,SandwichDLechuga,Challenger,155,101,,226,178
176,summoner-99291,177,Tëmpest,Challenger,155,97,,183,127
177,summoner-11577579,178,Juego Solo top,Challenger,155,73,,158,135
178,summoner-1149078,179,Pandas Iove,Challenger,155,83,,63,41
179,summoner-210491,180,DGE BLACMAN,Challenger,153,112,,311,305
180,summoner-14690856,181,RoyaumLAN,Challenger,153,73,,267,198
181,summoner-4311308,182,How to,Challenger,153,103,,212,187
182,summoner-13050146,183,RNG 55open,Challenger,153,132,,159,135
183,summoner-3143261,184,The Genesis,Challenger,153,66,,105,81
184,summoner-545546,185,Acuarelas,Challenger,152,106,,128,108
185,summoner-310350,186,GLG Honoka,Challenger,150,61,,121,102
186,summoner-74002,187,Nils,Challenger,148,89,,139,124
187,summoner-361221,188,Krezuel,Challenger,146,112,,201,192
188,summoner-64005,189,Sandroxx,Challenger,145,63,,94,70
189,summoner-197368,190,Góhan,Challenger,144,53,,113,101
190,summoner-25753,191,Sh0ckwavee,Challenger,144,47,,59,32
191,summoner-1220127,192,Kanizalez,Challenger,140,95,,245,221
192,summoner-154798,193,Miguël,Challenger,139,94,,291,254
193,summoner-12191961,194,S2 Kurama,Challenger,139,104,,278,234
194,summoner-674461,195,1hollow3,Challenger,139,64,,159,137
195,summoner-413636,196,VLK Sunriser,Challenger,138,57,,112,78
196,summoner-10341706,197,asth4rotwan,Challenger,122,102,,176,164
197,summoner-4443939,198,Ashtray,Challenger,121,151,,526,509
198,summoner-130256,199,Papi Jodin,Challenger,113,72,,203,186
199,summoner-93056,200,YSalex,Challenger,110,115,,332,315
200,summoner-990938,201,Aaronlb,Master,192,89,,245,211
201,summoner-324984,202,Enryu The Red,Master,166,65,,206,170
202,summoner-4601043,203,Xpontaneous,Master,161,53,,45,18
203,summoner-54396,204,MW Star,Master,159,137,,150,115
204,summoner-6620183,205,Vidal,Master,155,96,,206,188
205,summoner-2601343,206,iFeedMe,Master,137,72,,230,216
206,summoner-1404541,207,TONYTROXES,Master,137,76,,183,158
207,summoner-137657,208,Zethric,Master,134,130,,71,40
208,summoner-7472180,209,NA Fearuz,Master,133,54,,119,86
209,summoner-501216,210,1Rem,Master,132,105,,243,235
210,summoner-119645,211,MTH AlBREIK,Master,131,113,,211,181
211,summoner-1042775,212,Whité,Master,129,60,,115,94
212,summoner-147250,213,Maggatt,Master,122,86,,182,162
213,summoner-3532481,214,Sithys,Master,119,149,,149,122
214,summoner-93208,215,pxry,Master,118,63,,107,86
215,summoner-3340222,216,Chiquinquira IJ,Master,115,131,,113,76
216,summoner-7153584,217,Neitzsche,Master,114,124,,226,188
217,summoner-1546393,218,Jedi Form VII,Master,111,65,,174,138
218,summoner-35651,219,Soul Worker,Master,110,73,,97,80
219,summoner-438977,220,N l G H T,Master,103,168,,425,409
220,summoner-2544168,221,Líl,Master,102,87,,187,164
221,summoner-1735450,222,Kirâ,Master,101,38,,50,18
222,summoner-531488,223,Carillon,Master,100,57,,70,49
223,summoner-2941141,224,JaquenHaghar,Master,99,81,,222,204
224,summoner-14231555,225,Doctrina Egoista,Master,96,53,,134,90
225,summoner-877490,226,Goofy Goober,Master,94,202,,120,95
226,summoner-4127893,227,Elekape,Master,86,100,,164,141
227,summoner-132278,228,rëdnaS,Master,86,51,,150,82
228,summoner-150582,229,El Dios Guashi,Master,85,81,,251,231
229,summoner-201606,230,Broodich,Master,85,96,,177,160
230,summoner-303207,231,Bebe Shaka,Master,84,150,,283,261
231,summoner-20563,232,add 4 web design,Master,84,85,,204,194
232,summoner-500822,233,Kuul,Master,83,95,,135,115
233,summoner-4782124,234,El humilde Yusty,Master,82,62,,183,136
234,summoner-290618,235,OG Minu,Master,82,94,,142,102
235,summoner-6250197,236,Hakuryuu Reen,Master,80,83,,268,246
236,summoner-76695,237,Sterbenn,Master,80,113,,156,132
237,summoner-330609,238,Carlos V,Master,78,106,,423,406
238,summoner-14745216,239,Kaizeneka A,Master,78,66,,144,108
239,summoner-15300174,240,Levis petrus,Master,78,51,,144,86
240,summoner-437429,241,Kyuo,Master,74,96,,73,50
241,summoner-12692888,242,Lucian ADC,Master,72,71,,254,211
242,summoner-152128,243,Extravagance,Master,72,51,,152,124
243,summoner-615119,244,Khorix,Master,69,65,,86,71
244,summoner-15973031,245,Inli,Master,65,43,,111,64
245,summoner-126144,246,Te Amo Fanny,Master,62,67,,72,56
246,summoner-13482525,247,StarBunny,Master,61,51,,96,57
247,summoner-62389,248,Dominick,Master,60,100,,244,232
248,summoner-1273292,249,ezpate,Master,59,107,,278,267
249,summoner-198637,250,Mythical Oberyn,Master,58,123,,293,265
250,summoner-3830362,251,MarchedWaif89,Master,57,124,,432,425
251,summoner-292746,252,Hakie,Master,57,67,,121,92
252,summoner-280323,253,Cookiezai,Master,57,111,,105,77
253,summoner-4101200,254,Ainz Ooal GØwn,Master,56,148,,627,606
254,summoner-3740366,255,Carnage Rules,Master,56,136,,467,459
255,summoner-3471888,256,Nessie,Master,56,146,,292,269
256,summoner-177367,257,TOXICCCCCCCCCCCC,Master,56,48,,118,90
257,summoner-52722,258,ØE Limitationss,Master,56,49,,69,51
258,summoner-38617,259,Pëanut,Master,53,124,,97,78
259,summoner-3720694,260,FnR Kush,Master,52,121,,264,240
260,summoner-1594793,261,momo354,Master,51,58,,189,131
261,summoner-2000186,262,AdLarry,Master,51,68,,179,138
262,summoner-188977,263,Doppel,Master,51,81,,145,130
263,summoner-171009,264,PuuRplE,Master,50,111,,200,178
264,summoner-136168,265,Nihilist Örlando,Master,49,108,,339,326
265,summoner-13180512,266,Dmitri Putin,Master,47,81,,75,44
266,summoner-1764966,267,CerquilloTilted,Master,43,64,,224,192
267,summoner-1650862,268,Melvox,Master,42,133,,94,58
268,summoner-16410630,269,MW Typhoon,Master,42,57,,91,44
269,summoner-91326,270,Z Ø Ð I A C,Master,41,97,,283,264
270,summoner-2213274,271,Pervertito,Master,41,62,,150,134
271,summoner-629040,272,ØE Tyr,Master,39,71,,68,35
272,summoner-15334874,273,Shìnon,Master,38,57,,175,139
273,summoner-945818,274,Santíago,Master,38,68,,124,105
274,summoner-210553,275,Aniivia,Master,38,47,,81,58
275,summoner-2604044,276,orithkeeper,Master,37,74,,179,164
276,summoner-1303280,277,Raylú,Master,36,122,,235,202
277,summoner-12323358,278,Falconzs,Master,35,69,,119,104
278,summoner-3500800,279,Gweiss ENP,Master,32,101,,271,257
279,summoner-212364,280,VLK Equalizer,Master,32,67,,118,97
280,summoner-14611994,281,Malantë,Master,31,55,,108,78
281,summoner-2460494,282,El Pecueca,Master,28,77,,211,164
282,summoner-1021337,283,King Monaco,Master,27,66,,188,170
283,summoner-876702,284,Regulus no Leo,Master,27,69,,130,110
284,summoner-3853491,285,Infamous,Master,26,127,,222,199
285,summoner-13212405,286,Memox JnmR,Master,26,75,,197,180
286,summoner-2052468,287,UnicornG,Master,25,84,,176,167
287,summoner-9751556,288,Ing Quimico,Master,24,78,,146,116
288,summoner-440349,289,EDGARTOYIN,Master,23,84,,242,227
289,summoner-16840166,290,BeijingBeef,Master,23,56,,185,109
290,summoner-25434,291,WET Varzinso,Master,21,99,,156,135
291,summoner-84412,292,Garnidelia,Master,21,107,,125,117
292,summoner-12950189,293,E Bfriend,Master,21,46,,96,66
293,summoner-1790148,294,AQUILESCANTO2,Master,20,104,,218,189
294,summoner-520325,295,Yaelonu,Master,20,94,,157,142
295,summoner-372135,296,EL Uber,Master,20,101,,72,51
296,summoner-285221,297,iTheEpicReaper,Master,19,80,,139,115
297,summoner-7880294,298,TES PinkGoat,Master,19,92,,122,107
298,summoner-8584366,299,AmanfromtheMoon,Master,17,69,,244,186
299,summoner-15264702,300,OscarSolisG,Master,16,54,,129,76
300,summoner-341551,301,Makeuz,Master,13,137,,396,388
301,summoner-1376330,302,JuanStan,Master,13,103,,265,252
302,summoner-1571472,303,Soy Paul,Master,12,50,,84,61
303,summoner-77347,304,Codename00,Master,11,59,,176,165
304,summoner-452765,305,ill kms,Master,10,55,,145,110
305,summoner-90933,306,Núit,Master,8,77,,130,112
306,summoner-488455,307,Bareh,Master,5,96,,285,270
307,summoner-139360,308,Darps,Master,3,54,,127,109
308,summoner-9663451,309,Thúnder,Master,0,168,,349,345
309,summoner-1744540,310,Jeff506,Master,0,103,,325,305
310,summoner-1595762,311,Isá Dainsleif,Master,0,139,,319,307
311,summoner-340565,312,Lp3 Nyeloh,Master,0,120,,319,306
312,summoner-4882455,313,Nightwolf9,Master,0,127,,299,275
313,summoner-527786,314,SkyGless,Master,0,86,,298,293
314,summoner-1164376,315,Momo Hirai,Master,0,91,,293,271
315,summoner-151439,316,ricopolllo,Master,0,108,,282,264
316,summoner-4720242,317,Laxse,Master,0,100,,264,228
317,summoner-8584366,318,AmanfromtheMoon,Master,17,69,,244,186
318,summoner-40147,319,Diamond Stuck,Master,0,148,,206,189
319,summoner-5613974,320,Josh2Play,Master,0,87,,172,138
320,summoner-523266,321,Protego,Master,0,106,,163,139
321,summoner-433265,322,Lord 4SaKeN,Master,0,95,,160,145
322,summoner-11600165,323,Rocket Råccoon,Master,0,131,,158,131
323,summoner-4903905,324,RafflesGaming,Master,0,83,,150,135
324,summoner-208654,325,Crensil Diva,Master,0,87,,134,109
325,summoner-3931575,326,Lann,Master,0,125,,129,103
326,summoner-68678,327,HazärD,Master,0,88,,117,98
327,summoner-815305,328,Nea,Master,0,101,,103,88
328,summoner-1103782,329,Fonck,Master,0,59,,46,38
329,summoner-562204,330,Zask,Master,0,66,,39,15
330,summoner-329765,331,CentenaryWarrior,Diamond 1,100,133,,431,410
331,summoner-3462881,332,Panda Tom,Diamond 1,100,140,,345,334
332,summoner-1159889,333,Hamy,Diamond 1,100,98,,253,226
333,summoner-4601098,334,CSGblackrock,Diamond 1,100,84,,216,195
334,summoner-129918,335,El Chuky Lozano,Diamond 1,100,118,,197,179
335,summoner-119001,336,Scythes,Diamond 1,100,79,,170,150
336,summoner-2871352,337,Old West,Diamond 1,100,113,,163,133
337,summoner-22299,338,Redscorpy,Diamond 1,100,138,,145,126
338,summoner-941797,339,Tiltalin,Diamond 1,100,69,,130,97
339,summoner-431286,340,Biboom,Diamond 1,100,73,,111,86
340,summoner-426366,341,Saving,Diamond 1,100,50,,108,71
341,summoner-219008,342,Shadesu,Diamond 1,100,74,,99,66
342,summoner-423742,343,Sanha,Diamond 1,100,126,,97,68
343,summoner-5932534,344,Noriel,Diamond 1,100,47,,86,63
344,summoner-2630739,345,Kitorinho,Diamond 1,100,47,,62,41
345,summoner-15475985,346,Quve,Diamond 1,97,64,,136,82
346,summoner-303787,347,Fatal,Diamond 1,97,67,,75,59
347,summoner-7132675,348,Justin LFT 2,Diamond 1,97,41,,58,29
348,summoner-1531157,349,Dobleshot,Diamond 1,96,60,,172,117
349,summoner-153891,350,Dkram,Diamond 1,96,66,,127,115
350,summoner-873834,351,Ricardo Motta,Diamond 1,96,69,,79,66
351,summoner-1292652,352,l  Jamon  l,Diamond 1,95,95,,116,97
352,summoner-9974185,353,Tilted Meteoro,Diamond 1,95,44,,42,18
353,summoner-10842590,354,edwinkirito LAN,Diamond 1,94,76,,130,118
354,summoner-15891692,355,Santi Rank 1,Diamond 1,94,45,,100,65
355,summoner-652463,356,Amnesía,Diamond 1,93,99,,162,142
356,summoner-365511,357,Eudus,Diamond 1,92,99,,143,112
357,summoner-3520800,358,xamexxdroxer,Diamond 1,91,102,,150,129
358,summoner-155309,359,Diretlan,Diamond 1,90,81,,221,203
359,summoner-37636,360,LEITSAK,Diamond 1,90,93,,198,160
360,summoner-333945,361,Alex Ov,Diamond 1,90,72,,189,185
361,summoner-8341551,362,Lankor,Diamond 1,90,99,,158,147
362,summoner-2343019,363,ARTIFIZES,Diamond 1,90,61,,151,132
363,summoner-4621033,364,Red Trainer,Diamond 1,90,55,,133,105
364,summoner-3324306,365,xXAKILESVAESTAXx,Diamond 1,90,60,,103,53
365,summoner-904554,366,Random Marksman,Diamond 1,90,59,,101,74
366,summoner-676489,367,Inky Veil,Diamond 1,90,65,,97,53
367,summoner-4902286,368,Fürer Reich,Diamond 1,90,55,,85,69
368,summoner-3574195,369,Phyrfns,Diamond 1,90,75,,82,70
369,summoner-15452277,370,TwTv Danijrm,Diamond 1,90,41,,69,30
370,summoner-60466,371,N5 Garçon,Diamond 1,90,84,,63,50
371,summoner-293255,372,Devoch,Diamond 1,90,87,,58,32
372,summoner-1152178,373,Jose12gab,Diamond 1,90,37,,58,19
373,summoner-9974340,374,DeriD,Diamond 1,90,60,,42,26
374,summoner-2084890,375,chapaliku,Diamond 1,90,87,,42,27
375,summoner-4115179,376,She said yes,Diamond 1,88,81,,312,307
376,summoner-177587,377,Fallouch,Diamond 1,88,115,,156,140
377,summoner-1397595,378,skarche31,Diamond 1,87,53,,170,75
378,summoner-657505,379,TU JEFA,Diamond 1,87,69,,140,104
379,summoner-36323,380,pokemexta2,Diamond 1,87,53,,75,56
380,summoner-593537,381,Nasus top orfeed,Diamond 1,86,106,,154,137
381,summoner-41511,382,LiiiiT,Diamond 1,85,58,,177,163
382,summoner-217410,383,WhitDude,Diamond 1,85,90,,154,138
383,summoner-920105,384,Softdrink870,Diamond 1,85,85,,138,101
384,summoner-397019,385,lJuanma,Diamond 1,85,110,,129,106
385,summoner-9673380,386,Netzukadas,Diamond 1,85,67,,117,79
386,summoner-908592,387,Menfrox,Diamond 1,85,50,,96,67
387,summoner-28055,388,Redkaz,Diamond 1,84,107,,179,148
388,summoner-622005,389,Miss Pamela Chu,Diamond 1,84,68,,91,76
389,summoner-16132471,390,Almondia,Diamond 1,83,41,,81,39
390,summoner-813006,391,agosaurio,Diamond 1,82,108,,279,259
391,summoner-1540456,392,Feple,Diamond 1,82,70,,211,176
392,summoner-128460,393,Slayer galactico,Diamond 1,82,63,,125,109
393,summoner-138251,394,Quesíto,Diamond 1,82,128,,77,62
394,summoner-1367691,395,CatSempai,Diamond 1,82,38,,48,24
395,summoner-204170,396,Shykop,Diamond 1,82,65,,45,26
396,summoner-1775562,397,White Nightmare,Diamond 1,81,96,,126,106
397,summoner-6060805,398,Dulce Pepinillo,Diamond 1,81,72,,121,90
398,summoner-530613,399,Potluck,Diamond 1,80,82,,66,49
399,summoner-11530278,400,NiñoRata463,Diamond 1,77,73,,165,147
400,summoner-292776,401,No juego lol,Diamond 1,77,54,,126,107
401,summoner-537831,402,N5 Rach,Diamond 1,77,74,,114,97
402,summoner-328354,403,dont noobs,Diamond 1,76,71,,73,60
403,summoner-2853493,404,Salsami,Diamond 1,75,137,,432,429
404,summoner-104671,405,ZelCross,Diamond 1,75,102,,325,306
405,summoner-7647944,406,Feeple,Diamond 1,75,79,,275,212
406,summoner-557073,407,C3 RedMagic,Diamond 1,75,72,,261,226
407,summoner-85590,408,Pikachu gr,Diamond 1,75,79,,248,232
408,summoner-5473863,409,Anderkiller76,Diamond 1,75,95,,222,208
409,summoner-10020131,410,z z,Diamond 1,75,102,,163,132
410,summoner-58615,411,Chomi  µ,Diamond 1,75,87,,153,123
411,summoner-28881,412,Killastorm,Diamond 1,75,67,,151,128
412,summoner-14375080,413,appohC,Diamond 1,75,51,,148,94
413,summoner-3182235,414,SoloAlguien,Diamond 1,75,112,,143,147
414,summoner-16270127,415,TheFakerRD,Diamond 1,75,75,,140,111
415,summoner-6470902,416,Kouke,Diamond 1,75,51,,134,109
416,summoner-109838,417,Terquito,Diamond 1,75,89,,134,108
417,summoner-42513,418,El Paté Centeno,Diamond 1,75,64,,131,97
418,summoner-15180136,419,Fikuwu,Diamond 1,75,72,,131,106
419,summoner-198009,420,T 4 R Z A N,Diamond 1,75,51,,129,96
420,summoner-9632211,421,pentakill1997,Diamond 1,75,69,,128,48
421,summoner-200362,422,Bruse Waynex,Diamond 1,75,47,,127,77
422,summoner-212665,423,Wolf Franky,Diamond 1,75,52,,126,102
423,summoner-1404528,424,CDA Simi,Diamond 1,75,71,,124,95
424,summoner-32016,425,H O R A T I T O,Diamond 1,75,66,,124,107
425,summoner-73125,426,LeftALone,Diamond 1,75,98,,120,89
426,summoner-1033036,427,Ichiik46,Diamond 1,75,58,,111,89
427,summoner-13311629,428,Diginerg,Diamond 1,75,47,,110,75
428,summoner-130561,429,Xilss,Diamond 1,75,92,,109,82
429,summoner-4113436,430,Kc TeamRem,Diamond 1,75,88,,107,81
430,summoner-3680243,431,MichaelXBoyser,Diamond 1,75,56,,106,50
431,summoner-142400,432,Sxecurity,Diamond 1,75,63,,101,81
432,summoner-2033825,433,öttovaG,Diamond 1,75,51,,95,56
433,summoner-58310,434,LennyLeonard,Diamond 1,75,68,,92,61
434,summoner-2622412,435,TwchTV ARRRmando,Diamond 1,75,47,,90,71
435,summoner-1777510,436,KR0 Nian,Diamond 1,75,81,,84,65
436,summoner-180439,437,theppcharlie,Diamond 1,75,78,,84,70
437,summoner-2831773,438,The King McFly,Diamond 1,75,117,,80,58
438,summoner-1315791,439,NeeeerzhuL,Diamond 1,75,59,,78,44
439,summoner-2230732,440,RIP XXXTENTACION,Diamond 1,75,43,,75,32
440,summoner-1620159,441,IcyDrak,Diamond 1,75,41,,72,42
441,summoner-1549064,442,EL CAPO DE LAN,Diamond 1,75,49,,66,49
442,summoner-31930,443,SIushi,Diamond 1,75,54,,55,30
443,summoner-8644313,444,BIackPink,Diamond 1,75,40,,46,13
444,summoner-3104008,445,Deadly Insanity,Diamond 1,74,107,,152,136
445,summoner-6083542,446,Avhernox,Diamond 1,74,58,,93,74
446,summoner-9170369,447,CannabisJah,Diamond 1,73,57,,164,104
447,summoner-1377608,448,Nukter xD 69,Diamond 1,73,87,,156,151
448,summoner-47969,449,Genarox Kid,Diamond 1,73,79,,78,51
449,summoner-550619,450,Zörek,Diamond 1,73,66,,72,53
450,summoner-5002722,451,CaptainElroy,Diamond 1,72,60,,229,182
451,summoner-63556,452,Bolita Erótica,Diamond 1,71,92,,170,155
452,summoner-7301392,453,xEAvi,Diamond 1,71,91,,66,46
453,summoner-427397,454,Zonixer,Diamond 1,71,83,,57,39
454,summoner-670775,455,Shieldworm,Diamond 1,70,112,,269,260
455,summoner-13340794,456,KZ Hyacinth,Diamond 1,70,58,,132,50
456,summoner-391560,457,Mataz,Diamond 1,70,68,,127,114
457,summoner-15070212,458,BirdsInTheTrap,Diamond 1,70,48,,101,43
458,summoner-203336,459,Akjester,Diamond 1,69,83,,117,96
459,summoner-2062267,460,NickArc,Diamond 1,69,124,,114,89
460,summoner-1531657,461,Fallen IV,Diamond 1,68,105,,233,216
461,summoner-3834209,462,Dya,Diamond 1,68,116,,108,80
462,summoner-1523085,463,matadorcirijiyo,Diamond 1,68,102,,91,77
463,summoner-3854339,464,Pokemon Champion,Diamond 1,67,107,,124,83
464,summoner-166210,465,Sycotiz,Diamond 1,67,60,,82,64
465,summoner-464920,466,MLS Alowake,Diamond 1,66,151,,209,193
466,summoner-427873,467,Develion,Diamond 1,66,99,,120,105
467,summoner-415789,468,Not single btw,Diamond 1,66,67,,42,25
468,summoner-1755142,469,King Kittan,Diamond 1,65,82,,252,236
469,summoner-312340,470,FORONDA TU PAPÁ,Diamond 1,65,113,,243,215
470,summoner-284782,471,TrashADCMeta,Diamond 1,65,89,,206,168
471,summoner-71556,472,iHueco,Diamond 1,65,97,,201,180
472,summoner-5890190,473,Hidden Clone,Diamond 1,65,85,,63,46
473,summoner-9710161,474,King of the Lane,Diamond 1,64,64,,196,177
474,summoner-1553487,475,The Crimson Star,Diamond 1,64,94,,138,115
475,summoner-2183324,476,Morty2,Diamond 1,64,61,,115,97
476,summoner-168313,477,Reformed Adc,Diamond 1,62,55,,122,107
477,summoner-281221,478,Guerecaxd,Diamond 1,62,58,,120,104
478,summoner-284287,479,Rangerswer,Diamond 1,62,89,,104,92
479,summoner-7874080,480,Verathrim,Diamond 1,62,101,,95,78
480,summoner-660795,481,Seshúdoishy,Diamond 1,61,122,,237,212
481,summoner-3974507,482,FNX Murdock,Diamond 1,61,90,,216,199
482,summoner-15030694,483,GankedByElChapo,Diamond 1,61,71,,212,169
483,summoner-4118306,484,0XxCarlitosxX0,Diamond 1,61,83,,179,76
484,summoner-181695,485,0utsider,Diamond 1,61,75,,103,81
485,summoner-145911,486,tactics88,Diamond 1,61,48,,57,33
486,summoner-73140,487,asdadasdasda,Diamond 1,61,63,,47,37
487,summoner-545911,488,Psicología,Diamond 1,60,100,,242,225
488,summoner-16390137,489,na secret eboy,Diamond 1,60,85,,228,211
489,summoner-6610179,490,TheFenixx,Diamond 1,60,46,,87,69
490,summoner-12571167,491,NerF reckles,Diamond 1,59,63,,120,105
491,summoner-935464,492,Devours Bread,Diamond 1,59,114,,115,95
492,summoner-137644,493,ENG Riverbear,Diamond 1,58,95,,133,114
493,summoner-2190509,494,Hugrock,Diamond 1,58,85,,109,99
494,summoner-68704,495,HellAngeal,Diamond 1,58,54,,105,84
495,summoner-158371,496,Hienas,Diamond 1,57,130,,345,330
496,summoner-409526,497,ClockworkApricot,Diamond 1,57,88,,324,282
497,summoner-1597161,498,WET Granjero,Diamond 1,57,87,,214,201
498,summoner-26278,499,AxI,Diamond 1,57,70,,187,173
499,summoner-670630,500,Yuuna,Diamond 1,57,62,,113,78
500,summoner-378426,501,Ssahka ll,Diamond 1,56,91,,284,278
501,summoner-811460,502,Raél,Diamond 1,56,111,,135,124
502,summoner-1559417,503,Hserul,Diamond 1,56,69,,99,86
503,summoner-2290591,504,Suck My Lantern,Diamond 1,56,98,,96,62
504,summoner-572077,505,2v diplo dog,Diamond 1,56,77,,85,61
505,summoner-4068954,506,xAEvi,Diamond 1,55,58,,134,68
506,summoner-665310,507,HI IM NIGLET,Diamond 1,55,72,,125,108
507,summoner-157102,508,Jairomedusa,Diamond 1,54,73,,160,144
508,summoner-878013,509,Im xDeathstrokex,Diamond 1,54,117,,134,107
509,summoner-1783769,510,KSV CoreJJ,Diamond 1,54,60,,116,99
510,summoner-133109,511,Justlikethat,Diamond 1,54,67,,105,92
511,summoner-1582421,512,MartinSON,Diamond 1,53,99,,317,304
512,summoner-1537815,513,Paziionate,Diamond 1,53,66,,223,208
513,summoner-2052952,514,Beyond,Diamond 1,53,94,,218,206
514,summoner-49588,515,Issei,Diamond 1,53,80,,200,181
515,summoner-6813892,516,is dat her,Diamond 1,53,37,,40,14
516,summoner-4561887,517,Rapid,Diamond 1,52,76,,173,160
517,summoner-1104107,518,delot,Diamond 1,52,67,,96,89
518,summoner-5272961,519,Holles,Diamond 1,52,79,,57,40
519,summoner-1733010,520,DoMiNiUs500,Diamond 1,51,83,,161,146
520,summoner-111038,521,Lesoinne,Diamond 1,51,70,,153,137
521,summoner-7021902,522,Mogwai,Diamond 1,51,61,,100,72
522,summoner-890345,523,SR    SALVA,Diamond 1,50,147,,416,377
523,summoner-52152,524,TwTv Tisshotzoh,Diamond 1,50,97,,336,313
524,summoner-179912,525,JUANDJ0,Diamond 1,50,110,,308,298
525,summoner-15273073,526,Hroudberht,Diamond 1,50,65,,259,227
526,summoner-190354,527,Synergy,Diamond 1,50,64,,254,226
527,summoner-12040150,528,Amianto,Diamond 1,50,101,,251,248
528,summoner-335564,529,Pudge xd,Diamond 1,50,76,,244,211
529,summoner-203508,530,Zeus sekin,Diamond 1,50,67,,236,215
530,summoner-102547,531,Billyjimi,Diamond 1,50,93,,217,207
531,summoner-270388,532,VizAbuelo,Diamond 1,50,106,,206,188
532,summoner-2222342,533,Márth,Diamond 1,50,73,,184,166
533,summoner-139550,534,Only Cat,Diamond 1,50,79,,177,161
534,summoner-102290,535,Heimy,Diamond 1,50,67,,141,123
535,summoner-144467,536,Chucknight,Diamond 1,50,94,,141,128
536,summoner-5702867,537,Eve Látigo Cepa,Diamond 1,50,74,,131,107
537,summoner-11180231,538,IrresistibIe,Diamond 1,50,65,,130,103
538,summoner-810941,539,vampirin,Diamond 1,50,141,,129,111
539,summoner-2620557,540,Uzzzi,Diamond 1,50,54,,128,123
540,summoner-294748,541,Muzeh,Diamond 1,50,78,,123,112
541,summoner-90648,542,DiosDelCielo,Diamond 1,50,73,,120,110
542,summoner-31652,543,El MotoTaxi,Diamond 1,50,129,,112,93
543,summoner-155909,544,KON EscanØr,Diamond 1,50,65,,110,88
544,summoner-3320859,545,Rírina,Diamond 1,50,190,,101,82
545,summoner-181355,546,Enanoks,Diamond 1,50,85,,94,87
546,summoner-2075465,547,PiniMinero,Diamond 1,50,97,,93,79
547,summoner-12710145,548,Brutak,Diamond 1,50,44,,84,66
548,summoner-426368,549,Black Fist,Diamond 1,50,77,,83,73
549,summoner-1107797,550,Kuchurrumin,Diamond 1,50,56,,73,55
550,summoner-388914,551,Teddyy Kun,Diamond 1,50,109,,64,46
551,summoner-16321895,552,Drasiel,Diamond 1,49,55,,157,116
552,summoner-14739158,553,SKT 1 Fakerr,Diamond 1,49,53,,143,105
553,summoner-427651,554,CG Leid,Diamond 1,49,77,,139,86
554,summoner-13150129,555,Scorpio X,Diamond 1,49,44,,87,41
555,summoner-3734374,556,Féng,Diamond 1,49,45,,56,25
556,summoner-2061006,557,l tsubaki l,Diamond 1,48,47,,112,96
557,summoner-8024235,558,Blasnais,Diamond 1,47,91,,86,67
558,summoner-620623,559,Gabi,Diamond 1,46,78,,132,117
559,summoner-4536116,560,demolder4510,Diamond 1,46,109,,93,65
560,summoner-615010,561,Top sin TP,Diamond 1,46,95,,90,70
561,summoner-6650972,562,Soraley,Diamond 1,46,41,,45,22
562,summoner-288785,563,Ásura,Diamond 1,45,114,,260,251
563,summoner-57319,564,Usell,Diamond 1,45,71,,90,68
564,summoner-40541,565,NeiI,Diamond 1,43,157,,285,267
565,summoner-6150207,566,Omega,Diamond 1,43,92,,142,129
566,summoner-400742,567,Pacha De Cacique,Diamond 1,43,82,,126,125
567,summoner-30776,568,Romeroski,Diamond 1,42,159,,527,516
568,summoner-49094,569,Aione,Diamond 1,42,127,,440,434
569,summoner-436358,570,À N U N N A K I,Diamond 1,42,92,,91,68
570,summoner-284096,571,ADC 2K17,Diamond 1,42,69,,65,59
571,summoner-2023328,572,Mid ABUSER,Diamond 1,41,115,,245,223
572,summoner-1802879,573,legendario2,Diamond 1,41,74,,141,130
573,summoner-139973,574,Blanc Chains,Diamond 1,41,188,,127,109
574,summoner-1165031,575,l   Revólver  l,Diamond 1,41,73,,106,94
575,summoner-3445115,576,Ariana,Diamond 1,41,55,,76,30
576,summoner-10283850,577,holaquehacelol 2,Diamond 1,40,94,,153,111
577,summoner-9841766,578,YugiLAN,Diamond 1,40,65,,152,126
578,summoner-60242,579,NightRD Chelsea,Diamond 1,39,92,,80,54
579,summoner-5991957,580,l MikyWoodz l,Diamond 1,38,105,,219,180
580,summoner-527005,581,Purrfect Katido,Diamond 1,38,59,,178,152
581,summoner-552760,582,KC MidSlayer,Diamond 1,37,93,,160,137
582,summoner-895621,583,blakyu,Diamond 1,37,86,,135,124
583,summoner-5850853,584,Mø Nôctürnê Nø,Diamond 1,37,104,,104,86
584,summoner-148297,585,20141231,Diamond 1,36,160,,406,398
585,summoner-95053,586,Im Josho,Diamond 1,36,73,,155,129
586,summoner-8161206,587,Qwertyuiop1615,Diamond 1,36,108,,139,115
587,summoner-383095,588,Simon Wrynn,Diamond 1,36,112,,73,51
588,summoner-1240313,589,Böb Toronja,Diamond 1,35,112,,355,342
589,summoner-15960146,590,Angelus,Diamond 1,35,62,,219,185
590,summoner-2381658,591,Sad Bünny,Diamond 1,35,144,,195,185
591,summoner-89554,592,Levis,Diamond 1,35,75,,108,102
592,summoner-407192,593,Saiito,Diamond 1,35,109,,96,76
593,summoner-6233600,594,Fearuz,Diamond 1,35,47,,81,58
594,summoner-2812518,595,Betty n Jughead,Diamond 1,34,113,,386,361
595,summoner-4524374,596,GO Chorla,Diamond 1,34,109,,281,254
596,summoner-945098,597,xShinra,Diamond 1,34,108,,240,221
597,summoner-89215,598,Chemamey Annie,Diamond 1,34,100,,173,154
598,summoner-16280146,599,Strong Armed Jax,Diamond 1,34,48,,168,123
599,summoner-3972181,600,JorgeFalcon,Diamond 1,34,123,,75,59
600,summoner-3353886,601,IN2U,Diamond 1,34,79,,53,24
601,summoner-585104,602,Xory,Diamond 1,33,105,,182,168
602,summoner-1118350,603,rey naturaleza,Diamond 1,33,99,,173,159
603,summoner-2460760,604,Cardi Hellshok B,Diamond 1,33,97,,144,134
604,summoner-4180164,605,IIWolfII,Diamond 1,33,118,,98,82
605,summoner-205568,606,fat,Diamond 1,33,49,,98,81
606,summoner-939403,607,Raisuke,Diamond 1,33,98,,89,85
607,summoner-75351,608,Jalou,Diamond 1,32,63,,126,115
608,summoner-2833877,609,Wåndering,Diamond 1,31,112,,292,274
609,summoner-1608913,610,BaconEater,Diamond 1,31,80,,161,157
610,summoner-559229,611,EdBars,Diamond 1,31,73,,123,109
611,summoner-6213262,612,Líkkrit,Diamond 1,30,47,,85,70
612,summoner-66356,613,Valente,Diamond 1,30,91,,49,26
613,summoner-12410942,614,øAzin,Diamond 1,29,90,,328,283
614,summoner-1166799,615,HítmonLee,Diamond 1,28,133,,450,452
615,summoner-126471,616,Darkrastar,Diamond 1,27,95,,245,212
616,summoner-173842,617,Drestik,Diamond 1,27,83,,199,197
617,summoner-4610480,618,Yung Perez,Diamond 1,27,53,,135,109
618,summoner-1114939,619,Enchanting Fox,Diamond 1,27,143,,95,82
619,summoner-129455,620,Zutter,Diamond 1,27,121,,69,46
620,summoner-400575,621,IguanaEmbarazada,Diamond 1,27,99,,65,53
621,summoner-5463135,622,Arepin,Diamond 1,26,103,,304,296
622,summoner-7590935,623,El Lobo,Diamond 1,26,144,,161,138
623,summoner-1383832,624,Fernandoxx98,Diamond 1,26,99,,130,108
624,summoner-327704,625,Dr Mister Señor,Diamond 1,26,49,,107,85
625,summoner-4900157,626,Stiyl Izayoi,Diamond 1,25,84,,338,318
626,summoner-5473629,627,Koko Hekmatier,Diamond 1,25,77,,210,186
627,summoner-22108,628,Mr Clean,Diamond 1,25,83,,197,177
628,summoner-388374,629,GodSebas,Diamond 1,25,94,,153,126
629,summoner-15221435,630,keurig cup,Diamond 1,25,50,,152,98
630,summoner-205974,631,Wolf Karsa,Diamond 1,25,71,,144,128
631,summoner-2114861,632,abcquiumein,Diamond 1,25,98,,103,64
632,summoner-86685,633,D9 Zeypher,Diamond 1,25,51,,101,53
633,summoner-168175,634,Ruma 01,Diamond 1,25,50,,72,44
634,summoner-13764499,635,Anlvia Guy,Diamond 1,25,41,,57,29
635,summoner-6663290,636,Anbμ,Diamond 1,24,75,,237,191
636,summoner-2075139,637,Fąng,Diamond 1,24,85,,227,219
637,summoner-89757,638,Nosco,Diamond 1,23,71,,219,202
638,summoner-325957,639,RèiN,Diamond 1,23,70,,99,78
639,summoner-75143,640,Frankyyy,Diamond 1,23,88,,93,75
640,summoner-142533,641,Ren ˇuˇ,Diamond 1,23,74,,54,46
641,summoner-1286229,642,madbrizk,Diamond 1,22,103,,307,292
642,summoner-853257,643,Luhe,Diamond 1,22,61,,165,124
643,summoner-70963,644,MW Tai,Diamond 1,21,89,,131,90
644,summoner-3421358,645,Wazabie,Diamond 1,21,69,,128,71
645,summoner-80398,646,Vipér,Diamond 1,21,80,,109,98
646,summoner-2162915,647,AsprosDeGéminis,Diamond 1,21,48,,102,78
647,summoner-91485,648,Ësperanza,Diamond 1,21,70,,55,36
648,summoner-178768,649,Johan1g,Diamond 1,20,113,,575,535
649,summoner-29426,650,FnR Zefdi,Diamond 1,20,112,,194,173
650,summoner-585102,651,OliviaNyan,Diamond 1,20,59,,120,89
651,summoner-2301170,652,afreeca,Diamond 1,20,119,,112,105
652,summoner-21314,653,JeiiZe,Diamond 1,20,57,,90,83
653,summoner-11081519,654,Metal Upa,Diamond 1,20,98,,85,62
654,summoner-4211874,655,Cefiro,Diamond 1,20,75,,45,26
655,summoner-831531,656,iG Showtek,Diamond 1,19,119,,456,449
656,summoner-4773531,657,miiller,Diamond 1,19,124,,389,379
657,summoner-3894169,658,Fotógrafo de XV,Diamond 1,19,118,,214,172
658,summoner-164716,659,Oblïvïon,Diamond 1,19,92,,187,180
659,summoner-610872,660,Kinnes,Diamond 1,19,90,,93,66
660,summoner-1523251,661,Aracnidoso,Diamond 1,18,60,,185,143
661,summoner-36118,662,eldonas,Diamond 1,18,65,,165,154
662,summoner-1524175,663,Vectro Wayne,Diamond 1,18,88,,159,150
663,summoner-137036,664,Nagûra,Diamond 1,18,69,,140,126
664,summoner-2912867,665,YuphetS,Diamond 1,18,104,,97,73
665,summoner-661943,666,Raf4s06,Diamond 1,18,75,,88,77
666,summoner-126279,667,iPocho,Diamond 1,18,69,,61,48
667,summoner-2282018,668,FelipeL,Diamond 1,18,59,,55,22
668,summoner-3551662,669,Condon,Diamond 1,17,81,,180,163
669,summoner-8031494,670,Ráider,Diamond 1,17,106,,133,126
670,summoner-6521234,671,God of Talon,Diamond 1,17,64,,120,88
671,summoner-321958,672,Míkoto,Diamond 1,17,61,,107,84
672,summoner-3464376,673,RV ExiliumSword,Diamond 1,17,57,,97,80
673,summoner-125839,674,Cm TzunK,Diamond 1,17,60,,92,73
674,summoner-207719,675,Wolf Harahel,Diamond 1,17,56,,40,28
675,summoner-2231373,676,DoomwaR,Diamond 1,16,100,,346,334
676,summoner-77266,677,LaslwS,Diamond 1,16,97,,332,329
677,summoner-617233,678,Minecraft,Diamond 1,16,58,,71,58
678,summoner-853456,679,92 Explorer,Diamond 1,15,71,,263,244
679,summoner-72516,680,MedusaDeMar,Diamond 1,15,76,,251,245
680,summoner-7412387,681,Nymphia,Diamond 1,15,40,,57,29
681,summoner-440660,682,Ninjor,Diamond 1,14,93,,366,361
682,summoner-529633,683,FLA YIYA,Diamond 1,14,100,,202,194
683,summoner-2683559,684,Rodrigo Ces,Diamond 1,14,75,,112,89
684,summoner-55801,685,Fufu v2,Diamond 1,13,99,,352,318
685,summoner-192614,686,Nelsohn,Diamond 1,13,92,,172,163
686,summoner-3760707,687,Coca de 600ml,Diamond 1,12,99,,230,219
687,summoner-3652306,688,Rkman,Diamond 1,12,87,,130,108
688,summoner-1213846,689,Tefi Baka,Diamond 1,12,97,,97,96
689,summoner-7583100,690,Sigil of Balance,Diamond 1,12,44,,87,56
690,summoner-16070139,691,Pyrople,Diamond 1,12,39,,74,37
691,summoner-822693,692,Fk This Game,Diamond 1,11,118,,251,225
692,summoner-152094,693,Hiko Lako,Diamond 1,11,77,,182,160
693,summoner-1527045,694,Fupa Milkbone,Diamond 1,10,44,,86,45
694,summoner-7230132,695,lBUBUl,Diamond 1,9,98,,205,196
695,summoner-1620236,696,Gravy Milkshake,Diamond 1,9,44,,98,43
696,summoner-6292617,697,Tom Lücitor,Diamond 1,9,89,,92,85
697,summoner-10404302,698,Atomz999,Diamond 1,8,61,,184,115
698,summoner-2074323,699,Lupo Bianco,Diamond 1,7,119,,360,349
699,summoner-241604,700,Y Bestia,Diamond 1,7,108,,149,139
700,summoner-841897,701,Gomez,Diamond 1,7,82,,102,84
701,summoner-2132823,702,CG Dreams,Diamond 1,6,116,,226,214
702,summoner-8003974,703,128 BPM,Diamond 1,6,60,,136,123
703,summoner-10935968,704,R7 PapiSosa,Diamond 1,6,56,,111,90
704,summoner-3822031,705,Savage Drahga,Diamond 1,5,67,,73,69
705,summoner-2932738,706,Lord Shura,Diamond 1,4,92,,224,214
706,summoner-35658,707,Tomoya san,Diamond 1,4,60,,95,76
707,summoner-378449,708,Khey,Diamond 1,3,96,,278,265
708,summoner-15433376,709,Draknion,Diamond 1,3,64,,166,125
709,summoner-531600,710,Cindy,Diamond 1,3,108,,64,47
710,summoner-14501267,711,D5 HardStuck lul,Diamond 1,2,118,,213,199
711,summoner-6333065,712,EsojLeugim,Diamond 1,2,63,,196,136
712,summoner-522106,713,The Dirty Man,Diamond 1,2,46,,92,80
713,summoner-1090486,714,Boloman,Diamond 1,1,78,,99,89
714,summoner-103181,715,Edgar,Diamond 1,1,82,,89,80
715,summoner-8341082,716,Master Shifu,Diamond 1,0,126,,371,362
716,summoner-1801041,717,PDS Notorious,Diamond 1,0,110,,369,354
717,summoner-157951,718,Tav,Diamond 1,0,137,,360,346
718,summoner-3651645,719,No soy Nishkyu,Diamond 1,0,124,,338,327
719,summoner-44735,720,Murmullo,Diamond 1,0,116,,304,282
720,summoner-521003,721,Two Guns,Diamond 1,0,105,,298,272
721,summoner-201602,722,EternityBeast,Diamond 1,0,87,,293,283
722,summoner-85582,723,ZamirZenNt,Diamond 1,0,99,,284,242
723,summoner-4760941,724,Beibi Rekkles,Diamond 1,0,118,,273,256
724,summoner-1111549,725,Mexican G0D,Diamond 1,0,81,,264,239
725,summoner-156822,726,Rafaelito15,Diamond 1,0,101,,254,243
726,summoner-297928,727,XoniCC,Diamond 1,0,92,,246,229
727,summoner-2603639,728,Fractures,Diamond 1,0,122,,228,230
728,summoner-2120351,729,Benns,Diamond 1,0,130,,222,205
729,summoner-203629,730,Lobo Gélido,Diamond 1,0,91,,222,210
730,summoner-74438,731,Purry,Diamond 1,0,95,,220,234
731,summoner-1061148,732,TwTv elbananolol,Diamond 1,0,91,,218,224
732,summoner-615288,733,STL Eifront,Diamond 1,0,91,,216,205
733,summoner-14422529,734,Sensei Totyx,Diamond 1,0,143,,214,201
734,summoner-9991796,735,Esaeon,Diamond 1,0,70,,214,218
735,summoner-45479,736,Agape,Diamond 1,0,91,,203,193
736,summoner-95768,737,King of Memes,Diamond 1,0,88,,196,181
737,summoner-4621038,738,iSeltzer,Diamond 1,0,74,,194,150
738,summoner-667937,739,Mr Cymbal Monkey,Diamond 1,0,85,,190,187
739,summoner-202912,740,KiluaHaruno,Diamond 1,0,111,,177,183
740,summoner-1034041,741,MVP Poni,Diamond 1,0,87,,175,165
741,summoner-4054538,742,Basura low elo,Diamond 1,0,69,,173,159
742,summoner-616451,743,lHayl,Diamond 1,0,67,,164,105
743,summoner-5000438,744,Aterus Loitrewyn,Diamond 1,0,60,,163,140
744,summoner-2124370,745,Shirõ,Diamond 1,0,121,,161,152
745,summoner-465010,746,Minatozaki Sana,Diamond 1,0,99,,157,141
746,summoner-3652637,747,iBrownie,Diamond 1,0,139,,157,123
747,summoner-15060180,748,SSW Pain,Diamond 1,0,120,,157,119
748,summoner-156989,749,Säck,Diamond 1,0,80,,155,144
749,summoner-326441,750,Krix,Diamond 1,0,129,,155,120
750,summoner-4211612,751,TheQueen Is Back,Diamond 1,0,56,,153,131
751,summoner-53237,752,Barbacoa Salvaje,Diamond 1,0,62,,152,140
752,summoner-536362,753,MTH Zombix,Diamond 1,0,113,,151,142
753,summoner-181748,754,BunnBunnn,Diamond 1,0,91,,150,136
754,summoner-1321419,755,Yüge,Diamond 1,0,119,,149,132
755,summoner-181649,756,Amonith,Diamond 1,0,70,,148,139
756,summoner-40689,757,Żeta11,Diamond 1,0,91,,147,141
757,summoner-200455,758,TMXChanGo,Diamond 1,0,51,,147,87
758,summoner-620622,759,Wolf Sáber,Diamond 1,0,67,,140,131
759,summoner-1010698,760,DTD HellBlaxer,Diamond 1,0,95,,135,123
760,summoner-7031100,761,KT GorillA,Diamond 1,0,60,,132,122
761,summoner-3971911,762,Damn Gøre,Diamond 1,0,121,,131,113
762,summoner-1081104,763,TheLapiz,Diamond 1,0,74,,128,119
763,summoner-324547,764,Opponent,Diamond 1,0,78,,125,105
764,summoner-120180,765,Sr Caca,Diamond 1,0,68,,124,108
765,summoner-1326698,766,zerkerfkin1,Diamond 1,0,99,,120,100
766,summoner-1210331,767,BurningShärk,Diamond 1,0,75,,116,106
767,summoner-1761953,768,ßastet,Diamond 1,0,69,,114,108
768,summoner-131151,769,ZoulFox,Diamond 1,0,111,,108,89
769,summoner-2282751,770,Leé sin,Diamond 1,0,87,,108,98
770,summoner-382713,771,Sir Legend,Diamond 1,0,53,,106,59
771,summoner-1540530,772,Buscando a Nami,Diamond 1,0,58,,100,74
772,summoner-31964,773,Merrowgeist,Diamond 1,0,59,,100,90
773,summoner-16830174,774,HambertHM,Diamond 1,0,53,,98,68
774,summoner-10100134,775,hi am lance,Diamond 1,0,111,,97,78
775,summoner-2502529,776,cherud,Diamond 1,0,74,,95,79
776,summoner-168968,777,μFrank,Diamond 1,0,82,,85,55
777,summoner-1051669,778,Sinyi,Diamond 1,0,75,,84,71
778,summoner-3373774,779,VEGÉTA,Diamond 1,0,165,,84,55
779,summoner-105505,780,Verathrím,Diamond 1,0,70,,81,45
780,summoner-2620981,781,ONllCHAN,Diamond 1,0,54,,75,55
781,summoner-37177,782,WILL SMITE xD,Diamond 1,0,42,,75,65
782,summoner-79085,783,Dango Daikazoku,Diamond 1,0,87,,74,62
783,summoner-5732873,784,Tigz,Diamond 1,0,45,,72,64
784,summoner-3353824,785,Feliipe99,Diamond 1,0,51,,59,34
785,summoner-3190222,786,rub,Diamond 1,0,70,,52,28
786,summoner-96031,787,thepoisonlol,Diamond 1,0,37,,50,28
787,summoner-14592566,788,qQ tT,Diamond 1,0,45,,47,24
788,summoner-2104807,789,z100DeCilantro,Diamond 1,0,34,,46,8
789,summoner-51178,790,StraiderV2,Diamond 2,100,121,,240,228
790,summoner-5320190,791,GT Ofwar,Diamond 2,100,112,,232,212
791,summoner-27961,792,AlexZetroc,Diamond 2,100,70,,226,207
792,summoner-170113,793,MTT Young Savage,Diamond 2,100,126,,224,208
793,summoner-10203062,794,el srVładimir,Diamond 2,100,151,,178,136
794,summoner-130197,795,Doc Efesoo McFly,Diamond 2,100,72,,150,130
795,summoner-5530185,796,PG White Howl,Diamond 2,100,82,,147,125
796,summoner-1398245,797,Levidant Joestar,Diamond 2,100,105,,144,120
797,summoner-141948,798,3124560,Diamond 2,100,71,,141,122
798,summoner-79214,799,Lp3 Fieram,Diamond 2,100,108,,136,122
799,summoner-438655,800,Don iama,Diamond 2,100,66,,129,119
800,summoner-69881,801,Nickleaf,Diamond 2,100,68,,127,105
801,summoner-4152826,802,Témpest,Diamond 2,100,115,,124,114
802,summoner-1586060,803,DAVIIXZ,Diamond 2,100,47,,113,70
803,summoner-281655,804,Thalna,Diamond 2,100,133,,95,83
804,summoner-284685,805,TheDrestik,Diamond 2,100,43,,90,62
805,summoner-3942356,806,TSP Sn1p3rr,Diamond 2,100,69,,87,70
806,summoner-136704,807,Wånheda,Diamond 2,100,51,,64,42
807,summoner-49539,808,Jelex,Diamond 2,100,62,,38,19
808,summoner-6140183,809,Shauna Shade,Diamond 2,95,42,,50,32
809,summoner-270864,810,devztocker,Diamond 2,94,81,,160,147
810,summoner-13222726,811,Vladímirovich,Diamond 2,94,204,,125,96
811,summoner-5455176,812,Bayonetta ll,Diamond 2,94,89,,78,79
812,summoner-1393157,813,caKestyle,Diamond 2,92,50,,146,105
813,summoner-11362100,814,Bronze Five Elo,Diamond 2,92,47,,95,73
814,summoner-1162922,815,Ascéndant,Diamond 2,91,102,,168,151
815,summoner-6312806,816,willyrets,Diamond 2,90,51,,72,48
816,summoner-4670397,817,lxNeteroxl,Diamond 2,90,63,,59,41
817,summoner-1232589,818,RIP Yasuo,Diamond 2,89,60,,103,81
818,summoner-939450,819,Hayashi Yuki,Diamond 2,88,79,,199,198
819,summoner-3993525,820,Chivo Please,Diamond 2,88,63,,61,29
820,summoner-536641,821,NxL Tyròn,Diamond 2,87,74,,139,123
821,summoner-1270181,822,Ryogah,Diamond 2,86,86,,122,79
822,summoner-3340628,823,El Pister,Diamond 2,85,68,,156,138
823,summoner-3865079,824,DleGo,Diamond 2,85,84,,116,103
824,summoner-84096,825,Buckpeck,Diamond 2,84,92,,327,315
825,summoner-4460274,826,Jeziah,Diamond 2,84,74,,213,194
826,summoner-426567,827,Danyyy,Diamond 2,84,55,,101,92
827,summoner-72987,828,xxkatmaster17xx,Diamond 2,83,104,,127,117
828,summoner-649440,829,xxxKALINDORxxx,Diamond 2,83,46,,96,63
829,summoner-137626,830,Waverly Place,Diamond 2,83,76,,80,66
830,summoner-4940271,831,Lapara23,Diamond 2,83,56,,77,59
831,summoner-137596,832,Héroe Heroína,Diamond 2,82,126,,356,343
832,summoner-212126,833,Neal Caffrey,Diamond 2,82,48,,89,66
833,summoner-15130529,834,EL WAPO 2,Diamond 2,81,45,,77,33
834,summoner-5514232,835,RusherZombies,Diamond 2,80,85,,103,93
835,summoner-15300179,836,ØE InKos,Diamond 2,80,41,,70,48
836,summoner-1151107,837,Edgar Gv,Diamond 2,79,112,,301,278
837,summoner-2303396,838,Aegís,Diamond 2,79,97,,150,131
838,summoner-8320920,839,Lapierre,Diamond 2,79,80,,122,109
839,summoner-2504008,840,Àkali,Diamond 2,77,49,,65,55
840,summoner-40012,841,Lloyd12,Diamond 2,76,67,,45,22
841,summoner-92599,842,BréaK,Diamond 2,75,170,,406,383
842,summoner-1742223,843,Le meilleur,Diamond 2,75,103,,399,369
843,summoner-9762158,844,lPancito Asesino,Diamond 2,75,134,,348,335
844,summoner-30855,845,Mechs,Diamond 2,75,126,,311,310
845,summoner-216496,846,Scratchek,Diamond 2,75,109,,304,281
846,summoner-74366,847,1Cannon,Diamond 2,75,98,,264,259
847,summoner-153143,848,Jhiinso,Diamond 2,75,117,,255,234
848,summoner-523577,849,frusciante john,Diamond 2,75,65,,204,179
849,summoner-202746,850,Desperadoo,Diamond 2,75,72,,203,205
850,summoner-15510127,851,Battlecat lllaoi,Diamond 2,75,134,,199,185
851,summoner-150207,852,DvD Pan Blandito,Diamond 2,75,74,,196,183
852,summoner-323469,853,DARKDUGLAS,Diamond 2,75,91,,168,131
853,summoner-12472445,854,Davô,Diamond 2,75,70,,162,155
854,summoner-13860599,855,NLX Alovs,Diamond 2,75,81,,152,115
855,summoner-23658,856,Yakuza AmmoStout,Diamond 2,75,99,,146,136
856,summoner-4691320,857,7RS Zaot,Diamond 2,75,109,,131,128
857,summoner-2073319,858,Áizen,Diamond 2,75,55,,123,90
858,summoner-2491587,859,Deadly30,Diamond 2,75,59,,121,84
859,summoner-564476,860,Cuborek,Diamond 2,75,69,,99,87
860,summoner-33010,861,TheNarosOne,Diamond 2,75,94,,98,95
861,summoner-124352,862,Toxic Lance,Diamond 2,75,64,,95,65
862,summoner-13892126,863,márquez vladimir,Diamond 2,75,58,,73,58
863,summoner-14521754,864,His Stan,Diamond 2,75,51,,62,48
864,summoner-13825367,865,TranquisYoCarreo,Diamond 2,75,40,,58,22
865,summoner-561407,866,Edapp,Diamond 2,75,48,,55,41
866,summoner-792069,867,Feno,Diamond 2,75,42,,49,33
867,summoner-14520424,868,CaritaT Psosa,Diamond 2,75,39,,40,24
868,summoner-8540147,869,HandGün,Diamond 2,74,87,,237,234
869,summoner-7670266,870,Electric Sunrise,Diamond 2,72,57,,144,98
870,summoner-435135,871,Sanae,Diamond 2,72,124,,116,94
871,summoner-7163996,872,Capchii,Diamond 2,72,80,,58,43
872,summoner-57100,873,Wander Senpai,Diamond 2,71,71,,157,144
873,summoner-373682,874,Snurbox,Diamond 2,71,64,,145,134
874,summoner-6601064,875,elhater,Diamond 2,70,103,,225,208
875,summoner-683204,876,BlackEngel24,Diamond 2,69,156,,596,613
876,summoner-7570803,877,NanoSauriu,Diamond 2,69,142,,217,209
877,summoner-510492,878,Valkiriq,Diamond 2,69,85,,102,79
878,summoner-349707,879,Ferruccio,Diamond 2,69,65,,46,36
879,summoner-2440596,880,Tenki,Diamond 2,68,83,,297,257
880,summoner-1114480,881,KappaOhm,Diamond 2,68,89,,131,120
881,summoner-3680381,882,Lavenza,Diamond 2,68,65,,62,50
882,summoner-294667,883,jinxý,Diamond 2,68,46,,48,33
883,summoner-79800,884,Dr Cero MD,Diamond 2,68,36,,42,26
884,summoner-177321,885,KCG Arsa 1,Diamond 2,68,69,,39,17
885,summoner-280715,886,The Blind King,Diamond 2,67,94,,235,228
886,summoner-29658,887,Icarhoos,Diamond 2,67,76,,80,63
887,summoner-87773,888,Garbage Riven,Diamond 2,67,87,,47,33
888,summoner-3113788,889,Hype Meteoro,Diamond 2,67,44,,44,37
889,summoner-13910607,890,Razzle Dazzle,Diamond 2,66,84,,216,204
890,summoner-192497,891,Josiah,Diamond 2,66,121,,212,171
891,summoner-10460164,892,MVP Manny,Diamond 2,66,87,,203,172
892,summoner-282266,893,Raaay,Diamond 2,66,49,,76,68
893,summoner-625136,894,PolaridadB,Diamond 2,65,124,,328,312
894,summoner-143341,895,Mr HotCake,Diamond 2,65,138,,118,112
895,summoner-125382,896,Arhysha,Diamond 2,65,69,,105,105
896,summoner-304000,897,Ladyhawke,Diamond 2,65,110,,105,94
897,summoner-1286628,898,ExtremeJorraf,Diamond 2,65,43,,94,44
898,summoner-5041563,899,DukiT,Diamond 2,65,84,,94,70
899,summoner-872837,900,Gank yuuta,Diamond 2,64,137,,428,369
900,summoner-362379,901,Tawwuh,Diamond 2,64,113,,362,341
901,summoner-6001640,902,xXvastagoXx,Diamond 2,64,46,,137,98
902,summoner-627606,903,Siegman xd,Diamond 2,64,67,,89,88
903,summoner-14471755,904,Hisie,Diamond 2,64,67,,72,71
904,summoner-15880480,905,TRUMPS WALLS,Diamond 2,63,38,,58,24
905,summoner-168620,906,Pingwii,Diamond 2,62,122,,316,305
906,summoner-4003201,907,ADC SLAYER KR,Diamond 2,62,89,,251,248
907,summoner-1374477,908,Ultimate Hunter,Diamond 2,62,115,,219,211
908,summoner-16132923,909,llIlllllllllIll,Diamond 2,62,43,,107,75
909,summoner-532418,910,DOKKAEBI,Diamond 2,62,50,,50,23
910,summoner-1296476,911,CB Jetfree,Diamond 2,61,93,,122,94
911,summoner-1534748,912,Mish,Diamond 2,61,95,,95,87
912,summoner-4631106,913,Carita,Diamond 2,60,122,,183,178
913,summoner-1153925,914,Seis Colores,Diamond 2,59,112,,224,208
914,summoner-4614723,915,iPlay Top Lane x,Diamond 2,59,49,,151,78
915,summoner-92344,916,REKKLES FAN No 1,Diamond 2,59,65,,140,124
916,summoner-24111,917,jorgepereda,Diamond 2,59,70,,138,91
917,summoner-3110343,918,Hikari Spirit,Diamond 2,59,106,,136,127
918,summoner-624349,919,WDs Happy,Diamond 2,59,67,,134,132
919,summoner-11310674,920,Useless Kogmaw,Diamond 2,59,48,,105,66
920,summoner-1053538,921,Naysek,Diamond 2,58,83,,224,177
921,summoner-1000537,922,lMaluma,Diamond 2,58,127,,185,174
922,summoner-2203473,923,peromacho,Diamond 2,58,67,,152,121
923,summoner-103138,924,Niquel Cobalto,Diamond 2,58,82,,112,103
924,summoner-212515,925,Sleepwire,Diamond 2,58,57,,107,65
925,summoner-1528529,926,hotsonabader,Diamond 2,58,75,,97,89
926,summoner-1153917,927,Enrico Pucci,Diamond 2,58,61,,92,79
927,summoner-680674,928,Illllllll,Diamond 2,57,103,,245,240
928,summoner-530824,929,Azure Rathalos,Diamond 2,57,64,,216,176
929,summoner-9150152,930,Justin LFT,Diamond 2,57,86,,213,199
930,summoner-4573722,931,Hielø,Diamond 2,57,114,,123,114
931,summoner-12924336,932,Panqué,Diamond 2,57,73,,96,70
932,summoner-1395671,933,skillmouze,Diamond 2,56,132,,168,167
933,summoner-10401386,934,Jihyö,Diamond 2,56,60,,146,110
934,summoner-8150289,935,Satsuki Yone,Diamond 2,55,132,,502,494
935,summoner-3554258,936,Nina Tucker,Diamond 2,55,78,,228,213
936,summoner-211084,937,Ðánte,Diamond 2,55,65,,194,149
937,summoner-34125,938,ChrisFx,Diamond 2,55,77,,185,189
938,summoner-51541,939,99pl,Diamond 2,55,69,,185,181
939,summoner-94458,940,Nevohteeb,Diamond 2,55,114,,158,137
940,summoner-529543,941,La La Lanthys,Diamond 2,55,79,,152,143
941,summoner-21126,942,punketo,Diamond 2,55,66,,101,93
942,summoner-16521947,943,Jungle Pressure,Diamond 2,55,41,,84,51
943,summoner-5910220,944,Pr0mesasKeep,Diamond 2,55,105,,74,62
944,summoner-335491,945,oPonch,Diamond 2,54,104,,342,330
945,summoner-487004,946,BOOST 4 NUDES,Diamond 2,54,102,,199,192
946,summoner-524800,947,Mewby,Diamond 2,54,88,,191,174
947,summoner-1313311,948,SnowBoyz,Diamond 2,54,137,,170,160
948,summoner-423722,949,Luiixs,Diamond 2,54,57,,96,79
949,summoner-74991,950,CaMo,Diamond 2,54,60,,65,48
950,summoner-14682404,951,Megamån,Diamond 2,53,86,,215,196
951,summoner-173564,952,Rylin,Diamond 2,53,89,,150,105
952,summoner-14644121,953,Mäddox,Diamond 2,53,65,,96,79
953,summoner-949823,954,Sutad,Diamond 2,53,111,,84,61
954,summoner-1041975,955,Murillo Sama,Diamond 2,53,49,,79,76
955,summoner-114171,956,Lewd Nozomoo,Diamond 2,53,65,,43,29
956,summoner-184233,957,D a r k d e k a,Diamond 2,52,98,,207,202
957,summoner-424234,958,iCandy,Diamond 2,52,60,,162,149
958,summoner-25191,959,Dez x,Diamond 2,52,78,,130,117
959,summoner-5465347,960,FNX Sáns,Diamond 2,51,159,,541,520
960,summoner-2130864,961,ArchDrone,Diamond 2,51,105,,275,282
961,summoner-32327,962,Q flojera,Diamond 2,51,67,,161,136
962,summoner-153936,963,Shadö desu,Diamond 2,51,105,,124,107
963,summoner-293748,964,Lemo Senpai,Diamond 2,51,117,,121,119
964,summoner-2083705,965,Âriël,Diamond 2,51,105,,107,95
965,summoner-4082449,966,Ðead Høpe,Diamond 2,51,83,,75,54
966,summoner-291241,967,KanskaR,Diamond 2,51,38,,67,34
967,summoner-12342465,968,mastercreative,Diamond 2,50,115,,345,323
968,summoner-3811119,969,Shelldon,Diamond 2,50,73,,125,105
969,summoner-1083624,970,Piano,Diamond 2,50,72,,72,51
970,summoner-190303,971,Shadow Flying,Diamond 2,49,94,,222,216
971,summoner-2135855,972,Dopa Baby,Diamond 2,49,97,,199,175
972,summoner-84791,973,DragonRedBlood,Diamond 2,49,37,,67,26
973,summoner-81346,974,BitterBloom,Diamond 2,49,63,,61,47
974,summoner-1543874,975,Diriak,Diamond 2,48,135,,177,160
975,summoner-62293,976,JeanSuppy,Diamond 2,47,73,,148,144
976,summoner-2293123,977,FnR Striked,Diamond 2,47,122,,130,116
977,summoner-946863,978,ªTheEvolutionª,Diamond 2,47,100,,101,91
978,summoner-310553,979,Atreyu Blacksoul,Diamond 2,46,65,,197,175
979,summoner-383752,980,SW Lushen,Diamond 2,46,71,,134,107
980,summoner-165556,981,Kíllua,Diamond 2,46,72,,92,79
981,summoner-455859,982,Pìka,Diamond 2,46,79,,87,83
982,summoner-54303,983,Inquisidor Azura,Diamond 2,45,120,,346,338
983,summoner-467037,984,TDM Kauffmann,Diamond 2,45,136,,281,277
984,summoner-1376379,985,Dðminic,Diamond 2,45,76,,196,174
985,summoner-4850748,986,Dovah King,Diamond 2,45,126,,102,88
986,summoner-1371071,987,Prøphet,Diamond 2,44,136,,261,247
987,summoner-4626960,988,Gaesaekki,Diamond 2,43,96,,197,188
988,summoner-2083822,989,THE HOPE,Diamond 2,43,59,,104,91
989,summoner-299669,990,AnT Shield,Diamond 2,43,89,,89,78
990,summoner-4100772,991,Midoriyaa,Diamond 2,43,82,,88,75
991,summoner-400173,992,NutCoco,Diamond 2,43,57,,82,73
992,summoner-7561560,993,Diana Cavendîsh,Diamond 2,43,81,,78,52
993,summoner-69999,994,Podz,Diamond 2,43,84,,76,61
994,summoner-426497,995,Baby Sonic,Diamond 2,43,46,,62,58
995,summoner-11971334,996,Venen1nMAKIO,Diamond 2,43,51,,57,24
996,summoner-541103,997,xNinja,Diamond 2,42,90,,285,268
997,summoner-640427,998,Nagą,Diamond 2,42,123,,263,224
998,summoner-3330763,999,Selenior,Diamond 2,42,134,,215,189
999,summoner-2023491,1000,G2 Boyem,Diamond 2,42,62,,171,167
