#timestamp 1530165703316
#date 2018-06-28T06:01:43+00:00
#players 1000
#index,id,rank,name,tier,lp,level,proTeam,win,loss
0,summoner-485522,1,Josedeodo,Challenger,1293,88,,127,54
1,summoner-54601,2,Aloned,Challenger,1030,88,,261,178
2,summoner-13101424,3,Jon Slow,Challenger,971,67,,165,93
3,summoner-146501,4,Reincarnati0n,Challenger,948,82,,298,252
4,summoner-12970770,5,Laro,Challenger,912,109,,292,242
5,summoner-22373,6,Jara,Challenger,841,96,,315,267
6,summoner-887542,7,Áckerman,Challenger,836,88,,201,149
7,summoner-39798,8,Ðark,Challenger,804,75,,132,77
8,summoner-41970,9,Ronnie Sullivan,Challenger,780,97,,319,274
9,summoner-551623,10,Cubn,Challenger,737,92,,241,185
10,summoner-78155,11,Jovana Rea,Challenger,734,70,,169,118
11,summoner-258446,12,Plugo,Challenger,710,68,,140,99
12,summoner-2260415,13,ClickClick,Challenger,616,120,,279,247
13,summoner-42122,14,TøpLop,Challenger,613,159,,614,568
14,summoner-117772,15,CAMI LA TRAVESTI,Challenger,613,165,,290,188
15,summoner-316731,16,Fixeal,Challenger,584,64,,141,85
16,summoner-4168955,17,adcccc,Challenger,566,114,,272,223
17,summoner-419084,18,Follow,Challenger,565,107,,262,215
18,summoner-2273511,19,Bën,Challenger,563,94,,150,118
19,summoner-90878,20,Crab,Challenger,561,66,,185,148
20,summoner-197380,21,El tio Pompas,Challenger,535,146,,194,142
21,summoner-919421,22,LSG TurboBestia,Challenger,534,97,,169,126
22,summoner-1342068,23,Just Historia,Challenger,529,136,,442,414
23,summoner-11510189,24,MK Piqueos,Challenger,528,71,,178,141
24,summoner-55115,25,Amazing LOL,Challenger,522,76,,219,175
25,summoner-1272154,26,KING Dongˇha,Challenger,517,114,,348,314
26,summoner-1540877,27,Rîn,Challenger,516,66,,229,183
27,summoner-6421946,28,Franchu1440,Challenger,514,80,,295,251
28,summoner-3773783,29,xypherz,Challenger,498,115,,356,310
29,summoner-4563644,30,Stay in Tower,Challenger,493,140,,510,472
30,summoner-521178,31,Kartana,Challenger,479,92,,292,248
31,summoner-2531572,32,Zach dempsey,Challenger,477,93,,343,304
32,summoner-28154,33,TA Sasuke,Challenger,469,70,,163,127
33,summoner-14220740,34,should kys,Challenger,466,67,,287,224
34,summoner-8511827,35,Ðaedra,Challenger,462,58,,108,71
35,summoner-214586,36,Churri1,Challenger,460,56,,164,131
36,summoner-247624,37,lkiefer,Challenger,458,102,,181,155
37,summoner-464759,38,Little ROODRA,Challenger,436,89,,256,163
38,summoner-65363,39,Ríos,Challenger,453,79,,129,94
39,summoner-100168,40,Ázenth,Challenger,449,99,,271,231
40,summoner-71900,41,2v1 plz,Challenger,447,104,,231,201
41,summoner-414524,42,FIare,Challenger,441,111,,222,188
42,summoner-183154,43,Mát,Challenger,434,99,,324,289
43,summoner-68001,44,EduardoFilopo,Challenger,448,93,,232,190
44,summoner-4054501,45,Cesni,Challenger,430,115,,321,305
45,summoner-14143678,46,CA Krim,Challenger,426,63,,184,120
46,summoner-118449,47,maybe someday,Challenger,416,60,,168,135
47,summoner-1140356,48,F3NIX,Challenger,415,75,,142,104
48,summoner-201891,49,randommmm,Challenger,405,72,,151,124
49,summoner-10890287,50,Fan De CasterMax,Challenger,402,100,,183,142
50,summoner-238388,51,NaFT,Challenger,402,90,,132,99
51,summoner-110499,52,Psykhé,Challenger,397,73,,235,200
52,summoner-1254016,53,FLORA FATALE,Challenger,395,107,,285,251
53,summoner-735988,54,Ayax UwU,Challenger,391,77,,269,199
54,summoner-8560132,55,Henrik Hansen,Challenger,388,61,,141,105
55,summoner-4590501,56,1cody,Challenger,386,72,,252,198
56,summoner-6443773,57,sNow is Back,Challenger,386,44,,96,44
57,summoner-6490141,58,SiuRuFa,Challenger,383,89,,225,200
58,summoner-1042870,59,ADC IN MMXVIII,Challenger,382,98,,233,206
59,summoner-51342,60,We Are Life,Challenger,380,56,,122,91
60,summoner-1811981,61,Nero CIaudius,Challenger,375,55,,136,104
61,summoner-225934,62,Morts,Challenger,370,109,,339,314
62,summoner-1434364,63,OFWGKTA,Challenger,369,112,,339,299
63,summoner-64238,64,BL Leonaidas,Challenger,369,69,,191,163
64,summoner-93840,65,CHAU AMlGOS,Challenger,369,67,,174,154
65,summoner-2633138,66,Snöw,Challenger,368,134,,465,438
66,summoner-130151,67,woofı,Challenger,367,66,,138,108
67,summoner-5271319,68,HangedMan,Challenger,360,70,,214,176
68,summoner-7096236,69,Kiyro,Challenger,356,101,,197,161
69,summoner-13840348,70,Pancake v2,Challenger,355,48,,91,59
70,summoner-25895,71,Walkarus,Challenger,351,85,,216,188
71,summoner-14130145,72,finding myself,Challenger,350,68,,220,163
72,summoner-1082368,73,Kainé,Challenger,349,116,,400,351
73,summoner-132222,74,ANHLTR,Challenger,349,79,,170,147
74,summoner-56039,75,tilin,Challenger,348,83,,121,93
75,summoner-1640210,76,Zeb3xy,Challenger,340,178,,754,746
76,summoner-114867,77,Dhek,Challenger,320,115,,385,355
77,summoner-1621486,78,Vàsh,Challenger,335,108,,254,229
78,summoner-305879,79,SkumbaGG nNymph,Challenger,353,61,,106,74
79,summoner-7136429,80,Tachikawa Mimi,Challenger,333,117,,310,292
80,summoner-43448,81,TobalCl,Challenger,332,118,,303,275
81,summoner-4262259,82,chill and win,Challenger,329,85,,147,116
82,summoner-29645,83,PureBlood,Challenger,328,84,,239,208
83,summoner-853348,84,noghost,Challenger,326,88,,346,312
84,summoner-556257,85,Shales,Challenger,326,92,,186,151
85,summoner-462989,86,sweetnsalty,Challenger,325,73,,194,179
86,summoner-3140449,87,Que Pajita xD,Challenger,324,124,,402,372
87,summoner-4934350,88,Ñya x Chan,Challenger,323,109,,319,287
88,summoner-68143,89,MakeUpUrMind,Challenger,323,99,,229,202
89,summoner-71247,90,el rowlio pa,Challenger,321,114,,411,392
90,summoner-251037,91,Tichoundrius,Challenger,320,84,,100,71
91,summoner-7302800,92,so sad,Challenger,319,158,,567,539
92,summoner-81262,93,Diegunho,Challenger,313,97,,333,300
93,summoner-2080155,94,Ankør,Challenger,312,88,,214,190
94,summoner-141417,95,Žentrix Senpai,Challenger,311,131,,274,242
95,summoner-57964,96,Near ü,Challenger,309,131,,314,286
96,summoner-4962799,97,Høllow,Challenger,307,92,,310,228
97,summoner-6445042,98,ˆoˆ,Challenger,307,74,,133,96
98,summoner-425408,99,Jarankal,Challenger,306,90,,301,282
99,summoner-372918,100,kushinda na ufa,Challenger,303,104,,373,359
100,summoner-6232791,101,Fòrce,Challenger,300,49,,72,36
101,summoner-960743,102,N N ˇ,Challenger,299,95,,255,223
102,summoner-522626,103,SantiagoJara,Challenger,297,75,,247,208
103,summoner-1725342,104,Shmebülock,Challenger,295,119,,344,314
104,summoner-112367,105,kouzze,Challenger,294,94,,299,269
105,summoner-133461,106,SryNotSry,Challenger,287,76,,246,215
106,summoner-4171744,107,Cubbn,Challenger,284,60,,133,83
107,summoner-6770456,108,I Take Blues,Challenger,283,74,,236,176
108,summoner-182266,109,Bartoo,Challenger,280,65,,161,141
109,summoner-109949,110,Letz,Challenger,278,79,,226,202
110,summoner-51876,111,Shelterˆ,Challenger,275,67,,156,118
111,summoner-11540922,112,Sneakymi,Challenger,275,46,,78,41
112,summoner-144472,113,wai not,Challenger,269,78,,193,164
113,summoner-22810,114,baltîca,Challenger,268,104,,239,223
114,summoner-1464616,115,TheDarkCloud,Challenger,268,85,,216,190
115,summoner-68279,116,Soul,Challenger,267,106,,193,157
116,summoner-2221442,117,Stryderr,Challenger,264,109,,298,278
117,summoner-5160616,118,FzF Skeeto,Challenger,264,112,,238,211
118,summoner-143854,119,A de sé,Challenger,263,106,,406,378
119,summoner-1233394,120,Jøker,Challenger,261,122,,155,129
120,summoner-106290,121,Atraxa,Challenger,260,94,,260,240
121,summoner-182669,122,Zackhal,Challenger,258,83,,154,96
122,summoner-93216,123,Ai lov yu,Challenger,254,102,,306,285
123,summoner-241279,124,Az Sky,Challenger,253,86,,327,271
124,summoner-196840,125,Ärtyk1,Challenger,252,102,,215,193
125,summoner-14630174,126,TA Naruto,Challenger,251,45,,102,67
126,summoner-12930776,127,ME ROBAN BARONx2,Challenger,250,146,,592,588
127,summoner-201925,128,KVF Swagcheco,Challenger,250,108,,249,215
128,summoner-46382,129,Axlbg,Challenger,249,84,,139,111
129,summoner-490396,130,Ara Araˆ,Challenger,247,86,,168,150
130,summoner-209995,131,matusalem24,Challenger,244,89,,270,190
131,summoner-1062113,132,łacoste,Challenger,243,123,,258,237
132,summoner-78095,133,wardz,Challenger,241,123,,506,471
133,summoner-88974,134,Carnotaurus,Challenger,241,82,,229,206
134,summoner-883377,135,K Ü,Challenger,235,117,,316,286
135,summoner-9592243,136,One Clone,Challenger,228,78,,142,116
136,summoner-205441,137,Neylan,Challenger,227,68,,135,115
137,summoner-2297096,138,M u ff a d i t o,Challenger,226,128,,431,403
138,summoner-1091844,139,BladeKoz,Challenger,221,107,,515,449
139,summoner-426166,140,BIO Faith,Challenger,221,129,,440,415
140,summoner-14120146,141,Rastastone,Challenger,221,43,,104,56
141,summoner-13932411,142,ñbgipuñugipuhip9,Challenger,219,54,,107,65
142,summoner-2412423,143,Color,Challenger,217,103,,168,148
143,summoner-77497,144,Dreary,Challenger,215,124,,321,302
144,summoner-3511618,145,Ikees,Challenger,214,46,,135,81
145,summoner-164356,146,Dsk,Challenger,213,142,,233,214
146,summoner-723505,147,B Á W S,Challenger,212,56,,181,140
147,summoner-246413,148,ST OneShot,Challenger,211,86,,137,109
148,summoner-83935,149,UndeFack,Challenger,209,131,,147,116
149,summoner-96707,150,MlDLANE HOKAGE,Challenger,208,70,,215,195
150,summoner-191989,151,Katsura Køtarøu,Challenger,207,83,,230,214
151,summoner-143368,152,RageiT,Challenger,207,58,,124,99
152,summoner-7491191,153,Invocador 69,Challenger,204,103,,312,265
153,summoner-1414274,154,Fuƒu,Challenger,204,97,,288,267
154,summoner-117002,155,Böyfriend,Challenger,204,75,,162,138
155,summoner-2152784,156,Xäyah Grey,Challenger,200,108,,324,302
156,summoner-220156,157,xAnubisDarkx,Challenger,200,117,,229,209
157,summoner-1506612,158,sonyky,Challenger,199,45,,111,65
158,summoner-9892013,159,I SkyMind I,Challenger,198,151,,189,162
159,summoner-1572237,160,1Jaden,Challenger,196,94,,199,174
160,summoner-10483523,161,pure talent,Challenger,195,68,,206,138
161,summoner-25348,162,lukasnegro,Challenger,194,71,,171,135
162,summoner-96317,163,Felipekun uwu,Challenger,193,95,,200,170
163,summoner-4601058,164,Postinooo,Challenger,192,72,,176,146
164,summoner-13854590,165,Mond,Challenger,192,54,,159,99
165,summoner-82501,166,Henno,Challenger,192,89,,104,79
166,summoner-910888,167,Stylê,Challenger,190,174,,668,649
167,summoner-75781,168,Rabbit4Dinner,Challenger,190,109,,174,154
168,summoner-212220,169,MAIN ADC S8,Challenger,189,112,,299,267
169,summoner-1381821,170,BIO ƒriendlyˇ,Challenger,187,81,,191,164
170,summoner-87207,171,FoN Mickey,Challenger,186,99,,252,226
171,summoner-148876,172,enbarao,Challenger,186,48,,97,69
172,summoner-4821931,173,xMeDrogoConJugo,Challenger,185,126,,221,190
173,summoner-1094202,174,Thief of Relícs,Challenger,184,139,,446,429
174,summoner-602146,175,ADC TIER 3 LUL,Challenger,182,62,,140,112
175,summoner-176981,176,TTTTTTTTTTTTTT,Challenger,181,118,,312,296
176,summoner-79042,177,Reuzal,Challenger,181,70,,151,127
177,summoner-1802240,178,Sax1,Challenger,180,88,,245,228
178,summoner-4205480,179,Cuest1oN,Challenger,178,91,,274,260
179,summoner-14892568,180,Jishade,Challenger,177,73,,315,251
180,summoner-14130153,181,ISG Narnia,Challenger,176,80,,301,269
181,summoner-171141,182,Mødest Møuse,Challenger,176,90,,204,181
182,summoner-61840,183,Phyro,Challenger,176,92,,139,112
183,summoner-5610765,184,RektIoy,Challenger,173,107,,218,196
184,summoner-3665395,185,Prototipe1,Challenger,171,68,,235,166
185,summoner-174063,186,You,Challenger,171,71,,125,103
186,summoner-83267,187,Lárian,Challenger,170,110,,255,229
187,summoner-3871646,188,Focus al Soporte,Challenger,170,111,,234,203
188,summoner-142583,189,No pasa nada,Challenger,169,89,,138,115
189,summoner-13751858,190,ComradeTinyOne,Challenger,169,45,,121,76
190,summoner-211741,191,Thorden,Challenger,168,104,,200,171
191,summoner-151555,192,NaOH,Challenger,165,136,,316,284
192,summoner-636854,193,Furtive Gank,Challenger,165,81,,305,278
193,summoner-2400929,194,KR0N1C,Challenger,164,83,,196,176
194,summoner-188356,195,Fan de Millaray,Challenger,164,88,,158,139
195,summoner-3771904,196,Gussy El Dios,Challenger,163,111,,194,154
196,summoner-2920746,197,Naikuun,Challenger,163,100,,129,107
197,summoner-1341406,198,Hordeshyrder,Challenger,162,74,,132,102
198,summoner-3372406,199,El Señor Nutria,Challenger,161,151,,513,493
199,summoner-1495447,200,FORTNITE PLAYER,Challenger,159,97,,195,178
200,summoner-38287,201,TREMENDO PLAYER,Master,156,74,,228,200
201,summoner-15002049,202,Alex Mercer 0,Master,151,48,,137,90
202,summoner-296168,203,UCH SoulWingS,Master,148,66,,157,133
203,summoner-15721760,204,Perseverąnce,Master,148,39,,92,46
204,summoner-375641,205,ExalTeD ExalT,Master,136,87,,241,219
205,summoner-121144,206,Like Azír,Master,131,74,,161,111
206,summoner-1541217,207,Not2Clean,Master,131,111,,132,104
207,summoner-7107829,208,Shiawase desü,Master,130,96,,179,152
208,summoner-61587,209,full mute all,Master,129,165,,508,499
209,summoner-133215,210,MacDoge,Master,112,96,,169,137
210,summoner-3383177,211,Jhanxs,Master,127,139,,137,114
211,summoner-6564183,212,mitsheep95,Master,126,117,,412,396
212,summoner-243415,213,MC Marín,Master,125,86,,172,152
213,summoner-12850151,214,Clístenes,Master,125,94,,122,108
214,summoner-484584,215,IAmGay,Master,125,66,,110,78
215,summoner-752153,216,Tomi Li Yau,Master,122,105,,255,218
216,summoner-132216,217,Reformed PIayer,Master,122,86,,244,228
217,summoner-53309,218,Solo Rija,Master,121,65,,171,151
218,summoner-116061,219,Månenform,Master,119,90,,190,164
219,summoner-637059,220,Toomars,Master,115,97,,185,152
220,summoner-3060150,221,Agressiv,Master,114,138,,406,387
221,summoner-85056,222,Xitech,Master,108,74,,243,224
222,summoner-49427,223,lRoma,Master,107,58,,159,134
223,summoner-928452,224,Azh,Master,105,105,,181,163
224,summoner-38828,225,tufixzk,Master,104,93,,318,300
225,summoner-1542005,226,PWG Barbakhancer,Master,104,97,,168,145
226,summoner-309789,227,player of fun,Master,103,53,,116,79
227,summoner-2380587,228,EL SHEY M0NCH0,Master,102,86,,235,214
228,summoner-15610521,229,Mustélido,Master,102,48,,141,87
229,summoner-81884,230,midplayer,Master,101,69,,117,96
230,summoner-79675,231,Vlokz,Master,97,85,,336,313
231,summoner-7108046,232,GianKios God,Master,94,159,,422,398
232,summoner-540259,233,Dificült,Master,93,84,,272,249
233,summoner-68545,234,1999,Master,92,86,,384,355
234,summoner-293124,235,LightCoIors,Master,92,111,,133,110
235,summoner-318102,236,shileno,Master,88,73,,134,102
236,summoner-10994354,237,Arí,Master,86,130,,209,182
237,summoner-138069,238,pray for koughi,Master,85,110,,396,389
238,summoner-14662086,239,WildWeedWizard,Master,83,65,,240,189
239,summoner-1081302,240,BY FÁR,Master,82,58,,135,112
240,summoner-257826,241,Severity,Master,80,64,,81,52
241,summoner-321369,242,EMPEROR Chemical,Master,78,95,,95,65
242,summoner-3991535,243,Cosmic Gank,Master,77,95,,229,167
243,summoner-78248,244,Slatër,Master,76,90,,122,103
244,summoner-306156,245,Hiero de Virgo,Master,72,99,,142,123
245,summoner-152126,246,lust4life,Master,72,76,,127,103
246,summoner-5390198,247,AlezZ B,Master,71,83,,130,112
247,summoner-153751,248,LeFede,Master,70,99,,248,233
248,summoner-212354,249,Fleyro,Master,65,97,,201,183
249,summoner-127563,250,Galixx,Master,63,96,,160,148
250,summoner-61540,251,PRISI0NER0,Master,62,71,,166,138
251,summoner-110218,252,Seong Wu,Master,60,72,,185,154
252,summoner-101251,253,Juuzoü Suzuya,Master,59,123,,414,389
253,summoner-213618,254,heinnneken,Master,58,51,,82,60
254,summoner-173448,255,Nipphu,Master,58,53,,69,41
255,summoner-41344,256,Mïthdrändïr,Master,57,123,,517,510
256,summoner-68907,257,Mystery Shadow,Master,54,98,,187,155
257,summoner-11920475,258,Keixt,Master,54,44,,63,41
258,summoner-299166,259,Galleta,Master,52,67,,132,108
259,summoner-24400,260,BIO atirador,Master,51,95,,244,226
260,summoner-240291,261,TA Hatake,Master,49,75,,132,112
261,summoner-50135,262,Evelynn Mid,Master,47,105,,381,372
262,summoner-4514609,263,Derringer,Master,43,90,,212,193
263,summoner-62852,264,1HowL,Master,41,131,,365,349
264,summoner-14110149,265,RBT Rod,Master,41,63,,182,127
265,summoner-2307568,266,RamaPan,Master,41,75,,135,108
266,summoner-3390138,267,rhOm,Master,40,64,,162,110
267,summoner-62511,268,Ouyou,Master,38,86,,258,237
268,summoner-99484,269,Nïnja,Master,38,90,,141,112
269,summoner-3132373,270,Mei Houwąng,Master,38,57,,135,96
270,summoner-52333,271,NickoDarka,Master,33,72,,127,104
271,summoner-1262370,272,SOULKING PROOK,Master,33,69,,108,103
272,summoner-198833,273,S3G Foster,Master,33,74,,81,53
273,summoner-2983715,274,I Love my Ashley,Master,32,60,,123,90
274,summoner-911178,275,RtBox,Master,29,90,,250,225
275,summoner-12050505,276,NkDiego,Master,29,67,,69,45
276,summoner-1031700,277,Could be XyaaZ,Master,28,82,,401,314
277,summoner-14154181,278,Styon,Master,28,76,,200,143
278,summoner-33171,279,DarkRitual,Master,27,109,,201,181
279,summoner-147293,280,Meøwri,Master,26,93,,318,289
280,summoner-7230223,281,Snáké,Master,26,135,,156,124
281,summoner-217191,282,99263857,Master,25,118,,376,366
282,summoner-82364,283,Shû Hari,Master,24,93,,164,141
283,summoner-15791480,284,Korean Spear,Master,24,56,,149,102
284,summoner-165261,285,EI Terror De Las,Master,24,59,,98,68
285,summoner-197616,286,Darkeater Midir,Master,23,105,,348,331
286,summoner-1740572,287,IzænK,Master,23,90,,161,141
287,summoner-1036819,288,FzF Skiwii,Master,22,97,,174,153
288,summoner-1460524,289,Sufukato,Master,22,103,,135,118
289,summoner-14902639,290,Maürö,Master,19,50,,150,97
290,summoner-25341,291,Fireflíes,Master,17,116,,244,222
291,summoner-1271905,292,El asaltante,Master,17,93,,177,157
292,summoner-926117,293,potzy,Master,17,66,,127,111
293,summoner-207180,294,King ÐüivéŁ,Master,12,119,,212,198
294,summoner-53835,295,k c,Master,11,73,,190,161
295,summoner-11920467,296,Fade Gün,Master,10,87,,322,273
296,summoner-415567,297,Dolores Delanoo,Master,9,66,,127,107
297,summoner-76862,298,BILLY Y MANDY,Master,7,139,,216,200
298,summoner-204289,299,Woohee,Master,4,89,,213,207
299,summoner-1080650,300,Metal Attack,Master,3,55,,179,128
300,summoner-204523,301,Macky,Master,1,107,,235,212
301,summoner-158812,302,Cuquecu,Master,19,100,,201,177
302,summoner-12041800,303,Lord Alambrito,Master,0,143,,395,388
303,summoner-1135935,304,Índexx,Master,0,107,,382,373
304,summoner-1063509,305,Pulg0so,Master,0,121,,355,328
305,summoner-864722,306,Trueno Largo,Master,0,74,,302,232
306,summoner-127283,307,Yo Soy Zorro 1,Master,0,173,,302,280
307,summoner-1461106,308,1Reve,Master,0,76,,259,218
308,summoner-45300,309,Careta,Master,0,84,,237,228
309,summoner-3991412,310,Wisefang,Master,0,86,,234,207
310,summoner-303241,311,Levï,Master,0,120,,228,210
311,summoner-1354203,312,miclovin,Master,0,107,,207,187
312,summoner-821772,313,Queen Vayne,Master,0,114,,161,135
313,summoner-422141,314,Crówn,Master,0,82,,161,145
314,summoner-208913,315,Cayupa,Master,0,94,,152,136
315,summoner-12041937,316,Pr0mesasKeep,Master,0,64,,149,119
316,summoner-2570443,317,onlymidmain,Master,0,79,,139,92
317,summoner-176483,318,Raftiel,Master,0,75,,132,115
318,summoner-13843633,319,buff rengar,Master,0,48,,129,80
319,summoner-37329,320,sad5466797567,Master,0,50,,114,90
320,summoner-1912806,321,Corona,Master,0,67,,101,81
321,summoner-4462383,322,Møs Def,Master,0,118,,93,72
322,summoner-41601,323,Precep,Master,0,47,,87,71
323,summoner-109522,324,Rámpage,Master,0,130,,76,53
324,summoner-304369,325,2FckingCLEAN,Master,0,111,,70,46
325,summoner-46751,326,Kegg,Master,0,79,,67,42
326,summoner-104067,327,Nottingham Lace,Master,0,51,,67,43
327,summoner-14932128,328,YA FUE MAN FF,Master,0,57,,61,21
328,summoner-212367,329,Rencøw,Master,0,160,,690,674
329,summoner-164017,330,Lígety,Diamond 1,100,134,,629,622
330,summoner-257678,331,kiike LA BESTIA,Diamond 1,100,88,,355,338
331,summoner-47992,332,Beemo,Diamond 1,100,119,,355,345
332,summoner-480170,333,Colin1,Diamond 1,100,106,,239,224
333,summoner-14120136,334,qVqVqVqVqVqVqV,Diamond 1,100,63,,190,136
334,summoner-520421,335,Sang,Diamond 1,100,77,,188,162
335,summoner-124010,336,Peppee,Diamond 1,100,80,,186,166
336,summoner-217150,337,Cosmodius,Diamond 1,100,76,,143,123
337,summoner-25880,338,Kryþtonian,Diamond 1,100,70,,131,109
338,summoner-75394,339,Shaddíx,Diamond 1,100,72,,120,93
339,summoner-77829,340,Sunblast,Diamond 1,100,60,,116,88
340,summoner-46315,341,BádLife,Diamond 1,100,122,,114,87
341,summoner-1777210,342,Tulz,Diamond 1,100,54,,114,67
342,summoner-33547,343,light fury,Diamond 1,100,63,,94,72
343,summoner-16172162,344,Sakai,Diamond 1,100,34,,47,9
344,summoner-3843676,345,Aeón Sama,Diamond 1,99,107,,293,268
345,summoner-111822,346,Riko,Diamond 1,99,76,,289,255
346,summoner-4874678,347,One Trick Viktor,Diamond 1,97,110,,263,242
347,summoner-185763,348,Kobbe,Diamond 1,97,82,,197,176
348,summoner-92647,349,Sweet Kath,Diamond 1,96,102,,273,263
349,summoner-63592,350,ndeaaaaaaaa,Diamond 1,96,63,,133,110
350,summoner-1064661,351,Its Me FraGioRlz,Diamond 1,96,41,,59,36
351,summoner-83165,352,Quiid,Diamond 1,94,98,,218,201
352,summoner-537327,353,Phatokage,Diamond 1,94,81,,118,91
353,summoner-5810424,354,Agent Blue,Diamond 1,93,82,,271,252
354,summoner-13170130,355,Snoopy2,Diamond 1,93,53,,140,120
355,summoner-2240164,356,CTHULHU KUN,Diamond 1,92,55,,91,69
356,summoner-128725,357,Azjalarafe,Diamond 1,91,115,,180,161
357,summoner-2912068,358,Lee Sin Manox,Diamond 1,90,99,,238,216
358,summoner-116462,359,rolE,Diamond 1,90,67,,214,188
359,summoner-14130146,360,ll Pyke ll,Diamond 1,90,67,,199,164
360,summoner-4750914,361,Sonnenlicht,Diamond 1,90,107,,188,127
361,summoner-94622,362,Pumpkin Duke,Diamond 1,90,54,,155,125
362,summoner-226255,363,Fonto,Diamond 1,90,75,,152,124
363,summoner-14120148,364,Haise Sasakî,Diamond 1,90,48,,149,88
364,summoner-13290137,365,Howling,Diamond 1,90,74,,147,125
365,summoner-212940,366,Suiikimon,Diamond 1,90,74,,131,103
366,summoner-46930,367,Focho,Diamond 1,90,67,,124,107
367,summoner-14120142,368,1TRAFALGAR LAW,Diamond 1,90,47,,121,56
368,summoner-14110138,369,Positioning 101,Diamond 1,90,66,,110,54
369,summoner-27443,370,ClatoS,Diamond 1,90,60,,99,82
370,summoner-14110139,371,Newbie Player,Diamond 1,90,65,,74,22
371,summoner-382232,372,NexorXk,Diamond 1,90,69,,60,40
372,summoner-156001,373,PeRseeO,Diamond 1,89,69,,104,76
373,summoner-732186,374,Pácha,Diamond 1,88,98,,162,146
374,summoner-14120144,375,time lapse,Diamond 1,87,44,,83,41
375,summoner-6830141,376,Helior,Diamond 1,87,38,,49,37
376,summoner-16172160,377,EVV Filopo,Diamond 1,87,34,,45,7
377,summoner-11490134,378,Teamo mitsuha,Diamond 1,86,154,,353,341
378,summoner-766404,379,Pegaso2K,Diamond 1,86,84,,220,190
379,summoner-740311,380,LegendOfWar,Diamond 1,86,98,,186,153
380,summoner-1731315,381,Schwí,Diamond 1,86,74,,87,68
381,summoner-26596,382,Daddy koughi,Diamond 1,85,42,,54,36
382,summoner-87997,383,Joelito S2,Diamond 1,83,79,,139,116
383,summoner-170441,384,Leigrey,Diamond 1,82,67,,111,95
384,summoner-65297,385,ØКÃSOИ1997,Diamond 1,82,63,,82,60
385,summoner-1105443,386,Pagorex,Diamond 1,81,123,,372,356
386,summoner-1400188,387,Nortaa,Diamond 1,81,94,,176,157
387,summoner-14924604,388,LasTrash,Diamond 1,80,47,,129,79
388,summoner-3973592,389,Arfyss,Diamond 1,79,88,,199,186
389,summoner-751933,390,Lincoyán,Diamond 1,79,98,,103,79
390,summoner-33513,391,Omnívoro,Diamond 1,78,71,,148,124
391,summoner-13903836,392,Incoming Rage,Diamond 1,77,117,,380,411
392,summoner-1083467,393,Ocaliehpo,Diamond 1,77,105,,272,261
393,summoner-172784,394,NeuroN,Diamond 1,76,96,,463,443
394,summoner-171132,395,Metraxiz,Diamond 1,76,91,,256,251
395,summoner-14203259,396,Keyboard Enable,Diamond 1,75,68,,239,205
396,summoner-3143085,397,Chocolito a 100,Diamond 1,75,59,,237,203
397,summoner-213910,398,xSnowu,Diamond 1,75,109,,225,213
398,summoner-525841,399,TotoJr,Diamond 1,75,73,,206,163
399,summoner-4502116,400,TheMachiavellian,Diamond 1,75,130,,202,167
400,summoner-299337,401,ByFalco,Diamond 1,75,81,,198,169
401,summoner-220718,402,Rei Ryghts,Diamond 1,75,140,,190,166
402,summoner-143984,403,wowee,Diamond 1,75,61,,186,157
403,summoner-14884484,404,Nouveau Airs,Diamond 1,75,54,,181,119
404,summoner-228094,405,MigaN,Diamond 1,75,70,,178,155
405,summoner-1279181,406,EMPEROR Rollins,Diamond 1,75,113,,172,113
406,summoner-143846,407,Pardoo,Diamond 1,75,105,,170,140
407,summoner-3530629,408,Defüssion,Diamond 1,75,86,,167,141
408,summoner-1729349,409,Lykar,Diamond 1,75,75,,166,160
409,summoner-15064565,410,xypherz v2,Diamond 1,75,49,,151,108
410,summoner-7301872,411,Maocarry,Diamond 1,75,55,,145,121
411,summoner-50585,412,Simon Petriköv,Diamond 1,75,56,,136,103
412,summoner-2571472,413,Amine Edge DANCE,Diamond 1,75,62,,127,81
413,summoner-22713,414,Mr Krippy,Diamond 1,75,70,,126,103
414,summoner-1480253,415,Perrø Bømba,Diamond 1,75,77,,125,106
415,summoner-221135,416,OdinXIII,Diamond 1,75,86,,123,109
416,summoner-187776,417,og prodi,Diamond 1,75,54,,121,76
417,summoner-12952365,418,Scyphionyx,Diamond 1,75,94,,120,101
418,summoner-3361130,419,Fury S2,Diamond 1,75,143,,119,96
419,summoner-4580118,420,Manteka2,Diamond 1,75,77,,111,73
420,summoner-15740146,421,zeicro adc spam,Diamond 1,75,64,,111,81
421,summoner-32013,422,tyyyyyyyyyyyyyyy,Diamond 1,75,68,,109,83
422,summoner-801648,423,Skyren,Diamond 1,75,51,,106,83
423,summoner-76508,424,maxíx,Diamond 1,75,91,,82,55
424,summoner-14194450,425,002ˇˇˇ,Diamond 1,75,41,,80,40
425,summoner-14120151,426,KLG ARREGLO,Diamond 1,75,43,,79,36
426,summoner-1054953,427,Enzo1,Diamond 1,75,68,,73,43
427,summoner-14120140,428,tuesday was good,Diamond 1,75,59,,73,39
428,summoner-1763535,429,SUPER GRIDITO,Diamond 1,75,39,,57,29
429,summoner-303359,430,TSM Razor,Diamond 1,75,39,,53,24
430,summoner-762933,431,Dovahsama,Diamond 1,74,85,,116,104
431,summoner-874874,432,Xlr,Diamond 1,74,47,,90,65
432,summoner-7844169,433,rACKSTAR,Diamond 1,73,66,,170,150
433,summoner-7035353,434,felixorreo,Diamond 1,73,38,,51,35
434,summoner-12981351,435,Fozzie el oso,Diamond 1,72,79,,245,238
435,summoner-58050,436,tyuzkAA,Diamond 1,72,126,,155,121
436,summoner-56233,437,esmowing,Diamond 1,72,80,,110,104
437,summoner-27392,438,HippieCommander,Diamond 1,72,115,,76,55
438,summoner-63737,439,ÁzeR,Diamond 1,71,70,,193,176
439,summoner-99448,440,RexonaMeAbandona,Diamond 1,71,61,,176,133
440,summoner-67974,441,1984g,Diamond 1,71,70,,43,26
441,summoner-1423839,442,UnreformedRAT L9,Diamond 1,70,86,,353,326
442,summoner-13610392,443,Tirolokoo,Diamond 1,70,69,,209,190
443,summoner-1072457,444,Flauroz,Diamond 1,70,68,,79,63
444,summoner-373737,445,lost in ur smile,Diamond 1,69,104,,312,305
445,summoner-151636,446,unclecriss,Diamond 1,69,153,,171,156
446,summoner-81732,447,47 Kalashnikov,Diamond 1,69,80,,90,64
447,summoner-4022703,448,MrStigma,Diamond 1,68,106,,361,349
448,summoner-26999,449,Nachomax,Diamond 1,68,76,,205,185
449,summoner-11370453,450,Bhasin,Diamond 1,68,56,,187,146
450,summoner-379939,451,Chërry Blossom,Diamond 1,67,177,,768,761
451,summoner-64510,452,DrakoZelda2,Diamond 1,67,74,,215,163
452,summoner-32698,453,Guante,Diamond 1,66,119,,258,246
453,summoner-71664,454,MonjeFunky,Diamond 1,66,83,,164,149
454,summoner-206039,455,Alicë Gläss,Diamond 1,66,69,,111,95
455,summoner-2190579,456,bunny bad kid,Diamond 1,66,106,,97,80
456,summoner-1558232,457,DEUSVULTDEUSVULT,Diamond 1,66,94,,76,59
457,summoner-168824,458,ValHälen,Diamond 1,65,125,,356,334
458,summoner-1241278,459,a tired adc,Diamond 1,65,121,,247,228
459,summoner-32906,460,ChaiLordZ,Diamond 1,65,53,,70,50
460,summoner-752124,461,Maestre Tuppo,Diamond 1,64,62,,122,78
461,summoner-48664,462,Cody,Diamond 1,63,106,,239,224
462,summoner-221844,463,PipaStone,Diamond 1,63,136,,221,207
463,summoner-5345389,464,Hansmetal,Diamond 1,63,102,,210,201
464,summoner-29717,465,grafo,Diamond 1,62,56,,143,124
465,summoner-72425,466,GlockaFlockaFade,Diamond 1,62,66,,87,76
466,summoner-14110157,467,rbt greed,Diamond 1,62,44,,76,34
467,summoner-10509814,468,Nadeishmeis,Diamond 1,61,81,,245,222
468,summoner-247695,469,asdasdzczcx,Diamond 1,61,67,,149,111
469,summoner-4564665,470,One Jump,Diamond 1,61,97,,103,75
470,summoner-15452418,471,Hawk Eye Yi,Diamond 1,61,37,,58,13
471,summoner-4620158,472,FancyGoat,Diamond 1,60,60,,160,128
472,summoner-529347,473,Kafka,Diamond 1,60,50,,120,98
473,summoner-55857,474,Nyvek,Diamond 1,60,92,,110,88
474,summoner-124550,475,Recret,Diamond 1,60,48,,92,76
475,summoner-135849,476,Aeizus,Diamond 1,59,68,,52,41
476,summoner-102235,477,s3ra,Diamond 1,59,50,,44,18
477,summoner-1759207,478,The Quickness,Diamond 1,58,79,,226,205
478,summoner-11920189,479,LílCarry,Diamond 1,58,86,,185,173
479,summoner-251223,480,può vincere,Diamond 1,58,47,,44,24
480,summoner-12451843,481,VcN v2,Diamond 1,57,105,,195,167
481,summoner-526052,482,Voranar,Diamond 1,57,62,,143,134
482,summoner-1252320,483,Yalung,Diamond 1,57,78,,132,118
483,summoner-189217,484,Pointless ßot,Diamond 1,57,120,,131,66
484,summoner-8610725,485,Definitely,Diamond 1,56,101,,143,125
485,summoner-12813681,486,nevr,Diamond 1,56,60,,105,83
486,summoner-215650,487,Zealot1,Diamond 1,55,71,,248,233
487,summoner-148493,488,JPERLCH3,Diamond 1,55,67,,95,73
488,summoner-25977,489,Chofa,Diamond 1,54,61,,153,131
489,summoner-138263,490,Next,Diamond 1,54,56,,138,110
490,summoner-169457,491,batxD,Diamond 1,53,130,,688,637
491,summoner-1252190,492,Cawboy,Diamond 1,53,100,,88,72
492,summoner-80896,493,FFC Franco,Diamond 1,52,110,,222,199
493,summoner-10984339,494,Heiwajima Kasuka,Diamond 1,52,61,,155,143
494,summoner-628534,495,Lolmanda2,Diamond 1,52,62,,141,108
495,summoner-7752774,496,Alan cio,Diamond 1,52,71,,141,123
496,summoner-128024,497,Kvrof,Diamond 1,52,50,,92,67
497,summoner-602287,498,xd nomas,Diamond 1,51,144,,648,630
498,summoner-910113,499,Shirö,Diamond 1,51,113,,338,338
499,summoner-3732374,500,Mrrraggglhlhgh,Diamond 1,51,115,,314,302
500,summoner-1114435,501,VortexN,Diamond 1,51,96,,244,225
501,summoner-4741112,502,ßenjamin,Diamond 1,51,134,,234,221
502,summoner-9862917,503,Ijo de ODIN,Diamond 1,51,49,,141,117
503,summoner-6654310,504,lush0sky,Diamond 1,51,97,,119,92
504,summoner-175423,505,jdseba,Diamond 1,51,87,,35,18
505,summoner-1261645,506,Guerzo,Diamond 1,50,93,,332,325
506,summoner-1242018,507,Kiseˆ,Diamond 1,50,99,,329,321
507,summoner-26321,508,D4SSLER,Diamond 1,50,106,,328,329
508,summoner-64311,509,Asahi Takiguchi,Diamond 1,50,107,,258,251
509,summoner-1570971,510,Fakerˇ,Diamond 1,50,99,,234,209
510,summoner-382885,511,KR Matsuri,Diamond 1,50,96,,234,214
511,summoner-3534613,512,Khattolk,Diamond 1,50,93,,210,201
512,summoner-42498,513,Skaanz,Diamond 1,50,75,,199,184
513,summoner-7773887,514,Feiquer Peruano,Diamond 1,50,71,,198,158
514,summoner-390613,515,Heaven Starfish,Diamond 1,50,95,,178,161
515,summoner-3331818,516,METOR1,Diamond 1,50,96,,176,151
516,summoner-6032739,517,Dexiuz,Diamond 1,50,57,,169,128
517,summoner-1305539,518,mla,Diamond 1,50,106,,167,146
518,summoner-310359,519,daryl ˇˉˇ,Diamond 1,50,77,,156,126
519,summoner-571386,520,hyungˇˉˇ,Diamond 1,50,112,,155,131
520,summoner-1493181,521,Sad gîrl,Diamond 1,50,136,,129,111
521,summoner-840871,522,Prayers and Vows,Diamond 1,50,90,,126,107
522,summoner-283094,523,ScoupAXX,Diamond 1,50,102,,122,108
523,summoner-372049,524,Heavyweight,Diamond 1,50,57,,120,105
524,summoner-2261269,525,Behemov,Diamond 1,50,94,,109,87
525,summoner-240628,526,gomenˆnasai,Diamond 1,50,169,,104,72
526,summoner-401510,527,Kìng,Diamond 1,50,74,,102,82
527,summoner-105931,528,Lindwurm,Diamond 1,50,110,,100,80
528,summoner-1934429,529,Emisary Of Death,Diamond 1,50,65,,92,73
529,summoner-157936,530,Dwarfish M,Diamond 1,50,46,,66,56
530,summoner-29006,531,ZhoridZ,Diamond 1,49,98,,277,254
531,summoner-227103,532,ÆT Gorditomaster,Diamond 1,49,78,,241,221
532,summoner-5780137,533,Skins,Diamond 1,49,94,,237,235
533,summoner-14650144,534,Skanitto,Diamond 1,49,64,,195,182
534,summoner-65262,535,BGH forExe,Diamond 1,49,67,,78,65
535,summoner-50759,536,K1tty Princess,Diamond 1,49,59,,52,30
536,summoner-9510200,537,Nani C Kore wa,Diamond 1,49,88,,50,34
537,summoner-110173,538,Rylve,Diamond 1,48,93,,135,119
538,summoner-14120143,539,Dodo S2,Diamond 1,48,58,,119,47
539,summoner-13844451,540,Lil9ROOK,Diamond 1,48,49,,82,46
540,summoner-115635,541,OnlyTheTip,Diamond 1,47,122,,279,265
541,summoner-5351066,542,Sholwan Joestar,Diamond 1,46,141,,287,266
542,summoner-107514,543,JAJAJAJAJAJAJAJ,Diamond 1,46,91,,277,228
543,summoner-79927,544,Satirosky,Diamond 1,46,72,,154,147
544,summoner-1482088,545,Yhon,Diamond 1,45,124,,367,348
545,summoner-897920,546,Cubik,Diamond 1,44,109,,173,134
546,summoner-16290136,547,TA Sadoski,Diamond 1,44,75,,163,149
547,summoner-11940393,548,Gerárd,Diamond 1,42,87,,165,128
548,summoner-15662257,549,Mondrąkk,Diamond 1,42,51,,91,49
549,summoner-74230,550,LordFoxo,Diamond 1,41,110,,386,380
550,summoner-9986100,551,Niges,Diamond 1,40,106,,291,275
551,summoner-2232715,552,ZékkeN,Diamond 1,40,94,,273,265
552,summoner-864271,553,GOD CesarBaeza,Diamond 1,40,60,,170,150
553,summoner-1066367,554,dreamkiller12,Diamond 1,40,64,,169,158
554,summoner-217033,555,RBT Burritox,Diamond 1,40,64,,102,87
555,summoner-295010,556,Blazerck,Diamond 1,39,126,,429,415
556,summoner-211516,557,Master YEET,Diamond 1,39,120,,131,100
557,summoner-14830965,558,uribe,Diamond 1,38,84,,401,372
558,summoner-112372,559,UCH Hefedes,Diamond 1,38,123,,327,320
559,summoner-75128,560,Razky,Diamond 1,38,60,,230,194
560,summoner-310373,561,Vanníty,Diamond 1,38,79,,178,168
561,summoner-313033,562,MyCrew,Diamond 1,38,80,,174,158
562,summoner-82756,563,Lil Myers,Diamond 1,38,81,,108,83
563,summoner-2831198,564,CordobesNotFound,Diamond 1,37,122,,279,259
564,summoner-1280390,565,WorstBardLAS,Diamond 1,37,70,,244,209
565,summoner-1302545,566,Xelkho,Diamond 1,37,128,,229,211
566,summoner-5421715,567,Fan De Scrappy,Diamond 1,37,60,,203,142
567,summoner-1103047,568,someday soon,Diamond 1,36,63,,172,154
568,summoner-80063,569,Oni Sama,Diamond 1,36,71,,102,96
569,summoner-26899,570,4444441,Diamond 1,36,39,,56,27
570,summoner-60025,571,ARC Tomate,Diamond 1,35,96,,227,213
571,summoner-4281346,572,Oóoóóoó,Diamond 1,35,85,,200,172
572,summoner-2900540,573,WGiardino,Diamond 1,34,130,,446,426
573,summoner-7651436,574,Arto skin ameo,Diamond 1,34,126,,298,257
574,summoner-29815,575,Paladín,Diamond 1,34,102,,179,162
575,summoner-4671565,576,BrontoSkarner,Diamond 1,34,47,,119,68
576,summoner-710801,577,lllIlllIlllIlllI,Diamond 1,34,51,,103,93
577,summoner-113443,578,DM ME IF EGIRL,Diamond 1,34,67,,101,84
578,summoner-932055,579,Fan de Hailee,Diamond 1,34,64,,99,86
579,summoner-190683,580,Maderíx,Diamond 1,34,60,,95,75
580,summoner-150900,581,Summoner,Diamond 1,33,120,,353,335
581,summoner-182392,582,HitmanGG,Diamond 1,33,89,,245,229
582,summoner-203495,583,No soy Guishe,Diamond 1,33,77,,196,147
583,summoner-411624,584,Vengeful Dome,Diamond 1,33,77,,166,146
584,summoner-128767,585,La Tengo Grande,Diamond 1,33,97,,109,98
585,summoner-253921,586,AMJ Yatroll,Diamond 1,33,91,,108,97
586,summoner-6974007,587,Kick the Midlane,Diamond 1,33,54,,102,82
587,summoner-6360322,588,so my bad,Diamond 1,32,93,,203,190
588,summoner-1945705,589,Akira Shý,Diamond 1,32,77,,127,113
589,summoner-12200629,590,The Búho,Diamond 1,31,94,,151,141
590,summoner-14110154,591,KimiRAI,Diamond 1,31,55,,128,100
591,summoner-218903,592,Rayffen,Diamond 1,30,86,,263,247
592,summoner-4303209,593,Keishao,Diamond 1,30,77,,184,153
593,summoner-12234633,594,Locurita XD,Diamond 1,30,75,,91,54
594,summoner-6350746,595,with your love,Diamond 1,30,131,,82,63
595,summoner-2651421,596,xamexxelpro,Diamond 1,29,68,,167,147
596,summoner-4770590,597,Menzhita,Diamond 1,28,97,,131,116
597,summoner-220311,598,Slayerzx123,Diamond 1,27,107,,173,161
598,summoner-12702513,599,Admiral Kunkka,Diamond 1,27,44,,98,59
599,summoner-205833,600,Copo Snow,Diamond 1,26,119,,171,149
600,summoner-112661,601,Absence,Diamond 1,26,77,,133,120
601,summoner-45739,602,FonTyTy,Diamond 1,26,92,,120,88
602,summoner-143032,603,ACONTR3H,Diamond 1,26,74,,118,101
603,summoner-14110158,604,frost good kid,Diamond 1,25,78,,304,264
604,summoner-23907,605,EmoPorEmilio,Diamond 1,25,117,,257,238
605,summoner-168184,606,ZanganØ,Diamond 1,25,79,,230,209
606,summoner-1490647,607,ExiledOfTwilight,Diamond 1,25,163,,227,177
607,summoner-1557721,608,davidfl,Diamond 1,25,70,,224,214
608,summoner-35890,609,Necko,Diamond 1,25,93,,199,183
609,summoner-98602,610,MemoKsW,Diamond 1,25,101,,178,161
610,summoner-51166,611,chewbacca4,Diamond 1,25,56,,170,134
611,summoner-5970580,612,Bot Elmer,Diamond 1,25,112,,151,136
612,summoner-255561,613,Bjerg,Diamond 1,25,71,,136,93
613,summoner-14130137,614,DH Hayha,Diamond 1,25,58,,132,95
614,summoner-1751868,615,AMBUSH14231342,Diamond 1,25,54,,97,57
615,summoner-182271,616,YoRHa Type A2,Diamond 1,25,77,,43,27
616,summoner-1894532,617,EL TATA BASTIAN,Diamond 1,23,145,,294,268
617,summoner-12200292,618,Insäne,Diamond 1,23,125,,59,37
618,summoner-371650,619,Netherworld,Diamond 1,22,73,,179,141
619,summoner-189802,620,kush da bush,Diamond 1,22,65,,122,113
620,summoner-161575,621,Ghosthit,Diamond 1,22,55,,89,74
621,summoner-45291,622,PorotoLolero,Diamond 1,22,42,,49,26
622,summoner-581577,623,TheMasier,Diamond 1,20,128,,132,107
623,summoner-811836,624,iGeveze,Diamond 1,20,52,,126,115
624,summoner-166851,625,Mgleonty,Diamond 1,20,89,,120,92
625,summoner-43354,626,Agwozh,Diamond 1,20,85,,94,75
626,summoner-204550,627,Dunkel,Diamond 1,20,66,,92,72
627,summoner-4400820,628,ATR pibe Argento,Diamond 1,19,111,,279,255
628,summoner-12051223,629,Hunter Smick,Diamond 1,19,82,,255,238
629,summoner-302344,630,TóxicoPLS,Diamond 1,19,98,,73,56
630,summoner-63599,631,Jalato Salvaje,Diamond 1,18,143,,601,573
631,summoner-198329,632,Sophrosyne,Diamond 1,18,110,,185,169
632,summoner-432780,633,muito,Diamond 1,18,82,,163,160
633,summoner-10280137,634,MadnessButt,Diamond 1,18,51,,126,89
634,summoner-63321,635,Giiro,Diamond 1,18,85,,124,101
635,summoner-49302,636,Navarret,Diamond 1,18,106,,66,57
636,summoner-1155196,637,EvilTriGer,Diamond 1,17,107,,362,351
637,summoner-1975555,638,UT Peep,Diamond 1,17,149,,311,275
638,summoner-4452901,639,Sr Heladitö,Diamond 1,17,118,,299,273
639,summoner-861558,640,JhonyKey,Diamond 1,17,110,,250,247
640,summoner-1344259,641,N I C Ø W,Diamond 1,17,117,,137,123
641,summoner-14130136,642,DH Rice,Diamond 1,17,55,,128,115
642,summoner-43818,643,TA Comander,Diamond 1,17,47,,91,77
643,summoner-235393,644,Migita de Pan,Diamond 1,17,51,,62,45
644,summoner-14086351,645,Scripter btw,Diamond 1,17,74,,56,43
645,summoner-112791,646,OVNI,Diamond 1,16,121,,228,210
646,summoner-14180902,647,d4blonair,Diamond 1,16,58,,179,134
647,summoner-76129,648,Rÿn,Diamond 1,16,94,,124,108
648,summoner-735360,649,Jojola,Diamond 1,15,69,,178,162
649,summoner-1945632,650,AllbaK,Diamond 1,15,52,,142,88
650,summoner-47360,651,Choqo,Diamond 1,14,60,,169,109
651,summoner-28945,652,l None l,Diamond 1,14,72,,137,111
652,summoner-542087,653,Impeesa,Diamond 1,13,94,,192,167
653,summoner-114879,654,Sn3x,Diamond 1,13,43,,65,60
654,summoner-490519,655,RetiredGod,Diamond 1,12,74,,184,175
655,summoner-1641437,656,F23,Diamond 1,12,90,,163,150
656,summoner-1120626,657,StupidLoveStory,Diamond 1,12,79,,101,86
657,summoner-1501092,658,OVG Midnight,Diamond 1,11,142,,312,303
658,summoner-208214,659,Tipazo,Diamond 1,11,49,,67,50
659,summoner-302227,660,Dukie,Diamond 1,10,75,,91,86
660,summoner-52584,661,PlE de Maracuyá,Diamond 1,9,78,,229,220
661,summoner-520647,662,Kino,Diamond 1,9,71,,184,168
662,summoner-5044735,663,DAWNDEMON,Diamond 1,8,65,,186,165
663,summoner-1504090,664,BluePrime,Diamond 1,8,123,,111,94
664,summoner-82560,665,never forgive,Diamond 1,8,67,,104,89
665,summoner-4053236,666,xNegrø,Diamond 1,6,117,,434,410
666,summoner-1052405,667,terbaik1,Diamond 1,6,85,,227,215
667,summoner-1351102,668,Peluca,Diamond 1,6,111,,103,71
668,summoner-39071,669,Teppei,Diamond 1,4,124,,578,579
669,summoner-560629,670,RATA TA TA,Diamond 1,4,102,,268,261
670,summoner-71345,671,Strickzito,Diamond 1,3,109,,333,329
671,summoner-1132526,672,KING OF THE GANG,Diamond 1,3,161,,237,207
672,summoner-191519,673,Kantus Lion,Diamond 1,3,76,,156,133
673,summoner-43381,674,1DBaby,Diamond 1,3,114,,132,115
674,summoner-8764731,675,Aliciæ Neko Chan,Diamond 1,3,102,,123,84
675,summoner-390753,676,TNO Start,Diamond 1,3,90,,95,81
676,summoner-4300422,677,Kirenkill,Diamond 1,2,74,,180,161
677,summoner-1462695,678,Tad,Diamond 1,0,141,,495,505
678,summoner-4618529,679,Sperks,Diamond 1,0,148,,466,445
679,summoner-4910781,680,Kimiri,Diamond 1,0,174,,444,431
680,summoner-1422251,681,Fosbak,Diamond 1,0,127,,440,407
681,summoner-2991063,682,rokka,Diamond 1,0,132,,440,436
682,summoner-117582,683,Malcom Brest,Diamond 1,0,113,,410,358
683,summoner-38965,684,Leo Ponzio,Diamond 1,0,98,,408,400
684,summoner-12220596,685,Jungle Peruvian,Diamond 1,0,116,,380,369
685,summoner-3980755,686,Conejito Triste,Diamond 1,0,142,,366,339
686,summoner-12210372,687,Firstsenbon,Diamond 1,0,148,,365,340
687,summoner-43127,688,Kyzke,Diamond 1,0,111,,351,320
688,summoner-48600,689,IKetchup,Diamond 1,0,115,,346,330
689,summoner-42820,690,InugamiSama,Diamond 1,0,107,,337,324
690,summoner-243932,691,Noodlsyork,Diamond 1,0,98,,324,288
691,summoner-742499,692,Nyxie,Diamond 1,0,123,,310,305
692,summoner-12151685,693,Fenha Rawy,Diamond 1,0,88,,254,242
693,summoner-5072947,694,Syuchan,Diamond 1,0,87,,250,233
694,summoner-168550,695,Gastruks,Diamond 1,0,76,,250,248
695,summoner-104307,696,IceQ,Diamond 1,0,108,,230,206
696,summoner-14120150,697,Crîxus,Diamond 1,0,65,,218,200
697,summoner-109041,698,Kayse,Diamond 1,0,75,,213,200
698,summoner-37529,699,El Morro García,Diamond 1,0,83,,205,196
699,summoner-15812027,700,Owen is back,Diamond 1,0,54,,193,164
700,summoner-206966,701,Retrix,Diamond 1,0,71,,192,181
701,summoner-180021,702,Levi           1,Diamond 1,0,124,,190,182
702,summoner-187359,703,Nutcracko,Diamond 1,0,94,,189,166
703,summoner-10711292,704,Bäster,Diamond 1,0,60,,189,140
704,summoner-1164053,705,Calamidadl,Diamond 1,0,117,,181,172
705,summoner-80244,706,DreamOe,Diamond 1,0,70,,181,120
706,summoner-36325,707,raidenFTW,Diamond 1,0,118,,178,136
707,summoner-11221826,708,awa en el UwU,Diamond 1,0,152,,171,156
708,summoner-1040646,709,SoCaToa,Diamond 1,0,100,,169,143
709,summoner-1485977,710,SiriusDeCanMayor,Diamond 1,0,76,,168,151
710,summoner-61478,711,Zverëv,Diamond 1,0,67,,167,148
711,summoner-1896899,712,xShadow10,Diamond 1,0,134,,162,132
712,summoner-1743174,713,Bizzey,Diamond 1,0,78,,162,146
713,summoner-374337,714,BlUE lCE,Diamond 1,0,82,,157,147
714,summoner-257636,715,iRayleigh,Diamond 1,0,76,,155,134
715,summoner-5390228,716,Tamare,Diamond 1,0,67,,154,138
716,summoner-88804,717,LA COBRA,Diamond 1,0,72,,152,145
717,summoner-39973,718,Blerin,Diamond 1,0,84,,148,134
718,summoner-93639,719,Mistic Cba,Diamond 1,0,83,,147,134
719,summoner-834086,720,Skrillex22,Diamond 1,0,86,,146,127
720,summoner-11930175,721,Lukitya OG,Diamond 1,0,71,,145,82
721,summoner-310981,722,Juandix,Diamond 1,0,70,,140,123
722,summoner-13572044,723,Queens Gamer,Diamond 1,0,84,,135,115
723,summoner-1478821,724,Zhavïaˇ,Diamond 1,0,75,,135,124
724,summoner-481124,725,sorry im bad,Diamond 1,0,116,,135,118
725,summoner-1423674,726,Maxij00,Diamond 1,0,80,,132,90
726,summoner-204326,727,Q is Over 9000,Diamond 1,0,52,,130,109
727,summoner-429447,728,Selva24siete,Diamond 1,0,53,,127,109
728,summoner-1278251,729,midd,Diamond 1,0,59,,119,34
729,summoner-73331,730,20072003,Diamond 1,0,113,,115,97
730,summoner-9250427,731,Otsutsuky,Diamond 1,0,56,,112,87
731,summoner-171121,732,Cäos,Diamond 1,0,72,,110,107
732,summoner-140788,733,PastelDeChoclo,Diamond 1,0,67,,109,82
733,summoner-93699,734,ricosuaveyatusae,Diamond 1,0,104,,105,99
734,summoner-533199,735,xAnubisDarkx2,Diamond 1,0,70,,105,90
735,summoner-14120141,736,RBT Bob,Diamond 1,0,57,,103,78
736,summoner-156929,737,Chwal,Diamond 1,0,96,,103,103
737,summoner-9894364,738,Not Frandaero,Diamond 1,0,55,,100,68
738,summoner-4148630,739,xLockios,Diamond 1,0,62,,99,71
739,summoner-201653,740,Fighter Slayer,Diamond 1,0,66,,97,84
740,summoner-7401964,741,3ternity,Diamond 1,0,60,,94,49
741,summoner-1003667,742,DkA Darkito,Diamond 1,0,116,,91,74
742,summoner-76644,743,Leofull,Diamond 1,0,58,,86,62
743,summoner-417125,744,thiedz2,Diamond 1,0,48,,86,60
744,summoner-159639,745,carrying limp,Diamond 1,0,90,,84,74
745,summoner-1806294,746,Mogölica,Diamond 1,0,67,,82,69
746,summoner-16022445,747,Fck this World,Diamond 1,0,42,,79,44
747,summoner-94213,748,AsuciTo,Diamond 1,0,99,,77,59
748,summoner-298376,749,Meldreın,Diamond 1,0,50,,77,50
749,summoner-136260,750,SoadMaster98,Diamond 1,0,46,,72,54
750,summoner-9380130,751,IronBurners,Diamond 1,0,97,,69,57
751,summoner-13814673,752,ITHimea,Diamond 1,0,63,,64,60
752,summoner-12904332,753,ZS PerroBomba,Diamond 1,0,47,,45,36
753,summoner-5512892,754,TØXIC RIVEN,Diamond 1,0,87,,40,19
754,summoner-40158,755,Bladewolf,Diamond 2,100,151,,499,485
755,summoner-70948,756,San Paoli,Diamond 2,100,186,,482,459
756,summoner-7790606,757,Con CHOCOLATE,Diamond 2,100,105,,279,283
757,summoner-164246,758,Daft,Diamond 2,100,116,,266,246
758,summoner-14451557,759,luqixen v2,Diamond 2,100,70,,256,209
759,summoner-1965130,760,Kundo,Diamond 2,100,106,,248,222
760,summoner-5243424,761,CatSempai,Diamond 2,100,75,,248,235
761,summoner-39437,762,FzF pudGGe,Diamond 2,100,98,,241,225
762,summoner-9947337,763,Nashejkz,Diamond 2,100,95,,226,214
763,summoner-62738,764,Pòdhaps,Diamond 2,100,89,,216,205
764,summoner-7003809,765,Zero Twö,Diamond 2,100,91,,152,147
765,summoner-1882984,766,PepitøPagaX2,Diamond 2,100,69,,141,126
766,summoner-11780134,767,ONLY GYAM PLS,Diamond 2,100,51,,138,88
767,summoner-291378,768,El Sir Uja,Diamond 2,100,86,,130,102
768,summoner-108275,769,Juanita Viale,Diamond 2,100,65,,125,113
769,summoner-12905076,770,FaryaAndWoIyo,Diamond 2,100,62,,125,73
770,summoner-251657,771,Huehuehue,Diamond 2,100,87,,115,102
771,summoner-7260396,772,Dixion,Diamond 2,100,120,,109,77
772,summoner-2287883,773,RaiseINyxJ,Diamond 2,100,58,,91,64
773,summoner-2298770,774,Cute Yasuo,Diamond 2,100,131,,78,53
774,summoner-657140,775,GonzaloooxD,Diamond 2,100,63,,78,56
775,summoner-12031964,776,PenduIum,Diamond 2,100,47,,66,51
776,summoner-912043,777,Copihue Marchito,Diamond 2,99,104,,219,207
777,summoner-24405,778,Hanu,Diamond 2,99,106,,121,108
778,summoner-14903301,779,Aria da Capo,Diamond 2,98,75,,310,279
779,summoner-730858,780,tuiter,Diamond 2,98,50,,57,39
780,summoner-14130135,781,DH Gefahr,Diamond 2,98,38,,49,26
781,summoner-297285,782,Luvo Luvito,Diamond 2,97,56,,154,140
782,summoner-242585,783,Glaceon,Diamond 2,97,98,,99,85
783,summoner-22764,784,Algnu,Diamond 2,96,118,,437,436
784,summoner-11080623,785,No Soy Fenix,Diamond 2,96,69,,240,201
785,summoner-118616,786,Workout,Diamond 2,95,101,,302,291
786,summoner-386291,787,Rakanishü,Diamond 2,95,64,,68,54
787,summoner-67297,788,MrHamburguesa,Diamond 2,95,78,,40,27
788,summoner-12050605,789,Voltedge,Diamond 2,93,103,,238,232
789,summoner-4590757,790,BrunoBY,Diamond 2,92,92,,289,274
790,summoner-66497,791,PIT0HUI,Diamond 2,92,103,,154,139
791,summoner-14772541,792,Häo Asakura,Diamond 2,91,74,,255,214
792,summoner-108621,793,Sliƒer,Diamond 2,91,88,,239,208
793,summoner-14520200,794,Terquito,Diamond 2,91,58,,185,139
794,summoner-124790,795,ShøøTërPërfëct,Diamond 2,91,80,,170,151
795,summoner-27910,796,N4tsu Dr4agneel,Diamond 2,91,64,,73,50
796,summoner-132691,797,Donítz,Diamond 2,90,73,,274,273
797,summoner-423109,798,kakashi xP,Diamond 2,90,89,,232,184
798,summoner-12210145,799,9  Raul Ruidiaz,Diamond 2,90,65,,159,139
799,summoner-253897,800,Spotted,Diamond 2,90,93,,157,136
800,summoner-3460229,801,Semper Idem,Diamond 2,90,67,,123,102
801,summoner-280932,802,Senstus,Diamond 2,90,92,,78,61
802,summoner-1180883,803,Andres1,Diamond 2,86,58,,163,104
803,summoner-1076133,804,Dreth11,Diamond 2,86,96,,103,70
804,summoner-9632857,805,CA TenteX,Diamond 2,85,101,,484,443
805,summoner-3311988,806,Wanchope Ramos,Diamond 2,85,95,,215,214
806,summoner-190626,807,ELBA NEA2,Diamond 2,83,89,,238,230
807,summoner-5610161,808,King Kong I,Diamond 2,83,48,,103,81
808,summoner-5454488,809,Someonely,Diamond 2,83,82,,103,83
809,summoner-2361583,810,123xdlul,Diamond 2,83,55,,99,86
810,summoner-53475,811,ææææææ,Diamond 2,82,111,,302,290
811,summoner-124626,812,44 Tute,Diamond 2,82,112,,285,270
812,summoner-167838,813,Koete,Diamond 2,82,81,,151,142
813,summoner-1485192,814,Dark Kite,Diamond 2,81,85,,154,137
814,summoner-650230,815,Pablillo,Diamond 2,81,98,,123,107
815,summoner-56038,816,meiser,Diamond 2,81,75,,111,101
816,summoner-185768,817,IM VAYNE MAIN,Diamond 2,79,89,,313,295
817,summoner-1577980,818,Churman,Diamond 2,79,146,,165,150
818,summoner-3822417,819,qWest,Diamond 2,78,89,,99,93
819,summoner-2630772,820,Vincent Overkill,Diamond 2,77,151,,639,639
820,summoner-1510147,821,SurgiçaL,Diamond 2,77,55,,87,80
821,summoner-39062,822,Nerf Rojo,Diamond 2,76,83,,169,166
822,summoner-4003528,823,Like a Stone,Diamond 2,76,79,,62,50
823,summoner-8060155,824,YasuCOCO,Diamond 2,75,121,,397,401
824,summoner-26925,825,Dënver,Diamond 2,75,92,,297,294
825,summoner-5074241,826,Fersito,Diamond 2,75,102,,233,193
826,summoner-1473680,827,Benjì,Diamond 2,75,93,,232,228
827,summoner-300900,828,Desvirgensen GG,Diamond 2,75,71,,229,216
828,summoner-171780,829,Maürice,Diamond 2,75,95,,222,221
829,summoner-91963,830,ForniteIsBetter,Diamond 2,75,72,,213,206
830,summoner-1495720,831,Loli LUX,Diamond 2,75,106,,207,200
831,summoner-98783,832,deratero,Diamond 2,75,91,,204,162
832,summoner-14650166,833,Fantasi,Diamond 2,75,70,,202,175
833,summoner-14130154,834,trueno corto,Diamond 2,75,65,,194,170
834,summoner-100093,835,Bayus,Diamond 2,75,67,,194,176
835,summoner-2308808,836,NároK,Diamond 2,75,90,,190,169
836,summoner-14120137,837,ISG Fear,Diamond 2,75,63,,186,114
837,summoner-35022,838,MjL,Diamond 2,75,66,,181,172
838,summoner-248676,839,Cuturrufo,Diamond 2,75,72,,174,170
839,summoner-22552,840,Chapannya,Diamond 2,75,77,,158,145
840,summoner-14097813,841,aoFF,Diamond 2,75,66,,152,105
841,summoner-6453121,842,Naabsito,Diamond 2,75,62,,145,97
842,summoner-6752477,843,mAkálister,Diamond 2,75,110,,144,134
843,summoner-60495,844,Mozilla Firefox,Diamond 2,75,74,,143,129
844,summoner-7572255,845,Nevergreen,Diamond 2,75,62,,138,135
845,summoner-59163,846,Bai Hu,Diamond 2,75,72,,133,109
846,summoner-897032,847,Pacif Li Yau,Diamond 2,75,82,,131,104
847,summoner-14650151,848,Zeift,Diamond 2,75,54,,127,120
848,summoner-1472963,849,washochico,Diamond 2,75,51,,126,115
849,summoner-14171676,850,KKKKKKKKKKKKKKK1,Diamond 2,75,47,,116,67
850,summoner-40607,851,192cm support,Diamond 2,75,58,,105,96
851,summoner-4605964,852,Vicho mata Jiles,Diamond 2,75,94,,103,81
852,summoner-137286,853,BL Nieve Negra,Diamond 2,75,71,,101,68
853,summoner-7993045,854,Friedrich IV,Diamond 2,75,43,,93,54
854,summoner-167145,855,DarkMittor,Diamond 2,75,61,,92,68
855,summoner-1600402,856,littlegod,Diamond 2,75,98,,91,85
856,summoner-726351,857,CocaineNight,Diamond 2,75,73,,90,72
857,summoner-13010323,858,N i c o m a n d0,Diamond 2,75,47,,81,60
858,summoner-15500212,859,Fªntasi,Diamond 2,75,40,,80,39
859,summoner-15994777,860,AkaliNuv,Diamond 2,75,41,,74,39
860,summoner-840963,861,Escibalo,Diamond 2,75,96,,73,66
861,summoner-14130141,862,FG Nobody,Diamond 2,75,40,,68,36
862,summoner-129953,863,Meguita,Diamond 2,75,41,,32,19
863,summoner-11162135,864,xBlastZ,Diamond 2,74,74,,203,187
864,summoner-299601,865,Sum 41,Diamond 2,74,64,,101,99
865,summoner-1224251,866,EnzoxxD,Diamond 2,73,92,,275,270
866,summoner-3083179,867,Arhkeidom,Diamond 2,73,141,,272,249
867,summoner-4160848,868,Deussmaug5,Diamond 2,73,73,,91,80
868,summoner-1554899,869,Squal,Diamond 2,72,84,,246,241
869,summoner-218709,870,asesinopa,Diamond 2,72,85,,205,190
870,summoner-2318414,871,KOTC Shura,Diamond 2,72,84,,195,173
871,summoner-538041,872,xEstarossa,Diamond 2,72,65,,188,179
872,summoner-4177875,873,D3NDI,Diamond 2,71,107,,302,288
873,summoner-4024395,874,Briandy,Diamond 2,71,105,,150,140
874,summoner-213274,875,ESPARTA41,Diamond 2,71,69,,79,65
875,summoner-1066221,876,Lorakev,Diamond 2,71,80,,58,38
876,summoner-1556215,877,iNasThy,Diamond 2,70,114,,196,175
877,summoner-46649,878,0nli,Diamond 2,70,58,,126,109
878,summoner-1910683,879,PERNITAS KILLER,Diamond 2,70,95,,86,73
879,summoner-39785,880,Míshu,Diamond 2,69,125,,463,449
880,summoner-3733311,881,THN Hatziven,Diamond 2,69,101,,198,185
881,summoner-414308,882,ReLife,Diamond 2,69,90,,152,131
882,summoner-79527,883,Arroz,Diamond 2,69,64,,122,114
883,summoner-1242005,884,ileu07,Diamond 2,69,97,,102,93
884,summoner-1031416,885,Try again later,Diamond 2,69,119,,84,74
885,summoner-41640,886,1androM,Diamond 2,69,72,,70,49
886,summoner-9920154,887,OnlyBruiserJanna,Diamond 2,68,89,,273,226
887,summoner-1132021,888,Bot Susu,Diamond 2,68,91,,160,148
888,summoner-1042619,889,Mitsuki Gaiden,Diamond 2,67,72,,193,183
889,summoner-138718,890,Nachota5,Diamond 2,67,74,,155,149
890,summoner-1077703,891,NCX Loky,Diamond 2,66,99,,325,317
891,summoner-46166,892,ShyWi,Diamond 2,66,108,,270,260
892,summoner-22395,893,Sarodag,Diamond 2,66,101,,133,117
893,summoner-247086,894,DAMN ITS ANIBAL,Diamond 2,66,80,,61,47
894,summoner-233032,895,CallMeLucky,Diamond 2,65,60,,80,68
895,summoner-212702,896,LA COPA DE GRASA,Diamond 2,65,62,,70,55
896,summoner-79687,897,Ex Semi Pro,Diamond 2,64,95,,199,194
897,summoner-1494810,898,Karcâss,Diamond 2,64,93,,182,168
898,summoner-1461299,899,rawr nya uwu grr,Diamond 2,64,119,,165,143
899,summoner-73494,900,TasteOrange,Diamond 2,64,70,,162,132
900,summoner-8692278,901,TUTI DIOS,Diamond 2,64,240,,118,64
901,summoner-59945,902,Nestor menta,Diamond 2,64,89,,92,78
902,summoner-63257,903,DanixCabe,Diamond 2,63,75,,148,151
903,summoner-389909,904,LNL Articuno,Diamond 2,63,80,,140,126
904,summoner-68700,905,nêo,Diamond 2,63,55,,115,109
905,summoner-163972,906,djseba,Diamond 2,63,54,,91,80
906,summoner-2924079,907,Makeart reformed,Diamond 2,62,73,,156,133
907,summoner-165815,908,I love Baykon,Diamond 2,62,46,,58,45
908,summoner-217023,909,Ðrako,Diamond 2,61,100,,243,230
909,summoner-58666,910,rompeorli,Diamond 2,61,104,,238,230
910,summoner-1131916,911,AZ Tiger,Diamond 2,61,70,,90,71
911,summoner-193832,912,Thünder,Diamond 2,60,53,,93,87
912,summoner-131257,913,Demura,Diamond 2,60,45,,45,31
913,summoner-1735054,914,TheDeserterYang,Diamond 2,59,114,,294,286
914,summoner-410906,915,Tønitrus,Diamond 2,59,140,,258,236
915,summoner-217586,916,0drep,Diamond 2,59,100,,160,133
916,summoner-95759,917,Ezcanor,Diamond 2,59,67,,105,90
917,summoner-58984,918,HKs Totoreto,Diamond 2,58,67,,194,178
918,summoner-42280,919,koré,Diamond 2,58,79,,183,162
919,summoner-142190,920,Crossboow,Diamond 2,58,88,,150,140
920,summoner-4380877,921,Zevirah,Diamond 2,57,88,,224,208
921,summoner-7542422,922,ateoXD,Diamond 2,57,74,,168,148
922,summoner-52399,923,Sad Nibba Hours,Diamond 2,57,88,,146,128
923,summoner-111591,924,regency reload,Diamond 2,56,95,,197,182
924,summoner-188016,925,QKel,Diamond 2,55,142,,546,530
925,summoner-12980827,926,Rika Fox Pawzer,Diamond 2,55,135,,443,417
926,summoner-1163012,927,BNH JoseeDx,Diamond 2,55,85,,245,228
927,summoner-1235406,928,Li Grim,Diamond 2,55,106,,236,234
928,summoner-11090136,929,Kuzo,Diamond 2,55,62,,68,49
929,summoner-146561,930,Advanzeeee,Diamond 2,55,49,,61,54
930,summoner-1411248,931,GunPøint,Diamond 2,54,96,,243,231
931,summoner-44114,932,Anaru,Diamond 2,54,87,,157,140
932,summoner-148317,933,LegendarioCastor,Diamond 2,54,103,,151,138
933,summoner-2792742,934,marcos gomez7,Diamond 2,54,71,,113,118
934,summoner-3935623,935,Dylå,Diamond 2,54,62,,108,88
935,summoner-14184424,936,feel owo,Diamond 2,54,43,,94,55
936,summoner-1795845,937,Unlucky god,Diamond 2,53,97,,246,234
937,summoner-2930172,938,Vuestro Tirador,Diamond 2,53,84,,199,175
938,summoner-4493801,939,PoneOtro,Diamond 2,53,70,,126,98
939,summoner-2265827,940,GarciColA,Diamond 2,53,69,,117,101
940,summoner-126603,941,DotA,Diamond 2,53,91,,100,88
941,summoner-71613,942,T Dog,Diamond 2,53,73,,64,36
942,summoner-1549856,943,Sangría Wine,Diamond 2,53,84,,54,48
943,summoner-800243,944,Groovy Bear,Diamond 2,53,54,,51,36
944,summoner-2530730,945,Kartana1,Diamond 2,53,39,,43,35
945,summoner-36536,946,Randih,Diamond 2,52,80,,201,187
946,summoner-240624,947,Tankeniken,Diamond 2,52,98,,171,142
947,summoner-55643,948,KNoW Name,Diamond 2,52,85,,92,77
948,summoner-56474,949,665,Diamond 2,51,122,,301,273
949,summoner-99148,950,FraudeAlFisco,Diamond 2,51,64,,80,65
950,summoner-2298191,951,Aakash,Diamond 2,50,86,,180,168
951,summoner-5350670,952,LittIe ROODRA,Diamond 2,50,60,,68,51
952,summoner-22185,953,VAYNE IS IZI,Diamond 2,50,48,,60,43
953,summoner-39318,954,SOUŁ,Diamond 2,49,86,,81,63
954,summoner-199701,955,Kirua Zorudikku,Diamond 2,48,90,,336,308
955,summoner-77436,956,Edenzin,Diamond 2,48,76,,79,54
956,summoner-626866,957,AxelBrody,Diamond 2,47,84,,140,118
957,summoner-11352642,958,Bigfoot AD Carry,Diamond 2,46,77,,279,261
958,summoner-207127,959,MyonMyonMyonMyon,Diamond 2,46,72,,187,176
959,summoner-4090797,960,Rakelstake,Diamond 2,45,60,,189,172
960,summoner-483622,961,Reverie,Diamond 2,45,87,,135,103
961,summoner-4494395,962,DF RaiNigHT,Diamond 2,44,125,,292,283
962,summoner-12030671,963,KeNay D,Diamond 2,44,55,,155,122
963,summoner-29294,964,Ridet,Diamond 2,44,87,,137,101
964,summoner-7960347,965,Tall Morty,Diamond 2,44,53,,104,86
965,summoner-102154,966,Midgårdsormen,Diamond 2,43,109,,320,306
966,summoner-794179,967,MgPorAtras,Diamond 2,43,80,,255,228
967,summoner-134816,968,ENNDO,Diamond 2,43,71,,217,203
968,summoner-314731,969,20XX,Diamond 2,43,80,,138,127
969,summoner-68003,970,Juego top uwu,Diamond 2,43,62,,91,62
970,summoner-170034,971,WAAAANDiX,Diamond 2,43,38,,53,30
971,summoner-94170,972,Viry,Diamond 2,42,146,,442,424
972,summoner-618851,973,El Capitan Beto,Diamond 2,42,92,,270,273
973,summoner-6343581,974,Lil Mitsu,Diamond 2,42,131,,120,111
974,summoner-135062,975,Blond,Diamond 2,42,77,,70,49
975,summoner-294939,976,Remotion,Diamond 2,41,73,,109,89
976,summoner-1151949,977,Alejandro Soto,Diamond 2,41,88,,53,38
977,summoner-1065031,978,Marcel Laville,Diamond 2,40,127,,390,385
978,summoner-4810807,979,TSM Bianquin,Diamond 2,40,110,,267,264
979,summoner-158912,980,Nujabës,Diamond 2,40,95,,263,262
980,summoner-3111245,981,ÆT Aweodinho,Diamond 2,40,111,,249,229
981,summoner-291690,982,kek,Diamond 2,40,73,,73,52
982,summoner-25524,983,Kirigaya Kazut0,Diamond 2,39,82,,236,223
983,summoner-940261,984,ZegtioN,Diamond 2,39,80,,128,125
984,summoner-4811860,985,Sucio Kayn,Diamond 2,38,141,,472,486
985,summoner-33987,986,Ferrarii 404,Diamond 2,38,61,,154,86
986,summoner-42740,987,Lovely Senpai,Diamond 2,38,87,,76,64
987,summoner-4820843,988,Starshy,Diamond 2,37,100,,140,130
988,summoner-26529,989,khzxr is love,Diamond 2,37,62,,129,115
989,summoner-391377,990,LøveIy Guy,Diamond 2,37,188,,101,80
990,summoner-131917,991,Serafín Delfín,Diamond 2,36,94,,388,371
991,summoner-212132,992,Dear Amy lee,Diamond 2,36,110,,352,352
992,summoner-56142,993,Tiffany,Diamond 2,36,103,,247,251
993,summoner-199570,994,DKS,Diamond 2,36,68,,177,149
994,summoner-260017,995,Tüi,Diamond 2,36,80,,152,126
995,summoner-6124829,996,WalSlipk,Diamond 2,36,68,,104,93
996,summoner-1902079,997,Midnight A7X,Diamond 2,36,117,,103,68
997,summoner-64156,998,Wésker,Diamond 2,36,57,,68,54
998,summoner-3994782,999,PK MaCry,Diamond 2,36,38,,47,30
999,summoner-50344,1000,Upi Cat,Diamond 2,35,100,,282,257
