#timestamp 1529841669679
#date 2018-06-24T12:01:09+00:00
#players 1000
#index,id,rank,name,tier,lp,level,proTeam,win,loss
0,summoner-16534242,1,TF BIade,Challenger,1185,44,,128,51
1,summoner-41710,2,Pix CaritaTriste,Challenger,1144,77,,138,74
2,summoner-5470459,3,LAE xSWRD,Challenger,1067,69,,165,112
3,summoner-95820,4,VírusFx,Challenger,927,90,,132,68
4,summoner-144414,5,Kunou,Challenger,837,97,,136,86
5,summoner-2281875,6,Hirotaka Nifuji,Challenger,788,119,,144,110
6,summoner-2342030,7,Athyż,Challenger,769,93,,161,120
7,summoner-6130219,8,Geohelado,Challenger,761,74,,168,129
8,summoner-886644,9,vSack,Challenger,750,92,,190,155
9,summoner-640255,10,Swifu,Challenger,748,109,,164,123
10,summoner-42749,11,Cliff0,Challenger,723,74,,252,196
11,summoner-418941,12,MadBlade,Challenger,702,69,,189,138
12,summoner-116294,13,MySunflower Dani,Challenger,663,100,,174,131
13,summoner-2322700,14,CGC S A M Y 2,Challenger,647,84,,189,146
14,summoner-139862,15,Säth,Challenger,595,127,,197,157
15,summoner-48057,16,Luha,Challenger,590,95,,173,144
16,summoner-4571935,17,Fighter1,Challenger,588,46,,150,105
17,summoner-1157126,18,bubbleman08,Challenger,578,90,,119,87
18,summoner-947428,19,TwitchTv Crecre,Challenger,563,89,,237,178
19,summoner-348223,20,Miketsü,Challenger,563,92,,189,156
20,summoner-56961,21,JuanDrd435,Challenger,555,136,,309,264
21,summoner-8801194,22,Hand of Obelisk,Challenger,541,83,,210,170
22,summoner-5494753,23,Zorekk Onii Chan,Challenger,531,76,,149,115
23,summoner-537764,24,Thief of Relics,Challenger,528,87,,153,123
24,summoner-168284,25,SomosAsc0Deduo,Challenger,522,95,,204,178
25,summoner-61520,26,TES ArándanoAzul,Challenger,517,107,,147,104
26,summoner-6291753,27,Güereca,Challenger,510,51,,131,96
27,summoner-4591052,28,BloodyLion,Challenger,509,70,,209,171
28,summoner-50080,29,Jujo,Challenger,502,103,,132,91
29,summoner-941191,30,BoñeIo,Challenger,495,80,,187,153
30,summoner-176354,31,Crecre,Challenger,492,87,,365,306
31,summoner-204315,32,lruga,Challenger,445,74,,267,239
32,summoner-44037,33,Trash Game,Challenger,469,86,,150,113
33,summoner-5660236,34,ZXVMGBORSA95,Challenger,468,106,,302,268
34,summoner-810373,35,NeoEclipsF0rever,Challenger,462,145,,134,101
35,summoner-4450189,36,tuabuelitaentang,Challenger,460,137,,121,89
36,summoner-2501105,37,No Øne,Challenger,452,103,,216,188
37,summoner-1155001,38,el chinguita,Challenger,452,111,,201,169
38,summoner-153625,39,Haka,Challenger,449,112,,165,137
39,summoner-12830164,40,ØE Fas the Magi,Challenger,449,49,,115,85
40,summoner-524840,41,ShyKid,Challenger,445,75,,139,104
41,summoner-2241940,42,GNO UmbraAP,Challenger,443,123,,195,162
42,summoner-392695,43,CGC S A M Y,Challenger,442,79,,212,172
43,summoner-215450,44,CLK1,Challenger,442,63,,209,171
44,summoner-75295,45,Her Demon Fenix,Challenger,441,77,,122,96
45,summoner-488562,46,Nezumi,Challenger,433,102,,231,197
46,summoner-4163836,47,Alex Mercér,Challenger,431,67,,152,129
47,summoner-10841439,48,LawlietLelouch,Challenger,425,87,,231,204
48,summoner-112541,49,Snòopy,Challenger,425,73,,187,150
49,summoner-14101711,50,CGC S A M Y 3,Challenger,421,63,,178,133
50,summoner-851199,51,SAMMAHEL,Challenger,412,141,,491,464
51,summoner-331693,52,DarkShark10,Challenger,412,91,,348,317
52,summoner-156320,53,Mikesos,Challenger,407,171,,507,469
53,summoner-4511925,54,KarenCosy,Challenger,400,53,,129,77
54,summoner-118870,55,Tu Guardián,Challenger,399,106,,149,116
55,summoner-13643775,56,PAPAYlTA,Challenger,397,72,,274,242
56,summoner-3480131,57,Doug,Challenger,396,44,,90,39
57,summoner-11610140,58,Stròng,Challenger,392,64,,129,101
58,summoner-98115,59,ReykoPa,Challenger,391,66,,135,111
59,summoner-2122221,60,Trippïe Redd,Challenger,391,63,,133,100
60,summoner-170093,61,FZXT,Challenger,382,64,,84,50
61,summoner-153065,62,mid lane banter,Challenger,365,59,,176,142
62,summoner-403393,63,Un Pinguino Cool,Challenger,363,70,,127,84
63,summoner-39415,64,Vini,Challenger,362,66,,140,110
64,summoner-8604015,65,Darkin,Challenger,359,98,,153,131
65,summoner-41224,66,Kanra00,Challenger,357,70,,131,102
66,summoner-2191160,67,MacCuin,Challenger,354,99,,180,152
67,summoner-1566287,68,KhaelMa,Challenger,351,60,,172,145
68,summoner-211236,69,Sebastien,Challenger,345,69,,201,163
69,summoner-5090223,70,Tonight We Hunt,Challenger,342,202,,329,300
70,summoner-162243,71,Legendary Lee,Challenger,342,58,,78,50
71,summoner-1630586,72,Huevø Frito,Challenger,321,105,,159,113
72,summoner-7680088,73,Estigia,Challenger,318,101,,112,87
73,summoner-33732,74,atlanta,Challenger,318,59,,106,82
74,summoner-1740857,75,Jauny,Challenger,316,91,,223,173
75,summoner-36473,76,Harahgon,Challenger,314,123,,377,346
76,summoner-213475,77,JesusCA,Challenger,314,64,,266,195
77,summoner-7204106,78,TG Re Zaidex,Challenger,314,118,,227,196
78,summoner-75118,79,Soran,Challenger,306,115,,191,165
79,summoner-6653525,80,SuperSave,Challenger,305,121,,193,168
80,summoner-181794,81,Lumi,Challenger,305,106,,165,148
81,summoner-3304652,82,Noctix,Challenger,302,168,,485,442
82,summoner-394180,83,Crystal Molly,Challenger,300,135,,375,343
83,summoner-138842,84,I Love Trump,Challenger,300,50,,170,47
84,summoner-159044,85,Iana del rey,Challenger,300,49,,116,84
85,summoner-919104,86,Maîck,Challenger,297,82,,160,135
86,summoner-1201237,87,Luprin,Challenger,295,76,,74,47
87,summoner-1231471,88,I Aru I,Challenger,293,126,,365,326
88,summoner-97956,89,Selfish Bastard,Challenger,292,68,,153,117
89,summoner-211435,90,Tu Gypsi,Challenger,290,115,,209,179
90,summoner-622280,91,Fibrah,Challenger,289,46,,126,71
91,summoner-1070594,92,Lord Strider,Challenger,282,112,,147,120
92,summoner-157955,93,Daddy Eddie,Challenger,282,58,,141,107
93,summoner-1356449,94,Rμby,Challenger,281,132,,338,310
94,summoner-1361857,95,Bryce Walker,Challenger,280,85,,231,218
95,summoner-11762731,96,Sandër,Challenger,274,112,,169,145
96,summoner-127811,97,CG Snow,Challenger,272,119,,460,425
97,summoner-213822,98,stay fresh,Challenger,272,104,,283,259
98,summoner-290915,99,A Sexy Waifu,Challenger,270,98,,156,129
99,summoner-841541,100,MadTedd,Challenger,268,66,,150,125
100,summoner-157956,101,Rìku,Challenger,262,145,,102,78
101,summoner-5140831,102,Deiv1d,Challenger,258,75,,114,93
102,summoner-15280182,103,Poropops,Challenger,257,50,,81,43
103,summoner-1820423,104,Twitzze,Challenger,255,58,,194,138
104,summoner-40335,105,Prae,Challenger,253,138,,461,438
105,summoner-5660249,106,Soradg,Challenger,253,118,,162,144
106,summoner-1172068,107,Kanye Wesst,Challenger,252,105,,140,119
107,summoner-5572510,108,NeonShy,Challenger,251,103,,257,231
108,summoner-416409,109,Mágaña,Challenger,251,80,,215,199
109,summoner-800898,110,MuffinsPodridos,Challenger,251,77,,174,129
110,summoner-2400971,111,DonPacs,Challenger,250,70,,95,60
111,summoner-296596,112,Andrea Motz,Challenger,247,121,,308,280
112,summoner-1118998,113,Distortion,Challenger,246,114,,164,138
113,summoner-597117,114,Fazz,Challenger,242,114,,270,246
114,summoner-117620,115,chimera r2,Challenger,241,96,,306,291
115,summoner-10233192,116,SaekoUndBlack,Challenger,241,36,,62,11
116,summoner-33622,117,Lettiot,Challenger,239,93,,122,91
117,summoner-1051840,118,Olivia,Challenger,238,113,,165,142
118,summoner-15060130,119,fkin idiot,Challenger,237,55,,148,117
119,summoner-156335,120,Kindle,Challenger,236,107,,236,219
120,summoner-3571348,121,paulisTinA,Challenger,235,77,,176,141
121,summoner-2303376,122,Jikann,Challenger,234,97,,208,185
122,summoner-208064,123,kodixia,Challenger,234,115,,205,178
123,summoner-65195,124,AnT Roski,Challenger,234,66,,76,49
124,summoner-324984,125,Enryu The Red,Challenger,233,66,,215,176
125,summoner-1990286,126,Gekkø,Challenger,232,144,,447,420
126,summoner-935643,127,Amigo Grifo,Challenger,228,79,,144,128
127,summoner-74750,128,Zcarnet,Challenger,227,95,,166,133
128,summoner-203413,129,Andrew18,Challenger,227,108,,165,142
129,summoner-409468,130,Säikou,Challenger,227,105,,154,137
130,summoner-9781020,131,SkillHard,Challenger,225,153,,443,432
131,summoner-33593,132,AG siegfred,Challenger,224,77,,138,119
132,summoner-6532932,133,Andresu7,Challenger,222,100,,301,279
133,summoner-523229,134,Supraga,Challenger,221,111,,338,304
134,summoner-142005,135,clantoz,Challenger,219,91,,157,120
135,summoner-1159062,136,SGT Sirius Can,Challenger,218,113,,245,232
136,summoner-43897,137,Aletsis,Challenger,218,88,,183,161
137,summoner-1323789,138,ZoneDark,Challenger,218,69,,169,154
138,summoner-43094,139,Rossoneri,Challenger,217,80,,116,88
139,summoner-32943,140,Yugí,Challenger,215,62,,129,103
140,summoner-5513539,141,TC Bunny,Challenger,214,135,,268,246
141,summoner-1385807,142,Low elo trash,Challenger,214,53,,151,120
142,summoner-5651686,143,Duca,Challenger,212,93,,274,255
143,summoner-5020760,144,betatwinz,Challenger,212,44,,67,34
144,summoner-6313454,145,CougarDai,Challenger,210,74,,217,197
145,summoner-4534154,146,Wb Taco,Challenger,210,112,,134,99
146,summoner-1396107,147,24 03 2014,Challenger,209,61,,160,115
147,summoner-135079,148,HandGun,Challenger,208,95,,291,264
148,summoner-435308,149,Thelorien,Challenger,203,119,,132,103
149,summoner-54396,150,MW Star,Challenger,202,139,,154,117
150,summoner-9173721,151,Blakzx,Challenger,201,96,,150,129
151,summoner-2133568,152,Dixel,Challenger,200,72,,229,199
152,summoner-161248,153,Huxy,Challenger,196,89,,257,234
153,summoner-6003403,154,betatwins,Challenger,192,118,,376,346
154,summoner-14640442,155,PAPAY1TA,Challenger,191,48,,125,82
155,summoner-6551467,156,Ytterbium,Challenger,190,59,,150,112
156,summoner-5040611,157,Bebé Pinguino,Challenger,190,46,,74,43
157,summoner-626956,158,alboaron,Challenger,187,52,,149,62
158,summoner-1396918,159,TwitchTv Danijrm,Challenger,187,53,,124,84
159,summoner-1090707,160,KutarraX,Challenger,184,72,,124,102
160,summoner-4601043,161,Xpontaneous,Challenger,183,54,,46,18
161,summoner-4107412,162,BorjaSOAD,Challenger,180,90,,112,87
162,summoner-8581685,163,FLA Kamui,Challenger,178,124,,412,391
163,summoner-1941206,164,JbayJbs,Challenger,176,86,,106,59
164,summoner-825215,165,Nishkyu,Challenger,173,74,,248,189
165,summoner-136713,166,ENG yisus,Challenger,172,94,,228,198
166,summoner-540221,167,Meme King,Challenger,171,107,,212,192
167,summoner-174950,168,NoLimit,Challenger,171,67,,139,119
168,summoner-171271,169,Pichu,Challenger,169,89,,301,281
169,summoner-413636,170,VLK Sunriser,Challenger,168,57,,114,79
170,summoner-5710759,171,BlìndWalker,Challenger,167,75,,303,234
171,summoner-174213,172,Ábaddon,Challenger,167,87,,190,167
172,summoner-14610241,173,ltsukakotori,Challenger,166,63,,76,49
173,summoner-366242,174,Amo mis bíceps,Challenger,163,124,,274,258
174,summoner-137657,175,Zethric,Challenger,163,130,,74,42
175,summoner-2260260,176,King Wukong,Challenger,162,113,,141,118
176,summoner-63089,177,Thundraz,Challenger,161,132,,165,148
177,summoner-3532481,178,Sithys,Challenger,159,149,,151,122
178,summoner-3313144,179,Nirati,Challenger,157,115,,239,182
179,summoner-99291,180,Tëmpest,Challenger,155,98,,183,127
180,summoner-64005,181,Sandroxx,Challenger,155,63,,95,71
181,summoner-210491,182,DGE BLACMAN,Challenger,153,112,,311,305
182,summoner-3143261,183,Sister,Challenger,153,67,,105,81
183,summoner-545546,184,Acuarelas,Challenger,152,106,,128,108
184,summoner-310350,185,GLG Honoka,Challenger,150,61,,121,102
185,summoner-13050146,186,RNG 55open,Challenger,149,132,,160,136
186,summoner-74002,187,Nils,Challenger,148,89,,139,124
187,summoner-14690856,188,RoyaumLAN,Challenger,147,73,,268,200
188,summoner-501216,189,1Rem,Challenger,146,105,,244,235
189,summoner-361221,190,Krezuel,Challenger,146,112,,201,192
190,summoner-130256,191,Papi Jodin,Challenger,145,72,,206,187
191,summoner-25753,192,Sh0ckwavee,Challenger,144,47,,59,32
192,summoner-36834,193,EvoleX,Challenger,142,107,,206,204
193,summoner-1220127,194,Kanizalez,Challenger,140,95,,245,221
194,summoner-154798,195,Miguël,Challenger,139,94,,291,254
195,summoner-12191961,196,S2 Kurama,Challenger,139,104,,278,234
196,summoner-3943350,197,Chevîs,Challenger,138,90,,159,129
197,summoner-2601343,198,iFeedMe,Challenger,137,72,,230,216
198,summoner-990938,199,Aaronlb,Challenger,109,89,,245,216
199,summoner-6620183,200,Vidal,Challenger,119,96,,206,190
200,summoner-1404541,201,TONYTROXES,Master,147,77,,185,159
201,summoner-93208,202,pxry,Master,137,63,,108,86
202,summoner-11577579,203,Juego Solo top,Master,135,73,,158,136
203,summoner-93056,204,YSalex,Master,133,116,,341,325
204,summoner-7472180,205,NA Fearuz,Master,133,54,,119,86
205,summoner-16840166,206,BeijingBeef,Master,132,57,,191,112
206,summoner-197368,207,Góhan,Master,125,53,,113,102
207,summoner-4443939,208,Ashtray,Master,123,151,,528,511
208,summoner-437429,209,Kyuo,Master,120,99,,75,50
209,summoner-10341706,210,asth4rotwan,Master,117,102,,178,166
210,summoner-4311308,211,How to,Master,115,103,,212,189
211,summoner-877490,212,Goofy Goober,Master,115,204,,122,96
212,summoner-3340222,213,Chiquinquira IJ,Master,115,131,,113,76
213,summoner-7153584,214,Neitzsche,Master,114,126,,226,188
214,summoner-4101200,215,Ainz Ooal GØwn,Master,112,149,,630,606
215,summoner-35651,216,Soul Worker,Master,110,73,,97,80
216,summoner-438977,217,N l G H T,Master,105,169,,430,413
217,summoner-132278,218,rëdnaS,Master,104,52,,151,82
218,summoner-1303280,219,Raylú,Master,103,122,,241,206
219,summoner-147250,220,Maggatt,Master,103,86,,182,163
220,summoner-1735450,221,Kirâ,Master,101,38,,50,18
221,summoner-177367,222,TOXICCCCCCCCCCCC,Master,100,48,,120,90
222,summoner-531488,223,Carillon,Master,100,57,,70,49
223,summoner-13482525,224,StarBunny,Master,99,52,,99,58
224,summoner-14231555,225,Doctrina Egoista,Master,96,53,,134,90
225,summoner-1546393,226,Jedi Form VII,Master,91,65,,176,142
226,summoner-4127893,227,Elekape,Master,86,100,,164,141
227,summoner-150582,228,El Dios Guashi,Master,85,82,,251,231
228,summoner-201606,229,Broodich,Master,85,96,,177,160
229,summoner-14611994,230,Malantë,Master,85,55,,111,80
230,summoner-1149078,231,Pandas Iove,Master,85,83,,63,45
231,summoner-303207,232,Bebe Shaka,Master,84,150,,283,261
232,summoner-20563,233,add 4 web design,Master,84,85,,204,194
233,summoner-2941141,234,JaquenHaghar,Master,83,81,,222,205
234,summoner-500822,235,Kuul,Master,83,95,,135,115
235,summoner-6250197,236,Hakuryuu Reen,Master,80,83,,268,246
236,summoner-330609,237,Carlos V,Master,78,106,,423,406
237,summoner-14745216,238,Kaizeneka A,Master,78,66,,144,108
238,summoner-15300174,239,Levis petrus,Master,78,51,,144,86
239,summoner-2052468,240,UnicornG,Master,76,85,,179,167
240,summoner-290618,241,OG Minu,Master,74,94,,142,103
241,summoner-152128,242,Extravagance,Master,72,51,,152,124
242,summoner-2000186,243,AdLarry,Master,70,69,,180,138
243,summoner-15973031,244,Inli,Master,65,43,,111,64
244,summoner-16410630,245,MW Typhoon,Master,65,58,,95,48
245,summoner-945818,246,Santíago,Master,63,68,,127,107
246,summoner-2544168,247,Líl,Master,62,87,,187,166
247,summoner-126144,248,Te Amo Fanny,Master,62,67,,72,56
248,summoner-76695,249,Sterbenn,Master,61,113,,156,133
249,summoner-198637,250,Mythical Oberyn,Master,60,123,,298,270
250,summoner-62389,251,Dominick,Master,60,100,,244,232
251,summoner-1273292,252,ezpate,Master,59,107,,278,267
252,summoner-3830362,253,MarchedWaif89,Master,57,124,,432,425
253,summoner-3740366,254,Carnage Rules,Master,56,136,,467,459
254,summoner-52722,255,ØE Limitationss,Master,56,49,,69,51
255,summoner-38617,256,Pëanut,Master,53,125,,98,79
256,summoner-1571472,257,Soy Paul,Master,53,50,,86,61
257,summoner-629040,258,ØE Tyr,Master,53,71,,69,36
258,summoner-3720694,259,FnR Kush,Master,52,121,,264,240
259,summoner-188977,260,Doppel,Master,51,81,,145,130
260,summoner-171009,261,PuuRplE,Master,48,111,,201,179
261,summoner-1764966,262,CerquilloTilted,Master,43,65,,224,192
262,summoner-210553,263,Aniivia,Master,42,47,,82,59
263,summoner-91326,264,Z Ø Ð I A C,Master,41,97,,283,264
264,summoner-3500800,265,Gweiss ENP,Master,41,101,,273,258
265,summoner-674461,266,1hollow3,Master,39,64,,159,137
266,summoner-4782124,267,El humilde Yusty,Master,38,62,,185,139
267,summoner-15334874,268,Shìnon,Master,38,57,,175,139
268,summoner-2213274,269,Pervertito,Master,38,63,,152,137
269,summoner-2604044,270,orithkeeper,Master,37,74,,179,164
270,summoner-280323,271,Cookiezai,Master,36,111,,106,80
271,summoner-12323358,272,Falconzs,Master,35,69,,119,104
272,summoner-3471888,273,Nessie,Master,34,146,,294,272
273,summoner-1164376,274,Momo Hirai,Master,33,92,,296,273
274,summoner-212364,275,VLK Equalizer,Master,32,67,,118,97
275,summoner-1650862,276,Melvox,Master,32,134,,95,60
276,summoner-13180512,277,Dmitri Putin,Master,32,82,,75,46
277,summoner-119645,278,MTH AlBREIK,Master,31,114,,211,181
278,summoner-139360,279,Darps,Master,31,55,,131,113
279,summoner-1042775,280,Whité,Master,29,60,,115,94
280,summoner-1021337,281,King Monaco,Master,27,66,,188,170
281,summoner-876702,282,Regulus no Leo,Master,27,69,,130,110
282,summoner-3853491,283,Infamous,Master,26,127,,222,199
283,summoner-9751556,284,Ing Quimico,Master,24,79,,146,116
284,summoner-440349,285,EDGARTOYIN,Master,23,84,,242,227
285,summoner-520325,286,Yaelonu,Master,21,94,,158,143
286,summoner-12950189,287,E Bfriend,Master,21,46,,96,66
287,summoner-1790148,288,AQUILESCANTO2,Master,20,104,,218,189
288,summoner-372135,289,EL Uber,Master,20,102,,72,51
289,summoner-111038,290,Lesoinne,Master,19,72,,164,142
290,summoner-285221,291,iTheEpicReaper,Master,19,80,,139,115
291,summoner-527786,292,SkyGless,Master,18,87,,301,296
292,summoner-8584366,293,AmanfromtheMoon,Master,17,69,,245,187
293,summoner-4607522,294,Darling,Master,16,44,,83,50
294,summoner-341551,295,Makeuz,Master,13,137,,396,388
295,summoner-1376330,296,JuanStan,Master,13,103,,265,252
296,summoner-452765,297,ill kms,Master,10,55,,145,110
297,summoner-90933,298,Núit,Master,8,77,,130,112
298,summoner-488455,299,Bareh,Master,5,96,,285,270
299,summoner-166992,300,SandwichDLechuga,Master,4,101,,229,190
300,summoner-488455,301,Bareh,Master,5,96,,285,270
301,summoner-166992,302,SandwichDLechuga,Master,4,101,,229,190
302,summoner-329765,303,CentenaryWarrior,Master,0,133,,433,411
303,summoner-9663451,304,Thúnder,Master,0,168,,349,345
304,summoner-3462881,305,Panda Tom,Master,0,141,,348,334
305,summoner-136168,306,Nihilist Örlando,Master,0,108,,342,334
306,summoner-1744540,307,Jeff506,Master,0,103,,325,305
307,summoner-340565,308,Lp3 Nyeloh,Master,0,121,,319,306
308,summoner-4882455,309,Nightwolf9,Master,0,127,,299,277
309,summoner-151439,310,ricopolllo,Master,0,108,,282,264
310,summoner-4720242,311,Laxse,Master,0,100,,264,228
311,summoner-545911,312,Psicología,Master,0,101,,247,228
312,summoner-5473863,313,Anderkiller76,Master,0,96,,231,215
313,summoner-1540456,314,Feple,Master,0,71,,216,178
314,summoner-40147,315,Diamond Stuck,Master,0,148,,206,189
315,summoner-129918,316,El Chuky Lozano,Master,0,119,,199,180
316,summoner-41511,317,LiiiiT,Master,0,58,,183,168
317,summoner-77347,318,Codename00,Master,0,59,,176,166
318,summoner-5613974,319,Josh2Play,Master,0,87,,172,138
319,summoner-2871352,320,Old West,Master,0,113,,166,134
320,summoner-523266,321,Protego,Master,0,106,,163,140
321,summoner-433265,322,Lord 4SaKeN,Master,0,95,,160,145
322,summoner-11600165,323,Rocket Råccoon,Master,0,131,,158,131
323,summoner-4903905,324,RafflesGaming,Master,0,84,,150,135
324,summoner-208654,325,Crensil Diva,Master,0,87,,134,109
325,summoner-15264702,326,OscarSolisG,Master,0,54,,130,78
326,summoner-3931575,327,Lann,Master,0,125,,129,103
327,summoner-7880294,328,TES PinkGoat,Master,0,92,,123,109
328,summoner-68678,329,HazärD,Master,0,89,,117,102
329,summoner-815305,330,Nea,Master,0,101,,103,88
330,summoner-5932534,331,Noriel,Master,0,47,,88,65
331,summoner-562204,332,Zask,Master,0,66,,39,15
332,summoner-1159889,333,Hamy,Diamond 1,100,99,,253,226
333,summoner-155309,334,Diretlan,Diamond 1,100,81,,223,203
334,summoner-4601098,335,CSGblackrock,Diamond 1,100,85,,216,195
335,summoner-119001,336,Scythes,Diamond 1,100,79,,170,150
336,summoner-593537,337,Nasus top orfeed,Diamond 1,100,106,,155,137
337,summoner-22299,338,Redscorpy,Diamond 1,100,138,,145,126
338,summoner-941797,339,Tiltalin,Diamond 1,100,69,,130,97
339,summoner-327704,340,Dr Mister Señor,Diamond 1,100,50,,116,90
340,summoner-431286,341,Biboom,Diamond 1,100,73,,111,86
341,summoner-426366,342,Saving,Diamond 1,100,50,,108,72
342,summoner-219008,343,Shadesu,Diamond 1,100,74,,99,66
343,summoner-423742,344,Sanha,Diamond 1,100,126,,97,68
344,summoner-2630739,345,Kitorinho,Diamond 1,100,47,,62,41
345,summoner-288785,346,Ásura,Diamond 1,97,114,,263,251
346,summoner-303787,347,Fatal,Diamond 1,97,67,,75,59
347,summoner-7132675,348,Justin LFT 2,Diamond 1,97,41,,58,29
348,summoner-1531157,349,Dobleshot,Diamond 1,96,60,,172,117
349,summoner-153891,350,Dkram,Diamond 1,96,66,,127,115
350,summoner-873834,351,Ricardo Motta,Diamond 1,96,69,,79,66
351,summoner-1292652,352,l  Jamon  l,Diamond 1,95,95,,116,97
352,summoner-9974185,353,Tilted Meteoro,Diamond 1,95,44,,42,18
353,summoner-10842590,354,edwinkirito LAN,Diamond 1,94,78,,130,118
354,summoner-652463,355,Amnesía,Diamond 1,93,99,,162,142
355,summoner-365511,356,Eudus,Diamond 1,92,99,,143,112
356,summoner-3520800,357,xamexxdroxer,Diamond 1,91,102,,150,129
357,summoner-37636,358,LEITSAK,Diamond 1,90,93,,198,160
358,summoner-333945,359,Alex Ov,Diamond 1,90,72,,189,185
359,summoner-8341551,360,Lankor,Diamond 1,90,99,,158,147
360,summoner-2343019,361,ARTIFIZES,Diamond 1,90,61,,151,132
361,summoner-4621033,362,Red Trainer,Diamond 1,90,55,,133,105
362,summoner-676489,363,Inky Veil,Diamond 1,90,65,,97,53
363,summoner-4902286,364,Fürer Reich,Diamond 1,90,55,,85,69
364,summoner-15452277,365,TwTv Danijrm,Diamond 1,90,41,,69,30
365,summoner-60466,366,N5 Garçon,Diamond 1,90,84,,63,50
366,summoner-293255,367,Devoch,Diamond 1,90,87,,58,32
367,summoner-1152178,368,Jose12gab,Diamond 1,90,37,,58,19
368,summoner-2084890,369,chapaliku,Diamond 1,90,87,,42,27
369,summoner-9974340,370,DeriD,Diamond 1,90,60,,42,26
370,summoner-177587,371,Fallouch,Diamond 1,88,115,,156,140
371,summoner-1397595,372,skarche31,Diamond 1,87,53,,170,75
372,summoner-657505,373,TU JEFA,Diamond 1,87,69,,140,104
373,summoner-670630,374,Yuuna,Diamond 1,87,63,,115,80
374,summoner-36323,375,pokemexta2,Diamond 1,87,53,,75,56
375,summoner-217410,376,WhitDude,Diamond 1,85,90,,154,138
376,summoner-920105,377,Softdrink870,Diamond 1,85,85,,138,101
377,summoner-397019,378,lJuanma,Diamond 1,85,110,,129,106
378,summoner-9673380,379,Netzukadas,Diamond 1,85,67,,117,79
379,summoner-16830174,380,HambertHM,Diamond 1,85,53,,102,70
380,summoner-908592,381,Menfrox,Diamond 1,85,50,,96,67
381,summoner-1595762,382,Isá Dainsleif,Diamond 1,84,139,,321,308
382,summoner-28055,383,Redkaz,Diamond 1,84,108,,179,148
383,summoner-622005,384,Miss Pamela Chu,Diamond 1,84,68,,91,76
384,summoner-16132471,385,Almondia,Diamond 1,83,41,,81,39
385,summoner-16321895,386,Drasiel,Diamond 1,100,58,,160,116
386,summoner-128460,387,Slayer galactico,Diamond 1,82,63,,125,109
387,summoner-138251,388,Quesíto,Diamond 1,82,128,,77,62
388,summoner-1367691,389,CatSempai,Diamond 1,82,38,,48,24
389,summoner-204170,390,Shykop,Diamond 1,82,65,,45,26
390,summoner-1775562,391,White Nightmare,Diamond 1,81,96,,126,106
391,summoner-530613,392,Potluck,Diamond 1,80,82,,66,49
392,summoner-26278,393,AxI,Diamond 1,78,71,,189,174
393,summoner-15891692,394,Santi Rank 1,Diamond 1,78,45,,100,66
394,summoner-1597161,395,WET Granjero,Diamond 1,77,87,,216,202
395,summoner-11530278,396,NiñoRata463,Diamond 1,77,73,,165,147
396,summoner-292776,397,No juego lol,Diamond 1,77,54,,126,107
397,summoner-537831,398,N5 Rach,Diamond 1,77,74,,114,97
398,summoner-670775,399,Shieldworm,Diamond 1,76,113,,271,262
399,summoner-328354,400,dont noobs,Diamond 1,76,71,,73,60
400,summoner-104671,401,ZelCross,Diamond 1,75,102,,325,306
401,summoner-7647944,402,Feeple,Diamond 1,75,79,,275,212
402,summoner-557073,403,C3 RedMagic,Diamond 1,75,73,,261,226
403,summoner-12692888,404,Lucian ADC,Diamond 1,75,71,,254,211
404,summoner-85590,405,Pikachu gr,Diamond 1,75,79,,248,232
405,summoner-10020131,406,z z,Diamond 1,75,102,,163,132
406,summoner-58615,407,Chomi  µ,Diamond 1,75,87,,153,123
407,summoner-28881,408,Killastorm,Diamond 1,75,67,,151,128
408,summoner-14375080,409,appohC,Diamond 1,75,51,,148,94
409,summoner-3182235,410,SoloAlguien,Diamond 1,75,112,,143,147
410,summoner-16270127,411,TheFakerRD,Diamond 1,75,75,,140,111
411,summoner-109838,412,Terquito,Diamond 1,75,89,,134,108
412,summoner-42513,413,El Paté Centeno,Diamond 1,75,64,,131,97
413,summoner-15180136,414,Fikuwu,Diamond 1,75,72,,131,106
414,summoner-198009,415,T 4 R Z A N,Diamond 1,75,51,,129,96
415,summoner-9632211,416,pentakill1997,Diamond 1,75,69,,128,48
416,summoner-200362,417,Bruse Waynex,Diamond 1,75,47,,127,77
417,summoner-212665,418,Wolf Franky,Diamond 1,75,52,,126,102
418,summoner-1404528,419,CDA Simi,Diamond 1,75,71,,124,95
419,summoner-32016,420,H O R A T I T O,Diamond 1,75,66,,124,107
420,summoner-292746,421,Hakie,Diamond 1,75,67,,121,92
421,summoner-73125,422,LeftALone,Diamond 1,75,98,,120,89
422,summoner-13311629,423,Diginerg,Diamond 1,75,47,,110,75
423,summoner-130561,424,Xilss,Diamond 1,75,93,,109,82
424,summoner-4113436,425,Kc TeamRem,Diamond 1,75,88,,107,81
425,summoner-3680243,426,MichaelXBoyser,Diamond 1,75,56,,106,50
426,summoner-142400,427,Sxecurity,Diamond 1,75,63,,101,81
427,summoner-2033825,428,öttovaG,Diamond 1,75,51,,95,56
428,summoner-58310,429,LennyLeonard,Diamond 1,75,68,,92,61
429,summoner-2622412,430,TwchTV ARRRmando,Diamond 1,75,47,,90,71
430,summoner-615119,431,Khorix,Diamond 1,75,65,,86,71
431,summoner-1777510,432,KR0 Nian,Diamond 1,75,81,,84,65
432,summoner-180439,433,theppcharlie,Diamond 1,75,78,,84,70
433,summoner-2831773,434,The King McFly,Diamond 1,75,117,,80,58
434,summoner-1315791,435,NeeeerzhuL,Diamond 1,75,59,,78,44
435,summoner-2230732,436,RIP XXXTENTACION,Diamond 1,75,43,,75,32
436,summoner-1620159,437,IcyDrak,Diamond 1,75,41,,72,42
437,summoner-1549064,438,EL CAPO DE LAN,Diamond 1,75,49,,66,49
438,summoner-31930,439,SIushi,Diamond 1,75,54,,55,30
439,summoner-40012,440,Lloyd12,Diamond 1,75,68,,52,22
440,summoner-8644313,441,BIackPink,Diamond 1,75,40,,46,13
441,summoner-3104008,442,Deadly Insanity,Diamond 1,74,107,,152,136
442,summoner-6083542,443,Avhernox,Diamond 1,74,58,,93,74
443,summoner-9170369,444,CannabisJah,Diamond 1,73,57,,164,104
444,summoner-1377608,445,Nukter xD 69,Diamond 1,73,87,,156,151
445,summoner-3574195,446,Phyrfns,Diamond 1,73,75,,82,71
446,summoner-47969,447,Genarox Kid,Diamond 1,73,79,,78,51
447,summoner-550619,448,Zörek,Diamond 1,73,66,,72,53
448,summoner-5002722,449,CaptainElroy,Diamond 1,72,60,,229,182
449,summoner-63556,450,Bolita Erótica,Diamond 1,71,92,,170,155
450,summoner-427397,451,Zonixer,Diamond 1,71,83,,57,39
451,summoner-391560,452,Mataz,Diamond 1,70,68,,127,114
452,summoner-15070212,453,BirdsInTheTrap,Diamond 1,70,48,,101,43
453,summoner-203336,454,Akjester,Diamond 1,69,83,,117,96
454,summoner-2062267,455,NickArc,Diamond 1,69,124,,114,89
455,summoner-4115179,456,She said yes,Diamond 1,68,81,,312,308
456,summoner-181695,457,0utsider,Diamond 1,68,75,,104,82
457,summoner-1523085,458,matadorcirijiyo,Diamond 1,68,102,,91,77
458,summoner-1531657,459,Fallen IV,Diamond 1,67,106,,236,219
459,summoner-3854339,460,Pokemon Champion,Diamond 1,67,108,,124,83
460,summoner-1033036,461,Ichiik46,Diamond 1,67,58,,111,90
461,summoner-166210,462,Sycotiz,Diamond 1,67,60,,82,64
462,summoner-464920,463,MLS Alowake,Diamond 1,66,151,,209,193
463,summoner-427873,464,Develion,Diamond 1,66,99,,120,105
464,summoner-415789,465,Not single btw,Diamond 1,66,67,,42,25
465,summoner-1755142,466,King Kittan,Diamond 1,65,82,,252,236
466,summoner-312340,467,FORONDA TU PAPÁ,Diamond 1,65,113,,243,215
467,summoner-5890190,468,Hidden Clone,Diamond 1,65,85,,63,46
468,summoner-813006,469,agosaurio,Diamond 1,64,108,,279,260
469,summoner-9710161,470,King of the Lane,Diamond 1,64,64,,196,177
470,summoner-1553487,471,The Crimson Star,Diamond 1,64,94,,138,115
471,summoner-2183324,472,Morty2,Diamond 1,64,62,,115,97
472,summoner-7874080,473,Verathrim,Diamond 1,64,102,,96,79
473,summoner-168313,474,Reformed Adc,Diamond 1,62,55,,122,107
474,summoner-281221,475,Guerecaxd,Diamond 1,62,58,,120,104
475,summoner-284287,476,Rangerswer,Diamond 1,62,89,,104,92
476,summoner-660795,477,Seshúdoishy,Diamond 1,61,122,,237,212
477,summoner-3974507,478,FNX Murdock,Diamond 1,61,90,,216,199
478,summoner-15030694,479,GankedByElChapo,Diamond 1,61,71,,212,169
479,summoner-4118306,480,0XxCarlitosxX0,Diamond 1,61,83,,179,76
480,summoner-145911,481,tactics88,Diamond 1,61,48,,57,33
481,summoner-3734374,482,Féng,Diamond 1,61,45,,57,26
482,summoner-73140,483,asdadasdasda,Diamond 1,61,63,,47,37
483,summoner-16390137,484,na secret eboy,Diamond 1,60,85,,228,211
484,summoner-3834209,485,Dya,Diamond 1,60,116,,108,81
485,summoner-6610179,486,TheFenixx,Diamond 1,60,46,,87,69
486,summoner-12571167,487,NerF reckles,Diamond 1,59,63,,120,105
487,summoner-935464,488,Devours Bread,Diamond 1,59,115,,115,95
488,summoner-137644,489,ENG Riverbear,Diamond 1,58,95,,133,114
489,summoner-2190509,490,Hugrock,Diamond 1,58,85,,109,99
490,summoner-68704,491,HellAngeal,Diamond 1,58,54,,105,84
491,summoner-409526,492,ClockworkApricot,Diamond 1,57,88,,324,282
492,summoner-3190222,493,rub,Diamond 1,57,71,,57,31
493,summoner-378426,494,Ssahka ll,Diamond 1,56,91,,284,278
494,summoner-811460,495,Raél,Diamond 1,56,111,,135,124
495,summoner-13340794,496,KZ Hyacinth,Diamond 1,56,58,,132,51
496,summoner-1559417,497,Hserul,Diamond 1,56,69,,99,86
497,summoner-2290591,498,Suck My Lantern,Diamond 1,56,98,,96,62
498,summoner-572077,499,2v diplo dog,Diamond 1,56,77,,85,61
499,summoner-179912,500,JUANDJ0,Diamond 1,55,111,,309,299
500,summoner-4068954,501,xAEvi,Diamond 1,55,58,,134,68
501,summoner-665310,502,HI IM NIGLET,Diamond 1,55,72,,125,108
502,summoner-3324306,503,xXAKILESVAESTAXx,Diamond 1,55,60,,103,55
503,summoner-157102,504,Jairomedusa,Diamond 1,54,73,,160,144
504,summoner-1783769,505,KSV CoreJJ,Diamond 1,54,61,,116,99
505,summoner-133109,506,Justlikethat,Diamond 1,54,67,,105,92
506,summoner-1582421,507,MartinSON,Diamond 1,53,99,,317,304
507,summoner-1537815,508,Paziionate,Diamond 1,53,66,,223,208
508,summoner-2052952,509,Beyond,Diamond 1,53,95,,218,206
509,summoner-49588,510,Issei,Diamond 1,53,80,,200,181
510,summoner-6813892,511,is dat her,Diamond 1,53,37,,40,14
511,summoner-71556,512,iHueco,Diamond 1,52,97,,201,181
512,summoner-4561887,513,Rapid,Diamond 1,52,76,,173,160
513,summoner-1104107,514,delot,Diamond 1,52,67,,96,89
514,summoner-7301392,515,xEAvi,Diamond 1,52,91,,66,47
515,summoner-5272961,516,Holles,Diamond 1,52,79,,57,40
516,summoner-89757,517,Nosco,Diamond 1,51,72,,223,205
517,summoner-1733010,518,DoMiNiUs500,Diamond 1,51,83,,161,146
518,summoner-7021902,519,Mogwai,Diamond 1,51,61,,100,72
519,summoner-890345,520,SR    SALVA,Diamond 1,50,147,,416,377
520,summoner-52152,521,TwTv Tisshotzoh,Diamond 1,50,97,,336,313
521,summoner-15273073,522,Hroudberht,Diamond 1,50,65,,259,227
522,summoner-190354,523,Synergy,Diamond 1,50,64,,254,226
523,summoner-822693,524,Fk This Game,Diamond 1,50,119,,254,226
524,summoner-12040150,525,Amianto,Diamond 1,50,101,,251,248
525,summoner-335564,526,Pudge xd,Diamond 1,50,76,,244,211
526,summoner-203508,527,Zeus sekin,Diamond 1,50,67,,236,215
527,summoner-102547,528,Billyjimi,Diamond 1,50,94,,217,207
528,summoner-2460494,529,El Pecueca,Diamond 1,50,77,,211,164
529,summoner-270388,530,VizAbuelo,Diamond 1,50,106,,206,188
530,summoner-2222342,531,Márth,Diamond 1,50,73,,184,166
531,summoner-139550,532,Only Cat,Diamond 1,50,79,,177,161
532,summoner-25434,533,WET Varzinso,Diamond 1,50,99,,156,135
533,summoner-102290,534,Heimy,Diamond 1,50,67,,141,123
534,summoner-144467,535,Chucknight,Diamond 1,50,94,,141,128
535,summoner-5702867,536,Eve Látigo Cepa,Diamond 1,50,74,,131,107
536,summoner-11180231,537,IrresistibIe,Diamond 1,50,65,,130,103
537,summoner-810941,538,vampirin,Diamond 1,50,141,,129,111
538,summoner-2620557,539,Uzzzi,Diamond 1,50,54,,128,123
539,summoner-84412,540,Garnidelia,Diamond 1,50,107,,125,117
540,summoner-294748,541,Muzeh,Diamond 1,50,78,,123,112
541,summoner-90648,542,DiosDelCielo,Diamond 1,50,73,,120,110
542,summoner-31652,543,El MotoTaxi,Diamond 1,50,129,,112,93
543,summoner-155909,544,KON EscanØr,Diamond 1,50,65,,110,88
544,summoner-3320859,545,Rírina,Diamond 1,50,190,,101,82
545,summoner-181355,546,Enanoks,Diamond 1,50,85,,94,87
546,summoner-2075465,547,PiniMinero,Diamond 1,50,97,,93,79
547,summoner-12710145,548,Brutak,Diamond 1,50,44,,84,66
548,summoner-426368,549,Black Fist,Diamond 1,50,77,,83,73
549,summoner-1107797,550,Kuchurrumin,Diamond 1,50,56,,73,55
550,summoner-388914,551,Teddyy Kun,Diamond 1,50,109,,64,46
551,summoner-1103782,552,Fonck,Diamond 1,50,59,,46,39
552,summoner-14739158,553,SKT 1 Fakerr,Diamond 1,49,53,,143,105
553,summoner-427651,554,CG Leid,Diamond 1,49,77,,139,86
554,summoner-13150129,555,Scorpio X,Diamond 1,49,44,,87,41
555,summoner-2061006,556,l tsubaki l,Diamond 1,48,47,,112,96
556,summoner-8024235,557,Blasnais,Diamond 1,47,91,,86,67
557,summoner-620623,558,Gabi,Diamond 1,46,78,,132,117
558,summoner-4536116,559,demolder4510,Diamond 1,46,109,,93,65
559,summoner-6650972,560,Soraley,Diamond 1,46,41,,45,22
560,summoner-1166799,561,HítmonLee,Diamond 1,45,133,,451,452
561,summoner-57319,562,Usell,Diamond 1,45,71,,90,68
562,summoner-6150207,563,Omega,Diamond 1,43,92,,142,129
563,summoner-400742,564,Pacha De Cacique,Diamond 1,43,82,,126,125
564,summoner-6060805,565,Dulce Pepinillo,Diamond 1,43,73,,121,92
565,summoner-1586060,566,DAVIIXZ,Diamond 1,43,49,,117,71
566,summoner-49094,567,Aione,Diamond 1,42,127,,440,434
567,summoner-436358,568,À N U N N A K I,Diamond 1,42,92,,91,68
568,summoner-284096,569,ADC 2K17,Diamond 1,42,69,,65,59
569,summoner-2023328,570,Mid ABUSER,Diamond 1,41,115,,245,223
570,summoner-1802879,571,legendario2,Diamond 1,41,74,,141,130
571,summoner-139973,572,Blanc Chains,Diamond 1,41,188,,127,109
572,summoner-1165031,573,l   Revólver  l,Diamond 1,41,73,,106,94
573,summoner-3445115,574,Ariana,Diamond 1,41,55,,76,30
574,summoner-30776,575,Romeroski,Diamond 1,40,159,,528,517
575,summoner-2853493,576,Salsami,Diamond 1,40,137,,432,431
576,summoner-9841766,577,YugiLAN,Diamond 1,40,65,,152,126
577,summoner-904554,578,Random Marksman,Diamond 1,40,59,,101,74
578,summoner-1524175,579,Vectro Wayne,Diamond 1,39,89,,161,151
579,summoner-60242,580,NightRD Chelsea,Diamond 1,39,92,,80,54
580,summoner-8153304,581,MòöMöóMiLK,Diamond 1,38,139,,469,466
581,summoner-5991957,582,l MikyWoodz l,Diamond 1,38,105,,219,180
582,summoner-4773531,583,miiller,Diamond 1,37,124,,390,379
583,summoner-1594793,584,momo354,Diamond 1,37,59,,192,139
584,summoner-895621,585,blakyu,Diamond 1,37,86,,135,124
585,summoner-5850853,586,Mø Nôctürnê Nø,Diamond 1,37,104,,104,86
586,summoner-148297,587,20141231,Diamond 1,36,160,,406,398
587,summoner-95053,588,Im Josho,Diamond 1,36,73,,155,129
588,summoner-8161206,589,Qwertyuiop1615,Diamond 1,36,108,,139,115
589,summoner-21314,590,JeiiZe,Diamond 1,36,57,,91,83
590,summoner-383095,591,Simon Wrynn,Diamond 1,36,112,,73,51
591,summoner-284782,592,TrashADCMeta,Diamond 1,35,89,,206,170
592,summoner-2381658,593,Sad Bünny,Diamond 1,35,145,,195,185
593,summoner-89554,594,Levis,Diamond 1,35,75,,108,102
594,summoner-407192,595,Saiito,Diamond 1,35,109,,96,76
595,summoner-6233600,596,Fearuz,Diamond 1,35,47,,81,58
596,summoner-2812518,597,Betty n Jughead,Diamond 1,34,113,,386,361
597,summoner-945098,598,xShinra,Diamond 1,34,108,,240,221
598,summoner-89215,599,Chemamey Annie,Diamond 1,34,100,,173,154
599,summoner-16280146,600,Strong Armed Jax,Diamond 1,34,48,,168,123
600,summoner-3972181,601,JorgeFalcon,Diamond 1,34,124,,75,59
601,summoner-3353886,602,IN2U,Diamond 1,34,79,,53,24
602,summoner-585104,603,Xory,Diamond 1,33,105,,182,168
603,summoner-2460760,604,Cardi Hellshok B,Diamond 1,33,97,,144,134
604,summoner-4180164,605,IIWolfII,Diamond 1,33,119,,98,82
605,summoner-205568,606,fat,Diamond 1,33,49,,98,81
606,summoner-939403,607,Raisuke,Diamond 1,33,98,,89,85
607,summoner-45479,608,Agape,Diamond 1,32,91,,205,193
608,summoner-75351,609,Jalou,Diamond 1,32,63,,126,115
609,summoner-1240313,610,Böb Toronja,Diamond 1,31,112,,357,344
610,summoner-2833877,611,Wåndering,Diamond 1,31,112,,292,274
611,summoner-559229,612,EdBars,Diamond 1,31,73,,123,109
612,summoner-2075139,613,Fąng,Diamond 1,30,85,,229,221
613,summoner-6213262,614,Líkkrit,Diamond 1,30,47,,85,70
614,summoner-66356,615,Valente,Diamond 1,30,91,,49,26
615,summoner-12410942,616,øAzin,Diamond 1,29,90,,328,283
616,summoner-3652306,617,Rkman,Diamond 1,28,87,,131,108
617,summoner-40541,618,NeiI,Diamond 1,27,158,,286,269
618,summoner-126471,619,Darkrastar,Diamond 1,27,95,,245,212
619,summoner-173842,620,Drestik,Diamond 1,27,83,,199,197
620,summoner-4610480,621,Yung Perez,Diamond 1,27,53,,135,109
621,summoner-1114939,622,Enchanting Fox,Diamond 1,27,143,,95,82
622,summoner-129455,623,Zutter,Diamond 1,27,121,,69,46
623,summoner-400575,624,IguanaEmbarazada,Diamond 1,27,99,,65,53
624,summoner-5463135,625,Arepin,Diamond 1,26,103,,304,296
625,summoner-7590935,626,El Lobo,Diamond 1,26,144,,161,138
626,summoner-15475985,627,Quve,Diamond 1,26,65,,137,87
627,summoner-2074323,628,Lupo Bianco,Diamond 1,25,119,,362,350
628,summoner-4900157,629,Stiyl Izayoi,Diamond 1,25,84,,338,318
629,summoner-5473629,630,Koko Hekmatier,Diamond 1,25,77,,210,186
630,summoner-22108,631,Mr Clean,Diamond 1,25,83,,197,177
631,summoner-388374,632,GodSebas,Diamond 1,25,94,,153,126
632,summoner-15221435,633,keurig cup,Diamond 1,25,50,,152,98
633,summoner-205974,634,Wolf Karsa,Diamond 1,25,71,,144,128
634,summoner-6470902,635,Kouke,Diamond 1,25,51,,134,109
635,summoner-2114861,636,abcquiumein,Diamond 1,25,98,,103,64
636,summoner-168175,637,Ruma 01,Diamond 1,25,50,,72,44
637,summoner-13764499,638,Anlvia Guy,Diamond 1,25,41,,57,29
638,summoner-6663290,639,Anbμ,Diamond 1,24,75,,237,191
639,summoner-7230132,640,lBUBUl,Diamond 1,24,99,,206,196
640,summoner-325957,641,RèiN,Diamond 1,23,70,,99,78
641,summoner-75143,642,Frankyyy,Diamond 1,23,88,,93,75
642,summoner-142533,643,Ren ˇuˇ,Diamond 1,23,74,,54,46
643,summoner-1286229,644,madbrizk,Diamond 1,22,103,,307,292
644,summoner-853257,645,Luhe,Diamond 1,22,61,,165,124
645,summoner-10283850,646,holaquehacelol 2,Diamond 1,22,94,,155,114
646,summoner-70963,647,MW Tai,Diamond 1,21,89,,131,90
647,summoner-3421358,648,Wazabie,Diamond 1,21,69,,128,71
648,summoner-80398,649,Vipér,Diamond 1,21,80,,109,98
649,summoner-2162915,650,AsprosDeGéminis,Diamond 1,21,48,,102,78
650,summoner-91485,651,Ësperanza,Diamond 1,21,70,,55,36
651,summoner-29426,652,FnR Zefdi,Diamond 1,20,112,,194,173
652,summoner-585102,653,OliviaNyan,Diamond 1,20,59,,120,89
653,summoner-2301170,654,afreeca,Diamond 1,20,119,,112,105
654,summoner-11081519,655,Metal Upa,Diamond 1,20,98,,85,62
655,summoner-4211874,656,Cefiro,Diamond 1,20,76,,45,26
656,summoner-2231373,657,DoomwaR,Diamond 1,19,100,,354,342
657,summoner-3894169,658,Fotógrafo de XV,Diamond 1,19,118,,214,172
658,summoner-164716,659,Oblïvïon,Diamond 1,19,92,,187,180
659,summoner-610872,660,Kinnes,Diamond 1,19,90,,93,66
660,summoner-36118,661,eldonas,Diamond 1,18,65,,165,154
661,summoner-137036,662,Nagûra,Diamond 1,18,69,,140,126
662,summoner-878013,663,Im xDeathstrokex,Diamond 1,18,118,,134,109
663,summoner-2912867,664,YuphetS,Diamond 1,18,104,,97,73
664,summoner-661943,665,Raf4s06,Diamond 1,18,75,,88,77
665,summoner-126279,666,iPocho,Diamond 1,18,69,,61,48
666,summoner-15960146,667,Angelus,Diamond 1,17,63,,221,188
667,summoner-3551662,668,Condon,Diamond 1,17,81,,180,163
668,summoner-8031494,669,Ráider,Diamond 1,17,106,,133,126
669,summoner-3865079,670,DleGo,Diamond 1,17,88,,121,107
670,summoner-6521234,671,God of Talon,Diamond 1,17,64,,120,88
671,summoner-321958,672,Míkoto,Diamond 1,17,61,,107,84
672,summoner-3464376,673,RV ExiliumSword,Diamond 1,17,57,,97,80
673,summoner-125839,674,Cm TzunK,Diamond 1,17,60,,92,73
674,summoner-207719,675,Wolf Harahel,Diamond 1,17,56,,40,28
675,summoner-77266,676,LaslwS,Diamond 1,16,97,,332,329
676,summoner-1118350,677,rey naturaleza,Diamond 1,16,100,,173,160
677,summoner-536641,678,NxL Tyròn,Diamond 1,16,75,,144,124
678,summoner-617233,679,Minecraft,Diamond 1,16,58,,71,58
679,summoner-158371,680,Hienas,Diamond 1,15,131,,347,334
680,summoner-4524374,681,GO Chorla,Diamond 1,15,109,,281,255
681,summoner-853456,682,92 Explorer,Diamond 1,15,71,,263,244
682,summoner-72516,683,MedusaDeMar,Diamond 1,15,76,,251,245
683,summoner-181748,684,BunnBunnn,Diamond 1,15,92,,151,136
684,summoner-7412387,685,Nymphia,Diamond 1,15,40,,57,29
685,summoner-440660,686,Ninjor,Diamond 1,14,93,,366,361
686,summoner-529633,687,FLA YIYA,Diamond 1,14,100,,202,194
687,summoner-2683559,688,Rodrigo Ces,Diamond 1,14,75,,112,89
688,summoner-55801,689,Fufu v2,Diamond 1,13,99,,352,318
689,summoner-3760707,690,Coca de 600ml,Diamond 1,12,99,,230,219
690,summoner-1213846,691,Tefi Baka,Diamond 1,12,97,,97,96
691,summoner-7583100,692,Sigil of Balance,Diamond 1,12,44,,87,56
692,summoner-16070139,693,Pyrople,Diamond 1,12,39,,74,37
693,summoner-152094,694,Hiko Lako,Diamond 1,11,77,,182,160
694,summoner-1527045,695,Fupa Milkbone,Diamond 1,10,44,,86,45
695,summoner-1620236,696,Gravy Milkshake,Diamond 1,9,44,,98,43
696,summoner-6292617,697,Tom Lücitor,Diamond 1,9,89,,92,85
697,summoner-10404302,698,Atomz999,Diamond 1,8,61,,184,115
698,summoner-178768,699,Johan1g,Diamond 1,7,113,,576,537
699,summoner-241604,700,Y Bestia,Diamond 1,7,108,,149,139
700,summoner-616451,701,lHayl,Diamond 1,6,67,,165,106
701,summoner-8003974,702,128 BPM,Diamond 1,6,60,,136,123
702,summoner-10935968,703,R7 PapiSosa,Diamond 1,6,56,,111,90
703,summoner-3822031,704,Savage Drahga,Diamond 1,5,67,,73,69
704,summoner-2932738,705,Lord Shura,Diamond 1,4,92,,224,214
705,summoner-69881,706,Nickleaf,Diamond 1,4,70,,130,108
706,summoner-15433376,707,Draknion,Diamond 1,3,64,,166,125
707,summoner-6333065,708,EsojLeugim,Diamond 1,2,63,,196,136
708,summoner-522106,709,The Dirty Man,Diamond 1,2,46,,92,80
709,summoner-1090486,710,Boloman,Diamond 1,1,78,,99,89
710,summoner-8341082,711,Master Shifu,Diamond 1,0,126,,371,362
711,summoner-1801041,712,PDS Notorious,Diamond 1,0,110,,369,354
712,summoner-157951,713,Tav,Diamond 1,0,137,,360,346
713,summoner-3651645,714,No soy Nishkyu,Diamond 1,0,124,,338,328
714,summoner-44735,715,Murmullo,Diamond 1,0,117,,304,282
715,summoner-201602,716,EternityBeast,Diamond 1,0,87,,293,283
716,summoner-85582,717,ZamirZenNt,Diamond 1,0,99,,284,242
717,summoner-4760941,718,Beibi Rekkles,Diamond 1,0,118,,273,256
718,summoner-1111549,719,Mexican G0D,Diamond 1,0,81,,264,239
719,summoner-153143,720,Jhiinso,Diamond 1,0,117,,259,235
720,summoner-156822,721,Rafaelito15,Diamond 1,0,101,,255,244
721,summoner-297928,722,XoniCC,Diamond 1,0,92,,246,229
722,summoner-2603639,723,Fractures,Diamond 1,0,122,,228,230
723,summoner-2132823,724,CG Dreams,Diamond 1,0,117,,226,215
724,summoner-2120351,725,Benns,Diamond 1,0,130,,222,205
725,summoner-203629,726,Lobo Gélido,Diamond 1,0,91,,222,210
726,summoner-74438,727,Purry,Diamond 1,0,95,,220,234
727,summoner-1061148,728,TwTv elbananolol,Diamond 1,0,91,,218,224
728,summoner-615288,729,STL Eifront,Diamond 1,0,91,,216,206
729,summoner-14422529,730,Sensei Totyx,Diamond 1,0,146,,214,201
730,summoner-9991796,731,Esaeon,Diamond 1,0,70,,214,218
731,summoner-95768,732,King of Memes,Diamond 1,0,88,,196,181
732,summoner-4621038,733,iSeltzer,Diamond 1,0,74,,194,150
733,summoner-667937,734,Mr Cymbal Monkey,Diamond 1,0,85,,190,187
734,summoner-527005,735,Purrfect Katido,Diamond 1,0,61,,179,156
735,summoner-202912,736,KiluaHaruno,Diamond 1,0,111,,177,183
736,summoner-1034041,737,MVP Poni,Diamond 1,0,88,,175,165
737,summoner-4054538,738,Basura low elo,Diamond 1,0,69,,173,159
738,summoner-192614,739,Nelsohn,Diamond 1,0,92,,172,164
739,summoner-2124370,740,Shirõ,Diamond 1,0,123,,161,152
740,summoner-465010,741,Minatozaki Sana,Diamond 1,0,99,,157,141
741,summoner-3652637,742,iBrownie,Diamond 1,0,139,,157,123
742,summoner-15060180,743,SSW Pain,Diamond 1,0,121,,157,119
743,summoner-156989,744,Säck,Diamond 1,0,80,,155,144
744,summoner-326441,745,Krix,Diamond 1,0,129,,155,120
745,summoner-4211612,746,TheQueen Is Back,Diamond 1,0,56,,153,131
746,summoner-53237,747,Barbacoa Salvaje,Diamond 1,0,62,,152,140
747,summoner-536362,748,MTH Zombix,Diamond 1,0,113,,151,142
748,summoner-1321419,749,Yüge,Diamond 1,0,121,,149,132
749,summoner-40689,750,Żeta11,Diamond 1,0,91,,149,144
750,summoner-181649,751,Amonith,Diamond 1,0,70,,148,139
751,summoner-200455,752,TMXChanGo,Diamond 1,0,51,,147,87
752,summoner-620622,753,Wolf Sáber,Diamond 1,0,67,,140,131
753,summoner-105061,754,brigde,Diamond 1,0,65,,135,106
754,summoner-3971911,755,Damn Gøre,Diamond 1,0,121,,131,113
755,summoner-1081104,756,TheLapiz,Diamond 1,0,74,,128,119
756,summoner-1270181,757,Ryogah,Diamond 1,0,86,,125,80
757,summoner-324547,758,Opponent,Diamond 1,0,78,,125,105
758,summoner-120180,759,Sr Caca,Diamond 1,0,68,,124,108
759,summoner-1326698,760,zerkerfkin1,Diamond 1,0,99,,120,100
760,summoner-1210331,761,BurningShärk,Diamond 1,0,75,,116,106
761,summoner-1761953,762,ßastet,Diamond 1,0,69,,114,108
762,summoner-2282751,763,Leé sin,Diamond 1,0,87,,108,98
763,summoner-131151,764,ZoulFox,Diamond 1,0,111,,108,89
764,summoner-382713,765,Sir Legend,Diamond 1,0,53,,106,59
765,summoner-841897,766,Gomez,Diamond 1,0,82,,102,85
766,summoner-31964,767,Merrowgeist,Diamond 1,0,59,,100,90
767,summoner-1540530,768,Buscando a Nami,Diamond 1,0,58,,100,74
768,summoner-1286628,769,ExtremeJorraf,Diamond 1,0,43,,98,44
769,summoner-10100134,770,hi am lance,Diamond 1,0,111,,97,78
770,summoner-35658,771,Tomoya san,Diamond 1,0,60,,96,78
771,summoner-2502529,772,cherud,Diamond 1,0,74,,95,79
772,summoner-3942356,773,TSP Sn1p3rr,Diamond 1,0,69,,91,72
773,summoner-16521947,774,Jungle Pressure,Diamond 1,0,41,,91,55
774,summoner-168968,775,μFrank,Diamond 1,0,82,,85,55
775,summoner-1051669,776,Sinyi,Diamond 1,0,75,,84,71
776,summoner-3373774,777,VEGÉTA,Diamond 1,0,165,,84,55
777,summoner-105505,778,Verathrím,Diamond 1,0,70,,81,45
778,summoner-2620981,779,ONllCHAN,Diamond 1,0,54,,75,55
779,summoner-37177,780,WILL SMITE xD,Diamond 1,0,42,,75,65
780,summoner-79085,781,Dango Daikazoku,Diamond 1,0,87,,74,62
781,summoner-5732873,782,Tigz,Diamond 1,0,45,,72,64
782,summoner-531600,783,Cindy,Diamond 1,0,109,,65,49
783,summoner-3353824,784,Feliipe99,Diamond 1,0,51,,59,34
784,summoner-96031,785,thepoisonlol,Diamond 1,0,37,,50,28
785,summoner-14592566,786,qQ tT,Diamond 1,0,45,,47,24
786,summoner-2104807,787,z100DeCilantro,Diamond 1,0,34,,46,8
787,summoner-362379,788,Tawwuh,Diamond 2,100,113,,366,343
788,summoner-521003,789,Two Guns,Diamond 2,100,107,,305,279
789,summoner-51178,790,StraiderV2,Diamond 2,100,121,,240,228
790,summoner-170113,791,MTT Young Savage,Diamond 2,100,126,,224,208
791,summoner-10203062,792,el srVładimir,Diamond 2,100,151,,178,136
792,summoner-130197,793,Doc Efesoo McFly,Diamond 2,100,72,,150,130
793,summoner-5530185,794,PG White Howl,Diamond 2,100,82,,147,125
794,summoner-1010698,795,DTD HellBlaxer,Diamond 2,100,95,,137,124
795,summoner-438655,796,Don iama,Diamond 2,100,66,,129,119
796,summoner-4152826,797,Témpest,Diamond 2,100,115,,124,114
797,summoner-1232589,798,RIP Yasuo,Diamond 2,100,61,,106,82
798,summoner-281655,799,Thalna,Diamond 2,100,133,,95,83
799,summoner-284685,800,TheDrestik,Diamond 2,100,43,,90,62
800,summoner-136704,801,Wånheda,Diamond 2,100,51,,64,42
801,summoner-49539,802,Jelex,Diamond 2,100,62,,38,19
802,summoner-137596,803,Héroe Heroína,Diamond 2,99,128,,359,345
803,summoner-4670397,804,lxNeteroxl,Diamond 2,99,63,,62,44
804,summoner-378449,805,Khey,Diamond 2,97,97,,284,272
805,summoner-612876,806,Lunka,Diamond 2,96,84,,112,71
806,summoner-831531,807,iG Showtek,Diamond 2,95,119,,459,453
807,summoner-6140183,808,Shauna Shade,Diamond 2,95,42,,50,32
808,summoner-270864,809,devztocker,Diamond 2,94,81,,160,147
809,summoner-1396111,810,Wolf Kain,Diamond 2,94,81,,131,118
810,summoner-13222726,811,Vladímirovich,Diamond 2,94,205,,125,96
811,summoner-5455176,812,Bayonetta ll,Diamond 2,94,89,,78,79
812,summoner-1393157,813,caKestyle,Diamond 2,92,50,,146,105
813,summoner-11362100,814,Bronze Five Elo,Diamond 2,92,47,,95,73
814,summoner-92697,815,Allign,Diamond 2,92,37,,64,26
815,summoner-1162922,816,Ascéndant,Diamond 2,91,102,,168,151
816,summoner-4772253,817,VeraHilarious,Diamond 2,91,35,,54,19
817,summoner-6312806,818,willyrets,Diamond 2,90,51,,72,48
818,summoner-5465347,819,FNX Sáns,Diamond 2,89,159,,549,526
819,summoner-939450,820,Hayashi Yuki,Diamond 2,88,79,,199,198
820,summoner-3993525,821,Chivo Please,Diamond 2,88,63,,61,29
821,summoner-4741700,822,GalaxyEsther,Diamond 2,88,35,,54,19
822,summoner-1398245,823,Levidant Joestar,Diamond 2,87,107,,147,124
823,summoner-4614723,824,iPlay Top Lane x,Diamond 2,85,49,,157,83
824,summoner-3340628,825,El Pister,Diamond 2,85,68,,156,138
825,summoner-92599,826,BréaK,Diamond 2,84,171,,408,384
826,summoner-4460274,827,Jeziah,Diamond 2,84,74,,213,194
827,summoner-426567,828,Danyyy,Diamond 2,84,55,,101,92
828,summoner-173564,829,Rylin,Diamond 2,83,90,,153,106
829,summoner-72987,830,xxkatmaster17xx,Diamond 2,83,104,,127,117
830,summoner-137626,831,Waverly Place,Diamond 2,83,76,,80,66
831,summoner-15130529,832,EL WAPO 2,Diamond 2,81,45,,77,33
832,summoner-1083624,833,Piano,Diamond 2,81,72,,74,51
833,summoner-310553,834,Atreyu Blacksoul,Diamond 2,80,65,,199,175
834,summoner-125382,835,Arhysha,Diamond 2,80,69,,109,107
835,summoner-5514232,836,RusherZombies,Diamond 2,80,85,,103,93
836,summoner-15300179,837,ØE InKos,Diamond 2,80,41,,70,48
837,summoner-2303396,838,Aegís,Diamond 2,79,97,,150,131
838,summoner-8320920,839,Lapierre,Diamond 2,79,80,,122,109
839,summoner-552760,840,KC MidSlayer,Diamond 2,77,93,,161,141
840,summoner-103138,841,Niquel Cobalto,Diamond 2,76,82,,115,105
841,summoner-9762158,842,lPancito Asesino,Diamond 2,75,134,,348,335
842,summoner-30855,843,Mechs,Diamond 2,75,126,,311,310
843,summoner-74366,844,1Cannon,Diamond 2,75,98,,264,259
844,summoner-14501267,845,D5 HardStuck lul,Diamond 2,75,119,,214,203
845,summoner-523577,846,frusciante john,Diamond 2,75,65,,204,179
846,summoner-202746,847,Desperadoo,Diamond 2,75,72,,203,205
847,summoner-15510127,848,Battlecat lllaoi,Diamond 2,75,134,,199,185
848,summoner-150207,849,DvD Pan Blandito,Diamond 2,75,74,,196,183
849,summoner-1523251,850,Aracnidoso,Diamond 2,75,60,,185,145
850,summoner-5000438,851,Aterus Loitrewyn,Diamond 2,75,60,,165,143
851,summoner-12472445,852,Davô,Diamond 2,75,70,,162,155
852,summoner-1608913,853,BaconEater,Diamond 2,75,80,,161,161
853,summoner-102646,854,Camiloo CM,Diamond 2,75,99,,147,118
854,summoner-23658,855,Yakuza AmmoStout,Diamond 2,75,99,,146,136
855,summoner-7031100,856,KT GorillA,Diamond 2,75,60,,132,123
856,summoner-4691320,857,7RS Zaot,Diamond 2,75,109,,131,128
857,summoner-1383832,858,Fernandoxx98,Diamond 2,75,99,,130,108
858,summoner-2073319,859,Áizen,Diamond 2,75,55,,123,90
859,summoner-2491587,860,Deadly30,Diamond 2,75,59,,121,84
860,summoner-86685,861,D9 Zeypher,Diamond 2,75,51,,101,53
861,summoner-564476,862,Cuborek,Diamond 2,75,69,,99,87
862,summoner-33010,863,TheNarosOne,Diamond 2,75,94,,98,95
863,summoner-124352,864,Toxic Lance,Diamond 2,75,64,,95,65
864,summoner-103181,865,Edgar,Diamond 2,75,82,,89,80
865,summoner-14521754,866,His Stan,Diamond 2,75,51,,62,48
866,summoner-13825367,867,TranquisYoCarreo,Diamond 2,75,40,,58,22
867,summoner-561407,868,Edapp,Diamond 2,75,48,,55,41
868,summoner-2282018,869,FelipeL,Diamond 2,75,59,,55,22
869,summoner-792069,870,Feno,Diamond 2,75,42,,49,33
870,summoner-14520424,871,CaritaT Psosa,Diamond 2,75,39,,40,24
871,summoner-8540147,872,HandGün,Diamond 2,74,87,,237,234
872,summoner-535215,873,Lp3 Zorua,Diamond 2,73,112,,331,308
873,summoner-7670266,874,Electric Sunrise,Diamond 2,72,57,,144,98
874,summoner-435135,875,Sanae,Diamond 2,72,124,,116,94
875,summoner-57100,876,Wander Senpai,Diamond 2,71,71,,157,144
876,summoner-13860599,877,NLX Alovs,Diamond 2,71,81,,153,116
877,summoner-101904,878,krisaors,Diamond 2,71,63,,151,121
878,summoner-373682,879,Snurbox,Diamond 2,71,64,,145,134
879,summoner-25191,880,Dez x,Diamond 2,71,78,,132,118
880,summoner-13892126,881,márquez vladimir,Diamond 2,71,58,,74,59
881,summoner-6601064,882,elhater,Diamond 2,70,103,,225,208
882,summoner-14682404,883,Megamån,Diamond 2,69,86,,217,197
883,summoner-7570803,884,NanoSauriu,Diamond 2,69,142,,217,209
884,summoner-510492,885,Valkiriq,Diamond 2,69,85,,102,79
885,summoner-349707,886,Ferruccio,Diamond 2,69,65,,46,36
886,summoner-2440596,887,Tenki,Diamond 2,68,83,,297,257
887,summoner-1114480,888,KappaOhm,Diamond 2,68,89,,131,120
888,summoner-3680381,889,Lavenza,Diamond 2,68,65,,62,50
889,summoner-79800,890,Dr Cero MD,Diamond 2,68,36,,42,26
890,summoner-177321,891,KCG Arsa 1,Diamond 2,68,69,,39,17
891,summoner-3422162,892,danielmlds,Diamond 2,67,73,,233,174
892,summoner-649440,893,xxxKALINDORxxx,Diamond 2,67,46,,97,65
893,summoner-29658,894,Icarhoos,Diamond 2,67,76,,80,63
894,summoner-4940271,895,Lapara23,Diamond 2,67,56,,77,60
895,summoner-87773,896,Garbage Riven,Diamond 2,67,87,,47,33
896,summoner-5320190,897,GT Ofwar,Diamond 2,66,112,,234,216
897,summoner-13910607,898,Razzle Dazzle,Diamond 2,66,84,,216,204
898,summoner-192497,899,Josiah,Diamond 2,66,121,,212,171
899,summoner-141948,900,3124560,Diamond 2,66,71,,141,124
900,summoner-79214,901,Lp3 Fieram,Diamond 2,66,109,,137,125
901,summoner-282266,902,Raaay,Diamond 2,66,49,,76,68
902,summoner-625136,903,PolaridadB,Diamond 2,65,125,,328,312
903,summoner-143341,904,Mr HotCake,Diamond 2,65,139,,118,112
904,summoner-304000,905,Ladyhawke,Diamond 2,65,111,,105,94
905,summoner-5041563,906,DukiT,Diamond 2,65,84,,94,70
906,summoner-280715,907,The Blind King,Diamond 2,64,94,,236,229
907,summoner-27961,908,AlexZetroc,Diamond 2,64,70,,232,214
908,summoner-203360,909,quibra0,Diamond 2,64,66,,149,137
909,summoner-14471755,910,Hisie,Diamond 2,64,67,,72,71
910,summoner-627606,911,Siegman xd,Diamond 2,63,68,,91,90
911,summoner-15880480,912,TRUMPS WALLS,Diamond 2,63,38,,58,24
912,summoner-168620,913,Pingwii,Diamond 2,62,122,,316,305
913,summoner-4003201,914,ADC SLAYER KR,Diamond 2,62,89,,251,248
914,summoner-1374477,915,Ultimate Hunter,Diamond 2,62,115,,219,211
915,summoner-16132923,916,llIlllllllllIll,Diamond 2,62,43,,107,75
916,summoner-532418,917,DOKKAEBI,Diamond 2,62,50,,50,23
917,summoner-6001640,918,xXvastagoXx,Diamond 2,61,46,,137,98
918,summoner-1296476,919,CB Jetfree,Diamond 2,61,93,,122,94
919,summoner-1534748,920,Mish,Diamond 2,61,95,,95,87
920,summoner-2504008,921,Àkali,Diamond 2,60,49,,65,56
921,summoner-1151107,922,Edgar Gv,Diamond 2,59,114,,303,281
922,summoner-1153925,923,Seis Colores,Diamond 2,59,112,,224,208
923,summoner-92344,924,REKKLES FAN No 1,Diamond 2,59,65,,140,124
924,summoner-24111,925,jorgepereda,Diamond 2,59,70,,138,91
925,summoner-624349,926,WDs Happy,Diamond 2,59,67,,134,132
926,summoner-2293123,927,FnR Striked,Diamond 2,59,122,,132,117
927,summoner-11310674,928,Useless Kogmaw,Diamond 2,59,48,,105,66
928,summoner-1053538,929,Naysek,Diamond 2,58,83,,224,177
929,summoner-1000537,930,lMaluma,Diamond 2,58,127,,185,174
930,summoner-212515,931,Sleepwire,Diamond 2,58,57,,107,65
931,summoner-1528529,932,hotsonabader,Diamond 2,58,75,,97,89
932,summoner-1153917,933,Enrico Pucci,Diamond 2,58,61,,92,79
933,summoner-680674,934,Illllllll,Diamond 2,57,103,,245,240
934,summoner-530824,935,Azure Rathalos,Diamond 2,57,64,,216,176
935,summoner-9150152,936,Justin LFT,Diamond 2,57,86,,213,199
936,summoner-4573722,937,Hielø,Diamond 2,57,114,,123,114
937,summoner-12924336,938,Panqué,Diamond 2,57,73,,96,70
938,summoner-1395671,939,skillmouze,Diamond 2,56,132,,168,167
939,summoner-10401386,940,Jihyö,Diamond 2,56,60,,146,110
940,summoner-153936,941,Shadö desu,Diamond 2,56,105,,125,108
941,summoner-84096,942,Buckpeck,Diamond 2,55,92,,330,320
942,summoner-3554258,943,Nina Tucker,Diamond 2,55,78,,228,213
943,summoner-211084,944,Ðánte,Diamond 2,55,65,,194,149
944,summoner-34125,945,ChrisFx,Diamond 2,55,77,,185,189
945,summoner-51541,946,99pl,Diamond 2,55,69,,185,181
946,summoner-6091160,947,ElPelonDBrazzer1,Diamond 2,55,77,,164,113
947,summoner-94458,948,Nevohteeb,Diamond 2,55,114,,158,137
948,summoner-529543,949,La La Lanthys,Diamond 2,55,79,,152,143
949,summoner-21126,950,punketo,Diamond 2,55,66,,101,93
950,summoner-5910220,951,Pr0mesasKeep,Diamond 2,55,105,,74,62
951,summoner-335491,952,oPonch,Diamond 2,54,104,,342,330
952,summoner-487004,953,BOOST 4 NUDES,Diamond 2,54,102,,199,192
953,summoner-1313311,954,SnowBoyz,Diamond 2,54,137,,170,160
954,summoner-5465041,955,iFrix,Diamond 2,54,76,,101,79
955,summoner-423722,956,Luiixs,Diamond 2,54,57,,96,79
956,summoner-74991,957,CaMo,Diamond 2,54,60,,65,48
957,summoner-14644121,958,Mäddox,Diamond 2,53,65,,96,79
958,summoner-949823,959,Sutad,Diamond 2,53,113,,84,61
959,summoner-1041975,960,Murillo Sama,Diamond 2,53,49,,79,76
960,summoner-873419,961,GaboReformed,Diamond 2,52,148,,414,399
961,summoner-184233,962,D a r k d e k a,Diamond 2,52,98,,207,202
962,summoner-294667,963,jinxý,Diamond 2,52,46,,48,34
963,summoner-2130864,964,ArchDrone,Diamond 2,51,105,,275,282
964,summoner-32327,965,Q flojera,Diamond 2,51,67,,161,136
965,summoner-293748,966,Lemo Senpai,Diamond 2,51,117,,121,119
966,summoner-2083705,967,Âriël,Diamond 2,51,105,,107,95
967,summoner-4082449,968,Ðead Høpe,Diamond 2,51,83,,75,54
968,summoner-291241,969,KanskaR,Diamond 2,51,38,,67,34
969,summoner-12342465,970,mastercreative,Diamond 2,50,115,,345,323
970,summoner-3811119,971,Shelldon,Diamond 2,50,73,,125,105
971,summoner-467037,972,TDM Kauffmann,Diamond 2,49,136,,284,280
972,summoner-190303,973,Shadow Flying,Diamond 2,49,94,,222,216
973,summoner-2135855,974,Dopa Baby,Diamond 2,49,97,,199,175
974,summoner-424234,975,iCandy,Diamond 2,49,60,,163,150
975,summoner-1391305,976,Guthix18,Diamond 2,49,70,,107,94
976,summoner-84791,977,DragonRedBlood,Diamond 2,49,37,,67,26
977,summoner-831341,978,sauronio,Diamond 2,48,99,,241,235
978,summoner-3661729,979,GT SkyZir,Diamond 2,48,104,,166,157
979,summoner-946863,980,ªTheEvolutionª,Diamond 2,47,100,,101,91
980,summoner-383752,981,SW Lushen,Diamond 2,46,71,,134,107
981,summoner-165556,982,Kíllua,Diamond 2,46,72,,92,79
982,summoner-455859,983,Pìka,Diamond 2,46,79,,87,83
983,summoner-1376379,984,Dðminic,Diamond 2,45,76,,196,174
984,summoner-1371071,985,Prøphet,Diamond 2,44,136,,261,247
985,summoner-2083822,986,THE HOPE,Diamond 2,43,59,,104,91
986,summoner-299669,987,AnT Shield,Diamond 2,43,89,,89,78
987,summoner-400173,988,NutCoco,Diamond 2,43,57,,82,73
988,summoner-7561560,989,Diana Cavendîsh,Diamond 2,43,81,,78,52
989,summoner-69999,990,Podz,Diamond 2,43,84,,76,61
990,summoner-426497,991,Baby Sonic,Diamond 2,43,46,,62,58
991,summoner-11971334,992,Venen1nMAKIO,Diamond 2,43,51,,57,24
992,summoner-541103,993,xNinja,Diamond 2,42,90,,285,268
993,summoner-640427,994,Nagą,Diamond 2,42,123,,263,224
994,summoner-3330763,995,Selenior,Diamond 2,42,134,,215,189
995,summoner-2023491,996,G2 Boyem,Diamond 2,42,62,,171,167
996,summoner-2203473,997,peromacho,Diamond 2,42,67,,153,123
997,summoner-4631106,998,Carita,Diamond 2,41,122,,183,179
998,summoner-3110343,999,Hikari Spirit,Diamond 2,41,107,,136,128
999,summoner-301036,1000,Im ArianaGrande,Diamond 2,41,100,,115,98
