#timestamp 1530165626489
#date 2018-06-28T06:00:26+00:00
#players 1000
#index,id,rank,name,tier,lp,level,proTeam,win,loss
0,summoner-96059078,1,sorry my bad xd,Challenger,1300,43,,123,54
1,summoner-91909115,2,tarzaned2,Challenger,1255,74,,356,250
2,summoner-87439213,3,ìnori,Challenger,1055,119,,345,279
3,summoner-24220969,4,thtr,Challenger,1043,91,,357,298
4,summoner-25108893,5,CptShrimps,Challenger,962,101,,581,515
5,summoner-65389099,6,Liquid Impact,Challenger,935,73,,246,181
6,summoner-75900909,7,GGEA Neøø,Challenger,933,142,,306,245
7,summoner-22670229,8,Shout,Challenger,927,89,,295,236
8,summoner-91739120,9,Play for KDA,Challenger,922,59,,207,145
9,summoner-19839806,10,blaberfish2,Challenger,921,109,,401,321
10,summoner-34925733,11,CG Solo,Challenger,918,83,,307,246
11,summoner-96629156,12,FOX Damonte,Challenger,898,45,,130,86
12,summoner-35097344,13,duoking1,Challenger,914,70,,242,176
13,summoner-91419120,14,TSM Zven,Challenger,856,107,,498,411
14,summoner-83339123,15,Humble Diligent,Challenger,864,84,,346,292
15,summoner-21193669,16,Hakuho,Challenger,863,89,,257,200
16,summoner-21367804,17,Cris,Challenger,862,61,,216,154
17,summoner-71229345,18,divided jungle,Challenger,858,67,,246,192
18,summoner-24326160,19,Sweaty ASol,Challenger,843,75,,264,208
19,summoner-48193601,20,Spica1,Challenger,826,81,,229,168
20,summoner-87330006,21,Yusuiˉ,Challenger,809,69,,187,125
21,summoner-68401488,22,5tunt,Challenger,800,81,,242,190
22,summoner-38375098,23,Jurassiq,Challenger,788,82,,307,258
23,summoner-92959312,24,IlIlIllllIIIIIII,Challenger,781,50,,146,109
24,summoner-95119178,25,WPI 3970,Challenger,771,45,,135,85
25,summoner-38809624,26,Sophist Sage,Challenger,793,122,,568,514
26,summoner-22275443,27,TCLB ZzeR,Challenger,741,65,,275,185
27,summoner-23368264,28,Tracy Mcgràdy,Challenger,726,52,,133,78
28,summoner-21276764,29,Vulcan1,Challenger,704,115,,394,343
29,summoner-27251616,30,ULookSoCharming,Challenger,697,111,,327,282
30,summoner-94060086,31,TwTv LoLHarambe,Challenger,718,74,,379,305
31,summoner-19967304,32,Shiphtur,Challenger,698,154,,937,901
32,summoner-22830349,33,RF Legendary,Challenger,697,77,,296,239
33,summoner-19587365,34,Tony Top,Challenger,695,108,,461,421
34,summoner-20156599,35,Carmen Campagne,Challenger,685,76,,159,110
35,summoner-68469257,36,Azures,Challenger,682,118,,453,408
36,summoner-30046300,37,TCLB plan ahea,Challenger,670,122,,339,296
37,summoner-65409096,38,crow5,Challenger,669,74,,266,209
38,summoner-22946266,39,GaoGao,Challenger,662,74,,140,93
39,summoner-21371454,40,ScrubNoob,Challenger,661,116,,401,344
40,summoner-170340,41,Cody Sun,Challenger,660,127,,464,431
41,summoner-95429143,42,ESKEET1T,Challenger,650,45,,117,87
42,summoner-21542029,43,Grig1,Challenger,635,101,,338,300
43,summoner-23715786,44,KitKatxz,Challenger,646,61,,192,153
44,summoner-83089575,45,Ssumdayday,Challenger,643,68,,237,188
45,summoner-25401864,46,Credenda,Challenger,642,54,,186,98
46,summoner-37481045,47,insanityxxx,Challenger,641,161,,539,491
47,summoner-22141445,48,SandPaperX,Challenger,639,90,,263,222
48,summoner-38880034,49,Soligo,Challenger,639,61,,177,131
49,summoner-19770082,50,Criś,Challenger,637,142,,465,425
50,summoner-86912471,51,Nugeek,Challenger,634,67,,252,212
51,summoner-27470522,52,Arcsecond,Challenger,629,120,,451,392
52,summoner-22654107,53,yhw,Challenger,622,128,,321,280
53,summoner-85889107,54,FeelsGO0DMan,Challenger,620,72,,264,224
54,summoner-26045266,55,TàIon,Challenger,620,85,,230,169
55,summoner-37343071,56,avi is me,Challenger,617,68,,187,143
56,summoner-21202019,57,5fire,Challenger,613,91,,203,159
57,summoner-20962399,58,Teesum,Challenger,610,90,,392,357
58,summoner-35409134,59,Srkenji,Challenger,628,118,,450,396
59,summoner-68479082,60,a new beginning,Challenger,600,108,,355,316
60,summoner-47401142,61,Soulmario,Challenger,597,185,,366,333
61,summoner-2648,62,Pobelter,Challenger,591,92,,258,227
62,summoner-93731255,63,dsazfxgchn,Challenger,587,50,,148,89
63,summoner-19623941,64,Rendyu,Challenger,584,117,,353,302
64,summoner-22403576,65,Pants are Dragon,Challenger,595,113,,388,337
65,summoner-21490433,66,goldenglue,Challenger,577,99,,323,286
66,summoner-83339118,67,sks Tmfprl,Challenger,575,63,,187,143
67,summoner-19920510,68,Sudzzi,Challenger,574,86,,342,301
68,summoner-89299096,69,IlIlIllllIII,Challenger,574,47,,165,79
69,summoner-20389591,70,Inorï,Challenger,586,70,,331,267
70,summoner-21806931,71,Xeno,Challenger,568,60,,126,91
71,summoner-47165206,72,HIGH APM LOW BMI,Challenger,566,91,,322,288
72,summoner-32683839,73,Sean Twitch God,Challenger,564,94,,441,397
73,summoner-32299406,74,IIIIIlIIIlllllI,Challenger,563,109,,396,346
74,summoner-30366254,75,Acoldblazeolive,Challenger,562,72,,266,228
75,summoner-91615420,76,Evølve,Challenger,542,98,,437,367
76,summoner-26851284,77,PainlessM,Challenger,557,98,,285,245
77,summoner-22438041,78,snap,Challenger,551,100,,305,261
78,summoner-50759139,79,qldurtms,Challenger,531,63,,196,159
79,summoner-64290527,80,CONTRACTZZZZZZZZ,Challenger,562,69,,279,214
80,summoner-25125682,81,Niles,Challenger,547,89,,260,216
81,summoner-40540196,82,Fanatiik,Challenger,544,79,,229,197
82,summoner-20823651,83,C9 Smoothie,Challenger,521,97,,253,215
83,summoner-21910088,84,Zot,Challenger,532,130,,420,378
84,summoner-19757901,85,Ðân,Challenger,524,100,,308,253
85,summoner-76603307,86,ChiralX,Challenger,523,62,,158,114
86,summoner-295500,87,5mi,Challenger,522,108,,272,226
87,summoner-20047271,88,Descraton,Challenger,521,130,,433,393
88,summoner-77211676,89,Revenge,Challenger,520,82,,256,211
89,summoner-47943093,90,3in1warrior,Challenger,520,69,,167,132
90,summoner-91451619,91,etrianodysey,Challenger,516,83,,308,260
91,summoner-75099245,92,LHHS,Challenger,514,54,,154,117
92,summoner-96659148,93,jngler52,Challenger,512,38,,67,37
93,summoner-36111109,94,Julien,Challenger,528,104,,422,374
94,summoner-19787999,95,SCREENSLAV3R,Challenger,510,70,,179,144
95,summoner-19698094,96,FallenBandit,Challenger,509,95,,333,302
96,summoner-24069119,97,Hate,Challenger,508,126,,319,274
97,summoner-91429132,98,TSM Mithypote,Challenger,486,82,,270,244
98,summoner-41233933,99,MistyStumpey,Challenger,504,98,,221,183
99,summoner-35592112,100,stuntopolis,Challenger,520,51,,134,104
100,summoner-41873475,101,The Eggsalad,Challenger,503,156,,583,544
101,summoner-83552233,102,duoqueen1,Challenger,503,69,,201,171
102,summoner-30397116,103,Lemur,Challenger,503,102,,118,79
103,summoner-64834040,104,DufTlalgkqtlek,Challenger,499,54,,152,110
104,summoner-32871226,105,Alex Blais,Challenger,495,66,,238,182
105,summoner-20822144,106,ÐaÞtion,Challenger,492,104,,289,257
106,summoner-41786897,107,Kurumx,Challenger,491,79,,276,230
107,summoner-71860010,108,Boris Oppa,Challenger,489,82,,197,112
108,summoner-37928970,109,Lesu,Challenger,462,178,,801,761
109,summoner-84759118,110,Metaphor,Challenger,464,96,,357,310
110,summoner-30255016,111,TheeBrandini,Challenger,475,74,,250,215
111,summoner-28663867,112,Erry,Challenger,474,71,,202,168
112,summoner-54059235,113,fwii Talon,Challenger,470,45,,104,60
113,summoner-41849159,114,GGEA Rodov,Challenger,469,93,,242,199
114,summoner-83629091,115,NA Swifte,Challenger,466,71,,179,144
115,summoner-40835255,116,Bóbbý,Challenger,464,118,,430,392
116,summoner-29161654,117,mulgokizary,Challenger,462,52,,97,59
117,summoner-87119170,118,OpTic Arrow,Challenger,475,87,,350,305
118,summoner-60469878,119,Macotoˉ,Challenger,476,99,,482,428
119,summoner-71715,120,MeNoHaxor,Challenger,471,89,,271,234
120,summoner-31563939,121,butterfły,Challenger,456,57,,127,69
121,summoner-1496,122,Valkrin,Challenger,455,66,,166,126
122,summoner-44989327,123,mancloud2,Challenger,451,128,,546,518
123,summoner-31281326,124,MaGeRdAnGeR,Challenger,450,76,,213,177
124,summoner-19577112,125,Bíg T,Challenger,449,109,,380,342
125,summoner-51680686,126,RobbyBob,Challenger,449,96,,167,132
126,summoner-91507933,127,758ˉ,Challenger,446,68,,224,183
127,summoner-21014987,128,lron Pyrite,Challenger,446,67,,144,109
128,summoner-21937711,129,HaruRushAmbition,Challenger,406,111,,523,464
129,summoner-27110862,130,J D,Challenger,444,121,,422,370
130,summoner-74731419,131,cupcakes29,Challenger,444,63,,236,198
131,summoner-28742820,132,Jast,Challenger,444,91,,152,112
132,summoner-77251686,133,TRIBORDKINGDOM63,Challenger,443,86,,308,265
133,summoner-50690164,134,FakeGod,Challenger,441,52,,112,73
134,summoner-65389101,135,gazuaaaaaaaaaaa,Challenger,440,52,,168,127
135,summoner-70132282,136,XueGao,Challenger,439,100,,156,123
136,summoner-19665819,137,Duocek,Challenger,438,97,,467,423
137,summoner-26153361,138,Happy Birfdizzay,Challenger,438,89,,280,242
138,summoner-21193032,139,dog2,Challenger,436,123,,411,383
139,summoner-28903785,140,YummiBananas,Challenger,433,135,,587,553
140,summoner-77720407,141,RaverDad,Challenger,433,105,,564,527
141,summoner-20793637,142,Phaxen,Challenger,412,138,,176,144
142,summoner-21124626,143,tkfkddlanjfRk,Challenger,430,131,,266,230
143,summoner-401063,144,xFSN Saber,Challenger,429,74,,170,135
144,summoner-92949382,145,CG Solo 2,Challenger,410,47,,129,95
145,summoner-70191897,146,adi0s,Challenger,419,52,,108,74
146,summoner-24671130,147,Allorim,Challenger,435,112,,405,377
147,summoner-35361116,148,Q16KpquGsIc,Challenger,416,64,,103,67
148,summoner-42060215,149,0 x omakase x 42,Challenger,412,104,,337,300
149,summoner-78771213,150,Tabulae,Challenger,412,60,,197,147
150,summoner-35890783,151,Jiu Jiu,Challenger,411,118,,332,287
151,summoner-19912360,152,VERSACE JiNPACHi,Challenger,408,104,,297,255
152,summoner-35092858,153,Challenger Eoba,Challenger,406,58,,181,112
153,summoner-21172589,154,sadsdasdasf,Challenger,405,89,,343,303
154,summoner-30212825,155,Spirax,Challenger,403,86,,116,86
155,summoner-34022147,156,Tuesdayy,Challenger,387,95,,326,299
156,summoner-55375727,157,Fated Enigma,Challenger,400,131,,507,466
157,summoner-92319078,158,Nashor Tooth,Challenger,400,68,,243,195
158,summoner-28993829,159,xKace,Challenger,400,89,,223,190
159,summoner-22638316,160,typty,Challenger,400,89,,181,145
160,summoner-36099357,161,Fapdo,Challenger,399,67,,158,118
161,summoner-32867184,162,Blitzt,Challenger,398,106,,200,165
162,summoner-47836799,163,Liquid Hard,Challenger,397,69,,205,167
163,summoner-39040566,164,GGS Matt,Challenger,396,87,,345,315
164,summoner-26822730,165,BloodKey,Challenger,396,52,,150,79
165,summoner-95439134,166,olruol,Challenger,413,42,,89,64
166,summoner-93269094,167,Potluck,Challenger,394,72,,138,115
167,summoner-7250,168,Apollo Price,Challenger,391,106,,371,345
168,summoner-44317220,169,Sheepp,Challenger,388,66,,263,194
169,summoner-20072604,170,GGEA Abou222,Challenger,387,95,,280,245
170,summoner-34268448,171,Forgotten Legend,Challenger,387,67,,175,139
171,summoner-20636732,172,Morïarty,Challenger,386,89,,426,396
172,summoner-77520973,173,TCLB Zephyr,Challenger,386,95,,227,179
173,summoner-23907257,174,Janna Mechanics,Challenger,385,84,,256,216
174,summoner-156090,175,Yassuo,Challenger,384,118,,510,479
175,summoner-89599264,176,D9 Grelly,Challenger,383,116,,486,456
176,summoner-23476283,177,EricZYang,Challenger,380,186,,626,593
177,summoner-20305573,178,shochi,Challenger,380,114,,394,361
178,summoner-20130821,179,Wiggily,Challenger,397,93,,295,260
179,summoner-31507479,180,foggedftw2,Challenger,377,54,,86,49
180,summoner-92610081,181,Gáme1234,Challenger,395,69,,340,263
181,summoner-56829156,182,Laceration,Challenger,376,102,,214,175
182,summoner-20687868,183,Gabex,Challenger,375,90,,288,240
183,summoner-55805197,184,Hyami,Challenger,375,92,,169,136
184,summoner-46069412,185,foggedftw1,Challenger,373,61,,117,84
185,summoner-22231499,186,Washed Up,Challenger,371,83,,256,217
186,summoner-29203966,187,Ino1,Challenger,371,119,,241,202
187,summoner-22350178,188,Cat VaIentine,Challenger,370,74,,241,200
188,summoner-32705024,189,Falcon God,Challenger,369,64,,189,158
189,summoner-95439156,190,sky island,Challenger,369,50,,163,140
190,summoner-51405,191,C9 Sneaky,Challenger,386,122,,460,413
191,summoner-77252739,192,FUNKYFRAGAS32,Challenger,366,97,,440,403
192,summoner-32252808,193,WayneDwops,Challenger,365,86,,235,193
193,summoner-77351819,194,Saskioo,Challenger,363,77,,198,162
194,summoner-42133105,195,GGEA Strompest,Challenger,363,69,,191,152
195,summoner-78739091,196,IdioticGuy123,Challenger,362,66,,182,143
196,summoner-73543081,197,SKT T1 Crown,Challenger,361,93,,146,96
197,summoner-36259319,198,Vchee,Challenger,358,84,,369,329
198,summoner-24823450,199,Viel Glück,Challenger,346,67,,118,85
199,summoner-89530903,200,Shorter,Challenger,302,73,,267,231
200,summoner-28943582,201,CP Freeze,Master,405,91,,329,282
201,summoner-73170218,202,Miguel el toro,Master,384,90,,303,274
202,summoner-66832087,203,sexyminou,Master,382,80,,320,283
203,summoner-95739079,204,0nxn,Master,405,37,,63,31
204,summoner-62605523,205,Resuna,Master,375,52,,160,84
205,summoner-29221767,206,Abou222,Master,361,66,,162,117
206,summoner-23162732,207,Byeong Hoon Lee,Master,360,90,,231,204
207,summoner-47607839,208,Gong Yoo x,Master,357,72,,315,255
208,summoner-21498922,209,Linsaníty,Master,357,71,,182,159
209,summoner-95439104,210,PRODUCTPLACEMENT,Master,357,40,,74,53
210,summoner-47706407,211,FreshCreamCherry,Master,333,73,,259,224
211,summoner-46052203,212,B Solo Lane B,Master,346,95,,372,335
212,summoner-45661658,213,Bao Bao,Master,320,101,,239,210
213,summoner-91729099,214,BOL4,Master,337,55,,161,127
214,summoner-72849285,215,ChumpJohn Again,Master,337,56,,98,63
215,summoner-80240589,216,Toàn Tran,Master,335,48,,97,67
216,summoner-88229545,217,Gate,Master,333,110,,243,212
217,summoner-36772244,218,Fuh Breeze,Master,330,103,,302,283
218,summoner-22478427,219,Biofrost,Master,329,79,,238,204
219,summoner-29524444,220,atkins2,Master,345,99,,254,222
220,summoner-36400685,221,AIIorim,Master,327,105,,365,342
221,summoner-30580841,222,YkyLh,Master,326,100,,98,47
222,summoner-32392626,223,Dhokla,Master,325,97,,352,328
223,summoner-43147757,224,Twíns,Master,320,120,,296,196
224,summoner-83939135,225,jensenfanboy97,Master,320,52,,138,83
225,summoner-50493382,226,sniperboy120,Master,320,55,,117,69
226,summoner-22415968,227,Real Danijrm,Master,319,67,,279,230
227,summoner-19296564,228,fwii,Master,319,106,,257,232
228,summoner-31929876,229,Arceesenpie,Master,318,66,,254,215
229,summoner-22701102,230,EleJiggle,Master,313,109,,309,276
230,summoner-19905517,231,ZzLegendary,Master,310,103,,198,161
231,summoner-45191640,232,ChadYasuoMain,Master,307,125,,227,193
232,summoner-39933019,233,Taco,Master,306,63,,209,174
233,summoner-82789571,234,flameflameflame,Master,322,70,,245,213
234,summoner-38869932,235,really big meme,Master,304,92,,209,180
235,summoner-19668604,236,Koukesito,Master,320,63,,186,144
236,summoner-33419995,237,CopyAndPaste,Master,302,69,,130,104
237,summoner-19875787,238,Crab Battle,Master,301,56,,128,97
238,summoner-48321237,239,MouseArt,Master,299,170,,809,783
239,summoner-24154639,240,ggulbam1,Master,299,73,,126,94
240,summoner-95090711,241,DeafRef,Master,298,57,,208,158
241,summoner-27816311,242,N4omi,Master,297,70,,160,128
242,summoner-21830641,243,Seuyan,Master,297,56,,160,112
243,summoner-40279866,244,Krmx,Master,296,73,,223,192
244,summoner-32909693,245,IVIODE,Master,293,88,,386,327
245,summoner-21728063,246,tebomb2,Master,291,44,,70,31
246,summoner-43079579,247,My melody,Master,289,168,,203,168
247,summoner-21103810,248,BendyAndy,Master,288,92,,359,322
248,summoner-24449785,249,that808gamer,Master,288,92,,235,207
249,summoner-21201241,250,Auberaun,Master,288,80,,195,163
250,summoner-36119978,251,Kazahana,Master,286,106,,180,152
251,summoner-48365522,252,CroatianD,Master,286,109,,177,138
252,summoner-66042977,253,TwTv KatEvolved,Master,284,91,,297,269
253,summoner-63668454,254,Desired Game,Master,284,53,,208,106
254,summoner-22789590,255,Nami Fish Hentai,Master,284,122,,197,163
255,summoner-44141483,256,RubenxSWRD,Master,283,87,,348,320
256,summoner-77661150,257,good nightt,Master,283,59,,180,116
257,summoner-57039082,258,boI4,Master,279,51,,154,125
258,summoner-84389222,259,Meta,Master,277,67,,164,141
259,summoner-82950710,260,NA is a coinflip,Master,277,57,,103,72
260,summoner-19451735,261,homeboi,Master,276,98,,375,350
261,summoner-77489438,262,A Brand 1 Trick,Master,276,68,,195,166
262,summoner-95029399,263,lIIIlllIIllIlIlI,Master,276,42,,92,44
263,summoner-29773406,264,Tonington,Master,275,69,,184,155
264,summoner-89909122,265,light b,Master,274,70,,150,116
265,summoner-20826894,266,Sleepyz,Master,270,112,,457,437
266,summoner-62374009,267,wlswlgkrprkwmdk,Master,269,54,,197,158
267,summoner-23350752,268,Zeyzal,Master,269,61,,176,150
268,summoner-91429107,269,CLG Reignover,Master,266,66,,155,132
269,summoner-21652056,270,Vìncent,Master,265,88,,300,270
270,summoner-91634369,271,Origami X,Master,265,56,,197,127
271,summoner-20611031,272,An Obese Panda,Master,265,103,,160,130
272,summoner-61542283,273,huhi,Master,263,87,,247,222
273,summoner-38111839,274,Candice,Master,225,70,,228,200
274,summoner-92969097,275,Ruler CoreJJ,Master,262,47,,123,102
275,summoner-56797519,276,Kewlipo,Master,259,126,,495,465
276,summoner-45451524,277,Løst Boy,Master,259,104,,358,320
277,summoner-22991489,278,Tangularx,Master,257,100,,428,400
278,summoner-40036262,279,TF Blade,Master,256,74,,258,196
279,summoner-60615460,280,Charming Gay Guy,Master,256,56,,173,98
280,summoner-33239179,281,ZeyzaI,Master,255,59,,129,65
281,summoner-72903789,282,LimitTester,Master,255,46,,103,70
282,summoner-37447382,283,KlvA,Master,253,79,,150,117
283,summoner-90782595,284,Judge Doom,Master,252,75,,163,133
284,summoner-39957695,285,røvex,Master,232,110,,508,493
285,summoner-56365425,286,Johnaay,Master,249,90,,178,147
286,summoner-42018127,287,Eclipseˉ,Master,248,66,,214,172
287,summoner-94519219,288,xXxGodPlayerxXx,Master,231,49,,128,96
288,summoner-92949232,289,L 5 22 9,Master,232,94,,492,428
289,summoner-23965783,290,Titan Dweevil,Master,246,112,,454,420
290,summoner-521955,291,WildTurtle,Master,244,47,,122,80
291,summoner-40984753,292,GangstahSwerve,Master,241,45,,82,54
292,summoner-24449515,293,Savast,Master,238,107,,275,247
293,summoner-20411671,294,Heisendong,Master,238,61,,131,99
294,summoner-88669121,295,Akaadian,Master,238,56,,80,50
295,summoner-21794465,296,chowdong,Master,237,70,,201,172
296,summoner-73136544,297,Feí,Master,237,82,,201,160
297,summoner-31781756,298,Mac,Master,254,82,,214,149
298,summoner-25232745,299,TwTv ChaseShaco,Master,236,64,,180,155
299,summoner-95729083,300,Known Dicer,Master,236,41,,88,57
300,summoner-68459235,301,Yuki S2,Master,233,119,,361,327
301,summoner-51949451,302,AD Nannies Pref,Master,230,86,,229,203
302,summoner-66929247,303,Liquid Joey,Master,230,73,,212,192
303,summoner-28432690,304,Zud,Master,230,89,,198,161
304,summoner-62630267,305,KlonkGronkZonk,Master,228,88,,208,183
305,summoner-57302617,306,Dragonmin,Master,227,43,,69,23
306,summoner-22696988,307,TheOddOrange,Master,226,85,,218,193
307,summoner-22835956,308,RenektonTopOnly,Master,208,129,,643,597
308,summoner-22447403,309,PrismaI,Master,225,95,,274,246
309,summoner-51758381,310,TN Vampire,Master,225,106,,212,138
310,summoner-24793304,311,Roronoa Zary,Master,225,58,,171,139
311,summoner-78739135,312,Feox,Master,225,60,,160,119
312,summoner-84509505,313,GGEA eThug,Master,223,79,,159,127
313,summoner-89190126,314,Toxic Vietnamese,Master,223,108,,148,111
314,summoner-62240420,315,le fwii,Master,222,50,,95,28
315,summoner-492066,316,SimplyHai,Master,221,87,,298,273
316,summoner-10077,317,scarra,Master,220,113,,562,543
317,summoner-22417049,318,Cuyo,Master,219,86,,263,241
318,summoner-31213574,319,Swkeeee,Master,219,145,,252,210
319,summoner-37094087,320,Ben9813,Master,218,45,,99,60
320,summoner-518475,321,Cat Girl Sakuya,Master,202,61,,164,126
321,summoner-75111441,322,WSL Bae Bae,Master,217,117,,122,81
322,summoner-31383720,323,Terrified dog,Master,235,57,,174,138
323,summoner-38091945,324,Zenden,Master,215,69,,215,182
324,summoner-28781699,325,Shupian,Master,215,100,,186,155
325,summoner-39877298,326,lae young,Master,215,55,,145,117
326,summoner-46062118,327,I Am Smexy,Master,215,64,,108,68
327,summoner-82962549,328,10 IQ PLAYER,Master,213,98,,237,204
328,summoner-83709100,329,KhaliDino,Master,212,138,,589,553
329,summoner-20920347,330,H4xDefender,Master,226,84,,304,276
330,summoner-25022297,331,Omot,Master,209,100,,120,89
331,summoner-91329284,332,Sllfer,Master,210,42,,88,41
332,summoner-27381932,333,chepa candela,Master,209,94,,374,350
333,summoner-76609200,334,INF SolidSnake,Master,227,114,,311,287
334,summoner-22341069,335,please plan ahea,Master,209,56,,185,146
335,summoner-22192687,336,Gweiss,Master,208,159,,469,448
336,summoner-53152792,337,The Crab Hunter,Master,208,105,,257,222
337,summoner-52326216,338,papa croc romanm,Master,208,65,,224,192
338,summoner-50185236,339,xFSN Sakura,Master,206,52,,110,75
339,summoner-38709082,340,Soju,Master,205,90,,296,258
340,summoner-74450973,341,Fiona So Cute,Master,205,95,,163,91
341,summoner-22292020,342,CIyde,Master,203,119,,342,323
342,summoner-25285716,343,Haanii,Master,203,73,,124,95
343,summoner-50521814,344,VelIeity,Master,202,121,,458,396
344,summoner-45678930,345,MattyMooo,Master,202,114,,408,388
345,summoner-66241634,346,TwTv Vchee,Master,202,63,,261,165
346,summoner-19979141,347,Was Fun,Master,219,85,,212,179
347,summoner-83282990,348,monkarS,Master,202,67,,201,174
348,summoner-19804632,349,Forest Within,Master,182,87,,462,381
349,summoner-43225114,350,Necroside,Master,200,95,,166,136
350,summoner-19715873,351,Gerardo Ortiz,Master,200,53,,130,96
351,summoner-69129243,352,GDX,Master,200,133,,102,58
352,summoner-41335915,353,Sahatsu,Master,198,120,,256,230
353,summoner-34084652,354,I Dislike Solo Q,Master,198,55,,158,131
354,summoner-20694079,355,Day after day,Master,197,99,,427,409
355,summoner-30045762,356,Kumo9,Master,206,96,,349,318
356,summoner-50638481,357,supercoolisaac,Master,197,136,,156,126
357,summoner-22858406,358,KAYLE OTP BABY,Master,196,130,,380,356
358,summoner-20724263,359,YesImCelend,Master,196,52,,123,81
359,summoner-19887289,360,Imaqtpie,Master,195,174,,862,836
360,summoner-50928107,361,FEED SPLIT THROW,Master,194,63,,99,59
361,summoner-22058902,362,Flaresz,Master,194,55,,77,56
362,summoner-46531569,363,iKinggVex,Master,160,169,,801,782
363,summoner-20123146,364,AND 1 AIDAN,Master,193,95,,319,288
364,summoner-43873947,365,Boyyyyyyyyyyyyyy,Master,193,91,,112,87
365,summoner-19725432,366,riste,Master,192,168,,727,695
366,summoner-20112175,367,Rohammers,Master,209,115,,504,484
367,summoner-27282584,368,weed on ice,Master,173,105,,491,460
368,summoner-29194631,369,Alicopter,Master,186,143,,505,484
369,summoner-77729240,370,LohpalIy,Master,186,88,,279,249
370,summoner-54986862,371,Àsyc,Master,183,166,,847,829
371,summoner-82789170,372,TL Cain,Master,183,69,,271,236
372,summoner-138243,373,Kimchi the Cat,Master,182,139,,448,415
373,summoner-72379811,374,James Jeongˉ,Master,182,76,,287,233
374,summoner-93579190,375,Pykeman,Master,182,43,,103,81
375,summoner-77589227,376,Šœ  VIP  Šœ,Master,178,78,,141,102
376,summoner-19139093,377,Redmercy,Master,177,68,,186,155
377,summoner-432695,378,Lethal Zedster,Master,176,48,,134,111
378,summoner-45126443,379,Jg2,Master,175,80,,362,336
379,summoner-48547745,380,Diamond Police,Master,175,94,,289,265
380,summoner-24877618,381,Vares,Master,174,123,,361,330
381,summoner-50363420,382,duoshark1,Master,174,81,,207,185
382,summoner-44841787,383,MooseHater,Master,173,98,,295,281
383,summoner-19470447,384,Minishcap1,Master,173,68,,130,103
384,summoner-21003343,385,Wookin,Master,173,68,,83,53
385,summoner-20132258,386,Doublelift,Master,172,79,,147,124
386,summoner-24724018,387,Willie fkn P,Master,191,81,,421,369
387,summoner-69883340,388,iwhenzhou,Master,171,146,,191,163
388,summoner-77191631,389,Kítzuo,Master,170,100,,339,297
389,summoner-47005597,390,IWU Fizzi,Master,170,59,,166,107
390,summoner-28840804,391,Dr Saline PhD,Master,169,96,,417,385
391,summoner-32556358,392,Gamer Girl,Master,168,108,,245,226
392,summoner-19777052,393,GeneralMint,Master,165,97,,270,247
393,summoner-20978232,394,ItsYourChoice,Master,164,110,,400,371
394,summoner-70011915,395,moon b,Master,164,87,,270,238
395,summoner-87599515,396,Raverboy,Master,164,111,,258,227
396,summoner-20902946,397,Oppai God,Master,164,73,,182,159
397,summoner-48318695,398,nxi,Master,164,69,,176,135
398,summoner-42762376,399,peaceminusøne,Master,155,64,,127,84
399,summoner-56614125,400,ibara2,Master,161,94,,340,301
400,summoner-40655603,401,Copari,Master,161,85,,204,181
401,summoner-19976104,402,Kkeptt,Master,161,54,,174,108
402,summoner-23723309,403,Ordinn,Master,160,87,,198,170
403,summoner-390600,404,Meteos,Master,157,94,,178,151
404,summoner-19906739,405,Virus,Master,156,92,,321,284
405,summoner-21107682,406,Hillside Boys,Master,138,170,,708,666
406,summoner-24412033,407,Sexy Yaoi Prince,Master,155,108,,313,285
407,summoner-21978925,408,SlapPorkChop,Master,155,80,,228,206
408,summoner-23624997,409,Evop,Master,153,51,,184,125
409,summoner-44116382,410,7500dollar,Master,152,73,,272,192
410,summoner-91729110,411,CG Febiven,Master,177,81,,255,214
411,summoner-32178528,412,Weeknd,Master,149,91,,366,344
412,summoner-47212115,413,Tactical,Master,148,94,,253,229
413,summoner-75281603,414,Catria,Master,148,110,,226,194
414,summoner-22073036,415,Breakbot,Master,147,109,,272,239
415,summoner-22775683,416,Zero Pressure xD,Master,147,66,,211,169
416,summoner-89031504,417,I worry,Master,147,57,,97,64
417,summoner-21814281,418,TALON1V9,Master,146,57,,169,110
418,summoner-24598046,419,time time time,Master,130,55,,147,115
419,summoner-35400880,420,AxelsFinalFlame,Master,146,66,,140,115
420,summoner-28329959,421,Zib Nibbler,Master,146,70,,125,95
421,summoner-91601980,422,llIIllIIlll,Master,145,55,,149,109
422,summoner-63291,423,Sunset,Master,143,175,,788,757
423,summoner-49943354,424,Dekar,Master,143,49,,152,119
424,summoner-38841069,425,Ikzencriel,Master,142,128,,541,521
425,summoner-24391662,426,was good in s6,Master,142,108,,377,355
426,summoner-80979709,427,Pants are JłZZ,Master,142,101,,302,278
427,summoner-30936371,428,Jayms,Master,142,67,,163,149
428,summoner-19594516,429,Rvn,Master,155,97,,348,319
429,summoner-95699530,430,Con sentiment,Master,141,43,,100,43
430,summoner-21189658,431,jakobjames,Master,141,58,,63,37
431,summoner-51075422,432,Hopefulqt,Master,140,96,,236,206
432,summoner-25367460,433,Mnew,Master,140,83,,217,186
433,summoner-21390175,434,Branch of Fate,Master,139,111,,445,407
434,summoner-28682326,435,wispe,Master,139,163,,415,385
435,summoner-80301228,436,Godspica,Master,138,70,,171,145
436,summoner-78059635,437,MACACO,Master,135,91,,236,206
437,summoner-22220672,438,RiceLegend,Master,134,73,,245,215
438,summoner-76832011,439,XChanX,Master,134,70,,132,98
439,summoner-70339477,440,Rapidx,Master,97,124,,571,546
440,summoner-51473426,441,Repobah,Master,133,166,,307,276
441,summoner-579475,442,dawolfsfang,Master,133,57,,168,150
442,summoner-41643804,443,Vakin,Master,132,135,,374,348
443,summoner-38883756,444,luggindy,Master,131,72,,183,151
444,summoner-24153216,445,TwTvJakehoffmann,Master,130,106,,498,441
445,summoner-35702501,446,cokes,Master,130,99,,281,251
446,summoner-90839081,447,IIllIlIlIlIIIlll,Master,148,74,,228,204
447,summoner-89382678,448,UBCKNIFE,Master,130,46,,134,83
448,summoner-25005620,449,Mcbaze,Master,128,93,,385,357
449,summoner-19199530,450,Xpecial,Master,145,90,,206,183
450,summoner-44946228,451,ˆTwice Sanaˆ,Master,127,95,,147,119
451,summoner-90811612,452,TwTv 6ixgodmemes,Master,127,53,,116,64
452,summoner-30107400,453,BlueHole,Master,126,87,,163,95
453,summoner-70359148,454,Tony Supp,Master,125,77,,223,209
454,summoner-34042136,455,Good vs Evil,Master,142,60,,159,133
455,summoner-31804039,456,oGoDs,Master,124,66,,127,104
456,summoner-58272296,457,Ari Why,Master,123,122,,242,215
457,summoner-92659418,458,beat saber main,Master,123,45,,116,89
458,summoner-19661419,459,HoloLO2,Master,122,46,,101,53
459,summoner-35703236,460,PieCakeLord,Master,120,107,,477,459
460,summoner-34225884,461,Blazed Nova,Master,101,124,,375,342
461,summoner-22639840,462,Bryanmanlet,Master,119,85,,243,209
462,summoner-67709962,463,LostFizz,Master,118,129,,295,245
463,summoner-90679261,464,bagelbrother71,Master,117,64,,98,65
464,summoner-77269277,465,it viper,Master,116,101,,292,280
465,summoner-39003930,466,어쩌면,Master,116,99,,231,203
466,summoner-50493444,467,Coltre,Master,116,167,,103,67
467,summoner-20794181,468,vStarzzz,Master,114,120,,486,460
468,summoner-45038172,469,Sir Celery,Master,114,104,,188,164
469,summoner-31687588,470,Freeze,Master,114,60,,102,79
470,summoner-25276169,471,argv,Master,112,105,,283,252
471,summoner-40017716,472,Choisix,Master,112,59,,124,88
472,summoner-36512012,473,Body Those Fools,Master,111,92,,150,123
473,summoner-30372420,474,Shimatora,Master,110,122,,318,289
474,summoner-22180208,475,Chasing Summer,Master,110,76,,107,88
475,summoner-24801053,476,gLucy,Master,108,95,,137,113
476,summoner-45660180,477,Horseie,Master,108,69,,137,106
477,summoner-47647040,478,BestInTown,Master,108,46,,104,64
478,summoner-90342456,479,Tyto alba alba,Master,106,65,,189,142
479,summoner-93269098,480,decentplayer53,Master,106,47,,124,94
480,summoner-44594721,481,Zeroˉ,Master,105,132,,515,489
481,summoner-35336480,482,Outclass,Master,105,109,,400,378
482,summoner-19263738,483,oMizu,Master,105,88,,194,166
483,summoner-35590582,484,Annie Bot,Master,104,199,,1036,1011
484,summoner-23245665,485,Scrandor,Master,103,123,,598,582
485,summoner-27809820,486,jbraggs,Master,103,133,,489,468
486,summoner-19663548,487,TwTvTastyPotatox,Master,103,73,,233,201
487,summoner-23213125,488,mimi styIe,Master,103,116,,85,62
488,summoner-32355,489,AquaBlue,Master,102,112,,399,373
489,summoner-88669168,490,Mid braum only,Master,101,41,,90,56
490,summoner-64793095,491,Ttv fwiizone,Master,120,51,,50,14
491,summoner-59189004,492,Śhady,Master,85,131,,514,491
492,summoner-45164529,493,KANGSEUNGLOKSFAN,Master,100,81,,167,146
493,summoner-91655533,494,chicken and rice,Master,118,50,,150,86
494,summoner-91270727,495,cute loli gf,Master,99,46,,129,83
495,summoner-48443712,496,ChaosRain,Master,97,132,,490,462
496,summoner-43276966,497,Eric Zhao,Master,97,98,,231,197
497,summoner-49013115,498,DeadlyTwitches,Master,113,120,,182,156
498,summoner-70173009,499,Maiyatang,Master,96,259,,686,654
499,summoner-23941212,500,toez1,Master,96,65,,189,160
500,summoner-29699937,501,Kholin,Master,109,54,,161,132
501,summoner-32627897,502,Potty,Master,94,113,,320,285
502,summoner-31274923,503,Lovefury,Master,93,110,,296,266
503,summoner-86839671,504,Swifte1,Master,93,44,,103,55
504,summoner-30266347,505,Piggy Kitten,Master,92,156,,847,822
505,summoner-24399368,506,KingGeorgie,Master,92,154,,401,374
506,summoner-23769101,507,Wazabiee,Master,91,97,,312,282
507,summoner-59991269,508,Neko Nico Nii,Master,110,63,,228,185
508,summoner-40846506,509,Gavotto,Master,91,51,,131,104
509,summoner-39630512,510,davidroo,Master,89,79,,131,108
510,summoner-51094671,511,Eivu,Master,88,84,,336,308
511,summoner-34983603,512,Licorice,Master,88,70,,83,63
512,summoner-23890102,513,YoItsK,Master,70,140,,464,434
513,summoner-38384168,514,SaltwaterScourge,Master,87,106,,239,210
514,summoner-19599117,515,Bes,Master,87,109,,231,206
515,summoner-40432671,516,refiningg,Master,87,48,,134,86
516,summoner-46127893,517,NoMercy,Master,71,50,,112,91
517,summoner-29593986,518,Èssence,Master,86,115,,407,383
518,summoner-19353105,519,Rekeri,Master,86,81,,234,205
519,summoner-31588136,520,CLG Auto,Master,68,101,,458,430
520,summoner-21905240,521,I Have Sisu,Master,84,128,,661,637
521,summoner-66879182,522,Dilena Dimitrova,Master,84,106,,340,312
522,summoner-22476330,523,Minah,Master,84,95,,241,229
523,summoner-96849781,524,Pahn,Master,66,48,,159,114
524,summoner-55815684,525,Deweyyy,Master,84,131,,113,80
525,summoner-39833053,526,Chase Kip,Master,83,140,,399,369
526,summoner-36776514,527,Reza Y Dispara,Master,83,50,,148,91
527,summoner-77003254,528,footnote,Master,83,50,,127,76
528,summoner-37278467,529,Cyrano,Master,82,137,,261,236
529,summoner-82759189,530,Mar de Copas,Master,81,95,,312,292
530,summoner-54719803,531,luckylark,Master,81,43,,122,77
531,summoner-28391756,532,Fated Emperor,Master,80,126,,598,583
532,summoner-32576527,533,Danwel,Master,79,119,,473,452
533,summoner-39996814,534,Grande Donger,Master,79,103,,409,383
534,summoner-49089505,535,Solitified,Master,78,148,,376,326
535,summoner-76869210,536,imp9,Master,97,87,,297,257
536,summoner-20918669,537,elise player,Master,78,84,,243,231
537,summoner-22922261,538,yak0,Master,78,62,,112,88
538,summoner-60930238,539,ImASuperNiceGuy,Master,77,122,,209,183
539,summoner-23702362,540,xRequiem,Master,76,88,,202,178
540,summoner-39561509,541,JuIius,Master,75,165,,812,791
541,summoner-87230278,542,Not2Clean,Master,75,144,,554,535
542,summoner-53339424,543,MeIo,Master,75,98,,305,251
543,summoner-31632622,544,XsYz,Master,75,70,,182,163
544,summoner-54845887,545,kyroo1,Master,75,108,,173,144
545,summoner-265174,546,Thien Chau1,Master,74,79,,304,276
546,summoner-35095512,547,Enrique5pe,Master,73,79,,262,229
547,summoner-75209208,548,Purrple Socks,Master,72,102,,369,340
548,summoner-61925463,549,Wixxi,Master,89,98,,211,179
549,summoner-30709643,550,Jazzawhitz,Master,71,55,,111,79
550,summoner-28299232,551,Anderz,Master,70,98,,200,172
551,summoner-85339564,552,JB hai,Master,70,98,,182,151
552,summoner-50453166,553,Boosted bot,Master,106,228,,1289,1263
553,summoner-442232,554,aphromoo,Master,68,218,,369,354
554,summoner-21399577,555,Tentacool,Master,69,59,,170,147
555,summoner-30575166,556,Locke Lamora,Master,68,134,,318,294
556,summoner-32005448,557,Pros,Master,68,74,,209,183
557,summoner-45186258,558,Pistolˉ,Master,68,71,,151,124
558,summoner-46560088,559,DeDrater,Master,68,52,,145,107
559,summoner-92659402,560,Yubi,Master,68,40,,66,52
560,summoner-37145047,561,Gli,Master,66,111,,226,204
561,summoner-26712726,562,OFFLINETV REJECT,Master,66,63,,225,197
562,summoner-45520517,563,ioki,Master,65,101,,258,223
563,summoner-28909573,564,tiltmaster123,Master,65,60,,204,174
564,summoner-23414336,565,Went,Master,63,51,,145,98
565,summoner-23467785,566,babybaby1111,Master,62,216,,724,703
566,summoner-43235320,567,Rocket Rhino,Master,62,119,,265,242
567,summoner-20220845,568,Nikkone,Master,62,95,,208,192
568,summoner-37827053,569,KiNG Nidhogg,Master,62,86,,198,174
569,summoner-85001542,570,xBlotter,Master,47,55,,150,120
570,summoner-36447212,571,AsianSGpotato,Master,76,123,,108,85
571,summoner-37370762,572,Im Avi,Master,58,43,,105,50
572,summoner-78430986,573,Tony Mid,Master,57,73,,314,264
573,summoner-42815012,574,omg its snowing,Master,40,64,,202,180
574,summoner-41989378,575,Lx1angTNT,Master,57,52,,122,96
575,summoner-20414291,576,Protòtype,Master,56,165,,854,808
576,summoner-21998704,577,Birds cant fly,Master,56,103,,299,271
577,summoner-20001980,578,BenjiStax,Master,56,65,,208,183
578,summoner-20640052,579,XPsionicsx,Master,37,73,,227,208
579,summoner-51153743,580,Unreal Player,Master,55,50,,198,91
580,summoner-25117400,581,Kiryu Moeka,Master,54,75,,173,130
581,summoner-21955448,582,Zuardian,Master,53,127,,472,450
582,summoner-26785144,583,콘돔꺼내기,Master,53,71,,176,155
583,summoner-45101564,584,dmario7,Master,52,88,,455,431
584,summoner-78670850,585,twtv Lohpally,Master,52,87,,288,264
585,summoner-53801673,586,Dziarmaga,Master,48,72,,253,225
586,summoner-28948871,587,Fun Carnage,Master,51,86,,237,217
587,summoner-29317015,588,cheisu,Master,51,64,,107,83
588,summoner-19285521,589,ColombiaParce,Master,50,95,,334,314
589,summoner-31233054,590,THE Jons,Master,50,91,,278,254
590,summoner-37327350,591,Bryce Walker,Master,50,44,,129,71
591,summoner-46385711,592,Treysh,Master,49,98,,179,158
592,summoner-47442009,593,OvO Memes,Master,48,116,,337,321
593,summoner-20032190,594,VanillaHomocide,Master,48,138,,260,232
594,summoner-22325691,595,Yotsume,Master,48,40,,70,39
595,summoner-32016710,596,Noobkiller291,Master,47,112,,282,265
596,summoner-23552941,597,deftIy,Master,46,85,,267,222
597,summoner-19617276,598,OPW,Master,29,57,,116,98
598,summoner-25078968,599,TheOddTurtle,Master,45,96,,298,269
599,summoner-92009905,600,show us de way,Master,44,52,,123,68
600,summoner-95139141,601,eydflt,Master,44,40,,74,48
601,summoner-94849180,602,Ryleo,Master,43,50,,149,91
602,summoner-22742359,603,Magi1234,Master,43,92,,110,91
603,summoner-91554234,604,Gotenk,Master,42,88,,388,319
604,summoner-20886395,605,BeNice2EachOther,Master,42,97,,249,218
605,summoner-39987054,606,CloudNguyén,Master,41,129,,478,456
606,summoner-30314638,607,DarkWingsForSale,Master,41,82,,175,154
607,summoner-23887566,608,CookiesforSanta,Master,41,86,,102,77
608,summoner-46354722,609,Oricorio,Master,39,105,,194,172
609,summoner-20131827,610,Frostalicious,Master,38,61,,82,61
610,summoner-76912916,611,Rose Queen,Master,36,125,,335,294
611,summoner-81041277,612,Myth of Bulgaria,Master,36,47,,125,88
612,summoner-34563833,613,Clasiik,Master,35,125,,410,383
613,summoner-386231,614,admirable potato,Master,35,107,,266,237
614,summoner-39642481,615,Beyoutiful,Master,35,130,,156,135
615,summoner-57539102,616,sesamo,Master,35,68,,136,116
616,summoner-50759303,617,IWCrackinate,Master,35,55,,123,99
617,summoner-49389151,618,Bíshop,Master,52,116,,416,367
618,summoner-42239629,619,NoticedMeSenpai,Master,34,113,,285,262
619,summoner-67872603,620,Kailhua,Master,34,83,,163,136
620,summoner-21705406,621,Link,Master,50,58,,134,106
621,summoner-89259289,622,Bobbyˉ,Master,34,127,,103,75
622,summoner-19537654,623,DEMIGOD,Master,33,130,,283,212
623,summoner-88702082,624,IlllIlIIIIII,Master,0,57,,152,131
624,summoner-35122558,625,ChaseShaco,Master,33,61,,152,125
625,summoner-50983694,626,OpenBaepack,Master,33,60,,125,93
626,summoner-34277055,627,Never Casual,Master,32,132,,515,488
627,summoner-22178565,628,Swoofyy,Master,32,91,,380,346
628,summoner-20877255,629,TCLB Tempest,Master,32,73,,281,204
629,summoner-71661569,630,Spin,Master,49,171,,255,225
630,summoner-35798660,631,Plabatey,Master,32,91,,120,99
631,summoner-50208688,632,TC porsche,Master,32,104,,111,71
632,summoner-90610341,633,only a feeling,Master,32,48,,108,75
633,summoner-29653038,634,Winfield,Master,31,96,,153,132
634,summoner-19188557,635,Aurelıon sol,Master,28,76,,350,277
635,summoner-32004867,636,Alexandtheo,Master,28,77,,134,111
636,summoner-77350765,637,Zentinel,Master,28,60,,88,63
637,summoner-27931416,638,PDS Zelt,Master,27,90,,294,279
638,summoner-24292975,639,CHOKE ME 002,Master,27,78,,268,218
639,summoner-24705131,640,August 12,Master,27,68,,253,227
640,summoner-38334154,641,Shmekek,Master,27,100,,203,175
641,summoner-44989337,642,C9 Gun,Master,27,42,,50,22
642,summoner-40661961,643,The Tank Man,Master,26,99,,340,312
643,summoner-76019310,644,Bulgarian Legend,Master,26,43,,103,68
644,summoner-21332662,645,Masterý,Master,25,140,,391,362
645,summoner-52081339,646,SLappY NasTy,Master,25,35,,62,16
646,summoner-37532228,647,byebyee,Master,24,105,,269,236
647,summoner-76920234,648,Comminatory,Master,24,48,,68,37
648,summoner-35570736,649,camtheham,Master,23,72,,158,133
649,summoner-24762213,650,Devolve,Master,42,128,,383,328
650,summoner-47812413,651,WatermelonWombat,Master,22,90,,316,244
651,summoner-38384984,652,Ez Tangerine,Master,22,79,,252,217
652,summoner-28879653,653,Fiddle Jungle,Master,22,85,,226,200
653,summoner-50791128,654,Zahnet,Master,22,100,,216,190
654,summoner-79940819,655,ps 01,Master,21,103,,492,468
655,summoner-19723788,656,Mozzyy,Master,21,110,,370,344
656,summoner-325903,657,Aglow,Master,21,94,,205,180
657,summoner-27726049,658,Methazine,Master,21,38,,64,20
658,summoner-38256280,659,Lets Not Give Up,Master,20,66,,306,246
659,summoner-31440065,660,PRoHAppyCAmper,Master,20,78,,231,202
660,summoner-75169835,661,Prødigious,Master,20,55,,161,125
661,summoner-19969614,662,ExecutionerK,Master,20,59,,144,121
662,summoner-21701239,663,bobqinXD,Master,20,58,,139,116
663,summoner-22129599,664,pick lulu or int,Master,20,41,,92,44
664,summoner-19134540,665,Voyboy,Master,19,149,,640,623
665,summoner-28454336,666,DarkX,Master,19,135,,476,453
666,summoner-47547430,667,CallMeExiled,Master,19,96,,285,260
667,summoner-50371119,668,King Taric,Master,19,98,,163,139
668,summoner-168921,669,sakurafloret,Master,19,48,,123,78
669,summoner-100311,670,US Economy,Master,19,73,,111,73
670,summoner-88109144,671,Bardly Missed,Master,18,99,,516,473
671,summoner-27664334,672,Rëol,Master,18,100,,331,307
672,summoner-47066009,673,ądc,Master,18,96,,201,167
673,summoner-25599243,674,WsT Goxtry,Master,18,69,,140,124
674,summoner-30307001,675,Turc,Master,17,88,,210,191
675,summoner-22652408,676,iProLordDiego,Master,17,50,,98,72
676,summoner-36100051,677,DirtyMobs,Master,16,105,,407,386
677,summoner-20400026,678,Tèmpo,Master,16,103,,391,364
678,summoner-85640077,679,LeEpicMemerino,Master,16,98,,276,255
679,summoner-60720984,680,Yîkês,Master,16,107,,265,183
680,summoner-19758519,681,MU Wolfe,Master,16,85,,194,173
681,summoner-19806051,682,Str1fe,Master,16,90,,184,170
682,summoner-31291239,683,Akeelo,Master,14,67,,165,136
683,summoner-88059115,684,eGirl cosplay,Master,14,47,,135,99
684,summoner-92273259,685,mid 3,Master,13,95,,501,450
685,summoner-75169605,686,twitchtv Eoba,Master,13,58,,134,98
686,summoner-50576811,687,its ok to be sad,Master,13,50,,83,59
687,summoner-49660821,688,Ducks Of Swag,Master,12,110,,277,250
688,summoner-51289083,689,Babylola,Master,12,81,,242,218
689,summoner-81859355,690,pandapants363,Master,10,41,,97,50
690,summoner-46702979,691,Redrouger,Master,9,131,,459,414
691,summoner-89060974,692,uninspired tool,Master,9,47,,86,58
692,summoner-83262877,693,SkinnierJGWins,Master,8,61,,194,178
693,summoner-39876431,694,Majestic03,Master,8,47,,116,65
694,summoner-43083155,695,Meals,Master,8,86,,112,84
695,summoner-45795786,696,Veiv,Master,7,138,,481,452
696,summoner-19267108,697,Panunu,Master,7,91,,187,166
697,summoner-21289125,698,Łast Hit,Master,7,102,,137,112
698,summoner-20577176,699,ooo la la,Master,6,86,,220,191
699,summoner-22079480,700,Boyfriend,Master,5,77,,205,190
700,summoner-41213210,701,DrewDozer,Master,1,116,,314,275
701,summoner-21629269,702,Beny,Master,1,60,,140,115
702,summoner-53310208,703,JUYOUSO,Master,0,196,,1094,1026
703,summoner-25312572,704,a Pokeball,Master,0,132,,481,453
704,summoner-27476501,705,Joju,Master,0,136,,453,438
705,summoner-20813251,706,Moelester Squad,Master,0,110,,373,357
706,summoner-20312461,707,Felfire,Master,0,111,,370,349
707,summoner-31403798,708,ReallyFatKid,Master,0,87,,368,335
708,summoner-19216994,709,Yisus,Master,0,79,,356,294
709,summoner-23679160,710,Barry Buggles,Master,0,127,,356,322
710,summoner-32360751,711,Frostynomad,Master,0,93,,355,337
711,summoner-37091701,712,sad idiot loser,Master,0,164,,350,330
712,summoner-20350623,713,Guess da number,Diamond 1,50,96,,309,288
713,summoner-23702061,714,Mikhail Tal,Master,0,96,,300,262
714,summoner-33371203,715,gulayy,Master,17,128,,300,282
715,summoner-60181263,716,MaRiTiMuS,Master,0,108,,282,258
716,summoner-35293242,717,Paratendo,Master,0,114,,279,254
717,summoner-36761613,718,walang elo,Master,0,91,,272,256
718,summoner-19161840,719,Arthin,Master,0,143,,270,248
719,summoner-73970139,720,RaverLad,Master,0,67,,261,227
720,summoner-92392897,721,A GR4SS,Master,0,66,,254,200
721,summoner-76463232,722,CLG Ravey,Master,0,72,,252,229
722,summoner-31925096,723,OSTRlCH,Master,0,101,,247,215
723,summoner-38089165,724,SETNAVREC,Master,0,100,,235,213
724,summoner-50731308,725,ShrektangIe,Master,0,97,,234,204
725,summoner-78650221,726,GIVE ZWAG MID,Master,0,68,,232,192
726,summoner-91969888,727,I Cook You Pay,Master,0,72,,209,154
727,summoner-21214027,728,Shawner,Master,0,112,,208,190
728,summoner-26786246,729,Dawn Bréak,Master,0,72,,199,171
729,summoner-47772583,730,A Noisy Aunt,Master,0,93,,192,159
730,summoner-37475736,731,WickedWazer,Master,0,74,,184,151
731,summoner-48310516,732,Pyeong Chang,Master,0,74,,175,146
732,summoner-20966611,733,Qitong,Master,0,74,,175,147
733,summoner-89039212,734,Internecinus,Master,0,235,,174,129
734,summoner-58608963,735,Seannnn,Master,0,121,,156,133
735,summoner-19979867,736,boom u dead,Master,0,88,,155,124
736,summoner-93659469,737,cofﬁn,Master,0,57,,154,112
737,summoner-91633366,738,RF Legendaddy,Master,0,58,,150,117
738,summoner-65821215,739,i will make it,Master,0,65,,143,116
739,summoner-34603011,740,Aavhin,Master,0,99,,140,111
740,summoner-34665452,741,Tomoebi,Master,0,107,,132,108
741,summoner-23450268,742,GTL,Master,0,73,,126,89
742,summoner-67089674,743,DLQQ 459680082,Master,0,48,,117,85
743,summoner-45000894,744,k2c,Master,0,57,,116,96
744,summoner-85660385,745,mental boomin,Master,0,45,,113,84
745,summoner-375919,746,toez,Master,0,53,,108,92
746,summoner-47534411,747,Vilify Hydro,Master,0,39,,79,29
747,summoner-564332,748,wow nice meta,Master,0,40,,76,35
748,summoner-19882392,749,Itsfwii,Master,0,46,,68,39
749,summoner-26204099,750,DeadSockGuy,Master,0,36,,62,20
750,summoner-41745040,751,Competition2,Diamond 1,100,205,,634,617
751,summoner-53026797,752,Jayton,Diamond 1,100,145,,483,460
752,summoner-34952485,753,Tracking Time,Diamond 1,100,119,,439,421
753,summoner-93269119,754,DIRTY B0Y,Diamond 1,100,89,,416,398
754,summoner-30453138,755,topsologg,Diamond 1,100,127,,407,383
755,summoner-47219230,756,Hi im Trixter,Master,0,96,,349,324
756,summoner-30563611,757,Chou Tzuyuu,Diamond 1,100,165,,328,313
757,summoner-20262759,758,Enryoo,Diamond 1,100,88,,285,256
758,summoner-48322713,759,Ged Hawk,Diamond 1,100,96,,249,210
759,summoner-38886417,760,DuskDust,Diamond 1,100,89,,243,221
760,summoner-20048740,761,CorbinD,Diamond 1,100,76,,241,219
761,summoner-20078731,762,TdollasAKATmoney,Diamond 1,100,88,,237,220
762,summoner-24853635,763,unfail,Diamond 1,100,80,,207,174
763,summoner-24071048,764,Jetstream22,Diamond 1,100,56,,196,112
764,summoner-19838545,765,Moontail,Diamond 1,100,60,,184,142
765,summoner-53094540,766,Notzu,Diamond 1,100,147,,180,159
766,summoner-48659949,767,hey guess what,Diamond 1,100,75,,152,131
767,summoner-92329083,768,StrongHuni,Diamond 1,100,54,,150,113
768,summoner-44247733,769,ConquerDevil,Diamond 1,82,59,,148,97
769,summoner-29535209,770,A Good Sir,Diamond 1,100,80,,146,123
770,summoner-37832463,771,Eitori,Diamond 1,100,66,,138,117
771,summoner-42685087,772,GoneMild,Diamond 1,100,71,,135,107
772,summoner-20755388,773,TFW Shupian,Diamond 1,100,71,,131,93
773,summoner-68110234,774,ZADDY K THE THUG,Diamond 1,100,57,,130,102
774,summoner-29533033,775,Lebron Jamés,Diamond 1,100,51,,121,98
775,summoner-35024547,776,MIKEYXD,Diamond 1,100,87,,116,92
776,summoner-19761072,777,Xmithie,Diamond 1,100,71,,111,91
777,summoner-24934464,778,5 Stacks GG,Diamond 1,100,62,,104,80
778,summoner-93731193,779,NILES 1V9,Diamond 1,100,43,,102,52
779,summoner-25743455,780,Anthony Antonoff,Diamond 1,100,46,,103,79
780,summoner-20602165,781,Lets Win This,Diamond 1,86,74,,97,74
781,summoner-39028853,782,Kaipop,Diamond 1,100,71,,93,62
782,summoner-21957142,783,dog2 mf,Diamond 1,100,41,,85,55
783,summoner-48991794,784,Jas,Diamond 1,100,45,,75,50
784,summoner-38855444,785,Rahman Noodles,Diamond 1,98,79,,197,177
785,summoner-22394277,786,Quy Dep Trai,Diamond 1,97,107,,422,394
786,summoner-32319695,787,Äye,Diamond 1,97,68,,161,42
787,summoner-81859385,788,Ineedtogetbetter,Diamond 1,97,66,,132,111
788,summoner-20203681,789,JoopsaKid,Diamond 1,97,68,,130,105
789,summoner-56497084,790,FrostForest,Diamond 1,97,90,,92,73
790,summoner-47189094,791,Aconda,Diamond 1,97,83,,66,44
791,summoner-19592869,792,zhúang,Diamond 1,95,70,,143,125
792,summoner-23556001,793,PandaBaozi,Diamond 1,95,72,,135,114
793,summoner-19453586,794,Im so nusty,Diamond 1,95,62,,130,104
794,summoner-64972786,795,Day 31,Diamond 1,94,100,,271,241
795,summoner-34057485,796,Routé,Diamond 1,94,73,,58,42
796,summoner-30184991,797,1Shift,Diamond 1,62,125,,702,674
797,summoner-83077100,798,Šmurƒ,Diamond 1,93,71,,140,124
798,summoner-40928659,799,Kyree,Diamond 1,93,66,,133,109
799,summoner-32381672,800,Maracendo,Diamond 1,93,122,,118,93
800,summoner-23934806,801,Xiaomi,Diamond 1,92,61,,238,187
801,summoner-92539882,802,Kaisa player1,Diamond 1,92,49,,155,98
802,summoner-90331209,803,La Voix Junior,Diamond 1,92,66,,137,96
803,summoner-26817450,804,JohnathanForLong,Diamond 1,91,93,,315,298
804,summoner-50392032,805,Requital,Diamond 1,91,62,,138,113
805,summoner-24879976,806,iNerto,Diamond 1,90,87,,426,363
806,summoner-39004125,807,Âerø,Diamond 1,90,100,,301,288
807,summoner-20139406,808,Marshed,Diamond 1,90,142,,282,257
808,summoner-21623482,809,raroraro,Diamond 1,90,102,,248,215
809,summoner-76602920,810,Snackbar123,Diamond 1,90,78,,210,187
810,summoner-446965,811,Ablazeolive,Diamond 1,90,72,,194,166
811,summoner-36420257,812,GibIe,Diamond 1,90,107,,172,139
812,summoner-89579226,813,Zarashii,Diamond 1,90,81,,148,110
813,summoner-39877990,814,LoNeLy Noo,Diamond 1,90,94,,142,121
814,summoner-24550000,815,TherapyTrance,Diamond 1,90,55,,141,118
815,summoner-37356075,816,mac diller,Diamond 1,90,69,,131,105
816,summoner-43197599,817,Sharp and Cold,Diamond 1,90,46,,124,66
817,summoner-20785373,818,top lane eboy,Diamond 1,90,56,,112,87
818,summoner-40938801,819,ioan,Diamond 1,90,93,,103,89
819,summoner-21645177,820,Ricominciare,Diamond 1,90,50,,91,53
820,summoner-22190336,821,Zenoncas,Diamond 1,90,59,,89,68
821,summoner-47564545,822,North KR Veigar,Diamond 1,90,44,,86,49
822,summoner-34771983,823,Diivinity,Diamond 1,90,48,,78,58
823,summoner-34753465,824,Ayukura,Diamond 1,90,48,,78,57
824,summoner-20678849,825,I onIy Top,Diamond 1,90,65,,75,56
825,summoner-460518,826,Holy Serenity,Diamond 1,90,51,,72,49
826,summoner-536071,827,StarWhale,Diamond 1,90,40,,54,24
827,summoner-65239176,828,Sejanus,Diamond 1,90,67,,45,20
828,summoner-22867854,829,USMC 0311,Diamond 1,89,117,,335,309
829,summoner-88379903,830,RNG Nebee,Diamond 1,89,64,,142,112
830,summoner-64199965,831,Youuuuuuuuuuuuu,Diamond 1,89,66,,86,60
831,summoner-50902680,832,PatheticParrot,Diamond 1,72,102,,287,262
832,summoner-90241774,833,burn btches,Diamond 1,88,62,,180,144
833,summoner-25880450,834,Dreamland,Diamond 1,88,81,,166,138
834,summoner-30622607,835,Z9 Bánh Tiêu,Diamond 1,88,103,,111,92
835,summoner-20420483,836,ecco,Diamond 1,87,123,,366,351
836,summoner-20429469,837,Adrian Riven,Diamond 1,87,112,,355,323
837,summoner-46316160,838,yandere suzy,Diamond 1,87,65,,225,199
838,summoner-29439365,839,Hitman Reborn,Diamond 1,87,95,,205,187
839,summoner-34469182,840,nbzoJ98LeiA,Diamond 1,87,56,,101,77
840,summoner-39181040,841,DorkLS,Diamond 1,86,97,,163,141
841,summoner-34865135,842,Tadae,Diamond 1,85,92,,260,226
842,summoner-21836856,843,xFSN Rin,Diamond 1,85,73,,203,186
843,summoner-19350906,844,Keen,Diamond 1,85,77,,164,142
844,summoner-26379781,845,Sonny2o9,Diamond 1,100,91,,122,102
845,summoner-35368931,846,2K games jungler,Diamond 1,84,177,,1062,1027
846,summoner-91959940,847,Thats Not Fervor,Diamond 1,84,70,,179,125
847,summoner-42172450,848,Williammm,Diamond 1,84,90,,129,110
848,summoner-78593412,849,MelonMan32,Diamond 1,84,48,,121,85
849,summoner-68469260,850,B0dydrop,Diamond 1,84,57,,103,73
850,summoner-23296106,851,Recommisioner,Diamond 1,84,51,,94,68
851,summoner-92259523,852,3astan,Diamond 1,83,82,,352,292
852,summoner-81471565,853,Rohrabaugh,Diamond 1,83,75,,190,163
853,summoner-19128116,854,yade or yade,Diamond 1,83,64,,101,81
854,summoner-45079499,855,iamwater,Diamond 1,82,143,,417,399
855,summoner-26065782,856,TomatoTownOnly,Diamond 1,100,52,,149,131
856,summoner-34469363,857,forever muted,Diamond 1,81,140,,578,559
857,summoner-19275344,858,TheRíckestRíck,Diamond 1,81,118,,440,427
858,summoner-90143499,859,Optimal gameplay,Diamond 1,81,83,,230,168
859,summoner-23544332,860,ADC Singed,Diamond 1,81,59,,116,82
860,summoner-69669605,861,VCc,Diamond 1,80,134,,295,260
861,summoner-23055302,862,Evexus,Diamond 1,80,70,,114,96
862,summoner-76190053,863,Muting You,Diamond 1,79,117,,99,66
863,summoner-72905368,864,Heisendongg,Diamond 1,79,45,,47,25
864,summoner-34243185,865,Volt,Diamond 1,78,121,,103,59
865,summoner-23066104,866,Pandaren,Diamond 1,78,46,,58,33
866,summoner-24618834,867,The Clark,Diamond 1,77,108,,403,383
867,summoner-90812124,868,Hmmmmmmmmmmmmmm,Diamond 1,77,92,,383,327
868,summoner-20024227,869,Romanium,Diamond 1,77,94,,238,221
869,summoner-24980187,870,Crynopsa,Diamond 1,77,119,,143,114
870,summoner-28501854,871,Shmeeblez,Diamond 1,77,63,,121,101
871,summoner-95149207,872,Bad At Macro,Diamond 1,77,38,,59,15
872,summoner-77222784,873,Bad At Micro,Diamond 1,98,41,,60,15
873,summoner-92979098,874,iam THATT,Diamond 1,77,37,,51,28
874,summoner-57472209,875,Ravimon,Diamond 1,76,97,,351,314
875,summoner-31209421,876,Captain Nuke,Diamond 1,76,89,,316,299
876,summoner-81239188,877,Darp,Diamond 1,76,95,,304,281
877,summoner-564586,878,x Guinness,Diamond 1,76,58,,171,99
878,summoner-49159160,879,Søren Bjerg,Diamond 1,76,63,,154,123
879,summoner-21861110,880,TyÌer,Diamond 1,76,77,,120,94
880,summoner-64825900,881,wet noodIe fight,Diamond 1,76,45,,78,58
881,summoner-88490180,882,Sophist Ságe,Diamond 1,75,124,,717,679
882,summoner-22328535,883,PrabhablyShaco,Diamond 1,75,118,,477,450
883,summoner-1681,884,TCLB Robin NA,Diamond 1,75,100,,455,360
884,summoner-50668976,885,WhyzEStealZ,Diamond 1,75,91,,422,389
885,summoner-40129524,886,Boy Gamer,Diamond 1,75,102,,347,332
886,summoner-72409957,887,Galalalalalalala,Diamond 1,75,87,,302,264
887,summoner-20037104,888,Molocha,Diamond 1,75,77,,298,274
888,summoner-19259932,889,Geranimo,Diamond 1,75,89,,280,250
889,summoner-20202108,890,CLA Tuesday,Diamond 1,75,72,,274,270
890,summoner-74673,891,NintendudeX,Diamond 1,75,72,,270,250
891,summoner-50877721,892,Doubtfull,Diamond 1,75,81,,262,230
892,summoner-66659941,893,From Zero,Diamond 1,75,74,,261,225
893,summoner-19061980,894,Lourlo,Diamond 1,75,99,,240,208
894,summoner-35129076,895,Failattempts,Diamond 1,75,110,,238,111
895,summoner-90043610,896,Bebop Robopop,Diamond 1,75,66,,230,170
896,summoner-28640868,897,PandaSean,Diamond 1,75,84,,230,192
897,summoner-48361472,898,awestruck,Diamond 1,75,69,,218,186
898,summoner-93529573,899,midIane hokage,Diamond 1,75,59,,218,154
899,summoner-65999120,900,MOKKORI,Diamond 1,75,69,,215,176
900,summoner-58613779,901,Organ,Diamond 1,75,71,,206,186
901,summoner-77549273,902,Top 1 Percent,Diamond 1,75,61,,203,157
902,summoner-26051120,903,Modx,Diamond 1,75,70,,203,178
903,summoner-22870365,904,Kékvin,Diamond 1,75,88,,195,164
904,summoner-141846,905,illlllliiiiiiii,Diamond 1,75,52,,191,142
905,summoner-90593491,906,Carthage,Diamond 1,75,67,,190,160
906,summoner-72411076,907,Kobe Brýant,Diamond 1,75,70,,188,168
907,summoner-51046657,908,freyhacks,Diamond 1,75,68,,176,138
908,summoner-30972130,909,Yamikaze,Diamond 1,75,92,,175,137
909,summoner-79249642,910,pls notice me,Diamond 1,75,59,,174,131
910,summoner-35415473,911,Yamíkaze,Diamond 1,75,61,,166,130
911,summoner-90391509,912,KING GEEDØRAH,Diamond 1,75,53,,156,120
912,summoner-68603405,913,Keegun,Diamond 1,75,52,,147,129
913,summoner-40272268,914,cackgod,Diamond 1,75,52,,144,118
914,summoner-56901374,915,YIlIlIlIlI,Diamond 1,75,63,,135,92
915,summoner-19224197,916,Sothis,Diamond 1,75,48,,135,100
916,summoner-76379684,917,MØNG GUU,Diamond 1,75,57,,134,112
917,summoner-34951738,918,Super Limp Díck,Diamond 1,75,67,,126,102
918,summoner-60100307,919,The Sõul,Diamond 1,75,188,,122,69
919,summoner-19689584,920,TCLB Zaıven,Diamond 1,75,44,,118,65
920,summoner-22014010,921,Manifest,Diamond 1,75,55,,113,86
921,summoner-20909540,922,Susskind,Diamond 1,75,112,,112,91
922,summoner-87639506,923,LOLOLOLOLOL,Diamond 1,75,49,,110,84
923,summoner-292926,924,Super Metroid,Diamond 1,75,46,,110,88
924,summoner-23479635,925,NoahMost,Diamond 1,75,78,,107,80
925,summoner-87002706,926,Zheng Jiale,Diamond 1,75,64,,104,64
926,summoner-20598223,927,EloDaddy 5foot6,Diamond 1,75,86,,104,74
927,summoner-90033335,928,Chody,Diamond 1,75,42,,103,53
928,summoner-83280766,929,Ogilos,Diamond 1,75,52,,100,67
929,summoner-94912080,930,Makou,Diamond 1,75,41,,96,46
930,summoner-70200582,931,Top Jgler24,Diamond 1,75,97,,94,44
931,summoner-89241712,932,AR suppressor,Diamond 1,75,51,,89,60
932,summoner-41212309,933,Ineffabilis,Diamond 1,75,43,,84,43
933,summoner-24741016,934,L9B,Diamond 1,75,40,,84,45
934,summoner-94869407,935,TacticalBaconz,Diamond 1,75,41,,79,35
935,summoner-93630935,936,Wanhëda,Diamond 1,75,41,,68,28
936,summoner-38777079,937,Camp Out,Diamond 1,75,99,,67,49
937,summoner-95439135,938,IIIIlllIIllI,Diamond 1,75,38,,65,44
938,summoner-22277779,939,G U CK F O S U,Diamond 1,75,39,,64,28
939,summoner-19647481,940,Rathma,Diamond 1,75,68,,61,34
940,summoner-24390734,941,yrots das,Diamond 1,75,47,,60,36
941,summoner-65770573,942,shaZàm,Diamond 1,74,135,,605,587
942,summoner-20270876,943,MAKEOUTHlLL666,Diamond 1,74,123,,378,359
943,summoner-21207070,944,Oh Nowen,Diamond 1,74,107,,273,229
944,summoner-24875493,945,Silidos,Diamond 1,74,66,,182,155
945,summoner-51381792,946,Plz Dont Int,Diamond 1,74,68,,179,163
946,summoner-35530571,947,Must be níce,Diamond 1,74,86,,54,37
947,summoner-75649166,948,sfgjdgrfjdu6,Diamond 1,51,151,,534,516
948,summoner-66331512,949,jtao143554,Diamond 1,73,108,,372,301
949,summoner-38780657,950,Freeverse,Diamond 1,73,94,,186,165
950,summoner-25851366,951,Arbez,Diamond 1,73,84,,177,151
951,summoner-92659419,952,Spaghettibud9,Diamond 1,73,48,,149,121
952,summoner-95190847,953,Rist,Diamond 1,73,38,,77,35
953,summoner-27798233,954,Just Jayce,Diamond 1,72,66,,176,150
954,summoner-32701496,955,Emphasis,Diamond 1,72,74,,155,127
955,summoner-57029179,956,HotGuy6Pack,Diamond 1,72,51,,148,103
956,summoner-38862851,957,ClamSparkle,Diamond 1,72,58,,117,92
957,summoner-25288749,958,WIntrader,Diamond 1,72,63,,108,82
958,summoner-30987150,959,WakaWakaMF,Diamond 1,72,69,,100,80
959,summoner-39760302,960,CoolE,Diamond 1,71,112,,344,325
960,summoner-29602532,961,CoreTienZ,Diamond 1,71,109,,339,323
961,summoner-44076143,962,Aetherax,Diamond 1,71,122,,258,232
962,summoner-45486965,963,Invade at lvl18,Diamond 1,71,76,,243,182
963,summoner-81051962,964,roguebunny0,Diamond 1,71,116,,239,189
964,summoner-51580106,965,1Self,Diamond 1,71,65,,185,157
965,summoner-32506961,966,COVER ME NOW,Diamond 1,70,127,,512,497
966,summoner-43588594,967,Private ADC,Diamond 1,70,124,,402,382
967,summoner-58421117,968,Shroudedd,Diamond 1,70,69,,170,157
968,summoner-30099707,969,Kuderic,Diamond 1,70,82,,121,91
969,summoner-20082683,970,Quantum Fizzics,Diamond 1,70,49,,95,79
970,summoner-64330256,971,Just Right CIick,Diamond 1,69,94,,329,304
971,summoner-74689287,972,IlIIlIlIlIlIIl,Diamond 1,54,53,,174,138
972,summoner-68779112,973,tubby boy,Diamond 1,69,114,,164,142
973,summoner-72954183,974,BiancaChandon,Diamond 1,69,44,,124,51
974,summoner-54963047,975,I Keep It Taco,Diamond 1,69,93,,102,86
975,summoner-25211762,976,MetaSolaray,Diamond 1,68,144,,662,637
976,summoner-41216897,977,bvcx,Diamond 1,68,103,,334,320
977,summoner-91739116,978,FaZe Deps,Diamond 1,68,79,,241,220
978,summoner-77750220,979,BloodWaterr,Diamond 1,68,69,,208,193
979,summoner-5908,980,Dyrus,Diamond 1,68,74,,156,133
980,summoner-46239231,981,Hyorimaru,Diamond 1,68,47,,65,38
981,summoner-32423195,982,Bobbytea,Diamond 1,67,85,,241,219
982,summoner-31644236,983,Hyz,Diamond 1,67,78,,226,209
983,summoner-59549889,984,TCLB Emperor,Diamond 1,67,46,,148,65
984,summoner-29174723,985,Maritzol,Diamond 1,67,88,,85,60
985,summoner-60269974,986,Locs,Diamond 1,67,94,,74,52
986,summoner-19812679,987,Lava,Diamond 1,66,130,,440,441
987,summoner-40889526,988,canadia2,Diamond 1,65,85,,272,248
988,summoner-41817320,989,tujinet,Diamond 1,65,101,,160,140
989,summoner-29360758,990,Fwiendly Whyin,Diamond 1,65,83,,147,120
990,summoner-50229422,991,Mercury,Diamond 1,65,85,,145,128
991,summoner-96202,992,no talk player,Diamond 1,65,45,,121,80
992,summoner-25409596,993,CabraSafado,Diamond 1,65,58,,120,111
993,summoner-34972007,994,Cile,Diamond 1,64,149,,562,541
994,summoner-83921258,995,Meltingcloth tv,Diamond 1,64,54,,79,53
995,summoner-68739786,996,W Ulter White,Diamond 1,64,48,,44,21
996,summoner-28961553,997,BusioC,Diamond 1,63,100,,270,251
997,summoner-25135452,998,Takitsu,Diamond 1,63,87,,140,128
998,summoner-28424427,999,Anthony,Diamond 1,63,65,,112,94
999,summoner-65202347,1000,missing him,Diamond 1,63,52,,110,79
