#timestamp 1530208871089
#date 2018-06-28T18:01:11+00:00
#players 1000
#index,id,rank,name,tier,lp,level,proTeam,win,loss
0,summoner-16534242,1,TF BIade,Challenger,1185,44,,128,51
1,summoner-5470459,2,LAE xSWRD,Challenger,1093,71,,168,113
2,summoner-95820,3,VírusFx,Challenger,892,92,,134,71
3,summoner-144414,4,Kunou,Challenger,836,98,,138,87
4,summoner-41710,5,Pix CaritaTriste,Challenger,828,78,,138,76
5,summoner-2342030,6,Athyż,Challenger,813,93,,164,120
6,summoner-2281875,7,Hirotaka Nifuji,Challenger,759,120,,149,116
7,summoner-886644,8,vSack,Challenger,729,95,,192,157
8,summoner-6130219,9,Geohelado,Challenger,729,75,,169,131
9,summoner-1157126,10,bubbleman08,Challenger,631,91,,126,90
10,summoner-640255,11,Swifu,Challenger,626,110,,164,124
11,summoner-116294,12,MySunflower Dani,Challenger,618,101,,176,135
12,summoner-48057,13,Luha,Challenger,606,95,,174,144
13,summoner-5494753,14,Zorekk Onii Chan,Challenger,605,77,,155,115
14,summoner-348223,15,Miketsü,Challenger,592,92,,193,158
15,summoner-4571935,16,Fighter1,Challenger,588,46,,150,105
16,summoner-947428,17,TwitchTv Crecre,Challenger,578,89,,239,179
17,summoner-2322700,18,CGC S A M Y 2,Challenger,576,84,,189,149
18,summoner-139862,19,Säth,Challenger,566,130,,198,159
19,summoner-56961,20,JuanDrd435,Challenger,555,137,,309,264
20,summoner-4591052,21,BloodyLion,Challenger,525,70,,211,172
21,summoner-168284,22,SomosAsc0Deduo,Challenger,522,95,,204,178
22,summoner-6291753,23,Güereca,Challenger,520,51,,133,97
23,summoner-537764,24,Thief of Relics,Challenger,511,87,,156,126
24,summoner-215450,25,CLK1,Challenger,510,64,,215,175
25,summoner-50080,26,Jujo,Challenger,503,105,,134,93
26,summoner-418941,27,MadBlade,Challenger,502,69,,189,138
27,summoner-75295,28,Her Demon Fenix,Challenger,494,78,,125,96
28,summoner-8801194,29,Hand of Obelisk,Challenger,481,84,,211,173
29,summoner-524840,30,ShyKid,Challenger,480,75,,141,104
30,summoner-61520,31,TES ArándanoAzul,Challenger,474,108,,151,110
31,summoner-324984,32,Enryu The Red,Challenger,473,68,,238,188
32,summoner-1155001,33,el chinguita,Challenger,469,113,,206,171
33,summoner-4450189,34,tuabuelitaentang,Challenger,461,137,,123,91
34,summoner-11610140,35,Stròng,Challenger,455,65,,134,102
35,summoner-204315,36,lruga,Challenger,452,76,,283,255
36,summoner-112541,37,Snòopy,Challenger,447,74,,193,155
37,summoner-153625,38,Haka,Challenger,445,114,,166,138
38,summoner-2241940,39,GNO UmbraAP,Challenger,443,124,,195,162
39,summoner-44037,40,Trash Game,Challenger,437,88,,151,115
40,summoner-118870,41,Tu Guardián,Challenger,436,107,,153,118
41,summoner-4163836,42,Alex Mercér,Challenger,431,67,,152,129
42,summoner-10841439,43,LawlietLelouch,Challenger,425,87,,231,204
43,summoner-42749,44,Cliff0,Challenger,423,74,,252,196
44,summoner-2501105,45,No Øne,Challenger,423,104,,218,191
45,summoner-810373,46,NeoEclipsF0rever,Challenger,418,146,,134,103
46,summoner-392695,47,CGC S A M Y,Challenger,417,80,,213,174
47,summoner-851199,48,SAMMAHEL,Challenger,416,148,,508,482
48,summoner-156320,49,Mikesos,Challenger,407,172,,508,470
49,summoner-4511925,50,KarenCosy,Challenger,398,53,,131,79
50,summoner-403393,51,Un Pinguino Cool,Challenger,398,72,,130,87
51,summoner-5660236,52,KONTOL,Challenger,391,107,,304,274
52,summoner-98115,53,ReykoPa,Challenger,389,66,,137,113
53,summoner-1630586,54,Huevø Frito,Challenger,384,106,,163,114
54,summoner-488562,55,Nezumi,Challenger,372,103,,234,203
55,summoner-170093,56,FZXT,Challenger,365,65,,92,58
56,summoner-941191,57,BoñeIo,Challenger,362,80,,187,159
57,summoner-10233192,58,SaekoUndBlack,Challenger,361,37,,68,14
58,summoner-13643775,59,PAPAYlTA,Challenger,344,72,,277,246
59,summoner-33593,60,AG siegfred,Challenger,340,78,,145,120
60,summoner-1566287,61,KhaelMa,Challenger,333,61,,172,146
61,summoner-841541,62,MadTedd,Challenger,332,67,,156,127
62,summoner-36473,63,Harahgon,Challenger,330,123,,379,347
63,summoner-142005,64,clantoz,Challenger,326,92,,164,123
64,summoner-8604015,65,Darkin,Challenger,323,99,,157,136
65,summoner-5090223,66,Tonight We Hunt,Challenger,321,203,,329,301
66,summoner-75118,67,Soran,Challenger,320,115,,193,166
67,summoner-2191160,68,MacCuin,Challenger,319,99,,181,155
68,summoner-41224,69,Kanra00,Challenger,319,70,,131,104
69,summoner-211236,70,Sebastien,Challenger,315,72,,205,169
70,summoner-39415,71,Vini,Challenger,314,66,,141,113
71,summoner-1231471,72,I Aru I,Challenger,294,127,,367,328
72,summoner-162243,73,Legendary Lee,Challenger,303,59,,78,52
73,summoner-181794,74,Lumi,Challenger,318,106,,167,149
74,summoner-2122221,75,Trippïe Redd,Challenger,300,64,,133,104
75,summoner-1201237,76,Luprin,Challenger,295,76,,74,47
76,summoner-800898,77,MuffinsPodridos,Challenger,293,77,,177,130
77,summoner-176354,78,Crecre,Challenger,292,87,,365,306
78,summoner-213475,79,JesusCA,Challenger,292,64,,266,196
79,summoner-127811,80,CG Snow,Challenger,291,121,,468,432
80,summoner-919104,81,Maîck,Challenger,289,84,,162,137
81,summoner-622280,82,Fibrah,Challenger,289,46,,126,71
82,summoner-3304652,83,Noctix,Challenger,286,170,,486,444
83,summoner-331693,84,DarkShark10,Challenger,285,91,,349,319
84,summoner-210491,85,DGE BLACMAN,Challenger,283,114,,332,321
85,summoner-159044,86,Iana del rey,Challenger,282,49,,116,85
86,summoner-11762731,87,Sandër,Challenger,281,113,,171,146
87,summoner-1361857,88,Bryce Walker,Challenger,280,85,,231,218
88,summoner-1820423,89,Twitzze,Challenger,280,59,,195,138
89,summoner-153065,90,mid lane banter,Challenger,278,59,,176,146
90,summoner-5140831,91,Deiv1d,Challenger,275,75,,116,94
91,summoner-9781020,92,SkillHard,Challenger,272,155,,449,435
92,summoner-7204106,93,TG Re Zaidex,Challenger,272,119,,229,200
93,summoner-97956,94,Selfish Bastard,Challenger,272,68,,153,118
94,summoner-7680088,95,Estigia,Challenger,270,103,,114,91
95,summoner-6653525,96,SuperSave,Challenger,269,123,,193,170
96,summoner-5040611,97,Bebé Pinguino,Challenger,268,47,,80,45
97,summoner-1159062,98,SGT Sirius Can,Challenger,267,114,,248,232
98,summoner-208064,99,kodixia,Challenger,266,116,,213,185
99,summoner-32943,100,Yugí,Challenger,266,63,,133,104
100,summoner-32943,101,Yugí,Challenger,266,63,,133,104
101,summoner-43897,102,Aletsis,Challenger,265,88,,187,162
102,summoner-43094,103,Rossoneri,Challenger,265,80,,119,89
103,summoner-1990286,104,Gekkø,Challenger,261,144,,454,425
104,summoner-157956,105,Rìku,Challenger,258,145,,104,80
105,summoner-990938,106,Aaronlb,Challenger,257,91,,258,222
106,summoner-1303280,107,Raylú,Challenger,252,124,,257,217
107,summoner-1172068,108,Kanye Wesst,Challenger,252,105,,140,119
108,summoner-5572510,109,NeonShy,Challenger,251,103,,257,231
109,summoner-296596,110,Andrea Motz,Challenger,250,122,,309,281
110,summoner-12830164,111,ØE Fas the Magi,Challenger,249,49,,115,85
111,summoner-156335,112,Kindle,Challenger,248,108,,239,221
112,summoner-15060130,113,fkin idiot,Challenger,248,55,,151,120
113,summoner-117620,114,chimera r2,Challenger,246,98,,319,303
114,summoner-211435,115,Tu Gypsi,Challenger,246,115,,216,187
115,summoner-1396107,116,24 03 2014,Challenger,244,61,,163,116
116,summoner-5660249,117,Soradg,Challenger,243,118,,164,146
117,summoner-157955,118,Daddy Eddie,Challenger,243,58,,143,111
118,summoner-138842,119,I Love Trump,Challenger,241,51,,177,59
119,summoner-33732,120,atlanta,Challenger,240,61,,112,90
120,summoner-1356449,121,Rμby,Challenger,239,134,,340,314
121,summoner-1070594,122,Lord Strider,Challenger,237,113,,148,123
122,summoner-2303376,123,Jikann,Challenger,236,98,,216,192
123,summoner-527786,124,SkyGless,Challenger,235,88,,314,299
124,summoner-213822,125,stay fresh,Challenger,233,104,,289,266
125,summoner-3571348,126,paulisTinA,Challenger,233,77,,177,142
126,summoner-174950,127,NoLimit,Challenger,233,67,,144,121
127,summoner-40335,128,Prae,Challenger,231,139,,462,440
128,summoner-5651686,129,Duca,Challenger,228,95,,276,256
129,summoner-626956,130,alboaron,Challenger,228,53,,152,64
130,summoner-1396918,131,TwitchTv Danijrm,Challenger,227,54,,127,88
131,summoner-64005,132,Sandroxx,Challenger,225,64,,100,74
132,summoner-5473863,133,Anderkiller76,Challenger,224,98,,255,229
133,summoner-99291,134,Tëmpest,Challenger,224,99,,187,127
134,summoner-198637,135,Mythical Dog,Challenger,223,127,,316,281
135,summoner-409468,136,Säikou,Challenger,222,106,,155,138
136,summoner-16840166,137,BeijingBeef,Challenger,220,59,,209,130
137,summoner-1118998,138,Distortion,Challenger,220,116,,165,140
138,summoner-6551467,139,Ytterbium,Challenger,220,59,,153,113
139,summoner-825215,140,Nishkyu,Challenger,218,75,,253,192
140,summoner-2133568,141,Dixel,Challenger,217,73,,234,203
141,summoner-290915,142,A Sexy Waifu,Challenger,217,100,,157,132
142,summoner-33622,143,Lettiot,Challenger,217,93,,123,93
143,summoner-1090707,144,KutarraX,Challenger,216,72,,126,102
144,summoner-4107412,145,BorjaSOAD,Challenger,214,91,,114,87
145,summoner-203413,146,Andrew18,Challenger,209,109,,166,144
146,summoner-14101711,147,CGC S A M Y 3,Challenger,205,63,,178,134
147,summoner-394180,148,Crystal Molly,Challenger,204,136,,388,363
148,summoner-174213,149,Ábaddon,Challenger,203,88,,194,169
149,summoner-137657,150,Zethric,Challenger,203,132,,76,42
150,summoner-5020760,151,betatwinz,Challenger,202,44,,68,36
151,summoner-74750,152,Zcarnet,Challenger,197,96,,167,136
152,summoner-54396,153,MW Star,Challenger,194,143,,158,122
153,summoner-4601043,154,Xpontaneous,Challenger,193,54,,47,19
154,summoner-25753,155,Sh0ckwavee,Challenger,192,49,,62,33
155,summoner-4101200,156,Ainz Ooal GØwn,Challenger,189,150,,641,614
156,summoner-171271,157,Pichu,Challenger,189,89,,302,281
157,summoner-14640442,158,PAPAY1TA,Challenger,189,48,,126,83
158,summoner-130256,159,Papi Jodin,Challenger,182,72,,208,187
159,summoner-3313144,160,Nirati,Challenger,178,118,,242,185
160,summoner-1051840,161,Olivia,Challenger,178,115,,166,146
161,summoner-6003403,162,betatwins,Challenger,177,118,,377,348
162,summoner-63089,163,Thundraz,Challenger,176,132,,166,148
163,summoner-9173721,164,Blakzx,Challenger,176,98,,151,131
164,summoner-136713,165,ENG yisus,Challenger,172,95,,230,200
165,summoner-540221,166,Meme King,Challenger,171,107,,212,192
166,summoner-41511,167,LiiiiT,Challenger,170,60,,203,181
167,summoner-523229,168,Supraga,Challenger,167,112,,338,307
168,summoner-5710759,169,BlìndWalker,Challenger,167,75,,303,234
169,summoner-290618,170,MaeBlade,Challenger,166,95,,147,107
170,summoner-597117,171,Fazz,Challenger,163,115,,271,251
171,summoner-161248,172,Huxy,Challenger,162,91,,259,238
172,summoner-3532481,173,Sithys,Challenger,159,150,,151,122
173,summoner-1220127,174,Kanizalez,Challenger,157,96,,247,222
174,summoner-2260260,175,King Wukong,Challenger,156,114,,143,120
175,summoner-413636,176,VLK Sunriser,Challenger,155,57,,114,80
176,summoner-361221,177,Krezuel,Challenger,154,115,,206,198
177,summoner-197368,178,Góhan,Challenger,154,53,,117,104
178,summoner-310350,179,GLG Honoka,Challenger,153,61,,125,105
179,summoner-3143261,180,Sister,Challenger,153,68,,105,81
180,summoner-545546,181,Acuarelas,Challenger,152,107,,128,108
181,summoner-4534154,182,Wb Taco,Challenger,150,113,,135,103
182,summoner-93056,183,YSalex,Challenger,149,118,,351,335
183,summoner-208654,184,Crensil Diva,Challenger,148,90,,145,115
184,summoner-14690856,185,RoyaumLAN,Challenger,147,73,,268,200
185,summoner-1735450,186,Kirâ,Challenger,145,39,,55,23
186,summoner-2941141,187,JaquenHaghar,Challenger,143,81,,226,206
187,summoner-152128,188,Extravagance,Challenger,142,52,,161,134
188,summoner-135079,189,HandGun,Challenger,140,96,,294,270
189,summoner-12191961,190,S2 Kurama,Challenger,139,104,,278,234
190,summoner-5513539,191,TC Bunny,Challenger,136,137,,274,256
191,summoner-77347,192,Codename00,Challenger,136,60,,187,169
192,summoner-76695,193,Sterbenn,Challenger,136,116,,160,133
193,summoner-7472180,194,NA Fearuz,Challenger,133,54,,119,86
194,summoner-435308,195,Thelorien,Challenger,130,120,,135,105
195,summoner-177367,196,TOXICCCCCCCCCCCC,Challenger,127,48,,125,96
196,summoner-6620183,197,Vidal,Challenger,119,96,,206,190
197,summoner-8153304,198,MòöMöóMiLK,Challenger,114,141,,486,475
198,summoner-36834,199,EvoleX,Challenger,113,110,,217,216
199,summoner-74002,200,Nils,Challenger,113,89,,141,127
200,summoner-2104807,201,z100DeCilantro,Master,125,35,,58,9
201,summoner-4311308,202,How to,Master,115,104,,215,192
202,summoner-877490,203,Goofy Goober,Master,115,205,,122,96
203,summoner-7153584,204,Neitzsche,Master,114,129,,226,188
204,summoner-111038,205,Lesoinne,Master,114,72,,169,142
205,summoner-11577579,206,Juego Solo top,Master,114,74,,158,137
206,summoner-2544168,207,Líl,Master,112,87,,190,166
207,summoner-1404541,208,TONYTROXES,Master,108,78,,187,163
208,summoner-3943350,209,Chevîs,Master,106,90,,160,132
209,summoner-13050146,210,RNG 55open,Master,105,134,,161,139
210,summoner-150582,211,El Dios Guashi,Master,102,82,,253,232
211,summoner-531488,212,Carillon,Master,102,57,,73,52
212,summoner-13482525,213,StarBunny,Master,100,52,,100,59
213,summoner-1323789,214,ZoneDark,Master,98,69,,169,155
214,summoner-151439,215,ricopolllo,Master,97,110,,291,270
215,summoner-6250197,216,Hakuryuu Reen,Master,97,83,,273,250
216,summoner-3480131,217,Doug,Master,96,44,,90,39
217,summoner-8581685,218,FLA Kamui,Master,92,127,,427,410
218,summoner-2000186,219,AdLarry,Master,90,70,,183,140
219,summoner-16321895,220,Drasiel,Master,89,60,,175,125
220,summoner-35651,221,Soul Worker,Master,89,73,,97,81
221,summoner-14610241,222,ltsukakotori,Master,89,64,,79,56
222,summoner-330609,223,Carlos V,Master,88,107,,430,412
223,summoner-3830362,224,MarchedWaif89,Master,86,126,,435,427
224,summoner-4127893,225,Elekape,Master,86,100,,164,141
225,summoner-15973031,226,Inli,Master,85,43,,112,64
226,summoner-303207,227,Bebe Shaka,Master,84,150,,283,261
227,summoner-1164376,228,Momo Hirai,Master,81,92,,308,286
228,summoner-93208,229,pxry,Master,81,64,,109,90
229,summoner-438977,230,N l G H T,Master,80,171,,442,425
230,summoner-437429,231,Kyuo,Master,80,99,,75,53
231,summoner-15300174,232,Levis petrus,Master,78,51,,144,86
232,summoner-2601343,233,iFeedMe,Master,75,73,,234,222
233,summoner-1571472,234,Soy Paul,Master,72,51,,89,64
234,summoner-14231555,235,Doctrina Egoista,Master,69,53,,135,92
235,summoner-1546393,236,Jedi Form VII,Master,68,66,,179,147
236,summoner-147250,237,Maggatt,Master,67,90,,184,167
237,summoner-132278,238,rëdnaS,Master,66,52,,154,87
238,summoner-520325,239,Yaelonu,Master,65,94,,163,146
239,summoner-285221,240,iTheEpicReaper,Master,65,83,,143,117
240,summoner-92697,241,Allign,Master,65,39,,87,41
241,summoner-545911,242,Psicología,Master,64,102,,257,236
242,summoner-935643,243,Amigo Grifo,Master,84,83,,157,146
243,summoner-1764966,244,CerquilloTilted,Master,63,65,,228,196
244,summoner-488455,245,Bareh,Master,62,96,,294,276
245,summoner-210553,246,Aniivia,Master,62,47,,83,59
246,summoner-126144,247,Te Amo Fanny,Master,62,68,,72,56
247,summoner-1595762,248,Isá Dainsleif,Master,61,142,,333,315
248,summoner-1941206,249,JbayJbs,Master,60,86,,106,60
249,summoner-16410630,250,MW Typhoon,Master,60,61,,102,57
250,summoner-3422162,251,danielmlds,Master,58,77,,265,197
251,summoner-501216,252,1Rem,Master,57,105,,244,239
252,summoner-3740366,253,Carnage Rules,Master,56,136,,467,459
253,summoner-52722,254,ØE Limitationss,Master,56,49,,69,51
254,summoner-4782124,255,El humilde Yusty,Master,53,62,,186,139
255,summoner-38617,256,Pëanut,Master,53,125,,99,80
256,summoner-13180512,257,Dmitri Putin,Master,53,83,,77,49
257,summoner-4443939,258,Ashtray,Master,52,155,,537,523
258,summoner-329765,259,CentenaryWarrior,Master,51,133,,436,412
259,summoner-188977,260,Doppel,Master,51,82,,145,130
260,summoner-14611994,261,Malantë,Master,49,58,,122,98
261,summoner-1149078,262,Pandas Iove,Master,49,85,,63,47
262,summoner-341551,263,Makeuz,Master,48,140,,414,402
263,summoner-945818,264,Santíago,Master,46,68,,127,108
264,summoner-136168,265,Nihilist Örlando,Master,44,111,,352,343
265,summoner-20563,266,add 4 web design,Master,44,85,,204,196
266,summoner-3340222,267,Chiquinquira IJ,Master,44,135,,113,80
267,summoner-90933,268,Mìanare,Master,29,80,,134,116
268,summoner-10341706,269,asth4rotwan,Master,42,104,,181,172
269,summoner-3462881,270,Panda Tom,Master,41,142,,351,337
270,summoner-91326,271,Z Ø Ð I A C,Master,41,97,,283,264
271,summoner-3500800,272,Gweiss ENP,Master,41,103,,273,258
272,summoner-1273292,273,ezpate,Master,39,108,,280,270
273,summoner-15334874,274,Shìnon,Master,38,57,,175,139
274,summoner-201606,275,Broodich,Master,36,98,,181,166
275,summoner-4882455,276,Nightwolf9,Master,35,133,,302,278
276,summoner-500822,277,Kuul,Master,32,95,,135,118
277,summoner-212364,278,VLK Equalizer,Master,32,67,,118,97
278,summoner-3720694,279,FnR Kush,Master,28,122,,267,244
279,summoner-3853491,280,Infamous,Master,28,129,,225,202
280,summoner-1021337,281,King Monaco,Master,27,66,,188,170
281,summoner-6532932,282,Andresu7,Master,26,100,,302,280
282,summoner-1524175,283,VTR,Master,45,90,,176,161
283,summoner-154798,284,Miguël,Master,24,96,,293,263
284,summoner-5613974,285,Josh2Play,Master,22,89,,173,138
285,summoner-2871352,286,Old West,Master,21,115,,167,134
286,summoner-65195,287,AnT Roski,Master,20,66,,76,50
287,summoner-372135,288,EL Uber,Master,20,103,,72,51
288,summoner-3931575,289,Lann,Master,19,127,,130,103
289,summoner-155309,290,Diretlan,Master,18,82,,227,206
290,summoner-9751556,291,Ing Quimico,Master,17,80,,149,120
291,summoner-139360,292,Darps,Master,16,55,,131,114
292,summoner-2052468,293,UnicornG,Master,15,85,,183,174
293,summoner-12950189,294,E Bfriend,Master,15,46,,99,69
294,summoner-166992,295,LuxiernagaMatona,Master,14,105,,243,204
295,summoner-68678,296,HazärD,Master,10,89,,119,103
296,summoner-280323,297,Cookiezai,Master,5,111,,106,82
297,summoner-8150289,298,Satsuki Yone,Master,0,135,,527,506
298,summoner-1531657,299,Fallen IV,Master,0,108,,249,229
299,summoner-440349,300,EDGARTOYIN,Master,0,84,,244,231
300,summoner-1540456,301,Feple,Master,0,71,,217,180
301,summoner-129918,302,El Chuky Lozano,Master,0,119,,199,182
302,summoner-523266,303,Protego,Master,0,106,,164,142
303,summoner-433265,304,Lord 4SaKeN,Master,0,95,,162,147
304,summoner-4903905,305,RafflesGaming,Master,0,84,,150,135
305,summoner-22299,306,Redscorpy,Master,0,139,,147,127
306,summoner-452765,307,ill kms,Master,0,55,,145,111
307,summoner-941797,308,Tiltalin,Master,0,69,,133,97
308,summoner-876702,309,Regulus no Leo,Master,0,69,,130,112
309,summoner-431286,310,Biboom,Master,0,73,,112,87
310,summoner-181695,311,0utsider,Master,0,75,,111,85
311,summoner-284287,312,Rangerswer,Master,0,90,,107,92
312,summoner-16830174,313,HambertHM,Master,0,54,,106,72
313,summoner-615010,314,Top sin TP,Master,0,97,,98,73
314,summoner-5932534,315,Noriel,Master,0,47,,88,65
315,summoner-158774,316,Gâto,Master,0,48,,87,56
316,summoner-2630739,317,Kitorinho,Master,0,47,,65,43
317,summoner-562204,318,Zask,Master,0,66,,39,15
318,summoner-148297,319,20141231,Master,0,161,,419,403
319,summoner-378449,320,Khey,Diamond 1,100,99,,306,287
320,summoner-1376330,321,JuanStan,Diamond 1,100,105,,272,260
321,summoner-288785,322,Ásura,Diamond 1,100,115,,266,252
322,summoner-89757,323,Nosco,Diamond 1,100,72,,232,211
323,summoner-1790148,324,AQUILESCANTO2,Diamond 1,100,104,,222,189
324,summoner-4601098,325,CSGblackrock,Diamond 1,100,85,,219,198
325,summoner-593537,326,Nasus top orfeed,Diamond 1,100,106,,155,137
326,summoner-365511,327,Eudus,Diamond 1,100,101,,144,112
327,summoner-144467,328,Chucknight,Diamond 1,100,97,,144,128
328,summoner-32016,329,H O R A T I T O,Diamond 1,100,67,,126,108
329,summoner-130561,330,Xilss,Diamond 1,100,94,,110,82
330,summoner-325957,331,RèiN,Diamond 1,100,71,,104,80
331,summoner-622005,332,Miss Pamela Chu,Diamond 1,100,68,,92,76
332,summoner-293255,333,Devoch,Diamond 1,100,88,,59,32
333,summoner-2084890,334,chapaliku,Diamond 1,100,87,,44,27
334,summoner-552760,335,KC MidSlayer,Diamond 1,99,94,,171,143
335,summoner-177587,336,Fallouch,Diamond 1,97,117,,157,140
336,summoner-303787,337,Fatal,Diamond 1,97,67,,75,59
337,summoner-7132675,338,Justin LFT 2,Diamond 1,97,41,,58,29
338,summoner-1531157,339,Dobleshot,Diamond 1,96,60,,172,117
339,summoner-153891,340,Dkram,Diamond 1,96,67,,127,115
340,summoner-873834,341,Ricardo Motta,Diamond 1,96,70,,79,66
341,summoner-1292652,342,l  Jamon  l,Diamond 1,95,95,,116,97
342,summoner-9974185,343,Tilted Meteoro,Diamond 1,95,44,,42,18
343,summoner-10842590,344,edwinkirito LAN,Diamond 1,94,79,,130,118
344,summoner-652463,345,Amnesía,Diamond 1,93,99,,162,142
345,summoner-1159889,346,Hamy,Diamond 1,90,99,,253,226
346,summoner-37636,347,Kastiel,Diamond 1,90,93,,198,160
347,summoner-333945,348,Alex Ov,Diamond 1,90,72,,189,185
348,summoner-119001,349,Scythes,Diamond 1,90,79,,170,150
349,summoner-8341551,350,Lankor,Diamond 1,90,99,,158,147
350,summoner-2343019,351,ARTIFIZES,Diamond 1,90,61,,151,132
351,summoner-3520800,352,xamexxdroxer,Diamond 1,90,102,,150,129
352,summoner-4621033,353,Red Trainer,Diamond 1,90,55,,133,105
353,summoner-426366,354,Saving,Diamond 1,90,50,,108,74
354,summoner-219008,355,Shadesu,Diamond 1,90,74,,99,66
355,summoner-423742,356,Sanha,Diamond 1,90,129,,98,68
356,summoner-676489,357,Inky Veil,Diamond 1,90,65,,97,53
357,summoner-4902286,358,Fürer Reich,Diamond 1,90,55,,85,69
358,summoner-1152178,359,Jose12gab,Diamond 1,90,37,,58,19
359,summoner-9974340,360,DeriD,Diamond 1,90,60,,42,26
360,summoner-28055,361,Redkaz,Diamond 1,89,110,,190,158
361,summoner-63556,362,Bolita Erótica,Diamond 1,89,92,,171,155
362,summoner-40012,363,Lloyd12,Diamond 1,89,69,,54,23
363,summoner-1777510,364,KR0 Nian,Diamond 1,88,83,,93,75
364,summoner-1523085,365,matadorcirijiyo,Diamond 1,88,104,,92,77
365,summoner-427397,366,Zonixer,Diamond 1,88,83,,58,39
366,summoner-15960146,367,Angelus,Diamond 1,87,63,,229,192
367,summoner-1397595,368,skarche31,Diamond 1,87,53,,170,75
368,summoner-657505,369,TU JEFA,Diamond 1,87,69,,140,104
369,summoner-670630,370,Yuuna,Diamond 1,87,63,,115,80
370,summoner-217410,371,WhitDude,Diamond 1,85,90,,154,138
371,summoner-920105,372,Softdrink870,Diamond 1,85,85,,138,101
372,summoner-397019,373,lJuanma,Diamond 1,85,111,,129,106
373,summoner-9673380,374,Netzukadas,Diamond 1,85,67,,117,79
374,summoner-908592,375,Menfrox,Diamond 1,85,50,,96,67
375,summoner-16132471,376,Almondia,Diamond 1,83,41,,81,39
376,summoner-128460,377,Slayer galactico,Diamond 1,82,63,,125,109
377,summoner-138251,378,Quesíto,Diamond 1,82,131,,77,62
378,summoner-1367691,379,CatSempai,Diamond 1,82,38,,48,24
379,summoner-204170,380,Shykop,Diamond 1,82,65,,45,26
380,summoner-294748,381,Muzeh,Diamond 1,81,78,,133,119
381,summoner-1775562,382,White Nightmare,Diamond 1,81,96,,126,106
382,summoner-2213274,383,Pervertito,Diamond 1,80,64,,163,152
383,summoner-530613,384,Potluck,Diamond 1,80,85,,66,49
384,summoner-3324306,385,xXAKILESVAESTAXx,Diamond 1,78,65,,113,65
385,summoner-11530278,386,NiñoRata463,Diamond 1,77,73,,165,147
386,summoner-292776,387,No juego lol,Diamond 1,77,54,,126,107
387,summoner-537831,388,N5 Rach,Diamond 1,77,74,,114,97
388,summoner-177305,389,God Mata,Diamond 1,77,49,,91,71
389,summoner-328354,390,dont noobs,Diamond 1,76,71,,73,60
390,summoner-104671,391,ZelCross,Diamond 1,75,102,,325,306
391,summoner-7647944,392,Feeple,Diamond 1,75,79,,275,212
392,summoner-366242,393,Amo mis bíceps,Diamond 1,75,124,,274,260
393,summoner-4720242,394,Laxse,Diamond 1,75,100,,264,228
394,summoner-557073,395,C3 RedMagic,Diamond 1,75,73,,261,226
395,summoner-12692888,396,Lucian ADC,Diamond 1,75,71,,254,211
396,summoner-85590,397,Pikachu gr,Diamond 1,75,79,,248,232
397,summoner-1740857,398,Jauny,Diamond 1,75,92,,223,173
398,summoner-416409,399,Mágaña,Diamond 1,75,80,,215,199
399,summoner-119645,400,MTH AlBREIK,Diamond 1,75,114,,211,181
400,summoner-40147,401,Diamond Stuck,Diamond 1,75,148,,206,189
401,summoner-171009,402,PuuRplE,Diamond 1,75,111,,203,179
402,summoner-10020131,403,z z,Diamond 1,75,102,,163,132
403,summoner-11600165,404,Rocket Råccoon,Diamond 1,75,133,,159,132
404,summoner-674461,405,1hollow3,Diamond 1,75,64,,159,137
405,summoner-58615,406,Chomi  µ,Diamond 1,75,87,,153,123
406,summoner-28881,407,Killastorm,Diamond 1,75,67,,151,128
407,summoner-14375080,408,appohC,Diamond 1,75,51,,148,94
408,summoner-14745216,409,Kaizeneka A,Diamond 1,75,66,,144,108
409,summoner-3182235,410,SoloAlguien,Diamond 1,75,112,,143,147
410,summoner-16270127,411,TheFakerRD,Diamond 1,75,75,,140,111
411,summoner-109838,412,Terquito,Diamond 1,75,90,,134,108
412,summoner-15180136,413,Fikuwu,Diamond 1,75,72,,131,106
413,summoner-198009,414,T 4 R Z A N,Diamond 1,75,51,,129,96
414,summoner-200362,415,Bruse Waynex,Diamond 1,75,47,,127,77
415,summoner-212665,416,Wolf Franky,Diamond 1,75,52,,126,102
416,summoner-292746,417,Hakie,Diamond 1,75,67,,121,92
417,summoner-73125,418,LeftALone,Diamond 1,75,99,,120,89
418,summoner-1042775,419,Whité,Diamond 1,75,60,,115,94
419,summoner-13311629,420,Diginerg,Diamond 1,75,47,,110,75
420,summoner-4113436,421,Kc TeamRem,Diamond 1,75,88,,107,81
421,summoner-3680243,422,MichaelXBoyser,Diamond 1,75,56,,106,50
422,summoner-815305,423,Nea,Diamond 1,75,101,,103,88
423,summoner-142400,424,Sxecurity,Diamond 1,75,63,,101,81
424,summoner-2033825,425,öttovaG,Diamond 1,75,51,,95,56
425,summoner-2400971,426,DonPacs,Diamond 1,75,70,,95,60
426,summoner-58310,427,LennyLeonard,Diamond 1,75,68,,92,61
427,summoner-2622412,428,TwchTV ARRRmando,Diamond 1,75,47,,90,71
428,summoner-615119,429,Khorix,Diamond 1,75,65,,86,71
429,summoner-15280182,430,Poropops,Diamond 1,75,50,,81,43
430,summoner-2831773,431,The King McFly,Diamond 1,75,117,,80,58
431,summoner-1315791,432,NeeeerzhuL,Diamond 1,75,59,,78,44
432,summoner-2230732,433,RIP XXXTENTACION,Diamond 1,75,43,,75,32
433,summoner-1620159,434,IcyDrak,Diamond 1,75,42,,72,42
434,summoner-629040,435,ØE Tyr,Diamond 1,75,71,,69,36
435,summoner-31930,436,SIushi,Diamond 1,75,55,,55,30
436,summoner-3104008,437,Deadly Insanity,Diamond 1,74,107,,152,136
437,summoner-6083542,438,LFT Avhernox,Diamond 1,74,59,,93,74
438,summoner-15452277,439,TwTv Danijrm,Diamond 1,74,41,,69,31
439,summoner-1377608,440,Nukter xD 69,Diamond 1,73,87,,156,151
440,summoner-3574195,441,Phyrfns,Diamond 1,73,77,,82,71
441,summoner-47969,442,Genarox Kid,Diamond 1,73,79,,78,51
442,summoner-4670397,443,lxNeteroxl,Diamond 1,73,65,,69,46
443,summoner-5002722,444,CaptainElroy,Diamond 1,72,60,,229,182
444,summoner-3942356,445,TSP Sn1p3rr,Diamond 1,72,73,,98,76
445,summoner-522106,446,The Dirty Man,Diamond 1,71,47,,97,82
446,summoner-4607522,447,Darling,Diamond 1,71,45,,84,50
447,summoner-391560,448,Mataz,Diamond 1,70,69,,127,114
448,summoner-2061006,449,l tsubaki l,Diamond 1,70,47,,113,96
449,summoner-15070212,450,BirdsInTheTrap,Diamond 1,70,49,,101,43
450,summoner-3734374,451,Féng,Diamond 1,70,45,,59,29
451,summoner-203336,452,Akjester,Diamond 1,69,83,,117,96
452,summoner-2062267,453,NickArc,Diamond 1,69,124,,114,89
453,summoner-813006,454,agosaurio,Diamond 1,68,108,,280,261
454,summoner-281221,455,Guerecaxd,Diamond 1,68,58,,121,104
455,summoner-3854339,456,Pokemon Champion,Diamond 1,67,109,,124,83
456,summoner-1033036,457,Ichiik46,Diamond 1,67,59,,111,90
457,summoner-15891692,458,Santi Rank 1,Diamond 1,67,45,,100,67
458,summoner-166210,459,Sycotiz,Diamond 1,67,60,,82,64
459,summoner-60466,460,N5 Garçon,Diamond 1,67,84,,63,51
460,summoner-8644313,461,BIackPink,Diamond 1,67,40,,46,14
461,summoner-4602310,462,EG Šhy Jungler,Diamond 1,66,147,,439,440
462,summoner-270388,463,VizAbuelo,Diamond 1,66,108,,207,188
463,summoner-427873,464,Develion,Diamond 1,66,99,,120,105
464,summoner-321958,465,Míkoto,Diamond 1,66,65,,117,92
465,summoner-36323,466,pokemexta2,Diamond 1,66,53,,75,57
466,summoner-415789,467,Not single btw,Diamond 1,66,67,,42,25
467,summoner-1755142,468,King Kittan,Diamond 1,65,82,,252,236
468,summoner-42513,469,El Paté Centeno,Diamond 1,65,64,,131,98
469,summoner-5890190,470,Hidden Clone,Diamond 1,65,85,,63,46
470,summoner-9710161,471,King of the Lane,Diamond 1,64,64,,196,177
471,summoner-1398245,472,Levidant Joestar,Diamond 1,64,107,,159,132
472,summoner-1553487,473,The Crimson Star,Diamond 1,64,95,,138,115
473,summoner-2231373,474,DoomwaR,Diamond 1,63,105,,364,350
474,summoner-168313,475,Reformed Adc,Diamond 1,62,55,,122,107
475,summoner-670775,476,Shieldworm,Diamond 1,61,113,,271,263
476,summoner-15030694,477,GankedByElChapo,Diamond 1,61,71,,212,169
477,summoner-4118306,478,0XxCarlitosxX0,Diamond 1,61,83,,179,76
478,summoner-9632211,479,pentakill1997,Diamond 1,61,69,,128,49
479,summoner-145911,480,tactics88,Diamond 1,61,48,,57,33
480,summoner-2853493,481,Salsami,Diamond 1,60,137,,434,432
481,summoner-1404528,482,CDA Simi,Diamond 1,60,72,,128,101
482,summoner-3834209,483,Dya,Diamond 1,60,117,,108,81
483,summoner-12571167,484,NerF reckles,Diamond 1,59,63,,120,105
484,summoner-935464,485,Devours Bread,Diamond 1,59,115,,115,95
485,summoner-550619,486,Zörek,Diamond 1,59,66,,72,54
486,summoner-10470148,487,IShockk,Diamond 1,58,107,,223,204
487,summoner-45479,488,Agape,Diamond 1,58,91,,210,196
488,summoner-137644,489,ENG Riverbear,Diamond 1,58,95,,133,114
489,summoner-2190509,490,Hugrock,Diamond 1,58,85,,109,99
490,summoner-68704,491,HellAngeal,Diamond 1,58,54,,105,84
491,summoner-409526,492,ClockworkApricot,Diamond 1,57,88,,324,282
492,summoner-362379,493,Tawwuh,Diamond 1,56,115,,381,357
493,summoner-378426,494,Ssahka ll,Diamond 1,56,91,,284,278
494,summoner-95053,495,Im Josho,Diamond 1,56,76,,162,136
495,summoner-13340794,496,KZ Hyacinth,Diamond 1,56,58,,132,51
496,summoner-1559417,497,Hserul,Diamond 1,56,70,,99,86
497,summoner-2290591,498,Suck My Lantern,Diamond 1,56,99,,96,62
498,summoner-572077,499,2v diplo dog,Diamond 1,56,77,,85,61
499,summoner-1140514,500,ALM Herø,Diamond 1,55,92,,175,163
500,summoner-4068954,501,xAEvi,Diamond 1,55,58,,134,68
501,summoner-665310,502,HI IM NIGLET,Diamond 1,55,72,,125,108
502,summoner-157102,503,Jairomedusa,Diamond 1,54,73,,160,144
503,summoner-1783769,504,KSV CoreJJ,Diamond 1,54,61,,116,99
504,summoner-133109,505,Justlikethat,Diamond 1,54,67,,105,92
505,summoner-1582421,506,MartinSON,Diamond 1,53,99,,317,304
506,summoner-297928,507,XoniCC,Diamond 1,53,93,,251,232
507,summoner-1537815,508,Paziionate,Diamond 1,53,66,,223,208
508,summoner-6813892,509,is dat her,Diamond 1,53,37,,40,14
509,summoner-71556,510,iHueco,Diamond 1,52,97,,201,181
510,summoner-4561887,511,Rapid,Diamond 1,52,76,,173,160
511,summoner-102290,512,Heimy,Diamond 1,52,67,,142,124
512,summoner-7301392,513,xEAvi,Diamond 1,52,92,,66,47
513,summoner-5272961,514,Holles,Diamond 1,52,80,,57,40
514,summoner-6313454,515,CougarDai,Diamond 1,51,74,,217,199
515,summoner-1733010,516,DoMiNiUs500,Diamond 1,51,83,,161,146
516,summoner-7021902,517,Mogwai,Diamond 1,51,61,,100,72
517,summoner-890345,518,SR    SALVA,Diamond 1,50,147,,416,377
518,summoner-9663451,519,Thúnder,Diamond 1,50,170,,351,348
519,summoner-52152,520,TwTv Tisshotzoh,Diamond 1,50,97,,336,313
520,summoner-340565,521,Lp3 Nyeloh,Diamond 1,50,121,,319,307
521,summoner-15273073,522,Hroudberht,Diamond 1,50,65,,259,227
522,summoner-8584366,523,AmanfromtheMoon,Diamond 1,50,69,,245,189
523,summoner-335564,524,Pudge xd,Diamond 1,50,76,,244,211
524,summoner-62389,525,Dominick,Diamond 1,50,101,,244,232
525,summoner-16390137,526,na secret eboy,Diamond 1,50,86,,232,216
526,summoner-1597161,527,WET Granjero,Diamond 1,50,89,,223,211
527,summoner-2460494,528,El Pecueca,Diamond 1,50,77,,211,164
528,summoner-2222342,529,Márth,Diamond 1,50,73,,184,166
529,summoner-139550,530,Only Cat,Diamond 1,50,79,,177,161
530,summoner-25434,531,WET Varzinso,Diamond 1,50,99,,156,135
531,summoner-5702867,532,Eve Látigo Cepa,Diamond 1,50,74,,131,107
532,summoner-2620557,533,Uzzzi,Diamond 1,50,54,,128,123
533,summoner-7880294,534,TES PinkGoat,Diamond 1,50,92,,123,110
534,summoner-90648,535,DiosDelCielo,Diamond 1,50,73,,120,110
535,summoner-31652,536,El MotoTaxi,Diamond 1,50,129,,112,93
536,summoner-155909,537,KON EscanØr,Diamond 1,50,65,,110,88
537,summoner-3320859,538,Mírai,Diamond 1,50,191,,101,82
538,summoner-205568,539,fat,Diamond 1,50,49,,99,81
539,summoner-1650862,540,Melvox,Diamond 1,50,135,,97,66
540,summoner-181355,541,Enanoks,Diamond 1,50,86,,94,87
541,summoner-12710145,542,Brutak,Diamond 1,50,44,,84,66
542,summoner-388914,543,Teddyy Kun,Diamond 1,50,110,,64,46
543,summoner-1103782,544,Fonck,Diamond 1,50,59,,46,39
544,summoner-179912,545,JUANDJ0,Diamond 1,49,112,,321,312
545,summoner-2302211,546,Xoa,Diamond 1,49,113,,306,271
546,summoner-312340,547,FORONDA TU PAPÁ,Diamond 1,49,113,,243,216
547,summoner-14739158,548,SKT 1 Fakerr,Diamond 1,49,53,,143,105
548,summoner-427651,549,CG Leid,Diamond 1,49,77,,139,86
549,summoner-13150129,550,Scorpio X,Diamond 1,49,44,,87,41
550,summoner-6663290,551,Anbμ,Diamond 1,48,76,,243,196
551,summoner-2604044,552,orithkeeper,Diamond 1,48,74,,180,168
552,summoner-4614723,553,iPlay Top Lane x,Diamond 1,48,50,,164,85
553,summoner-8024235,554,Blasnais,Diamond 1,47,92,,86,67
554,summoner-620623,555,Gabi,Diamond 1,46,78,,132,117
555,summoner-4536116,556,demolder4510,Diamond 1,46,109,,93,65
556,summoner-6650972,557,Soraley,Diamond 1,46,41,,45,22
557,summoner-1166799,558,HítmonLee,Diamond 1,45,133,,451,452
558,summoner-12040150,559,Amianto,Diamond 1,45,101,,254,252
559,summoner-1114939,560,Enchanting Fox,Diamond 1,45,144,,96,82
560,summoner-57319,561,Usell,Diamond 1,45,71,,90,68
561,summoner-2183324,562,Morty2,Diamond 1,44,62,,115,98
562,summoner-6150207,563,Omega,Diamond 1,43,94,,142,129
563,summoner-400742,564,Pacha De Cacique,Diamond 1,43,82,,126,125
564,summoner-6060805,565,Dulce Pepinillo,Diamond 1,43,73,,121,92
565,summoner-871985,566,CaptnXman,Diamond 1,43,42,,97,55
566,summoner-49094,567,Aione,Diamond 1,42,127,,440,434
567,summoner-436358,568,À N U N N A K I,Diamond 1,42,93,,91,68
568,summoner-73140,569,asdadasdasda,Diamond 1,42,63,,47,38
569,summoner-2023328,570,Mid ABUSER,Diamond 1,41,115,,245,223
570,summoner-1802879,571,legendario2,Diamond 1,41,74,,141,130
571,summoner-139973,572,Blanc Chains,Diamond 1,41,189,,127,109
572,summoner-1165031,573,l   Revólver  l,Diamond 1,41,73,,106,94
573,summoner-6610179,574,TheFenixx,Diamond 1,41,46,,87,70
574,summoner-3445115,575,Ariana,Diamond 1,41,55,,76,30
575,summoner-7590935,576,El Lobo,Diamond 1,40,145,,167,142
576,summoner-904554,577,Random Marksman,Diamond 1,40,59,,101,74
577,summoner-9222218,578,xDaCh,Diamond 1,39,156,,561,515
578,summoner-284782,579,TrashADCMeta,Diamond 1,37,89,,207,171
579,summoner-895621,580,blakyu,Diamond 1,37,86,,135,124
580,summoner-5850853,581,Mø Nôctürnê Nø,Diamond 1,37,104,,104,86
581,summoner-831531,582,iG Showtek,Diamond 1,36,119,,471,463
582,summoner-8161206,583,Qwertyuiop1615,Diamond 1,36,110,,139,115
583,summoner-327704,584,Dr Mister Señor,Diamond 1,15,54,,130,108
584,summoner-1153917,585,Enrico Pucci,Diamond 1,36,62,,99,81
585,summoner-383095,586,Simon Wrynn,Diamond 1,36,113,,73,51
586,summoner-2075139,587,Fąng,Diamond 1,35,85,,231,223
587,summoner-2381658,588,Sad Bünny,Diamond 1,35,146,,195,185
588,summoner-536641,589,NxL Tyròn,Diamond 1,35,76,,147,126
589,summoner-811460,590,Raél,Diamond 1,35,111,,135,125
590,summoner-89554,591,Levis,Diamond 1,35,75,,108,102
591,summoner-407192,592,Saiito,Diamond 1,35,112,,96,76
592,summoner-6233600,593,Fearuz,Diamond 1,35,47,,81,58
593,summoner-2812518,594,Betty n Jughead,Diamond 1,34,113,,386,361
594,summoner-945098,595,xShinra,Diamond 1,34,108,,240,221
595,summoner-660795,596,Seshúdoishy,Diamond 1,34,124,,238,215
596,summoner-89215,597,Chemamey Annie,Diamond 1,34,102,,173,154
597,summoner-75143,598,Frankyyy,Diamond 1,34,92,,95,76
598,summoner-3972181,599,JorgeFalcon,Diamond 1,34,126,,75,59
599,summoner-136704,600,Wånheda,Diamond 1,34,53,,69,47
600,summoner-178768,601,Johan1g,Diamond 1,33,113,,582,543
601,summoner-55801,602,Fufu v2,Diamond 1,33,102,,357,323
602,summoner-2833877,603,Wåndering,Diamond 1,33,112,,293,275
603,summoner-2460760,604,Cardi Hellshok B,Diamond 1,33,97,,144,134
604,summoner-11180231,605,IrresistibIe,Diamond 1,33,65,,130,104
605,summoner-4180164,606,IIWolfII,Diamond 1,33,120,,98,82
606,summoner-92599,607,BréaK,Diamond 1,32,176,,414,388
607,summoner-464920,608,MLS Alowake,Diamond 1,32,153,,209,195
608,summoner-1523251,609,Aracnidoso,Diamond 1,32,62,,198,153
609,summoner-105061,610,brigde,Diamond 1,32,66,,139,109
610,summoner-84412,611,Río,Diamond 1,32,111,,125,118
611,summoner-1104107,612,delot,Diamond 1,32,67,,96,90
612,summoner-102547,613,Billyjimi,Diamond 1,31,94,,217,208
613,summoner-559229,614,EdBars,Diamond 1,31,74,,123,109
614,summoner-4900157,615,Stiyl Izayoi,Diamond 1,30,85,,340,320
615,summoner-521003,616,Two Guns,Diamond 1,30,110,,319,292
616,summoner-203508,617,Zeus sekin,Diamond 1,30,67,,236,216
617,summoner-7874080,618,Verathrim,Diamond 1,30,103,,97,82
618,summoner-66356,619,Valente,Diamond 1,30,92,,49,26
619,summoner-12410942,620,øAzin,Diamond 1,29,91,,328,283
620,summoner-810941,621,vampirin,Diamond 1,29,141,,129,112
621,summoner-2075465,622,PiniMinero,Diamond 1,29,97,,93,80
622,summoner-30776,623,Romeroski,Diamond 1,28,161,,534,523
623,summoner-3652306,624,Rkman,Diamond 1,28,87,,131,108
624,summoner-40541,625,NeiI,Diamond 1,27,160,,286,269
625,summoner-126471,626,Darkrastar,Diamond 1,27,95,,245,212
626,summoner-173842,627,Drestik,Diamond 1,27,83,,199,197
627,summoner-129455,628,Zutter,Diamond 1,27,121,,69,46
628,summoner-400575,629,IguanaEmbarazada,Diamond 1,27,99,,65,53
629,summoner-3190222,630,rub,Diamond 1,27,71,,58,34
630,summoner-5463135,631,Arepin,Diamond 1,26,103,,304,296
631,summoner-5473629,632,Koko Hekmatier,Diamond 1,25,77,,210,186
632,summoner-22108,633,Mr Clean,Diamond 1,25,83,,197,177
633,summoner-15221435,634,keurig cup,Diamond 1,25,50,,152,98
634,summoner-205974,635,Wolf Karsa,Diamond 1,25,71,,144,128
635,summoner-6470902,636,Kouke,Diamond 1,25,51,,134,109
636,summoner-2114861,637,abcquiumein,Diamond 1,25,99,,103,64
637,summoner-1549064,638,EL CAPO DE LAN,Diamond 1,25,49,,66,49
638,summoner-9543410,639,VelkozCarry,Diamond 1,25,44,,61,23
639,summoner-13764499,640,Anlvia Guy,Diamond 1,25,41,,57,29
640,summoner-853257,641,Luhe,Diamond 1,24,62,,166,125
641,summoner-9170369,642,CannabisJah,Diamond 1,23,57,,164,104
642,summoner-141948,643,3124560,Diamond 1,23,71,,147,126
643,summoner-585102,644,OliviaNyan,Diamond 1,23,60,,121,90
644,summoner-2083705,645,Âriël,Diamond 1,23,108,,114,96
645,summoner-142533,646,Ren ˇuˇ,Diamond 1,23,75,,54,46
646,summoner-1286229,647,madbrizk,Diamond 1,22,105,,307,292
647,summoner-158371,648,Hienas,Diamond 1,21,133,,353,341
648,summoner-13212405,649,Memox JnmR,Diamond 1,21,79,,216,205
649,summoner-70963,650,MW Tai,Diamond 1,21,89,,131,90
650,summoner-3421358,651,Wazabie,Diamond 1,21,69,,128,71
651,summoner-80398,652,Vipér,Diamond 1,21,80,,109,98
652,summoner-2162915,653,AsprosDeGéminis,Diamond 1,21,48,,102,78
653,summoner-91485,654,Ësperanza,Diamond 1,21,71,,55,36
654,summoner-1744540,655,Jeff506,Diamond 1,20,103,,326,310
655,summoner-1393157,656,caKestyle,Diamond 1,20,50,,152,107
656,summoner-2301170,657,afreeca,Diamond 1,20,119,,112,105
657,summoner-11081519,658,Metal Upa,Diamond 1,20,98,,85,62
658,summoner-4211874,659,Cefiro,Diamond 1,20,77,,45,26
659,summoner-84096,660,Buckpeck,Diamond 1,19,94,,343,328
660,summoner-4115179,661,She said yes,Diamond 1,19,83,,324,325
661,summoner-3894169,662,Fotógrafo de XV,Diamond 1,19,118,,214,172
662,summoner-164716,663,Oblïvïon,Diamond 1,19,94,,187,180
663,summoner-10283850,664,holaquehacelol 2,Diamond 1,19,95,,156,115
664,summoner-610872,665,Kinnes,Diamond 1,19,90,,93,66
665,summoner-284096,666,ADC 2K17,Diamond 1,19,69,,65,60
666,summoner-29426,667,FnR Zefdi,Diamond 1,18,114,,198,180
667,summoner-36118,668,eldonas,Diamond 1,18,65,,165,154
668,summoner-137036,669,Nagûra,Diamond 1,18,69,,140,126
669,summoner-878013,670,Im xDeathstrokex,Diamond 1,18,118,,134,109
670,summoner-2912867,671,YuphetS,Diamond 1,18,108,,97,73
671,summoner-661943,672,Raf4s06,Diamond 1,18,77,,90,79
672,summoner-60242,673,NightRD Chelsea,Diamond 1,18,93,,80,55
673,summoner-77266,674,LaslwS,Diamond 1,17,102,,341,340
674,summoner-3551662,675,Condon,Diamond 1,17,81,,180,163
675,summoner-8031494,676,Ráider,Diamond 1,17,106,,133,126
676,summoner-6521234,677,God of Talon,Diamond 1,17,64,,120,88
677,summoner-1210331,678,BurningShärk,Diamond 1,17,76,,117,106
678,summoner-3464376,679,RV ExiliumSword,Diamond 1,17,57,,97,80
679,summoner-125839,680,Cm TzunK,Diamond 1,17,60,,92,73
680,summoner-126279,681,iPocho,Diamond 1,17,69,,62,51
681,summoner-207719,682,Wolf Harahel,Diamond 1,17,56,,40,28
682,summoner-1118350,683,rey naturaleza,Diamond 1,16,101,,176,164
683,summoner-10100134,684,hi am lance,Diamond 1,16,112,,98,78
684,summoner-853456,685,92 Explorer,Diamond 1,15,71,,263,244
685,summoner-72516,686,MedusaDeMar,Diamond 1,15,76,,251,245
686,summoner-15060180,687,SSW Pain,Diamond 1,15,125,,160,122
687,summoner-327704,688,Dr Mister Señor,Diamond 1,15,54,,130,108
688,summoner-105505,689,Verathrím,Diamond 1,15,70,,83,47
689,summoner-7412387,690,Nymphia,Diamond 1,15,40,,57,29
690,summoner-440660,691,Ninjor,Diamond 1,14,93,,366,361
691,summoner-14422529,692,Sensei Totyx,Diamond 1,14,147,,215,201
692,summoner-529633,693,FLA YIYA,Diamond 1,14,100,,202,194
693,summoner-585104,694,Xory,Diamond 1,12,106,,187,174
694,summoner-75351,695,Jalou,Diamond 1,12,63,,126,116
695,summoner-1213846,696,Tefi Baka,Diamond 1,12,98,,97,96
696,summoner-16070139,697,Pyrople,Diamond 1,12,39,,74,37
697,summoner-152094,698,Hiko Lako,Diamond 1,11,77,,182,160
698,summoner-6213262,699,Líkkrit,Diamond 1,11,47,,85,71
699,summoner-21314,700,JeiiZe,Diamond 1,10,57,,92,86
700,summoner-1527045,701,Fupa Milkbone,Diamond 1,10,44,,86,45
701,summoner-680674,702,Illllllll,Diamond 1,9,105,,253,248
702,summoner-6292617,703,Tom Lücitor,Diamond 1,9,89,,92,85
703,summoner-10404302,704,Atomz999,Diamond 1,8,61,,184,115
704,summoner-15475985,705,Quve,Diamond 1,7,65,,137,88
705,summoner-8003974,706,128 BPM,Diamond 1,6,60,,136,123
706,summoner-10935968,707,R7 PapiSosa,Diamond 1,6,56,,111,90
707,summoner-3822031,708,Savage Drahga,Diamond 1,5,67,,73,69
708,summoner-153143,709,Jhiinso,Diamond 1,4,119,,263,240
709,summoner-2932738,710,Lord Shura,Diamond 1,4,92,,224,214
710,summoner-3865079,711,DleGo,Diamond 1,4,88,,126,113
711,summoner-30855,712,Mechs,Diamond 1,3,129,,322,320
712,summoner-527005,713,Purrfect Katido,Diamond 1,3,61,,181,157
713,summoner-15433376,714,Draknion,Diamond 1,3,64,,166,125
714,summoner-7230132,715,lBUBUl,Diamond 1,2,99,,206,197
715,summoner-6333065,716,EsojLeugim,Diamond 1,2,63,,196,136
716,summoner-35658,717,Tomoya san,Diamond 1,2,60,,97,79
717,summoner-822693,718,Fk This Game,Diamond 1,1,119,,255,230
718,summoner-4054538,719,Basura low elo,Diamond 1,1,69,,174,161
719,summoner-12221708,720,Zoe is Life,Diamond 1,1,109,,174,141
720,summoner-616451,721,lHayl,Diamond 1,1,68,,170,113
721,summoner-1090486,722,Boloman,Diamond 1,1,78,,99,89
722,summoner-424752,723,Zætoz,Diamond 1,0,172,,801,772
723,summoner-4773531,724,miiller,Diamond 1,0,124,,392,383
724,summoner-8341082,725,Master Shifu,Diamond 1,0,127,,371,362
725,summoner-1801041,726,PDS Notorious,Diamond 1,0,110,,369,354
726,summoner-2074323,727,Lupo Bianco,Diamond 1,0,121,,366,356
727,summoner-1240313,728,Böb Toronja,Diamond 1,0,113,,360,349
728,summoner-157951,729,Tav,Diamond 1,0,137,,360,346
729,summoner-216496,730,Scratchek,Diamond 1,0,111,,314,294
730,summoner-3471888,731,DotheDew,Diamond 1,0,149,,306,290
731,summoner-44735,732,Murmullo,Diamond 1,0,118,,304,282
732,summoner-201602,733,EternityBeast,Diamond 1,0,87,,293,283
733,summoner-415989,734,Hexader,Diamond 1,0,130,,292,288
734,summoner-10370155,735,IoI,Diamond 1,0,89,,287,254
735,summoner-85582,736,ZamirZenNt,Diamond 1,0,99,,284,242
736,summoner-4524374,737,GO Chorla,Diamond 1,0,109,,282,257
737,summoner-4760941,738,Beibi Rekkles,Diamond 1,0,118,,275,258
738,summoner-156822,739,Rafaelito15,Diamond 1,0,102,,255,245
739,summoner-8723942,740,AK LocoDan,Diamond 1,0,96,,254,244
740,summoner-4560150,741,Dracs,Diamond 1,0,77,,248,200
741,summoner-3760707,742,Coca de 600ml,Diamond 1,0,99,,230,220
742,summoner-2120351,743,Benns,Diamond 1,0,130,,222,205
743,summoner-203629,744,Lobo Gélido,Diamond 1,0,91,,222,211
744,summoner-4460274,745,Jeziah,Diamond 1,0,75,,221,202
745,summoner-74438,746,Purry,Diamond 1,0,95,,220,234
746,summoner-1061148,747,TwTv elbananolol,Diamond 1,0,91,,218,224
747,summoner-2052952,748,Beyond,Diamond 1,0,96,,218,209
748,summoner-95768,749,King of Memes,Diamond 1,0,88,,196,181
749,summoner-26278,750,AxI,Diamond 1,0,72,,195,184
750,summoner-4621038,751,iSeltzer,Diamond 1,0,75,,194,150
751,summoner-667937,752,Mr Cymbal Monkey,Diamond 1,0,85,,194,189
752,summoner-10203062,753,el srVładimir,Diamond 1,0,153,,179,137
753,summoner-202912,754,KiluaHaruno,Diamond 1,0,111,,177,183
754,summoner-12472445,755,Davô,Diamond 1,0,70,,167,157
755,summoner-2124370,756,Shirõ,Diamond 1,0,123,,161,152
756,summoner-465010,757,Minatozaki Sana,Diamond 1,0,99,,157,141
757,summoner-3652637,758,iBrownie,Diamond 1,0,139,,157,123
758,summoner-156989,759,Säck,Diamond 1,0,81,,156,145
759,summoner-326441,760,Krix,Diamond 1,0,129,,155,120
760,summoner-4211612,761,TheQueen Is Back,Diamond 1,0,56,,153,131
761,summoner-53237,762,Barbacoa Salvaje,Diamond 1,0,62,,152,140
762,summoner-536362,763,MTH Zombix,Diamond 1,0,114,,151,142
763,summoner-181649,764,Amonith,Diamond 1,0,70,,148,139
764,summoner-25191,765,l None l,Diamond 1,0,80,,141,124
765,summoner-620622,766,Wolf Sáber,Diamond 1,0,67,,140,131
766,summoner-4610480,767,Yung Perez,Diamond 1,0,53,,135,112
767,summoner-69881,768,Nickleaf,Diamond 1,0,70,,133,113
768,summoner-3971911,769,Damn Gøre,Diamond 1,0,121,,131,113
769,summoner-1081104,770,TheLapiz,Diamond 1,0,75,,128,119
770,summoner-1270181,771,Ryogah,Diamond 1,0,87,,125,80
771,summoner-324547,772,Opponent,Diamond 1,0,78,,125,105
772,summoner-120180,773,Sr Caca,Diamond 1,0,68,,124,108
773,summoner-1326698,774,zerkerfkin1,Diamond 1,0,100,,120,100
774,summoner-14810283,775,SC Goat,Diamond 1,0,64,,120,81
775,summoner-1586060,776,DAVIIXZ,Diamond 1,0,50,,118,75
776,summoner-1761953,777,ßastet,Diamond 1,0,69,,114,108
777,summoner-118624,778,Velo de Tinta,Diamond 1,0,57,,112,90
778,summoner-2282751,779,Leé sin,Diamond 1,0,88,,109,100
779,summoner-131151,780,ZoulFox,Diamond 1,0,111,,108,89
780,summoner-382713,781,Sir Legend,Diamond 1,0,54,,106,59
781,summoner-841897,782,Gomez,Diamond 1,0,82,,102,85
782,summoner-31964,783,Merrowgeist,Diamond 1,0,59,,100,90
783,summoner-1540530,784,Buscando a Nami,Diamond 1,0,58,,100,74
784,summoner-1620236,785,Gravy Milkshake,Diamond 1,0,44,,98,44
785,summoner-1286628,786,ExtremeJorraf,Diamond 1,0,43,,98,46
786,summoner-2502529,787,cherud,Diamond 1,0,74,,95,79
787,summoner-939403,788,Ąndrés,Diamond 1,0,101,,90,89
788,summoner-168968,789,μFrank,Diamond 1,0,83,,85,55
789,summoner-1051669,790,Sinyi,Diamond 1,0,75,,84,71
790,summoner-3373774,791,VEGÉTA,Diamond 1,0,166,,84,55
791,summoner-5910220,792,Pr0mesasKeep,Diamond 1,0,107,,80,64
792,summoner-2620981,793,ONllCHAN,Diamond 1,0,54,,75,55
793,summoner-37177,794,WILL SMITE xD,Diamond 1,0,42,,75,65
794,summoner-291241,795,KanskaR,Diamond 1,0,40,,75,41
795,summoner-79085,796,Dango Daikazoku,Diamond 1,0,87,,74,62
796,summoner-5732873,797,Tigz,Diamond 1,0,45,,72,64
797,summoner-617233,798,Minecraft,Diamond 1,0,58,,71,59
798,summoner-531600,799,Cindy,Diamond 1,0,110,,65,49
799,summoner-3353824,800,Feliipe99,Diamond 1,0,52,,59,34
800,summoner-96031,801,thepoisonlol,Diamond 1,0,37,,50,28
801,summoner-14592566,802,qQ tT,Diamond 1,0,45,,47,24
802,summoner-6532535,803,PhinxSitoO,Diamond 2,100,118,,458,438
803,summoner-535215,804,Lp3 Zorua,Diamond 2,100,114,,338,314
804,summoner-1053538,805,Naysek,Diamond 2,100,83,,227,177
805,summoner-13910607,806,Razzle Dazzle,Diamond 2,100,86,,220,205
806,summoner-9991796,807,Esaeon,Diamond 2,100,71,,219,222
807,summoner-5530185,808,PG White Howl,Diamond 2,100,82,,147,125
808,summoner-3110343,809,Hikari Spirit,Diamond 2,100,108,,142,130
809,summoner-1396111,810,Wolf Kain,Diamond 2,100,82,,134,120
810,summoner-438655,811,Don iama,Diamond 2,100,66,,129,119
811,summoner-4152826,812,Témpest,Diamond 2,100,119,,125,115
812,summoner-166473,813,BlackThief,Diamond 2,100,73,,114,107
813,summoner-510492,814,Valkiriq,Diamond 2,100,85,,105,82
814,summoner-14644121,815,Mäddox,Diamond 2,100,67,,100,79
815,summoner-104267,816,Røger,Diamond 2,100,47,,98,55
816,summoner-281655,817,My Shield,Diamond 2,100,135,,95,83
817,summoner-284685,818,TheDrestik,Diamond 2,100,43,,90,62
818,summoner-115160,819,Critsil,Diamond 2,100,54,,73,57
819,summoner-49539,820,Jelex,Diamond 2,100,62,,38,19
820,summoner-14534313,821,Challenger 0,Diamond 2,95,114,,405,382
821,summoner-6140183,822,Shauna Shade,Diamond 2,95,42,,50,32
822,summoner-14501267,823,D5 HardStuck lul,Diamond 2,94,121,,217,205
823,summoner-11362100,824,Bronze Five Elo,Diamond 2,92,47,,95,73
824,summoner-547110,825,Kervek,Diamond 2,91,105,,154,117
825,summoner-6312806,826,willyrets,Diamond 2,90,51,,72,48
826,summoner-3993525,827,Chivo Please,Diamond 2,88,63,,61,29
827,summoner-29658,828,Icarhoos,Diamond 2,87,76,,81,63
828,summoner-192497,829,Josiah,Diamond 2,85,121,,214,172
829,summoner-3340628,830,El Pister,Diamond 2,85,68,,156,138
830,summoner-130197,831,Doc Efesoo McFly,Diamond 2,85,72,,151,132
831,summoner-426567,832,Danyyy,Diamond 2,84,55,,101,92
832,summoner-9230363,833,Wonder,Diamond 2,84,40,,96,55
833,summoner-137596,834,Héroe Heroína,Diamond 2,83,129,,361,348
834,summoner-72987,835,xxkatmaster17xx,Diamond 2,83,105,,127,117
835,summoner-153936,836,Shadö desu,Diamond 2,82,106,,127,109
836,summoner-70140,837,SKT T1 Chefsíto,Diamond 2,82,152,,105,78
837,summoner-127238,838,I2I,Diamond 2,81,71,,253,231
838,summoner-939450,839,Hayashi Yuki,Diamond 2,81,80,,200,199
839,summoner-15130529,840,EL WAPO 2,Diamond 2,81,45,,77,33
840,summoner-3554258,841,Nina Tucker,Diamond 2,80,80,,235,218
841,summoner-5320190,842,GT Ofwar,Diamond 2,80,112,,235,216
842,summoner-310553,843,Atreyu Blacksoul,Diamond 2,80,65,,199,175
843,summoner-5514232,844,RusherZombies,Diamond 2,80,86,,103,93
844,summoner-15300179,845,ØE InKos,Diamond 2,80,41,,70,48
845,summoner-1545283,846,DarkGunsk,Diamond 2,79,87,,176,165
846,summoner-2303396,847,Aegís,Diamond 2,79,97,,150,131
847,summoner-13222726,848,Vladímirovich,Diamond 2,79,209,,129,101
848,summoner-69719,849,Kaøtic,Diamond 2,78,69,,175,159
849,summoner-16820155,850,Peking Duck,Diamond 2,78,55,,105,81
850,summoner-6401937,851,Prietoboy,Diamond 2,78,63,,90,73
851,summoner-1083624,852,Piano,Diamond 2,78,72,,76,53
852,summoner-2491587,853,Deadly30,Diamond 2,77,64,,122,85
853,summoner-1528529,854,hotsonabader,Diamond 2,77,75,,98,89
854,summoner-16521947,855,Jungle Pressure,Diamond 2,77,44,,97,64
855,summoner-103138,856,Niquel Cobalto,Diamond 2,76,83,,115,105
856,summoner-125382,857,Arhysha,Diamond 2,76,70,,110,108
857,summoner-683204,858,BlackEngel24,Diamond 2,75,159,,611,626
858,summoner-9762158,859,lPancito Asesino,Diamond 2,75,134,,348,335
859,summoner-74366,860,1Cannon,Diamond 2,75,98,,264,259
860,summoner-190354,861,Synergy,Diamond 2,75,64,,254,226
861,summoner-2603639,862,Fractures,Diamond 2,75,122,,228,231
862,summoner-615288,863,STL Eifront,Diamond 2,75,93,,216,210
863,summoner-202746,864,Desperadoo,Diamond 2,75,72,,203,205
864,summoner-270864,865,devztocker,Diamond 2,75,81,,160,148
865,summoner-388374,866,GodSebas,Diamond 2,75,94,,153,126
866,summoner-9841766,867,YugiLAN,Diamond 2,75,65,,152,126
867,summoner-40689,868,Żeta11,Diamond 2,75,91,,149,145
868,summoner-23658,869,Yakuza AmmoStout,Diamond 2,75,99,,146,136
869,summoner-7031100,870,KT GorillA,Diamond 2,75,60,,132,123
870,summoner-15264702,871,OscarSolisG,Diamond 2,75,56,,132,86
871,summoner-1383832,872,Fernandoxx98,Diamond 2,75,99,,130,108
872,summoner-2683559,873,Rodrigo Ces,Diamond 2,75,77,,112,91
873,summoner-86685,874,D9 Zeypher,Diamond 2,75,51,,101,53
874,summoner-124352,875,Toxic Lance,Diamond 2,75,65,,95,65
875,summoner-103181,876,Edgar,Diamond 2,75,82,,89,80
876,summoner-180439,877,theppcharlie,Diamond 2,75,79,,87,79
877,summoner-7583100,878,Sigil of Balance,Diamond 2,75,44,,87,58
878,summoner-426368,879,Black Fist,Diamond 2,75,77,,83,73
879,summoner-1107797,880,Kuchurrumin,Diamond 2,75,56,,73,55
880,summoner-168175,881,Ruma 01,Diamond 2,75,50,,72,44
881,summoner-561407,882,Edapp,Diamond 2,75,48,,55,41
882,summoner-2282018,883,FelipeL,Diamond 2,75,59,,55,22
883,summoner-792069,884,Feno,Diamond 2,75,42,,49,33
884,summoner-14520424,885,CaritaT Psosa,Diamond 2,75,39,,40,24
885,summoner-667249,886,Synyst3r,Diamond 2,73,130,,173,159
886,summoner-2132823,887,CG Dreams,Diamond 2,72,117,,227,217
887,summoner-7670266,888,Electric Sunrise,Diamond 2,72,57,,144,98
888,summoner-435135,889,Sanae,Diamond 2,72,124,,116,94
889,summoner-57100,890,Wander Senpai,Diamond 2,71,71,,157,144
890,summoner-13860599,891,NLX Alovs,Diamond 2,71,81,,153,116
891,summoner-373682,892,Snurbox,Diamond 2,71,64,,145,134
892,summoner-13892126,893,márquez vladimir,Diamond 2,71,58,,74,59
893,summoner-467037,894,TDM Kauffmann,Diamond 2,70,136,,287,282
894,summoner-8540147,895,HandGün,Diamond 2,70,87,,242,239
895,summoner-304000,896,Ladyhawke,Diamond 2,70,113,,109,98
896,summoner-7570803,897,NanoSauriu,Diamond 2,69,143,,217,209
897,summoner-349707,898,Ferruccio,Diamond 2,69,66,,46,36
898,summoner-5000438,899,Aterus Loitrewyn,Diamond 2,68,62,,184,162
899,summoner-3680381,900,Lavenza,Diamond 2,68,65,,62,50
900,summoner-79800,901,Dr Cero MD,Diamond 2,68,36,,42,26
901,summoner-177321,902,KCG Arsa 1,Diamond 2,68,69,,39,17
902,summoner-117403,903,Lord of Null,Diamond 2,67,46,,132,82
903,summoner-4940271,904,Lapara23,Diamond 2,67,56,,77,60
904,summoner-87773,905,Garbage Riven,Diamond 2,67,87,,47,33
905,summoner-1034041,906,MVP Poni,Diamond 2,66,89,,177,168
906,summoner-13331254,907,SIutalee,Diamond 2,66,48,,93,57
907,summoner-282266,908,Raaay,Diamond 2,66,49,,76,68
908,summoner-164998,909,Kíro,Diamond 2,65,93,,143,140
909,summoner-143341,910,Mr HotCake,Diamond 2,65,139,,118,112
910,summoner-627606,911,Siegman xd,Diamond 2,65,68,,94,92
911,summoner-5041563,912,DukiT,Diamond 2,65,84,,94,70
912,summoner-53584,913,KingFish,Diamond 2,64,91,,239,225
913,summoner-27961,914,AlexZetroc,Diamond 2,64,70,,236,218
914,summoner-280715,915,The Blind King,Diamond 2,64,94,,236,229
915,summoner-3661729,916,GT SkyZir,Diamond 2,64,104,,167,157
916,summoner-647210,917,WiIsøn,Diamond 2,64,50,,119,82
917,summoner-137626,918,Waverly Place,Diamond 2,64,76,,80,67
918,summoner-14471755,919,Hisie,Diamond 2,64,67,,72,71
919,summoner-102646,920,Camiloo CM,Diamond 2,63,101,,152,123
920,summoner-15880480,921,TRUMPS WALLS,Diamond 2,63,38,,58,24
921,summoner-4003201,922,ADC SLAYER KR,Diamond 2,62,89,,251,248
922,summoner-51178,923,StraiderV2,Diamond 2,62,121,,240,230
923,summoner-1374477,924,Ultimate Hunter,Diamond 2,62,118,,219,211
924,summoner-438523,925,King Jon,Diamond 2,62,116,,196,180
925,summoner-16132923,926,llIlllllllllIll,Diamond 2,62,43,,107,75
926,summoner-532418,927,DOKKAEBI,Diamond 2,62,50,,50,23
927,summoner-6001640,928,xXvastagoXx,Diamond 2,61,46,,137,98
928,summoner-3330763,929,Selenior,Diamond 2,60,136,,216,189
929,summoner-181748,930,BunnBunnn,Diamond 2,60,92,,153,141
930,summoner-26889,931,Druzzel,Diamond 2,59,186,,833,835
931,summoner-1153925,932,Seis Colores,Diamond 2,59,114,,224,208
932,summoner-192614,933,Nelsohn,Diamond 2,59,92,,172,166
933,summoner-92344,934,REKKLES FAN No 1,Diamond 2,59,65,,140,124
934,summoner-24111,935,jorgepereda,Diamond 2,59,70,,138,91
935,summoner-624349,936,WDs Happy,Diamond 2,59,67,,134,132
936,summoner-11310674,937,Useless Kogmaw,Diamond 2,59,48,,105,66
937,summoner-168620,938,Pingwii,Diamond 2,58,124,,318,307
938,summoner-1000537,939,lMaluma,Diamond 2,58,127,,185,174
939,summoner-1296476,940,CB Jetfree,Diamond 2,58,94,,124,96
940,summoner-212515,941,Sleepwire,Diamond 2,58,57,,107,65
941,summoner-530824,942,Azure Rathalos,Diamond 2,57,64,,216,176
942,summoner-9150152,943,Justin LFT,Diamond 2,57,86,,213,199
943,summoner-158642,944,Arclightdlx,Diamond 2,57,49,,130,68
944,summoner-4573722,945,Hielø,Diamond 2,57,115,,123,114
945,summoner-12924336,946,Panqué,Diamond 2,57,73,,96,70
946,summoner-49588,947,Issei,Diamond 2,56,80,,201,187
947,summoner-24477,948,Deklok,Diamond 2,56,91,,129,114
948,summoner-5210476,949,BlackDestinity,Diamond 2,56,113,,101,73
949,summoner-94458,950,Nevohteeb,Diamond 2,55,114,,158,137
950,summoner-529543,951,La La Lanthys,Diamond 2,55,79,,152,143
951,summoner-15880768,952,Yas Evolved,Diamond 2,55,50,,146,115
952,summoner-21126,953,punketo,Diamond 2,55,66,,101,93
953,summoner-936468,954,Zoro1999,Diamond 2,54,110,,338,326
954,summoner-831341,955,sauronio,Diamond 2,54,99,,253,247
955,summoner-524800,956,Mewby,Diamond 2,54,90,,207,190
956,summoner-1395671,957,skillmouze,Diamond 2,54,137,,170,169
957,summoner-1313311,958,SnowBoyz,Diamond 2,54,137,,170,160
958,summoner-423722,959,Luiixs,Diamond 2,54,57,,96,79
959,summoner-74991,960,CaMo,Diamond 2,54,60,,65,48
960,summoner-1321419,961,Yüge,Diamond 2,53,122,,150,135
961,summoner-612876,962,Lunka,Diamond 2,53,86,,113,74
962,summoner-1041975,963,Murillo Sama,Diamond 2,53,49,,79,76
963,summoner-294667,964,jinxý,Diamond 2,52,46,,48,34
964,summoner-1742223,965,Le meilleur,Diamond 2,51,106,,414,384
965,summoner-32327,966,Q flojera,Diamond 2,51,67,,161,136
966,summoner-4691320,967,7RS Zaot,Diamond 2,51,109,,131,129
967,summoner-293748,968,Lemo Senpai,Diamond 2,51,117,,121,119
968,summoner-33010,969,TheNarosOne,Diamond 2,51,94,,98,96
969,summoner-4082449,970,Ðead Høpe,Diamond 2,51,83,,75,54
970,summoner-4772253,971,VeraHilarious,Diamond 2,51,35,,54,22
971,summoner-190303,972,Shadow Flying,Diamond 2,50,94,,226,220
972,summoner-3472243,973,KT Sotelo,Diamond 2,50,99,,185,148
973,summoner-7950207,974,ferser,Diamond 2,50,70,,157,153
974,summoner-154687,975,AFK Thergan Fate,Diamond 2,49,125,,301,300
975,summoner-2135855,976,Dopa Baby,Diamond 2,49,97,,199,175
976,summoner-1391305,977,Guthix18,Diamond 2,49,70,,107,94
977,summoner-84791,978,DragonRedBlood,Diamond 2,49,37,,67,26
978,summoner-4741700,979,GalaxyEsther,Diamond 2,49,35,,54,22
979,summoner-2513438,980,Ambitious,Diamond 2,48,131,,417,406
980,summoner-170113,981,MTT Young Savage,Diamond 2,47,126,,224,212
981,summoner-173564,982,Rylin,Diamond 2,47,90,,154,109
982,summoner-946863,983,ªTheEvolutionª,Diamond 2,47,100,,101,91
983,summoner-7163996,984,Capchii,Diamond 2,47,80,,85,75
984,summoner-2504008,985,Àkali,Diamond 2,47,49,,70,61
985,summoner-875066,986,MK Chocotejin,Diamond 2,46,107,,297,240
986,summoner-383752,987,SW Lushen,Diamond 2,46,71,,134,107
987,summoner-4850748,988,Dovah King,Diamond 2,46,126,,103,89
988,summoner-455859,989,Pìka,Diamond 2,46,79,,87,83
989,summoner-640427,990,Nagą,Diamond 2,45,128,,270,231
990,summoner-3974507,991,FNX Murdock,Diamond 2,45,91,,216,206
991,summoner-8320920,992,Lapierre,Diamond 2,45,81,,126,114
992,summoner-389077,993,Fìro,Diamond 2,44,131,,382,372
993,summoner-1371071,994,Prøphet,Diamond 2,44,136,,261,247
994,summoner-5991957,995,l MikyWoodz l,Diamond 2,43,106,,219,182
995,summoner-299669,996,AnT Shield,Diamond 2,43,89,,89,78
996,summoner-400173,997,NutCoco,Diamond 2,43,57,,82,73
997,summoner-7561560,998,Diana Cavendîsh,Diamond 2,43,81,,78,52
998,summoner-69999,999,Podz,Diamond 2,43,84,,76,61
999,summoner-11971334,1000,Venen1nMAKIO,Diamond 2,43,51,,57,24
