#timestamp 1529787682593
#date 2018-06-23T21:01:22+00:00
#players 1000
#index,id,rank,name,tier,lp,level,proTeam,win,loss
0,summoner-12942655,1,RB Closer,Challenger,1363,81,,216,112
1,summoner-14654889,2,Mutant syndra,Challenger,954,135,,255,179
2,summoner-5539903,3,BUR Ragner,Challenger,931,75,,159,95
3,summoner-6071780,4,KEE Psychoferret,Challenger,798,94,,191,132
4,summoner-9674281,5,BrainAxe,Challenger,800,88,,163,106
5,summoner-11695199,6,FF MACHINE XD,Challenger,701,146,,455,390
6,summoner-13550182,7,Wency,Challenger,668,165,,497,444
7,summoner-439758,8,LAXER,Challenger,659,101,,188,142
8,summoner-15224533,9,Dünya Gül Bana,Challenger,647,58,,189,127
9,summoner-328836,10,woLqeyN,Challenger,646,58,,174,127
10,summoner-17633408,11,POR Leeb,Challenger,635,118,,156,105
11,summoner-2681152,12,S Ê R Î N,Challenger,631,141,,301,294
12,summoner-5369900,13,leşlifeonur,Challenger,629,105,,290,247
13,summoner-5741715,14,Jeyrus,Challenger,577,104,,367,321
14,summoner-1472144,15,Leeryy,Challenger,573,120,,172,130
15,summoner-16074977,16,XOne,Challenger,562,194,,202,159
16,summoner-2987157,17,POR Rate,Challenger,551,159,,157,114
17,summoner-11032139,18,AnyoneEver,Challenger,538,85,,173,131
18,summoner-466416,19,YTUBE Cruellalol,Challenger,537,92,,177,132
19,summoner-1330298,20,Xerath Pyhoxus,Challenger,516,112,,183,146
20,summoner-4024012,21,Lesley,Challenger,500,69,,209,126
21,summoner-17316284,22,Leafe10,Challenger,494,123,,534,466
22,summoner-18628578,23,umoraki,Challenger,476,84,,218,164
23,summoner-11844621,24,ødysséiA,Challenger,469,106,,289,202
24,summoner-3012659,25,MâniacNiTRo,Challenger,483,69,,224,158
25,summoner-1041140,26,Legorn,Challenger,453,106,,168,128
26,summoner-3560128,27,Minigger,Challenger,441,93,,172,124
27,summoner-2945325,28,Mad Daddy,Challenger,434,93,,182,145
28,summoner-4601344,29,reForged,Challenger,432,80,,211,190
29,summoner-3015679,30,Ãeglos,Challenger,428,74,,218,170
30,summoner-5677463,31,Tayfun Aga,Challenger,423,146,,511,468
31,summoner-10111701,32,XX X MMXVI,Challenger,415,134,,129,87
32,summoner-1090192,33,LeBron Jamês,Challenger,414,70,,192,152
33,summoner-3496869,34,GossipÇÖP,Challenger,413,108,,313,258
34,summoner-16272608,35,BlacKusq,Challenger,412,66,,222,148
35,summoner-20051775,36,zxcvbnmjkl,Challenger,411,48,,146,93
36,summoner-19260842,37,rouletteshi,Challenger,411,41,,102,38
37,summoner-492484,38,skatcher811081,Challenger,421,126,,203,162
38,summoner-631300,39,kill me irl,Challenger,402,130,,217,181
39,summoner-1397288,40,AYÇA 22,Challenger,401,83,,165,134
40,summoner-901919,41,Sparz,Challenger,414,74,,88,42
41,summoner-19432779,42,ÂDETULLAH,Challenger,406,51,,167,105
42,summoner-9917313,43,Andikkkk,Challenger,385,60,,151,109
43,summoner-19273241,44,l MID 4 RETARDS,Challenger,384,66,,235,174
44,summoner-2261127,45,Berentt,Challenger,380,48,,125,74
45,summoner-12066026,46,Lyką,Challenger,378,106,,126,103
46,summoner-19274759,47,SêpuLtura,Challenger,375,47,,139,79
47,summoner-5108530,48,İ N G İ L İ Z,Challenger,364,122,,428,381
48,summoner-8480601,49,Koray Sins,Challenger,364,42,,121,68
49,summoner-3001673,50,BalamirH4N,Challenger,353,56,,140,116
50,summoner-17067701,51,Nêath,Challenger,350,67,,170,137
51,summoner-2023949,52,Barcodekiller389,Challenger,364,129,,435,377
52,summoner-409473,53,t o o f u n,Challenger,343,82,,190,134
53,summoner-9301294,54,bate,Challenger,341,105,,218,162
54,summoner-1206958,55,FireNova,Challenger,335,62,,99,63
55,summoner-1055139,56,Reâlity,Challenger,333,122,,143,96
56,summoner-1042120,57,e Girls DM mee,Challenger,330,83,,216,185
57,summoner-2780656,58,Kitai,Challenger,329,113,,511,480
58,summoner-16093696,59,Lilithse,Challenger,326,131,,503,461
59,summoner-1631360,60,hi im Peydos,Challenger,326,118,,467,415
60,summoner-4909214,61,POR Petrichor,Challenger,301,123,,339,315
61,summoner-17227741,62,Parçalar Elim,Challenger,321,44,,115,62
62,summoner-5397632,63,KevinRudolf,Challenger,316,80,,175,139
63,summoner-9211045,64,TheTrueAddwL,Challenger,315,82,,178,123
64,summoner-1230728,65,Buck Fuddy,Challenger,311,116,,233,204
65,summoner-16992308,66,Ririna,Challenger,309,68,,252,167
66,summoner-3365797,67,Tîmcânpy,Challenger,306,110,,179,150
67,summoner-632258,68,Marine Biologist,Challenger,305,126,,394,368
68,summoner-3632594,69,Sergen Aga,Challenger,300,121,,582,546
69,summoner-7870235,70,LLoncept,Challenger,299,72,,121,84
70,summoner-2477055,71,FivePawns,Challenger,297,94,,322,304
71,summoner-1560512,72,PrimeWalking,Challenger,297,88,,255,212
72,summoner-6021787,73,Zhao,Challenger,296,105,,240,183
73,summoner-762303,74,itachi was taken,Challenger,294,136,,182,150
74,summoner-2332263,75,Shizuneee,Challenger,285,85,,241,190
75,summoner-3025135,76,Nakó,Challenger,284,86,,251,219
76,summoner-4612550,77,RîquA,Challenger,278,112,,343,276
77,summoner-4888169,78,EienLykia,Challenger,277,99,,303,281
78,summoner-12360760,79,DFM MrKaplumba,Challenger,274,74,,191,157
79,summoner-4064875,80,Diass,Challenger,254,115,,237,208
80,summoner-13412983,81,Volanthius,Challenger,271,165,,273,240
81,summoner-3003640,82,Á n d ú r í Ł,Challenger,253,136,,411,381
82,summoner-17101289,83,ONLY KAYN BOYZ,Challenger,267,63,,139,103
83,summoner-1371938,84,Unforgiven,Challenger,267,101,,118,93
84,summoner-4104203,85,Krakis,Challenger,265,87,,171,132
85,summoner-3124157,86,Alexis,Challenger,263,108,,494,444
86,summoner-13340126,87,Snophén,Challenger,263,86,,204,183
87,summoner-19310914,88,Memcükebildir123,Challenger,262,113,,452,399
88,summoner-2592772,89,lTÜPÇÜl,Challenger,245,98,,320,289
89,summoner-2951827,90,Joe Cat,Challenger,261,135,,244,209
90,summoner-5586418,91,I Love Redheads,Challenger,259,97,,244,223
91,summoner-3940399,92,OZURDILERIM,Challenger,258,163,,455,426
92,summoner-5849695,93,Fure,Challenger,257,128,,262,235
93,summoner-10810129,94,Yíngżi,Challenger,255,294,,138,104
94,summoner-11014575,95,Drogo XD,Challenger,255,48,,131,49
95,summoner-10773618,96,Antigøne,Challenger,254,123,,151,117
96,summoner-17071277,97,kekec,Challenger,253,84,,118,92
97,summoner-3905354,98,Skraaj,Challenger,236,82,,156,131
98,summoner-3573593,99,hutzsi,Challenger,250,95,,381,348
99,summoner-1202321,100,Smith Morra,Challenger,249,120,,293,263
100,summoner-1202321,101,Smith Morra,Challenger,249,120,,293,263
101,summoner-2790359,102,S 1 M P L 3,Challenger,248,138,,212,186
102,summoner-6080544,103,Zeaste,Challenger,242,70,,132,106
103,summoner-2472026,104,shook,Challenger,241,89,,214,186
104,summoner-5923836,105,çingen furkan,Challenger,241,98,,135,92
105,summoner-3004482,106,ÇİTOZ,Challenger,239,122,,446,413
106,summoner-1620478,107,PGS Natsu,Challenger,239,110,,329,299
107,summoner-4403361,108,Sir Ramione,Challenger,238,118,,327,259
108,summoner-12863740,109,S A Ń C A K,Challenger,236,80,,126,81
109,summoner-6229240,110,get ones eye in,Challenger,235,99,,227,202
110,summoner-3461152,111,Crushing Blow M,Challenger,235,73,,119,88
111,summoner-11754920,112,Swift Shauna,Challenger,235,79,,110,82
112,summoner-5901512,113,Mr Tâvil,Challenger,232,136,,242,216
113,summoner-17124712,114,Bláznivý,Challenger,228,194,,654,634
114,summoner-399382,115,Dexedrinee,Challenger,226,91,,266,237
115,summoner-2842893,116,Respect2me,Challenger,224,63,,170,139
116,summoner-2693317,117,BORAN NASHOR,Challenger,222,101,,251,218
117,summoner-190446,118,BoldZ v2,Challenger,222,105,,214,190
118,summoner-14205506,119,A Günkızıl,Challenger,221,94,,287,258
119,summoner-418805,120,Hidokai,Challenger,221,86,,279,220
120,summoner-3413383,121,ShKlezz,Challenger,221,111,,248,221
121,summoner-5031515,122,babişko,Challenger,221,81,,179,152
122,summoner-14286741,123,alessa savage,Challenger,220,117,,99,53
123,summoner-9294148,124,Kiiro,Challenger,199,55,,184,120
124,summoner-15722507,125,gadurest,Challenger,233,73,,198,172
125,summoner-391944,126,Bułgar,Challenger,211,161,,198,151
126,summoner-2001483,127,Shínya is love,Challenger,211,59,,109,75
127,summoner-10212197,128,Duygu,Challenger,208,76,,162,135
128,summoner-6471531,129,znoxLKAT,Challenger,208,103,,145,119
129,summoner-2471201,130,Sarcasmom,Challenger,207,88,,272,242
130,summoner-4202345,131,At BaIığı,Challenger,206,113,,178,157
131,summoner-8505174,132,Chakenzai,Challenger,205,106,,229,193
132,summoner-4123701,133,spankî,Challenger,205,109,,198,165
133,summoner-10987706,134,Mitsuki Nase,Challenger,203,130,,362,327
134,summoner-11105306,135,Wall eiV2,Challenger,203,62,,189,129
135,summoner-4130505,136,S T A L K É R,Challenger,202,101,,187,153
136,summoner-3544372,137,Senior Lux,Challenger,200,93,,203,174
137,summoner-15633212,138,elvesztése,Challenger,197,87,,243,222
138,summoner-11642235,139,Pix A Poor,Challenger,196,103,,387,336
139,summoner-2565354,140,Rage of Wind,Challenger,195,90,,308,262
140,summoner-3615574,141,CoreI5,Challenger,195,70,,221,141
141,summoner-16984200,142,Yaren is my god,Challenger,194,108,,333,300
142,summoner-4339091,143,PRAY FOR UR MOM,Challenger,194,85,,192,155
143,summoner-792364,144,Let it die,Challenger,194,92,,107,82
144,summoner-12862973,145,Kituruken,Challenger,193,120,,435,369
145,summoner-409885,146,Darrick,Challenger,193,92,,202,151
146,summoner-18071804,147,Agape,Challenger,191,108,,173,152
147,summoner-384676,148,Starbeh,Challenger,190,79,,290,222
148,summoner-5383566,149,WoD Reimuu,Challenger,190,92,,148,116
149,summoner-3315436,150,NR RespecT,Challenger,189,81,,78,49
150,summoner-3844368,151,yvz,Challenger,188,64,,222,140
151,summoner-2622035,152,Akif CELİK,Challenger,187,91,,284,258
152,summoner-4120203,153,Whîskey,Challenger,185,165,,398,350
153,summoner-7414102,154,FreshKiller01,Challenger,185,104,,257,237
154,summoner-6560286,155,Darqinx,Challenger,185,96,,222,182
155,summoner-7990365,156,Arphilion,Challenger,185,75,,161,133
156,summoner-1825225,157,Sephirøth,Challenger,184,98,,330,309
157,summoner-3663994,158,Rułer,Challenger,183,117,,540,514
158,summoner-1222043,159,Nuke,Challenger,182,73,,227,200
159,summoner-784869,160,GF ClyDee,Challenger,181,112,,106,80
160,summoner-2692098,161,RâexeL,Challenger,177,144,,204,168
161,summoner-18554244,162,TEKÇİ,Challenger,177,74,,143,107
162,summoner-15500536,163,Skypture TR,Challenger,177,86,,104,77
163,summoner-2814118,164,OnurTemiz,Challenger,176,96,,273,252
164,summoner-4526859,165,BABANIZ DrâvéN,Challenger,192,87,,294,260
165,summoner-1290337,166,PoiNLoYd,Challenger,175,69,,137,101
166,summoner-8934156,167,SadeceSoraka31,Challenger,173,118,,407,368
167,summoner-17197161,168,Mr Âykénzô,Challenger,173,87,,266,211
168,summoner-2682301,169,Zed Scripter,Challenger,170,121,,375,342
169,summoner-950341,170,Karuza,Challenger,169,110,,333,305
170,summoner-12904297,171,Ońur,Challenger,169,72,,201,176
171,summoner-1891774,172,RNG Rhioni,Challenger,169,113,,194,164
172,summoner-5730473,173,Latch Da Beach,Challenger,168,121,,298,273
173,summoner-7617520,174,PÂNNNUUU,Challenger,164,90,,143,110
174,summoner-2074525,175,De Morgên,Challenger,143,74,,254,198
175,summoner-3634495,176,Eäwì,Challenger,161,95,,114,91
176,summoner-5633740,177,impress,Challenger,160,116,,342,315
177,summoner-1074903,178,ivancan,Challenger,158,61,,197,106
178,summoner-13371243,179,GangpIank,Challenger,158,99,,101,71
179,summoner-9588810,180,Darwin GG,Challenger,155,67,,129,98
180,summoner-1390949,181,Magina,Challenger,152,93,,276,217
181,summoner-12114247,182,Meshade,Challenger,152,106,,180,151
182,summoner-15854677,183,estheem 11111,Challenger,152,106,,156,121
183,summoner-19715148,184,Mornîngstarr,Challenger,151,53,,163,123
184,summoner-1871258,185,LordHACI,Challenger,147,78,,169,141
185,summoner-5218621,186,Âce v3,Master,47,109,,130,111
186,summoner-11203184,187,greendick,Challenger,147,43,,102,40
187,summoner-9795529,188,GET HYPED,Challenger,143,45,,115,60
188,summoner-8690134,189,Akmert515,Challenger,141,87,,307,279
189,summoner-3377308,190,As for myself,Challenger,141,83,,210,181
190,summoner-1862200,191,Hellhone,Challenger,138,80,,166,135
191,summoner-17027682,192,Dad is CooL,Challenger,136,62,,260,232
192,summoner-17288280,193,Radhruin,Challenger,150,90,,132,109
193,summoner-3102930,194,Ökkeş,Challenger,136,59,,120,104
194,summoner-530974,195,Calvin,Master,119,149,,280,254
195,summoner-1870644,196,REBØRN,Master,119,90,,153,72
196,summoner-3541396,197,My Life QQ,Master,127,113,,246,205
197,summoner-20444424,198,TØLAS,Master,86,43,,109,75
198,summoner-4578592,199,Sâkata Gintoki,Master,101,95,,270,250
199,summoner-2365749,200,zab,Master,0,74,,261,241
200,summoner-9465703,201,Zulja,Challenger,226,116,,195,153
201,summoner-17654430,202,PUBGOSU,Challenger,187,104,,302,271
202,summoner-14665380,203,SHENER SHEN Q,Challenger,136,91,,283,219
203,summoner-10551500,204,şampıon01hsyn,Challenger,135,104,,221,184
204,summoner-16981971,205,Ulfrîc,Challenger,134,115,,297,265
205,summoner-3162287,206,Naos,Challenger,134,84,,146,121
206,summoner-12294319,207,Rihannâ,Challenger,132,104,,242,222
207,summoner-16151323,208,Kinwald,Master,131,116,,231,193
208,summoner-5251294,209,JrOpter0n,Master,129,83,,283,165
209,summoner-3812406,210,Joé Dog,Master,126,90,,375,341
210,summoner-17258400,211,Iron necklace,Master,125,62,,175,113
211,summoner-17992869,212,Rudgerus,Master,88,110,,335,300
212,summoner-4691512,213,dj umut1,Master,122,44,,83,56
213,summoner-12200173,214,XeniaJR,Master,120,253,,407,366
214,summoner-11051420,215,So was Vigilante,Master,120,103,,250,232
215,summoner-2410209,216,Çalıda Ekrem,Master,119,77,,180,137
216,summoner-337117,217,Wizard of Riga,Master,118,159,,132,111
217,summoner-425233,218,Hasan42,Master,115,51,,118,87
218,summoner-7588349,219,LOX ˉˆˆˉ IAS,Master,113,54,,155,106
219,summoner-10023262,220,Mr 0gO,Master,13,112,,134,110
220,summoner-3326440,221,TheZizun,Master,112,126,,193,160
221,summoner-530729,222,Gency,Master,111,92,,116,75
222,summoner-2481332,223,Uchihà Sasukè,Master,110,146,,413,395
223,summoner-4628473,224,AIready Tilted,Master,109,113,,196,166
224,summoner-186372,225,ð ð ð ð ð ð,Master,108,97,,282,264
225,summoner-12961518,226,Liyas Littl Lion,Master,108,53,,151,98
226,summoner-2335775,227,Start3r,Master,108,42,,104,58
227,summoner-15553691,228,Void Prophet,Master,107,152,,124,87
228,summoner-622015,229,TheBafu,Master,106,81,,88,63
229,summoner-10561565,230,Greyone,Master,105,96,,252,231
230,summoner-860901,231,ShintenRaiho,Master,104,83,,81,52
231,summoner-8484434,232,Zolf J Kimbley,Master,101,98,,153,124
232,summoner-18334045,233,qweqw,Master,96,61,,216,155
233,summoner-9125548,234,QEWQWQEEWQ,Master,94,118,,267,232
234,summoner-7073232,235,tuniş,Master,93,149,,265,244
235,summoner-5968943,236,Paşazade,Master,90,69,,227,167
236,summoner-9540655,237,VGM Rudgerus,Master,90,92,,142,119
237,summoner-285956,238,ilayday,Master,72,148,,398,386
238,summoner-1410832,239,lamLaZ 61,Master,89,65,,152,110
239,summoner-3941292,240,LifeInTheDark,Master,88,137,,531,498
240,summoner-2017910,241,Scarlet,Master,86,72,,171,151
241,summoner-18703713,242,throfithalvar,Master,101,52,,145,96
242,summoner-2890281,243,Pijamas,Master,83,102,,279,246
243,summoner-11850212,244,TurkishSide,Master,83,58,,130,107
244,summoner-3731722,245,We Are NEGANN,Master,82,110,,250,226
245,summoner-2324564,246,mahluk,Master,81,114,,194,157
246,summoner-2251380,247,FOK GÜCÜ,Master,80,81,,280,249
247,summoner-344984,248,Jester ADC,Master,80,147,,270,228
248,summoner-1365971,249,The EGOLANTE,Master,80,53,,135,61
249,summoner-2863971,250,EZEL BÅYRÅKTÅR,Master,61,74,,122,102
250,summoner-459508,251,JawerN,Master,76,90,,243,225
251,summoner-264974,252,PRENSESBORANCAN,Master,76,119,,240,216
252,summoner-16411374,253,Jaxres,Master,75,90,,159,138
253,summoner-10303979,254,EKnocKOut,Master,69,84,,238,197
254,summoner-9074362,255,Zodiac v2,Master,69,97,,182,158
255,summoner-263496,256,Tákeshi Kovacs,Master,67,114,,225,207
256,summoner-3084909,257,Jpy,Master,65,66,,173,159
257,summoner-14965551,258,Thê king is back,Master,64,95,,234,196
258,summoner-12214374,259,MechaZer0Sion,Master,64,53,,115,99
259,summoner-2693457,260,84266,Master,63,101,,294,276
260,summoner-10533525,261,TU TU KIS KIS,Master,62,94,,304,285
261,summoner-11876516,262,Gui Mithy,Master,60,70,,272,233
262,summoner-15340544,263,impEtus X,Master,60,66,,182,148
263,summoner-2830914,264,Zac Bot,Master,60,74,,163,133
264,summoner-17076356,265,KvmGaws,Master,23,64,,189,132
265,summoner-2342292,266,SchuJarzenegger,Master,57,122,,419,394
266,summoner-404234,267,The Missing Link,Master,56,90,,184,165
267,summoner-15702337,268,muratalix,Master,55,53,,202,147
268,summoner-279481,269,Bunzen,Master,38,78,,86,51
269,summoner-2387960,270,ADFGAWDGREAGR,Master,54,117,,387,335
270,summoner-17145759,271,Vagué,Master,54,79,,220,200
271,summoner-14270695,272,Dunked By Majon,Master,54,92,,119,78
272,summoner-2514858,273,Yîğit,Master,72,86,,241,209
273,summoner-399094,274,here 4 rank 1,Master,70,106,,223,206
274,summoner-5631136,275,Kürt Böreğı,Master,53,61,,195,159
275,summoner-12894491,276,Anais GG,Master,53,67,,158,130
276,summoner-16909730,277,U  F  Ø  361,Master,53,94,,140,100
277,summoner-18643857,278,WHERESTHELOVE,Master,52,64,,239,193
278,summoner-9181688,279,TARANTULA KURU,Master,50,118,,323,309
279,summoner-1815071,280,slyxie,Master,50,99,,310,291
280,summoner-2274903,281,Sycorax,Master,48,94,,240,222
281,summoner-4218078,282,POR magmagnafic,Diamond 1,75,123,,249,235
282,summoner-18623065,283,dalga fısmış,Master,64,54,,179,123
283,summoner-18264721,284,Bu Smurf Hesabım,Master,49,85,,353,325
284,summoner-18023858,285,ClarenoTALON,Master,44,69,,216,158
285,summoner-5593147,286,DFM Axertha,Master,43,76,,144,107
286,summoner-4228986,287,hazard78,Master,41,65,,260,163
287,summoner-752109,288,D İ C L O,Diamond 1,75,124,,216,190
288,summoner-13620953,289,Kening Dogsuli,Master,41,80,,191,122
289,summoner-5802731,290,Phatonix,Master,41,108,,158,146
290,summoner-16512631,291,Broliã,Master,41,41,,86,35
291,summoner-16013765,292,Screwer,Master,57,113,,466,447
292,summoner-10683571,293,Alicaldjkpl,Master,40,45,,115,57
293,summoner-13912010,294,ll Wolke,Master,39,89,,242,194
294,summoner-2376316,295,Goldd2,Master,39,104,,181,162
295,summoner-1214480,296,yetkin,Master,38,109,,195,171
296,summoner-861346,297,Smite,Master,38,101,,173,156
297,summoner-16973701,298,RandOx,Master,38,61,,153,109
298,summoner-2613673,299,Uncle Alberto,Master,36,97,,422,398
299,summoner-914241,300,Jakø,Master,55,86,,225,212
300,summoner-5270173,301,la case de mokar,Master,31,86,,272,226
301,summoner-11703058,302,Magnès,Master,31,192,,185,142
302,summoner-18264721,303,Bu Smurf Hesabım,Master,49,85,,353,325
303,summoner-17676884,304,CHoNTaCI,Master,29,87,,181,173
304,summoner-503242,305,hi im Pyrotoxin,Master,29,73,,109,82
305,summoner-9755411,306,ESKORT TURGAYCAN,Master,29,87,,93,69
306,summoner-9971507,307,07 12 1999,Master,28,118,,209,190
307,summoner-13069641,308,Svenska Lodjur,Master,27,76,,292,226
308,summoner-1741177,309,Elijah Wood,Master,26,188,,253,206
309,summoner-4857476,310,Whatsaapp,Master,26,51,,159,75
310,summoner-1151073,311,Spîder Mârksman,Master,25,48,,127,103
311,summoner-2832591,312,Khän,Master,25,103,,113,90
312,summoner-3420536,313,Lanâ Del Rey,Master,24,114,,304,277
313,summoner-11041989,314,ŞATTAFAKAP,Master,24,60,,218,165
314,summoner-6921785,315,IIlIIlllIIl,Master,24,52,,136,99
315,summoner-17076356,316,KvmGaws,Master,23,64,,189,132
316,summoner-16712334,317,NovalTheChalange,Master,23,62,,184,130
317,summoner-1411888,318,Madwolfff,Master,23,73,,99,71
318,summoner-8532845,319,İLİŞ,Master,40,127,,526,499
319,summoner-241742,320,Invoker XD,Master,21,69,,146,121
320,summoner-6248596,321,Y Ä T O,Master,20,127,,514,490
321,summoner-18490736,322,rekuNN,Master,20,61,,110,68
322,summoner-18423931,323,karı arıyorum,Master,19,105,,383,345
323,summoner-3848628,324,Kumsal is my god,Master,19,104,,255,220
324,summoner-5503845,325,DNCB Support,Master,19,59,,143,116
325,summoner-5958232,326,mystiqué,Master,19,107,,118,101
326,summoner-4874422,327,Lil Puddin,Master,16,146,,202,191
327,summoner-2971756,328,Cârvên,Master,15,120,,250,219
328,summoner-2474097,329,praise me,Master,15,81,,143,94
329,summoner-11833574,330,Ozan237,Master,15,59,,80,58
330,summoner-2603591,331,Avengers51,Master,15,55,,63,34
331,summoner-2340832,332,E BASAN OYUNCU,Master,11,123,,306,283
332,summoner-500565,333,Trielbaenre,Master,11,95,,233,217
333,summoner-18684465,334,281197250397,Master,9,41,,73,34
334,summoner-4190967,335,Earworm,Master,9,53,,63,48
335,summoner-5825215,336,Inisiyatif,Master,7,50,,148,77
336,summoner-2563836,337,Yanlaya Yanlaya,Master,6,114,,318,303
337,summoner-14080156,338,KING CARRY,Master,6,45,,106,64
338,summoner-19415497,339,OmarsanN,Master,5,43,,82,49
339,summoner-203773,340,FileliÇorapSever,Master,4,107,,340,323
340,summoner-1072995,341,Madds,Master,3,55,,77,56
341,summoner-920417,342,katilimsi,Master,2,70,,149,125
342,summoner-18936985,343,ºArya Starkº,Master,2,53,,148,90
343,summoner-12707180,344,ıLegolası,Master,1,39,,100,56
344,summoner-2463269,345,SEFKANRAYT,Master,0,135,,666,663
345,summoner-4542390,346,Koda,Master,0,123,,464,407
346,summoner-6936837,347,xyz657,Master,0,117,,399,372
347,summoner-5943428,348,DatDrag,Master,0,118,,266,240
348,summoner-4021015,349,NBD Flâsh,Master,0,73,,257,247
349,summoner-4247903,350,Pukka,Master,0,103,,251,223
350,summoner-9214468,351,Achilles Heel,Master,0,112,,248,231
351,summoner-19320586,352,ClinomaniaA,Master,0,82,,231,191
352,summoner-9020661,353,Keiâ,Master,0,91,,210,177
353,summoner-13940643,354,ThreeLeg WellKoz,Master,0,140,,205,178
354,summoner-2013412,355,mythege,Master,0,84,,202,185
355,summoner-5835541,356,sarbas,Master,0,77,,198,139
356,summoner-361101,357,Ø  I  Ø,Master,0,95,,197,177
357,summoner-18023857,358,FLAXİEN BABA,Master,0,72,,190,160
358,summoner-8454677,359,BEN YAYINCIYIM,Master,0,57,,188,124
359,summoner-17081218,360,Razor Shuriken,Master,0,111,,179,164
360,summoner-11952858,361,Eskort Xayah,Master,0,147,,173,124
361,summoner-2260952,362,Ryan Sìde,Master,0,62,,164,89
362,summoner-823565,363,MarjínaL,Master,0,127,,163,134
363,summoner-1850479,364,Ssssumdayy,Master,0,88,,156,124
364,summoner-2445417,365,Ogdur,Master,0,70,,152,137
365,summoner-5396815,366,Acwel QQ,Master,0,70,,152,127
366,summoner-5225800,367,Emoji,Master,0,54,,149,126
367,summoner-298708,368,Zımpala,Master,0,74,,148,115
368,summoner-192784,369,ANİVYÜ,Master,0,65,,143,126
369,summoner-13178245,370,Supreme Blâde,Master,0,51,,130,98
370,summoner-13640577,371,rekkles smurf,Master,0,108,,128,90
371,summoner-2621863,372,Etâng,Master,0,65,,113,89
372,summoner-2272888,373,int king,Master,0,96,,110,84
373,summoner-18543829,374,SK Murphy,Master,0,77,,108,56
374,summoner-3004672,375,FurkanoHot,Master,0,72,,101,79
375,summoner-9463002,376,Mateja96,Master,0,38,,88,40
376,summoner-304639,377,I Need coffee,Master,0,123,,83,49
377,summoner-15934043,378,Terence Tao,Master,0,96,,78,53
378,summoner-1471569,379,StarScreen,Master,0,72,,73,50
379,summoner-3025812,380,Sıçtım Swain,Master,0,39,,71,23
380,summoner-16846661,381,Silver Lee Sin,Diamond 1,100,93,,401,325
381,summoner-1474207,382,BènX,Diamond 1,100,102,,312,283
382,summoner-3508127,383,Rhittâ,Diamond 1,100,118,,303,267
383,summoner-443608,384,sofresh,Diamond 1,100,83,,291,267
384,summoner-5592946,385,MahmutARSLAN,Diamond 1,100,84,,248,176
385,summoner-3602804,386,Solo Push To Win,Diamond 1,100,86,,213,174
386,summoner-5860780,387,Thample,Diamond 1,100,104,,172,149
387,summoner-1030335,388,SHLS Frank,Diamond 1,100,60,,171,132
388,summoner-4580434,389,Killenjak,Diamond 1,100,66,,161,129
389,summoner-2844672,390,Sulby,Diamond 1,100,46,,122,60
390,summoner-17090535,391,duernte,Diamond 1,100,73,,112,90
391,summoner-1652203,392,Utonyum144,Diamond 1,100,60,,110,87
392,summoner-5675883,393,Phost,Diamond 1,100,59,,107,90
393,summoner-1386644,394,Cest La Vie,Diamond 1,100,92,,106,80
394,summoner-4027224,395,Silent Skies,Diamond 1,100,111,,104,80
395,summoner-4111772,396,Merida,Diamond 1,100,94,,102,78
396,summoner-4341800,397,Luger,Diamond 1,100,48,,101,54
397,summoner-1400601,398,DIMWIT KEBABS,Diamond 1,100,96,,97,79
398,summoner-4225705,399,Carnagé,Diamond 1,100,104,,67,48
399,summoner-18720156,400,Park Jae hyuk,Diamond 1,100,48,,53,34
400,summoner-4743713,401,innocent one,Diamond 1,99,92,,114,96
401,summoner-3923534,402,qooqLeS26,Diamond 1,98,69,,232,160
402,summoner-6214884,403,BearBalls,Diamond 1,98,68,,175,144
403,summoner-206960,404,üzgünüm,Diamond 1,98,67,,100,71
404,summoner-16552675,405,Nemeã,Diamond 1,98,41,,95,45
405,summoner-13511600,406,Ksaez smurfer,Diamond 1,97,61,,140,96
406,summoner-12941226,407,LEŞMİR,Diamond 1,97,85,,132,92
407,summoner-680851,408,KEBAB WONDERLAND,Diamond 1,97,43,,50,32
408,summoner-2294660,409,Snakeruler,Diamond 1,96,67,,184,143
409,summoner-14020187,410,EfsaneSavaşçı6,Diamond 1,96,85,,148,66
410,summoner-8471033,411,MOMER02,Diamond 1,96,96,,110,81
411,summoner-4193701,412,Edelmiro,Diamond 1,96,88,,34,14
412,summoner-1790434,413,Bicky,Diamond 1,95,91,,207,186
413,summoner-4056591,414,Adrian Aries,Diamond 1,94,132,,400,409
414,summoner-20010140,415,Praunnor,Diamond 1,94,92,,163,123
415,summoner-19470751,416,B4HADiR,Diamond 1,94,42,,99,58
416,summoner-3403195,417,Maybê One Dayˆ,Diamond 1,94,58,,86,59
417,summoner-209018,418,Viktory,Diamond 1,93,110,,343,321
418,summoner-404771,419,Midoriya,Diamond 1,93,133,,211,195
419,summoner-1500225,420,Stewart Pumpking,Diamond 1,91,70,,176,147
420,summoner-3673191,421,FURKAN BABA,Diamond 1,91,67,,51,22
421,summoner-5023332,422,Hazreti Nihilist,Diamond 1,90,113,,248,204
422,summoner-2456696,423,Noname LowPlayer,Diamond 1,90,74,,209,165
423,summoner-4758077,424,Femour Wear,Diamond 1,90,86,,209,181
424,summoner-283167,425,I LIKE B1TCHEZ,Diamond 1,90,90,,193,166
425,summoner-2070914,426,Smoke Some Weed,Diamond 1,90,69,,166,145
426,summoner-7870690,427,RaploverrSmurf,Diamond 1,90,61,,165,131
427,summoner-18560755,428,Luà,Diamond 1,90,49,,149,86
428,summoner-1491640,429,Dr Housê,Diamond 1,90,130,,149,132
429,summoner-1131668,430,013324042018,Diamond 1,90,79,,129,104
430,summoner-321609,431,Prétch,Diamond 1,90,63,,107,72
431,summoner-3293325,432,Madlyy,Diamond 1,90,87,,105,82
432,summoner-2353439,433,Yeap,Diamond 1,90,75,,103,79
433,summoner-8271281,434,Cola4You,Diamond 1,90,64,,93,65
434,summoner-17083611,435,Kisei29,Diamond 1,90,40,,78,24
435,summoner-18355809,436,Nøâc,Diamond 1,90,39,,69,25
436,summoner-17521344,437,yayıncıym bn,Diamond 1,90,48,,45,13
437,summoner-630838,438,Bâbe,Diamond 1,90,67,,42,14
438,summoner-3142283,439,STUCK  SEÇKİN,Diamond 1,89,105,,331,303
439,summoner-3630482,440,Šinged,Diamond 1,88,63,,205,171
440,summoner-1690755,441,POR creationAWS,Diamond 1,88,91,,204,166
441,summoner-9890501,442,Akarulez,Diamond 1,87,133,,201,158
442,summoner-1302478,443,POR Moshi,Diamond 1,87,96,,111,80
443,summoner-18042123,444,Aeruginosa v1,Diamond 1,87,122,,111,85
444,summoner-248773,445,Repçi Penguen,Diamond 1,86,86,,222,160
445,summoner-2373670,446,Joe Jo,Diamond 1,86,141,,197,184
446,summoner-4534560,447,VEFA Bormen,Diamond 1,86,74,,134,115
447,summoner-1722421,448,TRAKYALİ LEGSin,Diamond 1,85,112,,198,170
448,summoner-319122,449,G E N l U S,Diamond 1,84,61,,147,103
449,summoner-2573869,450,KGG Gânnicus,Diamond 1,84,78,,140,119
450,summoner-4349763,451,RunQ,Diamond 1,83,74,,182,157
451,summoner-2687584,452,METALLICA1,Diamond 1,83,78,,170,152
452,summoner-4319453,453,Zia,Diamond 1,83,65,,106,86
453,summoner-19463915,454,Vhorlyn,Diamond 1,83,41,,94,40
454,summoner-5412477,455,Yaoi,Diamond 1,83,44,,79,61
455,summoner-2953449,456,Wrath Morgomir,Diamond 1,82,125,,436,421
456,summoner-6482218,457,The Masseur,Diamond 1,82,99,,349,333
457,summoner-762554,458,Todo,Diamond 1,82,117,,269,254
458,summoner-12074222,459,Y4B4dabaduu,Diamond 1,82,71,,154,122
459,summoner-280270,460,Spooky Jungler,Diamond 1,82,89,,106,87
460,summoner-18673952,461,cba,Diamond 1,81,82,,179,136
461,summoner-17856219,462,MATHÝ,Diamond 1,81,64,,118,94
462,summoner-422267,463,RoweOne,Diamond 1,81,69,,117,105
463,summoner-11050820,464,Shimaka,Diamond 1,81,42,,87,54
464,summoner-4881645,465,OG Nae Sarang,Diamond 1,80,71,,134,117
465,summoner-1233823,466,TOP OĞULCAN,Diamond 1,80,56,,72,46
466,summoner-2014938,467,Eonwe,Diamond 1,79,46,,130,69
467,summoner-12196457,468,2Excellion3,Diamond 1,78,50,,119,93
468,summoner-15260194,469,sha good kid,Diamond 1,78,102,,89,55
469,summoner-5182976,470,Mây,Diamond 1,78,182,,70,47
470,summoner-7173856,471,Heartbeat,Diamond 1,78,54,,69,47
471,summoner-17920266,472,Komodo Ejderi Oo,Diamond 1,77,196,,805,784
472,summoner-15245709,473,Fleïsch,Diamond 1,77,112,,212,194
473,summoner-2420946,474,Mancer,Diamond 1,77,137,,150,100
474,summoner-5706563,475,420 Taz,Diamond 1,76,59,,186,155
475,summoner-621010,476,Bloody Sacrifice,Diamond 1,76,86,,104,84
476,summoner-393674,477,Best Only Rengar,Diamond 1,76,62,,88,52
477,summoner-2263367,478,xdzc,Diamond 1,75,121,,464,400
478,summoner-466949,479,exanthe,Diamond 1,75,130,,440,384
479,summoner-3933061,480,ButtShark,Diamond 1,75,131,,413,376
480,summoner-2511291,481,Saygıner,Diamond 1,75,96,,327,294
481,summoner-2170445,482,Penguin MD,Diamond 1,75,80,,325,286
482,summoner-502177,483,Earl JR Smith,Diamond 1,75,100,,287,265
483,summoner-4218078,484,POR magmagnafic,Diamond 1,75,123,,249,235
484,summoner-18365221,485,BaZGaR,Diamond 1,75,101,,238,201
485,summoner-1312459,486,Jr Biâ,Diamond 1,75,92,,236,150
486,summoner-3680926,487,PHNX Insec v2,Diamond 1,75,95,,226,214
487,summoner-752109,488,D İ C L O,Diamond 1,75,124,,216,190
488,summoner-4898789,489,Paixdia,Diamond 1,75,82,,215,193
489,summoner-17072310,490,JW GødLike,Diamond 1,75,70,,212,188
490,summoner-5089037,491,Black DD,Diamond 1,75,107,,204,179
491,summoner-2071953,492,ln Vino Veritas,Diamond 1,75,72,,194,147
492,summoner-4745911,493,WoD Exyn0s,Diamond 1,75,96,,184,158
493,summoner-238921,494,LP Warrior,Diamond 1,75,79,,181,157
494,summoner-4374244,495,Roppieeè,Diamond 1,75,68,,178,159
495,summoner-17091674,496,Ward,Diamond 1,75,75,,176,147
496,summoner-15823352,497,Xase,Diamond 1,75,74,,176,162
497,summoner-812516,498,Afelion,Diamond 1,75,70,,169,127
498,summoner-8899127,499,Masterian,Diamond 1,75,94,,168,156
499,summoner-4728294,500,mortiferûm,Diamond 1,75,66,,166,91
500,summoner-2017452,501,A L T E O M I,Diamond 1,75,61,,166,130
501,summoner-1541494,502,PrinceCharles,Diamond 1,75,94,,164,147
502,summoner-2012648,503,llIlIlIIIIll,Diamond 1,75,67,,151,138
503,summoner-11875924,504,Motor Fahriye,Diamond 1,75,64,,150,91
504,summoner-3871179,505,noname bombæ,Diamond 1,75,63,,143,108
505,summoner-2512973,506,Who Feed Instinc,Diamond 1,75,94,,142,117
506,summoner-351566,507,Ariandel,Diamond 1,75,123,,142,117
507,summoner-1131058,508,PRS Lynx Scatter,Diamond 1,75,62,,141,108
508,summoner-16430146,509,Pyros,Diamond 1,75,86,,139,116
509,summoner-1881321,510,DVD,Diamond 1,75,121,,138,81
510,summoner-1194701,511,Jungle Cemal,Diamond 1,75,60,,135,118
511,summoner-280176,512,Wasteee,Diamond 1,75,57,,133,106
512,summoner-883827,513,NaloT,Diamond 1,75,70,,131,108
513,summoner-453660,514,valkrie,Diamond 1,75,87,,130,87
514,summoner-3003794,515,Rokuu,Diamond 1,75,66,,118,83
515,summoner-1383594,516,Sypnox,Diamond 1,75,60,,113,70
516,summoner-425732,517,HHHis,Diamond 1,75,55,,113,70
517,summoner-2377689,518,JİLET ÖZKAN,Diamond 1,75,63,,110,80
518,summoner-10330283,519,ates eden cocuk,Diamond 1,75,70,,109,93
519,summoner-520835,520,720P HasanKoken,Diamond 1,75,73,,108,88
520,summoner-14123224,521,DoğanDuru,Diamond 1,75,65,,103,76
521,summoner-1363501,522,Tod Veredelung,Diamond 1,75,74,,99,75
522,summoner-2064193,523,a little Dolphin,Diamond 1,75,44,,93,39
523,summoner-15964800,524,Gêrd,Diamond 1,75,45,,92,41
524,summoner-2017493,525,Ìcarus,Diamond 1,75,58,,88,58
525,summoner-3926354,526,Dv MKT,Diamond 1,75,48,,85,59
526,summoner-3324961,527,Ban Camille,Diamond 1,75,71,,85,41
527,summoner-18560459,528,alathrywyse,Diamond 1,75,40,,82,40
528,summoner-15161971,529,Kavi,Diamond 1,75,154,,81,59
529,summoner-714105,530,Èomer,Diamond 1,75,48,,80,39
530,summoner-8040781,531,EliWood v2,Diamond 1,75,70,,73,37
531,summoner-630477,532,PRS Lethenor,Diamond 1,74,93,,150,135
532,summoner-451008,533,Revânche,Diamond 1,74,43,,82,49
533,summoner-912141,534,Eonar,Diamond 1,74,104,,79,59
534,summoner-1861321,535,Reformed Øzy,Diamond 1,73,93,,288,266
535,summoner-2931477,536,Êray,Diamond 1,73,95,,283,242
536,summoner-17085082,537,overrated as fck,Diamond 1,73,68,,198,145
537,summoner-2624583,538,Sytnhôl,Diamond 1,72,101,,285,270
538,summoner-7856962,539,ula puf,Diamond 1,72,81,,258,177
539,summoner-1640272,540,EmirHanDemiR,Diamond 1,72,62,,232,146
540,summoner-2032019,541,Sunsecz,Diamond 1,71,119,,368,356
541,summoner-1220413,542,IbaGa,Diamond 1,71,78,,124,103
542,summoner-12883234,543,Pântâles,Diamond 1,71,62,,111,94
543,summoner-460015,544,Maaaet,Diamond 1,71,63,,96,72
544,summoner-2072868,545,diskofen,Diamond 1,70,89,,269,239
545,summoner-15700997,546,Feraber,Diamond 1,70,82,,268,249
546,summoner-2816116,547,Graciela,Diamond 1,70,71,,210,180
547,summoner-3912974,548,Eren Jâeegerr,Diamond 1,70,93,,172,159
548,summoner-3643623,549,DT DeaTHDReaM,Diamond 1,69,114,,420,387
549,summoner-8942008,550,Usta Splinter,Diamond 1,69,122,,215,179
550,summoner-1804898,551,Glozér,Diamond 1,69,74,,137,127
551,summoner-3830734,552,Ohne Dich Algos,Diamond 1,69,110,,121,102
552,summoner-429722,553,Rihavein,Diamond 1,69,81,,116,105
553,summoner-4057531,554,Pecueca 1v9,Diamond 1,69,67,,92,79
554,summoner-3854044,555,Jackz,Diamond 1,68,91,,245,221
555,summoner-4619571,556,OzoGDK,Diamond 1,68,64,,201,148
556,summoner-712912,557,Etoile,Diamond 1,68,100,,181,151
557,summoner-2555203,558,Luanté,Diamond 1,68,74,,146,100
558,summoner-6926615,559,Smøkê,Diamond 1,68,73,,104,66
559,summoner-2026566,560,Gilius,Diamond 1,68,78,,74,52
560,summoner-6651420,561,fıssst hoooh,Diamond 1,68,161,,64,55
561,summoner-3863716,562,Sup Plz,Diamond 1,68,70,,62,38
562,summoner-4320341,563,Strasser,Diamond 1,67,119,,439,401
563,summoner-2571293,564,SépuLence,Diamond 1,67,108,,327,309
564,summoner-18851122,565,Naryâ,Diamond 1,67,93,,132,94
565,summoner-11156079,566,ŞKT T1 Faker,Diamond 1,67,54,,128,108
566,summoner-3580134,567,Murties,Diamond 1,67,75,,107,77
567,summoner-1060869,568,Miolâncy,Diamond 1,67,52,,78,64
568,summoner-1470608,569,DELLAL,Diamond 1,66,115,,432,426
569,summoner-466065,570,GARNET L Jâck,Diamond 1,66,67,,180,162
570,summoner-9094103,571,süperali,Diamond 1,66,69,,142,97
571,summoner-17120664,572,MN Obliviate,Diamond 1,65,109,,229,208
572,summoner-3581622,573,MeField,Diamond 1,65,70,,205,192
573,summoner-12208440,574,Chance2Win,Diamond 1,65,86,,163,154
574,summoner-7880397,575,i will destroy,Diamond 1,65,95,,145,132
575,summoner-2976892,576,Slâppy,Diamond 1,65,86,,112,98
576,summoner-1053098,577,Scepter,Diamond 1,65,79,,52,32
577,summoner-2935331,578,Commander07,Diamond 1,64,83,,199,182
578,summoner-4234433,579,Kienn,Diamond 1,64,89,,173,153
579,summoner-386189,580,Coolscure,Diamond 1,64,88,,46,29
580,summoner-1443688,581,TrxxpStar,Diamond 1,63,88,,141,119
581,summoner-3450616,582,ToXiC MaMi,Diamond 1,63,88,,119,95
582,summoner-458399,583,BuRU,Diamond 1,63,80,,112,94
583,summoner-18391799,584,Bodrumlu Support,Diamond 1,63,96,,100,61
584,summoner-1010182,585,Supra,Diamond 1,63,72,,68,54
585,summoner-10031520,586,KAHPE ERKEKLER,Diamond 1,62,73,,136,71
586,summoner-2410249,587,Ruffy,Diamond 1,62,72,,105,83
587,summoner-20182777,588,giverank1,Diamond 1,62,40,,87,54
588,summoner-377092,589,Luicsan,Diamond 1,61,65,,157,118
589,summoner-3513127,590,Còusîn,Diamond 1,61,115,,151,124
590,summoner-7065632,591,Hêy Mâmi,Diamond 1,61,99,,100,90
591,summoner-1830368,592,scary rookie,Diamond 1,60,104,,220,187
592,summoner-11093846,593,ÇOMARSAVAR BATU,Diamond 1,60,92,,138,122
593,summoner-460072,594,ExpertBoyy,Diamond 1,60,92,,104,80
594,summoner-5752298,595,ECZACI BEY,Diamond 1,60,79,,79,48
595,summoner-2490471,596,Viølmæncér,Diamond 1,59,73,,229,178
596,summoner-5808437,597,GD SVengal,Diamond 1,59,103,,216,186
597,summoner-17051578,598,skJør,Diamond 1,59,43,,83,55
598,summoner-3871289,599,Mahíru,Diamond 1,59,128,,60,38
599,summoner-3094071,600,ZiqMo0,Diamond 1,59,61,,45,28
600,summoner-14946218,601,Rudý,Diamond 1,58,129,,222,188
601,summoner-271013,602,HayHuy,Diamond 1,58,118,,96,76
602,summoner-9251216,603,NLE BigiBang,Diamond 1,58,53,,74,45
603,summoner-368135,604,KübaÜlküOcaklari,Diamond 1,57,120,,288,271
604,summoner-2300140,605,midqueenqueen,Diamond 1,57,77,,175,161
605,summoner-4094571,606,zef alien,Diamond 1,57,96,,166,138
606,summoner-4883641,607,Zbam,Diamond 1,57,88,,113,65
607,summoner-18573790,608,ADK1NG,Diamond 1,57,51,,108,75
608,summoner-3395334,609,ÇÖP BATU,Diamond 1,56,93,,298,252
609,summoner-7854883,610,jamesJonSnow,Diamond 1,56,118,,128,106
610,summoner-8362044,611,God OF Mainer QQ,Diamond 1,56,114,,82,47
611,summoner-10710168,612,Symphony,Diamond 1,55,129,,398,387
612,summoner-800472,613,dredu,Diamond 1,55,78,,247,221
613,summoner-2272101,614,Winchesterz,Diamond 1,55,48,,58,31
614,summoner-11050882,615,Psychoferret,Diamond 1,55,43,,46,24
615,summoner-17100634,616,7DS BlackSoul,Diamond 1,54,73,,201,190
616,summoner-4576974,617,DarkXider,Diamond 1,53,129,,517,499
617,summoner-449591,618,1v9 for nudes,Diamond 1,53,100,,164,132
618,summoner-1801214,619,Noriên,Diamond 1,53,67,,146,129
619,summoner-18541775,620,DiamondSTAR,Diamond 1,53,70,,112,82
620,summoner-641795,621,TEAMREDBULL MİD,Diamond 1,53,91,,75,66
621,summoner-2150459,622,Zyraction,Diamond 1,53,141,,63,52
622,summoner-11271677,623,Starter,Diamond 1,53,36,,49,30
623,summoner-14461314,624,kata ích ąkame,Diamond 1,52,94,,199,143
624,summoner-2856453,625,MT Alucard,Diamond 1,51,112,,277,261
625,summoner-3720580,626,NW Boskonovitch,Diamond 1,51,106,,262,249
626,summoner-3061532,627,too late,Diamond 1,51,63,,162,119
627,summoner-16745132,628,Bouncer,Diamond 1,50,196,,416,362
628,summoner-13053293,629,Her Biji Mert,Diamond 1,50,124,,337,314
629,summoner-19544056,630,TÔLAS,Diamond 1,50,67,,303,267
630,summoner-5087633,631,M Bobby Brown,Diamond 1,50,98,,298,247
631,summoner-439394,632,YIKIK PEZEVENG,Diamond 1,50,87,,285,268
632,summoner-4210225,633,Jaguary,Diamond 1,50,111,,284,264
633,summoner-4522873,634,elodog mid lâner,Diamond 1,50,130,,266,255
634,summoner-459327,635,Hallelujah,Diamond 1,50,86,,257,225
635,summoner-14172737,636,no counterplay,Diamond 1,50,87,,256,233
636,summoner-5623830,637,Râi Hestiâ,Diamond 1,50,99,,248,225
637,summoner-4253213,638,Intoxicater,Diamond 1,50,116,,235,222
638,summoner-2981380,639,HATE ME MORE XD,Diamond 1,50,74,,226,203
639,summoner-12580176,640,Sllahaiken,Diamond 1,50,103,,218,202
640,summoner-2023133,641,Lacrimosa v1,Diamond 1,50,110,,210,193
641,summoner-723403,642,Haylayf,Diamond 1,50,115,,207,185
642,summoner-17085886,643,Adinoki Soldat,Diamond 1,50,79,,192,158
643,summoner-1472564,644,FISHNETLOVERHAHA,Diamond 1,50,73,,184,162
644,summoner-9301666,645,P0NÇİK RİVEN,Diamond 1,50,76,,173,152
645,summoner-18484195,646,Rânsey,Diamond 1,50,74,,170,122
646,summoner-1185767,647,Jâckk,Diamond 1,50,84,,156,130
647,summoner-2699614,648,MuTAN39,Diamond 1,50,65,,148,127
648,summoner-10682951,649,DC Cerberus,Diamond 1,50,86,,141,116
649,summoner-240661,650,Doom ma geddon,Diamond 1,50,133,,141,134
650,summoner-17237002,651,Archie Andrews,Diamond 1,50,139,,140,115
651,summoner-19721897,652,Nemsy,Diamond 1,50,51,,140,101
652,summoner-5414463,653,OYUNCU KOKUTAN,Diamond 1,50,91,,133,112
653,summoner-8226197,654,oldschoolrank1,Diamond 1,50,47,,121,81
654,summoner-19304315,655,Literary Spirît,Diamond 1,50,48,,118,64
655,summoner-4181151,656,Ełdîv,Diamond 1,50,76,,106,94
656,summoner-404706,657,a new kid,Diamond 1,50,83,,105,84
657,summoner-5584765,658,P A Ń D A,Diamond 1,50,83,,81,58
658,summoner-19732098,659,AîdenZ,Diamond 1,50,40,,80,42
659,summoner-1780550,660,mrdkck,Diamond 1,49,75,,148,126
660,summoner-4525010,661,PrepectiveS,Diamond 1,48,81,,107,80
661,summoner-18391218,662,eksdeee,Diamond 1,48,100,,76,42
662,summoner-11040464,663,Râvnn,Diamond 1,48,82,,34,18
663,summoner-13401318,664,PROJECT MINIGUN,Diamond 1,47,107,,240,192
664,summoner-1493352,665,Dantę,Diamond 1,47,79,,196,188
665,summoner-18637599,666,L O S T MY ARMS,Diamond 1,47,44,,98,59
666,summoner-1234588,667,larssssssssssss,Diamond 1,46,98,,345,319
667,summoner-3029103,668,Forboun,Diamond 1,46,99,,317,256
668,summoner-9914295,669,Ducé,Diamond 1,46,62,,163,100
669,summoner-3605770,670,ßäæ,Diamond 1,46,87,,160,123
670,summoner-470397,671,Archelaus,Diamond 1,46,50,,73,51
671,summoner-382977,672,Apathylex,Diamond 1,45,97,,199,173
672,summoner-406020,673,AGC chaoScream,Diamond 1,45,64,,116,96
673,summoner-5642807,674,flîp,Diamond 1,45,65,,99,76
674,summoner-3971906,675,Foremen,Diamond 1,44,85,,226,201
675,summoner-8351722,676,Mercury s QUEEN,Diamond 1,44,134,,214,202
676,summoner-20334201,677,küs müyüz tanrım,Diamond 1,44,46,,111,74
677,summoner-2439558,678,4789120,Diamond 1,44,51,,98,82
678,summoner-458427,679,YC Evenstar,Diamond 1,43,71,,206,198
679,summoner-14165574,680,ouy evol i,Diamond 1,43,81,,114,95
680,summoner-11836907,681,Vişşâ,Diamond 1,43,45,,98,70
681,summoner-5639662,682,Dürüm Seven Lee,Diamond 1,42,64,,166,105
682,summoner-862356,683,murphy ad,Diamond 1,42,67,,67,51
683,summoner-4102343,684,MELÎSÂ,Diamond 1,41,99,,415,366
684,summoner-18613647,685,Clearance IV,Diamond 1,41,70,,229,175
685,summoner-18720148,686,m1dking,Diamond 1,41,39,,53,49
686,summoner-17112347,687,Yunster,Diamond 1,40,134,,529,497
687,summoner-14152681,688,ScâlFT,Diamond 1,40,106,,483,391
688,summoner-17090598,689,egirls stay away,Diamond 1,40,138,,355,350
689,summoner-2010757,690,Inspectum,Diamond 1,40,85,,235,226
690,summoner-6963600,691,noob184,Diamond 1,40,66,,210,213
691,summoner-3111029,692,ToXiC MaMİNuR,Diamond 1,40,44,,65,41
692,summoner-356972,693,FlamingFist,Diamond 1,40,65,,59,50
693,summoner-17405340,694,DJ0JucK,Diamond 1,40,61,,57,33
694,summoner-11024432,695,GHTR ilkerbey,Diamond 1,39,138,,302,279
695,summoner-2650572,696,L3gionnaire,Diamond 1,37,95,,478,423
696,summoner-5972091,697,Tyler Durden,Diamond 1,37,75,,138,110
697,summoner-2818880,698,CUIN Nocturnalcr,Diamond 1,37,70,,109,90
698,summoner-531199,699,NJ Fletcher,Diamond 1,36,84,,334,328
699,summoner-16144626,700,Apâthex,Diamond 1,36,67,,183,170
700,summoner-5217681,701,Milk N Chocolate,Diamond 1,36,59,,137,89
701,summoner-11602795,702,Husnu Good Kid,Diamond 1,36,143,,104,92
702,summoner-4886695,703,FB bukettyy,Diamond 1,36,146,,37,26
703,summoner-13512311,704,Smilesmirk,Diamond 1,35,114,,485,452
704,summoner-6910700,705,TorbacıÇağatay,Diamond 1,35,86,,327,318
705,summoner-11935264,706,majisyen,Diamond 1,35,141,,223,201
706,summoner-493281,707,Snowy,Diamond 1,35,62,,180,152
707,summoner-20261963,708,Lârcy v2,Diamond 1,35,54,,171,119
708,summoner-340450,709,YESYOHAYNES,Diamond 1,35,53,,134,79
709,summoner-186970,710,Tâo,Diamond 1,35,146,,130,96
710,summoner-2851536,711,NC Eros,Diamond 1,35,69,,128,66
711,summoner-18772316,712,Yuiko,Diamond 1,35,47,,117,81
712,summoner-1481337,713,Ariês,Diamond 1,35,98,,98,71
713,summoner-20000124,714,ZXCnM,Diamond 1,34,85,,366,324
714,summoner-3073143,715,Abanke,Diamond 1,34,81,,293,221
715,summoner-18394924,716,EuChallengerMid,Diamond 1,34,92,,186,164
716,summoner-11112001,717,sidewinder9X,Diamond 1,34,137,,184,165
717,summoner-2040469,718,ALEYNA TİLKİ74,Diamond 1,34,72,,154,142
718,summoner-17331606,719,Mithrainn,Diamond 1,34,70,,131,113
719,summoner-5606336,720,Thé Flash,Diamond 1,33,120,,398,366
720,summoner-3880246,721,DOLMA XDXDXDXD,Diamond 1,33,94,,344,336
721,summoner-19474232,722,VêngânzâVEVO,Diamond 1,33,77,,311,255
722,summoner-2050555,723,WeedMan,Diamond 1,33,129,,281,267
723,summoner-2438718,724,Countless QQ,Diamond 1,33,94,,82,61
724,summoner-4891521,725,Løss,Diamond 1,32,96,,237,213
725,summoner-3525262,726,KerrraK,Diamond 1,32,99,,202,181
726,summoner-754532,727,Vestâ,Diamond 1,32,66,,155,99
727,summoner-4430322,728,Kenar Gülü,Diamond 1,32,65,,137,128
728,summoner-19381478,729,Smurf 1v9,Diamond 1,32,68,,135,98
729,summoner-8350586,730,Mutant GP,Diamond 1,31,93,,316,333
730,summoner-310388,731,t0x1c m1dl4n3r,Diamond 1,31,68,,173,151
731,summoner-5944394,732,Magpio,Diamond 1,31,99,,133,116
732,summoner-11696767,733,Leprous,Diamond 1,31,81,,81,69
733,summoner-2600808,734,Streptopelia,Diamond 1,31,72,,80,67
734,summoner-2335098,735,Yuuki Asuna,Diamond 1,31,89,,76,67
735,summoner-17647204,736,Bronzwind,Diamond 1,31,35,,35,15
736,summoner-253273,737,The Doctor,Diamond 1,30,99,,131,121
737,summoner-376644,738,Ready KiLLeR,Diamond 1,29,114,,441,417
738,summoner-3382197,739,Hust,Diamond 1,29,47,,98,47
739,summoner-7726616,740,Ygrittez,Diamond 1,29,68,,76,57
740,summoner-1090314,741,Zetsü,Diamond 1,28,118,,226,204
741,summoner-12145936,742,Maviˆ,Diamond 1,28,73,,196,169
742,summoner-861221,743,Jiminˆ,Diamond 1,28,58,,89,47
743,summoner-16142790,744,Auto Dodge,Diamond 1,27,75,,146,120
744,summoner-11833732,745,since my birth,Diamond 1,27,77,,141,136
745,summoner-1481894,746,TESISATÇI,Diamond 1,27,70,,120,104
746,summoner-4503798,747,Glxy,Diamond 1,27,43,,77,40
747,summoner-2261423,748,Tuxedo Mâsk,Diamond 1,26,104,,225,200
748,summoner-2515412,749,Y U G,Diamond 1,26,85,,216,180
749,summoner-4307693,750,Aspahh,Diamond 1,26,79,,148,134
750,summoner-11029575,751,Bukrek Sangal,Diamond 1,26,51,,147,110
751,summoner-189977,752,ELV Sanco Panco,Diamond 1,26,64,,138,105
752,summoner-1700524,753,OBˇ,Diamond 1,26,57,,87,78
753,summoner-10215010,754,Let me SAVE  you,Diamond 1,25,124,,376,358
754,summoner-871729,755,Mordorlu necati,Diamond 1,25,84,,224,210
755,summoner-2310214,756,qezex,Diamond 1,25,58,,156,93
756,summoner-5531198,757,KissNxxKite,Diamond 1,25,52,,104,77
757,summoner-18940130,758,Not Cognac,Diamond 1,25,43,,82,71
758,summoner-3683721,759,Bolthorn,Diamond 1,25,65,,69,55
759,summoner-2373437,760,PUlI the trigger,Diamond 1,24,217,,674,648
760,summoner-2592870,761,Rukkimaru1,Diamond 1,24,61,,156,122
761,summoner-2458436,762,Hozeri,Diamond 1,24,70,,82,72
762,summoner-441238,763,Mavisins XII,Diamond 1,24,72,,67,48
763,summoner-2440740,764,Sinek,Diamond 1,24,101,,51,35
764,summoner-4519500,765,the Châin Warden,Diamond 1,23,163,,560,522
765,summoner-2832076,766,I feel Them,Diamond 1,23,74,,221,185
766,summoner-468073,767,Daddy,Diamond 1,23,109,,112,92
767,summoner-4601723,768,Demirel,Diamond 1,22,156,,502,488
768,summoner-18361013,769,TK Arrow,Diamond 1,22,92,,320,301
769,summoner-2691584,770,Chakieee,Diamond 1,22,72,,157,139
770,summoner-2605057,771,Street Jesus,Diamond 1,22,85,,112,97
771,summoner-17114961,772,ŁŁŁŁŁŁŁŁŁŁŁŁŁ,Diamond 1,22,48,,94,34
772,summoner-9210868,773,ský,Diamond 1,22,40,,70,31
773,summoner-1401923,774,eViLGenius 1v9,Diamond 1,22,93,,48,28
774,summoner-1196516,775,Evellie,Diamond 1,21,139,,428,411
775,summoner-3887934,776,Kadir,Diamond 1,21,91,,232,157
776,summoner-7255544,777,xaná,Diamond 1,21,109,,175,128
777,summoner-18888129,778,Deyjey,Diamond 1,21,50,,156,77
778,summoner-650149,779,DEMØN,Diamond 1,21,75,,131,110
779,summoner-12700592,780,KaTiLMaYmUnx11x,Diamond 1,21,91,,96,59
780,summoner-4613557,781,Vitâlliøn,Diamond 1,21,87,,48,28
781,summoner-6591689,782,xRumble,Diamond 1,20,94,,233,152
782,summoner-1453077,783,Surely One Day,Diamond 1,20,101,,182,158
783,summoner-6514728,784,Hz ZaZa,Diamond 1,20,61,,170,123
784,summoner-11220657,785,REMOVE KEBAP,Diamond 1,20,48,,148,83
785,summoner-18531042,786,alimØn,Diamond 1,20,64,,74,39
786,summoner-1721986,787,SpectacularJanna,Diamond 1,19,142,,273,266
787,summoner-1132074,788,FROŚTWOLFF,Diamond 1,19,84,,243,228
788,summoner-863625,789,kazanamıyorum,Diamond 1,19,88,,218,188
789,summoner-467418,790,PSYÐUCK,Diamond 1,19,72,,171,162
790,summoner-3000884,791,DP Arthas,Diamond 1,19,60,,142,123
791,summoner-4885640,792,kralkara26,Diamond 1,19,71,,110,81
792,summoner-9741956,793,Elohell SHEPHERD,Diamond 1,18,85,,287,268
793,summoner-11030862,794,IST SeFeRi,Diamond 1,18,88,,243,195
794,summoner-15332617,795,Wandering Poro,Diamond 1,18,101,,114,81
795,summoner-13300704,796,Carâdhras,Diamond 1,18,57,,67,53
796,summoner-3621513,797,SHARTLOKS,Diamond 1,17,111,,378,366
797,summoner-7462859,798,Mchurry215,Diamond 1,17,93,,286,263
798,summoner-11603277,799,Abiodun Moana v2,Diamond 1,17,83,,262,255
799,summoner-12771118,800,DPE Piazza,Diamond 1,17,81,,235,145
800,summoner-8192688,801,Sâw,Diamond 1,17,91,,213,186
801,summoner-3817530,802,Apameia,Diamond 1,17,95,,202,184
802,summoner-4741229,803,AD3458,Diamond 1,17,92,,159,140
803,summoner-2380697,804,Kerpeten İsmail,Diamond 1,17,92,,140,122
804,summoner-6593468,805,TaRZaNCaN06,Diamond 1,17,76,,135,119
805,summoner-872840,806,Loss,Diamond 1,17,80,,131,118
806,summoner-5320424,807,Mid Lâne,Diamond 1,17,81,,96,83
807,summoner-9231920,808,EX Pablito,Diamond 1,17,72,,96,82
808,summoner-4224598,809,KUDRET,Diamond 1,17,71,,87,62
809,summoner-2453819,810,Sunsèt,Diamond 1,17,86,,67,56
810,summoner-16262628,811,Chrescus,Diamond 1,16,102,,247,191
811,summoner-12054166,812,SUPPORT KAI SA,Diamond 1,16,64,,221,193
812,summoner-5260429,813,Shínya,Diamond 1,16,125,,209,197
813,summoner-16153737,814,Acedy Penia,Diamond 1,16,81,,171,114
814,summoner-3425039,815,TY SnowGlobe,Diamond 1,16,95,,151,131
815,summoner-5530520,816,Parêzer,Diamond 1,16,70,,120,83
816,summoner-286450,817,Son Gokû,Diamond 1,16,73,,118,98
817,summoner-2981286,818,WOD Jane,Diamond 1,16,66,,75,60
818,summoner-4144039,819,My love Shínya,Diamond 1,15,115,,209,198
819,summoner-6141429,820,Cholo,Diamond 1,15,104,,206,190
820,summoner-10295580,821,Shawi Katami,Diamond 1,15,67,,202,181
821,summoner-4245097,822,Sêrpent,Diamond 1,15,87,,168,138
822,summoner-1227247,823,Toästy,Diamond 1,15,120,,138,125
823,summoner-5944180,824,Edwyn Stark,Diamond 1,15,125,,127,99
824,summoner-752104,825,Tylle,Diamond 1,15,64,,93,72
825,summoner-12984979,826,Vlad is God,Diamond 1,15,118,,71,62
826,summoner-7364829,827,1NT K1NG LOX1A5,Diamond 1,14,74,,214,201
827,summoner-4154532,828,lLevisl,Diamond 1,14,98,,159,137
828,summoner-10113900,829,force1327,Diamond 1,14,48,,157,106
829,summoner-17082142,830,d â n t é,Diamond 1,14,105,,95,65
830,summoner-14012418,831,Hı Im Beawulf,Diamond 1,14,77,,94,83
831,summoner-2461687,832,Bâkteriyofak,Diamond 1,14,55,,83,68
832,summoner-357826,833,DeltaXI,Diamond 1,14,83,,58,36
833,summoner-207619,834,Akamê,Diamond 1,13,89,,285,197
834,summoner-3028623,835,BARIS,Diamond 1,13,77,,243,232
835,summoner-3614538,836,KELEŞ,Diamond 1,13,82,,196,175
836,summoner-8060180,837,Jng King,Diamond 1,13,73,,144,135
837,summoner-4763710,838,Schzofreniâ,Diamond 1,13,66,,53,28
838,summoner-3288539,839,MassiveStrake,Diamond 1,12,94,,119,99
839,summoner-6202389,840,I am Davy Jones,Diamond 1,12,138,,103,94
840,summoner-2375215,841,The Best KhaZix,Diamond 1,12,150,,57,53
841,summoner-4682232,842,zxcqwejkl,Diamond 1,11,94,,293,281
842,summoner-4240527,843,NightLight3,Diamond 1,10,94,,319,269
843,summoner-1531167,844,Sullâgârtsâ,Diamond 1,10,76,,137,119
844,summoner-467454,845,Begümm,Diamond 1,10,87,,127,108
845,summoner-18383312,846,Veantur,Diamond 1,10,67,,123,102
846,summoner-3304491,847,Ez For EZur,Diamond 1,9,83,,304,282
847,summoner-4574666,848,Xeptul,Diamond 1,9,128,,221,197
848,summoner-18192463,849,Ethereal,Diamond 1,9,68,,171,157
849,summoner-1691094,850,im nøt turkish,Diamond 1,9,73,,142,130
850,summoner-9547765,851,Turadh,Diamond 1,8,147,,230,216
851,summoner-2673138,852,Agnus,Diamond 1,8,94,,185,179
852,summoner-6662207,853,Xérxes,Diamond 1,8,79,,58,49
853,summoner-204235,854,ELV Hoseok,Diamond 1,7,86,,148,127
854,summoner-19441379,855,Kèin,Diamond 1,7,52,,113,90
855,summoner-20305483,856,lMUSEl,Diamond 1,7,37,,48,12
856,summoner-6224182,857,Suckorth,Diamond 1,6,90,,184,162
857,summoner-9303150,858,MagicaL Fairy,Diamond 1,6,98,,120,81
858,summoner-7067518,859,Ąeron,Diamond 1,6,127,,97,82
859,summoner-5228834,860,pâin pâin drugs,Diamond 1,5,100,,241,200
860,summoner-226263,861,Ransey E,Diamond 1,5,79,,166,146
861,summoner-409127,862,S04 Vizicsacsi,Diamond 1,5,94,,120,90
862,summoner-3540327,863,bestboutmachine,Diamond 1,5,73,,109,92
863,summoner-1972711,864,HellSenTRy,Diamond 1,4,90,,318,283
864,summoner-3278521,865,Benfatto,Diamond 1,4,104,,192,205
865,summoner-15302712,866,OHA BU DEMIÇ NE,Diamond 1,4,41,,70,46
866,summoner-14251722,867,GaRF3LD7,Diamond 1,3,65,,244,200
867,summoner-6917516,868,Hunting Expert,Diamond 1,3,133,,196,182
868,summoner-3907643,869,P E R S  T w o,Diamond 1,3,73,,116,96
869,summoner-2791357,870,hi im yuuki,Diamond 1,3,63,,93,69
870,summoner-6641515,871,ICoolSanch3zs,Diamond 1,3,48,,69,58
871,summoner-1237449,872,Pêra,Diamond 1,2,69,,65,53
872,summoner-458791,873,Keible,Diamond 1,1,119,,407,368
873,summoner-711917,874,Think Again,Diamond 1,0,148,,509,474
874,summoner-4876441,875,SNG Fraid,Diamond 1,0,129,,431,415
875,summoner-8203161,876,rtysdfxcv,Diamond 1,0,149,,399,389
876,summoner-3353353,877,SIRTIM AĞRIYOR,Diamond 1,0,114,,396,314
877,summoner-4604556,878,MARAŞ,Diamond 1,0,123,,357,352
878,summoner-5385716,879,TTTV THRÉSH,Diamond 1,0,127,,356,336
879,summoner-16510985,880,Ghetto v2,Diamond 1,0,115,,332,327
880,summoner-14660303,881,Teamfighting,Diamond 1,0,99,,327,292
881,summoner-744030,882,yoda good kid,Diamond 1,0,95,,295,275
882,summoner-7860397,883,ToKSiN004,Diamond 1,0,111,,289,242
883,summoner-4623894,884,emre the az,Diamond 1,0,96,,286,284
884,summoner-11931176,885,Delaney,Diamond 1,0,77,,286,251
885,summoner-3015498,886,Mìrela,Diamond 1,0,93,,267,204
886,summoner-10673810,887,TrueAlpha Rengar,Diamond 1,0,138,,263,236
887,summoner-880304,888,Ekol,Diamond 1,0,70,,262,245
888,summoner-18141833,889,Twïtch,Diamond 1,0,115,,261,240
889,summoner-3288798,890,Kordüks,Diamond 1,0,86,,258,240
890,summoner-4067011,891,Yenel,Diamond 1,0,94,,242,177
891,summoner-6222402,892,Ańy,Diamond 1,0,84,,234,172
892,summoner-1386389,893,Pandee,Diamond 1,0,80,,229,214
893,summoner-13004496,894,Merïç,Diamond 1,0,84,,224,210
894,summoner-19172290,895,VARTOLU YAMAÇ,Diamond 1,0,99,,220,175
895,summoner-873650,896,SEÇKÎN,Diamond 1,0,117,,219,192
896,summoner-2011189,897,Diş Perisi,Diamond 1,0,91,,218,198
897,summoner-17293025,898,Sahkizar,Diamond 1,0,63,,216,188
898,summoner-3866254,899,Grapy,Diamond 1,0,103,,214,200
899,summoner-13651477,900,Schiko,Diamond 1,0,104,,211,199
900,summoner-8853791,901,Hey Hey My My,Diamond 1,0,103,,210,194
901,summoner-2971897,902,Toad,Diamond 1,0,85,,206,195
902,summoner-14530236,903,Bestt Vâyne,Diamond 1,0,104,,204,188
903,summoner-1041034,904,SONDAJCI MUSTAFA,Diamond 1,0,113,,201,179
904,summoner-4430662,905,Farzı Misal 06,Diamond 1,0,64,,200,183
905,summoner-9646555,906,T OnMyOwn,Diamond 1,0,95,,198,187
906,summoner-19602558,907,sSTUFFEDs,Diamond 1,0,56,,197,147
907,summoner-6203599,908,Sawsen,Diamond 1,0,109,,194,181
908,summoner-3928417,909,SarkonSX,Diamond 1,0,97,,193,169
909,summoner-2663373,910,Sad Rick,Diamond 1,0,94,,190,173
910,summoner-13521547,911,GelBacanaK,Diamond 1,0,63,,189,169
911,summoner-15281408,912,Xþęąw,Diamond 1,0,105,,189,157
912,summoner-4734027,913,hydrogeddon,Diamond 1,0,97,,182,135
913,summoner-3406735,914,FNC Lukâ1,Diamond 1,0,104,,167,140
914,summoner-16222589,915,Stranmon,Diamond 1,0,61,,165,146
915,summoner-10112879,916,DARBECİ BATU,Diamond 1,0,92,,164,158
916,summoner-5971530,917,BITTIBUIS,Diamond 1,0,104,,164,149
917,summoner-6215117,918,VEFA Boosted,Diamond 1,0,84,,160,150
918,summoner-1216929,919,Ap Wycihno,Diamond 1,0,92,,160,134
919,summoner-3133662,920,Shzaki,Diamond 1,0,94,,159,110
920,summoner-2460109,921,Nigguh,Diamond 1,0,49,,154,104
921,summoner-246495,922,Emumph,Diamond 1,0,78,,150,98
922,summoner-5340364,923,Falkenayn,Diamond 1,0,95,,148,138
923,summoner-4757873,924,Liâden,Diamond 1,0,124,,147,133
924,summoner-3124058,925,TFC Øx,Diamond 1,0,123,,144,125
925,summoner-1063426,926,I   6 6 6   I,Diamond 1,0,67,,142,123
926,summoner-2463413,927,M4RBL3,Diamond 1,0,53,,140,124
927,summoner-230147,928,Not My Problem,Diamond 1,0,66,,139,125
928,summoner-2677895,929,vivien x,Diamond 1,0,103,,138,119
929,summoner-2084172,930,FQRZA,Diamond 1,0,71,,138,119
930,summoner-2251506,931,emre53tr,Diamond 1,0,75,,137,124
931,summoner-7811819,932,Godless Is Back,Diamond 1,0,52,,133,116
932,summoner-2553470,933,Hyprus,Diamond 1,0,76,,132,127
933,summoner-6245562,934,Câxee,Diamond 1,0,65,,130,116
934,summoner-4865152,935,Zetsu,Diamond 1,0,58,,130,91
935,summoner-2677658,936,Banu Âlkan,Diamond 1,0,82,,126,109
936,summoner-19580140,937,Köle Belinda,Diamond 1,0,65,,125,90
937,summoner-3894705,938,HAHAHAHA XD,Diamond 1,0,78,,124,100
938,summoner-500719,939,Theatreon,Diamond 1,0,108,,123,105
939,summoner-12716599,940,Kite,Diamond 1,0,119,,120,96
940,summoner-6921713,941,Créps,Diamond 1,0,134,,116,100
941,summoner-6342009,942,AGLIYORUM,Diamond 1,0,77,,116,96
942,summoner-7478740,943,CUIN Saiph,Diamond 1,0,73,,110,88
943,summoner-2300412,944,ja Farˆ,Diamond 1,0,74,,109,101
944,summoner-18906809,945,ban atmayın ltfn,Diamond 1,0,45,,108,60
945,summoner-2690760,946,MatmazeaL,Diamond 1,0,119,,107,95
946,summoner-10012782,947,Anarsit,Diamond 1,0,72,,107,92
947,summoner-3852605,948,Liv 0 8 BJK,Diamond 1,0,98,,105,78
948,summoner-289914,949,Dirty Mind,Diamond 1,0,80,,100,91
949,summoner-2963692,950,Zoombiee,Diamond 1,0,71,,97,77
950,summoner-3073108,951,ANGRY Daddy,Diamond 1,0,103,,96,88
951,summoner-197776,952,bermessi,Diamond 1,0,69,,93,76
952,summoner-744673,953,chloé,Diamond 1,0,102,,88,62
953,summoner-4493692,954,lCrush3Rl,Diamond 1,0,47,,88,31
954,summoner-2447266,955,ØØØØØØØØØØØØØ,Diamond 1,0,60,,86,66
955,summoner-17521927,956,Its Shazam,Diamond 1,0,95,,86,63
956,summoner-1481072,957,ZEYNEPE AŞIĞIM,Diamond 1,0,63,,85,66
957,summoner-13650433,958,Sublime Katarina,Diamond 1,0,49,,83,65
958,summoner-3406834,959,Rickson,Diamond 1,0,100,,83,62
959,summoner-6508501,960,Boffie,Diamond 1,0,140,,81,66
960,summoner-2522037,961,nilin kölesiyim,Diamond 1,0,118,,79,64
961,summoner-20312975,962,Gertha,Diamond 1,0,39,,76,39
962,summoner-5944410,963,Celep Riven,Diamond 1,0,72,,70,57
963,summoner-4046154,964,Pónx,Diamond 1,0,142,,67,56
964,summoner-13099421,965,ShadowOfD4rknesS,Diamond 1,0,89,,67,47
965,summoner-11410937,966,Jager Zeuss,Diamond 1,0,47,,67,42
966,summoner-511626,967,cRuger02,Diamond 1,0,42,,66,34
967,summoner-412377,968,Vranjes,Diamond 1,0,150,,61,42
968,summoner-11282247,969,DENİZE AŞIĞIM,Diamond 1,0,42,,57,31
969,summoner-19395554,970,liam,Diamond 1,0,42,,52,14
970,summoner-347560,971,Ranger,Diamond 1,0,151,,46,22
971,summoner-20334216,972,RW Webby,Diamond 1,0,37,,46,38
972,summoner-13173226,973,JosephineSkriver,Diamond 1,0,39,,42,25
973,summoner-6927758,974,GAREN OYNAYAN,Diamond 2,100,95,,464,411
974,summoner-465961,975,midlaneterror,Diamond 2,100,141,,462,444
975,summoner-742044,976,Legron,Diamond 2,100,92,,390,319
976,summoner-2684493,977,BYB Hiwatari Kai,Diamond 2,100,112,,306,296
977,summoner-3410200,978,Spêcial Forces,Diamond 2,100,88,,242,196
978,summoner-7364162,979,Yomigae,Diamond 2,100,113,,218,184
979,summoner-1453855,980,Tears For Fears,Diamond 2,100,129,,197,179
980,summoner-199031,981,Mainim yok,Diamond 2,100,89,,187,153
981,summoner-261332,982,GeneTX,Diamond 2,100,73,,171,148
982,summoner-3132428,983,Hi im Kraker,Diamond 2,100,65,,159,144
983,summoner-3523155,984,HoneyBug,Diamond 2,100,73,,155,137
984,summoner-3930010,985,Brokén Jungle,Diamond 2,100,85,,137,97
985,summoner-6950946,986,NOT REAL DEFT,Diamond 2,100,82,,104,95
986,summoner-14304212,987,Midnight Black,Diamond 2,100,47,,81,44
987,summoner-9665300,988,KOD ADI KATARÎNA,Diamond 2,98,87,,194,167
988,summoner-9521564,989,FNC Lukezy,Diamond 2,98,86,,159,128
989,summoner-287258,990,ALLAH YOLUNDAA,Diamond 2,98,78,,109,91
990,summoner-794577,991,Know,Diamond 2,97,74,,141,116
991,summoner-18643793,992,POR Pétrichor,Diamond 2,97,37,,63,23
992,summoner-7718787,993,Rholin,Diamond 2,96,100,,426,392
993,summoner-1510204,994,Morgl,Diamond 2,96,88,,204,191
994,summoner-9976158,995,F0RTE,Diamond 2,94,79,,228,217
995,summoner-18031285,996,Vukuatlı v1,Diamond 2,94,48,,121,77
996,summoner-8301136,997,slm sv olakmı,Diamond 2,93,153,,610,600
997,summoner-5871200,998,RentâllionN,Diamond 2,93,108,,292,280
998,summoner-371777,999,Gwynbleıdd,Diamond 2,93,127,,279,255
999,summoner-10584639,1000,QMali,Diamond 2,93,111,,275,244
