#timestamp 1530241218416
#date 2018-06-29T03:00:18+00:00
#players 1000
#index,id,rank,name,tier,lp,level,proTeam,win,loss
0,summoner-14010487,1,たこ焼きぼーい,Challenger,1055,56,,160,83
1,summoner-9030192,2,Sao Yuuki Konno,Challenger,1002,130,,155,126
2,summoner-13420191,3,希チャン,Challenger,984,108,,152,96
3,summoner-6171199,4,ThintoN,Challenger,980,116,,330,292
4,summoner-6183608,5,むんなたん,Challenger,897,103,,161,121
5,summoner-6181882,6,Hlde on bush,Challenger,864,72,,181,139
6,summoner-6162856,7,stridershen,Challenger,880,103,,347,314
7,summoner-6617806,8,いぬだお,Challenger,825,143,,213,153
8,summoner-6920293,9,SKT T1 Fakeru,Challenger,769,86,,155,85
9,summoner-6225446,10,CarterV15,Challenger,762,92,,326,303
10,summoner-6168586,11,wswgou,Challenger,760,99,,533,474
11,summoner-13280127,12,Diviv,Challenger,735,49,,110,70
12,summoner-6312300,13,Roki,Challenger,732,64,,148,117
13,summoner-6315148,14,ましょだお,Challenger,730,108,,218,180
14,summoner-6185542,15,エビルリフト,Challenger,726,51,,83,53
15,summoner-6183732,16,pveman,Challenger,718,93,,168,147
16,summoner-13520233,17,A Kat,Challenger,644,73,,167,141
17,summoner-14060127,18,YutoriGaeng,Challenger,604,47,,133,87
18,summoner-6162717,19,Alchemyst,Challenger,593,127,,153,115
19,summoner-9290195,20,PCG PhantomDeath,Challenger,562,98,,203,164
20,summoner-6305622,21,cat plz,Challenger,531,58,,180,141
21,summoner-13122298,22,ミルクリスピー,Challenger,531,49,,113,71
22,summoner-6341081,23,Cwn,Challenger,529,167,,146,119
23,summoner-6181586,24,tatsro,Challenger,506,400,,627,603
24,summoner-12181052,25,HEOES,Challenger,510,141,,178,158
25,summoner-6471274,26,yorooozu,Challenger,509,47,,97,83
26,summoner-7651004,27,VX 862097141,Challenger,504,91,,195,158
27,summoner-7520625,28,Twisted寺田心,Challenger,498,65,,136,100
28,summoner-6290144,29,スケット,Challenger,492,86,,271,241
29,summoner-6161010,30,TopXiaochen,Challenger,489,79,,124,109
30,summoner-9212051,31,1998k,Challenger,484,148,,415,395
31,summoner-6162602,32,아이유,Challenger,468,94,,283,252
32,summoner-6188389,33,meru meraka,Challenger,468,86,,189,162
33,summoner-6170784,34,TOXIC JUNGLE,Challenger,467,59,,87,72
34,summoner-6189589,35,Ametuyu,Challenger,466,120,,118,104
35,summoner-11660523,36,カレンちゃん,Challenger,465,126,,221,190
36,summoner-6165391,37,吉ｘ岡,Challenger,463,118,,213,193
37,summoner-6174953,38,運げーｗ,Challenger,457,98,,191,171
38,summoner-6295623,39,ecaA,Challenger,453,109,,149,136
39,summoner-11630173,40,Quickdravv,Challenger,444,139,,157,145
40,summoner-6171027,41,Melus,Challenger,456,64,,192,177
41,summoner-6182974,42,あきひさ,Challenger,434,79,,178,162
42,summoner-6171527,43,Yorushika,Challenger,434,146,,166,138
43,summoner-14060158,44,QQQQQQQQQQQQQQQ,Challenger,433,75,,109,84
44,summoner-12290163,45,Iny Monologuey,Challenger,432,92,,86,65
45,summoner-6187061,46,GaengMoyashi,Challenger,420,66,,158,120
46,summoner-6167327,47,雄 飛,Challenger,402,121,,153,134
47,summoner-6734378,48,Momoモモ,Challenger,393,47,,110,92
48,summoner-7301005,49,Neetkids,Challenger,388,183,,434,415
49,summoner-7281138,50,yume,Challenger,386,138,,190,155
50,summoner-8860668,51,黒バブ,Challenger,382,59,,149,131
51,summoner-13260704,52,WanderingPro,Challenger,372,82,,212,166
52,summoner-6320643,53,GraceEye,Challenger,368,91,,258,244
53,summoner-7120713,54,機動戦士ガべダム,Challenger,357,68,,120,111
54,summoner-14150604,55,木子希,Challenger,357,64,,82,40
55,summoner-6365652,56,shacosu,Challenger,356,72,,191,161
56,summoner-6181591,57,Po1yp,Challenger,356,107,,191,164
57,summoner-6181527,58,ふぁんろん,Challenger,349,75,,219,195
58,summoner-9120163,59,Pajeon so good,Challenger,338,57,,99,65
59,summoner-9740283,60,Zed or Ded,Challenger,327,67,,173,158
60,summoner-6680506,61,yuuwo god,Challenger,327,74,,130,103
61,summoner-6305817,62,KissOnlyOneLady,Challenger,322,97,,323,316
62,summoner-8910191,63,matosan21,Challenger,322,66,,98,70
63,summoner-6691911,64,yüki,Challenger,316,74,,264,243
64,summoner-6632946,65,じゅん,Challenger,303,112,,116,107
65,summoner-6172367,66,find me,Challenger,302,90,,364,357
66,summoner-6167512,67,rainadazo,Challenger,301,83,,104,82
67,summoner-13680130,68,Not Taka,Challenger,299,60,,141,116
68,summoner-6192635,69,Hanimaru,Challenger,296,76,,162,150
69,summoner-6291817,70,いぬが操作中,Challenger,272,116,,158,137
70,summoner-6310793,71,Her Sweet Boy,Challenger,272,58,,85,74
71,summoner-6181437,72,LetMing,Challenger,270,96,,165,153
72,summoner-8630207,73,sad little taka,Challenger,267,67,,171,159
73,summoner-6295790,74,隆Dq貢,Challenger,260,110,,132,120
74,summoner-9230807,75,EquiNox,Challenger,254,114,,202,172
75,summoner-6292386,76,マスタージョージ3,Challenger,248,80,,123,117
76,summoner-6460863,77,pihiro,Challenger,245,110,,168,165
77,summoner-6250574,78,Clover,Challenger,243,77,,168,162
78,summoner-6298948,79,buff Zephyr,Challenger,243,94,,166,156
79,summoner-6179611,80,大田ＪＡＰＡＮ,Challenger,241,130,,400,388
80,summoner-6449644,81,Pew,Challenger,237,112,,226,189
81,summoner-6172424,82,アホ蛙,Challenger,236,98,,197,191
82,summoner-6693927,83,Son of IgNar,Challenger,236,79,,154,141
83,summoner-12340710,84,Yuupo,Challenger,232,51,,121,73
84,summoner-6322522,85,Manimo,Challenger,225,92,,258,253
85,summoner-6309663,86,only CLANE,Challenger,224,45,,79,41
86,summoner-14070227,87,KZ DRAGONCARSΕX,Challenger,223,65,,251,206
87,summoner-8890333,88,あちゃももっ,Challenger,220,72,,147,142
88,summoner-6400437,89,れ ぼ,Challenger,220,45,,106,57
89,summoner-10170282,90,ヤスオ姫,Challenger,216,84,,294,263
90,summoner-6335850,91,七彩狐,Challenger,216,47,,66,41
91,summoner-6184800,92,Hero Mechanic,Challenger,214,78,,214,209
92,summoner-6189451,93,Arfoad,Challenger,230,96,,241,231
93,summoner-6183091,94,ぼ や ぁ,Challenger,208,104,,204,171
94,summoner-13850682,95,MagicgirlAnnie,Challenger,208,41,,75,38
95,summoner-6339619,96,やじう,Challenger,205,62,,149,136
96,summoner-6470919,97,Aоi,Challenger,186,128,,526,493
97,summoner-10921145,98,Fallen Ange1,Challenger,200,156,,513,506
98,summoner-6175403,99,Poros,Challenger,197,112,,230,227
99,summoner-6186070,100,Yxxl,Challenger,197,77,,164,163
100,summoner-6891191,101,竜騎士ガイア星7,Challenger,195,79,,205,162
101,summoner-6185077,102,rusaryka,Challenger,192,97,,146,140
102,summoner-6161825,103,りんヴェン,Challenger,192,90,,96,83
103,summoner-6177133,104,binlingual,Challenger,189,105,,178,140
104,summoner-6181492,105,Pulsar B1257 12A,Challenger,183,125,,312,313
105,summoner-6170952,106,Kaoru RabbyHouse,Challenger,181,116,,322,299
106,summoner-8690328,107,Blue baldness,Challenger,180,79,,297,282
107,summoner-12851356,108,make it,Challenger,179,103,,455,408
108,summoner-6176255,109,Ninja of Ninjas,Challenger,166,107,,387,384
109,summoner-9400627,110,BQB Hollis,Challenger,161,41,,41,25
110,summoner-6172000,111,ピンクビーン,Challenger,160,54,,151,136
111,summoner-7781117,112,霞ヶ丘 詩羽,Challenger,160,51,,100,81
112,summoner-6164660,113,BullchaN,Challenger,157,112,,139,136
113,summoner-6164909,114,更科にゃん丸,Challenger,152,72,,91,79
114,summoner-6160347,115,Sphày,Challenger,151,123,,162,138
115,summoner-6309437,116,Kinrow,Challenger,150,75,,92,71
116,summoner-6174703,117,reaI gankster,Challenger,168,98,,165,154
117,summoner-6314778,118,teraares,Challenger,147,103,,507,504
118,summoner-6712777,119,ULookSoCharming,Challenger,141,58,,158,155
119,summoner-6178280,120,西野 七瀬,Challenger,141,50,,99,75
120,summoner-6584337,121,R1cky,Challenger,136,163,,517,500
121,summoner-6432935,122,寒音真咲,Challenger,136,92,,232,236
122,summoner-6296785,123,すたこ,Challenger,131,107,,275,257
123,summoner-7161319,124,täka,Challenger,131,61,,172,134
124,summoner-6185975,125,XJR1200,Challenger,130,97,,149,142
125,summoner-8970997,126,Kreative,Challenger,129,80,,151,145
126,summoner-8900274,127,Good bye,Challenger,124,78,,203,169
127,summoner-6170012,128,Makinyan,Challenger,123,118,,277,265
128,summoner-6296070,129,cjik0aw2jqnm5uiq,Challenger,121,82,,132,114
129,summoner-6313173,130,Luches,Challenger,121,52,,79,59
130,summoner-6293194,131,あんでぃ,Challenger,120,102,,157,158
131,summoner-13240741,132,代行2,Challenger,117,43,,83,54
132,summoner-6334278,133,Jungle or dodge,Challenger,109,45,,108,75
133,summoner-11730304,134,金テユン,Challenger,107,93,,359,344
134,summoner-9830341,135,我がままの子,Challenger,106,107,,265,251
135,summoner-6163447,136,o ˆ ω ˆ o,Challenger,103,164,,322,299
136,summoner-6178301,137,友達いない,Challenger,102,47,,96,55
137,summoner-6172110,138,hail and thunder,Challenger,97,71,,163,155
138,summoner-7231033,139,RooRst,Challenger,96,119,,253,244
139,summoner-6298267,140,ふじもと,Challenger,92,125,,205,211
140,summoner-6347695,141,strider hiryu,Challenger,90,113,,354,332
141,summoner-6180267,142,まじめです,Challenger,88,47,,85,73
142,summoner-6290656,143,Pontaloid,Challenger,80,54,,95,83
143,summoner-6591850,144,HikikomoriSupp,Challenger,79,54,,179,160
144,summoner-6177526,145,Disney Sea,Challenger,79,56,,71,58
145,summoner-6161059,146,gottui,Challenger,78,82,,210,189
146,summoner-6180335,147,deusdamandioca,Challenger,77,94,,212,210
147,summoner-10730180,148,一番弟子,Challenger,75,81,,286,257
148,summoner-6310287,149,i have ten JB,Challenger,75,86,,143,134
149,summoner-6186097,150,Novita,Challenger,74,127,,255,247
150,summoner-13020818,151,桜の木の下の咲子,Challenger,73,42,,99,68
151,summoner-6700426,152,Josh,Challenger,72,169,,220,174
152,summoner-6190278,153,ねのぎだよ,Challenger,53,97,,217,213
153,summoner-6810221,154,Apocalys,Challenger,72,84,,174,177
154,summoner-9290228,155,Rinas3,Challenger,72,47,,101,78
155,summoner-6161879,156,笙歌醉夢間,Challenger,72,103,,83,73
156,summoner-6298473,157,7010,Challenger,70,114,,421,397
157,summoner-13450158,158,V3 ionz,Challenger,69,57,,122,78
158,summoner-6171261,159,えなめる,Challenger,68,107,,285,285
159,summoner-6182369,160,ソーマ,Challenger,67,98,,141,141
160,summoner-6335559,161,神速三段突き,Challenger,63,74,,166,160
161,summoner-6163964,162,MID DIE,Challenger,61,97,,131,119
162,summoner-6318472,163,炬燵猫,Challenger,57,118,,234,235
163,summoner-6167765,164,RushRush,Challenger,56,123,,386,368
164,summoner-6168756,165,ちぇすと,Challenger,54,112,,202,199
165,summoner-6180912,166,ポカスカジャン,Challenger,52,160,,221,205
166,summoner-6300172,167,tonarinotomato,Challenger,52,84,,178,142
167,summoner-6161191,168,SuddenImpact,Challenger,52,93,,150,146
168,summoner-6167876,169,德玛西亚 赵信,Challenger,50,87,,290,283
169,summoner-9581269,170,ぁｈｆｋぁんふぁ,Challenger,50,64,,245,203
170,summoner-6178156,171,スターアライズ,Challenger,26,74,,265,259
171,summoner-10600170,172,Tribute,Challenger,47,69,,225,209
172,summoner-14120904,173,ssrzzv,Challenger,47,49,,142,98
173,summoner-10330185,174,普通のサポート,Challenger,46,69,,140,137
174,summoner-6168193,175,はろーぱいせん,Challenger,39,119,,175,153
175,summoner-6294950,176,劣等生,Challenger,36,91,,190,187
176,summoner-6181253,177,まあたそ,Challenger,31,94,,159,150
177,summoner-6334109,178,ImberLord,Challenger,30,88,,93,86
178,summoner-6342555,179,オタク,Challenger,27,132,,130,130
179,summoner-13590889,180,卍SPYGEA卍,Challenger,26,44,,136,81
180,summoner-6616296,181,わゎゎゎゎゎゎゎ,Challenger,25,159,,242,219
181,summoner-8291154,182,ˆºˆŠhadyˆºˆ,Challenger,24,129,,292,271
182,summoner-6694471,183,kimunyan,Challenger,19,51,,66,46
183,summoner-9810252,184,ai0c0,Challenger,17,157,,436,447
184,summoner-6179419,185,みんなつよいです,Challenger,17,102,,252,257
185,summoner-6174606,186,AimerLend,Challenger,15,63,,112,101
186,summoner-13081132,187,きりりん,Challenger,14,81,,233,218
187,summoner-6702724,188,androp,Challenger,13,109,,173,170
188,summoner-6346631,189,kamikazes,Challenger,9,130,,569,538
189,summoner-6175146,190,山嶺巨人郭敬明,Challenger,8,94,,235,227
190,summoner-6672888,191,コグマウ,Challenger,0,147,,674,683
191,summoner-12780571,192,RumbleMidGG,Challenger,0,101,,423,375
192,summoner-6690754,193,Pomchan,Challenger,0,73,,231,238
193,summoner-7970299,194,eji,Challenger,0,97,,220,215
194,summoner-12980291,195,EsportsMan,Challenger,0,62,,195,167
195,summoner-6160488,196,かずーた,Challenger,0,89,,192,201
196,summoner-6348796,197,MERRYJANEe,Challenger,0,88,,152,130
197,summoner-6161600,198,MERODY XD,Challenger,0,150,,144,128
198,summoner-13082345,199,あいのり,Challenger,0,69,,94,78
199,summoner-6781283,200,Big Dikが大好き,Challenger,0,74,,92,81
200,summoner-6162796,201,Harunika,Master,51,56,,97,86
201,summoner-8760270,202,大きな古時計,Master,24,58,,62,33
202,summoner-6179943,203,SWJ Sirotama,Master,0,191,,418,408
203,summoner-6490682,204,霞ヶ丘詩羽先輩,Master,0,118,,198,198
204,summoner-6301770,205,00A5BF,Master,0,115,,89,89
205,summoner-6348556,206,双海真美,Master,0,124,,84,53
206,summoner-7650619,207,金之助,Diamond 1,100,74,,149,126
207,summoner-6165439,208,Cellier,Diamond 1,100,66,,128,95
208,summoner-9280138,209,ナポの負けです,Diamond 1,100,64,,122,82
209,summoner-6167874,210,エトピリカ,Diamond 1,100,83,,93,70
210,summoner-6160480,211,いだゆうき,Diamond 1,100,117,,53,51
211,summoner-6172979,212,Abukun,Diamond 1,99,85,,51,39
212,summoner-7990200,213,GIRAFFE BLUES,Diamond 1,98,123,,94,73
213,summoner-12440529,214,XJ9,Diamond 1,98,42,,77,54
214,summoner-6178586,215,あまねくん,Diamond 1,96,97,,74,62
215,summoner-6323993,216,ぶるぶるブルーク,Diamond 1,95,57,,138,128
216,summoner-9640424,217,GoGoラスカル,Diamond 1,95,51,,66,56
217,summoner-6317430,218,山田健一,Diamond 1,94,95,,390,342
218,summoner-12640175,219,에이스,Diamond 1,94,49,,85,56
219,summoner-6184102,220,kazujyou,Diamond 1,94,54,,63,51
220,summoner-6306421,221,Te eT me,Diamond 1,92,66,,63,50
221,summoner-13300155,222,ELSSUT,Diamond 1,91,42,,60,38
222,summoner-8240246,223,KarenTia,Diamond 1,91,55,,47,31
223,summoner-6662039,224,Voss,Diamond 1,90,72,,222,199
224,summoner-6263116,225,メンヘラアカリ,Diamond 1,90,69,,178,134
225,summoner-6695082,226,kyu3,Diamond 1,90,64,,164,139
226,summoner-10630472,227,斉藤さんだぞおお,Diamond 1,90,65,,106,61
227,summoner-6460338,228,LJL LCK,Diamond 1,90,128,,79,31
228,summoner-6185511,229,爆買渡米人Mid,Diamond 1,90,49,,72,49
229,summoner-12892095,230,Matou SakuLago,Diamond 1,90,45,,69,43
230,summoner-6310421,231,つめたいアイス,Diamond 1,90,104,,62,45
231,summoner-7032219,232,サラブリマンダラ,Diamond 1,90,47,,59,45
232,summoner-6185209,233,紫乃花,Diamond 1,90,82,,57,43
233,summoner-6180960,234,yasai7428,Diamond 1,90,90,,49,44
234,summoner-6700902,235,josette1,Diamond 1,90,54,,43,24
235,summoner-6830422,236,やさいちゃん,Diamond 1,90,43,,41,33
236,summoner-6310277,237,telite,Diamond 1,89,124,,41,22
237,summoner-6180703,238,Emily is Away,Diamond 1,88,65,,117,83
238,summoner-6168578,239,TMR,Diamond 1,87,114,,120,90
239,summoner-6387948,240,kalusu,Diamond 1,87,115,,101,78
240,summoner-6613009,241,Kiyio1997,Diamond 1,83,103,,444,415
241,summoner-6177760,242,ナポです,Diamond 1,83,46,,78,58
242,summoner-9251049,243,sonaka,Diamond 1,83,48,,65,37
243,summoner-6342265,244,Rer Chino,Diamond 1,82,64,,109,90
244,summoner-6160589,245,Edicimoh,Diamond 1,81,66,,71,54
245,summoner-6782630,246,Asterisk,Diamond 1,81,38,,48,35
246,summoner-6584565,247,BIue,Diamond 1,80,142,,244,186
247,summoner-6182103,248,yakiudonkun,Diamond 1,80,124,,117,107
248,summoner-6471239,249,kunisu,Diamond 1,80,126,,47,43
249,summoner-6187427,250,料亭の味,Diamond 1,80,68,,44,39
250,summoner-6177317,251,Kayahaak,Diamond 1,79,73,,91,86
251,summoner-6325043,252,Pegboard,Diamond 1,78,133,,360,341
252,summoner-6438330,253,ʚLove Storyɞ,Diamond 1,78,97,,154,133
253,summoner-6295370,254,純 白,Diamond 1,78,97,,90,87
254,summoner-13440164,255,神なる王れいふぁ,Diamond 1,78,59,,73,52
255,summoner-8620958,256,Revelate,Diamond 1,77,70,,62,49
256,summoner-6291999,257,joseete,Diamond 1,77,36,,30,9
257,summoner-6293906,258,Rimlet,Diamond 1,76,101,,88,89
258,summoner-6331505,259,フレンド募集だよ,Diamond 1,75,128,,461,427
259,summoner-6190805,260,Oasis,Diamond 1,75,95,,398,383
260,summoner-6180545,261,Haropoppy,Diamond 1,75,98,,303,301
261,summoner-6163765,262,俺はs6チャレだぞ,Diamond 1,75,94,,292,286
262,summoner-6301134,263,Macadog,Diamond 1,75,116,,266,256
263,summoner-6692581,264,日本工学院蒲田校,Diamond 1,75,124,,246,209
264,summoner-8000222,265,yukime,Diamond 1,75,65,,202,187
265,summoner-6682604,266,aszxd,Diamond 1,75,65,,191,149
266,summoner-6161384,267,BQB knot,Diamond 1,75,65,,190,146
267,summoner-8051232,268,laining,Diamond 1,75,82,,181,163
268,summoner-6310169,269,Swift U,Diamond 1,75,78,,175,162
269,summoner-13270147,270,詩 花,Diamond 1,75,63,,162,121
270,summoner-6310837,271,なぎさ親衛隊隊長,Diamond 1,75,74,,150,129
271,summoner-10590146,272,PING999GGINKOREA,Diamond 1,75,62,,150,112
272,summoner-6461417,273,熱のど鼻にルル,Diamond 1,75,59,,146,132
273,summoner-6831880,274,Roger,Diamond 1,75,78,,133,116
274,summoner-13910902,275,3etRiia,Diamond 1,75,49,,128,94
275,summoner-6706604,276,Andexi,Diamond 1,75,62,,128,120
276,summoner-13270697,277,みやみず みつは,Diamond 1,75,54,,128,70
277,summoner-14170136,278,SpringtT,Diamond 1,75,44,,123,79
278,summoner-6349800,279,未 来,Diamond 1,75,139,,123,115
279,summoner-9550126,280,お弁当のパセリ,Diamond 1,75,97,,118,109
280,summoner-6324922,281,ironkuzu,Diamond 1,75,47,,115,88
281,summoner-6161547,282,赤バフ,Diamond 1,75,95,,112,110
282,summoner-9242269,283,MajokkoMirakurun,Diamond 1,75,46,,109,63
283,summoner-6334954,284,みそかつ,Diamond 1,75,99,,107,83
284,summoner-13141700,285,らいじんの妹,Diamond 1,75,45,,106,77
285,summoner-6171638,286,あるぱこ,Diamond 1,75,81,,105,93
286,summoner-6181771,287,ZouSenpai,Diamond 1,75,75,,104,90
287,summoner-8311557,288,연속살인마,Diamond 1,75,57,,102,77
288,summoner-13850984,289,KOREA MID,Diamond 1,75,42,,93,61
289,summoner-13030412,290,i want ljl duo,Diamond 1,75,53,,92,64
290,summoner-14251050,291,Tilterella,Diamond 1,75,40,,80,47
291,summoner-6173331,292,Wingz of Justice,Diamond 1,75,72,,70,61
292,summoner-13930183,293,PTE Taka,Diamond 1,75,49,,69,56
293,summoner-14110549,294,Bitte tragen,Diamond 1,75,38,,67,29
294,summoner-6171873,295,Estelim,Diamond 1,75,63,,63,63
295,summoner-6695814,296,SCP 8900 EX,Diamond 1,75,66,,51,50
296,summoner-7410667,297,Dârius Bot,Diamond 1,75,41,,42,25
297,summoner-7630188,298,o3o,Diamond 1,74,43,,40,34
298,summoner-6293357,299,Eugeo,Diamond 1,73,94,,116,109
299,summoner-12620351,300,Cold2,Diamond 1,72,113,,222,206
300,summoner-6693006,301,Nakamo Bot,Diamond 1,71,58,,181,158
301,summoner-8950510,302,XiL,Diamond 1,71,48,,108,99
302,summoner-6311006,303,ぱおうるむー,Diamond 1,71,67,,96,73
303,summoner-6162519,304,日村勇紀,Diamond 1,71,97,,69,68
304,summoner-6314686,305,Lynss,Diamond 1,71,41,,65,52
305,summoner-8851286,306,LastSurprise,Diamond 1,71,57,,60,44
306,summoner-6184494,307,凸凸凸凸,Diamond 1,70,96,,118,117
307,summoner-6292286,308,SlashFF,Diamond 1,70,88,,95,87
308,summoner-6341644,309,Snowball,Diamond 1,70,68,,95,91
309,summoner-6188164,310,ryo riven baka,Diamond 1,68,177,,291,268
310,summoner-8000226,311,周熙璇,Diamond 1,67,71,,122,122
311,summoner-6682419,312,good player98,Diamond 1,67,50,,79,64
312,summoner-14240638,313,Ardent Girl,Diamond 1,67,36,,53,25
313,summoner-6178225,314,qaz,Diamond 1,65,87,,117,100
314,summoner-6163261,315,A Ganker,Diamond 1,65,47,,73,50
315,summoner-6171007,316,siina17,Diamond 1,65,70,,44,41
316,summoner-6185155,317,Snowy,Diamond 1,64,63,,110,108
317,summoner-8650321,318,AdrickSY,Diamond 1,64,74,,99,84
318,summoner-8171326,319,hizikimogura,Diamond 1,63,62,,125,84
319,summoner-9810251,320,MoreMore,Diamond 1,63,83,,66,50
320,summoner-6164040,321,イキり前Flash,Diamond 1,61,76,,80,62
321,summoner-6347450,322,PoponM,Diamond 1,61,88,,55,48
322,summoner-6327716,323,佐村河内,Diamond 1,60,92,,178,153
323,summoner-6184992,324,えとな,Diamond 1,60,128,,112,107
324,summoner-6170269,325,USG Enty 20,Diamond 1,60,48,,103,50
325,summoner-6892805,326,chataro,Diamond 1,59,75,,207,195
326,summoner-6160669,327,otuno,Diamond 1,59,51,,46,38
327,summoner-6178966,328,中卒ドラゴン,Diamond 1,57,91,,119,109
328,summoner-8400528,329,Bless you,Diamond 1,57,39,,50,35
329,summoner-12030247,330,B00SH,Diamond 1,56,72,,187,178
330,summoner-6693732,331,韆齧夾曖,Diamond 1,55,60,,92,95
331,summoner-10170932,332,Emitting,Diamond 1,54,60,,146,96
332,summoner-9810202,333,ボノボ,Diamond 1,54,48,,70,67
333,summoner-6314596,334,Zhonya警察,Diamond 1,54,118,,62,54
334,summoner-6662388,335,alFJ,Diamond 1,53,48,,51,42
335,summoner-8201066,336,Yoshuloo,Diamond 1,52,81,,101,79
336,summoner-14290528,337,ふわたゃを,Diamond 1,49,38,,52,23
337,summoner-6179491,338,ぐれちーも,Diamond 1,47,65,,131,133
338,summoner-6312631,339,りんな,Diamond 1,47,130,,102,101
339,summoner-6272644,340,小原鞠莉,Diamond 1,47,51,,74,51
340,summoner-6181132,341,慰めるゆうちゃん,Diamond 1,42,126,,152,133
341,summoner-6704337,342,Imeria,Diamond 1,42,102,,46,37
342,summoner-10840209,343,レイライン,Diamond 1,41,81,,174,143
343,summoner-12240297,344,うるいちゃん,Diamond 1,41,51,,141,124
344,summoner-6700839,345,天才ちんはんすう,Diamond 1,40,45,,94,63
345,summoner-6701340,346,ＹＲＴＫＴ,Diamond 1,39,74,,258,201
346,summoner-6188627,347,Hamburger500RP,Diamond 1,38,106,,282,256
347,summoner-11890264,348,Suffle,Diamond 1,35,49,,104,100
348,summoner-6161588,349,LuckyTamago,Diamond 1,35,129,,86,75
349,summoner-6173733,350,なおゆー,Diamond 1,35,69,,33,22
350,summoner-6451616,351,WEQ,Diamond 1,34,49,,44,31
351,summoner-6175152,352,Baoh7,Diamond 1,33,168,,306,296
352,summoner-6295309,353,Jackn,Diamond 1,33,76,,38,37
353,summoner-6404863,354,Nii,Diamond 1,28,75,,156,153
354,summoner-6162489,355,亜城木夢叶,Diamond 1,28,80,,94,92
355,summoner-6471427,356,貴方のためにしぬ,Diamond 1,28,79,,94,53
356,summoner-6691416,357,ふぁんく,Diamond 1,26,105,,160,167
357,summoner-7391403,358,ちょばむ,Diamond 1,25,72,,166,146
358,summoner-6831275,359,LYNN,Diamond 1,25,80,,164,151
359,summoner-7061063,360,らふいた,Diamond 1,25,103,,122,98
360,summoner-6188710,361,asroc,Diamond 1,25,48,,66,48
361,summoner-6312269,362,はしもとなんか,Diamond 1,25,88,,60,42
362,summoner-6732995,363,i have three JB,Diamond 1,24,62,,178,162
363,summoner-6169154,364,じゅぴた,Diamond 1,22,112,,92,81
364,summoner-8870666,365,ろーれる,Diamond 1,22,43,,89,75
365,summoner-6181735,366,usg がりある,Diamond 1,21,108,,137,136
366,summoner-6163194,367,RadiationDevice,Diamond 1,21,74,,90,82
367,summoner-6703036,368,ジャックス様,Diamond 1,20,53,,28,9
368,summoner-6189217,369,はちみつスキン,Diamond 1,19,124,,191,194
369,summoner-6682953,370,仮野明日那,Diamond 1,19,54,,135,127
370,summoner-6303130,371,hienso,Diamond 1,19,107,,105,85
371,summoner-6292832,372,Selphi,Diamond 1,18,56,,66,65
372,summoner-8812035,373,SinceSpeak,Diamond 1,18,51,,55,57
373,summoner-14240637,374,Ardent Boy,Diamond 1,17,36,,53,25
374,summoner-9270156,375,そまなの,Diamond 1,14,90,,148,134
375,summoner-7820576,376,私は君がほしい,Diamond 1,14,38,,61,29
376,summoner-6319410,377,らいじん,Diamond 1,13,94,,217,233
377,summoner-13000643,378,Reksa2,Diamond 1,13,87,,208,200
378,summoner-6163258,379,KillyKilly JOKER,Diamond 1,13,151,,121,104
379,summoner-6681167,380,namaeomoitukanai,Diamond 1,12,111,,178,171
380,summoner-6333107,381,雑 魚,Diamond 1,11,57,,157,122
381,summoner-6312042,382,caffeine,Diamond 1,10,77,,135,132
382,summoner-9590858,383,JuIie Sigtuna,Diamond 1,9,65,,110,96
383,summoner-6164971,384,7461409,Diamond 1,8,67,,181,158
384,summoner-6930647,385,No more perm,Diamond 1,6,67,,259,255
385,summoner-10010863,386,łike,Diamond 1,2,161,,321,330
386,summoner-6321619,387,WICKED,Diamond 1,2,121,,244,237
387,summoner-6165504,388,くらら,Diamond 1,2,107,,116,99
388,summoner-6160874,389,ynnoK,Diamond 1,0,129,,369,371
389,summoner-6731229,390,あにこ,Diamond 1,0,138,,299,258
390,summoner-6317289,391,uinyan,Diamond 1,0,91,,241,243
391,summoner-7801113,392,ちーぼう,Diamond 1,0,82,,213,194
392,summoner-12910482,393,ぞぞちゃん,Diamond 1,0,73,,161,155
393,summoner-6317080,394,すろ倉,Diamond 1,0,68,,148,128
394,summoner-6349578,395,xtan,Diamond 1,0,69,,136,125
395,summoner-6160768,396,Halbida,Diamond 1,0,97,,112,124
396,summoner-6695449,397,四楓院夜一,Diamond 1,0,61,,103,84
397,summoner-7020641,398,See Threepio,Diamond 1,0,49,,96,66
398,summoner-10720137,399,Miyamoto Karin,Diamond 1,0,47,,94,80
399,summoner-6804563,400,倫チャン,Diamond 1,0,97,,88,87
400,summoner-6773921,401,Nyou道バリケード,Diamond 1,0,120,,74,61
401,summoner-6171531,402,maisuta,Diamond 1,0,88,,71,74
402,summoner-6312737,403,Aura,Diamond 1,0,87,,69,68
403,summoner-6922081,404,スターマン,Diamond 1,0,72,,60,25
404,summoner-14060210,405,Sad Lonely boy,Diamond 1,0,42,,59,29
405,summoner-6344699,406,DUCK TOGO,Diamond 1,0,82,,41,34
406,summoner-10240215,407,USG Fate,Diamond 1,0,76,,41,41
407,summoner-6307144,408,STAP細胞,Diamond 1,0,49,,40,24
408,summoner-14450141,409,CGA Harunika,Diamond 1,0,35,,35,20
409,summoner-8670315,410,fun XD,Diamond 1,0,38,,30,16
410,summoner-13780580,411,twitch M17Dee,Diamond 2,100,47,,140,89
411,summoner-12912077,412,TohsakAro Rain,Diamond 2,100,46,,82,49
412,summoner-6852246,413,ThintoNの姉,Diamond 2,100,41,,56,54
413,summoner-6183577,414,FeeeeeelsGoodMan,Diamond 2,97,88,,195,179
414,summoner-8841631,415,BossBoy,Diamond 2,97,42,,83,72
415,summoner-6173806,416,蒼海舞香,Diamond 2,89,58,,154,131
416,summoner-6186140,417,A Farmer,Diamond 2,84,58,,175,128
417,summoner-6162945,418,チャーシュー吉田,Diamond 2,81,117,,172,167
418,summoner-6164002,419,AliceClare,Diamond 2,77,107,,158,149
419,summoner-6162290,420,Candy Blossom,Diamond 2,75,91,,269,243
420,summoner-6685498,421,wowsosmart,Diamond 2,75,79,,231,218
421,summoner-9180490,422,愛吃豬蹄,Diamond 2,75,93,,179,166
422,summoner-6250704,423,SSR POPO,Diamond 2,75,71,,162,172
423,summoner-7052549,424,Wolhaiksong,Diamond 2,75,57,,159,125
424,summoner-6633880,425,俺来年で18だぞ,Diamond 2,75,53,,145,113
425,summoner-13900437,426,Astralfoxy,Diamond 2,75,51,,131,79
426,summoner-13300153,427,7h Raizin,Diamond 2,75,45,,107,91
427,summoner-6696421,428,Vomero,Diamond 2,75,49,,96,92
428,summoner-6291688,429,SOZAIGOMI,Diamond 2,75,141,,83,75
429,summoner-9181794,430,Day of Justice,Diamond 2,75,49,,66,61
430,summoner-6702114,431,絶ツインターボ,Diamond 2,75,70,,54,58
431,summoner-6704755,432,Bomelee,Diamond 2,75,94,,50,27
432,summoner-6160674,433,張文遠,Diamond 2,65,94,,77,81
433,summoner-13082021,434,Ardyn Izunia,Diamond 2,64,57,,185,161
434,summoner-6792954,435,森先生,Diamond 2,63,45,,119,103
435,summoner-6680199,436,エルおじ,Diamond 2,62,87,,331,319
436,summoner-6691170,437,かしくそちゃんぷ,Diamond 2,62,56,,104,71
437,summoner-6169156,438,ShiitakeForest,Diamond 2,61,109,,151,124
438,summoner-6181949,439,BQB shu,Diamond 2,56,70,,79,84
439,summoner-6385121,440,lllllllllllIllll,Diamond 2,55,51,,85,86
440,summoner-7080358,441,私のためにしんで,Diamond 2,54,106,,131,133
441,summoner-6702059,442,ごっふぃ3号,Diamond 2,54,55,,103,108
442,summoner-6176654,443,Ηaze,Diamond 2,54,65,,102,117
443,summoner-6210087,444,DESTRUCTION,Diamond 2,54,45,,98,73
444,summoner-6168500,445,エンペラー,Diamond 2,54,65,,87,91
445,summoner-6174051,446,伊瀬茉莉也,Diamond 2,53,62,,57,64
446,summoner-6705064,447,Tombstone,Diamond 2,53,38,,40,27
447,summoner-6189236,448,tuyoinarin,Diamond 2,49,68,,112,107
448,summoner-6343812,449,Pierre Marcolini,Diamond 2,47,82,,154,151
449,summoner-6317968,450,issue,Diamond 2,46,109,,219,226
450,summoner-6313167,451,札幌商工会議所付属専門学校,Diamond 2,44,74,,122,71
451,summoner-6335050,452,Jade Flawed,Diamond 2,43,125,,382,363
452,summoner-6187898,453,CxAneki,Diamond 2,43,111,,372,360
453,summoner-6177307,454,mefyideru,Diamond 2,43,77,,36,36
454,summoner-9531229,455,MicKun Juice,Diamond 2,42,144,,151,94
455,summoner-6451627,456,100 Meteos,Diamond 2,41,44,,75,69
456,summoner-6186568,457,Amý,Diamond 2,40,144,,118,95
457,summoner-6187181,458,darkthinPooEX,Diamond 2,36,59,,42,34
458,summoner-6344416,459,Ooさくらんぼ姫oO,Diamond 2,35,53,,56,49
459,summoner-6177230,460,Rivn,Diamond 2,34,115,,226,210
460,summoner-13711002,461,BOBO KAMPI,Diamond 2,34,52,,181,150
461,summoner-9490395,462,urï,Diamond 2,34,49,,130,107
462,summoner-10120485,463,グラタン,Diamond 2,32,75,,130,116
463,summoner-6450342,464,Marry me,Diamond 2,32,39,,90,56
464,summoner-12861457,465,UzukiLove,Diamond 2,32,50,,76,76
465,summoner-6163203,466,にんにん,Diamond 2,32,50,,61,52
466,summoner-6173582,467,Zaraky bot,Diamond 2,31,102,,313,304
467,summoner-6179546,468,MadEmperor,Diamond 2,28,122,,59,68
468,summoner-6189683,469,aripo,Diamond 2,28,102,,49,43
469,summoner-6181161,470,なつは,Diamond 2,26,68,,126,131
470,summoner-13120294,471,土老帽,Diamond 2,25,80,,222,191
471,summoner-6704000,472,綺チャン,Diamond 2,25,56,,140,139
472,summoner-6162143,473,阿弥陀丸in春夢,Diamond 2,25,57,,134,90
473,summoner-13730771,474,花魁ーる,Diamond 2,25,44,,123,80
474,summoner-6317693,475,Muras4k1,Diamond 2,25,71,,104,96
475,summoner-6694477,476,たまちゃん,Diamond 2,25,76,,99,90
476,summoner-6184017,477,kyp,Diamond 2,25,135,,86,71
477,summoner-6343049,478,rKH,Diamond 2,25,63,,67,59
478,summoner-6164153,479,いぎりす,Diamond 2,25,71,,50,48
479,summoner-8970756,480,Ghost Flash,Diamond 2,25,36,,33,18
480,summoner-13830960,481,wugn,Diamond 2,24,46,,117,96
481,summoner-6184656,482,ろロrolo,Diamond 2,22,92,,165,148
482,summoner-6803124,483,アンパンマン大佐,Diamond 2,22,59,,125,106
483,summoner-11510173,484,ぽきぽん,Diamond 2,21,85,,67,61
484,summoner-6810315,485,堀之内九一郎,Diamond 2,20,58,,113,87
485,summoner-6616908,486,Kanpo,Diamond 2,20,43,,77,50
486,summoner-6703512,487,えくちーも,Diamond 2,20,79,,55,52
487,summoner-6186963,488,おにぎりの梅,Diamond 2,19,77,,216,200
488,summoner-6181362,489,藤尾マサ,Diamond 2,16,84,,335,333
489,summoner-8570617,490,Fragment,Diamond 2,16,59,,173,146
490,summoner-13800200,491,R指定ぜっと,Diamond 2,16,51,,145,85
491,summoner-6303051,492,a56,Diamond 2,14,57,,184,191
492,summoner-8882075,493,moka,Diamond 2,14,100,,135,75
493,summoner-6173521,494,arenbatiko,Diamond 2,12,97,,102,91
494,summoner-6170948,495,ざ  び,Diamond 2,10,134,,121,97
495,summoner-8301594,496,Potata,Diamond 2,9,75,,301,266
496,summoner-6184849,497,GAOOOOOO,Diamond 2,9,59,,136,114
497,summoner-6160682,498,Aporomoon,Diamond 2,8,71,,165,177
498,summoner-7300433,499,Nothimoy,Diamond 2,7,59,,138,97
499,summoner-6240128,500,STAR,Diamond 2,4,106,,203,218
500,summoner-12710897,501,tetras,Diamond 2,3,114,,284,286
501,summoner-6694355,502,Fomalhaut,Diamond 2,2,197,,231,216
502,summoner-6181282,503,王 騎,Diamond 2,0,117,,402,399
503,summoner-6180567,504,Yoshioka fanboy,Diamond 2,0,122,,250,228
504,summoner-6175311,505,mafuyumh,Diamond 2,0,76,,212,217
505,summoner-6694700,506,びろろろ,Diamond 2,0,79,,179,123
506,summoner-8250219,507,MrTolkien,Diamond 2,0,66,,153,161
507,summoner-11960312,508,NB3 fanboy,Diamond 2,0,91,,136,114
508,summoner-13380228,509,ゆめちゅん,Diamond 2,0,55,,128,95
509,summoner-8802152,510,foniXD,Diamond 2,0,53,,102,73
510,summoner-6300312,511,ginTab,Diamond 2,0,99,,98,64
511,summoner-6291904,512,GumLOL,Diamond 2,0,88,,93,116
512,summoner-14120461,513,19Hz,Diamond 2,0,40,,78,46
513,summoner-6166437,514,RabbitFive,Diamond 2,0,41,,74,63
514,summoner-6170964,515,Insomania,Diamond 2,0,65,,58,45
515,summoner-6450158,516,AFKT T1 AFKER,Diamond 2,0,83,,40,35
516,summoner-7740207,517,AD USER,Diamond 2,0,38,,34,29
517,summoner-7030942,518,とりき,Diamond 3,100,122,,409,405
518,summoner-6890761,519,Romane,Diamond 3,100,89,,283,250
519,summoner-6438788,520,urgot only,Diamond 3,100,74,,271,243
520,summoner-6163019,521,Kral,Diamond 3,100,59,,170,131
521,summoner-6184089,522,Lockon Stratos,Diamond 3,100,84,,143,135
522,summoner-6166865,523,Ikamirup,Diamond 3,100,58,,64,45
523,summoner-6831198,524,ぱにょ,Diamond 3,100,44,,63,53
524,summoner-6162645,525,Absolute Zer0,Diamond 3,100,45,,58,29
525,summoner-6299444,526,あろえっちぃ,Diamond 3,100,37,,42,25
526,summoner-6702599,527,Emp 小e神,Diamond 3,98,85,,136,133
527,summoner-6166905,528,Kirby,Diamond 3,97,55,,41,20
528,summoner-6218262,529,手corki足corki,Diamond 3,96,52,,164,81
529,summoner-6184406,530,tei syndrome,Diamond 3,93,45,,65,57
530,summoner-9800188,531,CG hachamecha,Diamond 3,92,58,,60,45
531,summoner-6170869,532,テントモン,Diamond 3,91,119,,95,96
532,summoner-6701886,533,Z z,Diamond 3,90,55,,62,34
533,summoner-6331904,534,Crimson Cascadё,Diamond 3,85,81,,216,209
534,summoner-10280592,535,えふぃ,Diamond 3,84,81,,136,106
535,summoner-6314777,536,REIMEN2422,Diamond 3,83,136,,46,37
536,summoner-6743522,537,Canaan00,Diamond 3,82,103,,83,76
537,summoner-6299637,538,たこたこ,Diamond 3,82,43,,23,13
538,summoner-6187517,539,gussan225,Diamond 3,81,110,,159,137
539,summoner-6690196,540,kemukujara,Diamond 3,79,93,,263,238
540,summoner-6188387,541,TOXIC BRAD,Diamond 3,77,127,,196,188
541,summoner-6764369,542,Osaka1oN,Diamond 3,76,93,,320,306
542,summoner-6324277,543,D Rose,Diamond 3,76,130,,192,163
543,summoner-6173063,544,透明シャルクルス,Diamond 3,76,70,,98,79
544,summoner-13111222,545,Barnes,Diamond 3,75,74,,324,293
545,summoner-6301186,546,Chic man,Diamond 3,75,83,,238,218
546,summoner-6691089,547,飛天流刀妹,Diamond 3,75,56,,161,142
547,summoner-6324998,548,JH1N内智則,Diamond 3,75,67,,160,150
548,summoner-6327228,549,Doranpen,Diamond 3,75,61,,147,133
549,summoner-6195800,550,3onihS,Diamond 3,75,90,,135,147
550,summoner-7190745,551,dancing侍,Diamond 3,75,47,,125,94
551,summoner-6165481,552,XJSwagger,Diamond 3,75,49,,118,82
552,summoner-6291695,553,Larie29,Diamond 3,75,62,,111,115
553,summoner-6451310,554,みずぴ,Diamond 3,75,88,,101,81
554,summoner-8840482,555,bbigbear,Diamond 3,75,151,,99,103
555,summoner-6163133,556,Souler,Diamond 3,75,88,,98,104
556,summoner-9820199,557,ihE,Diamond 3,75,41,,90,37
557,summoner-6181632,558,EinSchwein,Diamond 3,75,53,,87,82
558,summoner-9910399,559,レディーガガ,Diamond 3,75,77,,54,32
559,summoner-6295029,560,えんてぃ,Diamond 3,75,45,,36,23
560,summoner-6175075,561,琴葉葵ちゃん,Diamond 3,74,105,,186,172
561,summoner-12981043,562,シンデレラ多田,Diamond 3,73,53,,148,119
562,summoner-11820713,563,斗魚TV丶檸檬人,Diamond 3,73,40,,39,35
563,summoner-6692602,564,BunNyAnn,Diamond 3,72,80,,370,339
564,summoner-10901336,565,ℱĄKʃℛ,Diamond 3,72,89,,233,195
565,summoner-6460637,566,th123,Diamond 3,71,71,,102,95
566,summoner-6163776,567,Icoryze,Diamond 3,70,133,,677,669
567,summoner-6163610,568,kumao,Diamond 3,70,91,,86,87
568,summoner-6171102,569,ROX syaruru,Diamond 3,69,55,,154,151
569,summoner-6164024,570,まこも,Diamond 3,69,70,,104,82
570,summoner-6181086,571,sorrymybad3,Diamond 3,69,94,,39,38
571,summoner-6940141,572,海のくまさん,Diamond 3,64,81,,383,351
572,summoner-6394975,573,Chernobyl,Diamond 3,63,43,,33,20
573,summoner-9500440,574,姫サポートちゃん,Diamond 3,60,107,,32,28
574,summoner-6251779,575,Maradekaiser,Diamond 3,57,57,,84,67
575,summoner-13121314,576,ゅぃぃぃ,Diamond 3,57,38,,60,34
576,summoner-6167450,577,kasaishouta12345,Diamond 3,56,87,,108,115
577,summoner-6335258,578,ソリアゲ王者ハサキング,Diamond 3,56,95,,50,37
578,summoner-9141141,579,有心論,Diamond 3,55,71,,169,146
579,summoner-6173906,580,ミニスカート,Diamond 3,55,144,,145,120
580,summoner-6160440,581,19960821,Diamond 3,54,93,,57,54
581,summoner-6693403,582,NeetNanaAil,Diamond 3,52,101,,230,189
582,summoner-6319121,583,サモナ一ズリフト,Diamond 3,51,116,,248,214
583,summoner-14660135,584,Stealth User,Diamond 3,49,44,,108,92
584,summoner-6683516,585,卍悪霊退散卍前田卍魑魅魍魎卍,Diamond 3,49,39,,49,39
585,summoner-8491290,586,S2CcReece,Diamond 3,48,48,,140,74
586,summoner-8671253,587,Badult,Diamond 3,48,67,,55,22
587,summoner-12620827,588,Reón,Diamond 3,44,46,,81,71
588,summoner-6160973,589,みやび,Diamond 3,44,58,,73,54
589,summoner-6327349,590,ちょこまか,Diamond 3,43,100,,139,128
590,summoner-6183482,591,ミルコビッチ,Diamond 3,43,95,,111,108
591,summoner-6173874,592,おぎん,Diamond 3,42,94,,106,112
592,summoner-6470188,593,機動戦士ガベダム,Diamond 3,41,54,,118,129
593,summoner-6173238,594,こんそめ,Diamond 3,41,85,,32,27
594,summoner-14040801,595,ctgwaybmkr,Diamond 3,40,73,,255,222
595,summoner-6593645,596,Makase uN,Diamond 3,40,134,,232,227
596,summoner-6616875,597,腰腰腰腰腰腰腰,Diamond 3,40,107,,50,33
597,summoner-6232951,598,Eni,Diamond 3,39,61,,78,45
598,summoner-12820181,599,Безработные,Diamond 3,39,35,,37,5
599,summoner-12020129,600,JPN reo,Diamond 3,37,72,,80,84
600,summoner-6700147,601,vanhouten,Diamond 3,35,91,,95,71
601,summoner-6461191,602,sundwe,Diamond 3,34,73,,181,180
602,summoner-13280157,603,RJ Irony,Diamond 3,34,47,,123,95
603,summoner-6317975,604,野生の生クリーム,Diamond 3,33,77,,87,75
604,summoner-6346156,605,香川広憲の亡霊,Diamond 3,32,41,,63,50
605,summoner-6912310,606,XieL,Diamond 3,30,123,,240,246
606,summoner-6700558,607,Live and Learn,Diamond 3,30,52,,86,87
607,summoner-6299556,608,rA9,Diamond 3,29,76,,222,229
608,summoner-8970887,609,山梨太郎君,Diamond 3,29,45,,49,12
609,summoner-13111021,610,緊急退学,Diamond 3,28,56,,158,148
610,summoner-10880685,611,おわきんぐ,Diamond 3,28,54,,80,68
611,summoner-6176116,612,八乙女梓乃,Diamond 3,27,100,,179,163
612,summoner-6183316,613,AmA,Diamond 3,27,113,,133,124
613,summoner-6173492,614,lllllllllllIII,Diamond 3,26,91,,250,235
614,summoner-12741109,615,mugiちゃん,Diamond 3,25,65,,105,79
615,summoner-6293313,616,あいむすりーぴー,Diamond 3,25,46,,87,45
616,summoner-6171577,617,f0cus,Diamond 3,25,57,,87,73
617,summoner-13090209,618,pureheart player,Diamond 3,25,80,,76,51
618,summoner-12230249,619,V3 Maplestreet,Diamond 3,25,44,,68,60
619,summoner-12180908,620,Lisel0tte,Diamond 3,25,58,,54,32
620,summoner-6160278,621,234,Diamond 3,25,43,,40,22
621,summoner-6171872,622,キバオウ,Diamond 3,25,48,,39,23
622,summoner-6311421,623,はちゃめちゃ,Diamond 3,25,42,,37,30
623,summoner-6682874,624,LL Stylish,Diamond 3,24,43,,31,28
624,summoner-6316612,625,11soul,Diamond 3,22,53,,78,76
625,summoner-6705587,626,5959,Diamond 3,22,38,,29,12
626,summoner-8110259,627,deeex,Diamond 3,21,85,,112,119
627,summoner-6684303,628,キヨシ,Diamond 3,20,69,,86,67
628,summoner-6171123,629,ちびゅー,Diamond 3,19,77,,214,197
629,summoner-6680908,630,SneakyCastro,Diamond 3,19,77,,145,147
630,summoner-6704681,631,Che1ucY,Diamond 3,19,55,,83,65
631,summoner-6970824,632,Tanto custom,Diamond 3,19,49,,76,62
632,summoner-6301499,633,TimeNoodles,Diamond 3,18,72,,112,95
633,summoner-12240261,634,韓国ダイヤ,Diamond 3,18,72,,92,95
634,summoner-6180120,635,めぐみぃん,Diamond 3,18,103,,29,22
635,summoner-6171392,636,くりす,Diamond 3,16,94,,77,60
636,summoner-6301737,637,Ricca,Diamond 3,14,108,,111,91
637,summoner-6161590,638,Haru,Diamond 3,14,91,,86,90
638,summoner-6881557,639,shiro,Diamond 3,13,89,,182,155
639,summoner-6311411,640,DianyA JP,Diamond 3,13,171,,45,33
640,summoner-6335404,641,GOLD DARIUS,Diamond 3,11,91,,207,198
641,summoner-12910257,642,nananaa,Diamond 3,7,86,,393,370
642,summoner-7041550,643,Pito,Diamond 3,7,126,,73,58
643,summoner-6872549,644,Lonely,Diamond 3,6,111,,232,215
644,summoner-6181150,645,PCG owl,Diamond 3,6,83,,22,15
645,summoner-6160706,646,ゆりあ,Diamond 3,4,94,,73,77
646,summoner-6290460,647,BlankNoir,Diamond 3,3,120,,350,330
647,summoner-6170857,648,未 玲,Diamond 3,3,127,,244,226
648,summoner-6175268,649,Anasterse,Diamond 3,3,106,,72,59
649,summoner-11001098,650,kimitaka,Diamond 3,2,90,,281,237
650,summoner-6811867,651,Uns,Diamond 3,1,78,,122,115
651,summoner-8821760,652,しゅかしゅ,Diamond 3,1,45,,112,83
652,summoner-14470140,653,ちいたん,Diamond 3,1,43,,90,75
653,summoner-6690868,654,VallisLiccia,Diamond 3,1,47,,78,52
654,summoner-6372585,655,Maokai OTP,Diamond 3,0,156,,409,399
655,summoner-7600153,656,ZhanQiSuSuSu,Diamond 3,0,130,,344,300
656,summoner-6443237,657,Sworf,Diamond 3,0,92,,268,225
657,summoner-6704376,658,KIY Oshi,Diamond 3,0,64,,221,186
658,summoner-6290826,659,絶食系男子,Diamond 3,0,112,,198,182
659,summoner-6313630,660,Paya,Diamond 3,0,58,,175,140
660,summoner-6931020,661,coyoi,Diamond 3,0,88,,169,158
661,summoner-6232619,662,フモッフ,Diamond 3,0,50,,122,84
662,summoner-8610350,663,勇者ほっともっと,Diamond 3,0,76,,120,90
663,summoner-13072105,664,daftness,Diamond 3,0,52,,118,91
664,summoner-6681245,665,会田薫,Diamond 3,0,73,,114,98
665,summoner-6189797,666,Cine,Diamond 3,0,88,,111,79
666,summoner-7230540,667,東京ジェラシィ,Diamond 3,0,58,,103,97
667,summoner-9231455,668,KTRolster8,Diamond 3,0,47,,92,69
668,summoner-6292756,669,お饅頭コンバット,Diamond 3,0,47,,88,73
669,summoner-6365937,670,Melodyuko,Diamond 3,0,60,,87,79
670,summoner-6176027,671,おぐろと,Diamond 3,0,63,,81,65
671,summoner-6332554,672,Rekkles,Diamond 3,0,48,,79,67
672,summoner-6325592,673,PhantomDeathBeta,Diamond 3,0,49,,78,79
673,summoner-6333769,674,nocchiPanty,Diamond 3,0,41,,76,56
674,summoner-6336507,675,kudryavka1991,Diamond 3,0,102,,63,50
675,summoner-6290250,676,Ｃherry,Diamond 3,0,41,,50,33
676,summoner-13050222,677,みゅうだょ,Diamond 3,0,38,,47,24
677,summoner-6319269,678,いんでっくす,Diamond 3,0,77,,47,53
678,summoner-6235332,679,pandaTV丶お茶丶,Diamond 3,0,35,,40,9
679,summoner-6700903,680,Nidalee AI,Diamond 3,0,40,,31,29
680,summoner-6701782,681,kokokokokoko,Diamond 3,0,42,,30,21
681,summoner-6701131,682,Zeeerry,Diamond 4,100,102,,344,323
682,summoner-6596585,683,BIood,Diamond 4,100,104,,317,291
683,summoner-8430466,684,ad John,Diamond 4,100,69,,240,223
684,summoner-6693049,685,Meménto Mori,Diamond 4,100,62,,225,186
685,summoner-6377670,686,Nightcolor,Diamond 4,100,125,,181,152
686,summoner-6294057,687,luizana,Diamond 4,100,122,,156,138
687,summoner-6176621,688,Daath,Diamond 4,100,83,,115,105
688,summoner-6189281,689,あすき,Diamond 4,100,112,,96,74
689,summoner-6302829,690,Deazo,Diamond 4,100,77,,88,69
690,summoner-7070260,691,松田超人最強伝説,Diamond 4,100,104,,65,46
691,summoner-6348343,692,SGL Throne,Diamond 4,100,45,,64,40
692,summoner-6671963,693,脳内Montage,Diamond 4,100,41,,46,35
693,summoner-6170777,694,ふんどし日本丸,Diamond 4,100,57,,41,27
694,summoner-7630197,695,ÿøšhüłõö,Diamond 4,99,56,,67,55
695,summoner-9530609,696,月与海,Diamond 4,98,84,,226,214
696,summoner-6791751,697,sekususimasyo,Diamond 4,98,100,,144,80
697,summoner-8321667,698,温かいビデ,Diamond 4,97,46,,102,66
698,summoner-6299663,699,ㅋㅋㅋ,Diamond 4,93,67,,56,42
699,summoner-6280514,700,Raharl,Diamond 4,75,115,,439,438
700,summoner-13070705,701,チアキFrom TW,Diamond 4,91,43,,67,36
701,summoner-6733366,702,Wynn,Diamond 4,90,110,,160,136
702,summoner-13230137,703,ELMO IN JP,Diamond 4,90,50,,138,100
703,summoner-9520348,704,erza9425,Diamond 4,90,39,,60,29
704,summoner-6298059,705,べあー,Diamond 4,90,44,,42,38
705,summoner-6331326,706,RQ konomekaze,Diamond 4,90,53,,35,30
706,summoner-11890219,707,Scrawboy,Diamond 4,89,58,,204,189
707,summoner-6450728,708,Spicat,Diamond 4,89,46,,96,77
708,summoner-6293258,709,サポ野バブ美,Diamond 4,89,137,,76,68
709,summoner-6292221,710,Yxum,Diamond 4,88,90,,200,185
710,summoner-6651348,711,LなoまL,Diamond 4,87,59,,66,35
711,summoner-12511187,712,最終のボス,Diamond 4,86,72,,44,41
712,summoner-11140602,713,19980810,Diamond 4,85,59,,178,149
713,summoner-6189369,714,お前が一番,Diamond 4,85,98,,139,96
714,summoner-6172003,715,贅肉おばけ,Diamond 4,85,81,,58,49
715,summoner-6250300,716,Rhivarak,Diamond 4,84,57,,187,164
716,summoner-6176418,717,Forget me not,Diamond 4,84,55,,82,62
717,summoner-11810890,718,コモレビの下,Diamond 4,84,39,,74,46
718,summoner-6337433,719,onkami,Diamond 4,84,58,,52,28
719,summoner-6173795,720,冰 糖,Diamond 4,83,163,,183,169
720,summoner-6178665,721,yumeat,Diamond 4,81,99,,260,260
721,summoner-7280872,722,星崎希望,Diamond 4,81,63,,133,80
722,summoner-6690177,723,509 Is,Diamond 4,81,71,,74,63
723,summoner-14180148,724,ぴーち,Diamond 4,77,54,,137,102
724,summoner-6701048,725,MаroZitE,Diamond 4,77,92,,126,100
725,summoner-7470187,726,めろんそーだ,Diamond 4,77,92,,102,78
726,summoner-6280514,727,Raharl,Diamond 4,75,115,,439,438
727,summoner-6861306,728,Rari城ドラ,Diamond 4,75,136,,285,271
728,summoner-9861164,729,こだまでしょうか,Diamond 4,75,82,,259,267
729,summoner-10250446,730,ねこみみ,Diamond 4,75,162,,206,169
730,summoner-7460217,731,Conside,Diamond 4,75,68,,191,155
731,summoner-10670497,732,あやりん,Diamond 4,75,83,,177,179
732,summoner-6176277,733,hotzushi,Diamond 4,75,49,,161,129
733,summoner-6203445,734,1990 Oid man,Diamond 4,75,50,,139,113
734,summoner-6183136,735,れもんまん,Diamond 4,75,70,,123,124
735,summoner-6290757,736,Resin,Diamond 4,75,92,,110,111
736,summoner-12371172,737,PaladinXD,Diamond 4,75,90,,96,74
737,summoner-6176839,738,username,Diamond 4,75,46,,96,56
738,summoner-12851604,739,バイト戦士鈴羽,Diamond 4,75,54,,94,68
739,summoner-6172999,740,Rend,Diamond 4,75,82,,87,74
740,summoner-6304831,741,ムシキング,Diamond 4,75,43,,64,64
741,summoner-6310122,742,gaegwae,Diamond 4,75,48,,62,56
742,summoner-6393298,743,Best Sona JP,Diamond 4,75,44,,62,27
743,summoner-7260357,744,Solo Horkew,Diamond 4,75,39,,60,49
744,summoner-6185426,745,maeken,Diamond 4,75,72,,47,32
745,summoner-6694950,746,シンデレラ前川,Diamond 4,75,53,,47,35
746,summoner-9810205,747,リトルデーモン,Diamond 4,75,52,,45,25
747,summoner-6312719,748,ちくびまる子ちゃ,Diamond 4,74,119,,459,427
748,summoner-6394809,749,とっぱー,Diamond 4,74,116,,235,223
749,summoner-6700165,750,せやろかえふ,Diamond 4,74,62,,38,33
750,summoner-6451982,751,fedtakada,Diamond 4,73,88,,332,321
751,summoner-6301396,752,frecc1a,Diamond 4,73,72,,148,111
752,summoner-6165496,753,Leeroy Jenkins,Diamond 4,73,46,,63,54
753,summoner-6700400,754,rogiaaa,Diamond 4,72,58,,103,88
754,summoner-7360731,755,俺はs4マスター,Diamond 4,72,44,,69,51
755,summoner-10210222,756,THE BM LORD,Diamond 4,71,149,,237,222
756,summoner-8701271,757,LTB Sin,Diamond 4,71,67,,143,109
757,summoner-6184506,758,Elliott Swift,Diamond 4,71,67,,124,107
758,summoner-6185989,759,ななせ,Diamond 4,70,121,,77,69
759,summoner-6297288,760,新田美波,Diamond 4,69,50,,43,40
760,summoner-6310418,761,Pitch and Bent,Diamond 4,68,85,,256,261
761,summoner-6325492,762,EySSS,Diamond 4,67,67,,234,202
762,summoner-6701006,763,TonkatsuSauce,Diamond 4,67,83,,218,184
763,summoner-6292029,764,Shiruma,Diamond 4,66,105,,166,155
764,summoner-6173745,765,美靏姬,Diamond 4,66,42,,81,64
765,summoner-6164321,766,mesya,Diamond 4,65,107,,153,125
766,summoner-6706323,767,ACE OF KANI,Diamond 4,65,74,,125,118
767,summoner-12440459,768,先生は孫笑川,Diamond 4,62,60,,113,74
768,summoner-6704155,769,394,Diamond 4,61,40,,74,35
769,summoner-6298524,770,もこけね,Diamond 4,60,139,,256,246
770,summoner-6187442,771,moriwo god,Diamond 4,60,51,,49,30
771,summoner-6202006,772,Huya丶Dop4,Diamond 4,60,41,,40,32
772,summoner-6173837,773,ネオス,Diamond 4,59,81,,125,134
773,summoner-6172444,774,nesscrystal,Diamond 4,59,44,,59,49
774,summoner-6461070,775,지온구,Diamond 4,58,93,,229,226
775,summoner-6177492,776,21歳無職,Diamond 4,58,128,,215,187
776,summoner-6160967,777,あにーぼっと,Diamond 4,58,82,,42,43
777,summoner-6752556,778,SUPERHOTSUPERHOT,Diamond 4,57,91,,124,100
778,summoner-6312313,779,owæ,Diamond 4,56,145,,150,155
779,summoner-6461466,780,どぶさいく,Diamond 4,56,114,,142,133
780,summoner-6441172,781,jhin IS GOD,Diamond 4,56,79,,108,118
781,summoner-6169011,782,zakosuaran,Diamond 4,55,94,,316,301
782,summoner-6624647,783,LoviScenario,Diamond 4,55,77,,237,224
783,summoner-6227944,784,My face is bad,Diamond 4,54,212,,841,799
784,summoner-6167631,785,きみがすき,Diamond 4,54,95,,95,79
785,summoner-6187805,786,べると,Diamond 4,54,81,,73,42
786,summoner-6305393,787,zuiha,Diamond 4,53,96,,196,179
787,summoner-6180679,788,てれくしー,Diamond 4,53,95,,127,123
788,summoner-6685231,789,GokdWing,Diamond 4,53,39,,75,51
789,summoner-7391804,790,やばいleo,Diamond 4,52,84,,93,81
790,summoner-6347493,791,ケインすごしゅぎ,Diamond 4,52,48,,93,60
791,summoner-6312931,792,Macarong v2,Diamond 4,51,51,,146,74
792,summoner-6321167,793,Demrofer,Diamond 4,51,69,,103,89
793,summoner-6166047,794,むっちょ,Diamond 4,51,86,,89,78
794,summoner-12820173,795,超銀河T1NPO,Diamond 4,50,54,,148,132
795,summoner-14230703,796,chocotto,Diamond 4,50,45,,117,86
796,summoner-8320349,797,李愛希,Diamond 4,49,146,,105,75
797,summoner-6177378,798,llIIlIlIIIIllllI,Diamond 4,49,37,,61,48
798,summoner-6209791,799,Duxiilillilil,Diamond 4,48,144,,89,86
799,summoner-6165388,800,yurinn,Diamond 4,48,72,,71,56
800,summoner-6160649,801,にこぷり,Diamond 4,47,136,,106,98
801,summoner-13480413,802,MID Emper0r,Diamond 4,47,41,,69,39
802,summoner-6292039,803,hanyu,Diamond 4,45,67,,185,182
803,summoner-12010132,804,ejii,Diamond 4,44,44,,84,62
804,summoner-6322460,805,俺にかかれば2秒でマダガスカル,Diamond 4,44,42,,55,57
805,summoner-6180653,806,妻子持ち月収50万,Diamond 4,43,66,,210,204
806,summoner-6160698,807,441,Diamond 4,43,69,,176,185
807,summoner-6694459,808,Against All Odds,Diamond 4,43,139,,102,103
808,summoner-9810204,809,くぅちゃん,Diamond 4,43,113,,66,50
809,summoner-6344063,810,勇者あああああ,Diamond 4,43,72,,50,46
810,summoner-6313068,811,ろろれろろ,Diamond 4,42,126,,325,298
811,summoner-6291049,812,Jerard,Diamond 4,42,95,,72,47
812,summoner-6182928,813,Tidus,Diamond 4,42,85,,64,63
813,summoner-6348974,814,雪 梨,Diamond 4,42,137,,37,21
814,summoner-6843271,815,俺は行く,Diamond 4,41,124,,429,415
815,summoner-13081642,816,イカレちんぽこ丸,Diamond 4,41,95,,162,129
816,summoner-6329451,817,Dopaaa,Diamond 4,41,46,,86,61
817,summoner-6160466,818,Very Kind,Diamond 4,40,67,,164,162
818,summoner-6294994,819,ひろっぺん,Diamond 4,40,75,,163,147
819,summoner-8080535,820,さなぎぱん,Diamond 4,40,64,,128,97
820,summoner-6161708,821,とうま,Diamond 4,40,55,,111,100
821,summoner-6170500,822,り ん,Diamond 4,40,65,,110,118
822,summoner-6307952,823,ヌヲヌバ,Diamond 4,39,85,,217,192
823,summoner-8940405,824,Cherry Fizz,Diamond 4,39,117,,198,192
824,summoner-12950656,825,おじゃまるお,Diamond 4,39,59,,146,105
825,summoner-6182263,826,しじみん,Diamond 4,38,153,,418,395
826,summoner-6172774,827,ぺろぺろしてぇな,Diamond 4,38,127,,127,89
827,summoner-6261547,828,dota2 10kmmr,Diamond 4,38,78,,104,75
828,summoner-6174908,829,HaraNamayOkO,Diamond 4,38,97,,101,79
829,summoner-9620151,830,VioIeT,Diamond 4,37,59,,127,127
830,summoner-14070171,831,Aussie,Diamond 4,37,63,,110,98
831,summoner-6347482,832,かげを,Diamond 4,37,115,,50,43
832,summoner-6187760,833,凖 提,Diamond 4,36,84,,239,230
833,summoner-6686136,834,Coba1t,Diamond 4,36,122,,112,100
834,summoner-6169090,835,123123123,Diamond 4,35,99,,134,103
835,summoner-9440328,836,ScudCrosers,Diamond 4,35,93,,94,83
836,summoner-6314810,837,Livraa,Diamond 4,35,97,,76,58
837,summoner-6297571,838,469ma,Diamond 4,34,73,,121,105
838,summoner-6703664,839,LoveLoveRyutin,Diamond 4,34,45,,94,71
839,summoner-6301753,840,luoqisa,Diamond 4,34,67,,88,63
840,summoner-6695156,841,るんちゃ,Diamond 4,33,106,,229,228
841,summoner-6176851,842,きばみ,Diamond 4,33,75,,46,49
842,summoner-6335235,843,SukebeS,Diamond 4,33,120,,44,42
843,summoner-6161164,844,Marble96,Diamond 4,32,97,,312,305
844,summoner-6681539,845,INnoVation,Diamond 4,32,72,,127,123
845,summoner-6323019,846,GANJA NINJA,Diamond 4,32,56,,96,97
846,summoner-6215158,847,dogyzz,Diamond 4,32,110,,43,40
847,summoner-6702694,848,キレたナイフ,Diamond 4,31,50,,160,131
848,summoner-6691420,849,ぼんぽち,Diamond 4,31,70,,110,98
849,summoner-11260174,850,Ruki,Diamond 4,30,122,,142,147
850,summoner-6287685,851,Feeddlesticks,Diamond 4,29,122,,263,224
851,summoner-6170569,852,Japan Net Bank,Diamond 4,29,85,,211,185
852,summoner-6162091,853,Rebel blade,Diamond 4,29,93,,189,187
853,summoner-14610620,854,アシホ,Diamond 4,29,38,,62,45
854,summoner-12940514,855,飲酒LoLマン,Diamond 4,28,44,,82,49
855,summoner-6292126,856,kurooon,Diamond 4,27,93,,111,100
856,summoner-12520695,857,ヨンジェ,Diamond 4,27,55,,79,55
857,summoner-6283018,858,Dokurou,Diamond 4,26,96,,270,257
858,summoner-6173780,859,Zed bot,Diamond 4,26,104,,199,190
859,summoner-6175753,860,MOU MURI,Diamond 4,26,111,,162,126
860,summoner-6345889,861,Fine2162,Diamond 4,26,75,,37,25
861,summoner-8661566,862,溢れた,Diamond 4,25,84,,300,284
862,summoner-13670263,863,すこぶる動くウサギ,Diamond 4,25,51,,163,121
863,summoner-6450887,864,もぅﾏﾁﾞ無理 死ンヂャオ,Diamond 4,25,52,,119,93
864,summoner-7321699,865,usagino,Diamond 4,25,50,,102,89
865,summoner-6168484,866,Etoile,Diamond 4,25,72,,101,104
866,summoner-6336404,867,Tokoyuki,Diamond 4,25,71,,95,70
867,summoner-6830175,868,EleaNoR,Diamond 4,25,73,,94,64
868,summoner-7011396,869,Snows,Diamond 4,25,49,,89,70
869,summoner-6331277,870,1715,Diamond 4,25,80,,82,71
870,summoner-9950219,871,西日暮里戒网中心,Diamond 4,25,52,,67,46
871,summoner-12610863,872,cotton candy,Diamond 4,25,43,,59,18
872,summoner-9550124,873,7h RIP,Diamond 4,25,41,,41,25
873,summoner-12260902,874,lWJack,Diamond 4,25,52,,39,35
874,summoner-7380786,875,omtom1,Diamond 4,24,63,,216,218
875,summoner-6188392,876,Rainsuta,Diamond 4,24,76,,161,133
876,summoner-6171784,877,天津風ちゃん,Diamond 4,24,83,,68,56
877,summoner-6293332,878,MoZukuTea,Diamond 4,23,114,,107,93
878,summoner-6695236,879,123,Diamond 4,23,92,,103,94
879,summoner-6181369,880,太田佳奈,Diamond 4,21,59,,173,144
880,summoner-6303428,881,BQB Kabupun,Diamond 4,20,98,,178,189
881,summoner-6318960,882,チーズスタリオン,Diamond 4,20,83,,164,171
882,summoner-7891371,883,北見六花,Diamond 4,20,73,,85,48
883,summoner-13740351,884,乃 愛,Diamond 4,20,41,,78,54
884,summoner-6170680,885,shellinford,Diamond 4,20,93,,68,56
885,summoner-6291622,886,くま虎,Diamond 4,19,69,,139,118
886,summoner-6666546,887,wing,Diamond 4,19,120,,107,74
887,summoner-8691179,888,CarryBASHIBASHI,Diamond 4,19,39,,54,43
888,summoner-6450745,889,あべくま,Diamond 4,19,100,,23,22
889,summoner-6680752,890,飲酒運転,Diamond 4,18,114,,533,524
890,summoner-8900234,891,pirotyan,Diamond 4,18,74,,182,145
891,summoner-6165282,892,ヒカキンキッズ,Diamond 4,18,111,,171,159
892,summoner-9670170,893,くっきー,Diamond 4,18,85,,154,149
893,summoner-13490210,894,Iwasawa,Diamond 4,18,46,,115,84
894,summoner-6950468,895,Endelyu,Diamond 4,17,73,,186,154
895,summoner-6262219,896,Pudge,Diamond 4,17,99,,182,164
896,summoner-6167794,897,Oreki,Diamond 4,17,84,,131,121
897,summoner-6303936,898,StylishNoob4,Diamond 4,17,119,,130,119
898,summoner-14100535,899,NinetyEight,Diamond 4,17,44,,97,75
899,summoner-14170558,900,Lil C,Diamond 4,17,44,,97,75
900,summoner-12740857,901,practice nomi,Diamond 4,17,46,,62,44
901,summoner-6272955,902,0A0,Diamond 4,16,106,,210,198
902,summoner-6160581,903,おはナッツ,Diamond 4,16,96,,171,177
903,summoner-6175584,904,ロシナンテ,Diamond 4,16,65,,147,129
904,summoner-10690274,905,whiskeeey,Diamond 4,15,130,,187,186
905,summoner-6181413,906,1000DYE,Diamond 4,15,76,,126,120
906,summoner-6162241,907,Erulein,Diamond 4,15,59,,66,56
907,summoner-6344150,908,kasupi404,Diamond 4,15,108,,51,27
908,summoner-6162908,909,はろーさんた,Diamond 4,14,95,,217,224
909,summoner-10171220,910,君の唾液で口噛酒,Diamond 4,14,78,,111,102
910,summoner-6682043,911,Poppy chan,Diamond 4,14,66,,100,88
911,summoner-6271387,912,ハイセ,Diamond 4,13,70,,64,58
912,summoner-7350233,913,Griever,Diamond 4,12,46,,109,81
913,summoner-6310371,914,R1ngoKun,Diamond 4,12,68,,41,33
914,summoner-6170090,915,paddle star,Diamond 4,9,123,,136,132
915,summoner-6171274,916,Rolo Lamperouge,Diamond 4,9,85,,130,111
916,summoner-6161347,917,エッッッッッッ,Diamond 4,8,105,,46,49
917,summoner-13790130,918,ˆSarah Myˆ,Diamond 4,7,71,,198,162
918,summoner-8160442,919,sebearasi,Diamond 4,5,103,,54,50
919,summoner-6299347,920,W上げ本田圭佑,Diamond 4,3,97,,145,132
920,summoner-6811107,921,gannmo123,Diamond 4,3,93,,38,32
921,summoner-12760939,922,kneesox,Diamond 4,2,64,,245,220
922,summoner-6700720,923,Ir1s,Diamond 4,2,56,,167,173
923,summoner-6175258,924,SakuraSky,Diamond 4,2,108,,114,103
924,summoner-6318881,925,Azuliet,Diamond 4,2,62,,91,86
925,summoner-6328054,926,BANKOISER,Diamond 4,1,102,,225,193
926,summoner-8890153,927,프나틱 원딜,Diamond 4,1,66,,72,54
927,summoner-6189958,928,のちのち,Diamond 4,1,54,,70,62
928,summoner-6186260,929,Top or AFK,Diamond 4,1,47,,47,44
929,summoner-6323905,930,TwitchMainOkita,Diamond 4,0,146,,562,546
930,summoner-6161615,931,JAN,Diamond 4,0,143,,519,523
931,summoner-6176905,932,Elmyr,Diamond 4,0,109,,381,355
932,summoner-10600137,933,島魚Jasconius,Diamond 4,0,111,,364,352
933,summoner-6181109,934,mizukami,Diamond 4,0,146,,348,343
934,summoner-8881934,935,magicworld,Diamond 4,0,161,,267,259
935,summoner-7441297,936,Pearplanet,Diamond 4,0,63,,248,207
936,summoner-6316705,937,君のハートにイグナイト,Diamond 4,0,103,,241,233
937,summoner-8760281,938,Tao,Diamond 4,0,107,,235,205
938,summoner-6315001,939,DE JEUX,Diamond 4,0,92,,216,210
939,summoner-6292174,940,00Albert,Diamond 4,0,78,,215,187
940,summoner-6162614,941,Lactuca sativa,Diamond 4,0,63,,212,187
941,summoner-6187890,942,kurewo god,Diamond 4,0,74,,206,175
942,summoner-6690662,943,IIllII,Diamond 4,0,112,,206,187
943,summoner-13140250,944,おとろえ,Diamond 4,0,66,,201,168
944,summoner-11600486,945,TMaaH,Diamond 4,0,120,,189,169
945,summoner-6357115,946,てま本,Diamond 4,0,56,,183,152
946,summoner-6302228,947,悔い改めよ,Diamond 4,0,82,,182,176
947,summoner-6705132,948,From the Gekko,Diamond 4,0,56,,175,143
948,summoner-6172529,949,claymoreNagi,Diamond 4,0,83,,174,172
949,summoner-8840634,950,무섭고외롭겠다,Diamond 4,0,124,,167,151
950,summoner-6179383,951,あるべりー,Diamond 4,0,93,,165,168
951,summoner-11570397,952,EdwinVanCleef,Diamond 4,0,49,,152,137
952,summoner-9180884,953,CatPenguin3,Diamond 4,0,71,,148,118
953,summoner-6184769,954,ぺけのすけ,Diamond 4,0,124,,140,132
954,summoner-6681698,955,noobmanNA,Diamond 4,0,56,,140,113
955,summoner-6182845,956,ゅゅゅ ゅゅ,Diamond 4,0,138,,138,133
956,summoner-6180802,957,lqs,Diamond 4,0,70,,134,123
957,summoner-6173987,958,Wobbuffet,Diamond 4,0,98,,131,127
958,summoner-6209163,959,Fyy Monologuey,Diamond 4,0,99,,126,82
959,summoner-6490176,960,Kurо,Diamond 4,0,127,,126,105
960,summoner-8140187,961,KIed BOT,Diamond 4,0,85,,125,105
961,summoner-12430231,962,DoubleIift,Diamond 4,0,62,,115,101
962,summoner-7200179,963,ItsNimbuS,Diamond 4,0,107,,112,88
963,summoner-8721259,964,rivenのアナ子,Diamond 4,0,60,,109,107
964,summoner-6160782,965,pajamasa,Diamond 4,0,87,,107,89
965,summoner-13770959,966,mysql u root,Diamond 4,0,47,,96,81
966,summoner-6701220,967,イオの手先,Diamond 4,0,77,,93,91
967,summoner-6298181,968,Yunn,Diamond 4,0,73,,92,72
968,summoner-7200222,969,BGF,Diamond 4,0,49,,91,85
969,summoner-10941158,970,バリネコテクノ,Diamond 4,0,44,,88,64
970,summoner-12251111,971,Best Janna NA,Diamond 4,0,106,,84,58
971,summoner-6262327,972,Lurix,Diamond 4,0,110,,84,68
972,summoner-6332429,973,takuman por,Diamond 4,0,41,,71,42
973,summoner-6181074,974,Damnare Mantis,Diamond 4,0,117,,67,67
974,summoner-6170724,975,インターネット,Diamond 4,0,79,,63,59
975,summoner-6320302,976,メラゾーマ,Diamond 4,0,97,,62,47
976,summoner-6170708,977,働けクズ,Diamond 4,0,109,,55,48
977,summoner-13420258,978,ナッシュ,Diamond 4,0,71,,41,33
978,summoner-6164245,979,kasujyou,Diamond 4,0,50,,39,29
979,summoner-9960670,980,Asterism,Diamond 4,0,53,,35,32
980,summoner-6183784,981,Caim,Diamond 4,0,58,,34,18
981,summoner-6160830,982,нoчь,Diamond 4,0,36,,32,20
982,summoner-6311328,983,Fumico,Diamond 5,100,205,,968,930
983,summoner-6292340,984,藤原21瞑想,Diamond 5,100,137,,435,412
984,summoner-12550248,985,Korean type,Diamond 5,100,84,,296,273
985,summoner-6189008,986,20歳,Diamond 5,100,98,,284,268
986,summoner-12420250,987,Deklaran,Diamond 5,100,89,,246,233
987,summoner-6310164,988,freejapan,Diamond 5,100,64,,205,210
988,summoner-6162657,989,Khaten,Diamond 5,100,88,,184,183
989,summoner-10871337,990,アムルクレチア,Diamond 5,100,60,,173,155
990,summoner-6299569,991,ComeONCrit,Diamond 5,100,74,,168,172
991,summoner-6292828,992,Rustyi,Diamond 5,100,85,,165,159
992,summoner-6301025,993,oけいo,Diamond 5,100,116,,154,132
993,summoner-6187347,994,kurokonn,Diamond 5,100,114,,152,127
994,summoner-6184581,995,This,Diamond 5,100,61,,107,106
995,summoner-6318546,996,Y u K i SSSSSS,Diamond 5,100,64,,85,85
996,summoner-8760164,997,teanivia,Diamond 5,100,63,,79,63
997,summoner-12640672,998,止まらないオルガ,Diamond 5,100,47,,77,54
998,summoner-6681244,999,PontaCard,Diamond 5,100,84,,76,64
999,summoner-6171785,1000,BotLanersSuck,Diamond 5,100,147,,75,35
