#timestamp 1529820054366
#date 2018-06-24T06:00:54+00:00
#players 1000
#index,id,rank,name,tier,lp,level,proTeam,win,loss
0,summoner-4602614,1,Eu sou o Jojo,Challenger,1316,84,,267,181
1,summoner-1833896,2,CNB Hy0g4,Challenger,1308,131,,560,452
2,summoner-34000124,3,3242363,Challenger,1011,44,,128,63
3,summoner-2833743,4,AvaIanche,Challenger,1008,119,,502,383
4,summoner-31094545,5,Sky s2 BR,Challenger,919,72,,257,178
5,summoner-9540245,6,tinowns2,Challenger,911,71,,190,132
6,summoner-539250,7,HKS Caos,Challenger,909,109,,327,269
7,summoner-2984886,8,Rhaegalarys,Challenger,903,156,,224,158
8,summoner-31400150,9,Pokas ideías,Challenger,871,55,,203,116
9,summoner-523864,10,clumsy boy,Challenger,798,78,,219,171
10,summoner-4499324,11,Nyu,Challenger,810,108,,303,240
11,summoner-520377,12,envy 30,Challenger,750,87,,279,238
12,summoner-540342,13,RED Guigo,Challenger,739,114,,339,277
13,summoner-6510165,14,beyond the stars,Challenger,731,127,,418,365
14,summoner-3254291,15,RedBert,Challenger,731,74,,233,174
15,summoner-17074696,16,KT Mandiocaa,Challenger,722,82,,372,269
16,summoner-31400130,17,YoYo JoJo,Challenger,717,71,,271,175
17,summoner-2596351,18,God Needles,Challenger,680,114,,363,323
18,summoner-536088,19,Amazing Zuao,Challenger,692,103,,320,266
19,summoner-1721150,20,goku chan,Challenger,689,93,,254,210
20,summoner-500182,21,CNB Robo1,Challenger,685,89,,275,230
21,summoner-27800149,22,Glaucia,Challenger,670,94,,174,132
22,summoner-6673314,23,esA,Challenger,662,88,,319,278
23,summoner-24810150,24,GENESIS SHINI,Challenger,654,49,,101,60
24,summoner-27980135,25,Sílent Player,Challenger,653,107,,452,406
25,summoner-9480188,26,Minerva,Challenger,652,95,,305,263
26,summoner-529295,27,burn to emerge,Challenger,649,73,,116,74
27,summoner-22055132,28,Olkaida,Challenger,645,148,,215,163
28,summoner-24810137,29,Krastymel,Challenger,639,62,,160,113
29,summoner-2360158,30,LUIS CARVALHO,Challenger,639,49,,110,70
30,summoner-20640125,31,choramaisae,Challenger,636,69,,249,198
31,summoner-602339,32,Vasto1,Challenger,622,156,,609,550
32,summoner-24810143,33,little gold,Challenger,622,72,,255,205
33,summoner-18270216,34,toguers,Challenger,619,84,,299,246
34,summoner-30992817,35,PRG lima,Challenger,615,116,,514,467
35,summoner-2891839,36,Destinyyy,Challenger,615,65,,214,173
36,summoner-30610309,37,gebradetransgay,Challenger,629,121,,442,391
37,summoner-852464,38,dyNquedo NGDP,Challenger,609,77,,193,146
38,summoner-24820140,39,yougotmenervous,Challenger,625,95,,478,403
39,summoner-610635,40,Days4fun,Challenger,603,91,,215,164
40,summoner-17663661,41,AKMU,Challenger,596,73,,329,280
41,summoner-400412,42,exceed apogee,Challenger,586,47,,99,56
42,summoner-533497,43,Pinguin Cotoco,Challenger,578,80,,184,143
43,summoner-18780139,44,LukasNegro,Challenger,576,75,,266,217
44,summoner-1141219,45,Prblank,Challenger,574,91,,318,281
45,summoner-1726011,46,TusiN,Challenger,572,95,,295,249
46,summoner-19440391,47,WP LynX,Challenger,564,127,,472,413
47,summoner-20252931,48,BAAAAAAAAAAANKAI,Challenger,558,98,,469,416
48,summoner-1475753,49,buceIinho,Challenger,550,109,,346,295
49,summoner-31410132,50,Ruim e velho,Challenger,549,70,,268,191
50,summoner-410074,51,zhao AD113755088,Challenger,545,75,,234,192
51,summoner-17972381,52,selaK htyM,Challenger,544,102,,364,321
52,summoner-1872796,53,Revalí,Challenger,537,100,,303,263
53,summoner-29233192,54,Miss Luxury,Challenger,536,216,,204,161
54,summoner-27620140,55,KID GOTEN,Challenger,528,70,,226,182
55,summoner-477786,56,lie blanc182,Challenger,528,66,,164,121
56,summoner-1724409,57,YGOR FREITAS,Challenger,527,101,,347,313
57,summoner-472453,58,bydekixd,Challenger,521,87,,247,210
58,summoner-33990125,59,l can be better,Challenger,518,45,,126,84
59,summoner-4583588,60,Unreality,Challenger,517,92,,273,232
60,summoner-2850703,61,Yan,Challenger,516,78,,254,210
61,summoner-29120132,62,RSL TutsTutsz,Challenger,514,154,,524,479
62,summoner-20860130,63,Little Rookie1,Challenger,506,89,,293,256
63,summoner-476160,64,high noon,Challenger,504,88,,114,78
64,summoner-34010125,65,Juan JayJ lol,Challenger,502,40,,89,38
65,summoner-31390133,66,Sidney Royel,Challenger,501,74,,295,228
66,summoner-20014792,67,NOTEJURISPERITUS,Challenger,501,93,,292,256
67,summoner-27820136,68,boosted adc,Challenger,500,78,,109,75
68,summoner-2854374,69,Trovaozin,Challenger,498,105,,417,379
69,summoner-3546357,70,Barry de Barry,Challenger,493,108,,285,254
70,summoner-530844,71,Sneez1,Challenger,493,76,,247,214
71,summoner-477974,72,Zaphkíel,Challenger,489,133,,326,294
72,summoner-4191339,73,JJOOSUNG,Challenger,485,86,,260,218
73,summoner-5663560,74,XerembaMole,Challenger,483,54,,126,84
74,summoner-584708,75,Little Wos,Challenger,482,98,,312,264
75,summoner-18280212,76,korean d2,Challenger,481,70,,219,182
76,summoner-6230125,77,Kales Myth,Challenger,480,102,,224,187
77,summoner-437956,78,Copernic1,Challenger,478,122,,471,417
78,summoner-18290189,79,IlIlIlIIllIlIllI,Challenger,476,48,,116,69
79,summoner-2472380,80,Kaze Ronin,Challenger,474,111,,169,131
80,summoner-512750,81,whatiswrong,Challenger,473,134,,515,477
81,summoner-31380133,82,51654684,Challenger,471,53,,176,105
82,summoner-28883895,83,Hydrogen,Challenger,469,51,,128,82
83,summoner-455830,84,danz0r,Challenger,468,92,,254,217
84,summoner-27820158,85,Suanybb,Challenger,466,69,,220,180
85,summoner-2105456,86,enel1,Challenger,466,79,,147,111
86,summoner-5562087,87,Brucer,Challenger,463,76,,212,162
87,summoner-840819,88,Vipeeer,Challenger,463,96,,142,94
88,summoner-18290186,89,Nigrum Pantherae,Challenger,461,52,,169,127
89,summoner-31390126,90,ERASAO EMBRAZADO,Challenger,459,66,,238,165
90,summoner-3297574,91,UNREFORMED BTW,Challenger,457,87,,294,260
91,summoner-4967463,92,May 17th,Challenger,456,102,,160,119
92,summoner-602145,93,time for dinner,Challenger,453,90,,242,205
93,summoner-14494449,94,evr0t,Challenger,452,103,,353,325
94,summoner-990588,95,FNC Pickkles,Challenger,449,72,,158,117
95,summoner-5248317,96,Taara,Challenger,447,73,,107,65
96,summoner-10212285,97,Martiins,Challenger,446,87,,206,155
97,summoner-808975,98,Vahvel,Challenger,446,63,,97,56
98,summoner-1760285,99,Wartin,Challenger,443,121,,430,388
99,summoner-3255468,100,Kappareca,Challenger,440,109,,450,388
100,summoner-19936193,101,PNG Jovigod,Challenger,439,73,,322,273
101,summoner-31410126,102,YoYo Lynkez,Challenger,437,99,,513,444
102,summoner-18280187,103,rkid,Challenger,435,68,,249,206
103,summoner-21852695,104,Satan himself,Challenger,432,86,,317,279
104,summoner-32530127,105,Kími1,Challenger,431,72,,133,92
105,summoner-974599,106,Aslan1,Challenger,428,136,,557,526
106,summoner-440645,107,Ksiv,Challenger,426,73,,179,143
107,summoner-3345070,108,Xeroque Rolmes,Challenger,426,87,,179,144
108,summoner-6632369,109,RED Perz,Challenger,423,116,,415,380
109,summoner-3222212,110,Raven1,Challenger,422,153,,609,565
110,summoner-3978933,111,BF781,Challenger,422,76,,235,204
111,summoner-520805,112,RED Cabu,Challenger,418,98,,319,285
112,summoner-3057217,113,Atrasia,Challenger,417,106,,369,339
113,summoner-16385949,114,HAND OF N0XUS,Challenger,416,111,,243,211
114,summoner-486830,115,takeshi,Challenger,415,56,,148,115
115,summoner-19340127,116,haters,Challenger,414,55,,142,100
116,summoner-7591541,117,vaza daki mano,Challenger,413,116,,420,394
117,summoner-23792946,118,Just Lose,Challenger,413,79,,170,130
118,summoner-24800141,119,HYP3 BEAST,Challenger,413,62,,145,108
119,summoner-21190131,120,RANGERZADA XQDL,Challenger,412,52,,131,82
120,summoner-446673,121,Ninj sad,Challenger,407,113,,382,349
121,summoner-3862389,122,SynSatioN,Challenger,407,92,,175,130
122,summoner-2615838,123,Howper1,Challenger,406,68,,174,114
123,summoner-402032,124,Grevthar,Challenger,404,102,,336,295
124,summoner-470353,125,Mandioquinhaa,Challenger,402,67,,276,198
125,summoner-23793754,126,AAAAAAAAAZZZZZZ,Challenger,402,69,,199,155
126,summoner-31520675,127,Katner,Challenger,401,97,,358,286
127,summoner-1660132,128,REAL FAKE DOORS,Challenger,401,73,,305,265
128,summoner-456148,129,Bardeus,Challenger,400,90,,263,229
129,summoner-22001193,130,Mewkyo,Challenger,398,96,,179,146
130,summoner-25900130,131,guymkryukiul,Challenger,397,72,,202,170
131,summoner-569095,132,Just Dont Cry,Challenger,394,82,,252,219
132,summoner-2990701,133,The Cheater,Challenger,393,92,,212,175
133,summoner-2968269,134,STD Stepz,Challenger,392,122,,370,338
134,summoner-424963,135,Namezero,Challenger,391,101,,321,288
135,summoner-21642856,136,Bhz,Challenger,387,170,,534,516
136,summoner-539800,137,Teusla,Challenger,385,141,,417,384
137,summoner-15890130,138,fatboy prodi,Challenger,385,90,,372,333
138,summoner-589316,139,Babidii,Challenger,378,98,,314,277
139,summoner-27512709,140,Yan Franco,Challenger,377,80,,177,147
140,summoner-18090142,141,warangelusadpls,Challenger,377,75,,176,145
141,summoner-1304498,142,4LaN,Challenger,376,54,,114,82
142,summoner-5001267,143,Cillias husband,Challenger,375,128,,372,339
143,summoner-21142674,144,RinzIer,Challenger,375,73,,219,182
144,summoner-2074447,145,BBenj,Challenger,371,104,,357,321
145,summoner-19832324,146,RonRom,Challenger,369,65,,125,73
146,summoner-2631152,147,vai freire,Challenger,368,107,,408,391
147,summoner-1608051,148,FIORA MECHANICS,Challenger,365,67,,230,185
148,summoner-1335110,149,pijack,Challenger,364,91,,327,284
149,summoner-21190134,150,CHICÃO LINGUIÇA,Challenger,364,86,,285,249
150,summoner-501031,151,ERVA TERERÉ,Challenger,364,61,,168,132
151,summoner-34000130,152,3242350,Challenger,364,39,,77,37
152,summoner-18280139,153,Rakyz,Challenger,362,96,,265,236
153,summoner-484681,154,Killuard,Challenger,359,119,,423,387
154,summoner-550161,155,Stealzin,Challenger,359,104,,325,291
155,summoner-1357193,156,Peccato,Challenger,358,69,,250,211
156,summoner-1162683,157,Nestorzinho,Challenger,358,59,,128,92
157,summoner-20860131,158,Warangelus,Challenger,356,82,,237,201
158,summoner-6572250,159,Dekisokonai LLKO,Challenger,356,66,,141,111
159,summoner-1312446,160,l Kagura l,Challenger,354,84,,200,164
160,summoner-2615940,161,aldair45,Challenger,354,53,,114,68
161,summoner-2101731,162,xanad0,Challenger,352,123,,447,418
162,summoner-14923592,163,OhScary,Challenger,352,147,,372,341
163,summoner-27740439,164,RDP Kadaki,Challenger,352,94,,314,281
164,summoner-487082,165,FLA brTT      11,Challenger,352,88,,308,280
165,summoner-1623169,166,Dopa,Challenger,351,96,,416,383
166,summoner-628501,167,LDL Netuno,Challenger,351,115,,398,362
167,summoner-973876,168,Hidanzin,Challenger,351,112,,386,360
168,summoner-6632055,169,SoloqHeroVrauRx,Challenger,348,112,,328,298
169,summoner-475909,170,ICH Pizzaiolo,Challenger,348,103,,317,280
170,summoner-1412244,171,Pitutu,Challenger,348,106,,302,271
171,summoner-9221591,172,Suicide is real,Challenger,348,95,,273,236
172,summoner-3766192,173,DANIEL FURLAN,Challenger,347,128,,508,472
173,summoner-4006761,174,Wenzinger,Challenger,345,129,,327,304
174,summoner-20252143,175,SUB MEC,Challenger,345,68,,244,204
175,summoner-18166519,176,z4y,Challenger,345,118,,226,185
176,summoner-2003578,177,Clovinho,Challenger,343,121,,228,207
177,summoner-10152531,178,Yakushí,Challenger,322,169,,391,379
178,summoner-3692431,179,Melhor da Pavuna,Challenger,341,100,,478,376
179,summoner-27800128,180,paiN au chocolat,Challenger,341,65,,239,193
180,summoner-476990,181,TSW Drop,Challenger,340,120,,371,345
181,summoner-533705,182,Arthur Lanches,Challenger,340,135,,174,138
182,summoner-1521572,183,Weikyy,Challenger,337,113,,224,179
183,summoner-14850127,184,Buggáx,Challenger,337,54,,184,116
184,summoner-1520227,185,Akrinuss Bot,Challenger,336,76,,244,213
185,summoner-3860700,186,nthayy,Challenger,335,114,,387,349
186,summoner-18180625,187,Lúcyfer,Challenger,335,135,,307,269
187,summoner-16050132,188,qVVVVVVVERTY,Challenger,335,82,,283,246
188,summoner-16985434,189,luíspedrod,Challenger,332,129,,306,273
189,summoner-403551,190,SkB,Challenger,330,111,,211,183
190,summoner-4211935,191,Lunefe,Challenger,328,93,,170,138
191,summoner-2011109,192,GhoustInsert,Challenger,328,84,,138,82
192,summoner-28111590,193,SMURF D0 MUCA,Challenger,327,146,,554,531
193,summoner-31410129,194,WE zero,Challenger,327,62,,230,173
194,summoner-4451476,195,doravante,Challenger,322,92,,225,199
195,summoner-871762,196,Café Pretinho,Challenger,321,117,,285,256
196,summoner-530736,197,Sarkis,Challenger,320,80,,260,243
197,summoner-9180143,198,PETALO PETALO,Challenger,304,57,,172,139
198,summoner-28770126,199,Açaílover69,Challenger,303,71,,187,155
199,summoner-8772986,200,it boalxxx,Challenger,296,163,,601,564
200,summoner-6991312,201,Mito Supremo,Master,336,124,,148,117
201,summoner-9735541,202,Zude,Master,314,169,,570,545
202,summoner-993658,203,Im random,Master,344,89,,352,325
203,summoner-3260483,204,Kedul,Master,338,73,,235,215
204,summoner-33990124,205,sephis,Master,315,37,,64,25
205,summoner-1492273,206,Tang d Tangerina,Master,293,91,,252,225
206,summoner-15640138,207,Helior,Master,312,92,,403,373
207,summoner-30644278,208,Mát,Master,312,73,,180,149
208,summoner-34000126,209,PEREZLOL,Master,310,41,,89,56
209,summoner-623639,210,Mystr is back,Master,309,84,,270,234
210,summoner-4121293,211,Klaus,Master,306,72,,273,240
211,summoner-4009334,212,stingstingsting,Master,305,149,,515,497
212,summoner-403080,213,Loop,Master,303,67,,184,151
213,summoner-477374,214,SKG BroTher,Master,300,103,,377,353
214,summoner-944815,215,Fididinho,Master,297,141,,401,363
215,summoner-818464,216,DoiERADAN,Master,295,115,,257,232
216,summoner-994310,217,Hora de worka,Master,294,101,,409,371
217,summoner-14004756,218,Riyev,Master,294,76,,173,145
218,summoner-25010156,219,Homeless adc,Master,293,56,,146,118
219,summoner-5520003,220,Hometown SmiIe,Master,289,48,,123,78
220,summoner-3446959,221,ÁREA INDUSTRIAL,Master,289,49,,96,63
221,summoner-29196028,222,almirante1,Master,288,73,,289,238
222,summoner-1796922,223,HeavenHelI,Master,286,173,,214,181
223,summoner-5883654,224,Junklif3,Master,285,108,,178,153
224,summoner-3299674,225,bot die,Master,285,67,,162,141
225,summoner-27940487,226,itsuka kitto,Master,285,52,,123,77
226,summoner-16975364,227,live my life,Master,284,191,,690,664
227,summoner-18770125,228,CNBrunch,Master,283,52,,123,83
228,summoner-441177,229,Feeeeeeeeeeeed,Master,282,111,,423,394
229,summoner-18121335,230,Luks Said,Master,281,158,,420,397
230,summoner-18280181,231,am I the one,Master,280,40,,82,40
231,summoner-3228096,232,kingao dog,Master,262,137,,407,383
232,summoner-1345097,233,astro,Master,279,88,,151,119
233,summoner-457897,234,DJ LuzAzul,Master,279,47,,118,81
234,summoner-24810138,235,88961597,Master,279,49,,102,70
235,summoner-450353,236,Mr Glass,Master,277,121,,446,423
236,summoner-1686341,237,CaioMeninoJayce,Master,277,63,,183,140
237,summoner-14733467,238,Exura Siio,Master,275,145,,612,586
238,summoner-2982516,239,SheIdon1,Master,274,172,,633,612
239,summoner-850841,240,deIicate,Master,273,105,,157,116
240,summoner-2824572,241,omfg qe dog,Master,271,106,,405,346
241,summoner-1354749,242,Jukes,Master,288,107,,328,309
242,summoner-31390138,243,lwasbornforthis,Master,271,55,,144,84
243,summoner-460712,244,Milozinho,Master,268,111,,356,330
244,summoner-3857643,245,Rebuild Yourself,Master,268,128,,200,169
245,summoner-13200138,246,Droovyle,Master,267,45,,84,50
246,summoner-448798,247,Malfeitin,Master,266,140,,265,242
247,summoner-23160147,248,Warangelus2,Master,231,60,,215,177
248,summoner-498101,249,RSL TaKKeru,Master,265,155,,566,540
249,summoner-498232,250,iLoveYourFear,Master,265,88,,273,249
250,summoner-29300136,251,zzzzzzzzzzzzzz1,Master,265,60,,222,179
251,summoner-27402791,252,miIiodas,Master,265,64,,182,156
252,summoner-2161086,253,Pucas Laquetá,Master,264,87,,244,207
253,summoner-7482188,254,Redentor,Master,262,127,,481,452
254,summoner-2627086,255,kr mid laner,Master,262,134,,468,442
255,summoner-30012821,256,Jácomini,Master,262,105,,420,372
256,summoner-13392802,257,VK Klaus,Master,262,59,,196,170
257,summoner-526203,258,URSÃO DA FEDERAL,Master,260,72,,167,128
258,summoner-1100839,259,R l P,Master,259,67,,267,192
259,summoner-5896098,260,wilmat23,Master,259,103,,253,225
260,summoner-950207,261,Ferchuchu,Master,259,82,,140,114
261,summoner-1122851,262,Gyeongg,Master,257,102,,278,251
262,summoner-3856504,263,KTCHORO 0 WUKONG,Master,257,98,,186,157
263,summoner-6741238,264,João O Tiltado,Master,255,94,,184,156
264,summoner-7353911,265,Dondeiza,Master,254,71,,161,134
265,summoner-1706396,266,Aran,Master,250,89,,148,111
266,summoner-12614374,267,Giozi,Master,249,85,,157,128
267,summoner-3586097,268,Poulzric,Master,245,59,,110,74
268,summoner-14844789,269,GUSTAVOGARCEZ1,Master,243,74,,265,141
269,summoner-2143857,270,Arlon547,Master,241,118,,363,333
270,summoner-18290216,271,in ayel we trust,Master,240,51,,160,105
271,summoner-552733,272,ill be better,Master,238,81,,204,181
272,summoner-517654,273,Ataides,Master,237,95,,345,312
273,summoner-3508522,274,Victinz,Master,219,69,,130,98
274,summoner-2432968,275,RSL vini,Master,236,105,,392,357
275,summoner-3251408,276,Guspfc,Master,236,105,,366,334
276,summoner-24420127,277,jggr,Master,234,45,,118,79
277,summoner-551613,278,Iouiz,Master,233,95,,260,230
278,summoner-643646,279,Winter NGDP,Master,232,91,,196,176
279,summoner-18133990,280,im goodplayer,Master,232,44,,101,54
280,summoner-4145901,281,Zyeras,Master,231,127,,368,336
281,summoner-27904942,282,SERlOSAMENTE,Master,230,68,,166,141
282,summoner-523009,283,Vida Avançada,Master,229,57,,149,123
283,summoner-9180141,284,FIX1,Master,227,55,,73,45
284,summoner-9406794,285,SupMeiCarryU,Master,226,79,,231,213
285,summoner-6011482,286,Relaxa eu to,Master,226,95,,214,178
286,summoner-31580142,287,EleuGõd,Master,226,56,,168,140
287,summoner-1284062,288,Picknn,Master,225,108,,447,427
288,summoner-1932352,289,fã da Miss Korea,Master,225,95,,182,157
289,summoner-17965375,290,ANN MARY BRAGSON,Master,225,65,,178,152
290,summoner-16313209,291,BugattiHD,Master,224,117,,323,225
291,summoner-1152101,292,Carryy1,Master,224,91,,262,230
292,summoner-522557,293,tinowns,Master,224,54,,147,108
293,summoner-2104285,294,Lilo Senpai,Master,224,111,,141,110
294,summoner-761600,295,Rare,Master,221,107,,435,402
295,summoner-1998729,296,NOT TODAY SATÀN,Master,220,80,,318,251
296,summoner-4125957,297,pstar zilean,Master,220,62,,153,118
297,summoner-27923424,298,Traaaxx,Master,218,129,,388,361
298,summoner-31390129,299,Wood,Master,218,50,,151,102
299,summoner-30733372,300,Gragas plays me,Master,217,77,,303,261
300,summoner-418238,301,lndigo child,Master,216,77,,276,260
301,summoner-26660126,302,VashXStampide,Master,215,61,,123,84
302,summoner-514147,303,PEEL NA SORAKITA,Master,215,46,,117,57
303,summoner-34010129,304,3242358,Master,215,39,,70,31
304,summoner-24800140,305,NA KUCKEIRA BIXO,Master,214,51,,120,94
305,summoner-16580620,306,ZBOLINHAKKKKKKKK,Master,215,137,,511,499
306,summoner-29661342,307,above the best,Master,213,66,,197,142
307,summoner-17163065,308,Frooooooooosty,Master,213,70,,168,119
308,summoner-2618083,309,11G Shy,Master,213,110,,114,83
309,summoner-22057832,310,the saddest law,Master,212,86,,153,125
310,summoner-535862,311,Bom de lança,Master,212,54,,86,54
311,summoner-598401,312,DANIEL CAMISA 10,Master,211,122,,333,305
312,summoner-5093272,313,ueP,Master,210,109,,193,169
313,summoner-4990391,314,Jack RusseI,Master,209,70,,130,103
314,summoner-1335095,315,Brunaldoo,Master,208,135,,451,422
315,summoner-4744689,316,yHanzo,Master,207,137,,351,329
316,summoner-9264045,317,16BIT Play,Master,173,135,,500,478
317,summoner-523059,318,RyousMaster,Master,206,96,,309,270
318,summoner-4791037,319,Odeio o Dia 5,Master,224,78,,137,100
319,summoner-3325689,320,Octavia Wonkru,Master,204,71,,128,109
320,summoner-16131465,321,DóRéMiFáSolado,Master,203,106,,212,181
321,summoner-24781944,322,PJ THE ANIMAL,Master,202,86,,325,312
322,summoner-477170,323,o Kalec,Master,200,101,,359,344
323,summoner-1476385,324,ebidi,Master,200,134,,351,322
324,summoner-30947194,325,SCRIPTED XERATH,Master,200,87,,247,191
325,summoner-1570860,326,lord semi,Master,199,82,,236,211
326,summoner-9725369,327,ICH z1ni,Master,199,73,,162,129
327,summoner-4369373,328,Aegís,Master,198,92,,249,232
328,summoner-9336991,329,Sensitivy,Master,197,120,,155,120
329,summoner-32340130,330,1Shmebulock,Master,177,72,,292,246
330,summoner-994288,331,E O TAL DO BANCO,Master,195,118,,369,349
331,summoner-2656450,332,wash our fears,Master,194,74,,174,142
332,summoner-626826,333,Saito o Random,Master,194,84,,145,109
333,summoner-27620130,334,Mi Diosa Remilia,Master,194,63,,135,99
334,summoner-8771352,335,KraZace,Master,191,72,,148,118
335,summoner-10006127,336,LokiFc,Master,190,102,,310,281
336,summoner-4300217,337,DvR,Master,190,94,,169,131
337,summoner-3674871,338,Gubrizin,Master,189,146,,436,414
338,summoner-26810871,339,C9Sneakyfanboy,Master,189,59,,148,105
339,summoner-2526288,340,spoiI my night,Master,188,95,,398,376
340,summoner-31580156,341,Otherworld,Master,186,70,,268,229
341,summoner-18290159,342,Freshx,Master,184,80,,241,219
342,summoner-2361597,343,Duclou,Master,182,79,,149,121
343,summoner-526242,344,pocasx,Master,182,101,,110,78
344,summoner-10212533,345,MATHEUS LEIRIÃO,Master,182,52,,108,67
345,summoner-1291697,346,Díyo,Master,181,97,,405,372
346,summoner-13304712,347,The Endeavor,Master,202,88,,301,281
347,summoner-627770,348,Koumei,Master,181,111,,163,123
348,summoner-15840890,349,RIP VAYNE,Master,180,121,,372,349
349,summoner-461489,350,Foxicity,Master,162,111,,271,241
350,summoner-2223813,351,Vem de,Master,176,63,,171,139
351,summoner-3410218,352,NOsFerus,Master,175,87,,138,112
352,summoner-417952,353,Chá Preto,Master,174,207,,635,628
353,summoner-21230246,354,Yoaan,Master,174,111,,404,387
354,summoner-451826,355,MekansS,Master,171,117,,311,288
355,summoner-797658,356,BF343,Master,173,98,,338,320
356,summoner-4422505,357,Nickii,Master,172,142,,96,68
357,summoner-1423539,358,VKG ONR2K,Master,170,132,,186,153
358,summoner-31891670,359,Vngce,Master,170,55,,140,79
359,summoner-5808515,360,David HaIIer,Master,169,86,,293,269
360,summoner-787356,361,Reyt,Master,166,54,,110,81
361,summoner-2211022,362,Kennzy,Master,165,91,,394,368
362,summoner-2961615,363,keep your faith,Master,165,72,,236,210
363,summoner-31390134,364,kbm KZ,Master,165,58,,159,90
364,summoner-4733664,365,Bucn,Master,209,55,,117,84
365,summoner-404537,366,Shimàzu,Master,164,103,,155,126
366,summoner-9660188,367,greek yogurt,Master,164,60,,135,107
367,summoner-5610206,368,150195,Master,162,100,,491,445
368,summoner-29911410,369,U gotta know,Master,162,73,,194,126
369,summoner-531982,370,Krasty,Master,162,62,,139,118
370,summoner-31903147,371,Kyokate,Master,162,49,,133,71
371,summoner-22681499,372,Gen G CoreJJ,Master,162,47,,73,52
372,summoner-22232487,373,eu sou mt lindoo,Master,160,103,,393,381
373,summoner-482358,374,Kestra,Master,158,121,,569,550
374,summoner-2959963,375,Artuu,Master,158,105,,208,176
375,summoner-3922741,376,Ernest Du Voyage,Master,158,48,,161,88
376,summoner-1735293,377,RBT Burritox,Master,154,114,,359,340
377,summoner-1470279,378,Dino0,Master,154,110,,188,154
378,summoner-527644,379,RW doinb,Master,153,59,,126,104
379,summoner-16292670,380,zSora,Master,152,144,,255,227
380,summoner-488302,381,OWOWOW Q ISSO,Master,152,82,,156,133
381,summoner-1670139,382,Vivendopedra,Master,155,91,,320,277
382,summoner-2640979,383,Super Primata,Master,150,140,,395,381
383,summoner-3582429,384,mxcn1,Master,149,95,,364,325
384,summoner-1921192,385,cloudboys,Master,149,123,,239,210
385,summoner-17502485,386,fightingforlove,Master,149,77,,164,145
386,summoner-1346848,387,Nando Moura,Master,149,59,,120,98
387,summoner-1061122,388,Goot,Master,148,151,,276,258
388,summoner-9515709,389,Vento ventania,Master,148,80,,126,116
389,summoner-3696322,390,BTS FANpanman,Master,147,90,,255,234
390,summoner-5632944,391,addoh,Master,147,84,,239,213
391,summoner-514832,392,Otakinho,Master,147,74,,214,186
392,summoner-4124582,393,ddddddoublelift,Master,164,172,,638,623
393,summoner-1177854,394,I am JauM,Master,146,145,,338,314
394,summoner-564264,395,Tlux Capitalista,Master,146,93,,304,285
395,summoner-1094438,396,RSL Disave,Master,146,83,,187,161
396,summoner-1826344,397,Kyoú,Master,145,120,,362,349
397,summoner-2446190,398,Freedon1,Master,145,119,,269,243
398,summoner-1153778,399,LLKO,Master,145,64,,163,141
399,summoner-405232,400,filthy but frank,Master,144,131,,388,365
400,summoner-459699,401,Cawabanga,Master,144,89,,260,231
401,summoner-3876563,402,LordTrolll,Master,143,112,,512,488
402,summoner-26122519,403,Portuga o Odiado,Master,143,119,,432,412
403,summoner-28042364,404,Nick Link,Master,143,103,,328,306
404,summoner-31410134,405,SteaI,Master,143,60,,190,159
405,summoner-529557,406,WH Khorn,Master,123,123,,257,221
406,summoner-3264020,407,Xusty,Master,141,169,,490,458
407,summoner-1347189,408,WP Vampyrus,Master,141,121,,246,228
408,summoner-458565,409,Alaor Leao,Master,158,64,,149,122
409,summoner-16305669,410,ySkyTech,Master,152,85,,122,91
410,summoner-13255870,411,Garakuta,Master,140,99,,329,301
411,summoner-5940279,412,Orlan,Master,139,107,,382,368
412,summoner-26251237,413,NinjasHyper,Master,139,72,,300,265
413,summoner-3775391,414,Celo Otaku GOD,Master,139,118,,266,238
414,summoner-4642371,415,lnoue,Master,138,147,,369,349
415,summoner-4426254,416,zFudenci0,Master,138,73,,174,148
416,summoner-517514,417,Josh Dun,Master,138,54,,116,88
417,summoner-10270414,418,Juki 1,Master,137,125,,414,393
418,summoner-443671,419,Nuvem,Master,137,111,,360,334
419,summoner-3808425,420,Anubite,Master,114,60,,103,69
420,summoner-1314581,421,sopEr,Master,135,101,,264,235
421,summoner-24820137,422,JUDOCA DO VAL,Master,135,47,,76,44
422,summoner-4063950,423,Miito,Master,134,87,,233,181
423,summoner-5486333,424,WUKONG RAIKAGE,Master,131,128,,228,209
424,summoner-26634825,425,korean elo,Master,132,61,,140,91
425,summoner-7364378,426,ESEQ SENPAI,Master,132,70,,139,114
426,summoner-3314389,427,ÉL DG da RAJADA,Master,131,100,,254,244
427,summoner-4571134,428,P0GG3R5,Master,107,136,,531,513
428,summoner-30714295,429,xXOtakuSlayerXx,Master,130,76,,235,218
429,summoner-587003,430,Sylvanas Fanboy,Master,128,132,,500,475
430,summoner-25041004,431,UGNAZ mcemo0219J,Master,128,100,,423,400
431,summoner-26040126,432,Reporta 7z7 durr,Master,128,99,,296,275
432,summoner-1560796,433,ayk good kid,Master,125,86,,225,198
433,summoner-5160319,434,Koshi o Duelista,Master,124,95,,103,79
434,summoner-517476,435,WP Hawk,Master,123,91,,295,289
435,summoner-9093830,436,zIFaker,Master,123,158,,243,217
436,summoner-1192093,437,Tuiu ZX,Master,122,112,,236,194
437,summoner-477254,438,Invocador,Master,118,74,,200,175
438,summoner-15860130,439,1TRAFALGAR LAW,Master,117,84,,292,269
439,summoner-5306960,440,LDL Hamamura,Master,117,97,,221,193
440,summoner-18780124,441,ta frio demais,Master,117,49,,75,47
441,summoner-441589,442,lord knows,Master,116,78,,248,226
442,summoner-4391385,443,Devios Sarrador,Master,133,92,,284,261
443,summoner-5283415,444,Ceres of Night,Master,113,96,,156,123
444,summoner-459192,445,treevor,Master,113,65,,121,92
445,summoner-1412492,446,Toih,Master,112,105,,417,390
446,summoner-2151821,447,Ribeiro xD,Master,112,129,,401,377
447,summoner-502146,448,hctiwT freN,Master,112,113,,251,232
448,summoner-2494246,449,w0lfg4ng,Master,112,115,,226,182
449,summoner-459360,450,Feniks,Master,111,130,,624,616
450,summoner-2942109,451,crawling soul,Master,111,119,,412,378
451,summoner-18260229,452,jungle go boom,Master,111,80,,212,193
452,summoner-3967546,453,Kenái,Master,110,132,,307,246
453,summoner-486025,454,FuLyyyyyyyZiK,Master,127,108,,288,259
454,summoner-5214422,455,fight back,Master,110,74,,153,129
455,summoner-3666306,456,KooperR,Master,110,68,,140,110
456,summoner-1703286,457,Dratini,Master,109,121,,202,176
457,summoner-473842,458,Peacemaker Luke,Master,107,99,,223,196
458,summoner-4407154,459,Vinicius Pro,Master,124,98,,307,270
459,summoner-952177,460,STMPD RCRDS,Master,105,133,,473,455
460,summoner-771334,461,Marf,Master,105,98,,404,391
461,summoner-29762152,462,Live what u love,Master,105,112,,312,277
462,summoner-15624313,463,GuizorPET,Master,105,116,,274,240
463,summoner-28810885,464,melancholicdrugs,Master,88,108,,262,231
464,summoner-401441,465,nivaspivetta,Master,105,56,,223,159
465,summoner-3417137,466,Dragão de Komodo,Master,104,97,,109,82
466,summoner-2989650,467,HIGAO SOLOU VC,Master,103,115,,546,541
467,summoner-553147,468,NNz GuardiaN,Master,102,118,,432,418
468,summoner-1733808,469,Hatake1,Master,102,72,,175,145
469,summoner-2453114,470,SrFakerDoCongo,Master,101,74,,241,205
470,summoner-2834848,471,Aluno d Medicina,Master,101,120,,164,140
471,summoner-1390933,472,iBlair,Master,100,76,,203,184
472,summoner-26515137,473,Linkey,Master,100,147,,97,65
473,summoner-16011786,474,HiGuilty,Master,99,130,,443,413
474,summoner-3342193,475,Kishi de kejo,Master,98,102,,268,252
475,summoner-27800148,476,douglas din,Master,119,48,,68,35
476,summoner-3281312,477,Temporada2011,Master,97,64,,186,156
477,summoner-483841,478,kkkkkk esse meta,Master,97,82,,177,150
478,summoner-524758,479,arrogant warrior,Master,95,109,,407,388
479,summoner-490796,480,Dettz1,Master,94,83,,367,309
480,summoner-2271076,481,Berg o God,Master,77,130,,555,525
481,summoner-3915569,482,Reforjado Maxus,Master,93,109,,363,346
482,summoner-24810139,483,BRAZILIAN DOG,Master,92,59,,144,113
483,summoner-14983993,484,Yamato rank 1,Master,92,49,,109,57
484,summoner-800274,485,Kuks,Master,91,108,,371,350
485,summoner-537758,486,O Atuário,Master,91,67,,172,139
486,summoner-30654251,487,Believe in Savz,Master,90,41,,79,29
487,summoner-2894057,488,always suffering,Master,89,120,,373,341
488,summoner-813924,489,TIO TA AI,Master,89,113,,222,185
489,summoner-3812004,490,St0rm3r,Master,89,105,,115,87
490,summoner-13971314,491,RIP Smite,Master,88,116,,354,329
491,summoner-12680134,492,shadowwwwwwww,Master,88,101,,281,272
492,summoner-932241,493,Nakinha,Master,88,119,,166,147
493,summoner-25431001,494,Frenetic B O Y S,Master,88,48,,138,84
494,summoner-3171437,495,ACE sPorc,Master,87,117,,355,334
495,summoner-995547,496,azore,Master,87,101,,347,328
496,summoner-3329598,497,Hide On RuuusTy,Master,67,106,,203,185
497,summoner-4581492,498,ErroNão,Master,87,50,,114,66
498,summoner-2875987,499,Bebê a Bardo,Master,86,126,,364,345
499,summoner-4451385,500,scamber,Master,86,106,,180,167
500,summoner-539364,501,goId ACE,Master,85,118,,425,400
501,summoner-4290375,502,Little Churros,Master,68,160,,213,196
502,summoner-2829468,503,YUHZZ,Master,85,66,,167,132
503,summoner-2495453,504,CIown,Master,84,93,,228,195
504,summoner-543105,505,PLS Kaze,Master,84,61,,117,77
505,summoner-1950898,506,F   Í   R   O,Master,81,119,,298,264
506,summoner-1390998,507,GzuisCriaEuMato,Master,81,63,,134,90
507,summoner-1303684,508,Ketsu,Master,78,86,,298,277
508,summoner-4213864,509,Flame Breath,Master,78,114,,186,160
509,summoner-1653372,510,wild Unicorn,Master,78,168,,154,108
510,summoner-15401238,511,GSK dnr1,Master,77,116,,464,439
511,summoner-2840667,512,WP POMBO,Master,77,73,,265,222
512,summoner-2886810,513,i ZooD x,Master,77,112,,213,189
513,summoner-4220138,514,10Comand Derieri,Master,113,134,,271,248
514,summoner-1394602,515,Bmxsz,Master,76,68,,132,103
515,summoner-1793570,516,winged crowley,Master,75,118,,261,222
516,summoner-3558565,517,mazKing,Master,74,113,,393,377
517,summoner-16102147,518,aShuraWurath,Master,74,87,,165,132
518,summoner-9153771,519,Vladimir Bot,Master,74,55,,157,126
519,summoner-31029066,520,ScriptKing,Master,73,112,,346,304
520,summoner-23844107,521,Kur0,Master,73,93,,224,184
521,summoner-1798029,522,Sephis1,Master,73,59,,192,144
522,summoner-470423,523,UCW Fergonha  10,Master,73,93,,155,139
523,summoner-2633381,524,ÉL TiTiltei 1v9,Master,72,115,,294,261
524,summoner-411765,525,Fizz,Master,72,114,,152,128
525,summoner-3160143,526,Ignorant Thralls,Master,72,49,,117,65
526,summoner-2063689,527,PUC Darkotte,Master,71,108,,144,115
527,summoner-11425082,528,The Spiker,Master,70,98,,235,199
528,summoner-3608479,529,LDL DJ,Master,70,114,,216,183
529,summoner-1521225,530,Anar alah Belore,Master,69,97,,480,387
530,summoner-28974538,531,RDP Kvrak,Master,124,84,,249,223
531,summoner-6905046,532,Distinct1,Master,69,62,,85,65
532,summoner-4179025,533,Fréu,Master,68,122,,472,459
533,summoner-3250478,534,j3k5y7ty91,Master,68,88,,231,211
534,summoner-19680554,535,Winter Mid Beast,Master,68,58,,163,134
535,summoner-2610376,536,rust player,Master,86,61,,130,108
536,summoner-472017,537,Mianhae,Master,65,115,,190,156
537,summoner-3320429,538,Hi im Vermilion,Master,65,52,,133,97
538,summoner-1506830,539,ACE Auron ArmSTR,Master,64,144,,318,292
539,summoner-3175198,540,BiotoniKo,Master,64,106,,254,236
540,summoner-1303213,541,AkashiSJ,Master,64,69,,176,145
541,summoner-1774157,542,Kyuubi xP,Master,61,97,,270,251
542,summoner-16542924,543,RNG Zz1tai1,Master,61,48,,84,64
543,summoner-2226672,544,4FoX Witeger,Master,60,86,,216,181
544,summoner-3072094,545,Triguit0,Master,59,95,,174,149
545,summoner-10130145,546,Iordcini,Master,59,76,,118,97
546,summoner-27220135,547,LhazZurt,Master,58,101,,332,322
547,summoner-4453680,548,Zubreska,Master,39,79,,280,259
548,summoner-20080132,549,HAF Khynm1k,Master,57,62,,134,109
549,summoner-20770309,550,Wesley Safadoski,Master,56,71,,136,120
550,summoner-527659,551,Tartaruga Véia,Master,55,67,,165,148
551,summoner-19802739,552,Courtesy,Master,55,136,,156,114
552,summoner-1322639,553,GordoOtakoNaruto,Master,53,66,,203,176
553,summoner-10015953,554,A new marksmanBR,Master,52,136,,243,223
554,summoner-28871059,555,LDL Mittens,Master,51,124,,303,272
555,summoner-5025726,556,KJ Frost,Master,51,136,,275,257
556,summoner-31390136,557,xd40028922xd,Master,51,50,,155,109
557,summoner-4621500,558,BBenj1,Master,50,87,,302,289
558,summoner-21020126,559,Plugo1,Master,50,43,,82,53
559,summoner-1187695,560,Specktro NGDP,Master,49,94,,368,292
560,summoner-1772812,561,30 anos,Master,49,70,,220,192
561,summoner-10878247,562,COX4,Master,48,104,,408,389
562,summoner-8382735,563,Don t Iook at me,Master,48,66,,228,193
563,summoner-4979785,564,Jiren,Master,47,116,,304,276
564,summoner-536481,565,HadesEx,Master,47,135,,189,159
565,summoner-514602,566,kpsaodksaodf,Master,47,71,,186,164
566,summoner-9685535,567,Wonks,Master,47,102,,63,22
567,summoner-2248058,568,Patoshi,Master,46,105,,205,168
568,summoner-2883143,569,Mighty MuffiN,Master,46,62,,130,106
569,summoner-2848023,570,Aerys Targaryien,Master,45,88,,317,286
570,summoner-2835328,571,CNB BericK,Master,45,91,,200,182
571,summoner-2816319,572,Skzero,Master,44,97,,277,257
572,summoner-18280198,573,O Pantera,Master,44,41,,45,15
573,summoner-596276,574,SB STARS NiT,Master,43,108,,381,348
574,summoner-30563222,575,DaIIasmmbr,Master,24,58,,210,155
575,summoner-30773284,576,RDP Riva,Master,43,109,,182,158
576,summoner-2456216,577,Steve Walsh,Master,42,104,,229,204
577,summoner-27934954,578,Mockíngbird,Master,42,51,,79,48
578,summoner-33943359,579,tiosatan yas lol,Master,41,47,,153,101
579,summoner-22620141,580,Nóttingham Lace,Master,41,53,,107,75
580,summoner-3140810,581,AfonsoYo,Master,40,104,,287,254
581,summoner-463540,582,ShyGuy Serket,Master,39,97,,296,271
582,summoner-1172963,583,WorstDayOfMyLife,Master,38,122,,462,440
583,summoner-1177778,584,PepinoMaritimo,Master,38,67,,166,144
584,summoner-14331788,585,blemblade,Master,37,125,,286,265
585,summoner-524470,586,Panda,Master,37,48,,123,92
586,summoner-2603508,587,Newgâte,Master,36,134,,303,281
587,summoner-21255419,588,Six And Ten,Master,36,80,,180,161
588,summoner-1400564,589,Lavox,Master,35,90,,239,220
589,summoner-411017,590,Hooked ois,Master,35,85,,217,196
590,summoner-481209,591,Sterben Sama,Master,34,71,,115,86
591,summoner-11077008,592,Baby Puck,Master,31,146,,167,144
592,summoner-2504311,593,Krane,Master,30,125,,474,453
593,summoner-29690131,594,Rabbit4Dinner,Master,30,56,,133,119
594,summoner-9862560,595,ISN Riéry,Master,29,122,,420,420
595,summoner-3051761,596,LeLeu da SWAT,Master,29,70,,176,144
596,summoner-4483023,597,Jiyuu no Tsubasa,Master,9,114,,297,258
597,summoner-1340907,598,Shirusen,Master,26,108,,239,214
598,summoner-9730507,599,Malboro Rulez,Master,25,119,,531,515
599,summoner-22730843,600,Kirigaya Suguha,Master,24,171,,575,552
600,summoner-5290353,601,EuNRezoMasAFiora,Master,24,98,,190,151
601,summoner-4144418,602,zFenrir,Master,21,108,,553,540
602,summoner-4825112,603,Cookiezi1,Master,23,115,,380,371
603,summoner-1499171,604,All Apologies,Master,23,156,,306,294
604,summoner-3623540,605,Petroni,Master,22,86,,221,205
605,summoner-34000127,606,3242354,Master,22,37,,60,34
606,summoner-417844,607,Redshift res,Master,21,101,,399,376
607,summoner-524918,608,Koveiro MTX,Master,21,106,,306,288
608,summoner-1344784,609,BDN KataWINa,Master,21,111,,259,231
609,summoner-3696269,610,I is not Brazil,Master,21,98,,163,128
610,summoner-6374367,611,CG Febiven,Master,21,79,,157,134
611,summoner-2478279,612,Fuzzy1,Master,20,105,,135,100
612,summoner-1863982,613,Preencher,Master,19,145,,415,410
613,summoner-1627892,614,MorenoMisterioso,Master,19,180,,405,384
614,summoner-6300127,615,awp element,Master,19,116,,384,368
615,summoner-4126797,616,Spl4sh,Master,40,83,,278,256
616,summoner-431323,617,Myra,Master,19,107,,247,216
617,summoner-2354538,618,qIdurtms,Master,19,66,,222,146
618,summoner-488369,619,O imobiliário,Master,19,80,,212,199
619,summoner-9406948,620,Bakugo Katsuki,Master,19,97,,183,163
620,summoner-4935055,621,Jack Russel,Master,19,95,,182,173
621,summoner-403845,622,Riper,Master,18,144,,324,303
622,summoner-13771390,623,FLA vinHow,Master,18,78,,316,247
623,summoner-5205115,624,Ferocity,Master,18,52,,109,63
624,summoner-8900418,625,Ryuzakí,Master,17,115,,260,235
625,summoner-3296958,626,Focho,Master,17,69,,248,227
626,summoner-451624,627,RSL Corumbá,Master,16,90,,285,254
627,summoner-778748,628,Faker do Nepal,Master,16,94,,219,182
628,summoner-597851,629,PLS Rodox,Master,16,98,,185,158
629,summoner-1918288,630,Cell Jr,Master,15,97,,201,140
630,summoner-2213672,631,CNB Reversed,Master,15,89,,186,163
631,summoner-5714893,632,VITIN MLK NICE,Master,14,136,,334,311
632,summoner-486498,633,Luk3zz,Master,14,48,,138,116
633,summoner-595803,634,Mitrek,Master,12,78,,223,206
634,summoner-1722557,635,yougotmeexcited,Master,9,185,,295,276
635,summoner-440670,636,22 8,Master,9,69,,160,141
636,summoner-31390137,637,Covered in scars,Master,8,41,,75,30
637,summoner-32360135,638,Prbreu,Master,7,52,,147,127
638,summoner-1167954,639,Cellin Lothbrok,Master,5,122,,646,589
639,summoner-2890465,640,NizuehT,Master,5,103,,257,219
640,summoner-457012,641,Solado,Master,5,98,,187,165
641,summoner-1501104,642,luqque O BAITA,Master,4,146,,554,532
642,summoner-7544850,643,miss the old you,Master,2,74,,180,166
643,summoner-27542993,644,TEMPTAT1ON,Master,0,62,,160,135
644,summoner-13492742,645,SCM Aeon,Master,1,64,,71,45
645,summoner-3950358,646,Wíll,Master,0,160,,746,736
646,summoner-882839,647,l Atena l,Master,0,155,,701,683
647,summoner-8112185,648,UFRPE Limão,Master,0,120,,653,645
648,summoner-2233464,649,WANTED is here,Master,0,130,,502,494
649,summoner-11580022,650,galaxyzinn,Master,0,100,,463,430
650,summoner-27162475,651,epilul,Master,0,96,,455,443
651,summoner-442237,652,JAW KmarT,Master,0,155,,453,435
652,summoner-4701496,653,follow my path,Master,18,127,,420,411
653,summoner-2803624,654,Quindinho,Master,0,104,,416,396
654,summoner-16682207,655,ThiagoJLDS,Master,0,110,,368,338
655,summoner-1415057,656,Guiziin,Master,0,127,,367,345
656,summoner-1651340,657,Pluto Quantico,Master,0,110,,361,321
657,summoner-2948455,658,eu desisto fácil,Master,0,111,,334,289
658,summoner-536498,659,Est Pirajá,Master,0,84,,331,274
659,summoner-1292042,660,EU DO AULA,Master,0,92,,331,298
660,summoner-1993099,661,Eliseoz bx,Master,0,86,,328,300
661,summoner-3414572,662,ZÉ DO POSTO,Master,0,104,,316,290
662,summoner-18532885,663,in my head,Master,0,82,,309,297
663,summoner-1190645,664,Tukay,Master,0,106,,298,278
664,summoner-4925902,665,Seraphita,Master,0,98,,297,272
665,summoner-2173052,666,olha o treeeeeem,Master,0,95,,296,274
666,summoner-7170433,667,tbsuehtaM,Master,0,90,,294,274
667,summoner-14033719,668,VictorEduardo0,Master,0,97,,271,248
668,summoner-14570669,669,beer cold,Master,0,71,,270,183
669,summoner-3931725,670,Popositivo,Master,0,135,,255,239
670,summoner-2074649,671,Sir Zoldyck,Master,0,97,,253,219
671,summoner-23130950,672,lCElCEBABY,Master,0,120,,251,212
672,summoner-26222867,673,eLavieta,Master,0,85,,235,228
673,summoner-2835342,674,PablloVittar2K18,Master,0,72,,229,196
674,summoner-890852,675,Camello Preto,Master,0,101,,212,190
675,summoner-5124168,676,M4RKS,Master,0,83,,207,186
676,summoner-20184712,677,1 Mro Fazendeiro,Master,0,108,,203,186
677,summoner-7782147,678,C0LD A NidaLEE,Master,0,92,,198,177
678,summoner-1350198,679,Sp4ceman,Master,0,68,,198,174
679,summoner-459411,680,r0t,Master,0,72,,196,175
680,summoner-3280674,681,The Ascension,Master,0,73,,184,160
681,summoner-13168067,682,GABANA,Master,0,62,,146,114
682,summoner-6732993,683,maikuchiha,Master,0,79,,145,121
683,summoner-3171870,684,Werhli,Master,0,93,,144,125
684,summoner-1176482,685,Dysclosure,Master,0,74,,144,123
685,summoner-3359044,686,Sadoski,Master,0,76,,135,116
686,summoner-30050125,687,september dream,Master,0,55,,135,107
687,summoner-513814,688,Kíng Simba,Master,0,116,,104,86
688,summoner-1997338,689,Brtt Galopante,Master,0,108,,98,73
689,summoner-5035690,690,Stoic,Master,0,57,,97,64
690,summoner-21190138,691,Vinic Jiujitero,Master,0,43,,89,43
691,summoner-3223838,692,Doom ABSURDO,Master,0,66,,72,46
692,summoner-9333382,693,Brawles,Diamond 1,100,185,,876,878
693,summoner-14153582,694,Doo,Diamond 1,100,178,,495,475
694,summoner-34510144,695,Nikola Senpai,Diamond 1,100,134,,482,455
695,summoner-14632081,696,GoodsMaster,Master,0,155,,471,456
696,summoner-4387130,697,Izzi quer heimer,Diamond 1,100,126,,417,398
697,summoner-16024244,698,Ascending,Diamond 1,100,100,,371,351
698,summoner-529660,699,boy meets,Diamond 1,100,124,,363,355
699,summoner-410321,700,Brazilian Peanut,Diamond 1,100,82,,326,305
700,summoner-2154407,701,Lyynkz,Diamond 1,100,125,,323,314
701,summoner-540163,702,Aíthusa,Diamond 1,100,130,,298,272
702,summoner-2790371,703,Blade Steal,Diamond 1,100,106,,255,262
703,summoner-9521228,704,K1ng Vini,Diamond 1,100,91,,238,219
704,summoner-1590892,705,Jax Of The Tilt,Diamond 1,100,89,,232,216
705,summoner-405571,706,Venna,Diamond 1,100,108,,210,184
706,summoner-1154220,707,Dunskel,Diamond 1,100,104,,194,176
707,summoner-440408,708,SKG chavy,Diamond 1,100,70,,190,146
708,summoner-15172150,709,TheGuilty,Diamond 1,100,65,,187,141
709,summoner-520512,710,47368741048,Diamond 1,100,71,,183,160
710,summoner-479257,711,paiN KamiKat,Diamond 1,100,64,,178,151
711,summoner-980219,712,Demorish,Diamond 1,81,75,,164,144
712,summoner-453443,713,Xhyz,Diamond 1,100,68,,155,118
713,summoner-16100773,714,Bob Lablaw,Diamond 1,100,136,,153,121
714,summoner-1101087,715,ME DA IBAGENS,Diamond 1,100,66,,151,137
715,summoner-24810147,716,TOO MUCH SAUCE,Diamond 1,100,66,,141,123
716,summoner-3358055,717,vitinshow,Diamond 1,100,72,,133,101
717,summoner-656285,718,Kumagai Eri,Diamond 1,100,75,,123,95
718,summoner-5449172,719,Meow in Bush,Diamond 1,100,69,,120,94
719,summoner-4833622,720,Bate ou Rengarça,Diamond 1,100,89,,118,95
720,summoner-1070129,721,Jewish jojo,Master,0,52,,107,82
721,summoner-7292233,722,Swashbuckler,Diamond 1,100,45,,106,32
722,summoner-31380137,723,OLHA O MAPA PFV,Diamond 1,100,44,,104,63
723,summoner-22366039,724,lIIIIIIIIl,Diamond 1,100,49,,102,67
724,summoner-32340141,725,n te interessa,Diamond 1,100,46,,88,63
725,summoner-3365214,726,Guerreiro da Fé,Diamond 1,100,40,,81,42
726,summoner-12430426,727,drewzera,Diamond 1,100,42,,76,51
727,summoner-3311057,728,its my dreaM,Diamond 1,100,48,,74,28
728,summoner-27790135,729,1789631,Diamond 1,100,48,,70,42
729,summoner-28402415,730,Gabi Grrr,Diamond 1,100,47,,70,44
730,summoner-6556812,731,WE2LTR4P8B,Diamond 1,100,60,,55,35
731,summoner-1682233,732,melhor de btos,Diamond 1,99,101,,276,249
732,summoner-19730920,733,3 Solid Choices,Diamond 1,99,78,,227,214
733,summoner-2361263,734,Rômio,Diamond 1,99,72,,87,70
734,summoner-15422394,735,Doga The God,Diamond 1,98,132,,371,358
735,summoner-9442077,736,Eating Lotus,Diamond 1,98,98,,177,161
736,summoner-27172642,737,Doga o Dog,Diamond 1,98,55,,164,107
737,summoner-3584646,738,LêoN,Diamond 1,97,137,,486,467
738,summoner-31281490,739,ÉL HIPER CARRY,Diamond 1,97,92,,478,426
739,summoner-1913667,740,disket1,Diamond 1,97,94,,160,135
740,summoner-28950132,741,Fan de Pancake,Diamond 1,97,45,,93,58
741,summoner-3682007,742,Slugz,Diamond 1,96,80,,200,177
742,summoner-21210131,743,gtrewe,Diamond 1,96,55,,88,60
743,summoner-4147657,744,Hey Balls,Diamond 1,95,79,,178,160
744,summoner-510499,745,Oikawa1,Diamond 1,95,55,,83,56
745,summoner-15722101,746,Ekko da lurdes,Diamond 1,95,62,,71,41
746,summoner-9283549,747,Apdo,Diamond 1,94,72,,180,158
747,summoner-766566,748,Díg,Diamond 1,94,79,,81,56
748,summoner-598900,749,NUMBA 1 HERO DAH,Diamond 1,94,48,,81,56
749,summoner-1990976,750,funKz,Diamond 1,93,90,,390,349
750,summoner-986652,751,DudsTh3Boy,Diamond 1,93,60,,169,126
751,summoner-452727,752,Sneez l,Diamond 1,100,46,,132,65
752,summoner-484597,753,STM Raposa,Diamond 1,92,96,,317,299
753,summoner-550574,754,Threesh 1v9,Diamond 1,92,154,,286,263
754,summoner-4342671,755,Sr Rabb1t,Diamond 1,92,99,,206,177
755,summoner-4408884,756,Raw,Diamond 1,92,119,,128,111
756,summoner-5400152,757,Ayato Amaguigo,Diamond 1,92,57,,110,74
757,summoner-14541084,758,ISatanGossI,Diamond 1,91,109,,251,219
758,summoner-16773549,759,caíozera,Diamond 1,74,204,,879,872
759,summoner-32890133,760,im a good kid,Diamond 1,90,87,,293,275
760,summoner-9670542,761,yLobão QUÉ OTA,Diamond 1,90,93,,277,274
761,summoner-776572,762,hauz preto,Diamond 1,90,90,,251,222
762,summoner-1187632,763,Bebetin,Diamond 1,90,112,,241,232
763,summoner-1343436,764,Rhodvor,Diamond 1,90,95,,207,180
764,summoner-2081440,765,Ayato Amagiri,Diamond 1,90,83,,195,147
765,summoner-30976282,766,Bean de soraka,Diamond 1,90,58,,163,117
766,summoner-15313652,767,0bsess,Diamond 1,90,68,,144,102
767,summoner-10028008,768,SVARGROND KING,Diamond 1,90,78,,143,118
768,summoner-984823,769,Deey,Diamond 1,90,65,,134,103
769,summoner-447057,770,KBM Atlanta,Diamond 1,90,66,,132,113
770,summoner-4161040,771,INTZ Winter,Diamond 1,90,80,,129,111
771,summoner-2580342,772,Sailakeus,Diamond 1,90,66,,122,76
772,summoner-6553069,773,Iumi,Diamond 1,90,57,,115,92
773,summoner-525199,774,a Seithr,Diamond 1,90,66,,109,87
774,summoner-2040160,775,5roken,Diamond 1,90,63,,109,85
775,summoner-4200372,776,Apollogizee,Diamond 1,90,127,,105,93
776,summoner-10999904,777,Olá Bolas,Diamond 1,90,54,,81,55
777,summoner-1610785,778,summer city,Diamond 1,90,91,,73,55
778,summoner-27552707,779,ruan1 aka boss,Diamond 1,90,47,,71,33
779,summoner-1130265,780,Dérby Vermelho,Diamond 1,90,113,,63,38
780,summoner-16460133,781,Guido Kaczka,Diamond 1,90,40,,59,29
781,summoner-3799474,782,Modo ben 10,Diamond 1,90,35,,45,9
782,summoner-10111115,783,its just asinine,Diamond 1,90,40,,44,15
783,summoner-3209211,784,Endless User,Diamond 1,89,67,,184,162
784,summoner-9202368,785,Blase,Diamond 1,89,86,,176,145
785,summoner-3269462,786,9September,Diamond 1,89,61,,117,104
786,summoner-1989209,787,Leo Chem degniS,Diamond 1,100,111,,470,454
787,summoner-18013692,788,LZ Justice,Diamond 1,88,72,,150,128
788,summoner-8021008,789,Motocicleta,Diamond 1,88,48,,69,44
789,summoner-678912,790,xSuperiorx,Diamond 1,87,85,,217,196
790,summoner-20980220,791,Furão Inverso,Diamond 1,87,81,,140,122
791,summoner-2512456,792,JohnnyMamute,Diamond 1,87,85,,120,93
792,summoner-762837,793,Ver e Ser Visto,Diamond 1,87,102,,120,103
793,summoner-5390924,794,CARD Tifera,Diamond 1,87,97,,100,84
794,summoner-3670378,795,ll Leo ll,Diamond 1,86,111,,263,233
795,summoner-22980133,796,U231,Diamond 1,86,70,,200,183
796,summoner-2597287,797,Murker,Diamond 1,86,94,,138,121
797,summoner-471595,798,ABILTON,Diamond 1,85,76,,159,134
798,summoner-3991439,799,Comunista Seboso,Diamond 1,85,101,,152,138
799,summoner-6803691,800,FACE THE WIND ZD,Diamond 1,85,74,,133,109
800,summoner-445470,801,Merkat,Diamond 1,85,59,,121,86
801,summoner-4561314,802,GabrieI Lopes,Diamond 1,85,89,,99,82
802,summoner-3222331,803,Lux Elementar,Diamond 1,71,146,,610,587
803,summoner-1764489,804,PILOT0,Diamond 1,84,109,,340,335
804,summoner-1602353,805,ThewoS,Diamond 1,84,103,,183,164
805,summoner-2092039,806,aSNK,Diamond 1,84,62,,113,92
806,summoner-1483034,807,CavaloHumano,Diamond 1,84,47,,92,70
807,summoner-437883,808,gut3r4,Diamond 1,83,94,,255,235
808,summoner-17175106,809,WH SoL,Diamond 1,83,138,,202,160
809,summoner-553159,810,just a c0cky jg,Diamond 1,82,99,,327,298
810,summoner-30630317,811,ZenoN,Diamond 1,82,89,,166,137
811,summoner-5584445,812,NOsFerus1,Diamond 1,82,39,,50,29
812,summoner-1841700,813,TENH0 WARMOG,Diamond 1,81,49,,134,102
813,summoner-26210826,814,Cimento VIII,Diamond 1,81,47,,125,70
814,summoner-1210113,815,NIKKK0,Diamond 1,61,86,,256,233
815,summoner-552331,816,Official Shakira,Diamond 1,80,96,,246,222
816,summoner-2796522,817,Bacio di Latte,Diamond 1,80,84,,235,209
817,summoner-18260224,818,myxxx,Diamond 1,80,47,,106,82
818,summoner-480954,819,Azin s2 Nat,Diamond 1,79,106,,262,244
819,summoner-9693284,820,Wintero,Diamond 1,79,65,,181,161
820,summoner-25700133,821,prook good kid,Diamond 1,79,60,,133,121
821,summoner-589882,822,Bob o Cafetão,Diamond 1,80,122,,260,193
822,summoner-4973241,823,Aensland,Diamond 1,78,59,,102,54
823,summoner-3649793,824,RayZ,Diamond 1,78,77,,98,80
824,summoner-28852189,825,ZGFDWQEAZGCRQFD,Diamond 1,77,94,,220,202
825,summoner-2005682,826,carryfanboy,Diamond 1,77,90,,196,183
826,summoner-455856,827,paiN jÚc,Diamond 1,77,82,,109,94
827,summoner-1351382,828,puporr4uga,Diamond 1,76,127,,452,445
828,summoner-2577425,829,UNION Falb,Diamond 1,76,121,,394,360
829,summoner-23101356,830,Anyyyyyy,Diamond 1,76,80,,266,216
830,summoner-760978,831,Laysha,Diamond 1,76,69,,140,111
831,summoner-28624890,832,sorrymybad02,Diamond 1,76,52,,109,103
832,summoner-18270232,833,pOIAUWSEyt,Diamond 1,76,51,,82,58
833,summoner-18260228,834,74632589,Diamond 1,76,40,,50,27
834,summoner-453377,835,Jhonirock,Diamond 1,75,175,,685,673
835,summoner-5783969,836,Eryoff,Diamond 1,75,107,,503,490
836,summoner-2244534,837,kksh,Diamond 1,75,131,,467,444
837,summoner-1404767,838,Maynah,Diamond 1,75,122,,430,405
838,summoner-2340712,839,XAPO VEI A LARIK,Diamond 1,75,110,,390,365
839,summoner-15221416,840,the began,Diamond 1,75,113,,382,381
840,summoner-411597,841,AlocsMan,Diamond 1,75,105,,366,353
841,summoner-8200540,842,BFE Shuuuh,Diamond 1,75,130,,365,332
842,summoner-477105,843,DASLAYER,Diamond 1,75,91,,355,322
843,summoner-3414220,844,Danlife,Diamond 1,75,92,,314,292
844,summoner-4065903,845,Fusyer,Diamond 1,75,91,,281,255
845,summoner-2471180,846,Savz KING,Diamond 1,75,87,,280,240
846,summoner-810720,847,Zanatsuo,Diamond 1,75,83,,280,252
847,summoner-17323904,848,SOLTA O RAITECK,Diamond 1,75,67,,276,193
848,summoner-584033,849,toshibaa,Diamond 1,75,100,,274,253
849,summoner-27400654,850,Dggggggggggggggg,Diamond 1,75,75,,273,230
850,summoner-477145,851,raising hope,Diamond 1,75,68,,267,214
851,summoner-23550153,852,Leigrey,Diamond 1,75,70,,267,245
852,summoner-29380511,853,Chachki1,Diamond 1,75,72,,263,204
853,summoner-2119346,854,Bartthory,Diamond 1,75,69,,248,226
854,summoner-10261344,855,die trying,Diamond 1,75,73,,238,221
855,summoner-4827162,856,Mid Carente,Diamond 1,75,78,,237,187
856,summoner-13921327,857,Hasin,Diamond 1,75,88,,236,209
857,summoner-26791483,858,Giigii Ryuzaki,Diamond 1,75,121,,233,200
858,summoner-3291057,859,Rakin,Diamond 1,75,70,,224,199
859,summoner-5642522,860,Malory3030,Diamond 1,75,71,,220,194
860,summoner-4694899,861,Midphobia,Diamond 1,75,87,,219,188
861,summoner-31390142,862,olha q legal,Diamond 1,75,63,,211,143
862,summoner-1177593,863,Hykarin,Diamond 1,75,101,,210,185
863,summoner-11047505,864,O VRDDRO GUARANÁ,Diamond 1,75,76,,206,180
864,summoner-2427841,865,Naillimixam M,Diamond 1,75,114,,202,175
865,summoner-3925919,866,hauz,Diamond 1,75,84,,201,159
866,summoner-22195228,867,jayceblindado123,Diamond 1,75,123,,198,159
867,summoner-33650124,868,xNicomando,Diamond 1,75,74,,194,168
868,summoner-4444467,869,blamez1,Diamond 1,75,82,,193,168
869,summoner-7813501,870,Metal,Diamond 1,75,97,,191,176
870,summoner-7961098,871,StalkerMONSTRO,Diamond 1,75,82,,190,163
871,summoner-32314561,872,Gods PIan,Diamond 1,75,60,,188,136
872,summoner-27574079,873,Near1,Diamond 1,75,81,,187,164
873,summoner-490517,874,Nicomando,Diamond 1,75,60,,181,151
874,summoner-6401622,875,JUNKURIBOH,Diamond 1,75,72,,178,169
875,summoner-4320191,876,GOWTHER A LENDA,Diamond 1,75,91,,173,150
876,summoner-4095213,877,Dream Colors,Diamond 1,75,51,,170,117
877,summoner-16783713,878,ANNlE BOT,Diamond 1,75,72,,165,137
878,summoner-4612917,879,PàtoBoy Corredor,Diamond 1,75,96,,165,139
879,summoner-7531495,880,Let me beyond,Diamond 1,75,125,,165,126
880,summoner-27661423,881,SURFlSTAO7,Diamond 1,75,66,,161,130
881,summoner-661868,882,pimpimenta,Diamond 1,75,58,,160,118
882,summoner-6645550,883,Lêozuxo,Diamond 1,75,88,,157,137
883,summoner-5200602,884,Lieren,Diamond 1,75,66,,157,124
884,summoner-3868459,885,Jóka,Diamond 1,75,93,,153,119
885,summoner-10082696,886,Hi im Gardel,Diamond 1,75,67,,151,131
886,summoner-779150,887,sTz Viny,Diamond 1,75,54,,145,95
887,summoner-432513,888,darksai,Diamond 1,75,102,,143,102
888,summoner-2587522,889,BoIsa Familia,Diamond 1,75,46,,141,64
889,summoner-18197867,890,ll Dantz ll,Diamond 1,75,64,,141,104
890,summoner-15111559,891,Qifi,Diamond 1,75,87,,140,112
891,summoner-3358754,892,Harakk,Diamond 1,75,115,,140,110
892,summoner-410503,893,paiN taQQxi,Diamond 1,75,63,,139,111
893,summoner-1630643,894,Moonflair,Diamond 1,75,79,,138,110
894,summoner-419354,895,alvinho,Diamond 1,75,87,,138,106
895,summoner-678959,896,wizate,Diamond 1,75,50,,137,105
896,summoner-649246,897,Walzanetti,Diamond 1,75,63,,136,107
897,summoner-20026328,898,PnL1,Diamond 1,75,52,,127,88
898,summoner-6451327,899,II Dantz II,Diamond 1,75,86,,124,89
899,summoner-13100004,900,crown the kings,Diamond 1,75,109,,123,107
900,summoner-873542,901,diogo nojeira,Diamond 1,75,55,,122,88
901,summoner-33460137,902,1tevez,Diamond 1,75,46,,119,53
902,summoner-2077513,903,hadzov1txD,Diamond 1,75,94,,117,92
903,summoner-404084,904,PRG TRIGOD,Diamond 1,75,76,,112,93
904,summoner-23152475,905,Rypda Myst,Diamond 1,75,44,,111,81
905,summoner-30822437,906,OlkaidaRJ,Diamond 1,75,47,,111,61
906,summoner-31020648,907,Luiszeras,Diamond 1,75,50,,109,74
907,summoner-3700601,908,VAC BAN,Diamond 1,75,75,,101,75
908,summoner-33240360,909,SMILOOOOOOOOOOVE,Diamond 1,75,42,,100,60
909,summoner-4163223,910,MaroIa Boy,Diamond 1,75,50,,96,63
910,summoner-4172657,911,Coumarine,Diamond 1,75,90,,93,61
911,summoner-1750858,912,SaDgasM,Diamond 1,75,118,,90,73
912,summoner-32160133,913,03012018,Diamond 1,75,53,,86,64
913,summoner-451816,914,Stressado,Diamond 1,75,52,,86,63
914,summoner-440746,915,te amo mt meu bb,Diamond 1,75,45,,82,54
915,summoner-27483653,916,Boldkontrol,Diamond 1,75,44,,82,59
916,summoner-27630143,917,FUS RO DAAAAH,Diamond 1,75,53,,81,49
917,summoner-4736207,918,CAMELO FANTASMA,Diamond 1,75,40,,79,48
918,summoner-1608491,919,q v,Diamond 1,75,49,,77,54
919,summoner-3261229,920,PichuDuCouteau,Diamond 1,75,90,,77,54
920,summoner-18280215,921,FLA Goku 10,Diamond 1,75,44,,73,47
921,summoner-18270228,922,a new awakening,Diamond 1,75,40,,70,42
922,summoner-30381056,923,Hasaginho Mudo,Diamond 1,75,41,,68,46
923,summoner-24790138,924,MÃO DE OURO TÁ,Diamond 1,75,51,,56,24
924,summoner-21900415,925,Oi meu anjo,Diamond 1,75,34,,45,9
925,summoner-16983202,926,1NIBELK,Diamond 1,75,54,,41,8
926,summoner-1303012,927,Louwt a babá,Diamond 1,74,134,,388,379
927,summoner-2446932,928,Rizziolli,Diamond 1,74,72,,269,249
928,summoner-990854,929,Jp de Fenix,Diamond 1,74,97,,207,189
929,summoner-26323344,930,Cj3ii,Diamond 1,74,63,,110,95
930,summoner-6941657,931,TIO DO PIC0LÉ,Diamond 1,73,118,,339,312
931,summoner-438223,932,K i l l u a 7,Diamond 1,73,116,,331,310
932,summoner-24491463,933,EvelynnStalker,Diamond 1,73,126,,123,99
933,summoner-522434,934,YONALDlNHO,Diamond 1,72,130,,451,448
934,summoner-481392,935,Texugo Reformed,Diamond 1,72,138,,239,224
935,summoner-525277,936,Guiguire,Diamond 1,72,74,,160,132
936,summoner-1529694,937,CrazyMaater,Diamond 1,72,83,,127,98
937,summoner-17470448,938,não to mt feliz,Diamond 1,72,51,,126,100
938,summoner-550922,939,XxBrzkSxX,Diamond 1,72,61,,115,64
939,summoner-3935190,940,Netbook,Diamond 1,72,94,,109,82
940,summoner-2079617,941,Wafflesdoce,Diamond 1,72,83,,101,69
941,summoner-26150789,942,Yuikosan Nyt,Diamond 1,71,139,,185,164
942,summoner-5544204,943,Krytus,Diamond 1,71,85,,142,123
943,summoner-5571375,944,kroNooz,Diamond 1,71,106,,124,96
944,summoner-2086256,945,Glowcore,Diamond 1,71,49,,63,46
945,summoner-5277594,946,Slowas,Diamond 1,71,116,,54,36
946,summoner-22760460,947,Vamos Shacodyr,Diamond 1,70,143,,500,485
947,summoner-15332948,948,Copy,Diamond 1,70,129,,448,448
948,summoner-3290323,949,Shiruo,Diamond 1,70,99,,284,260
949,summoner-5898420,950,Shelo,Diamond 1,70,85,,269,254
950,summoner-3071714,951,RRRRRRRRRRRANK1,Diamond 1,70,68,,227,180
951,summoner-13325895,952,Sir Lorran,Diamond 1,70,127,,175,166
952,summoner-1843733,953,Minnie,Diamond 1,70,73,,164,139
953,summoner-31380130,954,FLA Jisu 1,Diamond 1,70,54,,153,100
954,summoner-3522411,955,Rody,Diamond 1,70,107,,124,111
955,summoner-2902901,956,LukinhaBiribinha,Diamond 1,70,80,,119,98
956,summoner-4240986,957,Hymazake,Diamond 1,70,65,,76,54
957,summoner-30555627,958,Yharnam sunrise,Diamond 1,69,55,,188,145
958,summoner-15202798,959,gumballestrupa,Diamond 1,69,51,,170,90
959,summoner-594233,960,Turibulus,Diamond 1,69,68,,169,150
960,summoner-2010647,961,anime tiddies,Diamond 1,69,72,,145,131
961,summoner-31892680,962,Bahroo,Diamond 1,69,77,,129,89
962,summoner-7332382,963,FelipeCC,Diamond 1,68,114,,381,343
963,summoner-4198041,964,Suporte perneta,Diamond 1,68,78,,326,307
964,summoner-19090196,965,Dectonator,Diamond 1,68,119,,326,309
965,summoner-2339756,966,12574217,Diamond 1,68,98,,314,272
966,summoner-25485566,967,Jayce Blindado,Diamond 1,68,95,,210,195
967,summoner-1972663,968,M92F S,Diamond 1,68,88,,195,184
968,summoner-31821984,969,Paulo Dybala,Diamond 1,68,64,,173,107
969,summoner-5634011,970,MEU NICK É JANN,Diamond 1,68,138,,151,132
970,summoner-21210129,971,parsa da lisa,Diamond 1,68,63,,139,109
971,summoner-440178,972,Dreams is back,Diamond 1,68,53,,110,86
972,summoner-3974104,973,FnaticRC Rekkles,Diamond 1,67,99,,311,280
973,summoner-15660334,974,DVzin debochado,Diamond 1,67,63,,227,139
974,summoner-622328,975,Rstriker,Diamond 1,67,102,,184,164
975,summoner-404151,976,While She Sleeps,Diamond 1,67,92,,176,159
976,summoner-456109,977,Vitality,Diamond 1,67,164,,171,142
977,summoner-2213211,978,Haseo1,Diamond 1,67,75,,166,144
978,summoner-1060743,979,PUC Cross TIG,Diamond 1,67,86,,162,140
979,summoner-5034532,980,Miss Queen,Diamond 1,67,146,,101,72
980,summoner-3251833,981,dashgs,Diamond 1,67,42,,98,37
981,summoner-3067434,982,Buckmann,Diamond 1,67,77,,97,72
982,summoner-27724155,983,Mohammed Abdu,Diamond 1,66,169,,779,761
983,summoner-1861457,984,canetasemtinta1,Diamond 1,66,85,,283,269
984,summoner-9775160,985,Skark,Diamond 1,66,99,,272,242
985,summoner-14160663,986,raikage1,Diamond 1,66,83,,215,159
986,summoner-1935673,987,Mago do Tiempo,Diamond 1,66,127,,161,138
987,summoner-17920145,988,ela kush,Diamond 1,66,67,,153,137
988,summoner-30641228,989,Microtulio,Diamond 1,66,79,,147,91
989,summoner-1911112,990,VitorMG,Diamond 1,66,73,,95,76
990,summoner-5540262,991,KoreanDrugDealer,Diamond 1,84,135,,796,778
991,summoner-5730413,992,BlasTeer,Diamond 1,65,143,,490,485
992,summoner-3095617,993,Shy Guy,Diamond 1,65,65,,233,211
993,summoner-2591528,994,im cheed,Diamond 1,65,89,,225,210
994,summoner-18631039,995,BUERO,Diamond 1,65,50,,159,112
995,summoner-5891894,996,Ralphe,Diamond 1,65,74,,149,133
996,summoner-3180522,997,Hatsune Míku,Diamond 1,65,39,,44,24
997,summoner-1910272,998,Lwz,Diamond 1,64,98,,150,133
998,summoner-25750211,999,so close so far,Diamond 1,64,49,,127,84
999,summoner-8291129,1000,R nord,Diamond 1,64,46,,91,44
