#timestamp 1529841622758
#date 2018-06-24T12:00:22+00:00
#players 1000
#index,id,rank,name,tier,lp,level,proTeam,win,loss
0,summoner-14010487,1,たこ焼きぼーい,Challenger,1034,56,,157,82
1,summoner-9030192,2,Sao Yuuki Konno,Challenger,1014,129,,154,124
2,summoner-13420191,3,aki0831,Challenger,1000,106,,148,91
3,summoner-6171199,4,ThintoN,Challenger,978,114,,328,290
4,summoner-6181882,5,Hlde on bush,Challenger,897,71,,180,136
5,summoner-6183608,6,むんなたん,Challenger,897,103,,161,121
6,summoner-6162856,7,stridershen,Challenger,846,102,,344,313
7,summoner-6187061,8,GaengMoyashi,Challenger,820,66,,158,120
8,summoner-6617806,9,いぬだお,Challenger,808,141,,205,146
9,summoner-6225446,10,CarterV15,Challenger,762,92,,326,303
10,summoner-6185542,11,エビルリフト,Challenger,744,50,,78,46
11,summoner-6920293,12,SKT T1 Fakeru,Challenger,740,86,,152,84
12,summoner-6183732,13,pveman,Challenger,718,93,,168,147
13,summoner-14060127,14,YutoriGaeng,Challenger,704,47,,133,87
14,summoner-13520233,15,A Kat,Challenger,693,73,,165,137
15,summoner-7651004,16,VX 862097141,Challenger,692,89,,194,157
16,summoner-6312300,17,Roki,Challenger,670,64,,144,116
17,summoner-9290195,18,PCG PhantomDeath,Challenger,621,96,,200,158
18,summoner-13280127,19,Diviv,Challenger,611,47,,97,61
19,summoner-6341081,20,Cwn,Challenger,569,165,,145,116
20,summoner-6161010,21,TopXiaochen,Challenger,546,78,,123,105
21,summoner-6295623,22,ecaA,Challenger,543,108,,144,126
22,summoner-6162717,23,Alchemyst,Challenger,535,126,,150,115
23,summoner-11630173,24,Quickdravv,Challenger,523,136,,146,130
24,summoner-6174953,25,運げーｗ,Challenger,515,97,,189,166
25,summoner-12181052,26,HEOES,Challenger,514,140,,175,155
26,summoner-6471274,27,yorooozu,Challenger,508,47,,96,82
27,summoner-14060158,28,QQQQQQQQQQQQQQQ,Challenger,502,75,,109,80
28,summoner-6290144,29,スケット,Challenger,494,86,,270,240
29,summoner-13450158,30,V3 ionz,Challenger,476,57,,122,77
30,summoner-6168586,31,wswgou,Challenger,471,96,,510,466
31,summoner-6181586,32,tatsro,Challenger,451,395,,603,578
32,summoner-6189589,33,Ametuyu,Challenger,466,118,,118,104
33,summoner-6182974,34,あきひさ,Challenger,461,75,,160,141
34,summoner-13122298,35,ミルクリスピー,Challenger,459,47,,108,69
35,summoner-6162602,36,아이유,Challenger,455,93,,280,250
36,summoner-6171527,37,Yorushika,Challenger,431,144,,164,136
37,summoner-6170784,38,TOXIC JUNGLE,Challenger,430,59,,85,72
38,summoner-6320643,39,GraceEye,Challenger,427,89,,255,238
39,summoner-9212051,40,i am 98k,Challenger,424,147,,406,389
40,summoner-7281138,41,yume,Challenger,424,138,,189,152
41,summoner-6315148,42,ましょだお,Challenger,421,105,,201,175
42,summoner-11660523,43,カレンちゃん,Challenger,418,124,,215,187
43,summoner-6181527,44,ふぁんろん,Challenger,411,74,,217,190
44,summoner-7520625,45,Twisted寺田心,Challenger,409,62,,122,90
45,summoner-9120163,46,Pajeon so good,Challenger,409,57,,99,61
46,summoner-12290163,47,Iny Monologuey,Challenger,392,88,,82,62
47,summoner-7301005,48,Neetkids,Challenger,391,182,,432,413
48,summoner-14150604,49,木子希,Challenger,382,64,,82,38
49,summoner-6167327,50,雄 飛,Challenger,381,119,,150,132
50,summoner-13260704,51,WanderingPro,Challenger,369,80,,209,163
51,summoner-6181591,52,Po1yp,Challenger,369,106,,186,157
52,summoner-6171027,53,Melus,Challenger,368,63,,184,173
53,summoner-7120713,54,機動戦士ガべダム,Challenger,357,68,,120,111
54,summoner-6365652,55,shacosu,Challenger,356,71,,191,161
55,summoner-6691911,56,yüki,Challenger,353,74,,264,241
56,summoner-6188389,57,meru meraka,Challenger,351,85,,183,161
57,summoner-6305622,58,cat plz,Challenger,351,56,,164,133
58,summoner-9740283,59,Zed or Ded,Challenger,350,66,,171,155
59,summoner-6734378,60,Momoモモ,Challenger,350,47,,106,90
60,summoner-6184800,61,Hero Mechanic,Challenger,328,77,,213,202
61,summoner-6305817,62,KissOnlyOneLady,Challenger,320,97,,322,315
62,summoner-6192635,63,Hanimaru,Challenger,301,76,,156,144
63,summoner-6680506,64,yuuwo god,Challenger,294,74,,127,102
64,summoner-8910191,65,matosan21,Challenger,282,65,,95,69
65,summoner-6172367,66,find me,Challenger,278,88,,345,339
66,summoner-6449644,67,Pew,Challenger,278,111,,223,182
67,summoner-6250574,68,Clover,Challenger,276,76,,165,158
68,summoner-6310793,69,Her Sweet Boy,Challenger,272,58,,85,74
69,summoner-6181437,70,LetMing,Challenger,270,96,,165,153
70,summoner-6400437,71,れ ぼ,Challenger,270,44,,106,54
71,summoner-6167512,72,rainadazo,Challenger,268,83,,99,79
72,summoner-8860668,73,黒バブ,Challenger,261,59,,141,128
73,summoner-6322522,74,Manimo,Challenger,257,91,,253,246
74,summoner-14070227,75,KZ DRAGONCARSΕX,Challenger,257,64,,245,197
75,summoner-6291817,76,いぬが操作中,Challenger,249,114,,156,136
76,summoner-6632946,77,じゅん,Challenger,247,109,,112,106
77,summoner-6179611,78,大田ＪＡＰＡＮ,Challenger,241,129,,400,388
78,summoner-6295790,79,隆Dq貢,Challenger,239,110,,130,119
79,summoner-6172424,80,アホ蛙,Challenger,254,98,,197,190
80,summoner-10170282,81,ヤスオ姫,Challenger,232,84,,293,261
81,summoner-6292386,82,マスタージョージ3,Challenger,231,78,,121,116
82,summoner-8890333,83,あちゃももっ,Challenger,230,71,,143,137
83,summoner-6335850,84,七彩狐,Challenger,229,47,,65,37
84,summoner-6460863,85,pihiro,Challenger,227,110,,167,165
85,summoner-6309663,86,only CLANE,Challenger,224,42,,79,41
86,summoner-12851356,87,make it,Challenger,221,102,,447,398
87,summoner-13680130,88,Not Taka,Challenger,214,59,,135,112
88,summoner-9230807,89,EquiNox,Challenger,213,112,,197,169
89,summoner-6712777,90,ULookSoCharming,Challenger,210,58,,158,152
90,summoner-6183091,91,ぼ や ぁ,Challenger,206,103,,202,169
91,summoner-6181492,92,Pulsar B1257 12A,Challenger,203,125,,312,312
92,summoner-6298948,93,buff Zephyr,Challenger,203,93,,163,155
93,summoner-6891191,94,竜騎士ガイア星7,Challenger,195,79,,205,162
94,summoner-6160347,95,Sphày,Challenger,194,123,,161,135
95,summoner-6161825,96,りんヴェン,Challenger,192,90,,96,83
96,summoner-7781117,97,霞ヶ丘 詩羽,Challenger,191,51,,99,77
97,summoner-6175403,98,Poros,Challenger,190,111,,225,223
98,summoner-6177133,99,binlingual,Challenger,189,103,,178,140
99,summoner-6174703,100,reaI gankster,Challenger,185,98,,163,151
100,summoner-6165391,101,吉ｘ岡,Challenger,153,114,,187,181
101,summoner-8630207,102,sad little taka,Challenger,184,65,,165,158
102,summoner-6164660,103,BullchaN,Challenger,182,104,,137,133
103,summoner-6584337,104,R1cky,Challenger,178,162,,516,496
104,summoner-8690328,105,Blue baldness,Challenger,178,79,,296,281
105,summoner-6170012,106,Makinyan,Challenger,171,118,,276,262
106,summoner-6185077,107,rusaryka,Challenger,163,97,,144,140
107,summoner-6693927,108,Son of IgNar,Challenger,162,78,,150,141
108,summoner-6301134,109,Macadog,Challenger,161,116,,266,256
109,summoner-6186070,110,Yxxl,Challenger,178,75,,163,163
110,summoner-6172000,111,ピンクビーン,Challenger,160,54,,151,136
111,summoner-6170952,112,Kaoru RabbyHouse,Challenger,158,115,,320,298
112,summoner-8900274,113,Good bye,Challenger,158,74,,196,160
113,summoner-6309437,114,Kinrow,Challenger,154,75,,91,68
114,summoner-6160488,115,かずーた,Challenger,153,88,,190,191
115,summoner-6339619,116,やじう,Challenger,153,61,,143,133
116,summoner-6294950,117,劣等生,Challenger,151,90,,185,176
117,summoner-7161319,118,täka,Challenger,149,61,,172,133
118,summoner-6178280,119,西野 七瀬,Challenger,143,49,,98,74
119,summoner-6185975,120,XJR1200,Challenger,135,96,,144,137
120,summoner-6180335,121,deusdamandioca,Challenger,135,93,,208,203
121,summoner-6334278,122,Jungle or dodge,Challenger,135,44,,105,71
122,summoner-11730304,123,金テユン,Challenger,134,92,,357,341
123,summoner-6189451,124,Arfoad,Challenger,133,95,,234,229
124,summoner-9400627,125,BQB Hollis,Challenger,133,40,,38,18
125,summoner-6313173,126,Luches,Challenger,130,52,,79,58
126,summoner-8970997,127,Kreative,Challenger,129,79,,151,145
127,summoner-6293194,128,あんでぃ,Challenger,110,100,,152,154
128,summoner-6470919,129,Aоi,Challenger,109,126,,510,480
129,summoner-6163447,130,の ぁ,Challenger,103,161,,322,299
130,summoner-10921145,131,丶ShiN,Challenger,101,153,,501,500
131,summoner-6314778,132,teraares,Challenger,100,102,,501,500
132,summoner-6296785,133,すたこ,Challenger,97,106,,272,256
133,summoner-12340710,134,Yuupo,Challenger,92,49,,115,73
134,summoner-6181253,135,まあたそ,Challenger,90,93,,156,141
135,summoner-6296070,136,cjik0aw2jqnm5uiq,Challenger,86,80,,130,114
136,summoner-13020818,137,桜の木の下の咲子,Challenger,102,41,,99,66
137,summoner-6318472,138,炬燵猫,Challenger,80,117,,233,233
138,summoner-6290656,139,Pontaloid,Challenger,80,54,,95,83
139,summoner-6347695,140,strider hiryu,Challenger,79,112,,352,330
140,summoner-6190278,141,ねのぎだよ,Challenger,78,96,,212,207
141,summoner-6161059,142,gottui,Challenger,78,82,,210,189
142,summoner-10730180,143,一番弟子,Challenger,75,81,,286,257
143,summoner-6310287,144,i have ten JB,Challenger,75,86,,143,134
144,summoner-6432935,145,寒音真咲,Challenger,74,91,,227,236
145,summoner-6177526,146,Disney Sea,Challenger,74,56,,69,56
146,summoner-6168193,147,はろーぱいせん,Challenger,73,118,,175,151
147,summoner-6161879,148,笙歌醉夢間,Challenger,72,103,,83,73
148,summoner-6174606,149,AimerLend,Challenger,71,62,,111,97
149,summoner-6176255,150,Ninja of Ninjas,Challenger,49,105,,370,373
150,summoner-6335559,151,神速三段突き,Challenger,63,74,,166,160
151,summoner-7231033,152,RooRst,Challenger,61,119,,247,240
152,summoner-6172110,153,hail and thunder,Challenger,61,70,,161,155
153,summoner-6180912,154,ポカスカジャン,Challenger,52,157,,221,205
154,summoner-6298267,155,ふじもと,Challenger,52,124,,202,211
155,summoner-6300172,156,tonarinotomato,Challenger,52,82,,178,142
156,summoner-14251050,157,Tilterella,Challenger,52,40,,80,47
157,summoner-6186097,158,Novita,Challenger,51,125,,248,244
158,summoner-6175146,159,山嶺巨人郭敬明,Challenger,50,93,,235,225
159,summoner-13240741,160,代行2,Challenger,48,43,,79,53
160,summoner-10600170,161,Tribute,Challenger,47,69,,225,209
161,summoner-6178301,162,友達いない,Challenger,47,46,,92,52
162,summoner-6301770,163,ゆてん,Challenger,45,114,,87,83
163,summoner-13850682,164,MagicgirlAnnie,Challenger,45,39,,66,28
164,summoner-6298473,165,7010,Challenger,42,111,,405,383
165,summoner-6348796,166,MERRYJANEe,Challenger,42,88,,151,127
166,summoner-6490682,167,霞ヶ丘詩羽先輩,Challenger,41,118,,197,195
167,summoner-6168756,168,ちぇすと,Challenger,38,111,,201,199
168,summoner-6331505,169,フレンド募集だよ,Challenger,37,128,,461,427
169,summoner-9581269,170,ぁｈｆｋぁんふぁ,Challenger,37,62,,236,194
170,summoner-10330185,171,普通のサポート,Challenger,36,68,,139,137
171,summoner-9290228,172,Rinas3,Challenger,34,47,,98,77
172,summoner-14120904,173,ssrzzv,Challenger,33,48,,138,93
173,summoner-6616296,174,わゎゎゎゎゎゎゎ,Challenger,32,157,,236,206
174,summoner-6591850,175,HikikomoriSupp,Challenger,62,54,,178,160
175,summoner-6182369,176,ソーマ,Challenger,28,97,,138,141
176,summoner-13030412,177,i want ljl duo,Challenger,28,53,,92,64
177,summoner-6810221,178,Apocalys,Challenger,27,84,,171,177
178,summoner-13081132,179,きりりん,Challenger,26,80,,232,216
179,summoner-6171261,180,えなめる,Challenger,25,105,,282,285
180,summoner-6702724,181,androp,Challenger,25,108,,171,165
181,summoner-8291154,182,ˆºˆŠhadyˆºˆ,Challenger,24,128,,292,271
182,summoner-6334109,183,ImberLord,Challenger,9,88,,92,86
183,summoner-6700426,184,Josh,Challenger,23,165,,218,174
184,summoner-6161191,185,SuddenImpact,Challenger,23,90,,143,136
185,summoner-6179419,186,みんなつよいです,Challenger,18,100,,247,250
186,summoner-6171638,187,あるぱこ,Challenger,16,81,,105,92
187,summoner-6167765,188,RushRush,Challenger,0,121,,366,350
188,summoner-6167876,189,德玛西亚 赵信,Challenger,13,87,,286,281
189,summoner-7970299,190,eji,Challenger,12,96,,216,212
190,summoner-6342555,191,オタク,Challenger,12,132,,128,128
191,summoner-14110549,192,Bitte tragen,Challenger,12,38,,67,28
192,summoner-6346631,193,kamikazes,Challenger,9,130,,569,538
193,summoner-13440164,194,中卒あやみ,Challenger,5,57,,71,50
194,summoner-6672888,195,コグマウ,Challenger,0,147,,673,682
195,summoner-6179943,196,SWJ Sirotama,Challenger,0,189,,413,404
196,summoner-9810252,197,ai0c0,Challenger,0,153,,413,423
197,summoner-6178156,198,スターアライズ,Challenger,0,72,,240,238
198,summoner-6690754,199,Pomchan,Challenger,0,73,,229,233
199,summoner-6161600,200,Resistance,Challenger,0,146,,144,128
200,summoner-9830341,201,我がままの子,Master,54,106,,256,239
201,summoner-12780571,202,RumbleMidGG,Master,0,101,,423,375
202,summoner-6781283,203,Big Dikが大好き,Master,0,74,,92,80
203,summoner-6164909,204,更科にゃん丸,Master,0,71,,81,74
204,summoner-6694471,205,kimunyan,Master,0,50,,65,44
205,summoner-6325043,206,Pegboard,Diamond 1,100,130,,347,323
206,summoner-6460338,207,LJL LCK,Diamond 1,100,124,,79,31
207,summoner-12892095,208,Matou SakuLago,Diamond 1,100,45,,69,43
208,summoner-6310421,209,つめたいアイス,Diamond 1,100,104,,61,45
209,summoner-7990200,210,GIRAFFE BLUES,Diamond 1,98,123,,94,73
210,summoner-12440529,211,XJ9,Diamond 1,98,42,,77,54
211,summoner-6185155,212,Snowy,Diamond 1,96,63,,109,106
212,summoner-6178586,213,あまねくん,Diamond 1,96,97,,74,62
213,summoner-9640424,214,GoGoラスカル,Diamond 1,95,51,,66,56
214,summoner-7650619,215,金之助,Diamond 1,94,74,,148,126
215,summoner-6184102,216,kazujyou,Diamond 1,94,53,,63,51
216,summoner-6306421,217,Te eT me,Diamond 1,92,66,,63,50
217,summoner-13300155,218,ELSSUT,Diamond 1,91,42,,60,38
218,summoner-8240246,219,KarenTia,Diamond 1,91,55,,47,31
219,summoner-6662039,220,Voss,Diamond 1,90,72,,222,199
220,summoner-6263116,221,メンヘラアカリ,Diamond 1,90,69,,178,134
221,summoner-6695082,222,kyu3,Diamond 1,90,64,,164,139
222,summoner-9280138,223,ナポの負けです,Diamond 1,90,64,,121,82
223,summoner-10630472,224,斉藤さんだぞおお,Diamond 1,90,65,,106,61
224,summoner-12640175,225,에이스,Diamond 1,90,49,,84,55
225,summoner-6177760,226,ナポです,Diamond 1,90,46,,78,57
226,summoner-13082345,227,あいのり,Diamond 1,90,66,,76,40
227,summoner-6185511,228,爆買渡米人Mid,Diamond 1,90,49,,72,49
228,summoner-6160589,229,Edicimoh,Diamond 1,90,64,,71,53
229,summoner-6162519,230,日村勇紀,Diamond 1,90,96,,69,67
230,summoner-7032219,231,サラブリマンダラ,Diamond 1,90,47,,59,45
231,summoner-6185209,232,紫乃花,Diamond 1,90,82,,57,43
232,summoner-6160480,233,いだゆうき,Diamond 1,90,114,,52,51
233,summoner-6180960,234,yasai7428,Diamond 1,90,90,,49,44
234,summoner-6700902,235,josette1,Diamond 1,90,54,,43,24
235,summoner-6830422,236,やさいちゃん,Diamond 1,90,43,,41,33
236,summoner-6438330,237,ʚLove Storyɞ,Diamond 1,89,96,,154,132
237,summoner-6310277,238,telite,Diamond 1,89,123,,41,22
238,summoner-6323993,239,ぶるぶるブルーク,Diamond 1,87,57,,137,127
239,summoner-6168578,240,TMR,Diamond 1,87,111,,120,90
240,summoner-6387948,241,kalusu,Diamond 1,87,115,,101,78
241,summoner-6291999,242,joseete,Diamond 1,84,36,,30,8
242,summoner-6613009,243,Kiyio1997,Diamond 1,83,103,,444,415
243,summoner-10840209,244,レイライン,Diamond 1,83,78,,169,135
244,summoner-9251049,245,sonaka,Diamond 1,83,48,,65,37
245,summoner-6342265,246,Rer Chino,Diamond 1,82,64,,109,90
246,summoner-6782630,247,Asterisk,Diamond 1,81,38,,48,35
247,summoner-6182103,248,Looking for mom,Diamond 1,80,121,,117,107
248,summoner-6471239,249,kunisu,Diamond 1,80,124,,47,43
249,summoner-6177317,250,Kayahaak,Diamond 1,79,70,,91,86
250,summoner-6295370,251,純 白,Diamond 1,78,97,,90,87
251,summoner-8620958,252,Revelate,Diamond 1,77,70,,62,49
252,summoner-6293906,253,Rimlet,Diamond 1,76,101,,88,89
253,summoner-6190805,254,Oasis,Diamond 1,75,95,,398,383
254,summoner-6180545,255,Haropoppy,Diamond 1,75,98,,303,301
255,summoner-6163765,256,俺はs6チャレだぞ,Diamond 1,75,93,,292,286
256,summoner-6692581,257,日本工学院蒲田校,Diamond 1,75,124,,246,209
257,summoner-12620351,258,Cold2,Diamond 1,75,113,,222,206
258,summoner-8000222,259,yukime,Diamond 1,75,65,,202,187
259,summoner-6682604,260,aszxd,Diamond 1,75,65,,191,149
260,summoner-6161384,261,BQB knot,Diamond 1,75,65,,190,146
261,summoner-8051232,262,laining,Diamond 1,75,82,,181,163
262,summoner-6310169,263,Swift U,Diamond 1,75,78,,175,162
263,summoner-7391403,264,ちょばむ,Diamond 1,75,72,,166,146
264,summoner-6831275,265,LYNN,Diamond 1,75,80,,164,151
265,summoner-13270147,266,詩 花,Diamond 1,75,63,,162,121
266,summoner-6310837,267,なぎさ親衛隊隊長,Diamond 1,75,74,,150,129
267,summoner-10590146,268,PING999GGINKOREA,Diamond 1,75,62,,150,112
268,summoner-6461417,269,熱のど鼻にルル,Diamond 1,75,59,,146,132
269,summoner-6831880,270,Roger,Diamond 1,75,76,,133,116
270,summoner-6706604,271,Andexi,Diamond 1,75,62,,128,120
271,summoner-13270697,272,みやみず みつは,Diamond 1,75,54,,128,70
272,summoner-13910902,273,3etRiia,Diamond 1,75,49,,128,94
273,summoner-6165439,274,Cellier,Diamond 1,75,66,,127,95
274,summoner-6349800,275,未 来,Diamond 1,75,138,,123,115
275,summoner-14170136,276,SpringtT,Diamond 1,75,44,,123,79
276,summoner-9550126,277,お弁当のパセリ,Diamond 1,75,97,,118,109
277,summoner-6184494,278,凸凸凸凸,Diamond 1,75,95,,117,115
278,summoner-6324922,279,ironkuzu,Diamond 1,75,47,,115,88
279,summoner-6161547,280,赤バフ,Diamond 1,75,95,,112,110
280,summoner-9242269,281,MajokkoMirakurun,Diamond 1,75,46,,109,63
281,summoner-6334954,282,みそかつ,Diamond 1,75,97,,107,83
282,summoner-6181771,283,ZouSenpai,Diamond 1,75,75,,104,90
283,summoner-8311557,284,연속살인마,Diamond 1,75,57,,102,77
284,summoner-8650321,285,AdrickSY,Diamond 1,75,74,,99,83
285,summoner-13850984,286,KOREA MID,Diamond 1,75,42,,93,61
286,summoner-6162796,287,Harunika,Diamond 1,75,56,,90,84
287,summoner-6173331,288,Wingz of Justice,Diamond 1,75,71,,70,61
288,summoner-13930183,289,PTE Taka,Diamond 1,75,49,,69,56
289,summoner-6171873,290,Estelim,Diamond 1,75,63,,63,63
290,summoner-14240637,291,Ardent Boy,Diamond 1,75,36,,53,24
291,summoner-6695814,292,SCP 8900 EX,Diamond 1,75,66,,51,50
292,summoner-6187427,293,料亭の味,Diamond 1,75,68,,43,38
293,summoner-7410667,294,Dârius Bot,Diamond 1,75,41,,42,25
294,summoner-6180567,295,Yoshioka fanboy,Diamond 1,74,119,,239,204
295,summoner-7630188,296,o3o,Diamond 1,74,43,,40,34
296,summoner-6693006,297,Nakamo Bot,Diamond 1,71,58,,181,158
297,summoner-8950510,298,XiL,Diamond 1,71,48,,108,99
298,summoner-6311006,299,ぱおうるむー,Diamond 1,71,67,,96,73
299,summoner-6314686,300,Lynss,Diamond 1,71,41,,65,52
300,summoner-8851286,301,LastSurprise,Diamond 1,71,57,,60,44
301,summoner-6292286,302,SlashFF,Diamond 1,70,86,,95,87
302,summoner-6341644,303,Snowball,Diamond 1,70,68,,95,91
303,summoner-6188164,304,ryo riven baka,Diamond 1,67,174,,284,261
304,summoner-8000226,305,周熙璇,Diamond 1,67,71,,122,122
305,summoner-6682419,306,good player98,Diamond 1,67,50,,79,64
306,summoner-14240638,307,Ardent Girl,Diamond 1,67,36,,53,25
307,summoner-6172979,308,Abukun,Diamond 1,66,83,,48,37
308,summoner-6178225,309,qaz,Diamond 1,65,86,,117,100
309,summoner-6163261,310,A Ganker,Diamond 1,65,47,,73,50
310,summoner-6171007,311,siina17,Diamond 1,65,70,,44,41
311,summoner-6662388,312,alFJ,Diamond 1,64,48,,51,41
312,summoner-8171326,313,hizikimogura,Diamond 1,63,62,,125,84
313,summoner-6312631,314,りんな,Diamond 1,63,129,,102,100
314,summoner-9810251,315,MoreMore,Diamond 1,63,83,,66,50
315,summoner-6164040,316,イキり前Flash,Diamond 1,61,76,,80,62
316,summoner-6347450,317,PoponM,Diamond 1,61,85,,55,48
317,summoner-6327716,318,佐村河内,Diamond 1,60,92,,178,153
318,summoner-6184992,319,えとな,Diamond 1,60,124,,112,107
319,summoner-6170269,320,USG Enty 20,Diamond 1,60,48,,103,50
320,summoner-6892805,321,chataro,Diamond 1,59,75,,207,195
321,summoner-8400528,322,Bless you,Diamond 1,57,39,,50,35
322,summoner-12030247,323,B00SH,Diamond 1,56,72,,187,178
323,summoner-6693732,324,韆齧夾曖,Diamond 1,55,60,,92,95
324,summoner-6451982,325,fedtakada,Diamond 1,54,84,,310,281
325,summoner-9810202,326,ボノボ,Diamond 1,54,48,,70,67
326,summoner-6314596,327,Zhonya警察,Diamond 1,54,116,,62,54
327,summoner-6293357,328,Eugeo,Diamond 1,52,92,,114,108
328,summoner-8201066,329,Yoshuloo,Diamond 1,52,81,,101,79
329,summoner-6317430,330,山田健一,Diamond 1,50,93,,384,339
330,summoner-6685498,331,wowsosmart,Diamond 1,50,79,,231,218
331,summoner-6250704,332,SSR POPO,Diamond 1,50,71,,162,172
332,summoner-6175152,333,Baoh7,Diamond 1,48,166,,295,282
333,summoner-6179491,334,ぐれちーも,Diamond 1,47,65,,131,133
334,summoner-6272644,335,小原鞠莉,Diamond 1,47,51,,74,51
335,summoner-6295309,336,Jackn,Diamond 1,47,76,,38,36
336,summoner-6385121,337,lllllllllllIllll,Diamond 1,44,49,,78,74
337,summoner-6704337,338,Imeria,Diamond 1,42,102,,46,37
338,summoner-6160674,339,張文遠,Diamond 1,41,93,,74,76
339,summoner-6700839,340,天才ちんはんすう,Diamond 1,40,45,,94,63
340,summoner-8760270,341,ちぃたん,Diamond 1,40,57,,54,29
341,summoner-6701340,342,ＹＲＴＫＴ,Diamond 1,39,73,,258,201
342,summoner-6181735,343,usg がりある,Diamond 1,35,108,,137,135
343,summoner-11890264,344,Suffle,Diamond 1,35,49,,104,100
344,summoner-6173733,345,なおゆー,Diamond 1,35,69,,33,22
345,summoner-6451616,346,WEQ,Diamond 1,34,48,,44,31
346,summoner-6696421,347,Vomero,Diamond 1,33,49,,96,92
347,summoner-6303130,348,hienso,Diamond 1,30,105,,104,82
348,summoner-13141700,349,らいじんの妹,Diamond 1,30,45,,104,77
349,summoner-6404863,350,Nii,Diamond 1,28,75,,156,153
350,summoner-6162489,351,亜城木夢叶,Diamond 1,28,80,,94,92
351,summoner-6471427,352,貴方のためにしぬ,Diamond 1,28,79,,94,53
352,summoner-6181132,353,慰めるゆうちゃん,Diamond 1,27,125,,151,133
353,summoner-6691416,354,ふぁんく,Diamond 1,26,105,,160,167
354,summoner-9490395,355,urï,Diamond 1,25,49,,126,99
355,summoner-7061063,356,らふいた,Diamond 1,25,100,,122,98
356,summoner-6291688,357,SOZAIGOMI,Diamond 1,25,138,,83,75
357,summoner-6188710,358,asroc,Diamond 1,25,48,,66,48
358,summoner-6312269,359,はしもとなんか,Diamond 1,25,86,,60,42
359,summoner-10010863,360,łike,Diamond 1,24,161,,321,329
360,summoner-6732995,361,i have three JB,Diamond 1,24,62,,178,162
361,summoner-6163964,362,MID DIE,Diamond 1,22,95,,120,114
362,summoner-6169154,363,じゅぴた,Diamond 1,22,112,,92,81
363,summoner-8870666,364,ろーれる,Diamond 1,22,43,,89,75
364,summoner-6163258,365,KillyKilly JOKER,Diamond 1,21,151,,120,102
365,summoner-6163194,366,RadiationDevice,Diamond 1,21,70,,90,82
366,summoner-6773921,367,Nyou道バリケード,Diamond 1,20,120,,74,58
367,summoner-6703036,368,ジャックス様,Diamond 1,20,53,,28,9
368,summoner-6188627,369,Hamburger500RP,Diamond 1,19,105,,277,251
369,summoner-6682953,370,仮野明日那,Diamond 1,19,54,,135,127
370,summoner-6292832,371,Selphi,Diamond 1,18,56,,66,65
371,summoner-8812035,372,SinceSpeak,Diamond 1,18,51,,55,57
372,summoner-12710897,373,tetras,Diamond 1,15,113,,281,278
373,summoner-9270156,374,そまなの,Diamond 1,14,90,,148,134
374,summoner-6319410,375,らいじん,Diamond 1,13,94,,217,233
375,summoner-13000643,376,Reksa2,Diamond 1,13,87,,208,200
376,summoner-6681167,377,namaeomoitukanai,Diamond 1,12,110,,178,171
377,summoner-12980291,378,EsportsMan,Diamond 1,32,61,,185,157
378,summoner-6333107,379,雑 魚,Diamond 1,11,57,,157,122
379,summoner-6312042,380,caffeine,Diamond 1,10,77,,135,132
380,summoner-6922081,381,スターマン,Diamond 1,10,72,,60,24
381,summoner-9590858,382,JuIie Sigtuna,Diamond 1,9,65,,110,96
382,summoner-6164971,383,7461409,Diamond 1,8,66,,181,158
383,summoner-6317080,384,すろ倉,Diamond 1,6,67,,148,126
384,summoner-9181794,385,Day of Justice,Diamond 1,6,49,,66,61
385,summoner-12240297,386,うるいちゃん,Diamond 1,3,50,,139,124
386,summoner-6180703,387,Emily is Away,Diamond 1,3,63,,105,80
387,summoner-6165504,388,くらら,Diamond 1,2,107,,116,99
388,summoner-6160874,389,ynnoK,Diamond 1,0,129,,369,371
389,summoner-6930647,390,No more perm,Diamond 1,0,67,,256,248
390,summoner-6321619,391,WICKED,Diamond 1,0,118,,241,232
391,summoner-7801113,392,ちーぼう,Diamond 1,0,82,,213,194
392,summoner-6303051,393,a56,Diamond 1,0,56,,181,184
393,summoner-12910482,394,ぞぞちゃん,Diamond 1,0,73,,161,155
394,summoner-10170932,395,Emitting,Diamond 1,0,59,,143,95
395,summoner-6160768,396,Halbida,Diamond 1,0,97,,112,124
396,summoner-6695449,397,四楓院夜一,Diamond 1,0,61,,103,84
397,summoner-10720137,398,Miyamoto Karin,Diamond 1,0,47,,94,80
398,summoner-6171531,399,maisuta,Diamond 1,0,88,,71,74
399,summoner-6312737,400,Aura,Diamond 1,0,86,,69,68
400,summoner-14060210,401,Sad Lonely boy,Diamond 1,0,42,,59,29
401,summoner-6702114,402,絶ツインターボ,Diamond 1,0,70,,54,58
402,summoner-10240215,403,USG Fate,Diamond 1,0,76,,41,41
403,summoner-6344699,404,DUCK TOGO,Diamond 1,0,82,,41,34
404,summoner-6307144,405,STAP細胞,Diamond 1,0,49,,40,24
405,summoner-14450141,406,CGA Harunika,Diamond 1,0,35,,35,20
406,summoner-6162945,407,チャーシュー吉田,Diamond 2,100,113,,172,166
407,summoner-13780580,408,twitch M17Dee,Diamond 2,100,47,,140,89
408,summoner-6804563,409,倫チャン,Diamond 2,100,96,,87,84
409,summoner-12912077,410,TohsakAro Rain,Diamond 2,100,46,,82,49
410,summoner-6180267,411,まじめです,Diamond 2,100,45,,69,66
411,summoner-6852246,412,ThintoNの姉,Diamond 2,100,41,,56,54
412,summoner-6189217,413,はちみつスキン,Diamond 2,97,124,,187,193
413,summoner-6161588,414,LuckyTamago,Diamond 2,96,125,,66,59
414,summoner-6173806,415,蒼海舞香,Diamond 2,89,58,,154,131
415,summoner-6186140,416,A Farmer,Diamond 2,84,58,,175,128
416,summoner-6348556,417,双海真美,Diamond 2,83,121,,72,46
417,summoner-6218262,418,手corki足corki,Diamond 2,77,49,,155,66
418,summoner-6162290,419,Candy Blossom,Diamond 2,75,91,,269,243
419,summoner-13120294,420,土老帽,Diamond 2,75,80,,222,191
420,summoner-6175311,421,mafuyumh,Diamond 2,75,76,,212,212
421,summoner-9180490,422,愛吃豬蹄,Diamond 2,75,93,,179,166
422,summoner-7052549,423,Wolhaiksong,Diamond 2,75,57,,159,125
423,summoner-6633880,424,俺来年で18だぞ,Diamond 2,75,53,,145,113
424,summoner-6704000,425,綺チャン,Diamond 2,75,56,,140,139
425,summoner-13900437,426,Astralfoxy,Diamond 2,75,51,,131,79
426,summoner-13730771,427,花魁ーる,Diamond 2,75,44,,123,80
427,summoner-13300153,428,7h Raizin,Diamond 2,75,45,,107,91
428,summoner-6343049,429,rKH,Diamond 2,75,63,,67,59
429,summoner-6704755,430,Bomelee,Diamond 2,75,94,,50,27
430,summoner-6167874,431,エトピリカ,Diamond 2,66,79,,76,54
431,summoner-13082021,432,Ardyn Izunia,Diamond 2,64,57,,185,161
432,summoner-6164002,433,AliceClare,Diamond 2,64,107,,157,149
433,summoner-6343812,434,Pierre Marcolini,Diamond 2,63,82,,153,149
434,summoner-6792954,435,森先生,Diamond 2,63,45,,119,103
435,summoner-6178966,436,中卒ドラゴン,Diamond 2,63,88,,110,104
436,summoner-6680199,437,エルおじ,Diamond 2,62,87,,331,319
437,summoner-6691170,438,かしくそちゃんぷ,Diamond 2,62,55,,104,71
438,summoner-6169156,439,ShiitakeForest,Diamond 2,61,108,,151,124
439,summoner-6210087,440,DESTRUCTION,Diamond 2,61,45,,96,70
440,summoner-6189236,441,tuyoinarin,Diamond 2,60,68,,111,105
441,summoner-8841631,442,BossBoy,Diamond 2,59,42,,79,70
442,summoner-6584565,443,BIue,Diamond 2,58,140,,233,180
443,summoner-6181949,444,BQB shu,Diamond 2,56,70,,79,84
444,summoner-6240128,445,STAR,Diamond 2,54,106,,203,218
445,summoner-7080358,446,私のためにしんで,Diamond 2,54,105,,131,133
446,summoner-6702059,447,ごっふぃ3号,Diamond 2,54,55,,103,108
447,summoner-6176654,448,Ηaze,Diamond 2,54,65,,102,117
448,summoner-6168500,449,エンペラー,Diamond 2,54,65,,87,91
449,summoner-6174051,450,伊瀬茉莉也,Diamond 2,53,62,,57,64
450,summoner-6705064,451,Tombstone,Diamond 2,53,38,,40,27
451,summoner-6349578,452,xtan,Diamond 2,47,69,,125,113
452,summoner-6317968,453,issue,Diamond 2,46,109,,219,226
453,summoner-6181632,454,EinSchwein,Diamond 2,45,53,,87,82
454,summoner-6335050,455,Jade Flawed,Diamond 2,43,125,,382,363
455,summoner-6177307,456,mefyideru,Diamond 2,43,77,,36,36
456,summoner-6694355,457,Fomalhaut,Diamond 2,26,196,,229,212
457,summoner-9531229,458,MicKun Juice,Diamond 2,42,142,,151,94
458,summoner-8882075,459,moka,Diamond 2,41,99,,135,73
459,summoner-6451627,460,100 Meteos,Diamond 2,41,44,,75,69
460,summoner-6186568,461,Amý,Diamond 2,40,143,,118,95
461,summoner-6163133,462,Souler,Diamond 2,40,86,,98,104
462,summoner-6344416,463,Ooさくらんぼ姫oO,Diamond 2,35,51,,56,49
463,summoner-6187181,464,darkthinPooEX,Diamond 2,35,59,,40,31
464,summoner-6731229,465,あにこ,Diamond 2,33,136,,286,248
465,summoner-6450342,466,Marry me,Diamond 2,32,39,,90,56
466,summoner-12861457,467,UzukiLove,Diamond 2,32,50,,76,76
467,summoner-6163203,468,NinjasHyper,Diamond 2,32,48,,61,52
468,summoner-6179546,469,MadEmperor,Diamond 2,30,121,,56,65
469,summoner-6189683,470,aripo,Diamond 2,28,102,,49,43
470,summoner-6181161,471,なつは,Diamond 2,26,68,,126,131
471,summoner-13111222,472,Barnes,Diamond 2,25,74,,324,293
472,summoner-6301186,473,Chic man,Diamond 2,25,83,,238,218
473,summoner-6691089,474,飛天流刀妹,Diamond 2,25,56,,161,142
474,summoner-6195800,475,3onihS,Diamond 2,25,90,,135,147
475,summoner-6162143,476,阿弥陀丸in春夢,Diamond 2,25,57,,134,90
476,summoner-6165481,477,XJSwagger,Diamond 2,25,49,,118,82
477,summoner-6317693,478,Muras4k1,Diamond 2,25,71,,104,96
478,summoner-6451310,479,みずぴ,Diamond 2,25,88,,101,81
479,summoner-6694477,480,たまちゃん,Diamond 2,25,76,,99,90
480,summoner-9820199,481,ihE,Diamond 2,25,41,,90,37
481,summoner-6184017,482,kyp,Diamond 2,25,131,,86,71
482,summoner-6164153,483,いぎりす,Diamond 2,25,71,,50,48
483,summoner-8970756,484,Ghost Flash,Diamond 2,25,36,,33,18
484,summoner-13830960,485,wugn,Diamond 2,24,46,,117,96
485,summoner-11510173,486,ぽきぽん,Diamond 2,23,83,,66,56
486,summoner-6184656,487,ろロrolo,Diamond 2,22,92,,165,148
487,summoner-6803124,488,アンパンマン大佐,Diamond 2,22,59,,125,106
488,summoner-6810315,489,堀之内九一郎,Diamond 2,20,56,,113,87
489,summoner-6703512,490,えくちーも,Diamond 2,20,79,,55,52
490,summoner-6186963,491,おにぎりの梅,Diamond 2,19,77,,216,200
491,summoner-8570617,492,Fragment,Diamond 2,16,59,,173,146
492,summoner-13800200,493,Νightblue3,Diamond 2,16,51,,145,85
493,summoner-6170964,494,Insomania,Diamond 2,15,65,,58,44
494,summoner-10120485,495,グラタン,Diamond 2,13,73,,128,115
495,summoner-6173521,496,arenbatiko,Diamond 2,12,97,,102,91
496,summoner-6313167,497,札幌商工会議所付属専門学校,Diamond 2,0,74,,120,71
497,summoner-7740207,498,AD USER,Diamond 2,11,38,,34,28
498,summoner-6170948,499,ざ  び,Diamond 2,10,133,,121,97
499,summoner-14660135,500,Stealth User,Diamond 2,10,43,,95,76
500,summoner-6160682,501,Aporomoon,Diamond 2,8,71,,165,177
501,summoner-7300433,502,Nothimoy,Diamond 2,7,59,,138,97
502,summoner-6831198,503,ぱにょ,Diamond 2,7,44,,60,50
503,summoner-11960312,504,NB3 fanboy,Diamond 2,1,89,,136,113
504,summoner-6181282,505,王 騎,Diamond 2,0,117,,402,399
505,summoner-6173582,506,Zaraky bot,Diamond 2,0,101,,311,303
506,summoner-6317289,507,uinyan,Diamond 2,0,89,,228,232
507,summoner-6187517,508,gussan225,Diamond 2,0,108,,157,133
508,summoner-8250219,509,MrTolkien,Diamond 2,0,66,,153,161
509,summoner-6313167,510,札幌商工会議所付属専門学校,Diamond 2,0,74,,120,71
510,summoner-6291695,511,Larie29,Diamond 2,0,62,,111,114
511,summoner-8802152,512,foniXD,Diamond 2,0,53,,100,71
512,summoner-6300312,513,ginTab,Diamond 2,0,99,,98,64
513,summoner-6291904,514,GumLOL,Diamond 2,0,88,,93,116
514,summoner-6251779,515,Maradekaiser,Diamond 2,0,56,,83,59
515,summoner-14120461,516,19Hz,Diamond 2,0,40,,78,46
516,summoner-6166437,517,RabbitFive,Diamond 2,0,41,,74,63
517,summoner-6450158,518,AFKT T1 AFKER,Diamond 2,0,83,,40,35
518,summoner-6184089,519,Lockon Stratos,Diamond 3,100,84,,142,135
519,summoner-10280592,520,えふぃ,Diamond 3,100,79,,135,104
520,summoner-6166865,521,Ikamirup,Diamond 3,100,58,,64,45
521,summoner-6166905,522,Kirby,Diamond 3,97,55,,41,20
522,summoner-6438788,523,urgot only,Diamond 3,96,73,,262,233
523,summoner-6243133,524,命に嫌われている,Diamond 3,95,152,,819,793
524,summoner-6331904,525,Crimson Cascadё,Diamond 3,95,81,,214,207
525,summoner-8821760,526,しゅかしゅ,Diamond 3,94,44,,105,69
526,summoner-6184406,527,tei syndrome,Diamond 3,93,45,,65,57
527,summoner-6175075,528,琴葉葵ちゃん,Diamond 3,92,103,,185,170
528,summoner-6299637,529,たこたこ,Diamond 3,92,43,,23,12
529,summoner-6701886,530,Z z,Diamond 3,90,54,,62,34
530,summoner-6872549,531,Lonely,Diamond 3,88,108,,219,203
531,summoner-6616908,532,Kanpo,Diamond 3,87,42,,74,48
532,summoner-6299556,533,rA9,Diamond 3,86,73,,195,197
533,summoner-6183577,534,FeeeeeelsGoodMan,Diamond 3,83,86,,180,170
534,summoner-6314777,535,REIMEN2422,Diamond 3,83,134,,46,37
535,summoner-6743522,536,Canaan00,Diamond 3,82,103,,83,76
536,summoner-6160581,537,おはナッツ,Diamond 3,80,93,,149,146
537,summoner-6181362,538,藤尾マサ,Diamond 3,79,84,,326,326
538,summoner-6694700,539,びろろろ,Diamond 3,78,78,,167,114
539,summoner-6177230,540,Ruelo,Diamond 3,76,114,,217,204
540,summoner-6173063,541,透明シャルクルス,Diamond 3,76,63,,98,79
541,summoner-6764369,542,Osaka1oN,Diamond 3,75,90,,316,303
542,summoner-6912310,543,XieL,Diamond 3,75,122,,240,243
543,summoner-6324998,544,JH1N内智則,Diamond 3,75,67,,160,150
544,summoner-6327228,545,Doranpen,Diamond 3,75,61,,147,133
545,summoner-7190745,546,dancing侍,Diamond 3,75,47,,125,94
546,summoner-8840482,547,bbigbear,Diamond 3,75,151,,99,103
547,summoner-6170869,548,Vtuber fanboy,Diamond 3,75,114,,94,96
548,summoner-6293313,549,あいむすりーぴー,Diamond 3,75,46,,87,45
549,summoner-6171577,550,f0cus,Diamond 3,75,57,,87,73
550,summoner-12230249,551,V3 Maplestreet,Diamond 3,75,44,,68,60
551,summoner-9800188,552,CG hachamecha,Diamond 3,75,58,,59,44
552,summoner-12180908,553,Lisel0tte,Diamond 3,75,58,,54,32
553,summoner-6160278,554,234,Diamond 3,75,43,,40,22
554,summoner-6311421,555,はちゃめちゃ,Diamond 3,75,42,,37,30
555,summoner-6295029,556,えんてぃ,Diamond 3,75,45,,36,23
556,summoner-11820713,557,斗魚TV丶檸檬人,Diamond 3,73,40,,39,35
557,summoner-6692602,558,BunNyAnn,Diamond 3,72,80,,370,339
558,summoner-6316612,559,11soul,Diamond 3,72,53,,78,76
559,summoner-6705587,560,5959,Diamond 3,72,38,,29,12
560,summoner-6460637,561,th123,Diamond 3,71,71,,102,95
561,summoner-6163776,562,Icoryze,Diamond 3,70,133,,677,669
562,summoner-6163610,563,kumao,Diamond 3,70,91,,86,87
563,summoner-6164024,564,まこも,Diamond 3,69,70,,104,82
564,summoner-6160706,565,ゆりあ,Diamond 3,69,92,,73,73
565,summoner-6181086,566,sorrymybad3,Diamond 3,69,93,,39,38
566,summoner-6160973,567,みやび,Diamond 3,65,54,,71,49
567,summoner-6187898,568,CxAneki,Diamond 3,64,109,,365,358
568,summoner-6394975,569,Chernobyl,Diamond 3,63,43,,33,20
569,summoner-13711002,570,BOBO KAMPI,Diamond 3,62,50,,167,137
570,summoner-9500440,571,姫サポートちゃん,Diamond 3,60,107,,32,28
571,summoner-12981043,572,シンデレラ多田,Diamond 3,59,52,,144,115
572,summoner-6461191,573,sundwe,Diamond 3,58,73,,180,178
573,summoner-9141141,574,有心論,Diamond 3,58,71,,168,145
574,summoner-13121314,575,ゅぃぃぃ,Diamond 3,57,38,,60,34
575,summoner-6324277,576,D Rose,Diamond 3,56,130,,191,163
576,summoner-6167450,577,kasaishouta12345,Diamond 3,56,87,,108,115
577,summoner-6335258,578,ソリアゲ王者ハサキング,Diamond 3,56,95,,50,37
578,summoner-6305393,579,zuiha,Diamond 3,54,95,,194,171
579,summoner-6160440,580,19960821,Diamond 3,54,93,,57,54
580,summoner-6317975,581,野生の生クリーム,Diamond 3,53,77,,87,74
581,summoner-14610620,582,アシホ,Diamond 3,52,37,,58,31
582,summoner-6319121,583,サモナ一ズリフト,Diamond 3,51,116,,248,214
583,summoner-6335404,584,GOLD DARIUS,Diamond 3,50,91,,207,196
584,summoner-7820576,585,私は君がほしい,Diamond 3,49,37,,53,24
585,summoner-6683516,586,卍悪霊退散卍前田卍魑魅魍魎卍,Diamond 3,49,39,,49,39
586,summoner-8671253,587,Badult,Diamond 3,48,67,,55,22
587,summoner-6188387,588,TOXIC BRAD,Diamond 3,47,122,,192,186
588,summoner-6183482,589,ミルコビッチ,Diamond 3,46,95,,111,108
589,summoner-14290528,590,ふわたゃを,Diamond 3,46,36,,43,17
590,summoner-6162645,591,Absolute Zer0,Diamond 3,45,45,,55,29
591,summoner-6752556,592,SUPERHOTSUPERHOT,Diamond 3,44,90,,123,98
592,summoner-12620827,593,Reón,Diamond 3,44,46,,81,71
593,summoner-8301594,594,Potata,Diamond 3,43,74,,294,263
594,summoner-6702599,595,Emp 小e神,Diamond 3,42,83,,133,133
595,summoner-6173874,596,おぎん,Diamond 3,42,94,,106,112
596,summoner-6470188,597,機動戦士ガベダム,Diamond 3,41,54,,118,129
597,summoner-6173238,598,こんそめ,Diamond 3,41,83,,32,27
598,summoner-6690196,599,kemukujara,Diamond 3,40,93,,261,238
599,summoner-6593645,600,Makase uN,Diamond 3,40,132,,232,227
600,summoner-6681245,601,会田薫,Diamond 3,40,73,,114,95
601,summoner-6232951,602,Eni,Diamond 3,39,61,,78,45
602,summoner-12820181,603,Безработные,Diamond 3,39,35,,37,5
603,summoner-8610350,604,勇者ほっともっと,Diamond 3,38,74,,119,86
604,summoner-9910399,605,レディーガガ,Diamond 3,38,76,,49,28
605,summoner-12020129,606,JPN reo,Diamond 3,37,72,,80,84
606,summoner-6176116,607,八乙女梓乃,Diamond 3,36,99,,176,159
607,summoner-6700147,608,vanhouten,Diamond 3,35,91,,95,71
608,summoner-6179383,609,あるべりー,Diamond 3,33,91,,151,146
609,summoner-6172999,610,Rend,Diamond 3,32,82,,87,74
610,summoner-6303428,611,BQB Kabupun,Diamond 3,29,96,,162,171
611,summoner-8970887,612,山梨太郎君,Diamond 3,29,45,,49,12
612,summoner-9861164,613,こだまでしょうか,Diamond 3,28,82,,259,264
613,summoner-13111021,614,緊急退学,Diamond 3,28,56,,158,148
614,summoner-10880685,615,おわきんぐ,Diamond 3,28,54,,80,68
615,summoner-6183316,616,AmA,Diamond 3,27,113,,133,124
616,summoner-6346156,617,香川広憲の亡霊,Diamond 3,26,41,,60,47
617,summoner-6180653,618,Clockday,Diamond 3,25,64,,200,188
618,summoner-10670497,619,あやりん,Diamond 3,25,83,,177,179
619,summoner-6176277,620,hotzushi,Diamond 3,25,49,,161,129
620,summoner-6183136,621,れもんまん,Diamond 3,25,70,,123,124
621,summoner-12741109,622,mugiちゃん,Diamond 3,25,65,,105,79
622,summoner-12371172,623,PaladinXD,Diamond 3,25,90,,96,74
623,summoner-6176839,624,username,Diamond 3,25,46,,96,56
624,summoner-13090209,625,pureheart player,Diamond 3,25,80,,76,51
625,summoner-13480413,626,MID Emper0r,Diamond 3,25,41,,69,37
626,summoner-6393298,627,Best Sona JP,Diamond 3,25,44,,62,27
627,summoner-6694950,628,シンデレラ前川,Diamond 3,25,53,,47,35
628,summoner-6171872,629,キバオウ,Diamond 3,25,48,,39,23
629,summoner-6171123,630,ちびゅー,Diamond 3,24,76,,208,189
630,summoner-8670315,631,fun XD,Diamond 3,24,37,,23,11
631,summoner-8110259,632,deeex,Diamond 3,21,85,,112,119
632,summoner-7020641,633,See Threepio,Diamond 3,21,48,,87,63
633,summoner-6290460,634,BlankNoir,Diamond 3,20,119,,348,326
634,summoner-6171392,635,くりす,Diamond 3,20,91,,69,51
635,summoner-6616875,636,腰腰腰腰腰腰腰,Diamond 3,20,105,,49,33
636,summoner-6680908,637,SneakyCastro,Diamond 3,19,77,,145,147
637,summoner-6171102,638,ROX syaruru,Diamond 3,19,53,,143,139
638,summoner-6970824,639,Tanto custom,Diamond 3,19,49,,76,62
639,summoner-6693403,640,NeetNanaAil,Diamond 3,18,99,,226,186
640,summoner-6733366,641,Wynn,Diamond 3,18,109,,154,129
641,summoner-6301499,642,TimeNoodles,Diamond 3,18,72,,112,95
642,summoner-12240261,643,韓国ダイヤ,Diamond 3,18,72,,92,95
643,summoner-6180120,644,めぐみぃん,Diamond 3,18,103,,29,22
644,summoner-10210222,645,THE BM LORD,Diamond 3,17,146,,218,201
645,summoner-6294057,646,luizana,Diamond 3,17,121,,153,135
646,summoner-6292756,647,お饅頭コンバット,Diamond 3,17,47,,87,71
647,summoner-6301737,648,Ricca,Diamond 3,16,107,,110,90
648,summoner-6161590,649,Haru,Diamond 3,14,89,,86,90
649,summoner-6682874,650,LL Stylish,Diamond 3,14,43,,29,26
650,summoner-6443237,651,Sworf,Diamond 3,13,92,,268,224
651,summoner-6881557,652,shiro,Diamond 3,13,89,,182,155
652,summoner-6325592,653,PhantomDeathBeta,Diamond 3,13,49,,78,78
653,summoner-6311411,654,DianyA JP,Diamond 3,13,169,,45,33
654,summoner-6290757,655,Resin,Diamond 3,10,92,,110,111
655,summoner-6203445,656,1990 Oid man,Diamond 3,7,49,,136,109
656,summoner-6181150,657,PCG owl,Diamond 3,6,83,,22,15
657,summoner-6160669,658,otuno,Diamond 3,5,49,,30,30
658,summoner-6940141,659,海のくまさん,Diamond 3,4,80,,367,338
659,summoner-6290826,660,絶食系男子,Diamond 3,4,112,,198,181
660,summoner-6182263,661,しじみん,Diamond 3,3,152,,417,390
661,summoner-6170857,662,未 玲,Diamond 3,3,124,,244,226
662,summoner-6175268,663,Anasterse,Diamond 3,3,106,,72,59
663,summoner-7030942,664,とりき,Diamond 3,2,122,,384,384
664,summoner-11001098,665,kimitaka,Diamond 3,2,90,,281,237
665,summoner-6690868,666,VallisLiccia,Diamond 3,1,47,,78,52
666,summoner-7600153,667,ZhanQiSuSuSu,Diamond 3,0,130,,344,300
667,summoner-14040801,668,ctgwaybmkr,Diamond 3,0,71,,242,211
668,summoner-6704376,669,KIY Oshi,Diamond 3,0,64,,221,186
669,summoner-13072105,670,daftness,Diamond 3,0,52,,118,91
670,summoner-7230540,671,東京ジェラシィ,Diamond 3,0,58,,103,97
671,summoner-9231455,672,KTRolster8,Diamond 3,0,47,,92,69
672,summoner-14470140,673,ちいたん,Diamond 3,0,42,,89,73
673,summoner-6365937,674,Melodyuko,Diamond 3,0,60,,87,79
674,summoner-6684303,675,キヨシ,Diamond 3,0,69,,85,67
675,summoner-6700558,676,Live and Learn,Diamond 3,0,52,,84,87
676,summoner-6704681,677,Che1ucY,Diamond 3,0,55,,82,65
677,summoner-6176027,678,おぐろと,Diamond 3,0,62,,80,61
678,summoner-6332554,679,Rekkles,Diamond 3,0,48,,79,67
679,summoner-6333769,680,nocchiPanty,Diamond 3,0,41,,76,56
680,summoner-6293258,681,サポ野バブ美,Diamond 3,0,136,,74,66
681,summoner-6304831,682,ムシキング,Diamond 3,0,43,,64,64
682,summoner-6336507,683,kudryavka1991,Diamond 3,0,102,,63,50
683,summoner-6319269,684,いんでっくす,Diamond 3,0,77,,47,53
684,summoner-13050222,685,みゅうだょ,Diamond 3,0,38,,47,24
685,summoner-6700903,686,Nidalee AI,Diamond 3,0,40,,31,29
686,summoner-6701782,687,kokokokokoko,Diamond 3,0,42,,30,21
687,summoner-6173492,688,lllllllllllIII,Diamond 4,100,91,,246,233
688,summoner-6693049,689,Meménto Mori,Diamond 4,100,62,,225,186
689,summoner-6180951,690,Larc,Diamond 4,100,94,,182,171
690,summoner-6931020,691,coyoi,Diamond 4,100,87,,167,157
691,summoner-6292029,692,Shiruma,Diamond 4,100,103,,159,146
692,summoner-6176621,693,Daath,Diamond 4,100,82,,115,105
693,summoner-12440459,694,先生は孫笑川,Diamond 4,100,54,,112,70
694,summoner-8320349,695,李愛希,Diamond 4,100,146,,104,70
695,summoner-6189281,696,あすき,Diamond 4,100,110,,96,74
696,summoner-7630197,697,ÿøšhüłõö,Diamond 4,100,56,,65,53
697,summoner-6348343,698,SGL Throne,Diamond 4,100,45,,64,40
698,summoner-6671963,699,脳内Montage,Diamond 4,100,41,,46,35
699,summoner-8321667,700,温かいビデ,Diamond 4,97,46,,102,66
700,summoner-6299663,701,ㅋㅋㅋ,Diamond 4,93,67,,56,42
701,summoner-12910257,702,nananaa,Diamond 4,91,81,,352,329
702,summoner-6611761,703,HikikomoriADC,Diamond 4,91,50,,147,110
703,summoner-13070705,704,チアキFrom TW,Diamond 4,91,43,,67,36
704,summoner-6181109,705,mizukami,Diamond 4,90,142,,329,320
705,summoner-13230137,706,ELMO IN JP,Diamond 4,90,50,,138,100
706,summoner-8491290,707,S2CcReece,Diamond 4,90,46,,129,66
707,summoner-9520348,708,erza9425,Diamond 4,90,39,,60,29
708,summoner-6298059,709,べあー,Diamond 4,90,44,,42,38
709,summoner-6170777,710,ふんどし日本丸,Diamond 4,90,57,,40,27
710,summoner-6331326,711,RQ konomekaze,Diamond 4,90,53,,35,30
711,summoner-11890219,712,Scrawboy,Diamond 4,89,58,,204,189
712,summoner-6325492,713,EySSS,Diamond 4,88,67,,233,200
713,summoner-6182749,714,BQB Lem0n,Diamond 4,86,74,,173,176
714,summoner-11140602,715,19980810,Diamond 4,85,59,,178,149
715,summoner-6172003,716,贅肉おばけ,Diamond 4,85,81,,58,49
716,summoner-6250300,717,Rhivarak,Diamond 4,84,57,,187,164
717,summoner-6450728,718,Spicat,Diamond 4,84,46,,95,76
718,summoner-6176418,719,Forget me not,Diamond 4,84,55,,82,62
719,summoner-11810890,720,コモレビの下,Diamond 4,84,39,,74,46
720,summoner-6337433,721,onkami,Diamond 4,84,56,,52,28
721,summoner-6302829,722,Deazo,Diamond 4,82,77,,87,69
722,summoner-6178665,723,yumeat,Diamond 4,81,98,,260,260
723,summoner-6177378,724,llIIlIlIIIIllllI,Diamond 4,80,37,,58,43
724,summoner-13380228,725,ゆめちゅん,Diamond 4,79,54,,125,91
725,summoner-6162657,726,Khaten,Diamond 4,77,87,,156,152
726,summoner-6701048,727,MаroZitE,Diamond 4,77,92,,126,100
727,summoner-7280872,728,星崎希望,Diamond 4,76,63,,132,79
728,summoner-6843271,729,俺は行く,Diamond 4,75,123,,423,408
729,summoner-6176905,730,Elmyr,Diamond 4,75,108,,378,347
730,summoner-6701131,731,Zeeerry,Diamond 4,75,100,,334,314
731,summoner-6169011,732,zakosuaran,Diamond 4,75,93,,310,294
732,summoner-6861306,733,Rari城ドラ,Diamond 4,75,136,,285,271
733,summoner-7380786,734,omtom1,Diamond 4,75,63,,211,210
734,summoner-10250446,735,ねこみみ,Diamond 4,75,162,,206,169
735,summoner-7460217,736,Conside,Diamond 4,75,68,,191,155
736,summoner-13670263,737,すこぶる動くウサギ,Diamond 4,75,51,,163,121
737,summoner-6791751,738,sekususimasyo,Diamond 4,75,100,,143,80
738,summoner-6450887,739,もぅﾏﾁﾞ無理 死ンヂャオ,Diamond 4,75,52,,119,93
739,summoner-13280157,740,RJ Fanxy1,Diamond 4,75,47,,117,93
740,summoner-6168484,741,Etoile,Diamond 4,75,71,,101,104
741,summoner-12851604,742,バイト戦士鈴羽,Diamond 4,75,54,,94,68
742,summoner-6830175,743,EleaNoR,Diamond 4,75,73,,94,64
743,summoner-7011396,744,Snows,Diamond 4,75,49,,89,70
744,summoner-6331277,745,1715,Diamond 4,75,80,,82,71
745,summoner-6310122,746,gaegwae,Diamond 4,75,48,,62,56
746,summoner-7260357,747,Solo Horkew,Diamond 4,75,39,,60,49
747,summoner-12610863,748,cotton candy,Diamond 4,75,43,,59,18
748,summoner-6185426,749,maeken,Diamond 4,75,70,,47,32
749,summoner-9810205,750,リトルデーモン,Diamond 4,75,52,,45,25
750,summoner-9550124,751,7h RIP,Diamond 4,75,41,,41,25
751,summoner-6173906,752,ミニスカート,Diamond 4,74,142,,138,119
752,summoner-6700165,753,せやろかえふ,Diamond 4,74,62,,38,33
753,summoner-6461466,754,どぶさいく,Diamond 4,73,114,,142,132
754,summoner-6165496,755,Leeroy Jenkins,Diamond 4,73,46,,63,54
755,summoner-6700400,756,rogiaaa,Diamond 4,72,58,,103,88
756,summoner-7360731,757,俺はs4マスター,Diamond 4,72,44,,69,51
757,summoner-6323905,758,TwitchMainOkita,Diamond 4,71,143,,556,535
758,summoner-6292221,759,Yxum,Diamond 4,71,90,,199,185
759,summoner-10911515,760,WinstonCaster,Diamond 4,71,67,,173,145
760,summoner-7891371,761,北見六花,Diamond 4,70,73,,85,48
761,summoner-6394809,762,とっぱー,Diamond 4,69,115,,231,220
762,summoner-6297288,763,新田美波,Diamond 4,69,50,,43,40
763,summoner-6310418,764,Pitch and Bent,Diamond 4,68,85,,256,261
764,summoner-6701006,765,TonkatsuSauce,Diamond 4,67,83,,218,184
765,summoner-6377670,766,Nightcolor,Diamond 4,65,124,,174,148
766,summoner-6164321,767,mesya,Diamond 4,65,106,,153,125
767,summoner-6706323,768,ACE OF KANI,Diamond 4,65,74,,125,118
768,summoner-6651348,769,LなoまL,Diamond 4,65,59,,65,35
769,summoner-6160698,770,441,Diamond 4,64,68,,172,180
770,summoner-12010132,771,ejii,Diamond 4,62,44,,84,61
771,summoner-6890761,772,Romane,Diamond 4,61,78,,255,227
772,summoner-6704155,773,394,Diamond 4,61,40,,74,35
773,summoner-6187442,774,moriwo god,Diamond 4,60,51,,49,30
774,summoner-6202006,775,Huya丶Dop4,Diamond 4,60,41,,40,32
775,summoner-6173837,776,ネオス,Diamond 4,59,81,,125,134
776,summoner-6173745,777,美靏姬,Diamond 4,59,40,,72,55
777,summoner-6694459,778,Against All Odds,Diamond 4,58,137,,95,94
778,summoner-6160967,779,あにーぼっと,Diamond 4,58,82,,42,43
779,summoner-6283018,780,Dokurou,Diamond 4,56,96,,269,254
780,summoner-6187760,781,凖 提,Diamond 4,56,84,,239,229
781,summoner-6329451,782,Dopaaa,Diamond 4,56,46,,86,60
782,summoner-6161550,783,terya,Diamond 4,55,70,,177,146
783,summoner-6227944,784,My face is bad,Diamond 4,54,211,,836,794
784,summoner-6167631,785,きみがすき,Diamond 4,54,95,,95,79
785,summoner-6187805,786,べると,Diamond 4,54,78,,73,42
786,summoner-13140250,787,おとろえ,Diamond 4,53,66,,199,162
787,summoner-6685231,788,GokdWing,Diamond 4,53,39,,75,51
788,summoner-7391804,789,やばいleo,Diamond 4,52,84,,93,81
789,summoner-6172444,790,nesscrystal,Diamond 4,52,43,,56,47
790,summoner-6328054,791,BANKOISER,Diamond 4,51,102,,225,193
791,summoner-6312931,792,Macarong v2,Diamond 4,51,50,,146,74
792,summoner-8701271,793,LTB Sin,Diamond 4,51,66,,142,109
793,summoner-6321167,794,Demrofer,Diamond 4,51,69,,103,89
794,summoner-6166047,795,むっちょ,Diamond 4,51,86,,89,78
795,summoner-6176851,796,きばみ,Diamond 4,51,75,,46,48
796,summoner-12820173,797,超銀河T1NPO,Diamond 4,50,54,,148,132
797,summoner-14230703,798,chocotto,Diamond 4,50,45,,117,86
798,summoner-6323019,799,GANJA NINJA,Diamond 4,50,56,,96,96
799,summoner-9930186,800,7357,Diamond 4,50,49,,52,30
800,summoner-6209791,801,Duxiilillilil,Diamond 4,48,144,,89,86
801,summoner-6165388,802,yurinn,Diamond 4,48,72,,71,56
802,summoner-12760939,803,kneesox,Diamond 4,46,64,,240,212
803,summoner-6162091,804,Rebel blade,Diamond 4,46,92,,189,186
804,summoner-6682043,805,Poppy chan,Diamond 4,46,66,,100,86
805,summoner-7041550,806,Pito,Diamond 4,46,124,,65,53
806,summoner-6292039,807,hanyu,Diamond 4,45,67,,185,182
807,summoner-6441172,808,jhin IS GOD,Diamond 4,44,75,,101,112
808,summoner-6322460,809,俺にかかれば2秒でマダガスカル,Diamond 4,44,42,,55,57
809,summoner-6164245,810,kasujyou,Diamond 4,44,50,,39,26
810,summoner-6298524,811,もこけね,Diamond 4,43,132,,252,244
811,summoner-6690177,812,509 Is,Diamond 4,43,69,,69,61
812,summoner-6189958,813,のちのち,Diamond 4,43,52,,69,58
813,summoner-9810204,814,くぅちゃん,Diamond 4,43,110,,66,50
814,summoner-6344063,815,勇者あああああ,Diamond 4,43,71,,50,46
815,summoner-6291049,816,Jerard,Diamond 4,42,95,,72,47
816,summoner-8130161,817,集いし願いが新たに輝く星となる光,Diamond 4,42,64,,67,61
817,summoner-6348974,818,雪 梨,Diamond 4,42,137,,37,21
818,summoner-13081642,819,イカレちんぽこ丸,Diamond 4,41,90,,162,129
819,summoner-6173795,820,冰 糖,Diamond 4,40,158,,169,157
820,summoner-6294994,821,ひろっぺん,Diamond 4,40,75,,163,147
821,summoner-6161708,822,とうま,Diamond 4,40,55,,111,100
822,summoner-12511187,823,最終のボス,Diamond 4,40,62,,40,39
823,summoner-6307952,824,ヌヲヌバ,Diamond 4,39,85,,217,192
824,summoner-6318960,825,チーズスタリオン,Diamond 4,39,83,,155,163
825,summoner-12950656,826,おじゃまるお,Diamond 4,39,59,,146,105
826,summoner-6299347,827,W上げ本田圭佑,Diamond 4,39,97,,145,130
827,summoner-6177492,828,21歳無職,Diamond 4,38,127,,214,187
828,summoner-6327349,829,ちょこまか,Diamond 4,38,98,,127,122
829,summoner-7070260,830,松田超人最強伝説,Diamond 4,38,99,,59,43
830,summoner-9620151,831,VioIeT,Diamond 4,37,59,,127,127
831,summoner-6172774,832,ぺろぺろしてぇな,Diamond 4,37,126,,126,88
832,summoner-14070171,833,Aussie,Diamond 4,37,63,,110,98
833,summoner-7470187,834,ヤスオBANします,Diamond 4,37,89,,100,78
834,summoner-6347482,835,かげを,Diamond 4,37,113,,50,43
835,summoner-6680244,836,キリンレモン,Diamond 4,36,118,,398,369
836,summoner-6180679,837,てれくしー,Diamond 4,36,94,,126,123
837,summoner-6686136,838,Coba1t,Diamond 4,36,121,,112,100
838,summoner-6169090,839,123123123,Diamond 4,35,99,,134,103
839,summoner-6314810,840,Livraa,Diamond 4,35,97,,76,58
840,summoner-6297571,841,469ma,Diamond 4,34,73,,121,105
841,summoner-6703664,842,LoveLoveRyutin,Diamond 4,34,45,,94,71
842,summoner-6681539,843,INnoVation,Diamond 4,32,72,,127,123
843,summoner-6215158,844,dogyzz,Diamond 4,32,110,,43,40
844,summoner-6691420,845,ぼんぽち,Diamond 4,31,70,,110,98
845,summoner-12940514,846,飲酒LoLマン,Diamond 4,28,44,,82,49
846,summoner-6292126,847,kurooon,Diamond 4,27,92,,111,100
847,summoner-6170500,848,り ん,Diamond 4,27,65,,104,114
848,summoner-12520695,849,ヨンジェ,Diamond 4,27,55,,79,55
849,summoner-6175753,850,MOU MURI,Diamond 4,26,107,,162,126
850,summoner-6345889,851,Fine2162,Diamond 4,26,75,,37,25
851,summoner-9420186,852,Sprayz,Diamond 4,25,74,,315,281
852,summoner-13230202,853,New zhondan,Diamond 4,25,52,,154,131
853,summoner-13290150,854,USG Gang0,Diamond 4,25,46,,133,72
854,summoner-7460250,855,7h Rokenia,Diamond 4,25,56,,111,91
855,summoner-7321699,856,usagino,Diamond 4,25,50,,102,89
856,summoner-6336404,857,Tokoyuki,Diamond 4,25,71,,95,70
857,summoner-6703099,858,琴チャン,Diamond 4,25,77,,81,100
858,summoner-12200914,859,TRlGGER,Diamond 4,25,61,,76,75
859,summoner-9950219,860,西日暮里戒网中心,Diamond 4,25,52,,67,46
860,summoner-6182928,861,Tidus,Diamond 4,25,84,,63,63
861,summoner-12260902,862,lWJack,Diamond 4,25,51,,39,35
862,summoner-6188392,863,Rainsuta,Diamond 4,24,76,,161,133
863,summoner-6293332,864,MoZukuTea,Diamond 4,23,114,,107,93
864,summoner-6695236,865,123,Diamond 4,23,92,,103,94
865,summoner-6181369,866,太田佳奈,Diamond 4,21,58,,173,144
866,summoner-6161635,867,boylen,Diamond 4,20,60,,160,125
867,summoner-14180148,868,ぴーち,Diamond 4,20,53,,132,100
868,summoner-13740351,869,乃 愛,Diamond 4,20,41,,78,54
869,summoner-6291622,870,くま虎,Diamond 4,19,69,,139,118
870,summoner-6666546,871,wing,Diamond 4,19,120,,107,74
871,summoner-8691179,872,CarryBASHIBASHI,Diamond 4,19,39,,54,43
872,summoner-6450745,873,あべくま,Diamond 4,19,100,,23,22
873,summoner-6348760,874,よぴぴザウルス,Diamond 4,18,138,,235,213
874,summoner-9530609,875,月与海,Diamond 4,18,80,,203,196
875,summoner-9670170,876,くっきー,Diamond 4,18,80,,154,149
876,summoner-13790169,877,WanderingPro2,Diamond 4,18,53,,149,127
877,summoner-13490210,878,Iwasawa,Diamond 4,18,46,,115,84
878,summoner-6294946,879,chubet,Diamond 4,18,47,,89,82
879,summoner-6681244,880,PontaCard,Diamond 4,18,82,,70,58
880,summoner-6811107,881,gannmo123,Diamond 4,18,84,,38,31
881,summoner-6280514,882,Raharl,Diamond 4,17,112,,408,410
882,summoner-6313068,883,ろろれろろ,Diamond 4,17,126,,321,295
883,summoner-6695156,884,るんちゃ,Diamond 4,17,106,,228,228
884,summoner-6950468,885,Endelyu,Diamond 4,17,73,,186,154
885,summoner-6262219,886,Pudge,Diamond 4,17,99,,182,164
886,summoner-6167794,887,Oreki,Diamond 4,17,84,,131,121
887,summoner-6303936,888,StylishNoob4,Diamond 4,17,119,,130,119
888,summoner-6592828,889,Engineer,Diamond 4,17,46,,105,80
889,summoner-12740857,890,practice nomi,Diamond 4,17,46,,62,44
890,summoner-6175584,891,ロシナンテ,Diamond 4,16,65,,147,129
891,summoner-6312313,892,owæ,Diamond 4,16,144,,135,145
892,summoner-6160649,893,にこぷり,Diamond 4,16,131,,101,95
893,summoner-6301753,894,luoqisa,Diamond 4,16,67,,80,56
894,summoner-11260174,895,Ruki,Diamond 4,15,119,,140,146
895,summoner-6181413,896,1000DYE,Diamond 4,15,76,,126,120
896,summoner-6162241,897,Erulein,Diamond 4,15,59,,66,56
897,summoner-6344150,898,kasupi404,Diamond 4,15,108,,51,27
898,summoner-6162908,899,はろーさんた,Diamond 4,14,95,,217,224
899,summoner-10901336,900,ℱĄKʃℛ,Diamond 4,14,86,,215,185
900,summoner-10171220,901,君の唾液で口噛酒,Diamond 4,14,78,,111,102
901,summoner-6271387,902,ハイセ,Diamond 4,13,70,,64,58
902,summoner-7350233,903,Griever,Diamond 4,12,46,,109,81
903,summoner-6310371,904,R1ngoKun,Diamond 4,12,68,,41,33
904,summoner-6287685,905,Feeddlesticks,Diamond 4,10,119,,256,218
905,summoner-6320302,906,メラゾーマ,Diamond 4,10,97,,62,46
906,summoner-6311328,907,Fumico,Diamond 4,9,202,,952,917
907,summoner-6170090,908,paddle star,Diamond 4,9,120,,136,132
908,summoner-6171274,909,Rolo Lamperouge,Diamond 4,9,85,,130,111
909,summoner-6161347,910,エッッッッッッ,Diamond 4,8,105,,46,49
910,summoner-13790130,911,ˆSarah Myˆ,Diamond 4,7,71,,198,162
911,summoner-8940405,912,Cherry Fizz,Diamond 4,7,117,,196,192
912,summoner-8840634,913,무섭고외롭겠다,Diamond 4,7,124,,167,150
913,summoner-6372585,914,Maokai OTP,Diamond 4,6,153,,395,388
914,summoner-6165282,915,ヒカキンキッズ,Diamond 4,6,107,,154,142
915,summoner-8160442,916,sebearasi,Diamond 4,5,102,,54,50
916,summoner-6161727,917,TehLlghter,Diamond 4,4,143,,108,90
917,summoner-6171784,918,天津風ちゃん,Diamond 4,4,82,,66,55
918,summoner-6624647,919,LoviScenario,Diamond 4,3,74,,222,212
919,summoner-6700720,920,Ir1s,Diamond 4,2,56,,167,173
920,summoner-13090962,921,SRDv,Diamond 4,2,69,,155,129
921,summoner-6175258,922,SakuraSky,Diamond 4,2,108,,114,103
922,summoner-6318881,923,Azuliet,Diamond 4,2,62,,91,86
923,summoner-8890153,924,프나틱 원딜,Diamond 4,1,66,,72,54
924,summoner-6186260,925,Top or AFK,Diamond 4,1,47,,47,44
925,summoner-6189165,926,K Jiyong,Diamond 4,0,124,,487,457
926,summoner-6312719,927,ちくびまる子ちゃ,Diamond 4,0,118,,454,425
927,summoner-10600137,928,島魚Jasconius,Diamond 4,0,111,,359,348
928,summoner-6316705,929,君のハートにイグナイト,Diamond 4,0,103,,241,233
929,summoner-6315001,930,DE JEUX,Diamond 4,0,92,,216,210
930,summoner-6292174,931,00Albert,Diamond 4,0,78,,213,183
931,summoner-6272955,932,0A0,Diamond 4,0,106,,209,197
932,summoner-6187890,933,kurewo god,Diamond 4,0,74,,206,175
933,summoner-6690662,934,IIllII,Diamond 4,0,112,,206,187
934,summoner-6170569,935,Japan Net Bank,Diamond 4,0,84,,205,181
935,summoner-11600486,936,TMaaH,Diamond 4,0,120,,189,168
936,summoner-10690274,937,whiskeeey,Diamond 4,0,130,,185,185
937,summoner-6302228,938,悔い改めよ,Diamond 4,0,82,,182,176
938,summoner-6705132,939,From the Gekko,Diamond 4,0,56,,175,143
939,summoner-11570397,940,EdwinVanCleef,Diamond 4,0,49,,152,137
940,summoner-9180884,941,CatPenguin3,Diamond 4,0,71,,148,118
941,summoner-6184769,942,ぺけのすけ,Diamond 4,0,123,,140,132
942,summoner-6180802,943,lqs,Diamond 4,0,70,,134,123
943,summoner-6189369,944,お前が一番,Diamond 4,0,97,,132,92
944,summoner-6173987,945,Wobbuffet,Diamond 4,0,97,,131,127
945,summoner-8080535,946,さなぎぱん,Diamond 4,0,64,,123,93
946,summoner-12430231,947,DoubleIift,Diamond 4,0,62,,115,101
947,summoner-7200179,948,ItsNimbuS,Diamond 4,0,107,,112,88
948,summoner-6811867,949,Uns,Diamond 4,0,76,,110,109
949,summoner-8721259,950,rivenのアナ子,Diamond 4,0,60,,109,107
950,summoner-6160782,951,pajamasa,Diamond 4,0,87,,107,89
951,summoner-13590889,952,卍SPYGEA卍,Diamond 4,0,40,,102,58
952,summoner-6189797,953,Cine,Diamond 4,0,85,,100,69
953,summoner-6174908,954,HaraNamayOkO,Diamond 4,0,96,,99,77
954,summoner-13770959,955,mysql u root,Diamond 4,0,47,,96,81
955,summoner-6701220,956,イオの手先,Diamond 4,0,77,,93,91
956,summoner-6295282,957,C9 膝裏にキス,Diamond 4,0,70,,93,69
957,summoner-6298181,958,Yunn,Diamond 4,0,73,,92,71
958,summoner-7200222,959,BGF,Diamond 4,0,49,,91,83
959,summoner-6890241,960,ťele,Diamond 4,0,57,,90,87
960,summoner-6321670,961,卍森林原人卍,Diamond 4,0,47,,90,83
961,summoner-10941158,962,バリネコテクノ,Diamond 4,0,44,,88,64
962,summoner-6262327,963,Lurix,Diamond 4,0,109,,84,68
963,summoner-12251111,964,Best Janna NA,Diamond 4,0,106,,84,58
964,summoner-6332429,965,takuman por,Diamond 4,0,41,,71,42
965,summoner-6181074,966,Damnare Mantis,Diamond 4,0,117,,67,67
966,summoner-6296124,967,14d,Diamond 4,0,49,,67,74
967,summoner-6170680,968,shellinford,Diamond 4,0,93,,66,55
968,summoner-6170724,969,インターネット,Diamond 4,0,79,,63,59
969,summoner-6185989,970,ななせ,Diamond 4,0,118,,57,54
970,summoner-6170708,971,働けクズ,Diamond 4,0,108,,55,48
971,summoner-13420258,972,ナッシュ,Diamond 4,0,70,,41,33
972,summoner-6290250,973,Ｃherry,Diamond 4,0,39,,37,24
973,summoner-9960670,974,Asterism,Diamond 4,0,53,,35,32
974,summoner-6183784,975,Caim,Diamond 4,0,58,,34,18
975,summoner-6160830,976,нoчь,Diamond 4,0,36,,32,17
976,summoner-6161164,977,Marble96,Diamond 5,100,95,,295,288
977,summoner-12420250,978,Deklaran,Diamond 5,100,89,,246,233
978,summoner-6310164,979,freejapan,Diamond 5,100,64,,205,210
979,summoner-8900234,980,pirotyan,Diamond 5,100,73,,179,143
980,summoner-10871337,981,アムルクレチア,Diamond 5,100,60,,173,155
981,summoner-6292828,982,Rustyi,Diamond 5,100,85,,164,158
982,summoner-6166702,983,わいるどかめおか,Diamond 5,100,106,,157,131
983,summoner-6313630,984,Paya,Diamond 5,100,55,,155,128
984,summoner-6301025,985,oけいo,Diamond 5,100,116,,154,132
985,summoner-6184382,986,pzi,Diamond 5,100,101,,153,132
986,summoner-6314759,987,ADPvv,Diamond 5,100,53,,139,124
987,summoner-6313441,988,kiravisan,Diamond 5,100,74,,138,130
988,summoner-8140187,989,KIed BOT,Diamond 5,100,85,,124,105
989,summoner-6275587,990,日代VX 460957987,Diamond 5,100,81,,123,90
990,summoner-6184581,991,This,Diamond 5,100,61,,107,106
991,summoner-6461019,992,morippe,Diamond 5,100,57,,99,89
992,summoner-9440328,993,ScudCrosers,Diamond 5,100,92,,90,81
993,summoner-6347493,994,ケインすごしゅぎ,Diamond 5,100,47,,87,57
994,summoner-6318546,995,Y u K i SSSSSS,Diamond 5,100,64,,85,85
995,summoner-12640672,996,止まらないオルガ,Diamond 5,100,47,,77,54
996,summoner-6171785,997,BotLanersSuck,Diamond 5,100,145,,75,35
997,summoner-6314723,998,MannérsMakethMan,Diamond 5,100,61,,68,62
998,summoner-6722749,999,18cm魔法少女,Diamond 5,100,116,,45,39
999,summoner-6335235,1000,SukebeS,Diamond 5,100,119,,41,41
