#timestamp 1530165658426
#date 2018-06-28T06:00:58+00:00
#players 1000
#index,id,rank,name,tier,lp,level,proTeam,win,loss
0,summoner-1833896,1,CNB Hy0g4,Challenger,1323,131,,561,452
1,summoner-4602614,2,Eu sou o Jojo,Challenger,1311,85,,270,183
2,summoner-34000124,3,3242363,Challenger,1128,46,,140,68
3,summoner-2833743,4,NeyMarcos,Challenger,940,121,,516,399
4,summoner-4499324,5,Nyu,Challenger,908,109,,309,241
5,summoner-31400150,6,Anyyyy,Challenger,900,56,,210,120
6,summoner-31094545,7,Sky s2 BR,Challenger,894,72,,260,182
7,summoner-539250,8,HKS Caos,Challenger,869,110,,330,273
8,summoner-9540245,9,tinowns2,Challenger,839,73,,200,143
9,summoner-523864,10,clumsy boy,Challenger,772,80,,230,182
10,summoner-17074696,11,KT Mandiocaa,Challenger,769,82,,375,269
11,summoner-2984886,12,Rhaegalarys,Challenger,769,159,,226,166
12,summoner-540342,13,RED Guigo,Challenger,765,115,,345,281
13,summoner-500182,14,CNB Robo1,Challenger,758,90,,283,233
14,summoner-610635,15,Days4fun,Challenger,744,92,,224,165
15,summoner-31400130,16,YoYo JoJo,Challenger,729,71,,272,175
16,summoner-536088,17,Amazing Zuao,Challenger,727,104,,326,270
17,summoner-22055132,18,Olkaida,Challenger,715,150,,222,166
18,summoner-6510165,19,beyond the stars,Challenger,703,129,,425,373
19,summoner-520377,20,envy 30,Challenger,694,88,,287,248
20,summoner-6673314,21,esA,Challenger,674,90,,330,287
21,summoner-410074,22,zhao AD113755088,Challenger,662,76,,245,196
22,summoner-24810137,23,Krastymel,Challenger,679,63,,168,119
23,summoner-27800149,24,Glaucia,Challenger,650,96,,174,133
24,summoner-529295,25,burn to emerge,Challenger,649,73,,116,74
25,summoner-24810143,26,little gold,Challenger,641,73,,256,205
26,summoner-3254291,27,RedBert,Challenger,641,74,,233,178
27,summoner-2891839,28,Destinyyy,Challenger,617,66,,221,180
28,summoner-2596351,29,God Needles,Challenger,627,116,,364,326
29,summoner-1721150,30,goku chan,Challenger,627,95,,264,222
30,summoner-20640125,31,choramaisae,Challenger,638,70,,254,202
31,summoner-31410132,32,Ruim e velho,Challenger,621,71,,279,196
32,summoner-24810150,33,GENESIS SHINI,Challenger,611,49,,104,64
33,summoner-18270216,34,PRAlSE THE SUN,Challenger,608,86,,308,255
34,summoner-9480188,35,Minerva,Challenger,595,97,,314,273
35,summoner-1726011,36,TusiN,Challenger,595,96,,302,253
36,summoner-30610309,37,gebradetransgay,Challenger,588,122,,447,398
37,summoner-852464,38,dyNquedo NGDP,Challenger,586,77,,196,150
38,summoner-400412,39,exceed apogee,Challenger,586,47,,99,56
39,summoner-1872796,40,Revalí,Challenger,583,103,,306,263
40,summoner-437956,41,Copernic1,Challenger,579,124,,489,429
41,summoner-17972381,42,selaK htyM,Challenger,579,102,,366,321
42,summoner-472453,43,bydekixd,Challenger,578,88,,259,218
43,summoner-17663661,44,AKMU,Challenger,574,74,,340,290
44,summoner-1141219,45,Prblank,Challenger,574,91,,318,281
45,summoner-477974,46,Zaphkíel,Challenger,568,134,,335,298
46,summoner-20014792,47,NOTEJURISPERITUS,Challenger,585,94,,299,258
47,summoner-6230125,48,Kales Myth,Challenger,564,102,,229,187
48,summoner-29120132,49,RSL TutsTutsz,Challenger,563,155,,533,485
49,summoner-20252931,50,BAAAAAAAAAAANKAI,Challenger,558,98,,469,416
50,summoner-24800141,51,HYP3 BEAST,Challenger,553,64,,156,111
51,summoner-1475753,52,buceIinho,Challenger,550,109,,346,295
52,summoner-2360158,53,LUIS CARVALHO,Challenger,550,49,,112,76
53,summoner-27980135,54,Sílent Player,Challenger,549,108,,457,416
54,summoner-476160,55,high noon,Challenger,549,89,,117,78
55,summoner-33990125,56,l can be better,Challenger,548,46,,134,89
56,summoner-18290189,57,IlIlIlIIllIlIllI,Challenger,538,48,,121,70
57,summoner-34010125,58,Juan JayJ lol,Challenger,533,41,,97,45
58,summoner-21852695,59,Satan himself,Challenger,529,87,,323,279
59,summoner-27620140,60,KID GOTEN,Challenger,528,70,,226,182
60,summoner-3546357,61,Barry de Barry,Challenger,526,109,,288,255
61,summoner-4583588,62,Unreality,Challenger,525,93,,278,236
62,summoner-24820140,63,yougotmenervous,Challenger,542,97,,494,423
63,summoner-2854374,64,Trovaozin,Challenger,521,106,,421,381
64,summoner-455830,65,danz0r,Challenger,517,94,,257,217
65,summoner-19440391,66,WP LynX,Challenger,515,128,,473,416
66,summoner-18780139,67,LukasNegro,Challenger,513,76,,271,225
67,summoner-27820158,68,Suanybb,Challenger,511,69,,226,183
68,summoner-19936193,69,PNG Jovigod,Challenger,509,74,,335,282
69,summoner-2472380,70,Kaze Ronin,Challenger,508,113,,172,132
70,summoner-5663560,71,XerembaMole,Challenger,507,57,,140,95
71,summoner-28883895,72,Hydrogen,Challenger,479,52,,132,84
72,summoner-530844,73,Sneez1,Challenger,500,76,,250,216
73,summoner-1724409,74,YGOR FREITAS,Challenger,497,101,,352,319
74,summoner-29233192,75,Miss Luxury,Challenger,496,219,,205,164
75,summoner-584708,76,Little Wos,Challenger,491,100,,317,268
76,summoner-31390133,77,Sidney Royel,Challenger,490,74,,299,232
77,summoner-31380133,78,51654684,Challenger,490,54,,183,111
78,summoner-1760285,79,Wartin,Challenger,487,122,,435,390
79,summoner-19340127,80,haters,Challenger,484,57,,151,105
80,summoner-840819,81,Vipeeer,Challenger,479,96,,143,94
81,summoner-30992817,82,PRG lima,Challenger,478,117,,520,480
82,summoner-10212285,83,MKL Support,Challenger,477,88,,209,156
83,summoner-4191339,84,JJOOSUNG,Challenger,475,87,,269,226
84,summoner-990588,85,FNC Pickkles,Challenger,469,72,,161,119
85,summoner-13200138,86,Droovyle,Challenger,469,47,,100,56
86,summoner-533497,87,Pinguin Cotoco,Challenger,467,81,,185,149
87,summoner-2105456,88,enel1,Challenger,466,80,,147,111
88,summoner-520805,89,RED Cabu,Challenger,464,99,,325,288
89,summoner-456148,90,Bardeus,Challenger,464,91,,276,239
90,summoner-27820136,91,boosted adc,Challenger,463,78,,109,77
91,summoner-3255468,92,Kappareca,Challenger,460,110,,457,393
92,summoner-18290186,93,Nigrum Pantherae,Challenger,460,54,,171,129
93,summoner-34510144,94,Nikola Senpai,Challenger,458,137,,509,474
94,summoner-602339,95,Vasto1,Challenger,453,159,,630,580
95,summoner-477786,96,lie blanc182,Challenger,454,66,,164,125
96,summoner-18280139,97,Rakyz,Challenger,432,97,,273,240
97,summoner-602145,98,time for dinner,Challenger,449,91,,244,207
98,summoner-2615838,99,Howper1,Challenger,449,68,,177,114
99,summoner-4967463,100,May 17th,Challenger,449,104,,163,122
100,summoner-808975,101,Vahvel,Challenger,446,63,,97,56
101,summoner-569095,102,Just Dont Cry,Challenger,445,82,,257,221
102,summoner-5248317,103,Taara,Challenger,442,74,,108,66
103,summoner-2850703,104,Yan,Challenger,441,79,,255,215
104,summoner-31390126,105,ERASAO EMBRAZADO,Challenger,438,67,,246,174
105,summoner-486830,106,takeshi,Challenger,437,57,,152,117
106,summoner-21190131,107,RANGERZADA XQDL,Challenger,437,53,,136,87
107,summoner-5562087,108,Brucer,Challenger,435,77,,214,165
108,summoner-32530127,109,Kími1,Challenger,435,72,,139,97
109,summoner-25900130,110,guymkryukiul,Challenger,433,73,,212,177
110,summoner-14494449,111,evr0t,Challenger,432,105,,366,338
111,summoner-3978933,112,BF781,Challenger,432,76,,238,206
112,summoner-2968269,113,STD Stepz,Challenger,426,122,,372,338
113,summoner-16385949,114,HAND OF N0XUS,Challenger,416,111,,243,211
114,summoner-6632369,115,RED Perz,Challenger,413,117,,418,383
115,summoner-550161,116,Stealzin,Challenger,412,105,,333,296
116,summoner-974599,117,Aslan1,Challenger,410,136,,561,531
117,summoner-3862389,118,SynSatioN,Challenger,409,92,,179,134
118,summoner-34000130,119,3242350,Challenger,409,40,,80,38
119,summoner-512750,120,whatiswrong,Challenger,406,135,,523,488
120,summoner-470353,121,Mandioquinhaa,Challenger,389,69,,286,207
121,summoner-589316,122,Babidii,Challenger,404,99,,318,279
122,summoner-23793754,123,AAAAAAAAAZZZZZZ,Challenger,401,69,,200,156
123,summoner-3345070,124,Xeroque Rolmes,Challenger,399,88,,180,146
124,summoner-424963,125,Namezero,Challenger,397,103,,329,296
125,summoner-539800,126,Teusla,Challenger,396,142,,424,390
126,summoner-3860700,127,nthayy,Challenger,394,115,,390,349
127,summoner-22001193,128,Mewkyo,Challenger,392,96,,182,149
128,summoner-7591541,129,vaza daki mano,Challenger,405,117,,432,406
129,summoner-3057217,130,Atrasia,Challenger,388,107,,374,344
130,summoner-21642856,131,Bhz,Challenger,387,171,,534,516
131,summoner-2990701,132,The Cheater,Challenger,382,92,,214,177
132,summoner-6572250,133,Dekisokonai LLKO,Challenger,382,66,,144,112
133,summoner-18280212,134,korean d2,Challenger,379,71,,226,194
134,summoner-25010156,135,Homeless adc,Challenger,362,57,,156,124
135,summoner-4009334,136,stingstingsting,Challenger,378,151,,528,506
136,summoner-30012821,137,Jacomini a Morsa,Challenger,376,107,,440,386
137,summoner-446673,138,ACE Ninj,Challenger,376,117,,396,365
138,summoner-2074447,139,BBenj,Challenger,373,104,,358,322
139,summoner-2615940,140,aldair45,Challenger,371,54,,116,69
140,summoner-27512709,141,Yan Franco,Challenger,370,80,,178,148
141,summoner-6632055,142,SoloqHeroVrauRx,Challenger,368,113,,338,307
142,summoner-402032,143,Grevthar,Challenger,366,102,,336,297
143,summoner-31520675,144,Katner,Challenger,365,98,,365,295
144,summoner-9221591,145,Suicide is real,Challenger,365,95,,275,237
145,summoner-501031,146,ERVA TERERÉ,Challenger,364,61,,168,132
146,summoner-1354749,147,Jukes,Challenger,363,108,,337,314
147,summoner-417952,148,Chá Preto,Challenger,362,211,,659,643
148,summoner-1304498,149,4LaN,Challenger,361,55,,118,87
149,summoner-484681,150,Killuard,Challenger,359,119,,423,387
150,summoner-1312446,151,l Kagura l,Challenger,356,84,,203,167
151,summoner-973876,152,Hidanzin,Challenger,355,116,,402,377
152,summoner-3251408,153,Guspfc,Challenger,355,107,,378,339
153,summoner-21190134,154,Professordomaul,Challenger,355,87,,291,255
154,summoner-1521572,155,Weikyy,Challenger,354,113,,225,179
155,summoner-2631152,156,vai freire,Challenger,353,110,,421,405
156,summoner-3297574,157,UNREFORMED BTW,Challenger,353,88,,297,268
157,summoner-1122851,158,Gyeongg,Challenger,353,104,,285,253
158,summoner-1623169,159,Dopa,Challenger,351,96,,416,383
159,summoner-19832324,160,RonRom,Challenger,350,65,,126,75
160,summoner-18121335,161,Luks Said,Challenger,349,160,,424,397
161,summoner-1412244,162,Pitutu,Challenger,349,106,,303,272
162,summoner-18166519,163,z4y,Challenger,348,119,,229,187
163,summoner-533705,164,Arthur Lanches,Challenger,348,136,,177,140
164,summoner-1335110,165,pijack,Challenger,347,92,,330,288
165,summoner-441177,166,Feeeeeeeeeeeed,Challenger,346,111,,428,396
166,summoner-10152531,167,Yakushí,Challenger,345,170,,395,381
167,summoner-1608051,168,FIORA MECHANICS,Challenger,345,67,,231,187
168,summoner-3299674,169,bot die,Challenger,344,68,,167,143
169,summoner-1284062,170,Picknn,Challenger,343,110,,463,436
170,summoner-628501,171,LDL Netuno,Challenger,343,116,,407,370
171,summoner-623639,172,Mystr is back,Challenger,343,85,,273,235
172,summoner-2003578,173,Clovinho,Challenger,343,121,,228,207
173,summoner-31410126,174,YoYo Lynkez,Challenger,342,101,,523,458
174,summoner-944815,175,Fididinho,Challenger,342,146,,404,363
175,summoner-3692431,176,Melhor da Pavuna,Challenger,341,101,,479,377
176,summoner-23792946,177,Just Lose,Challenger,355,80,,173,135
177,summoner-487082,178,FLA brTT      11,Challenger,337,89,,314,286
178,summoner-18180625,179,Lúcyfer,Challenger,335,136,,307,269
179,summoner-16050132,180,émp,Challenger,335,82,,283,246
180,summoner-1520227,181,Akrinuss Bot,Challenger,335,77,,248,213
181,summoner-6991312,182,Mito Supremo,Challenger,335,129,,149,118
182,summoner-498101,183,RSL TaKKeru,Challenger,334,156,,579,549
183,summoner-871762,184,Café Pretinho,Challenger,334,118,,288,258
184,summoner-14733467,185,Exura Siio,Challenger,331,145,,622,593
185,summoner-5001267,186,Cillias husband,Challenger,330,128,,373,342
186,summoner-14923592,187,OhScary,Challenger,309,148,,377,348
187,summoner-797658,188,BF343,Challenger,328,102,,361,337
188,summoner-475909,189,ICH Pizzaiolo,Challenger,327,104,,318,282
189,summoner-27923424,190,Traaaxx,Challenger,326,133,,395,362
190,summoner-31410129,191,WE zero,Challenger,326,62,,232,175
191,summoner-4451476,192,doravante,Challenger,325,93,,229,202
192,summoner-514147,193,PEEL NA SORAKITA,Challenger,325,48,,125,60
193,summoner-1492273,194,Tang d Tangerina,Challenger,306,91,,255,227
194,summoner-16985434,195,luíspedrod,Challenger,322,133,,309,276
195,summoner-27740439,196,RDP Kadaki,Challenger,321,96,,322,290
196,summoner-1357193,197,Peccato,Challenger,320,69,,250,213
197,summoner-9406794,198,SupMeiCarryU,Challenger,316,79,,238,215
198,summoner-33990124,199,sephis,Challenger,315,37,,64,25
199,summoner-14850127,200,Buggáx,Challenger,310,54,,186,119
200,summoner-20252143,201,SUB MEC,Master,318,69,,246,208
201,summoner-993658,202,Im random,Master,314,89,,356,330
202,summoner-457897,203,DJ LuzAzul,Master,310,47,,121,82
203,summoner-34000126,204,PEREZLOL,Master,310,41,,89,56
204,summoner-16305669,205,ySkyTech,Master,287,87,,139,103
205,summoner-4211935,206,Lunefe,Master,301,93,,172,141
206,summoner-29196028,207,almirante1,Master,297,74,,294,242
207,summoner-15640138,208,Helior,Master,296,92,,409,380
208,summoner-403080,209,Loop,Master,296,68,,190,157
209,summoner-2011109,210,GhoustInsert,Master,296,85,,138,84
210,summoner-27940487,211,itsuka kitto,Master,296,52,,126,79
211,summoner-477374,212,SKG BroTher,Master,295,103,,379,355
212,summoner-1686341,213,CaioMeninoJayce,Master,294,63,,184,140
213,summoner-24810138,214,88961597,Master,293,50,,105,73
214,summoner-27800148,215,douglas din,Master,291,48,,80,42
215,summoner-1660132,216,REAL FAKE DOORS,Master,290,73,,305,270
216,summoner-1998729,217,NOT TODAY SATÀN,Master,272,82,,340,272
217,summoner-14004756,218,Riyev,Master,285,78,,179,152
218,summoner-15890130,219,fatboy prodi,Master,284,92,,382,348
219,summoner-553159,220,just a c0cky jg,Master,284,99,,347,310
220,summoner-4744689,221,yHanzo,Master,283,145,,361,335
221,summoner-28770126,222,Açaílover69,Master,283,71,,195,164
222,summoner-18280187,223,rkid,Master,282,70,,252,217
223,summoner-30644278,224,Mát,Master,281,73,,182,152
224,summoner-5093272,225,ueP,Master,280,109,,197,169
225,summoner-450353,226,Mr Glass,Master,277,121,,446,423
226,summoner-476990,227,TSW Drop,Master,277,121,,381,358
227,summoner-4121293,228,Klaus,Master,275,74,,281,251
228,summoner-34010129,229,3242358,Master,275,39,,76,35
229,summoner-850841,230,deIicate,Master,273,105,,157,116
230,summoner-4300217,231,DvR,Master,267,95,,175,137
231,summoner-31390138,232,lwasbornforthis,Master,265,56,,146,88
232,summoner-1932352,233,fã da Miss Korea,Master,262,96,,187,159
233,summoner-994310,234,Hora de worka,Master,240,102,,413,377
234,summoner-3857643,235,Rebuild Yourself,Master,261,129,,202,171
235,summoner-27800128,236,paiN au chocolat,Master,260,66,,245,203
236,summoner-3856504,237,KTCHORO 0 WUKONG,Master,260,99,,193,164
237,summoner-1335095,238,Brunaldoo,Master,259,136,,459,427
238,summoner-13971314,239,RIP Smite,Master,259,117,,366,331
239,summoner-440670,240,22 8,Master,259,70,,178,148
240,summoner-26660126,241,VashXStampide,Master,259,62,,127,85
241,summoner-9180141,242,FIX1,Master,258,55,,79,50
242,summoner-1570860,243,lord semi,Master,257,83,,242,213
243,summoner-5520003,244,Hometown SmiIe,Master,257,51,,131,88
244,summoner-13304712,245,The Endeavor,Master,256,90,,315,295
245,summoner-1476385,246,ebidi,Master,255,137,,364,332
246,summoner-31390134,247,kbm KZ,Master,255,59,,169,96
247,summoner-16580620,248,ZBOLINHAKKKKKKKK,Master,253,140,,529,515
248,summoner-3446959,249,ÁREA INDUSTRIAL,Master,253,49,,97,66
249,summoner-6741238,250,João O Tiltado,Master,250,95,,185,157
250,summoner-1706396,251,Aran,Master,250,89,,149,112
251,summoner-460712,252,Milozinho,Master,249,112,,358,333
252,summoner-12614374,253,Giozi,Master,249,86,,157,128
253,summoner-1989209,254,Leo Chem degniS,Master,248,114,,500,473
254,summoner-1100839,255,R l P,Master,248,67,,270,195
255,summoner-9180143,256,PETALO PETALO,Master,247,57,,172,142
256,summoner-27904942,257,SERlOSAMENTE,Master,247,68,,168,142
257,summoner-2101731,258,xanad0,Master,262,126,,463,439
258,summoner-1345097,259,astro,Master,246,89,,153,122
259,summoner-24800140,260,NA KUCKEIRA BIXO,Master,246,51,,127,99
260,summoner-4006761,261,Wenzinger,Master,245,129,,327,304
261,summoner-2161086,262,Pucas Laquetá,Master,245,89,,245,209
262,summoner-3586097,263,Poulzric,Master,245,60,,110,74
263,summoner-27620130,264,Mi Diosa Remilia,Master,242,63,,137,99
264,summoner-5883654,265,Junklif3,Master,241,111,,179,156
265,summoner-4407154,266,Vinicius Pro,Master,240,100,,320,277
266,summoner-18290216,267,in ayel we trust,Master,240,51,,160,105
267,summoner-4369373,268,Aegís,Master,239,93,,254,235
268,summoner-8772986,269,it boalxxx,Master,238,164,,612,578
269,summoner-1796922,270,HeavenHelI,Master,237,174,,215,184
270,summoner-529557,271,WH Khorn,Master,236,124,,269,227
271,summoner-530736,272,Sarkis,Master,236,82,,263,250
272,summoner-3325689,273,Octavia Wonkru,Master,236,71,,130,109
273,summoner-448798,274,Malfeitin,Master,235,141,,274,254
274,summoner-818464,275,DoiERADAN,Master,235,116,,261,239
275,summoner-6011482,276,Relaxa eu to,Master,233,95,,220,183
276,summoner-32340141,277,n te interessa,Master,233,48,,110,74
277,summoner-29661342,278,above the best,Master,232,66,,200,144
278,summoner-643646,279,Winter NGDP,Master,232,91,,196,176
279,summoner-18133990,280,im goodplayer,Master,232,44,,101,54
280,summoner-523059,281,RyousMaster,Master,230,97,,312,272
281,summoner-3222212,282,Raven1,Master,229,156,,619,585
282,summoner-418238,283,lndigo child,Master,229,79,,279,262
283,summoner-17965375,284,ANN MARY BRAGSON,Master,229,66,,187,161
284,summoner-523009,285,Vida Avançada,Master,229,57,,149,123
285,summoner-13392802,286,VK Klaus,Master,226,60,,196,172
286,summoner-17502485,287,fightingforlove,Master,225,78,,172,148
287,summoner-2446190,288,Freedon1,Master,224,119,,275,247
288,summoner-21142674,289,RinzIer,Master,224,73,,222,193
289,summoner-627770,290,Koumei,Master,222,112,,165,123
290,summoner-440645,291,Ksiv,Master,202,75,,187,161
291,summoner-16313209,292,BugattiHD,Master,236,120,,343,244
292,summoner-14844789,293,GUSTAVOGARCEZ1,Master,219,76,,271,150
293,summoner-30947194,294,SCRIPTED XERATH,Master,218,87,,248,191
294,summoner-950207,295,Ferchuchu,Master,218,82,,141,117
295,summoner-3260483,296,Kedul,Master,216,75,,248,235
296,summoner-2361597,297,Duclou,Master,216,80,,152,125
297,summoner-24420127,298,jggr,Master,215,47,,142,105
298,summoner-28974538,299,RDP Kvrak,Master,214,85,,256,228
299,summoner-27402791,300,miIiodas,Master,213,64,,183,159
300,summoner-4125957,301,pstar zilean,Master,213,62,,155,120
301,summoner-9515709,302,Vento ventania,Master,213,82,,135,123
302,summoner-404537,303,Shimàzu,Master,212,104,,159,128
303,summoner-2432968,304,RSL vini,Master,211,106,,393,359
304,summoner-403551,305,SkB,Master,209,112,,214,191
305,summoner-459360,306,Feniks,Master,191,132,,639,627
306,summoner-4791037,307,Odeio o Dia 5,Master,207,79,,137,101
307,summoner-3582429,308,mxcn1,Master,206,96,,368,326
308,summoner-2591528,309,im cheed,Master,192,92,,249,228
309,summoner-15911246,310,INTZ Bielnnye,Master,204,136,,549,476
310,summoner-23160147,311,Warangelus2,Master,188,62,,229,194
311,summoner-451826,312,MekansS,Master,203,117,,315,290
312,summoner-10006127,313,LokiFc,Master,203,103,,314,284
313,summoner-2104285,314,Lilo Senpai,Master,203,112,,141,111
314,summoner-535862,315,Bom de lança,Master,200,55,,89,57
315,summoner-3696322,316,BTS FANpanman,Master,214,90,,262,237
316,summoner-7482188,317,Redentor,Master,196,127,,485,459
317,summoner-22057832,318,the saddest law,Master,195,86,,153,126
318,summoner-4733664,319,Bucn,Master,195,55,,118,86
319,summoner-4990391,320,Jack RusseI,Master,192,71,,131,105
320,summoner-29300136,321,zzzzzzzzzzzzzz1,Master,191,60,,224,180
321,summoner-5808515,322,David HaIIer,Master,190,87,,299,273
322,summoner-2526288,323,spoiI my night,Master,188,95,,398,376
323,summoner-20860130,324,Little Rookie1,Master,188,89,,293,257
324,summoner-761600,325,Rare,Master,187,107,,435,404
325,summoner-1192093,326,Tuiu ZX,Master,187,112,,242,197
326,summoner-4145901,327,Zyeras,Master,186,128,,369,339
327,summoner-24810139,328,BRAZILIAN DOG,Master,182,59,,150,116
328,summoner-15840890,329,RIP VAYNE,Master,181,123,,373,350
329,summoner-498232,330,iLoveYourFear,Master,180,89,,275,256
330,summoner-1793570,331,winged crowley,Master,180,119,,272,227
331,summoner-4126486,332,DiLello,Master,180,80,,250,200
332,summoner-18280181,333,am I the one,Master,180,40,,82,40
333,summoner-5896098,334,wilmat23,Master,179,103,,253,229
334,summoner-15860130,335,1TRAFALGAR LAW,Master,178,84,,303,276
335,summoner-443671,336,Nuvem,Master,195,113,,370,342
336,summoner-994288,337,E O TAL DO BANCO,Master,176,118,,369,350
337,summoner-3410218,338,NOsFerus,Master,175,88,,144,119
338,summoner-31390129,339,Wood,Master,174,51,,154,108
339,summoner-2961615,340,keep your faith,Master,173,72,,240,213
340,summoner-482358,341,Kestra,Master,171,121,,581,561
341,summoner-4144418,342,zFenrir,Master,188,111,,575,553
342,summoner-1423539,343,VKG ONR2K,Master,170,136,,186,153
343,summoner-17163065,344,Frooooooooosty,Master,170,71,,172,124
344,summoner-31891670,345,Vngce,Master,170,55,,140,79
345,summoner-31580142,346,EleuGõd,Master,169,57,,170,146
346,summoner-2211022,347,Kennzy,Master,168,93,,404,378
347,summoner-12680134,348,shadowwwwwwww,Master,168,102,,292,279
348,summoner-4422505,349,Nickii,Master,168,144,,98,70
349,summoner-551613,350,Iouiz,Master,167,95,,261,234
350,summoner-31903147,351,Kyokate,Master,167,50,,135,73
351,summoner-1347189,352,WP Vampyrus,Master,166,122,,250,230
352,summoner-626826,353,Saito o Random,Master,166,84,,147,112
353,summoner-7364378,354,ESEQ SENPAI,Master,166,70,,143,117
354,summoner-787356,355,Reyt,Master,166,54,,110,81
355,summoner-9336991,356,Sensitivy,Master,165,122,,158,124
356,summoner-526242,357,pocasx,Master,165,101,,110,79
357,summoner-10212533,358,MATHEUS LEIRIÃO,Master,165,52,,108,68
358,summoner-3674871,359,Gubrizin,Master,164,146,,437,416
359,summoner-2640979,360,Super Primata,Master,164,141,,396,381
360,summoner-4389693,361,Fé Pra Isso,Master,148,94,,353,337
361,summoner-587003,362,Sylvanas Fanboy,Master,163,136,,508,481
362,summoner-483841,363,kkkkkk esse meta,Master,163,83,,185,155
363,summoner-21230246,364,Yoaan,Master,162,113,,416,400
364,summoner-16131465,365,DóRéMiFáSolado,Master,162,107,,213,184
365,summoner-24781944,366,PJ THE ANIMAL,Master,160,87,,336,324
366,summoner-9862560,367,ISN Riéry,Master,158,128,,440,433
367,summoner-2618083,368,11G Shy,Master,157,111,,114,86
368,summoner-30733372,369,Gragas plays me,Master,155,78,,305,266
369,summoner-5632944,370,addoh,Master,155,85,,246,219
370,summoner-7353911,371,Dondeiza,Master,155,71,,162,135
371,summoner-1153778,372,LLKO,Master,154,65,,168,145
372,summoner-1177854,373,I am JauM,Master,153,145,,342,317
373,summoner-2959963,374,Artuu,Master,153,105,,211,179
374,summoner-1094438,375,RSL Disave,Master,151,83,,189,163
375,summoner-8771352,376,KraZace,Master,150,73,,149,121
376,summoner-1346848,377,Nando Moura,Master,149,60,,120,98
377,summoner-473842,378,Peacemaker Luke,Master,147,100,,226,197
378,summoner-26040126,379,Reporta 7z7 durr,Master,146,99,,297,275
379,summoner-459699,380,Cawabanga,Master,146,89,,261,232
380,summoner-2656450,381,wash our fears,Master,145,74,,176,146
381,summoner-461489,382,Foxicity,Master,144,112,,271,242
382,summoner-502146,383,hctiwT freN,Master,143,115,,256,235
383,summoner-5486333,384,WUKONG RAIKAGE,Master,142,129,,231,211
384,summoner-3228096,385,kingao dog,Master,141,140,,423,406
385,summoner-477170,386,o Kalec,Master,141,102,,364,353
386,summoner-2143857,387,Arlon547,Master,141,118,,363,333
387,summoner-531982,388,Krasty,Master,141,62,,139,119
388,summoner-9093830,389,zIFaker,Master,140,160,,246,219
389,summoner-31410134,390,SteaI,Master,140,61,,196,166
390,summoner-3775391,391,Celo Otaku GOD,Master,139,120,,266,238
391,summoner-514832,392,Otakinho,Master,155,75,,221,192
392,summoner-4642371,393,lnoue,Master,138,147,,369,349
393,summoner-27542993,394,TEMPTAT1ON,Master,135,64,,170,138
394,summoner-4581492,395,ErroNão,Master,138,50,,117,69
395,summoner-458565,396,Alaor Leao,Master,137,65,,150,124
396,summoner-3417137,397,Dragão de Komodo,Master,137,98,,117,88
397,summoner-1152101,398,Carryy1,Master,136,92,,265,238
398,summoner-2989650,399,HIGAO SOLOU VC,Master,135,116,,562,555
399,summoner-1303684,400,why do i try,Master,135,88,,317,291
400,summoner-564264,401,Tlux Capitalista,Master,135,95,,309,290
401,summoner-952177,402,CNB Sparked,Master,134,135,,479,459
402,summoner-4063950,403,Miito,Master,134,87,,233,181
403,summoner-490796,404,Dettz1,Master,133,85,,371,312
404,summoner-19802739,405,Courtesy,Master,133,138,,161,115
405,summoner-1670139,406,Vivendopedra,Master,150,94,,348,306
406,summoner-26634825,407,korean elo,Master,132,62,,143,94
407,summoner-517514,408,Josh Dun,Master,132,56,,119,92
408,summoner-1291697,409,Díyo,Master,131,98,,412,381
409,summoner-5306960,410,LDL Hamamura,Master,131,97,,224,195
410,summoner-1521225,411,Wanna Be Famous,Master,130,99,,492,397
411,summoner-22232487,412,eu sou mt lindoo,Master,130,104,,398,388
412,summoner-598401,413,DANIEL CAMISA 10,Master,129,122,,336,312
413,summoner-3314389,414,ÉL DG da RAJADA,Master,129,102,,258,248
414,summoner-2223813,415,Vem de,Master,129,63,,173,143
415,summoner-25041004,416,UGNAZ mcemo0219J,Master,128,100,,423,400
416,summoner-29911410,417,U gotta know,Master,128,74,,195,129
417,summoner-18260229,418,LeagueForDummies,Master,127,81,,222,204
418,summoner-440408,419,SKG chavy,Master,127,70,,199,149
419,summoner-527659,420,Tartaruga Véia,Master,127,68,,181,160
420,summoner-1921192,421,stankie,Master,126,124,,240,212
421,summoner-3508522,422,Victinz,Master,126,69,,133,107
422,summoner-22681499,423,Gen G CoreJJ,Master,126,47,,73,54
423,summoner-3766192,424,DANIEL FURLAN,Master,125,128,,508,475
424,summoner-1861457,425,canetasemtinta1,Master,125,88,,302,280
425,summoner-1350198,426,Sp4ceman,Master,125,70,,209,181
426,summoner-3281312,427,Temporada2011,Master,125,68,,190,158
427,summoner-517654,428,Ataides,Master,124,95,,346,315
428,summoner-31580156,429,Otherworld,Master,124,70,,278,242
429,summoner-441589,430,lord knows,Master,124,80,,257,234
430,summoner-9735541,431,Zude,Master,102,171,,579,565
431,summoner-26122519,432,Portuga o Odiado,Master,121,119,,433,414
432,summoner-15624313,433,GuizorPET,Master,121,116,,275,240
433,summoner-405232,434,filthy but frank,Master,120,132,,393,371
434,summoner-4621500,435,BBenj1,Master,120,87,,306,289
435,summoner-3320429,436,Hi im Vermilion,Master,120,52,,139,101
436,summoner-9264045,437,16BIT Play,Master,118,136,,512,493
437,summoner-26515137,438,Linkey,Master,118,150,,98,65
438,summoner-5214422,439,fight back,Master,117,74,,158,133
439,summoner-18260228,440,74632589,Master,117,41,,59,28
440,summoner-1950898,441,F   Í   R   O,Master,116,120,,300,264
441,summoner-3808425,442,Anubite,Master,116,60,,104,70
442,summoner-4220138,443,10Comand Derieri,Master,113,136,,276,254
443,summoner-459192,444,treevor,Master,113,65,,121,92
444,summoner-990248,445,VirteX Salsicha,Master,112,164,,660,649
445,summoner-2627086,446,kr mid laner,Master,112,135,,475,457
446,summoner-771334,447,Marf,Master,112,99,,416,404
447,summoner-517476,448,WP Hawk,Master,112,92,,298,292
448,summoner-2840667,449,WP POMBO,Master,111,73,,270,228
449,summoner-16292670,450,zSora,Master,111,146,,258,232
450,summoner-28810885,451,melancholicdrugs,Master,110,110,,264,232
451,summoner-24820137,452,JUDOCA DO VAL,Master,109,48,,78,48
452,summoner-10878247,453,Dale Gribble,Master,125,106,,418,396
453,summoner-4126797,454,Spl4sh,Master,107,87,,287,263
454,summoner-431323,455,Myra,Master,107,109,,257,223
455,summoner-29762152,456,Live what u love,Master,105,112,,312,277
456,summoner-3171437,457,ACE sPorc,Master,104,117,,356,334
457,summoner-995547,458,azore,Master,104,101,,349,329
458,summoner-1560796,459,drunk on you,Master,104,88,,231,204
459,summoner-30773284,460,RDP Riva,Master,104,110,,185,158
460,summoner-18780124,461,ta frio demais,Master,104,49,,75,48
461,summoner-2829468,462,YUHZZ,Master,103,66,,168,132
462,summoner-32890133,463,im a good kid,Master,102,88,,310,285
463,summoner-477254,464,Invocador,Master,102,74,,200,176
464,summoner-1733808,465,Hatake1,Master,102,72,,175,145
465,summoner-539364,466,goId ACE,Master,114,119,,434,407
466,summoner-4391385,467,Devios Sarrador,Master,119,94,,292,270
467,summoner-552733,468,ill be better,Master,100,81,,204,184
468,summoner-3140810,469,AfonsoYo,Master,98,104,,290,254
469,summoner-932241,470,Nakinha,Master,80,120,,169,150
470,summoner-4825112,471,Cookiezi1,Master,80,117,,397,390
471,summoner-1826344,472,Kyoú,Master,96,122,,366,356
472,summoner-5160319,473,Koshi o Duelista,Master,96,96,,106,83
473,summoner-30714295,474,zaNNN,Master,94,79,,235,220
474,summoner-2226672,475,4FoX Witeger,Master,94,87,,220,189
475,summoner-2610376,476,rust player,Master,94,62,,141,119
476,summoner-15401238,477,GSK dnr1,Master,93,116,,465,439
477,summoner-1412492,478,Toih,Master,92,106,,417,391
478,summoner-3608479,479,LDL DJ,Master,92,116,,217,183
479,summoner-22730843,480,Kirigaya Suguha,Master,91,171,,579,552
480,summoner-537758,481,O Atuário,Master,91,67,,172,139
481,summoner-2824572,482,SNIFPVP IS BACK,Master,106,109,,416,363
482,summoner-25431001,483,Frenetic B O Y S,Master,90,48,,141,87
483,summoner-1470279,484,Dino0,Master,89,112,,202,173
484,summoner-33943359,485,tiosatan yas lol,Master,89,49,,162,107
485,summoner-20080132,486,HAF Khynm1k,Master,87,62,,137,110
486,summoner-4213864,487,Flame Breath,Master,86,115,,189,162
487,summoner-1314581,488,sopEr,Master,85,102,,268,241
488,summoner-4426254,489,zFudenci0,Master,84,73,,178,154
489,summoner-1061122,490,Goot,Master,83,154,,277,262
490,summoner-26251237,491,NinjasHyper,Master,82,74,,315,283
491,summoner-2453114,492,SrFakerDoCongo,Master,82,75,,241,206
492,summoner-527644,493,RW doinb,Master,63,60,,130,112
493,summoner-1390933,494,iBlair,Master,80,76,,203,185
494,summoner-5610206,495,150195,Master,78,101,,497,455
495,summoner-32340130,496,1Shmebulock,Master,78,72,,296,255
496,summoner-5124168,497,M4RKS,Master,78,84,,211,187
497,summoner-596276,498,SB STARS NiT,Master,77,109,,384,352
498,summoner-1390998,499,GzuisCriaEuMato,Master,77,63,,135,91
499,summoner-1863982,500,Preencher,Master,76,146,,418,410
500,summoner-2151821,501,Ribeiro xD,Master,76,130,,401,379
501,summoner-3250478,502,j3k5y7ty91,Master,76,88,,235,214
502,summoner-4179025,503,Fréu,Master,75,122,,475,461
503,summoner-3915569,504,Im Kone,Master,75,109,,363,347
504,summoner-2948455,505,Leandro o Macaco,Master,93,114,,350,303
505,summoner-3666578,506,I Am SmauG,Master,57,148,,673,641
506,summoner-16102147,507,aShuraWurath,Master,74,87,,165,132
507,summoner-21020126,508,Plugo1,Master,74,43,,83,53
508,summoner-470423,509,UCW Fergonha  10,Master,73,93,,155,139
509,summoner-2633381,510,ÉL TiTiltei 1v9,Master,72,115,,294,261
510,summoner-13168067,511,GABANA,Master,72,64,,152,118
511,summoner-3812004,512,St0rm3r,Master,72,106,,118,92
512,summoner-481209,513,Sterben Sama,Master,72,71,,117,86
513,summoner-7170433,514,tbsuehtaM,Master,71,91,,308,287
514,summoner-11425082,515,The Spiker,Master,70,98,,235,199
515,summoner-16011786,516,HiGuilty,Master,69,130,,445,415
516,summoner-3342193,517,Kishi de kejo,Master,69,104,,282,265
517,summoner-1653372,518,wild Unicorn,Master,69,170,,156,111
518,summoner-2587522,519,BoIsa Familia,Master,69,47,,150,76
519,summoner-442237,520,JAW KmarT,Master,68,158,,471,451
520,summoner-1400564,521,Lavox,Master,68,90,,243,222
521,summoner-4451385,522,scamber,Master,68,106,,180,168
522,summoner-3359044,523,Sadoski,Master,68,77,,139,116
523,summoner-411017,524,Hooked ois,Master,67,85,,220,197
524,summoner-1303213,525,AkashiSJ,Master,67,70,,184,156
525,summoner-1627892,526,MorenoMisterioso,Master,66,181,,408,385
526,summoner-4290375,527,Little Churros,Master,66,161,,214,197
527,summoner-2446932,528,Rizziolli,Master,64,74,,287,260
528,summoner-18090142,529,warangelusadpls,Master,64,75,,176,146
529,summoner-1070129,530,Jewish jojo,Master,47,59,,111,85
530,summoner-10270414,531,Juki 1,Master,63,125,,414,397
531,summoner-2835342,532,PablloVittar2K18,Master,63,72,,232,198
532,summoner-23000135,533,Pongazo2,Master,63,71,,215,192
533,summoner-5141669,534,Making Coffee,Master,62,141,,581,578
534,summoner-3696269,535,I is not Brazil,Master,61,99,,165,128
535,summoner-1394602,536,Bmxsz,Master,60,68,,132,104
536,summoner-16542924,537,RNG Zz1tai1,Master,60,48,,87,67
537,summoner-1774157,538,Kyuubi xP,Master,58,97,,271,252
538,summoner-411765,539,Fizz,Master,58,116,,152,129
539,summoner-1162683,540,Nestorzinho,Master,58,60,,128,92
540,summoner-553147,541,NNz GuardiaN,Master,57,118,,434,422
541,summoner-2942109,542,crawling soul,Master,57,119,,412,381
542,summoner-479257,543,paiN KamiKat,Master,57,65,,186,162
543,summoner-13492742,544,SCM Aeon,Master,57,65,,74,45
544,summoner-401441,545,nivaspivetta,Master,56,57,,224,162
545,summoner-15172150,546,TheGuilty,Master,56,66,,195,145
546,summoner-1177778,547,PepinoMaritimo,Master,56,67,,170,148
547,summoner-1703286,548,Dratini,Master,55,121,,202,179
548,summoner-9153771,549,Vladimir Bot,Master,55,55,,157,127
549,summoner-3666306,550,KooperR,Master,55,68,,143,116
550,summoner-800274,551,Kuks,Master,54,110,,378,359
551,summoner-813924,552,TIO TA AI,Master,54,114,,225,190
552,summoner-1935673,553,Mago do Tiempo,Master,54,130,,170,140
553,summoner-18290159,554,Freshx,Master,52,83,,265,251
554,summoner-488302,555,OWOWOW Q ISSO,Master,69,84,,177,158
555,summoner-513814,556,Kíng Simba,Master,52,117,,116,97
556,summoner-28871059,557,LDL Mittens,Master,51,124,,303,272
557,summoner-1772812,558,30 anos,Master,50,70,,221,195
558,summoner-10130145,559,Iordcini,Master,50,76,,120,99
559,summoner-1187695,560,Specktro NGDP,Master,49,94,,368,292
560,summoner-595803,561,Mitrek,Master,48,83,,225,206
561,summoner-1918288,562,Cell Jr,Master,47,99,,208,145
562,summoner-2603508,563,Newgâte,Master,46,135,,306,283
563,summoner-2494246,564,w0lfg4ng,Master,46,115,,228,184
564,summoner-2248058,565,Patoshi,Master,46,106,,206,169
565,summoner-452727,566,Sneez l,Master,46,47,,138,67
566,summoner-2848023,567,Aerys Targaryien,Master,45,88,,317,286
567,summoner-14160663,568,raikage1,Master,45,85,,221,161
568,summoner-30654251,569,Believe in Savz,Master,44,42,,83,37
569,summoner-2886810,570,i ZooD x,Master,43,112,,215,193
570,summoner-32170124,571,1Levi,Master,43,71,,210,191
571,summoner-3160143,572,Ignorant Thralls,Master,43,49,,118,68
572,summoner-3967546,573,Kenái,Master,42,134,,310,253
573,summoner-1340907,574,Shirusen,Master,42,110,,244,219
574,summoner-3329598,575,Hide On RuuusTy,Master,75,106,,207,188
575,summoner-1292042,576,EU DO AULA,Master,40,93,,335,304
576,summoner-524918,577,Koveiro MTX,Master,40,106,,315,296
577,summoner-9775160,578,Skark,Master,40,101,,291,255
578,summoner-15541468,579,Kawashimy,Master,40,146,,251,230
579,summoner-3223838,580,Doom ABSURDO,Master,40,66,,75,47
580,summoner-529660,581,boy meets,Master,38,125,,368,356
581,summoner-5205115,582,Ferocity,Master,38,52,,111,64
582,summoner-14331788,583,blemblade,Master,37,125,,286,265
583,summoner-31390136,584,xd40028922xd,Master,37,51,,162,117
584,summoner-4925902,585,Seraphita,Master,36,99,,302,278
585,summoner-9202368,586,Blase,Master,36,87,,184,150
586,summoner-21255419,587,Six And Ten,Master,36,80,,180,161
587,summoner-6374367,588,CG Febiven,Master,36,81,,162,140
588,summoner-19680554,589,ESKEET1T,Master,52,61,,186,157
589,summoner-3172024,590,Gilo,Master,31,111,,367,332
590,summoner-1722557,591,yougotmeexcited,Master,31,186,,298,278
591,summoner-11077008,592,Baby Puck,Master,31,150,,167,144
592,summoner-22620141,593,Nóttingham Lace,Master,31,53,,107,76
593,summoner-2875987,594,Bebê a Bardo,Master,30,130,,367,352
594,summoner-27220135,595,LhazZurt,Master,30,101,,340,331
595,summoner-536481,596,HadesEx,Master,30,135,,189,160
596,summoner-29690131,597,Rabbit4Dinner,Master,30,56,,133,119
597,summoner-31390137,598,Covered in scars,Master,30,42,,76,30
598,summoner-28852189,599,ZGFDWQEAZGCRQFD,Master,29,96,,227,203
599,summoner-2063689,600,PUC Darkotte,Master,29,109,,145,118
600,summoner-28111590,601,SMURF D0 MUCA,Master,27,146,,554,531
601,summoner-2456216,602,Steve Walsh,Master,27,107,,231,207
602,summoner-5283415,603,Ceres of Night,Master,27,96,,156,128
603,summoner-5940279,604,Orlan,Master,26,108,,385,376
604,summoner-3175198,605,BiotoniKo,Master,26,106,,254,238
605,summoner-7292233,606,Swashbuckler,Master,26,46,,109,35
606,summoner-2271076,607,Berg o God,Master,25,132,,565,538
607,summoner-486025,608,FuLyyyyyyyZiK,Master,24,110,,293,268
608,summoner-34000129,609,xaublinha578,Master,24,36,,53,15
609,summoner-7782147,610,C0LD A NidaLEE,Master,23,92,,200,180
610,summoner-5449172,611,Meow in Bush,Master,23,70,,122,94
611,summoner-13255870,612,Garakuta,Master,22,100,,329,302
612,summoner-2790371,613,Blade Steal,Master,22,106,,259,267
613,summoner-1501104,614,luqque O BAITA,Master,6,153,,566,544
614,summoner-4387130,615,Izzi quer heimer,Master,21,129,,428,409
615,summoner-403845,616,Riper,Master,21,146,,326,305
616,summoner-2495453,617,CIown,Master,21,95,,231,202
617,summoner-4935055,618,Jack Russel,Master,21,95,,184,175
618,summoner-981433,619,Arthurzir Knight,Master,20,106,,303,260
619,summoner-20210146,620,zãogui,Master,20,118,,278,255
620,summoner-2816319,621,Skzero,Master,20,98,,278,259
621,summoner-3931725,622,Popositivo,Master,19,136,,256,239
622,summoner-3623540,623,Petroni,Master,19,86,,225,209
623,summoner-2478279,624,Fuzzy1,Master,19,105,,137,103
624,summoner-6815462,625,5 STACK TO DUNK,Master,2,137,,364,354
625,summoner-6732993,626,maikuchiha,Master,18,79,,147,122
626,summoner-21190138,627,Vinic Jiujitero,Master,18,43,,91,45
627,summoner-4571134,628,P0GG3R5,Master,17,140,,552,539
628,summoner-451624,629,RSL Corumbá,Master,16,92,,285,254
629,summoner-9406948,630,Bakugo Katsuki,Master,16,97,,185,165
630,summoner-3876563,631,LordTrolll,Master,15,115,,526,509
631,summoner-8900418,632,Ryuzakí,Master,15,117,,261,236
632,summoner-3296958,633,Focho,Master,15,69,,250,229
633,summoner-597851,634,PLS Rodox,Master,15,103,,187,160
634,summoner-5714893,635,VITIN MLK NICE,Master,14,136,,334,311
635,summoner-488369,636,O imobiliário,Master,13,91,,214,201
636,summoner-18280198,637,O Pantera,Master,13,42,,46,19
637,summoner-1351382,638,puporr4uga,Master,12,129,,462,452
638,summoner-4453680,639,Zubreska,Master,12,79,,290,270
639,summoner-3051761,640,LeLeu da SWAT,Master,12,71,,177,146
640,summoner-5540262,641,KoreanDrugDealer,Master,0,138,,816,797
641,summoner-3558565,642,mazKing,Master,11,114,,394,381
642,summoner-514602,643,kpsaodksaodf,Master,11,71,,186,166
643,summoner-2504311,644,Krane,Master,10,125,,474,454
644,summoner-1506830,645,ACE Auron ArmSTR,Master,8,144,,318,295
645,summoner-32360135,646,Prbreu,Master,7,53,,147,127
646,summoner-19310137,647,happy yasuo boy,Master,6,86,,369,356
647,summoner-1735293,648,RBT Burritox,Master,5,115,,370,359
648,summoner-2354538,649,qIdurtms,Master,5,66,,223,148
649,summoner-457012,650,Solado,Master,5,98,,187,165
650,summoner-543105,651,PLS Kaze,Master,5,63,,122,85
651,summoner-3264020,652,Xusty,Master,3,170,,492,467
652,summoner-5290353,653,EuNRezoMasAFiora,Master,3,98,,190,152
653,summoner-3950358,654,Wíll,Master,0,160,,746,736
654,summoner-453377,655,Jhonirock,Master,0,181,,706,686
655,summoner-882839,656,l Atena l,Master,0,157,,701,683
656,summoner-22760460,657,Vamos Shacodyr,Master,0,144,,505,487
657,summoner-2233464,658,WANTED is here,Master,0,130,,502,494
658,summoner-11580022,659,galaxyzinn,Master,0,100,,463,430
659,summoner-1415057,660,Guiziin,Master,0,127,,367,345
660,summoner-25302512,661,Nível 1,Master,0,88,,362,355
661,summoner-1651340,662,Pluto Quantico,Master,0,110,,361,321
662,summoner-1993099,663,Eliseoz bx,Master,0,86,,335,306
663,summoner-536498,664,Est Pirajá,Master,0,85,,331,274
664,summoner-13771390,665,FLA vinHow,Master,0,79,,319,253
665,summoner-18532885,666,in my head,Master,0,82,,315,299
666,summoner-8831839,667,Shanks o ruivo,Master,0,105,,315,286
667,summoner-5294662,668,Void TeTeu,Master,0,123,,313,291
668,summoner-3067085,669,Jamal a Ameba,Master,0,110,,308,239
669,summoner-540163,670,Aíthusa,Master,0,132,,301,273
670,summoner-14033719,671,VictorEduardo0,Master,0,97,,278,255
671,summoner-589882,672,Bob o Cafetão,Master,0,125,,267,198
672,summoner-1210113,673,NIKKK0,Master,0,89,,264,237
673,summoner-23130950,674,lCElCEBABY,Master,0,122,,255,218
674,summoner-2074649,675,Sir Zoldyck,Master,0,97,,253,219
675,summoner-9521228,676,K1ng Vini,Master,0,91,,242,223
676,summoner-8382735,677,Don t Iook at me,Master,0,67,,230,198
677,summoner-5036626,678,Qats,Master,0,107,,221,194
678,summoner-890852,679,Camello Preto,Master,0,101,,212,191
679,summoner-20184712,680,1 Mro Fazendeiro,Master,0,109,,203,186
680,summoner-404479,681,Rabbew,Master,0,132,,201,190
681,summoner-3209211,682,Give me ADC,Master,0,68,,191,165
682,summoner-3280674,683,The Ascension,Master,0,73,,184,160
683,summoner-3527121,684,Lnnn,Master,0,259,,184,169
684,summoner-31400153,685,sup fresh,Master,0,57,,178,129
685,summoner-30630317,686,ZenoN,Master,0,90,,172,140
686,summoner-5634011,687,Oi eu sou o jann,Master,0,140,,160,137
687,summoner-5544204,688,Krytus,Master,0,87,,150,127
688,summoner-3337286,689,lxl warrior lxl,Master,0,109,,145,114
689,summoner-3171870,690,Werhli,Master,0,93,,144,125
690,summoner-2597287,691,Murker,Master,0,94,,142,122
691,summoner-30050125,692,september dream,Master,0,55,,136,109
692,summoner-1783639,693,fique à vontade,Master,0,45,,127,56
693,summoner-1997338,694,Brtt Galopante,Master,0,108,,98,73
694,summoner-1483034,695,CavaloHumano,Master,0,47,,95,71
695,summoner-601394,696,EU PRATICO A PAZ,Master,0,44,,77,50
696,summoner-3311057,697,its my dreaM,Master,0,48,,76,30
697,summoner-27552707,698,ruan1 aka boss,Master,0,47,,75,34
698,summoner-1208122,699,shakalakashaka,Diamond 1,100,139,,554,550
699,summoner-407179,700,Veledar,Diamond 1,100,126,,511,514
700,summoner-14153582,701,Doo,Diamond 1,100,180,,506,485
701,summoner-2803624,702,Quindinho,Diamond 1,100,111,,428,408
702,summoner-1303012,703,Louwt a babá,Diamond 1,100,134,,392,380
703,summoner-16682207,704,ThiagoJLDS,Diamond 1,100,110,,373,339
704,summoner-15422394,705,Doga The God,Diamond 1,100,134,,372,358
705,summoner-482557,706,Molly420,Diamond 1,100,112,,369,333
706,summoner-8200540,707,Lobo Guarápari,Diamond 1,100,132,,368,333
707,summoner-455517,708,StanIey Kubrick,Master,0,106,,345,325
708,summoner-3931694,709,Masta yi,Diamond 1,100,124,,296,271
709,summoner-9670542,710,yLobão QUÉ OTA,Diamond 1,100,93,,282,279
710,summoner-3670378,711,ll Leo ll,Diamond 1,100,111,,266,235
711,summoner-3071714,712,RRRRRRRRRRRANK1,Diamond 1,100,68,,230,182
712,summoner-30563222,713,DaIIasmmbr,Diamond 1,100,59,,223,168
713,summoner-990854,714,Jp de Fenix,Diamond 1,100,97,,210,190
714,summoner-2835328,715,CNB BericK,Diamond 1,100,93,,205,186
715,summoner-22980133,716,U231,Diamond 1,100,72,,204,185
716,summoner-1798029,717,Sephis1,Diamond 1,100,59,,193,144
717,summoner-27574079,718,n me da rage pf,Diamond 1,100,81,,191,165
718,summoner-34510138,719,xypherz,Diamond 1,100,54,,189,137
719,summoner-3502686,720,Teixas,Diamond 1,83,104,,186,155
720,summoner-489076,721,téCnicooo,Diamond 1,100,70,,177,152
721,summoner-986652,722,DudsTh3Boy,Diamond 1,100,61,,170,127
722,summoner-17920145,723,ela kush,Diamond 1,100,67,,157,137
723,summoner-447057,724,KBM Atlanta,Diamond 1,100,66,,133,113
724,summoner-4161040,725,INTZ Winter,Diamond 1,100,80,,132,112
725,summoner-2077513,726,hadzov1txD,Diamond 1,100,94,,120,94
726,summoner-598900,727,NUMBA 1 HERO DAH,Diamond 1,100,50,,94,70
727,summoner-30381056,728,Hasaginho Mudo,Diamond 1,100,41,,69,46
728,summoner-2098946,729,PRG fNb,Diamond 1,100,50,,61,29
729,summoner-1988406,730,Céos,Diamond 1,100,54,,56,34
730,summoner-6556812,731,WE2LTR4P8B,Diamond 1,100,61,,55,35
731,summoner-24790135,732,JA JA BLAH BLAH,Diamond 1,100,53,,50,30
732,summoner-3799474,733,Modo ben 10,Diamond 1,100,36,,46,9
733,summoner-19730920,734,3 Solid Choices,Diamond 1,99,78,,227,214
734,summoner-2361263,735,Rômio,Diamond 1,99,73,,87,70
735,summoner-2796522,736,Bacio di Latte,Diamond 1,100,84,,237,209
736,summoner-27172642,737,Doga o Dog,Diamond 1,98,55,,164,107
737,summoner-31281490,738,ÉL HIPER CARRY,Diamond 1,97,92,,478,426
738,summoner-1187632,739,Bebetin,Diamond 1,97,112,,251,241
739,summoner-1913667,740,disket1,Diamond 1,97,94,,160,135
740,summoner-3868459,741,Jóka,Diamond 1,97,93,,154,119
741,summoner-30822437,742,OlkaidaRJ,Diamond 1,97,47,,112,61
742,summoner-4163223,743,MaroIa Boy,Diamond 1,97,50,,97,63
743,summoner-28950132,744,Fan de Pancake,Diamond 1,97,45,,93,58
744,summoner-5506856,745,RAKAN D CAMPINAS,Diamond 1,96,99,,260,234
745,summoner-4833622,746,Bate ou Rengarça,Diamond 1,96,90,,126,105
746,summoner-5035690,747,Stoic,Diamond 1,96,59,,104,72
747,summoner-21210131,748,gtrewe,Diamond 1,96,55,,88,60
748,summoner-5643743,749,BeWhoUReallyAre,Diamond 1,95,142,,530,508
749,summoner-29380511,750,Chachki1,Diamond 1,95,72,,264,205
750,summoner-4147657,751,Hey Balls,Diamond 1,95,79,,178,160
751,summoner-1352528,752,FitzZ,Diamond 1,95,75,,170,151
752,summoner-510499,753,Oikawa1,Diamond 1,95,55,,83,56
753,summoner-15722101,754,Ekko da lurdes,Diamond 1,95,62,,71,41
754,summoner-550574,755,Threesh 1v9,Diamond 1,92,154,,286,263
755,summoner-4408884,756,Raw,Diamond 1,92,121,,128,111
756,summoner-13100004,757,crown the kings,Diamond 1,92,111,,124,107
757,summoner-14983993,758,ez to get pp,Diamond 1,92,49,,110,58
758,summoner-2901134,759,LDL haunnbet,Diamond 1,91,77,,280,265
759,summoner-3222331,760,Lux Elementar,Diamond 1,90,146,,620,596
760,summoner-776572,761,hauz preto,Diamond 1,90,90,,251,222
761,summoner-1343436,762,Rhodvor,Diamond 1,90,95,,207,180
762,summoner-2081440,763,Ayato Amagiri,Diamond 1,90,83,,195,147
763,summoner-30976282,764,Bean de soraka,Diamond 1,90,58,,163,117
764,summoner-15313652,765,0bsess,Diamond 1,90,68,,144,102
765,summoner-10028008,766,SVARGROND KING,Diamond 1,90,78,,143,118
766,summoner-984823,767,Deey,Diamond 1,90,67,,134,103
767,summoner-2580342,768,Sailakeus,Diamond 1,90,66,,122,76
768,summoner-6553069,769,Iumi,Diamond 1,90,57,,115,92
769,summoner-5400152,770,Ayato Amaguigo,Diamond 1,90,58,,110,74
770,summoner-2040160,771,5roken,Diamond 1,90,63,,109,85
771,summoner-4200372,772,Apollogizee,Diamond 1,90,128,,105,93
772,summoner-31380137,773,OLHA O MAPA PFV,Diamond 1,90,44,,104,63
773,summoner-22366039,774,lIIIIIIIIl,Diamond 1,90,50,,102,67
774,summoner-3365214,775,Guerreiro da Fé,Diamond 1,90,41,,82,42
775,summoner-10999904,776,Olá Bolas,Diamond 1,90,54,,81,55
776,summoner-12430426,777,drewzera,Diamond 1,90,42,,76,51
777,summoner-1610785,778,summer city,Diamond 1,90,92,,73,55
778,summoner-27790135,779,1789631,Diamond 1,90,48,,70,42
779,summoner-28402415,780,Gabi Grrr,Diamond 1,90,47,,70,44
780,summoner-16460133,781,Guido Kaczka,Diamond 1,90,40,,59,29
781,summoner-10111115,782,its just asinine,Diamond 1,90,40,,44,15
782,summoner-481392,783,Texugo Reformed,Diamond 1,89,138,,240,224
783,summoner-594233,784,Turibulus,Diamond 1,88,70,,181,162
784,summoner-8021008,785,Motocicleta,Diamond 1,88,48,,69,44
785,summoner-1977996,786,aluM a Mula,Diamond 1,87,155,,532,540
786,summoner-1499171,787,All Apologies,Diamond 1,87,158,,320,309
787,summoner-1343420,788,Dedicated Player,Diamond 1,87,91,,292,274
788,summoner-5508920,789,Criança maluca,Diamond 1,87,98,,243,225
789,summoner-678912,790,xSuperiorx,Diamond 1,87,86,,218,197
790,summoner-20980220,791,Furão Inverso,Diamond 1,87,81,,140,122
791,summoner-2512456,792,JohnnyMamute,Diamond 1,87,85,,120,93
792,summoner-5390924,793,CARD Tifera,Diamond 1,87,99,,100,84
793,summoner-5380405,794,Mish xD,Diamond 1,86,153,,546,526
794,summoner-31390139,795,sushi birthdays,Diamond 1,86,77,,309,256
795,summoner-3088054,796,keep me safe,Diamond 1,100,79,,279,245
796,summoner-1177593,797,Hykarin,Diamond 1,86,101,,211,186
797,summoner-481172,798,Hallelujah,Diamond 1,86,112,,180,152
798,summoner-1843733,799,Minnie,Diamond 1,86,73,,165,139
799,summoner-32233015,800,stacenco,Diamond 1,86,81,,154,111
800,summoner-27724155,801,Mohammed Abdu,Diamond 1,100,171,,802,779
801,summoner-16024244,802,Ascending,Diamond 1,85,102,,381,361
802,summoner-471595,803,ABILTON,Diamond 1,85,76,,159,134
803,summoner-3991439,804,Comunista Seboso,Diamond 1,85,103,,152,138
804,summoner-6803691,805,FACE THE WIND ZD,Diamond 1,85,74,,133,109
805,summoner-445470,806,Merkat,Diamond 1,85,60,,121,86
806,summoner-4561314,807,GabrieI Lopes,Diamond 1,85,89,,99,82
807,summoner-2095329,808,not this time,Diamond 1,85,45,,72,51
808,summoner-23550153,809,Leigrey,Diamond 1,84,70,,268,246
809,summoner-593600,810,lGemini,Diamond 1,84,102,,260,240
810,summoner-405571,811,Venna,Diamond 1,84,108,,210,185
811,summoner-2092039,812,aSNK,Diamond 1,84,62,,113,92
812,summoner-34010124,813,Matuê no Comando,Diamond 1,100,38,,63,35
813,summoner-7332382,814,FelipeCC,Diamond 1,83,118,,385,346
814,summoner-437883,815,gut3r4,Diamond 1,83,94,,255,235
815,summoner-1590892,816,Jax Of The Tilt,Diamond 1,83,90,,240,225
816,summoner-602783,817,EnterKeyRemoved,Diamond 1,83,86,,229,202
817,summoner-17175106,818,WH SoL,Diamond 1,83,138,,202,160
818,summoner-9442077,819,Eating Lotus,Diamond 1,83,98,,178,162
819,summoner-1101087,820,ME DA IBAGENS,Diamond 1,83,67,,152,138
820,summoner-3358055,821,vitinshow,Diamond 1,83,72,,134,103
821,summoner-17612581,822,MiyaAsura,Diamond 1,82,164,,844,838
822,summoner-3599722,823,Sonyled,Diamond 1,82,62,,151,124
823,summoner-5584445,824,NOsFerus1,Diamond 1,82,39,,50,29
824,summoner-764468,825,1Ablon1,Diamond 1,82,75,,46,25
825,summoner-1841700,826,TENH0 WARMOG,Diamond 1,81,49,,134,102
826,summoner-13408826,827,Rakion,Diamond 1,62,110,,247,230
827,summoner-552331,828,Official Shakira,Diamond 1,80,96,,246,222
828,summoner-3269462,829,9September,Diamond 1,80,61,,119,106
829,summoner-18260224,830,myxxx,Diamond 1,80,47,,106,82
830,summoner-29213651,831,adeki,Diamond 1,80,37,,67,29
831,summoner-480954,832,Azin s2 Nat,Diamond 1,79,106,,262,244
832,summoner-3095617,833,Shy Guy,Diamond 1,79,66,,240,217
833,summoner-9693284,834,Wintero,Diamond 1,79,65,,181,161
834,summoner-25700133,835,prook good kid,Diamond 1,79,60,,133,121
835,summoner-34020129,836,Hyoguineo,Diamond 1,79,34,,34,9
836,summoner-8112185,837,UFRPE Limão,Diamond 1,78,124,,682,676
837,summoner-500150,838,Streakless,Diamond 1,78,101,,394,382
838,summoner-1370227,839,pure envy,Diamond 1,78,130,,380,371
839,summoner-472017,840,Mianhae,Diamond 1,78,115,,191,159
840,summoner-4855452,841,Moacir do SUS,Diamond 1,78,87,,119,89
841,summoner-4973241,842,Aensland,Diamond 1,78,59,,102,54
842,summoner-3649793,843,RayZ,Diamond 1,78,77,,98,80
843,summoner-981529,844,13ffr13,Diamond 1,78,103,,95,67
844,summoner-1693685,845,SeijiM,Diamond 1,77,139,,563,541
845,summoner-2005682,846,carryfanboy,Diamond 1,77,90,,196,183
846,summoner-5571375,847,kroNooz,Diamond 1,77,109,,126,98
847,summoner-5464893,848,Menininho Triste,Diamond 1,77,127,,90,66
848,summoner-3291467,849,ACE Pro Deita,Diamond 1,76,122,,369,355
849,summoner-23101356,850,Anyyyyyy,Diamond 1,76,80,,266,216
850,summoner-28624890,851,sorrymybad02,Diamond 1,76,52,,109,103
851,summoner-18270232,852,pOIAUWSEyt,Diamond 1,76,51,,82,58
852,summoner-16975364,853,live my life,Diamond 1,75,191,,690,664
853,summoner-2982516,854,SheIdon1,Diamond 1,75,172,,633,612
854,summoner-5783969,855,Eryoff,Diamond 1,75,107,,503,490
855,summoner-2244534,856,kksh,Diamond 1,75,131,,467,444
856,summoner-1172963,857,WorstDayOfMyLife,Diamond 1,75,122,,462,440
857,summoner-1404767,858,Maynah,Diamond 1,75,122,,430,405
858,summoner-2340712,859,XAPO VEI A LARIK,Diamond 1,75,110,,390,365
859,summoner-15221416,860,the began,Diamond 1,75,113,,382,381
860,summoner-411597,861,AlocsMan,Diamond 1,75,105,,366,353
861,summoner-477105,862,DASLAYER,Diamond 1,75,91,,355,322
862,summoner-31029066,863,ScriptKing,Diamond 1,75,112,,346,304
863,summoner-3414220,864,Danlife,Diamond 1,75,92,,314,292
864,summoner-4065903,865,Fusyer,Diamond 1,75,91,,281,255
865,summoner-810720,866,Zanatsuo,Diamond 1,75,83,,280,252
866,summoner-17323904,867,SOLTA O RAITECK,Diamond 1,75,68,,276,193
867,summoner-584033,868,toshibaa,Diamond 1,75,101,,274,253
868,summoner-2119346,869,Bartthory,Diamond 1,75,69,,248,226
869,summoner-10261344,870,die trying,Diamond 1,75,73,,238,221
870,summoner-20860131,871,Warangelus,Diamond 1,75,82,,237,201
871,summoner-4827162,872,Mid Carente,Diamond 1,75,80,,237,187
872,summoner-13921327,873,Hasin,Diamond 1,75,88,,236,209
873,summoner-26791483,874,Giigii Ryuzaki,Diamond 1,75,122,,233,200
874,summoner-23844107,875,Kur0,Diamond 1,75,93,,224,184
875,summoner-3291057,876,Rakin,Diamond 1,75,70,,224,199
876,summoner-5642522,877,Malory3030,Diamond 1,75,71,,220,194
877,summoner-4694899,878,Midphobia,Diamond 1,75,87,,219,188
878,summoner-11047505,879,O VRDDRO GUARANÁ,Diamond 1,75,76,,206,180
879,summoner-3925919,880,hauz,Diamond 1,75,84,,201,159
880,summoner-3682007,881,Slugz,Diamond 1,75,80,,200,178
881,summoner-459411,882,r0t,Diamond 1,75,72,,198,175
882,summoner-22195228,883,jayceblindado123,Diamond 1,75,123,,198,159
883,summoner-33650124,884,xNicomando,Diamond 1,75,74,,194,168
884,summoner-4444467,885,blamez1,Diamond 1,75,82,,193,168
885,summoner-32314561,886,Gods PIan,Diamond 1,75,60,,188,136
886,summoner-490517,887,Nicomando,Diamond 1,75,60,,181,151
887,summoner-6401622,888,JUNKURIBOH,Diamond 1,75,72,,178,169
888,summoner-3072094,889,Triguit0,Diamond 1,75,96,,175,150
889,summoner-4320191,890,GOWTHER A LENDA,Diamond 1,75,91,,173,150
890,summoner-4095213,891,Dream Colors,Diamond 1,75,51,,170,117
891,summoner-526203,892,URSÃO DA FEDERAL,Diamond 1,75,72,,167,128
892,summoner-4612917,893,PàtoBoy Corredor,Diamond 1,75,96,,165,139
893,summoner-7531495,894,Let me beyond,Diamond 1,75,125,,165,126
894,summoner-9725369,895,ICH z1ni,Diamond 1,75,73,,162,131
895,summoner-27661423,896,SURFlSTAO7,Diamond 1,75,66,,161,130
896,summoner-3922741,897,Ernest Du Voyage,Diamond 1,75,48,,161,88
897,summoner-6645550,898,Lêozuxo,Diamond 1,75,88,,157,137
898,summoner-5200602,899,Lieren,Diamond 1,75,66,,157,124
899,summoner-10082696,900,Hi im Gardel,Diamond 1,75,67,,151,131
900,summoner-26810871,901,C9Sneakyfanboy,Diamond 1,75,59,,148,105
901,summoner-522557,902,tinowns,Diamond 1,75,54,,147,108
902,summoner-779150,903,sTz Viny,Diamond 1,75,55,,145,95
903,summoner-432513,904,darksai,Diamond 1,75,102,,143,102
904,summoner-18197867,905,ll Dantz ll,Diamond 1,75,64,,141,104
905,summoner-15111559,906,Qifi,Diamond 1,75,87,,140,112
906,summoner-3358754,907,Harakk,Diamond 1,75,115,,140,110
907,summoner-419354,908,alvinho,Diamond 1,75,87,,138,106
908,summoner-678959,909,wizate,Diamond 1,75,50,,137,105
909,summoner-649246,910,Walzanetti,Diamond 1,75,63,,136,107
910,summoner-9660188,911,greek yogurt,Diamond 1,75,60,,135,107
911,summoner-2883143,912,Mighty MuffiN,Diamond 1,75,62,,130,106
912,summoner-4837690,913,dzzzzzn1,Diamond 1,75,46,,129,40
913,summoner-20026328,914,PnL1,Diamond 1,75,52,,127,88
914,summoner-656285,915,Kumagai Eri,Diamond 1,75,75,,123,98
915,summoner-33460137,916,1tevez,Diamond 1,75,46,,119,53
916,summoner-31020648,917,Luiszeras,Diamond 1,75,50,,109,74
917,summoner-3700601,918,VAC BAN,Diamond 1,75,75,,101,75
918,summoner-33240360,919,SMILOOOOOOOOOOVE,Diamond 1,75,42,,100,60
919,summoner-1750858,920,SaDgasM,Diamond 1,75,118,,90,73
920,summoner-451816,921,Stressado,Diamond 1,75,52,,86,63
921,summoner-32160133,922,03012018,Diamond 1,75,53,,86,64
922,summoner-27483653,923,Boldkontrol,Diamond 1,75,44,,82,59
923,summoner-440746,924,te amo mt meu bb,Diamond 1,75,45,,82,54
924,summoner-27630143,925,FUS RO DAAAAH,Diamond 1,75,53,,81,49
925,summoner-4736207,926,CAMELO FANTASMA,Diamond 1,75,40,,79,48
926,summoner-27934954,927,Mockíngbird,Diamond 1,75,51,,79,48
927,summoner-1608491,928,q v,Diamond 1,75,49,,77,54
928,summoner-3261229,929,PichuDuCouteau,Diamond 1,75,90,,77,54
929,summoner-18280215,930,FLA Goku 10,Diamond 1,75,44,,73,47
930,summoner-18270228,931,a new awakening,Diamond 1,75,40,,70,42
931,summoner-9685535,932,Wonks,Diamond 1,75,102,,63,22
932,summoner-24790138,933,MÃO DE OURO TÁ,Diamond 1,75,51,,56,24
933,summoner-21900415,934,Oi meu anjo,Diamond 1,75,34,,45,9
934,summoner-16983202,935,1NIBELK,Diamond 1,75,54,,41,8
935,summoner-404393,936,Dajar,Diamond 1,74,145,,558,527
936,summoner-4122206,937,LeoTurtle,Diamond 1,74,93,,190,190
937,summoner-16100773,938,Bob Lablaw,Diamond 1,74,138,,155,124
938,summoner-18013692,939,LZ Justice,Diamond 1,74,72,,150,130
939,summoner-26323344,940,Cj3ii,Diamond 1,74,63,,110,95
940,summoner-1130265,941,Dérby Vermelho,Diamond 1,74,113,,63,39
941,summoner-11768865,942,Lc s FeuersTeiN,Diamond 1,73,156,,628,625
942,summoner-9073368,943,Vitin6,Diamond 1,73,158,,546,537
943,summoner-522434,944,YONALDlNHO,Diamond 1,72,130,,451,448
944,summoner-18260234,945,Praiyi,Diamond 1,40,82,,274,263
945,summoner-4140701,946,Distinct,Diamond 1,72,81,,196,181
946,summoner-784550,947,rainy days,Diamond 1,72,89,,163,141
947,summoner-1529694,948,CrazyMaater,Diamond 1,72,83,,127,98
948,summoner-17470448,949,não to mt feliz,Diamond 1,72,51,,126,100
949,summoner-550922,950,XxBrzkSxX,Diamond 1,72,61,,115,64
950,summoner-3935190,951,Netbook,Diamond 1,72,94,,109,82
951,summoner-2079617,952,Wafflesdoce,Diamond 1,72,83,,101,69
952,summoner-2894057,953,always suffering,Diamond 1,71,121,,374,343
953,summoner-3414572,954,ZÉ DO POSTO,Diamond 1,71,108,,322,297
954,summoner-26150789,955,Yuikosan Nyt,Diamond 1,71,139,,185,164
955,summoner-5277594,956,Slowas,Diamond 1,71,118,,54,36
956,summoner-3290323,957,Shiruo,Diamond 1,70,99,,284,260
957,summoner-31380130,958,FLA Jisu 1,Diamond 1,70,54,,153,100
958,summoner-26210826,959,Cimento VIII,Diamond 1,70,47,,131,77
959,summoner-4240986,960,Hymazake,Diamond 1,70,65,,76,54
960,summoner-27162475,961,epilul,Diamond 1,69,96,,460,448
961,summoner-1990976,962,funKz,Diamond 1,69,92,,399,358
962,summoner-30555627,963,Yharnam sunrise,Diamond 1,69,55,,188,145
963,summoner-15202798,964,gumballestrupa,Diamond 1,69,51,,170,90
964,summoner-1167954,965,Cellin Lothbrok,Diamond 1,68,122,,648,592
965,summoner-1764489,966,PILOT0,Diamond 1,68,109,,350,345
966,summoner-2339756,967,12574217,Diamond 1,68,98,,314,272
967,summoner-403484,968,TibiaN,Diamond 1,68,84,,255,241
968,summoner-25485566,969,Jayce Blindado,Diamond 1,68,96,,210,195
969,summoner-1972663,970,M92F S,Diamond 1,68,88,,195,184
970,summoner-31821984,971,Paulo Dybala,Diamond 1,68,64,,173,107
971,summoner-661868,972,pimpimenta,Diamond 1,68,58,,160,119
972,summoner-17240525,973,A famosa JANNAA,Diamond 1,68,62,,152,136
973,summoner-21210129,974,parsa da lisa,Diamond 1,68,63,,139,109
974,summoner-440178,975,Dreams is back,Diamond 1,68,53,,110,86
975,summoner-477706,976,brun1n xD,Diamond 1,68,67,,77,51
976,summoner-3974104,977,FnaticRC Rekkles,Diamond 1,67,99,,311,280
977,summoner-15660334,978,DVzin debochado,Diamond 1,67,63,,227,139
978,summoner-404151,979,While She Sleeps,Diamond 1,67,92,,176,159
979,summoner-456109,980,Vitality,Diamond 1,67,164,,171,142
980,summoner-1060743,981,PUC Cross TIG,Diamond 1,67,87,,162,140
981,summoner-18770125,982,CNBrunch,Diamond 1,67,52,,123,84
982,summoner-5034532,983,Miss Queen,Diamond 1,67,147,,101,72
983,summoner-3067434,984,Buckmann,Diamond 1,67,77,,97,72
984,summoner-16043348,985,Futanari Girl,Diamond 1,67,78,,74,52
985,summoner-10015953,986,l teuzinho l,Diamond 1,49,139,,252,236
986,summoner-2585348,987,bêbada em paris,Diamond 1,66,85,,174,141
987,summoner-4969480,988,O Mosqueteiro,Diamond 1,66,150,,159,137
988,summoner-30641228,989,Microtulio,Diamond 1,66,79,,147,91
989,summoner-801310,990,Raiser,Diamond 1,66,83,,132,107
990,summoner-5730413,991,BlasTeer,Diamond 1,65,144,,490,485
991,summoner-31101879,992,pachecoff,Diamond 1,65,61,,202,135
992,summoner-18631039,993,BUERO,Diamond 1,65,50,,159,112
993,summoner-5891894,994,Ralphe,Diamond 1,65,75,,149,133
994,summoner-9143435,995,Katya Beyblade,Diamond 1,65,167,,63,39
995,summoner-3180522,996,Hatsune Míku,Diamond 1,65,39,,44,24
996,summoner-3549348,997,Caio de Elo,Diamond 1,45,151,,343,319
997,summoner-1910272,998,Lwz,Diamond 1,64,98,,150,133
998,summoner-25750211,999,so close so far,Diamond 1,64,49,,127,84
999,summoner-8291129,1000,R nord,Diamond 1,64,46,,91,44
