#timestamp 1529830808136
#date 2018-06-24T09:00:08+00:00
#players 1000
#index,id,rank,name,tier,lp,level,proTeam,win,loss
0,summoner-58260945,1,Killua fans,Challenger,1272,128,,540,424
1,summoner-4460427,2,Hide on bush,Challenger,1241,128,,545,472
2,summoner-28862717,3,MVP ADD,Challenger,1227,78,,245,166
3,summoner-54892079,4,ZIBISUP,Challenger,1139,85,,333,251
4,summoner-16380488,5,DontRemakeAatrox,Challenger,1153,111,,302,221
5,summoner-56951349,6,댕 체,Challenger,1118,129,,663,570
6,summoner-66820148,7,go to California,Challenger,1057,65,,209,149
7,summoner-71150224,8,thgink9,Challenger,1049,52,,232,114
8,summoner-22611767,9,SKT T1 Le0,Challenger,1006,111,,451,386
9,summoner-4673576,10,뉴트 주니어,Challenger,977,83,,269,202
10,summoner-5802440,11,칼과 창 방패,Challenger,954,123,,473,403
11,summoner-43111655,12,KZ Cuzz,Challenger,951,95,,414,347
12,summoner-21320363,13,llllllllIIllll,Challenger,866,76,,306,244
13,summoner-57541180,14,MADKlNG,Challenger,907,112,,255,194
14,summoner-7895259,15,SKT T1 Bang,Challenger,900,93,,265,211
15,summoner-12910223,16,이 차가 식기전에,Challenger,895,106,,445,381
16,summoner-22071749,17,KT DEFT,Challenger,890,53,,160,93
17,summoner-9810634,18,NekoL,Challenger,887,104,,393,314
18,summoner-23962092,19,타인은 지옥이다1,Challenger,917,187,,1023,961
19,summoner-65821228,20,롤오브레전드1234,Challenger,876,108,,447,380
20,summoner-26421732,21,Lehends,Challenger,849,90,,384,302
21,summoner-56931329,22,tjudlsawqz,Challenger,867,72,,333,253
22,summoner-66810143,23,아이거또어우,Challenger,863,62,,258,200
23,summoner-66830152,24,학식먹을나이,Challenger,857,56,,198,139
24,summoner-6986047,25,독이 있다,Challenger,931,127,,430,376
25,summoner-58390689,26,롤스터단합KT,Challenger,844,115,,664,594
26,summoner-65710258,27,난 질수없다,Challenger,832,70,,171,110
27,summoner-26022557,28,Gen G Life,Challenger,802,214,,1007,912
28,summoner-66810156,29,킹존 물만두,Challenger,818,66,,269,220
29,summoner-3457702,30,WE 77,Challenger,817,70,,371,243
30,summoner-48040865,31,하얼빈의쟝첸이야,Challenger,827,62,,265,175
31,summoner-59660326,32,yiwancibeishang,Challenger,805,184,,837,778
32,summoner-1252821,33,GimGoon,Challenger,786,66,,265,209
33,summoner-4473652,34,Gen G CoreJJ,Challenger,774,115,,473,388
34,summoner-54743978,35,KZ Rascal,Challenger,736,148,,769,695
35,summoner-40261890,36,북쪽의 괴물,Challenger,777,138,,565,508
36,summoner-8251858,37,IruguN,Challenger,750,91,,328,277
37,summoner-70980593,38,sunlight2,Challenger,766,56,,199,115
38,summoner-66690330,39,greed3,Challenger,725,99,,566,477
39,summoner-57580784,40,칼과 창 방패2,Challenger,658,105,,434,370
40,summoner-26670323,41,츠코파이,Challenger,741,72,,226,161
41,summoner-38710450,42,출애굽기15장27절,Challenger,739,66,,234,178
42,summoner-3695029,43,real gankster,Challenger,738,113,,611,557
43,summoner-63050591,44,Jin Air Nova,Challenger,713,82,,185,129
44,summoner-11641191,45,lookatmy,Challenger,728,59,,159,98
45,summoner-5354271,46,아름다운 서울,Challenger,704,123,,573,496
46,summoner-4463953,47,마마돈워리,Challenger,723,70,,296,245
47,summoner-16810685,48,SKT T1 ThaI,Challenger,722,122,,436,381
48,summoner-18971354,49,오뚜기3분미트볼,Challenger,697,66,,183,136
49,summoner-50830223,50,sorrysorrysorry,Challenger,719,118,,668,612
50,summoner-64250795,51,Karsa fans,Challenger,697,130,,625,574
51,summoner-43920725,52,호잇이,Challenger,711,123,,517,427
52,summoner-36250290,53,KT Ucal,Challenger,706,78,,365,308
53,summoner-51950149,54,XinMo,Challenger,689,128,,515,451
54,summoner-27061092,55,이도류,Challenger,703,110,,380,332
55,summoner-35490390,56,bully bully,Challenger,702,116,,461,400
56,summoner-69670582,57,Mark Time,Challenger,702,60,,188,103
57,summoner-9007397,58,Klmjg,Challenger,701,162,,830,773
58,summoner-28870358,59,커피남신불쾌하다,Challenger,697,131,,517,462
59,summoner-13555413,60,홍 웅,Challenger,682,74,,177,99
60,summoner-18791995,61,handcIap,Challenger,671,70,,307,254
61,summoner-10080249,62,뽀오뽀오,Challenger,665,49,,130,79
62,summoner-2706560,63,검은머리사나이,Challenger,660,73,,302,242
63,summoner-57330154,64,엽북이,Challenger,655,90,,382,326
64,summoner-54751506,65,아이러니,Challenger,647,76,,247,198
65,summoner-66480343,66,윤소완,Challenger,631,110,,622,567
66,summoner-70960224,67,바위게 내꺼야,Challenger,667,38,,69,27
67,summoner-4542720,68,PandaTV51654,Challenger,642,70,,252,200
68,summoner-66820147,69,Deft12345678,Challenger,633,75,,342,277
69,summoner-19615477,70,Seroum,Challenger,630,89,,266,215
70,summoner-66810141,71,강한남자 강덕배,Challenger,630,93,,235,186
71,summoner-1796100,72,Gen G cuvee,Challenger,629,123,,571,525
72,summoner-66840149,73,안니어어엉,Challenger,634,90,,505,458
73,summoner-36871116,74,플리리,Challenger,662,75,,256,194
74,summoner-51651113,75,귀여운안지영,Challenger,628,63,,201,152
75,summoner-2165869,76,슈렐리아의사정,Challenger,627,75,,266,214
76,summoner-4501290,77,cyeol,Challenger,626,161,,569,523
77,summoner-1412967,78,daydayupup,Challenger,662,124,,646,600
78,summoner-62350588,79,N1etonoShana,Challenger,645,86,,271,212
79,summoner-29341663,80,JAG UmTi,Challenger,601,93,,311,254
80,summoner-2481136,81,Jin Air SoHwan,Challenger,595,162,,713,660
81,summoner-25260179,82,GabrielCRO,Challenger,614,123,,599,531
82,summoner-38100682,83,KDM LuBu,Challenger,632,121,,377,323
83,summoner-50800386,84,20 1 1 14,Challenger,612,74,,222,171
84,summoner-38160601,85,Gen G Ruler,Challenger,602,125,,494,433
85,summoner-16910609,86,DWG BeryL,Challenger,646,144,,677,618
86,summoner-48620616,87,진짜잘안죽음,Challenger,606,53,,166,101
87,summoner-10134453,88,HaruTya1226,Challenger,603,134,,554,507
88,summoner-50080859,89,htebaziIE,Challenger,593,93,,398,353
89,summoner-3964487,90,센센S2,Challenger,593,106,,336,285
90,summoner-37960539,91,So1o,Challenger,592,91,,313,262
91,summoner-1990503,92,baramgaebi,Challenger,589,102,,323,274
92,summoner-68491462,93,유노유키,Challenger,588,58,,225,144
93,summoner-10150520,94,카페베네설탕도둑,Challenger,587,89,,261,210
94,summoner-5154899,95,찬이숙이,Challenger,581,63,,292,226
95,summoner-53250371,96,Afreeca Ruby,Challenger,541,113,,573,525
96,summoner-53091092,97,dont and me say,Challenger,575,203,,979,941
97,summoner-32096236,98,Baby123,Challenger,555,85,,279,228
98,summoner-58960292,99,TT 보배,Challenger,566,120,,673,629
99,summoner-38120473,100,Morgan5358,Challenger,564,103,,558,503
100,summoner-45641407,101,ililiiiillliil,Challenger,565,81,,387,313
101,summoner-9100379,102,Heart,Challenger,565,101,,323,262
102,summoner-3149868,103,단군의청춘부재,Challenger,565,95,,304,258
103,summoner-66810144,104,게임생각만하기,Challenger,563,67,,267,224
104,summoner-19523335,105,DWG Nuclear,Challenger,563,56,,158,95
105,summoner-2187036,106,KDM Roach,Challenger,560,64,,207,165
106,summoner-41440812,107,BtC Savage,Challenger,540,77,,189,140
107,summoner-68911210,108,Liu xiao you,Challenger,565,58,,260,177
108,summoner-41790768,109,먹는게즐거워,Challenger,578,113,,426,373
109,summoner-29341237,110,WNS Fate,Challenger,533,97,,318,264
110,summoner-26592645,111,Hichael Dackson,Challenger,553,89,,343,303
111,summoner-1773786,112,밥잘사주는나쁜형,Challenger,551,67,,217,161
112,summoner-25330313,113,BtC joker,Challenger,567,142,,512,463
113,summoner-45311145,114,Deifinu,Challenger,548,92,,287,247
114,summoner-11244514,115,qjy    QAQ,Challenger,547,101,,387,343
115,summoner-5189510,116,돌잔치때도란잡음,Challenger,545,168,,754,708
116,summoner-63120486,117,띵킹왕,Challenger,545,79,,223,172
117,summoner-59880951,118,분노분노분노,Challenger,534,106,,392,355
118,summoner-3697742,119,격세지감,Challenger,491,136,,525,476
119,summoner-22033662,120,SKT T1 Pirean,Challenger,537,147,,772,726
120,summoner-5187941,121,4seidon,Challenger,530,80,,388,320
121,summoner-2068171,122,Gen G Ambition,Challenger,529,136,,687,642
122,summoner-47820563,123,keria00,Challenger,557,133,,558,501
123,summoner-43120962,124,jungsanghyun1,Challenger,527,119,,446,400
124,summoner-3084278,125,구린내가심하구나,Challenger,456,138,,793,707
125,summoner-8550920,126,Cloudless,Challenger,541,181,,465,422
126,summoner-8271480,127,바다의 상어,Challenger,526,69,,251,199
127,summoner-4843289,128,Be proud of me,Challenger,574,99,,331,283
128,summoner-66820145,129,SKT T1 준식짱123,Challenger,520,67,,288,242
129,summoner-1296022,130,김국어,Challenger,517,112,,376,333
130,summoner-2009412,131,Billys,Challenger,533,105,,472,413
131,summoner-2370292,132,XIAOXinAAA,Challenger,534,77,,463,340
132,summoner-69110589,133,엽북e,Challenger,514,61,,279,211
133,summoner-7791613,134,사스갓지지,Challenger,510,106,,405,362
134,summoner-45140675,135,진에어 테디,Challenger,510,58,,161,107
135,summoner-4425901,136,KZ Khan,Challenger,508,107,,373,336
136,summoner-64520617,137,간 츠,Challenger,508,102,,190,130
137,summoner-27971322,138,KZ Peanut,Challenger,505,115,,397,349
138,summoner-25301734,139,HLE Kuzan,Challenger,503,110,,485,437
139,summoner-3181583,140,Nabi,Challenger,502,125,,394,348
140,summoner-66242092,141,winN1ebear,Challenger,481,96,,544,476
141,summoner-69210383,142,qwrasdd1ldasa,Challenger,497,71,,412,328
142,summoner-48980950,143,HLE Brook,Challenger,495,171,,889,850
143,summoner-5662482,144,온자이족,Challenger,495,104,,551,505
144,summoner-12132641,145,이기자 할수있다,Challenger,494,68,,226,184
145,summoner-55060589,146,너와나의연결Gori,Challenger,493,102,,229,180
146,summoner-58860222,147,hf ghkyu,Challenger,492,65,,227,172
147,summoner-63420567,148,승달리,Challenger,491,71,,190,124
148,summoner-66820149,149,ABC123D4,Challenger,490,75,,249,198
149,summoner-23980376,150,GIorie,Challenger,490,92,,228,178
150,summoner-60430645,151,DoRun,Challenger,504,74,,311,258
151,summoner-66500333,152,Victorique,Challenger,506,126,,558,513
152,summoner-12952008,153,강태공고추,Challenger,485,162,,834,784
153,summoner-66830147,154,덩크슛의향연,Challenger,485,62,,235,200
154,summoner-38471569,155,귤수호자 만기,Challenger,482,71,,197,152
155,summoner-1651289,156,나츠카린,Challenger,430,80,,366,323
156,summoner-5588270,157,Rainbow22,Challenger,479,100,,385,341
157,summoner-35801706,158,명구리버드,Challenger,519,109,,376,334
158,summoner-46311009,159,AFR ArT,Challenger,478,119,,434,395
159,summoner-21993899,160,Sol로랭크2,Challenger,478,125,,216,166
160,summoner-49620761,161,asdojaiosjdo,Challenger,461,168,,724,681
161,summoner-23606470,162,남동현,Challenger,496,115,,564,519
162,summoner-6865103,163,jiang you ping,Challenger,475,51,,230,135
163,summoner-5674873,164,chirchri,Challenger,491,61,,163,106
164,summoner-12600476,165,프제짱,Challenger,474,111,,447,403
165,summoner-57601149,166,Juan OVO,Challenger,474,70,,230,176
166,summoner-66490303,167,Chuangshang,Challenger,474,63,,229,181
167,summoner-8550362,168,Hellohowareyou,Challenger,514,61,,158,102
168,summoner-66840154,169,Si tu es vivant,Challenger,471,78,,324,281
169,summoner-6140824,170,FW SwordArT,Challenger,470,111,,393,351
170,summoner-23524883,171,마산가자,Challenger,468,117,,451,415
171,summoner-19421492,172,멘탈잡자으쌰으쌰,Challenger,467,112,,455,413
172,summoner-1111747,173,mimimimmm,Challenger,466,102,,322,253
173,summoner-54924744,174,its my day,Challenger,464,160,,572,549
174,summoner-66800180,175,GangKING88,Challenger,470,62,,238,203
175,summoner-6831878,176,Unfortunate Soul,Challenger,463,83,,198,146
176,summoner-67340981,177,키네카,Challenger,463,53,,111,38
177,summoner-2110301,178,퍼그개졸귀,Challenger,461,76,,278,231
178,summoner-57960470,179,천천히올라감,Challenger,477,138,,553,500
179,summoner-1508361,180,gunwu,Challenger,460,111,,539,489
180,summoner-4252326,181,귀여운 나무인간,Challenger,437,113,,506,490
181,summoner-13931178,182,가나라마아바,Challenger,458,55,,92,50
182,summoner-48140675,183,세븐틴 하이딘,Challenger,457,79,,175,132
183,summoner-68800398,184,생뚱맞은앵뚱쌩뚱,Challenger,457,49,,138,72
184,summoner-1323757,185,의 주,Challenger,457,137,,427,381
185,summoner-63181489,186,서툴러요,Challenger,455,65,,205,144
186,summoner-32600160,187,물 위를 걷다,Challenger,423,182,,701,659
187,summoner-19524471,188,ke ai jiao,Challenger,452,49,,195,109
188,summoner-62380878,189,다소곳한,Challenger,450,116,,543,491
189,summoner-13965344,190,6학년4반장용준,Challenger,450,98,,332,299
190,summoner-2006507,191,LoveRaccoonLove,Challenger,447,116,,545,505
191,summoner-17280234,192,JJUN12,Challenger,449,82,,194,148
192,summoner-5344238,193,WithApd,Challenger,449,70,,188,76
193,summoner-42450647,194,RNG Vector,Challenger,447,42,,107,42
194,summoner-57810272,195,17살 정글,Challenger,487,137,,626,578
195,summoner-26101623,196,aceerfa,Challenger,445,77,,260,222
196,summoner-2712005,197,KZ GorillA,Challenger,442,103,,329,298
197,summoner-29341691,198,ESS Dasher,Challenger,423,100,,317,275
198,summoner-17564611,199,성보고 권희원,Challenger,403,155,,822,781
199,summoner-66800152,200,veryverycold,Challenger,366,65,,230,195
200,summoner-65701396,201,너 없이도,Master,408,107,,433,401
201,summoner-9112012,202,명구리버즈,Master,458,95,,314,267
202,summoner-66500335,203,Battle Scars,Master,439,109,,503,456
203,summoner-3464863,204,호 셍,Master,432,98,,431,396
204,summoner-42095093,205,남포동 포동포동,Master,442,88,,227,177
205,summoner-51951264,206,와노쿠니 쇼군,Master,473,102,,523,470
206,summoner-56221322,207,Levellup,Master,425,97,,366,319
207,summoner-42194700,208,ngwm,Master,459,75,,417,339
208,summoner-57730822,209,lbkgnfkgng,Master,439,74,,214,167
209,summoner-66830148,210,춘봉박,Master,438,53,,164,125
210,summoner-8377903,211,구마유시,Master,464,179,,803,769
211,summoner-2521310,212,Afreeca Spirit,Master,467,104,,309,271
212,summoner-66061536,213,TenShi,Master,411,91,,314,267
213,summoner-17530810,214,1987 Plls,Master,427,102,,293,252
214,summoner-10310672,215,yitiaoDaxianyu,Master,373,108,,685,600
215,summoner-1730843,216,수입뿌드,Master,425,111,,514,477
216,summoner-66840152,217,집중좀할게요,Master,444,66,,221,182
217,summoner-7804261,218,숙련자3,Master,455,74,,205,138
218,summoner-68551216,219,KT Kingen,Master,438,65,,271,211
219,summoner-54931012,220,나에게 기회를,Master,420,111,,411,361
220,summoner-30550903,221,HLE Lindarang,Master,417,98,,362,320
221,summoner-37330462,222,율천고 최현우,Master,397,147,,414,375
222,summoner-28922117,223,HLE Mightybear,Master,408,99,,555,478
223,summoner-38532544,224,Gen G 몽,Master,408,118,,484,434
224,summoner-24910546,225,wkfgkrhtlvdj,Master,406,116,,465,429
225,summoner-64470199,226,zichenQAQ,Master,406,65,,304,201
226,summoner-65470828,227,Mango Dog,Master,404,190,,996,957
227,summoner-3722221,228,Galactic lo,Master,402,73,,405,286
228,summoner-41780873,229,RBE Malrang,Master,402,64,,232,187
229,summoner-38680194,230,지현이의빗자루,Master,401,126,,480,440
230,summoner-66100310,231,식샤를합시다3,Master,399,81,,240,198
231,summoner-64670611,232,술담배는절대안해,Master,395,49,,98,54
232,summoner-3262127,233,Ask 섬집아기곰,Master,377,92,,211,164
233,summoner-30171275,234,혜지기여워,Master,402,74,,294,247
234,summoner-68680307,235,Griffin fans,Master,383,63,,201,143
235,summoner-43370209,236,See u AG,Master,383,64,,175,128
236,summoner-37951232,237,MeiTian Kun,Master,362,94,,439,402
237,summoner-2932177,238,Luubaby,Master,381,136,,660,621
238,summoner-9081041,239,Cyberbully,Master,370,63,,204,156
239,summoner-43871730,240,잘할수있어힘내자,Master,379,52,,126,71
240,summoner-34790605,241,커닝시티 몽땅따,Master,377,79,,284,238
241,summoner-17595057,242,KDM SSol,Master,394,68,,168,134
242,summoner-8201453,243,RWSoSo,Master,417,111,,406,374
243,summoner-49570519,244,mei you da long,Master,411,71,,259,218
244,summoner-3964535,245,Banana fish,Master,372,91,,385,348
245,summoner-58910718,246,Albus Dumbleluo,Master,424,189,,998,945
246,summoner-1533024,247,aoligei,Master,371,115,,471,434
247,summoner-56920136,248,takma2,Master,370,89,,470,419
248,summoner-36990696,249,아라가키 유이,Master,369,69,,169,125
249,summoner-3335692,250,nekoneko1,Master,414,123,,462,433
250,summoner-1180166,251,좋은날,Master,367,80,,165,128
251,summoner-26691029,252,사 용 수,Master,389,137,,692,648
252,summoner-56990787,253,MVP 모티브,Master,366,105,,319,276
253,summoner-67200131,254,Rockky,Master,366,46,,118,89
254,summoner-11483655,255,무질량,Master,364,171,,319,277
255,summoner-65611597,256,zlp gj,Master,363,84,,473,404
256,summoner-3618583,257,쭈꾸미조아해,Master,362,76,,163,59
257,summoner-7641018,258,Wake up0,Master,361,159,,653,602
258,summoner-1164825,259,우르프rider,Master,325,187,,1209,1175
259,summoner-9740345,260,baby hang,Master,358,110,,482,435
260,summoner-71900132,261,NanLing HuaShen,Master,377,51,,214,136
261,summoner-3633510,262,1427538696835724,Master,355,46,,125,83
262,summoner-3649533,263,커피물조절장인,Master,353,155,,634,598
263,summoner-9004218,264,pvman,Master,343,56,,196,135
264,summoner-48971080,265,fighttttt,Master,336,130,,618,579
265,summoner-26372166,266,내눈은뜨여있다,Master,346,107,,453,414
266,summoner-49900667,267,Akiyam2,Master,321,96,,414,370
267,summoner-1655022,268,chaeestro,Master,315,49,,173,88
268,summoner-6390203,269,정상적인 심장,Master,328,143,,639,602
269,summoner-33260313,270,BtC Do LaoN,Master,337,105,,367,332
270,summoner-1150203,271,서울카즈아,Master,337,95,,328,261
271,summoner-20500168,272,명예 5단계,Master,335,102,,441,396
272,summoner-1943712,273,만두 맛있어요,Master,334,126,,460,421
273,summoner-59030865,274,lulie,Master,304,85,,182,144
274,summoner-66810142,275,버터난프라운커리,Master,333,95,,230,189
275,summoner-71810170,276,플리리2,Master,333,42,,104,42
276,summoner-26473035,277,KDM Edge,Master,332,120,,459,423
277,summoner-26512925,278,Curious PoP,Master,332,91,,272,228
278,summoner-43862013,279,실수는누구나한다,Master,324,58,,178,139
279,summoner-50390691,280,양충하,Master,330,121,,425,379
280,summoner-30961897,281,블 원,Master,345,93,,356,301
281,summoner-66810154,282,Louis XIIl,Master,325,63,,271,227
282,summoner-66800153,283,스으을스으을,Master,324,116,,691,666
283,summoner-34690137,284,DaYE,Master,324,83,,210,169
284,summoner-57700777,285,caramel caramel,Master,323,101,,653,566
285,summoner-12240511,286,할아브가주인공,Master,321,129,,546,498
286,summoner-44550314,287,걔나소나 유소나,Master,304,53,,196,124
287,summoner-65571508,288,S2vely,Master,338,82,,180,131
288,summoner-59790246,289,뿡 형,Master,319,131,,649,597
289,summoner-9804278,290,Akumar,Master,318,122,,461,414
290,summoner-1317404,291,굴러 싶지 않아,Master,316,105,,479,440
291,summoner-66460321,292,NoYuiNoBABYMETAL,Master,316,79,,373,330
292,summoner-56561937,293,Tanwanlanyue,Master,298,257,,1368,1328
293,summoner-1657317,294,feIIasIeep,Master,289,128,,648,610
294,summoner-12022069,295,HanGuo Xiao Daye,Master,315,81,,252,207
295,summoner-9054348,296,미곤개 나갈꼬냐,Master,311,102,,474,432
296,summoner-61160937,297,누구도 날 모를껄,Master,309,81,,178,140
297,summoner-25170222,298,JAG Grace,Master,326,113,,418,382
298,summoner-11191521,299,71의기적,Master,308,64,,240,185
299,summoner-11943987,300,By 불비,Master,307,117,,398,361
300,summoner-54904131,301,KDM Umaru,Master,320,134,,511,472
301,summoner-65812333,302,한서준,Master,322,119,,600,558
302,summoner-39891105,303,Hachi J,Master,304,69,,359,294
303,summoner-7703494,304,mangguoyunoma,Master,317,144,,608,568
304,summoner-52170140,305,Kiiroitor1,Master,300,95,,411,371
305,summoner-9334945,306,The Encounter,Master,262,111,,565,521
306,summoner-66820142,307,우산고로쇠,Master,296,53,,216,131
307,summoner-9605250,308,군밤갓,Master,308,85,,167,129
308,summoner-8342164,309,양치하고 자라,Master,295,155,,679,650
309,summoner-13731393,310,이성조,Master,340,106,,308,266
310,summoner-28920777,311,Destiny,Master,293,78,,220,183
311,summoner-70910217,312,StardustRespark,Master,290,36,,54,28
312,summoner-70870210,313,Leesrael,Master,290,36,,54,28
313,summoner-34711309,314,KDM Moo,Master,300,173,,956,911
314,summoner-67390959,315,ceIlceIl,Master,288,51,,193,119
315,summoner-18132662,316,wanyue,Master,255,43,,126,56
316,summoner-1091187,317,KT MATA,Master,288,53,,75,42
317,summoner-21531315,318,절대짜증내지않기,Master,339,112,,577,531
318,summoner-57611000,319,Nkachaiby,Master,287,110,,492,454
319,summoner-21310540,320,Frida Kahlo,Master,287,62,,220,176
320,summoner-2932051,321,helper9,Master,266,141,,479,440
321,summoner-2437893,322,Kur1ko,Master,284,151,,736,699
322,summoner-5054111,323,EEW SSUN,Master,282,71,,246,183
323,summoner-68870894,324,자퇴할래요,Master,287,57,,233,167
324,summoner-1113700,325,zhonggu0 niu bi,Master,281,146,,601,574
325,summoner-1945650,326,chenlun17,Master,332,85,,499,436
326,summoner-21620445,327,지존꼬부기,Master,281,93,,406,364
327,summoner-2915858,328,장 닌,Master,280,66,,346,233
328,summoner-66470341,329,SupAug,Master,296,89,,453,394
329,summoner-40810897,330,WNS Kuma,Master,315,125,,721,674
330,summoner-5734285,331,Jin Air Justice,Master,260,138,,557,529
331,summoner-66031564,332,한번만 참는다,Master,273,84,,387,332
332,summoner-66371904,333,꼬마 진우,Master,303,68,,243,182
333,summoner-42223084,334,SKT T1 Blossom,Master,224,95,,318,285
334,summoner-31352881,335,레몬 나무,Master,269,120,,366,325
335,summoner-11076959,336,술통 볼링,Master,268,119,,466,422
336,summoner-51060360,337,SD건담캡슐파이,Master,266,79,,124,94
337,summoner-26010272,338,봄에는쭈꾸미,Master,265,121,,443,393
338,summoner-12092486,339,온실속의감자,Master,265,84,,234,193
339,summoner-58290226,340,Equality 7 2521,Master,265,48,,147,94
340,summoner-47600290,341,cherish0120,Master,264,71,,336,289
341,summoner-11016583,342,캐리욤,Master,264,63,,229,188
342,summoner-66171952,343,예리살렘,Master,263,64,,186,133
343,summoner-4403914,344,뭐라고번역하지,Master,262,102,,386,355
344,summoner-8602299,345,엉덩국 갱승제로,Master,261,77,,251,208
345,summoner-50810794,346,98kkkkk,Master,237,98,,357,318
346,summoner-1779578,347,쫄깃한 우동사리,Master,261,109,,503,471
347,summoner-21894104,348,사람한사람,Master,258,115,,447,412
348,summoner-1397152,349,By myself,Master,248,150,,547,508
349,summoner-3131594,350,칭찬은항상짜릿해,Master,237,106,,446,398
350,summoner-44061008,351,숙련자 4,Master,240,144,,554,525
351,summoner-5235895,352,want good lucky,Master,253,172,,832,817
352,summoner-59800833,353,마유즈미,Master,252,100,,408,359
353,summoner-65151558,354,RushRush,Master,244,126,,380,340
354,summoner-49030965,355,Open yellow gun,Master,195,172,,790,756
355,summoner-70230632,356,t9c9y8,Master,251,62,,279,217
356,summoner-46130461,357,Excuse,Master,273,139,,263,227
357,summoner-11360697,358,개찍겨,Master,250,67,,357,274
358,summoner-45290205,359,playplayy,Master,266,134,,400,363
359,summoner-19590512,360,WNS WooFe,Master,249,111,,382,333
360,summoner-66431362,361,La Lune tear,Master,249,55,,199,87
361,summoner-1561704,362,togo334,Master,248,109,,502,449
362,summoner-58220393,363,허찌킬,Master,212,101,,323,284
363,summoner-9365589,364,하트곤듀,Master,247,63,,361,244
364,summoner-2577586,365,요플래,Master,355,70,,265,231
365,summoner-17192280,366,DoJang,Master,245,117,,576,533
366,summoner-22191421,367,난 끝나지 않았어,Master,245,87,,337,302
367,summoner-9637443,368,청청주,Master,243,88,,397,330
368,summoner-68471059,369,짬뽕짜장탕수육,Master,243,51,,186,127
369,summoner-59070567,370,카를로는하,Master,376,143,,841,805
370,summoner-5072077,371,16 gua pi jg,Master,213,110,,630,584
371,summoner-10992152,372,wscc,Master,223,76,,394,321
372,summoner-3263292,373,Afreeca Kramer,Master,239,92,,255,213
373,summoner-44911013,374,아삭아삭아삭,Master,236,68,,263,225
374,summoner-7120223,375,미우나릿카니코,Master,236,73,,241,198
375,summoner-48450255,376,unknovvn pIayer,Master,267,96,,303,257
376,summoner-2143047,377,도 넛,Master,233,89,,203,160
377,summoner-3941091,378,aetcal,Master,232,87,,472,428
378,summoner-66301571,379,16살 원딜러,Master,231,123,,662,596
379,summoner-66800178,380,Lakhesis,Master,231,76,,360,325
380,summoner-27691177,381,jiijjijijijijii,Master,246,114,,359,325
381,summoner-2931911,382,pi9,Master,209,73,,208,174
382,summoner-8906415,383,gym,Master,230,70,,132,92
383,summoner-4652561,384,지지않아,Master,238,98,,355,315
384,summoner-51781159,385,BBBaby,Master,229,119,,248,199
385,summoner-2212042,386,skt t1 jdm,Master,228,57,,205,153
386,summoner-54350484,387,terqwasdgfgvxcvc,Master,226,125,,569,540
387,summoner-4363128,388,suweisuweisuwei,Master,236,115,,748,701
388,summoner-1213025,389,뮤므리투슈,Master,299,111,,616,575
389,summoner-2031907,390,아테나찡,Master,232,90,,333,296
390,summoner-63840337,391,4386509348,Master,224,76,,224,184
391,summoner-2024672,392,mata fans,Master,223,117,,512,480
392,summoner-66242600,393,Gen G 알파몽,Master,223,72,,289,228
393,summoner-64710699,394,발전하는모습,Master,222,56,,198,139
394,summoner-1229790,395,imp8,Master,221,132,,699,676
395,summoner-60621433,396,넌 질수없다,Master,236,93,,338,295
396,summoner-4281709,397,히yee찬,Master,219,102,,448,409
397,summoner-1233954,398,Homme,Master,224,79,,429,335
398,summoner-1687546,399,시마시마 하나코,Master,219,86,,219,192
399,summoner-66490301,400,첸 하오,Master,216,105,,615,577
400,summoner-34180971,401,MVP MaHa,Master,216,73,,329,270
401,summoner-4674798,402,135903panda,Master,214,101,,439,401
402,summoner-31591492,403,ESS Troy,Master,214,88,,207,167
403,summoner-42112736,404,Zoo E,Master,192,119,,171,98
404,summoner-17753382,405,시오도메 미우나,Master,233,114,,155,114
405,summoner-34260312,406,L1sure,Master,213,60,,139,109
406,summoner-51730382,407,설레임 에디션1,Master,210,137,,692,658
407,summoner-58850925,408,cbzOvO,Master,230,93,,355,317
408,summoner-1716004,409,난 질자신이없다,Master,211,147,,436,388
409,summoner-4371502,410,angular 4,Master,211,81,,348,302
410,summoner-37821214,411,부끄부끄,Master,211,59,,152,97
411,summoner-50130702,412,l3est16,Master,210,107,,387,356
412,summoner-70130649,413,무엇이 정답일까,Master,210,51,,185,121
413,summoner-64650653,414,FortniteUser,Master,210,67,,143,89
414,summoner-5961330,415,죠니에요,Master,228,61,,129,41
415,summoner-57691225,416,11122233344455,Master,164,88,,491,429
416,summoner-1804326,417,한남사냥꾼김진호,Master,171,87,,437,393
417,summoner-33310849,418,너는나보다아래야,Master,207,99,,305,278
418,summoner-9617107,419,mingjing,Master,247,58,,165,124
419,summoner-60301490,420,R1kka,Master,205,73,,256,220
420,summoner-19200756,421,헤 르,Master,205,100,,194,158
421,summoner-69790491,422,Fairy Gyu,Master,205,50,,106,47
422,summoner-11962235,423,익 뇽,Master,204,90,,183,142
423,summoner-45380573,424,PopcornTv15462,Master,204,64,,100,58
424,summoner-11631865,425,My lucky dayy,Master,203,139,,966,934
425,summoner-40200280,426,에이 알 티,Master,203,64,,185,152
426,summoner-44370797,427,권희원,Master,202,61,,188,143
427,summoner-22804199,428,살기시러요,Master,201,94,,370,313
428,summoner-17614530,429,Goldguns 하,Master,201,56,,251,160
429,summoner-5860208,430,CN hf ghkyu 2,Master,235,114,,699,650
430,summoner-10723566,431,ktmgs,Master,199,76,,249,216
431,summoner-36240175,432,배그프로지망한다,Master,133,77,,343,301
432,summoner-40720433,433,JungSangHyun,Master,197,94,,276,239
433,summoner-69780132,434,Rrandolf,Master,196,58,,221,194
434,summoner-5310176,435,MEMEDAN,Master,195,130,,583,561
435,summoner-34990391,436,무서운 뱀 독,Master,194,66,,128,88
436,summoner-6974223,437,2000 12 06,Master,193,111,,432,395
437,summoner-2771169,438,121754978,Master,214,133,,630,607
438,summoner-7710745,439,StandAchance,Master,192,110,,432,390
439,summoner-53061130,440,wyt0111,Master,192,89,,363,329
440,summoner-24953043,441,매일 졸려요,Master,192,98,,211,166
441,summoner-2395962,442,유내현,Master,192,101,,192,154
442,summoner-12035736,443,0ct5beR,Master,140,71,,182,137
443,summoner-7713866,444,An noob TOP,Master,192,69,,165,122
444,summoner-4959450,445,TOP Ggoong,Master,191,95,,392,364
445,summoner-10417053,446,Careful in Bush,Master,173,89,,359,273
446,summoner-22825024,447,Victoria Island,Master,191,70,,288,246
447,summoner-13684896,448,SKT T1 BIank,Master,190,99,,369,350
448,summoner-3700181,449,Fairy Bit,Master,189,154,,287,245
449,summoner-1781915,450,TS hencool,Master,189,48,,200,55
450,summoner-64870667,451,치다망치,Master,189,59,,165,129
451,summoner-55000698,452,4Honey,Master,186,77,,266,221
452,summoner-54110219,453,미드프로지망인,Master,224,54,,211,140
453,summoner-66450326,454,FW Shlauc,Master,185,151,,982,952
454,summoner-1639586,455,ShaShenFeng,Master,185,74,,322,252
455,summoner-67021740,456,love jiaobao,Master,183,118,,738,674
456,summoner-3349958,457,MVP Pilot,Master,183,68,,232,194
457,summoner-42461466,458,sibasaki roka,Master,182,167,,633,601
458,summoner-10075062,459,북관서관남관동관,Master,193,117,,553,508
459,summoner-1647739,460,M17 DeuL,Master,73,89,,348,322
460,summoner-11856799,461,Robini,Master,186,62,,310,230
461,summoner-59240888,462,NOoOB Z,Master,115,117,,491,470
462,summoner-26602065,463,해산물shangdan,Master,219,112,,364,331
463,summoner-50401099,464,19IXU,Master,181,86,,303,267
464,summoner-17113034,465,BlackGat,Master,159,105,,292,216
465,summoner-3591068,466,송익민,Master,197,112,,445,415
466,summoner-1961012,467,JK Te Fan Nao,Master,180,61,,311,183
467,summoner-55272069,468,빛 인 영,Master,180,114,,217,179
468,summoner-22975534,469,1 Carpe Diem,Master,179,78,,179,144
469,summoner-6824445,470,NO 브래인,Master,198,44,,101,50
470,summoner-56521696,471,MrPJ,Master,143,138,,801,745
471,summoner-2725261,472,21살 백슈,Master,178,147,,459,430
472,summoner-46320228,473,정재현1234,Master,196,93,,291,250
473,summoner-10558935,474,irmaking,Master,178,63,,272,204
474,summoner-8490152,475,lmdlfmh,Master,176,73,,399,282
475,summoner-10605858,476,캐 인,Master,172,123,,542,496
476,summoner-55110444,477,귀여운 현우,Master,172,91,,418,371
477,summoner-36130734,478,i want lck duo,Master,171,61,,229,177
478,summoner-6993034,479,no bb thx,Master,170,78,,223,198
479,summoner-67010248,480,MAD l3reeze,Master,169,127,,361,351
480,summoner-1765372,481,바보2,Master,169,112,,303,274
481,summoner-31700901,482,MVP Ian,Master,169,92,,260,226
482,summoner-10749868,483,ililillliliilili,Master,125,89,,242,206
483,summoner-3871049,484,KlNG,Master,169,75,,217,178
484,summoner-56920693,485,흥흥 똑땅해,Master,169,109,,182,139
485,summoner-9068184,486,멘탈과실력을겸비,Master,169,50,,135,110
486,summoner-55370930,487,멘탈안좋아,Master,168,99,,304,269
487,summoner-1667914,488,binnnnnnnnn,Master,144,116,,489,453
488,summoner-1872558,489,흐아아아압하아압,Master,150,73,,197,159
489,summoner-66490304,490,Kabigon포켓몬,Master,115,90,,450,423
490,summoner-37710890,491,더블비 보물섬,Master,166,96,,243,217
491,summoner-3828290,492,TaiYuanPigGay,Master,165,122,,459,379
492,summoner-3713154,493,내가강만식,Master,164,75,,324,294
493,summoner-66321931,494,하와나,Master,163,105,,575,527
494,summoner-70570856,495,PandaTV1608339,Master,129,40,,101,47
495,summoner-66323149,496,뇽라디미르,Master,158,50,,148,93
496,summoner-63071145,497,kimtaem1n,Master,124,109,,497,465
497,summoner-26152621,498,Pz ZZang,Master,158,79,,203,170
498,summoner-60581657,499,메포스노,Master,157,125,,601,565
499,summoner-5719445,500,김다은,Master,156,57,,174,125
500,summoner-55181097,501,티슈 없음,Master,176,108,,393,359
501,summoner-5186173,502,KM  jun,Master,153,95,,311,272
502,summoner-1130167,503,Sim Student,Master,95,125,,535,504
503,summoner-9880524,504,aNaT,Master,152,135,,409,372
504,summoner-56930858,505,Msilence,Master,152,73,,336,299
505,summoner-61050384,506,goumeinie,Master,151,91,,357,334
506,summoner-7986567,507,Smile2,Master,151,59,,193,125
507,summoner-67161308,508,Foy,Master,236,103,,538,475
508,summoner-1978011,509,하나둘셋s,Master,188,86,,281,238
509,summoner-59070863,510,Helpless,Master,148,105,,589,551
510,summoner-15900620,511,1rony,Master,148,80,,249,209
511,summoner-7391078,512,Huya CaiqiKate,Master,147,100,,465,426
512,summoner-51621803,513,아우라백,Master,164,159,,639,610
513,summoner-66800151,514,말걸지마람,Master,145,61,,274,230
514,summoner-4042446,515,초보혁명,Master,144,58,,151,110
515,summoner-41913808,516,DWG ShowMaker,Master,143,107,,402,343
516,summoner-14500181,517,선사고 1학년,Master,108,92,,342,290
517,summoner-48941378,518,Gaopei,Master,65,92,,275,240
518,summoner-70460610,519,yuzhiyi,Master,101,42,,138,89
519,summoner-57451336,520,HLE Lava,Master,141,89,,289,255
520,summoner-41400135,521,wei bo xie,Master,121,45,,101,60
521,summoner-66490308,522,GakkiQQ,Master,138,71,,308,274
522,summoner-9882091,523,스눈이,Master,138,61,,143,109
523,summoner-2060159,524,뽀송뽀송개뽀송,Master,137,90,,305,266
524,summoner-2000928,525,oho oho,Master,136,109,,433,411
525,summoner-6992257,526,hard gir1,Master,136,79,,313,280
526,summoner-31363138,527,APK DalKa,Master,136,62,,167,128
527,summoner-69170643,528,매일 화나요,Master,152,52,,167,118
528,summoner-12230581,529,ForbesKorea,Master,135,103,,523,484
529,summoner-22231139,530,DWG Punch,Master,135,87,,199,160
530,summoner-2190492,531,kiana,Master,134,115,,532,494
531,summoner-9260483,532,badeMan,Master,134,115,,493,458
532,summoner-39891971,533,Patr1ck,Master,134,113,,398,359
533,summoner-63190661,534,나는 닭이다 어,Master,77,53,,217,169
534,summoner-1235113,535,멋있다남자친구,Master,112,106,,444,401
535,summoner-4104992,536,Seven7777777,Master,131,160,,734,704
536,summoner-11801754,537,Sorry or Carry,Master,131,114,,376,336
537,summoner-11151197,538,IgNar,Master,148,97,,326,309
538,summoner-18720843,539,나를 택한 운명,Master,131,112,,301,264
539,summoner-53900234,540,랜덤픽할수도있지,Master,131,68,,275,237
540,summoner-22361159,541,N0T Going,Master,131,68,,221,184
541,summoner-60030452,542,APK Bonnie,Master,130,148,,515,485
542,summoner-28742441,543,KDM X,Master,130,62,,127,98
543,summoner-63012012,544,하뉴 아우아우,Master,129,64,,236,180
544,summoner-31590644,545,Afreeca 청춘이다,Master,167,69,,229,188
545,summoner-9051018,546,쌔배래가,Master,128,124,,488,452
546,summoner-1222470,547,짱지드,Master,128,65,,264,229
547,summoner-13572669,548,swi3e,Master,128,63,,263,224
548,summoner-65710271,549,텔포단검도,Master,128,46,,128,62
549,summoner-29072069,550,헤이스트TV,Master,127,144,,561,526
550,summoner-22844817,551,노을이 그린 그림,Master,127,83,,316,274
551,summoner-51611085,552,Aopida,Master,110,72,,254,219
552,summoner-10434522,553,콜르키,Master,126,97,,389,354
553,summoner-1407916,554,lovefxy713,Master,143,71,,293,250
554,summoner-18501905,555,어휴에휴으휴,Master,126,51,,149,94
555,summoner-66443443,556,킹존 불만두,Master,126,43,,75,17
556,summoner-1518380,557,모데꾸르잼,Master,125,143,,417,378
557,summoner-1113675,558,CloserCloser,Master,125,124,,404,379
558,summoner-66800143,559,Uzumaki Zest,Master,125,84,,385,352
559,summoner-3829231,560,tiwqfjaskagfs,Master,124,101,,434,404
560,summoner-6841819,561,dont farm plz,Master,140,93,,292,259
561,summoner-51470266,562,One Last Chen,Master,123,190,,642,620
562,summoner-54864166,563,노력해야하는사람,Master,161,132,,497,465
563,summoner-3648328,564,Sol로랭크,Master,145,71,,154,97
564,summoner-33500384,565,Wega,Master,121,66,,246,202
565,summoner-1534748,566,bie yang de wen,Master,105,54,,236,131
566,summoner-66273684,567,pandaTVhuiren,Master,121,50,,171,108
567,summoner-31491908,568,axepowerman,Master,103,49,,125,79
568,summoner-5821947,569,chaoyuewuxian,Master,119,127,,545,510
569,summoner-1107455,570,whckiop,Master,119,70,,242,210
570,summoner-17574071,571,헤 돈,Master,118,110,,484,447
571,summoner-50451034,572,와 말을 넘다,Master,118,113,,470,445
572,summoner-5090851,573,KCIRT2,Master,117,100,,374,350
573,summoner-66301736,574,퍼플팀 EA,Master,116,92,,320,282
574,summoner-13021308,575,희미한 너의 미소,Master,116,182,,161,128
575,summoner-66480341,576,무자비한 힘,Master,115,61,,215,178
576,summoner-21700581,577,정치질극혐함,Master,113,69,,206,168
577,summoner-22021606,578,Wmir,Master,65,63,,201,156
578,summoner-70790527,579,나 이찬희야,Master,131,52,,194,141
579,summoner-62500783,580,가을이 오는 날,Master,128,165,,563,529
580,summoner-1344293,581,진에어 카카오,Master,94,96,,424,400
581,summoner-30151254,582,grrenie,Master,111,75,,316,284
582,summoner-19610794,583,FW MooJin,Master,111,98,,268,238
583,summoner-55622034,584,다른게아니라틀려,Master,75,69,,302,238
584,summoner-56020747,585,FlaSH F,Master,108,93,,361,317
585,summoner-45330484,586,람사한실절무너,Master,149,82,,346,318
586,summoner-5340166,587,20세기출생틀딱,Master,108,64,,293,227
587,summoner-54070956,588,선물용따까리계정,Master,108,67,,266,203
588,summoner-38870618,589,ad only plz,Master,108,60,,199,166
589,summoner-48980704,590,Afreeca GankZero,Master,107,62,,242,201
590,summoner-66840157,591,unfail,Master,107,55,,151,118
591,summoner-54882156,592,miwu,Master,99,142,,832,803
592,summoner-59830352,593,그림쟈가웃으면,Master,89,160,,798,775
593,summoner-1725011,594,dailexxxxx,Master,142,130,,650,624
594,summoner-52013031,595,밤하늘 은,Master,89,89,,541,484
595,summoner-33790536,596,소미라,Master,105,124,,464,431
596,summoner-65832266,597,Psylo,Master,105,70,,332,271
597,summoner-68210223,598,황 시한,Master,105,61,,259,238
598,summoner-10790592,599,악마검,Master,65,60,,192,149
599,summoner-60460400,600,수 넝,Master,88,41,,125,71
600,summoner-58040878,601,CharmingKiller M,Master,88,81,,275,250
601,summoner-42022952,602,내가잘했네,Master,104,61,,205,157
602,summoner-27843073,603,커닝시티 피그미,Master,104,77,,164,102
603,summoner-62360468,604,Mni,Master,122,133,,598,566
604,summoner-4970190,605,이기고1싶다,Master,101,67,,268,220
605,summoner-66850144,606,liliiililia,Master,101,53,,164,111
606,summoner-56131290,607,First start,Master,101,90,,135,107
607,summoner-41170221,608,Nu99et,Master,83,105,,438,409
608,summoner-1260851,609,Mute M1d,Master,137,64,,291,248
609,summoner-1222794,610,Afreeca Kuro,Master,85,57,,58,28
610,summoner-13987196,611,Restart  X,Master,96,70,,403,294
611,summoner-6902195,612,mulda mulda,Master,96,80,,229,191
612,summoner-13881401,613,zhixun,Master,77,63,,189,146
613,summoner-11906407,614,쭈스잡기,Master,232,85,,440,357
614,summoner-63140816,615,새비지 블로우,Master,77,53,,135,97
615,summoner-64301029,616,Xayira,Master,95,65,,124,75
616,summoner-4611157,617,LuGeon,Master,95,64,,119,79
617,summoner-31171991,618,빵재애오,Master,93,112,,427,406
618,summoner-60711437,619,현 솔,Master,93,92,,267,231
619,summoner-27780169,620,액쇼니,Master,2,124,,381,359
620,summoner-2846565,621,Soul TuT,Master,92,90,,357,337
621,summoner-54863179,622,태을천 상원군,Master,91,47,,124,52
622,summoner-23705770,623,젊어서유명해지다,Master,90,104,,694,623
623,summoner-67010249,624,MAD PiPi,Master,88,122,,570,570
624,summoner-34710713,625,HLE SeongHwan,Master,87,102,,377,349
625,summoner-49060978,626,dzs,Master,141,63,,227,196
626,summoner-13712033,627,Mn Gale Adelaide,Master,86,194,,191,135
627,summoner-6761042,628,WNS Latina,Master,100,131,,680,640
628,summoner-1262299,629,babymimi,Master,116,112,,435,400
629,summoner-7550251,630,외쳐주유소갓라카,Master,104,116,,215,184
630,summoner-50820240,631,침묵의 푸딩,Master,92,90,,473,440
631,summoner-63071630,632,노력중인레블이,Master,66,126,,461,437
632,summoner-5212676,633,우왕V,Master,84,71,,302,246
633,summoner-6712275,634,conglinroubo,Master,122,124,,712,663
634,summoner-23542834,635,BtC Hollow,Master,101,88,,325,300
635,summoner-17920231,636,Chat sher,Master,82,60,,158,128
636,summoner-56921556,637,박범찬 독불장군,Master,81,109,,525,496
637,summoner-66820133,638,사진 작가 YC,Master,69,96,,510,487
638,summoner-2066872,639,neshyoizn,Master,81,180,,476,451
639,summoner-65500242,640,can win please,Master,80,67,,204,166
640,summoner-7802794,641,Lordof the asheI,Master,40,43,,126,73
641,summoner-7021369,642,nnonno,Master,41,114,,684,647
642,summoner-5628391,643,조용히겜만해여,Master,79,72,,174,141
643,summoner-3590493,644,Rose 지창욱,Master,78,64,,199,153
644,summoner-53191044,645,Unfathomed f0rce,Master,114,125,,429,390
645,summoner-5151686,646,물음표찍게만들어,Diamond 1,50,80,,253,230
646,summoner-30090209,647,jin can yi,Master,75,89,,334,312
647,summoner-11894870,648,온실화초,Master,43,134,,623,599
648,summoner-23071157,649,Wu Jia Song,Master,28,93,,333,310
649,summoner-23725641,650,Rain123,Master,71,61,,263,217
650,summoner-1431615,651,asdasdaaa1,Master,43,99,,239,215
651,summoner-40050381,652,널 사랑할 시간,Master,71,81,,184,153
652,summoner-48270239,653,Shibuya Haruka,Master,70,108,,638,601
653,summoner-13482118,654,JWE,Master,88,123,,419,383
654,summoner-59550611,655,FJHGGJ,Master,70,74,,216,186
655,summoner-17671966,656,거대현,Master,70,40,,109,56
656,summoner-51942298,657,so fun,Master,44,100,,280,251
657,summoner-11652537,658,Avengers1,Master,68,134,,866,842
658,summoner-63011211,659,완벽해욜,Master,103,162,,598,563
659,summoner-3791400,660,BtC SoaR,Master,70,118,,396,364
660,summoner-25102783,661,love zxc,Master,35,87,,359,337
661,summoner-2146829,662,iCarry,Master,68,91,,189,150
662,summoner-33260366,663,Hanzel,Master,51,53,,113,62
663,summoner-66460322,664,MidAWM,Master,84,96,,494,459
664,summoner-51120921,665,Apk TolanD,Master,66,90,,460,394
665,summoner-60370643,666,LilJA,Master,66,72,,240,200
666,summoner-5578721,667,월수화목토금일,Master,65,71,,211,185
667,summoner-17571984,668,다표음식은너야,Master,42,167,,890,860
668,summoner-19500241,669,Chizko,Master,63,84,,213,182
669,summoner-61110963,670,WD4Y,Master,60,109,,187,122
670,summoner-47730170,671,qian qian ovo,Master,91,58,,149,108
671,summoner-66500330,672,Pick Ban Tool,Master,59,93,,373,341
672,summoner-56501204,673,너무못하는 지노,Master,59,72,,107,56
673,summoner-63281202,674,장애인김관형,Diamond 1,8,79,,213,170
674,summoner-21762405,675,고가빈,Master,56,67,,178,131
675,summoner-40271865,676,퍼블따면뽀뽀해줘,Master,56,67,,105,70
676,summoner-50780400,677,gamer666,Master,74,121,,569,545
677,summoner-27530141,678,우리도 대충한다,Diamond 1,3,98,,410,380
678,summoner-65030157,679,17살 서폿,Master,55,67,,269,210
679,summoner-3835427,680,와이제겜도재미잃,Master,54,129,,558,536
680,summoner-12172266,681,어린시절의 결과,Master,53,109,,264,233
681,summoner-17566785,682,God Jun z,Master,52,112,,428,396
682,summoner-52042347,683,악시 뒷바라지,Master,52,86,,270,247
683,summoner-10713040,684,Dont turn back,Master,71,55,,174,107
684,summoner-57930901,685,Argento sicurO,Master,52,52,,140,102
685,summoner-1474009,686,강블린,Master,51,165,,804,775
686,summoner-1241372,687,ZeroLouise,Master,51,87,,284,252
687,summoner-8349635,688,YanXuan,Master,51,87,,214,182
688,summoner-70290126,689,iotlms18s104,Master,51,43,,109,88
689,summoner-5332397,690,Lea Marcella,Master,50,106,,464,435
690,summoner-8676186,691,러브흑형,Master,30,71,,389,323
691,summoner-1215275,692,바나나 학살자,Master,50,76,,175,136
692,summoner-34350935,693,끌라우즈,Master,49,136,,448,433
693,summoner-13621964,694,새어악,Master,26,173,,946,928
694,summoner-1754593,695,지구야 그럼 목성,Master,48,137,,177,146
695,summoner-1794595,696,mid guang,Master,18,72,,373,297
696,summoner-68900410,697,포기없는삶,Master,34,78,,335,265
697,summoner-10180990,698,Uzai go,Master,47,56,,255,169
698,summoner-22971662,699,MEEEEEEEEE,Master,47,85,,92,61
699,summoner-10670581,700,수면부족만성피로,Master,46,110,,468,432
700,summoner-54180535,701,페 냐,Master,46,88,,231,194
701,summoner-47850562,702,트리피안,Master,46,57,,173,127
702,summoner-66810184,703,qqwrewq,Master,46,52,,149,122
703,summoner-1228815,704,FW Maple,Master,46,81,,145,115
704,summoner-1241206,705,Iissandra,Master,1,148,,663,632
705,summoner-4463057,706,jiejiejiang,Master,45,64,,313,203
706,summoner-5575139,707,태민이 담당일진,Master,17,105,,311,284
707,summoner-50950290,708,수 얌,Master,45,86,,304,274
708,summoner-46720169,709,독도카즈아,Master,45,63,,157,99
709,summoner-60570127,710,Only Thrash Play,Master,63,123,,584,533
710,summoner-3292133,711,자신을증명하다,Master,64,61,,262,223
711,summoner-50831476,712,농협 점검시간,Master,43,69,,286,241
712,summoner-2387742,713,zhao AD113755088,Master,74,69,,373,278
713,summoner-66500334,714,godordog,Master,41,71,,279,258
714,summoner-5104972,715,삶이뒤틀린사람,Master,41,50,,160,124
715,summoner-1342472,716,설겅구,Master,40,80,,474,405
716,summoner-37750750,717,태초마을의한지우,Master,40,105,,428,400
717,summoner-66220206,718,나는 실패자닭,Master,40,62,,141,99
718,summoner-17141403,719,미치게써요,Master,39,81,,144,111
719,summoner-1099258,720,asfklhgaksfb02,Master,38,136,,638,622
720,summoner-43620322,721,T0P Jayce,Master,52,106,,460,441
721,summoner-10042590,722,You are 300 cash,Master,38,79,,118,89
722,summoner-3412304,723,TRYyy,Master,37,122,,501,471
723,summoner-59931614,724,me2,Master,37,86,,215,188
724,summoner-59000220,725,고독 환자,Master,36,61,,234,197
725,summoner-11823538,726,직스정점,Master,79,202,,1063,1034
726,summoner-66371145,727,오현택,Master,35,87,,416,360
727,summoner-4824523,728,모르탱,Master,35,55,,231,166
728,summoner-5620705,729,douyu571881,Master,50,103,,579,554
729,summoner-5930944,730,프간로절,Master,34,98,,301,269
730,summoner-37101022,731,zhongdan jayce,Master,34,93,,245,208
731,summoner-54813482,732,APK Paladin,Master,33,102,,456,428
732,summoner-62491425,733,BJ건이야,Master,33,91,,223,185
733,summoner-11936903,734,3 4yu ji,Master,16,79,,220,198
734,summoner-59901153,735,니들이 대충하면,Diamond 1,0,150,,753,716
735,summoner-17555576,736,Dalun,Master,32,116,,525,484
736,summoner-3232737,737,송중기오빠,Master,98,65,,310,275
737,summoner-2136237,738,A bad day,Master,32,71,,281,235
738,summoner-1091618,739,람쥐튀김,Master,123,173,,852,812
739,summoner-1513734,740,zi bi zhong dan,Master,102,60,,245,171
740,summoner-56031246,741,블루리쉬잘해요,Master,62,104,,485,465
741,summoner-5891255,742,Hcq0101,Master,30,64,,328,260
742,summoner-3691479,743,you cant gank me,Master,29,114,,632,587
743,summoner-8355881,744,yizhiyu fans,Master,28,82,,287,260
744,summoner-2042398,745,Excee cI,Master,28,69,,279,250
745,summoner-46040986,746,상처잘받아요,Master,28,60,,173,131
746,summoner-44101400,747,금딸해야이김,Master,42,96,,579,549
747,summoner-42461662,748,CleanGame,Master,27,64,,165,132
748,summoner-1562737,749,스마트섹시뷰티,Master,26,135,,441,415
749,summoner-1569692,750,Uuuuuuu1,Master,0,82,,382,357
750,summoner-11183635,751,bacad,Master,26,111,,170,147
751,summoner-3894533,752,adccccshe,Master,63,105,,525,508
752,summoner-16020164,753,Nk Mid,Master,25,62,,193,153
753,summoner-4653494,754,sign 0,Master,24,129,,510,475
754,summoner-19151351,755,qwrasdd1ldasas,Master,24,59,,254,184
755,summoner-52981223,756,BongSu,Master,24,70,,170,123
756,summoner-50170375,757,소라카로 투 마티,Master,24,54,,163,83
757,summoner-4963783,758,박투신,Master,24,74,,157,147
758,summoner-53210668,759,진에어 노바,Master,23,104,,402,380
759,summoner-19301692,760,SogaUnda,Master,37,96,,212,174
760,summoner-11067454,761,As is God,Master,23,68,,99,68
761,summoner-3733881,762,Sorhi Daye,Master,22,109,,505,478
762,summoner-66361334,763,곰손아 사랑해,Master,17,103,,511,457
763,summoner-1733792,764,Fox B Remind,Master,22,90,,209,168
764,summoner-56920192,765,달빛 여왕 럭스,Master,0,66,,128,86
765,summoner-41910589,766,드하자 시르도엔,Master,21,81,,294,261
766,summoner-35190772,767,스누피808,Master,20,86,,269,238
767,summoner-1821490,768,저도잘 모르가나,Master,16,93,,403,361
768,summoner-1225219,769,그르르레오닉칸젤,Master,19,97,,315,282
769,summoner-61050186,770,IIrrooGG,Master,19,92,,303,264
770,summoner-54540532,771,kmjsrh,Master,19,58,,167,134
771,summoner-2007632,772,졉같네,Master,21,40,,99,48
772,summoner-9872989,773,Noble7,Master,78,59,,276,206
773,summoner-69310430,774,발전모습,Master,18,56,,208,145
774,summoner-44320436,775,FW MooJin2,Master,18,65,,195,168
775,summoner-4110666,776,불가원,Master,17,115,,725,663
776,summoner-13330988,777,GCA BarOh,Master,17,153,,688,659
777,summoner-32770348,778,잘 밍,Master,17,90,,405,335
778,summoner-1201977,779,메인퓌디,Master,17,70,,288,259
779,summoner-9750201,780,나랑랑이,Master,0,73,,164,136
780,summoner-2466512,781,Rehsad,Master,17,48,,93,68
781,summoner-13605621,782,마술사 JeffeRy,Master,17,42,,85,53
782,summoner-17032604,783,파랑제이스 제자,Master,16,164,,780,760
783,summoner-2554610,784,RagTag,Master,30,152,,665,633
784,summoner-1782529,785,q237655984,Master,32,86,,503,418
785,summoner-8235613,786,시즌9챌린저,Master,15,89,,371,341
786,summoner-3774522,787,861016,Master,16,99,,328,303
787,summoner-66401184,788,qixingzhaoyang,Master,16,65,,220,178
788,summoner-68621057,789,yemengxiyue,Master,16,46,,135,71
789,summoner-67101402,790,밤이좋은사람,Master,9,54,,105,45
790,summoner-62341029,791,WyverN,Master,48,45,,102,66
791,summoner-65520973,792,어 색,Master,15,118,,336,262
792,summoner-4054770,793,아름다운산청,Master,15,77,,301,273
793,summoner-60441050,794,멧돌돼지,Master,15,74,,203,134
794,summoner-39081144,795,앙 기묵찌     빠,Master,29,83,,189,159
795,summoner-3063578,796,400점,Master,0,130,,503,473
796,summoner-4341132,797,마우스는 G302,Master,28,79,,219,155
797,summoner-14061487,798,한남고졸백수민석,Master,14,86,,179,145
798,summoner-7971961,799,Zhiqiang  nandao,Master,13,57,,237,143
799,summoner-68831478,800,대해롤못함,Master,12,62,,224,174
800,summoner-45430880,801,EXpress7,Master,12,63,,77,48
801,summoner-33981050,802,와 이게 죽음,Master,11,56,,157,119
802,summoner-5711620,803,15ba1ch1he1,Master,10,95,,481,452
803,summoner-5972919,804,독산동섹마남선우,Master,10,60,,145,91
804,summoner-71500208,805,맘글렛,Master,7,42,,99,49
805,summoner-22880191,806,Alex Jones,Master,6,168,,954,863
806,summoner-3425381,807,Kuro유키,Master,6,102,,256,233
807,summoner-3315463,808,owowowowowowow,Master,31,126,,516,488
808,summoner-40712103,809,SNG Alpaca,Master,4,127,,537,500
809,summoner-12680479,810,Royer,Master,3,114,,408,382
810,summoner-10594791,811,miaohulu,Master,19,80,,292,270
811,summoner-41111160,812,롤마우스,Master,2,58,,152,119
812,summoner-4392845,813,한기울,Master,1,124,,535,492
813,summoner-13951415,814,채영이의 야스오,Master,1,86,,360,263
814,summoner-66470336,815,Shima R1n,Diamond 1,78,218,,1086,1071
815,summoner-7978352,816,taesang,Master,6,165,,825,800
816,summoner-5630625,817,Xie yu yu7,Master,0,167,,712,688
817,summoner-3480396,818,Need change,Diamond 1,50,110,,630,610
818,summoner-5122177,819,핑42로점수올리기,Master,0,124,,598,589
819,summoner-63110758,820,all etum,Diamond 1,61,105,,598,562
820,summoner-62360860,821,냥 체,Master,0,169,,572,545
821,summoner-3823320,822,잘좀부탁해,Master,0,135,,550,506
822,summoner-61540635,823,HuYa TV Zuibang,Master,33,137,,527,494
823,summoner-63210893,824,User01,Master,0,130,,458,432
824,summoner-3811405,825,j1ayo,Master,0,131,,458,430
825,summoner-7942386,826,iite,Master,0,112,,455,425
826,summoner-19001325,827,파지다,Master,0,148,,440,413
827,summoner-24140974,828,meixiangdao8,Master,0,108,,436,420
828,summoner-61820721,829,의진체보급부회장,Master,0,110,,422,378
829,summoner-17676141,830,Bisu0,Master,0,137,,415,380
830,summoner-68540349,831,llllllllllllIII,Master,0,80,,391,345
831,summoner-66250436,832,CN Yexin,Master,0,96,,382,354
832,summoner-25900779,833,Cryin Fans,Master,0,90,,373,351
833,summoner-58990819,834,꿈만 같았어,Master,17,96,,368,343
834,summoner-9971877,835,Todesstunde,Master,0,105,,365,330
835,summoner-2413709,836,Gilchi,Master,0,106,,356,322
836,summoner-68081148,837,세메론,Master,0,74,,346,289
837,summoner-1890851,838,드레모닉,Master,0,81,,340,287
838,summoner-28520919,839,숨쉴 틈도 없다,Master,0,95,,334,302
839,summoner-17170984,840,내가바로금수저,Master,0,65,,331,270
840,summoner-1422190,841,warmdays,Master,0,88,,330,300
841,summoner-3826390,842,쏠 플,Master,0,167,,324,296
842,summoner-19080147,843,변경해주세요,Master,0,121,,318,287
843,summoner-48540416,844,BOKGU,Diamond 1,50,90,,312,294
844,summoner-29301571,845,gari1,Master,0,90,,311,277
845,summoner-9008291,846,칼날부리의 반격,Master,0,125,,309,278
846,summoner-68450991,847,세체원이될사나이,Master,0,83,,302,244
847,summoner-68471070,848,shijiemomori,Master,0,61,,299,247
848,summoner-19603923,849,주기지마 살려죠,Master,0,86,,288,223
849,summoner-17940525,850,1st Chuu,Master,0,85,,287,222
850,summoner-55170797,851,love left,Diamond 1,61,91,,288,266
851,summoner-67951591,852,새우볶음밥,Master,0,65,,286,227
852,summoner-10450910,853,원딜장인민재,Master,0,88,,282,248
853,summoner-8621124,854,Abyssinian miso,Master,0,96,,280,194
854,summoner-54692988,855,담원 쇼메이커,Master,0,84,,278,228
855,summoner-51210803,856,창 그리고 활,Master,16,78,,278,247
856,summoner-1529575,857,시계왕,Master,0,92,,277,239
857,summoner-4545607,858,오키콜,Master,0,59,,275,200
858,summoner-65840766,859,Fairway,Master,0,77,,272,239
859,summoner-4950307,860,빠르게  순보,Diamond 1,100,131,,272,237
860,summoner-41981013,861,WNS Lucifer,Master,0,94,,265,247
861,summoner-17091518,862,우아아  참잘해써,Master,0,110,,256,223
862,summoner-1454207,863,CrazzyCat,Master,0,72,,242,191
863,summoner-3870539,864,MJ Heros,Master,0,70,,238,201
864,summoner-1567183,865,Choi inSec,Master,0,69,,230,198
865,summoner-69750516,866,KoMi,Diamond 1,22,55,,221,167
866,summoner-20410553,867,Afreeca Tory,Diamond 1,21,67,,219,161
867,summoner-17903039,868,추 억,Master,0,60,,193,146
868,summoner-29300816,869,사랑해 나의 라칸,Master,0,60,,187,130
869,summoner-1097326,870,Expession,Master,0,95,,183,155
870,summoner-69730613,871,2001 06 09,Diamond 1,25,48,,183,132
871,summoner-54811204,872,DWG Nuguri,Master,0,67,,178,137
872,summoner-1672208,873,RuiruiOvO,Master,24,47,,176,81
873,summoner-5195538,874,Cw Johnny,Master,0,118,,171,120
874,summoner-8676175,875,Ich liebe dich,Master,0,117,,166,112
875,summoner-46510727,876,A Mask,Master,0,59,,157,131
876,summoner-28740893,877,SRunner,Master,0,60,,147,89
877,summoner-69710160,878,Go belive,Master,0,44,,145,88
878,summoner-4836326,879,댕채여신,Master,0,63,,143,110
879,summoner-25321551,880,다 리 고 기,Master,0,75,,134,96
880,summoner-10629543,881,개구리는폴짝,Master,0,60,,120,64
881,summoner-52081621,882,초밥에맥주한잔,Diamond 1,34,78,,114,85
882,summoner-54510975,883,Make a scar,Master,0,96,,99,68
883,summoner-1852995,884,jingerrrrr,Master,0,69,,93,59
884,summoner-71800481,885,SKT T1 1202,Master,0,46,,68,19
885,summoner-4904093,886,덕 구,Master,0,92,,45,12
886,summoner-65721509,887,댕청잇,Diamond 1,100,136,,784,750
887,summoner-29411909,888,금똥왁왁,Master,38,146,,612,593
888,summoner-9096281,889,수없는 피할,Diamond 1,100,129,,600,563
889,summoner-20450514,890,kfo,Diamond 1,78,116,,518,498
890,summoner-1410703,891,블러드이블,Diamond 1,100,88,,513,400
891,summoner-55410771,892,Kuri fans,Diamond 1,65,132,,506,495
892,summoner-11331054,893,want you to say,Diamond 1,100,124,,452,437
893,summoner-34970893,894,BulyStaL,Diamond 1,99,107,,433,390
894,summoner-31301623,895,쓰레기71,Diamond 1,78,101,,440,417
895,summoner-60930400,896,Everglow1,Diamond 1,100,77,,416,388
896,summoner-1513290,897,라 꼬,Diamond 1,100,98,,395,368
897,summoner-3876816,898,정호우,Diamond 1,100,104,,390,358
898,summoner-27401264,899,연초보,Diamond 1,95,77,,385,358
899,summoner-5260722,900,Huang Shihan,Diamond 1,100,77,,379,344
900,summoner-66850142,901,HLE 362,Diamond 1,100,95,,356,329
901,summoner-3466889,902,O연한  남색o,Diamond 1,100,68,,355,265
902,summoner-19551398,903,해방된분노홍진희,Diamond 1,86,117,,341,318
903,summoner-11650858,904,물가루,Diamond 1,100,85,,332,309
904,summoner-2017915,905,다싶고기이,Diamond 1,100,94,,315,283
905,summoner-56421884,906,Eloim Essaim,Diamond 1,100,71,,311,286
906,summoner-68641413,907,18살 탑프로지망,Master,0,70,,305,250
907,summoner-66810155,908,아무것도못해따,Diamond 1,100,96,,300,276
908,summoner-67131392,909,최기명,Diamond 1,100,67,,282,210
909,summoner-20572991,910,서폿이 킬먹냐,Diamond 1,100,72,,264,203
910,summoner-56200652,911,달콤쌉쌀칸타타,Diamond 1,100,72,,227,198
911,summoner-49750756,912,xihan,Diamond 1,100,62,,226,197
912,summoner-4740369,913,으헤헤헤헤헤헿,Diamond 1,100,109,,225,178
913,summoner-4211157,914,Gosu AD,Master,41,53,,222,146
914,summoner-7016118,915,스코치암세포,Diamond 1,100,54,,211,131
915,summoner-33461854,916,My Y0Uth,Diamond 1,100,70,,210,174
916,summoner-35290643,917,성공하고싶은자,Diamond 1,100,68,,206,172
917,summoner-13160172,918,AFY,Diamond 1,100,74,,204,161
918,summoner-2528997,919,나야 나 여기여기,Diamond 1,100,64,,190,147
919,summoner-55502129,920,너는 개다,Diamond 1,100,50,,186,131
920,summoner-1727678,921,Wukong yixin,Master,14,87,,189,166
921,summoner-45312094,922,AFR Rainbow,Diamond 1,100,66,,176,153
922,summoner-34771433,923,l블루비틀l,Diamond 1,100,66,,172,141
923,summoner-2387650,924,M3 xyTvTzz,Master,0,66,,166,131
924,summoner-1982691,925,woYishijie,Master,0,46,,162,111
925,summoner-59800945,926,QPFHSLZK,Diamond 1,100,192,,151,99
926,summoner-23486481,927,이실력에잠이안와,Master,0,65,,140,83
927,summoner-10110575,928,I need some suga,Diamond 1,100,56,,119,84
928,summoner-2100716,929,메론 농사 종업자,Diamond 1,90,66,,116,80
929,summoner-25460826,930,트라이아웃,Diamond 1,100,47,,95,74
930,summoner-45740249,931,감귤먹을나이,Diamond 1,100,61,,80,51
931,summoner-2434054,932,2데스미만,Diamond 1,100,45,,74,43
932,summoner-22310736,933,Xiaolizi,Master,37,156,,671,640
933,summoner-7033324,934,연습아이디,Diamond 1,99,95,,264,222
934,summoner-66901746,935,트벤이,Diamond 1,99,55,,196,138
935,summoner-1302185,936,kkkiwi,Diamond 1,99,53,,153,129
936,summoner-56140259,937,한화팬이라행복해,Diamond 1,99,50,,95,49
937,summoner-5346873,938,달파고,Diamond 1,99,52,,92,51
938,summoner-66460324,939,jkopijpijpijpiij,Diamond 1,31,94,,409,381
939,summoner-19412847,940,Boldness,Diamond 1,67,97,,345,312
940,summoner-31551938,941,롱다리의 수제자,Master,0,115,,296,268
941,summoner-63030472,942,63030472del,Diamond 1,98,88,,262,235
942,summoner-3751785,943,협곡으로 떠나요,Diamond 1,98,86,,166,137
943,summoner-30411283,944,AD TP BOT OPEN,Master,0,97,,527,497
944,summoner-4805840,945,티모 짱v,Diamond 1,97,74,,311,269
945,summoner-11734626,946,GCA NoRoo,Diamond 1,97,64,,251,223
946,summoner-7882450,947,서울체육고,Diamond 1,97,59,,202,161
947,summoner-66810198,948,일본인 엔티,Diamond 1,95,69,,286,264
948,summoner-37650160,949,wo yao qu daye,Diamond 1,95,71,,172,147
949,summoner-56221258,950,행복하자 정서야,Diamond 1,95,124,,141,115
950,summoner-3185751,951,JG727,Diamond 1,95,48,,70,38
951,summoner-1695073,952,iAebaB,Diamond 1,94,91,,567,470
952,summoner-66820136,953,Inuyama Aoi,Diamond 1,100,81,,365,348
953,summoner-1513898,954,ELSSUT,Diamond 1,94,95,,269,238
954,summoner-4193019,955,목긋기,Diamond 1,94,128,,193,140
955,summoner-8249338,956,갓연희,Diamond 1,94,63,,160,133
956,summoner-26221381,957,그누야 갱가자,Diamond 1,94,106,,122,65
957,summoner-50720235,958,앙딩거띠,Diamond 1,83,109,,537,501
958,summoner-57530142,959,BurgerDragon,Diamond 1,76,90,,350,324
959,summoner-1440174,960,sanspareil2018,Diamond 1,93,71,,137,99
960,summoner-1591068,961,탈모유망주,Diamond 1,92,69,,281,218
961,summoner-66840150,962,lIllllllllIIll,Diamond 1,92,61,,149,122
962,summoner-60570385,963,I do not have to,Diamond 1,92,53,,146,82
963,summoner-52430151,964,맥 도널드 트럼프,Diamond 1,92,45,,116,66
964,summoner-55020857,965,Zstu10k,Diamond 1,91,92,,384,353
965,summoner-2469602,966,5000만,Diamond 1,91,96,,325,292
966,summoner-52001187,967,Viu,Diamond 1,91,63,,217,181
967,summoner-47290668,968,pipidan,Diamond 1,91,45,,109,78
968,summoner-54690443,969,9ha1,Diamond 1,91,104,,60,33
969,summoner-1977915,970,I Love Kay,Diamond 1,90,85,,469,381
970,summoner-5273226,971,첫 겨울,Diamond 1,90,98,,331,311
971,summoner-8967256,972,마나소울,Diamond 1,90,87,,312,261
972,summoner-14017705,973,소영소민,Diamond 1,90,98,,298,260
973,summoner-61620264,974,Permaban10196841,Diamond 1,90,93,,286,270
974,summoner-11424264,975,J때리지마요,Diamond 1,87,60,,271,178
975,summoner-52061756,976,처음은누구나초보,Diamond 1,90,90,,254,217
976,summoner-66810149,977,no chat for me,Diamond 1,90,61,,129,97
977,summoner-68711265,978,Woo Xiang 3,Diamond 1,90,42,,84,38
978,summoner-3367629,979,알쿵이달쿵,Diamond 1,90,49,,81,49
979,summoner-1102161,980,PAKA,Diamond 1,90,43,,64,35
980,summoner-66150299,981,1516426,Diamond 1,90,62,,64,39
981,summoner-5632240,982,소답동 바위게,Diamond 1,90,63,,64,49
982,summoner-27750189,983,새드엔딩,Diamond 1,90,59,,55,27
983,summoner-70870188,984,강력한후니,Diamond 1,90,35,,46,25
984,summoner-23505690,985,Leelaa,Diamond 1,90,54,,46,16
985,summoner-43591081,986,아타타타타타타타,Diamond 1,89,125,,287,266
986,summoner-49041395,987,n37,Diamond 1,89,53,,190,151
987,summoner-3322267,988,산 희,Diamond 1,89,101,,177,157
988,summoner-2862747,989,이걸살어,Diamond 1,88,92,,304,285
989,summoner-4948654,990,육 봉구리,Diamond 1,88,113,,261,234
990,summoner-3200686,991,숙련자 1,Diamond 1,88,57,,122,93
991,summoner-1606423,992,내친구건들지마,Diamond 1,87,92,,405,375
992,summoner-34700375,993,정민이라우,Diamond 1,87,120,,291,259
993,summoner-57130781,994,메 끠,Diamond 1,87,61,,147,112
994,summoner-51110557,995,INO kynee,Diamond 1,87,118,,91,61
995,summoner-66800156,996,12354321,Diamond 1,87,49,,58,39
996,summoner-50520154,997,유아스,Diamond 1,87,86,,50,22
997,summoner-66480342,998,자폐아 어린이,Diamond 1,86,109,,606,580
998,summoner-59520737,999,ESOK,Diamond 1,64,136,,352,337
999,summoner-9603938,1000,AD EZ 15 GG,Diamond 1,86,55,,234,143
