#timestamp 1530079270904
#date 2018-06-27T06:01:10+00:00
#players 1000
#index,id,rank,name,tier,lp,level,proTeam,win,loss
0,summoner-16534242,1,TF BIade,Challenger,1185,44,,128,51
1,summoner-5470459,2,LAE xSWRD,Challenger,1076,70,,167,113
2,summoner-41710,3,Pix CaritaTriste,Challenger,928,77,,138,76
3,summoner-95820,4,VírusFx,Challenger,886,92,,132,70
4,summoner-144414,5,Kunou,Challenger,860,98,,138,86
5,summoner-2342030,6,Athyż,Challenger,813,93,,164,120
6,summoner-6130219,7,Geohelado,Challenger,750,74,,169,130
7,summoner-2281875,8,Hirotaka Nifuji,Challenger,745,120,,147,114
8,summoner-886644,9,vSack,Challenger,729,94,,192,157
9,summoner-640255,10,Swifu,Challenger,726,110,,164,124
10,summoner-1157126,11,bubbleman08,Challenger,631,91,,126,90
11,summoner-116294,12,MySunflower Dani,Challenger,618,101,,176,135
12,summoner-5494753,13,Zorekk Onii Chan,Challenger,605,77,,155,115
13,summoner-418941,14,MadBlade,Challenger,602,69,,189,138
14,summoner-2322700,15,CGC S A M Y 2,Challenger,599,84,,189,148
15,summoner-348223,16,Miketsü,Challenger,592,92,,193,158
16,summoner-48057,17,Luha,Challenger,590,95,,173,144
17,summoner-4571935,18,Fighter1,Challenger,588,46,,150,105
18,summoner-947428,19,TwitchTv Crecre,Challenger,578,89,,239,179
19,summoner-139862,20,Säth,Challenger,566,130,,198,159
20,summoner-56961,21,JuanDrd435,Challenger,555,137,,309,264
21,summoner-537764,22,Thief of Relics,Challenger,553,87,,156,124
22,summoner-4591052,23,BloodyLion,Challenger,525,70,,211,172
23,summoner-42749,24,Cliff0,Challenger,523,74,,252,196
24,summoner-168284,25,SomosAsc0Deduo,Challenger,522,95,,204,178
25,summoner-6291753,26,Güereca,Challenger,520,51,,133,97
26,summoner-75295,27,Her Demon Fenix,Challenger,494,78,,125,96
27,summoner-50080,28,Jujo,Challenger,485,104,,133,93
28,summoner-8801194,29,Hand of Obelisk,Challenger,481,84,,211,173
29,summoner-524840,30,ShyKid,Challenger,480,75,,141,104
30,summoner-324984,31,Enryu The Red,Challenger,478,68,,235,184
31,summoner-204315,32,lruga,Challenger,473,75,,281,252
32,summoner-1155001,33,el chinguita,Challenger,469,112,,206,171
33,summoner-44037,34,Trash Game,Challenger,469,88,,150,113
34,summoner-215450,35,CLK1,Challenger,463,64,,211,172
35,summoner-941191,36,BoñeIo,Challenger,450,80,,187,155
36,summoner-153625,37,Haka,Challenger,445,112,,166,138
37,summoner-4450189,38,tuabuelitaentang,Challenger,444,137,,122,91
38,summoner-2241940,39,GNO UmbraAP,Challenger,443,124,,195,162
39,summoner-118870,40,Tu Guardián,Challenger,436,107,,153,118
40,summoner-4163836,41,Alex Mercér,Challenger,431,67,,152,129
41,summoner-112541,42,Snòopy,Challenger,410,74,,191,155
42,summoner-10841439,43,LawlietLelouch,Challenger,425,87,,231,204
43,summoner-2501105,44,No Øne,Challenger,423,104,,218,191
44,summoner-61520,45,TES ArándanoAzul,Challenger,420,108,,147,109
45,summoner-810373,46,NeoEclipsF0rever,Challenger,418,146,,134,103
46,summoner-4511925,47,KarenCosy,Challenger,416,53,,131,78
47,summoner-5660236,48,KONTOL,Challenger,409,107,,304,273
48,summoner-11610140,49,Stròng,Challenger,409,65,,130,101
49,summoner-98115,50,ReykoPa,Challenger,408,66,,137,112
50,summoner-156320,51,Mikesos,Challenger,407,172,,508,470
51,summoner-392695,52,CGC S A M Y,Challenger,400,80,,212,174
52,summoner-403393,53,Un Pinguino Cool,Challenger,398,72,,130,87
53,summoner-176354,54,Crecre,Challenger,392,87,,365,306
54,summoner-851199,55,SAMMAHEL,Challenger,386,147,,504,480
55,summoner-331693,56,DarkShark10,Challenger,385,91,,349,319
56,summoner-1630586,57,Huevø Frito,Challenger,384,106,,163,114
57,summoner-13643775,58,PAPAYlTA,Challenger,375,72,,276,244
58,summoner-488562,59,Nezumi,Challenger,372,103,,234,203
59,summoner-170093,60,FZXT,Challenger,387,65,,92,57
60,summoner-10233192,61,SaekoUndBlack,Challenger,361,37,,68,14
61,summoner-12830164,62,ØE Fas the Magi,Challenger,349,49,,115,85
62,summoner-8604015,63,Darkin,Challenger,343,99,,157,135
63,summoner-33593,64,AG siegfred,Challenger,340,78,,145,120
64,summoner-39415,65,Vini,Challenger,334,66,,141,112
65,summoner-1566287,66,KhaelMa,Challenger,333,61,,172,146
66,summoner-841541,67,MadTedd,Challenger,333,67,,155,126
67,summoner-36473,68,Harahgon,Challenger,312,123,,378,347
68,summoner-142005,69,clantoz,Challenger,326,92,,164,123
69,summoner-162243,70,Legendary Lee,Challenger,325,59,,78,51
70,summoner-2122221,71,Trippïe Redd,Challenger,322,64,,133,103
71,summoner-5090223,72,Tonight We Hunt,Challenger,321,203,,329,301
72,summoner-75118,73,Soran,Challenger,320,115,,193,166
73,summoner-2191160,74,MacCuin,Challenger,319,99,,181,155
74,summoner-41224,75,Kanra00,Challenger,319,70,,131,104
75,summoner-127811,76,CG Snow,Challenger,313,121,,467,430
76,summoner-1231471,77,I Aru I,Challenger,312,127,,367,327
77,summoner-213822,78,stay fresh,Challenger,284,104,,286,261
78,summoner-153065,79,mid lane banter,Challenger,302,59,,176,145
79,summoner-394180,80,Crystal Molly,Challenger,278,136,,384,355
80,summoner-1201237,81,Luprin,Challenger,295,76,,74,47
81,summoner-210491,82,DGE BLACMAN,Challenger,294,114,,327,315
82,summoner-5140831,83,Deiv1d,Challenger,294,75,,116,93
83,summoner-213475,84,JesusCA,Challenger,292,64,,266,196
84,summoner-97956,85,Selfish Bastard,Challenger,292,68,,153,117
85,summoner-919104,86,Maîck,Challenger,291,82,,161,136
86,summoner-622280,87,Fibrah,Challenger,289,46,,126,71
87,summoner-211236,88,Sebastien,Challenger,287,72,,202,167
88,summoner-3304652,89,Noctix,Challenger,286,169,,486,444
89,summoner-181794,90,Lumi,Challenger,284,106,,165,149
90,summoner-33732,91,atlanta,Challenger,283,60,,109,86
91,summoner-159044,92,Iana del rey,Challenger,282,49,,116,85
92,summoner-11762731,93,Sandër,Challenger,281,113,,171,146
93,summoner-1361857,94,Bryce Walker,Challenger,280,85,,231,218
94,summoner-7204106,95,TG Re Zaidex,Challenger,272,119,,229,200
95,summoner-800898,96,MuffinsPodridos,Challenger,272,77,,176,130
96,summoner-211435,97,Tu Gypsi,Challenger,270,115,,215,185
97,summoner-7680088,98,Estigia,Challenger,270,103,,114,91
98,summoner-6653525,99,SuperSave,Challenger,269,123,,193,170
99,summoner-43897,100,Aletsis,Challenger,265,88,,187,162
100,summoner-157955,101,Daddy Eddie,Challenger,265,58,,142,109
101,summoner-1990286,102,Gekkø,Challenger,263,144,,453,424
102,summoner-5660249,103,Soradg,Challenger,262,118,,164,145
103,summoner-1118998,104,Distortion,Challenger,260,114,,165,138
104,summoner-990938,105,Aaronlb,Challenger,257,91,,258,222
105,summoner-1820423,106,Twitzze,Challenger,255,58,,194,138
106,summoner-1172068,107,Kanye Wesst,Challenger,252,105,,140,119
107,summoner-9781020,108,SkillHard,Challenger,251,155,,447,434
108,summoner-5572510,109,NeonShy,Challenger,251,103,,257,231
109,summoner-296596,110,Andrea Motz,Challenger,250,122,,309,281
110,summoner-1385807,111,Low elo trash,Challenger,250,54,,154,121
111,summoner-74750,112,Zcarnet,Challenger,248,95,,167,133
112,summoner-32943,113,Yugí,Challenger,247,63,,132,104
113,summoner-117620,114,chimera r2,Challenger,246,97,,319,303
114,summoner-208064,115,kodixia,Challenger,266,116,,213,185
115,summoner-5040611,116,Bebé Pinguino,Challenger,246,46,,78,44
116,summoner-43094,117,Rossoneri,Challenger,244,80,,118,89
117,summoner-6551467,118,Ytterbium,Challenger,243,59,,153,112
118,summoner-2303376,119,Jikann,Challenger,242,98,,213,189
119,summoner-157956,120,Rìku,Challenger,242,145,,103,80
120,summoner-138842,121,I Love Trump,Challenger,241,51,,177,59
121,summoner-1356449,122,Rμby,Challenger,239,133,,340,314
122,summoner-1070594,123,Lord Strider,Challenger,237,113,,148,123
123,summoner-15060130,124,fkin idiot,Challenger,237,55,,148,117
124,summoner-64005,125,Sandroxx,Challenger,236,64,,100,73
125,summoner-3571348,126,paulisTinA,Challenger,235,77,,176,141
126,summoner-174950,127,NoLimit,Challenger,233,67,,144,121
127,summoner-40335,128,Prae,Challenger,231,139,,462,440
128,summoner-5651686,129,Duca,Challenger,229,93,,275,255
129,summoner-626956,130,alboaron,Challenger,228,53,,152,64
130,summoner-409468,131,Säikou,Challenger,222,106,,155,138
131,summoner-14101711,132,CGC S A M Y 3,Challenger,205,63,,178,134
132,summoner-825215,133,Nishkyu,Challenger,218,75,,253,192
133,summoner-1159062,134,SGT Sirius Can,Challenger,218,113,,245,232
134,summoner-33622,135,Lettiot,Challenger,217,93,,123,93
135,summoner-5513539,136,TC Bunny,Challenger,212,136,,270,248
136,summoner-156335,137,Kindle,Challenger,212,108,,237,221
137,summoner-1303280,138,Raylú,Challenger,209,124,,254,216
138,summoner-203413,139,Andrew18,Challenger,209,109,,166,144
139,summoner-290915,140,A Sexy Waifu,Challenger,203,100,,156,132
140,summoner-137657,141,Zethric,Challenger,203,131,,76,42
141,summoner-5020760,142,betatwinz,Challenger,202,44,,68,36
142,summoner-174213,143,Ábaddon,Challenger,201,87,,193,168
143,summoner-1051840,144,Olivia,Challenger,199,114,,166,145
144,summoner-1323789,145,ZoneDark,Challenger,198,69,,169,155
145,summoner-4107412,146,BorjaSOAD,Challenger,197,91,,113,87
146,summoner-161248,147,Huxy,Challenger,196,90,,257,234
147,summoner-9173721,148,Blakzx,Challenger,196,97,,151,130
148,summoner-3480131,149,Doug,Challenger,196,44,,90,39
149,summoner-54396,150,MW Star,Challenger,194,141,,158,122
150,summoner-1396107,151,24 03 2014,Challenger,193,61,,160,116
151,summoner-4601043,152,Xpontaneous,Challenger,193,54,,47,19
152,summoner-25753,153,Sh0ckwavee,Challenger,192,49,,62,33
153,summoner-99291,154,Tëmpest,Challenger,191,98,,185,127
154,summoner-14640442,155,PAPAY1TA,Challenger,191,48,,125,82
155,summoner-171271,156,Pichu,Challenger,189,89,,302,281
156,summoner-1396918,157,TwitchTv Danijrm,Challenger,187,54,,125,87
157,summoner-4101200,158,Ainz Ooal GØwn,Challenger,186,150,,640,613
158,summoner-1090707,159,KutarraX,Challenger,184,72,,124,102
159,summoner-130256,160,Papi Jodin,Challenger,182,72,,208,187
160,summoner-3313144,161,Nirati,Challenger,178,117,,242,185
161,summoner-310350,162,GLG Honoka,Challenger,178,61,,124,103
162,summoner-6003403,163,betatwins,Challenger,177,118,,377,348
163,summoner-63089,164,Thundraz,Challenger,176,132,,166,148
164,summoner-290618,165,MaeBlade,Challenger,174,95,,147,106
165,summoner-136713,166,ENG yisus,Challenger,172,95,,230,200
166,summoner-197368,167,Góhan,Challenger,172,53,,117,103
167,summoner-540221,168,Meme King,Challenger,171,107,,212,192
168,summoner-16840166,169,BeijingBeef,Challenger,171,58,,201,124
169,summoner-14610241,170,ltsukakotori,Challenger,169,63,,78,51
170,summoner-413636,171,VLK Sunriser,Challenger,168,57,,114,79
171,summoner-523229,172,Supraga,Challenger,167,112,,338,307
172,summoner-5710759,173,BlìndWalker,Challenger,167,75,,303,234
173,summoner-2133568,174,Dixel,Challenger,181,72,,231,202
174,summoner-74002,175,Nils,Challenger,164,89,,140,124
175,summoner-597117,176,Fazz,Challenger,163,115,,271,251
176,summoner-527786,177,SkyGless,Challenger,183,87,,310,297
177,summoner-1941206,178,JbayJbs,Challenger,160,86,,106,60
178,summoner-3532481,179,Sithys,Challenger,159,150,,151,122
179,summoner-93056,180,YSalex,Challenger,157,117,,346,329
180,summoner-1220127,181,Kanizalez,Challenger,157,96,,247,222
181,summoner-2260260,182,King Wukong,Challenger,156,113,,143,120
182,summoner-361221,183,Krezuel,Challenger,154,114,,206,198
183,summoner-3143261,184,Sister,Challenger,153,68,,105,81
184,summoner-545546,185,Acuarelas,Challenger,152,106,,128,108
185,summoner-4534154,186,Wb Taco,Challenger,150,113,,135,103
186,summoner-14690856,187,RoyaumLAN,Challenger,147,73,,268,200
187,summoner-8153304,188,MòöMöóMiLK,Challenger,145,141,,484,470
188,summoner-1735450,189,Kirâ,Challenger,145,39,,55,23
189,summoner-198637,190,Mythical Oberyn,Challenger,143,126,,309,278
190,summoner-41511,191,LiiiiT,Challenger,141,60,,197,176
191,summoner-135079,192,HandGun,Challenger,140,96,,294,270
192,summoner-12191961,193,S2 Kurama,Challenger,139,104,,278,234
193,summoner-76695,194,Sterbenn,Challenger,136,116,,160,133
194,summoner-11577579,195,Juego Solo top,Challenger,135,74,,158,136
195,summoner-7472180,196,NA Fearuz,Challenger,133,54,,119,86
196,summoner-435308,197,Thelorien,Challenger,130,120,,135,105
197,summoner-2941141,198,JaquenHaghar,Challenger,123,81,,225,206
198,summoner-65195,199,AnT Roski,Challenger,120,66,,76,50
199,summoner-6620183,200,Vidal,Challenger,119,96,,206,190
200,summoner-36834,201,EvoleX,Master,115,108,,213,212
201,summoner-877490,202,Goofy Goober,Master,115,205,,122,96
202,summoner-7153584,203,Neitzsche,Master,114,127,,226,188
203,summoner-4311308,204,How to,Master,114,104,,213,190
204,summoner-208654,205,Crensil Diva,Master,111,90,,142,113
205,summoner-35651,206,Soul Worker,Master,110,73,,97,80
206,summoner-1404541,207,TONYTROXES,Master,108,77,,187,163
207,summoner-177367,208,TOXICCCCCCCCCCCC,Master,127,48,,125,96
208,summoner-3943350,209,Chevîs,Master,106,90,,160,132
209,summoner-13050146,210,RNG 55open,Master,105,133,,161,139
210,summoner-93208,211,pxry,Master,104,64,,108,88
211,summoner-5473863,212,Anderkiller76,Master,144,98,,247,223
212,summoner-150582,213,El Dios Guashi,Master,102,82,,253,232
213,summoner-531488,214,Carillon,Master,102,57,,72,51
214,summoner-13482525,215,StarBunny,Master,100,52,,100,59
215,summoner-77347,216,Codename00,Master,119,59,,186,169
216,summoner-4443939,217,Ashtray,Master,98,153,,533,517
217,summoner-6250197,218,Hakuryuu Reen,Master,97,83,,273,250
218,summoner-1764966,219,CerquilloTilted,Master,96,65,,227,192
219,summoner-2544168,220,Líl,Master,94,87,,189,166
220,summoner-437429,221,Kyuo,Master,93,99,,75,52
221,summoner-330609,222,Carlos V,Master,92,107,,428,410
222,summoner-935643,223,Amigo Grifo,Master,108,82,,155,143
223,summoner-152128,224,Extravagance,Master,110,52,,157,130
224,summoner-147250,225,Maggatt,Master,86,89,,184,166
225,summoner-4127893,226,Elekape,Master,86,100,,164,141
226,summoner-303207,227,Bebe Shaka,Master,84,150,,283,261
227,summoner-171009,228,PuuRplE,Master,83,111,,203,179
228,summoner-151439,229,ricopolllo,Master,81,108,,288,267
229,summoner-438977,230,N l G H T,Master,80,170,,434,418
230,summoner-341551,231,Makeuz,Master,80,139,,405,392
231,summoner-501216,232,1Rem,Master,80,105,,244,238
232,summoner-15300174,233,Levis petrus,Master,78,51,,144,86
233,summoner-3830362,234,MarchedWaif89,Master,77,124,,433,425
234,summoner-2000186,235,AdLarry,Master,72,69,,181,139
235,summoner-1571472,236,Soy Paul,Master,72,51,,89,64
236,summoner-2601343,237,iFeedMe,Master,69,73,,231,220
237,summoner-14231555,238,Doctrina Egoista,Master,69,53,,135,92
238,summoner-132278,239,rëdnaS,Master,47,52,,151,85
239,summoner-285221,240,iTheEpicReaper,Master,65,83,,143,117
240,summoner-15973031,241,Inli,Master,65,43,,111,64
241,summoner-488455,242,Bareh,Master,62,96,,293,275
242,summoner-3340222,243,Chiquinquira IJ,Master,62,134,,113,79
243,summoner-92697,244,Allign,Master,62,39,,86,40
244,summoner-210553,245,Aniivia,Master,62,47,,83,59
245,summoner-126144,246,Te Amo Fanny,Master,62,68,,72,56
246,summoner-16410630,247,MW Typhoon,Master,60,60,,102,57
247,summoner-111038,248,Lesoinne,Master,57,72,,166,142
248,summoner-15280182,249,Poropops,Master,57,50,,81,43
249,summoner-3740366,250,Carnage Rules,Master,56,136,,467,459
250,summoner-8581685,251,FLA Kamui,Master,56,124,,423,408
251,summoner-4782124,252,El humilde Yusty,Master,56,62,,186,139
252,summoner-1546393,253,Jedi Form VII,Master,56,66,,177,145
253,summoner-52722,254,ØE Limitationss,Master,56,49,,69,51
254,summoner-13180512,255,Dmitri Putin,Master,53,83,,77,49
255,summoner-136168,256,Nihilist Örlando,Master,51,111,,349,339
256,summoner-416409,257,Mágaña,Master,51,80,,215,199
257,summoner-188977,258,Doppel,Master,51,82,,145,130
258,summoner-500822,259,Kuul,Master,49,95,,135,117
259,summoner-14611994,260,Malantë,Master,49,56,,122,98
260,summoner-1149078,261,Pandas Iove,Master,49,85,,63,47
261,summoner-16321895,262,Drasiel,Master,47,60,,171,123
262,summoner-945818,263,Santíago,Master,46,68,,127,108
263,summoner-20563,264,add 4 web design,Master,44,85,,204,196
264,summoner-520325,265,Yaelonu,Master,44,94,,162,146
265,summoner-90933,266,Mìanare,Master,43,80,,134,115
266,summoner-329765,267,CentenaryWarrior,Master,42,133,,435,411
267,summoner-3462881,268,Panda Tom,Master,41,142,,351,337
268,summoner-91326,269,Z Ø Ð I A C,Master,41,97,,283,264
269,summoner-3500800,270,Gweiss ENP,Master,41,103,,273,258
270,summoner-1273292,271,ezpate,Master,39,108,,280,270
271,summoner-15334874,272,Shìnon,Master,38,57,,175,139
272,summoner-1650862,273,Melvox,Master,38,135,,96,61
273,summoner-10341706,274,asth4rotwan,Master,37,103,,179,171
274,summoner-2604044,275,orithkeeper,Master,16,74,,179,165
275,summoner-12950189,276,E Bfriend,Master,37,46,,98,67
276,summoner-280323,277,Cookiezai,Master,36,111,,106,80
277,summoner-4882455,278,Nightwolf9,Master,35,133,,302,278
278,summoner-38617,279,Pëanut,Master,34,125,,98,80
279,summoner-1164376,280,Momo Hirai,Master,33,92,,302,281
280,summoner-212364,281,VLK Equalizer,Master,32,67,,118,97
281,summoner-3720694,282,FnR Kush,Master,28,122,,267,244
282,summoner-3853491,283,Infamous,Master,28,128,,225,202
283,summoner-1021337,284,King Monaco,Master,27,66,,188,170
284,summoner-876702,285,Regulus no Leo,Master,24,69,,130,110
285,summoner-366242,286,Amo mis bíceps,Master,25,124,,274,260
286,summoner-6532932,287,Andresu7,Master,22,100,,301,279
287,summoner-5613974,288,Josh2Play,Master,22,88,,173,138
288,summoner-155309,289,Diretlan,Master,21,81,,226,204
289,summoner-2871352,290,Old West,Master,21,115,,167,134
290,summoner-3422162,291,danielmlds,Master,7,76,,256,187
291,summoner-545911,292,Psicología,Master,40,102,,255,235
292,summoner-372135,293,EL Uber,Master,20,102,,72,51
293,summoner-440349,294,EDGARTOYIN,Master,38,84,,244,229
294,summoner-3931575,295,Lann,Master,19,127,,130,103
295,summoner-9751556,296,Ing Quimico,Master,17,80,,149,120
296,summoner-1740857,297,Jauny,Master,16,91,,223,173
297,summoner-139360,298,Darps,Master,16,55,,131,114
298,summoner-4607522,299,Darling,Diamond 1,50,45,,83,50
299,summoner-166992,300,LuxiernagaMatona,Master,14,105,,243,204
300,summoner-6313454,301,CougarDai,Master,10,74,,217,197
301,summoner-68678,302,HazärD,Master,10,89,,119,103
302,summoner-2052468,303,UnicornG,Master,25,85,,182,172
303,summoner-11600165,304,Rocket Råccoon,Diamond 1,75,133,,159,132
304,summoner-154798,305,Miguël,Master,7,96,,292,263
305,summoner-201606,306,Broodich,Master,6,97,,178,165
306,summoner-523266,307,Protego,Master,4,106,,164,141
307,summoner-615010,308,Top sin TP,Master,4,96,,98,72
308,summoner-9663451,309,Thúnder,Master,0,168,,351,347
309,summoner-1595762,310,Isá Dainsleif,Master,0,141,,330,315
310,summoner-1540456,311,Feple,Master,0,71,,217,180
311,summoner-129918,312,El Chuky Lozano,Master,0,119,,199,182
312,summoner-1524175,313,VTR,Master,0,90,,172,157
313,summoner-433265,314,Lord 4SaKeN,Master,0,95,,162,147
314,summoner-4903905,315,RafflesGaming,Master,0,84,,150,135
315,summoner-22299,316,Redscorpy,Master,0,139,,147,127
316,summoner-452765,317,ill kms,Master,0,55,,145,111
317,summoner-941797,318,Tiltalin,Master,0,69,,133,97
318,summoner-431286,319,Biboom,Master,0,73,,112,86
319,summoner-181695,320,0utsider,Master,0,75,,111,85
320,summoner-284287,321,Rangerswer,Master,0,90,,107,92
321,summoner-16830174,322,HambertHM,Master,0,54,,106,72
322,summoner-5932534,323,Noriel,Master,0,47,,88,65
323,summoner-2630739,324,Kitorinho,Master,0,47,,65,43
324,summoner-562204,325,Zask,Master,0,66,,39,15
325,summoner-288785,326,Ásura,Diamond 1,100,115,,266,252
326,summoner-1159889,327,Hamy,Diamond 1,100,99,,253,226
327,summoner-1531657,328,Fallen IV,Diamond 1,100,107,,246,227
328,summoner-1790148,329,AQUILESCANTO2,Diamond 1,100,104,,222,189
329,summoner-4601098,330,CSGblackrock,Diamond 1,100,85,,217,195
330,summoner-119001,331,Scythes,Diamond 1,100,79,,170,150
331,summoner-593537,332,Nasus top orfeed,Diamond 1,100,106,,155,137
332,summoner-365511,333,Eudus,Diamond 1,100,101,,144,112
333,summoner-144467,334,Chucknight,Diamond 1,100,94,,144,128
334,summoner-3324306,335,xXAKILESVAESTAXx,Diamond 1,100,65,,111,61
335,summoner-130561,336,Xilss,Diamond 1,100,94,,110,82
336,summoner-325957,337,RèiN,Diamond 1,100,70,,104,80
337,summoner-219008,338,Shadesu,Diamond 1,100,74,,99,66
338,summoner-622005,339,Miss Pamela Chu,Diamond 1,100,68,,92,76
339,summoner-2084890,340,chapaliku,Diamond 1,100,87,,44,27
340,summoner-552760,341,KC MidSlayer,Diamond 1,99,94,,171,143
341,summoner-40012,342,Lloyd12,Diamond 1,99,69,,53,22
342,summoner-95053,343,Im Josho,Diamond 1,98,73,,159,130
343,summoner-177587,344,Fallouch,Diamond 1,97,115,,157,140
344,summoner-303787,345,Fatal,Diamond 1,97,67,,75,59
345,summoner-7132675,346,Justin LFT 2,Diamond 1,97,41,,58,29
346,summoner-1531157,347,Dobleshot,Diamond 1,96,60,,172,117
347,summoner-153891,348,Dkram,Diamond 1,96,67,,127,115
348,summoner-873834,349,Ricardo Motta,Diamond 1,96,69,,79,66
349,summoner-1292652,350,l  Jamon  l,Diamond 1,95,95,,116,97
350,summoner-9974185,351,Tilted Meteoro,Diamond 1,95,44,,42,18
351,summoner-10842590,352,edwinkirito LAN,Diamond 1,94,78,,130,118
352,summoner-652463,353,Amnesía,Diamond 1,93,99,,162,142
353,summoner-3520800,354,xamexxdroxer,Diamond 1,91,102,,150,129
354,summoner-37636,355,Kastiel,Diamond 1,90,93,,198,160
355,summoner-333945,356,Alex Ov,Diamond 1,90,72,,189,185
356,summoner-8341551,357,Lankor,Diamond 1,90,99,,158,147
357,summoner-2343019,358,ARTIFIZES,Diamond 1,90,61,,151,132
358,summoner-4621033,359,Red Trainer,Diamond 1,90,55,,133,105
359,summoner-426366,360,Saving,Diamond 1,90,50,,108,74
360,summoner-423742,361,Sanha,Diamond 1,90,129,,98,68
361,summoner-676489,362,Inky Veil,Diamond 1,90,65,,97,53
362,summoner-4902286,363,Fürer Reich,Diamond 1,90,55,,85,69
363,summoner-293255,364,Devoch,Diamond 1,90,88,,58,32
364,summoner-1152178,365,Jose12gab,Diamond 1,90,37,,58,19
365,summoner-9974340,366,DeriD,Diamond 1,90,60,,42,26
366,summoner-1523085,367,matadorcirijiyo,Diamond 1,88,104,,92,77
367,summoner-427397,368,Zonixer,Diamond 1,88,83,,58,39
368,summoner-1397595,369,skarche31,Diamond 1,87,53,,170,75
369,summoner-657505,370,TU JEFA,Diamond 1,87,69,,140,104
370,summoner-670630,371,Yuuna,Diamond 1,87,63,,115,80
371,summoner-1523251,372,Aracnidoso,Diamond 1,100,62,,196,147
372,summoner-217410,373,WhitDude,Diamond 1,85,90,,154,138
373,summoner-920105,374,Softdrink870,Diamond 1,85,85,,138,101
374,summoner-397019,375,lJuanma,Diamond 1,85,111,,129,106
375,summoner-9673380,376,Netzukadas,Diamond 1,85,67,,117,79
376,summoner-908592,377,Menfrox,Diamond 1,85,50,,96,67
377,summoner-1597161,378,WET Granjero,Diamond 1,84,88,,221,207
378,summoner-321958,379,Míkoto,Diamond 1,84,64,,117,91
379,summoner-16132471,380,Almondia,Diamond 1,83,41,,81,39
380,summoner-179912,381,JUANDJ0,Diamond 1,82,112,,318,307
381,summoner-128460,382,Slayer galactico,Diamond 1,82,63,,125,109
382,summoner-138251,383,Quesíto,Diamond 1,82,130,,77,62
383,summoner-1367691,384,CatSempai,Diamond 1,82,38,,48,24
384,summoner-204170,385,Shykop,Diamond 1,82,65,,45,26
385,summoner-1775562,386,White Nightmare,Diamond 1,81,96,,126,106
386,summoner-2231373,387,DoomwaR,Diamond 1,80,104,,360,345
387,summoner-2213274,388,Pervertito,Diamond 1,80,64,,163,152
388,summoner-530613,389,Potluck,Diamond 1,80,82,,66,49
389,summoner-11530278,390,NiñoRata463,Diamond 1,77,73,,165,147
390,summoner-292776,391,No juego lol,Diamond 1,77,54,,126,107
391,summoner-537831,392,N5 Rach,Diamond 1,77,74,,114,97
392,summoner-177305,393,God Mata,Diamond 1,77,49,,91,71
393,summoner-328354,394,dont noobs,Diamond 1,76,71,,73,60
394,summoner-104671,395,ZelCross,Diamond 1,75,102,,325,306
395,summoner-7647944,396,Feeple,Diamond 1,75,79,,275,212
396,summoner-4720242,397,Laxse,Diamond 1,75,100,,264,228
397,summoner-557073,398,C3 RedMagic,Diamond 1,75,73,,261,226
398,summoner-12692888,399,Lucian ADC,Diamond 1,75,71,,254,211
399,summoner-85590,400,Pikachu gr,Diamond 1,75,79,,248,232
400,summoner-40147,401,Diamond Stuck,Diamond 1,75,148,,206,189
401,summoner-10020131,402,z z,Diamond 1,75,102,,163,132
402,summoner-11600165,403,Rocket Råccoon,Diamond 1,75,133,,159,132
403,summoner-674461,404,1hollow3,Diamond 1,75,64,,159,137
404,summoner-58615,405,Chomi  µ,Diamond 1,75,87,,153,123
405,summoner-28881,406,Killastorm,Diamond 1,75,67,,151,128
406,summoner-14375080,407,appohC,Diamond 1,75,51,,148,94
407,summoner-14745216,408,Kaizeneka A,Diamond 1,75,66,,144,108
408,summoner-3182235,409,SoloAlguien,Diamond 1,75,112,,143,147
409,summoner-16270127,410,TheFakerRD,Diamond 1,75,75,,140,111
410,summoner-109838,411,Terquito,Diamond 1,75,89,,134,108
411,summoner-15180136,412,Fikuwu,Diamond 1,75,72,,131,106
412,summoner-198009,413,T 4 R Z A N,Diamond 1,75,51,,129,96
413,summoner-9632211,414,pentakill1997,Diamond 1,75,69,,128,48
414,summoner-1404528,415,CDA Simi,Diamond 1,75,72,,128,100
415,summoner-200362,416,Bruse Waynex,Diamond 1,75,47,,127,77
416,summoner-212665,417,Wolf Franky,Diamond 1,75,52,,126,102
417,summoner-32016,418,H O R A T I T O,Diamond 1,75,66,,124,107
418,summoner-292746,419,Hakie,Diamond 1,75,67,,121,92
419,summoner-73125,420,LeftALone,Diamond 1,75,99,,120,89
420,summoner-1042775,421,Whité,Diamond 1,75,60,,115,94
421,summoner-13311629,422,Diginerg,Diamond 1,75,47,,110,75
422,summoner-4113436,423,Kc TeamRem,Diamond 1,75,88,,107,81
423,summoner-3680243,424,MichaelXBoyser,Diamond 1,75,56,,106,50
424,summoner-815305,425,Nea,Diamond 1,75,101,,103,88
425,summoner-142400,426,Sxecurity,Diamond 1,75,63,,101,81
426,summoner-2033825,427,öttovaG,Diamond 1,75,51,,95,56
427,summoner-2400971,428,DonPacs,Diamond 1,75,70,,95,60
428,summoner-58310,429,LennyLeonard,Diamond 1,75,68,,92,61
429,summoner-2622412,430,TwchTV ARRRmando,Diamond 1,75,47,,90,71
430,summoner-615119,431,Khorix,Diamond 1,75,65,,86,71
431,summoner-2831773,432,The King McFly,Diamond 1,75,117,,80,58
432,summoner-1315791,433,NeeeerzhuL,Diamond 1,75,59,,78,44
433,summoner-2230732,434,RIP XXXTENTACION,Diamond 1,75,43,,75,32
434,summoner-1620159,435,IcyDrak,Diamond 1,75,41,,72,42
435,summoner-629040,436,ØE Tyr,Diamond 1,75,71,,69,36
436,summoner-31930,437,SIushi,Diamond 1,75,54,,55,30
437,summoner-3104008,438,Deadly Insanity,Diamond 1,74,107,,152,136
438,summoner-6083542,439,LFT Avhernox,Diamond 1,74,59,,93,74
439,summoner-15452277,440,TwTv Danijrm,Diamond 1,74,41,,69,31
440,summoner-9170369,441,CannabisJah,Diamond 1,73,57,,164,104
441,summoner-1377608,442,Nukter xD 69,Diamond 1,73,87,,156,151
442,summoner-3574195,443,Phyrfns,Diamond 1,73,76,,82,71
443,summoner-47969,444,Genarox Kid,Diamond 1,73,79,,78,51
444,summoner-5002722,445,CaptainElroy,Diamond 1,72,60,,229,182
445,summoner-63556,446,Bolita Erótica,Diamond 1,71,92,,170,155
446,summoner-391560,447,Mataz,Diamond 1,70,69,,127,114
447,summoner-2061006,448,l tsubaki l,Diamond 1,70,47,,113,96
448,summoner-15070212,449,BirdsInTheTrap,Diamond 1,70,49,,101,43
449,summoner-1777510,450,KR0 Nian,Diamond 1,70,83,,92,75
450,summoner-3734374,451,Féng,Diamond 1,70,45,,59,29
451,summoner-4115179,452,She said yes,Diamond 1,69,83,,322,319
452,summoner-203336,453,Akjester,Diamond 1,69,83,,117,96
453,summoner-2062267,454,NickArc,Diamond 1,69,124,,114,89
454,summoner-15960146,455,Angelus,Diamond 1,68,63,,228,192
455,summoner-102290,456,Heimy,Diamond 1,68,67,,142,123
456,summoner-281221,457,Guerecaxd,Diamond 1,68,58,,121,104
457,summoner-294748,458,Muzeh,Diamond 1,67,78,,129,116
458,summoner-3854339,459,Pokemon Champion,Diamond 1,67,109,,124,83
459,summoner-1033036,460,Ichiik46,Diamond 1,67,59,,111,90
460,summoner-15891692,461,Santi Rank 1,Diamond 1,67,45,,100,67
461,summoner-166210,462,Sycotiz,Diamond 1,67,60,,82,64
462,summoner-60466,463,N5 Garçon,Diamond 1,67,84,,63,51
463,summoner-8644313,464,BIackPink,Diamond 1,67,40,,46,14
464,summoner-270388,465,VizAbuelo,Diamond 1,66,107,,207,188
465,summoner-427873,466,Develion,Diamond 1,66,99,,120,105
466,summoner-36323,467,pokemexta2,Diamond 1,66,53,,75,57
467,summoner-415789,468,Not single btw,Diamond 1,66,67,,42,25
468,summoner-1755142,469,King Kittan,Diamond 1,65,82,,252,236
469,summoner-42513,470,El Paté Centeno,Diamond 1,65,64,,131,98
470,summoner-5890190,471,Hidden Clone,Diamond 1,65,85,,63,46
471,summoner-813006,472,agosaurio,Diamond 1,64,108,,279,260
472,summoner-9710161,473,King of the Lane,Diamond 1,64,64,,196,177
473,summoner-1553487,474,The Crimson Star,Diamond 1,64,95,,138,115
474,summoner-297928,475,XoniCC,Diamond 1,63,92,,250,230
475,summoner-6663290,476,Anbμ,Diamond 1,63,76,,242,194
476,summoner-8150289,477,Satsuki Yone,Diamond 1,62,134,,519,503
477,summoner-168313,478,Reformed Adc,Diamond 1,62,55,,122,107
478,summoner-670775,479,Shieldworm,Diamond 1,61,113,,271,263
479,summoner-15030694,480,GankedByElChapo,Diamond 1,61,71,,212,169
480,summoner-4118306,481,0XxCarlitosxX0,Diamond 1,61,83,,179,76
481,summoner-145911,482,tactics88,Diamond 1,61,48,,57,33
482,summoner-3834209,483,Dya,Diamond 1,60,116,,108,81
483,summoner-6610179,484,TheFenixx,Diamond 1,60,46,,87,69
484,summoner-12571167,485,NerF reckles,Diamond 1,59,63,,120,105
485,summoner-935464,486,Devours Bread,Diamond 1,59,115,,115,95
486,summoner-550619,487,Zörek,Diamond 1,59,66,,72,54
487,summoner-2853493,488,Salsami,Diamond 1,58,137,,433,431
488,summoner-45479,489,Agape,Diamond 1,58,91,,210,196
489,summoner-137644,490,ENG Riverbear,Diamond 1,58,95,,133,114
490,summoner-2190509,491,Hugrock,Diamond 1,58,85,,109,99
491,summoner-68704,492,HellAngeal,Diamond 1,58,54,,105,84
492,summoner-409526,493,ClockworkApricot,Diamond 1,57,88,,324,282
493,summoner-378426,494,Ssahka ll,Diamond 1,56,91,,284,278
494,summoner-10470148,495,IShockk,Diamond 1,56,107,,221,202
495,summoner-13340794,496,KZ Hyacinth,Diamond 1,56,58,,132,51
496,summoner-1559417,497,Hserul,Diamond 1,56,70,,99,86
497,summoner-2290591,498,Suck My Lantern,Diamond 1,56,98,,96,62
498,summoner-180439,499,theppcharlie,Diamond 1,56,79,,85,72
499,summoner-572077,500,2v diplo dog,Diamond 1,56,77,,85,61
500,summoner-4068954,501,xAEvi,Diamond 1,55,58,,134,68
501,summoner-665310,502,HI IM NIGLET,Diamond 1,55,72,,125,108
502,summoner-89757,503,Nosco,Diamond 1,54,72,,226,208
503,summoner-157102,504,Jairomedusa,Diamond 1,54,73,,160,144
504,summoner-1783769,505,KSV CoreJJ,Diamond 1,54,61,,116,99
505,summoner-133109,506,Justlikethat,Diamond 1,54,67,,105,92
506,summoner-1582421,507,MartinSON,Diamond 1,53,99,,317,304
507,summoner-1537815,508,Paziionate,Diamond 1,53,66,,223,208
508,summoner-28055,509,Redkaz,Diamond 1,53,110,,188,158
509,summoner-6813892,510,is dat her,Diamond 1,53,37,,40,14
510,summoner-71556,511,iHueco,Diamond 1,52,97,,201,181
511,summoner-4561887,512,Rapid,Diamond 1,52,76,,173,160
512,summoner-1104107,513,delot,Diamond 1,52,67,,96,89
513,summoner-7301392,514,xEAvi,Diamond 1,52,91,,66,47
514,summoner-5272961,515,Holles,Diamond 1,52,80,,57,40
515,summoner-1733010,516,DoMiNiUs500,Diamond 1,51,83,,161,146
516,summoner-7021902,517,Mogwai,Diamond 1,51,61,,100,72
517,summoner-4670397,518,lxNeteroxl,Diamond 1,51,64,,68,46
518,summoner-890345,519,SR    SALVA,Diamond 1,50,147,,416,377
519,summoner-1240313,520,Böb Toronja,Diamond 1,50,113,,360,346
520,summoner-52152,521,TwTv Tisshotzoh,Diamond 1,50,97,,336,313
521,summoner-340565,522,Lp3 Nyeloh,Diamond 1,50,121,,319,307
522,summoner-3471888,523,DotheDew,Diamond 1,50,148,,302,283
523,summoner-15273073,524,Hroudberht,Diamond 1,50,65,,259,227
524,summoner-190354,525,Synergy,Diamond 1,50,64,,254,226
525,summoner-8584366,526,AmanfromtheMoon,Diamond 1,50,69,,245,189
526,summoner-62389,527,Dominick,Diamond 1,50,101,,244,232
527,summoner-335564,528,Pudge xd,Diamond 1,50,76,,244,211
528,summoner-660795,529,Seshúdoishy,Diamond 1,50,124,,238,214
529,summoner-2460494,530,El Pecueca,Diamond 1,50,77,,211,164
530,summoner-2222342,531,Márth,Diamond 1,50,73,,184,166
531,summoner-139550,532,Only Cat,Diamond 1,50,79,,177,161
532,summoner-25434,533,WET Varzinso,Diamond 1,50,99,,156,135
533,summoner-5702867,534,Eve Látigo Cepa,Diamond 1,50,74,,131,107
534,summoner-2620557,535,Uzzzi,Diamond 1,50,54,,128,123
535,summoner-7880294,536,TES PinkGoat,Diamond 1,50,92,,123,110
536,summoner-90648,537,DiosDelCielo,Diamond 1,50,73,,120,110
537,summoner-31652,538,El MotoTaxi,Diamond 1,50,129,,112,93
538,summoner-155909,539,KON EscanØr,Diamond 1,50,65,,110,88
539,summoner-3320859,540,Mírai,Diamond 1,50,191,,101,82
540,summoner-205568,541,fat,Diamond 1,50,49,,99,81
541,summoner-181355,542,Enanoks,Diamond 1,50,86,,94,87
542,summoner-12710145,543,Brutak,Diamond 1,50,44,,84,66
543,summoner-426368,544,Black Fist,Diamond 1,50,77,,83,73
544,summoner-4607522,545,Darling,Diamond 1,50,45,,83,50
545,summoner-388914,546,Teddyy Kun,Diamond 1,50,110,,64,46
546,summoner-1103782,547,Fonck,Diamond 1,50,59,,46,39
547,summoner-2302211,548,Xoa,Diamond 1,49,113,,306,271
548,summoner-312340,549,FORONDA TU PAPÁ,Diamond 1,49,113,,243,216
549,summoner-14739158,550,SKT 1 Fakerr,Diamond 1,49,53,,143,105
550,summoner-427651,551,CG Leid,Diamond 1,49,77,,139,86
551,summoner-13150129,552,Scorpio X,Diamond 1,49,44,,87,41
552,summoner-7590935,553,El Lobo,Diamond 1,48,145,,165,140
553,summoner-16390137,554,na secret eboy,Diamond 1,47,85,,230,214
554,summoner-7874080,555,Verathrim,Diamond 1,47,103,,96,80
555,summoner-8024235,556,Blasnais,Diamond 1,47,92,,86,67
556,summoner-620623,557,Gabi,Diamond 1,46,78,,132,117
557,summoner-4536116,558,demolder4510,Diamond 1,46,109,,93,65
558,summoner-6650972,559,Soraley,Diamond 1,46,41,,45,22
559,summoner-1166799,560,HítmonLee,Diamond 1,45,133,,451,452
560,summoner-1114939,561,Enchanting Fox,Diamond 1,45,144,,96,82
561,summoner-57319,562,Usell,Diamond 1,45,71,,90,68
562,summoner-2183324,563,Morty2,Diamond 1,44,62,,115,98
563,summoner-6150207,564,Omega,Diamond 1,43,94,,142,129
564,summoner-400742,565,Pacha De Cacique,Diamond 1,43,82,,126,125
565,summoner-6060805,566,Dulce Pepinillo,Diamond 1,43,73,,121,92
566,summoner-49094,567,Aione,Diamond 1,42,127,,440,434
567,summoner-378449,568,Khey,Diamond 1,42,99,,302,286
568,summoner-436358,569,À N U N N A K I,Diamond 1,42,93,,91,68
569,summoner-284096,570,ADC 2K17,Diamond 1,42,69,,65,59
570,summoner-73140,571,asdadasdasda,Diamond 1,42,63,,47,38
571,summoner-2023328,572,Mid ABUSER,Diamond 1,41,115,,245,223
572,summoner-1802879,573,legendario2,Diamond 1,41,74,,141,130
573,summoner-139973,574,Blanc Chains,Diamond 1,41,188,,127,109
574,summoner-1165031,575,l   Revólver  l,Diamond 1,41,73,,106,94
575,summoner-3445115,576,Ariana,Diamond 1,41,55,,76,30
576,summoner-9841766,577,YugiLAN,Diamond 1,40,65,,152,126
577,summoner-904554,578,Random Marksman,Diamond 1,40,59,,101,74
578,summoner-2083705,579,Âriël,Diamond 1,38,108,,114,95
579,summoner-30855,580,Mechs,Diamond 1,37,126,,318,312
580,summoner-284782,581,TrashADCMeta,Diamond 1,37,89,,207,171
581,summoner-895621,582,blakyu,Diamond 1,37,86,,135,124
582,summoner-5850853,583,Mø Nôctürnê Nø,Diamond 1,37,104,,104,86
583,summoner-831531,584,iG Showtek,Diamond 1,36,119,,471,463
584,summoner-8161206,585,Qwertyuiop1615,Diamond 1,36,109,,139,115
585,summoner-383095,586,Simon Wrynn,Diamond 1,36,113,,73,51
586,summoner-1376330,587,JuanStan,Diamond 1,35,105,,268,260
587,summoner-2075139,588,Fąng,Diamond 1,35,85,,231,223
588,summoner-2381658,589,Sad Bünny,Diamond 1,35,145,,195,185
589,summoner-536641,590,NxL Tyròn,Diamond 1,35,76,,147,126
590,summoner-811460,591,Raél,Diamond 1,35,111,,135,125
591,summoner-89554,592,Levis,Diamond 1,35,75,,108,102
592,summoner-407192,593,Saiito,Diamond 1,35,111,,96,76
593,summoner-6233600,594,Fearuz,Diamond 1,35,47,,81,58
594,summoner-2812518,595,Betty n Jughead,Diamond 1,34,113,,386,361
595,summoner-945098,596,xShinra,Diamond 1,34,108,,240,221
596,summoner-89215,597,Chemamey Annie,Diamond 1,34,102,,173,154
597,summoner-75143,598,Frankyyy,Diamond 1,34,91,,95,76
598,summoner-3972181,599,JorgeFalcon,Diamond 1,34,125,,75,59
599,summoner-3353886,600,IN2U,Diamond 1,34,79,,53,24
600,summoner-178768,601,Johan1g,Diamond 1,33,113,,582,543
601,summoner-55801,602,Fufu v2,Diamond 1,33,101,,357,323
602,summoner-2833877,603,Wåndering,Diamond 1,33,112,,293,275
603,summoner-2460760,604,Cardi Hellshok B,Diamond 1,33,97,,144,134
604,summoner-11180231,605,IrresistibIe,Diamond 1,33,65,,130,104
605,summoner-4180164,606,IIWolfII,Diamond 1,33,120,,98,82
606,summoner-92599,607,BréaK,Diamond 1,32,174,,414,388
607,summoner-3974507,608,FNX Murdock,Diamond 1,32,91,,216,201
608,summoner-464920,609,MLS Alowake,Diamond 1,32,151,,209,195
609,summoner-26278,610,AxI,Diamond 1,32,72,,195,182
610,summoner-616451,611,lHayl,Diamond 1,32,68,,170,111
611,summoner-105061,612,brigde,Diamond 1,32,66,,139,109
612,summoner-75351,613,Jalou,Diamond 1,32,63,,126,115
613,summoner-84412,614,Garnidelia,Diamond 1,32,110,,125,118
614,summoner-102547,615,Billyjimi,Diamond 1,31,94,,217,208
615,summoner-559229,616,EdBars,Diamond 1,31,74,,123,109
616,summoner-203508,617,Zeus sekin,Diamond 1,30,67,,236,216
617,summoner-66356,618,Valente,Diamond 1,30,92,,49,26
618,summoner-12410942,619,øAzin,Diamond 1,29,91,,328,283
619,summoner-810941,620,vampirin,Diamond 1,29,141,,129,112
620,summoner-2075465,621,PiniMinero,Diamond 1,29,97,,93,80
621,summoner-30776,622,Romeroski,Diamond 1,28,161,,534,523
622,summoner-148297,623,20141231,Diamond 1,28,161,,411,403
623,summoner-3652306,624,Rkman,Diamond 1,28,87,,131,108
624,summoner-40541,625,NeiI,Diamond 1,27,160,,286,269
625,summoner-126471,626,Darkrastar,Diamond 1,27,95,,245,212
626,summoner-173842,627,Drestik,Diamond 1,27,83,,199,197
627,summoner-129455,628,Zutter,Diamond 1,27,121,,69,46
628,summoner-400575,629,IguanaEmbarazada,Diamond 1,27,99,,65,53
629,summoner-3190222,630,rub,Diamond 1,27,71,,58,34
630,summoner-521003,631,Two Guns,Diamond 1,26,109,,316,289
631,summoner-5463135,632,Arepin,Diamond 1,26,103,,304,296
632,summoner-15475985,633,Quve,Diamond 1,26,65,,137,87
633,summoner-5473629,634,Koko Hekmatier,Diamond 1,25,77,,210,186
634,summoner-22108,635,Mr Clean,Diamond 1,25,83,,197,177
635,summoner-388374,636,GodSebas,Diamond 1,25,94,,153,126
636,summoner-15221435,637,keurig cup,Diamond 1,25,50,,152,98
637,summoner-205974,638,Wolf Karsa,Diamond 1,25,71,,144,128
638,summoner-6470902,639,Kouke,Diamond 1,25,51,,134,109
639,summoner-2114861,640,abcquiumein,Diamond 1,25,99,,103,64
640,summoner-1549064,641,EL CAPO DE LAN,Diamond 1,25,49,,66,49
641,summoner-13764499,642,Anlvia Guy,Diamond 1,25,41,,57,29
642,summoner-853257,643,Luhe,Diamond 1,24,62,,166,125
643,summoner-585102,644,OliviaNyan,Diamond 1,23,60,,121,90
644,summoner-142533,645,Ren ˇuˇ,Diamond 1,23,74,,54,46
645,summoner-1286229,646,madbrizk,Diamond 1,22,103,,307,292
646,summoner-70963,647,MW Tai,Diamond 1,21,89,,131,90
647,summoner-3421358,648,Wazabie,Diamond 1,21,69,,128,71
648,summoner-80398,649,Vipér,Diamond 1,21,80,,109,98
649,summoner-2162915,650,AsprosDeGéminis,Diamond 1,21,48,,102,78
650,summoner-3942356,651,TSP Sn1p3rr,Diamond 1,21,73,,92,72
651,summoner-91485,652,Ësperanza,Diamond 1,21,71,,55,36
652,summoner-1398245,653,Levidant Joestar,Diamond 1,20,107,,155,130
653,summoner-2301170,654,afreeca,Diamond 1,20,119,,112,105
654,summoner-11081519,655,Metal Upa,Diamond 1,20,98,,85,62
655,summoner-4211874,656,Cefiro,Diamond 1,20,76,,45,26
656,summoner-3894169,657,Fotógrafo de XV,Diamond 1,19,118,,214,172
657,summoner-164716,658,Oblïvïon,Diamond 1,19,92,,187,180
658,summoner-1118350,659,rey naturaleza,Diamond 1,19,100,,175,163
659,summoner-10283850,660,holaquehacelol 2,Diamond 1,19,94,,156,115
660,summoner-610872,661,Kinnes,Diamond 1,19,90,,93,66
661,summoner-158371,662,Hienas,Diamond 1,18,131,,352,340
662,summoner-36118,663,eldonas,Diamond 1,18,65,,165,154
663,summoner-141948,664,3124560,Diamond 1,18,71,,146,125
664,summoner-137036,665,Nagûra,Diamond 1,18,69,,140,126
665,summoner-878013,666,Im xDeathstrokex,Diamond 1,18,118,,134,109
666,summoner-2912867,667,YuphetS,Diamond 1,18,107,,97,73
667,summoner-939403,668,Raisuke,Diamond 1,18,99,,90,87
668,summoner-661943,669,Raf4s06,Diamond 1,18,77,,88,77
669,summoner-60242,670,NightRD Chelsea,Diamond 1,18,93,,80,55
670,summoner-4773531,671,miiller,Diamond 1,17,124,,392,382
671,summoner-1744540,672,Jeff506,Diamond 1,17,103,,325,309
672,summoner-2052952,673,Beyond,Diamond 1,17,96,,218,208
673,summoner-49588,674,Issei,Diamond 1,17,80,,200,183
674,summoner-3551662,675,Condon,Diamond 1,17,81,,180,163
675,summoner-8031494,676,Ráider,Diamond 1,17,106,,133,126
676,summoner-6521234,677,God of Talon,Diamond 1,17,64,,120,88
677,summoner-1210331,678,BurningShärk,Diamond 1,17,76,,117,106
678,summoner-3464376,679,RV ExiliumSword,Diamond 1,17,57,,97,80
679,summoner-125839,680,Cm TzunK,Diamond 1,17,60,,92,73
680,summoner-207719,681,Wolf Harahel,Diamond 1,17,56,,40,28
681,summoner-77266,682,LaslwS,Diamond 1,16,102,,340,338
682,summoner-10100134,683,hi am lance,Diamond 1,16,112,,98,78
683,summoner-853456,684,92 Explorer,Diamond 1,15,71,,263,244
684,summoner-72516,685,MedusaDeMar,Diamond 1,15,76,,251,245
685,summoner-105505,686,Verathrím,Diamond 1,15,70,,83,47
686,summoner-7412387,687,Nymphia,Diamond 1,15,40,,57,29
687,summoner-440660,688,Ninjor,Diamond 1,14,93,,366,361
688,summoner-14422529,689,Sensei Totyx,Diamond 1,14,147,,215,201
689,summoner-529633,690,FLA YIYA,Diamond 1,14,100,,202,194
690,summoner-4900157,691,Stiyl Izayoi,Diamond 1,12,85,,339,320
691,summoner-585104,692,Xory,Diamond 1,12,106,,187,174
692,summoner-1213846,693,Tefi Baka,Diamond 1,12,98,,97,96
693,summoner-7583100,694,Sigil of Balance,Diamond 1,12,44,,87,56
694,summoner-16070139,695,Pyrople,Diamond 1,12,39,,74,37
695,summoner-152094,696,Hiko Lako,Diamond 1,11,77,,182,160
696,summoner-6213262,697,Líkkrit,Diamond 1,11,47,,85,71
697,summoner-21314,698,JeiiZe,Diamond 1,10,57,,92,86
698,summoner-1527045,699,Fupa Milkbone,Diamond 1,10,44,,86,45
699,summoner-1620236,700,Gravy Milkshake,Diamond 1,9,44,,98,43
700,summoner-6292617,701,Tom Lücitor,Diamond 1,9,89,,92,85
701,summoner-291241,702,KanskaR,Diamond 1,9,40,,75,40
702,summoner-10404302,703,Atomz999,Diamond 1,8,61,,184,115
703,summoner-683204,704,BlackEngel24,Diamond 1,7,159,,611,624
704,summoner-153143,705,Jhiinso,Diamond 1,6,118,,261,237
705,summoner-8003974,706,128 BPM,Diamond 1,6,60,,136,123
706,summoner-10935968,707,R7 PapiSosa,Diamond 1,6,56,,111,90
707,summoner-4460274,708,Jeziah,Diamond 1,5,75,,221,201
708,summoner-3822031,709,Savage Drahga,Diamond 1,5,67,,73,69
709,summoner-2932738,710,Lord Shura,Diamond 1,4,92,,224,214
710,summoner-3865079,711,DleGo,Diamond 1,4,88,,126,113
711,summoner-15433376,712,Draknion,Diamond 1,3,64,,166,125
712,summoner-327704,713,Dr Mister Señor,Diamond 1,3,53,,128,105
713,summoner-7230132,714,lBUBUl,Diamond 1,2,99,,206,197
714,summoner-29426,715,FnR Zefdi,Diamond 1,2,113,,197,179
715,summoner-6333065,716,EsojLeugim,Diamond 1,2,63,,196,136
716,summoner-35658,717,Tomoya san,Diamond 1,2,60,,97,79
717,summoner-822693,718,Fk This Game,Diamond 1,1,119,,255,230
718,summoner-4054538,719,Basura low elo,Diamond 1,1,69,,174,161
719,summoner-1090486,720,Boloman,Diamond 1,1,78,,99,89
720,summoner-9222218,721,xDaCh,Diamond 1,0,153,,559,515
721,summoner-4602310,722,EG Šhy Jungler,Diamond 1,0,146,,432,435
722,summoner-362379,723,Tawwuh,Diamond 1,0,115,,375,354
723,summoner-8341082,724,Master Shifu,Diamond 1,0,126,,371,362
724,summoner-1801041,725,PDS Notorious,Diamond 1,0,110,,369,354
725,summoner-2074323,726,Lupo Bianco,Diamond 1,0,120,,364,354
726,summoner-157951,727,Tav,Diamond 1,0,137,,360,346
727,summoner-84096,728,Buckpeck,Diamond 1,0,92,,342,328
728,summoner-216496,729,Scratchek,Diamond 1,0,111,,314,291
729,summoner-1577866,730,El2Dios,Diamond 1,0,130,,309,305
730,summoner-44735,731,Murmullo,Diamond 1,0,117,,304,282
731,summoner-201602,732,EternityBeast,Diamond 1,0,87,,293,283
732,summoner-85582,733,ZamirZenNt,Diamond 1,0,99,,284,242
733,summoner-4524374,734,GO Chorla,Diamond 1,0,109,,282,257
734,summoner-4760941,735,Beibi Rekkles,Diamond 1,0,118,,275,258
735,summoner-156822,736,Rafaelito15,Diamond 1,0,102,,255,245
736,summoner-680674,737,Illllllll,Diamond 1,0,103,,250,243
737,summoner-3760707,738,Coca de 600ml,Diamond 1,0,99,,230,220
738,summoner-2120351,739,Benns,Diamond 1,0,130,,222,205
739,summoner-203629,740,Lobo Gélido,Diamond 1,0,91,,222,211
740,summoner-74438,741,Purry,Diamond 1,0,95,,220,234
741,summoner-1061148,742,TwTv elbananolol,Diamond 1,0,91,,218,224
742,summoner-615288,743,STL Eifront,Diamond 1,0,93,,216,207
743,summoner-1594793,744,momo354,Diamond 1,0,60,,197,147
744,summoner-95768,745,King of Memes,Diamond 1,0,88,,196,181
745,summoner-4621038,746,iSeltzer,Diamond 1,0,75,,194,150
746,summoner-667937,747,Mr Cymbal Monkey,Diamond 1,0,85,,190,187
747,summoner-527005,748,Purrfect Katido,Diamond 1,0,61,,180,156
748,summoner-10203062,749,el srVładimir,Diamond 1,0,151,,179,137
749,summoner-202912,750,KiluaHaruno,Diamond 1,0,111,,177,183
750,summoner-1034041,751,MVP Poni,Diamond 1,0,88,,175,165
751,summoner-12221708,752,Zoe is Life,Diamond 1,0,108,,173,140
752,summoner-12472445,753,Davô,Diamond 1,0,70,,167,157
753,summoner-2124370,754,Shirõ,Diamond 1,0,123,,161,152
754,summoner-465010,755,Minatozaki Sana,Diamond 1,0,99,,157,141
755,summoner-3652637,756,iBrownie,Diamond 1,0,139,,157,123
756,summoner-15060180,757,SSW Pain,Diamond 1,0,124,,157,119
757,summoner-156989,758,Säck,Diamond 1,0,81,,156,145
758,summoner-326441,759,Krix,Diamond 1,0,129,,155,120
759,summoner-4211612,760,TheQueen Is Back,Diamond 1,0,56,,153,131
760,summoner-53237,761,Barbacoa Salvaje,Diamond 1,0,62,,152,140
761,summoner-536362,762,MTH Zombix,Diamond 1,0,114,,151,142
762,summoner-181649,763,Amonith,Diamond 1,0,70,,148,139
763,summoner-620622,764,Wolf Sáber,Diamond 1,0,67,,140,131
764,summoner-4610480,765,Yung Perez,Diamond 1,0,53,,135,112
765,summoner-69881,766,Nickleaf,Diamond 1,0,70,,133,113
766,summoner-3971911,767,Damn Gøre,Diamond 1,0,121,,131,113
767,summoner-1081104,768,TheLapiz,Diamond 1,0,75,,128,119
768,summoner-1270181,769,Ryogah,Diamond 1,0,87,,125,80
769,summoner-324547,770,Opponent,Diamond 1,0,78,,125,105
770,summoner-120180,771,Sr Caca,Diamond 1,0,68,,124,108
771,summoner-1326698,772,zerkerfkin1,Diamond 1,0,100,,120,100
772,summoner-1586060,773,DAVIIXZ,Diamond 1,0,50,,118,75
773,summoner-1761953,774,ßastet,Diamond 1,0,69,,114,108
774,summoner-2282751,775,Leé sin,Diamond 1,0,88,,109,100
775,summoner-131151,776,ZoulFox,Diamond 1,0,111,,108,89
776,summoner-382713,777,Sir Legend,Diamond 1,0,53,,106,59
777,summoner-841897,778,Gomez,Diamond 1,0,82,,102,85
778,summoner-31964,779,Merrowgeist,Diamond 1,0,59,,100,90
779,summoner-1540530,780,Buscando a Nami,Diamond 1,0,58,,100,74
780,summoner-1286628,781,ExtremeJorraf,Diamond 1,0,43,,98,46
781,summoner-1153917,782,Enrico Pucci,Diamond 1,0,62,,97,79
782,summoner-2502529,783,cherud,Diamond 1,0,74,,95,79
783,summoner-16521947,784,Jungle Pressure,Diamond 1,0,43,,95,61
784,summoner-522106,785,The Dirty Man,Diamond 1,0,46,,92,81
785,summoner-168968,786,μFrank,Diamond 1,0,83,,85,55
786,summoner-1051669,787,Sinyi,Diamond 1,0,75,,84,71
787,summoner-3373774,788,VEGÉTA,Diamond 1,0,166,,84,55
788,summoner-5910220,789,Pr0mesasKeep,Diamond 1,0,107,,80,64
789,summoner-2620981,790,ONllCHAN,Diamond 1,0,54,,75,55
790,summoner-37177,791,WILL SMITE xD,Diamond 1,0,42,,75,65
791,summoner-79085,792,Dango Daikazoku,Diamond 1,0,87,,74,62
792,summoner-5732873,793,Tigz,Diamond 1,0,45,,72,64
793,summoner-617233,794,Minecraft,Diamond 1,0,58,,71,59
794,summoner-136704,795,Wånheda,Diamond 1,0,52,,66,45
795,summoner-531600,796,Cindy,Diamond 1,0,110,,65,49
796,summoner-126279,797,iPocho,Diamond 1,0,69,,61,51
797,summoner-3353824,798,Feliipe99,Diamond 1,0,51,,59,34
798,summoner-96031,799,thepoisonlol,Diamond 1,0,37,,50,28
799,summoner-14592566,800,qQ tT,Diamond 1,0,45,,47,24
800,summoner-2104807,801,z100DeCilantro,Diamond 1,0,34,,46,8
801,summoner-5250523,802,Reysher,Diamond 2,100,142,,388,377
802,summoner-137596,803,Héroe Heroína,Diamond 2,100,128,,361,346
803,summoner-535215,804,Lp3 Zorua,Diamond 2,100,113,,337,313
804,summoner-1053538,805,Naysek,Diamond 2,100,83,,227,177
805,summoner-4614723,806,iPlay Top Lane x,Diamond 2,100,49,,158,83
806,summoner-5530185,807,PG White Howl,Diamond 2,100,82,,147,125
807,summoner-438655,808,Don iama,Diamond 2,100,66,,129,119
808,summoner-4152826,809,Témpest,Diamond 2,100,118,,124,114
809,summoner-14644121,810,Mäddox,Diamond 2,100,66,,100,79
810,summoner-104267,811,Røger,Diamond 2,100,47,,98,55
811,summoner-281655,812,My Shield,Diamond 2,100,134,,95,83
812,summoner-284685,813,TheDrestik,Diamond 2,100,43,,90,62
813,summoner-49539,814,Jelex,Diamond 2,100,62,,38,19
814,summoner-13910607,815,Razzle Dazzle,Diamond 2,99,85,,218,204
815,summoner-13222726,816,Vladímirovich,Diamond 2,98,207,,129,100
816,summoner-936468,817,Zoro1999,Diamond 2,97,110,,337,323
817,summoner-510492,818,Valkiriq,Diamond 2,96,85,,103,79
818,summoner-2491587,819,Deadly30,Diamond 2,95,63,,122,84
819,summoner-6140183,820,Shauna Shade,Diamond 2,95,42,,50,32
820,summoner-11362100,821,Bronze Five Elo,Diamond 2,92,47,,95,73
821,summoner-547110,822,Kervek,Diamond 2,91,105,,154,117
822,summoner-6312806,823,willyrets,Diamond 2,90,51,,72,48
823,summoner-415989,824,Hexader,Diamond 2,89,130,,289,288
824,summoner-13212405,825,Memox JnmR,Diamond 2,89,79,,208,200
825,summoner-939450,826,Hayashi Yuki,Diamond 2,88,80,,199,198
826,summoner-3993525,827,Chivo Please,Diamond 2,88,63,,61,29
827,summoner-12323358,828,Falconzs,Diamond 2,87,71,,127,118
828,summoner-29658,829,Icarhoos,Diamond 2,87,76,,81,63
829,summoner-1605378,830,Robertiño,Diamond 2,86,70,,174,161
830,summoner-424752,831,Zætoz,Diamond 2,85,171,,794,764
831,summoner-192497,832,Josiah,Diamond 2,85,121,,214,172
832,summoner-3340628,833,El Pister,Diamond 2,85,68,,156,138
833,summoner-130197,834,Doc Efesoo McFly,Diamond 2,85,72,,151,132
834,summoner-1393157,835,caKestyle,Diamond 2,85,50,,148,107
835,summoner-115160,836,Critsil,Diamond 2,85,53,,72,57
836,summoner-426567,837,Danyyy,Diamond 2,84,55,,101,92
837,summoner-3110343,838,Hikari Spirit,Diamond 2,83,108,,140,129
838,summoner-72987,839,xxkatmaster17xx,Diamond 2,83,104,,127,117
839,summoner-871985,840,CaptnXman,Diamond 2,83,41,,92,54
840,summoner-9543410,841,VelkozCarry,Diamond 2,83,42,,54,19
841,summoner-3554258,842,Nina Tucker,Diamond 2,82,80,,234,217
842,summoner-153936,843,Shadö desu,Diamond 2,82,106,,127,109
843,summoner-70140,844,SKT T1 Chefsíto,Diamond 2,82,152,,105,78
844,summoner-14810283,845,SC Goat,Diamond 2,81,63,,118,81
845,summoner-15130529,846,EL WAPO 2,Diamond 2,81,45,,77,33
846,summoner-8723942,847,AK LocoDan,Diamond 2,80,96,,250,240
847,summoner-310553,848,Atreyu Blacksoul,Diamond 2,80,65,,199,175
848,summoner-5514232,849,RusherZombies,Diamond 2,80,86,,103,93
849,summoner-15300179,850,ØE InKos,Diamond 2,80,41,,70,48
850,summoner-1545283,851,DarkGunsk,Diamond 2,79,87,,176,165
851,summoner-2303396,852,Aegís,Diamond 2,79,97,,150,131
852,summoner-1396111,853,Wolf Kain,Diamond 2,79,82,,132,120
853,summoner-1083624,854,Piano,Diamond 2,78,72,,76,53
854,summoner-14501267,855,D5 HardStuck lul,Diamond 2,77,119,,216,205
855,summoner-1528529,856,hotsonabader,Diamond 2,77,75,,98,89
856,summoner-2504008,857,Àkali,Diamond 2,77,49,,68,58
857,summoner-103138,858,Niquel Cobalto,Diamond 2,76,83,,115,105
858,summoner-125382,859,Arhysha,Diamond 2,76,70,,110,108
859,summoner-9762158,860,lPancito Asesino,Diamond 2,75,134,,348,335
860,summoner-3651645,861,No soy Nishkyu,Diamond 2,75,124,,338,333
861,summoner-74366,862,1Cannon,Diamond 2,75,98,,264,259
862,summoner-2603639,863,Fractures,Diamond 2,75,122,,228,231
863,summoner-202746,864,Desperadoo,Diamond 2,75,72,,203,205
864,summoner-270864,865,devztocker,Diamond 2,75,81,,160,148
865,summoner-40689,866,Żeta11,Diamond 2,75,91,,149,145
866,summoner-102646,867,Camiloo CM,Diamond 2,75,101,,149,120
867,summoner-23658,868,Yakuza AmmoStout,Diamond 2,75,99,,146,136
868,summoner-7031100,869,KT GorillA,Diamond 2,75,60,,132,123
869,summoner-15264702,870,OscarSolisG,Diamond 2,75,56,,132,86
870,summoner-1383832,871,Fernandoxx98,Diamond 2,75,99,,130,108
871,summoner-2073319,872,Áizen,Diamond 2,75,55,,123,90
872,summoner-2683559,873,Rodrigo Ces,Diamond 2,75,77,,112,91
873,summoner-86685,874,D9 Zeypher,Diamond 2,75,51,,101,53
874,summoner-124352,875,Toxic Lance,Diamond 2,75,65,,95,65
875,summoner-103181,876,Edgar,Diamond 2,75,82,,89,80
876,summoner-5455176,877,Bayonetta ll,Diamond 2,75,89,,78,80
877,summoner-1107797,878,Kuchurrumin,Diamond 2,75,56,,73,55
878,summoner-168175,879,Ruma 01,Diamond 2,75,50,,72,44
879,summoner-14521754,880,His Stan,Diamond 2,75,51,,62,48
880,summoner-13825367,881,TranquisYoCarreo,Diamond 2,75,40,,58,22
881,summoner-561407,882,Edapp,Diamond 2,75,48,,55,41
882,summoner-2282018,883,FelipeL,Diamond 2,75,59,,55,22
883,summoner-792069,884,Feno,Diamond 2,75,42,,49,33
884,summoner-14520424,885,CaritaT Psosa,Diamond 2,75,39,,40,24
885,summoner-2132823,886,CG Dreams,Diamond 2,72,117,,227,217
886,summoner-7670266,887,Electric Sunrise,Diamond 2,72,57,,144,98
887,summoner-435135,888,Sanae,Diamond 2,72,124,,116,94
888,summoner-524800,889,Mewby,Diamond 2,71,90,,207,189
889,summoner-5000438,890,Aterus Loitrewyn,Diamond 2,71,62,,178,156
890,summoner-57100,891,Wander Senpai,Diamond 2,71,71,,157,144
891,summoner-13860599,892,NLX Alovs,Diamond 2,71,81,,153,116
892,summoner-373682,893,Snurbox,Diamond 2,71,64,,145,134
893,summoner-13892126,894,márquez vladimir,Diamond 2,71,58,,74,59
894,summoner-7570803,895,NanoSauriu,Diamond 2,69,143,,217,209
895,summoner-349707,896,Ferruccio,Diamond 2,69,66,,46,36
896,summoner-2440596,897,Tenki,Diamond 2,68,83,,297,257
897,summoner-3680381,898,Lavenza,Diamond 2,68,65,,62,50
898,summoner-79800,899,Dr Cero MD,Diamond 2,68,36,,42,26
899,summoner-177321,900,KCG Arsa 1,Diamond 2,68,69,,39,17
900,summoner-627606,901,Siegman xd,Diamond 2,67,68,,93,91
901,summoner-4940271,902,Lapara23,Diamond 2,67,56,,77,60
902,summoner-87773,903,Garbage Riven,Diamond 2,67,87,,47,33
903,summoner-5320190,904,GT Ofwar,Diamond 2,66,112,,234,216
904,summoner-1010698,905,DTD HellBlaxer,Diamond 2,66,96,,138,127
905,summoner-649440,906,xxxKALINDORxxx,Diamond 2,66,48,,105,76
906,summoner-282266,907,Raaay,Diamond 2,66,49,,76,68
907,summoner-143341,908,Mr HotCake,Diamond 2,65,139,,118,112
908,summoner-5041563,909,DukiT,Diamond 2,65,84,,94,70
909,summoner-9230363,910,Wonder,Diamond 2,65,40,,93,53
910,summoner-640427,911,Nagą,Diamond 2,64,127,,269,229
911,summoner-53584,912,KingFish,Diamond 2,64,91,,239,225
912,summoner-27961,913,AlexZetroc,Diamond 2,64,70,,236,218
913,summoner-280715,914,The Blind King,Diamond 2,64,94,,236,229
914,summoner-137626,915,Waverly Place,Diamond 2,64,76,,80,67
915,summoner-14471755,916,Hisie,Diamond 2,64,67,,72,71
916,summoner-15880480,917,TRUMPS WALLS,Diamond 2,63,38,,58,24
917,summoner-4003201,918,ADC SLAYER KR,Diamond 2,62,89,,251,248
918,summoner-51178,919,StraiderV2,Diamond 2,62,121,,240,230
919,summoner-1374477,920,Ultimate Hunter,Diamond 2,62,118,,219,211
920,summoner-438523,921,King Jon,Diamond 2,62,114,,195,179
921,summoner-16132923,922,llIlllllllllIll,Diamond 2,62,43,,107,75
922,summoner-532418,923,DOKKAEBI,Diamond 2,62,50,,50,23
923,summoner-6001640,924,xXvastagoXx,Diamond 2,61,46,,137,98
924,summoner-127238,925,I2I,Diamond 2,60,71,,251,230
925,summoner-181748,926,BunnBunnn,Diamond 2,60,92,,153,141
926,summoner-1153925,927,Seis Colores,Diamond 2,59,112,,224,208
927,summoner-9991796,928,Esaeon,Diamond 2,59,71,,215,222
928,summoner-192614,929,Nelsohn,Diamond 2,59,92,,172,166
929,summoner-92344,930,REKKLES FAN No 1,Diamond 2,59,65,,140,124
930,summoner-24111,931,jorgepereda,Diamond 2,59,70,,138,91
931,summoner-624349,932,WDs Happy,Diamond 2,59,67,,134,132
932,summoner-11310674,933,Useless Kogmaw,Diamond 2,59,48,,105,66
933,summoner-168620,934,Pingwii,Diamond 2,58,124,,318,307
934,summoner-1000537,935,lMaluma,Diamond 2,58,127,,185,174
935,summoner-25191,936,Dez x,Diamond 2,58,79,,136,123
936,summoner-1296476,937,CB Jetfree,Diamond 2,58,94,,124,96
937,summoner-212515,938,Sleepwire,Diamond 2,58,57,,107,65
938,summoner-389077,939,Fìro,Diamond 2,57,131,,381,370
939,summoner-530824,940,Azure Rathalos,Diamond 2,57,64,,216,176
940,summoner-9150152,941,Justin LFT,Diamond 2,57,86,,213,199
941,summoner-16280146,942,Strong Armed Jax,Diamond 2,57,49,,172,131
942,summoner-158642,943,Arclightdlx,Diamond 2,57,49,,130,68
943,summoner-4573722,944,Hielø,Diamond 2,57,115,,123,114
944,summoner-12924336,945,Panqué,Diamond 2,57,73,,96,70
945,summoner-5210476,946,BlackDestinity,Diamond 2,56,113,,101,73
946,summoner-211084,947,Ðánte,Diamond 2,55,65,,194,149
947,summoner-1608913,948,BaconEater,Diamond 2,55,80,,168,168
948,summoner-94458,949,Nevohteeb,Diamond 2,55,114,,158,137
949,summoner-529543,950,La La Lanthys,Diamond 2,55,79,,152,143
950,summoner-21126,951,punketo,Diamond 2,55,66,,101,93
951,summoner-487004,952,BOOST 4 NUDES,Diamond 2,54,102,,199,192
952,summoner-1395671,953,skillmouze,Diamond 2,54,136,,170,169
953,summoner-1313311,954,SnowBoyz,Diamond 2,54,137,,170,160
954,summoner-423722,955,Luiixs,Diamond 2,54,57,,96,79
955,summoner-74991,956,CaMo,Diamond 2,54,60,,65,48
956,summoner-8540147,957,HandGün,Diamond 2,53,87,,241,239
957,summoner-89879,958,Richi LZ,Diamond 2,53,77,,209,181
958,summoner-667249,959,Synyst3r,Diamond 2,53,130,,171,158
959,summoner-1321419,960,Yüge,Diamond 2,53,121,,150,135
960,summoner-612876,961,Lunka,Diamond 2,53,85,,113,74
961,summoner-1041975,962,Murillo Sama,Diamond 2,53,49,,79,76
962,summoner-4560150,963,Dracs,Diamond 2,52,77,,243,200
963,summoner-294667,964,jinxý,Diamond 2,52,46,,48,34
964,summoner-32327,965,Q flojera,Diamond 2,51,67,,161,136
965,summoner-164998,966,Kíro,Diamond 2,51,93,,141,139
966,summoner-4691320,967,7RS Zaot,Diamond 2,51,109,,131,129
967,summoner-293748,968,Lemo Senpai,Diamond 2,51,117,,121,119
968,summoner-33010,969,TheNarosOne,Diamond 2,51,94,,98,96
969,summoner-4082449,970,Ðead Høpe,Diamond 2,51,83,,75,54
970,summoner-4772253,971,VeraHilarious,Diamond 2,51,35,,54,22
971,summoner-190303,972,Shadow Flying,Diamond 2,50,94,,226,220
972,summoner-3472243,973,KT Sotelo,Diamond 2,50,99,,185,148
973,summoner-1162922,974,Ascéndant,Diamond 2,50,103,,171,156
974,summoner-79214,975,Lp3 Fieram,Diamond 2,50,109,,139,128
975,summoner-4472161,976,DLY DarkShot,Diamond 2,49,109,,269,266
976,summoner-2135855,977,Dopa Baby,Diamond 2,49,97,,199,175
977,summoner-1391305,978,Guthix18,Diamond 2,49,70,,107,94
978,summoner-84791,979,DragonRedBlood,Diamond 2,49,37,,67,26
979,summoner-4741700,980,GalaxyEsther,Diamond 2,49,35,,54,22
980,summoner-1742223,981,Le meilleur,Diamond 2,48,105,,412,382
981,summoner-3661729,982,GT SkyZir,Diamond 2,48,104,,166,157
982,summoner-304000,983,Ladyhawke,Diamond 2,48,112,,107,97
983,summoner-170113,984,MTT Young Savage,Diamond 2,47,126,,224,212
984,summoner-173564,985,Rylin,Diamond 2,47,90,,154,109
985,summoner-946863,986,ªTheEvolutionª,Diamond 2,47,100,,101,91
986,summoner-6532535,987,PhinxSitoO,Diamond 2,46,116,,454,437
987,summoner-383752,988,SW Lushen,Diamond 2,46,71,,134,107
988,summoner-4850748,989,Dovah King,Diamond 2,46,126,,103,89
989,summoner-455859,990,Pìka,Diamond 2,46,79,,87,83
990,summoner-1371071,991,Prøphet,Diamond 2,44,136,,261,247
991,summoner-5991957,992,l MikyWoodz l,Diamond 2,43,106,,219,182
992,summoner-299669,993,AnT Shield,Diamond 2,43,89,,89,78
993,summoner-400173,994,NutCoco,Diamond 2,43,57,,82,73
994,summoner-6401937,995,Prietoboy,Diamond 2,43,62,,81,65
995,summoner-7561560,996,Diana Cavendîsh,Diamond 2,43,81,,78,52
996,summoner-69999,997,Podz,Diamond 2,43,84,,76,61
997,summoner-426497,998,Baby Sonic,Diamond 2,43,46,,62,58
998,summoner-11971334,999,Venen1nMAKIO,Diamond 2,43,51,,57,24
999,summoner-4650487,1000,CORPUSHD,Diamond 2,42,88,,233,223
