#timestamp 1530165731435
#date 2018-06-28T06:02:11+00:00
#players 1000
#index,id,rank,name,tier,lp,level,proTeam,win,loss
0,summoner-12942655,1,RB Closer,Challenger,1327,82,,217,114
1,summoner-5539903,2,BUR Ragner,Challenger,918,76,,159,95
2,summoner-14654889,3,Mutant syndra,Challenger,909,136,,257,182
3,summoner-6071780,4,KEE Psychoferret,Challenger,876,96,,204,137
4,summoner-9674281,5,BrainAxe,Challenger,815,89,,168,108
5,summoner-2681152,6,S Ê R Î N,Challenger,656,144,,305,295
6,summoner-328836,7,woLqeyN,Challenger,651,58,,178,129
7,summoner-439758,8,LAXER,Challenger,647,103,,191,144
8,summoner-15224533,9,Dünya Gül Bana,Challenger,623,59,,191,130
9,summoner-17633408,10,POR Leeb,Challenger,614,120,,158,107
10,summoner-11695199,11,FF MACHINE XD,Challenger,608,147,,457,395
11,summoner-1472144,12,Leeryy,Challenger,580,120,,176,132
12,summoner-16074977,13,XOne,Challenger,572,197,,204,160
13,summoner-5741715,14,Jeyrus,Challenger,556,104,,367,322
14,summoner-2987157,15,POR Rate,Challenger,551,160,,157,114
15,summoner-5369900,16,leşlifeonur,Challenger,528,105,,291,252
16,summoner-492484,17,skatcher811081,Challenger,527,126,,213,164
17,summoner-1330298,18,Xerath Pyhoxus,Challenger,516,112,,183,146
18,summoner-11014575,19,Drogo XD,Challenger,500,53,,157,62
19,summoner-10111701,20,XX X MMXVI,Challenger,487,135,,135,88
20,summoner-3012659,21,MâniacNiTRo,Challenger,468,71,,236,170
21,summoner-17316284,22,Leafe10,Challenger,463,124,,538,470
22,summoner-2945325,23,Mad Daddy,Challenger,458,93,,186,147
23,summoner-4024012,24,Lesley,Challenger,456,70,,209,128
24,summoner-19432779,25,ÂDETULLAH,Challenger,456,54,,184,120
25,summoner-631300,26,kill me irl,Challenger,446,131,,220,181
26,summoner-901919,27,Sparz,Challenger,444,76,,96,48
27,summoner-11844621,28,ødysséiA,Challenger,435,106,,290,204
28,summoner-3001673,29,BalamirH4N,Challenger,433,59,,150,123
29,summoner-13550182,30,Wency,Challenger,428,168,,501,462
30,summoner-3015679,31,Ãeglos,Challenger,428,74,,218,170
31,summoner-3560128,32,Minigger,Challenger,414,93,,173,126
32,summoner-1041140,33,Legorn,Challenger,411,108,,171,132
33,summoner-1090192,34,LeBron Jamês,Challenger,396,71,,194,155
34,summoner-1397288,35,AYÇA 22,Challenger,396,83,,166,135
35,summoner-20051775,36,zxcvbnmjkl,Challenger,394,52,,160,108
36,summoner-19273241,37,l MID 4 RETARDS,Challenger,384,66,,235,174
37,summoner-16992308,38,Ririna,Challenger,380,69,,259,171
38,summoner-7870235,39,LLoncept,Challenger,377,73,,129,88
39,summoner-19260842,40,rouletteshi,Challenger,365,41,,107,45
40,summoner-1802823,41,Noralive,Challenger,361,136,,328,285
41,summoner-2023949,42,Barcodekiller389,Challenger,360,130,,436,378
42,summoner-3365797,43,Tîmcânpy,Challenger,358,110,,183,151
43,summoner-1042120,44,e Girls DM mee,Challenger,356,84,,219,186
44,summoner-8480601,45,Koray Sins,Challenger,355,43,,129,77
45,summoner-190446,46,BoldZ v2,Challenger,354,108,,231,198
46,summoner-1371938,47,Unforgiven,Challenger,343,104,,124,94
47,summoner-2842893,48,Respect2me,Challenger,340,65,,185,148
48,summoner-15722507,49,gadurest,Challenger,337,74,,217,184
49,summoner-1055139,50,Reâlity,Challenger,333,123,,143,96
50,summoner-632258,51,Marine Biologist,Challenger,328,126,,397,369
51,summoner-409473,52,t o o f u n,Challenger,328,83,,192,136
52,summoner-1230728,53,Buck Fuddy,Challenger,325,116,,235,205
53,summoner-19274759,54,SêpuLtura,Challenger,324,48,,139,82
54,summoner-5677463,55,Tayfun Aga,Challenger,323,146,,511,468
55,summoner-5923836,56,çingen furkan,Challenger,321,100,,152,104
56,summoner-17227741,57,Parçalar Elim,Challenger,317,47,,140,88
57,summoner-5397632,58,KevinRudolf,Challenger,311,81,,176,140
58,summoner-3496869,59,GossipÇÖP,Challenger,308,109,,314,259
59,summoner-9917313,60,Andikkkk,Challenger,306,61,,151,113
60,summoner-6229240,61,get ones eye in,Challenger,302,101,,242,213
61,summoner-12863740,62,S A Ń C A K,Challenger,299,81,,133,84
62,summoner-4104203,63,Krakis,Challenger,297,88,,174,133
63,summoner-2780656,64,Kitai,Challenger,295,114,,512,483
64,summoner-1206958,65,FireNova,Challenger,295,62,,100,66
65,summoner-9465703,66,Zulja,Challenger,294,120,,211,167
66,summoner-12066026,67,Lyką,Challenger,289,107,,127,108
67,summoner-2332263,68,Shizuneee,Challenger,288,85,,248,195
68,summoner-6021787,69,Zhao,Challenger,284,106,,242,185
69,summoner-3124157,70,Alexis,Challenger,280,110,,497,446
70,summoner-2261127,71,Berentt,Challenger,280,48,,125,74
71,summoner-18628578,72,umoraki,Challenger,276,84,,218,164
72,summoner-1631360,73,hi im Peydos,Challenger,275,120,,468,419
73,summoner-5633740,74,impress,Challenger,273,118,,355,322
74,summoner-9294148,75,Porygoñ,Challenger,272,59,,192,124
75,summoner-13412983,76,Volanthius,Challenger,271,165,,273,240
76,summoner-9301294,77,bate,Challenger,271,106,,218,165
77,summoner-18071804,78,Agape,Challenger,270,110,,181,155
78,summoner-784869,79,GF ClyDee,Challenger,267,114,,121,90
79,summoner-17067701,80,Nêath,Challenger,266,68,,178,149
80,summoner-3003640,81,Á n d ú r í Ł,Challenger,265,136,,417,388
81,summoner-13340126,82,Snophén,Challenger,263,86,,204,183
82,summoner-19310914,83,Memcükebildir123,Challenger,262,113,,452,399
83,summoner-7990365,84,Arphilion,Challenger,262,78,,171,139
84,summoner-3632594,85,Sergen Aga,Challenger,261,123,,592,557
85,summoner-3461152,86,Crushing Blow M,Challenger,261,74,,122,90
86,summoner-2001483,87,Shínya is love,Challenger,261,60,,113,76
87,summoner-4339091,88,PRAY FOR UR MOM,Challenger,260,86,,196,155
88,summoner-2790359,89,S 1 M P L 3,Challenger,259,139,,214,187
89,summoner-17124712,90,Bláznivý,Challenger,258,197,,672,650
90,summoner-3025135,91,Nakó,Challenger,258,86,,253,222
91,summoner-4612550,92,RîquA,Challenger,255,112,,347,281
92,summoner-10773618,93,Antigøne,Challenger,250,124,,153,119
93,summoner-10810129,94,Míshøn,Challenger,249,297,,139,105
94,summoner-5901512,95,Mr Tâvil,Challenger,246,136,,247,219
95,summoner-4909214,96,POR Petrichor,Challenger,244,123,,341,319
96,summoner-2251380,97,FOK GÜCÜ,Challenger,244,83,,297,260
97,summoner-2592772,98,lTÜPÇÜl,Challenger,241,101,,332,301
98,summoner-4888169,99,EienLykia,Challenger,241,100,,307,287
99,summoner-2471201,100,Sarcasmom,Challenger,241,88,,274,242
100,summoner-9211045,101,TheTrueAddwL,Challenger,239,83,,180,124
101,summoner-4403361,102,Sir Ramione,Challenger,238,118,,327,259
102,summoner-1202321,103,Smith Morra,Challenger,238,121,,297,267
103,summoner-2951827,104,Joe Cat,Challenger,238,136,,244,210
104,summoner-14286741,105,alessa savage,Challenger,237,117,,101,54
105,summoner-4530844,106,Mystıc,Challenger,231,92,,239,201
106,summoner-409885,107,Darrick,Challenger,230,93,,205,152
107,summoner-4130505,108,S T A L K É R,Challenger,227,104,,191,155
108,summoner-3905354,109,Skraaj,Challenger,227,84,,160,136
109,summoner-6080544,110,Zeaste,Challenger,226,73,,135,109
110,summoner-2622035,111,Akif CELİK,Challenger,221,91,,287,259
111,summoner-3413383,112,ShKlezz,Challenger,221,112,,248,221
112,summoner-5383566,113,WoD Reimuu,Challenger,220,92,,151,117
113,summoner-1560512,114,PrimeWalking,Challenger,219,89,,255,216
114,summoner-2565354,115,Rage of Wind,Challenger,216,92,,319,272
115,summoner-762303,116,itachi was taken,Challenger,215,138,,183,155
116,summoner-3162287,117,Naos,Challenger,215,84,,153,123
117,summoner-2814118,118,OnurTemiz,Challenger,213,96,,278,255
118,summoner-16272608,119,BlacKusq,Challenger,212,66,,222,148
119,summoner-3615574,120,CoreI5,Challenger,212,70,,222,141
120,summoner-18554244,121,TEKÇİ,Challenger,211,75,,150,112
121,summoner-10987706,122,Mitsuki Nase,Challenger,210,133,,365,330
122,summoner-17071277,123,kekec,Challenger,207,86,,121,97
123,summoner-418805,124,Hidokai,Challenger,206,88,,284,226
124,summoner-4064875,125,Diass,Challenger,206,115,,238,211
125,summoner-8934156,126,SadeceSoraka31,Challenger,201,120,,417,376
126,summoner-11754920,127,Swift Shauna,Challenger,199,83,,110,84
127,summoner-17101289,128,ONLY KAYN BOYZ,Challenger,198,65,,145,112
128,summoner-4526859,129,BABANIZ DrâvéN,Challenger,196,89,,313,278
129,summoner-5849695,130,Fure,Challenger,196,131,,264,240
130,summoner-5586418,131,I Love Redheads,Challenger,195,98,,249,231
131,summoner-12862973,132,Kituruken,Challenger,194,122,,443,377
132,summoner-18703713,133,throfithalvar,Challenger,192,52,,152,98
133,summoner-4120203,134,Whîskey,Challenger,191,168,,401,353
134,summoner-3844368,135,yvz,Challenger,188,64,,222,140
135,summoner-10212197,136,Duygu,Challenger,188,76,,162,136
136,summoner-4202345,137,At BaIığı,Challenger,187,114,,178,158
137,summoner-17654430,138,PUBGOSU,Challenger,186,107,,319,288
138,summoner-5108530,139,İ N G İ L İ Z,Challenger,185,125,,441,403
139,summoner-7414102,140,FreshKiller01,Challenger,185,104,,257,237
140,summoner-1825225,141,Sephirøth,Challenger,184,98,,330,309
141,summoner-3663994,142,Rułer,Challenger,183,117,,540,514
142,summoner-192784,143,ANİVYÜ,Challenger,183,67,,158,133
143,summoner-3544372,144,Senior Lux,Challenger,182,94,,205,177
144,summoner-1390949,145,Magina,Challenger,181,93,,281,220
145,summoner-16973701,146,RandOx,Challenger,181,63,,164,112
146,summoner-7588349,147,LOX ˉˆˆˉ IAS,Challenger,180,56,,161,108
147,summoner-4123701,148,spankî,Challenger,177,111,,199,167
148,summoner-3941292,149,LifeInTheDark,Challenger,176,140,,551,516
149,summoner-6471531,150,znoxLKAT,Challenger,176,103,,146,122
150,summoner-16960128,151,Shluffy,Challenger,174,63,,117,78
151,summoner-2890281,152,Pijamas,Challenger,173,102,,284,246
152,summoner-1290337,153,PoiNLoYd,Challenger,173,69,,138,102
153,summoner-17197161,154,Mr Âykénzô,Challenger,171,88,,273,218
154,summoner-391944,155,Bułgar,Challenger,170,166,,200,157
155,summoner-6560286,156,Darqinx,Challenger,169,98,,222,183
156,summoner-1891774,157,RNG Rhioni,Challenger,169,114,,194,164
157,summoner-15854677,158,estheem 11111,Challenger,169,106,,158,122
158,summoner-3315436,159,NR RespecT,Challenger,168,81,,79,51
159,summoner-762554,160,Todo,Challenger,167,118,,283,257
160,summoner-15633212,161,elvesztése,Challenger,167,87,,246,227
161,summoner-1222043,162,Nuke,Challenger,165,74,,229,203
162,summoner-17076356,163,KvmGaws,Challenger,165,64,,198,133
163,summoner-1620478,164,PGS Natsu,Challenger,164,111,,336,309
164,summoner-2410209,165,Çalıda Ekrem,Challenger,164,79,,184,138
165,summoner-8690134,166,Akmert515,Challenger,160,89,,309,280
166,summoner-17992869,167,Rudgerus,Challenger,159,110,,341,302
167,summoner-7617520,168,PÂNNNUUU,Challenger,159,91,,147,114
168,summoner-13371243,169,GangpIank,Challenger,158,99,,101,71
169,summoner-16984200,170,Yaren is my god,Challenger,157,109,,333,302
170,summoner-19715148,171,Mornîngstarr,Challenger,156,53,,166,125
171,summoner-950341,172,Karuza,Challenger,151,110,,335,308
172,summoner-344984,173,Jester ADC,Challenger,150,147,,277,234
173,summoner-17288280,174,Radhruin,Challenger,150,91,,132,109
174,summoner-2832591,175,Khän,Challenger,149,105,,119,91
175,summoner-16093696,176,Lilithse,Challenger,148,132,,506,475
176,summoner-1871258,177,LordHACI,Challenger,147,78,,171,143
177,summoner-11203184,178,greendick,Challenger,147,43,,102,40
178,summoner-9795529,179,GET HYPED,Challenger,146,45,,117,62
179,summoner-9210868,180,ský,Challenger,146,43,,85,36
180,summoner-2472026,181,shook,Challenger,144,89,,217,194
181,summoner-3541396,182,My Life QQ,Challenger,143,114,,247,205
182,summoner-2463269,183,SEFKANRAYT,Challenger,140,138,,684,676
183,summoner-12360760,184,DFM MrKaplumba,Challenger,140,75,,194,168
184,summoner-11032139,185,AnyoneEver,Challenger,138,85,,173,131
185,summoner-466416,186,YTUBE Cruellalol,Challenger,137,92,,177,132
186,summoner-1862200,187,Hellhone,Challenger,137,80,,167,136
187,summoner-13620953,188,Kening Dogsuli,Challenger,136,82,,201,130
188,summoner-5251294,189,JrOpter0n,Challenger,135,84,,289,171
189,summoner-9588810,190,Darwin GG,Challenger,133,68,,130,101
190,summoner-4601344,191,reForged,Challenger,132,80,,211,190
191,summoner-12114247,192,Meshade,Challenger,132,106,,180,152
192,summoner-6936837,193,xyz657,Challenger,128,120,,429,395
193,summoner-2682301,194,Zed Scripter,Challenger,128,121,,378,347
194,summoner-12294319,195,Rihannâ,Challenger,125,105,,247,227
195,summoner-18334045,196,qweqw,Challenger,125,63,,223,160
196,summoner-384676,197,Starbeh,Challenger,123,79,,295,230
197,summoner-14205506,198,A Günkızıl,Challenger,121,94,,287,258
198,summoner-5031515,199,babişko,Challenger,121,81,,179,152
199,summoner-16909730,200,U  F  Ø  361,Challenger,120,97,,151,109
200,summoner-9463002,201,Mateja96,Master,156,43,,123,70
201,summoner-16846661,202,Silver Lee Sin,Master,149,95,,422,336
202,summoner-5871200,203,RentâllionN,Master,136,111,,322,293
203,summoner-2624583,204,Sytnhôl,Master,135,109,,322,297
204,summoner-15500536,205,Skypture TR,Master,135,90,,109,84
205,summoner-16411374,206,Jaxres,Master,118,90,,163,139
206,summoner-10551500,207,şampıon01hsyn,Master,117,106,,222,186
207,summoner-12961518,208,Liyas Littl Lion,Master,117,54,,153,101
208,summoner-337117,209,Wizard of Riga,Master,114,159,,133,112
209,summoner-15934043,210,Terence Tao,Master,114,99,,88,60
210,summoner-530974,211,Calvin,Master,111,150,,282,256
211,summoner-914241,212,Jakø,Master,111,86,,228,212
212,summoner-3102930,213,Ökkeş,Master,111,60,,121,107
213,summoner-4578592,214,Sâkata Gintoki,Master,109,96,,273,252
214,summoner-2935331,215,Commander07,Master,109,86,,214,189
215,summoner-3326440,216,TheZizun,Master,109,126,,195,162
216,summoner-1410832,217,lamLaZ 61,Master,109,65,,153,110
217,summoner-186372,218,ð ð ð ð ð ð,Master,108,99,,282,264
218,summoner-622015,219,TheBafu,Master,108,82,,89,64
219,summoner-20444424,220,TØLAS,Master,107,44,,118,83
220,summoner-17258400,221,Iron necklace,Master,106,63,,177,116
221,summoner-399382,222,Dexedrinee,Master,103,92,,270,247
222,summoner-2693317,223,BORAN NASHOR,Master,103,103,,263,237
223,summoner-18623065,224,dalga fısmış,Master,103,55,,183,125
224,summoner-3573593,225,hutzsi,Master,102,95,,382,357
225,summoner-17027682,226,Dad is CooL,Master,102,62,,260,234
226,summoner-1870644,227,REBØRN,Master,102,92,,155,75
227,summoner-3634495,228,Eäwì,Master,102,96,,114,94
228,summoner-11051420,229,So was Vigilante,Master,101,105,,250,233
229,summoner-2692098,230,RâexeL,Master,100,147,,210,177
230,summoner-17145759,231,Vagué,Master,99,80,,226,204
231,summoner-12904297,232,Ońur,Master,98,72,,201,180
232,summoner-459508,233,JawerN,Master,96,91,,245,226
233,summoner-9540655,234,VGM Rudgerus,Master,96,92,,143,120
234,summoner-2342292,235,SchuJarzenegger,Master,95,123,,421,394
235,summoner-7073232,236,tuniş,Master,92,152,,266,245
236,summoner-5968943,237,Paşazade,Master,92,70,,228,168
237,summoner-2324564,238,mahluk,Master,92,116,,207,168
238,summoner-3377308,239,As for myself,Master,91,85,,215,188
239,summoner-6482218,240,The Masseur,Master,90,102,,373,347
240,summoner-14270695,241,Dunked By Majon,Master,90,93,,122,79
241,summoner-3812406,242,Simay,Master,89,92,,384,353
242,summoner-3084909,243,Jpy,Master,89,66,,176,161
243,summoner-1411888,244,Madwolfff,Master,89,74,,103,72
244,summoner-5730473,245,Latch Da Beach,Master,87,121,,298,277
245,summoner-860901,246,ShintenRaiho,Master,87,87,,83,55
246,summoner-530729,247,Gency,Master,86,92,,119,80
247,summoner-404234,248,The Missing Link,Master,84,90,,188,167
248,summoner-8471033,249,MOMER02,Master,80,96,,123,91
249,summoner-10683571,250,Alicaldjkpl,Master,79,45,,120,61
250,summoner-17090535,251,duernte,Master,79,74,,118,91
251,summoner-6499617,252,Doodlêz,Master,75,112,,337,314
252,summoner-1474207,253,BènX,Master,75,104,,326,296
253,summoner-5958232,254,mystiqué,Master,75,108,,121,101
254,summoner-2477055,255,FivePawns,Master,73,95,,322,305
255,summoner-17085082,256,overrated as fck,Master,73,70,,212,155
256,summoner-16981971,257,Ulfrîc,Master,72,118,,315,286
257,summoner-15340544,258,impEtus X,Master,70,66,,184,150
258,summoner-5593147,259,DFM Axertha,Master,68,77,,146,108
259,summoner-12200173,260,XeniaJR,Master,67,256,,409,371
260,summoner-4743713,261,innocent one,Master,66,94,,123,99
261,summoner-3731722,262,We Are NEGANN,Master,63,110,,250,227
262,summoner-8505174,263,Chakenzai,Master,61,110,,236,208
263,summoner-14965551,264,Thê king is back,Master,60,95,,236,198
264,summoner-3940399,265,OZURDILERIM,Master,58,164,,459,440
265,summoner-3025812,266,Sıçtım Swain,Master,57,39,,75,26
266,summoner-2863971,267,EZEL BÅYRÅKTÅR,Master,56,74,,124,105
267,summoner-2514858,268,Yîğit,Master,55,86,,241,210
268,summoner-1234588,269,larssssssssssss,Master,54,101,,365,333
269,summoner-2445417,270,Ogdur,Master,54,70,,158,141
270,summoner-5217681,271,Milk N Chocolate,Master,53,61,,158,106
271,summoner-12894491,272,Anais GG,Master,53,67,,158,130
272,summoner-11850212,273,TurkishSide,Master,53,61,,133,111
273,summoner-2603591,274,Avengers51,Master,53,55,,65,35
274,summoner-18643857,275,WHERESTHELOVE,Master,52,64,,239,193
275,summoner-2971756,276,Cârvên,Master,49,120,,260,223
276,summoner-2387960,277,ADFGAWDGREAGR,Master,47,117,,388,336
277,summoner-9125548,278,QEWQWQEEWQ,Master,47,118,,267,235
278,summoner-19602558,279,sSTUFFEDs,Master,47,60,,233,178
279,summoner-16512631,280,Broliã,Master,47,42,,88,38
280,summoner-18490736,281,rekuNN,Master,45,63,,114,71
281,summoner-15553691,282,Void Prophet,Master,44,154,,126,92
282,summoner-9074362,283,Zodiac v2,Master,42,98,,184,161
283,summoner-2613673,284,Uncle Alberto,Master,39,99,,434,411
284,summoner-12214374,285,MechaZer0Sion,Master,39,53,,118,104
285,summoner-8203161,286,rtysdfxcv,Master,38,152,,413,394
286,summoner-18423931,287,karı arıyorum,Master,37,107,,384,345
287,summoner-13912010,288,ll Wolke,Master,37,89,,246,199
288,summoner-1400601,289,DIMWIT KEBABS,Master,37,101,,101,81
289,summoner-6245562,290,Câxee,Master,36,67,,146,124
290,summoner-3004672,291,FurkanoHot,Master,36,76,,103,79
291,summoner-264974,292,PRENSESBORANCAN,Master,34,121,,241,219
292,summoner-2274903,293,Sycorax,Master,33,97,,242,225
293,summoner-5802731,294,Phatonix,Master,33,109,,161,149
294,summoner-3004482,295,ÇİTOZ,Master,32,123,,447,416
295,summoner-399094,296,ASol,Master,32,109,,231,216
296,summoner-10303979,297,EKnocKOut,Master,31,87,,244,206
297,summoner-1815071,298,slyxie,Master,30,99,,316,298
298,summoner-2693457,299,84266,Master,30,101,,295,278
299,summoner-18023858,300,ClarenoTALON,Master,30,69,,216,159
300,summoner-861346,301,Smite,Master,30,101,,175,158
301,summoner-503242,302,hi im Pyrotoxin,Master,29,74,,109,82
302,summoner-304639,303,I Need coffee,Master,27,124,,86,52
303,summoner-6620461,304,XN apoyo,Master,27,43,,85,40
304,summoner-263496,305,Tákeshi Kovacs,Master,26,114,,225,209
305,summoner-8484434,306,Zolf J Kimbley,Master,26,98,,153,128
306,summoner-298708,307,Zımpala,Master,26,75,,150,116
307,summoner-19470751,308,B4HADiR,Master,25,43,,110,68
308,summoner-11041989,309,ŞATTAFAKAP,Master,24,60,,218,165
309,summoner-3643623,310,DT DeaTHDReaM,Master,23,115,,433,396
310,summoner-511626,311,cRuger02,Master,23,44,,79,39
311,summoner-9755411,312,ESKORT TURGAYCAN,Master,22,87,,95,72
312,summoner-10533525,313,TU TU KIS KIS,Master,21,97,,310,293
313,summoner-241742,314,Invoker XD,Master,21,69,,147,122
314,summoner-4319453,315,Zia,Master,21,67,,115,93
315,summoner-4247903,316,Pukka,Master,20,103,,252,223
316,summoner-4857476,317,Whatsaapp,Master,20,51,,160,77
317,summoner-3848628,318,Kumsal is my god,Master,19,104,,255,220
318,summoner-4218078,319,POR magmagnafic,Master,19,124,,254,238
319,summoner-2335775,320,Start3r,Master,19,43,,105,64
320,summoner-5182976,321,Mây,Master,19,185,,88,60
321,summoner-13069641,322,Svenska Lodjur,Master,17,78,,296,231
322,summoner-2983877,323,YaHOOs,Master,17,143,,223,207
323,summoner-5270173,324,la case de mokar,Master,16,86,,279,234
324,summoner-4874422,325,Lil Puddin,Master,16,148,,202,191
325,summoner-2017910,326,Scarlet,Master,16,73,,180,164
326,summoner-11833574,327,Ozan237,Master,15,59,,80,58
327,summoner-2481332,328,Uchihà Sasukè,Master,10,146,,413,395
328,summoner-18684465,329,281197250397,Master,9,41,,73,34
329,summoner-4542390,330,Koda,Master,8,124,,480,426
330,summoner-2074525,331,De Morgên,Master,7,74,,258,208
331,summoner-6921785,332,IIlIIlllIIl,Master,6,52,,137,101
332,summoner-1470608,333,DELLAL,Master,4,117,,441,432
333,summoner-6248596,334,Y Ä T O,Master,3,127,,515,492
334,summoner-1214480,335,yetkin,Master,1,110,,195,173
335,summoner-8532845,336,İLİŞ,Master,0,129,,536,512
336,summoner-15985018,337,Gødlîkê Cârry,Master,0,129,,505,475
337,summoner-1331822,338,Deannn,Master,0,95,,285,266
338,summoner-14150653,339,Maserati Ghibli,Master,0,132,,270,228
339,summoner-5943428,340,DatDrag,Master,0,118,,266,240
340,summoner-2365749,341,zab,Master,0,74,,261,241
341,summoner-1741177,342,Elijah Wood,Master,0,189,,253,208
342,summoner-500565,343,Trielbaenre,Master,0,95,,234,219
343,summoner-13940643,344,ThreeLeg WellKoz,Master,0,143,,217,189
344,summoner-5835541,345,sarbas,Master,0,78,,198,139
345,summoner-361101,346,HWA Cat,Master,0,96,,197,178
346,summoner-8454677,347,BEN YAYINCIYIM,Master,0,59,,194,130
347,summoner-18023857,348,FLAXİEN BABA,Master,0,72,,190,160
348,summoner-16712334,349,NovalTheChalange,Master,0,65,,187,137
349,summoner-238921,350,LP Warrior,Master,0,79,,186,158
350,summoner-11703058,351,Magnès,Master,0,193,,185,144
351,summoner-2687584,352,METALLICA1,Master,0,78,,177,157
352,summoner-1030335,353,SHLS Frank,Master,0,60,,174,133
353,summoner-11952858,354,Eskort Xayah,Master,0,149,,173,126
354,summoner-823565,355,MarjínaL,Master,0,130,,168,141
355,summoner-1850479,356,Ssssumdayy,Master,0,88,,156,124
356,summoner-5396815,357,Acwel QQ,Master,0,71,,152,129
357,summoner-13640577,358,rekkles smurf,Master,0,108,,128,90
358,summoner-1151073,359,Spîder Mârksman,Master,0,48,,127,105
359,summoner-2621863,360,Etâng,Master,0,65,,113,89
360,summoner-2272888,361,int king,Master,0,96,,110,84
361,summoner-289914,362,Dirty Mind,Master,0,81,,109,94
362,summoner-18543829,363,SK Murphy,Master,0,77,,108,56
363,summoner-1471569,364,StarScreen,Master,0,72,,73,50
364,summoner-453710,365,LIG IF LIGINS,Diamond 1,76,125,,518,476
365,summoner-16013765,366,Screwer,Diamond 1,100,116,,482,465
366,summoner-203773,367,FileliÇorapSever,Diamond 1,100,107,,343,325
367,summoner-18361013,368,TK Arrow,Diamond 1,100,94,,335,312
368,summoner-443608,369,sofresh,Diamond 1,100,83,,291,267
369,summoner-7856962,370,ula puf,Diamond 1,100,82,,264,180
370,summoner-1790434,371,Bicky,Diamond 1,100,91,,209,188
371,summoner-1690755,372,POR creationAWS,Diamond 1,100,94,,207,166
372,summoner-9890501,373,Akarulez,Diamond 1,100,134,,206,163
373,summoner-812516,374,Afelion,Diamond 1,100,71,,173,130
374,summoner-18888129,375,Deyjey,Diamond 1,100,53,,169,84
375,summoner-7870690,376,RaploverrSmurf,Diamond 1,100,61,,166,131
376,summoner-4580434,377,Killenjak,Diamond 1,100,67,,166,134
377,summoner-7449776,378,Xonarr,Diamond 1,100,63,,148,119
378,summoner-17856219,379,MATHÝ,Diamond 1,100,65,,120,94
379,summoner-12707180,380,ıLegolası,Diamond 1,100,42,,119,72
380,summoner-520835,381,720P HasanKoken,Diamond 1,100,73,,110,89
381,summoner-3293325,382,Madlyy,Diamond 1,100,88,,107,82
382,summoner-1072502,383,Closed Angel,Diamond 1,100,55,,87,40
383,summoner-4503798,384,Glxy,Diamond 1,100,43,,82,40
384,summoner-18842317,385,Pürqs,Diamond 1,100,40,,70,25
385,summoner-680851,386,KEBAB WONDERLAND,Diamond 1,100,43,,51,32
386,summoner-3923534,387,qooqLeS26,Diamond 1,98,69,,232,160
387,summoner-16552675,388,Nemeã,Diamond 1,98,41,,95,45
388,summoner-13511600,389,Ksaez smurfer,Diamond 1,97,61,,140,96
389,summoner-14020187,390,EfsaneSavaşçı6,Diamond 1,96,85,,148,66
390,summoner-4193701,391,Edelmiro,Diamond 1,96,88,,34,14
391,summoner-20272895,392,jovetic,Diamond 1,95,34,,46,5
392,summoner-4056591,393,Adrian Aries,Diamond 1,94,135,,400,409
393,summoner-9547765,394,Turadh,Diamond 1,94,150,,236,217
394,summoner-4619571,395,OzoGDK,Diamond 1,94,64,,202,148
395,summoner-20010140,396,Praunnor,Diamond 1,94,92,,163,123
396,summoner-3403195,397,Maybê One Dayˆ,Diamond 1,94,58,,86,59
397,summoner-9181688,398,TARANTULA KURU,Diamond 1,92,119,,327,315
398,summoner-17072310,399,JW GødLike,Diamond 1,92,70,,215,190
399,summoner-2300140,400,midqueenqueen,Diamond 1,91,78,,183,168
400,summoner-3673191,401,FURKAN BABA,Diamond 1,91,67,,51,22
401,summoner-5023332,402,Hazreti Nihilist,Diamond 1,90,115,,248,204
402,summoner-3602804,403,Solo Push To Win,Diamond 1,90,86,,213,174
403,summoner-283167,404,I LIKE B1TCHEZ,Diamond 1,90,90,,193,166
404,summoner-2070914,405,Smoke Some Weed,Diamond 1,90,69,,166,145
405,summoner-18560755,406,Luà,Diamond 1,90,49,,149,86
406,summoner-1491640,407,Dr Housê,Diamond 1,90,130,,149,132
407,summoner-1131668,408,013324042018,Diamond 1,90,79,,129,104
408,summoner-1652203,409,Utonyum144,Diamond 1,90,60,,111,89
409,summoner-321609,410,Prétch,Diamond 1,90,63,,107,72
410,summoner-2353439,411,Yeap,Diamond 1,90,75,,103,79
411,summoner-4341800,412,Luger,Diamond 1,90,48,,101,54
412,summoner-8271281,413,Cola4You,Diamond 1,90,64,,93,65
413,summoner-17083611,414,Kisei29,Diamond 1,90,40,,78,24
414,summoner-18355809,415,Nøâc,Diamond 1,90,39,,69,25
415,summoner-4225705,416,Carnagé,Diamond 1,90,104,,67,48
416,summoner-18720156,417,Park Jae hyuk,Diamond 1,90,48,,53,34
417,summoner-630838,418,Bâbe,Diamond 1,90,68,,42,14
418,summoner-3142283,419,STUCK  SEÇKİN,Diamond 1,89,105,,331,303
419,summoner-3630482,420,Šinged,Diamond 1,88,63,,205,171
420,summoner-4613557,421,Vitâlliøn,Diamond 1,88,88,,53,31
421,summoner-1401923,422,eViLGenius 1v9,Diamond 1,88,94,,53,31
422,summoner-920417,423,katilimsi,Diamond 1,87,71,,155,130
423,summoner-1302478,424,POR Moshi,Diamond 1,87,97,,111,80
424,summoner-10584639,425,QMali,Diamond 1,86,111,,285,249
425,summoner-3288798,426,Kordüks,Diamond 1,86,89,,264,242
426,summoner-2373670,427,Joe Jo,Diamond 1,86,142,,197,184
427,summoner-4534560,428,VEFA Bormen,Diamond 1,86,74,,134,115
428,summoner-458399,429,BuRU,Diamond 1,86,80,,113,94
429,summoner-451008,430,Revânche,Diamond 1,86,43,,84,51
430,summoner-5412477,431,Yaoi,Diamond 1,86,45,,81,63
431,summoner-20312956,432,IBaZGaRI,Diamond 1,86,34,,46,6
432,summoner-9214468,433,Achilles Heel,Diamond 1,85,115,,259,244
433,summoner-1722421,434,TRAKYALİ LEGSin,Diamond 1,85,112,,198,170
434,summoner-2673138,435,Agnus,Diamond 1,85,95,,197,187
435,summoner-13178245,436,Supreme Blâde,Diamond 1,84,53,,138,106
436,summoner-206960,437,üzgünüm,Diamond 1,84,68,,100,72
437,summoner-19463915,438,Vhorlyn,Diamond 1,83,41,,94,40
438,summoner-12074222,439,Y4B4dabaduu,Diamond 1,82,71,,154,122
439,summoner-9094103,440,süperali,Diamond 1,82,69,,143,97
440,summoner-12941226,441,LEŞMİR,Diamond 1,82,85,,132,93
441,summoner-4111772,442,Merida,Diamond 1,82,95,,102,80
442,summoner-6963600,443,noob184,Diamond 1,81,67,,217,219
443,summoner-3450616,444,ToXiC MaMi,Diamond 1,81,88,,121,97
444,summoner-386189,445,Coolscure,Diamond 1,81,88,,47,29
445,summoner-18673952,446,cba,Diamond 1,80,82,,180,137
446,summoner-4881645,447,OG Nae Sarang,Diamond 1,80,71,,134,117
447,summoner-1233823,448,TOP OĞULCAN,Diamond 1,80,56,,72,46
448,summoner-2014938,449,Eonwe,Diamond 1,79,46,,130,69
449,summoner-912141,450,Eonar,Diamond 1,79,104,,80,60
450,summoner-1196516,451,Evellie,Diamond 1,78,139,,431,411
451,summoner-12196457,452,2Excellion3,Diamond 1,78,50,,119,93
452,summoner-7173856,453,Heartbeat,Diamond 1,78,54,,69,47
453,summoner-7718787,454,Rholin,Diamond 1,77,102,,453,415
454,summoner-2420946,455,Mancer,Diamond 1,77,138,,150,100
455,summoner-3871289,456,Mahíru,Diamond 1,77,130,,61,38
456,summoner-2456696,457,Noname LowPlayer,Diamond 1,76,74,,210,167
457,summoner-4758077,458,Femour Wear,Diamond 1,76,86,,209,182
458,summoner-5706563,459,420 Taz,Diamond 1,76,59,,186,155
459,summoner-4094571,460,zef alien,Diamond 1,76,100,,167,138
460,summoner-2844672,461,Sulby,Diamond 1,76,46,,123,63
461,summoner-7065632,462,Hêy Mâmi,Diamond 1,76,99,,101,90
462,summoner-393674,463,Best Only Rengar,Diamond 1,76,62,,88,52
463,summoner-2263367,464,xdzc,Diamond 1,75,121,,464,400
464,summoner-466949,465,exanthe,Diamond 1,75,131,,440,384
465,summoner-3933061,466,ButtShark,Diamond 1,75,131,,413,376
466,summoner-285956,467,ilayday,Diamond 1,75,148,,398,386
467,summoner-2170445,468,Penguin MD,Diamond 1,75,80,,325,286
468,summoner-502177,469,Earl JR Smith,Diamond 1,75,100,,287,265
469,summoner-14665380,470,SHENER SHEN Q,Diamond 1,75,91,,283,219
470,summoner-11876516,471,Gui Mithy,Diamond 1,75,70,,272,233
471,summoner-10561565,472,Greyone,Diamond 1,75,96,,252,231
472,summoner-18365221,473,BaZGaR,Diamond 1,75,101,,238,201
473,summoner-1312459,474,Jr Biâ,Diamond 1,75,92,,236,150
474,summoner-16151323,475,Kinwald,Diamond 1,75,116,,231,193
475,summoner-3680926,476,PHNX Insec v2,Diamond 1,75,95,,226,214
476,summoner-752109,477,D İ C L O,Diamond 1,75,124,,216,190
477,summoner-4898789,478,Paixdia,Diamond 1,75,82,,215,193
478,summoner-5089037,479,Black DD,Diamond 1,75,107,,204,179
479,summoner-4628473,480,AIready Tilted,Diamond 1,75,114,,196,166
480,summoner-5631136,481,Kürt Böreğı,Diamond 1,75,61,,195,159
481,summoner-2071953,482,ln Vino Veritas,Diamond 1,75,72,,194,147
482,summoner-11105306,483,Wall eiV2,Diamond 1,75,62,,189,129
483,summoner-4745911,484,WoD Exyn0s,Diamond 1,75,96,,184,158
484,summoner-17676884,485,CHoNTaCI,Diamond 1,75,87,,181,173
485,summoner-4374244,486,Roppieeè,Diamond 1,75,68,,178,159
486,summoner-17091674,487,Ward,Diamond 1,75,77,,176,147
487,summoner-8899127,488,Masterian,Diamond 1,75,94,,168,156
488,summoner-2017452,489,A L T E O M I,Diamond 1,75,61,,166,130
489,summoner-4728294,490,mortiferûm,Diamond 1,75,66,,166,91
490,summoner-2012648,491,llIlIlIIIIll,Diamond 1,75,67,,151,138
491,summoner-11875924,492,Motor Fahriye,Diamond 1,75,65,,150,91
492,summoner-5825215,493,Inisiyatif,Diamond 1,75,50,,148,77
493,summoner-3871179,494,noname bombæ,Diamond 1,75,63,,143,108
494,summoner-2512973,495,Who Feed Instinc,Diamond 1,75,94,,142,117
495,summoner-351566,496,Ariandel,Diamond 1,75,124,,142,117
496,summoner-16430146,497,Pyros,Diamond 1,75,88,,139,116
497,summoner-1365971,498,The EGOLANTE,Diamond 1,75,53,,135,61
498,summoner-10023262,499,Mr 0gO,Diamond 1,75,113,,134,110
499,summoner-280176,500,Wasteee,Diamond 1,75,57,,133,106
500,summoner-883827,501,NaloT,Diamond 1,75,70,,131,108
501,summoner-5218621,502,Âce v3,Diamond 1,75,109,,130,111
502,summoner-453660,503,valkrie,Diamond 1,75,91,,130,87
503,summoner-3003794,504,Rokuu,Diamond 1,75,66,,118,83
504,summoner-425233,505,Hasan42,Diamond 1,75,51,,118,87
505,summoner-425732,506,HHHis,Diamond 1,75,55,,113,70
506,summoner-1383594,507,Sypnox,Diamond 1,75,60,,113,70
507,summoner-2377689,508,JİLET ÖZKAN,Diamond 1,75,63,,110,80
508,summoner-10330283,509,ates eden cocuk,Diamond 1,75,70,,109,93
509,summoner-792364,510,Let it die,Diamond 1,75,92,,107,82
510,summoner-14123224,511,DoğanDuru,Diamond 1,75,65,,103,76
511,summoner-1363501,512,Tod Veredelung,Diamond 1,75,74,,99,75
512,summoner-2064193,513,a little Dolphin,Diamond 1,75,44,,93,39
513,summoner-15964800,514,Gêrd,Diamond 1,75,45,,92,41
514,summoner-2017493,515,Ìcarus,Diamond 1,75,59,,88,58
515,summoner-3324961,516,Ban Camille,Diamond 1,75,71,,85,41
516,summoner-3926354,517,Dv MKT,Diamond 1,75,48,,85,59
517,summoner-4691512,518,dj umut1,Diamond 1,75,44,,83,56
518,summoner-15161971,519,Kavi,Diamond 1,75,154,,81,59
519,summoner-714105,520,Èomer,Diamond 1,75,48,,80,39
520,summoner-1072995,521,Madds,Diamond 1,75,55,,77,56
521,summoner-8040781,522,EliWood v2,Diamond 1,75,70,,73,37
522,summoner-4190967,523,Earworm,Diamond 1,75,53,,63,48
523,summoner-630477,524,PRS Lethenor,Diamond 1,74,93,,150,135
524,summoner-19415497,525,OmarsanN,Diamond 1,74,44,,87,56
525,summoner-2013412,526,mythege,Diamond 1,72,90,,207,191
526,summoner-14012418,527,Hı Im Beawulf,Diamond 1,72,81,,107,93
527,summoner-2032019,528,Sunsecz,Diamond 1,71,119,,368,356
528,summoner-460015,529,Maaaet,Diamond 1,71,63,,96,72
529,summoner-17090598,530,egirls stay away,Diamond 1,70,142,,362,355
530,summoner-2816116,531,Graciela,Diamond 1,70,71,,210,180
531,summoner-1780550,532,mrdkck,Diamond 1,70,75,,150,127
532,summoner-1531167,533,Sullâgârtsâ,Diamond 1,70,78,,146,124
533,summoner-5675883,534,Phost,Diamond 1,70,59,,125,110
534,summoner-4228986,535,hazard78,Diamond 1,69,65,,265,172
535,summoner-8942008,536,Usta Splinter,Diamond 1,69,122,,215,179
536,summoner-1804898,537,Glozér,Diamond 1,69,74,,137,127
537,summoner-429722,538,Rihavein,Diamond 1,69,83,,116,105
538,summoner-1386644,539,Cest La Vie,Diamond 1,69,95,,106,82
539,summoner-4057531,540,Pecueca 1v9,Diamond 1,69,67,,92,79
540,summoner-4604556,541,MARAŞ,Diamond 1,68,123,,361,352
541,summoner-3854044,542,Jackz,Diamond 1,68,91,,245,221
542,summoner-712912,543,Etoile,Diamond 1,68,108,,181,151
543,summoner-2555203,544,Luanté,Diamond 1,68,74,,146,100
544,summoner-1131058,545,PRS Lynx Scatter,Diamond 1,68,62,,141,109
545,summoner-6926615,546,Smøkê,Diamond 1,68,75,,104,66
546,summoner-2026566,547,Gilius,Diamond 1,68,80,,74,52
547,summoner-6651420,548,FATİŞ PERİ,Diamond 1,68,161,,64,55
548,summoner-3863716,549,Sup Plz,Diamond 1,68,70,,62,38
549,summoner-2571293,550,SépuLence,Diamond 1,67,108,,327,309
550,summoner-18851122,551,Naryâ,Diamond 1,67,94,,132,94
551,summoner-3580134,552,Murties,Diamond 1,67,75,,107,77
552,summoner-1060869,553,Miolâncy,Diamond 1,67,52,,78,64
553,summoner-2931477,554,Êray,Diamond 1,66,97,,294,252
554,summoner-3830734,555,Ohne Dich Algos,Diamond 1,66,110,,121,102
555,summoner-4623894,556,bomboş,Diamond 1,65,100,,299,293
556,summoner-17120664,557,MN Obliviate,Diamond 1,65,109,,229,208
557,summoner-19405690,558,TUNCELİLİ BELA,Diamond 1,65,79,,222,183
558,summoner-9020661,559,Keiâ,Diamond 1,65,94,,214,181
559,summoner-12208440,560,Chance2Win,Diamond 1,65,86,,163,154
560,summoner-7880397,561,i will destroy,Diamond 1,65,95,,145,132
561,summoner-2976892,562,Slâppy,Diamond 1,65,86,,112,98
562,summoner-1053098,563,Scepter,Diamond 1,65,79,,52,32
563,summoner-209018,564,Viktory,Diamond 1,64,110,,351,331
564,summoner-7364162,565,Yomigae,Diamond 1,64,118,,230,192
565,summoner-723403,566,Haylayf,Diamond 1,64,117,,209,186
566,summoner-11050820,567,Shimaka,Diamond 1,64,42,,87,55
567,summoner-3420536,568,Lanâ Del Rey,Diamond 1,63,116,,308,284
568,summoner-8853791,569,Hey Hey My My,Diamond 1,63,106,,215,198
569,summoner-1691094,570,im nøt turkish,Diamond 1,63,73,,149,135
570,summoner-319122,571,G E N l U S,Diamond 1,63,61,,147,104
571,summoner-1010182,572,Supra,Diamond 1,63,72,,68,54
572,summoner-11642235,573,Pix A Poor,Diamond 1,62,103,,387,337
573,summoner-13004496,574,Merïç,Diamond 1,62,87,,231,214
574,summoner-10031520,575,KAHPE ERKEKLER,Diamond 1,62,73,,136,71
575,summoner-377092,576,Luicsan,Diamond 1,61,65,,157,118
576,summoner-3513127,577,Còusîn,Diamond 1,61,115,,151,124
577,summoner-1881321,578,DVD,Diamond 1,61,121,,138,83
578,summoner-11602795,579,Husnu Good Kid,Diamond 1,61,145,,108,95
579,summoner-1830368,580,scary rookie,Diamond 1,60,104,,220,187
580,summoner-2474097,581,praise me,Diamond 1,60,82,,148,101
581,summoner-1443688,582,TrxxpStar,Diamond 1,60,89,,141,119
582,summoner-11093846,583,ÇOMARSAVAR BATU,Diamond 1,60,92,,138,122
583,summoner-650149,584,DEMØN,Diamond 1,60,77,,133,110
584,summoner-460072,585,ExpertBoyy,Diamond 1,60,92,,104,80
585,summoner-5642807,586,flîp,Diamond 1,60,65,,102,78
586,summoner-5752298,587,ECZACI BEY,Diamond 1,60,89,,79,48
587,summoner-6927758,588,GAREN OYNAYAN,Diamond 1,59,98,,491,435
588,summoner-4372658,589,CHALLENGER BOY,Diamond 1,59,72,,327,266
589,summoner-2490471,590,Viølmæncér,Diamond 1,59,73,,229,178
590,summoner-5808437,591,GD SVengal,Diamond 1,59,103,,216,186
591,summoner-1541494,592,PrinceCharles,Diamond 1,59,94,,164,148
592,summoner-15260194,593,sha good kid,Diamond 1,59,103,,89,56
593,summoner-3094071,594,ZiqMo0,Diamond 1,59,63,,45,28
594,summoner-14946218,595,Rudý,Diamond 1,58,132,,222,188
595,summoner-280270,596,Spooky Jungler,Diamond 1,58,91,,113,96
596,summoner-271013,597,HayHuy,Diamond 1,58,118,,96,76
597,summoner-9251216,598,NLE BigiBang,Diamond 1,58,53,,74,45
598,summoner-368135,599,KübaÜlküOcaklari,Diamond 1,57,120,,288,271
599,summoner-4883641,600,Zbam,Diamond 1,57,88,,113,65
600,summoner-7854883,601,jamesJonSnow,Diamond 1,56,118,,128,106
601,summoner-1220413,602,IbaGa,Diamond 1,56,78,,127,107
602,summoner-744673,603,chloé,Diamond 1,56,103,,91,62
603,summoner-8362044,604,God OF Mainer QQ,Diamond 1,56,114,,82,47
604,summoner-422574,605,Balıkçıˆ,Diamond 1,55,121,,419,416
605,summoner-800472,606,dredu,Diamond 1,55,78,,247,221
606,summoner-404771,607,Midoriya,Diamond 1,55,133,,212,199
607,summoner-1041034,608,SERİ 15 FF,Diamond 1,55,115,,206,182
608,summoner-340450,609,YESYOHAYNES,Diamond 1,55,53,,135,79
609,summoner-2272101,610,Winchesterz,Diamond 1,55,48,,58,31
610,summoner-11050882,611,Psychoferret,Diamond 1,55,43,,46,24
611,summoner-17100634,612,7DS BlackSoul,Diamond 1,54,73,,201,190
612,summoner-449591,613,1v9 for nudes,Diamond 1,53,101,,164,132
613,summoner-1801214,614,Noriên,Diamond 1,53,67,,146,129
614,summoner-20182777,615,giverank1,Diamond 1,53,41,,89,59
615,summoner-641795,616,TEAMREDBULL MİD,Diamond 1,53,94,,75,66
616,summoner-2150459,617,Zyraction,Diamond 1,53,142,,63,52
617,summoner-11271677,618,Starter,Diamond 1,53,36,,49,30
618,summoner-6910700,619,TorbacıÇağatay,Diamond 1,52,86,,328,318
619,summoner-7462859,620,Mchurry215,Diamond 1,52,95,,300,275
620,summoner-14461314,621,kata ích ąkame,Diamond 1,52,94,,199,143
621,summoner-4234433,622,Kienn,Diamond 1,52,89,,173,154
622,summoner-6668199,623,aricela,Diamond 1,52,118,,125,91
623,summoner-12883234,624,Pântâles,Diamond 1,52,62,,111,95
624,summoner-4576974,625,DarkXider,Diamond 1,51,130,,527,510
625,summoner-3061532,626,too late,Diamond 1,51,63,,162,119
626,summoner-16745132,627,Bouncer,Diamond 1,50,198,,416,362
627,summoner-18264721,628,Bu Smurf Hesabım,Diamond 1,50,87,,366,343
628,summoner-2563836,629,Yanlaya Yanlaya,Diamond 1,50,115,,322,309
629,summoner-11024432,630,GHTR ilkerbey,Diamond 1,50,140,,316,293
630,summoner-19544056,631,TÔLAS,Diamond 1,50,67,,303,267
631,summoner-439394,632,YIKIK PEZEVENG,Diamond 1,50,87,,285,268
632,summoner-4210225,633,Jaguary,Diamond 1,50,111,,284,264
633,summoner-4522873,634,elodog mid lâner,Diamond 1,50,130,,266,255
634,summoner-4021015,635,NBD Flâsh,Diamond 1,50,73,,261,253
635,summoner-459327,636,Hallelujah,Diamond 1,50,86,,257,225
636,summoner-14172737,637,no counterplay,Diamond 1,50,87,,256,233
637,summoner-5623830,638,Râi Hestiâ,Diamond 1,50,99,,248,225
638,summoner-4253213,639,Intoxicater,Diamond 1,50,116,,235,222
639,summoner-2981380,640,HATE ME MORE XD,Diamond 1,50,76,,226,203
640,summoner-863625,641,kazanamıyorum,Diamond 1,50,88,,221,189
641,summoner-2023133,642,Lacrimosa v1,Diamond 1,50,110,,210,193
642,summoner-9971507,643,07 12 1999,Diamond 1,50,118,,209,190
643,summoner-15702337,644,muratalix,Diamond 1,50,53,,202,147
644,summoner-17085886,645,Adinoki Soldat,Diamond 1,50,79,,192,158
645,summoner-1472564,646,FISHNETLOVERHAHA,Diamond 1,50,73,,184,162
646,summoner-5860780,647,Thample,Diamond 1,50,106,,181,160
647,summoner-2376316,648,Goldd2,Diamond 1,50,104,,181,162
648,summoner-17081218,649,Razor Shuriken,Diamond 1,50,111,,179,164
649,summoner-2260952,650,Ryan Sìde,Diamond 1,50,62,,164,89
650,summoner-2830914,651,Zac Bot,Diamond 1,50,74,,163,136
651,summoner-1185767,652,Jâckk,Diamond 1,50,84,,156,130
652,summoner-2699614,653,MuTAN39,Diamond 1,50,65,,148,127
653,summoner-5503845,654,DNCB Support,Diamond 1,50,59,,143,116
654,summoner-10682951,655,DC Cerberus,Diamond 1,50,86,,141,116
655,summoner-240661,656,Doom ma geddon,Diamond 1,50,134,,141,134
656,summoner-17237002,657,Archie Andrews,Diamond 1,50,140,,140,115
657,summoner-19721897,658,Nemsy,Diamond 1,50,51,,140,101
658,summoner-5414463,659,OYUNCU KOKUTAN,Diamond 1,50,91,,133,112
659,summoner-8226197,660,oldschoolrank1,Diamond 1,50,47,,121,81
660,summoner-18541775,661,DiamondSTAR,Diamond 1,50,71,,112,82
661,summoner-14080156,662,KING CARRY,Diamond 1,50,45,,107,67
662,summoner-404706,663,a new kid,Diamond 1,50,83,,105,84
663,summoner-5584765,664,P A Ń D A,Diamond 1,50,83,,81,58
664,summoner-19732098,665,AîdenZ,Diamond 1,50,40,,80,42
665,summoner-13651477,666,Schiko,Diamond 1,49,105,,214,199
666,summoner-422267,667,RoweOne,Diamond 1,49,69,,119,109
667,summoner-18042123,668,Aeruginosa v1,Diamond 1,49,122,,111,88
668,summoner-861221,669,Jiminˆ,Diamond 1,49,59,,90,47
669,summoner-17920266,670,Komodo Ejderi Oo,Diamond 1,48,196,,812,792
670,summoner-4154532,671,lLevisl,Diamond 1,48,99,,165,141
671,summoner-2410249,672,Ruffy,Diamond 1,48,72,,105,84
672,summoner-18391218,673,eksdeee,Diamond 1,48,103,,76,42
673,summoner-11040464,674,Râvnn,Diamond 1,48,82,,34,18
674,summoner-5087633,675,M Bobby Brown,Diamond 1,47,98,,298,247
675,summoner-6078771,676,dualipafanboii,Diamond 1,47,102,,293,240
676,summoner-15245709,677,Fleïsch,Diamond 1,47,113,,212,196
677,summoner-1493352,678,Dantę,Diamond 1,47,79,,196,188
678,summoner-18637599,679,L O S T MY ARMS,Diamond 1,47,44,,98,59
679,summoner-3029103,680,Forboun,Diamond 1,46,99,,317,256
680,summoner-9914295,681,Ducé,Diamond 1,46,62,,163,100
681,summoner-3605770,682,ßäæ,Diamond 1,46,87,,160,123
682,summoner-18391799,683,Bodrumlu Support,Diamond 1,46,96,,100,62
683,summoner-470397,684,Archelaus,Diamond 1,46,50,,73,51
684,summoner-406020,685,AGC chaoScream,Diamond 1,45,64,,116,96
685,summoner-621010,686,Bloody Sacrifice,Diamond 1,45,89,,111,94
686,summoner-7604665,687,diâcris 1v9 xd,Diamond 1,44,78,,300,265
687,summoner-3971906,688,Foremen,Diamond 1,44,85,,226,201
688,summoner-8351722,689,Mercury s QUEEN,Diamond 1,44,134,,214,202
689,summoner-5639662,690,Dürüm Seven Lee,Diamond 1,44,65,,168,107
690,summoner-19304315,691,Literary Spirît,Diamond 1,44,48,,119,66
691,summoner-2439558,692,4789120,Diamond 1,44,51,,98,82
692,summoner-1721986,693,SpectacularJanna,Diamond 1,43,142,,278,270
693,summoner-458427,694,YC Evenstar,Diamond 1,43,71,,206,198
694,summoner-14165574,695,ouy evol i,Diamond 1,43,82,,114,95
695,summoner-11836907,696,Vişşâ,Diamond 1,43,45,,98,70
696,summoner-261332,697,GeneTX,Diamond 1,42,74,,180,154
697,summoner-872298,698,Kurona,Diamond 1,42,52,,78,52
698,summoner-862356,699,murphy ad,Diamond 1,42,67,,67,51
699,summoner-18613647,700,Clearance IV,Diamond 1,41,70,,229,175
700,summoner-18720148,701,m1dking,Diamond 1,41,39,,53,49
701,summoner-14152681,702,ScâlFT,Diamond 1,40,106,,483,391
702,summoner-2953449,703,Wrath Morgomir,Diamond 1,40,127,,445,433
703,summoner-2010757,704,Inspectum,Diamond 1,40,85,,235,226
704,summoner-4525010,705,PrepectiveS,Diamond 1,40,84,,108,82
705,summoner-356972,706,FlamingFist,Diamond 1,40,65,,59,50
706,summoner-17521344,707,yayıncıym bn,Diamond 1,40,48,,45,13
707,summoner-1861321,708,Reformed Øzy,Diamond 1,38,94,,289,269
708,summoner-3000884,709,DP Arthas,Diamond 1,38,60,,143,123
709,summoner-5972091,710,Tyler Durden,Diamond 1,37,75,,138,110
710,summoner-2818880,711,CUIN Nocturnalcr,Diamond 1,37,72,,109,90
711,summoner-248773,712,Repçi Penguen,Diamond 1,36,86,,222,160
712,summoner-10690558,713,TaklacıTopLaner,Diamond 1,36,99,,183,168
713,summoner-16144626,714,Apâthex,Diamond 1,36,67,,183,170
714,summoner-466065,715,GARNET L Jâck,Diamond 1,36,67,,183,167
715,summoner-2661689,716,NoThing2LosSe,Diamond 1,36,65,,157,142
716,summoner-4886695,717,FB bukettyy,Diamond 1,36,146,,37,26
717,summoner-1500225,718,Stewart Pumpking,Diamond 1,35,73,,182,154
718,summoner-186970,719,Tâo,Diamond 1,35,147,,130,96
719,summoner-2851536,720,NC Eros,Diamond 1,35,69,,128,66
720,summoner-20000124,721,ZXCnM,Diamond 1,34,85,,366,324
721,summoner-3508127,722,Rhittâ,Diamond 1,34,121,,311,280
722,summoner-3073143,723,Abanke,Diamond 1,34,81,,293,221
723,summoner-18394924,724,EuChallengerMid,Diamond 1,34,92,,186,164
724,summoner-11112001,725,sidewinder9X,Diamond 1,34,139,,184,165
725,summoner-17331606,726,Mithrainn,Diamond 1,34,70,,131,113
726,summoner-421293,727,3mpireOfMarchast,Diamond 1,34,69,,81,53
727,summoner-3880246,728,DOLMA XDXDXDXD,Diamond 1,33,94,,344,336
728,summoner-1640272,729,EmirHanDemiR,Diamond 1,33,65,,247,163
729,summoner-19320586,730,ClinomaniaA,Diamond 1,33,83,,232,194
730,summoner-2438718,731,Countless QQ,Diamond 1,33,95,,82,61
731,summoner-3720580,732,NW Boskonovitch,Diamond 1,32,107,,262,250
732,summoner-4891521,733,Løss,Diamond 1,32,96,,237,213
733,summoner-18484195,734,Rânsey,Diamond 1,32,77,,173,126
734,summoner-754532,735,Vestâ,Diamond 1,32,67,,155,99
735,summoner-4430322,736,Kenar Gülü,Diamond 1,32,65,,137,128
736,summoner-19381478,737,Smurf 1v9,Diamond 1,32,68,,135,98
737,summoner-1074903,738,ivancan,Diamond 1,31,62,,201,121
738,summoner-310388,739,t0x1c m1dl4n3r,Diamond 1,31,68,,173,151
739,summoner-4181151,740,Ełdîv,Diamond 1,31,77,,106,95
740,summoner-11696767,741,Leprous,Diamond 1,31,81,,81,69
741,summoner-2600808,742,Streptopelia,Diamond 1,31,72,,80,67
742,summoner-2335098,743,Yuuki Asuna,Diamond 1,31,91,,76,67
743,summoner-17647204,744,Bronzwind,Diamond 1,31,35,,35,15
744,summoner-2311240,745,Matthèw,Diamond 1,30,88,,433,377
745,summoner-4349763,746,RunQ,Diamond 1,30,74,,183,161
746,summoner-253273,747,The Doctor,Diamond 1,30,101,,131,121
747,summoner-2605057,748,Street Jesus,Diamond 1,30,86,,113,98
748,summoner-376644,749,Ready KiLLeR,Diamond 1,29,114,,441,417
749,summoner-3382197,750,Hust,Diamond 1,29,47,,98,47
750,summoner-7726616,751,Ygrittez,Diamond 1,29,68,,76,57
751,summoner-1090314,752,Zetsü,Diamond 1,28,118,,226,204
752,summoner-1227247,753,Toästy,Diamond 1,28,121,,139,125
753,summoner-16142790,754,Auto Dodge,Diamond 1,27,75,,146,120
754,summoner-11833732,755,since my birth,Diamond 1,27,77,,141,136
755,summoner-5944394,756,Magpio,Diamond 1,27,101,,134,117
756,summoner-1453837,757,DR4M4,Diamond 1,27,53,,122,88
757,summoner-1481894,758,TESISATÇI,Diamond 1,27,70,,120,104
758,summoner-2261423,759,Tuxedo Mâsk,Diamond 1,26,104,,225,200
759,summoner-382977,760,Apathylex,Diamond 1,26,99,,201,176
760,summoner-4307693,761,Aspahh,Diamond 1,26,79,,148,134
761,summoner-11029575,762,Bukrek Sangal,Diamond 1,26,51,,147,110
762,summoner-189977,763,l need doctor,Diamond 1,26,65,,138,105
763,summoner-20305483,764,lMUSEl,Diamond 1,26,37,,49,12
764,summoner-2511291,765,Saygıner,Diamond 1,25,96,,327,294
765,summoner-15823352,766,Xase,Diamond 1,25,74,,176,162
766,summoner-3912974,767,D a ì s y,Diamond 1,25,96,,172,162
767,summoner-2310214,768,qezex,Diamond 1,25,58,,156,93
768,summoner-1194701,769,Jungle Cemal,Diamond 1,25,60,,135,118
769,summoner-18940130,770,Not Cognac,Diamond 1,25,43,,82,71
770,summoner-18560459,771,alathrywyse,Diamond 1,25,40,,82,40
771,summoner-3683721,772,Bolthorn,Diamond 1,25,66,,69,55
772,summoner-3525262,773,KerrraK,Diamond 1,24,102,,207,187
773,summoner-2592870,774,Rukkimaru1,Diamond 1,24,61,,156,122
774,summoner-2458436,775,Hozeri,Diamond 1,24,70,,82,72
775,summoner-441238,776,Mavisins XII,Diamond 1,24,72,,67,48
776,summoner-4519500,777,the Châin Warden,Diamond 1,23,163,,560,522
777,summoner-12700575,778,çekirge34,Diamond 1,23,95,,378,289
778,summoner-2832076,779,I feel Them,Diamond 1,23,74,,221,185
779,summoner-468073,780,Daddy,Diamond 1,23,109,,112,92
780,summoner-3111029,781,ToXiC MaMİNuR,Diamond 1,23,49,,65,42
781,summoner-4601723,782,Demirel,Diamond 1,22,156,,502,488
782,summoner-1722047,783,Reiji,Diamond 1,22,94,,369,309
783,summoner-2691584,784,Chakieee,Diamond 1,22,72,,157,139
784,summoner-17114961,785,ŁŁŁŁŁŁŁŁŁŁŁŁŁ,Diamond 1,22,48,,94,34
785,summoner-4108221,786,Red Mêrcy,Diamond 1,21,105,,257,226
786,summoner-5592946,787,MahmutARSLAN,Diamond 1,21,88,,254,187
787,summoner-3887934,788,Kadir,Diamond 1,21,91,,232,157
788,summoner-7255544,789,xaná,Diamond 1,21,109,,175,128
789,summoner-1074253,790,Erşân Kunéri,Diamond 1,21,65,,125,108
790,summoner-12700592,791,KaTiLMaYmUnx11x,Diamond 1,21,91,,96,59
791,summoner-15700997,792,Feraber,Diamond 1,20,82,,268,252
792,summoner-8282287,793,Lidyana,Diamond 1,20,95,,253,212
793,summoner-6591689,794,xRumble,Diamond 1,20,95,,233,152
794,summoner-2294660,795,Snakeruler,Diamond 1,20,67,,190,155
795,summoner-20334201,796,küs müyüz tanrım,Diamond 1,20,48,,124,87
796,summoner-18531042,797,alimØn,Diamond 1,20,65,,74,39
797,summoner-2710145,798,NeverSudden,Diamond 1,20,63,,68,57
798,summoner-5606336,799,Thé Flash,Diamond 1,19,121,,399,368
799,summoner-2340832,800,E BASAN OYUNCU,Diamond 1,19,124,,307,288
800,summoner-1132074,801,FROŚTWOLFF,Diamond 1,19,84,,243,228
801,summoner-2562460,802,inFFamous,Diamond 1,19,86,,208,168
802,summoner-467418,803,PSYÐUCK,Diamond 1,19,72,,171,162
803,summoner-4885640,804,kralkara26,Diamond 1,19,71,,110,81
804,summoner-1237449,805,Pêra,Diamond 1,19,69,,67,54
805,summoner-4876441,806,SNG Awaremei,Diamond 1,18,131,,433,416
806,summoner-8192688,807,Sâw,Diamond 1,18,91,,214,187
807,summoner-438960,808,MARAKO v2,Diamond 1,18,82,,174,138
808,summoner-15332617,809,Wandering Poro,Diamond 1,18,101,,114,81
809,summoner-13300704,810,Carâdhras,Diamond 1,18,57,,67,53
810,summoner-13512311,811,Smilesmirk,Diamond 1,17,114,,488,457
811,summoner-3621513,812,SHARTLOKS,Diamond 1,17,112,,378,366
812,summoner-11603277,813,Abiodun Moana v2,Diamond 1,17,83,,262,255
813,summoner-12054166,814,SUPPORT KAI SA,Diamond 1,17,64,,223,195
814,summoner-3817530,815,Apameia,Diamond 1,17,96,,202,184
815,summoner-9301666,816,P0NÇİK RİVEN,Diamond 1,17,78,,182,164
816,summoner-2295226,817,PyrisT,Diamond 1,17,87,,182,172
817,summoner-16153737,818,Acedy Penia,Diamond 1,17,81,,172,115
818,summoner-14315150,819,Kolum Yok Aga,Diamond 1,17,83,,166,139
819,summoner-4741229,820,AD3458,Diamond 1,17,92,,159,140
820,summoner-2573869,821,KGG Gânnicus,Diamond 1,17,83,,152,137
821,summoner-2380697,822,Kerpeten İsmail,Diamond 1,17,92,,140,122
822,summoner-872840,823,Loss,Diamond 1,17,80,,131,118
823,summoner-11156079,824,ŞKT T1 Faker,Diamond 1,17,54,,128,108
824,summoner-5320424,825,Mid Lâne,Diamond 1,17,81,,96,83
825,summoner-9231920,826,EX Pablito,Diamond 1,17,72,,96,82
826,summoner-4224598,827,KUDRET,Diamond 1,17,71,,87,62
827,summoner-2453819,828,Sunsèt,Diamond 1,17,86,,67,56
828,summoner-16262628,829,Chrescus,Diamond 1,16,103,,247,191
829,summoner-17096660,830,Ruxiz,Diamond 1,16,93,,224,221
830,summoner-5260429,831,Shínya,Diamond 1,16,126,,209,197
831,summoner-3425039,832,TY SnowGlobe,Diamond 1,16,95,,151,131
832,summoner-5530520,833,Parêzer,Diamond 1,16,70,,120,83
833,summoner-286450,834,Son Gokû,Diamond 1,16,73,,118,98
834,summoner-2981286,835,WOD Jane,Diamond 1,16,66,,75,60
835,summoner-4144039,836,My love Shínya,Diamond 1,15,115,,209,198
836,summoner-6141429,837,Cholo,Diamond 1,15,104,,206,190
837,summoner-5944180,838,Edwyn Stark,Diamond 1,15,125,,127,99
838,summoner-13650433,839,Sublime Katarina,Diamond 1,15,49,,84,65
839,summoner-12984979,840,Vlad is God,Diamond 1,15,118,,71,62
840,summoner-3073108,841,ANGRY Daddy,Diamond 1,14,107,,97,88
841,summoner-17082142,842,d â n t é,Diamond 1,14,105,,95,65
842,summoner-357826,843,DeltaXI,Diamond 1,14,83,,58,36
843,summoner-207619,844,Akamê,Diamond 1,13,90,,285,197
844,summoner-3028623,845,BARIS,Diamond 1,13,77,,243,232
845,summoner-6215117,846,VEFA Boosted,Diamond 1,13,84,,161,150
846,summoner-8060180,847,Jng King,Diamond 1,13,73,,144,135
847,summoner-4763710,848,Schzofreniâ,Diamond 1,13,69,,53,28
848,summoner-3288539,849,MassiveStrake,Diamond 1,12,94,,119,99
849,summoner-4027224,850,Silent Skies,Diamond 1,12,112,,109,90
850,summoner-6202389,851,I am Davy Jones,Diamond 1,12,138,,103,94
851,summoner-2375215,852,The Best KhaZix,Diamond 1,12,150,,57,53
852,summoner-2706645,853,TheTiger v1,Diamond 1,11,92,,322,314
853,summoner-4682232,854,zxcqwejkl,Diamond 1,11,94,,293,281
854,summoner-4240527,855,NightLight3,Diamond 1,10,94,,319,269
855,summoner-467454,856,Begümm,Diamond 1,10,87,,127,108
856,summoner-18383312,857,Veantur,Diamond 1,10,67,,123,102
857,summoner-4574666,858,Xeptul,Diamond 1,9,129,,221,197
858,summoner-18192463,859,Ethereal,Diamond 1,9,68,,171,157
859,summoner-1481337,860,Ariês,Diamond 1,9,100,,100,74
860,summoner-13053293,861,Her Biji Mert,Diamond 1,8,124,,339,318
861,summoner-6662207,862,Xérxes,Diamond 1,8,79,,58,49
862,summoner-2650572,863,L3gionnaire,Diamond 1,7,96,,485,432
863,summoner-1972711,864,HellSenTRy,Diamond 1,7,90,,319,284
864,summoner-204235,865,ELV Hoseok,Diamond 1,7,86,,148,127
865,summoner-6224182,866,Suckorth,Diamond 1,6,90,,184,162
866,summoner-7067518,867,Ąeron,Diamond 1,6,127,,97,82
867,summoner-2791357,868,hi im yuuki,Diamond 1,6,63,,96,72
868,summoner-226263,869,Ransey E,Diamond 1,5,79,,166,146
869,summoner-409127,870,S04 Vizicsacsi,Diamond 1,5,94,,120,90
870,summoner-3540327,871,bestboutmachine,Diamond 1,5,73,,109,92
871,summoner-2072868,872,diskofen,Diamond 1,4,89,,270,244
872,summoner-11220657,873,REMOVE KEBAP,Diamond 1,4,48,,148,84
873,summoner-15302712,874,OHA BU DEMIÇ NE,Diamond 1,4,41,,70,46
874,summoner-10215010,875,Let me SAVE  you,Diamond 1,3,124,,381,364
875,summoner-6917516,876,Hunting Expert,Diamond 1,3,134,,196,182
876,summoner-6641515,877,ICoolSanch3zs,Diamond 1,3,48,,69,58
877,summoner-4229664,878,Tokisaki Kurumi,Diamond 1,1,89,,89,81
878,summoner-10710168,879,Symphony,Diamond 1,0,131,,403,396
879,summoner-3353353,880,SIRTIM AĞRIYOR,Diamond 1,0,114,,396,314
880,summoner-2479906,881,Ânnoying Jungle,Diamond 1,0,108,,390,344
881,summoner-6802547,882,N U,Diamond 1,0,120,,332,274
882,summoner-8350586,883,Mutant GP,Diamond 1,0,94,,332,352
883,summoner-2459905,884,Çöte,Diamond 1,0,97,,318,305
884,summoner-4131242,885,Pharynx,Diamond 1,0,81,,299,251
885,summoner-744030,886,yoda good kid,Diamond 1,0,95,,295,275
886,summoner-9741956,887,Elohell SHEPHERD,Diamond 1,0,85,,288,270
887,summoner-2941186,888,Kasadìa,Diamond 1,0,80,,279,191
888,summoner-880304,889,Ekol,Diamond 1,0,70,,267,251
889,summoner-3015498,890,Mìrela,Diamond 1,0,93,,267,204
890,summoner-10673810,891,TrueAlpha Rengar,Diamond 1,0,138,,263,236
891,summoner-18141833,892,Twïtch,Diamond 1,0,115,,261,240
892,summoner-7235815,893,DikDuranPisVuran,Diamond 1,0,111,,252,247
893,summoner-11030862,894,IST SeFeRi,Diamond 1,0,88,,243,196
894,summoner-4067011,895,Yenel,Diamond 1,0,94,,242,177
895,summoner-11606206,896,Àşık Tahir,Diamond 1,0,85,,241,228
896,summoner-6222402,897,Ańy,Diamond 1,0,84,,234,172
897,summoner-1386389,898,Pandee,Diamond 1,0,80,,229,214
898,summoner-205048,899,POR Crown,Diamond 1,0,175,,228,174
899,summoner-4323566,900,Mrs Zêd,Diamond 1,0,104,,226,211
900,summoner-19172290,901,VARTOLU YAMAÇ,Diamond 1,0,99,,220,175
901,summoner-1510204,902,Morgl,Diamond 1,0,88,,219,203
902,summoner-873650,903,SEÇKÎN,Diamond 1,0,120,,219,192
903,summoner-17293025,904,Sahkizar,Diamond 1,0,63,,216,188
904,summoner-3866254,905,Grapy,Diamond 1,0,103,,214,200
905,summoner-3581622,906,MeField,Diamond 1,0,70,,207,198
906,summoner-14530236,907,Bestt Vâyne,Diamond 1,0,104,,204,188
907,summoner-1453077,908,Surely One Day,Diamond 1,0,105,,201,177
908,summoner-4430662,909,Farzı Misal 06,Diamond 1,0,64,,200,183
909,summoner-1197107,910,Cihan Airlines,Diamond 1,0,87,,200,162
910,summoner-9646555,911,T OnMyOwn,Diamond 1,0,98,,199,188
911,summoner-12145936,912,Maviˆ,Diamond 1,0,73,,196,171
912,summoner-6203599,913,Sawsen,Diamond 1,0,109,,194,181
913,summoner-3928417,914,SarkonSX,Diamond 1,0,97,,193,169
914,summoner-2663373,915,Sad Rick,Diamond 1,0,94,,190,173
915,summoner-15281408,916,Xþęąw,Diamond 1,0,106,,189,157
916,summoner-493281,917,Snowy,Diamond 1,0,64,,184,158
917,summoner-8000791,918,FERREKE,Diamond 1,0,81,,184,155
918,summoner-4734027,919,hydrogeddon,Diamond 1,0,97,,182,135
919,summoner-4245097,920,Sêrpent,Diamond 1,0,88,,173,142
920,summoner-3406735,921,FNC Lukâ1,Diamond 1,0,104,,173,144
921,summoner-16222589,922,Stranmon,Diamond 1,0,61,,165,146
922,summoner-10112879,923,DARBECİ BATU,Diamond 1,0,92,,164,159
923,summoner-1216929,924,Ap Wycihno,Diamond 1,0,92,,160,134
924,summoner-3133662,925,Shzaki,Diamond 1,0,94,,159,110
925,summoner-3523155,926,HoneyBug,Diamond 1,0,73,,156,140
926,summoner-246495,927,Emumph,Diamond 1,0,78,,150,98
927,summoner-18936985,928,ºArya Starkº,Diamond 1,0,53,,149,97
928,summoner-5340364,929,Falkenayn,Diamond 1,0,95,,148,138
929,summoner-4757873,930,Liâden,Diamond 1,0,125,,147,133
930,summoner-3303116,931,Spawn3r,Diamond 1,0,78,,143,128
931,summoner-1063426,932,I   6 6 6   I,Diamond 1,0,67,,142,123
932,summoner-2463413,933,M4RBL3,Diamond 1,0,53,,140,124
933,summoner-230147,934,Not My Problem,Diamond 1,0,69,,139,125
934,summoner-2084172,935,FQRZA,Diamond 1,0,71,,138,119
935,summoner-2677895,936,vivien x,Diamond 1,0,107,,138,119
936,summoner-2251506,937,emre53tr,Diamond 1,0,75,,137,124
937,summoner-7811819,938,Godless Is Back,Diamond 1,0,52,,133,116
938,summoner-2553470,939,Hyprus,Diamond 1,0,77,,132,127
939,summoner-2677658,940,Banu Âlkan,Diamond 1,0,82,,126,109
940,summoner-19580140,941,Köle Belinda,Diamond 1,0,66,,125,90
941,summoner-500719,942,Theatreon,Diamond 1,0,108,,125,107
942,summoner-18573790,943,ADK1NG,Diamond 1,0,52,,124,94
943,summoner-3894705,944,HAHAHAHA XD,Diamond 1,0,78,,124,100
944,summoner-12716599,945,Kite,Diamond 1,0,120,,120,96
945,summoner-6921713,946,Créps,Diamond 1,0,135,,118,102
946,summoner-7478740,947,CUIN Saiph,Diamond 1,0,75,,116,95
947,summoner-6342009,948,AGLIYORUM,Diamond 1,0,77,,116,98
948,summoner-713974,949,iOnlyNeedSeconds,Diamond 1,0,86,,109,81
949,summoner-2300412,950,ja Farˆ,Diamond 1,0,74,,109,101
950,summoner-18906809,951,ban atmayın ltfn,Diamond 1,0,45,,108,60
951,summoner-3642998,952,ROBOGOT,Diamond 1,0,92,,107,94
952,summoner-10012782,953,Anarsit,Diamond 1,0,72,,107,92
953,summoner-3852605,954,Liv 0 8 BJK,Diamond 1,0,98,,105,78
954,summoner-2963692,955,Zoombiee,Diamond 1,0,71,,97,81
955,summoner-197776,956,bermessi,Diamond 1,0,71,,93,76
956,summoner-752104,957,Tylle,Diamond 1,0,65,,93,73
957,summoner-4493692,958,lCrush3Rl,Diamond 1,0,47,,88,31
958,summoner-1700524,959,OBˇ,Diamond 1,0,57,,87,80
959,summoner-2447266,960,ØØØØØØØØØØØØØ,Diamond 1,0,75,,86,66
960,summoner-17521927,961,Its Shazam,Diamond 1,0,95,,86,63
961,summoner-1481072,962,ZEYNEPE AŞIĞIM,Diamond 1,0,63,,85,66
962,summoner-3406834,963,Rickson,Diamond 1,0,100,,83,62
963,summoner-6508501,964,Boffie,Diamond 1,0,140,,81,66
964,summoner-4094071,965,Pythiâ,Diamond 1,0,52,,81,67
965,summoner-2522037,966,Polyushka,Diamond 1,0,120,,79,64
966,summoner-20312975,967,Gertha,Diamond 1,0,39,,76,39
967,summoner-5944410,968,Celep Riven,Diamond 1,0,72,,70,57
968,summoner-4046154,969,Pónx,Diamond 1,0,143,,67,56
969,summoner-11410937,970,Jager Zeuss,Diamond 1,0,47,,67,42
970,summoner-13099421,971,ShadowOfD4rknesS,Diamond 1,0,89,,67,47
971,summoner-412377,972,Vranjes,Diamond 1,0,153,,61,42
972,summoner-11282247,973,DENİZE AŞIĞIM,Diamond 1,0,42,,57,31
973,summoner-19395554,974,liam,Diamond 1,0,43,,52,14
974,summoner-347560,975,Ranger,Diamond 1,0,151,,46,22
975,summoner-20334216,976,RW Webby,Diamond 1,0,37,,46,38
976,summoner-13173226,977,JosephineSkriver,Diamond 1,0,39,,42,25
977,summoner-9404710,978,Ruen,Diamond 2,100,104,,478,434
978,summoner-1074550,979,Pexlendinbebegim,Diamond 2,100,118,,359,345
979,summoner-1730362,980,iRockJâys,Diamond 2,100,96,,341,274
980,summoner-9116301,981,Gøddes Dàisy,Diamond 2,100,106,,328,312
981,summoner-1453855,982,Tears For Fears,Diamond 2,100,129,,197,179
982,summoner-199031,983,Mainim yok,Diamond 2,100,90,,187,154
983,summoner-3132428,984,Hi im Kraker,Diamond 2,100,65,,159,145
984,summoner-5795388,985,Scholàr,Diamond 2,100,108,,131,75
985,summoner-6950946,986,NOT REAL DEFT,Diamond 2,100,82,,104,95
986,summoner-1217703,987,Crêper,Diamond 2,100,66,,100,80
987,summoner-2675067,988,miskin,Diamond 2,100,49,,85,68
988,summoner-14304212,989,Midnight Black,Diamond 2,100,47,,81,44
989,summoner-2555850,990,Between us,Diamond 2,99,116,,371,354
990,summoner-2270398,991,2K18 ADC,Diamond 2,100,89,,254,236
991,summoner-9665300,992,KOD ADI KATARÎNA,Diamond 2,98,87,,194,167
992,summoner-12679231,993,Xecoper,Diamond 2,98,59,,181,152
993,summoner-820652,994,Topsı,Diamond 2,98,96,,164,157
994,summoner-287258,995,ALLAH YOLUNDAA,Diamond 2,98,78,,109,91
995,summoner-10113900,996,force1327,Diamond 2,97,48,,161,108
996,summoner-2993317,997,be viktør,Diamond 2,97,71,,136,79
997,summoner-5385716,998,TTTV THRÉSH,Diamond 2,94,131,,368,350
998,summoner-9976158,999,F0RTE,Diamond 2,94,79,,228,217
999,summoner-18031285,1000,Vukuatlı v1,Diamond 2,94,48,,121,77
