#timestamp 1529917201721
#date 2018-06-25T09:00:01+00:00
#players 1000
#index,id,rank,name,tier,lp,level,proTeam,win,loss
0,summoner-22633277,1,VGIA Yoppa,Challenger,1241,140,,593,513
1,summoner-37802452,2,Kirei sama,Challenger,1232,116,,676,583
2,summoner-19160377,3,S04 Upset,Challenger,1179,111,,438,349
3,summoner-21999355,4,Exileh,Challenger,1154,119,,447,375
4,summoner-79987074,5,OOB Ayunie,Challenger,1128,66,,274,201
5,summoner-23735326,6,VGIA Razørk,Challenger,1125,116,,395,313
6,summoner-22331014,7,mouz Gistick,Challenger,1059,100,,312,239
7,summoner-84077683,8,it is destiny,Challenger,1014,60,,203,144
8,summoner-33447246,9,harry kane smurf,Challenger,1013,63,,272,186
9,summoner-71136981,10,MagiFaker,Challenger,1001,68,,162,98
10,summoner-43573667,11,MSF xKenzuke,Challenger,998,145,,700,632
11,summoner-56236881,12,Kaos Malthael,Challenger,941,79,,185,99
12,summoner-20717177,13,FNC Rekkles,Challenger,926,123,,601,547
13,summoner-29776827,14,MagiFelixx,Challenger,941,109,,474,404
14,summoner-35432335,15,Kaostanza AoD,Challenger,922,99,,292,239
15,summoner-105996852,16,Euntoro,Challenger,919,115,,560,467
16,summoner-43541239,17,Hyyyyyy,Challenger,897,109,,368,276
17,summoner-29935644,18,Abbedagge1,Challenger,859,99,,394,335
18,summoner-44635060,19,MagiFelix,Challenger,850,46,,125,63
19,summoner-21045313,20,Mikyx,Challenger,841,103,,444,341
20,summoner-100017228,21,BLACKPINKFAN,Challenger,838,64,,256,183
21,summoner-21112739,22,HWA telracS,Challenger,832,56,,153,93
22,summoner-99996851,23,HWA Armut,Challenger,829,76,,213,164
23,summoner-34148603,24,EikaHoon,Challenger,823,148,,668,606
24,summoner-103720751,25,Thebausffs,Challenger,822,67,,292,200
25,summoner-49276837,26,S1 Hades,Challenger,802,88,,230,165
26,summoner-21528940,27,MRS Finn,Challenger,797,112,,440,379
27,summoner-40219771,28,M Human0id,Challenger,790,110,,395,344
28,summoner-53116940,29,BOLULU,Challenger,786,121,,395,338
29,summoner-22017510,30,shiber,Challenger,770,68,,175,111
30,summoner-96627066,31,felØ de se,Challenger,766,93,,422,366
31,summoner-86259309,32,Jeff Atkins,Challenger,763,98,,369,317
32,summoner-22154740,33,styllEE,Challenger,762,79,,308,258
33,summoner-23717140,34,WooIite,Challenger,759,71,,231,161
34,summoner-23627306,35,xL Send0o,Challenger,757,73,,250,194
35,summoner-19045442,36,DCG Fakelove,Challenger,755,115,,371,323
36,summoner-46088149,37,BIG Don Arts,Challenger,750,163,,754,671
37,summoner-74067492,38,no job adc,Challenger,750,123,,523,469
38,summoner-34428877,39,FNC Bwipo,Challenger,749,121,,443,393
39,summoner-96868390,40,i need doctor,Challenger,728,91,,370,304
40,summoner-28547984,41,WAR Dan,Challenger,725,59,,153,105
41,summoner-22927914,42,Jiren Mid,Challenger,722,83,,197,142
42,summoner-105986828,43,fndls1,Challenger,718,68,,237,185
43,summoner-33037228,44,Gentside Treatz,Challenger,706,84,,282,230
44,summoner-26499571,45,Chíbs,Challenger,700,136,,676,611
45,summoner-19603230,46,lur1keen,Challenger,690,97,,367,323
46,summoner-37722273,47,Rabble Arouser,Challenger,684,107,,299,245
47,summoner-29205354,48,WAR Crossman,Challenger,674,101,,579,506
48,summoner-46517338,49,SPY kaSing,Challenger,673,123,,479,432
49,summoner-87080148,50,Flaxxishh,Challenger,673,107,,446,405
50,summoner-19652383,51,H0lyPhoenix,Challenger,671,89,,381,325
51,summoner-90786998,52,Ev3lynnK1D,Challenger,671,95,,354,301
52,summoner-19017368,53,ScarletRedHands,Challenger,670,68,,204,158
53,summoner-109136822,54,furt returns,Challenger,670,47,,129,103
54,summoner-98567102,55,Dont touch doggo,Challenger,669,54,,168,121
55,summoner-85861691,56,Reductionism,Challenger,664,51,,161,96
56,summoner-27635854,57,FTW Plasma Lemon,Challenger,660,96,,302,256
57,summoner-35417098,58,ATL Kronos,Challenger,657,87,,337,286
58,summoner-38474063,59,Furuy,Challenger,656,86,,180,128
59,summoner-104846794,60,BrokenBladeˉ,Challenger,655,48,,161,78
60,summoner-34558312,61,Novachrono,Challenger,654,117,,431,380
61,summoner-21071845,62,G2 Jerkz,Challenger,654,75,,233,187
62,summoner-21573676,63,Sologesang,Challenger,651,80,,333,285
63,summoner-104979693,64,BUR Hades,Challenger,649,83,,395,324
64,summoner-20695428,65,DreamsComeTrue,Challenger,648,86,,260,212
65,summoner-20320114,66,UOL Kold,Challenger,664,101,,351,305
66,summoner-23441464,67,AHG Murmel,Challenger,645,102,,305,262
67,summoner-93737608,68,WeiZoR,Challenger,643,96,,283,231
68,summoner-20965425,69,FNC Broxah,Challenger,640,118,,396,346
69,summoner-28944895,70,beansu,Challenger,639,116,,336,287
70,summoner-107970023,71,ECkz,Challenger,639,64,,282,212
71,summoner-30120801,72,runnin low,Challenger,639,94,,269,216
72,summoner-52608813,73,Practice,Challenger,638,111,,368,305
73,summoner-33678783,74,4324213123121232,Challenger,638,70,,272,225
74,summoner-105248387,75,Hildadet,Challenger,638,59,,182,101
75,summoner-108948613,76,ARMY KadirNL,Challenger,636,60,,244,171
76,summoner-20537397,77,Nardeus v1,Challenger,633,98,,386,338
77,summoner-88489685,78,mouz Wardain,Challenger,627,108,,493,438
78,summoner-26316897,79,S04 Vizicsacsi,Challenger,616,75,,229,187
79,summoner-88957526,80,Sàviour,Challenger,612,101,,400,346
80,summoner-70027323,81,Agresivoo,Challenger,607,106,,382,346
81,summoner-98907626,82,mouz Chow,Challenger,605,59,,126,76
82,summoner-22659867,83,MRS Klajbajk,Challenger,603,97,,379,336
83,summoner-22107301,84,Guarding You,Challenger,602,102,,276,225
84,summoner-106006861,85,asdzxcqwe,Challenger,601,70,,243,194
85,summoner-27341898,86,Agurin,Challenger,600,121,,476,421
86,summoner-106006814,87,SUP SnowFIower,Challenger,598,94,,339,292
87,summoner-19331430,88,Séncux,Challenger,594,105,,385,334
88,summoner-24610205,89,RBE Broken Blade,Challenger,592,90,,318,265
89,summoner-82347795,90,KIYF Carzzy,Challenger,592,78,,247,207
90,summoner-38719391,91,AHG Lurox,Challenger,589,117,,422,375
91,summoner-36467479,92,DRG Sertuss,Challenger,585,76,,264,224
92,summoner-24779869,93,Bat0N,Challenger,585,79,,206,158
93,summoner-53126837,94,BIG Acidy,Challenger,583,77,,236,194
94,summoner-22731886,95,FourMarta,Challenger,579,78,,302,252
95,summoner-106767569,96,RNGRZ,Challenger,577,44,,111,36
96,summoner-100167164,97,TwitchTvSertuss,Challenger,575,111,,411,360
97,summoner-20181136,98,BIG Kruimel,Challenger,574,120,,429,377
98,summoner-19467621,99,Subfuse,Challenger,570,88,,281,232
99,summoner-103987204,100,Hyoudouu lssei,Challenger,567,74,,334,271
100,summoner-40407544,101,Bouva,Challenger,566,132,,610,564
101,summoner-104189151,102,Zenavy,Challenger,561,60,,180,124
102,summoner-105087405,103,Losing sight,Challenger,543,220,,1448,1387
103,summoner-90828578,104,BJK Luger,Challenger,557,130,,471,424
104,summoner-21053498,105,MakeitBetter,Challenger,556,109,,452,405
105,summoner-35747269,106,KIYF Rufus,Challenger,555,93,,337,295
106,summoner-79449569,107,Zedrinos,Challenger,555,67,,189,138
107,summoner-39488266,108,darkchri99,Challenger,553,134,,592,549
108,summoner-20308486,109,SK Doss,Challenger,552,189,,900,864
109,summoner-66903184,110,BIG Dreamer Ace,Challenger,552,89,,257,212
110,summoner-111136794,111,Dolkrit,Challenger,551,54,,189,150
111,summoner-68597024,112,MRS intboyswe00,Challenger,549,122,,459,402
112,summoner-86797333,113,ROX Zanzarah,Challenger,547,94,,457,400
113,summoner-110488039,114,mouz Jenax1,Challenger,546,47,,136,68
114,summoner-21001130,115,Odoamne,Challenger,542,65,,145,104
115,summoner-67077416,116,labrov,Challenger,541,97,,320,276
116,summoner-84997840,117,UHHHHHHHHHH,Challenger,533,72,,265,222
117,summoner-96198415,118,Eyjafjallajokull,Challenger,548,113,,434,383
118,summoner-92359748,119,ESG Ventair,Challenger,528,59,,198,129
119,summoner-32081620,120,DRG Her0,Challenger,525,110,,482,444
120,summoner-84676869,121,iD Zwyroo,Challenger,525,121,,454,405
121,summoner-95206795,122,FNC Caps1,Challenger,524,144,,624,585
122,summoner-88038972,123,the inescapable,Challenger,524,71,,234,179
123,summoner-55497402,124,MiF toucouille,Challenger,522,125,,378,333
124,summoner-69446897,125,TarkyLoL,Challenger,521,69,,210,170
125,summoner-20993937,126,W Hyôrai,Challenger,519,103,,199,158
126,summoner-53436826,127,Dawidsonek,Challenger,515,89,,136,89
127,summoner-86777339,128,OhjUu,Challenger,515,54,,130,94
128,summoner-23717587,129,Kobbe,Challenger,514,94,,335,298
129,summoner-21112717,130,WhiteKnight108,Challenger,509,122,,450,411
130,summoner-19642904,131,azerty1,Challenger,507,67,,210,171
131,summoner-89206875,132,Cl0x,Challenger,506,99,,269,223
132,summoner-82897059,133,SD ShaiZenk,Challenger,506,53,,147,94
133,summoner-102870157,134,EDM ABUSER,Challenger,505,94,,345,311
134,summoner-50459766,135,Markoon,Challenger,502,130,,577,533
135,summoner-23896961,136,tni rof cca,Challenger,502,91,,366,320
136,summoner-22126727,137,walsitaM,Challenger,502,69,,241,203
137,summoner-108737088,138,RB Closer,Challenger,499,61,,242,202
138,summoner-108737494,139,IlIIIIllllIIIllI,Challenger,498,42,,109,68
139,summoner-19423426,140,ARMY Prime,Challenger,496,102,,362,314
140,summoner-19468950,141,Fr4id,Challenger,495,76,,229,187
141,summoner-19789802,142,MRS Hatrixx,Challenger,492,72,,200,163
142,summoner-24415613,143,Energy IceCold,Challenger,491,94,,321,279
143,summoner-39562616,144,MAD Koldo,Challenger,491,101,,282,239
144,summoner-19151853,145,S04 Upset1,Challenger,490,62,,194,124
145,summoner-22447540,146,Godbro sama,Challenger,485,98,,411,370
146,summoner-58727186,147,eMz Czekolad,Challenger,484,99,,425,380
147,summoner-95027465,148,Repeatedly,Challenger,483,57,,163,110
148,summoner-21285694,149,Sawyor,Challenger,480,80,,243,206
149,summoner-21585997,150,Enjawve,Challenger,477,128,,263,220
150,summoner-30121864,151,SK HT SP,Challenger,477,57,,180,123
151,summoner-85597167,152,Matislaw,Challenger,476,72,,258,222
152,summoner-106396794,153,Newbiecide,Challenger,476,63,,210,169
153,summoner-292470,154,ATL Lvsyan,Challenger,475,107,,397,357
154,summoner-23323006,155,SPY Nisqy,Challenger,474,82,,267,235
155,summoner-20395020,156,cospect,Challenger,473,73,,180,132
156,summoner-22941744,157,TaIonlonfarm,Challenger,472,106,,434,396
157,summoner-91136961,158,Erdoté,Challenger,468,78,,210,167
158,summoner-107547025,159,Wafflebrother,Challenger,468,48,,123,98
159,summoner-23548918,160,HWA Innaxe,Challenger,467,120,,479,438
160,summoner-108429249,161,Koaern kid,Challenger,467,61,,248,176
161,summoner-28893913,162,VHV Bravado,Challenger,463,114,,241,198
162,summoner-99986935,163,Fall in L,Challenger,459,62,,197,157
163,summoner-86878959,164,sonorK,Challenger,457,117,,332,294
164,summoner-19888536,165,VHV Quinncidence,Challenger,456,124,,493,450
165,summoner-43874919,166,ADC is AP but AD,Challenger,453,77,,321,278
166,summoner-91577238,167,bhgjjjjjjjjjhg,Challenger,453,76,,263,226
167,summoner-41619682,168,Caviavampier,Challenger,452,106,,134,85
168,summoner-111126795,169,Unrank elo,Challenger,452,45,,113,89
169,summoner-22477352,170,Reich und Blond,Challenger,447,112,,646,564
170,summoner-105986870,171,Naruto Kurama,Challenger,444,52,,132,93
171,summoner-110827571,172,winter is red,Challenger,442,50,,178,105
172,summoner-19798647,173,Justice Brínger,Challenger,441,127,,568,505
173,summoner-32312702,174,Special,Challenger,440,56,,211,159
174,summoner-41527677,175,Crykee v2,Challenger,438,64,,195,152
175,summoner-42807803,176,Chlebek borzy,Challenger,436,84,,261,204
176,summoner-24877192,177,Milicaaa,Challenger,436,48,,106,70
177,summoner-79497157,178,ch0sen123,Challenger,435,92,,361,280
178,summoner-27549186,179,AHG Tolkin,Challenger,435,70,,199,160
179,summoner-24067157,180,Adam 16 Ans 1S,Challenger,435,38,,98,28
180,summoner-85576862,181,roulette7temmuz,Challenger,434,97,,495,443
181,summoner-54947331,182,Oeh Ah EdDeGoeij,Challenger,434,59,,188,139
182,summoner-94007523,183,Armless Trash,Challenger,433,146,,592,548
183,summoner-70202135,184,DeathByKata,Challenger,433,85,,385,324
184,summoner-101206942,185,GGE Cboi,Challenger,432,82,,247,202
185,summoner-42035133,186,SLY TraYtoN,Challenger,431,110,,431,391
186,summoner-24387527,187,mYi Greenfire,Challenger,430,91,,195,148
187,summoner-60962346,188,iZeal,Challenger,429,79,,246,204
188,summoner-42747522,189,Yugazue,Challenger,429,72,,202,157
189,summoner-101086964,190,Optimas56,Challenger,428,88,,223,184
190,summoner-95119648,191,GWIAZDECZKA,Challenger,428,49,,137,64
191,summoner-19275213,192,Broeki,Challenger,426,138,,603,565
192,summoner-22329896,193,S04 Vander,Challenger,426,118,,394,371
193,summoner-19931538,194,V Shemek,Challenger,425,82,,271,235
194,summoner-372983,195,FNC sOAZIZ,Challenger,424,84,,324,289
195,summoner-22587236,196,KIYF ZaZee,Challenger,423,80,,256,223
196,summoner-89418627,197,Noltey3,Challenger,421,108,,462,422
197,summoner-21729191,198,Lexip,Challenger,408,118,,324,287
198,summoner-24632766,199,DekkalF,Challenger,385,99,,407,364
199,summoner-34637882,200,perfectplayer99,Challenger,364,104,,309,264
200,summoner-19529511,201,Sâtorius,Master,443,154,,767,727
201,summoner-27300678,202,Shikari,Master,420,59,,195,151
202,summoner-105388374,203,Amalpink,Master,420,51,,149,81
203,summoner-21905543,204,Ryoshi,Master,420,115,,149,103
204,summoner-28052021,205,K1CK XicOoO,Master,417,66,,217,175
205,summoner-50791106,206,Rîse,Master,417,59,,122,79
206,summoner-85987189,207,kirei smurfer,Master,416,65,,159,124
207,summoner-19122741,208,Four Leaf Clovér,Master,415,114,,351,316
208,summoner-91010187,209,Gaweł14,Master,414,83,,291,247
209,summoner-56942161,210,WAR Noltey,Master,411,96,,246,214
210,summoner-52118863,211,GildedEvil,Master,405,68,,245,201
211,summoner-20640228,212,TRYN MECHANICS,Master,403,87,,321,281
212,summoner-20006991,213,eMz Carbono,Master,403,92,,285,243
213,summoner-35651895,214,FUN k3y,Master,401,64,,149,103
214,summoner-20101413,215,FB Thaldrin,Master,383,106,,421,389
215,summoner-19751358,216,Kikis,Master,400,83,,371,336
216,summoner-106006834,217,I LOVE LPL,Master,397,95,,396,354
217,summoner-107956847,218,look minimap,Master,397,62,,232,203
218,summoner-34978029,219,SLY Skeanz,Master,394,128,,442,412
219,summoner-51626956,220,Zergsting,Master,394,87,,323,288
220,summoner-40956931,221,PGM Glebo,Master,393,115,,469,436
221,summoner-38515770,222,AHG Swipe,Master,393,105,,357,326
222,summoner-85227617,223,PineYouKos,Master,393,72,,216,174
223,summoner-20510452,224,b0aty fanboy,Master,392,182,,883,841
224,summoner-44256793,225,YouGotFrogged,Master,392,106,,268,232
225,summoner-28892717,226,dejan1,Master,392,74,,202,162
226,summoner-22910599,227,Shantaooo,Master,391,73,,309,250
227,summoner-20322986,228,Annelyse Adair,Master,390,129,,594,552
228,summoner-35368143,229,styIIEE,Master,388,80,,283,243
229,summoner-39562177,230,Christian Jensen,Master,388,129,,262,221
230,summoner-43044733,231,Kyray,Master,388,97,,220,178
231,summoner-24682901,232,Lov3Petrichor,Master,388,68,,157,116
232,summoner-42287489,233,ENC Eren,Master,384,62,,144,112
233,summoner-20037524,234,Marrow Oõze,Master,383,101,,390,360
234,summoner-36804632,235,kenzhu9,Master,383,113,,328,293
235,summoner-66995255,236,Hi im Domu,Master,380,60,,199,155
236,summoner-110067384,237,izutsumi,Master,380,48,,151,85
237,summoner-92518231,238,Who else321,Master,378,38,,97,34
238,summoner-30938077,239,ChestBiceps,Master,375,128,,319,284
239,summoner-30711344,240,adm btw,Master,375,68,,233,190
240,summoner-97688802,241,TynX v2,Master,375,88,,233,197
241,summoner-105996895,242,Gashinaa,Master,374,44,,127,83
242,summoner-97579562,243,mouz Inspired,Master,370,83,,245,213
243,summoner-23247536,244,nigelf,Master,369,79,,312,263
244,summoner-23388196,245,AeQ nite,Master,368,68,,160,117
245,summoner-29389512,246,rafitta,Master,367,93,,344,305
246,summoner-30737031,247,Emikin v2,Master,367,104,,276,238
247,summoner-27408923,248,Tha Carter V,Master,363,85,,347,318
248,summoner-44256841,249,l am Freeze,Master,362,104,,349,310
249,summoner-35433650,250,x6 Svikter,Master,359,95,,463,429
250,summoner-24763111,251,qwerty12345,Master,358,83,,221,186
251,summoner-21732658,252,jestkui MAX,Master,354,68,,226,195
252,summoner-34880194,253,Gu1lty,Master,351,120,,409,368
253,summoner-44108210,254,Gentside xMatty,Master,351,116,,269,235
254,summoner-85998367,255,SK Ruin,Master,351,62,,103,62
255,summoner-110656972,256,bYTYLEMk,Master,350,38,,62,41
256,summoner-19149907,257,xumäS,Master,349,92,,323,295
257,summoner-85781368,258,FullMetalRobocop,Master,349,77,,225,184
258,summoner-35037145,259,Ragner DOG,Master,346,78,,300,259
259,summoner-24364481,260,Unknown Inter,Master,346,69,,171,135
260,summoner-84097658,261,THÉLANDVIRGINIA,Master,345,52,,151,114
261,summoner-24643089,262,Maazo,Master,344,101,,329,299
262,summoner-21781690,263,Delitto1,Master,344,75,,223,181
263,summoner-43709778,264,skainn,Master,343,126,,608,566
264,summoner-35698594,265,420WeabooSlayer,Master,343,117,,330,288
265,summoner-29765207,266,VGIA Deádly,Master,342,77,,253,208
266,summoner-99068672,267,DBL Cookie,Master,341,115,,394,366
267,summoner-88459935,268,BROKEN MAX,Master,339,79,,286,241
268,summoner-22804336,269,Dead Dyn4sty,Master,338,58,,195,139
269,summoner-106006856,270,FB Ability power,Master,336,84,,381,346
270,summoner-28327267,271,SmøK3r,Master,335,146,,608,544
271,summoner-37903782,272,Click TheNik,Master,334,126,,432,393
272,summoner-70858329,273,Tommy2Tap,Master,332,120,,648,591
273,summoner-106810202,274,MADGlRL,Master,332,68,,298,259
274,summoner-29434996,275,Kyanna,Master,331,102,,324,287
275,summoner-22103886,276,ARMY Sedrion,Master,329,112,,339,307
276,summoner-44259378,277,Björnen Baloo,Master,325,108,,411,371
277,summoner-44748051,278,TheRoyalKanin,Master,325,117,,394,354
278,summoner-41521265,279,KˉˉˉˉˉˉV,Master,325,108,,318,287
279,summoner-50689044,280,Ashendado123,Master,325,65,,153,111
280,summoner-19255309,281,hirohai,Master,324,123,,381,337
281,summoner-30480956,282,WeAz SoRya,Master,324,66,,173,143
282,summoner-85128553,283,N1ghtingäle,Master,323,64,,133,105
283,summoner-21580625,284,SPAVAS LI MIRNO,Master,322,87,,344,305
284,summoner-32601771,285,HG Vince,Master,321,93,,216,178
285,summoner-75787627,286,NicholaNickts6,Master,320,94,,391,355
286,summoner-41532420,287,IceBeasto,Master,319,93,,361,319
287,summoner-70027354,288,zoiren,Master,319,68,,230,191
288,summoner-44422005,289,Tolerant,Master,318,89,,321,292
289,summoner-101087512,290,Busty Jessica,Master,317,73,,258,213
290,summoner-89206857,291,Galningen Gustav,Master,316,73,,280,247
291,summoner-83180,292,GIA SteeelbacKey,Master,315,139,,531,500
292,summoner-27492090,293,JaVaaa,Master,315,96,,401,354
293,summoner-94987702,294,PeacefuI Mind,Master,314,123,,500,477
294,summoner-103859565,295,Sykkeltyven,Master,314,66,,104,55
295,summoner-37617929,296,xL Taxer,Master,311,69,,200,170
296,summoner-68637318,297,ˆkopendowNˆ,Master,310,62,,217,176
297,summoner-24834259,298,Pytangelus,Master,309,123,,593,560
298,summoner-27598742,299,VGIA Javier514,Master,327,111,,390,349
299,summoner-58057567,300,DRG Vrow,Master,307,134,,729,693
300,summoner-100099677,301,d0ngfangbubai,Master,307,131,,516,472
301,summoner-21267418,302,TemptAzn,Master,307,118,,396,356
302,summoner-95189313,303,Keltrá,Master,307,75,,317,275
303,summoner-22696797,304,Ziix Garguentua,Master,307,87,,270,229
304,summoner-29718131,305,DBL Anthrax,Master,307,89,,249,230
305,summoner-21653685,306,GIA SirNukesAlot,Master,306,194,,847,805
306,summoner-43655729,307,WAR Kerberos,Master,305,168,,624,575
307,summoner-42176118,308,ROCCAT HeaQ,Master,304,89,,342,297
308,summoner-35339815,309,CGG RyKo,Master,304,97,,168,135
309,summoner-23717728,310,eMz Monk,Master,302,132,,559,523
310,summoner-32921245,311,Joekerism,Master,302,106,,344,308
311,summoner-59708317,312,5H Nuokii,Master,302,99,,291,253
312,summoner-111288068,313,07 07 2018,Master,300,42,,112,54
313,summoner-50997072,314,Kryze,Master,297,86,,207,169
314,summoner-105546803,315,LenaPlaysLoL,Master,296,85,,296,260
315,summoner-22422778,316,LDLC Dan Dan,Master,295,107,,407,376
316,summoner-101206964,317,sweetnsalty,Master,295,85,,387,356
317,summoner-28026195,318,K1CK Alternative,Master,294,90,,302,269
318,summoner-60814394,319,PGM Siler,Master,292,93,,312,284
319,summoner-105996897,320,Al Simak,Master,291,50,,151,122
320,summoner-45379441,321,JackSpektra,Master,289,70,,227,197
321,summoner-84396817,322,VGIA Kashtelan,Master,286,85,,229,202
322,summoner-37748436,323,Alphari,Master,286,65,,212,183
323,summoner-84756998,324,I Am Determined,Master,285,63,,204,169
324,summoner-19300840,325,FNC Influenza,Master,284,71,,219,183
325,summoner-73587776,326,Innaxe v2,Master,283,86,,296,271
326,summoner-54687088,327,Liquidice8,Master,283,59,,190,149
327,summoner-44748697,328,Sebekx,Master,280,85,,317,283
328,summoner-40390308,329,UOL Tøtørø,Master,279,92,,253,212
329,summoner-92782489,330,Luckerˆ,Master,278,123,,380,336
330,summoner-22240784,331,BLYAAAAAAAAAAAAA,Master,276,123,,545,509
331,summoner-106507540,332,Mimz,Master,275,65,,246,176
332,summoner-33654217,333,ƒax,Master,275,65,,182,153
333,summoner-29981750,334,Calmsky,Master,275,86,,175,139
334,summoner-42809686,335,Vivifica,Master,274,109,,320,280
335,summoner-108939991,336,bAZZILISKS,Master,274,60,,213,141
336,summoner-77217087,337,Watch My Puppets,Master,274,73,,207,167
337,summoner-43747714,338,xPriskornet,Master,273,84,,216,183
338,summoner-107738330,339,Reformed Apfel,Master,272,65,,210,145
339,summoner-105058547,340,ExcusesLike,Master,271,70,,168,129
340,summoner-97607023,341,IIIlllIIIIIII,Master,268,105,,380,348
341,summoner-100816953,342,Kinżu,Master,268,115,,374,344
342,summoner-41518117,343,joker jay1,Master,267,46,,128,90
343,summoner-20046358,344,Lukezy,Master,266,87,,305,274
344,summoner-41516817,345,DBL Raxon,Master,266,84,,251,214
345,summoner-38988525,346,Zaiiro,Master,266,73,,138,93
346,summoner-40168570,347,Ruinous,Master,265,112,,207,168
347,summoner-85610097,348,Kazewa v2,Master,264,86,,399,359
348,summoner-73306918,349,Kite Machine,Master,263,62,,148,118
349,summoner-30718133,350,Boris The Wizard,Master,259,124,,667,631
350,summoner-100817177,351,supr cupr mid,Master,259,85,,300,269
351,summoner-24563497,352,Rhobalas,Master,259,122,,272,238
352,summoner-25532701,353,FNC Hylissang,Master,257,103,,446,417
353,summoner-57177763,354,Unpredicted,Master,255,84,,352,293
354,summoner-79788876,355,Doxylol,Master,255,68,,332,262
355,summoner-52208617,356,HELLAS Tranquil,Master,255,104,,288,246
356,summoner-72467946,357,Roison,Master,252,88,,333,307
357,summoner-19671824,358,CozQ Vibes,Master,252,95,,315,282
358,summoner-20215808,359,Wendelbo,Master,252,87,,290,255
359,summoner-90777352,360,ASDKDASADSJAXAZ,Master,252,61,,176,141
360,summoner-102407010,361,madlifeonur,Master,252,48,,152,106
361,summoner-86377408,362,Gricuś,Master,251,99,,447,417
362,summoner-55776940,363,ROX mumus100,Master,251,80,,225,191
363,summoner-51649997,364,t tro for mec,Master,250,60,,135,94
364,summoner-24093040,365,Tazaku,Master,250,77,,98,66
365,summoner-31102130,366,Ceikey,Master,249,100,,495,440
366,summoner-78898252,367,Monkey D Ulleh,Master,249,59,,174,136
367,summoner-29834844,368,Fingers BIue,Master,247,88,,326,290
368,summoner-33640750,369,is it int or not,Master,247,71,,154,118
369,summoner-22415178,370,Addex,Master,246,84,,350,304
370,summoner-22492437,371,hi im mate,Master,246,77,,107,73
371,summoner-57882477,372,swiftyscarob,Master,245,57,,230,169
372,summoner-20635681,373,MiF Frog Jesus,Master,242,105,,312,279
373,summoner-71787249,374,MGX 14 04,Master,241,136,,671,627
374,summoner-110407516,375,Megswillis,Master,241,41,,107,57
375,summoner-89187062,376,Cpt KilleR,Master,238,106,,360,322
376,summoner-21920858,377,Karim kt,Master,238,97,,337,302
377,summoner-71238349,378,Hartgon Whan,Master,238,116,,300,264
378,summoner-396667,379,Torny v2,Master,238,60,,183,136
379,summoner-35742723,380,GIA Viketox,Master,237,135,,313,276
380,summoner-58067437,381,MaxTheRider,Master,237,94,,294,259
381,summoner-21355593,382,Nøac,Master,236,111,,408,368
382,summoner-105692019,383,Tolkin,Master,236,52,,126,62
383,summoner-28887345,384,Eden Fox,Master,234,85,,341,306
384,summoner-99647174,385,G2 Wadid,Master,234,72,,295,228
385,summoner-60450106,386,DuskLenkas,Master,233,147,,467,430
386,summoner-21681171,387,Kim Bae in,Master,233,66,,182,150
387,summoner-75636866,388,FB WaenA1,Master,232,166,,802,765
388,summoner-42915361,389,ArcadeZyra,Master,248,104,,515,471
389,summoner-46718607,390,ZONGO LE DOZ0,Master,229,148,,731,707
390,summoner-24438366,391,Liandrid,Master,227,108,,378,339
391,summoner-25797111,392,Demon12,Master,227,71,,163,130
392,summoner-95597882,393,moxokx,Master,226,106,,247,199
393,summoner-108737493,394,YC Mojito,Master,226,57,,230,193
394,summoner-36660120,395,sof,Master,225,117,,316,278
395,summoner-20908687,396,Joo1,Master,224,105,,528,488
396,summoner-72527455,397,Nikos Vertis,Master,224,78,,320,280
397,summoner-46687094,398,Deltired,Master,224,55,,165,129
398,summoner-19268008,399,PederseNN,Master,223,103,,412,377
399,summoner-107227312,400,xPsychoAzael,Master,223,60,,231,123
400,summoner-19240537,401,Kektz,Master,223,69,,167,140
401,summoner-96016857,402,Tree Tat,Master,223,59,,158,115
402,summoner-99246842,403,Rokurota,Master,223,66,,126,100
403,summoner-103207498,404,Yaprak Sarması,Master,222,70,,229,198
404,summoner-21726747,405,VIT jactroll,Master,220,107,,360,325
405,summoner-99007177,406,im Raven,Master,220,74,,248,212
406,summoner-49457773,407,Yúng Coke,Master,219,115,,334,296
407,summoner-90817975,408,OK JACK WHITE XD,Master,219,41,,103,53
408,summoner-41530621,409,Emikin,Master,218,64,,256,223
409,summoner-76942740,410,Kata Les Mécanix,Master,218,80,,184,149
410,summoner-24279556,411,CheTiro,Master,216,129,,431,398
411,summoner-30115925,412,sevensickseamen,Master,216,55,,142,110
412,summoner-58536934,413,WorstExileAfrica,Master,199,49,,107,63
413,summoner-46406805,414,goreziller,Master,214,210,,366,250
414,summoner-46517365,415,Musclé,Master,214,93,,301,260
415,summoner-20202800,416,SPG Pride,Master,214,74,,218,180
416,summoner-69867692,417,AøD,Master,214,65,,154,113
417,summoner-19170475,418,DBL Zeph,Master,213,110,,354,319
418,summoner-30982335,419,yukihira søuma,Master,213,91,,276,237
419,summoner-77480142,420,KT Crown,Master,213,55,,167,139
420,summoner-25150293,421,Canela hace caca,Master,212,141,,677,647
421,summoner-27426799,422,Taikki,Master,212,73,,218,188
422,summoner-21170745,423,i miss tabe,Master,212,57,,185,132
423,summoner-75627611,424,Kack0s,Master,211,67,,186,156
424,summoner-26369760,425,Hîoss,Master,211,67,,185,144
425,summoner-22082647,426,WAR Akutsune,Master,209,79,,251,220
426,summoner-299941,427,Koyomi Palens,Master,209,93,,217,180
427,summoner-105596794,428,17 HanSol Choi,Master,209,48,,120,82
428,summoner-37910073,429,EDE KeABambiHR,Master,207,103,,190,151
429,summoner-25953367,430,draikz1,Master,207,70,,160,111
430,summoner-69868149,431,SPY Odoamne,Master,205,48,,96,40
431,summoner-44248954,432,Stefan Nikolić,Master,204,117,,470,452
432,summoner-105996856,433,cxvbnxc,Master,203,83,,328,302
433,summoner-57346994,434,DRG Barcode,Master,202,171,,778,738
434,summoner-32900575,435,MAD Simpy,Master,201,115,,289,258
435,summoner-21622017,436,DRG Sacre,Master,200,73,,162,127
436,summoner-44916966,437,MRS Cinkrof,Master,199,119,,536,506
437,summoner-21695432,438,DuaLL,Master,199,119,,424,395
438,summoner-56794447,439,chris breezyy,Master,199,58,,271,260
439,summoner-34980265,440,Aquí de chill,Master,197,117,,447,417
440,summoner-98407346,441,Improve or Uni,Master,197,70,,283,242
441,summoner-30822111,442,Lunetth,Master,196,126,,452,408
442,summoner-106006839,443,SilverHawk SxS,Master,195,98,,326,301
443,summoner-86797140,444,AbdaIIah,Master,195,47,,89,52
444,summoner-27668408,445,C4H8Cl2S,Master,194,116,,420,386
445,summoner-23040355,446,RystePete,Master,194,77,,259,210
446,summoner-25908425,447,Magoy,Master,211,94,,223,187
447,summoner-33626861,448,pve Top,Master,194,79,,145,108
448,summoner-28160866,449,VIT Kanani361,Master,193,111,,489,452
449,summoner-105996896,450,Fredy 2mid is OP,Master,192,61,,211,174
450,summoner-19538899,451,Steverino,Master,192,76,,147,117
451,summoner-80249357,452,ESGFertigsteller,Master,190,96,,291,261
452,summoner-29129869,453,Kertoosh,Master,190,89,,236,195
453,summoner-28086813,454,Killer Moonman,Master,188,116,,392,352
454,summoner-73340295,455,KingzoneX Bdd,Master,188,63,,175,137
455,summoner-37039080,456,DCG Bean,Master,184,158,,673,639
456,summoner-18979052,457,DCG Striker,Master,184,93,,237,197
457,summoner-67077117,458,Purvi,Master,183,60,,149,110
458,summoner-101086959,459,Mihail Tal,Master,183,44,,107,62
459,summoner-49120866,460,Indiana Jinns,Master,181,110,,317,277
460,summoner-105986869,461,Tore på sporet,Master,181,60,,193,166
461,summoner-37882499,462,BIG NilleNalley,Master,178,154,,660,627
462,summoner-20252926,463,inF Tunaraz,Master,178,68,,194,153
463,summoner-101206936,464,Snus abuser,Master,177,73,,316,277
464,summoner-20828788,465,kokoJes,Master,177,74,,229,213
465,summoner-18996410,466,LvLUp Aesenar,Master,177,98,,209,171
466,summoner-58727383,467,trashplayer98,Master,176,62,,163,119
467,summoner-32978803,468,Dreamer Ace,Master,175,70,,223,191
468,summoner-39602699,469,Kisuke LFT,Master,174,97,,253,225
469,summoner-20892736,470,BRG GodlikeMagic,Master,173,110,,307,270
470,summoner-66324715,471,tampio v2,Master,173,59,,190,138
471,summoner-41523185,472,ENC Hadow,Master,172,137,,643,619
472,summoner-21500820,473,Delitto,Master,172,79,,243,216
473,summoner-86938682,474,hi im inting,Master,172,72,,220,184
474,summoner-111126793,475,12254775,Master,172,42,,92,84
475,summoner-100749903,476,AeQ Outlandisch,Master,169,137,,451,418
476,summoner-89527347,477,1ntr0,Master,169,84,,397,324
477,summoner-48845007,478,DJ Roison v69,Master,168,94,,354,330
478,summoner-22252068,479,LlMIT,Master,168,110,,344,308
479,summoner-73509560,480,iˆbehave,Master,168,60,,113,84
480,summoner-102797274,481,Hope for best,Master,168,53,,85,57
481,summoner-63762796,482,frank v2,Master,167,44,,103,76
482,summoner-22499089,483,iTzLeviosaa,Master,165,58,,139,97
483,summoner-42278386,484,Elwind,Master,164,69,,268,237
484,summoner-71399356,485,06 10 2001,Master,162,89,,262,230
485,summoner-95178343,486,Trymbi,Master,162,94,,237,209
486,summoner-34428433,487,VGIA Rafa,Master,161,123,,561,533
487,summoner-85816819,488,Zhaviaa,Master,161,113,,560,522
488,summoner-84647572,489,Twisted Math,Master,161,41,,76,41
489,summoner-98420050,490,AeQ Dextro,Master,160,75,,220,195
490,summoner-102980548,491,5th of june,Master,160,63,,126,89
491,summoner-97207095,492,jako ve 14,Master,159,78,,336,299
492,summoner-98769183,493,HEX Ðizzy,Master,159,58,,134,94
493,summoner-41634372,494,Eunha LFT,Master,158,96,,222,184
494,summoner-46797945,495,Aizhon,Master,158,98,,221,184
495,summoner-21305107,496,MaxOverdrive,Master,158,73,,186,156
496,summoner-106396862,497,IllIIllIlll,Master,157,45,,111,84
497,summoner-20778901,498,Terseras,Master,156,101,,335,298
498,summoner-85918996,499,a1a2a3a4afffffff,Master,155,105,,390,369
499,summoner-20050482,500,loulex,Master,155,116,,371,345
500,summoner-21667309,501,sticky double,Master,155,96,,304,281
501,summoner-105986814,502,Luâna,Master,155,85,,251,204
502,summoner-20686620,503,Toby btw,Master,154,72,,168,131
503,summoner-72517324,504,HLT Wayzen,Master,153,157,,527,489
504,summoner-61666828,505,GO TynX,Master,153,102,,355,325
505,summoner-206429,506,MC Fuentes,Master,152,86,,296,270
506,summoner-24846793,507,DRG Homi,Master,152,77,,201,177
507,summoner-74067354,508,Fresskowy,Master,151,105,,355,322
508,summoner-23873017,509,TF Poni,Master,151,103,,248,218
509,summoner-47417982,510,BIG Navio,Master,147,108,,296,274
510,summoner-97717284,511,v Daddychard,Master,147,88,,265,235
511,summoner-58848462,512,inF Phantomles,Master,147,63,,141,107
512,summoner-19472773,513,Ionï,Master,145,87,,258,217
513,summoner-60943212,514,Umoraki,Master,145,84,,227,193
514,summoner-282453,515,Puki style,Master,145,72,,189,155
515,summoner-102820725,516,Twice Fan,Master,145,54,,105,66
516,summoner-21577238,517,Exalty Menphis10,Master,144,112,,335,299
517,summoner-108647160,518,Kebab severim,Master,144,61,,228,227
518,summoner-54367179,519,bucu27,Master,143,114,,502,473
519,summoner-19002345,520,Dexui,Master,143,84,,214,177
520,summoner-20671371,521,ENC Munckizz,Master,143,76,,214,176
521,summoner-20234739,522,Ryo Kwang Sun,Master,142,56,,160,122
522,summoner-32707488,523,Elite500,Master,141,100,,235,206
523,summoner-23674680,524,Quackss,Master,141,99,,103,70
524,summoner-21255607,525,CleanserNG,Master,140,97,,301,265
525,summoner-20525508,526,GX TwitchThot,Master,140,94,,260,233
526,summoner-35168725,527,Seaz,Master,140,107,,257,227
527,summoner-102828330,528,TheReturn of God,Master,140,80,,159,110
528,summoner-27626641,529,paralift,Master,138,114,,437,408
529,summoner-110117445,530,ZLATiRL,Master,138,56,,187,116
530,summoner-52210396,531,Polish Wonderb0y,Master,138,55,,146,100
531,summoner-20570900,532,ROG Jester,Master,136,111,,592,566
532,summoner-20053332,533,xL Venzer,Master,136,87,,288,262
533,summoner-20193482,534,MAD Crownshot,Master,135,104,,296,274
534,summoner-21104522,535,KwK Flirt,Master,133,119,,272,241
535,summoner-21842355,536,AlternateDemise,Master,133,53,,150,111
536,summoner-26656911,537,1997 04 16,Master,132,129,,514,489
537,summoner-46621528,538,ZPR Findus,Master,132,100,,310,280
538,summoner-23423070,539,mid season cba,Master,131,153,,729,707
539,summoner-102917373,540,ˆsmmˆ,Master,130,60,,189,150
540,summoner-43870287,541,entropyh,Master,129,93,,139,108
541,summoner-37147607,542,The Most Fragile,Master,129,73,,95,56
542,summoner-43910586,543,tidee,Master,128,142,,335,300
543,summoner-37707980,544,DiiPleX,Master,126,126,,394,366
544,summoner-25543580,545,MRS Darkø,Master,126,109,,352,319
545,summoner-36632741,546,RIP Jimmy Wopo,Master,125,126,,560,533
546,summoner-40696824,547,MSF Chrisberg,Master,124,110,,405,359
547,summoner-68627391,548,Yusa,Master,123,136,,556,523
548,summoner-105996845,549,IlIIIllIIlIlllI,Master,122,70,,218,184
549,summoner-21795169,550,warm feelings,Master,103,127,,731,674
550,summoner-25234828,551,GLOWlNG,Master,121,78,,173,143
551,summoner-37827453,552,Swox,Master,119,66,,155,120
552,summoner-109547168,553,Azażel,Master,118,74,,221,192
553,summoner-87407922,554,Huntˆ,Master,118,85,,129,97
554,summoner-81452942,555,Riddem,Master,118,50,,109,76
555,summoner-105986837,556,SUP fabulous,Master,117,72,,294,264
556,summoner-102989439,557,Nikos Nikolaidis,Master,116,95,,344,312
557,summoner-98397502,558,do not tilt me,Master,116,80,,340,297
558,summoner-101206954,559,Owen Sleater,Master,116,64,,203,166
559,summoner-19096814,560,Homemade Toast,Master,114,97,,345,315
560,summoner-105824100,561,IIllIlllIIIllIIl,Master,114,60,,212,132
561,summoner-101206947,562,kdskkiiiwexyi,Master,114,56,,181,158
562,summoner-106766846,563,Sayong,Master,111,112,,408,380
563,summoner-31972312,564,ELS Veignorem,Master,111,117,,354,319
564,summoner-86377306,565,Panda Is Hungry,Master,110,69,,237,205
565,summoner-109978042,566,Burger Chris,Master,110,47,,146,96
566,summoner-41099951,567,HFG ThUNdEr,Master,109,49,,166,73
567,summoner-89206856,568,Rawbin th fourth,Master,108,96,,492,465
568,summoner-29989390,569,WarHou,Master,107,60,,218,185
569,summoner-27791631,570,Igloo Belacqua,Master,106,114,,469,442
570,summoner-60607879,571,Klaabu,Master,106,126,,341,321
571,summoner-20912175,572,LorMiis,Master,105,96,,453,420
572,summoner-19654100,573,ŁaFleur,Master,104,99,,433,393
573,summoner-33219940,574,Dop1nder,Master,103,127,,607,573
574,summoner-20183165,575,SPG Koala,Master,103,123,,468,442
575,summoner-70457274,576,Kehvo,Master,103,79,,154,121
576,summoner-18979911,577,iNAT Jorx,Master,102,120,,347,317
577,summoner-106006866,578,361ufo,Master,102,73,,277,246
578,summoner-26522178,579,Endz7,Master,101,94,,441,414
579,summoner-21284151,580,Aoi Haru,Master,101,96,,294,265
580,summoner-72484140,581,Véigâr v2,Master,101,83,,166,136
581,summoner-31507262,582,ROG Bando,Master,100,145,,638,608
582,summoner-24307686,583,Vitric,Master,100,120,,585,517
583,summoner-32188888,584,Raxxo,Master,100,136,,518,485
584,summoner-105986838,585,zeitnot361,Master,100,75,,290,258
585,summoner-22339127,586,RIP XXXTentac1on,Master,99,74,,210,183
586,summoner-52541588,587,Phalo,Master,99,66,,144,114
587,summoner-19236549,588,MTC Shitoo,Master,97,66,,205,177
588,summoner-49534099,589,Membuang Kosong,Master,97,45,,95,63
589,summoner-33419262,590,MeIìodas,Master,95,108,,293,255
590,summoner-30530144,591,iRoxxzor,Master,95,41,,81,43
591,summoner-73600822,592,IgnasITZ,Master,94,111,,223,186
592,summoner-70671089,593,a wild shampoo,Master,92,118,,525,490
593,summoner-44747167,594,KIYF Oromë,Master,92,87,,234,205
594,summoner-27376182,595,Crab Crab Crab,Master,88,143,,563,530
595,summoner-25890785,596,Le GrandToplaner,Master,88,45,,97,69
596,summoner-44894469,597,Toplane is alive,Master,87,101,,584,534
597,summoner-106777496,598,MarQ Sparrow,Master,87,96,,297,268
598,summoner-108069804,599,Baba Yaga BM,Master,87,43,,105,48
599,summoner-86840010,600,PatkicaA,Master,86,105,,414,377
600,summoner-23003972,601,Pirr The Butcher,Master,86,66,,252,209
601,summoner-112146989,602,abcdefghijklmae,Master,86,46,,137,91
602,summoner-27284586,603,JeanDidierGnar,Master,86,81,,113,80
603,summoner-25604288,604,213847120834712,Master,86,46,,95,63
604,summoner-101418428,605,9eetooo,Master,85,76,,262,213
605,summoner-20815637,606,Shifter1,Master,84,85,,333,303
606,summoner-93729897,607,Höder,Master,84,52,,169,139
607,summoner-38022855,608,Mistro Fan,Master,84,52,,120,90
608,summoner-50824372,609,ENC BurgerKing,Master,83,86,,235,203
609,summoner-101206948,610,John Gucci,Master,83,83,,230,201
610,summoner-86719726,611,Yung Mus,Master,82,109,,190,155
611,summoner-82480866,612,Vînsmoke Sanji,Master,81,144,,286,247
612,summoner-31027178,613,M19 Nomanz,Master,80,108,,348,330
613,summoner-19889228,614,Targamas,Master,80,92,,270,253
614,summoner-58727216,615,Szczebrzeszyn,Master,80,65,,141,105
615,summoner-20094017,616,GGE FindFinn,Master,79,119,,576,546
616,summoner-85891511,617,Counter WPV,Master,79,88,,355,321
617,summoner-19803630,618,Nova Brokentoe,Master,79,83,,309,279
618,summoner-36967843,619,UrStepdadySinged,Master,79,92,,278,240
619,summoner-235658,620,MITRIX,Master,78,140,,648,616
620,summoner-30505608,621,Power Of Dunk,Master,78,93,,172,142
621,summoner-40089714,622,Fennec Atham,Master,78,91,,157,125
622,summoner-98898961,623,Shiganari,Master,77,127,,528,497
623,summoner-73987390,624,spierdaIaj,Master,77,64,,183,152
624,summoner-19923074,625,Polyokov,Master,76,100,,367,340
625,summoner-86559229,626,XOF NEDE,Master,76,79,,302,269
626,summoner-104060031,627,DG Kaiwen,Master,76,72,,239,157
627,summoner-19191806,628,ImSøFresh,Master,74,67,,264,225
628,summoner-26298067,629,Firsttry,Master,74,146,,251,206
629,summoner-20093992,630,Satsumas,Master,74,82,,78,44
630,summoner-42836792,631,Esport Police,Master,73,73,,173,145
631,summoner-56426830,632,Wh4tsThatSmell,Master,73,83,,126,103
632,summoner-22709393,633,VIT Attila,Master,72,94,,278,257
633,summoner-101099227,634,G2 Rekkles,Master,72,54,,124,83
634,summoner-42617523,635,SK Phrenic,Master,71,98,,308,284
635,summoner-108819121,636,cutepanda,Master,71,69,,175,119
636,summoner-106006888,637,fat sweaty nerd,Master,88,89,,441,418
637,summoner-31991205,638,JPI Brimstone,Master,69,114,,386,357
638,summoner-27330085,639,Yoyo Loko,Master,68,73,,160,130
639,summoner-45781015,640,IlIlIlIIlllIllI,Master,68,67,,139,116
640,summoner-25602666,641,CG Hakuho,Master,67,46,,91,52
641,summoner-34585124,642,Hantera,Master,66,84,,355,297
642,summoner-26161002,643,Kênshin,Master,66,153,,324,291
643,summoner-62650480,644,Wood VII scrub,Master,66,41,,85,49
644,summoner-40249118,645,Loli Yuri,Master,65,148,,638,600
645,summoner-48847326,646,RR FâCe,Master,65,174,,467,432
646,summoner-29430870,647,DBL Nji,Master,65,133,,464,465
647,summoner-19451829,648,piapiupiu,Master,65,44,,88,53
648,summoner-63689386,649,Painˉ,Master,64,141,,597,567
649,summoner-38436818,650,godbro,Master,64,46,,103,70
650,summoner-77629155,651,Dippasointed,Master,63,62,,222,186
651,summoner-23253725,652,danger dog,Master,62,114,,304,271
652,summoner-22128534,653,RoK1,Master,62,68,,181,146
653,summoner-34629222,654,Flametor,Master,61,100,,395,346
654,summoner-105802259,655,Lurox v2,Master,61,58,,194,127
655,summoner-52199915,656,Lady Erzulie,Master,60,66,,210,169
656,summoner-90356821,657,ShockWave1,Master,60,63,,147,118
657,summoner-26388955,658,ESSKET1T,Master,58,116,,312,284
658,summoner-54107425,659,Best Lee Sin TW,Master,58,80,,282,246
659,summoner-24516174,660,Flamer354,Master,58,71,,216,189
660,summoner-53148240,661,Erisu,Master,57,124,,379,349
661,summoner-32746971,662,Frozen wings,Master,57,46,,115,57
662,summoner-34931855,663,TTW DerScampi,Master,56,125,,428,398
663,summoner-90727956,664,Dopa YY,Master,56,52,,116,74
664,summoner-40523643,665,Hi im Myles,Master,55,122,,136,90
665,summoner-95876997,666,im the sick boyy,Master,54,100,,371,346
666,summoner-20903279,667,qtFragola,Master,54,48,,178,104
667,summoner-24593081,668,iD Rharesh,Master,53,171,,672,634
668,summoner-71931750,669,Heinikenn,Master,53,55,,241,160
669,summoner-94417774,670,Game is starting,Master,67,52,,64,39
670,summoner-24475395,671,balanceteamXD,Master,51,123,,518,495
671,summoner-49628047,672,Gugaz,Master,51,88,,330,306
672,summoner-72897010,673,JD Kublocik,Master,51,85,,228,202
673,summoner-101087212,674,Why u int myline,Master,51,69,,219,193
674,summoner-20806262,675,IIIlllIIIllllIII,Master,51,84,,196,175
675,summoner-20401895,676,KittyMeMer,Master,51,71,,180,152
676,summoner-42256924,677,no typing,Master,50,70,,287,257
677,summoner-34582614,678,69 FodsenTÜV 69,Master,50,97,,162,132
678,summoner-22395987,679,ParzıvaI,Master,49,159,,749,724
679,summoner-71736807,680,IronRiderMax,Master,49,104,,266,240
680,summoner-86359553,681,whiteinn,Master,49,83,,241,210
681,summoner-100428387,682,Quinncidence,Master,49,62,,166,131
682,summoner-25581820,683,I Dont Play Meta,Master,49,83,,150,118
683,summoner-27694452,684,Caskey,Master,49,63,,132,101
684,summoner-19515504,685,xPrískornet,Master,48,78,,206,176
685,summoner-35918457,686,Bardoon,Master,48,82,,158,123
686,summoner-42135084,687,KwK MeLikePanda,Master,47,120,,412,388
687,summoner-74406,688,MAD Falc0,Master,47,91,,332,321
688,summoner-20798332,689,TasteLess,Master,47,61,,104,75
689,summoner-19345195,690,Arckk,Master,46,51,,175,106
690,summoner-46017532,691,Lekcycc,Master,45,127,,435,400
691,summoner-30813283,692,Tidebringer,Master,45,114,,363,335
692,summoner-19665650,693,Antonín Blaník,Master,45,70,,215,189
693,summoner-77727436,694,M1d K1ng,Master,44,62,,202,170
694,summoner-60529260,695,King Arthas v2,Master,44,57,,123,91
695,summoner-25172606,696,yunghampskrr,Master,43,124,,485,474
696,summoner-101086949,697,E4E5E3EE4E4E4E4E,Master,42,82,,401,367
697,summoner-20774578,698,disbelieve,Master,42,69,,167,118
698,summoner-71347127,699,Cboi,Master,41,75,,161,133
699,summoner-110777013,700,Abbie L9,Master,41,45,,107,61
700,summoner-41720617,701,Xxole,Master,40,137,,557,509
701,summoner-77718098,702,SadlyIneverwin,Master,40,44,,79,44
702,summoner-20797233,703,Mact0r,Master,0,71,,234,214
703,summoner-24111040,704,mouz Conjo,Master,39,68,,149,116
704,summoner-87418748,705,MySubsAreTheBEST,Master,39,40,,79,43
705,summoner-27365791,706,Nylana,Master,38,127,,695,667
706,summoner-64457358,707,Jankova,Master,38,126,,561,524
707,summoner-19806326,708,misson way,Master,38,96,,453,430
708,summoner-33081235,709,RCN aki,Master,38,130,,389,361
709,summoner-40125495,710,Cohle,Master,38,124,,387,350
710,summoner-88928925,711,Pokurwiona Gra,Master,38,95,,328,308
711,summoner-19024737,712,PlagiaT,Master,38,60,,153,132
712,summoner-19307647,713,S04 Boris,Master,37,90,,346,316
713,summoner-19926370,714,Efias,Master,37,114,,340,323
714,summoner-19225077,715,Terrick,Master,37,62,,150,116
715,summoner-32772336,716,MOBA Dahaka,Master,36,154,,633,614
716,summoner-20055884,717,StormFuryy,Master,36,96,,423,396
717,summoner-35193566,718,Mirai LFT,Master,17,112,,420,405
718,summoner-23218947,719,Milicaa,Master,36,92,,188,170
719,summoner-98048778,720,ClimbStairs,Master,36,59,,119,83
720,summoner-24522208,721,MSF Prosfair,Master,17,113,,416,387
721,summoner-88436910,722,ritoeasyman,Master,35,74,,218,187
722,summoner-51878342,723,PredaMoon,Master,35,98,,178,159
723,summoner-25912682,724,DRG BioChipmunk,Master,34,117,,275,236
724,summoner-21479942,725,SPG SevenArmy,Master,34,52,,183,148
725,summoner-43292249,726,Kari no Saiten,Master,34,58,,170,137
726,summoner-94779994,727,CrepeChinoises,Master,34,73,,157,135
727,summoner-72897275,728,rogu361,Master,33,78,,291,266
728,summoner-62507299,729,OJAI,Master,33,107,,150,118
729,summoner-35552080,730,West,Master,33,92,,148,109
730,summoner-21608172,731,A Memento,Master,33,50,,81,54
731,summoner-33717309,732,Only Angel,Master,48,116,,484,457
732,summoner-23483486,733,xL Ripi,Master,32,95,,386,367
733,summoner-23044128,734,God Verum,Master,32,104,,329,298
734,summoner-105428365,735,Talonlonfarm3,Master,32,74,,305,250
735,summoner-19615979,736,ChosenØne,Master,32,92,,252,223
736,summoner-37682461,737,StenBosse,Master,32,84,,234,201
737,summoner-100640175,738,Špatnej top,Master,31,121,,531,505
738,summoner-102588707,739,HG Bloody,Master,31,97,,293,265
739,summoner-28900040,740,91508991,Master,31,91,,239,209
740,summoner-103447759,741,Sweaty Wolf,Master,31,110,,232,195
741,summoner-34599495,742,llllIIIIllIllI,Master,31,60,,176,140
742,summoner-46309720,743,Milf Police,Master,30,114,,367,333
743,summoner-51468734,744,OKGG Hernán,Master,30,119,,266,241
744,summoner-20410096,745,New folder kebab,Master,29,53,,100,78
745,summoner-32344700,746,MiF Nolan,Master,28,104,,324,301
746,summoner-39167985,747,Manamune Ryze,Master,28,94,,278,250
747,summoner-27285320,748,G2V Nixerino,Master,28,50,,89,61
748,summoner-71347822,749,1025161,Master,27,143,,599,565
749,summoner-34627491,750,WAYNE R00NEY,Master,27,120,,452,423
750,summoner-103939773,751,Califfa,Master,27,53,,145,114
751,summoner-85749594,752,Wooliter,Master,27,52,,125,91
752,summoner-60148157,753,Unlucky Top Main,Master,26,146,,510,480
753,summoner-71727174,754,Camouflaged Bard,Master,26,92,,216,188
754,summoner-34593991,755,łÍÎÌÍIIIIIIIlla,Master,25,164,,1098,1071
755,summoner-95137714,756,LGC import,Master,25,97,,272,244
756,summoner-42836780,757,stupidBARON,Master,4,48,,151,106
757,summoner-57881488,758,Decay0,Master,24,121,,596,574
758,summoner-27438622,759,Sebastian L,Master,24,50,,188,119
759,summoner-104896981,760,Zaphkiel IV,Master,22,55,,184,131
760,summoner-21719765,761,a goner,Master,22,57,,119,91
761,summoner-32268112,762,Ieak,Master,22,43,,79,55
762,summoner-388317,763,Tcejer,Master,21,95,,464,434
763,summoner-59738889,764,KZ GorilIA,Master,21,48,,119,84
764,summoner-22869898,765,Comp1,Master,20,109,,470,451
765,summoner-86860290,766,MeErid5an,Master,20,64,,210,166
766,summoner-105722044,767,EW Snemand,Master,19,123,,646,596
767,summoner-61287613,768,Dean v3,Master,19,78,,167,147
768,summoner-104178743,769,Lov3PeachQuQ,Master,19,85,,65,35
769,summoner-57797700,770,Seliorz,Master,18,67,,268,246
770,summoner-39992544,771,ARMA Wydz,Master,18,91,,223,198
771,summoner-58018148,772,MunckizzV2,Master,18,55,,128,94
772,summoner-52685927,773,goodkiller1234,Master,17,115,,418,382
773,summoner-20429674,774,Irode,Master,17,100,,360,331
774,summoner-40966811,775,TheKinq Reborn,Master,17,86,,330,308
775,summoner-21940776,776,Mistrial 420,Master,18,77,,324,298
776,summoner-30739891,777,Zehmox,Master,17,92,,307,281
777,summoner-21866391,778,SpOwOky,Master,17,104,,254,229
778,summoner-102556844,779,goodpIayer123,Master,17,57,,212,158
779,summoner-52102619,780,NSG Blaise,Master,17,82,,202,170
780,summoner-19294196,781,mxksi,Master,17,59,,128,68
781,summoner-57989196,782,TRAP ABUSER,Master,17,72,,123,99
782,summoner-38819063,783,X10,Master,17,71,,117,100
783,summoner-35454505,784,Abariaa,Master,16,121,,389,360
784,summoner-22548236,785,aR Kazeyami,Master,16,104,,308,271
785,summoner-61182259,786,QMR Kyubi,Master,16,62,,178,143
786,summoner-57933470,787,xKhantos3,Master,16,51,,145,112
787,summoner-85340769,788,07 11 2000,Master,16,50,,125,90
788,summoner-108719095,789,lutschtdukopf,Master,15,98,,575,530
789,summoner-19709206,790,Bubnik2,Master,15,115,,417,388
790,summoner-22442562,791,Best Riven EU,Master,15,97,,369,336
791,summoner-22610949,792,Ashkan,Master,15,84,,309,282
792,summoner-67867479,793,Parânoia,Master,15,74,,211,192
793,summoner-72867484,794,Akenv2,Master,15,59,,171,138
794,summoner-21713277,795,Voorzaken,Master,14,102,,402,383
795,summoner-90519981,796,JUNGLER OR INT,Master,14,61,,200,173
796,summoner-20286035,797,KiKi,Master,14,70,,167,140
797,summoner-66786890,798,Dumbledoge69420x,Master,13,179,,722,715
798,summoner-100816955,799,kydesnik lvl 3,Master,13,65,,177,147
799,summoner-20084022,800,Blarfsnarf,Master,13,46,,166,103
800,summoner-21153964,801,Kitty in Space,Master,12,51,,153,86
801,summoner-108388291,802,Ascendånt,Master,10,45,,136,82
802,summoner-89047047,803,Gwak Bo seong,Master,10,45,,87,60
803,summoner-27427030,804,Achuu,Master,9,133,,622,580
804,summoner-23823899,805,SonOfFoolocracy,Master,9,109,,292,261
805,summoner-29187299,806,Wacco,Master,9,62,,123,89
806,summoner-24232285,807,EZ Boomin,Master,6,78,,253,217
807,summoner-70037385,808,Rektiv,Master,6,63,,178,155
808,summoner-91906920,809,LOVE CHERRY,Master,5,105,,311,242
809,summoner-79468215,810,ı cant lose,Master,5,80,,226,197
810,summoner-53117074,811,R Skude,Master,5,61,,146,120
811,summoner-89997936,812,WoppaChobba,Master,3,92,,364,332
812,summoner-28396893,813,Ed Edd DoubleD,Master,3,75,,171,148
813,summoner-86281767,814,d0m3ry,Master,2,148,,671,674
814,summoner-19496550,815,Archie2b,Master,2,110,,315,295
815,summoner-20308100,816,Aldwar,Master,2,78,,170,138
816,summoner-20385190,817,lowelo vacation,Master,0,223,,755,742
817,summoner-73676986,818,Nephillimm,Master,0,134,,670,634
818,summoner-19291685,819,Huikee Masa,Master,0,125,,598,571
819,summoner-20898665,820,Rìtix,Master,0,111,,589,565
820,summoner-33228506,821,Flippers,Master,0,141,,570,546
821,summoner-20918894,822,ATL Nandisk0,Master,0,132,,529,502
822,summoner-22676062,823,Bilikien,Master,0,111,,525,506
823,summoner-19717072,824,Elite DoubleAiM,Master,0,103,,499,475
824,summoner-41519155,825,Nurkka,Master,0,130,,488,453
825,summoner-20120351,826,Seelame,Master,0,123,,476,444
826,summoner-24228777,827,Benaset,Master,0,111,,476,441
827,summoner-50771020,828,Zvonek,Master,0,110,,435,404
828,summoner-51873436,829,Tuomarí,Master,0,172,,421,388
829,summoner-22925602,830,SPG Kakan,Master,0,124,,420,396
830,summoner-45197298,831,Odem of God,Master,0,110,,415,377
831,summoner-25615215,832,Darliko,Master,0,97,,411,386
832,summoner-20393414,833,Yukiro the kid,Master,0,84,,410,353
833,summoner-24547741,834,nash1c,Master,0,115,,405,379
834,summoner-69859011,835,Ręk,Master,0,115,,391,370
835,summoner-98030350,836,barrage,Master,0,99,,390,364
836,summoner-24098563,837,Droox,Master,0,171,,380,341
837,summoner-21605005,838,kamilius,Master,0,111,,377,363
838,summoner-28931680,839,IIIIiIiiiiIIIS,Master,0,122,,371,353
839,summoner-90797784,840,PeteyGod1,Master,0,77,,358,333
840,summoner-94787401,841,Cute Simon,Master,0,84,,353,316
841,summoner-102657710,842,AeQ Pax,Master,0,153,,351,317
842,summoner-29244636,843,Wodex,Master,0,92,,349,292
843,summoner-80767393,844,ºIºIºIºIºIº,Master,0,98,,341,318
844,summoner-20052378,845,ˆˆˆˆˆˆˇˉ,Master,0,114,,340,315
845,summoner-99167279,846,Bruness,Master,0,95,,337,296
846,summoner-41518149,847,ceeeela,Master,0,102,,329,305
847,summoner-20089280,848,xLynge,Master,0,105,,313,289
848,summoner-23277181,849,SuperiorXemnas,Master,0,117,,303,273
849,summoner-20491664,850,Clown Sky hahaha,Master,0,89,,302,275
850,summoner-95757749,851,17776675,Master,0,75,,302,279
851,summoner-80710095,852,KaliHG,Master,0,98,,297,256
852,summoner-314249,853,VAE Grisen,Master,0,74,,294,266
853,summoner-21384952,854,Shubber,Master,0,128,,286,260
854,summoner-19806348,855,Bronson is Cool,Master,0,79,,278,258
855,summoner-28566959,856,TF BlackSpeck,Master,0,130,,278,250
856,summoner-110656813,857,Mâmikok,Master,0,70,,277,215
857,summoner-21201351,858,xWxin Elovator,Master,0,69,,277,213
858,summoner-40509487,859,EGN Rubi0o,Master,0,110,,274,250
859,summoner-101206956,860,Count To Ten,Master,0,71,,262,235
860,summoner-20228424,861,GL Fynnek,Master,0,117,,253,232
861,summoner-29812698,862,uP AZIADO,Master,0,94,,248,213
862,summoner-21235443,863,yikes ˆˆ,Master,0,94,,242,208
863,summoner-216216,864,letsfockinggo,Master,0,78,,240,213
864,summoner-32777840,865,yesitsheli,Master,0,85,,235,203
865,summoner-68637057,866,Kaor1,Master,0,80,,233,211
866,summoner-69372,867,Azra4TUNISIA,Master,0,100,,221,196
867,summoner-28360796,868,WORLÐSTAR,Master,0,81,,219,189
868,summoner-122773,869,Krorys C plus,Master,0,79,,218,183
869,summoner-22695468,870,kk1,Master,0,79,,216,182
870,summoner-106047,871,PrimeV9,Master,0,64,,209,179
871,summoner-71627033,872,SunBoxShine,Master,0,63,,204,170
872,summoner-107436968,873,merline,Master,0,66,,202,131
873,summoner-106778876,874,Sattes1,Master,0,74,,200,170
874,summoner-24858123,875,Kd0 LFT,Master,0,56,,193,124
875,summoner-35062807,876,FatShield,Master,0,90,,192,163
876,summoner-25939137,877,LEVEL 99 SHADOW,Master,0,93,,188,162
877,summoner-27378490,878,K1CK rhuckz,Master,0,99,,184,161
878,summoner-82746795,879,oXym0ron,Master,0,65,,182,159
879,summoner-45489382,880,Dîamante,Master,0,66,,182,128
880,summoner-25251278,881,Spank em,Master,0,66,,180,123
881,summoner-85797041,882,CAP Pilter,Master,0,84,,179,147
882,summoner-79399860,883,UJEVICH,Master,0,63,,177,149
883,summoner-29242428,884,Zudii,Master,0,144,,177,127
884,summoner-50427607,885,IlIIIIlllIlIl,Master,0,66,,173,134
885,summoner-39447682,886,Ofirsa,Master,0,61,,167,135
886,summoner-47516812,887,iiihukainen,Master,0,71,,161,133
887,summoner-41969988,888,nEsfy,Master,0,50,,159,89
888,summoner-106508274,889,AeQ Influenza,Master,0,84,,156,104
889,summoner-20276841,890,Viggomopsen,Master,0,66,,156,128
890,summoner-105845789,891,TrudaqB,Master,0,63,,155,111
891,summoner-31055201,892,NSG Xizz3l,Master,0,120,,153,117
892,summoner-27105501,893,botgankpls,Master,0,68,,134,104
893,summoner-19766583,894,Kirrrra,Master,0,48,,128,95
894,summoner-32187639,895,Necromartin,Master,0,57,,125,95
895,summoner-105177244,896,Haise1,Master,0,45,,124,75
896,summoner-106129585,897,Elias Ainswôrth,Master,0,45,,108,56
897,summoner-62846443,898,Stonegulf,Master,0,57,,107,56
898,summoner-34473908,899,Mon mari estMORT,Master,0,65,,106,75
899,summoner-43147417,900,R 3 F 0 R M E D,Master,0,69,,106,74
900,summoner-107227139,901,RuvSama,Master,0,42,,103,67
901,summoner-104099870,902,Mim1c,Master,0,41,,103,59
902,summoner-46606817,903,ISM N3crovision,Master,0,68,,101,77
903,summoner-102557381,904,Svveeney Todd,Master,0,56,,101,66
904,summoner-24624311,905,Schuhbart,Master,0,67,,97,64
905,summoner-97847240,906,Kamilla1998,Master,0,143,,95,64
906,summoner-22837857,907,Auzyris,Master,0,56,,93,65
907,summoner-39347709,908,21221518261518,Master,0,41,,81,52
908,summoner-108919022,909,Woman,Master,0,39,,73,27
909,summoner-111717079,910,POTĘŻNY GEJ,Master,0,45,,62,13
910,summoner-99606997,911,x4T7,Master,0,40,,61,33
911,summoner-42238898,912,Neeku,Diamond 1,100,127,,614,585
912,summoner-22487013,913,reje xd,Diamond 1,100,124,,537,516
913,summoner-23981096,914,Toxic John XD,Diamond 1,100,156,,493,472
914,summoner-22365173,915,NªLK XD,Diamond 1,100,88,,477,402
915,summoner-81578653,916,D0MAS,Diamond 1,100,126,,467,434
916,summoner-27759034,917,Bobo was taken,Diamond 1,100,123,,443,426
917,summoner-22481879,918,I55555I,Diamond 1,100,99,,426,401
918,summoner-20137187,919,Wèrto,Diamond 1,100,109,,381,351
919,summoner-27045912,920,UOL Inition,Diamond 1,100,103,,376,352
920,summoner-28797261,921,GG sir,Diamond 1,100,129,,359,322
921,summoner-19097444,922,vón,Diamond 1,100,76,,341,299
922,summoner-27373063,923,sLiM5h4dY,Diamond 1,100,97,,332,307
923,summoner-39947383,924,Soloq Hostage,Diamond 1,100,87,,331,304
924,summoner-21236822,925,S1 Atrocez,Diamond 1,100,90,,317,290
925,summoner-22299480,926,ChrisZee,Diamond 1,100,101,,311,281
926,summoner-19812932,927,ROG Choupa,Diamond 1,100,77,,306,276
927,summoner-51628250,928,Erixen1,Diamond 1,100,107,,303,284
928,summoner-21632748,929,Hines,Diamond 1,100,85,,294,256
929,summoner-37118455,930,Zeikö,Diamond 1,100,117,,288,257
930,summoner-91457185,931,kopendowN,Diamond 1,100,88,,287,258
931,summoner-22322085,932,Super sama,Diamond 1,100,80,,258,207
932,summoner-44246835,933,Mighty Holy Cow,Diamond 1,100,71,,236,204
933,summoner-103207355,934,Woda,Diamond 1,100,85,,233,198
934,summoner-29159942,935,JorgeTheHedgehog,Diamond 1,100,81,,231,207
935,summoner-19024517,936,SLY Wakz,Diamond 1,100,82,,224,201
936,summoner-20881158,937,YC Madness,Diamond 1,100,96,,206,182
937,summoner-85891136,938,AeQ Scofield,Diamond 1,100,112,,164,142
938,summoner-22044105,939,Schattrix,Diamond 1,100,82,,160,124
939,summoner-84376925,940,Szygendaen,Diamond 1,100,70,,143,107
940,summoner-93227863,941,Girl Jungler,Diamond 1,100,49,,135,94
941,summoner-100337889,942,Egirl Abuser,Diamond 1,100,47,,128,93
942,summoner-53841085,943,DanD3r,Diamond 1,100,54,,126,88
943,summoner-50874038,944,Teimpo,Diamond 1,100,45,,122,61
944,summoner-107227524,945,uzi is my dog,Diamond 1,100,60,,117,97
945,summoner-74066929,946,knurteerT,Diamond 1,100,57,,113,80
946,summoner-84737161,947,own3rtcamGirl,Diamond 1,100,59,,109,66
947,summoner-99227089,948,Gewinn,Diamond 1,100,46,,92,55
948,summoner-32897842,949,SandwichStar,Diamond 1,100,45,,92,56
949,summoner-95617164,950,Reformed Tóp,Diamond 1,99,66,,248,219
950,summoner-52354438,951,KeyBlade2g,Diamond 1,99,74,,189,153
951,summoner-22329158,952,Hadjiev iwnl,Diamond 1,99,74,,182,144
952,summoner-87767379,953,druckarnar,Diamond 1,99,48,,109,64
953,summoner-103819494,954,Djarva,Diamond 1,99,46,,107,54
954,summoner-19901781,955,whatiknow,Diamond 1,99,49,,93,62
955,summoner-61149024,956,bre susak,Diamond 1,100,77,,328,306
956,summoner-67035204,957,Swix9,Diamond 1,98,98,,189,154
957,summoner-112447584,958,Crush1234,Diamond 1,98,36,,49,30
958,summoner-67847720,959,Alexandr9,Diamond 1,97,121,,443,416
959,summoner-29111049,960,Randog Player,Diamond 1,96,89,,101,68
960,summoner-23922329,961,btw i vape,Diamond 1,96,55,,82,52
961,summoner-25555474,962,Evelynn Ganking,Diamond 1,95,106,,231,182
962,summoner-97716793,963,King Dragún,Diamond 1,95,52,,101,71
963,summoner-79878951,964,be respectful,Diamond 1,94,61,,143,114
964,summoner-92269186,965,Jumpeon,Diamond 1,94,55,,80,52
965,summoner-27499934,966,Maikokoro,Diamond 1,94,110,,76,52
966,summoner-21097399,967,Fredˇ,Diamond 1,93,97,,342,311
967,summoner-29246637,968,Raqø,Diamond 1,93,106,,327,311
968,summoner-20524585,969,FakeOut,Diamond 1,93,98,,295,257
969,summoner-41521997,970,Random D Support,Diamond 1,93,47,,112,84
970,summoner-24798694,971,Teddy Vee,Diamond 1,93,102,,61,30
971,summoner-27492050,972,critical thinker,Diamond 1,92,110,,215,188
972,summoner-22111010,973,Edalev,Diamond 1,92,52,,198,143
973,summoner-66799932,974,smurfwing70,Diamond 1,92,81,,164,112
974,summoner-101200933,975,TheArtOfGassing,Diamond 1,92,46,,107,53
975,summoner-41527734,976,Nijhuis,Diamond 1,92,62,,58,30
976,summoner-22838026,977,The Shy Onè v2,Diamond 1,91,74,,235,199
977,summoner-19068960,978,Ercinho,Diamond 1,91,66,,188,158
978,summoner-27550839,979,aqpw,Diamond 1,90,82,,409,381
979,summoner-18998522,980,GoB GG,Diamond 1,90,109,,366,335
980,summoner-66080208,981,George Paush,Diamond 1,100,108,,353,328
981,summoner-20008579,982,Supportive Lion,Diamond 1,90,101,,298,277
982,summoner-20160611,983,GO Toaster,Diamond 1,90,85,,280,251
983,summoner-80678465,984,Lil daddy OwO,Diamond 1,90,72,,246,209
984,summoner-44334757,985,Branix,Diamond 1,90,90,,226,197
985,summoner-109597418,986,Nefarious PIayer,Diamond 1,90,60,,225,185
986,summoner-104908192,987,LoneTestˉ,Diamond 1,90,64,,194,132
987,summoner-64118433,988,Qrvpnen,Diamond 1,90,71,,164,123
988,summoner-81577117,989,tyufghjbnm,Diamond 1,90,65,,162,127
989,summoner-23047991,990,Bluealertˆˉˆ,Diamond 1,90,90,,154,131
990,summoner-20677091,991,Schwifty Stuti,Diamond 1,90,90,,149,124
991,summoner-29543594,992,Jvay,Diamond 1,90,49,,137,102
992,summoner-52200067,993,llIlllllIIllllll,Diamond 1,90,58,,134,106
993,summoner-106927080,994,lolifox,Diamond 1,90,47,,122,51
994,summoner-49031446,995,dont kill me plz,Diamond 1,90,105,,101,58
995,summoner-23169529,996,Zångetsu,Diamond 1,90,88,,94,61
996,summoner-110167285,997,KR Mid Import  ˉ,Diamond 1,90,47,,91,38
997,summoner-58710129,998,KaliX Gr3k,Diamond 1,90,61,,88,64
998,summoner-19658604,999,Yostie,Diamond 1,90,65,,52,28
999,summoner-19458355,1000,Smutna Żaba JPG,Diamond 1,89,91,,390,367
