#timestamp 1529712019713
#date 2018-06-23T00:00:19+00:00
#players 1000
#index,id,rank,name,tier,lp,level,proTeam,win,loss
0,summoner-14010487,1,たこ焼きぼーい,Challenger,1034,55,,157,82
1,summoner-13420191,2,aki0831,Challenger,1000,106,,148,91
2,summoner-6171199,3,ThintoN,Challenger,994,114,,328,289
3,summoner-9030192,4,Sao Yuuki Konno,Challenger,992,128,,152,123
4,summoner-6183608,5,むんなたん,Challenger,897,102,,161,121
5,summoner-6181882,6,Hlde on bush,Challenger,889,71,,178,134
6,summoner-6162856,7,stridershen,Challenger,846,102,,343,312
7,summoner-6187061,8,GaengMoyashi,Challenger,820,66,,158,120
8,summoner-6225446,9,CarterV15,Challenger,806,90,,319,293
9,summoner-6617806,10,いぬだお,Challenger,758,140,,199,143
10,summoner-6185542,11,エビルリフト,Challenger,744,50,,78,46
11,summoner-6920293,12,SKT T1 Fakeru,Challenger,740,86,,152,84
12,summoner-14060127,13,YutoriGaeng,Challenger,704,47,,133,87
13,summoner-13520233,14,A Kat,Challenger,693,73,,165,137
14,summoner-7651004,15,VX 862097141,Challenger,692,89,,194,157
15,summoner-6312300,16,Roki,Challenger,670,64,,144,116
16,summoner-6183732,17,pveman,Challenger,666,93,,164,146
17,summoner-9290195,18,PCG PhantomDeath,Challenger,626,96,,198,156
18,summoner-13280127,19,Diviv,Challenger,620,47,,96,59
19,summoner-13450158,20,V3 ionz,Challenger,576,57,,122,77
20,summoner-6341081,21,Cwn,Challenger,569,164,,145,116
21,summoner-11630173,22,Quickdravv,Challenger,555,135,,145,127
22,summoner-6162717,23,Alchemyst,Challenger,551,126,,150,114
23,summoner-6161010,24,TopXiaochen,Challenger,546,78,,123,105
24,summoner-6174953,25,運げーｗ,Challenger,515,97,,189,166
25,summoner-12181052,26,HEOES,Challenger,514,140,,175,155
26,summoner-6471274,27,yorooozu,Challenger,504,46,,94,80
27,summoner-6170784,28,TOXIC JUNGLE,Challenger,501,58,,85,68
28,summoner-14060158,29,QQQQQQQQQQQQQQQ,Challenger,500,75,,108,79
29,summoner-6290144,30,スケット,Challenger,494,86,,270,240
30,summoner-6295623,31,ecaA,Challenger,485,106,,140,125
31,summoner-6189589,32,Ametuyu,Challenger,464,118,,116,102
32,summoner-6162602,33,아이유,Challenger,455,93,,280,250
33,summoner-6181591,34,Po1yp,Challenger,450,104,,185,157
34,summoner-6171527,35,Yorushika,Challenger,445,143,,162,133
35,summoner-6182974,36,あきひさ,Challenger,435,73,,155,137
36,summoner-6320643,37,GraceEye,Challenger,426,89,,252,235
37,summoner-9120163,38,Pajeon so good,Challenger,425,57,,99,60
38,summoner-7281138,39,yume,Challenger,424,137,,189,152
39,summoner-13122298,40,ミルクリスピー,Challenger,421,47,,106,69
40,summoner-6181527,41,ふぁんろん,Challenger,411,74,,217,190
41,summoner-7301005,42,Neetkids,Challenger,409,181,,432,412
42,summoner-12290163,43,Iny Monologuey,Challenger,404,88,,81,60
43,summoner-6181586,44,tatsro,Challenger,402,393,,596,572
44,summoner-9740283,45,Zed or Ded,Challenger,394,66,,171,153
45,summoner-7520625,46,Twisted寺田心,Challenger,393,62,,114,83
46,summoner-14150604,47,木子希,Challenger,382,62,,82,38
47,summoner-6167327,48,雄 飛,Challenger,381,119,,150,132
48,summoner-11660523,49,カレンちゃん,Challenger,380,124,,207,181
49,summoner-6168586,50,wswgou,Challenger,379,95,,502,463
50,summoner-6305622,51,cat plz,Challenger,378,56,,160,127
51,summoner-13260704,52,WanderingPro,Challenger,369,79,,209,163
52,summoner-6171027,53,Melus,Challenger,379,63,,182,170
53,summoner-7120713,54,機動戦士ガべダム,Challenger,357,68,,120,111
54,summoner-6691911,55,yüki,Challenger,353,74,,264,241
55,summoner-6734378,56,Momoモモ,Challenger,350,47,,106,90
56,summoner-6184800,57,Hero Mechanic,Challenger,344,77,,211,199
57,summoner-6305817,58,KissOnlyOneLady,Challenger,320,97,,322,315
58,summoner-6680506,59,yuuwo god,Challenger,313,74,,127,101
59,summoner-6179611,60,大田ＪＡＰＡＮ,Challenger,311,128,,397,381
60,summoner-9212051,61,i am 98k,Challenger,293,145,,390,380
61,summoner-6365652,62,shacosu,Challenger,309,71,,187,159
62,summoner-6192635,63,Hanimaru,Challenger,305,76,,154,142
63,summoner-6185077,64,rusaryka,Challenger,302,97,,142,132
64,summoner-6632946,65,じゅん,Challenger,298,108,,112,103
65,summoner-6172367,66,find me,Challenger,278,88,,345,339
66,summoner-6291817,67,いぬが操作中,Challenger,274,113,,154,132
67,summoner-6449644,68,Pew,Challenger,270,110,,222,181
68,summoner-6181437,69,LetMing,Challenger,270,96,,165,153
69,summoner-6175403,70,Poros,Challenger,269,108,,222,216
70,summoner-6167512,71,rainadazo,Challenger,268,81,,99,79
71,summoner-6400437,72,れ ぼ,Challenger,267,44,,105,53
72,summoner-8910191,73,matosan21,Challenger,264,65,,94,69
73,summoner-6250574,74,Clover,Challenger,261,76,,164,158
74,summoner-8860668,75,黒バブ,Challenger,261,59,,141,128
75,summoner-6298948,76,buff Zephyr,Challenger,257,92,,163,152
76,summoner-6295790,77,隆Dq貢,Challenger,257,110,,129,117
77,summoner-14070227,78,KZ DRAGONCARSΕX,Challenger,239,64,,242,194
78,summoner-6292386,79,マスタージョージ3,Challenger,236,78,,119,114
79,summoner-6161825,80,りんヴェン,Challenger,233,89,,94,78
80,summoner-6310793,81,Her Sweet Boy,Challenger,232,58,,79,69
81,summoner-6335850,82,七彩狐,Challenger,229,47,,65,37
82,summoner-6460863,83,pihiro,Challenger,227,109,,164,162
83,summoner-6309663,84,only CLANE,Challenger,224,41,,79,41
84,summoner-8890333,85,あちゃももっ,Challenger,223,71,,141,135
85,summoner-6322522,86,Manimo,Challenger,222,91,,250,245
86,summoner-12851356,87,make it,Challenger,221,102,,447,398
87,summoner-13680130,88,Not Taka,Challenger,214,59,,135,112
88,summoner-9230807,89,プチターク,Challenger,212,112,,196,168
89,summoner-6160347,90,Sphày,Challenger,212,122,,161,134
90,summoner-6712777,91,ULookSoCharming,Challenger,210,58,,158,152
91,summoner-6188389,92,meru meraka,Challenger,205,84,,173,156
92,summoner-6164660,93,BullchaN,Challenger,201,104,,137,132
93,summoner-10170282,94,ヤスオ姫,Challenger,197,84,,291,261
94,summoner-6172424,95,アホ蛙,Challenger,197,97,,193,189
95,summoner-6315148,96,ましょだお,Challenger,195,103,,186,168
96,summoner-6177133,97,binlingual,Challenger,189,103,,178,140
97,summoner-6183091,98,ぼ や ぁ,Challenger,188,103,,201,169
98,summoner-6181492,99,Pulsar B1257 12A,Challenger,184,125,,310,311
99,summoner-8630207,100,sad little taka,Challenger,184,65,,165,158
100,summoner-6335559,101,神速三段突き,Challenger,181,74,,165,153
101,summoner-6584337,102,R1cky,Challenger,178,161,,516,496
102,summoner-6891191,103,竜騎士ガイア星7,Challenger,173,79,,204,162
103,summoner-6170012,104,Makinyan,Challenger,171,118,,276,262
104,summoner-7781117,105,霞ヶ丘 詩羽,Challenger,171,51,,98,77
105,summoner-6174703,106,reaI gankster,Challenger,164,97,,160,149
106,summoner-10921145,107,丶ShiN,Challenger,143,152,,495,492
107,summoner-8690328,108,Blue baldness,Challenger,162,78,,295,281
108,summoner-6693927,109,Son of IgNar,Challenger,162,78,,150,141
109,summoner-6301134,110,Macadog,Challenger,161,116,,266,256
110,summoner-6172000,111,ピンクビーン,Challenger,160,54,,151,136
111,summoner-6185975,112,XJR1200,Challenger,159,96,,142,134
112,summoner-6165391,113,吉ｘ岡,Challenger,154,113,,178,171
113,summoner-6160488,114,かずーた,Challenger,153,88,,190,191
114,summoner-6339619,115,やじう,Challenger,153,61,,143,133
115,summoner-14251050,116,Tilterella,Challenger,152,40,,80,47
116,summoner-6294950,117,劣等生,Challenger,151,90,,185,176
117,summoner-6186070,118,Yxxl,Challenger,151,75,,157,159
118,summoner-6189451,119,Arfoad,Challenger,138,95,,231,226
119,summoner-6180335,120,deusdamandioca,Challenger,138,93,,205,200
120,summoner-6331505,121,フレンド募集だよ,Challenger,137,128,,461,427
121,summoner-11730304,122,金テユン,Challenger,134,92,,357,341
122,summoner-7161319,123,täka,Challenger,130,61,,171,133
123,summoner-6313173,124,Luches,Challenger,130,52,,79,58
124,summoner-13030412,125,i want ljl duo,Challenger,128,53,,92,64
125,summoner-6309437,126,Kinrow,Challenger,127,74,,89,67
126,summoner-6334278,127,Jungle or dodge,Challenger,126,44,,101,67
127,summoner-6178280,128,西野 七瀬,Challenger,126,49,,97,74
128,summoner-8970997,129,Kreative,Challenger,121,79,,150,144
129,summoner-6170952,130,Kaoru RabbyHouse,Challenger,120,115,,317,297
130,summoner-6347695,131,strider hiryu,Challenger,113,112,,351,326
131,summoner-8900274,132,Good bye,Challenger,106,73,,193,160
132,summoner-13440164,133,中卒あやみ,Challenger,105,57,,71,50
133,summoner-10730180,134,一番弟子,Challenger,104,80,,282,252
134,summoner-6296070,135,cjik0aw2jqnm5uiq,Challenger,86,80,,130,114
135,summoner-6296785,136,すたこ,Challenger,84,106,,270,255
136,summoner-6162796,137,Harunika,Challenger,84,56,,90,84
137,summoner-6172110,138,魔裟斗,Challenger,81,69,,160,153
138,summoner-6318472,139,炬燵猫,Challenger,80,117,,233,233
139,summoner-7231033,140,RooRst,Challenger,79,118,,244,236
140,summoner-6314778,141,teraares,Challenger,78,101,,496,496
141,summoner-6161059,142,gottui,Challenger,77,79,,207,187
142,summoner-6290656,143,Pontaloid,Challenger,77,53,,91,79
143,summoner-6293194,144,あんでぃ,Challenger,76,100,,147,151
144,summoner-6310287,145,i have ten JB,Challenger,75,86,,143,134
145,summoner-6432935,146,寒音真咲,Challenger,74,91,,227,236
146,summoner-6177526,147,Disney Sea,Challenger,74,56,,69,56
147,summoner-13020818,148,桜の木の下の咲子,Challenger,73,41,,97,65
148,summoner-6161879,149,笙歌醉夢間,Challenger,72,103,,83,73
149,summoner-6180545,150,Haropoppy,Challenger,65,98,,303,301
150,summoner-6190278,151,ねのぎだよ,Challenger,63,96,,210,206
151,summoner-6180912,152,ポカスカジャン,Challenger,54,157,,219,203
152,summoner-13850682,153,MagicgirlAnnie,Challenger,53,38,,66,27
153,summoner-6300172,154,tonarinotomato,Challenger,52,82,,178,142
154,summoner-6174606,155,AimerLend,Challenger,52,62,,109,96
155,summoner-6175146,156,山嶺巨人郭敬明,Challenger,50,93,,235,225
156,summoner-10600170,157,Tribute,Challenger,47,69,,225,209
157,summoner-6301770,158,ゆてん,Challenger,45,114,,87,83
158,summoner-6176255,159,Ninja of Ninjas,Challenger,44,104,,367,371
159,summoner-13240741,160,代行2,Challenger,44,42,,75,47
160,summoner-6348796,161,MERRYJANEe,Challenger,42,88,,151,127
161,summoner-6163447,162,の ぁ,Challenger,40,161,,319,299
162,summoner-6298267,163,ふじもと,Challenger,39,124,,201,211
163,summoner-9581269,164,ぁｈｆｋぁんふぁ,Challenger,37,62,,236,194
164,summoner-9290228,165,Rinas3,Challenger,34,47,,98,77
165,summoner-14120904,166,ssrzzv,Challenger,33,48,,138,93
166,summoner-6470919,167,Aоi,Challenger,32,124,,497,471
167,summoner-6616296,168,わゎゎゎゎゎゎゎ,Challenger,32,157,,236,206
168,summoner-6182369,169,ソーマ,Challenger,28,97,,138,141
169,summoner-6810221,170,Apocalys,Challenger,27,84,,171,177
170,summoner-6702724,171,androp,Challenger,25,108,,171,165
171,summoner-8291154,172,ˆºˆŠhadyˆºˆ,Challenger,24,127,,292,271
172,summoner-13081132,173,きりりん,Challenger,24,79,,230,211
173,summoner-6181253,174,まあたそ,Challenger,24,93,,151,139
174,summoner-6700426,175,Josh,Challenger,23,164,,218,174
175,summoner-10330185,176,普通のサポート,Challenger,23,68,,138,137
176,summoner-6168193,177,はろーぱいせん,Challenger,19,118,,172,151
177,summoner-6181735,178,usg がりある,Challenger,19,108,,137,132
178,summoner-6179419,179,みんなつよいです,Challenger,18,100,,247,250
179,summoner-6298473,180,7010,Challenger,16,110,,401,381
180,summoner-6167765,181,RushRush,Challenger,16,120,,363,342
181,summoner-10590146,182,PING999GGINKOREA,Challenger,16,62,,150,112
182,summoner-6171638,183,あるぱこ,Challenger,16,81,,105,92
183,summoner-6591850,184,HikikomoriSupp,Challenger,15,54,,174,159
184,summoner-6342555,185,オタク,Challenger,15,131,,127,124
185,summoner-6168756,186,ちぇすと,Challenger,30,110,,194,192
186,summoner-6167876,187,德玛西亚 赵信,Challenger,13,87,,286,281
187,summoner-6186097,188,Novita,Challenger,13,125,,245,244
188,summoner-6490682,189,霞ヶ丘詩羽先輩,Challenger,12,116,,190,192
189,summoner-14110549,190,Bitte tragen,Challenger,12,38,,67,28
190,summoner-7970299,191,eji,Challenger,9,95,,215,210
191,summoner-6334109,192,ImberLord,Challenger,7,81,,88,76
192,summoner-6672888,193,コグマウ,Challenger,0,147,,673,681
193,summoner-6346631,194,kamikazes,Challenger,0,130,,566,536
194,summoner-9810252,195,ai0c0,Challenger,0,153,,413,423
195,summoner-6179943,196,SWJ Sirotama,Challenger,0,189,,410,400
196,summoner-6171261,197,えなめる,Challenger,0,105,,280,285
197,summoner-6178156,198,スターアライズ,Challenger,0,72,,240,238
198,summoner-6690754,199,Pomchan,Challenger,0,73,,229,233
199,summoner-6161600,200,Resistance,Challenger,0,146,,144,128
200,summoner-6161191,201,SuddenImpact,Master,8,90,,142,133
201,summoner-12340710,202,Yuupo,Master,0,48,,109,68
202,summoner-6694471,203,kimunyan,Master,0,50,,65,43
203,summoner-9400627,204,BQB Hollis,Master,0,39,,32,16
204,summoner-6180567,205,Yoshioka fanboy,Diamond 1,100,118,,235,196
205,summoner-6460338,206,LJL LCK,Diamond 1,100,124,,79,31
206,summoner-12892095,207,Matou SakuLago,Diamond 1,100,45,,69,43
207,summoner-7990200,208,GIRAFFE BLUES,Diamond 1,98,123,,94,73
208,summoner-12440529,209,XJ9,Diamond 1,98,42,,77,54
209,summoner-12780571,210,RumbleMidGG,Diamond 1,94,100,,419,373
210,summoner-7650619,211,金之助,Diamond 1,94,74,,148,126
211,summoner-6184102,212,kazujyou,Diamond 1,94,53,,63,51
212,summoner-6306421,213,Te eT me,Diamond 1,92,66,,63,50
213,summoner-13300155,214,ELSSUT,Diamond 1,91,42,,60,38
214,summoner-6325043,215,Pegboard,Diamond 1,90,130,,343,319
215,summoner-6662039,216,Voss,Diamond 1,90,72,,222,199
216,summoner-6263116,217,メンヘラアカリ,Diamond 1,90,69,,178,134
217,summoner-6695082,218,kyu3,Diamond 1,90,64,,164,139
218,summoner-9280138,219,ナポの負けです,Diamond 1,90,64,,121,82
219,summoner-10630472,220,斉藤さんだぞおお,Diamond 1,90,65,,106,61
220,summoner-12640175,221,에이스,Diamond 1,90,49,,84,55
221,summoner-6177760,222,ナポです,Diamond 1,90,46,,78,57
222,summoner-13082345,223,あいのり,Diamond 1,90,66,,76,40
223,summoner-6185511,224,爆買渡米人Mid,Diamond 1,90,49,,72,49
224,summoner-6160589,225,Edicimoh,Diamond 1,90,64,,71,53
225,summoner-6162519,226,日村勇紀,Diamond 1,90,96,,69,67
226,summoner-6310421,227,つめたいアイス,Diamond 1,90,104,,60,45
227,summoner-7032219,228,サラブリマンダラ,Diamond 1,90,47,,59,45
228,summoner-6185209,229,紫乃花,Diamond 1,90,82,,57,43
229,summoner-6160480,230,いだゆうき,Diamond 1,90,114,,52,51
230,summoner-6180960,231,yasai7428,Diamond 1,90,90,,49,44
231,summoner-6700902,232,josette1,Diamond 1,90,54,,43,24
232,summoner-6830422,233,やさいちゃん,Diamond 1,90,43,,41,33
233,summoner-6438330,234,ʚLove Storyɞ,Diamond 1,89,96,,154,132
234,summoner-6310277,235,telite,Diamond 1,89,123,,41,22
235,summoner-6168578,236,TMR,Diamond 1,87,111,,120,90
236,summoner-6188164,237,ryo riven baka,Diamond 1,84,173,,276,253
237,summoner-6613009,238,Kiyio1997,Diamond 1,83,103,,444,415
238,summoner-9251049,239,sonaka,Diamond 1,83,48,,65,37
239,summoner-6342265,240,Rer Chino,Diamond 1,82,64,,109,90
240,summoner-6178586,241,あまねくん,Diamond 1,82,97,,73,62
241,summoner-6782630,242,Asterisk,Diamond 1,81,38,,48,35
242,summoner-6182103,243,Looking for mom,Diamond 1,80,121,,117,107
243,summoner-6471239,244,kunisu,Diamond 1,80,124,,47,43
244,summoner-6177317,245,Kayahaak,Diamond 1,79,70,,91,86
245,summoner-6295370,246,純 白,Diamond 1,78,97,,90,87
246,summoner-9640424,247,GoGoラスカル,Diamond 1,78,51,,65,56
247,summoner-8620958,248,Revelate,Diamond 1,77,70,,62,49
248,summoner-6293906,249,Rimlet,Diamond 1,76,101,,88,89
249,summoner-6178301,250,友達いない,Diamond 1,76,46,,87,49
250,summoner-6190805,251,Oasis,Diamond 1,75,95,,398,383
251,summoner-6163765,252,俺はs6チャレだぞ,Diamond 1,75,93,,292,286
252,summoner-6692581,253,日本工学院蒲田校,Diamond 1,75,124,,246,209
253,summoner-12620351,254,Cold2,Diamond 1,75,113,,222,206
254,summoner-8000222,255,yukime,Diamond 1,75,65,,202,187
255,summoner-6682604,256,aszxd,Diamond 1,75,65,,191,149
256,summoner-6161384,257,BQB knot,Diamond 1,75,65,,190,146
257,summoner-8051232,258,laining,Diamond 1,75,82,,181,163
258,summoner-6310169,259,Swift U,Diamond 1,75,78,,175,162
259,summoner-7391403,260,ちょばむ,Diamond 1,75,72,,166,146
260,summoner-6831275,261,LYNN,Diamond 1,75,80,,164,151
261,summoner-13270147,262,詩 花,Diamond 1,75,63,,162,121
262,summoner-6310837,263,なぎさ親衛隊隊長,Diamond 1,75,74,,150,129
263,summoner-6461417,264,熱のど鼻にルル,Diamond 1,75,58,,146,132
264,summoner-6831880,265,Roger,Diamond 1,75,76,,133,116
265,summoner-13910902,266,3etRiia,Diamond 1,75,49,,128,94
266,summoner-6706604,267,Andexi,Diamond 1,75,62,,128,120
267,summoner-13270697,268,みやみず みつは,Diamond 1,75,54,,128,70
268,summoner-6165439,269,Cellier,Diamond 1,75,66,,127,95
269,summoner-6349800,270,未 来,Diamond 1,75,138,,123,115
270,summoner-14170136,271,SpringtT,Diamond 1,75,44,,123,79
271,summoner-9550126,272,お弁当のパセリ,Diamond 1,75,97,,118,109
272,summoner-6184494,273,凸凸凸凸,Diamond 1,75,95,,117,115
273,summoner-6324922,274,ironkuzu,Diamond 1,75,47,,115,88
274,summoner-6161547,275,赤バフ,Diamond 1,75,94,,112,110
275,summoner-9242269,276,MajokkoMirakurun,Diamond 1,75,46,,109,63
276,summoner-6334954,277,みそかつ,Diamond 1,75,97,,107,83
277,summoner-6181771,278,ZouSenpai,Diamond 1,75,75,,104,90
278,summoner-8311557,279,연속살인마,Diamond 1,75,57,,102,77
279,summoner-8650321,280,AdrickSY,Diamond 1,75,74,,99,83
280,summoner-13850984,281,KOREA MID,Diamond 1,75,42,,93,61
281,summoner-6173331,282,Wingz of Justice,Diamond 1,75,71,,70,61
282,summoner-13930183,283,PTE Taka,Diamond 1,75,49,,69,56
283,summoner-6188710,284,asroc,Diamond 1,75,48,,66,48
284,summoner-6171873,285,Estelim,Diamond 1,75,63,,63,63
285,summoner-14240637,286,Ardent Boy,Diamond 1,75,36,,53,24
286,summoner-6695814,287,SCP 8900 EX,Diamond 1,75,66,,51,50
287,summoner-6187427,288,料亭の味,Diamond 1,75,68,,43,38
288,summoner-7410667,289,Dârius Bot,Diamond 1,75,41,,42,25
289,summoner-7630188,290,o3o,Diamond 1,74,43,,40,34
290,summoner-6693006,291,Nakamo Bot,Diamond 1,71,58,,181,158
291,summoner-6323993,292,ぶるぶるブルーク,Diamond 1,71,57,,133,123
292,summoner-8950510,293,XiL,Diamond 1,71,48,,108,99
293,summoner-6311006,294,ぱおうるむー,Diamond 1,71,67,,96,73
294,summoner-6314686,295,Lynss,Diamond 1,71,41,,65,52
295,summoner-8851286,296,LastSurprise,Diamond 1,71,57,,60,44
296,summoner-6292286,297,SlashFF,Diamond 1,70,86,,95,87
297,summoner-6341644,298,Snowball,Diamond 1,70,68,,95,91
298,summoner-6387948,299,kalusu,Diamond 1,68,115,,100,77
299,summoner-6272644,300,小原鞠莉,Diamond 1,68,51,,74,50
300,summoner-8000226,301,周熙璇,Diamond 1,67,71,,122,122
301,summoner-6682419,302,good player98,Diamond 1,67,50,,79,64
302,summoner-14240638,303,Ardent Girl,Diamond 1,67,36,,53,25
303,summoner-6451982,304,fedtakada,Diamond 1,66,83,,309,278
304,summoner-6172979,305,Abukun,Diamond 1,66,83,,48,37
305,summoner-6178225,306,qaz,Diamond 1,65,86,,117,100
306,summoner-6163261,307,A Ganker,Diamond 1,65,47,,73,50
307,summoner-6171007,308,siina17,Diamond 1,65,70,,44,41
308,summoner-6662388,309,alFJ,Diamond 1,64,48,,51,41
309,summoner-8171326,310,hizikimogura,Diamond 1,63,62,,125,84
310,summoner-6312631,311,りんな,Diamond 1,63,127,,102,100
311,summoner-9810251,312,MoreMore,Diamond 1,63,83,,66,50
312,summoner-6185155,313,Snowy,Diamond 1,61,62,,106,104
313,summoner-6164040,314,イキり前Flash,Diamond 1,61,76,,80,62
314,summoner-6347450,315,PoponM,Diamond 1,61,85,,55,48
315,summoner-6327716,316,佐村河内,Diamond 1,60,92,,178,153
316,summoner-6184992,317,えとな,Diamond 1,60,124,,112,107
317,summoner-6170269,318,USG Enty 20,Diamond 1,60,48,,103,50
318,summoner-11890264,319,Suffle,Diamond 1,60,49,,102,96
319,summoner-6892805,320,chataro,Diamond 1,59,75,,207,195
320,summoner-6291999,321,joseete,Diamond 1,59,36,,29,8
321,summoner-12030247,322,B00SH,Diamond 1,56,71,,187,178
322,summoner-6693732,323,韆齧夾曖,Diamond 1,55,60,,92,95
323,summoner-9810202,324,ボノボ,Diamond 1,54,48,,70,67
324,summoner-6314596,325,Zhonya警察,Diamond 1,54,116,,62,54
325,summoner-6293357,326,Eugeo,Diamond 1,52,92,,114,108
326,summoner-8201066,327,Yoshuloo,Diamond 1,52,81,,101,79
327,summoner-8240246,328,KarenTia,Diamond 1,51,55,,45,31
328,summoner-6685498,329,wowsosmart,Diamond 1,50,79,,231,218
329,summoner-10840209,330,レイライン,Diamond 1,50,77,,165,133
330,summoner-6250704,331,SSR POPO,Diamond 1,50,71,,162,172
331,summoner-6179491,332,ぐれちーも,Diamond 1,47,65,,131,133
332,summoner-6295309,333,Jackn,Diamond 1,47,76,,38,36
333,summoner-9830341,334,我がままの子,Diamond 1,44,105,,247,234
334,summoner-6385121,335,lllllllllllIllll,Diamond 1,44,49,,78,74
335,summoner-6164909,336,更科にゃん丸,Diamond 1,43,70,,72,70
336,summoner-6781283,337,Big Dikが大好き,Diamond 1,42,73,,86,77
337,summoner-6704337,338,Imeria,Diamond 1,42,102,,46,37
338,summoner-6160674,339,張文遠,Diamond 1,41,93,,74,76
339,summoner-6700839,340,天才ちんはんすう,Diamond 1,40,45,,94,63
340,summoner-8760270,341,ちぃたん,Diamond 1,40,57,,54,29
341,summoner-6701340,342,ＹＲＴＫＴ,Diamond 1,39,73,,258,201
342,summoner-6169154,343,じゅぴた,Diamond 1,39,112,,92,80
343,summoner-8812035,344,SinceSpeak,Diamond 1,37,51,,55,56
344,summoner-8400528,345,Bless you,Diamond 1,36,38,,48,33
345,summoner-6173733,346,なおゆー,Diamond 1,35,69,,33,22
346,summoner-6451616,347,WEQ,Diamond 1,34,48,,44,31
347,summoner-6696421,348,Vomero,Diamond 1,33,49,,96,92
348,summoner-6303130,349,hienso,Diamond 1,30,104,,104,82
349,summoner-13141700,350,らいじんの妹,Diamond 1,30,45,,104,77
350,summoner-6404863,351,Nii,Diamond 1,28,75,,156,153
351,summoner-6162489,352,亜城木夢叶,Diamond 1,28,80,,94,92
352,summoner-6471427,353,貴方のためにしぬ,Diamond 1,28,79,,94,53
353,summoner-6181132,354,慰めるゆうちゃん,Diamond 1,27,125,,151,133
354,summoner-6691416,355,ふぁんく,Diamond 1,26,105,,160,167
355,summoner-9180490,356,愛吃豬蹄,Diamond 1,25,92,,179,166
356,summoner-13900437,357,Astralfoxy,Diamond 1,25,51,,131,79
357,summoner-7061063,358,らふいた,Diamond 1,25,100,,122,98
358,summoner-6291688,359,SOZAIGOMI,Diamond 1,25,138,,83,75
359,summoner-6312269,360,まうょり,Diamond 1,25,86,,60,42
360,summoner-10010863,361,łike,Diamond 1,24,161,,321,329
361,summoner-6732995,362,i have three JB,Diamond 1,24,62,,178,162
362,summoner-8870666,363,ろーれる,Diamond 1,22,43,,89,75
363,summoner-6317430,364,山田健一,Diamond 1,21,93,,381,338
364,summoner-12710897,365,tetras,Diamond 1,21,113,,279,275
365,summoner-6163194,366,RadiationDevice,Diamond 1,21,70,,90,82
366,summoner-6703036,367,ジャックス様,Diamond 1,20,53,,28,9
367,summoner-6188627,368,Hamburger500RP,Diamond 1,19,105,,277,251
368,summoner-6682953,369,仮野明日那,Diamond 1,19,54,,135,127
369,summoner-6292832,370,Selphi,Diamond 1,18,56,,66,65
370,summoner-6317080,371,すろ倉,Diamond 1,16,67,,148,125
371,summoner-9270156,372,そまなの,Diamond 1,14,90,,148,134
372,summoner-6319410,373,らいじん,Diamond 1,13,94,,217,233
373,summoner-13000643,374,Reksa2,Diamond 1,13,86,,208,200
374,summoner-6681167,375,namaeomoitukanai,Diamond 1,12,110,,178,171
375,summoner-6333107,376,雑 魚,Diamond 1,11,57,,157,122
376,summoner-6312042,377,caffeine,Diamond 1,10,77,,135,132
377,summoner-6922081,378,スターマン,Diamond 1,10,72,,60,24
378,summoner-9590858,379,JuIie Sigtuna,Diamond 1,9,65,,110,96
379,summoner-6164971,380,7461409,Diamond 1,8,66,,181,158
380,summoner-9181794,381,Day of Justice,Diamond 1,6,49,,66,61
381,summoner-12240297,382,うるいちゃん,Diamond 1,3,50,,139,124
382,summoner-6180703,383,Emily is Away,Diamond 1,3,63,,105,80
383,summoner-6165504,384,くらら,Diamond 1,2,107,,116,99
384,summoner-6160874,385,ynnoK,Diamond 1,0,128,,369,371
385,summoner-6321619,386,WICKED,Diamond 1,0,117,,241,231
386,summoner-6584565,387,BIue,Diamond 1,0,139,,231,173
387,summoner-7801113,388,ちーぼう,Diamond 1,0,82,,213,194
388,summoner-6303051,389,a56,Diamond 1,0,56,,181,184
389,summoner-12910482,390,ぞぞちゃん,Diamond 1,0,73,,161,155
390,summoner-10170932,391,Emitting,Diamond 1,0,59,,143,94
391,summoner-9490395,392,urï,Diamond 1,0,49,,123,98
392,summoner-6163258,393,KillyKilly JOKER,Diamond 1,0,149,,119,102
393,summoner-6160768,394,Halbida,Diamond 1,0,97,,112,124
394,summoner-6695449,395,四楓院夜一,Diamond 1,0,61,,103,84
395,summoner-10720137,396,Miyamoto Karin,Diamond 1,0,47,,94,80
396,summoner-8841631,397,BossBoy,Diamond 1,0,42,,79,66
397,summoner-6773921,398,Nyou道バリケード,Diamond 1,0,120,,73,58
398,summoner-6171531,399,maisuta,Diamond 1,0,88,,71,74
399,summoner-6312737,400,Aura,Diamond 1,0,86,,69,68
400,summoner-14060210,401,Sad Lonely boy,Diamond 1,0,42,,59,29
401,summoner-6702114,402,絶ツインターボ,Diamond 1,0,70,,54,58
402,summoner-6344699,403,DUCK TOGO,Diamond 1,0,82,,41,34
403,summoner-10240215,404,USG Fate,Diamond 1,0,76,,41,41
404,summoner-6307144,405,STAP細胞,Diamond 1,0,49,,40,24
405,summoner-14450141,406,Akinurah,Diamond 1,0,35,,35,20
406,summoner-6162945,407,チャーシュー吉田,Diamond 2,100,113,,172,166
407,summoner-13780580,408,twitch M17Dee,Diamond 2,100,47,,140,89
408,summoner-6804563,409,倫チャン,Diamond 2,100,96,,87,84
409,summoner-12912077,410,TohsakAro Rain,Diamond 2,100,46,,82,49
410,summoner-6180267,411,まじめです,Diamond 2,100,45,,69,66
411,summoner-6852246,412,ThintoNの姉,Diamond 2,100,41,,56,54
412,summoner-6175152,413,Baoh7,Diamond 2,96,164,,288,279
413,summoner-6173806,414,蒼海舞香,Diamond 2,89,58,,154,131
414,summoner-12980291,415,EsportsMan,Diamond 2,88,60,,178,150
415,summoner-6186140,416,A Farmer,Diamond 2,84,58,,175,128
416,summoner-6161588,417,LuckyTamago,Diamond 2,84,123,,64,58
417,summoner-6162290,418,Candy Blossom,Diamond 2,75,91,,269,243
418,summoner-13120294,419,土老帽,Diamond 2,75,80,,222,191
419,summoner-6175311,420,mafuyumh,Diamond 2,75,76,,212,212
420,summoner-7052549,421,Wolhaiksong,Diamond 2,75,57,,159,125
421,summoner-6164002,422,AliceClare,Diamond 2,75,107,,156,148
422,summoner-6633880,423,俺来年で18だぞ,Diamond 2,75,53,,145,113
423,summoner-6704000,424,綺チャン,Diamond 2,75,56,,140,139
424,summoner-13730771,425,花魁ーる,Diamond 2,75,44,,123,80
425,summoner-13300153,426,7h Raizin,Diamond 2,75,45,,107,91
426,summoner-6317693,427,Muras4k1,Diamond 2,75,71,,104,96
427,summoner-6184017,428,kyp,Diamond 2,75,131,,86,71
428,summoner-6343049,429,rKH,Diamond 2,75,63,,67,59
429,summoner-6704755,430,Bomelee,Diamond 2,75,94,,50,27
430,summoner-8970756,431,Ghost Flash,Diamond 2,75,36,,33,18
431,summoner-8882075,432,moka,Diamond 2,66,99,,134,69
432,summoner-13082021,433,Ardyn Izunia,Diamond 2,64,57,,185,161
433,summoner-6792954,434,森先生,Diamond 2,63,45,,119,103
434,summoner-6189236,435,tuyoinarin,Diamond 2,63,68,,111,105
435,summoner-6178966,436,中卒ドラゴン,Diamond 2,63,88,,110,104
436,summoner-6680199,437,エルおじ,Diamond 2,62,87,,331,319
437,summoner-6189217,438,はちみつスキン,Diamond 2,61,123,,183,191
438,summoner-6210087,439,DESTRUCTION,Diamond 2,61,45,,96,70
439,summoner-6691170,440,かしくそちゃんぷ,Diamond 2,59,55,,103,70
440,summoner-6181949,441,BQB shu,Diamond 2,56,70,,79,84
441,summoner-6240128,442,STAR,Diamond 2,54,106,,203,218
442,summoner-7080358,443,私のためにしんで,Diamond 2,54,105,,131,133
443,summoner-6702059,444,ごっふぃ3号,Diamond 2,54,55,,103,108
444,summoner-6176654,445,Ηaze,Diamond 2,54,64,,102,117
445,summoner-6168500,446,エンペラー,Diamond 2,54,65,,87,91
446,summoner-6174051,447,伊瀬茉莉也,Diamond 2,53,62,,57,64
447,summoner-6705064,448,Tombstone,Diamond 2,53,38,,40,27
448,summoner-6163964,449,MID DIE,Diamond 2,50,95,,112,112
449,summoner-6335050,450,Jade Flawed,Diamond 2,47,124,,381,362
450,summoner-6343812,451,Pierre Marcolini,Diamond 2,47,82,,152,149
451,summoner-6349578,452,xtan,Diamond 2,47,69,,125,113
452,summoner-6317968,453,issue,Diamond 2,46,109,,219,226
453,summoner-6181632,454,EinSchwein,Diamond 2,45,53,,87,82
454,summoner-6177307,455,mefyideru,Diamond 2,43,77,,36,36
455,summoner-9531229,456,MicKun Juice,Diamond 2,42,142,,151,94
456,summoner-6169156,457,ShiitakeForest,Diamond 2,41,107,,150,124
457,summoner-6451627,458,100 Meteos,Diamond 2,41,44,,75,69
458,summoner-6186568,459,Amý,Diamond 2,40,142,,118,95
459,summoner-6163133,460,Souler,Diamond 2,40,86,,98,104
460,summoner-6344416,461,Ooさくらんぼ姫oO,Diamond 2,35,51,,56,49
461,summoner-6450342,462,Marry me,Diamond 2,32,39,,90,56
462,summoner-12861457,463,UzukiLove,Diamond 2,32,50,,76,76
463,summoner-6163203,464,NinjasHyper,Diamond 2,32,48,,61,52
464,summoner-6179546,465,MadEmperor,Diamond 2,30,119,,56,65
465,summoner-6189683,466,aripo,Diamond 2,28,102,,49,43
466,summoner-6181161,467,なつは,Diamond 2,26,68,,126,131
467,summoner-13111222,468,Barnes,Diamond 2,25,74,,324,293
468,summoner-6301186,469,Chic man,Diamond 2,25,83,,238,218
469,summoner-6691089,470,飛天流刀妹,Diamond 2,25,56,,161,142
470,summoner-6195800,471,3onihS,Diamond 2,25,90,,135,147
471,summoner-6162143,472,阿弥陀丸in春夢,Diamond 2,25,57,,134,90
472,summoner-6165481,473,XJSwagger,Diamond 2,25,49,,118,82
473,summoner-6451310,474,みずぴ,Diamond 2,25,88,,101,81
474,summoner-6694477,475,たまちゃん,Diamond 2,25,76,,99,90
475,summoner-9820199,476,ihE,Diamond 2,25,41,,90,37
476,summoner-6164153,477,いぎりす,Diamond 2,25,71,,50,48
477,summoner-13830960,478,wugn,Diamond 2,24,46,,117,96
478,summoner-6184656,479,ろロrolo,Diamond 2,22,92,,165,148
479,summoner-6803124,480,アンパンマン大佐,Diamond 2,22,59,,125,106
480,summoner-6348556,481,双海真美,Diamond 2,22,121,,66,41
481,summoner-14660135,482,Stealth User,Diamond 2,21,42,,93,71
482,summoner-6930647,483,No more perm,Diamond 2,20,66,,248,243
483,summoner-6810315,484,堀之内九一郎,Diamond 2,20,56,,113,87
484,summoner-6703512,485,えくちーも,Diamond 2,20,79,,55,52
485,summoner-6186963,486,おにぎりの梅,Diamond 2,19,77,,216,200
486,summoner-8802152,487,foniXD,Diamond 2,17,53,,99,68
487,summoner-8570617,488,Fragment,Diamond 2,16,59,,173,146
488,summoner-13800200,489,Νightblue3,Diamond 2,16,51,,145,85
489,summoner-6170964,490,Insomania,Diamond 2,15,65,,58,44
490,summoner-10120485,491,グラタン,Diamond 2,13,73,,128,115
491,summoner-6173521,492,arenbatiko,Diamond 2,12,97,,102,91
492,summoner-7740207,493,AD USER,Diamond 2,11,38,,34,28
493,summoner-6170948,494,ざ  び,Diamond 2,10,132,,121,97
494,summoner-6184849,495,GAOOOOOO,Diamond 2,9,59,,136,114
495,summoner-6160682,496,Aporomoon,Diamond 2,8,71,,165,177
496,summoner-7300433,497,Nothimoy,Diamond 2,7,59,,138,97
497,summoner-6831198,498,ぱにょ,Diamond 2,7,44,,60,50
498,summoner-6243133,499,命に嫌われている,Diamond 2,0,152,,816,788
499,summoner-6181282,500,王 騎,Diamond 2,0,117,,402,399
500,summoner-6731229,501,あにこ,Diamond 2,0,135,,281,241
501,summoner-6317289,502,uinyan,Diamond 2,0,88,,221,223
502,summoner-6187517,503,gussan225,Diamond 2,0,108,,157,133
503,summoner-8250219,504,MrTolkien,Diamond 2,0,66,,153,161
504,summoner-6313167,505,札幌商工会議所付属専門学校,Diamond 2,0,74,,119,69
505,summoner-6291695,506,Larie29,Diamond 2,0,62,,111,114
506,summoner-6300312,507,ginTab,Diamond 2,0,99,,98,64
507,summoner-6291904,508,GumLOL,Diamond 2,0,88,,92,115
508,summoner-6251779,509,Maradekaiser,Diamond 2,0,56,,83,59
509,summoner-14120461,510,19Hz,Diamond 2,0,40,,78,46
510,summoner-6166437,511,RabbitFive,Diamond 2,0,41,,74,63
511,summoner-11510173,512,ぽきぽん,Diamond 2,0,83,,65,55
512,summoner-6450158,513,AFKT T1 AFKER,Diamond 2,0,83,,40,35
513,summoner-6694700,514,びろろろ,Diamond 3,100,77,,162,108
514,summoner-6184089,515,Lockon Stratos,Diamond 3,100,84,,142,135
515,summoner-10280592,516,えふぃ,Diamond 3,100,79,,135,104
516,summoner-6166865,517,Ikamirup,Diamond 3,100,58,,64,45
517,summoner-6166905,518,Kirby,Diamond 3,97,55,,41,20
518,summoner-6443237,519,Sworf,Diamond 3,92,92,,268,220
519,summoner-6175075,520,琴葉葵ちゃん,Diamond 3,92,103,,185,170
520,summoner-6299637,521,たこたこ,Diamond 3,92,43,,23,12
521,summoner-6701886,522,Z z,Diamond 3,90,54,,62,34
522,summoner-6872549,523,Lonely,Diamond 3,88,108,,219,203
523,summoner-6187181,524,darkthinPooEX,Diamond 3,86,58,,33,25
524,summoner-6616908,525,Kanpo,Diamond 3,85,41,,73,47
525,summoner-6314777,526,REIMEN2422,Diamond 3,83,133,,46,37
526,summoner-6203445,527,1990 Oid man,Diamond 3,78,48,,134,103
527,summoner-9861164,528,こだまでしょうか,Diamond 3,77,81,,252,255
528,summoner-6173063,529,透明シャルクルス,Diamond 3,76,63,,98,79
529,summoner-6167874,530,エトピリカ,Diamond 3,76,77,,65,46
530,summoner-6764369,531,Osaka1oN,Diamond 3,75,90,,316,303
531,summoner-6912310,532,XieL,Diamond 3,75,122,,240,243
532,summoner-6180653,533,Clockday,Diamond 3,75,64,,200,188
533,summoner-6324998,534,JH1N内智則,Diamond 3,75,67,,160,150
534,summoner-6327228,535,Doranpen,Diamond 3,75,61,,147,133
535,summoner-7190745,536,dancing侍,Diamond 3,75,47,,125,94
536,summoner-12741109,537,mugiちゃん,Diamond 3,75,65,,105,79
537,summoner-8840482,538,bbigbear,Diamond 3,75,151,,99,103
538,summoner-6170869,539,Vtuber fanboy,Diamond 3,75,114,,94,96
539,summoner-6293313,540,あいむすりーぴー,Diamond 3,75,46,,87,45
540,summoner-6171577,541,f0cus,Diamond 3,75,57,,87,73
541,summoner-6743522,542,Canaan00,Diamond 3,75,100,,82,75
542,summoner-12230249,543,V3 Maplestreet,Diamond 3,75,44,,68,60
543,summoner-9800188,544,CG hachamecha,Diamond 3,75,58,,59,44
544,summoner-12180908,545,Lisel0tte,Diamond 3,75,58,,54,32
545,summoner-6160278,546,234,Diamond 3,75,43,,40,22
546,summoner-6311421,547,はちゃめちゃ,Diamond 3,75,42,,37,30
547,summoner-6295029,548,えんてぃ,Diamond 3,75,45,,36,23
548,summoner-6184406,549,tei syndrome,Diamond 3,73,45,,64,57
549,summoner-11820713,550,斗魚TV丶檸檬人,Diamond 3,73,40,,39,35
550,summoner-6692602,551,BunNyAnn,Diamond 3,72,80,,370,339
551,summoner-6331904,552,Crimson Cascadё,Diamond 3,72,81,,208,202
552,summoner-6316612,553,11soul,Diamond 3,72,53,,78,76
553,summoner-6705587,554,5959,Diamond 3,72,38,,29,12
554,summoner-6460637,555,th123,Diamond 3,71,71,,102,95
555,summoner-6163776,556,Icoryze,Diamond 3,70,133,,677,669
556,summoner-6163610,557,kumao,Diamond 3,70,91,,86,87
557,summoner-6181086,558,sorrymybad3,Diamond 3,69,92,,39,38
558,summoner-6187898,559,CxAneki,Diamond 3,64,109,,365,358
559,summoner-6183577,560,FeeeeeelsGoodMan,Diamond 3,64,85,,178,169
560,summoner-6394975,561,Chernobyl,Diamond 3,63,43,,33,20
561,summoner-6173582,562,Zaraky bot,Diamond 3,62,101,,305,301
562,summoner-6161590,563,Haru,Diamond 3,61,89,,86,87
563,summoner-9500440,564,姫サポートちゃん,Diamond 3,60,107,,32,28
564,summoner-12981043,565,シンデレラ多田,Diamond 3,59,52,,144,115
565,summoner-6702599,566,Emp 小e神,Diamond 3,59,83,,133,132
566,summoner-6461191,567,sundwe,Diamond 3,58,73,,180,178
567,summoner-9141141,568,有心論,Diamond 3,58,71,,168,145
568,summoner-13121314,569,ゅぃぃぃ,Diamond 3,57,38,,60,34
569,summoner-6324277,570,D Rose,Diamond 3,56,130,,191,163
570,summoner-6167450,571,kasaishouta12345,Diamond 3,56,87,,108,115
571,summoner-6335258,572,ソリアゲ王者ハサキング,Diamond 3,56,95,,50,37
572,summoner-6305393,573,zuiha,Diamond 3,54,95,,194,171
573,summoner-11960312,574,NB3 fanboy,Diamond 3,54,87,,130,111
574,summoner-6160440,575,19960821,Diamond 3,54,93,,57,54
575,summoner-6317975,576,野生の生クリーム,Diamond 3,53,77,,87,74
576,summoner-6160973,577,みやび,Diamond 3,53,54,,68,45
577,summoner-6694355,578,Fomalhaut,Diamond 3,50,195,,221,209
578,summoner-6335404,579,GOLD DARIUS,Diamond 3,50,91,,207,196
579,summoner-6683516,580,卍悪霊退散卍前田卍魑魅魍魎卍,Diamond 3,49,39,,49,39
580,summoner-7460217,581,Conside,Diamond 3,48,68,,191,155
581,summoner-6700147,582,vanhouten,Diamond 3,48,91,,95,70
582,summoner-8671253,583,Badult,Diamond 3,48,67,,55,22
583,summoner-11001098,584,kimitaka,Diamond 3,46,86,,280,233
584,summoner-6183482,585,ミルコビッチ,Diamond 3,46,95,,111,108
585,summoner-8821760,586,しゅかしゅ,Diamond 3,46,43,,100,66
586,summoner-6160706,587,ゆりあ,Diamond 3,46,92,,71,72
587,summoner-14290528,588,ふわたゃを,Diamond 3,46,36,,43,17
588,summoner-6160581,589,おはナッツ,Diamond 3,45,91,,135,135
589,summoner-6162645,590,Absolute Zer0,Diamond 3,45,45,,55,29
590,summoner-6752556,591,SUPERHOTSUPERHOT,Diamond 3,44,90,,123,98
591,summoner-6164024,592,まこも,Diamond 3,44,70,,102,81
592,summoner-8301594,593,Potata,Diamond 3,43,74,,294,263
593,summoner-6176116,594,八乙女梓乃,Diamond 3,43,98,,173,155
594,summoner-6323905,595,TwitchMainOkita,Diamond 3,42,142,,549,522
595,summoner-6173874,596,おぎん,Diamond 3,42,94,,106,112
596,summoner-6470188,597,機動戦士ガベダム,Diamond 3,41,54,,118,129
597,summoner-6173238,598,こんそめ,Diamond 3,41,83,,32,27
598,summoner-6593645,599,Makase uN,Diamond 3,40,132,,232,227
599,summoner-6232951,600,Eni,Diamond 3,39,61,,78,45
600,summoner-12820181,601,Безработные,Diamond 3,39,35,,37,5
601,summoner-6438788,602,urgot only,Diamond 3,38,72,,257,231
602,summoner-8610350,603,勇者ほっともっと,Diamond 3,38,74,,119,86
603,summoner-9910399,604,レディーガガ,Diamond 3,38,76,,49,28
604,summoner-12020129,605,JPN reo,Diamond 3,37,72,,80,84
605,summoner-13711002,606,BOBO KAMPI,Diamond 3,33,49,,156,127
606,summoner-6319121,607,サモナ一ズリフト,Diamond 3,32,115,,247,214
607,summoner-6172999,608,Rend,Diamond 3,32,81,,87,74
608,summoner-6299556,609,rA9,Diamond 3,31,72,,184,189
609,summoner-8970887,610,山梨太郎君,Diamond 3,29,45,,49,12
610,summoner-10880685,611,おわきんぐ,Diamond 3,28,54,,80,68
611,summoner-6183316,612,AmA,Diamond 3,27,113,,133,124
612,summoner-12620827,613,Reón,Diamond 3,26,46,,80,71
613,summoner-10670497,614,あやりん,Diamond 3,25,83,,177,179
614,summoner-6176277,615,hotzushi,Diamond 3,25,49,,161,129
615,summoner-6183136,616,れもんまん,Diamond 3,25,70,,123,124
616,summoner-6176839,617,username,Diamond 3,25,46,,96,56
617,summoner-12371172,618,PaladinXD,Diamond 3,25,90,,96,74
618,summoner-12851604,619,バイト戦士鈴羽,Diamond 3,25,54,,94,68
619,summoner-13090209,620,pureheart player,Diamond 3,25,80,,76,51
620,summoner-13480413,621,MID Emper0r,Diamond 3,25,41,,69,37
621,summoner-6393298,622,Best Sona JP,Diamond 3,25,44,,62,27
622,summoner-6694950,623,シンデレラ前川,Diamond 3,25,53,,47,35
623,summoner-6171872,624,キバオウ,Diamond 3,25,48,,39,23
624,summoner-6171123,625,ちびゅー,Diamond 3,24,76,,208,189
625,summoner-8670315,626,fun XD,Diamond 3,24,37,,23,11
626,summoner-8110259,627,deeex,Diamond 3,21,85,,112,119
627,summoner-6290460,628,BlankNoir,Diamond 3,20,118,,348,326
628,summoner-6681245,629,会田薫,Diamond 3,20,72,,109,90
629,summoner-6616875,630,腰腰腰腰腰腰腰,Diamond 3,20,104,,49,33
630,summoner-6680908,631,SneakyCastro,Diamond 3,19,77,,145,147
631,summoner-6171102,632,ROX syaruru,Diamond 3,19,53,,143,139
632,summoner-6693403,633,NeetNanaAil,Diamond 3,18,99,,226,186
633,summoner-6177230,634,Ruelo,Diamond 3,18,113,,210,199
634,summoner-6733366,635,Wynn,Diamond 3,18,109,,154,129
635,summoner-6301499,636,TimeNoodles,Diamond 3,18,72,,112,95
636,summoner-12240261,637,韓国ダイヤ,Diamond 3,18,72,,92,95
637,summoner-6180120,638,めぐみぃん,Diamond 3,18,103,,29,22
638,summoner-10210222,639,THE BM LORD,Diamond 3,17,145,,218,201
639,summoner-6188387,640,TOXIC BRAD,Diamond 3,17,122,,190,186
640,summoner-6294057,641,luizana,Diamond 3,17,121,,153,135
641,summoner-6292756,642,お饅頭コンバット,Diamond 3,17,47,,87,71
642,summoner-6179383,643,あるべりー,Diamond 3,16,90,,150,146
643,summoner-6301737,644,Ricca,Diamond 3,16,107,,110,90
644,summoner-13111021,645,緊急退学,Diamond 3,15,56,,157,148
645,summoner-6682874,646,LL Stylish,Diamond 3,14,43,,29,26
646,summoner-6881557,647,shiro,Diamond 3,13,89,,182,155
647,summoner-6325592,648,PhantomDeathBeta,Diamond 3,13,49,,78,78
648,summoner-6311411,649,DianyA JP,Diamond 3,13,169,,45,33
649,summoner-6303428,650,かぶぷん,Diamond 3,12,96,,160,170
650,summoner-6290757,651,Resin,Diamond 3,10,92,,110,111
651,summoner-6181109,652,mizukami,Diamond 3,8,142,,324,314
652,summoner-6181150,653,PCG owl,Diamond 3,6,83,,22,15
653,summoner-6290826,654,絶食系男子,Diamond 3,4,112,,198,181
654,summoner-6170857,655,未 玲,Diamond 3,3,124,,244,226
655,summoner-6175268,656,Anasterse,Diamond 3,3,106,,72,59
656,summoner-7230540,657,東京ジェラシィ,Diamond 3,1,58,,103,96
657,summoner-6690868,658,VallisLiccia,Diamond 3,1,47,,78,52
658,summoner-6182263,659,しじみん,Diamond 3,0,152,,416,389
659,summoner-7030942,660,とりき,Diamond 3,0,121,,373,375
660,summoner-7600153,661,ZhanQiSuSuSu,Diamond 3,0,130,,344,300
661,summoner-6690196,662,kemukujara,Diamond 3,0,93,,259,238
662,summoner-6704376,663,KIY Oshi,Diamond 3,0,64,,221,186
663,summoner-13072105,664,daftness,Diamond 3,0,52,,118,91
664,summoner-9231455,665,KTRolster8,Diamond 3,0,47,,92,69
665,summoner-14470140,666,ちいたん,Diamond 3,0,42,,89,73
666,summoner-6365937,667,Melodyuko,Diamond 3,0,60,,87,79
667,summoner-6684303,668,キヨシ,Diamond 3,0,69,,85,67
668,summoner-6700558,669,Live and Learn,Diamond 3,0,52,,84,87
669,summoner-6704681,670,Che1ucY,Diamond 3,0,55,,82,65
670,summoner-6332554,671,Rekkles,Diamond 3,0,48,,79,67
671,summoner-6333769,672,nocchiPanty,Diamond 3,0,41,,76,56
672,summoner-6970824,673,Tanto custom,Diamond 3,0,49,,75,62
673,summoner-6293258,674,サポ野バブ美,Diamond 3,0,135,,74,66
674,summoner-6171392,675,くりす,Diamond 3,0,90,,68,51
675,summoner-6304831,676,ムシキング,Diamond 3,0,43,,64,64
676,summoner-6336507,677,kudryavka1991,Diamond 3,0,101,,63,50
677,summoner-6346156,678,香川広憲の亡霊,Diamond 3,0,41,,57,45
678,summoner-14610620,679,アシホ,Diamond 3,0,36,,51,24
679,summoner-13050222,680,みゅうだょ,Diamond 3,0,38,,47,23
680,summoner-6319269,681,いんでっくす,Diamond 3,0,77,,47,53
681,summoner-6700903,682,Nidalee AI,Diamond 3,0,40,,31,29
682,summoner-6160669,683,otuno,Diamond 3,0,48,,26,16
683,summoner-6176905,684,Elmyr,Diamond 4,100,107,,375,341
684,summoner-6181362,685,藤尾マサ,Diamond 4,100,82,,320,323
685,summoner-6693049,686,Meménto Mori,Diamond 4,100,62,,225,186
686,summoner-6176621,687,Daath,Diamond 4,100,82,,115,105
687,summoner-6170500,688,り ん,Diamond 4,100,63,,100,103
688,summoner-6189281,689,あすき,Diamond 4,100,109,,96,74
689,summoner-6176027,690,おぐろと,Diamond 4,100,62,,79,61
690,summoner-7630197,691,ÿøšhüłõö,Diamond 4,100,56,,65,53
691,summoner-6348343,692,SGL Throne,Diamond 4,100,45,,64,40
692,summoner-6671963,693,脳内Montage,Diamond 4,100,41,,46,35
693,summoner-12440459,694,先生は孫笑川,Diamond 4,99,54,,111,69
694,summoner-8321667,695,温かいビデ,Diamond 4,97,46,,102,66
695,summoner-13380228,696,ゆめちゅん,Diamond 4,94,54,,125,90
696,summoner-6299663,697,ㅋㅋㅋ,Diamond 4,93,67,,56,42
697,summoner-6173492,698,lllllllllllIII,Diamond 4,92,91,,242,230
698,summoner-6700165,699,せやろかえふ,Diamond 4,92,62,,38,32
699,summoner-6611761,700,HikikomoriADC,Diamond 4,91,50,,147,110
700,summoner-13070705,701,チアキFrom TW,Diamond 4,91,43,,67,36
701,summoner-13230137,702,ELMO IN JP,Diamond 4,90,50,,138,100
702,summoner-6291049,703,Jerard,Diamond 4,90,94,,71,43
703,summoner-9520348,704,erza9425,Diamond 4,90,39,,60,29
704,summoner-6298059,705,べあー,Diamond 4,90,44,,42,38
705,summoner-6170777,706,ふんどし日本丸,Diamond 4,90,57,,40,27
706,summoner-6331326,707,RQ konomekaze,Diamond 4,90,53,,35,30
707,summoner-11890219,708,Scrawboy,Diamond 4,89,58,,204,189
708,summoner-6325492,709,EySSS,Diamond 4,88,67,,233,200
709,summoner-6310418,710,Pitch and Bent,Diamond 4,85,85,,256,260
710,summoner-11140602,711,19980810,Diamond 4,85,59,,178,149
711,summoner-6172003,712,贅肉おばけ,Diamond 4,85,81,,58,49
712,summoner-6176418,713,Forget me not,Diamond 4,84,55,,82,62
713,summoner-7020641,714,See Threepio,Diamond 4,84,48,,80,56
714,summoner-11810890,715,コモレビの下,Diamond 4,84,39,,74,46
715,summoner-6337433,716,onkami,Diamond 4,84,56,,52,28
716,summoner-6312313,717,owæ,Diamond 4,83,142,,124,132
717,summoner-6173745,718,美靏姬,Diamond 4,83,40,,70,51
718,summoner-6302829,719,Deazo,Diamond 4,82,77,,87,69
719,summoner-6178665,720,yumeat,Diamond 4,81,98,,260,260
720,summoner-6177378,721,llIIlIlIIIIllllI,Diamond 4,80,37,,58,43
721,summoner-6595439,722,lIlllllllllIIIIl,Diamond 4,77,49,,153,121
722,summoner-6701048,723,MаroZitE,Diamond 4,77,91,,126,100
723,summoner-6169011,724,zakosuaran,Diamond 4,75,93,,310,294
724,summoner-6861306,725,Rari城ドラ,Diamond 4,75,136,,285,271
725,summoner-7380786,726,omtom1,Diamond 4,75,63,,211,210
726,summoner-13670263,727,すこぶる動くウサギ,Diamond 4,75,51,,163,121
727,summoner-6791751,728,sekususimasyo,Diamond 4,75,100,,143,80
728,summoner-6450887,729,もぅﾏﾁﾞ無理 死ンヂャオ,Diamond 4,75,52,,119,93
729,summoner-13280157,730,RJ Fanxy1,Diamond 4,75,47,,117,93
730,summoner-6168484,731,Etoile,Diamond 4,75,71,,101,104
731,summoner-6336404,732,Tokoyuki,Diamond 4,75,71,,95,70
732,summoner-6830175,733,EleaNoR,Diamond 4,75,73,,94,64
733,summoner-7011396,734,Snows,Diamond 4,75,49,,89,70
734,summoner-6331277,735,1715,Diamond 4,75,80,,82,71
735,summoner-6310122,736,gaegwae,Diamond 4,75,48,,62,56
736,summoner-7260357,737,Solo Horkew,Diamond 4,75,39,,60,49
737,summoner-12610863,738,cotton candy,Diamond 4,75,43,,59,18
738,summoner-6185426,739,maeken,Diamond 4,75,70,,47,32
739,summoner-9810205,740,リトルデーモン,Diamond 4,75,52,,45,25
740,summoner-9550124,741,7h RIP,Diamond 4,75,41,,41,25
741,summoner-6461466,742,どぶさいく,Diamond 4,73,114,,142,132
742,summoner-6165496,743,Leeroy Jenkins,Diamond 4,73,46,,63,54
743,summoner-6700400,744,rogiaaa,Diamond 4,72,58,,103,88
744,summoner-7360731,745,俺はs4マスター,Diamond 4,72,44,,69,51
745,summoner-6292221,746,Yxum,Diamond 4,71,90,,199,185
746,summoner-6250300,747,Rhivarak,Diamond 4,71,57,,183,161
747,summoner-7891371,748,北見六花,Diamond 4,70,73,,85,48
748,summoner-6394809,749,とっぱー,Diamond 4,69,115,,231,220
749,summoner-6297288,750,新田美波,Diamond 4,69,50,,43,40
750,summoner-6701006,751,TonkatsuSauce,Diamond 4,67,83,,218,184
751,summoner-14040801,752,ctgwaybmkr,Diamond 4,66,71,,238,210
752,summoner-6182749,753,れもんさんだよ,Diamond 4,66,73,,169,173
753,summoner-6164321,754,mesya,Diamond 4,65,106,,153,125
754,summoner-6706323,755,ACE OF KANI,Diamond 4,65,74,,125,118
755,summoner-6165388,756,yurinn,Diamond 4,65,72,,70,54
756,summoner-6160698,757,441,Diamond 4,64,68,,172,180
757,summoner-6161164,758,Marble96,Diamond 4,63,94,,284,274
758,summoner-6441172,759,jhin IS GOD,Diamond 4,63,75,,101,111
759,summoner-12010132,760,ejii,Diamond 4,62,44,,84,61
760,summoner-8491290,761,S2CcReece,Diamond 4,61,46,,126,64
761,summoner-6704155,762,394,Diamond 4,61,40,,74,35
762,summoner-6322460,763,俺にかかれば2秒でマダガスカル,Diamond 4,61,42,,55,56
763,summoner-6187442,764,moriwo god,Diamond 4,60,51,,49,30
764,summoner-6202006,765,Huya丶Dop4,Diamond 4,60,41,,40,32
765,summoner-6701782,766,kokokokokoko,Diamond 4,60,41,,26,18
766,summoner-6173837,767,ネオス,Diamond 4,59,81,,125,134
767,summoner-6162657,768,Khaten,Diamond 4,58,87,,155,152
768,summoner-6694459,769,Against All Odds,Diamond 4,58,137,,95,94
769,summoner-6160967,770,あにーぼっと,Diamond 4,58,82,,42,43
770,summoner-13081642,771,イカレちんぽこ丸,Diamond 4,57,90,,162,128
771,summoner-12950656,772,おじゃまるお,Diamond 4,57,59,,146,104
772,summoner-6187760,773,凖 提,Diamond 4,56,84,,239,229
773,summoner-10250446,774,ねこみみ,Diamond 4,56,162,,205,169
774,summoner-6180951,775,Larc,Diamond 4,56,94,,179,171
775,summoner-6173795,776,冰 糖,Diamond 4,56,158,,169,156
776,summoner-6173906,777,ミニスカート,Diamond 4,56,141,,136,118
777,summoner-6329451,778,Dopaaa,Diamond 4,56,46,,86,60
778,summoner-6227944,779,My face is bad,Diamond 4,54,210,,834,792
779,summoner-6167631,780,きみがすき,Diamond 4,54,94,,95,79
780,summoner-6187805,781,べると,Diamond 4,54,78,,73,42
781,summoner-9650465,782,lee min hoo,Diamond 4,53,77,,381,329
782,summoner-6685231,783,GokdWing,Diamond 4,53,39,,75,51
783,summoner-7391804,784,やばいleo,Diamond 4,52,84,,93,81
784,summoner-6172444,785,nesscrystal,Diamond 4,52,43,,56,47
785,summoner-6328054,786,BANKOISER,Diamond 4,51,102,,225,193
786,summoner-6312931,787,Macarong v2,Diamond 4,51,49,,146,74
787,summoner-8701271,788,LTB Sin,Diamond 4,51,66,,142,109
788,summoner-6321167,789,Demrofer,Diamond 4,51,69,,103,89
789,summoner-6166047,790,むっちょ,Diamond 4,51,86,,89,78
790,summoner-6176851,791,きばみ,Diamond 4,51,75,,46,48
791,summoner-6931020,792,coyoi,Diamond 4,50,87,,164,157
792,summoner-6292029,793,Shiruma,Diamond 4,50,102,,154,144
793,summoner-12820173,794,超銀河T1NPO,Diamond 4,50,54,,148,132
794,summoner-14230703,795,chocotto,Diamond 4,50,45,,117,86
795,summoner-6323019,796,GANJA NINJA,Diamond 4,50,56,,96,96
796,summoner-9930186,797,7357,Diamond 4,50,49,,52,30
797,summoner-6209791,798,Duxiilillilil,Diamond 4,48,144,,89,86
798,summoner-13140250,799,おとろえ,Diamond 4,46,66,,198,161
799,summoner-6162091,800,Rebel blade,Diamond 4,46,92,,189,186
800,summoner-6682043,801,Poppy chan,Diamond 4,46,66,,100,86
801,summoner-7041550,802,Pito,Diamond 4,46,123,,65,53
802,summoner-6292039,803,hanyu,Diamond 4,45,67,,185,182
803,summoner-6164245,804,kasujyou,Diamond 4,44,50,,39,26
804,summoner-6843271,805,俺は行く,Diamond 4,43,122,,420,407
805,summoner-6298524,806,もこけね,Diamond 4,43,132,,252,244
806,summoner-6690177,807,509 Is,Diamond 4,43,69,,69,61
807,summoner-6189958,808,のちのち,Diamond 4,43,52,,69,58
808,summoner-9810204,809,くぅちゃん,Diamond 4,43,110,,66,50
809,summoner-6344063,810,勇者あああああ,Diamond 4,43,71,,50,46
810,summoner-10901336,811,ℱĄKʃℛ,Diamond 4,42,85,,212,180
811,summoner-8130161,812,集いし願いが新たに輝く星となる光,Diamond 4,42,64,,67,61
812,summoner-6651348,813,LなoまL,Diamond 4,42,58,,64,35
813,summoner-6348974,814,雪 梨,Diamond 4,42,137,,37,21
814,summoner-6294994,815,ひろっぺん,Diamond 4,41,74,,160,144
815,summoner-6161708,816,とうま,Diamond 4,40,55,,111,100
816,summoner-6283018,817,Dokurou,Diamond 4,39,96,,268,254
817,summoner-6307952,818,ヌヲヌバ,Diamond 4,39,85,,217,192
818,summoner-6299347,819,W上げ本田圭佑,Diamond 4,39,97,,145,130
819,summoner-6701131,820,Zeeerry,Diamond 4,38,98,,327,309
820,summoner-6318960,821,チーズスタリオン,Diamond 4,38,83,,153,161
821,summoner-6327349,822,ちょこまか,Diamond 4,38,95,,127,122
822,summoner-6291946,823,ばきん,Diamond 4,38,141,,82,69
823,summoner-7070260,824,松田超人最強伝説,Diamond 4,38,99,,59,43
824,summoner-6940141,825,海のくまさん,Diamond 4,37,77,,358,333
825,summoner-9620151,826,VioIeT,Diamond 4,37,59,,127,127
826,summoner-14070171,827,Aussie,Diamond 4,37,63,,110,98
827,summoner-7470187,828,ヤスオBANします,Diamond 4,37,89,,100,78
828,summoner-6347482,829,かげを,Diamond 4,37,113,,50,43
829,summoner-6180679,830,てれくしー,Diamond 4,36,94,,126,123
830,summoner-6686136,831,Coba1t,Diamond 4,36,121,,112,100
831,summoner-6169090,832,123123123,Diamond 4,35,99,,134,103
832,summoner-6172774,833,ぺろぺろしてぇな,Diamond 4,35,126,,125,87
833,summoner-6314810,834,Livraa,Diamond 4,35,96,,76,58
834,summoner-6297571,835,469ma,Diamond 4,34,73,,121,105
835,summoner-6666546,836,wing,Diamond 4,34,120,,107,73
836,summoner-6703664,837,LoveLoveRyutin,Diamond 4,34,45,,94,71
837,summoner-6377670,838,Nightcolor,Diamond 4,32,123,,171,147
838,summoner-6681539,839,INnoVation,Diamond 4,32,72,,127,123
839,summoner-6215158,840,dogyzz,Diamond 4,32,107,,43,40
840,summoner-6691420,841,ぼんぽち,Diamond 4,31,70,,110,98
841,summoner-12511187,842,最終のボス,Diamond 4,31,62,,39,38
842,summoner-6170724,843,インターネット,Diamond 4,29,79,,63,57
843,summoner-9521124,844,Mystix,Diamond 4,29,44,,55,42
844,summoner-12940514,845,飲酒LoLマン,Diamond 4,28,44,,82,49
845,summoner-6292126,846,kurooon,Diamond 4,27,92,,111,100
846,summoner-12520695,847,ヨンジェ,Diamond 4,27,55,,79,55
847,summoner-6175753,848,MOU MURI,Diamond 4,26,107,,162,126
848,summoner-6450728,849,Spicat,Diamond 4,26,45,,83,67
849,summoner-6345889,850,Fine2162,Diamond 4,26,75,,37,25
850,summoner-9420186,851,Sprayz,Diamond 4,25,74,,315,281
851,summoner-13230202,852,New zhondan,Diamond 4,25,52,,154,131
852,summoner-13290150,853,USG Gang0,Diamond 4,25,46,,133,72
853,summoner-7460250,854,7h Rokenia,Diamond 4,25,56,,111,91
854,summoner-7321699,855,usagino,Diamond 4,25,50,,102,89
855,summoner-6703099,856,琴チャン,Diamond 4,25,77,,81,100
856,summoner-12200914,857,TRlGGER,Diamond 4,25,61,,76,75
857,summoner-9950219,858,西日暮里戒网中心,Diamond 4,25,52,,67,46
858,summoner-6182928,859,Tidus,Diamond 4,25,84,,63,63
859,summoner-12260902,860,lWJack,Diamond 4,25,51,,39,35
860,summoner-6188392,861,Rainsuta,Diamond 4,24,76,,161,133
861,summoner-6293332,862,MoZukuTea,Diamond 4,23,114,,107,93
862,summoner-6695236,863,123,Diamond 4,23,92,,103,94
863,summoner-6181369,864,太田佳奈,Diamond 4,21,58,,173,144
864,summoner-6177492,865,21歳無職,Diamond 4,20,127,,213,187
865,summoner-6301753,866,luoqisa,Diamond 4,20,67,,79,54
866,summoner-13740351,867,乃 愛,Diamond 4,20,41,,78,54
867,summoner-6291622,868,くま虎,Diamond 4,19,69,,139,118
868,summoner-8691179,869,CarryBASHIBASHI,Diamond 4,19,39,,54,43
869,summoner-6450745,870,あべくま,Diamond 4,19,100,,23,22
870,summoner-6348760,871,よぴぴザウルス,Diamond 4,18,138,,235,213
871,summoner-9670170,872,くっきー,Diamond 4,18,80,,154,149
872,summoner-13490210,873,Iwasawa,Diamond 4,18,46,,115,84
873,summoner-6294946,874,chubet,Diamond 4,18,47,,89,82
874,summoner-6811107,875,gannmo123,Diamond 4,18,84,,38,31
875,summoner-6695493,876,PGM SonicLogic,Diamond 4,17,105,,331,335
876,summoner-6313068,877,ろろれろろ,Diamond 4,17,125,,321,295
877,summoner-6289741,878,JokerX,Diamond 4,17,79,,311,315
878,summoner-6695156,879,るんちゃ,Diamond 4,17,106,,228,228
879,summoner-6950468,880,Endelyu,Diamond 4,17,73,,186,154
880,summoner-6167794,881,Oreki,Diamond 4,17,84,,131,121
881,summoner-6592828,882,Engineer,Diamond 4,17,46,,105,80
882,summoner-12740857,883,practice nomi,Diamond 4,17,46,,62,44
883,summoner-6175584,884,ロシナンテ,Diamond 4,16,65,,147,129
884,summoner-6160649,885,にこぷり,Diamond 4,16,130,,101,95
885,summoner-11260174,886,Ruki,Diamond 4,15,117,,140,146
886,summoner-6173987,887,Wobbuffet,Diamond 4,15,97,,131,126
887,summoner-6181413,888,1000DYE,Diamond 4,15,76,,126,120
888,summoner-6162241,889,Erulein,Diamond 4,15,59,,66,56
889,summoner-6344150,890,kasupi404,Diamond 4,15,108,,51,27
890,summoner-6162908,891,はろーさんた,Diamond 4,14,95,,217,224
891,summoner-6271387,892,ハイセ,Diamond 4,13,70,,64,58
892,summoner-7350233,893,Griever,Diamond 4,12,46,,109,81
893,summoner-6310371,894,R1ngoKun,Diamond 4,12,67,,41,33
894,summoner-6287685,895,Feeddlesticks,Diamond 4,10,119,,256,218
895,summoner-6320302,896,メラゾーマ,Diamond 4,10,97,,62,46
896,summoner-6170090,897,paddle star,Diamond 4,9,120,,136,132
897,summoner-6171274,898,Rolo Lamperouge,Diamond 4,9,85,,130,111
898,summoner-6161347,899,エッッッッッッ,Diamond 4,8,105,,46,49
899,summoner-13790130,900,ˆSarah Myˆ,Diamond 4,7,71,,198,162
900,summoner-8940405,901,Cherry Fizz,Diamond 4,7,116,,196,192
901,summoner-8840634,902,무섭고외롭겠다,Diamond 4,7,124,,167,150
902,summoner-6161727,903,TehLlghter,Diamond 4,4,143,,108,90
903,summoner-6624647,904,LoviScenario,Diamond 4,3,74,,222,212
904,summoner-8160442,905,sebearasi,Diamond 4,3,102,,53,49
905,summoner-13420258,906,ナッシュ,Diamond 4,3,70,,41,32
906,summoner-6700720,907,Ir1s,Diamond 4,2,56,,167,173
907,summoner-13090962,908,SRDv,Diamond 4,2,69,,155,129
908,summoner-6175258,909,SakuraSky,Diamond 4,2,108,,114,103
909,summoner-6318881,910,Azuliet,Diamond 4,2,62,,91,86
910,summoner-12760939,911,kneesox,Diamond 4,1,64,,235,209
911,summoner-8890153,912,프나틱 원딜,Diamond 4,1,66,,72,54
912,summoner-6186260,913,Top or AFK,Diamond 4,1,47,,47,44
913,summoner-6680244,914,キリンレモン,Diamond 4,0,118,,396,369
914,summoner-10600137,915,島魚Jasconius,Diamond 4,0,108,,359,348
915,summoner-6367723,916,SawHD,Diamond 4,0,88,,326,329
916,summoner-6310158,917,TEDDY,Diamond 4,0,97,,303,279
917,summoner-6890761,918,Romane,Diamond 4,0,78,,246,224
918,summoner-6316705,919,君のハートにイグナイト,Diamond 4,0,103,,241,233
919,summoner-6315001,920,DE JEUX,Diamond 4,0,92,,216,210
920,summoner-6272955,921,0A0,Diamond 4,0,106,,209,197
921,summoner-6187890,922,kurewo god,Diamond 4,0,74,,206,175
922,summoner-6690662,923,IIllII,Diamond 4,0,111,,206,187
923,summoner-6170569,924,Japan Net Bank,Diamond 4,0,84,,205,181
924,summoner-10690274,925,whiskeeey,Diamond 4,0,130,,185,185
925,summoner-6302228,926,悔い改めよ,Diamond 4,0,82,,182,176
926,summoner-6705132,927,From the Gekko,Diamond 4,0,56,,175,143
927,summoner-6161635,928,boylen,Diamond 4,0,60,,159,125
928,summoner-6166702,929,わいるどかめおか,Diamond 4,0,99,,152,126
929,summoner-13790169,930,WanderingPro2,Diamond 4,0,53,,148,126
930,summoner-9180884,931,CatPenguin3,Diamond 4,0,71,,148,118
931,summoner-6184769,932,ぺけのすけ,Diamond 4,0,123,,140,132
932,summoner-6218262,933,手corki足corki,Diamond 4,0,48,,139,54
933,summoner-6180802,934,lqs,Diamond 4,0,70,,134,123
934,summoner-6681698,935,noobmanNA,Diamond 4,0,54,,133,109
935,summoner-14180148,936,ぴーち,Diamond 4,0,52,,131,99
936,summoner-6303936,937,StylishNoob4,Diamond 4,0,119,,129,119
937,summoner-12430231,938,DoubleIift,Diamond 4,0,62,,115,101
938,summoner-7200179,939,ItsNimbuS,Diamond 4,0,107,,112,88
939,summoner-6811867,940,Uns,Diamond 4,0,76,,110,108
940,summoner-10171220,941,君の唾液で口噛酒,Diamond 4,0,77,,110,102
941,summoner-8721259,942,rivenのアナ子,Diamond 4,0,60,,109,107
942,summoner-6189797,943,Cine,Diamond 4,0,85,,100,69
943,summoner-6174908,944,HaraNamayOkO,Diamond 4,0,96,,99,77
944,summoner-6870880,945,katucks,Diamond 4,0,67,,98,97
945,summoner-13770959,946,mysql u root,Diamond 4,0,47,,96,81
946,summoner-6701220,947,イオの手先,Diamond 4,0,77,,93,91
947,summoner-6298181,948,Yunn,Diamond 4,0,72,,92,71
948,summoner-6295282,949,7saki eye,Diamond 4,0,67,,91,66
949,summoner-7200222,950,BGF,Diamond 4,0,49,,91,83
950,summoner-6890241,951,ťele,Diamond 4,0,57,,90,87
951,summoner-6321670,952,卍森林原人卍,Diamond 4,0,47,,90,83
952,summoner-6262327,953,Lurix,Diamond 4,0,108,,84,68
953,summoner-12251111,954,Best Janna NA,Diamond 4,0,106,,84,58
954,summoner-6332429,955,takuman por,Diamond 4,0,41,,71,42
955,summoner-6181074,956,Damnare Mantis,Diamond 4,0,117,,67,67
956,summoner-6296124,957,14d,Diamond 4,0,49,,67,74
957,summoner-6681244,958,PontaCard,Diamond 4,0,82,,67,56
958,summoner-6170708,959,河南実里,Diamond 4,0,104,,55,48
959,summoner-6290250,960,Ｃherry,Diamond 4,0,39,,37,24
960,summoner-9960670,961,Asterism,Diamond 4,0,53,,35,32
961,summoner-6183784,962,Caim,Diamond 4,0,58,,34,18
962,summoner-6160830,963,нoчь,Diamond 4,0,36,,32,17
963,summoner-6372585,964,Maokai OTP,Diamond 5,100,152,,391,385
964,summoner-12910257,965,nananaa,Diamond 5,100,80,,341,320
965,summoner-6171437,966,TaeyoungBoy,Diamond 5,100,112,,322,335
966,summoner-6180355,967,Mi vida loca,Diamond 5,100,154,,259,252
967,summoner-12420250,968,Deklaran,Diamond 5,100,89,,246,233
968,summoner-7151573,969,I Love You S2,Diamond 5,100,98,,234,188
969,summoner-6310164,970,freejapan,Diamond 5,100,64,,205,210
970,summoner-9530609,971,月与海,Diamond 5,100,80,,199,194
971,summoner-6262219,972,Pudge,Diamond 5,100,99,,179,164
972,summoner-8900234,973,pirotyan,Diamond 5,100,73,,179,143
973,summoner-10871337,974,アムルクレチア,Diamond 5,100,60,,173,155
974,summoner-10911515,975,WinstonCaster,Diamond 5,100,66,,163,139
975,summoner-6301025,976,oけいo,Diamond 5,100,116,,154,132
976,summoner-6701806,977,KITKATASDHOH,Diamond 5,100,64,,137,107
977,summoner-14170466,978,Aramia,Diamond 5,100,49,,125,96
978,summoner-8140187,979,KIed BOT,Diamond 5,100,85,,124,105
979,summoner-6275587,980,日代VX 460957987,Diamond 5,100,81,,123,90
980,summoner-6184581,981,This,Diamond 5,100,61,,107,106
981,summoner-14100535,982,NinetyEight,Diamond 5,100,42,,90,68
982,summoner-14170558,983,Lil C,Diamond 5,100,41,,90,68
983,summoner-6318546,984,Y u K i SSSSSS,Diamond 5,100,64,,85,85
984,summoner-12640672,985,止まらないオルガ,Diamond 5,100,47,,77,54
985,summoner-6171785,986,BotLanersSuck,Diamond 5,100,144,,75,35
986,summoner-6314723,987,MannérsMakethMan,Diamond 5,100,60,,68,62
987,summoner-6240791,988,ミスリルゴーレム,Diamond 5,100,62,,57,49
988,summoner-6185989,989,ななせ,Diamond 5,100,118,,55,53
989,summoner-6722749,990,18cm魔法少女,Diamond 5,100,116,,45,39
990,summoner-6181321,991,Dont u trust Muu,Diamond 5,100,38,,24,16
991,summoner-6182986,992,40010bro,Diamond 5,99,60,,60,54
992,summoner-6265283,993,GQVV,Diamond 5,98,45,,116,79
993,summoner-8320349,994,李愛希,Diamond 5,97,144,,94,66
994,summoner-6183757,995,Captain Musuka,Diamond 5,97,46,,41,35
995,summoner-9440328,996,ScudCrosers,Diamond 5,95,92,,89,81
996,summoner-6346451,997,MerukuLyrical,Diamond 5,95,103,,78,60
997,summoner-6176719,998,ExclusiveSunny,Diamond 5,94,61,,71,71
998,summoner-6163882,999,Spherism,Diamond 5,93,112,,155,143
999,summoner-6750336,1000,田舎もん,Diamond 5,93,49,,80,47
