#timestamp 1529776859797
#date 2018-06-23T18:00:59+00:00
#players 1000
#index,id,rank,name,tier,lp,level,proTeam,win,loss
0,summoner-54601,1,Aloned,Challenger,1345,88,,260,176
1,summoner-485522,2,Josedeodo,Challenger,1244,86,,124,54
2,summoner-13101424,3,Jon Slow,Challenger,979,66,,157,87
3,summoner-146501,4,Reincarnati0n,Challenger,973,81,,293,247
4,summoner-12970770,5,Laro,Challenger,906,107,,289,240
5,summoner-887542,6,Áckerman,Challenger,859,87,,199,147
6,summoner-22373,7,Jara,Challenger,842,96,,313,266
7,summoner-39798,8,Ðark,Challenger,769,74,,128,75
8,summoner-41970,9,Ronnie Sullivan,Challenger,748,96,,317,274
9,summoner-551623,10,Cubn,Challenger,746,92,,240,184
10,summoner-78155,11,Nate1,Challenger,722,69,,162,113
11,summoner-258446,12,Plugo,Challenger,700,67,,135,95
12,summoner-117772,13,Popeyee,Challenger,660,163,,288,185
13,summoner-2273511,14,Bën,Challenger,653,93,,149,112
14,summoner-197380,15,El tio Pompas,Challenger,631,143,,191,140
15,summoner-42122,16,TøpLop,Challenger,629,156,,597,551
16,summoner-419084,17,Follow,Challenger,620,106,,259,211
17,summoner-2260415,18,ClickClick,Challenger,588,118,,277,247
18,summoner-316731,19,Fixeal,Challenger,588,63,,140,83
19,summoner-1540877,20,Rîn,Challenger,581,66,,228,179
20,summoner-90878,21,Crab,Challenger,570,65,,181,144
21,summoner-919421,22,LSG TurboBestia,Challenger,545,96,,167,124
22,summoner-55115,23,Amazing LOL,Challenger,544,75,,219,174
23,summoner-11510189,24,MK Piqueos,Challenger,539,71,,176,139
24,summoner-1342068,25,Just Historia,Challenger,529,136,,442,414
25,summoner-3773783,26,xypherz,Challenger,517,115,,356,309
26,summoner-14220740,27,should kys,Challenger,516,67,,282,217
27,summoner-6421946,28,Franchu1440,Challenger,514,80,,295,251
28,summoner-201891,29,randommmm,Challenger,504,71,,147,117
29,summoner-4563644,30,Stay in Tower,Challenger,500,139,,509,471
30,summoner-10890287,31,Fan De CasterMax,Challenger,507,97,,176,132
31,summoner-183154,32,Mát,Challenger,488,98,,322,285
32,summoner-1272154,33,KING Dongˇha,Challenger,486,112,,345,313
33,summoner-71900,34,2v1 plz,Challenger,485,100,,229,198
34,summoner-2531572,35,Zach dempsey,Challenger,479,92,,337,298
35,summoner-28154,36,TA Sasuke,Challenger,475,70,,161,125
36,summoner-225934,37,Morts,Challenger,471,109,,336,305
37,summoner-1254016,38,FLORA FATALE,Challenger,471,105,,280,242
38,summoner-414524,39,FIare,Challenger,471,108,,220,185
39,summoner-51342,40,We Are Life,Challenger,469,56,,120,85
40,summoner-372918,41,BRIOCKS,Challenger,442,103,,367,347
41,summoner-521178,42,Kartana,Challenger,462,92,,291,248
42,summoner-65363,43,Ríos,Challenger,459,77,,124,90
43,summoner-214586,44,Churri1,Challenger,453,55,,161,129
44,summoner-68001,45,EduardoFilopo,Challenger,451,91,,226,184
45,summoner-247624,46,lkiefer,Challenger,451,101,,179,154
46,summoner-238388,47,NaFT,Challenger,438,90,,130,96
47,summoner-132222,48,ANHLTR,Challenger,413,76,,168,142
48,summoner-7136429,49,Tachikawa Mimi,Challenger,429,116,,302,280
49,summoner-118449,50,maybe someday,Challenger,424,58,,166,133
50,summoner-1140356,51,F3NIX,Challenger,422,74,,140,102
51,summoner-130151,52,woofı,Challenger,414,66,,132,102
52,summoner-8511827,53,Ðaedra,Challenger,408,58,,104,70
53,summoner-464759,54,Little ROODRA,Challenger,406,87,,250,160
54,summoner-4590501,55,1cody,Challenger,386,70,,247,193
55,summoner-57964,56,Near ü,Challenger,401,130,,312,279
56,summoner-4168955,57,adcccc,Challenger,397,113,,260,217
57,summoner-6232791,58,Fòrce,Challenger,396,49,,71,35
58,summoner-4054501,59,Cesni,Challenger,394,114,,319,305
59,summoner-110499,60,Psykhé,Challenger,392,72,,231,197
60,summoner-14130145,61,finding myself,Challenger,384,67,,218,159
61,summoner-29645,62,PureBlood,Challenger,382,84,,239,205
62,summoner-1042870,63,ADC IN MMXVIII,Challenger,382,96,,219,192
63,summoner-1811981,64,Nero CIaudius,Challenger,380,55,,134,102
64,summoner-100168,65,Ázenth,Challenger,358,97,,261,227
65,summoner-93840,66,CHAU AMlGOS,Challenger,376,67,,173,153
66,summoner-61840,67,Phyro,Challenger,376,92,,139,112
67,summoner-7096236,68,Kiyro,Challenger,373,100,,196,159
68,summoner-56039,69,tilin,Challenger,369,83,,121,92
69,summoner-14143678,70,CA Krim,Challenger,365,62,,175,115
70,summoner-64238,71,BL Leonaidas,Challenger,358,68,,189,162
71,summoner-735988,72,Ayax UwU,Challenger,356,77,,265,197
72,summoner-4502116,73,TheMachiavellian,Challenger,355,130,,201,167
73,summoner-556257,74,Shales,Challenger,353,90,,183,147
74,summoner-2080155,75,Ankør,Challenger,345,88,,212,187
75,summoner-462989,76,sweetnsalty,Challenger,345,73,,194,178
76,summoner-25895,77,Walkarus,Challenger,342,85,,214,187
77,summoner-2152784,78,Xäyah Grey,Challenger,341,108,,324,300
78,summoner-522626,79,SantiagoJara,Challenger,339,75,,247,206
79,summoner-71247,80,el rowlio pa,Challenger,338,113,,401,383
80,summoner-5160616,81,FzF Skeeto,Challenger,337,111,,234,204
81,summoner-6443773,82,sNow is Back,Challenger,332,43,,92,43
82,summoner-4262259,83,chill and win,Challenger,331,85,,144,112
83,summoner-141417,84,Žentrix Senpai,Challenger,330,130,,272,239
84,summoner-853348,85,noghost,Challenger,329,88,,343,308
85,summoner-6445042,86,ˆoˆ,Challenger,329,73,,132,94
86,summoner-4934350,87,Ñya x Chan,Challenger,323,108,,319,287
87,summoner-68143,88,MakeUpUrMind,Challenger,323,98,,229,202
88,summoner-1434364,89,OFWGKTA,Challenger,321,110,,334,296
89,summoner-5271319,90,HangedMan,Challenger,320,67,,208,173
90,summoner-13840348,91,Pancake v2,Challenger,317,46,,88,58
91,summoner-2412423,92,Color,Challenger,315,102,,165,141
92,summoner-6490141,93,SiuRuFa,Challenger,311,87,,216,196
93,summoner-133461,94,SryNotSry,Challenger,310,76,,246,214
94,summoner-68279,95,Soul,Challenger,306,104,,193,155
95,summoner-1091844,96,BladeKoz,Challenger,304,105,,513,443
96,summoner-251037,97,Tichoundrius,Challenger,303,82,,98,70
97,summoner-43448,98,TobalCl,Challenger,302,117,,301,275
98,summoner-114867,99,Dhek,Challenger,321,114,,377,346
99,summoner-4962799,100,Høllow,Challenger,297,91,,309,228
100,summoner-109949,101,Letz,Challenger,297,78,,226,200
101,summoner-96707,102,MlDLANE HOKAGE,Challenger,296,70,,214,190
102,summoner-1725342,103,Shmebülock,Challenger,293,118,,339,314
103,summoner-176981,104,TTTTTTTTTTTTTT,Challenger,276,116,,308,286
104,summoner-1062113,105,łacoste,Challenger,289,122,,256,233
105,summoner-1381821,106,BIO ƒriendlyˇ,Challenger,287,81,,191,164
106,summoner-7302800,107,so sad,Challenger,286,158,,565,539
107,summoner-143854,108,A de sé,Challenger,285,102,,399,369
108,summoner-1621486,109,Vàsh,Challenger,284,106,,249,227
109,summoner-4171744,110,Cubbn,Challenger,284,60,,133,83
110,summoner-83935,111,UndeFack,Challenger,283,130,,145,115
111,summoner-182266,112,Bartoo,Challenger,280,65,,161,141
112,summoner-68545,113,Axelıncon,Challenger,260,84,,372,335
113,summoner-1082368,114,Kainé,Challenger,278,114,,395,350
114,summoner-490396,115,Ara Araˆ,Challenger,276,86,,163,144
115,summoner-8560132,116,Henrik Hansen,Challenger,274,58,,127,97
116,summoner-1464616,117,TheDarkCloud,Challenger,273,85,,215,189
117,summoner-12930776,118,ME ROBAN BARONx2,Challenger,272,145,,590,585
118,summoner-3140449,119,Que Pajita xD,Challenger,272,122,,394,368
119,summoner-305879,120,SkumbaGG nNymph,Challenger,272,59,,94,66
120,summoner-182669,121,Zackhal,Challenger,271,82,,149,90
121,summoner-723505,122,B Á W S,Challenger,265,56,,180,136
122,summoner-2983715,123,I Love my Ashley,Challenger,265,59,,123,87
123,summoner-143368,124,RageiT,Challenger,264,56,,124,96
124,summoner-77497,125,Dreary,Challenger,261,124,,320,299
125,summoner-425408,126,Jarankal,Challenger,259,90,,294,279
126,summoner-9592243,127,One Clone,Challenger,255,77,,139,112
127,summoner-241279,128,Az Sky,Challenger,253,86,,327,271
128,summoner-379939,129,Chërry Blossom,Challenger,252,174,,754,735
129,summoner-205441,130,Neylan,Challenger,249,67,,133,112
130,summoner-2633138,131,Snöw,Challenger,247,132,,449,428
131,summoner-1640210,132,Zeb3xy,Challenger,246,176,,734,731
132,summoner-51876,133,Shelterˆ,Challenger,246,67,,153,117
133,summoner-960743,134,N N ˇ,Challenger,244,94,,245,217
134,summoner-88974,135,Carnotaurus,Challenger,242,80,,223,199
135,summoner-1233394,136,Jøker,Challenger,240,120,,151,127
136,summoner-2221442,137,Stryderr,Challenger,257,109,,291,272
137,summoner-14120146,138,Rastastone,Challenger,237,43,,104,55
138,summoner-151555,139,NaOH,Challenger,234,134,,312,275
139,summoner-144472,140,wai not,Challenger,233,77,,191,164
140,summoner-209995,141,matusalem24,Challenger,228,89,,266,187
141,summoner-3871646,142,Focus al Soporte,Challenger,228,111,,232,199
142,summoner-191989,143,DecimeKbPapu,Challenger,227,82,,230,213
143,summoner-246413,144,ST OneShot,Challenger,226,86,,137,108
144,summoner-13932411,145,ñbgipuñugipuhip9,Challenger,222,54,,107,65
145,summoner-14630174,146,TA Naruto,Challenger,221,44,,97,63
146,summoner-910888,147,Stylê,Challenger,218,172,,661,641
147,summoner-81262,148,Diegunho,Challenger,218,94,,323,294
148,summoner-46382,149,Axlbg,Challenger,216,82,,133,106
149,summoner-6770456,150,I Take Blues,Challenger,215,74,,231,175
150,summoner-117002,151,Böyfriend,Challenger,215,75,,160,136
151,summoner-106290,152,Atraxa,Challenger,213,93,,252,235
152,summoner-11540922,153,Sneakymi,Challenger,213,45,,75,41
153,summoner-112367,154,kouzze,Challenger,212,93,,292,266
154,summoner-201925,155,KVF Swagcheco,Challenger,212,108,,242,210
155,summoner-96317,156,Felipekun uwu,Challenger,211,95,,199,168
156,summoner-1495447,157,FORTNITE PLAYER,Challenger,209,95,,188,169
157,summoner-116061,158,Månenform,Challenger,208,88,,187,157
158,summoner-143984,159,wowee,Challenger,208,61,,186,157
159,summoner-164356,160,Dsk,Challenger,203,140,,230,212
160,summoner-196840,161,Ärtyk1,Challenger,201,102,,212,193
161,summoner-4205480,162,Cuest1oN,Challenger,200,91,,272,256
162,summoner-1572237,163,012345678910,Challenger,200,94,,197,172
163,summoner-15740146,164,zeicro adc spam,Challenger,200,64,,111,81
164,summoner-3331818,165,METOR1,Challenger,198,95,,176,151
165,summoner-75781,166,Rabbit4Dinner,Challenger,198,108,,172,152
166,summoner-3991535,167,Cosmic Gank,Challenger,197,94,,229,161
167,summoner-68907,168,Mystery Shadow,Challenger,197,95,,181,154
168,summoner-14892568,169,Jishade,Challenger,195,73,,315,250
169,summoner-426166,170,BIO Faith,Challenger,194,127,,433,410
170,summoner-5610765,171,RektIoy,Challenger,192,105,,217,194
171,summoner-87207,172,FoN Mickey,Challenger,191,99,,251,225
172,summoner-101251,173,Juuzoü Suzuya,Challenger,189,122,,413,386
173,summoner-636854,174,Furtive Gank,Challenger,189,81,,304,276
174,summoner-212220,175,MAIN ADC S8,Challenger,189,110,,299,267
175,summoner-3665395,176,Prototipe1,Challenger,188,66,,224,153
176,summoner-883377,177,K Ü,Challenger,187,117,,313,286
177,summoner-81884,178,midplayer,Challenger,187,69,,112,90
178,summoner-188356,179,Fan de Millaray,Challenger,186,87,,155,135
179,summoner-4601058,180,Postinooo,Challenger,185,71,,172,143
180,summoner-2297096,181,M u ff a d i t o,Challenger,184,125,,428,402
181,summoner-7491191,182,Invocador 69,Challenger,183,99,,296,250
182,summoner-220156,183,xAnubisDarkx,Challenger,182,115,,226,207
183,summoner-93216,184,Ai lov yu,Challenger,180,101,,297,280
184,summoner-171141,185,Mødest Møuse,Challenger,175,90,,198,176
185,summoner-1763535,186,SUPER GRIDITO,Challenger,172,39,,57,28
186,summoner-211741,187,Thorden,Challenger,171,102,,197,168
187,summoner-148876,188,enbarao,Challenger,171,48,,95,67
188,summoner-484584,189,IAmGay,Challenger,170,66,,107,73
189,summoner-142583,190,No pasa nada,Challenger,169,89,,138,115
190,summoner-4821931,191,xMeDrogoConJugo,Challenger,168,125,,219,189
191,summoner-1414274,192,Fuƒu,Challenger,165,97,,283,264
192,summoner-22810,193,baltîca,Challenger,165,100,,227,216
193,summoner-85056,194,Xitech,Challenger,163,73,,238,215
194,summoner-10483523,195,pure talent,Challenger,163,67,,202,128
195,summoner-1802240,196,Sax1,Challenger,162,87,,239,223
196,summoner-212354,197,Fleyro,Challenger,159,97,,195,172
197,summoner-13854590,198,Mond,Challenger,169,52,,149,89
198,summoner-602146,199,ADC TIER 3 LUL,Challenger,112,61,,133,109
199,summoner-79675,200,Vlokz,Challenger,99,82,,317,294
200,summoner-1506612,201,sonyky,Master,230,43,,102,54
201,summoner-1094202,202,Thief of Relícs,Master,180,137,,439,422
202,summoner-82501,203,Henno,Master,173,89,,103,79
203,summoner-83267,204,Lárian,Master,170,109,,255,229
204,summoner-243415,205,MC Marín,Master,155,84,,162,143
205,summoner-2400929,206,KR0N1C,Master,150,82,,193,174
206,summoner-174063,207,You,Master,149,70,,121,100
207,summoner-7107829,208,Shiawase desü,Master,148,95,,178,150
208,summoner-296168,209,UCH SoulWingS,Master,148,65,,157,133
209,summoner-2920746,210,Naikuun,Master,147,99,,125,104
210,summoner-220718,211,Rei Ryghts,Master,139,140,,190,166
211,summoner-61587,212,full mute all,Master,129,165,,508,499
212,summoner-7108046,213,GianKios God,Master,129,157,,421,395
213,summoner-138069,214,pray for koughi,Master,129,110,,395,386
214,summoner-1460524,215,Sufukato,Master,126,103,,134,116
215,summoner-9892013,216,FAN DE RITO OwO,Master,125,148,,183,160
216,summoner-1542005,217,PWG Barbakhancer,Master,125,97,,168,144
217,summoner-38287,218,TREMENDO PLAYER,Master,121,74,,223,196
218,summoner-14120151,219,KLG ARREGLO,Master,120,42,,79,36
219,summoner-28945,220,l None l,Master,119,70,,128,92
220,summoner-14203259,221,Keyboard Enable,Master,115,68,,239,204
221,summoner-3060150,222,Agressiv,Master,114,137,,406,387
222,summoner-15002049,223,Alex Mercer 0,Master,114,48,,129,81
223,summoner-13751858,224,ComradeTinyOne,Master,114,45,,117,75
224,summoner-127563,225,Galixx,Master,112,95,,159,145
225,summoner-49427,226,lRoma,Master,107,58,,159,134
226,summoner-1036819,227,FzF Skiwii,Master,106,97,,174,149
227,summoner-121144,228,Like Azír,Master,105,74,,158,109
228,summoner-79042,229,Reuzal,Master,104,70,,147,127
229,summoner-318102,230,shileno,Master,104,72,,134,101
230,summoner-375641,231,ExalTeD ExalT,Master,101,85,,231,211
231,summoner-7773887,232,Feiquer Peruano,Master,100,71,,196,149
232,summoner-14120140,233,tuesday was good,Master,100,59,,73,39
233,summoner-14662086,234,WildWeedWizard,Master,99,64,,240,188
234,summoner-78095,235,internet player,Master,96,119,,489,461
235,summoner-1031700,236,Could be XyaaZ,Master,95,81,,400,310
236,summoner-133215,237,MacDoge,Master,88,95,,157,127
237,summoner-928452,238,Azh,Master,87,105,,179,162
238,summoner-10994354,239,Arí,Master,86,128,,209,182
239,summoner-3372406,240,El Señor Nutria,Master,85,149,,509,493
240,summoner-540259,241,Dificült,Master,79,84,,270,248
241,summoner-61540,242,PRISI0NER0,Master,79,71,,166,137
242,summoner-12850151,243,Clístenes,Master,79,92,,118,107
243,summoner-2900540,244,WGiardino,Master,75,129,,446,425
244,summoner-1341406,245,Hordeshyrder,Master,75,73,,124,98
245,summoner-390613,246,Heaven Starfish,Master,74,94,,177,159
246,summoner-78248,247,Slatër,Master,73,90,,121,102
247,summoner-76508,248,maxíx,Master,72,91,,82,55
248,summoner-153751,249,LeFede,Master,70,98,,247,232
249,summoner-3383177,250,Jhanxs,Master,70,136,,133,113
250,summoner-5390198,251,AlezZ B,Master,70,83,,129,111
251,summoner-26321,252,D4SSLER,Master,67,106,,328,329
252,summoner-1271905,253,El asaltante,Master,67,93,,176,153
253,summoner-240291,254,TA Hatake,Master,67,74,,132,111
254,summoner-15064565,255,xypherz v2,Master,66,49,,151,108
255,summoner-62511,256,Ouyou,Master,62,86,,257,235
256,summoner-208913,257,Cayupa,Master,59,92,,152,132
257,summoner-14194450,258,002ˇˇˇ,Master,57,41,,80,40
258,summoner-1080650,259,Metal Attack,Master,56,53,,179,125
259,summoner-53309,260,Solo Rija,Master,53,63,,164,147
260,summoner-293124,261,LightCoIors,Master,52,108,,131,110
261,summoner-1262370,262,ProokProok,Master,50,68,,108,102
262,summoner-910113,263,Shirö,Master,46,112,,335,331
263,summoner-24400,264,BIO atirador,Master,46,92,,234,217
264,summoner-82364,265,Shû Hari,Master,45,92,,158,133
265,summoner-415567,266,Dolores Delanoo,Master,45,66,,127,105
266,summoner-11490134,267,Teamo mitsuha,Master,43,152,,349,335
267,summoner-25348,268,lukasnegro,Master,43,70,,160,130
268,summoner-14130153,269,ISG Narnia,Master,42,79,,291,265
269,summoner-321369,270,EMPEROR Chemical,Master,42,93,,90,61
270,summoner-14110149,271,RBT Rod,Master,41,63,,182,127
271,summoner-3390138,272,rhOm,Master,40,63,,162,110
272,summoner-12050505,273,NkDiego,Master,40,66,,68,43
273,summoner-110218,274,Seong Wu,Master,38,72,,182,152
274,summoner-3132373,275,Mei Houwąng,Master,38,57,,135,96
275,summoner-2307568,276,RamaPan,Master,38,75,,133,106
276,summoner-50135,277,Evelynn Mid,Master,36,105,,376,368
277,summoner-7230223,278,Snáké,Master,34,132,,154,122
278,summoner-4514609,279,Derringer,Master,33,90,,210,192
279,summoner-198833,280,S3G Foster,Master,33,74,,81,53
280,summoner-41344,281,Mïthdrändïr,Master,32,121,,498,494
281,summoner-5243424,282,CatSempai,Master,31,74,,239,219
282,summoner-168824,283,ValHälen,Master,30,123,,340,316
283,summoner-14154181,284,Styon,Master,29,76,,196,137
284,summoner-147293,285,Meøwri,Master,26,93,,318,289
285,summoner-6564183,286,mitsheep95,Master,25,114,,395,383
286,summoner-7542422,287,ateoXD,Master,25,73,,161,131
287,summoner-152126,288,lust4life,Master,24,76,,125,103
288,summoner-309789,289,player of fun,Master,24,53,,113,79
289,summoner-401510,290,Kìng,Master,23,74,,102,82
290,summoner-70948,291,Lukenzo,Master,21,182,,471,443
291,summoner-25341,292,Fireflíes,Master,21,116,,243,221
292,summoner-821772,293,Queen Vayne,Master,20,113,,157,129
293,summoner-306156,294,Hiero de Virgo,Master,39,97,,128,111
294,summoner-14902639,295,Maürö,Master,19,50,,150,97
295,summoner-204289,296,Woohee,Master,18,89,,211,204
296,summoner-1279181,297,EMPEROR Rollins,Master,18,113,,172,113
297,summoner-283094,298,ScoupAXX,Master,18,101,,122,106
298,summoner-1759207,299,The Quickness,Master,17,77,,221,198
299,summoner-83165,300,Quiid,Master,17,97,,211,194
300,summoner-25977,301,Chofa,Master,17,59,,147,123
301,summoner-105931,302,Lindwurm,Master,17,109,,100,78
302,summoner-1493181,303,Sad gîrl,Master,16,136,,129,111
303,summoner-1541217,304,Not2Clean,Master,16,110,,123,102
304,summoner-1302545,305,Xelkho,Master,15,124,,227,206
305,summoner-26999,306,Nachomax,Master,15,75,,203,182
306,summoner-52333,307,NickoDarka,Master,15,72,,126,104
307,summoner-207180,308,King ÐüivéŁ,Master,12,119,,212,198
308,summoner-218903,309,Rayffen,Master,8,86,,260,241
309,summoner-76862,310,BILLY Y MANDY,Master,7,137,,216,200
310,summoner-3511618,311,Ikees,Master,5,43,,107,62
311,summoner-1482088,312,Yhon,Master,4,121,,348,326
312,summoner-15791480,313,Korean Spear,Master,1,52,,132,87
313,summoner-14830965,314,uribe,Master,0,82,,381,345
314,summoner-1155196,315,EvilTriGer,Master,0,105,,353,336
315,summoner-864722,316,Trueno Largo,Master,0,74,,302,232
316,summoner-7651436,317,Arto skin ameo,Master,0,123,,290,241
317,summoner-1461106,318,1Reve,Master,0,73,,249,205
318,summoner-45300,319,Careta,Master,0,82,,229,225
319,summoner-637059,320,Toomars,Master,0,97,,178,150
320,summoner-422141,321,Crówn,Master,0,81,,161,145
321,summoner-176483,322,Raftiel,Master,0,74,,132,115
322,summoner-13843633,323,buff rengar,Master,0,46,,129,80
323,summoner-840871,324,Prayers and Vows,Master,0,89,,126,107
324,summoner-926117,325,potzy,Master,0,65,,121,106
325,summoner-187776,326,og prodi,Master,0,54,,121,75
326,summoner-41601,327,Precep,Master,0,46,,87,71
327,summoner-109522,328,Rámpage,Master,0,124,,76,53
328,summoner-1054953,329,Enzo1,Master,0,66,,73,43
329,summoner-602287,330,xd nomas,Diamond 1,100,142,,641,621
330,summoner-4053236,331,xNegrø,Diamond 1,100,116,,426,397
331,summoner-217191,332,99263857,Diamond 1,100,116,,364,356
332,summoner-62852,333,2v8 xd,Diamond 1,100,130,,362,347
333,summoner-257678,334,kiike LA BESTIA,Diamond 1,100,88,,354,337
334,summoner-127283,335,Yo Soy Zorro 1,Diamond 1,100,172,,300,280
335,summoner-64311,336,Asahi Takiguchi,Diamond 1,100,107,,255,246
336,summoner-752153,337,Tomi Li Yau,Diamond 1,100,102,,245,212
337,summoner-132216,338,Reformed PIayer,Diamond 1,100,85,,235,223
338,summoner-48664,339,Cody,Diamond 1,100,104,,235,216
339,summoner-551845,340,Kezion,Diamond 1,100,103,,230,204
340,summoner-1241781,341,xTime,Diamond 1,100,97,,212,188
341,summoner-33171,342,DarkRitual,Diamond 1,100,107,,197,179
342,summoner-1729349,343,Lykar,Diamond 1,100,75,,163,155
343,summoner-1740572,344,IzænK,Diamond 1,100,89,,158,140
344,summoner-46930,345,Focho,Diamond 1,100,67,,124,107
345,summoner-46315,346,BádLife,Diamond 1,100,121,,113,86
346,summoner-206039,347,Alicë Gläss,Diamond 1,100,69,,109,90
347,summoner-1731315,348,Schwí,Diamond 1,100,74,,87,67
348,summoner-65297,349,ØКÃSOИ1997,Diamond 1,100,63,,81,57
349,summoner-46751,350,Kegg,Diamond 1,100,79,,66,41
350,summoner-11920475,351,Keixt,Diamond 1,100,44,,59,41
351,summoner-67974,352,1984g,Diamond 1,100,69,,43,24
352,summoner-520421,353,Sang,Diamond 1,98,77,,186,160
353,summoner-4874678,354,One Trick Viktor,Diamond 1,97,110,,263,242
354,summoner-13290137,355,Howling,Diamond 1,97,74,,147,125
355,summoner-92647,356,Sweet Kath,Diamond 1,96,102,,273,263
356,summoner-63592,357,ndeaaaaaaaa,Diamond 1,96,63,,133,110
357,summoner-1064661,358,Its Me FraGioRlz,Diamond 1,96,41,,59,36
358,summoner-165261,359,EI Terror De Las,Diamond 1,95,58,,93,67
359,summoner-5810424,360,Agent Blue,Diamond 1,93,81,,271,252
360,summoner-13170130,361,Snoopy2,Diamond 1,93,53,,140,120
361,summoner-33547,362,light fury,Diamond 1,93,61,,92,72
362,summoner-14120136,363,qVqVqVqVqVqVqV,Diamond 1,92,63,,187,131
363,summoner-56233,364,esmowing,Diamond 1,92,80,,110,103
364,summoner-2240164,365,CTHULHU KUN,Diamond 1,92,55,,91,69
365,summoner-128725,366,Azjalarafe,Diamond 1,91,114,,180,161
366,summoner-2912068,367,Lee Sin Manox,Diamond 1,90,99,,238,216
367,summoner-116462,368,rolE,Diamond 1,90,67,,214,188
368,summoner-14130146,369,259th,Diamond 1,90,67,,199,164
369,summoner-4750914,370,Sonnenlicht,Diamond 1,90,107,,188,127
370,summoner-11940393,371,Gerárd,Diamond 1,90,86,,165,125
371,summoner-94622,372,Pumpkin Duke,Diamond 1,90,54,,155,125
372,summoner-226255,373,Fonto,Diamond 1,90,75,,152,124
373,summoner-14120148,374,Haise Sasakî,Diamond 1,90,48,,149,88
374,summoner-212940,375,Suiikimon,Diamond 1,90,74,,131,103
375,summoner-14120142,376,1TRAFALGAR LAW,Diamond 1,90,47,,121,56
376,summoner-1081302,377,BY FÁR,Diamond 1,90,56,,117,98
377,summoner-77829,378,Sunblast,Diamond 1,90,60,,113,88
378,summoner-1777210,379,Tulz,Diamond 1,90,53,,111,65
379,summoner-37329,380,sad5466797567,Diamond 1,90,50,,110,89
380,summoner-14110138,381,Positioning 101,Diamond 1,90,66,,110,54
381,summoner-27443,382,ClatoS,Diamond 1,90,60,,99,82
382,summoner-65262,383,BGH forExe,Diamond 1,90,67,,78,63
383,summoner-14110139,384,Newbie Player,Diamond 1,90,65,,74,22
384,summoner-382232,385,NexorXk,Diamond 1,90,69,,60,40
385,summoner-14120150,386,Crîxus,Diamond 1,89,63,,212,187
386,summoner-29815,387,Paladín,Diamond 1,89,101,,175,155
387,summoner-156001,388,PeRseeO,Diamond 1,89,69,,104,76
388,summoner-14932128,389,YA FUE MAN FF,Diamond 1,89,56,,58,19
389,summoner-47992,390,Beemo,Diamond 1,88,118,,342,334
390,summoner-732186,391,Pácha,Diamond 1,88,97,,162,146
391,summoner-6830141,392,Helior,Diamond 1,87,38,,49,37
392,summoner-217150,393,Cosmodius,Diamond 1,85,75,,142,123
393,summoner-15610521,394,Mustélido,Diamond 1,83,46,,129,82
394,summoner-81732,395,47 Kalashnikov,Diamond 1,83,79,,90,63
395,summoner-14184424,396,feel owo,Diamond 1,83,42,,89,42
396,summoner-74230,397,LordFoxo,Diamond 1,82,107,,367,359
397,summoner-87997,398,Joelito S2,Diamond 1,82,79,,138,115
398,summoner-99484,399,Nïnja,Diamond 1,82,88,,132,108
399,summoner-170441,400,Leigrey,Diamond 1,82,67,,111,95
400,summoner-63599,401,Jalato Salvaje,Diamond 1,81,142,,587,555
401,summoner-1400188,402,Nortaa,Diamond 1,81,94,,176,157
402,summoner-299166,403,Galleta,Diamond 1,80,64,,124,105
403,summoner-3973592,404,Arfyss,Diamond 1,79,88,,199,186
404,summoner-12451843,405,VcN v2,Diamond 1,79,103,,195,165
405,summoner-751933,406,Lincoyán,Diamond 1,79,98,,103,79
406,summoner-164017,407,Patagónico,Diamond 1,75,131,,614,610
407,summoner-14110158,408,frost good kid,Diamond 1,75,78,,304,264
408,summoner-3143085,409,Chocolito a 100,Diamond 1,75,59,,237,203
409,summoner-168184,410,ZanganØ,Diamond 1,75,79,,230,209
410,summoner-213910,411,xSnowu,Diamond 1,75,109,,225,213
411,summoner-525841,412,TotoJr,Diamond 1,75,73,,206,163
412,summoner-299337,413,ByFalco,Diamond 1,75,81,,198,169
413,summoner-14884484,414,Nouveau Airs,Diamond 1,75,54,,181,119
414,summoner-228094,415,MigaN,Diamond 1,75,70,,178,155
415,summoner-51166,416,chewbacca4,Diamond 1,75,56,,170,134
416,summoner-143846,417,Pardoo,Diamond 1,75,105,,170,140
417,summoner-3530629,418,Defüssion,Diamond 1,75,86,,167,141
418,summoner-7301872,419,Maocarry,Diamond 1,75,55,,145,121
419,summoner-50585,420,Simon Petriköv,Diamond 1,75,56,,136,103
420,summoner-255561,421,Bjerg,Diamond 1,75,71,,136,93
421,summoner-14130137,422,DH Hayha,Diamond 1,75,58,,132,95
422,summoner-2571472,423,Amine Edge DANCE,Diamond 1,75,62,,127,81
423,summoner-22713,424,Mr Krippy,Diamond 1,75,70,,126,103
424,summoner-1480253,425,Perrø Bømba,Diamond 1,75,76,,125,106
425,summoner-221135,426,OdinXIII,Diamond 1,75,86,,123,109
426,summoner-3361130,427,Fury S2,Diamond 1,75,143,,119,96
427,summoner-75394,428,Shaddíx,Diamond 1,75,72,,119,93
428,summoner-4580118,429,Manteka2,Diamond 1,75,77,,111,73
429,summoner-32013,430,tyyyyyyyyyyyyyyy,Diamond 1,75,66,,109,83
430,summoner-801648,431,Skyren,Diamond 1,75,51,,106,83
431,summoner-257826,432,Severity,Diamond 1,75,63,,72,47
432,summoner-303359,433,TSM Razor,Diamond 1,75,39,,53,24
433,summoner-172784,434,NeuroN,Diamond 1,74,95,,457,437
434,summoner-178643,435,Salty Gun,Diamond 1,74,104,,228,203
435,summoner-762933,436,Dovahsama,Diamond 1,74,85,,116,104
436,summoner-874874,437,Xlr,Diamond 1,74,47,,90,65
437,summoner-7844169,438,rACKSTAR,Diamond 1,73,66,,170,150
438,summoner-7035353,439,felixorreo,Diamond 1,73,38,,51,35
439,summoner-12981351,440,Fozzie el oso,Diamond 1,72,79,,245,238
440,summoner-58050,441,tyuzkAA,Diamond 1,72,125,,155,121
441,summoner-7752774,442,Alan cio,Diamond 1,72,71,,139,120
442,summoner-27392,443,HippieCommander,Diamond 1,72,115,,76,55
443,summoner-303241,444,Levï,Diamond 1,71,118,,220,205
444,summoner-99448,445,RexonaMeAbandona,Diamond 1,71,61,,176,133
445,summoner-63321,446,Giiro,Diamond 1,71,85,,122,95
446,summoner-1423839,447,UnreformedRAT L9,Diamond 1,70,86,,353,326
447,summoner-13610392,448,Tirolokoo,Diamond 1,70,69,,209,190
448,summoner-1072457,449,Flauroz,Diamond 1,70,68,,79,63
449,summoner-197616,450,Darkeater Midir,Diamond 1,69,105,,338,325
450,summoner-766404,451,Pegaso2K,Diamond 1,69,84,,219,190
451,summoner-151636,452,unclecriss,Diamond 1,69,143,,171,156
452,summoner-1501092,453,OVG Midnight,Diamond 1,67,139,,306,294
453,summoner-185763,454,Kobbe,Diamond 1,67,81,,194,175
454,summoner-52584,455,PlE de Maracuyá,Diamond 1,66,78,,229,217
455,summoner-158812,456,Cuquecu,Diamond 1,66,99,,192,170
456,summoner-2190579,457,bunny bad kid,Diamond 1,66,106,,97,80
457,summoner-1558232,458,DEUSVULTDEUSVULT,Diamond 1,66,93,,76,59
458,summoner-1241278,459,a tired adc,Diamond 1,65,119,,247,228
459,summoner-735360,460,Jojola,Diamond 1,65,69,,178,162
460,summoner-12952365,461,Scyphionyx,Diamond 1,65,93,,118,99
461,summoner-14120144,462,time lapse,Diamond 1,65,44,,82,41
462,summoner-14110157,463,rbt greed,Diamond 1,65,43,,76,34
463,summoner-1135935,464,Índexx,Diamond 1,64,106,,377,371
464,summoner-752124,465,Maestre Tuppo,Diamond 1,64,62,,122,78
465,summoner-15452418,466,Hawk Eye Yi,Diamond 1,64,37,,58,13
466,summoner-112372,467,UCH Hefedes,Diamond 1,63,123,,325,317
467,summoner-11920467,468,Fade Gün,Diamond 1,63,85,,305,261
468,summoner-221844,469,PipaStone,Diamond 1,63,135,,221,207
469,summoner-5345389,470,Hansmetal,Diamond 1,63,102,,210,201
470,summoner-295010,471,Blazerck,Diamond 1,62,125,,424,408
471,summoner-4022703,472,MrStigma,Diamond 1,62,103,,354,342
472,summoner-1894532,473,EL TATA BASTIAN,Diamond 1,62,143,,285,257
473,summoner-29717,474,grafo,Diamond 1,62,56,,143,124
474,summoner-72425,475,GlockaFlockaFade,Diamond 1,62,66,,87,76
475,summoner-247695,476,asdasdzczcx,Diamond 1,61,67,,149,111
476,summoner-213618,477,heinnneken,Diamond 1,61,50,,72,57
477,summoner-1105443,478,Pagorex,Diamond 1,60,123,,371,356
478,summoner-1063509,479,Pulg0so,Diamond 1,60,119,,343,320
479,summoner-38828,480,tufixzk,Diamond 1,60,91,,302,293
480,summoner-171132,481,Metraxiz,Diamond 1,60,91,,255,251
481,summoner-529347,482,Kafka,Diamond 1,60,50,,120,98
482,summoner-55857,483,Nyvek,Diamond 1,60,92,,110,88
483,summoner-124550,484,Recret,Diamond 1,60,48,,92,76
484,summoner-4462383,485,Møs Def,Diamond 1,60,115,,84,66
485,summoner-2380587,486,EL SHEY M0NCH0,Diamond 1,59,83,,223,212
486,summoner-203495,487,No soy Guishe,Diamond 1,59,75,,185,136
487,summoner-102235,488,s3ra,Diamond 1,59,50,,44,18
488,summoner-1344259,489,N I C Ø W,Diamond 1,58,114,,127,111
489,summoner-251223,490,può vincere,Diamond 1,58,47,,44,24
490,summoner-40158,491,Bladewolf,Diamond 1,57,147,,479,459
491,summoner-526052,492,Voranar,Diamond 1,57,62,,143,134
492,summoner-189217,493,Pointless ßot,Diamond 1,57,119,,131,66
493,summoner-10509814,494,Nadeishmeis,Diamond 1,56,80,,243,220
494,summoner-79927,495,Satirosky,Diamond 1,56,72,,153,145
495,summoner-14120143,496,Dodo S2,Diamond 1,56,58,,119,46
496,summoner-12813681,497,nevr,Diamond 1,56,60,,105,83
497,summoner-39062,498,Nerf Noah,Diamond 1,55,81,,167,160
498,summoner-33513,499,Omnívoro,Diamond 1,55,71,,147,124
499,summoner-811836,500,iGeveze,Diamond 1,55,48,,105,89
500,summoner-138263,501,Next,Diamond 1,54,56,,138,110
501,summoner-204550,502,Dunkel,Diamond 1,54,64,,92,70
502,summoner-2232715,503,ZékkeN,Diamond 1,53,93,,266,258
503,summoner-63737,504,ÁzeR,Diamond 1,53,68,,186,170
504,summoner-8610725,505,Definitely,Diamond 1,53,100,,141,123
505,summoner-4770590,506,Menzhita,Diamond 1,53,95,,127,110
506,summoner-1252190,507,Cawboy,Diamond 1,53,100,,88,72
507,summoner-80896,508,FFC Franco,Diamond 1,52,110,,222,199
508,summoner-6032739,509,Dexiuz,Diamond 1,52,56,,162,124
509,summoner-10984339,510,Heiwajima Kasuka,Diamond 1,52,61,,155,143
510,summoner-628534,511,Lolmanda2,Diamond 1,52,61,,141,108
511,summoner-173448,512,Nipphu,Diamond 1,52,51,,61,39
512,summoner-4741112,513,ßenjamin,Diamond 1,51,134,,234,221
513,summoner-215650,514,Zealot1,Diamond 1,51,70,,234,221
514,summoner-175423,515,jdseba,Diamond 1,51,87,,35,18
515,summoner-1261645,516,Guerzo,Diamond 1,50,93,,332,325
516,summoner-1242018,517,Kiseˆ,Diamond 1,50,98,,317,312
517,summoner-26925,518,Dënver,Diamond 1,50,92,,297,294
518,summoner-1570971,519,Fakerˇ,Diamond 1,50,98,,234,209
519,summoner-382885,520,KR Matsuri,Diamond 1,50,96,,234,214
520,summoner-3534613,521,Khattolk,Diamond 1,50,93,,210,201
521,summoner-42498,522,Skaanz,Diamond 1,50,75,,199,184
522,summoner-1354203,523,miclovin,Diamond 1,50,105,,197,181
523,summoner-313033,524,MyCrew,Diamond 1,50,80,,174,157
524,summoner-207127,525,MyonMyonMyonMyon,Diamond 1,50,69,,170,152
525,summoner-1305539,526,mla,Diamond 1,50,105,,167,146
526,summoner-310359,527,daryl ˇˉˇ,Diamond 1,50,77,,156,126
527,summoner-571386,528,hyungˇˉˇ,Diamond 1,50,110,,155,131
528,summoner-372049,529,Heavyweight,Diamond 1,50,57,,120,105
529,summoner-537327,530,Phatokage,Diamond 1,50,79,,116,91
530,summoner-2261269,531,Behemov,Diamond 1,50,94,,109,87
531,summoner-533199,532,xAnubisDarkx2,Diamond 1,50,69,,105,86
532,summoner-240628,533,gomenˆnasai,Diamond 1,50,166,,104,72
533,summoner-1934429,534,Emisary Of Death,Diamond 1,50,65,,92,73
534,summoner-157936,535,Dwarfish M,Diamond 1,50,46,,66,56
535,summoner-14086351,536,Scripter btw,Diamond 1,50,74,,56,41
536,summoner-53475,537,ææææææ,Diamond 1,49,109,,290,275
537,summoner-29006,538,ZhoridZ,Diamond 1,49,97,,277,254
538,summoner-227103,539,ÆT Gorditomaster,Diamond 1,49,78,,241,221
539,summoner-5780137,540,Skins,Diamond 1,49,92,,237,235
540,summoner-4620158,541,FancyGoat,Diamond 1,49,59,,159,128
541,summoner-25880,542,Kryþtonian,Diamond 1,49,70,,128,109
542,summoner-253921,543,AMJ Yatroll,Diamond 1,49,91,,108,96
543,summoner-50759,544,K1tty Princess,Diamond 1,49,59,,52,30
544,summoner-9510200,545,Nani C Kore wa,Diamond 1,49,88,,50,34
545,summoner-110173,546,Rylve,Diamond 1,48,93,,135,119
546,summoner-1504090,547,BluePrime,Diamond 1,48,121,,106,87
547,summoner-13844451,548,Lil9ROOK,Diamond 1,48,49,,82,46
548,summoner-115635,549,OnlyTheTip,Diamond 1,47,122,,279,265
549,summoner-3771904,550,Gussy El Dios,Diamond 1,47,108,,170,139
550,summoner-32906,551,ChaiLordZ,Diamond 1,47,53,,69,50
551,summoner-1557721,552,davidfl,Diamond 1,46,70,,220,209
552,summoner-5421715,553,Fan De Scrappy,Diamond 1,46,60,,201,140
553,summoner-4564665,554,One Jump,Diamond 1,46,95,,102,75
554,summoner-7993045,555,Friedrich IV,Diamond 1,46,43,,93,50
555,summoner-560629,556,RATA TA TA,Diamond 1,44,102,,268,259
556,summoner-1490647,557,ExiledOfTwilight,Diamond 1,44,163,,227,176
557,summoner-897920,558,Cubik,Diamond 1,44,109,,173,134
558,summoner-166851,559,Mgleonty,Diamond 1,44,83,,120,91
559,summoner-135849,560,Aeizus,Diamond 1,44,68,,51,41
560,summoner-2651421,561,xamexxelpro,Diamond 1,43,68,,162,142
561,summoner-9862917,562,Ijo de ODIN,Diamond 1,43,49,,130,106
562,summoner-12041800,563,Lord Alambrito,Diamond 1,42,142,,386,383
563,summoner-161575,564,Ghosthit,Diamond 1,42,55,,89,73
564,summoner-9250427,565,Otsutsuky,Diamond 1,41,56,,105,80
565,summoner-742499,566,Nyxie,Diamond 1,40,121,,296,288
566,summoner-12051223,567,Hunter Smick,Diamond 1,39,76,,255,237
567,summoner-14650144,568,Skanitto,Diamond 1,39,64,,190,177
568,summoner-22764,569,Algnu,Diamond 1,38,118,,433,429
569,summoner-14903301,570,Aria da Capo,Diamond 1,21,73,,296,264
570,summoner-1252320,571,Yalung,Diamond 1,38,77,,131,118
571,summoner-212367,572,Rencøw,Diamond 1,37,157,,673,661
572,summoner-150900,573,Summoner,Diamond 1,37,118,,334,317
573,summoner-3732374,574,Mrrraggglhlhgh,Diamond 1,37,115,,308,296
574,summoner-82756,575,Lil Myers,Diamond 1,37,78,,104,79
575,summoner-14130141,576,FG Nobody,Diamond 1,37,40,,68,36
576,summoner-26596,577,Daddy koughi,Diamond 1,37,38,,51,34
577,summoner-12904332,578,ZS PerroBomba,Diamond 1,37,47,,45,34
578,summoner-1103047,579,someday soon,Diamond 1,36,63,,172,154
579,summoner-26899,580,4444441,Diamond 1,36,39,,56,27
580,summoner-4281346,581,Oóoóóoó,Diamond 1,35,85,,200,172
581,summoner-47360,582,Choqo,Diamond 1,35,59,,168,107
582,summoner-14110154,583,KimiRAI,Diamond 1,35,55,,125,96
583,summoner-7224490,584,Draknar,Diamond 1,34,175,,435,433
584,summoner-4671565,585,BrontoSkarner,Diamond 1,34,47,,119,68
585,summoner-710801,586,lllIlllIlllIlllI,Diamond 1,34,51,,103,93
586,summoner-932055,587,Fan de Hailee,Diamond 1,34,64,,99,86
587,summoner-182392,588,HitmanGG,Diamond 1,33,89,,245,229
588,summoner-1114435,589,VortexN,Diamond 1,33,95,,243,225
589,summoner-374337,590,BlUE lCE,Diamond 1,33,80,,156,144
590,summoner-2570443,591,onlymidmain,Diamond 1,33,78,,130,89
591,summoner-76129,592,Rÿn,Diamond 1,33,92,,124,107
592,summoner-128767,593,La Tengo Grande,Diamond 1,33,97,,109,98
593,summoner-6974007,594,Kick the Midlane,Diamond 1,33,53,,102,82
594,summoner-113443,595,DM ME IF EGIRL,Diamond 1,33,67,,99,82
595,summoner-190683,596,Maderíx,Diamond 1,33,60,,93,73
596,summoner-373737,597,lost in ur smile,Diamond 1,32,101,,296,291
597,summoner-6360322,598,so my bad,Diamond 1,32,92,,203,190
598,summoner-1945705,599,Akira Shý,Diamond 1,32,76,,127,113
599,summoner-107514,600,JAJAJAJAJAJAJAJ,Diamond 1,31,89,,272,224
600,summoner-148493,601,JPERLCH3,Diamond 1,31,65,,90,69
601,summoner-4303209,602,Keishao,Diamond 1,30,77,,184,153
602,summoner-12234633,603,Locurita XD,Diamond 1,30,74,,91,54
603,summoner-6350746,604,with your love,Diamond 1,30,130,,82,63
604,summoner-143032,605,ACONTR3H,Diamond 1,29,74,,117,100
605,summoner-112791,606,OVNI,Diamond 1,27,120,,227,208
606,summoner-220311,607,Slayerzx123,Diamond 1,27,107,,173,161
607,summoner-12702513,608,Admiral Kunkka,Diamond 1,27,44,,98,59
608,summoner-112661,609,Absence,Diamond 1,26,77,,133,120
609,summoner-45739,610,FonTyTy,Diamond 1,26,92,,120,88
610,summoner-23907,611,EmoPorEmilio,Diamond 1,25,117,,257,238
611,summoner-14650166,612,Fantasi,Diamond 1,25,70,,202,175
612,summoner-35890,613,Necko,Diamond 1,25,93,,199,183
613,summoner-98602,614,MemoKsW,Diamond 1,25,101,,178,161
614,summoner-5970580,615,Bot Elmer,Diamond 1,25,112,,151,136
615,summoner-137286,616,BL Nieve Negra,Diamond 1,25,71,,101,68
616,summoner-1751868,617,AMBUSH14231342,Diamond 1,25,54,,97,57
617,summoner-15500212,618,Fªntasi,Diamond 1,25,40,,80,39
618,summoner-182271,619,YoRHa Type A2,Diamond 1,25,77,,43,27
619,summoner-2831198,620,CordobesNotFound,Diamond 1,24,120,,268,250
620,summoner-7401964,621,3ternity,Diamond 1,24,60,,94,46
621,summoner-12220596,622,Jungle Peruvian,Diamond 1,23,116,,377,365
622,summoner-217033,623,RBT Burritox,Diamond 1,23,64,,101,87
623,summoner-12200292,624,Insäne,Diamond 1,23,125,,59,37
624,summoner-16172160,625,EVV Filopo,Diamond 1,23,33,,42,6
625,summoner-16172162,626,Sakai,Diamond 1,23,33,,42,6
626,summoner-118616,627,Workout,Diamond 1,22,100,,294,278
627,summoner-75128,628,Razky,Diamond 1,22,58,,215,179
628,summoner-371650,629,Netherworld,Diamond 1,22,73,,179,141
629,summoner-53835,630,k c,Diamond 1,22,71,,175,147
630,summoner-4853672,631,Pixys,Diamond 1,22,70,,130,108
631,summoner-80063,632,Oni Sama,Diamond 1,22,71,,100,95
632,summoner-45291,633,PorotoLolero,Diamond 1,22,42,,49,26
633,summoner-3814759,634,CroshFire,Diamond 1,21,171,,628,614
634,summoner-13903836,635,Incoming Rage,Diamond 1,21,114,,369,400
635,summoner-60025,636,ARC Tomate,Diamond 1,21,95,,213,198
636,summoner-4300422,637,Kirenkill,Diamond 1,21,74,,179,159
637,summoner-43818,638,TA Comander,Diamond 1,21,47,,89,74
638,summoner-3991412,639,Wisefang,Diamond 1,20,84,,218,199
639,summoner-1495720,640,Loli LUX,Diamond 1,20,104,,206,196
640,summoner-43354,641,Agwozh,Diamond 1,20,85,,94,75
641,summoner-9920154,642,OnlyBruiserJanna,Diamond 1,19,87,,270,221
642,summoner-310373,643,Vanníty,Diamond 1,19,78,,177,168
643,summoner-1066367,644,Level2Cheesecake,Diamond 1,19,62,,154,145
644,summoner-302344,645,TóxicoPLS,Diamond 1,19,98,,73,56
645,summoner-198329,646,Sophrosyne,Diamond 1,18,109,,185,169
646,summoner-432780,647,muito,Diamond 1,18,82,,163,160
647,summoner-10280137,648,MadnessButt,Diamond 1,18,51,,126,89
648,summoner-201653,649,Fighter Slayer,Diamond 1,18,66,,97,83
649,summoner-49302,650,Navarret,Diamond 1,18,103,,66,57
650,summoner-1975555,651,UT Peep,Diamond 1,17,146,,311,275
651,summoner-4452901,652,Sr Heladitö,Diamond 1,17,118,,299,273
652,summoner-9986100,653,Niges,Diamond 1,17,104,,285,270
653,summoner-13791668,654,Streamer,Diamond 1,17,67,,259,218
654,summoner-64510,655,DrakoZelda2,Diamond 1,17,72,,194,145
655,summoner-14130136,656,DH Rice,Diamond 1,17,55,,128,115
656,summoner-1036527,657,RAAAAAAAAAAAAAIN,Diamond 1,16,76,,263,257
657,summoner-490519,658,RetiredGod,Diamond 1,16,73,,182,173
658,summoner-12041937,659,Pr0mesasKeep,Diamond 1,16,62,,138,114
659,summoner-911178,660,RtBox,Diamond 1,15,87,,232,212
660,summoner-1945632,661,AllbaK,Diamond 1,15,52,,142,88
661,summoner-1912806,662,Corona,Diamond 1,15,67,,91,80
662,summoner-1896899,663,xShadow10,Diamond 1,14,132,,162,131
663,summoner-114879,664,Sn3x,Diamond 1,13,43,,65,60
664,summoner-1641437,665,F23,Diamond 1,12,90,,163,150
665,summoner-208214,666,Tipazo,Diamond 1,11,49,,66,49
666,summoner-6654310,667,lush0sky,Diamond 1,10,96,,116,90
667,summoner-302227,668,Dukie,Diamond 1,10,75,,91,86
668,summoner-129953,669,Meguita,Diamond 1,10,41,,32,19
669,summoner-520647,670,Kino,Diamond 1,9,70,,184,168
670,summoner-104067,671,Nottingham Lace,Diamond 1,9,50,,60,39
671,summoner-5044735,672,DAWNDEMON,Diamond 1,8,65,,186,165
672,summoner-14180902,673,d4blonair,Diamond 1,7,55,,165,121
673,summoner-1351102,674,Peluca,Diamond 1,7,111,,102,68
674,summoner-1052405,675,terbaik1,Diamond 1,6,85,,227,215
675,summoner-205833,676,Copo Snow,Diamond 1,6,117,,164,142
676,summoner-71664,677,MonjeFunky,Diamond 1,5,82,,158,146
677,summoner-39071,678,Teppei,Diamond 1,4,124,,578,579
678,summoner-2930172,679,Vuestro Tirador,Diamond 1,4,82,,188,161
679,summoner-191519,680,Kantus Lion,Diamond 1,3,76,,156,133
680,summoner-43381,681,1DBaby,Diamond 1,3,114,,132,115
681,summoner-940261,682,ZegtioN,Diamond 1,3,76,,125,118
682,summoner-8764731,683,Aliciæ Neko Chan,Diamond 1,3,98,,123,84
683,summoner-390753,684,TNO Start,Diamond 1,3,87,,95,81
684,summoner-3843676,685,Aeón Sama,Diamond 1,1,104,,275,256
685,summoner-32698,686,Guante,Diamond 1,1,117,,251,243
686,summoner-169457,687,batxD,Diamond 1,0,128,,680,632
687,summoner-1462695,688,Tad,Diamond 1,0,141,,495,505
688,summoner-39785,689,Míshu,Diamond 1,0,123,,453,437
689,summoner-1422251,690,Fosbak,Diamond 1,0,124,,429,396
690,summoner-117582,691,Malcom Brest,Diamond 1,0,101,,410,358
691,summoner-38965,692,Leo Ponzio,Diamond 1,0,98,,408,400
692,summoner-3980755,693,Conejito Triste,Diamond 1,0,142,,366,339
693,summoner-12210372,694,Firstsenbon,Diamond 1,0,147,,363,335
694,summoner-42820,695,InugamiSama,Diamond 1,0,107,,337,324
695,summoner-71345,696,Strickzito,Diamond 1,0,108,,327,323
696,summoner-5351066,697,Sholwan Joestar,Diamond 1,0,139,,277,258
697,summoner-7590379,698,Uxïe,Diamond 1,0,99,,271,271
698,summoner-4400820,699,ATR pibe Argento,Diamond 1,0,109,,262,238
699,summoner-12151685,700,Fenha Rawy,Diamond 1,0,86,,253,241
700,summoner-861558,701,JhonyKey,Diamond 1,0,110,,249,246
701,summoner-168550,702,Gastruks,Diamond 1,0,76,,248,244
702,summoner-1132526,703,KING OF THE GANG,Diamond 1,0,161,,232,200
703,summoner-300900,704,Desvirgensen GG,Diamond 1,0,71,,229,215
704,summoner-4380877,705,Zevirah,Diamond 1,0,86,,218,199
705,summoner-109041,706,Kayse,Diamond 1,0,75,,213,200
706,summoner-245064,707,Queri is Back,Diamond 1,0,86,,212,207
707,summoner-37529,708,El Morro García,Diamond 1,0,83,,205,196
708,summoner-134816,709,ENNDO,Diamond 1,0,68,,198,178
709,summoner-15812027,710,Owen is back,Diamond 1,0,54,,193,164
710,summoner-542087,711,Impeesa,Diamond 1,0,94,,191,167
711,summoner-187359,712,Nutcracko,Diamond 1,0,92,,189,166
712,summoner-1164053,713,Calamidadl,Diamond 1,0,116,,181,172
713,summoner-80244,714,DreamOe,Diamond 1,0,70,,181,120
714,summoner-124010,715,Peppee,Diamond 1,0,80,,180,162
715,summoner-11221826,716,awa en el UwU,Diamond 1,0,152,,171,156
716,summoner-1040646,717,SoCaToa,Diamond 1,0,99,,169,143
717,summoner-864271,718,GOD CesarBaeza,Diamond 1,0,60,,168,150
718,summoner-1485977,719,SiriusDeCanMayor,Diamond 1,0,76,,168,151
719,summoner-22552,720,Chapannya,Diamond 1,0,77,,158,144
720,summoner-257636,721,iRayleigh,Diamond 1,0,76,,155,134
721,summoner-5390228,722,Tamare,Diamond 1,0,66,,154,136
722,summoner-88804,723,LA COBRA,Diamond 1,0,72,,152,145
723,summoner-12200629,724,The Búho,Diamond 1,0,94,,149,141
724,summoner-39973,725,Blerin,Diamond 1,0,84,,148,134
725,summoner-93639,726,Mistic Cba,Diamond 1,0,83,,147,134
726,summoner-834086,727,Skrillex22,Diamond 1,0,86,,146,127
727,summoner-11930175,728,Lukitya OG,Diamond 1,0,71,,145,82
728,summoner-310981,729,Juandix,Diamond 1,0,69,,140,123
729,summoner-13572044,730,Queens Gamer,Diamond 1,0,83,,135,115
730,summoner-1478821,731,Zhavïaˇ,Diamond 1,0,75,,135,124
731,summoner-481124,732,cry to sleep,Diamond 1,0,113,,135,118
732,summoner-11780134,733,ONLY GYAM PLS,Diamond 1,0,49,,135,85
733,summoner-1278251,734,Indra Bhavałan,Diamond 1,0,57,,119,34
734,summoner-14924604,735,LasTrash,Diamond 1,19,46,,119,70
735,summoner-73331,736,20072003,Diamond 1,0,113,,115,97
736,summoner-171121,737,Cäos,Diamond 1,0,72,,110,107
737,summoner-140788,738,PastelDeChoclo,Diamond 1,0,66,,109,82
738,summoner-93699,739,ricosuaveyatusae,Diamond 1,0,104,,105,99
739,summoner-156929,740,Chwal,Diamond 1,0,94,,103,103
740,summoner-4605964,741,Vicho mata Jiles,Diamond 1,0,94,,103,80
741,summoner-14120141,742,RBT Bob,Diamond 1,0,57,,103,78
742,summoner-9894364,743,Not Frandaero,Diamond 1,0,55,,100,68
743,summoner-4148630,744,xLockios,Diamond 1,0,62,,99,71
744,summoner-299601,745,Sum 41,Diamond 1,0,64,,98,94
745,summoner-3822417,746,qWest,Diamond 1,0,87,,96,90
746,summoner-1003667,747,DkA Darkito,Diamond 1,0,114,,91,74
747,summoner-726351,748,CocaineNight,Diamond 1,0,73,,90,71
748,summoner-76644,749,Leofull,Diamond 1,0,58,,86,62
749,summoner-417125,750,thiedz2,Diamond 1,0,48,,86,60
750,summoner-159639,751,carrying limp,Diamond 1,0,90,,84,74
751,summoner-1806294,752,Mogölica,Diamond 1,0,67,,82,69
752,summoner-94213,753,AsuciTo,Diamond 1,0,99,,77,59
753,summoner-16022445,754,Fck this World,Diamond 1,0,41,,72,33
754,summoner-136260,755,SoadMaster98,Diamond 1,0,46,,72,54
755,summoner-9380130,756,IronBurners,Diamond 1,0,93,,69,57
756,summoner-13814673,757,ITHimea,Diamond 1,0,63,,64,60
757,summoner-235393,758,Migita de Pan,Diamond 1,0,47,,61,44
758,summoner-304369,759,2FckingCLEAN,Diamond 1,0,109,,60,43
759,summoner-5512892,760,TØXIC RIVEN,Diamond 1,0,84,,40,19
760,summoner-4618529,761,Sperks,Diamond 2,100,143,,448,427
761,summoner-50344,762,Upi Cat,Diamond 2,100,98,,275,247
762,summoner-7790606,763,Con CHOCOLATE,Diamond 2,100,104,,268,273
763,summoner-164246,764,Daft,Diamond 2,100,116,,263,244
764,summoner-14451557,765,luqixen v2,Diamond 2,100,70,,256,209
765,summoner-1965130,766,Kundo,Diamond 2,100,106,,248,222
766,summoner-13890288,767,Fear on Bush,Diamond 2,100,65,,217,163
767,summoner-10711292,768,Bäster,Diamond 2,100,59,,181,132
768,summoner-217586,769,0drep,Diamond 2,100,91,,158,127
769,summoner-7003809,770,Zero Twö,Diamond 2,100,90,,149,144
770,summoner-1423674,771,Maxij00,Diamond 2,100,80,,131,89
771,summoner-12905076,772,FaryaAndWoIyo,Diamond 2,100,62,,125,73
772,summoner-7260396,773,Dixion,Diamond 2,100,120,,109,77
773,summoner-2287883,774,RaiseINyxJ,Diamond 2,100,58,,91,64
774,summoner-2298770,775,Cute Yasuo,Diamond 2,100,131,,78,53
775,summoner-912043,776,Copihue Marchito,Diamond 2,99,103,,219,207
776,summoner-294939,777,Remotion,Diamond 2,79,73,,107,85
777,summoner-14130135,778,DH Gefahr,Diamond 2,98,38,,49,26
778,summoner-421304,779,ÐieGod,Diamond 2,95,98,,278,262
779,summoner-386291,780,Rakanishü,Diamond 2,95,64,,68,54
780,summoner-67297,781,MrHamburguesa,Diamond 2,95,78,,40,27
781,summoner-1946108,782,Short Joke,Diamond 2,94,90,,271,248
782,summoner-5072947,783,Syuchan,Diamond 2,94,84,,229,215
783,summoner-206966,784,Retrix,Diamond 2,94,71,,186,175
784,summoner-297285,785,Luvo Luvito,Diamond 2,94,56,,148,134
785,summoner-12031964,786,PenduIum,Diamond 2,94,47,,65,51
786,summoner-429447,787,Selva24siete,Diamond 2,93,53,,120,105
787,summoner-61478,788,Zverëv,Diamond 2,92,66,,163,147
788,summoner-66497,789,PIT0HUI,Diamond 2,92,103,,154,139
789,summoner-2991063,790,rokka,Diamond 2,91,130,,429,427
790,summoner-79527,791,Arroz,Diamond 2,91,64,,118,109
791,summoner-657140,792,GonzaloooxD,Diamond 2,91,63,,76,55
792,summoner-27910,793,N4tsu Dr4agneel,Diamond 2,91,64,,73,50
793,summoner-6041508,794,TrustMe ADC,Diamond 2,90,53,,160,108
794,summoner-4024395,795,Briandy,Diamond 2,90,104,,150,139
795,summoner-2924079,796,Makeart reformed,Diamond 2,88,72,,146,120
796,summoner-240624,797,Tankeniken,Diamond 2,87,98,,171,140
797,summoner-3460229,798,Semper Idem,Diamond 2,87,66,,121,100
798,summoner-1077703,799,NCX Loky,Diamond 2,86,99,,324,315
799,summoner-1180883,800,Andres1,Diamond 2,86,58,,163,104
800,summoner-3311988,801,Wanchope Ramos,Diamond 2,85,93,,215,214
801,summoner-1280390,802,WorstBardLAS,Diamond 2,84,69,,230,199
802,summoner-204523,803,Macky,Diamond 2,100,104,,220,202
803,summoner-4493801,804,PoneOtro,Diamond 2,84,69,,126,95
804,summoner-690270,805,the end is near,Diamond 2,84,42,,54,41
805,summoner-79687,806,Ex Semi Pro,Diamond 2,83,94,,199,193
806,summoner-6740476,807,Santiago do Rego,Diamond 2,83,136,,162,143
807,summoner-24405,808,Hanu,Diamond 2,83,102,,120,108
808,summoner-68700,809,nêo,Diamond 2,83,55,,115,107
809,summoner-5610161,810,King Kong I,Diamond 2,83,48,,103,81
810,summoner-2361583,811,123xdlul,Diamond 2,83,55,,99,86
811,summoner-36325,812,raidenFTW,Diamond 2,82,118,,173,132
812,summoner-1577980,813,Churman,Diamond 2,82,145,,163,148
813,summoner-22509,814,KadrieN,Diamond 2,81,164,,625,611
814,summoner-56038,815,meiser,Diamond 2,81,75,,111,101
815,summoner-1555402,816,Titardo,Diamond 2,78,142,,419,407
816,summoner-1611820,817,èXs,Diamond 2,78,52,,97,88
817,summoner-1510147,818,SurgiçaL,Diamond 2,77,55,,87,80
818,summoner-4003528,819,Like a Stone,Diamond 2,76,79,,62,50
819,summoner-1370716,820,Xayahrines,Diamond 2,93,147,,507,480
820,summoner-8060155,821,YasuCOCO,Diamond 2,75,121,,397,401
821,summoner-1735054,822,TheDeserterYang,Diamond 2,75,113,,294,285
822,summoner-1163012,823,BNH JoseeDx,Diamond 2,75,84,,239,221
823,summoner-12050605,824,Voltedge,Diamond 2,75,102,,237,232
824,summoner-5074241,825,Fersito,Diamond 2,75,102,,233,193
825,summoner-1473680,826,Benjì,Diamond 2,75,93,,232,228
826,summoner-9947337,827,Nashejkz,Diamond 2,75,95,,224,214
827,summoner-171780,828,Maürice,Diamond 2,75,95,,222,221
828,summoner-91963,829,ForniteIsBetter,Diamond 2,75,72,,213,206
829,summoner-98783,830,deratero,Diamond 2,75,90,,204,162
830,summoner-58984,831,HKs Totoreto,Diamond 2,75,67,,194,177
831,summoner-100093,832,Bayus,Diamond 2,75,67,,194,176
832,summoner-14130154,833,trueno corto,Diamond 2,75,65,,194,170
833,summoner-2308808,834,NároK,Diamond 2,75,90,,190,169
834,summoner-14120137,835,ISG Fear,Diamond 2,75,63,,186,114
835,summoner-35022,836,MjL,Diamond 2,75,66,,181,172
836,summoner-248676,837,Cuturrufo,Diamond 2,75,72,,174,170
837,summoner-253897,838,Spotted,Diamond 2,75,92,,156,136
838,summoner-14097813,839,aoFF,Diamond 2,75,66,,152,105
839,summoner-6453121,840,Naabsito,Diamond 2,75,62,,145,97
840,summoner-6752477,841,mAkálister,Diamond 2,75,108,,144,134
841,summoner-60495,842,Mozilla Firefox,Diamond 2,75,74,,143,129
842,summoner-7572255,843,Nevergreen,Diamond 2,75,62,,138,135
843,summoner-1882984,844,PepitøPagaX2,Diamond 2,75,69,,137,125
844,summoner-14120155,845,cIs player 2026,Diamond 2,75,55,,134,101
845,summoner-897032,846,Pacif Li Yau,Diamond 2,75,82,,131,104
846,summoner-6830823,847,3ya,Diamond 2,75,51,,129,102
847,summoner-14650151,848,Zeift,Diamond 2,75,54,,127,120
848,summoner-1472963,849,washochico,Diamond 2,75,51,,126,115
849,summoner-14171676,850,KKKKKKKKKKKKKKK1,Diamond 2,75,47,,116,67
850,summoner-108275,851,Juanita Viale,Diamond 2,75,63,,115,106
851,summoner-167145,852,DarkMittor,Diamond 2,75,61,,92,68
852,summoner-1600402,853,littlegod,Diamond 2,75,95,,91,85
853,summoner-1131916,854,AZ Tiger,Diamond 2,75,70,,89,69
854,summoner-116204,855,Kashiiix,Diamond 2,75,54,,86,63
855,summoner-13010323,856,N i c o m a n d0,Diamond 2,75,47,,81,60
856,summoner-840963,857,Escibalo,Diamond 2,75,96,,73,66
857,summoner-730858,858,tuiter,Diamond 2,75,50,,54,38
858,summoner-11162135,859,xBlastZ,Diamond 2,74,74,,203,187
859,summoner-1224251,860,EnzoxxD,Diamond 2,73,92,,274,269
860,summoner-211516,861,Master YEET,Diamond 2,73,117,,123,97
861,summoner-823305,862,Cristolink,Diamond 2,72,82,,210,206
862,summoner-280932,863,Senstus,Diamond 2,72,92,,77,61
863,summoner-423109,864,kakashi xP,Diamond 2,71,89,,230,183
864,summoner-538041,865,xEstarossa,Diamond 2,71,65,,185,177
865,summoner-1120626,866,StupidLoveStory,Diamond 2,71,78,,96,84
866,summoner-213274,867,ESPARTA41,Diamond 2,71,69,,79,65
867,summoner-1066221,868,Lorakev,Diamond 2,71,80,,58,38
868,summoner-1485192,869,Dark Kite,Diamond 2,70,79,,148,132
869,summoner-46649,870,0nli,Diamond 2,70,58,,126,109
870,summoner-1910683,871,PERNITAS KILLER,Diamond 2,70,95,,86,73
871,summoner-123488,872,NicoNoico,Diamond 2,69,111,,248,228
872,summoner-414308,873,ReLife,Diamond 2,69,90,,152,131
873,summoner-1031416,874,Try again later,Diamond 2,69,118,,84,74
874,summoner-1132021,875,Bot Susu,Diamond 2,68,91,,160,148
875,summoner-138718,876,Nachota5,Diamond 2,67,74,,155,149
876,summoner-291378,877,El Sir Uja,Diamond 2,67,85,,125,99
877,summoner-22395,878,Sarodag,Diamond 2,66,101,,133,117
878,summoner-6124829,879,WalSlipk,Diamond 2,50,68,,103,91
879,summoner-2296964,880,HMago De OzH,Diamond 2,65,123,,506,483
880,summoner-411624,881,Vengeful Dome,Diamond 2,65,77,,158,142
881,summoner-212702,882,LA COPA DE GRASA,Diamond 2,65,62,,70,55
882,summoner-485978,883,Ujän,Diamond 2,64,119,,478,475
883,summoner-1083467,884,Ocaliehpo,Diamond 2,64,102,,249,247
884,summoner-1461299,885,rawr nya uwu grr,Diamond 2,64,118,,165,143
885,summoner-73494,886,TasteOrange,Diamond 2,64,70,,162,132
886,summoner-650230,887,Pablillo,Diamond 2,64,97,,121,106
887,summoner-8692278,888,TUTI DIOS,Diamond 2,64,239,,118,64
888,summoner-59945,889,Nestor menta,Diamond 2,64,89,,92,78
889,summoner-89930,890,Hoosick,Diamond 2,63,131,,462,457
890,summoner-63257,891,DanixCabe,Diamond 2,63,74,,148,151
891,summoner-389909,892,LNL Articuno,Diamond 2,63,77,,140,126
892,summoner-163972,893,djseba,Diamond 2,63,54,,91,80
893,summoner-165815,894,I love Baykon,Diamond 2,62,46,,57,44
894,summoner-131257,895,Demura,Diamond 2,62,44,,44,30
895,summoner-188016,896,QKel,Diamond 2,61,141,,533,516
896,summoner-377391,897,L9 Jo Pinturillo,Diamond 2,61,94,,179,166
897,summoner-1016947,898,Señor Førtune,Diamond 2,60,120,,296,280
898,summoner-104307,899,IceQ,Diamond 2,60,106,,220,198
899,summoner-1342879,900,Blazth,Diamond 2,60,96,,167,150
900,summoner-895545,901,CBR Zavitar,Diamond 2,60,91,,117,103
901,summoner-193832,902,Thünder,Diamond 2,60,53,,93,87
902,summoner-4160848,903,Deussmaug5,Diamond 2,60,73,,88,78
903,summoner-9984477,904,ElHijo7,Diamond 2,59,115,,299,273
904,summoner-95759,905,Ezcanor,Diamond 2,59,67,,105,90
905,summoner-67690,906,Nyppa,Diamond 2,59,64,,91,77
906,summoner-232815,907,koughi,Diamond 2,58,90,,230,234
907,summoner-42280,908,koré,Diamond 2,58,79,,183,162
908,summoner-142190,909,Crossboow,Diamond 2,58,88,,150,140
909,summoner-1235406,910,Li Grim,Diamond 2,57,106,,234,232
910,summoner-52399,911,Sad Nibba Hours,Diamond 2,57,88,,146,128
911,summoner-12784993,912,Tóxic Ad Carry,Diamond 2,57,57,,132,113
912,summoner-4590757,913,BrunoBY,Diamond 2,56,92,,285,272
913,summoner-480170,914,Colin1,Diamond 2,56,101,,216,211
914,summoner-111591,915,regency reload,Diamond 2,56,95,,197,182
915,summoner-40607,916,192cm support,Diamond 2,56,57,,103,95
916,summoner-1242005,917,ileu07,Diamond 2,56,96,,101,93
917,summoner-11352642,918,Bigfoot AD Carry,Diamond 2,55,75,,274,255
918,summoner-13430372,919,the leaf my soul,Diamond 2,55,71,,169,122
919,summoner-52203,920,Mael Gayaud,Diamond 2,55,73,,131,132
920,summoner-314114,921,CHINO MORENO,Diamond 2,55,56,,131,100
921,summoner-581577,922,TheMasier,Diamond 2,55,126,,123,101
922,summoner-11090136,923,Kuzo,Diamond 2,55,62,,68,49
923,summoner-146561,924,Advanzeeee,Diamond 2,55,49,,61,54
924,summoner-751587,925,Purplë Feather,Diamond 2,54,112,,395,370
925,summoner-44114,926,Anaru,Diamond 2,54,87,,157,140
926,summoner-148317,927,LegendarioCastor,Diamond 2,54,103,,151,138
927,summoner-3812130,928,el tio francoco,Diamond 2,54,89,,140,130
928,summoner-3935623,929,Dylå,Diamond 2,54,62,,108,88
929,summoner-3994782,930,PK MaCry,Diamond 2,54,38,,47,29
930,summoner-260017,931,Tüi,Diamond 2,53,80,,152,125
931,summoner-618212,932,Chota Face,Diamond 2,53,105,,126,119
932,summoner-71613,933,T Dog,Diamond 2,53,71,,64,36
933,summoner-1549856,934,Sangría Wine,Diamond 2,53,84,,54,48
934,summoner-800243,935,Groovy Bear,Diamond 2,53,54,,51,36
935,summoner-36536,936,Randih,Diamond 2,52,80,,201,187
936,summoner-99148,937,FraudeAlFisco,Diamond 2,51,64,,80,65
937,summoner-659384,938,Nutria Mimosa,Diamond 2,50,93,,262,235
938,summoner-218709,939,asesinopa,Diamond 2,50,83,,197,183
939,summoner-5350670,940,LittIe ROODRA,Diamond 2,50,60,,68,51
940,summoner-22185,941,VAYNE IS IZI,Diamond 2,50,48,,60,43
941,summoner-48600,942,IKetchup,Diamond 2,49,114,,339,326
942,summoner-1552625,943,NiarfeNelehCyan,Diamond 2,49,87,,186,183
943,summoner-5454488,944,Someonely,Diamond 2,49,82,,101,83
944,summoner-39318,945,SOUŁ,Diamond 2,49,86,,81,63
945,summoner-1494810,946,Karcâss,Diamond 2,48,93,,180,167
946,summoner-77436,947,Edenzin,Diamond 2,48,75,,79,54
947,summoner-626866,948,AxelBrody,Diamond 2,47,83,,140,118
948,summoner-12210145,949,9  Raul Ruidiaz,Diamond 2,46,65,,153,135
949,summoner-124626,950,44 Tute,Diamond 2,45,111,,280,267
950,summoner-483622,951,Reverie,Diamond 2,45,87,,135,103
951,summoner-1820230,952,PokerJM,Diamond 2,45,81,,106,92
952,summoner-40743,953,Royha,Diamond 2,44,112,,344,335
953,summoner-257125,954,baby koughi,Diamond 2,44,104,,323,334
954,summoner-961927,955,Steiner Recliner,Diamond 2,44,68,,158,153
955,summoner-247086,956,DAMN ITS ANIBAL,Diamond 2,44,79,,59,46
956,summoner-68003,957,Juego top uwu,Diamond 2,43,62,,91,62
957,summoner-170034,958,WAAAANDiX,Diamond 2,43,38,,53,30
958,summoner-1914717,959,Itsuka,Diamond 2,42,96,,318,316
959,summoner-618851,960,El Capitan Beto,Diamond 2,42,92,,270,273
960,summoner-3733311,961,THN Hatziven,Diamond 2,42,98,,186,174
961,summoner-6343581,962,Lil Mitsu,Diamond 2,42,131,,120,111
962,summoner-1151949,963,Alejandro Soto,Diamond 2,41,88,,53,38
963,summoner-158912,964,Nujabës,Diamond 2,40,95,,263,262
964,summoner-3111245,965,ÆT Aweodinho,Diamond 2,40,111,,249,229
965,summoner-44470,966,Tia May,Diamond 2,40,80,,220,209
966,summoner-93444,967,Panda1,Diamond 2,40,89,,196,181
967,summoner-6333529,968,Lil GiozaK,Diamond 2,40,94,,183,173
968,summoner-251657,969,Huehuehue,Diamond 2,40,86,,109,100
969,summoner-1257370,970,Keisser,Diamond 2,40,89,,76,61
970,summoner-291690,971,kek,Diamond 2,40,72,,73,52
971,summoner-175504,972,qtnaxota,Diamond 2,40,100,,71,53
972,summoner-1566523,973,xnxnx,Diamond 2,39,70,,96,89
973,summoner-33987,974,Ferrarii 404,Diamond 2,38,60,,154,86
974,summoner-7960347,975,Tall Morty,Diamond 2,38,52,,102,84
975,summoner-39918,976,bít,Diamond 2,37,104,,213,212
976,summoner-4820843,977,Starshy,Diamond 2,37,98,,140,130
977,summoner-26529,978,khzxr is love,Diamond 2,37,62,,129,115
978,summoner-230234,979,Soma Landsknetch,Diamond 2,37,89,,102,91
979,summoner-391377,980,LøveIy Guy,Diamond 2,37,183,,101,80
980,summoner-924987,981,marksman buitre,Diamond 2,36,86,,359,327
981,summoner-199570,982,DKS,Diamond 2,36,68,,177,149
982,summoner-4051681,983,linkzd,Diamond 2,36,65,,141,127
983,summoner-2792742,984,marcos gomez7,Diamond 2,36,71,,112,118
984,summoner-1902079,985,Midnight A7X,Diamond 2,36,117,,103,68
985,summoner-64156,986,Wésker,Diamond 2,36,55,,68,54
986,summoner-1531278,987,Røk,Diamond 2,35,70,,35,28
987,summoner-1884825,988,Turbitö,Diamond 2,34,143,,341,322
988,summoner-25524,989,Kirigaya Kazut0,Diamond 2,34,82,,235,222
989,summoner-218972,990,Get Hyper,Diamond 2,34,70,,170,159
990,summoner-171261,991,Tronco,Diamond 2,34,72,,158,146
991,summoner-10190124,992,Stróng,Diamond 2,34,53,,131,120
992,summoner-86114,993,Jijo,Diamond 2,34,86,,108,83
993,summoner-126603,994,DotA,Diamond 2,34,91,,96,85
994,summoner-185522,995,Thyeron,Diamond 2,34,94,,204,198
995,summoner-1042619,996,Mitsuki Gaiden,Diamond 2,33,72,,190,182
996,summoner-4090797,997,Rakelstake,Diamond 2,33,60,,187,171
997,summoner-55643,998,KNoW Name,Diamond 2,33,85,,91,77
998,summoner-298376,999,Meldreın,Diamond 2,33,48,,70,46
999,summoner-1795845,1000,Unlucky god,Diamond 2,32,97,,244,233
