#timestamp 1529776801916
#date 2018-06-23T18:00:01+00:00
#players 1000
#index,id,rank,name,tier,lp,level,proTeam,win,loss
0,summoner-37802452,1,Kirei sama,Challenger,1251,116,,676,582
1,summoner-22633277,2,VGIA Yoppa,Challenger,1257,140,,592,511
2,summoner-19160377,3,S04 Upset,Challenger,1224,110,,435,344
3,summoner-23735326,4,VGIA Razørk,Challenger,1142,116,,395,312
4,summoner-79987074,5,OOB Ayunie,Challenger,1115,64,,262,189
5,summoner-21999355,6,Exileh,Challenger,1103,118,,439,369
6,summoner-22331014,7,mouz Gistick,Challenger,1064,100,,309,236
7,summoner-100017228,8,BLACKPINKFAN,Challenger,1038,64,,256,183
8,summoner-33447246,9,harry kane smurf,Challenger,1013,63,,272,186
9,summoner-105996852,10,Euntoro,Challenger,990,114,,557,461
10,summoner-43573667,11,MSF xKenzuke,Challenger,960,144,,693,627
11,summoner-71136981,12,MagiFaker,Challenger,945,68,,159,98
12,summoner-56236881,13,Kaos Malthael,Challenger,941,79,,185,99
13,summoner-84077683,14,it is destiny,Challenger,940,60,,199,144
14,summoner-35432335,15,Kaostanza AoD,Challenger,922,99,,292,239
15,summoner-20717177,16,FNC Rekkles,Challenger,905,123,,600,547
16,summoner-29935644,17,Abbedagge1,Challenger,897,99,,394,333
17,summoner-34148603,18,EikaHoon,Challenger,893,147,,664,600
18,summoner-46088149,19,BIG Don Arts,Challenger,888,162,,749,659
19,summoner-44635060,20,MagiFelix,Challenger,884,45,,119,56
20,summoner-34428877,21,FNC Bwipo,Challenger,880,120,,439,383
21,summoner-43541239,22,Hyyyyyy,Challenger,856,108,,359,269
22,summoner-99996851,23,HWA Armut,Challenger,852,76,,213,163
23,summoner-29776827,24,MagiFelixx,Challenger,833,108,,468,404
24,summoner-21112739,25,HWA telracS,Challenger,814,55,,152,93
25,summoner-103720751,26,Thebausffs,Challenger,802,66,,283,192
26,summoner-96627066,27,felØ de se,Challenger,800,93,,421,363
27,summoner-21045313,28,Mikyx,Challenger,788,102,,439,339
28,summoner-21528940,29,MRS Finn,Challenger,771,111,,436,377
29,summoner-23717140,30,WooIite,Challenger,759,71,,231,161
30,summoner-40219771,31,M Human0id,Challenger,757,109,,390,341
31,summoner-19045442,32,DCG Fakelove,Challenger,755,115,,371,323
32,summoner-53116940,33,BOLULU,Challenger,752,121,,393,338
33,summoner-86259309,34,Jeff Atkins,Challenger,739,98,,361,309
34,summoner-23627306,35,xL Send0o,Challenger,738,72,,244,189
35,summoner-19652383,36,H0lyPhoenix,Challenger,717,88,,373,315
36,summoner-49276837,37,S1 Hades,Challenger,730,88,,225,164
37,summoner-28547984,38,WAR Dan,Challenger,729,59,,152,104
38,summoner-96868390,39,i need doctor,Challenger,728,91,,370,304
39,summoner-23441464,40,AHG Murmel,Challenger,726,102,,304,257
40,summoner-22927914,41,Jiren Mid,Challenger,726,83,,196,141
41,summoner-22017510,42,shiber,Challenger,738,67,,172,110
42,summoner-29205354,43,WAR Crossman,Challenger,704,101,,577,503
43,summoner-34558312,44,Novachrono,Challenger,701,117,,428,375
44,summoner-20181136,45,BIG Kruimel,Challenger,699,119,,426,367
45,summoner-105986828,46,fndls1,Challenger,699,67,,233,182
46,summoner-104846794,47,BrokenBladeˉ,Challenger,695,48,,161,76
47,summoner-26499571,48,Chíbs,Challenger,694,135,,670,606
48,summoner-35417098,49,ATL Kronos,Challenger,694,87,,335,283
49,summoner-19017368,50,ScarletRedHands,Challenger,692,68,,204,157
50,summoner-37722273,51,Rabble Arouser,Challenger,684,107,,299,245
51,summoner-46517338,52,SPY kaSing,Challenger,682,122,,472,424
52,summoner-22154740,53,styllEE,Challenger,679,79,,303,258
53,summoner-90786998,54,Ev3lynnK1D,Challenger,674,94,,353,300
54,summoner-93737608,55,WeiZoR,Challenger,670,95,,280,227
55,summoner-98567102,56,Dont touch doggo,Challenger,669,54,,168,121
56,summoner-86797333,57,ROX Zanzarah,Challenger,667,94,,451,389
57,summoner-27635854,58,FTW Plasma Lemon,Challenger,660,96,,302,256
58,summoner-105248387,59,Hildadet,Challenger,655,59,,182,100
59,summoner-21071845,60,G2 Jerkz,Challenger,654,75,,233,187
60,summoner-87080148,61,Flaxxishh,Challenger,653,107,,445,405
61,summoner-104979693,62,BUR Hades,Challenger,652,83,,395,324
62,summoner-19603230,63,lur1keen,Challenger,652,97,,364,322
63,summoner-19331430,64,Séncux,Challenger,651,104,,383,329
64,summoner-85861691,65,Reductionism,Challenger,647,51,,159,95
65,summoner-33037228,66,Gentside Treatz,Challenger,665,83,,278,228
66,summoner-95206795,67,FNC Caps1,Challenger,642,143,,620,575
67,summoner-33678783,68,4324213123121232,Challenger,640,70,,271,224
68,summoner-52608813,69,Practice,Challenger,638,111,,368,305
69,summoner-108948613,70,ARMY KadirNL,Challenger,638,60,,243,170
70,summoner-74067492,71,no job adc,Challenger,637,122,,514,466
71,summoner-106006861,72,asdzxcqwe,Challenger,637,70,,243,192
72,summoner-22107301,73,Guarding You,Challenger,636,101,,273,220
73,summoner-90828578,74,BJK Luger,Challenger,635,130,,471,420
74,summoner-21573676,75,Sologesang,Challenger,635,79,,329,282
75,summoner-53126837,76,BIG Acidy,Challenger,617,77,,236,192
76,summoner-20537397,77,Nardeus v1,Challenger,633,98,,386,338
77,summoner-109136822,78,furt returns,Challenger,627,46,,123,98
78,summoner-70027323,79,Agresivoo,Challenger,626,106,,381,344
79,summoner-98907626,80,mouz Chow,Challenger,625,59,,126,75
80,summoner-26316897,81,S04 Vizicsacsi,Challenger,617,75,,225,184
81,summoner-20695428,82,DreamsComeTrue,Challenger,609,85,,258,212
82,summoner-38719391,83,AHG Lurox,Challenger,607,117,,419,373
83,summoner-24610205,84,RBE Broken Blade,Challenger,601,89,,315,262
84,summoner-22659867,85,MRS Klajbajk,Challenger,584,97,,378,336
85,summoner-38474063,86,Furuy,Challenger,600,85,,177,128
86,summoner-20965425,87,FNC Broxah,Challenger,596,118,,390,342
87,summoner-68597024,88,MRS Jeskla,Challenger,611,122,,453,393
88,summoner-100167164,89,TwitchTvSertuss,Challenger,593,111,,411,359
89,summoner-82347795,90,KIYF Carzzy,Challenger,592,78,,247,207
90,summoner-88489685,91,mouz Wardain,Challenger,589,108,,491,438
91,summoner-36467479,92,DRG Sertuss,Challenger,585,76,,264,224
92,summoner-24779869,93,Bat0N,Challenger,585,79,,206,158
93,summoner-88957526,94,Sàviour,Challenger,582,101,,394,342
94,summoner-28944895,95,beansu,Challenger,581,116,,331,285
95,summoner-22731886,96,FourMarta,Challenger,579,78,,302,252
96,summoner-104189151,97,Zenavy,Challenger,579,60,,180,123
97,summoner-30120801,98,runnin low,Challenger,573,93,,263,214
98,summoner-19467621,99,Subfuse,Challenger,570,88,,281,232
99,summoner-79449569,100,Zedrinos,Challenger,570,66,,185,134
100,summoner-92359748,101,ESG Ventair,Challenger,553,58,,195,124
101,summoner-27341898,102,Agurin,Challenger,561,120,,467,413
102,summoner-106767569,103,RNGRZ,Challenger,560,44,,110,36
103,summoner-21053498,104,MakeitBetter,Challenger,556,109,,452,405
104,summoner-35747269,105,KIYF Rufus,Challenger,555,93,,337,295
105,summoner-39488266,106,darkchri99,Challenger,553,134,,592,549
106,summoner-107970023,107,ECkz,Challenger,568,63,,270,204
107,summoner-111136794,108,Dolkrit,Challenger,550,53,,186,147
108,summoner-20320114,109,UOL Kold,Challenger,548,100,,342,302
109,summoner-66903184,110,BIG Dreamer Ace,Challenger,543,88,,255,211
110,summoner-88038972,111,the inescapable,Challenger,536,71,,233,176
111,summoner-84997840,112,UHHHHHHHHHH,Challenger,534,72,,264,221
112,summoner-21001130,113,Odoamne,Challenger,532,65,,142,101
113,summoner-19642904,114,azerty1,Challenger,528,67,,210,170
114,summoner-84676869,115,iD Zwyroo,Challenger,525,121,,454,405
115,summoner-32081620,116,DRG Her0,Challenger,522,110,,481,443
116,summoner-55497402,117,MiF toucouille,Challenger,522,125,,378,333
117,summoner-50459766,118,Markoon,Challenger,521,129,,576,531
118,summoner-69446897,119,TarkyLoL,Challenger,521,69,,210,170
119,summoner-20993937,120,W Hyôrai,Challenger,519,103,,199,158
120,summoner-22941744,121,TaIonlonfarm,Challenger,518,105,,433,393
121,summoner-53436826,122,Dawidsonek,Challenger,518,89,,134,87
122,summoner-86777339,123,OhjUu,Challenger,515,54,,130,94
123,summoner-20308486,124,SK Doss,Challenger,527,188,,895,860
124,summoner-24415613,125,Energy IceCold,Challenger,510,94,,320,277
125,summoner-106006814,126,SUP SnowFIower,Challenger,508,93,,328,284
126,summoner-96198415,127,Eyjafjallajokull,Challenger,505,112,,427,379
127,summoner-102870157,128,EDM ABUSER,Challenger,505,94,,345,311
128,summoner-67077416,129,labrov,Challenger,504,97,,318,276
129,summoner-19151853,130,S04 Upset1,Challenger,500,62,,191,120
130,summoner-108737088,131,RB Closer,Challenger,499,61,,242,202
131,summoner-108737494,132,IlIIIIllllIIIllI,Challenger,516,42,,102,59
132,summoner-19888536,133,VHV Quinncidence,Challenger,496,123,,486,441
133,summoner-19423426,134,ARMY Prime,Challenger,496,102,,362,314
134,summoner-21112717,135,WhiteKnight108,Challenger,493,121,,444,406
135,summoner-19789802,136,MRS Hatrixx,Challenger,492,72,,200,163
136,summoner-39562616,137,MAD Koldo,Challenger,491,101,,282,239
137,summoner-58727186,138,eMz Czekolad,Challenger,489,99,,423,378
138,summoner-89206875,139,Cl0x,Challenger,489,99,,268,223
139,summoner-82897059,140,SD ShaiZenk,Challenger,506,53,,147,94
140,summoner-110488039,141,mouz Jenax1,Challenger,487,46,,132,67
141,summoner-22126727,142,walsitaM,Challenger,486,69,,240,203
142,summoner-22447540,143,Godbro sama,Challenger,485,98,,411,370
143,summoner-23896961,144,tni rof cca,Challenger,485,91,,365,320
144,summoner-103987204,145,Hyoudouu lssei,Challenger,483,73,,322,263
145,summoner-32312702,146,Special,Challenger,480,56,,209,155
146,summoner-95027465,147,Repeatedly,Challenger,479,56,,161,108
147,summoner-19468950,148,Fr4id,Challenger,477,76,,228,187
148,summoner-20395020,149,cospect,Challenger,473,73,,180,132
149,summoner-85597167,150,Matislaw,Challenger,471,72,,253,218
150,summoner-107956847,151,look minimap,Challenger,470,61,,227,194
151,summoner-23323006,152,SPY Nisqy,Challenger,468,81,,259,228
152,summoner-91136961,153,Erdoté,Challenger,468,78,,210,167
153,summoner-107547025,154,Wafflebrother,Challenger,468,48,,123,98
154,summoner-108429249,155,Koaern kid,Challenger,467,61,,248,176
155,summoner-22910599,156,Shantaooo,Challenger,446,73,,309,247
156,summoner-28893913,157,VHV Bravado,Challenger,463,114,,241,198
157,summoner-99986935,158,Fall in L,Challenger,459,62,,196,156
158,summoner-292470,159,ATL Lvsyan,Challenger,458,106,,396,357
159,summoner-91577238,160,bhgjjjjjjjjjhg,Challenger,470,76,,261,223
160,summoner-43874919,161,ADC is AP but AD,Challenger,453,77,,321,278
161,summoner-27549186,162,AHG Tolkin,Challenger,453,70,,199,159
162,summoner-21729191,163,Lexip,Challenger,452,118,,324,285
163,summoner-34637882,164,perfectplayer99,Challenger,452,102,,300,250
164,summoner-106396794,165,Newbiecide,Challenger,452,61,,202,160
165,summoner-23717587,166,Kobbe,Challenger,449,94,,328,294
166,summoner-21285694,167,Sawyor,Challenger,449,80,,239,204
167,summoner-22477352,168,Reich und Blond,Challenger,447,112,,646,564
168,summoner-21585997,169,Enjawve,Challenger,460,127,,261,219
169,summoner-86878959,170,sonorK,Challenger,444,117,,331,294
170,summoner-105986870,171,Naruto Kurama,Challenger,444,52,,132,93
171,summoner-51626956,172,Zergsting,Challenger,442,87,,321,283
172,summoner-23548918,173,HWA Innaxe,Challenger,441,119,,471,432
173,summoner-20037524,174,Marrow Oõze,Challenger,440,101,,389,356
174,summoner-38515770,175,AHG Swipe,Challenger,439,105,,355,322
175,summoner-41527677,176,Crykee v2,Challenger,438,64,,193,150
176,summoner-19931538,177,V Shemek,Challenger,436,82,,268,231
177,summoner-41619682,178,Caviavampier,Challenger,436,105,,132,84
178,summoner-79497157,179,ch0sen123,Challenger,435,92,,361,280
179,summoner-85576862,180,roulette7temmuz,Challenger,434,97,,495,443
180,summoner-54947331,181,Oeh Ah EdDeGoeij,Challenger,434,59,,188,139
181,summoner-24387527,182,mYi Greenfire,Challenger,433,90,,194,147
182,summoner-43044733,183,Kyray,Challenger,431,97,,217,172
183,summoner-44256793,184,YouGotFrogged,Challenger,429,106,,268,230
184,summoner-60962346,185,iZeal,Challenger,429,78,,246,204
185,summoner-101086964,186,Optimas56,Challenger,428,88,,223,184
186,summoner-105388374,187,Amalpink,Challenger,428,51,,147,79
187,summoner-95119648,188,GWIAZDECZKA,Challenger,428,49,,137,64
188,summoner-44256841,189,l am Freeze,Challenger,426,104,,349,307
189,summoner-22587236,190,KIYF ZaZee,Challenger,423,80,,256,223
190,summoner-89418627,191,Noltey3,Challenger,421,108,,462,422
191,summoner-42035133,192,SLY TraYtoN,Challenger,420,109,,426,387
192,summoner-28052021,193,K1CK XicOoO,Challenger,417,66,,217,175
193,summoner-106006834,194,I LOVE LPL,Challenger,433,95,,389,345
194,summoner-35368143,195,styIIEE,Challenger,408,80,,282,241
195,summoner-52118863,196,GildedEvil,Challenger,405,68,,245,201
196,summoner-28892717,197,dejan1,Challenger,392,74,,202,162
197,summoner-19275213,198,Broeki,Challenger,406,138,,601,564
198,summoner-66995255,199,Hi im Domu,Challenger,380,60,,199,155
199,summoner-30121864,200,SK HT SP,Challenger,362,56,,171,120
200,summoner-40407544,201,Bouva,Master,494,130,,600,556
201,summoner-22329896,202,S04 Vander,Master,452,117,,389,363
202,summoner-94007523,203,Armless Trash,Master,432,145,,590,546
203,summoner-111126795,204,Unrank elo,Master,428,44,,109,86
204,summoner-19798647,205,Justice Brínger,Master,424,126,,562,499
205,summoner-110827571,206,winter is red,Master,418,49,,172,99
206,summoner-34978029,207,SLY Skeanz,Master,416,128,,442,411
207,summoner-21732658,208,jestkui MAX,Master,396,68,,226,193
208,summoner-91010187,209,Gaweł14,Master,414,83,,291,247
209,summoner-42747522,210,Yugazue,Master,414,72,,200,156
210,summoner-24877192,211,Milicaaa,Master,407,48,,104,70
211,summoner-21653685,212,GIA SirNukesAlot,Master,406,193,,837,791
212,summoner-75787627,213,NicholaNickts6,Master,405,94,,389,348
213,summoner-21905543,214,Ryoshi,Master,404,115,,148,103
214,summoner-35651895,215,FUN k3y,Master,401,64,,149,103
215,summoner-19751358,216,Kikis,Master,400,83,,371,336
216,summoner-44108210,217,Gentside xMatty,Master,398,115,,263,226
217,summoner-35433650,218,x6 Svikter,Master,397,95,,463,427
218,summoner-50791106,219,Rîse,Master,397,57,,119,77
219,summoner-40956931,220,PGM Glebo,Master,393,115,,469,436
220,summoner-70202135,221,DeathByKata,Master,393,84,,383,324
221,summoner-27300678,222,Shikari,Master,392,58,,191,148
222,summoner-36804632,223,kenzhu9,Master,389,112,,325,290
223,summoner-23388196,224,AeQ nite,Master,389,68,,160,116
224,summoner-39562177,225,Christian Jensen,Master,388,129,,262,221
225,summoner-24682901,226,Lov3Petrichor,Master,388,68,,157,116
226,summoner-110067384,227,izutsumi,Master,385,48,,150,84
227,summoner-106810202,228,MADGlRL,Master,384,67,,291,250
228,summoner-20640228,229,TRYN MECHANICS,Master,383,87,,319,280
229,summoner-84097658,230,THÉLANDVIRGINIA,Master,382,52,,150,111
230,summoner-70858329,231,Tommy2Tap,Master,381,119,,637,576
231,summoner-19122741,232,Four Leaf Clovér,Master,381,114,,349,316
232,summoner-19149907,233,xumäS,Master,381,90,,317,287
233,summoner-20006991,234,Allforone Deku,Master,381,91,,283,242
234,summoner-29765207,235,VGIA Deádly,Master,361,77,,253,207
235,summoner-24643089,236,Maazo,Master,377,100,,327,295
236,summoner-30938077,237,ChestBiceps,Master,375,128,,319,284
237,summoner-56942161,238,WAR Noltey,Master,395,96,,242,210
238,summoner-97688802,239,TynX v2,Master,375,88,,233,197
239,summoner-105996895,240,Gashinaa,Master,374,44,,127,83
240,summoner-97579562,241,mouz Inspired,Master,373,82,,241,209
241,summoner-66324715,242,tampio v2,Master,373,59,,190,138
242,summoner-101206942,243,GGE Cboi,Master,370,81,,242,200
243,summoner-23247536,244,nigelf,Master,369,79,,312,263
244,summoner-70027354,245,zoiren,Master,368,68,,230,188
245,summoner-30737031,246,Emikin v2,Master,367,104,,276,238
246,summoner-21781690,247,Delitto1,Master,365,75,,223,180
247,summoner-85227617,248,PineYouKos,Master,365,71,,213,172
248,summoner-30480956,249,WeAz SoRya,Master,346,66,,173,142
249,summoner-24763111,250,qwerty12345,Master,362,83,,220,185
250,summoner-42807803,251,Chlebek borzy,Master,340,83,,256,204
251,summoner-20101413,252,FB Thaldrin,Master,355,106,,414,383
252,summoner-34880194,253,Gu1lty,Master,374,118,,401,359
253,summoner-105087405,254,Losing sight,Master,354,218,,1427,1376
254,summoner-42287489,255,ENC Eren,Master,353,62,,142,112
255,summoner-110656972,256,bYTYLEMk,Master,350,38,,62,41
256,summoner-30711344,257,adm btw,Master,349,67,,230,189
257,summoner-19255309,258,hirohai,Master,348,123,,378,332
258,summoner-29389512,259,rafitta,Master,348,93,,342,304
259,summoner-99068672,260,DBL Cookie,Master,346,115,,393,365
260,summoner-35037145,261,Ragner DOG,Master,346,78,,300,259
261,summoner-24364481,262,Unknown Inter,Master,346,69,,170,134
262,summoner-27598742,263,VGIA Javier514,Master,345,111,,386,344
263,summoner-68637318,264,ˆkopendowNˆ,Master,344,62,,214,171
264,summoner-43709778,265,skainn,Master,343,126,,608,566
265,summoner-27408923,266,Tha Carter V,Master,342,84,,344,316
266,summoner-88459935,267,BROKEN MAX,Master,341,78,,285,240
267,summoner-85781368,268,FullMetalRobocop,Master,341,77,,222,182
268,summoner-372983,269,FNC sOAZIZ,Master,339,83,,318,287
269,summoner-22240784,270,BLYAAAAAAAAAAAAA,Master,336,123,,544,505
270,summoner-28327267,271,SmøK3r,Master,335,146,,608,544
271,summoner-37903782,272,Click TheNik,Master,334,126,,432,393
272,summoner-73306918,273,Kite Machine,Master,334,61,,147,114
273,summoner-73587776,274,Innaxe v2,Master,308,85,,294,268
274,summoner-44748051,275,TheRoyalKanin,Master,327,116,,386,346
275,summoner-40390308,276,UOL Tøtørø,Master,343,91,,249,205
276,summoner-44248954,277,Stefan Nikolić,Master,325,116,,464,440
277,summoner-41521265,278,KˉˉˉˉˉˉV,Master,325,108,,318,287
278,summoner-50689044,279,Ashendado123,Master,325,65,,153,111
279,summoner-50997072,280,Kryze,Master,322,86,,206,167
280,summoner-35339815,281,CGG RyKo,Master,322,96,,168,134
281,summoner-32601771,282,HG Vince,Master,321,93,,216,178
282,summoner-22804336,283,Dead Dyn4sty,Master,321,58,,193,138
283,summoner-20510452,284,b0aty fanboy,Master,301,181,,873,835
284,summoner-41532420,285,IceBeasto,Master,319,93,,361,319
285,summoner-44422005,286,Tolerant,Master,318,88,,321,292
286,summoner-101087512,287,Busty Jessica,Master,317,73,,258,213
287,summoner-20322986,288,Annelyse Adair,Master,316,128,,588,550
288,summoner-22422778,289,LDLC Dan Dan,Master,315,106,,404,373
289,summoner-94987702,290,PeacefuI Mind,Master,314,123,,500,477
290,summoner-22103886,291,ARMY Sedrion,Master,312,112,,338,307
291,summoner-29718131,292,DBL Anthrax,Master,312,89,,248,229
292,summoner-37617929,293,xL Taxer,Master,311,69,,200,170
293,summoner-83180,294,GIA SteeelbacKey,Master,309,138,,525,494
294,summoner-99647174,295,G2 Wadid,Master,309,72,,295,224
295,summoner-37748436,296,Alphari,Master,308,65,,211,181
296,summoner-85128553,297,N1ghtingäle,Master,308,64,,132,105
297,summoner-21267418,298,TemptAzn,Master,307,118,,396,356
298,summoner-97607023,299,V bluerzor,Master,323,104,,372,337
299,summoner-21580625,300,SPAVAS LI MIRNO,Master,306,87,,343,305
300,summoner-42176118,301,ROCCAT HeaQ,Master,305,88,,339,294
301,summoner-30718133,302,Boris The Wizard,Master,282,123,,660,623
302,summoner-23717728,303,eMz Monk,Master,299,132,,558,522
303,summoner-105546803,304,LenaPlaysLoL,Master,296,85,,296,260
304,summoner-55776940,305,ROX mumus100,Master,296,79,,218,180
305,summoner-27492090,306,JaVaaa,Master,294,96,,398,352
306,summoner-28026195,307,K1CK Alternative,Master,294,90,,302,269
307,summoner-44259378,308,Björnen Baloo,Master,293,107,,405,367
308,summoner-101206964,309,sweetnsalty,Master,293,84,,381,350
309,summoner-90777352,310,ASDKDASADSJAXAZ,Master,293,61,,174,137
310,summoner-60814394,311,PGM Siler,Master,292,92,,312,284
311,summoner-33654217,312,ƒax,Master,290,65,,182,152
312,summoner-45379441,313,JackSpektra,Master,289,70,,227,197
313,summoner-19671824,314,CozQ Vibes,Master,288,94,,315,280
314,summoner-19300840,315,FNC Influenza,Master,288,71,,217,181
315,summoner-73340295,316,KingzoneX Bdd,Master,288,63,,175,137
316,summoner-58057567,317,DRG Vrow,Master,287,134,,728,693
317,summoner-35742723,318,GIA Viketox,Master,285,134,,313,273
318,summoner-24834259,319,Pytangelus,Master,284,123,,591,559
319,summoner-44748697,320,Sebekx,Master,280,85,,317,283
320,summoner-20570900,321,ROG Jester,Master,279,110,,586,553
321,summoner-89206857,322,Galningen Gustav,Master,279,73,,277,246
322,summoner-30115925,323,sevensickseamen,Master,279,55,,141,106
323,summoner-43655729,324,WAR Kerberos,Master,276,167,,618,570
324,summoner-24563497,325,Rhobalas,Master,276,122,,272,237
325,summoner-85998367,326,SK Ruin,Master,276,62,,98,59
326,summoner-106507540,327,Mimz,Master,275,65,,246,176
327,summoner-108939991,328,bAZZILISKS,Master,275,59,,211,139
328,summoner-54687088,329,Liquidice8,Master,275,59,,188,148
329,summoner-77217087,330,Watch My Puppets,Master,274,73,,207,167
330,summoner-43747714,331,xPriskornet,Master,273,84,,216,183
331,summoner-105996897,332,Al Simak,Master,273,50,,150,122
332,summoner-41518117,333,joker jay1,Master,273,45,,120,81
333,summoner-57882477,334,swiftyscarob,Master,291,55,,220,157
334,summoner-95189313,335,Keltrá,Master,271,75,,315,275
335,summoner-51649997,336,t tro for mec,Master,250,60,,135,94
336,summoner-32707488,337,Elite500,Master,267,99,,231,196
337,summoner-38988525,338,Zaiiro,Master,266,72,,138,93
338,summoner-19529511,339,Sâtorius,Master,229,152,,750,721
339,summoner-40168570,340,Ruinous,Master,265,112,,207,168
340,summoner-19268008,341,PederseNN,Master,264,102,,412,375
341,summoner-24632766,342,DekkalF,Master,284,98,,392,353
342,summoner-59708317,343,5H Nuokii,Master,264,99,,289,253
343,summoner-111288068,344,07 07 2018,Master,263,42,,110,54
344,summoner-103859565,345,Sykkeltyven,Master,263,65,,101,55
345,summoner-71787249,346,MGX 14 04,Master,261,135,,671,626
346,summoner-22696797,347,Ziix Garguentua,Master,260,84,,264,225
347,summoner-25532701,348,FNC Hylissang,Master,257,103,,446,417
348,summoner-44916966,349,MRS Cinkrof,Master,238,119,,535,503
349,summoner-105058547,350,ExcusesLike,Master,256,70,,165,127
350,summoner-52208617,351,HELLAS Tranquil,Master,255,104,,288,246
351,summoner-56794447,352,chris breezyy,Master,237,58,,267,253
352,summoner-106006856,353,FB Ability power,Master,253,84,,374,343
353,summoner-72527455,354,Nikos Vertis,Master,253,78,,318,276
354,summoner-100816953,355,Kinżu,Master,252,115,,372,343
355,summoner-86377408,356,Gricuś,Master,251,99,,447,417
356,summoner-20046358,357,Lukezy,Master,248,87,,304,274
357,summoner-84756998,358,I Am Determined,Master,248,63,,199,166
358,summoner-84396817,359,VGIA Kashtelan,Master,266,84,,228,202
359,summoner-85610097,360,Kazewa v2,Master,246,85,,398,359
360,summoner-22415178,361,Addex,Master,246,83,,350,304
361,summoner-396667,362,Torny v2,Master,244,59,,178,130
362,summoner-95597882,363,moxokx,Master,243,106,,247,198
363,summoner-29981750,364,Calmsky,Master,243,85,,173,139
364,summoner-20635681,365,MiF Frog Jesus,Master,242,105,,312,279
365,summoner-100817177,366,supr cupr mid,Master,242,85,,298,268
366,summoner-20774578,367,disbelieve,Master,242,69,,167,118
367,summoner-110407516,368,Megswillis,Master,241,41,,107,57
368,summoner-21920858,369,Karim kt,Master,240,96,,333,297
369,summoner-24111040,370,mouz Conjo,Master,239,68,,149,116
370,summoner-71238349,371,Hartgon Whan,Master,238,116,,300,264
371,summoner-24093040,372,Tazaku,Master,238,77,,96,65
372,summoner-32921245,373,Joekerism,Master,237,106,,339,306
373,summoner-49457773,374,Yúng Coke,Master,237,115,,333,294
374,summoner-58067437,375,MaxTheRider,Master,237,94,,293,258
375,summoner-72467946,376,Roison,Master,254,88,,332,306
376,summoner-32978803,377,Dreamer Ace,Master,236,70,,217,182
377,summoner-107738330,378,Reformed Apfel,Master,235,65,,206,143
378,summoner-42915361,379,ArcadeZyra,Master,252,102,,503,457
379,summoner-49120866,380,Indiana Jinns,Master,234,109,,316,273
380,summoner-35698594,381,420WeabooSlayer,Master,233,115,,321,285
381,summoner-36632741,382,RIP Jimmy Wopo,Master,231,126,,558,525
382,summoner-22082647,383,WAR Akutsune,Master,231,79,,250,218
383,summoner-105692019,384,Tolkin,Master,231,52,,124,60
384,summoner-25150293,385,Canela hace caca,Master,230,141,,675,644
385,summoner-21170745,386,i miss tabe,Master,230,56,,185,131
386,summoner-102407010,387,madlifeonur,Master,230,48,,150,104
387,summoner-22492437,388,hi im mate,Master,230,76,,106,73
388,summoner-75636866,389,FB WaenA1,Master,227,166,,799,761
389,summoner-85816819,390,Zhaviaa,Master,210,113,,558,517
390,summoner-29434996,391,Kyanna,Master,243,101,,318,285
391,summoner-20908687,392,Joo1,Master,224,105,,528,488
392,summoner-107227312,393,xPsychoAzael,Master,223,60,,231,123
393,summoner-46687094,394,Deltired,Master,223,55,,162,126
394,summoner-96016857,395,Tree Tat,Master,223,59,,158,115
395,summoner-29834844,396,Fingers BIue,Master,222,88,,322,288
396,summoner-100099677,397,d0ngfangbubai,Master,221,130,,510,471
397,summoner-21681171,398,Kim Bae in,Master,221,65,,178,147
398,summoner-58536934,399,WorstExileAfrica,Master,221,48,,106,61
399,summoner-20215808,400,Wendelbo,Master,220,87,,285,252
400,summoner-92782489,401,Luckerˆ,Master,219,123,,377,336
401,summoner-57177763,402,Unpredicted,Master,219,83,,350,293
402,summoner-90817975,403,OK JACK WHITE XD,Master,219,41,,103,53
403,summoner-41530621,404,Emikin,Master,218,64,,256,223
404,summoner-76942740,405,Kata Les Mécanix,Master,218,80,,184,149
405,summoner-21622017,406,DRG Sacre,Master,218,73,,162,126
406,summoner-30822111,407,Lunetth,Master,217,126,,452,407
407,summoner-67077117,408,Purvi,Master,217,60,,148,107
408,summoner-24279556,409,CheTiro,Master,216,129,,431,398
409,summoner-42809686,410,Vivifica,Master,216,108,,316,279
410,summoner-98407346,411,Improve or Uni,Master,216,70,,281,239
411,summoner-103207498,412,Algos De Sâlvo,Master,215,70,,227,196
412,summoner-46406805,413,goreziller,Master,214,210,,366,250
413,summoner-19170475,414,DBL Zeph,Master,214,109,,353,318
414,summoner-46517365,415,Musclé,Master,214,93,,300,259
415,summoner-20202800,416,SPG Pride,Master,214,74,,218,180
416,summoner-69867692,417,AøD,Master,214,65,,154,113
417,summoner-41516817,418,DBL Raxon,Master,213,84,,248,214
418,summoner-77480142,419,KT Crown,Master,213,55,,167,139
419,summoner-20084022,420,Blarfsnarf,Master,213,46,,166,103
420,summoner-27426799,421,Taikki,Master,212,73,,218,188
421,summoner-31102130,422,Ceikey,Master,211,100,,493,440
422,summoner-19240537,423,Kektz,Master,211,69,,165,139
423,summoner-20892736,424,BRG GodlikeMagic,Master,209,110,,304,266
424,summoner-299941,425,Koyomi Palens,Master,209,93,,217,180
425,summoner-33640750,426,is it int or not,Master,209,70,,152,118
426,summoner-33626861,427,pve Top,Master,209,77,,144,106
427,summoner-37910073,428,EDE KeABambiHR,Master,207,103,,190,151
428,summoner-26369760,429,Hîoss,Master,207,67,,183,142
429,summoner-18979052,430,DCG Striker,Master,206,93,,235,194
430,summoner-89206856,431,Rawbin th fourth,Master,205,95,,489,458
431,summoner-69868149,432,SPY Odoamne,Master,205,48,,96,40
432,summoner-29129869,433,Kertoosh,Master,204,88,,228,187
433,summoner-105996856,434,cxvbnxc,Master,203,83,,328,302
434,summoner-89187062,435,Cpt KilleR,Master,202,105,,358,322
435,summoner-32900575,436,MAD Simpy,Master,201,115,,289,258
436,summoner-20252926,437,inF Tunaraz,Master,199,68,,192,150
437,summoner-25953367,438,draikz1,Master,199,70,,159,110
438,summoner-95166818,439,Kayhan1,Master,196,98,,357,320
439,summoner-101206936,440,Snus abuser,Master,196,73,,316,276
440,summoner-30982335,441,yukihira søuma,Master,196,90,,275,237
441,summoner-99246842,442,Rokurota,Master,196,66,,121,96
442,summoner-23040355,443,RystePete,Master,195,76,,252,203
443,summoner-75627611,444,Kack0s,Master,195,66,,185,156
444,summoner-86797140,445,AbdaIIah,Master,195,47,,89,52
445,summoner-92518231,446,Who else321,Master,195,37,,85,30
446,summoner-27668408,447,C4H8Cl2S,Master,194,116,,420,386
447,summoner-78898252,448,Monkey D Ulleh,Master,193,58,,169,134
448,summoner-25797111,449,Demon12,Master,193,71,,161,130
449,summoner-37707980,450,DiiPleX,Master,192,125,,392,361
450,summoner-105996896,451,Fredy 2mid is OP,Master,192,61,,211,174
451,summoner-19538899,452,Steverino,Master,192,76,,147,117
452,summoner-46718607,453,ZONGO LE DOZ0,Master,211,147,,719,694
453,summoner-80249357,454,ESGFertigsteller,Master,190,96,,291,261
454,summoner-86938682,455,hi im inting,Master,190,71,,220,183
455,summoner-37882499,456,BIG NilleNalley,Master,188,153,,651,618
456,summoner-41523185,457,ENC Hadow,Master,188,136,,643,618
457,summoner-73509560,458,iˆbehave,Master,187,60,,113,83
458,summoner-20183165,459,SPG Koala,Master,185,122,,463,432
459,summoner-57346994,460,DRG Barcode,Master,183,171,,777,738
460,summoner-99007177,461,im Raven,Master,183,74,,245,211
461,summoner-101086959,462,Mihail Tal,Master,183,44,,107,62
462,summoner-20828788,463,kokoJes,Master,182,73,,225,209
463,summoner-105986869,464,Tore på sporet,Master,181,60,,193,166
464,summoner-21695432,465,DuaLL,Master,180,119,,423,395
465,summoner-34428433,466,VGIA Rafa,Master,179,123,,559,530
466,summoner-21355593,467,Nøac,Master,196,111,,404,366
467,summoner-108647160,468,Kebab severim,Master,178,60,,221,219
468,summoner-41634372,469,Eunha LFT,Master,178,95,,219,180
469,summoner-34980265,470,Aquí de chill,Master,194,117,,445,415
470,summoner-105986814,471,Luâna,Master,177,85,,250,201
471,summoner-25908425,472,Magoy,Master,177,93,,220,186
472,summoner-97207095,473,jako ve 14,Master,176,77,,329,290
473,summoner-86377306,474,Panda Is Hungry,Master,157,69,,234,200
474,summoner-28086813,475,Killer Moonman,Master,175,115,,389,350
475,summoner-39602699,476,Kisuke LFT,Master,174,97,,253,225
476,summoner-58727383,477,trashplayer98,Master,172,62,,159,114
477,summoner-28887345,478,Eden Fox,Master,170,85,,336,304
478,summoner-100749903,479,AeQ Outlandisch,Master,169,137,,451,418
479,summoner-89527347,480,1ntr0,Master,169,84,,397,324
480,summoner-48845007,481,DJ Roison v69,Master,188,94,,353,328
481,summoner-36660120,482,sof,Master,169,117,,313,278
482,summoner-27626641,483,paralift,Master,137,114,,434,405
483,summoner-19002345,484,Dexui,Master,166,84,,214,175
484,summoner-24438366,485,Liandrid,Master,165,107,,374,338
485,summoner-22499089,486,iTzLeviosaa,Master,165,58,,139,97
486,summoner-111126793,487,12254775,Master,165,42,,89,81
487,summoner-47417982,488,BIG Navio,Master,164,108,,296,273
488,summoner-42278386,489,Elwind,Master,164,69,,268,237
489,summoner-21726747,490,VIT jactroll,Master,163,107,,354,322
490,summoner-43910586,491,tidee,Master,163,142,,335,298
491,summoner-71399356,492,06 10 2001,Master,162,89,,262,230
492,summoner-35168725,493,Seaz,Master,162,107,,255,224
493,summoner-98769183,494,HEX Ðizzy,Master,161,57,,133,93
494,summoner-18996410,495,LvLUp Aesenar,Master,160,98,,208,171
495,summoner-20686620,496,Toby btw,Master,160,72,,167,130
496,summoner-102980548,497,5th of june,Master,160,63,,126,89
497,summoner-106396862,498,IllIIllIlll,Master,160,45,,111,84
498,summoner-72517324,499,HLT Wayzen,Master,158,157,,526,488
499,summoner-21305107,500,MaxOverdrive,Master,158,73,,184,154
500,summoner-20778901,501,Terseras,Master,156,101,,335,298
501,summoner-85918996,502,a1a2a3a4afffffff,Master,155,105,,390,369
502,summoner-21667309,503,sticky double,Master,155,96,,304,281
503,summoner-105824100,504,IIllIlllIIIllIIl,Master,154,60,,212,130
504,summoner-85987189,505,pundix,Master,154,64,,142,120
505,summoner-61666828,506,GO TynX,Master,153,101,,355,325
506,summoner-206429,507,MC Fuentes,Master,152,86,,296,270
507,summoner-86719726,508,Yung Mus,Master,135,109,,187,149
508,summoner-23873017,509,TF Poni,Master,151,103,,248,218
509,summoner-282453,510,Puki style,Master,150,72,,188,154
510,summoner-106006839,511,SilverHawk SxS,Master,149,97,,322,300
511,summoner-102917373,512,ˆsmmˆ,Master,148,60,,188,146
512,summoner-37039080,513,DCG Bean,Master,147,158,,671,639
513,summoner-98898961,514,Shiganari,Master,147,126,,522,487
514,summoner-97717284,515,v Daddychard,Master,147,88,,265,235
515,summoner-58848462,516,inF Phantomles,Master,147,63,,141,107
516,summoner-19889228,517,Targamas,Master,146,92,,268,248
517,summoner-95178343,518,Trymbi,Master,146,94,,236,209
518,summoner-19472773,519,Ionï,Master,145,87,,258,217
519,summoner-37682461,520,StenBosse,Master,145,84,,234,200
520,summoner-21577238,521,Exalty Menphis10,Master,144,112,,335,299
521,summoner-102797274,522,Hope for best,Master,144,52,,76,49
522,summoner-27791631,523,Igloo Belacqua,Master,143,113,,466,437
523,summoner-20671371,524,ENC Munckizz,Master,143,76,,214,176
524,summoner-23674680,525,Quackss,Master,141,99,,103,70
525,summoner-21255607,526,CleanserNG,Master,140,97,,301,265
526,summoner-102828330,527,TheReturn of God,Master,140,80,,159,110
527,summoner-46797945,528,Aizhon,Master,139,98,,220,184
528,summoner-110117445,529,ZLATiRL,Master,138,56,,187,116
529,summoner-21104522,530,KwK Flirt,Master,137,119,,271,240
530,summoner-105596794,531,17 HanSol Choi,Master,137,48,,114,79
531,summoner-21500820,532,Delitto,Master,136,78,,239,214
532,summoner-105845789,533,TrudaqB,Master,118,62,,153,103
533,summoner-35193566,534,Simply Mirai,Master,154,111,,412,390
534,summoner-106006889,535,ROC Mementoo,Master,134,57,,184,145
535,summoner-68627391,536,Yusa,Master,133,136,,550,517
536,summoner-32188888,537,Raxxo,Master,133,135,,516,481
537,summoner-63762796,538,frank v2,Master,133,44,,101,76
538,summoner-98397502,539,do not tilt me,Master,132,79,,339,295
539,summoner-46621528,540,ZPR Findus,Master,132,99,,310,280
540,summoner-24846793,541,DRG Homi,Master,132,76,,200,177
541,summoner-101206947,542,kdskkiiiwexyi,Master,132,56,,181,157
542,summoner-26656911,543,1997 04 16,Master,131,128,,506,481
543,summoner-37147607,544,The Most Fragile,Master,129,73,,95,56
544,summoner-25234828,545,GLOWlNG,Master,127,78,,170,140
545,summoner-25543580,546,MRS Darkø,Master,126,109,,352,319
546,summoner-108737493,547,YC Mojito,Master,110,56,,217,185
547,summoner-23003972,548,Pirr The Butcher,Master,124,66,,252,207
548,summoner-40249118,549,Loli Yuri,Master,122,147,,634,593
549,summoner-60450106,550,DuskLenkas,Master,122,147,,461,430
550,summoner-20050482,551,loulex,Master,139,115,,366,341
551,summoner-87407922,552,Huntˆ,Master,122,85,,128,96
552,summoner-105986837,553,SUP fabulous,Master,121,71,,290,260
553,summoner-20525508,554,GX TwitchThot,Master,121,94,,259,233
554,summoner-106006888,555,fat sweaty nerd,Master,120,88,,434,410
555,summoner-74067354,556,Fresskowy,Master,118,104,,350,319
556,summoner-109547168,557,Azażel,Master,118,74,,219,190
557,summoner-58018148,558,MunckizzV2,Master,118,55,,128,94
558,summoner-81452942,559,Riddem,Master,118,50,,109,76
559,summoner-102989439,560,Nikos Nikolaidis,Master,116,95,,344,312
560,summoner-101206954,561,Owen Sleater,Master,116,64,,203,166
561,summoner-42836792,562,Esport Police,Master,113,73,,173,143
562,summoner-56426830,563,Wh4tsThatSmell,Master,113,83,,125,100
563,summoner-43870287,564,entropyh,Master,112,92,,138,108
564,summoner-106766846,565,Sayong,Master,111,112,,408,380
565,summoner-31972312,566,ELS Veignorem,Master,111,117,,354,319
566,summoner-109978042,567,Burger Chris,Master,110,47,,146,96
567,summoner-41099951,568,HFG ThUNdEr,Master,109,49,,166,73
568,summoner-29187299,569,Wacco,Master,109,62,,123,89
569,summoner-20193482,570,MAD Crownshot,Master,123,103,,293,272
570,summoner-20053332,571,xL Venzer,Master,106,87,,284,260
571,summoner-20912175,572,LorMiis,Master,105,96,,453,420
572,summoner-20234739,573,Ryo Kwang Sun,Master,124,56,,159,122
573,summoner-21842355,574,AlternateDemise,Master,104,53,,148,110
574,summoner-101206948,575,John Gucci,Master,85,83,,228,199
575,summoner-70457274,576,Kehvo,Master,103,79,,154,121
576,summoner-24067157,577,Adam 16 Ans 1S,Master,123,37,,79,22
577,summoner-18979911,578,iNAT Jorx,Master,102,120,,347,317
578,summoner-79788876,579,Doxylol,Master,102,67,,318,257
579,summoner-26522178,580,Endz7,Master,101,94,,441,414
580,summoner-32344700,581,MiF Nolan,Master,101,104,,321,295
581,summoner-21284151,582,Aoi Haru,Master,101,96,,294,265
582,summoner-101418428,583,9eetooo,Master,101,75,,261,211
583,summoner-98420050,584,AeQ Dextro,Master,101,73,,202,181
584,summoner-72484140,585,Véigâr v2,Master,101,83,,166,136
585,summoner-102820725,586,Twice Fan,Master,101,53,,100,63
586,summoner-52210396,587,Polish Wonderb0y,Master,100,55,,144,99
587,summoner-19096814,588,Homemade Toast,Master,97,97,,344,315
588,summoner-105802259,589,Lurox v2,Master,95,58,,192,123
589,summoner-30505608,590,Power Of Dunk,Master,95,93,,169,138
590,summoner-70671089,591,a wild shampoo,Master,92,118,,525,490
591,summoner-19923074,592,Polyokov,Master,92,99,,367,339
592,summoner-44747167,593,KIYF Oromë,Master,92,87,,234,205
593,summoner-25172606,594,yunghampskrr,Master,91,124,,485,471
594,summoner-71347127,595,Cboi,Master,73,75,,161,131
595,summoner-60607879,596,Klaabu,Master,89,125,,333,314
596,summoner-29989390,597,WarHou,Master,89,60,,217,185
597,summoner-44894469,598,Toplane is alive,Master,87,101,,584,534
598,summoner-28881629,599,WOLVES Hero,Master,87,136,,380,348
599,summoner-108069804,600,Baba Yaga BM,Master,87,43,,105,48
600,summoner-106006866,601,361ufo,Master,86,72,,271,239
601,summoner-19345195,602,Arckk,Master,86,51,,175,104
602,summoner-25604288,603,213847120834712,Master,86,46,,95,63
603,summoner-23090113,604,FaçeMelter,Master,85,141,,603,582
604,summoner-20094017,605,GGE FindFinn,Master,87,119,,573,542
605,summoner-27376182,606,Crab Crab Crab,Master,103,142,,561,527
606,summoner-22339127,607,RIP XXXTentac1on,Master,85,74,,208,182
607,summoner-27694452,608,Caskey,Master,85,63,,131,98
608,summoner-93729897,609,Höder,Master,84,52,,169,139
609,summoner-38022855,610,Mistro Fan,Master,84,52,,120,90
610,summoner-50824372,611,ENC BurgerKing,Master,83,86,,235,203
611,summoner-24593081,612,iD Rharesh,Master,82,171,,668,629
612,summoner-19926370,613,Efias,Master,82,113,,337,318
613,summoner-51878342,614,PredaMoon,Master,82,98,,175,153
614,summoner-112146989,615,abcdefghijklmae,Master,82,45,,128,83
615,summoner-22252068,616,LlMIT,Master,79,109,,335,303
616,summoner-19803630,617,SupremeNibbaRaf,Master,79,82,,309,279
617,summoner-36967843,618,UrStepdadySinged,Master,79,92,,278,240
618,summoner-19654100,619,ŁaFleur,Master,78,99,,431,392
619,summoner-40089714,620,Fennec Atham,Master,78,91,,157,125
620,summoner-49534099,621,Membuang Kosong,Master,78,45,,94,63
621,summoner-84647572,622,Twisted Math,Master,78,41,,72,41
622,summoner-53148240,623,Erisu,Master,77,123,,377,346
623,summoner-33419262,624,MeIìodas,Master,77,106,,292,255
624,summoner-73600822,625,IgnasITZ,Master,77,111,,222,186
625,summoner-105996845,626,IlIIIllIIlIlllI,Master,77,70,,215,183
626,summoner-73987390,627,spierdaIaj,Master,77,64,,183,152
627,summoner-104060031,628,DG Kaiwen,Master,76,72,,239,157
628,summoner-24307686,629,Vitric,Master,75,120,,581,515
629,summoner-42135084,630,KwK MeLikePanda,Master,74,120,,411,386
630,summoner-26298067,631,Firsttry,Master,74,146,,251,206
631,summoner-90727956,632,Dopa YY,Master,74,52,,116,73
632,summoner-20093992,633,Satsumas,Master,74,82,,78,44
633,summoner-39167985,634,Manamune Ryze,Master,73,94,,276,245
634,summoner-25890785,635,Le GrandToplaner,Master,73,45,,96,69
635,summoner-77718098,636,SadlyIneverwin,Master,73,44,,79,42
636,summoner-49628047,637,Gugaz,Master,72,88,,330,305
637,summoner-101099227,638,G2 Rekkles,Master,72,54,,124,83
638,summoner-110656813,639,Mâmikok,Master,71,70,,272,206
639,summoner-108819121,640,cutepanda,Master,71,69,,175,119
640,summoner-52541588,641,Phalo,Master,71,66,,140,112
641,summoner-19451829,642,piapiupiu,Master,70,43,,87,52
642,summoner-31991205,643,JPI Brimstone,Master,69,114,,386,357
643,summoner-27438622,644,Sebastian L,Master,88,49,,185,113
644,summoner-23483486,645,xL Ripi,Master,68,95,,383,363
645,summoner-42256924,646,no typing,Master,68,70,,287,256
646,summoner-27330085,647,Yoyo Loko,Master,68,73,,160,130
647,summoner-19515504,648,xPrískornet,Master,67,78,,206,175
648,summoner-25602666,649,CG Hakuho,Master,67,46,,91,52
649,summoner-26161002,650,Kênshin,Master,66,153,,324,291
650,summoner-105986838,651,zeitnot361,Master,66,75,,285,255
651,summoner-71736807,652,IronRiderMax,Master,66,104,,264,236
652,summoner-62650480,653,Wood VII scrub,Master,66,41,,85,49
653,summoner-106777496,654,MarQ Sparrow,Master,65,96,,295,267
654,summoner-77629155,655,Dippasointed,Master,65,62,,220,184
655,summoner-19024737,656,PlagiaT,Master,65,60,,149,127
656,summoner-20797233,657,Mact0r,Master,64,70,,233,210
657,summoner-60943212,658,Umoraki,Master,44,83,,217,189
658,summoner-19236549,659,MTC Shitoo,Master,64,66,,203,177
659,summoner-38436818,660,godbro,Master,64,46,,103,70
660,summoner-22322085,661,Super sama,Master,62,80,,255,207
661,summoner-66786890,662,Dumbledoge69420x,Master,60,178,,720,710
662,summoner-32772336,663,MOBA Dahaka,Master,60,153,,628,608
663,summoner-60148157,664,Unlucky Top Main,Master,60,145,,510,478
664,summoner-21795169,665,warm feelings,Master,58,126,,718,663
665,summoner-34931855,666,TTW DerScampi,Master,94,124,,427,395
666,summoner-52685927,667,goodkiller1234,Master,58,115,,418,380
667,summoner-33081235,668,RCN aki,Master,58,130,,389,360
668,summoner-54107425,669,Best Lee Sin TW,Master,58,80,,282,246
669,summoner-31507262,670,ROG Bando,Master,57,145,,630,603
670,summoner-19692270,671,paulixe,Master,57,115,,404,363
671,summoner-90797784,672,PeteyGod1,Master,57,77,,357,329
672,summoner-32746971,673,Frozen wings,Master,57,46,,115,57
673,summoner-22869898,674,Comp1,Master,56,109,,467,447
674,summoner-103447759,675,Sweaty Wolf,Master,37,109,,231,194
675,summoner-88436910,676,ritoeasyman,Master,56,73,,218,186
676,summoner-40696824,677,MSF Chrisberg,Master,55,109,,391,355
677,summoner-20429674,678,Irode,Master,91,100,,360,327
678,summoner-95876997,679,im the sick boyy,Master,54,100,,371,346
679,summoner-20903279,680,qtFragola,Master,54,48,,178,104
680,summoner-22709393,681,VIT Attila,Master,53,94,,277,257
681,summoner-71931750,682,Heinikenn,Master,53,55,,241,160
682,summoner-20308708,683,V Giliuss,Master,52,106,,341,323
683,summoner-102588707,684,HG Bloody,Master,52,96,,291,262
684,summoner-27284586,685,JeanDidierGnar,Master,52,81,,111,80
685,summoner-85891511,686,Counter WPV,Master,56,86,,347,313
686,summoner-21235443,687,yikes ˆˆ,Master,51,93,,238,201
687,summoner-72897010,688,JD Kublocik,Master,51,85,,228,202
688,summoner-20401895,689,KittyMeMer,Master,51,71,,180,152
689,summoner-109547172,690,still numb,Master,50,118,,550,510
690,summoner-34582614,691,69 FodsenTÜV 69,Master,50,97,,162,132
691,summoner-100428387,692,Quinncidence,Master,49,62,,166,131
692,summoner-25581820,693,I Dont Play Meta,Master,49,83,,150,118
693,summoner-33219940,694,Dop1nder,Master,48,127,,600,569
694,summoner-100640175,695,Špatnej top,Master,48,120,,531,504
695,summoner-20399379,696,Amades,Master,48,78,,272,243
696,summoner-19191806,697,ImSøFresh,Master,48,66,,259,222
697,summoner-35918457,698,Bardoon,Master,48,82,,158,123
698,summoner-48847326,699,RR FâCe,Master,47,174,,466,432
699,summoner-86840010,700,PatkicaA,Master,47,105,,411,376
700,summoner-74406,701,MAD Falc0,Master,47,91,,332,321
701,summoner-29430870,702,DBL Nji,Master,46,133,,462,464
702,summoner-46017532,703,Lekcycc,Master,45,127,,435,400
703,summoner-21384952,704,Shubber,Master,45,127,,286,257
704,summoner-95137714,705,LGC import,Master,45,97,,272,243
705,summoner-19665650,706,Antonín Blaník,Master,45,70,,215,189
706,summoner-104896981,707,Zaphkiel IV,Master,45,55,,182,128
707,summoner-82480866,708,Vînsmoke Sanji,Master,81,144,,286,247
708,summoner-77727436,709,M1d K1ng,Master,44,62,,202,170
709,summoner-60529260,710,King Arthas v2,Master,44,57,,123,91
710,summoner-22128534,711,RoK1,Master,43,68,,180,146
711,summoner-106780365,712,WPE Cronos,Master,42,196,,202,157
712,summoner-27365791,713,Nylana,Master,41,126,,692,663
713,summoner-110777013,714,Abbie L9,Master,41,45,,107,61
714,summoner-41720617,715,Xxole,Master,40,137,,557,509
715,summoner-90356821,716,ShockWave1,Master,39,63,,146,118
716,summoner-19806326,717,misson way,Master,38,96,,453,430
717,summoner-131122,718,Shodaime,Master,37,87,,218,191
718,summoner-19225077,719,Terrick,Master,37,62,,150,116
719,summoner-37827453,720,Swòx,Master,37,65,,147,116
720,summoner-40523643,721,Hi im Myles,Master,37,122,,135,90
721,summoner-22395987,722,ParzıvaI,Master,36,158,,745,720
722,summoner-23218947,723,Milicaa,Master,36,92,,184,165
723,summoner-30530144,724,iRoxxzor,Master,36,40,,76,42
724,summoner-30813283,725,Tidebringer,Master,35,114,,356,329
725,summoner-42617523,726,SK Phrenic,Master,35,98,,306,284
726,summoner-20524585,727,DèLuXe,Master,34,97,,292,253
727,summoner-37187068,728,A Single Clap,Master,34,96,,287,257
728,summoner-25912682,729,DRG BioChipmunk,Master,34,117,,275,236
729,summoner-21479942,730,SPG SevenArmy,Master,34,52,,183,148
730,summoner-43292249,731,Kari no Saiten,Master,34,58,,170,137
731,summoner-94779994,732,CrepeChinoises,Master,34,73,,157,135
732,summoner-62507299,733,OJAI,Master,33,107,,150,118
733,summoner-21608172,734,A Memento,Master,33,50,,81,54
734,summoner-56986870,735,Kìng Xerath,Master,14,140,,621,586
735,summoner-24098563,736,Droox,Master,32,170,,380,339
736,summoner-23044128,737,God Verum,Master,32,104,,329,298
737,summoner-19615979,738,ChosenØne,Master,32,92,,252,223
738,summoner-101087212,739,Why u int myline,Master,32,68,,217,192
739,summoner-26388955,740,ESSKET1T,Master,31,115,,301,273
740,summoner-28900040,741,91508991,Master,31,91,,239,209
741,summoner-34599495,742,llllIIIIllIllI,Master,31,60,,176,140
742,summoner-46309720,743,Milf Police,Master,30,114,,367,333
743,summoner-51468734,744,OKGG Hernán,Master,30,119,,266,241
744,summoner-74066929,745,knurteerT,Master,30,56,,106,74
745,summoner-63689386,746,Painˉ,Master,29,140,,592,564
746,summoner-20410096,747,New folder kebab,Master,29,53,,100,78
747,summoner-20120351,748,Seelame,Master,28,123,,468,438
748,summoner-39947383,749,Soloq Hostage,Master,28,86,,322,295
749,summoner-27285320,750,G2V Nixerino,Master,28,50,,89,61
750,summoner-34627491,751,WAYNE R00NEY,Master,27,120,,452,423
751,summoner-103939773,752,Califfa,Master,27,53,,145,114
752,summoner-85749594,753,Wooliter,Master,27,52,,125,91
753,summoner-24475395,754,balanceteamXD,Master,26,123,,516,495
754,summoner-71727174,755,Camouflaged Bard,Master,26,92,,216,188
755,summoner-33543827,756,PELUK1NG,Master,25,123,,527,502
756,summoner-31096976,757,Kämpaglöd,Master,25,93,,279,240
757,summoner-20881158,758,YC Madness,Master,9,95,,197,173
758,summoner-39447682,759,Ofirsa,Master,25,61,,166,133
759,summoner-57881488,760,Decay0,Master,24,120,,596,574
760,summoner-19717072,761,Elite DoubleAiM,Master,24,103,,499,473
761,summoner-19766583,762,Kirrrra,Master,24,48,,128,93
762,summoner-59738889,763,KZ GorilIA,Master,21,48,,119,84
763,summoner-98048778,764,ClimbStairs,Master,21,59,,118,83
764,summoner-20055884,765,StormFuryy,Master,20,96,,420,393
765,summoner-101086949,766,E4E5E3EE4E4E4E4E,Master,20,82,,399,366
766,summoner-86860290,767,MeErid5an,Master,20,64,,210,166
767,summoner-34629222,768,Flametor,Master,19,100,,393,346
768,summoner-40125495,769,Cohle,Master,19,124,,383,346
769,summoner-31027178,770,M19 Nomanz,Master,19,108,,341,326
770,summoner-61287613,771,Dean v3,Master,19,78,,167,147
771,summoner-45781015,772,IlIlIlIIlllIllI,Master,19,67,,136,116
772,summoner-22548236,773,aR Kazeyami,Master,18,103,,307,270
773,summoner-19812932,774,ROG Choupa,Master,18,77,,301,271
774,summoner-72897275,775,rogu361,Master,39,78,,287,261
775,summoner-57797700,776,Seliorz,Master,18,67,,268,246
776,summoner-28567157,777,Gentside Saken,Master,18,77,,235,215
777,summoner-20806262,778,IIIlllIIIllllIII,Master,18,84,,193,174
778,summoner-23423070,779,mid season cba,Master,17,152,,722,707
779,summoner-20918894,780,ATL Nandisk0,Master,17,132,,529,501
780,summoner-34585124,781,Jules the biker,Master,17,84,,348,293
781,summoner-85557907,782,404 Rusty,Master,17,101,,324,266
782,summoner-80710095,783,KaliHG,Master,17,98,,296,253
783,summoner-21866391,784,SpOwOky,Master,17,104,,254,229
784,summoner-74066952,785,Nikolex o,Master,17,86,,214,186
785,summoner-97978922,786,Náyx,Master,17,100,,164,126
786,summoner-90730150,787,Carry Potter KEK,Master,17,52,,141,78
787,summoner-57989196,788,TRAP ABUSER,Master,17,72,,122,98
788,summoner-38819063,789,X10,Master,17,71,,117,100
789,summoner-30739891,790,Zehmox,Master,16,91,,306,280
790,summoner-101206956,791,Count To Ten,Master,16,71,,261,233
791,summoner-61182259,792,QMR Kyubi,Master,16,62,,178,143
792,summoner-100816955,793,kydesnik lvl 3,Master,16,65,,177,147
793,summoner-57933470,794,xKhantos3,Master,16,51,,145,112
794,summoner-58727216,795,Szczebrzeszyn,Master,0,64,,134,104
795,summoner-85340769,796,07 11 2000,Master,16,50,,125,90
796,summoner-20015467,797,Kitty Spearcat,Master,16,59,,109,72
797,summoner-22610949,798,Ashkan,Master,15,84,,308,281
798,summoner-67867479,799,Parânoia,Master,15,74,,211,192
799,summoner-72867484,800,Akenv2,Master,15,59,,171,138
800,summoner-20798332,801,TasteLess,Master,15,61,,102,75
801,summoner-20286035,802,KiKi,Master,14,70,,167,140
802,summoner-39654954,803,DuaIistdusk,Master,0,68,,233,206
803,summoner-45489382,804,Dîamante,Master,13,65,,182,127
804,summoner-104139694,805,Tasinthian,Master,28,67,,265,213
805,summoner-70199006,806,Ztý,Master,12,91,,225,192
806,summoner-85797041,807,CAP Pilter,Master,12,84,,179,146
807,summoner-21153964,808,Kitty in Space,Master,12,51,,153,86
808,summoner-69859011,809,Ręk,Master,9,115,,391,369
809,summoner-21034424,810,Anwar Jibawi,Master,10,58,,160,121
810,summoner-108388291,811,Ascendånt,Master,10,45,,136,82
811,summoner-89047047,812,Gwak Bo seong,Master,10,45,,87,60
812,summoner-32268112,813,Ieak,Master,10,42,,76,53
813,summoner-27427030,814,Achuu,Master,9,133,,622,580
814,summoner-19291685,815,Huikee Masa,Master,9,125,,598,570
815,summoner-23823899,816,SonOfFoolocracy,Master,9,109,,292,261
816,summoner-37118455,817,Zeikö,Master,8,117,,282,253
817,summoner-19294196,818,mxksi,Master,8,59,,127,67
818,summoner-70037385,819,Rektiv,Master,6,63,,178,155
819,summoner-91906920,820,LOVE CHERRY,Master,5,105,,311,242
820,summoner-79468215,821,ı cant lose,Master,5,80,,226,197
821,summoner-89997936,822,WoppaChobba,Master,3,92,,364,332
822,summoner-28396893,823,Ed Edd DoubleD,Master,20,75,,169,145
823,summoner-31744165,824,x4zicke4x,Master,2,147,,653,622
824,summoner-20228424,825,GL Fynnek,Master,2,116,,251,230
825,summoner-20308100,826,Aldwar,Master,2,78,,170,138
826,summoner-98030350,827,barrage,Master,1,99,,389,362
827,summoner-34593991,828,łÍÎÌÍIIIIIIIlla,Master,14,164,,1094,1068
828,summoner-20898665,829,Rìtix,Master,0,110,,589,565
829,summoner-19392222,830,SOMEJOIO,Master,0,137,,574,546
830,summoner-33228506,831,Flippers,Master,0,140,,567,543
831,summoner-41519155,832,Nurkka,Master,0,130,,488,453
832,summoner-35074507,833,SLY Katare,Master,0,111,,426,407
833,summoner-51873436,834,Tuomarí,Master,0,172,,421,388
834,summoner-34387108,835,Remix iwnl,Master,0,116,,419,393
835,summoner-19709206,836,Bubnik2,Master,0,114,,416,388
836,summoner-45197298,837,Odem of God,Master,0,109,,415,377
837,summoner-25615215,838,Darliko,Master,0,97,,411,386
838,summoner-24522208,839,MSF Prosfair,Master,0,112,,410,382
839,summoner-24547741,840,nash1c,Master,0,115,,405,379
840,summoner-28931680,841,IIIIiIiiiiIIIS,Master,0,122,,371,353
841,summoner-22442562,842,Best Riven EU,Master,0,96,,368,334
842,summoner-102657710,843,AeQ Pax,Master,0,152,,350,315
843,summoner-20052378,844,ˆˆˆˆˆˆˇˉ,Master,0,114,,340,315
844,summoner-19307647,845,S04 Boris,Master,0,89,,338,309
845,summoner-40966811,846,TheKinq Reborn,Master,0,86,,329,308
846,summoner-20815637,847,Shifter1,Master,0,85,,327,301
847,summoner-21940776,848,Mistrial 420,Master,0,77,,314,288
848,summoner-20089280,849,xLynge,Master,0,105,,313,289
849,summoner-105428365,850,Talonlonfarm3,Master,0,74,,302,249
850,summoner-23253725,851,danger dog,Master,0,113,,300,270
851,summoner-314249,852,VAE Grisen,Master,0,74,,294,266
852,summoner-44737145,853,a robot,Master,0,103,,293,272
853,summoner-31159182,854,SHK Own3r,Master,0,110,,284,248
854,summoner-38847936,855,Killakin,Master,0,104,,280,243
855,summoner-19806348,856,Bronson is Cool,Master,0,79,,278,258
856,summoner-21201351,857,xWxin Elovator,Master,0,69,,277,213
857,summoner-40509487,858,EGN Rubi0o,Master,0,110,,274,250
858,summoner-28566959,859,TF BlackSpeck,Master,0,129,,272,248
859,summoner-101217075,860,Divaaa,Master,0,78,,253,233
860,summoner-24232285,861,EZ Boomin,Master,14,77,,252,216
861,summoner-29812698,862,uP AZIADO,Master,0,94,,248,213
862,summoner-216216,863,letsfockinggo,Master,0,78,,237,210
863,summoner-86359553,864,whiteinn,Master,0,83,,236,208
864,summoner-68637057,865,Kaor1,Master,0,79,,225,201
865,summoner-39992544,866,ARMA Wydz,Master,0,91,,222,198
866,summoner-44334757,867,Branix,Diamond 1,50,90,,220,192
867,summoner-28360796,868,WORLÐSTAR,Master,0,81,,219,189
868,summoner-22695468,869,kk1,Master,0,79,,216,182
869,summoner-24516174,870,Flamer354,Master,0,71,,213,189
870,summoner-62587454,871,Weerty,Master,0,61,,212,173
871,summoner-71627033,872,SunBoxShine,Master,0,63,,204,168
872,summoner-107436968,873,merline,Master,0,65,,202,131
873,summoner-52102619,874,NSG Blaise,Master,0,82,,201,169
874,summoner-90519981,875,JUNGLER OR INT,Master,0,61,,199,173
875,summoner-19358917,876,Sarevain,Master,0,90,,199,169
876,summoner-24858123,877,Kd0 LFT,Master,0,56,,193,124
877,summoner-27378490,878,K1CK rhuckz,Master,0,99,,184,161
878,summoner-82746795,879,oXym0ron,Master,0,65,,182,159
879,summoner-79399860,880,UJEVICH,Master,0,63,,177,149
880,summoner-29242428,881,Zudii,Master,0,144,,177,127
881,summoner-25251278,882,Spank em,Master,0,66,,177,120
882,summoner-19338119,883,Wrâth,Master,0,61,,176,151
883,summoner-50427607,884,IlIIIIlllIlIl,Master,0,66,,171,132
884,summoner-47516812,885,iiihukainen,Master,0,71,,161,133
885,summoner-41969988,886,nEsfy,Master,0,50,,159,89
886,summoner-106508274,887,AeQ Influenza,Master,0,83,,156,104
887,summoner-20864588,888,Meleks,Master,0,62,,154,131
888,summoner-31055201,889,NSG Xizz3l,Master,0,120,,153,117
889,summoner-35552080,890,West,Master,0,92,,146,109
890,summoner-53117074,891,R Skude,Master,0,61,,142,116
891,summoner-42836780,892,stupidBARON,Master,0,47,,142,98
892,summoner-27105501,893,botgankpls,Master,0,68,,134,104
893,summoner-43729496,894,ZeroAriel,Master,0,54,,134,91
894,summoner-32187639,895,Necromartin,Master,0,57,,125,95
895,summoner-36178839,896,Trollnekton,Master,0,77,,124,91
896,summoner-106129585,897,Elias Ainswôrth,Master,0,45,,108,56
897,summoner-62846443,898,Stonegulf,Master,0,57,,107,56
898,summoner-43147417,899,R 3 F 0 R M E D,Master,0,69,,106,74
899,summoner-34473908,900,Mon mari estMORT,Master,0,65,,106,75
900,summoner-104099870,901,Mim1c,Master,0,41,,103,59
901,summoner-24624311,902,Schuhbart,Master,0,67,,97,64
902,summoner-97847240,903,Kamilla1998,Master,0,143,,95,63
903,summoner-22837857,904,Auzyris,Master,0,56,,93,65
904,summoner-39347709,905,21221518261518,Master,0,41,,81,52
905,summoner-87418748,906,MySubsAreTheBEST,Master,0,40,,76,42
906,summoner-108919022,907,Woman,Master,0,39,,73,27
907,summoner-104178743,908,Lov3PeachQuQ,Master,0,85,,64,35
908,summoner-94417774,909,Game is starting,Master,0,52,,60,39
909,summoner-86281767,910,d0m3ry,Diamond 1,100,147,,663,666
910,summoner-105722044,911,EW Snemand,Diamond 1,100,123,,644,593
911,summoner-91166883,912,Bananitoo,Diamond 1,97,122,,614,589
912,summoner-42238898,913,Neeku,Diamond 1,100,127,,613,585
913,summoner-27373986,914,DCG Unravel,Diamond 1,100,130,,508,486
914,summoner-33717309,915,Only Angel,Diamond 1,100,115,,480,453
915,summoner-388317,916,Tcejer,Diamond 1,100,95,,462,433
916,summoner-28324614,917,BadJunglerGoNext,Diamond 1,100,114,,454,420
917,summoner-22481879,918,I55555I,Diamond 1,100,99,,426,401
918,summoner-22877699,919,nice meta 123,Diamond 1,100,101,,409,379
919,summoner-22743897,920,AHG Xioh,Diamond 1,100,112,,394,362
920,summoner-27277106,921,ELS Zenoz,Diamond 1,100,121,,385,349
921,summoner-20137187,922,Wèrto,Diamond 1,100,109,,381,351
922,summoner-21605005,923,kamilius,Diamond 1,100,110,,374,362
923,summoner-28797261,924,GG sir,Diamond 1,100,129,,359,322
924,summoner-27373063,925,sLiM5h4dY,Diamond 1,100,97,,332,307
925,summoner-88928925,926,Pokurwiona Gra,Diamond 1,100,95,,318,300
926,summoner-22299480,927,ChrisZee,Diamond 1,100,101,,311,281
927,summoner-21632748,928,Hines,Diamond 1,100,85,,294,256
928,summoner-86559229,929,XOF NEDE,Diamond 1,100,79,,294,266
929,summoner-91457185,930,kopendowN,Diamond 1,100,88,,286,257
930,summoner-20160611,931,GO Toaster,Diamond 1,100,85,,280,251
931,summoner-23648147,932,Vezeir,Master,0,82,,254,227
932,summoner-44246835,933,Mighty Holy Cow,Diamond 1,100,71,,236,204
933,summoner-49702064,934,Witsyy,Diamond 1,100,108,,234,200
934,summoner-19024517,935,SLY Wakz,Diamond 1,100,82,,223,200
935,summoner-69372,936,Azra4TUNISIA,Master,0,100,,221,196
936,summoner-52199915,937,Lady Erzulie,Diamond 1,100,66,,205,166
937,summoner-52498103,938,leoelio,Diamond 1,100,74,,188,158
938,summoner-25939137,939,LEVEL 99 SHADOW,Diamond 1,100,93,,184,158
939,summoner-101717188,940,GetRengart,Diamond 1,100,63,,183,125
940,summoner-108598125,941,SkedenXDDD,Diamond 1,100,50,,157,106
941,summoner-23047991,942,Bluealertˆˉˆ,Diamond 1,100,90,,154,131
942,summoner-20276841,943,Viggomopsen,Diamond 1,100,65,,153,128
943,summoner-84376925,944,Szygendaen,Diamond 1,100,70,,143,107
944,summoner-79878951,945,be respectful,Diamond 1,100,61,,139,111
945,summoner-93227863,946,Girl Jungler,Diamond 1,100,49,,135,93
946,summoner-50874038,947,Teimpo,Diamond 1,100,45,,122,61
947,summoner-107227524,948,uzi is my dog,Diamond 1,100,60,,117,97
948,summoner-21719765,949,a goner,Diamond 1,100,57,,115,91
949,summoner-46606817,950,ISM N3crovision,Diamond 1,100,67,,98,74
950,summoner-32897842,951,SandwichStar,Diamond 1,100,45,,92,56
951,summoner-111717079,952,POTĘŻNY GEJ,Diamond 1,100,45,,60,12
952,summoner-21097399,953,Fredˇ,Diamond 1,99,96,,333,304
953,summoner-95617164,954,Reformed Tóp,Diamond 1,99,66,,248,219
954,summoner-52354438,955,KeyBlade2g,Diamond 1,99,74,,189,153
955,summoner-87767379,956,druckarnar,Diamond 1,99,48,,109,64
956,summoner-19901781,957,whatiknow,Diamond 1,99,49,,93,62
957,summoner-67035204,958,Swix9,Diamond 1,98,98,,189,154
958,summoner-35454505,959,Abariaa,Diamond 1,96,121,,381,354
959,summoner-106777097,960,ME ICE BREAKER,Diamond 1,96,89,,251,227
960,summoner-85891136,961,AeQ Scofield,Diamond 1,96,111,,163,142
961,summoner-29111049,962,Randog Player,Diamond 1,96,89,,101,68
962,summoner-23922329,963,btw i vape,Diamond 1,96,55,,82,52
963,summoner-97716793,964,King Dragún,Diamond 1,95,52,,101,71
964,summoner-235658,965,MITRIX,Diamond 1,100,140,,640,612
965,summoner-105359991,966,Saizõ,Diamond 1,94,81,,142,96
966,summoner-92269186,967,Jumpeon,Diamond 1,94,55,,80,52
967,summoner-27499934,968,Maikokoro,Diamond 1,94,110,,76,52
968,summoner-41521997,969,Random D Support,Diamond 1,93,47,,112,84
969,summoner-107227139,970,RuvSama,Diamond 1,93,41,,94,62
970,summoner-24798694,971,Teddy Vee,Diamond 1,93,102,,61,30
971,summoner-66799932,972,smurfwing70,Diamond 1,92,81,,164,112
972,summoner-101200933,973,TheArtOfGassing,Diamond 1,92,46,,107,53
973,summoner-41527734,974,Nijhuis,Diamond 1,92,62,,58,30
974,summoner-22838026,975,The Shy Onè v2,Diamond 1,91,74,,235,199
975,summoner-19068960,976,Ercinho,Diamond 1,91,66,,188,158
976,summoner-20437367,977,Vou morrer soon,Diamond 1,91,49,,100,71
977,summoner-105996827,978,dubi duba,Diamond 1,90,99,,434,404
978,summoner-22925602,979,SPG Kakan,Diamond 1,90,124,,416,394
979,summoner-27550839,980,aqpw,Diamond 1,90,82,,409,381
980,summoner-19458355,981,Smutna Żaba JPG,Diamond 1,90,91,,387,364
981,summoner-18998522,982,GoB GG,Diamond 1,90,109,,366,335
982,summoner-19097444,983,vón,Diamond 1,87,76,,337,294
983,summoner-20008579,984,Supportive Lion,Diamond 1,90,101,,298,277
984,summoner-27300940,985,EGN Nyx,Diamond 1,90,92,,252,227
985,summoner-80678465,986,Lil daddy OwO,Diamond 1,90,71,,242,205
986,summoner-25555474,987,Evelynn Ganking,Diamond 1,90,105,,229,181
987,summoner-109597418,988,Nefarious PIayer,Diamond 1,90,60,,225,185
988,summoner-104908192,989,LoneTestˉ,Diamond 1,90,64,,194,132
989,summoner-64118433,990,Qrvpnen,Diamond 1,90,71,,164,123
990,summoner-81577117,991,tyufghjbnm,Diamond 1,90,65,,162,127
991,summoner-20677091,992,Schwifty Stuti,Diamond 1,90,90,,149,124
992,summoner-29543594,993,Jvay,Diamond 1,90,49,,137,102
993,summoner-106927080,994,lolifox,Diamond 1,90,47,,122,51
994,summoner-52074290,995,ColdNikoSimple,Diamond 1,90,41,,114,51
995,summoner-19392767,996,Norscan,Diamond 1,90,54,,108,82
996,summoner-49031446,997,dont kill me plz,Diamond 1,90,105,,101,58
997,summoner-23169529,998,Zångetsu,Diamond 1,90,88,,94,61
998,summoner-58710129,999,KaliX Gr3k,Diamond 1,90,61,,88,64
999,summoner-103207355,1000,Woda,Diamond 1,89,85,,232,198
