#timestamp 1530198068616
#date 2018-06-28T15:01:08+00:00
#players 1000
#index,id,rank,name,tier,lp,level,proTeam,win,loss
0,summoner-16534242,1,TF BIade,Challenger,1185,44,,128,51
1,summoner-5470459,2,LAE xSWRD,Challenger,1093,71,,168,113
2,summoner-95820,3,VírusFx,Challenger,900,92,,133,70
3,summoner-144414,4,Kunou,Challenger,836,98,,138,87
4,summoner-41710,5,Pix CaritaTriste,Challenger,828,78,,138,76
5,summoner-2342030,6,Athyż,Challenger,813,93,,164,120
6,summoner-2281875,7,Hirotaka Nifuji,Challenger,778,120,,149,114
7,summoner-886644,8,vSack,Challenger,729,95,,192,157
8,summoner-6130219,9,Geohelado,Challenger,729,75,,169,131
9,summoner-1157126,10,bubbleman08,Challenger,631,91,,126,90
10,summoner-640255,11,Swifu,Challenger,626,110,,164,124
11,summoner-116294,12,MySunflower Dani,Challenger,618,101,,176,135
12,summoner-48057,13,Luha,Challenger,606,95,,174,144
13,summoner-5494753,14,Zorekk Onii Chan,Challenger,605,77,,155,115
14,summoner-348223,15,Miketsü,Challenger,592,92,,193,158
15,summoner-4571935,16,Fighter1,Challenger,588,46,,150,105
16,summoner-947428,17,TwitchTv Crecre,Challenger,578,89,,239,179
17,summoner-2322700,18,CGC S A M Y 2,Challenger,576,84,,189,149
18,summoner-139862,19,Säth,Challenger,566,130,,198,159
19,summoner-56961,20,JuanDrd435,Challenger,555,137,,309,264
20,summoner-4591052,21,BloodyLion,Challenger,525,70,,211,172
21,summoner-168284,22,SomosAsc0Deduo,Challenger,522,95,,204,178
22,summoner-6291753,23,Güereca,Challenger,520,51,,133,97
23,summoner-537764,24,Thief of Relics,Challenger,511,87,,156,126
24,summoner-215450,25,CLK1,Challenger,510,64,,215,175
25,summoner-50080,26,Jujo,Challenger,503,105,,134,93
26,summoner-418941,27,MadBlade,Challenger,502,69,,189,138
27,summoner-75295,28,Her Demon Fenix,Challenger,494,78,,125,96
28,summoner-8801194,29,Hand of Obelisk,Challenger,481,84,,211,173
29,summoner-524840,30,ShyKid,Challenger,480,75,,141,104
30,summoner-324984,31,Enryu The Red,Challenger,473,68,,238,188
31,summoner-1155001,32,el chinguita,Challenger,469,113,,206,171
32,summoner-4450189,33,tuabuelitaentang,Challenger,461,137,,123,91
33,summoner-61520,34,TES ArándanoAzul,Challenger,456,108,,150,110
34,summoner-11610140,35,Stròng,Challenger,455,65,,134,102
35,summoner-204315,36,lruga,Challenger,452,76,,283,255
36,summoner-112541,37,Snòopy,Challenger,447,74,,193,155
37,summoner-153625,38,Haka,Challenger,445,114,,166,138
38,summoner-2241940,39,GNO UmbraAP,Challenger,443,124,,195,162
39,summoner-44037,40,Trash Game,Challenger,437,88,,151,115
40,summoner-118870,41,Tu Guardián,Challenger,436,107,,153,118
41,summoner-4163836,42,Alex Mercér,Challenger,431,67,,152,129
42,summoner-10841439,43,LawlietLelouch,Challenger,425,87,,231,204
43,summoner-42749,44,Cliff0,Challenger,423,74,,252,196
44,summoner-2501105,45,No Øne,Challenger,423,104,,218,191
45,summoner-810373,46,NeoEclipsF0rever,Challenger,418,146,,134,103
46,summoner-392695,47,CGC S A M Y,Challenger,417,80,,213,174
47,summoner-851199,48,SAMMAHEL,Challenger,416,148,,508,482
48,summoner-156320,49,Mikesos,Challenger,407,172,,508,470
49,summoner-4511925,50,KarenCosy,Challenger,398,53,,131,79
50,summoner-403393,51,Un Pinguino Cool,Challenger,398,72,,130,87
51,summoner-5660236,52,KONTOL,Challenger,391,107,,304,274
52,summoner-98115,53,ReykoPa,Challenger,389,66,,137,113
53,summoner-1630586,54,Huevø Frito,Challenger,384,106,,163,114
54,summoner-488562,55,Nezumi,Challenger,372,103,,234,203
55,summoner-170093,56,FZXT,Challenger,365,65,,92,58
56,summoner-941191,57,BoñeIo,Challenger,362,80,,187,159
57,summoner-10233192,58,SaekoUndBlack,Challenger,361,37,,68,14
58,summoner-13643775,59,PAPAYlTA,Challenger,344,72,,277,246
59,summoner-33593,60,AG siegfred,Challenger,340,78,,145,120
60,summoner-39415,61,Vini,Challenger,334,66,,141,112
61,summoner-1566287,62,KhaelMa,Challenger,333,61,,172,146
62,summoner-841541,63,MadTedd,Challenger,332,67,,156,127
63,summoner-36473,64,Harahgon,Challenger,330,123,,379,347
64,summoner-142005,65,clantoz,Challenger,326,92,,164,123
65,summoner-8604015,66,Darkin,Challenger,323,99,,157,136
66,summoner-5090223,67,Tonight We Hunt,Challenger,321,203,,329,301
67,summoner-75118,68,Soran,Challenger,320,115,,193,166
68,summoner-2191160,69,MacCuin,Challenger,319,99,,181,155
69,summoner-41224,70,Kanra00,Challenger,319,70,,131,104
70,summoner-211236,71,Sebastien,Challenger,315,72,,205,169
71,summoner-1231471,72,I Aru I,Challenger,312,127,,367,327
72,summoner-162243,73,Legendary Lee,Challenger,303,59,,78,52
73,summoner-2122221,74,Trippïe Redd,Challenger,300,64,,133,104
74,summoner-1201237,75,Luprin,Challenger,295,76,,74,47
75,summoner-800898,76,MuffinsPodridos,Challenger,293,77,,177,130
76,summoner-176354,77,Crecre,Challenger,292,87,,365,306
77,summoner-213475,78,JesusCA,Challenger,292,64,,266,196
78,summoner-127811,79,CG Snow,Challenger,291,121,,468,432
79,summoner-919104,80,Maîck,Challenger,289,84,,162,137
80,summoner-622280,81,Fibrah,Challenger,289,46,,126,71
81,summoner-3304652,82,Noctix,Challenger,286,170,,486,444
82,summoner-331693,83,DarkShark10,Challenger,285,91,,349,319
83,summoner-181794,84,Lumi,Challenger,284,106,,165,149
84,summoner-210491,85,DGE BLACMAN,Challenger,283,114,,332,321
85,summoner-159044,86,Iana del rey,Challenger,282,49,,116,85
86,summoner-153065,87,mid lane banter,Challenger,281,59,,176,146
87,summoner-11762731,88,Sandër,Challenger,281,113,,171,146
88,summoner-1361857,89,Bryce Walker,Challenger,280,85,,231,218
89,summoner-1820423,90,Twitzze,Challenger,280,59,,195,138
90,summoner-5140831,91,Deiv1d,Challenger,275,75,,116,94
91,summoner-9781020,92,SkillHard,Challenger,272,155,,449,435
92,summoner-7204106,93,TG Re Zaidex,Challenger,272,119,,229,200
93,summoner-97956,94,Selfish Bastard,Challenger,272,68,,153,118
94,summoner-7680088,95,Estigia,Challenger,270,103,,114,91
95,summoner-6653525,96,SuperSave,Challenger,269,123,,193,170
96,summoner-5040611,97,Bebé Pinguino,Challenger,268,47,,80,45
97,summoner-1159062,98,SGT Sirius Can,Challenger,267,114,,248,232
98,summoner-208064,99,kodixia,Challenger,266,116,,213,185
99,summoner-32943,100,Yugí,Challenger,266,63,,133,104
100,summoner-43897,101,Aletsis,Challenger,265,88,,187,162
101,summoner-43094,102,Rossoneri,Challenger,265,80,,119,89
102,summoner-5660249,103,Soradg,Challenger,262,118,,164,145
103,summoner-1990286,104,Gekkø,Challenger,261,144,,454,425
104,summoner-157956,105,Rìku,Challenger,258,145,,104,80
105,summoner-990938,106,Aaronlb,Challenger,257,91,,258,222
106,summoner-1303280,107,Raylú,Challenger,252,124,,257,217
107,summoner-1172068,108,Kanye Wesst,Challenger,252,105,,140,119
108,summoner-5572510,109,NeonShy,Challenger,251,103,,257,231
109,summoner-296596,110,Andrea Motz,Challenger,250,122,,309,281
110,summoner-12830164,111,ØE Fas the Magi,Challenger,249,49,,115,85
111,summoner-156335,112,Kindle,Challenger,248,108,,239,221
112,summoner-15060130,113,fkin idiot,Challenger,230,55,,150,120
113,summoner-117620,114,chimera r2,Challenger,246,97,,319,303
114,summoner-211435,115,Tu Gypsi,Challenger,246,115,,216,187
115,summoner-157955,116,Daddy Eddie,Challenger,243,58,,143,111
116,summoner-138842,117,I Love Trump,Challenger,241,51,,177,59
117,summoner-33732,118,atlanta,Challenger,240,61,,112,90
118,summoner-1356449,119,Rμby,Challenger,239,134,,340,314
119,summoner-1070594,120,Lord Strider,Challenger,237,113,,148,123
120,summoner-2303376,121,Jikann,Challenger,236,98,,216,192
121,summoner-527786,122,SkyGless,Challenger,235,88,,314,299
122,summoner-213822,123,stay fresh,Challenger,233,104,,289,266
123,summoner-3571348,124,paulisTinA,Challenger,233,77,,177,142
124,summoner-1385807,125,Low elo trash,Challenger,233,54,,155,123
125,summoner-174950,126,NoLimit,Challenger,233,67,,144,121
126,summoner-40335,127,Prae,Challenger,231,139,,462,440
127,summoner-5651686,128,Duca,Challenger,228,95,,276,256
128,summoner-626956,129,alboaron,Challenger,228,53,,152,64
129,summoner-1396918,130,TwitchTv Danijrm,Challenger,227,54,,127,88
130,summoner-1396107,131,24 03 2014,Challenger,226,61,,162,116
131,summoner-64005,132,Sandroxx,Challenger,225,64,,100,74
132,summoner-5473863,133,Anderkiller76,Challenger,224,98,,255,229
133,summoner-99291,134,Tëmpest,Challenger,224,99,,187,127
134,summoner-409468,135,Säikou,Challenger,222,106,,155,138
135,summoner-16840166,136,BeijingBeef,Challenger,220,59,,209,130
136,summoner-1118998,137,Distortion,Challenger,220,116,,165,140
137,summoner-6551467,138,Ytterbium,Challenger,220,59,,153,113
138,summoner-825215,139,Nishkyu,Challenger,218,75,,253,192
139,summoner-2133568,140,Dixel,Challenger,217,73,,234,203
140,summoner-290915,141,A Sexy Waifu,Challenger,217,100,,157,132
141,summoner-33622,142,Lettiot,Challenger,217,93,,123,93
142,summoner-1090707,143,KutarraX,Challenger,216,72,,126,102
143,summoner-4107412,144,BorjaSOAD,Challenger,214,91,,114,87
144,summoner-203413,145,Andrew18,Challenger,209,109,,166,144
145,summoner-14101711,146,CGC S A M Y 3,Challenger,205,63,,178,134
146,summoner-394180,147,Crystal Molly,Challenger,204,136,,388,363
147,summoner-174213,148,Ábaddon,Challenger,203,87,,194,169
148,summoner-137657,149,Zethric,Challenger,203,132,,76,42
149,summoner-5020760,150,betatwinz,Challenger,202,44,,68,36
150,summoner-74750,151,Zcarnet,Challenger,197,96,,167,136
151,summoner-54396,152,MW Star,Challenger,194,143,,158,122
152,summoner-4601043,153,Xpontaneous,Challenger,193,54,,47,19
153,summoner-25753,154,Sh0ckwavee,Challenger,192,49,,62,33
154,summoner-4101200,155,Ainz Ooal GØwn,Challenger,189,150,,641,614
155,summoner-171271,156,Pichu,Challenger,189,89,,302,281
156,summoner-14640442,157,PAPAY1TA,Challenger,189,48,,126,83
157,summoner-198637,158,Mythical Dog,Challenger,186,127,,314,281
158,summoner-130256,159,Papi Jodin,Challenger,182,72,,208,187
159,summoner-3313144,160,Nirati,Challenger,178,118,,242,185
160,summoner-1051840,161,Olivia,Challenger,178,115,,166,146
161,summoner-6003403,162,betatwins,Challenger,177,118,,377,348
162,summoner-63089,163,Thundraz,Challenger,176,132,,166,148
163,summoner-9173721,164,Blakzx,Challenger,176,98,,151,131
164,summoner-290618,165,MaeBlade,Challenger,174,95,,147,106
165,summoner-136713,166,ENG yisus,Challenger,172,95,,230,200
166,summoner-540221,167,Meme King,Challenger,171,107,,212,192
167,summoner-41511,168,LiiiiT,Challenger,170,60,,203,181
168,summoner-523229,169,Supraga,Challenger,167,112,,338,307
169,summoner-5710759,170,BlìndWalker,Challenger,167,75,,303,234
170,summoner-597117,171,Fazz,Challenger,163,115,,271,251
171,summoner-161248,172,Huxy,Challenger,162,91,,259,238
172,summoner-3532481,173,Sithys,Challenger,159,150,,151,122
173,summoner-1220127,174,Kanizalez,Challenger,157,96,,247,222
174,summoner-2260260,175,King Wukong,Challenger,156,114,,143,120
175,summoner-413636,176,VLK Sunriser,Challenger,155,57,,114,80
176,summoner-361221,177,Krezuel,Challenger,154,115,,206,198
177,summoner-197368,178,Góhan,Challenger,154,53,,117,104
178,summoner-310350,179,GLG Honoka,Challenger,153,61,,125,105
179,summoner-3143261,180,Sister,Challenger,153,68,,105,81
180,summoner-545546,181,Acuarelas,Challenger,152,107,,128,108
181,summoner-4534154,182,Wb Taco,Challenger,150,113,,135,103
182,summoner-208654,183,Crensil Diva,Challenger,148,90,,145,115
183,summoner-14690856,184,RoyaumLAN,Challenger,147,73,,268,200
184,summoner-1735450,185,Kirâ,Challenger,145,39,,55,23
185,summoner-2941141,186,JaquenHaghar,Challenger,143,81,,226,206
186,summoner-152128,187,Extravagance,Challenger,142,52,,161,134
187,summoner-135079,188,HandGun,Challenger,140,96,,294,270
188,summoner-12191961,189,S2 Kurama,Challenger,139,104,,278,234
189,summoner-5513539,190,TC Bunny,Challenger,136,137,,274,256
190,summoner-77347,191,Codename00,Challenger,136,60,,187,169
191,summoner-76695,192,Sterbenn,Challenger,136,116,,160,133
192,summoner-7472180,193,NA Fearuz,Challenger,133,54,,119,86
193,summoner-435308,194,Thelorien,Challenger,130,120,,135,105
194,summoner-177367,195,TOXICCCCCCCCCCCC,Challenger,127,48,,125,96
195,summoner-93056,196,YSalex,Challenger,126,117,,349,334
196,summoner-6620183,197,Vidal,Challenger,119,96,,206,190
197,summoner-8153304,198,MòöMöóMiLK,Challenger,114,141,,486,475
198,summoner-36834,199,EvoleX,Challenger,113,108,,216,215
199,summoner-74002,200,Nils,Challenger,113,89,,141,127
200,summoner-2104807,201,z100DeCilantro,Master,125,35,,58,9
201,summoner-4311308,202,How to,Master,115,104,,215,192
202,summoner-877490,203,Goofy Goober,Master,115,205,,122,96
203,summoner-7153584,204,Neitzsche,Master,114,129,,226,188
204,summoner-111038,205,Lesoinne,Master,114,72,,169,142
205,summoner-11577579,206,Juego Solo top,Master,114,74,,158,137
206,summoner-2544168,207,Líl,Master,112,87,,190,166
207,summoner-1404541,208,TONYTROXES,Master,108,78,,187,163
208,summoner-3943350,209,Chevîs,Master,106,90,,160,132
209,summoner-13050146,210,RNG 55open,Master,105,134,,161,139
210,summoner-935643,211,Amigo Grifo,Master,68,82,,156,146
211,summoner-150582,212,El Dios Guashi,Master,102,82,,253,232
212,summoner-16321895,213,Drasiel,Master,102,60,,175,125
213,summoner-531488,214,Carillon,Master,102,57,,73,52
214,summoner-13482525,215,StarBunny,Master,100,52,,100,59
215,summoner-1323789,216,ZoneDark,Master,98,69,,169,155
216,summoner-151439,217,ricopolllo,Master,97,110,,291,270
217,summoner-6250197,218,Hakuryuu Reen,Master,97,83,,273,250
218,summoner-3480131,219,Doug,Master,96,44,,90,39
219,summoner-8581685,220,FLA Kamui,Master,92,127,,427,410
220,summoner-2000186,221,AdLarry,Master,90,70,,183,140
221,summoner-35651,222,Soul Worker,Master,89,73,,97,81
222,summoner-14610241,223,ltsukakotori,Master,89,64,,79,56
223,summoner-330609,224,Carlos V,Master,88,107,,430,412
224,summoner-3830362,225,MarchedWaif89,Master,86,126,,435,427
225,summoner-4127893,226,Elekape,Master,86,100,,164,141
226,summoner-15973031,227,Inli,Master,85,43,,112,64
227,summoner-303207,228,Bebe Shaka,Master,84,150,,283,261
228,summoner-1164376,229,Momo Hirai,Master,81,92,,308,286
229,summoner-93208,230,pxry,Master,81,64,,109,90
230,summoner-437429,231,Kyuo,Master,80,99,,75,53
231,summoner-15300174,232,Levis petrus,Master,78,51,,144,86
232,summoner-2601343,233,iFeedMe,Master,75,73,,234,222
233,summoner-1571472,234,Soy Paul,Master,72,51,,89,64
234,summoner-14231555,235,Doctrina Egoista,Master,69,53,,135,92
235,summoner-1546393,236,Jedi Form VII,Master,68,66,,179,147
236,summoner-147250,237,Maggatt,Master,67,90,,184,167
237,summoner-520325,238,Yaelonu,Master,65,94,,163,146
238,summoner-285221,239,iTheEpicReaper,Master,65,83,,143,117
239,summoner-545911,240,Psicología,Master,64,102,,257,236
240,summoner-1764966,241,CerquilloTilted,Master,63,65,,228,196
241,summoner-488455,242,Bareh,Master,62,96,,294,276
242,summoner-210553,243,Aniivia,Master,62,47,,83,59
243,summoner-126144,244,Te Amo Fanny,Master,62,68,,72,56
244,summoner-1595762,245,Isá Dainsleif,Master,61,142,,333,315
245,summoner-1941206,246,JbayJbs,Master,60,86,,106,60
246,summoner-16410630,247,MW Typhoon,Master,60,61,,102,57
247,summoner-3422162,248,danielmlds,Master,58,77,,265,197
248,summoner-501216,249,1Rem,Master,57,105,,244,239
249,summoner-3740366,250,Carnage Rules,Master,56,136,,467,459
250,summoner-52722,251,ØE Limitationss,Master,56,49,,69,51
251,summoner-4782124,252,El humilde Yusty,Master,53,62,,186,139
252,summoner-38617,253,Pëanut,Master,53,125,,99,80
253,summoner-13180512,254,Dmitri Putin,Master,53,83,,77,49
254,summoner-4443939,255,Ashtray,Master,52,155,,537,523
255,summoner-329765,256,CentenaryWarrior,Master,51,133,,436,412
256,summoner-188977,257,Doppel,Master,51,82,,145,130
257,summoner-132278,258,rëdnaS,Master,66,52,,154,87
258,summoner-14611994,259,Malantë,Master,49,58,,122,98
259,summoner-1149078,260,Pandas Iove,Master,49,85,,63,47
260,summoner-341551,261,Makeuz,Master,48,140,,414,402
261,summoner-92697,262,Allign,Master,48,39,,86,41
262,summoner-945818,263,Santíago,Master,46,68,,127,108
263,summoner-136168,264,Nihilist Örlando,Master,44,111,,352,343
264,summoner-20563,265,add 4 web design,Master,44,85,,204,196
265,summoner-3340222,266,Chiquinquira IJ,Master,44,135,,113,80
266,summoner-90933,267,Mìanare,Master,43,80,,134,115
267,summoner-10341706,268,asth4rotwan,Master,42,104,,181,172
268,summoner-3462881,269,Panda Tom,Master,41,142,,351,337
269,summoner-91326,270,Z Ø Ð I A C,Master,41,97,,283,264
270,summoner-3500800,271,Gweiss ENP,Master,41,103,,273,258
271,summoner-1273292,272,ezpate,Master,39,108,,280,270
272,summoner-15334874,273,Shìnon,Master,38,57,,175,139
273,summoner-201606,274,Broodich,Master,36,98,,181,166
274,summoner-4882455,275,Nightwolf9,Master,35,133,,302,278
275,summoner-500822,276,Kuul,Master,32,95,,135,118
276,summoner-212364,277,VLK Equalizer,Master,32,67,,118,97
277,summoner-6532932,278,Andresu7,Master,29,100,,302,280
278,summoner-3720694,279,FnR Kush,Master,28,122,,267,244
279,summoner-3853491,280,Infamous,Master,28,129,,225,202
280,summoner-1021337,281,King Monaco,Master,27,66,,188,170
281,summoner-438977,282,N l G H T,Master,26,171,,439,425
282,summoner-1524175,283,VTR,Master,26,90,,175,161
283,summoner-154798,284,Miguël,Master,24,96,,293,263
284,summoner-5613974,285,Josh2Play,Master,22,89,,173,138
285,summoner-280323,286,Cookiezai,Master,22,111,,106,81
286,summoner-2871352,287,Old West,Master,21,115,,167,134
287,summoner-65195,288,AnT Roski,Master,20,66,,76,50
288,summoner-372135,289,EL Uber,Master,20,102,,72,51
289,summoner-3931575,290,Lann,Master,19,127,,130,103
290,summoner-155309,291,Diretlan,Master,18,82,,227,206
291,summoner-9751556,292,Ing Quimico,Master,17,80,,149,120
292,summoner-139360,293,Darps,Master,16,55,,131,114
293,summoner-2052468,294,UnicornG,Master,15,85,,183,174
294,summoner-12950189,295,E Bfriend,Master,15,46,,99,69
295,summoner-166992,296,LuxiernagaMatona,Master,14,105,,243,204
296,summoner-68678,297,HazärD,Master,10,89,,119,103
297,summoner-523266,298,Protego,Master,4,106,,164,141
298,summoner-8150289,299,Satsuki Yone,Master,0,135,,527,506
299,summoner-1531657,300,Fallen IV,Master,0,108,,249,229
300,summoner-440349,301,EDGARTOYIN,Master,0,84,,244,231
301,summoner-1540456,302,Feple,Master,0,71,,217,180
302,summoner-129918,303,El Chuky Lozano,Master,0,119,,199,182
303,summoner-433265,304,Lord 4SaKeN,Master,0,95,,162,147
304,summoner-4903905,305,RafflesGaming,Master,0,84,,150,135
305,summoner-22299,306,Redscorpy,Master,0,139,,147,127
306,summoner-452765,307,ill kms,Master,0,55,,145,111
307,summoner-941797,308,Tiltalin,Master,0,69,,133,97
308,summoner-876702,309,Regulus no Leo,Master,0,69,,130,112
309,summoner-431286,310,Biboom,Master,0,73,,112,87
310,summoner-181695,311,0utsider,Master,0,75,,111,85
311,summoner-284287,312,Rangerswer,Master,0,90,,107,92
312,summoner-16830174,313,HambertHM,Master,0,54,,106,72
313,summoner-615010,314,Top sin TP,Master,0,97,,98,73
314,summoner-5932534,315,Noriel,Master,0,47,,88,65
315,summoner-158774,316,Gâto,Master,0,48,,87,56
316,summoner-2630739,317,Kitorinho,Master,0,47,,65,43
317,summoner-562204,318,Zask,Master,0,66,,39,15
318,summoner-148297,319,20141231,Diamond 1,100,161,,417,403
319,summoner-378449,320,Khey,Diamond 1,100,99,,306,287
320,summoner-288785,321,Ásura,Diamond 1,100,115,,266,252
321,summoner-1790148,322,AQUILESCANTO2,Diamond 1,100,104,,222,189
322,summoner-4601098,323,CSGblackrock,Diamond 1,100,85,,219,198
323,summoner-593537,324,Nasus top orfeed,Diamond 1,100,106,,155,137
324,summoner-144467,325,Chucknight,Diamond 1,100,97,,144,128
325,summoner-365511,326,Eudus,Diamond 1,100,101,,144,112
326,summoner-32016,327,H O R A T I T O,Diamond 1,100,67,,126,108
327,summoner-130561,328,Xilss,Diamond 1,100,94,,110,82
328,summoner-325957,329,RèiN,Diamond 1,100,71,,104,80
329,summoner-622005,330,Miss Pamela Chu,Diamond 1,100,68,,92,76
330,summoner-293255,331,Devoch,Diamond 1,100,88,,59,32
331,summoner-2084890,332,chapaliku,Diamond 1,100,87,,44,27
332,summoner-552760,333,KC MidSlayer,Diamond 1,99,94,,171,143
333,summoner-177587,334,Fallouch,Diamond 1,97,117,,157,140
334,summoner-303787,335,Fatal,Diamond 1,97,67,,75,59
335,summoner-7132675,336,Justin LFT 2,Diamond 1,97,41,,58,29
336,summoner-1531157,337,Dobleshot,Diamond 1,96,60,,172,117
337,summoner-153891,338,Dkram,Diamond 1,96,67,,127,115
338,summoner-873834,339,Ricardo Motta,Diamond 1,96,70,,79,66
339,summoner-1292652,340,l  Jamon  l,Diamond 1,95,95,,116,97
340,summoner-9974185,341,Tilted Meteoro,Diamond 1,95,44,,42,18
341,summoner-10842590,342,edwinkirito LAN,Diamond 1,94,79,,130,118
342,summoner-652463,343,Amnesía,Diamond 1,93,99,,162,142
343,summoner-1159889,344,Hamy,Diamond 1,90,99,,253,226
344,summoner-37636,345,Kastiel,Diamond 1,90,93,,198,160
345,summoner-333945,346,Alex Ov,Diamond 1,90,72,,189,185
346,summoner-119001,347,Scythes,Diamond 1,90,79,,170,150
347,summoner-8341551,348,Lankor,Diamond 1,90,99,,158,147
348,summoner-2343019,349,ARTIFIZES,Diamond 1,90,61,,151,132
349,summoner-3520800,350,xamexxdroxer,Diamond 1,90,102,,150,129
350,summoner-4621033,351,Red Trainer,Diamond 1,90,55,,133,105
351,summoner-3324306,352,xXAKILESVAESTAXx,Diamond 1,90,65,,112,63
352,summoner-426366,353,Saving,Diamond 1,90,50,,108,74
353,summoner-219008,354,Shadesu,Diamond 1,90,74,,99,66
354,summoner-423742,355,Sanha,Diamond 1,90,129,,98,68
355,summoner-676489,356,Inky Veil,Diamond 1,90,65,,97,53
356,summoner-4902286,357,Fürer Reich,Diamond 1,90,55,,85,69
357,summoner-1152178,358,Jose12gab,Diamond 1,90,37,,58,19
358,summoner-9974340,359,DeriD,Diamond 1,90,60,,42,26
359,summoner-1376330,360,JuanStan,Diamond 1,89,105,,271,260
360,summoner-28055,361,Redkaz,Diamond 1,89,110,,190,158
361,summoner-40012,362,Lloyd12,Diamond 1,89,69,,54,23
362,summoner-1777510,363,KR0 Nian,Diamond 1,88,83,,93,75
363,summoner-1523085,364,matadorcirijiyo,Diamond 1,88,104,,92,77
364,summoner-427397,365,Zonixer,Diamond 1,88,83,,58,39
365,summoner-15960146,366,Angelus,Diamond 1,87,63,,229,192
366,summoner-1397595,367,skarche31,Diamond 1,87,53,,170,75
367,summoner-657505,368,TU JEFA,Diamond 1,87,69,,140,104
368,summoner-670630,369,Yuuna,Diamond 1,87,63,,115,80
369,summoner-217410,370,WhitDude,Diamond 1,85,90,,154,138
370,summoner-920105,371,Softdrink870,Diamond 1,85,85,,138,101
371,summoner-397019,372,lJuanma,Diamond 1,85,111,,129,106
372,summoner-9673380,373,Netzukadas,Diamond 1,85,67,,117,79
373,summoner-908592,374,Menfrox,Diamond 1,85,50,,96,67
374,summoner-16132471,375,Almondia,Diamond 1,83,41,,81,39
375,summoner-128460,376,Slayer galactico,Diamond 1,82,63,,125,109
376,summoner-138251,377,Quesíto,Diamond 1,82,131,,77,62
377,summoner-1367691,378,CatSempai,Diamond 1,82,38,,48,24
378,summoner-204170,379,Shykop,Diamond 1,82,65,,45,26
379,summoner-89757,380,Nosco,Diamond 1,81,72,,230,211
380,summoner-294748,381,Muzeh,Diamond 1,81,78,,133,119
381,summoner-1775562,382,White Nightmare,Diamond 1,81,96,,126,106
382,summoner-2213274,383,Pervertito,Diamond 1,80,64,,163,152
383,summoner-530613,384,Potluck,Diamond 1,80,85,,66,49
384,summoner-11530278,385,NiñoRata463,Diamond 1,77,73,,165,147
385,summoner-292776,386,No juego lol,Diamond 1,77,54,,126,107
386,summoner-537831,387,N5 Rach,Diamond 1,77,74,,114,97
387,summoner-177305,388,God Mata,Diamond 1,77,49,,91,71
388,summoner-328354,389,dont noobs,Diamond 1,76,71,,73,60
389,summoner-104671,390,ZelCross,Diamond 1,75,102,,325,306
390,summoner-7647944,391,Feeple,Diamond 1,75,79,,275,212
391,summoner-366242,392,Amo mis bíceps,Diamond 1,75,124,,274,260
392,summoner-4720242,393,Laxse,Diamond 1,75,100,,264,228
393,summoner-557073,394,C3 RedMagic,Diamond 1,75,73,,261,226
394,summoner-12692888,395,Lucian ADC,Diamond 1,75,71,,254,211
395,summoner-85590,396,Pikachu gr,Diamond 1,75,79,,248,232
396,summoner-1740857,397,Jauny,Diamond 1,75,91,,223,173
397,summoner-6313454,398,CougarDai,Diamond 1,75,74,,217,197
398,summoner-416409,399,Mágaña,Diamond 1,75,80,,215,199
399,summoner-119645,400,MTH AlBREIK,Diamond 1,75,114,,211,181
400,summoner-40147,401,Diamond Stuck,Diamond 1,75,148,,206,189
401,summoner-171009,402,PuuRplE,Diamond 1,75,111,,203,179
402,summoner-10020131,403,z z,Diamond 1,75,102,,163,132
403,summoner-11600165,404,Rocket Råccoon,Diamond 1,75,133,,159,132
404,summoner-674461,405,1hollow3,Diamond 1,75,64,,159,137
405,summoner-58615,406,Chomi  µ,Diamond 1,75,87,,153,123
406,summoner-28881,407,Killastorm,Diamond 1,75,67,,151,128
407,summoner-14375080,408,appohC,Diamond 1,75,51,,148,94
408,summoner-14745216,409,Kaizeneka A,Diamond 1,75,66,,144,108
409,summoner-3182235,410,SoloAlguien,Diamond 1,75,112,,143,147
410,summoner-16270127,411,TheFakerRD,Diamond 1,75,75,,140,111
411,summoner-109838,412,Terquito,Diamond 1,75,90,,134,108
412,summoner-15180136,413,Fikuwu,Diamond 1,75,72,,131,106
413,summoner-198009,414,T 4 R Z A N,Diamond 1,75,51,,129,96
414,summoner-200362,415,Bruse Waynex,Diamond 1,75,47,,127,77
415,summoner-212665,416,Wolf Franky,Diamond 1,75,52,,126,102
416,summoner-292746,417,Hakie,Diamond 1,75,67,,121,92
417,summoner-73125,418,LeftALone,Diamond 1,75,99,,120,89
418,summoner-1042775,419,Whité,Diamond 1,75,60,,115,94
419,summoner-13311629,420,Diginerg,Diamond 1,75,47,,110,75
420,summoner-4113436,421,Kc TeamRem,Diamond 1,75,88,,107,81
421,summoner-3680243,422,MichaelXBoyser,Diamond 1,75,56,,106,50
422,summoner-815305,423,Nea,Diamond 1,75,101,,103,88
423,summoner-142400,424,Sxecurity,Diamond 1,75,63,,101,81
424,summoner-2033825,425,öttovaG,Diamond 1,75,51,,95,56
425,summoner-2400971,426,DonPacs,Diamond 1,75,70,,95,60
426,summoner-58310,427,LennyLeonard,Diamond 1,75,68,,92,61
427,summoner-2622412,428,TwchTV ARRRmando,Diamond 1,75,47,,90,71
428,summoner-615119,429,Khorix,Diamond 1,75,65,,86,71
429,summoner-15280182,430,Poropops,Diamond 1,75,50,,81,43
430,summoner-2831773,431,The King McFly,Diamond 1,75,117,,80,58
431,summoner-1315791,432,NeeeerzhuL,Diamond 1,75,59,,78,44
432,summoner-2230732,433,RIP XXXTENTACION,Diamond 1,75,43,,75,32
433,summoner-1620159,434,IcyDrak,Diamond 1,75,42,,72,42
434,summoner-629040,435,ØE Tyr,Diamond 1,75,71,,69,36
435,summoner-31930,436,SIushi,Diamond 1,75,55,,55,30
436,summoner-3104008,437,Deadly Insanity,Diamond 1,74,107,,152,136
437,summoner-6083542,438,LFT Avhernox,Diamond 1,74,59,,93,74
438,summoner-15452277,439,TwTv Danijrm,Diamond 1,74,41,,69,31
439,summoner-1377608,440,Nukter xD 69,Diamond 1,73,87,,156,151
440,summoner-3574195,441,Phyrfns,Diamond 1,73,77,,82,71
441,summoner-47969,442,Genarox Kid,Diamond 1,73,79,,78,51
442,summoner-4670397,443,lxNeteroxl,Diamond 1,73,64,,69,46
443,summoner-5002722,444,CaptainElroy,Diamond 1,72,60,,229,182
444,summoner-3942356,445,TSP Sn1p3rr,Diamond 1,72,73,,98,76
445,summoner-63556,446,Bolita Erótica,Diamond 1,71,92,,170,155
446,summoner-522106,447,The Dirty Man,Diamond 1,71,47,,97,82
447,summoner-4607522,448,Darling,Diamond 1,71,45,,84,50
448,summoner-391560,449,Mataz,Diamond 1,70,69,,127,114
449,summoner-2061006,450,l tsubaki l,Diamond 1,70,47,,113,96
450,summoner-15070212,451,BirdsInTheTrap,Diamond 1,70,49,,101,43
451,summoner-3734374,452,Féng,Diamond 1,70,45,,59,29
452,summoner-203336,453,Akjester,Diamond 1,69,83,,117,96
453,summoner-2062267,454,NickArc,Diamond 1,69,124,,114,89
454,summoner-813006,455,agosaurio,Diamond 1,68,108,,280,261
455,summoner-281221,456,Guerecaxd,Diamond 1,68,58,,121,104
456,summoner-3854339,457,Pokemon Champion,Diamond 1,67,109,,124,83
457,summoner-1033036,458,Ichiik46,Diamond 1,67,59,,111,90
458,summoner-15891692,459,Santi Rank 1,Diamond 1,67,45,,100,67
459,summoner-166210,460,Sycotiz,Diamond 1,67,60,,82,64
460,summoner-60466,461,N5 Garçon,Diamond 1,67,84,,63,51
461,summoner-8644313,462,BIackPink,Diamond 1,67,40,,46,14
462,summoner-4602310,463,EG Šhy Jungler,Diamond 1,66,147,,439,440
463,summoner-270388,464,VizAbuelo,Diamond 1,66,108,,207,188
464,summoner-427873,465,Develion,Diamond 1,66,99,,120,105
465,summoner-321958,466,Míkoto,Diamond 1,66,65,,117,92
466,summoner-36323,467,pokemexta2,Diamond 1,66,53,,75,57
467,summoner-415789,468,Not single btw,Diamond 1,66,67,,42,25
468,summoner-1755142,469,King Kittan,Diamond 1,65,82,,252,236
469,summoner-42513,470,El Paté Centeno,Diamond 1,65,64,,131,98
470,summoner-5890190,471,Hidden Clone,Diamond 1,65,85,,63,46
471,summoner-9710161,472,King of the Lane,Diamond 1,64,64,,196,177
472,summoner-1398245,473,Levidant Joestar,Diamond 1,64,107,,159,132
473,summoner-1553487,474,The Crimson Star,Diamond 1,64,95,,138,115
474,summoner-2231373,475,DoomwaR,Diamond 1,63,105,,364,350
475,summoner-168313,476,Reformed Adc,Diamond 1,62,55,,122,107
476,summoner-670775,477,Shieldworm,Diamond 1,61,113,,271,263
477,summoner-15030694,478,GankedByElChapo,Diamond 1,61,71,,212,169
478,summoner-4118306,479,0XxCarlitosxX0,Diamond 1,61,83,,179,76
479,summoner-9632211,480,pentakill1997,Diamond 1,61,69,,128,49
480,summoner-145911,481,tactics88,Diamond 1,61,48,,57,33
481,summoner-2853493,482,Salsami,Diamond 1,60,137,,434,432
482,summoner-1404528,483,CDA Simi,Diamond 1,60,72,,128,101
483,summoner-3834209,484,Dya,Diamond 1,60,117,,108,81
484,summoner-12571167,485,NerF reckles,Diamond 1,59,63,,120,105
485,summoner-935464,486,Devours Bread,Diamond 1,59,115,,115,95
486,summoner-550619,487,Zörek,Diamond 1,59,66,,72,54
487,summoner-10470148,488,IShockk,Diamond 1,58,107,,223,204
488,summoner-45479,489,Agape,Diamond 1,58,91,,210,196
489,summoner-137644,490,ENG Riverbear,Diamond 1,58,95,,133,114
490,summoner-2190509,491,Hugrock,Diamond 1,58,85,,109,99
491,summoner-68704,492,HellAngeal,Diamond 1,58,54,,105,84
492,summoner-409526,493,ClockworkApricot,Diamond 1,57,88,,324,282
493,summoner-362379,494,Tawwuh,Diamond 1,56,115,,381,357
494,summoner-378426,495,Ssahka ll,Diamond 1,56,91,,284,278
495,summoner-95053,496,Im Josho,Diamond 1,56,76,,162,136
496,summoner-13340794,497,KZ Hyacinth,Diamond 1,56,58,,132,51
497,summoner-1559417,498,Hserul,Diamond 1,56,70,,99,86
498,summoner-2290591,499,Suck My Lantern,Diamond 1,56,99,,96,62
499,summoner-572077,500,2v diplo dog,Diamond 1,56,77,,85,61
500,summoner-1140514,501,ALM Herø,Diamond 1,55,92,,175,163
501,summoner-4068954,502,xAEvi,Diamond 1,55,58,,134,68
502,summoner-665310,503,HI IM NIGLET,Diamond 1,55,72,,125,108
503,summoner-157102,504,Jairomedusa,Diamond 1,54,73,,160,144
504,summoner-1783769,505,KSV CoreJJ,Diamond 1,54,61,,116,99
505,summoner-133109,506,Justlikethat,Diamond 1,54,67,,105,92
506,summoner-1582421,507,MartinSON,Diamond 1,53,99,,317,304
507,summoner-297928,508,XoniCC,Diamond 1,53,93,,251,232
508,summoner-1537815,509,Paziionate,Diamond 1,53,66,,223,208
509,summoner-6813892,510,is dat her,Diamond 1,53,37,,40,14
510,summoner-71556,511,iHueco,Diamond 1,52,97,,201,181
511,summoner-4561887,512,Rapid,Diamond 1,52,76,,173,160
512,summoner-102290,513,Heimy,Diamond 1,52,67,,142,124
513,summoner-1104107,514,delot,Diamond 1,52,67,,96,89
514,summoner-7301392,515,xEAvi,Diamond 1,52,92,,66,47
515,summoner-5272961,516,Holles,Diamond 1,52,80,,57,40
516,summoner-1733010,517,DoMiNiUs500,Diamond 1,51,83,,161,146
517,summoner-7021902,518,Mogwai,Diamond 1,51,61,,100,72
518,summoner-890345,519,SR    SALVA,Diamond 1,50,147,,416,377
519,summoner-9663451,520,Thúnder,Diamond 1,50,170,,351,348
520,summoner-52152,521,TwTv Tisshotzoh,Diamond 1,50,97,,336,313
521,summoner-340565,522,Lp3 Nyeloh,Diamond 1,50,121,,319,307
522,summoner-15273073,523,Hroudberht,Diamond 1,50,65,,259,227
523,summoner-8584366,524,AmanfromtheMoon,Diamond 1,50,69,,245,189
524,summoner-335564,525,Pudge xd,Diamond 1,50,76,,244,211
525,summoner-62389,526,Dominick,Diamond 1,50,101,,244,232
526,summoner-660795,527,Seshúdoishy,Diamond 1,50,124,,238,214
527,summoner-16390137,528,na secret eboy,Diamond 1,50,86,,232,216
528,summoner-1597161,529,WET Granjero,Diamond 1,50,89,,223,211
529,summoner-2460494,530,El Pecueca,Diamond 1,50,77,,211,164
530,summoner-2222342,531,Márth,Diamond 1,50,73,,184,166
531,summoner-139550,532,Only Cat,Diamond 1,50,79,,177,161
532,summoner-25434,533,WET Varzinso,Diamond 1,50,99,,156,135
533,summoner-5702867,534,Eve Látigo Cepa,Diamond 1,50,74,,131,107
534,summoner-2620557,535,Uzzzi,Diamond 1,50,54,,128,123
535,summoner-7880294,536,TES PinkGoat,Diamond 1,50,92,,123,110
536,summoner-90648,537,DiosDelCielo,Diamond 1,50,73,,120,110
537,summoner-31652,538,El MotoTaxi,Diamond 1,50,129,,112,93
538,summoner-155909,539,KON EscanØr,Diamond 1,50,65,,110,88
539,summoner-3320859,540,Mírai,Diamond 1,50,191,,101,82
540,summoner-205568,541,fat,Diamond 1,50,49,,99,81
541,summoner-1650862,542,Melvox,Diamond 1,50,135,,97,66
542,summoner-181355,543,Enanoks,Diamond 1,50,86,,94,87
543,summoner-12710145,544,Brutak,Diamond 1,50,44,,84,66
544,summoner-136704,545,Wånheda,Diamond 1,50,53,,69,46
545,summoner-388914,546,Teddyy Kun,Diamond 1,50,110,,64,46
546,summoner-1103782,547,Fonck,Diamond 1,50,59,,46,39
547,summoner-179912,548,JUANDJ0,Diamond 1,49,112,,321,312
548,summoner-2302211,549,Xoa,Diamond 1,49,113,,306,271
549,summoner-312340,550,FORONDA TU PAPÁ,Diamond 1,49,113,,243,216
550,summoner-14739158,551,SKT 1 Fakerr,Diamond 1,49,53,,143,105
551,summoner-427651,552,CG Leid,Diamond 1,49,77,,139,86
552,summoner-13150129,553,Scorpio X,Diamond 1,49,44,,87,41
553,summoner-6663290,554,Anbμ,Diamond 1,48,76,,243,196
554,summoner-2604044,555,orithkeeper,Diamond 1,48,74,,180,168
555,summoner-4614723,556,iPlay Top Lane x,Diamond 1,48,50,,164,85
556,summoner-8024235,557,Blasnais,Diamond 1,47,92,,86,67
557,summoner-620623,558,Gabi,Diamond 1,46,78,,132,117
558,summoner-4536116,559,demolder4510,Diamond 1,46,109,,93,65
559,summoner-6650972,560,Soraley,Diamond 1,46,41,,45,22
560,summoner-1166799,561,HítmonLee,Diamond 1,45,133,,451,452
561,summoner-12040150,562,Amianto,Diamond 1,45,101,,254,252
562,summoner-1114939,563,Enchanting Fox,Diamond 1,45,144,,96,82
563,summoner-57319,564,Usell,Diamond 1,45,71,,90,68
564,summoner-2183324,565,Morty2,Diamond 1,44,62,,115,98
565,summoner-6150207,566,Omega,Diamond 1,43,94,,142,129
566,summoner-400742,567,Pacha De Cacique,Diamond 1,43,82,,126,125
567,summoner-6060805,568,Dulce Pepinillo,Diamond 1,43,73,,121,92
568,summoner-871985,569,CaptnXman,Diamond 1,43,42,,97,55
569,summoner-49094,570,Aione,Diamond 1,42,127,,440,434
570,summoner-436358,571,À N U N N A K I,Diamond 1,42,93,,91,68
571,summoner-73140,572,asdadasdasda,Diamond 1,42,63,,47,38
572,summoner-2023328,573,Mid ABUSER,Diamond 1,41,115,,245,223
573,summoner-1802879,574,legendario2,Diamond 1,41,74,,141,130
574,summoner-139973,575,Blanc Chains,Diamond 1,41,189,,127,109
575,summoner-1165031,576,l   Revólver  l,Diamond 1,41,73,,106,94
576,summoner-6610179,577,TheFenixx,Diamond 1,41,46,,87,70
577,summoner-3445115,578,Ariana,Diamond 1,41,55,,76,30
578,summoner-7590935,579,El Lobo,Diamond 1,40,145,,167,142
579,summoner-904554,580,Random Marksman,Diamond 1,40,59,,101,74
580,summoner-9222218,581,xDaCh,Diamond 1,39,156,,561,515
581,summoner-284782,582,TrashADCMeta,Diamond 1,37,89,,207,171
582,summoner-895621,583,blakyu,Diamond 1,37,86,,135,124
583,summoner-5850853,584,Mø Nôctürnê Nø,Diamond 1,37,104,,104,86
584,summoner-831531,585,iG Showtek,Diamond 1,36,119,,471,463
585,summoner-8161206,586,Qwertyuiop1615,Diamond 1,36,109,,139,115
586,summoner-1153917,587,Enrico Pucci,Diamond 1,36,62,,99,81
587,summoner-383095,588,Simon Wrynn,Diamond 1,36,113,,73,51
588,summoner-424752,589,Zætoz,Diamond 1,35,172,,801,769
589,summoner-2075139,590,Fąng,Diamond 1,35,85,,231,223
590,summoner-2381658,591,Sad Bünny,Diamond 1,35,146,,195,185
591,summoner-536641,592,NxL Tyròn,Diamond 1,35,76,,147,126
592,summoner-811460,593,Raél,Diamond 1,35,111,,135,125
593,summoner-89554,594,Levis,Diamond 1,35,75,,108,102
594,summoner-407192,595,Saiito,Diamond 1,35,111,,96,76
595,summoner-6233600,596,Fearuz,Diamond 1,35,47,,81,58
596,summoner-2812518,597,Betty n Jughead,Diamond 1,34,113,,386,361
597,summoner-945098,598,xShinra,Diamond 1,34,108,,240,221
598,summoner-89215,599,Chemamey Annie,Diamond 1,34,102,,173,154
599,summoner-75143,600,Frankyyy,Diamond 1,34,92,,95,76
600,summoner-3972181,601,JorgeFalcon,Diamond 1,34,126,,75,59
601,summoner-3353886,602,IN2U,Diamond 1,34,79,,53,24
602,summoner-178768,603,Johan1g,Diamond 1,33,113,,582,543
603,summoner-55801,604,Fufu v2,Diamond 1,33,102,,357,323
604,summoner-2833877,605,Wåndering,Diamond 1,33,112,,293,275
605,summoner-2460760,606,Cardi Hellshok B,Diamond 1,33,97,,144,134
606,summoner-11180231,607,IrresistibIe,Diamond 1,33,65,,130,104
607,summoner-4180164,608,IIWolfII,Diamond 1,33,120,,98,82
608,summoner-92599,609,BréaK,Diamond 1,32,176,,414,388
609,summoner-464920,610,MLS Alowake,Diamond 1,32,153,,209,195
610,summoner-1523251,611,Aracnidoso,Diamond 1,32,62,,198,153
611,summoner-105061,612,brigde,Diamond 1,32,66,,139,109
612,summoner-84412,613,Río,Diamond 1,32,111,,125,118
613,summoner-102547,614,Billyjimi,Diamond 1,31,94,,217,208
614,summoner-559229,615,EdBars,Diamond 1,31,74,,123,109
615,summoner-4900157,616,Stiyl Izayoi,Diamond 1,30,85,,340,320
616,summoner-521003,617,Two Guns,Diamond 1,30,110,,319,292
617,summoner-203508,618,Zeus sekin,Diamond 1,30,67,,236,216
618,summoner-7874080,619,Verathrim,Diamond 1,30,103,,97,82
619,summoner-66356,620,Valente,Diamond 1,30,92,,49,26
620,summoner-12410942,621,øAzin,Diamond 1,29,91,,328,283
621,summoner-680674,622,Illllllll,Diamond 1,29,105,,253,246
622,summoner-810941,623,vampirin,Diamond 1,29,141,,129,112
623,summoner-2075465,624,PiniMinero,Diamond 1,29,97,,93,80
624,summoner-30776,625,Romeroski,Diamond 1,28,161,,534,523
625,summoner-3652306,626,Rkman,Diamond 1,28,87,,131,108
626,summoner-40541,627,NeiI,Diamond 1,27,160,,286,269
627,summoner-126471,628,Darkrastar,Diamond 1,27,95,,245,212
628,summoner-173842,629,Drestik,Diamond 1,27,83,,199,197
629,summoner-129455,630,Zutter,Diamond 1,27,121,,69,46
630,summoner-400575,631,IguanaEmbarazada,Diamond 1,27,99,,65,53
631,summoner-3190222,632,rub,Diamond 1,27,71,,58,34
632,summoner-5463135,633,Arepin,Diamond 1,26,103,,304,296
633,summoner-5473629,634,Koko Hekmatier,Diamond 1,25,77,,210,186
634,summoner-22108,635,Mr Clean,Diamond 1,25,83,,197,177
635,summoner-15221435,636,keurig cup,Diamond 1,25,50,,152,98
636,summoner-205974,637,Wolf Karsa,Diamond 1,25,71,,144,128
637,summoner-6470902,638,Kouke,Diamond 1,25,51,,134,109
638,summoner-2114861,639,abcquiumein,Diamond 1,25,99,,103,64
639,summoner-1549064,640,EL CAPO DE LAN,Diamond 1,25,49,,66,49
640,summoner-13764499,641,Anlvia Guy,Diamond 1,25,41,,57,29
641,summoner-853257,642,Luhe,Diamond 1,24,62,,166,125
642,summoner-9170369,643,CannabisJah,Diamond 1,23,57,,164,104
643,summoner-141948,644,3124560,Diamond 1,23,71,,147,126
644,summoner-585102,645,OliviaNyan,Diamond 1,23,60,,121,90
645,summoner-2083705,646,Âriël,Diamond 1,23,108,,114,96
646,summoner-142533,647,Ren ˇuˇ,Diamond 1,23,75,,54,46
647,summoner-1286229,648,madbrizk,Diamond 1,22,105,,307,292
648,summoner-158371,649,Hienas,Diamond 1,21,133,,353,341
649,summoner-13212405,650,Memox JnmR,Diamond 1,21,79,,216,205
650,summoner-70963,651,MW Tai,Diamond 1,21,89,,131,90
651,summoner-3421358,652,Wazabie,Diamond 1,21,69,,128,71
652,summoner-80398,653,Vipér,Diamond 1,21,80,,109,98
653,summoner-2162915,654,AsprosDeGéminis,Diamond 1,21,48,,102,78
654,summoner-91485,655,Ësperanza,Diamond 1,21,71,,55,36
655,summoner-1744540,656,Jeff506,Diamond 1,20,103,,326,310
656,summoner-1393157,657,caKestyle,Diamond 1,20,50,,152,107
657,summoner-2301170,658,afreeca,Diamond 1,20,119,,112,105
658,summoner-11081519,659,Metal Upa,Diamond 1,20,98,,85,62
659,summoner-4211874,660,Cefiro,Diamond 1,20,77,,45,26
660,summoner-84096,661,Buckpeck,Diamond 1,19,94,,343,328
661,summoner-4115179,662,She said yes,Diamond 1,19,83,,324,325
662,summoner-3894169,663,Fotógrafo de XV,Diamond 1,19,118,,214,172
663,summoner-164716,664,Oblïvïon,Diamond 1,19,94,,187,180
664,summoner-10283850,665,holaquehacelol 2,Diamond 1,19,94,,156,115
665,summoner-610872,666,Kinnes,Diamond 1,19,90,,93,66
666,summoner-284096,667,ADC 2K17,Diamond 1,19,69,,65,60
667,summoner-29426,668,FnR Zefdi,Diamond 1,18,114,,198,180
668,summoner-36118,669,eldonas,Diamond 1,18,65,,165,154
669,summoner-137036,670,Nagûra,Diamond 1,18,69,,140,126
670,summoner-878013,671,Im xDeathstrokex,Diamond 1,18,118,,134,109
671,summoner-2912867,672,YuphetS,Diamond 1,18,108,,97,73
672,summoner-661943,673,Raf4s06,Diamond 1,18,77,,90,79
673,summoner-60242,674,NightRD Chelsea,Diamond 1,18,93,,80,55
674,summoner-77266,675,LaslwS,Diamond 1,17,102,,341,340
675,summoner-3551662,676,Condon,Diamond 1,17,81,,180,163
676,summoner-8031494,677,Ráider,Diamond 1,17,106,,133,126
677,summoner-6521234,678,God of Talon,Diamond 1,17,64,,120,88
678,summoner-1210331,679,BurningShärk,Diamond 1,17,76,,117,106
679,summoner-3464376,680,RV ExiliumSword,Diamond 1,17,57,,97,80
680,summoner-125839,681,Cm TzunK,Diamond 1,17,60,,92,73
681,summoner-126279,682,iPocho,Diamond 1,17,69,,62,51
682,summoner-207719,683,Wolf Harahel,Diamond 1,17,56,,40,28
683,summoner-1118350,684,rey naturaleza,Diamond 1,16,101,,176,164
684,summoner-10100134,685,hi am lance,Diamond 1,16,112,,98,78
685,summoner-853456,686,92 Explorer,Diamond 1,15,71,,263,244
686,summoner-72516,687,MedusaDeMar,Diamond 1,15,76,,251,245
687,summoner-15060180,688,SSW Pain,Diamond 1,15,125,,160,122
688,summoner-105505,689,Verathrím,Diamond 1,15,70,,83,47
689,summoner-7412387,690,Nymphia,Diamond 1,15,40,,57,29
690,summoner-440660,691,Ninjor,Diamond 1,14,93,,366,361
691,summoner-14422529,692,Sensei Totyx,Diamond 1,14,147,,215,201
692,summoner-529633,693,FLA YIYA,Diamond 1,14,100,,202,194
693,summoner-585104,694,Xory,Diamond 1,12,106,,187,174
694,summoner-75351,695,Jalou,Diamond 1,12,63,,126,116
695,summoner-1213846,696,Tefi Baka,Diamond 1,12,98,,97,96
696,summoner-16070139,697,Pyrople,Diamond 1,12,39,,74,37
697,summoner-152094,698,Hiko Lako,Diamond 1,11,77,,182,160
698,summoner-6213262,699,Líkkrit,Diamond 1,11,47,,85,71
699,summoner-21314,700,JeiiZe,Diamond 1,10,57,,92,86
700,summoner-1527045,701,Fupa Milkbone,Diamond 1,10,44,,86,45
701,summoner-6292617,702,Tom Lücitor,Diamond 1,9,89,,92,85
702,summoner-10404302,703,Atomz999,Diamond 1,8,61,,184,115
703,summoner-15475985,704,Quve,Diamond 1,7,65,,137,88
704,summoner-8003974,705,128 BPM,Diamond 1,6,60,,136,123
705,summoner-10935968,706,R7 PapiSosa,Diamond 1,6,56,,111,90
706,summoner-3822031,707,Savage Drahga,Diamond 1,5,67,,73,69
707,summoner-153143,708,Jhiinso,Diamond 1,4,119,,263,240
708,summoner-2932738,709,Lord Shura,Diamond 1,4,92,,224,214
709,summoner-3865079,710,DleGo,Diamond 1,4,88,,126,113
710,summoner-527005,711,Purrfect Katido,Diamond 1,3,61,,181,157
711,summoner-15433376,712,Draknion,Diamond 1,3,64,,166,125
712,summoner-7230132,713,lBUBUl,Diamond 1,2,99,,206,197
713,summoner-6333065,714,EsojLeugim,Diamond 1,2,63,,196,136
714,summoner-35658,715,Tomoya san,Diamond 1,2,60,,97,79
715,summoner-822693,716,Fk This Game,Diamond 1,1,119,,255,230
716,summoner-12221708,717,Zoe is Life,Diamond 1,1,109,,174,141
717,summoner-4054538,718,Basura low elo,Diamond 1,1,69,,174,161
718,summoner-616451,719,lHayl,Diamond 1,1,68,,170,113
719,summoner-1090486,720,Boloman,Diamond 1,1,78,,99,89
720,summoner-4773531,721,miiller,Diamond 1,0,124,,392,383
721,summoner-8341082,722,Master Shifu,Diamond 1,0,127,,371,362
722,summoner-1801041,723,PDS Notorious,Diamond 1,0,110,,369,354
723,summoner-2074323,724,Lupo Bianco,Diamond 1,0,121,,366,356
724,summoner-1240313,725,Böb Toronja,Diamond 1,0,113,,360,349
725,summoner-157951,726,Tav,Diamond 1,0,137,,360,346
726,summoner-30855,727,Mechs,Diamond 1,0,129,,321,319
727,summoner-216496,728,Scratchek,Diamond 1,0,111,,314,294
728,summoner-3471888,729,DotheDew,Diamond 1,0,149,,306,290
729,summoner-44735,730,Murmullo,Diamond 1,0,118,,304,282
730,summoner-201602,731,EternityBeast,Diamond 1,0,87,,293,283
731,summoner-415989,732,Hexader,Diamond 1,0,130,,292,288
732,summoner-10370155,733,IoI,Diamond 1,0,89,,287,254
733,summoner-85582,734,ZamirZenNt,Diamond 1,0,99,,284,242
734,summoner-4524374,735,GO Chorla,Diamond 1,0,109,,282,257
735,summoner-4760941,736,Beibi Rekkles,Diamond 1,0,118,,275,258
736,summoner-156822,737,Rafaelito15,Diamond 1,0,102,,255,245
737,summoner-8723942,738,AK LocoDan,Diamond 1,0,96,,254,244
738,summoner-4560150,739,Dracs,Diamond 1,0,77,,248,200
739,summoner-3760707,740,Coca de 600ml,Diamond 1,0,99,,230,220
740,summoner-2120351,741,Benns,Diamond 1,0,130,,222,205
741,summoner-203629,742,Lobo Gélido,Diamond 1,0,91,,222,211
742,summoner-4460274,743,Jeziah,Diamond 1,0,75,,221,202
743,summoner-74438,744,Purry,Diamond 1,0,95,,220,234
744,summoner-1061148,745,TwTv elbananolol,Diamond 1,0,91,,218,224
745,summoner-2052952,746,Beyond,Diamond 1,0,96,,218,209
746,summoner-95768,747,King of Memes,Diamond 1,0,88,,196,181
747,summoner-26278,748,AxI,Diamond 1,0,72,,195,184
748,summoner-4621038,749,iSeltzer,Diamond 1,0,75,,194,150
749,summoner-667937,750,Mr Cymbal Monkey,Diamond 1,0,85,,194,189
750,summoner-10203062,751,el srVładimir,Diamond 1,0,152,,179,137
751,summoner-202912,752,KiluaHaruno,Diamond 1,0,111,,177,183
752,summoner-12472445,753,Davô,Diamond 1,0,70,,167,157
753,summoner-2124370,754,Shirõ,Diamond 1,0,123,,161,152
754,summoner-465010,755,Minatozaki Sana,Diamond 1,0,99,,157,141
755,summoner-3652637,756,iBrownie,Diamond 1,0,139,,157,123
756,summoner-156989,757,Säck,Diamond 1,0,81,,156,145
757,summoner-326441,758,Krix,Diamond 1,0,129,,155,120
758,summoner-4211612,759,TheQueen Is Back,Diamond 1,0,56,,153,131
759,summoner-53237,760,Barbacoa Salvaje,Diamond 1,0,62,,152,140
760,summoner-536362,761,MTH Zombix,Diamond 1,0,114,,151,142
761,summoner-181649,762,Amonith,Diamond 1,0,70,,148,139
762,summoner-25191,763,l None l,Diamond 1,0,80,,141,124
763,summoner-620622,764,Wolf Sáber,Diamond 1,0,67,,140,131
764,summoner-4610480,765,Yung Perez,Diamond 1,0,53,,135,112
765,summoner-69881,766,Nickleaf,Diamond 1,0,70,,133,113
766,summoner-3971911,767,Damn Gøre,Diamond 1,0,121,,131,113
767,summoner-1081104,768,TheLapiz,Diamond 1,0,75,,128,119
768,summoner-327704,769,Dr Mister Señor,Diamond 1,0,53,,128,106
769,summoner-1270181,770,Ryogah,Diamond 1,0,87,,125,80
770,summoner-324547,771,Opponent,Diamond 1,0,78,,125,105
771,summoner-120180,772,Sr Caca,Diamond 1,0,68,,124,108
772,summoner-1326698,773,zerkerfkin1,Diamond 1,0,100,,120,100
773,summoner-14810283,774,SC Goat,Diamond 1,0,64,,120,81
774,summoner-1586060,775,DAVIIXZ,Diamond 1,0,50,,118,75
775,summoner-1761953,776,ßastet,Diamond 1,0,69,,114,108
776,summoner-118624,777,Velo de Tinta,Diamond 1,0,57,,112,90
777,summoner-2282751,778,Leé sin,Diamond 1,0,88,,109,100
778,summoner-131151,779,ZoulFox,Diamond 1,0,111,,108,89
779,summoner-382713,780,Sir Legend,Diamond 1,0,54,,106,59
780,summoner-841897,781,Gomez,Diamond 1,0,82,,102,85
781,summoner-31964,782,Merrowgeist,Diamond 1,0,59,,100,90
782,summoner-1540530,783,Buscando a Nami,Diamond 1,0,58,,100,74
783,summoner-1620236,784,Gravy Milkshake,Diamond 1,0,44,,98,44
784,summoner-1286628,785,ExtremeJorraf,Diamond 1,0,43,,98,46
785,summoner-2502529,786,cherud,Diamond 1,0,74,,95,79
786,summoner-939403,787,Ąndrés,Diamond 1,0,100,,90,89
787,summoner-168968,788,μFrank,Diamond 1,0,83,,85,55
788,summoner-1051669,789,Sinyi,Diamond 1,0,75,,84,71
789,summoner-3373774,790,VEGÉTA,Diamond 1,0,166,,84,55
790,summoner-5910220,791,Pr0mesasKeep,Diamond 1,0,107,,80,64
791,summoner-2620981,792,ONllCHAN,Diamond 1,0,54,,75,55
792,summoner-291241,793,KanskaR,Diamond 1,0,40,,75,41
793,summoner-37177,794,WILL SMITE xD,Diamond 1,0,42,,75,65
794,summoner-79085,795,Dango Daikazoku,Diamond 1,0,87,,74,62
795,summoner-5732873,796,Tigz,Diamond 1,0,45,,72,64
796,summoner-617233,797,Minecraft,Diamond 1,0,58,,71,59
797,summoner-531600,798,Cindy,Diamond 1,0,110,,65,49
798,summoner-3353824,799,Feliipe99,Diamond 1,0,51,,59,34
799,summoner-96031,800,thepoisonlol,Diamond 1,0,37,,50,28
800,summoner-14592566,801,qQ tT,Diamond 1,0,45,,47,24
801,summoner-6532535,802,PhinxSitoO,Diamond 2,100,118,,458,438
802,summoner-535215,803,Lp3 Zorua,Diamond 2,100,114,,338,314
803,summoner-1053538,804,Naysek,Diamond 2,100,83,,227,177
804,summoner-13910607,805,Razzle Dazzle,Diamond 2,100,85,,219,204
805,summoner-9991796,806,Esaeon,Diamond 2,100,71,,219,222
806,summoner-939450,807,Hayashi Yuki,Diamond 2,100,80,,200,198
807,summoner-5530185,808,PG White Howl,Diamond 2,100,82,,147,125
808,summoner-1396111,809,Wolf Kain,Diamond 2,100,82,,134,120
809,summoner-438655,810,Don iama,Diamond 2,100,66,,129,119
810,summoner-4152826,811,Témpest,Diamond 2,100,119,,125,115
811,summoner-510492,812,Valkiriq,Diamond 2,100,85,,105,82
812,summoner-14644121,813,Mäddox,Diamond 2,100,67,,100,79
813,summoner-104267,814,Røger,Diamond 2,100,47,,98,55
814,summoner-281655,815,My Shield,Diamond 2,100,135,,95,83
815,summoner-284685,816,TheDrestik,Diamond 2,100,43,,90,62
816,summoner-115160,817,Critsil,Diamond 2,100,54,,73,57
817,summoner-9543410,818,VelkozCarry,Diamond 2,100,43,,59,22
818,summoner-49539,819,Jelex,Diamond 2,100,62,,38,19
819,summoner-6140183,820,Shauna Shade,Diamond 2,95,42,,50,32
820,summoner-14501267,821,D5 HardStuck lul,Diamond 2,94,121,,217,205
821,summoner-11362100,822,Bronze Five Elo,Diamond 2,92,47,,95,73
822,summoner-547110,823,Kervek,Diamond 2,91,105,,154,117
823,summoner-6312806,824,willyrets,Diamond 2,90,51,,72,48
824,summoner-3993525,825,Chivo Please,Diamond 2,88,63,,61,29
825,summoner-29658,826,Icarhoos,Diamond 2,87,76,,81,63
826,summoner-192497,827,Josiah,Diamond 2,85,121,,214,172
827,summoner-3340628,828,El Pister,Diamond 2,85,68,,156,138
828,summoner-130197,829,Doc Efesoo McFly,Diamond 2,85,72,,151,132
829,summoner-3110343,830,Hikari Spirit,Diamond 2,84,108,,141,130
830,summoner-426567,831,Danyyy,Diamond 2,84,55,,101,92
831,summoner-137596,832,Héroe Heroína,Diamond 2,83,129,,361,348
832,summoner-72987,833,xxkatmaster17xx,Diamond 2,83,105,,127,117
833,summoner-153936,834,Shadö desu,Diamond 2,82,106,,127,109
834,summoner-70140,835,SKT T1 Chefsíto,Diamond 2,82,152,,105,78
835,summoner-9230363,836,Wonder,Diamond 2,82,40,,95,54
836,summoner-640427,837,Nagą,Diamond 2,81,128,,270,229
837,summoner-127238,838,I2I,Diamond 2,81,71,,253,231
838,summoner-15130529,839,EL WAPO 2,Diamond 2,81,45,,77,33
839,summoner-3554258,840,Nina Tucker,Diamond 2,80,80,,235,218
840,summoner-310553,841,Atreyu Blacksoul,Diamond 2,80,65,,199,175
841,summoner-5514232,842,RusherZombies,Diamond 2,80,86,,103,93
842,summoner-15300179,843,ØE InKos,Diamond 2,80,41,,70,48
843,summoner-1545283,844,DarkGunsk,Diamond 2,79,87,,176,165
844,summoner-2303396,845,Aegís,Diamond 2,79,97,,150,131
845,summoner-13222726,846,Vladímirovich,Diamond 2,79,209,,129,101
846,summoner-69719,847,Kaøtic,Diamond 2,78,69,,175,159
847,summoner-16820155,848,Peking Duck,Diamond 2,78,55,,105,81
848,summoner-6401937,849,Prietoboy,Diamond 2,78,63,,90,73
849,summoner-1083624,850,Piano,Diamond 2,78,72,,76,53
850,summoner-2491587,851,Deadly30,Diamond 2,77,64,,122,85
851,summoner-1528529,852,hotsonabader,Diamond 2,77,75,,98,89
852,summoner-16521947,853,Jungle Pressure,Diamond 2,77,43,,97,64
853,summoner-103138,854,Niquel Cobalto,Diamond 2,76,83,,115,105
854,summoner-125382,855,Arhysha,Diamond 2,76,70,,110,108
855,summoner-683204,856,BlackEngel24,Diamond 2,75,159,,611,626
856,summoner-9762158,857,lPancito Asesino,Diamond 2,75,134,,348,335
857,summoner-74366,858,1Cannon,Diamond 2,75,98,,264,259
858,summoner-190354,859,Synergy,Diamond 2,75,64,,254,226
859,summoner-2603639,860,Fractures,Diamond 2,75,122,,228,231
860,summoner-615288,861,STL Eifront,Diamond 2,75,93,,216,210
861,summoner-202746,862,Desperadoo,Diamond 2,75,72,,203,205
862,summoner-270864,863,devztocker,Diamond 2,75,81,,160,148
863,summoner-388374,864,GodSebas,Diamond 2,75,94,,153,126
864,summoner-9841766,865,YugiLAN,Diamond 2,75,65,,152,126
865,summoner-40689,866,Żeta11,Diamond 2,75,91,,149,145
866,summoner-23658,867,Yakuza AmmoStout,Diamond 2,75,99,,146,136
867,summoner-7031100,868,KT GorillA,Diamond 2,75,60,,132,123
868,summoner-15264702,869,OscarSolisG,Diamond 2,75,56,,132,86
869,summoner-1383832,870,Fernandoxx98,Diamond 2,75,99,,130,108
870,summoner-2683559,871,Rodrigo Ces,Diamond 2,75,77,,112,91
871,summoner-86685,872,D9 Zeypher,Diamond 2,75,51,,101,53
872,summoner-124352,873,Toxic Lance,Diamond 2,75,65,,95,65
873,summoner-103181,874,Edgar,Diamond 2,75,82,,89,80
874,summoner-180439,875,theppcharlie,Diamond 2,75,79,,87,79
875,summoner-7583100,876,Sigil of Balance,Diamond 2,75,44,,87,58
876,summoner-426368,877,Black Fist,Diamond 2,75,77,,83,73
877,summoner-1107797,878,Kuchurrumin,Diamond 2,75,56,,73,55
878,summoner-168175,879,Ruma 01,Diamond 2,75,50,,72,44
879,summoner-561407,880,Edapp,Diamond 2,75,48,,55,41
880,summoner-2282018,881,FelipeL,Diamond 2,75,59,,55,22
881,summoner-792069,882,Feno,Diamond 2,75,42,,49,33
882,summoner-14520424,883,CaritaT Psosa,Diamond 2,75,39,,40,24
883,summoner-14534313,884,Challenger 0,Diamond 2,74,114,,404,382
884,summoner-667249,885,Synyst3r,Diamond 2,73,130,,173,159
885,summoner-2132823,886,CG Dreams,Diamond 2,72,117,,227,217
886,summoner-7670266,887,Electric Sunrise,Diamond 2,72,57,,144,98
887,summoner-435135,888,Sanae,Diamond 2,72,124,,116,94
888,summoner-524800,889,Mewby,Diamond 2,71,90,,207,189
889,summoner-57100,890,Wander Senpai,Diamond 2,71,71,,157,144
890,summoner-13860599,891,NLX Alovs,Diamond 2,71,81,,153,116
891,summoner-373682,892,Snurbox,Diamond 2,71,64,,145,134
892,summoner-166473,893,BlackThief,Diamond 2,71,71,,112,107
893,summoner-13892126,894,márquez vladimir,Diamond 2,71,58,,74,59
894,summoner-467037,895,TDM Kauffmann,Diamond 2,70,136,,287,282
895,summoner-8540147,896,HandGün,Diamond 2,70,87,,242,239
896,summoner-304000,897,Ladyhawke,Diamond 2,70,113,,109,98
897,summoner-7570803,898,NanoSauriu,Diamond 2,69,143,,217,209
898,summoner-349707,899,Ferruccio,Diamond 2,69,66,,46,36
899,summoner-5000438,900,Aterus Loitrewyn,Diamond 2,68,62,,184,162
900,summoner-3680381,901,Lavenza,Diamond 2,68,65,,62,50
901,summoner-79800,902,Dr Cero MD,Diamond 2,68,36,,42,26
902,summoner-177321,903,KCG Arsa 1,Diamond 2,68,69,,39,17
903,summoner-4940271,904,Lapara23,Diamond 2,67,56,,77,60
904,summoner-87773,905,Garbage Riven,Diamond 2,67,87,,47,33
905,summoner-5320190,906,GT Ofwar,Diamond 2,66,112,,234,216
906,summoner-1034041,907,MVP Poni,Diamond 2,66,89,,177,168
907,summoner-13331254,908,SIutalee,Diamond 2,66,48,,93,57
908,summoner-282266,909,Raaay,Diamond 2,66,49,,76,68
909,summoner-164998,910,Kíro,Diamond 2,65,93,,143,140
910,summoner-143341,911,Mr HotCake,Diamond 2,65,139,,118,112
911,summoner-627606,912,Siegman xd,Diamond 2,65,68,,94,92
912,summoner-5041563,913,DukiT,Diamond 2,65,84,,94,70
913,summoner-2504008,914,Àkali,Diamond 2,65,49,,70,60
914,summoner-53584,915,KingFish,Diamond 2,64,91,,239,225
915,summoner-27961,916,AlexZetroc,Diamond 2,64,70,,236,218
916,summoner-280715,917,The Blind King,Diamond 2,64,94,,236,229
917,summoner-3661729,918,GT SkyZir,Diamond 2,64,104,,167,157
918,summoner-647210,919,WiIsøn,Diamond 2,64,50,,119,82
919,summoner-137626,920,Waverly Place,Diamond 2,64,76,,80,67
920,summoner-14471755,921,Hisie,Diamond 2,64,67,,72,71
921,summoner-102646,922,Camiloo CM,Diamond 2,63,101,,152,123
922,summoner-15880480,923,TRUMPS WALLS,Diamond 2,63,38,,58,24
923,summoner-4003201,924,ADC SLAYER KR,Diamond 2,62,89,,251,248
924,summoner-51178,925,StraiderV2,Diamond 2,62,121,,240,230
925,summoner-1374477,926,Ultimate Hunter,Diamond 2,62,118,,219,211
926,summoner-438523,927,King Jon,Diamond 2,62,116,,196,180
927,summoner-16132923,928,llIlllllllllIll,Diamond 2,62,43,,107,75
928,summoner-532418,929,DOKKAEBI,Diamond 2,62,50,,50,23
929,summoner-6001640,930,xXvastagoXx,Diamond 2,61,46,,137,98
930,summoner-3330763,931,Selenior,Diamond 2,60,136,,216,189
931,summoner-181748,932,BunnBunnn,Diamond 2,60,92,,153,141
932,summoner-1153925,933,Seis Colores,Diamond 2,59,112,,224,208
933,summoner-192614,934,Nelsohn,Diamond 2,59,92,,172,166
934,summoner-92344,935,REKKLES FAN No 1,Diamond 2,59,65,,140,124
935,summoner-24111,936,jorgepereda,Diamond 2,59,70,,138,91
936,summoner-624349,937,WDs Happy,Diamond 2,59,67,,134,132
937,summoner-11310674,938,Useless Kogmaw,Diamond 2,59,48,,105,66
938,summoner-168620,939,Pingwii,Diamond 2,58,124,,318,307
939,summoner-1000537,940,lMaluma,Diamond 2,58,127,,185,174
940,summoner-1296476,941,CB Jetfree,Diamond 2,58,94,,124,96
941,summoner-212515,942,Sleepwire,Diamond 2,58,57,,107,65
942,summoner-530824,943,Azure Rathalos,Diamond 2,57,64,,216,176
943,summoner-9150152,944,Justin LFT,Diamond 2,57,86,,213,199
944,summoner-158642,945,Arclightdlx,Diamond 2,57,49,,130,68
945,summoner-4573722,946,Hielø,Diamond 2,57,115,,123,114
946,summoner-12924336,947,Panqué,Diamond 2,57,73,,96,70
947,summoner-26889,948,Druzzel,Diamond 2,56,186,,832,834
948,summoner-49588,949,Issei,Diamond 2,56,80,,201,187
949,summoner-24477,950,Deklok,Diamond 2,56,91,,129,114
950,summoner-5210476,951,BlackDestinity,Diamond 2,56,113,,101,73
951,summoner-94458,952,Nevohteeb,Diamond 2,55,114,,158,137
952,summoner-529543,953,La La Lanthys,Diamond 2,55,79,,152,143
953,summoner-15880768,954,Yas Evolved,Diamond 2,55,50,,146,115
954,summoner-21126,955,punketo,Diamond 2,55,66,,101,93
955,summoner-936468,956,Zoro1999,Diamond 2,54,110,,338,326
956,summoner-831341,957,sauronio,Diamond 2,54,99,,253,247
957,summoner-1395671,958,skillmouze,Diamond 2,54,137,,170,169
958,summoner-1313311,959,SnowBoyz,Diamond 2,54,137,,170,160
959,summoner-423722,960,Luiixs,Diamond 2,54,57,,96,79
960,summoner-74991,961,CaMo,Diamond 2,54,60,,65,48
961,summoner-1321419,962,Yüge,Diamond 2,53,122,,150,135
962,summoner-612876,963,Lunka,Diamond 2,53,86,,113,74
963,summoner-1041975,964,Murillo Sama,Diamond 2,53,49,,79,76
964,summoner-294667,965,jinxý,Diamond 2,52,46,,48,34
965,summoner-1742223,966,Le meilleur,Diamond 2,51,106,,414,384
966,summoner-32327,967,Q flojera,Diamond 2,51,67,,161,136
967,summoner-4691320,968,7RS Zaot,Diamond 2,51,109,,131,129
968,summoner-293748,969,Lemo Senpai,Diamond 2,51,117,,121,119
969,summoner-33010,970,TheNarosOne,Diamond 2,51,94,,98,96
970,summoner-4082449,971,Ðead Høpe,Diamond 2,51,83,,75,54
971,summoner-4772253,972,VeraHilarious,Diamond 2,51,35,,54,22
972,summoner-190303,973,Shadow Flying,Diamond 2,50,94,,226,220
973,summoner-3472243,974,KT Sotelo,Diamond 2,50,99,,185,148
974,summoner-7950207,975,ferser,Diamond 2,50,70,,157,153
975,summoner-154687,976,AFK Thergan Fate,Diamond 2,49,125,,301,300
976,summoner-1738474,977,hituku,Diamond 2,49,79,,237,150
977,summoner-2135855,978,Dopa Baby,Diamond 2,49,97,,199,175
978,summoner-1162922,979,Ascéndant,Diamond 2,49,104,,172,157
979,summoner-1391305,980,Guthix18,Diamond 2,49,70,,107,94
980,summoner-84791,981,DragonRedBlood,Diamond 2,49,37,,67,26
981,summoner-4741700,982,GalaxyEsther,Diamond 2,49,35,,54,22
982,summoner-2513438,983,Ambitious,Diamond 2,48,131,,417,406
983,summoner-170113,984,MTT Young Savage,Diamond 2,47,126,,224,212
984,summoner-173564,985,Rylin,Diamond 2,47,90,,154,109
985,summoner-946863,986,ªTheEvolutionª,Diamond 2,47,100,,101,91
986,summoner-875066,987,MK Chocotejin,Diamond 2,46,107,,297,240
987,summoner-383752,988,SW Lushen,Diamond 2,46,71,,134,107
988,summoner-4850748,989,Dovah King,Diamond 2,46,126,,103,89
989,summoner-455859,990,Pìka,Diamond 2,46,79,,87,83
990,summoner-3974507,991,FNX Murdock,Diamond 2,45,91,,216,206
991,summoner-117403,992,Lord of Null,Diamond 2,45,46,,130,81
992,summoner-8320920,993,Lapierre,Diamond 2,45,81,,126,114
993,summoner-389077,994,Fìro,Diamond 2,44,131,,382,372
994,summoner-1371071,995,Prøphet,Diamond 2,44,136,,261,247
995,summoner-5991957,996,l MikyWoodz l,Diamond 2,43,106,,219,182
996,summoner-299669,997,AnT Shield,Diamond 2,43,89,,89,78
997,summoner-400173,998,NutCoco,Diamond 2,43,57,,82,73
998,summoner-7561560,999,Diana Cavendîsh,Diamond 2,43,81,,78,52
999,summoner-69999,1000,Podz,Diamond 2,43,84,,76,61
