#timestamp 1530003641975
#date 2018-06-26T09:00:41+00:00
#players 1000
#index,id,rank,name,tier,lp,level,proTeam,win,loss
0,summoner-12190942,1,MMM REMIND,Challenger,1198,47,,146,93
1,summoner-11460164,2,BMR TIger987,Challenger,1192,98,,341,292
2,summoner-11460126,3,BMR Sleeping,Challenger,1153,100,,312,269
3,summoner-11370132,4,sp18,Challenger,1123,54,,183,132
4,summoner-11350137,5,Lakiaro,Challenger,1028,49,,134,87
5,summoner-473922,6,Phantiksˉ,Challenger,1005,48,,139,94
6,summoner-11360138,7,Monkey D Ryoma,Challenger,1003,59,,198,152
7,summoner-2651026,8,NishiZhuma,Challenger,965,57,,186,131
8,summoner-4380973,9,Phantiks OuO,Challenger,961,64,,164,126
9,summoner-297478,10,weixin s5683169,Challenger,940,72,,189,135
10,summoner-1530604,11,ORD Ming,Challenger,873,74,,195,146
11,summoner-11350138,12,ORD Swiffer,Challenger,866,64,,245,196
12,summoner-381031,13,AresXd,Challenger,859,48,,118,76
13,summoner-890259,14,Shok,Challenger,858,92,,223,190
14,summoner-5895478,15,Monkey D Mitch,Challenger,859,64,,193,148
15,summoner-274464,16,Phantiks,Challenger,833,47,,128,89
16,summoner-5935237,17,Gon123,Challenger,811,76,,294,254
17,summoner-229825,18,Apink Bomi2,Challenger,796,66,,207,175
18,summoner-929978,19,Fudge,Challenger,776,119,,443,410
19,summoner-233854,20,Gðku,Challenger,766,70,,188,158
20,summoner-3150942,21,QQ854166019,Challenger,763,89,,353,313
21,summoner-444311,22,SSG Decoy,Challenger,735,72,,138,114
22,summoner-10811838,23,Babo Beongsin JH,Challenger,739,62,,98,67
23,summoner-493127,24,Eyla,Challenger,709,98,,169,146
24,summoner-8010384,25,Guts,Challenger,700,124,,420,389
25,summoner-735088,26,tlxjkgcpl17717,Challenger,681,70,,221,188
26,summoner-952670,27,Praelus,Challenger,681,85,,184,158
27,summoner-10061365,28,EMP Chazz,Challenger,680,63,,194,157
28,summoner-11360141,29,Rotomairewhenua,Challenger,659,64,,151,116
29,summoner-11370136,30,ˆˉˇˉ,Challenger,619,42,,89,55
30,summoner-11360145,31,ORD Uzi,Challenger,647,50,,160,96
31,summoner-10071209,32,Ai no misete,Challenger,598,52,,144,112
32,summoner-571021,33,Wherearewe,Challenger,608,65,,180,154
33,summoner-601923,34,INT Haeri,Challenger,596,124,,265,240
34,summoner-620972,35,Better on Top,Challenger,593,100,,178,158
35,summoner-456280,36,Terrath,Challenger,592,105,,284,243
36,summoner-510102,37,obito1,Challenger,574,72,,244,219
37,summoner-303763,38,MAKE OUT HILLXXX,Challenger,556,81,,261,248
38,summoner-432291,39,Sybol,Challenger,563,75,,195,175
39,summoner-483862,40,Cuden 1,Challenger,548,106,,215,198
40,summoner-494121,41,ry0ma,Challenger,539,46,,119,84
41,summoner-11350133,42,NMSLWSNDHJYZ,Challenger,537,49,,128,104
42,summoner-578793,43,Coachboo,Challenger,530,74,,173,156
43,summoner-445723,44,Hotchelli,Challenger,512,92,,269,241
44,summoner-11690394,45,b1waC,Challenger,508,63,,219,165
45,summoner-5910870,46,you will miss me,Challenger,501,67,,238,208
46,summoner-801178,47,Chippys,Challenger,500,64,,185,170
47,summoner-316587,48,Praedvth,Challenger,489,86,,173,145
48,summoner-11970252,49,apiiii,Challenger,485,58,,182,126
49,summoner-569466,50,msdnb12 23 n1,Challenger,467,100,,350,334
50,summoner-991093,51,Jenkins,Challenger,460,134,,239,217
51,summoner-472833,52,siuman,Challenger,457,71,,232,214
52,summoner-4961001,53,alexxxxxx,Challenger,452,58,,134,108
53,summoner-2572199,54,41095,Challenger,451,88,,134,103
54,summoner-11001000,55,BITCONNEEEEEEECT,Challenger,449,73,,191,134
55,summoner-5741616,56,Msituay,Challenger,444,53,,165,119
56,summoner-291848,57,Feint,Challenger,443,86,,193,174
57,summoner-507474,58,BeeShoe,Challenger,438,76,,239,207
58,summoner-1332943,59,Panda ouo,Challenger,432,75,,150,130
59,summoner-3131580,60,Utopia,Challenger,447,111,,341,320
60,summoner-577995,61,Uther,Challenger,427,53,,97,70
61,summoner-12240938,62,seo hanbit,Challenger,426,38,,60,29
62,summoner-230726,63,BioPanther,Challenger,422,117,,171,159
63,summoner-301731,64,Mog,Challenger,414,114,,417,414
64,summoner-8930124,65,LTZevil is back,Challenger,413,64,,98,76
65,summoner-633527,66,Netsky,Challenger,404,80,,271,245
66,summoner-11360144,67,Monkey Madness,Challenger,421,58,,197,176
67,summoner-11370125,68,No Talent Player,Challenger,402,49,,132,110
68,summoner-239897,69,Getback,Challenger,401,127,,333,323
69,summoner-11370134,70,amok,Challenger,396,47,,108,93
70,summoner-5831171,71,KRdoink,Challenger,395,93,,141,118
71,summoner-724526,72,WÆN,Challenger,385,64,,157,107
72,summoner-564778,73,Omnî,Challenger,382,121,,612,603
73,summoner-12130716,74,no habla ingles,Challenger,374,45,,122,75
74,summoner-232632,75,Cheezels,Challenger,368,84,,231,187
75,summoner-9730774,76,w1ndzera234,Challenger,364,56,,142,115
76,summoner-8521226,77,Dream111,Challenger,352,75,,252,214
77,summoner-276531,78,Mihuhi,Challenger,334,113,,262,244
78,summoner-8524790,79,Big Dobes,Challenger,343,72,,239,200
79,summoner-293743,80,Lily,Challenger,340,114,,344,320
80,summoner-11050315,81,GellyCub,Challenger,336,116,,383,364
81,summoner-399995,82,Draqon,Challenger,323,98,,217,215
82,summoner-311555,83,Vans,Challenger,322,103,,119,99
83,summoner-3661252,84,Rédemption,Challenger,321,69,,179,161
84,summoner-317688,85,Big Brain Wil,Challenger,321,89,,152,143
85,summoner-2752573,86,retributionˉ,Challenger,319,63,,217,132
86,summoner-604210,87,e g ý m,Challenger,319,74,,184,169
87,summoner-3560761,88,Small bubble,Challenger,319,72,,109,95
88,summoner-11720163,89,Arbitux,Challenger,316,89,,178,151
89,summoner-1891503,90,TheLilTeaPot,Challenger,313,70,,194,152
90,summoner-457370,91,Thiên,Challenger,312,132,,558,533
91,summoner-590799,92,BMR Seb,Challenger,310,90,,194,177
92,summoner-328401,93,Oikawa Tooru,Challenger,309,127,,209,193
93,summoner-1394873,94,MR FAT PIG,Challenger,306,142,,354,331
94,summoner-6261249,95,remember when,Challenger,301,73,,148,95
95,summoner-901128,96,Pengsing,Challenger,295,53,,138,113
96,summoner-508906,97,Plutó,Challenger,293,87,,193,160
97,summoner-11203083,98,RareSticks Clap,Challenger,284,63,,212,154
98,summoner-8611092,99,ITN Aladoric,Challenger,279,140,,468,461
99,summoner-330947,100,gunkrab,Challenger,278,116,,399,390
100,summoner-8611092,101,ITN Aladoric,Challenger,279,140,,468,461
101,summoner-330947,102,gunkrab,Challenger,278,116,,399,390
102,summoner-490487,103,D1O,Challenger,278,55,,156,101
103,summoner-6130376,104,Gonna slay u,Challenger,273,71,,177,120
104,summoner-478475,105,mister f is back,Challenger,270,74,,265,197
105,summoner-279834,106,billy bong,Challenger,270,72,,202,170
106,summoner-456316,107,NMSL NiQueZaiBB,Challenger,264,43,,102,84
107,summoner-4973029,108,HENRYJWATERNOOSE,Challenger,258,56,,104,92
108,summoner-276134,109,Zíppo,Challenger,251,141,,128,100
109,summoner-297107,110,Edna Krabappoly,Challenger,251,43,,111,91
110,summoner-644072,111,UDYSOF,Challenger,248,104,,313,307
111,summoner-1592239,112,Pap,Challenger,246,120,,300,277
112,summoner-11501277,113,EnterKeyRemoved,Challenger,244,70,,293,259
113,summoner-408703,114,Bambi On Ice,Challenger,244,87,,126,108
114,summoner-445071,115,mattyg33,Challenger,243,132,,460,444
115,summoner-623208,116,Alto Angelo,Challenger,243,64,,112,90
116,summoner-1022808,117,LittlePapa,Challenger,242,75,,138,119
117,summoner-11781766,118,Johnber Gazua,Challenger,242,53,,130,80
118,summoner-3710963,119,Ailuna,Challenger,241,50,,119,97
119,summoner-563169,120,BMR Rosey,Challenger,239,65,,154,136
120,summoner-631376,121,AV Jayke,Challenger,238,80,,198,192
121,summoner-1270780,122,qwerasdf1234zxct,Challenger,236,66,,214,165
122,summoner-8891509,123,playlikefly,Challenger,234,76,,150,122
123,summoner-11980148,124,404 ILoveBella,Challenger,229,149,,124,108
124,summoner-328516,125,Sweety Spaghetti,Challenger,226,95,,321,300
125,summoner-670149,126,LaughingMan,Challenger,226,72,,156,133
126,summoner-553889,127,Minkywhale,Challenger,224,104,,369,359
127,summoner-6821398,128,Prae1us,Challenger,222,65,,70,59
128,summoner-632903,129,PD AN,Challenger,220,66,,242,225
129,summoner-558311,130,BeachWhale,Challenger,216,116,,350,326
130,summoner-10890476,131,RèVelUvs,Challenger,214,102,,346,311
131,summoner-1156907,132,1234hitdinosaur,Challenger,213,73,,206,191
132,summoner-3665599,133,Dragonair,Challenger,212,56,,98,76
133,summoner-11890144,134,Evanescere,Challenger,212,40,,96,46
134,summoner-481868,135,PowerfulUnicorn,Challenger,207,106,,156,134
135,summoner-5031491,136,Dappa kappa,Challenger,207,116,,97,84
136,summoner-342457,137,Gbay99,Challenger,205,112,,267,250
137,summoner-12080166,138,CommandAttack NA,Challenger,204,66,,223,211
138,summoner-311290,139,Mian Mian,Challenger,204,49,,109,95
139,summoner-4962426,140,Plummet,Challenger,199,87,,156,121
140,summoner-357041,141,Incursio,Challenger,197,123,,405,386
141,summoner-278781,142,Harrí,Challenger,196,155,,72,66
142,summoner-713688,143,Emphasis,Challenger,192,75,,125,109
143,summoner-463736,144,Farm,Challenger,189,67,,108,91
144,summoner-439696,145,Xanquish,Challenger,187,77,,180,161
145,summoner-693842,146,Played,Challenger,186,73,,184,176
146,summoner-9101159,147,Just a game,Challenger,185,94,,440,405
147,summoner-9660178,148,PurpleLamaGamer,Challenger,179,109,,353,304
148,summoner-5321182,149,WX a759514064,Challenger,179,41,,115,40
149,summoner-7890412,150,bojack ANU,Challenger,174,124,,444,410
150,summoner-2380423,151,Ayum1,Challenger,174,85,,109,79
151,summoner-455507,152,emelg,Challenger,173,117,,188,168
152,summoner-590866,153,WoYou Bu Luanlai,Challenger,171,61,,200,148
153,summoner-345665,154,Sizzle,Challenger,170,67,,189,166
154,summoner-240105,155,Cane Me Daddy,Challenger,167,57,,159,109
155,summoner-11860179,156,RONAN,Challenger,166,62,,237,195
156,summoner-587485,157,carb0n,Challenger,159,97,,351,342
157,summoner-2982057,158,Madmaximo,Challenger,157,138,,183,147
158,summoner-277786,159,Smeds,Challenger,157,125,,169,153
159,summoner-9151665,160,BLACKPINK Róse,Challenger,155,43,,77,50
160,summoner-299446,161,Sam,Challenger,153,114,,201,195
161,summoner-10061504,162,HTC GuaPi,Challenger,151,121,,446,424
162,summoner-233843,163,Dreamy Donut,Challenger,151,59,,211,183
163,summoner-4802261,164,Mashadar,Challenger,150,67,,108,89
164,summoner-664497,165,Zhengchao God,Challenger,148,51,,72,60
165,summoner-6381137,166,AresSigh,Challenger,147,42,,98,54
166,summoner-437165,167,Azus,Challenger,146,119,,399,382
167,summoner-7291918,168,LetTheGayGo,Challenger,144,75,,230,211
168,summoner-484631,169,Oshino,Challenger,142,78,,219,181
169,summoner-235541,170,Kaýn,Challenger,142,99,,97,76
170,summoner-464106,171,Magic McDull,Challenger,141,128,,380,372
171,summoner-448934,172,permanent mute,Challenger,141,91,,166,155
172,summoner-236616,173,SulNix,Challenger,138,109,,350,338
173,summoner-352592,174,Daegu Venus,Challenger,138,65,,115,95
174,summoner-1333527,175,Him and I,Challenger,138,48,,104,86
175,summoner-1830141,176,kaios619,Challenger,137,69,,191,180
176,summoner-1892186,177,LGC Only,Challenger,137,74,,139,134
177,summoner-323313,178,Aware,Challenger,136,60,,80,67
178,summoner-624689,179,Kurisutiiiina,Challenger,132,86,,213,203
179,summoner-8201755,180,Katsurii,Challenger,131,87,,246,237
180,summoner-2731428,181,ITN Fudge,Challenger,130,63,,183,135
181,summoner-6020977,182,DW k1ng,Challenger,130,37,,48,30
182,summoner-3310720,183,Piggie,Challenger,129,73,,152,150
183,summoner-6690216,184,2017 07 07,Challenger,129,116,,139,124
184,summoner-5381177,185,Mr floppy sock,Challenger,126,109,,465,453
185,summoner-222562,186,Morgank Freeman,Challenger,126,108,,164,147
186,summoner-945177,187,smurfQ283490070,Challenger,123,95,,424,382
187,summoner-577848,188,Countdown Timer,Challenger,123,64,,165,155
188,summoner-300609,189,BladeWristed,Challenger,123,60,,152,125
189,summoner-11860960,190,trash canister,Challenger,120,70,,281,248
190,summoner-10951949,191,LilPump,Challenger,120,49,,136,101
191,summoner-7281092,192,Cuo,Challenger,119,51,,146,129
192,summoner-1440378,193,LoneIy,Challenger,117,87,,216,190
193,summoner-531379,194,aaeer,Challenger,114,78,,234,223
194,summoner-8430194,195,RNG AI,Challenger,112,80,,75,65
195,summoner-6680397,196,Jungle is win,Challenger,111,66,,165,149
196,summoner-231399,197,Zaptar,Challenger,108,124,,335,329
197,summoner-237590,198,Tekker,Challenger,108,81,,170,163
198,summoner-236630,199,Nomadic Jungler,Challenger,108,39,,67,45
199,summoner-12320606,200,Bogoshipuhyo,Challenger,96,36,,45,33
200,summoner-12510151,201,thgink99,Master,162,49,,158,131
201,summoner-8191549,202,Ahsilum,Master,117,70,,276,254
202,summoner-1250370,203,Akali or GG,Master,129,76,,250,240
203,summoner-12080136,204,PADO,Master,128,71,,142,58
204,summoner-6391346,205,kaiydo 2,Master,128,41,,85,40
205,summoner-3081213,206,MVP lan,Master,106,83,,188,181
206,summoner-280161,207,Mayura,Master,100,116,,357,350
207,summoner-5451344,208,AwsomeSDevil,Master,99,103,,476,438
208,summoner-236461,209,Dis,Master,99,105,,316,304
209,summoner-329397,210,G0V,Master,100,150,,474,464
210,summoner-744422,211,Farmer,Master,97,92,,179,165
211,summoner-9251514,212,dahaoshiwangzhe,Master,93,52,,139,105
212,summoner-557104,213,sh00zyz,Master,93,94,,98,83
213,summoner-11370128,214,Tijé,Master,90,49,,138,111
214,summoner-3072610,215,Gerissi,Master,83,63,,175,158
215,summoner-293100,216,Jub Jub,Master,71,89,,273,276
216,summoner-4491948,217,DW SHERN1FIRE,Master,68,48,,111,71
217,summoner-8930255,218,Yün Chèung,Master,63,142,,302,281
218,summoner-3802072,219,SolStar,Master,62,65,,75,49
219,summoner-356125,220,Newto,Master,61,87,,240,229
220,summoner-8050173,221,LGC Claire,Master,60,79,,73,69
221,summoner-477410,222,Klaire,Master,82,54,,143,119
222,summoner-221417,223,Chazz It Up,Master,55,61,,116,101
223,summoner-5201174,224,MasterGarenDimon,Master,54,81,,238,217
224,summoner-7621555,225,Katsuri,Master,53,61,,138,123
225,summoner-3110212,226,DW Cupcake,Master,52,65,,93,81
226,summoner-11230285,227,slkjdf,Master,50,59,,205,172
227,summoner-747148,228,Anderu,Master,50,103,,153,146
228,summoner-277034,229,Jolt,Master,43,105,,319,301
229,summoner-272065,230,superwog1,Master,42,50,,91,83
230,summoner-438257,231,ßlitzcrank,Master,41,57,,158,126
231,summoner-481977,232,Tilterella,Master,41,74,,115,107
232,summoner-8371066,233,H4MMY,Master,40,99,,202,171
233,summoner-470295,234,Navi,Master,37,75,,146,108
234,summoner-10570533,235,owowowowowowowow,Master,34,49,,102,50
235,summoner-11212045,236,Dekar The Rengar,Master,30,57,,168,117
236,summoner-7130976,237,Animosityxx,Master,28,129,,141,144
237,summoner-567993,238,Chloe Burbank,Master,21,76,,71,59
238,summoner-8430364,239,Yaelay,Master,20,47,,116,104
239,summoner-490978,240,Taelen,Master,19,98,,395,366
240,summoner-443078,241,Pisang,Master,19,74,,296,256
241,summoner-4880235,242,bub,Master,19,54,,73,63
242,summoner-7050167,243,SìNNERS,Master,18,108,,178,167
243,summoner-11161564,244,JaIeeI,Master,14,50,,95,72
244,summoner-454494,245,Rêxx,Master,13,104,,143,98
245,summoner-852980,246,team bad me mad,Master,9,55,,155,122
246,summoner-405709,247,w1ndzera,Master,9,62,,118,105
247,summoner-501165,248,i looove aram,Master,8,65,,55,44
248,summoner-1280673,249,Qoobe,Master,4,73,,166,161
249,summoner-1750151,250,Tudo,Master,1,94,,238,234
250,summoner-470404,251,BushyBooBoo,Master,0,162,,689,694
251,summoner-225340,252,Catch Me On Fire,Master,0,104,,435,426
252,summoner-11056599,253,mid halo,Master,22,73,,270,237
253,summoner-447401,254,Juhuakiller,Master,0,90,,235,224
254,summoner-402609,255,The Silent Voice,Master,0,77,,218,213
255,summoner-439337,256,GU Faker,Master,19,66,,145,134
256,summoner-326206,257,Coach Curtis,Master,0,55,,119,103
257,summoner-10870678,258,Wìsh,Master,0,44,,90,73
258,summoner-10110125,259,Ding Hao Tian,Master,0,59,,79,43
259,summoner-302224,260,Midås,Master,0,66,,44,31
260,summoner-12330331,261,AV DarkSide,Master,0,36,,41,18
261,summoner-224426,262,Ruinn,Diamond 1,100,75,,209,187
262,summoner-220545,263,Frolloc,Master,0,152,,206,171
263,summoner-1903829,264,no hands btw,Diamond 1,100,68,,164,152
264,summoner-690302,265,chf Leo,Diamond 1,100,55,,96,86
265,summoner-813780,266,Ionia,Diamond 1,100,67,,94,60
266,summoner-8562347,267,Micah,Diamond 1,100,42,,92,41
267,summoner-233721,268,k1ngOfTheYouth,Diamond 1,100,48,,75,72
268,summoner-11030157,269,NONO,Diamond 1,100,53,,70,26
269,summoner-7631957,270,twitchtvPhantiks,Diamond 1,100,39,,70,42
270,summoner-1321671,271,Giganaut,Diamond 1,100,74,,47,32
271,summoner-479574,272,Vivid,Master,0,84,,44,30
272,summoner-509185,273,Noob,Diamond 1,99,62,,167,141
273,summoner-407599,274,Shogun Altair,Diamond 1,96,80,,107,92
274,summoner-434116,275,nooba,Diamond 1,96,49,,37,20
275,summoner-303883,276,c u soon,Diamond 1,95,88,,236,220
276,summoner-1395519,277,BMR Looch,Diamond 1,93,88,,261,241
277,summoner-5943766,278,Hkbesttroll,Diamond 1,92,82,,187,181
278,summoner-8620524,279,Baeatrice,Diamond 1,92,61,,133,119
279,summoner-9330908,280,gucci flip fl0ps,Diamond 1,90,118,,395,390
280,summoner-8183067,281,Have Fun,Diamond 1,90,68,,141,126
281,summoner-5380334,282,YasuoHawkNz,Diamond 1,90,71,,108,96
282,summoner-11350131,283,Senuc DIN,Diamond 1,90,39,,58,28
283,summoner-363411,284,Marvoss,Diamond 1,90,36,,56,19
284,summoner-482979,285,bombboy,Diamond 1,90,47,,36,26
285,summoner-9370914,286,pocketgirl,Diamond 1,90,53,,34,15
286,summoner-233863,287,Reminder,Diamond 1,89,98,,270,263
287,summoner-11350140,288,cant remember,Diamond 1,88,48,,112,94
288,summoner-6410962,289,IlIlIlIlIlIlIll,Diamond 1,88,46,,68,56
289,summoner-307081,290,BlueHawkNz,Diamond 1,85,49,,51,41
290,summoner-460937,291,Deztend,Diamond 1,84,103,,256,231
291,summoner-234403,292,THE SMORC BEAR,Diamond 1,84,64,,128,110
292,summoner-11260152,293,Phosphophylite,Diamond 1,84,48,,102,86
293,summoner-463992,294,1m 16 years old,Diamond 1,80,83,,381,325
294,summoner-343682,295,Peasy,Diamond 1,80,121,,252,243
295,summoner-820889,296,4444441,Diamond 1,80,49,,133,46
296,summoner-299452,297,Mikazuki,Diamond 1,78,71,,104,92
297,summoner-336476,298,Tommy 2000,Diamond 1,77,61,,77,68
298,summoner-314888,299,JellyCub,Diamond 1,76,75,,267,267
299,summoner-3171338,300,weixin2285407603,Diamond 1,76,60,,171,163
300,summoner-479438,301,Falkner,Diamond 1,76,97,,128,123
301,summoner-820884,302,Mur1m,Diamond 1,75,97,,345,330
302,summoner-741594,303,Kickback69,Diamond 1,75,68,,287,227
303,summoner-775147,304,shui bu gou TuT,Diamond 1,75,112,,265,224
304,summoner-5171370,305,Hi I am Vince,Diamond 1,75,89,,213,196
305,summoner-1343871,306,POSSYM,Diamond 1,75,74,,210,182
306,summoner-492773,307,stop torture me,Diamond 1,75,66,,192,155
307,summoner-2600474,308,gg ff,Diamond 1,75,60,,183,149
308,summoner-9920508,309,M4A11111,Diamond 1,75,85,,178,145
309,summoner-10451585,310,20 Mins in Q,Diamond 1,75,64,,164,160
310,summoner-510010,311,Kimchiii,Diamond 1,75,78,,161,136
311,summoner-5943935,312,Azure,Diamond 1,75,108,,158,136
312,summoner-232475,313,Boss McNuggets,Diamond 1,75,75,,143,121
313,summoner-626793,314,feifeiAAAAAA,Diamond 1,75,67,,133,96
314,summoner-3162807,315,7425,Diamond 1,75,99,,130,111
315,summoner-11350126,316,8th place top,Diamond 1,75,49,,130,109
316,summoner-5310901,317,kaios19231230221,Diamond 1,75,96,,129,109
317,summoner-455477,318,Hold You Tight,Diamond 1,75,59,,118,94
318,summoner-9050195,319,SKT,Diamond 1,75,75,,118,108
319,summoner-594237,320,Soulstrikes,Diamond 1,75,72,,117,111
320,summoner-1891528,321,Rank 1 MID,Diamond 1,75,45,,117,65
321,summoner-11941453,322,ecotoxic 4,Diamond 1,75,45,,112,85
322,summoner-12220760,323,Richard Soup,Diamond 1,75,43,,103,76
323,summoner-583483,324,Beaunivia,Diamond 1,75,74,,100,95
324,summoner-2351692,325,loveforever,Diamond 1,75,47,,99,60
325,summoner-8610762,326,clairo,Diamond 1,75,50,,89,72
326,summoner-3680308,327,Bma,Diamond 1,75,58,,88,82
327,summoner-636251,328,Swiffer,Diamond 1,75,57,,84,62
328,summoner-11131946,329,Once upon a time,Diamond 1,75,40,,83,56
329,summoner-9350340,330,Caithe,Diamond 1,75,49,,77,66
330,summoner-2171317,331,k1ng Cupcake,Diamond 1,75,40,,71,30
331,summoner-2572995,332,Cupcake k1ng,Diamond 1,75,42,,68,33
332,summoner-900249,333,Tôi Là Thiên,Diamond 1,75,43,,63,45
333,summoner-1374113,334,Rukira,Diamond 1,75,113,,53,42
334,summoner-357181,335,Destinyy,Diamond 1,75,44,,43,35
335,summoner-333625,336,Margaret Mahy,Diamond 1,74,127,,119,98
336,summoner-7390819,337,ryujinokewokurae,Diamond 1,73,52,,114,101
337,summoner-10550824,338,Armless Autism,Diamond 1,72,61,,183,138
338,summoner-940870,339,poopi,Diamond 1,72,48,,43,23
339,summoner-3553855,340,Shiloh,Diamond 1,69,134,,274,267
340,summoner-553896,341,Evilhag,Diamond 1,69,68,,44,39
341,summoner-3490137,342,brekfast,Diamond 1,68,95,,334,332
342,summoner-283916,343,ecotoxic,Diamond 1,68,84,,300,304
343,summoner-8440977,344,Kohta,Diamond 1,68,64,,119,108
344,summoner-448008,345,The Lee Sin,Diamond 1,68,66,,80,51
345,summoner-274320,346,Boosted Janna,Diamond 1,68,102,,75,71
346,summoner-443126,347,Bahrewer,Diamond 1,67,114,,86,71
347,summoner-276609,348,ìcøn,Diamond 1,67,74,,76,75
348,summoner-501188,349,Jr Burgerz,Diamond 1,65,63,,182,147
349,summoner-237869,350,eezyarC toN,Diamond 1,64,136,,475,476
350,summoner-584830,351,GZ HaiT,Diamond 1,64,62,,161,127
351,summoner-670511,352,Billythekidzz,Diamond 1,64,81,,132,123
352,summoner-774614,353,Love Mosquito,Diamond 1,64,88,,112,97
353,summoner-332728,354,Cedmend,Diamond 1,64,55,,106,82
354,summoner-443775,355,RAISE UR DONGERZ,Diamond 1,64,42,,48,34
355,summoner-11250976,356,KR DOPA,Diamond 1,63,54,,111,71
356,summoner-9970922,357,Redemptionˉ,Diamond 1,63,47,,60,57
357,summoner-434399,358,Whimstaff,Diamond 1,62,49,,64,59
358,summoner-9840127,359,dailianjiahaoyou,Diamond 1,61,59,,219,200
359,summoner-406482,360,BADDiE,Diamond 1,61,70,,120,106
360,summoner-364454,361,Rage At LoL,Diamond 1,60,118,,206,170
361,summoner-234079,362,Top Lane Virgin,Diamond 1,59,47,,94,87
362,summoner-326444,363,Huey Dewey Louie,Diamond 1,57,144,,481,465
363,summoner-11060162,364,M1d hu,Diamond 1,57,74,,154,140
364,summoner-436171,365,im LHao,Diamond 1,53,90,,274,243
365,summoner-288782,366,lil splash,Diamond 1,53,81,,213,209
366,summoner-2431627,367,Blacksey,Diamond 1,53,106,,111,89
367,summoner-11065193,368,Prey Seeker,Diamond 1,53,48,,40,25
368,summoner-9030151,369,baxixiaoniu,Diamond 1,52,95,,419,406
369,summoner-774275,370,Savannah,Diamond 1,52,85,,171,162
370,summoner-4221919,371,TriHard 7,Diamond 1,51,54,,149,94
371,summoner-238330,372,Koods,Diamond 1,50,122,,472,466
372,summoner-10970417,373,Felinnothair,Diamond 1,50,87,,399,362
373,summoner-891628,374,Karsa,Diamond 1,50,79,,231,226
374,summoner-6420316,375,4uu,Diamond 1,50,165,,215,167
375,summoner-511802,376,Callurjglertrash,Diamond 1,50,60,,215,187
376,summoner-794192,377,Skyscorcher,Diamond 1,50,95,,184,168
377,summoner-277464,378,Kpooop,Diamond 1,50,73,,165,158
378,summoner-454805,379,RNG      MR E N,Diamond 1,50,55,,158,104
379,summoner-491243,380,DeathSphere22,Diamond 1,50,70,,156,144
380,summoner-3020293,381,WeWantPeace,Diamond 1,50,74,,118,77
381,summoner-2523280,382,P 18 15 16 8,Diamond 1,50,45,,106,79
382,summoner-335113,383,lilaznrat,Diamond 1,50,68,,69,56
383,summoner-323773,384,Kedu715,Diamond 1,49,95,,205,203
384,summoner-723286,385,Kiitty,Diamond 1,49,68,,87,87
385,summoner-221510,386,JuvesMuntedNose,Diamond 1,48,44,,75,64
386,summoner-11252383,387,Lolista,Diamond 1,47,56,,166,112
387,summoner-582861,388,ShuHaiBuRongYi,Diamond 1,47,51,,71,60
388,summoner-890994,389,RBE BoBo,Diamond 1,46,70,,133,104
389,summoner-288335,390,Nirphana,Diamond 1,46,89,,82,69
390,summoner-227475,391,Mikes,Diamond 1,45,107,,188,165
391,summoner-1771810,392,Phos,Diamond 1,45,57,,101,65
392,summoner-402487,393,Baahrewer,Diamond 1,45,51,,73,52
393,summoner-2712951,394,EL Legendary,Diamond 1,43,52,,88,56
394,summoner-222980,395,Z OMEGALUL E,Diamond 1,42,53,,122,101
395,summoner-3680392,396,YukiistMe,Diamond 1,42,60,,120,88
396,summoner-1530424,397,SCENAR1O,Diamond 1,41,56,,152,147
397,summoner-11130130,398,LydiaeK,Diamond 1,41,98,,130,109
398,summoner-8720302,399,Black phoen1x,Diamond 1,41,47,,114,87
399,summoner-624642,400,123456978,Diamond 1,41,47,,82,78
400,summoner-1200380,401,Jaiya,Diamond 1,41,67,,69,43
401,summoner-314859,402,Biofrost,Diamond 1,40,129,,190,179
402,summoner-7350836,403,DaDazhy,Diamond 1,40,73,,187,130
403,summoner-11971346,404,cønfusednimbIe,Diamond 1,39,47,,131,92
404,summoner-630464,405,Xcuse Mee,Diamond 1,38,84,,150,150
405,summoner-3560420,406,Kaaitsune,Diamond 1,35,77,,240,193
406,summoner-443860,407,zuowodemiao,Diamond 1,35,61,,120,106
407,summoner-9611699,408,good kid,Diamond 1,34,67,,177,176
408,summoner-707970,409,kmy,Diamond 1,34,41,,68,50
409,summoner-456283,410,j0hns0nBurger,Diamond 1,34,56,,43,35
410,summoner-354808,411,Warrior Turtle,Diamond 1,33,81,,175,140
411,summoner-339515,412,Sheng Sheng,Diamond 1,33,52,,160,100
412,summoner-236253,413,Hey You,Diamond 1,32,68,,181,149
413,summoner-771385,414,Back To November,Diamond 1,32,76,,151,126
414,summoner-934569,415,ShiftZ,Diamond 1,32,48,,113,54
415,summoner-2573886,416,Cyan Willow,Diamond 1,32,137,,68,65
416,summoner-824118,417,DaPiPi,Diamond 1,31,63,,70,69
417,summoner-703699,418,inx,Diamond 1,31,61,,61,53
418,summoner-901980,419,Dragku,Diamond 1,30,78,,251,240
419,summoner-312239,420,Philosophy,Diamond 1,30,110,,164,164
420,summoner-702613,421,Howard,Diamond 1,30,61,,128,111
421,summoner-229440,422,Enter Dreamland,Diamond 1,30,83,,107,101
422,summoner-4953082,423,Cute Ragdoll,Diamond 1,29,139,,244,222
423,summoner-370235,424,ziye,Diamond 1,29,59,,152,96
424,summoner-290213,425,Small Fish,Diamond 1,29,108,,133,107
425,summoner-454342,426,volkzz,Diamond 1,29,70,,121,112
426,summoner-235577,427,Reptox,Diamond 1,28,58,,121,112
427,summoner-484507,428,Cheph,Diamond 1,27,107,,362,365
428,summoner-11224170,429,TwitchTVLronwoif,Diamond 1,26,66,,190,157
429,summoner-326064,430,Slayer,Diamond 1,25,83,,273,238
430,summoner-283402,431,Akeno,Diamond 1,25,97,,144,122
431,summoner-11061200,432,ecotoxic 3,Diamond 1,25,73,,120,90
432,summoner-11350134,433,ITN k1ng,Diamond 1,25,48,,119,88
433,summoner-324274,434,Kensen,Diamond 1,25,61,,108,85
434,summoner-10191722,435,ecotoxic 2,Diamond 1,25,45,,107,81
435,summoner-314795,436,Grog Dog1,Diamond 1,25,44,,95,71
436,summoner-9800260,437,Irenaceus,Diamond 1,25,38,,70,34
437,summoner-285621,438,Framer,Diamond 1,23,79,,164,160
438,summoner-341477,439,WildPig,Diamond 1,23,93,,101,91
439,summoner-497415,440,boboxD,Diamond 1,23,90,,75,49
440,summoner-1260354,441,LaJiWangZheCNXM,Diamond 1,22,146,,542,543
441,summoner-11370138,442,Mrs Krabappel,Diamond 1,21,60,,184,184
442,summoner-1850129,443,aXeL0uS,Diamond 1,19,99,,299,278
443,summoner-3262016,444,kind jungler,Diamond 1,19,45,,89,78
444,summoner-354323,445,Merkatroid,Diamond 1,19,64,,71,54
445,summoner-555008,446,6AM 0two1,Diamond 1,19,58,,42,36
446,summoner-481142,447,April Ryan,Diamond 1,18,62,,226,186
447,summoner-404739,448,Abby Ma,Diamond 1,17,115,,280,262
448,summoner-503773,449,NADA1001,Diamond 1,17,53,,102,93
449,summoner-890992,450,Khuong Pham,Diamond 1,17,85,,42,38
450,summoner-7491130,451,zZJay,Diamond 1,16,90,,127,122
451,summoner-431504,452,ianno,Diamond 1,14,91,,133,127
452,summoner-11840153,453,Japanerella,Diamond 1,13,50,,166,138
453,summoner-8081649,454,First Time Swain,Diamond 1,13,62,,155,112
454,summoner-296998,455,CaitlynUltedJFK,Diamond 1,11,105,,211,208
455,summoner-332858,456,lokyun,Diamond 1,11,99,,209,200
456,summoner-1872199,457,Arashi,Diamond 1,11,78,,59,48
457,summoner-10011928,458,DoochiWa,Diamond 1,10,63,,178,149
458,summoner-304479,459,gkez,Diamond 1,9,59,,154,129
459,summoner-300165,460,HNDRXX,Diamond 1,9,103,,35,27
460,summoner-470164,461,KennyHai,Diamond 1,7,66,,161,157
461,summoner-11160195,462,Kimchiii 2,Diamond 1,6,59,,151,97
462,summoner-9220132,463,glugluglu,Diamond 1,6,46,,52,41
463,summoner-9611538,464,bunni,Diamond 1,6,37,,30,8
464,summoner-557330,465,JHONG,Diamond 1,5,51,,121,111
465,summoner-304980,466,iChuckRice,Diamond 1,5,79,,90,90
466,summoner-1403425,467,KURT PERRY,Diamond 1,5,55,,83,76
467,summoner-409738,468,Valkia,Diamond 1,3,109,,223,210
468,summoner-393328,469,AuSNlPE,Diamond 1,3,56,,115,106
469,summoner-632520,470,ACTL2131,Diamond 1,1,63,,158,157
470,summoner-970961,471,handyman94,Diamond 1,1,47,,84,70
471,summoner-365399,472,No Fear,Diamond 1,0,113,,297,291
472,summoner-303120,473,Bite,Diamond 1,0,66,,277,244
473,summoner-4382883,474,Smoko Shed,Diamond 1,0,95,,244,235
474,summoner-498305,475,Todderk,Diamond 1,0,72,,200,185
475,summoner-3444063,476,helloworld369,Diamond 1,0,75,,198,144
476,summoner-233072,477,Daddy Vincent,Diamond 1,0,71,,197,154
477,summoner-590760,478,Han Guk In Ruski,Diamond 1,0,84,,179,150
478,summoner-330848,479,4y5tvb8,Diamond 1,0,60,,171,156
479,summoner-714382,480,Jerey,Diamond 1,0,69,,164,155
480,summoner-489065,481,Mpowered,Diamond 1,0,116,,159,136
481,summoner-221999,482,Yatsume,Diamond 1,0,88,,143,139
482,summoner-457463,483,dean,Diamond 1,0,80,,140,125
483,summoner-11430174,484,Forsaken Dream,Diamond 1,0,54,,134,124
484,summoner-277256,485,Thydah,Diamond 1,0,73,,112,114
485,summoner-672019,486,ryalia,Diamond 1,0,45,,96,89
486,summoner-314889,487,zorenous,Diamond 1,0,75,,85,74
487,summoner-630568,488,Crazy Giraffe,Diamond 1,0,51,,80,81
488,summoner-276620,489,Hyperzoz,Diamond 1,0,62,,71,61
489,summoner-323306,490,JJ27CM,Diamond 1,0,52,,65,46
490,summoner-4802235,491,MyPetMonkey,Diamond 1,0,62,,63,61
491,summoner-5502181,492,9420,Diamond 1,0,41,,46,14
492,summoner-11580566,493,sooobinms,Diamond 1,0,40,,45,14
493,summoner-11076305,494,yeolahop,Diamond 1,0,41,,43,18
494,summoner-7940303,495,kai0s,Diamond 1,0,46,,39,26
495,summoner-3481025,496,a friendly noob,Diamond 2,100,73,,150,138
496,summoner-296114,497,KayHuynh,Diamond 2,100,72,,133,119
497,summoner-397500,498,SKT T1 Uzi,Diamond 2,100,58,,108,62
498,summoner-324564,499,Submissive Trap,Diamond 2,100,78,,89,80
499,summoner-700593,500,Twistar,Diamond 2,100,40,,50,37
500,summoner-2330180,501,NewTronix,Diamond 2,96,64,,99,94
501,summoner-554066,502,kalroc,Diamond 2,94,93,,68,58
502,summoner-743224,503,225,Diamond 2,93,132,,279,253
503,summoner-1980384,504,Nausicaä,Diamond 2,93,99,,90,88
504,summoner-11280145,505,AFs Kiin,Diamond 2,93,46,,79,51
505,summoner-286698,506,Ability,Diamond 2,92,63,,92,88
506,summoner-227375,507,GreatEngrish,Diamond 2,91,88,,77,65
507,summoner-577732,508,Bose,Diamond 2,90,99,,292,289
508,summoner-222739,509,Mechanical Kyle,Diamond 2,90,68,,94,86
509,summoner-2181036,510,Fluous,Diamond 2,89,47,,78,72
510,summoner-1110899,511,Cizza AU,Diamond 2,84,92,,150,130
511,summoner-6220301,512,Mokamoka,Diamond 2,83,69,,241,224
512,summoner-6362083,513,d0t4nat0r,Diamond 2,83,160,,169,161
513,summoner-356193,514,BlG Picture,Diamond 2,81,76,,76,74
514,summoner-8971470,515,trans girl,Diamond 2,80,103,,261,265
515,summoner-1883783,516,God Of LP,Diamond 2,79,109,,346,345
516,summoner-11360133,517,YeahNahYeahMaybe,Diamond 2,78,43,,71,62
517,summoner-3831740,518,Bubberduck,Diamond 2,77,71,,252,237
518,summoner-11840344,519,QaQ08,Diamond 2,76,43,,100,78
519,summoner-2481615,520,aznchungy,Diamond 2,75,104,,410,415
520,summoner-1167193,521,Šipić,Diamond 2,75,95,,347,335
521,summoner-399946,522,Debatable Plays,Diamond 2,75,94,,263,223
522,summoner-281754,523,Diamond 5,Diamond 2,75,101,,250,244
523,summoner-706325,524,Ecka,Diamond 2,75,100,,180,153
524,summoner-7110774,525,dmz4213,Diamond 2,75,75,,167,157
525,summoner-11202748,526,Pathetic Idiot,Diamond 2,75,51,,153,111
526,summoner-436716,527,Jimurenio,Diamond 2,75,96,,148,124
527,summoner-4802282,528,Uchîha Obito,Diamond 2,75,59,,135,110
528,summoner-461490,529,First Mate,Diamond 2,75,74,,132,111
529,summoner-11211553,530,BrunonLnDq,Diamond 2,75,49,,124,85
530,summoner-302863,531,IG The shy ovo,Diamond 2,75,77,,118,108
531,summoner-1061196,532,kayoko,Diamond 2,75,63,,105,84
532,summoner-6630790,533,jyj,Diamond 2,75,58,,102,104
533,summoner-749364,534,monster hunter,Diamond 2,75,51,,88,83
534,summoner-448971,535,Eva,Diamond 2,75,66,,59,69
535,summoner-278179,536,ozo1329,Diamond 2,75,99,,58,48
536,summoner-2920134,537,ThePirateBae,Diamond 2,75,70,,48,39
537,summoner-721676,538,J0hns0n,Diamond 2,75,36,,39,29
538,summoner-4390704,539,duckly,Diamond 2,74,90,,207,198
539,summoner-235604,540,Brush Fun,Diamond 2,74,72,,105,96
540,summoner-860500,541,Billythekidzz 2,Diamond 2,74,45,,38,27
541,summoner-2741810,542,4 H e a d K i d,Diamond 2,70,75,,150,92
542,summoner-643368,543,Young Stavros,Diamond 2,69,116,,322,317
543,summoner-620418,544,LaughingManES,Diamond 2,69,73,,182,171
544,summoner-1500529,545,Mumps,Diamond 2,69,79,,110,109
545,summoner-744879,546,Tinysmish,Diamond 2,66,63,,50,39
546,summoner-331036,547,Magic Mike,Diamond 2,63,92,,203,182
547,summoner-1440400,548,unstable ping,Diamond 2,63,54,,76,69
548,summoner-3930175,549,Eolant,Diamond 2,62,126,,466,436
549,summoner-349960,550,NorthFace,Diamond 2,61,120,,154,133
550,summoner-7981097,551,Ame seule,Diamond 2,61,95,,66,61
551,summoner-4462034,552,Uzi Fanboy,Diamond 2,60,69,,185,151
552,summoner-478373,553,Homeless Leaf,Diamond 2,60,71,,108,98
553,summoner-568646,554,hyejoo,Diamond 2,59,70,,82,62
554,summoner-11780837,555,oce Thanoš,Diamond 2,58,52,,139,106
555,summoner-10881536,556,Lillo,Diamond 2,58,102,,83,62
556,summoner-302759,557,Rye,Diamond 2,57,110,,450,438
557,summoner-6251921,558,FreshStartJason,Diamond 2,57,57,,214,177
558,summoner-483296,559,DW Rippii,Diamond 2,57,52,,147,109
559,summoner-8210805,560,Kpop,Diamond 2,57,110,,145,143
560,summoner-233511,561,cruncheycake,Diamond 2,57,110,,79,68
561,summoner-294150,562,Jopan,Diamond 2,56,60,,46,41
562,summoner-9981331,563,NoIIXigbar,Diamond 2,56,53,,35,25
563,summoner-221555,564,im tilting,Diamond 2,55,80,,114,116
564,summoner-392492,565,GZ Hyper,Diamond 2,53,75,,124,118
565,summoner-4461045,566,I Am Rengar,Diamond 2,53,108,,121,110
566,summoner-11340135,567,Bjork not Bjerg,Diamond 2,53,44,,105,70
567,summoner-7761629,568,Fállen,Diamond 2,52,84,,202,208
568,summoner-300358,569,Dissociation,Diamond 2,52,65,,172,161
569,summoner-280418,570,Coopos,Diamond 2,52,108,,139,125
570,summoner-495039,571,ARAMers suck,Diamond 2,52,93,,135,123
571,summoner-8150153,572,EGOIST Dough,Diamond 2,49,112,,421,357
572,summoner-5894360,573,DJChonz,Diamond 2,47,83,,364,335
573,summoner-7361244,574,Watch Anime pls,Diamond 2,47,37,,43,33
574,summoner-278492,575,LustMonkey,Diamond 2,46,86,,283,275
575,summoner-397704,576,risktaker,Diamond 2,44,76,,195,194
576,summoner-1440227,577,Squidgy Boy,Diamond 2,44,77,,110,110
577,summoner-1811697,578,Ragdol1,Diamond 2,43,68,,175,161
578,summoner-774086,579,Garlic Sauce,Diamond 2,43,48,,120,91
579,summoner-903644,580,nooseboy,Diamond 2,43,105,,35,17
580,summoner-2132627,581,OwO OuO OvO,Diamond 2,42,64,,105,96
581,summoner-231170,582,Lex Luthor,Diamond 2,41,95,,181,177
582,summoner-11121416,583,Cheph 2,Diamond 2,40,44,,111,70
583,summoner-440787,584,Silk,Diamond 2,39,60,,157,141
584,summoner-581032,585,Káne,Diamond 2,38,133,,198,206
585,summoner-7821699,586,sad girl,Diamond 2,38,117,,190,156
586,summoner-6841129,587,PumaS,Diamond 2,38,63,,174,168
587,summoner-3680635,588,Shirø,Diamond 2,38,143,,69,66
588,summoner-406918,589,Mai Shiu,Diamond 2,37,116,,320,310
589,summoner-284240,590,iBanished,Diamond 2,36,116,,182,160
590,summoner-449100,591,Fervour,Diamond 2,36,108,,91,92
591,summoner-364702,592,Pulsefire Teemo,Diamond 2,36,71,,55,37
592,summoner-371174,593,Bardo,Diamond 2,35,95,,216,210
593,summoner-4530610,594,liansuck,Diamond 2,34,75,,127,123
594,summoner-4480984,595,dzy,Diamond 2,33,71,,267,274
595,summoner-4301382,596,Dr Halo,Diamond 2,33,81,,77,52
596,summoner-11065408,597,DaGui,Diamond 2,31,119,,403,352
597,summoner-6672121,598,Archie,Diamond 2,31,105,,204,202
598,summoner-302859,599,Fndrr22dxd,Diamond 2,31,65,,163,159
599,summoner-701278,600,Çalcifer,Diamond 2,31,80,,160,122
600,summoner-5141556,601,LOA Fuki,Diamond 2,31,53,,136,125
601,summoner-8810339,602,PurpleLama,Diamond 2,30,49,,104,80
602,summoner-566367,603,Stop Trolling Me,Diamond 2,29,129,,312,293
603,summoner-11171162,604,98116,Diamond 2,29,51,,138,91
604,summoner-7000424,605,rice1,Diamond 2,29,43,,65,54
605,summoner-11750154,606,Bdo1nk,Diamond 2,29,37,,62,30
606,summoner-3980651,607,Morpice121,Diamond 2,29,121,,60,43
607,summoner-3710427,608,NinjaLegend1,Diamond 2,25,61,,148,136
608,summoner-841698,609,ecotoxic 1,Diamond 2,25,54,,132,117
609,summoner-9690912,610,Destromath,Diamond 2,25,45,,81,78
610,summoner-399563,611,Kevskin,Diamond 2,25,83,,33,23
611,summoner-233822,612,Mcbobba,Diamond 2,23,159,,239,216
612,summoner-11390379,613,SøfM,Diamond 2,23,43,,100,68
613,summoner-306624,614,Donggy,Diamond 2,23,56,,43,27
614,summoner-10141151,615,M1dbeast,Diamond 2,22,61,,120,127
615,summoner-639823,616,Quinonos,Diamond 2,22,82,,112,112
616,summoner-325800,617,MeepBalls,Diamond 2,21,72,,52,47
617,summoner-5945344,618,Buck Shots,Diamond 2,20,42,,43,35
618,summoner-589351,619,Ronni,Diamond 2,19,50,,102,93
619,summoner-1574708,620,Donzac101,Diamond 2,19,52,,65,51
620,summoner-581491,621,Riggered,Diamond 2,18,85,,176,147
621,summoner-3052095,622,Defenestrate,Diamond 2,18,73,,123,120
622,summoner-3642620,623,Damage Bot,Diamond 2,18,49,,120,110
623,summoner-600361,624,MT Void,Diamond 2,18,55,,108,98
624,summoner-447687,625,Grisha,Diamond 2,17,86,,258,248
625,summoner-11085230,626,ililiiiillliil,Diamond 2,17,81,,188,191
626,summoner-10781225,627,Orphelia,Diamond 2,17,68,,185,148
627,summoner-566468,628,Kpoop,Diamond 2,16,81,,224,194
628,summoner-742576,629,Zagnoids,Diamond 2,16,83,,175,142
629,summoner-280651,630,KingJamesMike,Diamond 2,16,67,,139,137
630,summoner-973756,631,tgunAU,Diamond 2,16,53,,123,123
631,summoner-291753,632,Moon,Diamond 2,16,113,,65,66
632,summoner-11080766,633,eris,Diamond 2,15,60,,129,101
633,summoner-451342,634,Clovus,Diamond 2,15,81,,123,127
634,summoner-1471865,635,Bear,Diamond 2,15,71,,83,80
635,summoner-320598,636,PowPowPanda,Diamond 2,14,59,,63,69
636,summoner-6231287,637,LLocky,Diamond 2,13,67,,133,100
637,summoner-2550310,638,Yuuk1 Asuna,Diamond 2,12,84,,204,191
638,summoner-479671,639,Bozos,Diamond 2,11,67,,120,120
639,summoner-670210,640,1osing,Diamond 2,9,99,,150,109
640,summoner-11340322,641,Just Believe Zll,Diamond 2,7,93,,184,158
641,summoner-953810,642,Kayn and Abel,Diamond 2,7,58,,78,72
642,summoner-638946,643,Qiunibieshelimia,Diamond 2,6,77,,147,138
643,summoner-275308,644,Impaired,Diamond 2,6,75,,66,49
644,summoner-2990640,645,Syouran,Diamond 2,4,71,,141,140
645,summoner-369867,646,Doom of bot,Diamond 2,4,48,,120,116
646,summoner-3163035,647,Ritogaming,Diamond 2,4,56,,107,106
647,summoner-522209,648,Stressful,Diamond 2,3,130,,134,120
648,summoner-7460332,649,ThroneV,Diamond 2,2,109,,398,348
649,summoner-2560269,650,Omni v2,Diamond 2,2,74,,141,142
650,summoner-355403,651,LOLlolololwwwffw,Diamond 2,2,51,,102,95
651,summoner-4061072,652,why live,Diamond 2,1,64,,109,110
652,summoner-587995,653,Urie,Diamond 2,1,102,,65,54
653,summoner-4130305,654,Mörty,Diamond 2,0,102,,259,257
654,summoner-1720492,655,whynotbefriends,Diamond 2,0,108,,259,232
655,summoner-1501524,656,Homeless,Diamond 2,0,77,,250,210
656,summoner-228708,657,Aragaki Yuii,Diamond 2,0,87,,223,198
657,summoner-600149,658,Vísionary,Diamond 2,0,86,,198,198
658,summoner-285605,659,Hindered Raven,Diamond 2,0,95,,179,162
659,summoner-710702,660,jihero,Diamond 2,0,60,,168,159
660,summoner-554055,661,Bulzy,Diamond 2,0,49,,145,130
661,summoner-369823,662,Boa Hancöck,Diamond 2,0,151,,132,100
662,summoner-301652,663,Koua,Diamond 2,0,80,,130,129
663,summoner-11045070,664,iWordsworth,Diamond 2,0,71,,129,114
664,summoner-460303,665,Alani,Diamond 2,0,133,,121,118
665,summoner-6010140,666,CN Moon,Diamond 2,0,98,,112,93
666,summoner-1171135,667,MyNameIsAction I,Diamond 2,0,58,,105,90
667,summoner-2593688,668,Xion XIV,Diamond 2,0,61,,104,103
668,summoner-431019,669,Cavs in 2018 lUl,Diamond 2,0,77,,101,99
669,summoner-565066,670,MeShelly,Diamond 2,0,85,,95,77
670,summoner-8390585,671,SM motherfkn D,Diamond 2,0,57,,90,106
671,summoner-1721171,672,Kewlie,Diamond 2,0,62,,84,64
672,summoner-8690146,673,Cères,Diamond 2,0,73,,80,88
673,summoner-12061866,674,1234hitdinosuar,Diamond 2,0,39,,78,50
674,summoner-7860178,675,tbman,Diamond 2,0,45,,73,68
675,summoner-2060238,676,Soy Xixi,Diamond 2,0,48,,72,45
676,summoner-10360133,677,Lose for Improve,Diamond 2,0,45,,65,51
677,summoner-11930493,678,22 06 2004,Diamond 2,0,39,,62,40
678,summoner-398138,679,PMA Kirby,Diamond 2,0,89,,60,61
679,summoner-475949,680,Happy Lion,Diamond 2,0,100,,56,49
680,summoner-8752009,681,4lways,Diamond 2,0,81,,50,19
681,summoner-511987,682,Kaø,Diamond 2,0,116,,35,22
682,summoner-483618,683,SuperSkitzzo,Diamond 3,100,158,,701,702
683,summoner-578126,684,Anubis,Diamond 3,100,93,,207,182
684,summoner-278675,685,Jiae,Diamond 3,100,82,,156,125
685,summoner-5904252,686,RIP swain,Diamond 3,100,62,,139,111
686,summoner-561444,687,AHumanBean,Diamond 3,100,58,,136,122
687,summoner-3871268,688,kimuchiyo,Diamond 3,100,64,,103,60
688,summoner-290499,689,PizzaRita,Diamond 3,100,81,,96,74
689,summoner-351975,690,Shadow of Time,Diamond 3,100,84,,90,78
690,summoner-316325,691,Canberra Santa,Diamond 3,100,48,,68,58
691,summoner-632043,692,GuyMadeOfFire,Diamond 3,100,39,,46,34
692,summoner-220270,693,lmperium,Diamond 3,100,52,,39,27
693,summoner-1394171,694,GoogleMaps,Diamond 3,98,101,,204,197
694,summoner-298603,695,Zachary zzz,Diamond 3,98,57,,83,67
695,summoner-1092892,696,NoxusMight,Diamond 3,96,86,,29,11
696,summoner-7851650,697,DaSticksOnTwitch,Diamond 3,93,72,,124,118
697,summoner-480048,698,Wreck It Rhune,Diamond 3,93,94,,113,121
698,summoner-563960,699,Stone,Diamond 3,87,105,,182,179
699,summoner-10071546,700,blanchesophh,Diamond 3,85,71,,42,39
700,summoner-6141799,701,ShØut,Diamond 3,83,68,,214,183
701,summoner-272664,702,hajun,Diamond 3,83,77,,118,88
702,summoner-283096,703,Hani is bae,Diamond 3,83,90,,115,107
703,summoner-10241637,704,Palme n Goéland,Diamond 3,82,73,,314,268
704,summoner-3322092,705,02 02 1998,Diamond 3,82,82,,229,195
705,summoner-10140185,706,LC Focus,Diamond 3,81,92,,201,197
706,summoner-630037,707,Enticement,Diamond 3,81,95,,83,66
707,summoner-634788,708,Kevin S Le,Diamond 3,80,117,,202,200
708,summoner-9210188,709,ZAG Able,Diamond 3,80,90,,179,176
709,summoner-6101678,710,M416666,Diamond 3,77,58,,93,84
710,summoner-812715,711,Mr Cute HR,Diamond 3,76,52,,154,123
711,summoner-479364,712,01 10 1998,Diamond 3,75,98,,526,507
712,summoner-4791512,713,DW WhiteLotus,Diamond 3,75,149,,517,530
713,summoner-8071238,714,FZASY,Diamond 3,75,124,,324,309
714,summoner-280030,715,Derpsmagee,Diamond 3,75,119,,280,289
715,summoner-10550212,716,Tilt King,Diamond 3,75,87,,208,189
716,summoner-5281670,717,Zhiend,Diamond 3,75,67,,180,173
717,summoner-6820866,718,KHSOL,Diamond 3,75,79,,175,178
718,summoner-332723,719,Crucix,Diamond 3,75,76,,169,155
719,summoner-3480668,720,Megalomaniac,Diamond 3,75,79,,151,128
720,summoner-11142189,721,Lil Kush,Diamond 3,75,87,,143,135
721,summoner-3663235,722,El Jannah Garlic,Diamond 3,75,62,,142,137
722,summoner-7820502,723,yo whats good,Diamond 3,75,49,,128,93
723,summoner-5781549,724,callmere,Diamond 3,75,46,,102,64
724,summoner-6840379,725,Bdoink,Diamond 3,75,55,,94,80
725,summoner-466794,726,L8S,Diamond 3,75,56,,89,75
726,summoner-304475,727,Daddy Daegyu,Diamond 3,75,69,,86,82
727,summoner-479941,728,xXAbusiveNanaXx,Diamond 3,75,56,,79,63
728,summoner-530695,729,kkmok,Diamond 3,75,61,,76,68
729,summoner-432479,730,hi im rain,Diamond 3,75,37,,47,29
730,summoner-320586,731,boy x,Diamond 3,74,84,,182,178
731,summoner-449742,732,NIGHTS,Diamond 3,74,83,,170,169
732,summoner-270385,733,Jab Right Hook,Diamond 3,72,83,,142,76
733,summoner-2592134,734,Kali Uchis,Diamond 3,72,80,,110,110
734,summoner-694658,735,handsome indian,Diamond 3,72,61,,84,75
735,summoner-314483,736,potato9,Diamond 3,71,67,,108,101
736,summoner-11222878,737,Kerrioneadys,Diamond 3,71,42,,80,53
737,summoner-9420230,738,Fourth rate AD,Diamond 3,70,87,,289,278
738,summoner-2281882,739,didsum1saytacos,Diamond 3,70,49,,30,19
739,summoner-406857,740,it gets better,Diamond 3,69,52,,165,108
740,summoner-296408,741,GodKingLordGaren,Diamond 3,69,110,,155,136
741,summoner-4440747,742,Brother Hai,Diamond 3,68,77,,126,131
742,summoner-11442161,743,o noo,Diamond 3,68,37,,47,15
743,summoner-6660713,744,Skull07,Diamond 3,67,95,,197,176
744,summoner-291689,745,kantos17,Diamond 3,67,106,,114,98
745,summoner-3882367,746,Amitle,Diamond 3,67,66,,59,59
746,summoner-5041374,747,hi im floki,Diamond 3,66,92,,234,213
747,summoner-621278,748,Skrrrr,Diamond 3,66,72,,152,144
748,summoner-285635,749,MaiI,Diamond 3,66,119,,109,78
749,summoner-354152,750,Kate Bruhnn,Diamond 3,64,52,,124,78
750,summoner-360988,751,Noon Gang,Diamond 3,64,69,,120,108
751,summoner-639778,752,JohnnyBoyy,Diamond 3,63,71,,112,87
752,summoner-284887,753,Emperor Ears,Diamond 3,63,84,,84,75
753,summoner-290358,754,Waffle Jr,Diamond 3,62,116,,119,111
754,summoner-4292193,755,Elliot Helm,Diamond 3,62,40,,56,46
755,summoner-332240,756,Semirhage,Diamond 3,61,63,,143,120
756,summoner-2952222,757,Holy Street,Diamond 3,60,81,,145,141
757,summoner-469676,758,Trooper7,Diamond 3,59,42,,104,66
758,summoner-12020515,759,rekkles122122111,Diamond 3,59,40,,78,56
759,summoner-10891227,760,Barbiturate Bob,Diamond 3,58,100,,317,277
760,summoner-351374,761,L1 Yuxuan,Diamond 3,58,118,,311,304
761,summoner-221335,762,Godco,Diamond 3,58,73,,125,88
762,summoner-229564,763,Xiphos,Diamond 3,58,60,,49,37
763,summoner-9720874,764,bani,Diamond 3,57,94,,340,340
764,summoner-361306,765,Facade,Diamond 3,57,108,,318,319
765,summoner-491427,766,Shizukesa,Diamond 3,57,92,,237,232
766,summoner-1332520,767,3uphonium,Diamond 3,57,63,,70,58
767,summoner-326039,768,0ldm8legit,Diamond 3,57,40,,61,43
768,summoner-9420387,769,Harm,Diamond 3,56,73,,140,112
769,summoner-3071107,770,Scuftz,Diamond 3,56,99,,125,112
770,summoner-9741444,771,Miracle,Diamond 3,56,45,,98,72
771,summoner-11252354,772,IsaacwF,Diamond 3,55,78,,339,306
772,summoner-7200702,773,Valor use fly,Diamond 3,55,42,,58,32
773,summoner-234955,774,Zyran,Diamond 3,55,125,,35,31
774,summoner-585398,775,Jimbo Mon,Diamond 3,54,76,,270,252
775,summoner-226673,776,Air,Diamond 3,54,116,,95,98
776,summoner-322373,777,NoIXemnas,Diamond 3,54,68,,51,40
777,summoner-8611591,778,Nightbringer,Diamond 3,53,36,,35,24
778,summoner-6451124,779,K             98,Diamond 3,52,80,,242,210
779,summoner-320443,780,RaidBoss Ovenhat,Diamond 3,52,84,,100,79
780,summoner-9050223,781,20I7 07 07,Diamond 3,52,56,,88,81
781,summoner-11171178,782,Ordolfur,Diamond 3,52,46,,60,41
782,summoner-1201161,783,bigbadnigs,Diamond 3,51,56,,130,120
783,summoner-368336,784,qop,Diamond 3,51,48,,82,60
784,summoner-459047,785,FÖCÜS,Diamond 3,50,89,,277,263
785,summoner-471649,786,Ara,Diamond 3,50,62,,212,190
786,summoner-10441803,787,api,Diamond 3,49,49,,37,33
787,summoner-333672,788,Johannes,Diamond 3,48,90,,126,121
788,summoner-296712,789,Nosreme,Diamond 3,48,45,,74,40
789,summoner-5760578,790,LCD DK,Diamond 3,46,104,,251,221
790,summoner-397315,791,Fu Tou de baba,Diamond 3,46,84,,185,177
791,summoner-452854,792,BoyWithFutou,Diamond 3,46,70,,161,149
792,summoner-8110225,793,KKona,Diamond 3,46,50,,93,88
793,summoner-281075,794,SMD Yasindu,Diamond 3,45,117,,172,155
794,summoner-345886,795,JigglyButt,Diamond 3,42,62,,82,63
795,summoner-497679,796,Bill,Diamond 3,41,89,,245,226
796,summoner-11941661,797,642962,Diamond 3,41,57,,224,184
797,summoner-285324,798,Yuqi is bae,Diamond 3,41,89,,75,72
798,summoner-6790124,799,eternity lullaby,Diamond 3,40,63,,136,120
799,summoner-569939,800,skyhao123,Diamond 3,39,63,,142,117
800,summoner-290786,801,Patruck,Diamond 3,39,97,,57,36
801,summoner-12110444,802,HugoONE,Diamond 3,21,58,,221,195
802,summoner-603634,803,L1l Pump Boi,Diamond 3,38,141,,188,181
803,summoner-12000177,804,Jib4,Diamond 3,38,71,,177,141
804,summoner-8610951,805,Ch4zz,Diamond 3,38,41,,62,28
805,summoner-225037,806,Afince,Diamond 3,38,89,,28,13
806,summoner-823469,807,Merzy,Diamond 3,37,52,,119,83
807,summoner-238860,808,frog arms,Diamond 3,37,122,,39,41
808,summoner-8770178,809,Kelvinotoe,Diamond 3,36,95,,147,146
809,summoner-7150141,810,Varaxo,Diamond 3,36,84,,95,107
810,summoner-5551046,811,LGC minkywhale,Diamond 3,35,68,,260,235
811,summoner-746241,812,Marriage,Diamond 3,35,151,,235,211
812,summoner-5900441,813,768 Tizzy T,Diamond 3,35,58,,100,95
813,summoner-369278,814,Pia Pia Piu c,Diamond 3,35,57,,96,57
814,summoner-4430246,815,TriXtEx,Diamond 3,33,78,,308,297
815,summoner-726540,816,Blue Cat,Diamond 3,33,69,,47,48
816,summoner-6231646,817,xXRayXx,Diamond 3,32,80,,148,101
817,summoner-12050439,818,aries zero,Diamond 3,32,36,,48,23
818,summoner-714034,819,Ton Chan,Diamond 3,31,122,,291,275
819,summoner-305787,820,Marshmallows,Diamond 3,31,74,,32,21
820,summoner-984419,821,lllllllllll,Diamond 3,0,131,,357,352
821,summoner-900278,822,CurdledSilk,Diamond 3,30,89,,267,235
822,summoner-8462161,823,LongShorts,Diamond 3,30,101,,133,117
823,summoner-5760578,824,LCD DK,Diamond 3,46,104,,251,221
824,summoner-453513,825,Ronnald,Diamond 3,7,93,,204,189
825,summoner-742684,826,FOOLS,Diamond 3,28,76,,122,116
826,summoner-280394,827,Say Yes,Diamond 3,27,96,,331,321
827,summoner-791847,828,Lıam,Diamond 3,27,57,,75,64
828,summoner-551283,829,SF 1 and 13,Diamond 3,9,81,,331,327
829,summoner-10071222,830,Rlng,Diamond 3,26,79,,229,194
830,summoner-872383,831,Lived,Diamond 3,26,92,,186,181
831,summoner-288237,832,Öhm,Diamond 3,25,71,,231,219
832,summoner-11820124,833,Hide From Egirl,Diamond 3,25,54,,174,124
833,summoner-11500284,834,NewbeePlayer,Diamond 3,25,45,,104,65
834,summoner-5895606,835,LoMejorDeLoMejor,Diamond 3,25,63,,97,87
835,summoner-773359,836,Rooftop Dreams,Diamond 3,25,78,,88,65
836,summoner-9240178,837,floppyfish278,Diamond 3,25,42,,85,22
837,summoner-278122,838,Risky,Diamond 3,25,76,,74,65
838,summoner-405015,839,Vaporeon,Diamond 3,25,41,,58,44
839,summoner-9001697,840,op dot gg review,Diamond 3,25,42,,53,47
840,summoner-397305,841,Amen1001,Diamond 3,24,45,,50,40
841,summoner-369623,842,Chingster Ming,Diamond 3,24,98,,49,33
842,summoner-235806,843,Dom,Diamond 3,24,56,,24,15
843,summoner-229272,844,AHYSI,Diamond 3,23,127,,346,347
844,summoner-2742230,845,Cressy,Diamond 3,23,91,,327,308
845,summoner-503122,846,Volibear Bot2,Diamond 3,23,60,,198,160
846,summoner-8010504,847,handsome zhe,Diamond 3,23,54,,164,137
847,summoner-11970347,848,1 Love,Diamond 3,23,43,,91,60
848,summoner-3012162,849,Eels,Diamond 3,23,121,,41,31
849,summoner-1772162,850,Diamond Ero,Diamond 3,22,59,,205,171
850,summoner-3053143,851,Imperceivable,Diamond 3,22,51,,156,118
851,summoner-1340624,852,Elude,Diamond 3,22,81,,72,65
852,summoner-235171,853,Reimú,Diamond 3,22,108,,37,24
853,summoner-284670,854,Kebun,Diamond 3,21,124,,385,353
854,summoner-509425,855,Yuzuke,Diamond 3,21,91,,115,90
855,summoner-305147,856,Lightningsz,Diamond 3,21,54,,108,73
856,summoner-630149,857,Pulleft,Diamond 3,20,141,,586,599
857,summoner-466220,858,Rex602,Diamond 3,20,121,,258,241
858,summoner-6570534,859,Dale Denten,Diamond 3,20,82,,192,183
859,summoner-1820884,860,0519,Diamond 3,20,66,,182,169
860,summoner-635952,861,Tengar,Diamond 3,20,97,,180,186
861,summoner-445658,862,Zeo,Diamond 3,20,104,,167,159
862,summoner-2262034,863,Main Top,Diamond 3,20,78,,136,115
863,summoner-399347,864,Plagué,Diamond 3,20,55,,128,125
864,summoner-8661945,865,10CSPM,Diamond 3,19,50,,155,117
865,summoner-287335,866,chookn,Diamond 3,19,45,,114,68
866,summoner-443508,867,Boobs,Diamond 3,19,80,,108,100
867,summoner-10280340,868,Leafeon,Diamond 3,19,41,,70,39
868,summoner-4100151,869,Apologetic Noob,Diamond 3,19,54,,60,46
869,summoner-11080832,870,chaøs,Diamond 3,19,48,,42,30
870,summoner-430397,871,ElllaxX,Diamond 3,18,88,,341,351
871,summoner-1350309,872,TheMightyFruit,Diamond 3,18,90,,298,265
872,summoner-223998,873,Woodsie,Diamond 3,18,85,,231,223
873,summoner-317309,874,Roz62,Diamond 3,2,48,,186,150
874,summoner-733562,875,Qúeef,Diamond 3,18,96,,144,123
875,summoner-6150835,876,Brontosaurus,Diamond 3,18,96,,101,84
876,summoner-5902458,877,Larxene XII,Diamond 3,18,39,,69,37
877,summoner-275445,878,LAPD 911,Diamond 3,17,58,,90,79
878,summoner-11160289,879,th0mas,Diamond 3,17,48,,80,52
879,summoner-322389,880,Mystiiez,Diamond 3,16,80,,172,146
880,summoner-11075233,881,held me down,Diamond 3,16,68,,164,166
881,summoner-352703,882,Khysoar,Diamond 3,16,57,,144,128
882,summoner-442911,883,Payton,Diamond 3,16,93,,74,77
883,summoner-479495,884,DeathByLlama,Diamond 3,15,88,,75,67
884,summoner-722764,885,FunkZillah,Diamond 3,15,94,,60,45
885,summoner-1760235,886,Jaycehandsome,Diamond 3,14,77,,203,211
886,summoner-1811821,887,JBreezy,Diamond 3,14,67,,203,193
887,summoner-571560,888,Paths of Pain,Diamond 3,14,97,,118,116
888,summoner-463325,889,MeMoMoMa,Diamond 3,14,48,,97,88
889,summoner-232022,890,Scroll,Diamond 3,14,61,,94,59
890,summoner-8970295,891,give me anxiety,Diamond 3,13,71,,201,211
891,summoner-10161398,892,with1drawn,Diamond 3,13,43,,58,31
892,summoner-628060,893,K1LD3Rn3S5,Diamond 3,12,97,,146,141
893,summoner-7200938,894,Hear,Diamond 3,12,48,,126,110
894,summoner-482781,895,Feed to Succeed,Diamond 3,30,119,,104,104
895,summoner-9120188,896,ShowMaker,Diamond 3,12,51,,55,52
896,summoner-327877,897,never get role,Diamond 3,10,55,,99,93
897,summoner-284257,898,Profit Leonard,Diamond 3,10,41,,65,59
898,summoner-395355,899,Fabulous,Diamond 3,10,48,,48,35
899,summoner-636352,900,Åkanø,Diamond 3,10,43,,48,46
900,summoner-584744,901,Low APM Btw,Diamond 3,9,45,,28,17
901,summoner-2960362,902,Carypto,Diamond 3,8,106,,172,154
902,summoner-563813,903,Reina Kousaka,Diamond 3,8,41,,47,34
903,summoner-453513,904,Ronnald,Diamond 3,7,93,,204,189
904,summoner-1163135,905,SpinLord,Diamond 3,7,69,,104,95
905,summoner-701380,906,Feshua owo,Diamond 3,7,56,,65,69
906,summoner-451889,907,ri Nin leiQVQ,Diamond 3,7,38,,57,48
907,summoner-402522,908,Kenste,Diamond 3,7,46,,50,35
908,summoner-220192,909,WE DEM BOYZZ,Diamond 3,6,75,,108,89
909,summoner-1810791,910,Holly Mia,Diamond 3,6,90,,85,69
910,summoner-773372,911,Mryibaba,Diamond 3,4,101,,208,180
911,summoner-380314,912,Blurred,Diamond 3,4,61,,207,166
912,summoner-706024,913,ˉ w ˉ,Diamond 3,4,51,,111,93
913,summoner-3140948,914,Necromancer,Diamond 3,3,72,,224,209
914,summoner-2910960,915,Jyza IV,Diamond 3,3,52,,136,101
915,summoner-3132024,916,luckyslamdunk,Diamond 3,3,78,,119,98
916,summoner-228360,917,Dr Elementfluffy,Diamond 3,3,101,,91,75
917,summoner-5621748,918,CheeZeLord,Diamond 3,3,98,,89,68
918,summoner-317309,919,Roz62,Diamond 3,2,48,,186,150
919,summoner-230856,920,Reznor,Diamond 3,2,74,,133,121
920,summoner-488654,921,BEEM0,Diamond 3,2,122,,105,106
921,summoner-7820275,922,KoBe 07,Diamond 3,1,89,,327,241
922,summoner-680188,923,IG Rook1e,Diamond 3,1,78,,285,253
923,summoner-8790826,924,imCodxx,Diamond 3,1,75,,264,223
924,summoner-3621562,925,mfis,Diamond 3,1,93,,122,123
925,summoner-11121305,926,ForsakenDreamz,Diamond 3,1,46,,64,51
926,summoner-984419,927,lllllllllll,Diamond 3,0,131,,357,352
927,summoner-1100599,928,godofapples,Diamond 3,0,90,,329,293
928,summoner-4861103,929,1998 12 19,Diamond 3,0,84,,321,284
929,summoner-941171,930,Nomoreganks,Diamond 3,0,86,,312,293
930,summoner-1101353,931,Uncle Wesker,Diamond 3,0,135,,286,254
931,summoner-700393,932,Paco8,Diamond 3,0,70,,232,187
932,summoner-302914,933,Legends ND,Diamond 3,0,86,,229,180
933,summoner-11480427,934,Garverz,Diamond 3,0,72,,218,180
934,summoner-1292193,935,fire kylin,Diamond 3,0,80,,213,182
935,summoner-11871110,936,s1ckle,Diamond 3,0,72,,196,155
936,summoner-305116,937,LDV,Diamond 3,0,113,,193,155
937,summoner-7330143,938,Gakki or Satomi,Diamond 3,0,71,,192,176
938,summoner-660755,939,iJwang,Diamond 3,0,107,,191,192
939,summoner-467389,940,Princess Belle,Diamond 3,0,73,,187,189
940,summoner-503392,941,GoGoJuice98,Diamond 3,0,56,,167,139
941,summoner-522668,942,iiDontCare,Diamond 3,0,50,,167,115
942,summoner-3311812,943,Overlord1,Diamond 3,0,112,,163,125
943,summoner-1710466,944,Too Tru Fam,Diamond 3,0,79,,157,140
944,summoner-11430289,945,Joe Miller,Diamond 3,0,90,,152,132
945,summoner-621191,946,AoiTora,Diamond 3,0,64,,151,113
946,summoner-10260750,947,hypebeastakito,Diamond 3,0,94,,148,114
947,summoner-315654,948,ragepoo,Diamond 3,0,64,,142,123
948,summoner-507532,949,Phoed,Diamond 3,0,128,,140,128
949,summoner-312659,950,NightMare324,Diamond 3,0,69,,138,139
950,summoner-292904,951,Pecha Berry,Diamond 3,0,90,,136,126
951,summoner-11220678,952,KingGodYasuo,Diamond 3,0,48,,129,93
952,summoner-8212923,953,wRayZxMan,Diamond 3,0,86,,127,118
953,summoner-1680225,954,Exiled,Diamond 3,0,137,,121,120
954,summoner-11140408,955,Fuggines,Diamond 3,0,47,,118,90
955,summoner-2160127,956,Pica boo,Diamond 3,0,128,,117,90
956,summoner-870924,957,Ćonqseºrør,Diamond 3,0,54,,112,111
957,summoner-439711,958,Ace in the Hole,Diamond 3,0,98,,111,111
958,summoner-7680165,959,ORD Lelouch,Diamond 3,0,65,,105,65
959,summoner-226325,960,Charmander AU,Diamond 3,0,43,,103,73
960,summoner-331592,961,Lehm The BM,Diamond 3,0,65,,100,72
961,summoner-6420294,962,MoonlitKaiser,Diamond 3,0,47,,92,68
962,summoner-276529,963,Didnt ask,Diamond 3,0,123,,88,90
963,summoner-438508,964,Maximoo,Diamond 3,0,112,,85,83
964,summoner-239171,965,Hunt,Diamond 3,0,107,,80,58
965,summoner-1363078,966,Sheldor73,Diamond 3,0,71,,78,76
966,summoner-404807,967,Liv,Diamond 3,0,46,,77,66
967,summoner-281946,968,The Gom,Diamond 3,0,54,,68,40
968,summoner-4530378,969,Smlz 0v0,Diamond 3,0,96,,65,46
969,summoner-580828,970,My Jg Is Retard,Diamond 3,0,86,,64,48
970,summoner-1880974,971,Byrone,Diamond 3,0,102,,64,59
971,summoner-3520141,972,15x scope Kar98k,Diamond 3,0,91,,61,46
972,summoner-10171740,973,Suexa,Diamond 3,0,43,,60,28
973,summoner-3592244,974,Qonnect,Diamond 3,0,67,,60,57
974,summoner-8610583,975,ShaIItear,Diamond 3,0,44,,59,61
975,summoner-8870219,976,GZ Cadence,Diamond 3,0,101,,59,45
976,summoner-441412,977,QASWEFRGTHJMFDF,Diamond 3,0,105,,53,38
977,summoner-300644,978,김정은,Diamond 3,0,92,,51,49
978,summoner-1380274,979,Ohgee,Diamond 3,0,57,,49,16
979,summoner-6931874,980,HoIo,Diamond 3,0,44,,49,42
980,summoner-325988,981,The Expanse,Diamond 3,0,43,,42,37
981,summoner-451639,982,Miracle Jgg,Diamond 3,0,127,,38,23
982,summoner-476851,983,Scimister,Diamond 4,100,107,,388,375
983,summoner-324187,984,vveigang,Diamond 4,100,68,,257,255
984,summoner-11241106,985,mLbQHenry,Diamond 4,100,69,,233,197
985,summoner-749811,986,Spongebob4llyf,Diamond 4,100,100,,221,189
986,summoner-790314,987,Gilbzi,Diamond 4,100,66,,131,118
987,summoner-590641,988,I Dont Wanna Win,Diamond 4,100,53,,116,110
988,summoner-484258,989,Destiny98,Diamond 4,100,82,,100,83
989,summoner-2870250,990,BiGhao,Diamond 4,100,78,,95,95
990,summoner-360093,991,Brent Rambo,Diamond 4,100,55,,89,75
991,summoner-8930296,992,P1kaqiu,Diamond 4,100,44,,85,61
992,summoner-5710281,993,SumCookie,Diamond 4,100,52,,84,69
993,summoner-579944,994,OKtiger,Diamond 4,100,44,,72,78
994,summoner-380500,995,Vpn Boi,Diamond 4,100,91,,72,50
995,summoner-315902,996,selphish,Diamond 4,100,83,,66,62
996,summoner-480705,997,Shenaniganzz,Diamond 4,100,45,,50,43
997,summoner-725483,998,BlahblahE,Diamond 4,100,38,,49,48
998,summoner-287737,999,Intent,Diamond 4,100,66,,45,27
999,summoner-8910498,1000,One Game,Diamond 4,100,61,,39,31
