#timestamp 1529917252065
#date 2018-06-25T09:00:52+00:00
#players 1000
#index,id,rank,name,tier,lp,level,proTeam,win,loss
0,summoner-4602614,1,Eu sou o Jojo,Challenger,1329,84,,268,181
1,summoner-1833896,2,CNB Hy0g4,Challenger,1308,131,,560,452
2,summoner-34000124,3,3242363,Challenger,1011,44,,128,63
3,summoner-539250,4,HKS Caos,Challenger,923,110,,328,269
4,summoner-31094545,5,Sky s2 BR,Challenger,919,72,,257,178
5,summoner-2833743,6,AvaIanche,Challenger,901,120,,502,389
6,summoner-9540245,7,tinowns2,Challenger,877,71,,192,135
7,summoner-31400150,8,Pokas ideías,Challenger,871,55,,203,116
8,summoner-4499324,9,Nyu,Challenger,810,108,,303,240
9,summoner-523864,10,clumsy boy,Challenger,810,79,,222,173
10,summoner-2984886,11,Rhaegalarys,Challenger,794,157,,225,164
11,summoner-520377,12,envy 30,Challenger,750,87,,279,238
12,summoner-540342,13,RED Guigo,Challenger,739,114,,339,277
13,summoner-6510165,14,beyond the stars,Challenger,731,128,,418,365
14,summoner-3254291,15,RedBert,Challenger,731,74,,233,174
15,summoner-17074696,16,KT Mandiocaa,Challenger,722,82,,372,269
16,summoner-31400130,17,YoYo JoJo,Challenger,717,71,,271,175
17,summoner-500182,18,CNB Robo1,Challenger,703,89,,276,230
18,summoner-610635,19,Days4fun,Challenger,692,91,,220,164
19,summoner-27800149,20,Glaucia,Challenger,670,95,,174,132
20,summoner-1721150,21,goku chan,Challenger,669,93,,254,211
21,summoner-30610309,22,gebradetransgay,Challenger,664,121,,444,391
22,summoner-2596351,23,God Needles,Challenger,656,114,,363,324
23,summoner-6673314,24,esA,Challenger,655,89,,322,281
24,summoner-24810150,25,GENESIS SHINI,Challenger,654,49,,101,60
25,summoner-536088,26,Amazing Zuao,Challenger,652,103,,320,269
26,summoner-529295,27,burn to emerge,Challenger,649,73,,116,74
27,summoner-22055132,28,Olkaida,Challenger,645,148,,216,164
28,summoner-2360158,29,LUIS CARVALHO,Challenger,639,49,,110,70
29,summoner-20640125,30,choramaisae,Challenger,636,69,,249,198
30,summoner-2891839,31,Destinyyy,Challenger,635,65,,215,173
31,summoner-31410132,32,Ruim e velho,Challenger,626,70,,273,191
32,summoner-24810143,33,little gold,Challenger,622,72,,255,205
33,summoner-24820140,34,yougotmenervous,Challenger,621,96,,484,409
34,summoner-9480188,35,Minerva,Challenger,620,96,,309,268
35,summoner-27980135,36,Sílent Player,Challenger,617,107,,452,408
36,summoner-18270216,37,toguers,Challenger,616,84,,300,247
37,summoner-17663661,38,AKMU,Challenger,606,73,,331,281
38,summoner-18780139,39,LukasNegro,Challenger,595,75,,267,217
39,summoner-410074,40,zhao AD113755088,Challenger,595,75,,238,193
40,summoner-24810137,41,Krastymel,Challenger,611,63,,162,117
41,summoner-852464,42,dyNquedo NGDP,Challenger,590,77,,193,147
42,summoner-400412,43,exceed apogee,Challenger,586,47,,99,56
43,summoner-533497,44,Pinguin Cotoco,Challenger,578,80,,184,143
44,summoner-1141219,45,Prblank,Challenger,574,91,,318,281
45,summoner-1726011,46,TusiN,Challenger,572,95,,295,249
46,summoner-30992817,47,PRG lima,Challenger,558,116,,515,471
47,summoner-20252931,48,BAAAAAAAAAAANKAI,Challenger,558,98,,469,416
48,summoner-29233192,49,Miss Luxury,Challenger,553,218,,205,161
49,summoner-1475753,50,buceIinho,Challenger,550,109,,346,295
50,summoner-6230125,51,Kales Myth,Challenger,549,102,,228,187
51,summoner-17972381,52,selaK htyM,Challenger,544,102,,364,321
52,summoner-19440391,53,WP LynX,Challenger,542,127,,472,414
53,summoner-1872796,54,Revalí,Challenger,537,101,,303,263
54,summoner-20014792,55,NOTEJURISPERITUS,Challenger,536,93,,294,256
55,summoner-27620140,56,KID GOTEN,Challenger,528,70,,226,182
56,summoner-1724409,57,YGOR FREITAS,Challenger,527,101,,347,313
57,summoner-477974,58,Zaphkíel,Challenger,525,133,,328,294
58,summoner-4191339,59,JJOOSUNG,Challenger,521,86,,262,218
59,summoner-4583588,60,Unreality,Challenger,517,92,,273,232
60,summoner-33990125,61,l can be better,Challenger,515,45,,126,84
61,summoner-29120132,62,RSL TutsTutsz,Challenger,514,154,,524,479
62,summoner-472453,63,bydekixd,Challenger,514,87,,252,215
63,summoner-437956,64,Copernic1,Challenger,513,123,,474,418
64,summoner-602339,65,Vasto1,Challenger,506,156,,613,560
65,summoner-476160,66,high noon,Challenger,504,88,,114,78
66,summoner-34010125,67,Juan JayJ lol,Challenger,502,40,,89,38
67,summoner-31390133,68,Sidney Royel,Challenger,501,74,,295,228
68,summoner-2854374,69,Trovaozin,Challenger,498,105,,417,379
69,summoner-3297574,70,UNREFORMED BTW,Challenger,493,87,,296,260
70,summoner-3546357,71,Barry de Barry,Challenger,493,108,,285,254
71,summoner-530844,72,Sneez1,Challenger,493,76,,247,214
72,summoner-2472380,73,Kaze Ronin,Challenger,492,112,,170,131
73,summoner-477786,74,lie blanc182,Challenger,492,66,,164,123
74,summoner-20860130,75,Little Rookie1,Challenger,488,89,,293,257
75,summoner-5663560,76,XerembaMole,Challenger,483,54,,126,84
76,summoner-27820136,77,boosted adc,Challenger,483,78,,109,76
77,summoner-584708,78,Little Wos,Challenger,482,98,,312,264
78,summoner-2850703,79,Yan,Challenger,478,78,,255,213
79,summoner-18290189,80,IlIlIlIIllIlIllI,Challenger,476,48,,116,69
80,summoner-31380133,81,51654684,Challenger,471,53,,176,105
81,summoner-28883895,82,Hydrogen,Challenger,469,51,,128,82
82,summoner-455830,83,danz0r,Challenger,468,93,,254,217
83,summoner-21852695,84,Satan himself,Challenger,466,86,,319,279
84,summoner-27820158,85,Suanybb,Challenger,466,69,,220,180
85,summoner-2105456,86,enel1,Challenger,466,79,,147,111
86,summoner-14494449,87,evr0t,Challenger,465,103,,355,326
87,summoner-5562087,88,Brucer,Challenger,463,76,,212,162
88,summoner-10212285,89,Martiins,Challenger,463,87,,207,155
89,summoner-840819,90,Vipeeer,Challenger,463,96,,142,94
90,summoner-18290186,91,Nigrum Pantherae,Challenger,461,52,,169,127
91,summoner-4967463,92,May 17th,Challenger,456,103,,160,119
92,summoner-602145,93,time for dinner,Challenger,453,91,,242,205
93,summoner-973876,94,Hidanzin,Challenger,451,115,,395,364
94,summoner-990588,95,FNC Pickkles,Challenger,449,72,,158,117
95,summoner-5248317,96,Taara,Challenger,447,73,,107,65
96,summoner-808975,97,Vahvel,Challenger,446,63,,97,56
97,summoner-1760285,98,Wartin,Challenger,443,121,,430,388
98,summoner-3255468,99,Kappareca,Challenger,440,109,,450,388
99,summoner-19936193,100,PNG Jovigod,Challenger,439,73,,322,273
100,summoner-18280212,101,korean d2,Challenger,439,70,,221,186
101,summoner-512750,102,whatiswrong,Challenger,435,134,,515,479
102,summoner-18280187,103,rkid,Challenger,435,68,,249,206
103,summoner-3978933,104,BF781,Challenger,432,76,,238,206
104,summoner-32530127,105,Kími1,Challenger,431,72,,133,92
105,summoner-550161,106,Stealzin,Challenger,429,104,,330,292
106,summoner-974599,107,Aslan1,Challenger,428,136,,557,526
107,summoner-31390126,108,ERASAO EMBRAZADO,Challenger,427,66,,239,168
108,summoner-440645,109,Ksiv,Challenger,426,73,,179,143
109,summoner-3345070,110,Xeroque Rolmes,Challenger,426,87,,179,144
110,summoner-6632369,111,RED Perz,Challenger,423,116,,415,380
111,summoner-3222212,112,Raven1,Challenger,422,153,,609,565
112,summoner-31520675,113,Katner,Challenger,420,98,,362,289
113,summoner-520805,114,RED Cabu,Challenger,418,98,,319,285
114,summoner-3057217,115,Atrasia,Challenger,417,106,,369,339
115,summoner-16385949,116,HAND OF N0XUS,Challenger,416,111,,243,211
116,summoner-486830,117,takeshi,Challenger,415,56,,148,115
117,summoner-19340127,118,haters,Challenger,414,55,,142,100
118,summoner-23792946,119,Just Lose,Challenger,413,79,,170,130
119,summoner-24800141,120,HYP3 BEAST,Challenger,413,62,,145,108
120,summoner-569095,121,Just Dont Cry,Challenger,412,82,,253,219
121,summoner-7591541,122,vaza daki mano,Challenger,409,117,,424,398
122,summoner-456148,123,Bardeus,Challenger,406,90,,267,233
123,summoner-2615838,124,Howper1,Challenger,406,68,,174,114
124,summoner-402032,125,Grevthar,Challenger,404,102,,336,295
125,summoner-23793754,126,AAAAAAAAAZZZZZZ,Challenger,402,69,,199,155
126,summoner-628501,127,LDL Netuno,Challenger,401,115,,402,363
127,summoner-446673,128,Ninj sad,Challenger,401,116,,387,354
128,summoner-1660132,129,REAL FAKE DOORS,Challenger,401,73,,305,265
129,summoner-21190131,130,RANGERZADA XQDL,Challenger,398,52,,131,83
130,summoner-25900130,131,guymkryukiul,Challenger,397,72,,202,170
131,summoner-2968269,132,STD Stepz,Challenger,392,122,,370,338
132,summoner-424963,133,Namezero,Challenger,391,101,,321,288
133,summoner-27512709,134,Yan Franco,Challenger,370,80,,178,148
134,summoner-3862389,135,SynSatioN,Challenger,390,92,,175,131
135,summoner-470353,136,Mandioquinhaa,Challenger,389,68,,280,202
136,summoner-21642856,137,Bhz,Challenger,387,170,,534,516
137,summoner-14923592,138,OhScary,Challenger,386,148,,374,341
138,summoner-539800,139,Teusla,Challenger,385,141,,417,384
139,summoner-31410126,140,YoYo Lynkez,Challenger,383,100,,518,451
140,summoner-27740439,141,RDP Kadaki,Challenger,382,95,,318,283
141,summoner-1335110,142,pijack,Challenger,379,92,,330,286
142,summoner-22001193,143,Mewkyo,Challenger,379,96,,179,147
143,summoner-21190134,144,CHICÃO LINGUIÇA,Challenger,378,87,,288,251
144,summoner-2074447,145,BBenj,Challenger,371,104,,357,321
145,summoner-2990701,146,The Cheater,Challenger,371,92,,212,176
146,summoner-2615940,147,aldair45,Challenger,371,54,,116,69
147,summoner-2631152,148,vai freire,Challenger,368,108,,408,391
148,summoner-6632055,149,SoloqHeroVrauRx,Challenger,367,112,,331,300
149,summoner-475909,150,ICH Pizzaiolo,Challenger,365,103,,318,280
150,summoner-1608051,151,FIORA MECHANICS,Challenger,365,67,,230,185
151,summoner-501031,152,ERVA TERERÉ,Challenger,364,61,,168,132
152,summoner-34000130,153,3242350,Challenger,364,39,,77,37
153,summoner-18280139,154,Rakyz,Challenger,360,97,,266,237
154,summoner-3692431,155,Melhor da Pavuna,Challenger,359,101,,479,376
155,summoner-484681,156,Killuard,Challenger,359,119,,423,387
156,summoner-1357193,157,Peccato,Challenger,358,69,,250,211
157,summoner-27800128,158,paiN au chocolat,Challenger,358,65,,240,193
158,summoner-1162683,159,Nestorzinho,Challenger,358,60,,128,92
159,summoner-589316,160,Babidii,Challenger,357,98,,314,278
160,summoner-3260483,161,Kedul,Challenger,357,73,,236,215
161,summoner-533705,162,Arthur Lanches,Challenger,356,136,,175,138
162,summoner-6572250,163,Dekisokonai LLKO,Challenger,356,66,,141,111
163,summoner-3860700,164,nthayy,Challenger,355,114,,388,349
164,summoner-14850127,165,Buggáx,Challenger,355,54,,185,116
165,summoner-5001267,166,Cillias husband,Challenger,354,128,,372,340
166,summoner-1521572,167,Weikyy,Challenger,354,113,,225,179
167,summoner-1312446,168,l Kagura l,Challenger,354,84,,200,164
168,summoner-487082,169,FLA brTT      11,Challenger,352,88,,308,280
169,summoner-1623169,170,Dopa,Challenger,351,96,,416,383
170,summoner-15890130,171,fatboy prodi,Challenger,348,90,,373,336
171,summoner-1412244,172,Pitutu,Challenger,348,106,,302,271
172,summoner-9221591,173,Suicide is real,Challenger,348,95,,273,236
173,summoner-4006761,174,Wenzinger,Challenger,345,129,,327,304
174,summoner-20252143,175,SUB MEC,Challenger,345,68,,244,204
175,summoner-18166519,176,z4y,Challenger,345,118,,226,185
176,summoner-993658,177,Im random,Challenger,344,89,,352,325
177,summoner-2003578,178,Clovinho,Challenger,343,121,,228,207
178,summoner-10152531,179,Yakushí,Challenger,341,170,,393,380
179,summoner-476990,180,TSW Drop,Challenger,340,120,,374,348
180,summoner-21142674,181,RinzIer,Challenger,340,73,,219,184
181,summoner-28770126,182,Açaílover69,Challenger,337,71,,190,156
182,summoner-1520227,183,Akrinuss Bot,Challenger,336,76,,244,213
183,summoner-6991312,184,Mito Supremo,Challenger,336,124,,148,117
184,summoner-18180625,185,Lúcyfer,Challenger,335,136,,307,269
185,summoner-16050132,186,qVVVVVVVERTY,Challenger,335,82,,283,246
186,summoner-871762,187,Café Pretinho,Challenger,334,118,,288,258
187,summoner-9735541,188,Zude,Challenger,333,169,,571,545
188,summoner-18121335,189,Luks Said,Challenger,333,158,,423,397
189,summoner-19832324,190,RonRom,Challenger,333,65,,125,75
190,summoner-16985434,191,luíspedrod,Challenger,332,132,,306,273
191,summoner-4211935,192,Lunefe,Challenger,328,93,,170,138
192,summoner-28111590,193,SMURF D0 MUCA,Challenger,327,146,,554,531
193,summoner-31410129,194,WE zero,Challenger,327,62,,230,173
194,summoner-4451476,195,doravante,Challenger,322,92,,225,199
195,summoner-530736,196,Sarkis,Challenger,320,80,,260,243
196,summoner-477374,197,SKG BroTher,Challenger,316,103,,378,353
197,summoner-33990124,198,sephis,Challenger,315,37,,64,25
198,summoner-30012821,199,Jácomini,Challenger,301,106,,425,375
199,summoner-2101731,200,xanad0,Challenger,276,124,,449,424
200,summoner-1304498,201,4LaN,Master,343,54,,116,86
201,summoner-2824572,202,omfg qe dog,Master,320,106,,408,346
202,summoner-994310,203,Hora de worka,Master,312,101,,410,371
203,summoner-15640138,204,Helior,Master,312,92,,403,373
204,summoner-944815,205,Fididinho,Master,312,141,,402,363
205,summoner-30644278,206,Mát,Master,312,73,,180,149
206,summoner-403551,207,SkB,Master,310,111,,211,184
207,summoner-34000126,208,PEREZLOL,Master,310,41,,89,56
208,summoner-623639,209,Mystr is back,Master,309,84,,270,234
209,summoner-4121293,210,Klaus,Master,306,72,,273,240
210,summoner-29196028,211,almirante1,Master,304,73,,291,239
211,summoner-403080,212,Loop,Master,303,67,,184,151
212,summoner-2011109,213,GhoustInsert,Master,296,85,,138,84
213,summoner-818464,214,DoiERADAN,Master,295,115,,257,232
214,summoner-457897,215,DJ LuzAzul,Master,295,47,,120,82
215,summoner-1492273,216,Tang d Tangerina,Master,293,91,,252,225
216,summoner-25010156,217,Homeless adc,Master,293,56,,146,118
217,summoner-5520003,218,Hometown SmiIe,Master,288,48,,125,80
218,summoner-4009334,219,stingstingsting,Master,288,149,,515,498
219,summoner-1354749,220,Jukes,Master,288,107,,328,309
220,summoner-24810138,221,88961597,Master,288,50,,104,72
221,summoner-9180143,222,PETALO PETALO,Master,286,57,,172,140
222,summoner-5883654,223,Junklif3,Master,285,108,,178,153
223,summoner-3299674,224,bot die,Master,285,67,,162,141
224,summoner-8772986,225,it boalxxx,Master,282,163,,606,570
225,summoner-441177,226,Feeeeeeeeeeeed,Master,282,111,,423,394
226,summoner-18280181,227,am I the one,Master,280,40,,82,40
227,summoner-1284062,228,Picknn,Master,279,108,,452,429
228,summoner-7482188,229,Redentor,Master,278,127,,482,452
229,summoner-3856504,230,KTCHORO 0 WUKONG,Master,278,98,,192,162
230,summoner-450353,231,Mr Glass,Master,277,121,,446,423
231,summoner-1122851,232,Gyeongg,Master,277,102,,279,251
232,summoner-1686341,233,CaioMeninoJayce,Master,277,63,,183,140
233,summoner-18090142,234,warangelusadpls,Master,277,75,,176,145
234,summoner-14004756,235,Riyev,Master,276,76,,173,146
235,summoner-850841,236,deIicate,Master,273,105,,157,116
236,summoner-6741238,237,João O Tiltado,Master,271,95,,185,156
237,summoner-31390138,238,lwasbornforthis,Master,271,56,,144,84
238,summoner-3446959,239,ÁREA INDUSTRIAL,Master,270,49,,97,65
239,summoner-13200138,240,Droovyle,Master,269,45,,85,51
240,summoner-3857643,241,Rebuild Yourself,Master,268,128,,200,169
241,summoner-460712,242,Milozinho,Master,265,112,,357,331
242,summoner-498232,243,iLoveYourFear,Master,265,88,,273,249
243,summoner-27402791,244,miIiodas,Master,265,64,,182,156
244,summoner-27940487,245,itsuka kitto,Master,265,52,,123,78
245,summoner-16580620,246,ZBOLINHAKKKKKKKK,Master,264,138,,518,503
246,summoner-448798,247,Malfeitin,Master,264,140,,266,243
247,summoner-2161086,248,Pucas Laquetá,Master,264,87,,244,207
248,summoner-9406794,249,SupMeiCarryU,Master,262,79,,233,213
249,summoner-13392802,250,VK Klaus,Master,262,59,,196,170
250,summoner-526203,251,URSÃO DA FEDERAL,Master,260,72,,167,128
251,summoner-1100839,252,R l P,Master,259,67,,267,192
252,summoner-1345097,253,astro,Master,259,88,,151,120
253,summoner-950207,254,Ferchuchu,Master,259,82,,140,114
254,summoner-3251408,255,Guspfc,Master,257,106,,369,336
255,summoner-20860131,256,Warangelus,Master,256,82,,237,201
256,summoner-6011482,257,Relaxa eu to,Master,255,95,,218,180
257,summoner-7353911,258,Dondeiza,Master,255,71,,162,135
258,summoner-1706396,259,Aran,Master,250,89,,148,111
259,summoner-12614374,260,Giozi,Master,249,86,,157,128
260,summoner-3766192,261,DANIEL FURLAN,Master,247,128,,508,472
261,summoner-9180141,262,FIX1,Master,247,55,,74,45
262,summoner-17965375,263,ANN MARY BRAGSON,Master,245,65,,181,154
263,summoner-3586097,264,Poulzric,Master,245,60,,110,74
264,summoner-14844789,265,GUSTAVOGARCEZ1,Master,243,75,,268,145
265,summoner-2143857,266,Arlon547,Master,241,118,,363,333
266,summoner-18290216,267,in ayel we trust,Master,240,51,,160,105
267,summoner-14733467,268,Exura Siio,Master,239,145,,612,588
268,summoner-1932352,269,fã da Miss Korea,Master,239,96,,183,157
269,summoner-27923424,270,Traaaxx,Master,237,131,,389,361
270,summoner-1796922,271,HeavenHelI,Master,237,174,,215,184
271,summoner-24781944,272,PJ THE ANIMAL,Master,234,86,,329,314
272,summoner-4125957,273,pstar zilean,Master,233,62,,155,119
273,summoner-643646,274,Winter NGDP,Master,232,91,,196,176
274,summoner-18133990,275,im goodplayer,Master,232,44,,101,54
275,summoner-27800148,276,douglas din,Master,232,48,,74,37
276,summoner-29661342,277,above the best,Master,230,66,,198,142
277,summoner-27904942,278,SERlOSAMENTE,Master,230,68,,166,141
278,summoner-523009,279,Vida Avançada,Master,229,57,,149,123
279,summoner-1570860,280,lord semi,Master,228,82,,239,212
280,summoner-16305669,281,ySkyTech,Master,227,86,,127,92
281,summoner-4744689,282,yHanzo,Master,226,137,,352,329
282,summoner-523059,283,RyousMaster,Master,226,96,,310,270
283,summoner-1152101,284,Carryy1,Master,226,91,,263,231
284,summoner-626826,285,Saito o Random,Master,226,84,,147,109
285,summoner-2627086,286,kr mid laner,Master,224,134,,473,449
286,summoner-24420127,287,jggr,Master,244,45,,123,84
287,summoner-1335095,288,Brunaldoo,Master,222,135,,454,424
288,summoner-627770,289,Koumei,Master,222,112,,165,123
289,summoner-517654,290,Ataides,Master,221,95,,345,313
290,summoner-9515709,291,Vento ventania,Master,220,80,,132,120
291,summoner-4369373,292,Aegís,Master,219,93,,250,232
292,summoner-30947194,293,SCRIPTED XERATH,Master,218,87,,248,191
293,summoner-31390129,294,Wood,Master,218,50,,151,102
294,summoner-1476385,295,ebidi,Master,197,135,,355,326
295,summoner-21230246,296,Yoaan,Master,215,112,,410,391
296,summoner-26660126,297,VashXStampide,Master,215,61,,123,84
297,summoner-34010129,298,3242358,Master,215,39,,70,31
298,summoner-17163065,299,Frooooooooosty,Master,213,70,,168,119
299,summoner-417952,300,Chá Preto,Master,212,208,,640,631
300,summoner-4145901,301,Zyeras,Master,212,128,,368,337
301,summoner-404537,302,Shimàzu,Master,212,104,,159,128
302,summoner-22057832,303,the saddest law,Master,212,86,,153,125
303,summoner-535862,304,Bom de lança,Master,212,54,,86,54
304,summoner-498101,305,RSL TaKKeru,Master,210,155,,566,543
305,summoner-3228096,306,kingao dog,Master,210,139,,411,390
306,summoner-13971314,307,RIP Smite,Master,210,116,,361,329
307,summoner-5093272,308,ueP,Master,210,109,,193,169
308,summoner-4990391,309,Jack RusseI,Master,209,70,,130,103
309,summoner-31580142,310,EleuGõd,Master,207,57,,168,142
310,summoner-4791037,311,Odeio o Dia 5,Master,207,78,,137,101
311,summoner-3582429,312,mxcn1,Master,206,96,,367,325
312,summoner-16313209,313,BugattiHD,Master,205,118,,330,233
313,summoner-761600,314,Rare,Master,204,107,,435,403
314,summoner-3325689,315,Octavia Wonkru,Master,204,71,,128,109
315,summoner-31580156,316,Otherworld,Master,203,70,,271,231
316,summoner-2104285,317,Lilo Senpai,Master,203,111,,141,111
317,summoner-477170,318,o Kalec,Master,200,101,,359,344
318,summoner-30733372,319,Gragas plays me,Master,199,78,,303,262
319,summoner-23160147,320,Warangelus2,Master,199,61,,218,182
320,summoner-22232487,321,eu sou mt lindoo,Master,198,103,,395,381
321,summoner-418238,322,lndigo child,Master,197,77,,276,261
322,summoner-2432968,323,RSL vini,Master,195,105,,392,359
323,summoner-4733664,324,Bucn,Master,195,55,,118,86
324,summoner-2618083,325,11G Shy,Master,195,110,,114,84
325,summoner-27620130,326,Mi Diosa Remilia,Master,194,63,,135,99
326,summoner-2446190,327,Freedon1,Master,193,119,,271,243
327,summoner-9336991,328,Sensitivy,Master,193,122,,156,121
328,summoner-2959963,329,Artuu,Master,191,105,,211,177
329,summoner-4300217,330,DvR,Master,190,94,,169,131
330,summoner-3674871,331,Gubrizin,Master,189,146,,436,414
331,summoner-2526288,332,spoiI my night,Master,188,95,,398,376
332,summoner-598401,333,DANIEL CAMISA 10,Master,188,122,,336,309
333,summoner-10006127,334,LokiFc,Master,186,102,,312,283
334,summoner-16131465,335,DóRéMiFáSolado,Master,185,106,,212,182
335,summoner-527644,336,RW doinb,Master,185,59,,129,105
336,summoner-16975364,337,live my life,Master,184,191,,690,664
337,summoner-797658,338,BF343,Master,184,99,,344,327
338,summoner-4407154,339,Vinicius Pro,Master,184,98,,312,272
339,summoner-31903147,340,Kyokate,Master,184,50,,135,72
340,summoner-587003,341,Sylvanas Fanboy,Master,183,133,,503,475
341,summoner-18770125,342,CNBrunch,Master,183,52,,123,83
342,summoner-514147,343,PEEL NA SORAKITA,Master,183,46,,117,59
343,summoner-15840890,344,RIP VAYNE,Master,180,122,,372,349
344,summoner-5896098,345,wilmat23,Master,179,103,,253,229
345,summoner-32340130,346,1Shmebulock,Master,178,72,,294,248
346,summoner-994288,347,E O TAL DO BANCO,Master,176,118,,369,350
347,summoner-2223813,348,Vem de,Master,176,63,,171,139
348,summoner-3410218,349,NOsFerus,Master,175,87,,138,112
349,summoner-2982516,350,SheIdon1,Master,174,172,,633,612
350,summoner-13304712,351,The Endeavor,Master,174,89,,302,284
351,summoner-2361597,352,Duclou,Master,174,79,,149,122
352,summoner-1470279,353,Dino0,Master,173,111,,196,162
353,summoner-1998729,354,NOT TODAY SATÀN,Master,172,80,,322,258
354,summoner-8771352,355,KraZace,Master,172,72,,148,119
355,summoner-4422505,356,Nickii,Master,172,142,,96,68
356,summoner-18290159,357,Freshx,Master,171,80,,243,222
357,summoner-1423539,358,VKG ONR2K,Master,170,134,,186,153
358,summoner-31891670,359,Vngce,Master,170,55,,140,79
359,summoner-459360,360,Feniks,Master,169,130,,628,617
360,summoner-551613,361,Iouiz,Master,167,95,,261,234
361,summoner-787356,362,Reyt,Master,166,54,,110,81
362,summoner-2961615,363,keep your faith,Master,165,72,,236,210
363,summoner-29300136,364,zzzzzzzzzzzzzz1,Master,165,60,,222,179
364,summoner-526242,365,pocasx,Master,165,101,,110,79
365,summoner-10212533,366,MATHEUS LEIRIÃO,Master,165,52,,108,68
366,summoner-5486333,367,WUKONG RAIKAGE,Master,161,129,,230,209
367,summoner-3922741,368,Ernest Du Voyage,Master,158,48,,161,88
368,summoner-2656450,369,wash our fears,Master,157,74,,175,145
369,summoner-458565,370,Alaor Leao,Master,156,65,,150,123
370,summoner-443671,371,Nuvem,Master,154,111,,361,334
371,summoner-4426254,372,zFudenci0,Master,154,73,,175,148
372,summoner-1177854,373,I am JauM,Master,153,145,,342,317
373,summoner-1670139,374,Vivendopedra,Master,133,92,,326,285
374,summoner-5808515,375,David HaIIer,Master,152,86,,293,270
375,summoner-16292670,376,zSora,Master,152,145,,255,227
376,summoner-26634825,377,korean elo,Master,152,62,,142,92
377,summoner-451826,378,MekansS,Master,151,117,,311,289
378,summoner-2640979,379,Super Primata,Master,150,141,,395,381
379,summoner-1921192,380,cloudboys,Master,149,123,,239,210
380,summoner-19802739,381,Courtesy,Master,149,137,,161,114
381,summoner-1346848,382,Nando Moura,Master,149,60,,120,98
382,summoner-1061122,383,Goot,Master,148,151,,276,258
383,summoner-3696322,384,BTS FANpanman,Master,147,90,,255,234
384,summoner-5632944,385,addoh,Master,147,84,,239,213
385,summoner-564264,386,Tlux Capitalista,Master,146,94,,305,286
386,summoner-3508522,387,Victinz,Master,146,69,,133,105
387,summoner-1826344,388,Kyoú,Master,145,120,,362,349
388,summoner-473842,389,Peacemaker Luke,Master,145,99,,225,196
389,summoner-17502485,390,fightingforlove,Master,145,77,,165,146
390,summoner-405232,391,filthy but frank,Master,144,131,,388,365
391,summoner-461489,392,Foxicity,Master,144,111,,271,242
392,summoner-459699,393,Cawabanga,Master,144,89,,260,231
393,summoner-1192093,394,Tuiu ZX,Master,144,112,,238,195
394,summoner-26122519,395,Portuga o Odiado,Master,143,119,,432,412
395,summoner-28042364,396,Nick Link,Master,143,103,,328,306
396,summoner-529557,397,WH Khorn,Master,143,123,,260,223
397,summoner-28974538,398,RDP Kvrak,Master,143,84,,252,227
398,summoner-31410134,399,SteaI,Master,143,60,,190,159
399,summoner-1347189,400,WP Vampyrus,Master,141,121,,246,228
400,summoner-531982,401,Krasty,Master,141,62,,139,119
401,summoner-5160319,402,Koshi o Duelista,Master,141,95,,104,79
402,summoner-1291697,403,Díyo,Master,140,97,,406,375
403,summoner-13255870,404,Garakuta,Master,140,99,,329,301
404,summoner-482358,405,Kestra,Master,139,121,,574,556
405,summoner-3775391,406,Celo Otaku GOD,Master,139,119,,266,238
406,summoner-4642371,407,lnoue,Master,138,147,,369,349
407,summoner-4391385,408,Devios Sarrador,Master,138,92,,289,266
408,summoner-552733,409,ill be better,Master,138,81,,204,181
409,summoner-517514,410,Josh Dun,Master,138,54,,116,88
410,summoner-514832,411,Otakinho,Master,137,75,,218,190
411,summoner-2494246,412,w0lfg4ng,Master,135,115,,227,182
412,summoner-24820137,413,JUDOCA DO VAL,Master,135,47,,76,44
413,summoner-4571134,414,P0GG3R5,Master,134,136,,538,518
414,summoner-4063950,415,Miito,Master,134,87,,233,181
415,summoner-34510144,416,Nikola Senpai,Master,133,135,,491,461
416,summoner-31390134,417,kbm KZ,Master,132,58,,159,92
417,summoner-502146,418,hctiwT freN,Master,131,114,,252,232
418,summoner-1094438,419,RSL Disave,Master,131,83,,187,162
419,summoner-30714295,420,xXOtakuSlayerXx,Master,130,76,,235,218
420,summoner-4124582,421,ddddddoublelift,Master,148,172,,642,628
421,summoner-2211022,422,Kennzy,Master,129,91,,395,371
422,summoner-25041004,423,UGNAZ mcemo0219J,Master,128,100,,423,400
423,summoner-26040126,424,Reporta 7z7 durr,Master,128,99,,296,275
424,summoner-29911410,425,U gotta know,Master,128,74,,195,129
425,summoner-2610376,426,rust player,Master,128,61,,134,110
426,summoner-1153778,427,LLKO,Master,126,64,,163,142
427,summoner-488302,428,OWOWOW Q ISSO,Master,126,84,,163,141
428,summoner-22681499,429,Gen G CoreJJ,Master,126,47,,73,54
429,summoner-1560796,430,ayk good kid,Master,125,86,,225,198
430,summoner-9264045,431,16BIT Play,Master,124,135,,501,482
431,summoner-522557,432,tinowns,Master,124,54,,147,108
432,summoner-517476,433,WP Hawk,Master,123,91,,295,289
433,summoner-4220138,434,10Comand Derieri,Master,123,134,,274,251
434,summoner-1314581,435,sopEr,Master,122,101,,264,235
435,summoner-5610206,436,150195,Master,121,100,,494,450
436,summoner-486025,437,FuLyyyyyyyZiK,Master,121,108,,289,260
437,summoner-15624313,438,GuizorPET,Master,121,116,,275,240
438,summoner-19680554,439,Winter Mid Beast,Master,120,58,,170,138
439,summoner-3264020,440,Xusty,Master,119,170,,492,461
440,summoner-15860130,441,1TRAFALGAR LAW,Master,118,84,,293,270
441,summoner-477254,442,Invocador,Master,118,74,,200,175
442,summoner-26515137,443,Linkey,Master,118,147,,98,65
443,summoner-4126797,444,Spl4sh,Master,117,83,,282,256
444,summoner-5306960,445,LDL Hamamura,Master,117,97,,221,193
445,summoner-18780124,446,ta frio demais,Master,117,49,,75,47
446,summoner-553147,447,NNz GuardiaN,Master,116,118,,434,419
447,summoner-32340141,448,n te interessa,Master,115,47,,97,65
448,summoner-30654251,449,Believe in Savz,Master,115,41,,81,30
449,summoner-24800140,450,NA KUCKEIRA BIXO,Master,114,51,,120,94
450,summoner-3808425,451,Anubite,Master,114,60,,103,69
451,summoner-7364378,452,ESEQ SENPAI,Master,113,70,,140,117
452,summoner-459192,453,treevor,Master,113,65,,121,92
453,summoner-1412492,454,Toih,Master,112,105,,417,390
454,summoner-524758,455,arrogant warrior,Master,112,109,,410,390
455,summoner-2226672,456,4FoX Witeger,Master,112,86,,219,184
456,summoner-2942109,457,crawling soul,Master,111,119,,412,378
457,summoner-3967546,458,Kenái,Master,110,133,,307,246
458,summoner-1793570,459,winged crowley,Master,110,118,,264,223
459,summoner-28810885,460,melancholicdrugs,Master,110,108,,264,232
460,summoner-3666306,461,KooperR,Master,110,68,,140,110
461,summoner-5940279,462,Orlan,Master,109,107,,384,371
462,summoner-1303213,463,AkashiSJ,Master,109,70,,179,146
463,summoner-952177,464,STMPD RCRDS,Master,105,133,,473,455
464,summoner-29762152,465,Live what u love,Master,105,112,,312,277
465,summoner-4453680,466,Zubreska,Master,105,79,,285,260
466,summoner-401441,467,nivaspivetta,Master,105,56,,223,159
467,summoner-3171437,468,ACE sPorc,Master,104,117,,356,334
468,summoner-9093830,469,zIFaker,Master,104,158,,244,219
469,summoner-2989650,470,HIGAO SOLOU VC,Master,103,115,,547,542
470,summoner-4621500,471,BBenj1,Master,102,87,,305,289
471,summoner-1733808,472,Hatake1,Master,102,72,,175,145
472,summoner-2453114,473,SrFakerDoCongo,Master,101,74,,241,205
473,summoner-16011786,474,HiGuilty,Master,99,130,,443,413
474,summoner-1735293,475,RBT Burritox,Master,99,114,,360,344
475,summoner-26251237,476,NinjasHyper,Master,99,73,,303,270
476,summoner-9725369,477,ICH z1ni,Master,99,73,,162,129
477,summoner-553159,478,just a c0cky jg,Master,97,99,,336,301
478,summoner-3281312,479,Temporada2011,Master,97,64,,186,156
479,summoner-3314389,480,ÉL DG da RAJADA,Master,96,100,,254,246
480,summoner-5283415,481,Ceres of Night,Master,95,96,,156,124
481,summoner-490796,482,Dettz1,Master,94,83,,367,309
482,summoner-543105,483,PLS Kaze,Master,94,63,,120,79
483,summoner-15401238,484,GSK dnr1,Master,93,116,,465,439
484,summoner-3915569,485,Reforjado Maxus,Master,93,109,,363,346
485,summoner-3608479,486,LDL DJ,Master,92,114,,217,183
486,summoner-24810139,487,BRAZILIAN DOG,Master,92,59,,144,113
487,summoner-771334,488,Marf,Master,91,98,,405,393
488,summoner-800274,489,Kuks,Master,91,108,,371,350
489,summoner-1703286,490,Dratini,Master,91,121,,202,177
490,summoner-4213864,491,Flame Breath,Master,91,115,,188,161
491,summoner-537758,492,O Atuário,Master,91,67,,172,139
492,summoner-3876563,493,LordTrolll,Master,90,113,,517,496
493,summoner-5214422,494,fight back,Master,90,74,,153,130
494,summoner-2894057,495,always suffering,Master,89,120,,373,341
495,summoner-813924,496,TIO TA AI,Master,89,113,,222,185
496,summoner-18260229,497,jungle go boom,Master,89,81,,214,197
497,summoner-26810871,498,C9Sneakyfanboy,Master,89,59,,148,105
498,summoner-12680134,499,shadowwwwwwww,Master,88,102,,282,273
499,summoner-25431001,500,Frenetic B O Y S,Master,88,48,,138,84
500,summoner-3417137,501,Dragão de Komodo,Master,88,97,,110,84
501,summoner-995547,502,azore,Master,87,101,,347,328
502,summoner-2063689,503,PUC Darkotte,Master,87,108,,145,115
503,summoner-4581492,504,ErroNão,Master,87,50,,114,66
504,summoner-411017,505,Hooked ois,Master,86,85,,220,196
505,summoner-3812004,506,St0rm3r,Master,86,106,,116,89
506,summoner-2829468,507,YUHZZ,Master,85,66,,167,132
507,summoner-539364,508,goId ACE,Master,82,118,,425,400
508,summoner-2834848,509,Aluno d Medicina,Master,82,122,,164,141
509,summoner-1950898,510,F   Í   R   O,Master,81,119,,298,264
510,summoner-483841,511,kkkkkk esse meta,Master,81,82,,177,151
511,summoner-1390933,512,iBlair,Master,80,76,,203,185
512,summoner-4979785,513,Jiren,Master,79,117,,308,278
513,summoner-2271076,514,Berg o God,Master,77,130,,559,529
514,summoner-1499171,515,All Apologies,Master,77,158,,315,300
515,summoner-2840667,516,WP POMBO,Master,77,73,,265,222
516,summoner-2886810,517,i ZooD x,Master,77,112,,213,189
517,summoner-1390998,518,GzuisCriaEuMato,Master,77,63,,135,91
518,summoner-5540262,519,KoreanDrugDealer,Master,76,136,,808,784
519,summoner-2151821,520,Ribeiro xD,Master,76,129,,401,379
520,summoner-1394602,521,Bmxsz,Master,76,68,,132,103
521,summoner-3160143,522,Ignorant Thralls,Master,75,49,,118,66
522,summoner-3558565,523,mazKing,Master,74,113,,393,377
523,summoner-16102147,524,aShuraWurath,Master,74,87,,165,132
524,summoner-9153771,525,Vladimir Bot,Master,74,55,,157,126
525,summoner-1350198,526,Sp4ceman,Master,73,69,,202,175
526,summoner-470423,527,UCW Fergonha  10,Master,73,93,,155,139
527,summoner-2633381,528,ÉL TiTiltei 1v9,Master,72,115,,294,261
528,summoner-411765,529,Fizz,Master,72,114,,152,128
529,summoner-481209,530,Sterben Sama,Master,72,71,,117,86
530,summoner-1521225,531,Anar alah Belore,Master,71,97,,484,391
531,summoner-11425082,532,The Spiker,Master,70,98,,235,199
532,summoner-4179025,533,Fréu,Master,68,122,,472,459
533,summoner-3250478,534,j3k5y7ty91,Master,68,88,,231,211
534,summoner-4451385,535,scamber,Master,68,106,,180,168
535,summoner-932241,536,Nakinha,Master,68,120,,166,148
536,summoner-1918288,537,Cell Jr,Master,67,97,,204,140
537,summoner-2495453,538,CIown,Master,66,93,,228,196
538,summoner-4290375,539,Little Churros,Master,66,160,,214,197
539,summoner-4825112,540,Cookiezi1,Master,64,116,,386,377
540,summoner-3175198,541,BiotoniKo,Master,64,106,,254,236
541,summoner-9660188,542,greek yogurt,Master,64,60,,135,107
542,summoner-3320429,543,Hi im Vermilion,Master,64,52,,134,99
543,summoner-10270414,544,Juki 1,Master,63,125,,414,397
544,summoner-33943359,545,tiosatan yas lol,Master,62,49,,156,103
545,summoner-2456216,546,Steve Walsh,Master,61,106,,230,204
546,summoner-16542924,547,RNG Zz1tai1,Master,61,48,,84,64
547,summoner-27542993,548,TEMPTAT1ON,Master,80,64,,166,137
548,summoner-441589,549,lord knows,Master,59,79,,251,232
549,summoner-3072094,550,Triguit0,Master,59,95,,174,149
550,summoner-27220135,551,LhazZurt,Master,58,101,,332,322
551,summoner-20080132,552,HAF Khynm1k,Master,57,62,,134,109
552,summoner-20770309,553,Wesley Safadoski,Master,56,71,,136,120
553,summoner-527659,554,Tartaruga Véia,Master,55,67,,165,148
554,summoner-1989209,555,Leo Chem degniS,Master,73,112,,482,463
555,summoner-2875987,556,Bebê a Bardo,Master,54,128,,364,347
556,summoner-2948455,557,eu desisto fácil,Master,54,112,,339,292
557,summoner-10015953,558,l teuzinho l,Master,52,137,,243,223
558,summoner-28871059,559,LDL Mittens,Master,51,124,,303,272
559,summoner-5025726,560,KJ Frost,Master,51,136,,275,257
560,summoner-21020126,561,Plugo1,Master,50,43,,82,53
561,summoner-1187695,562,Specktro NGDP,Master,49,94,,368,292
562,summoner-10878247,563,Dale Gribble,Master,48,105,,408,389
563,summoner-1303684,564,why do i try,Master,47,87,,303,283
564,summoner-9685535,565,Wonks,Master,47,102,,63,22
565,summoner-2248058,566,Patoshi,Master,46,106,,205,168
566,summoner-1653372,567,wild Unicorn,Master,46,169,,154,110
567,summoner-2848023,568,Aerys Targaryien,Master,45,88,,317,286
568,summoner-4144418,569,zFenrir,Master,44,110,,564,550
569,summoner-2816319,570,Skzero,Master,44,97,,277,257
570,summoner-23130950,571,lCElCEBABY,Master,44,120,,254,214
571,summoner-18280198,572,O Pantera,Master,44,41,,45,15
572,summoner-4701496,573,follow my path,Master,43,127,,426,416
573,summoner-4387130,574,Izzi quer heimer,Master,43,126,,421,398
574,summoner-596276,575,SB STARS NiT,Master,43,108,,381,348
575,summoner-2835342,576,PablloVittar2K18,Master,43,72,,231,197
576,summoner-30773284,577,RDP Riva,Master,43,109,,182,158
577,summoner-1774157,578,Kyuubi xP,Master,42,97,,270,252
578,summoner-1772812,579,30 anos,Master,42,70,,220,193
579,summoner-1177778,580,PepinoMaritimo,Master,42,67,,167,145
580,summoner-3696269,581,I is not Brazil,Master,42,99,,164,128
581,summoner-27934954,582,Mockíngbird,Master,42,51,,79,48
582,summoner-524470,583,Panda,Master,41,48,,124,93
583,summoner-22620141,584,Nóttingham Lace,Master,41,53,,107,75
584,summoner-3140810,585,AfonsoYo,Master,40,104,,287,254
585,summoner-431323,586,Myra,Master,40,107,,249,217
586,summoner-417844,587,Redshift res,Master,38,101,,400,376
587,summoner-14331788,588,blemblade,Master,37,125,,286,265
588,summoner-10130145,589,Iordcini,Master,37,76,,118,98
589,summoner-2603508,590,Newgâte,Master,36,134,,303,281
590,summoner-21255419,591,Six And Ten,Master,36,80,,180,161
591,summoner-6374367,592,CG Febiven,Master,36,79,,162,140
592,summoner-1400564,593,Lavox,Master,35,90,,239,220
593,summoner-6905046,594,Distinct1,Master,35,62,,85,67
594,summoner-488369,595,O imobiliário,Master,33,80,,214,200
595,summoner-11077008,596,Baby Puck,Master,31,146,,167,144
596,summoner-2504311,597,Krane,Master,30,125,,474,453
597,summoner-536481,598,HadesEx,Master,30,135,,189,160
598,summoner-29690131,599,Rabbit4Dinner,Master,30,56,,133,119
599,summoner-1764489,600,PILOT0,Master,28,109,,345,336
600,summoner-1506830,601,ACE Auron ArmSTR,Master,28,144,,318,294
601,summoner-3342193,602,Kishi de kejo,Master,28,102,,268,256
602,summoner-440408,603,SKG chavy,Master,27,70,,194,146
603,summoner-3329598,604,Hide On RuuusTy,Master,26,106,,204,188
604,summoner-22730843,605,Kirigaya Suguha,Master,24,171,,575,552
605,summoner-5290353,606,EuNRezoMasAFiora,Master,24,98,,190,151
606,summoner-5449172,607,Meow in Bush,Master,23,70,,122,94
607,summoner-3623540,608,Petroni,Master,22,86,,221,205
608,summoner-34000127,609,3242354,Master,22,37,,60,34
609,summoner-524918,610,Koveiro MTX,Master,21,106,,306,288
610,summoner-1070129,611,Jewish jojo,Master,21,59,,108,83
611,summoner-2790371,612,Blade Steal,Master,20,106,,258,266
612,summoner-2478279,613,Fuzzy1,Master,20,105,,135,100
613,summoner-1863982,614,Preencher,Master,19,146,,415,410
614,summoner-1627892,615,MorenoMisterioso,Master,19,180,,405,384
615,summoner-16024244,616,Ascending,Master,19,101,,373,351
616,summoner-9406948,617,Bakugo Katsuki,Master,19,97,,183,163
617,summoner-9202368,618,Blase,Master,19,87,,183,150
618,summoner-4935055,619,Jack Russel,Master,19,95,,182,173
619,summoner-452727,620,Sneez l,Master,19,47,,136,66
620,summoner-3414572,621,ZÉ DO POSTO,Master,18,104,,318,291
621,summoner-5205115,622,Ferocity,Master,18,52,,109,63
622,summoner-3223838,623,Doom ABSURDO,Master,18,66,,73,46
623,summoner-3296958,624,Focho,Master,17,69,,248,227
624,summoner-451624,625,RSL Corumbá,Master,16,90,,285,254
625,summoner-26222867,626,eLavieta,Master,16,85,,236,228
626,summoner-778748,627,Faker do Nepal,Master,16,94,,219,182
627,summoner-2213672,628,CNB Reversed,Master,15,89,,186,163
628,summoner-5714893,629,VITIN MLK NICE,Master,14,136,,334,311
629,summoner-8382735,630,Don t Iook at me,Master,14,67,,228,195
630,summoner-513814,631,Kíng Simba,Master,14,116,,107,90
631,summoner-595803,632,Mitrek,Master,12,78,,223,206
632,summoner-3051761,633,LeLeu da SWAT,Master,12,70,,177,146
633,summoner-514602,634,kpsaodksaodf,Master,11,71,,186,166
634,summoner-1722557,635,yougotmeexcited,Master,9,185,,295,276
635,summoner-31390137,636,Covered in scars,Master,8,41,,75,30
636,summoner-32360135,637,Prbreu,Master,7,53,,147,127
637,summoner-2354538,638,qIdurtms,Master,5,66,,223,148
638,summoner-457012,639,Solado,Master,5,98,,187,165
639,summoner-1501104,640,luqque O BAITA,Master,4,146,,554,532
640,summoner-9862560,641,ISN Riéry,Master,2,124,,426,427
641,summoner-403845,642,Riper,Master,2,145,,324,304
642,summoner-31390136,643,xd40028922xd,Master,2,50,,157,114
643,summoner-13492742,644,SCM Aeon,Master,1,64,,71,45
644,summoner-9333382,645,Brawles,Master,0,186,,879,880
645,summoner-3950358,646,Wíll,Master,0,160,,746,736
646,summoner-882839,647,l Atena l,Master,0,156,,701,683
647,summoner-1167954,648,Cellin Lothbrok,Master,0,122,,646,590
648,summoner-2233464,649,WANTED is here,Master,0,130,,502,494
649,summoner-11580022,650,galaxyzinn,Master,0,100,,463,430
650,summoner-1351382,651,puporr4uga,Master,0,128,,459,447
651,summoner-27162475,652,epilul,Master,0,96,,457,445
652,summoner-442237,653,JAW KmarT,Master,0,155,,453,435
653,summoner-6300127,654,awp element,Master,0,116,,387,373
654,summoner-16682207,655,ThiagoJLDS,Master,0,110,,368,338
655,summoner-1415057,656,Guiziin,Master,0,127,,367,345
656,summoner-1651340,657,Pluto Quantico,Master,0,110,,361,321
657,summoner-536498,658,Est Pirajá,Master,0,85,,331,274
658,summoner-1292042,659,EU DO AULA,Master,0,92,,331,298
659,summoner-13771390,660,FLA vinHow,Master,0,79,,317,250
660,summoner-18532885,661,in my head,Master,0,82,,309,297
661,summoner-2173052,662,olha o treeeeeem,Master,0,95,,298,276
662,summoner-4925902,663,Seraphita,Master,0,98,,297,273
663,summoner-463540,664,ShyGuy Serket,Master,0,97,,296,274
664,summoner-7170433,665,tbsuehtaM,Master,0,90,,294,274
665,summoner-1861457,666,canetasemtinta1,Master,0,86,,290,273
666,summoner-14033719,667,VictorEduardo0,Master,0,97,,271,248
667,summoner-8900418,668,Ryuzakí,Master,0,115,,260,236
668,summoner-3931725,669,Popositivo,Master,0,136,,255,239
669,summoner-2074649,670,Sir Zoldyck,Master,0,97,,253,219
670,summoner-1340907,671,Shirusen,Master,18,109,,241,217
671,summoner-28852189,672,ZGFDWQEAZGCRQFD,Master,0,96,,225,202
672,summoner-14160663,673,raikage1,Master,0,83,,218,160
673,summoner-890852,674,Camello Preto,Master,0,101,,212,190
674,summoner-5124168,675,M4RKS,Master,0,83,,207,186
675,summoner-20184712,676,1 Mro Fazendeiro,Master,0,108,,203,186
676,summoner-7782147,677,C0LD A NidaLEE,Master,0,92,,198,177
677,summoner-459411,678,r0t,Master,0,72,,196,175
678,summoner-597851,679,PLS Rodox,Master,0,98,,186,160
679,summoner-3280674,680,The Ascension,Master,0,73,,184,160
680,summoner-3527121,681,Lnnn,Master,0,257,,184,166
681,summoner-7544850,682,miss the old you,Master,0,74,,180,167
682,summoner-440670,683,22 8,Master,0,69,,160,142
683,summoner-453443,684,Xhyz,Master,0,68,,159,121
684,summoner-13168067,685,GABANA,Master,0,62,,146,114
685,summoner-6732993,686,maikuchiha,Master,0,79,,146,122
686,summoner-3171870,687,Werhli,Master,0,93,,144,125
687,summoner-30050125,688,september dream,Master,0,55,,136,109
688,summoner-3359044,689,Sadoski,Master,0,77,,135,116
689,summoner-762837,690,Ver e Ser Visto,Master,0,103,,124,103
690,summoner-1997338,691,Brtt Galopante,Master,0,108,,98,73
691,summoner-21190138,692,Vinic Jiujitero,Master,0,43,,89,43
692,summoner-766566,693,Díg,Master,0,79,,85,57
693,summoner-3311057,694,its my dreaM,Master,0,48,,76,30
694,summoner-18260228,695,74632589,Master,0,41,,54,27
695,summoner-27724155,696,Mohammed Abdu,Diamond 1,100,169,,786,764
696,summoner-3666578,697,I Am SmauG,Diamond 1,100,146,,660,633
697,summoner-529660,698,boy meets,Diamond 1,100,124,,363,355
698,summoner-1993099,699,Eliseoz bx,Diamond 1,100,86,,331,301
699,summoner-540163,700,Aíthusa,Diamond 1,100,132,,299,273
700,summoner-9775160,701,Skark,Diamond 1,100,99,,276,244
701,summoner-5508920,702,Criança maluca,Diamond 1,100,98,,241,222
702,summoner-9521228,703,K1ng Vini,Diamond 1,100,91,,238,219
703,summoner-32330136,704,shírushi,Diamond 1,100,82,,238,221
704,summoner-2591528,705,im cheed,Diamond 1,100,89,,231,216
705,summoner-405571,706,Venna,Diamond 1,100,108,,210,184
706,summoner-23000135,707,Pongazo2,Diamond 1,100,70,,209,189
707,summoner-3209211,708,Give me ADC,Diamond 1,100,68,,189,165
708,summoner-15172150,709,TheGuilty,Diamond 1,100,65,,187,141
709,summoner-489076,710,téCnicooo,Diamond 1,100,70,,177,152
710,summoner-1935673,711,Mago do Tiempo,Diamond 1,100,129,,165,138
711,summoner-24810147,712,O Galo,Diamond 1,100,68,,142,124
712,summoner-2597287,713,Murker,Diamond 1,100,94,,141,122
713,summoner-3358055,714,vitinshow,Diamond 1,100,72,,133,101
714,summoner-4161040,715,INTZ Winter,Diamond 1,100,80,,132,112
715,summoner-7292233,716,Swashbuckler,Diamond 1,100,45,,106,32
716,summoner-31380137,717,OLHA O MAPA PFV,Diamond 1,100,44,,104,63
717,summoner-1483034,718,CavaloHumano,Diamond 1,100,47,,93,70
718,summoner-3365214,719,Guerreiro da Fé,Diamond 1,100,40,,81,42
719,summoner-27552707,720,ruan1 aka boss,Diamond 1,100,47,,73,33
720,summoner-27790135,721,1789631,Diamond 1,100,48,,70,42
721,summoner-6556812,722,WE2LTR4P8B,Diamond 1,100,60,,55,35
722,summoner-1682233,723,melhor de btos,Diamond 1,99,101,,276,249
723,summoner-19730920,724,3 Solid Choices,Diamond 1,99,78,,227,214
724,summoner-30630317,725,ZenoN,Diamond 1,99,89,,168,138
725,summoner-2361263,726,Rômio,Diamond 1,99,72,,87,70
726,summoner-15422394,727,Doga The God,Diamond 1,98,133,,371,358
727,summoner-3071714,728,RRRRRRRRRRRANK1,Diamond 1,98,68,,228,180
728,summoner-9442077,729,Eating Lotus,Diamond 1,98,98,,177,161
729,summoner-27172642,730,Doga o Dog,Diamond 1,98,55,,164,107
730,summoner-31281490,731,ÉL HIPER CARRY,Diamond 1,97,92,,478,426
731,summoner-1913667,732,disket1,Diamond 1,97,94,,160,135
732,summoner-3868459,733,Jóka,Diamond 1,97,93,,154,119
733,summoner-30822437,734,OlkaidaRJ,Diamond 1,97,47,,112,61
734,summoner-28950132,735,Fan de Pancake,Diamond 1,97,45,,93,58
735,summoner-3682007,736,Slugz,Diamond 1,96,80,,200,177
736,summoner-21210131,737,gtrewe,Diamond 1,96,55,,88,60
737,summoner-4147657,738,Hey Balls,Diamond 1,95,79,,178,160
738,summoner-510499,739,Oikawa1,Diamond 1,95,55,,83,56
739,summoner-15722101,740,Ekko da lurdes,Diamond 1,95,62,,71,41
740,summoner-598900,741,NUMBA 1 HERO DAH,Diamond 1,94,48,,81,56
741,summoner-986652,742,DudsTh3Boy,Diamond 1,93,60,,169,126
742,summoner-550574,743,Threesh 1v9,Diamond 1,92,154,,286,263
743,summoner-15541468,744,Kawashimy,Diamond 1,92,144,,245,229
744,summoner-4408884,745,Raw,Diamond 1,92,121,,128,111
745,summoner-5400152,746,Ayato Amaguigo,Diamond 1,92,57,,110,74
746,summoner-3222331,747,Lux Elementar,Diamond 1,90,146,,620,596
747,summoner-9670542,748,yLobão QUÉ OTA,Diamond 1,90,93,,281,279
748,summoner-776572,749,hauz preto,Diamond 1,90,90,,251,222
749,summoner-1187632,750,Bebetin,Diamond 1,90,112,,241,232
750,summoner-1343436,751,Rhodvor,Diamond 1,90,95,,207,180
751,summoner-2081440,752,Ayato Amagiri,Diamond 1,90,83,,195,147
752,summoner-520512,753,47368741048,Diamond 1,90,71,,183,161
753,summoner-30976282,754,Bean de soraka,Diamond 1,90,58,,163,117
754,summoner-1101087,755,ME DA IBAGENS,Diamond 1,90,66,,151,137
755,summoner-15313652,756,0bsess,Diamond 1,90,68,,144,102
756,summoner-10028008,757,SVARGROND KING,Diamond 1,90,78,,143,118
757,summoner-984823,758,Deey,Diamond 1,90,67,,134,103
758,summoner-447057,759,KBM Atlanta,Diamond 1,90,66,,132,113
759,summoner-2580342,760,Sailakeus,Diamond 1,90,66,,122,76
760,summoner-6553069,761,Iumi,Diamond 1,90,57,,115,92
761,summoner-2040160,762,5roken,Diamond 1,90,63,,109,85
762,summoner-525199,763,a Seithr,Diamond 1,90,66,,109,87
763,summoner-4200372,764,Apollogizee,Diamond 1,90,127,,105,93
764,summoner-22366039,765,lIIIIIIIIl,Diamond 1,90,49,,102,67
765,summoner-10999904,766,Olá Bolas,Diamond 1,90,54,,81,55
766,summoner-12430426,767,drewzera,Diamond 1,90,42,,76,51
767,summoner-1610785,768,summer city,Diamond 1,90,91,,73,55
768,summoner-28402415,769,Gabi Grrr,Diamond 1,90,47,,70,44
769,summoner-1130265,770,Dérby Vermelho,Diamond 1,90,113,,63,38
770,summoner-16460133,771,Guido Kaczka,Diamond 1,90,40,,59,29
771,summoner-3799474,772,Modo ben 10,Diamond 1,90,35,,45,9
772,summoner-10111115,773,its just asinine,Diamond 1,90,40,,44,15
773,summoner-4342671,774,Sr Rabb1t,Diamond 1,89,99,,207,178
774,summoner-656285,775,Kumagai Eri,Diamond 1,89,75,,123,97
775,summoner-3269462,776,9September,Diamond 1,89,61,,117,104
776,summoner-6815462,777,5 STACK TO DUNK,Diamond 1,88,136,,354,346
777,summoner-18013692,778,LZ Justice,Diamond 1,88,72,,150,128
778,summoner-8021008,779,Motocicleta,Diamond 1,88,48,,69,44
779,summoner-678912,780,xSuperiorx,Diamond 1,87,85,,217,196
780,summoner-20980220,781,Furão Inverso,Diamond 1,87,81,,140,122
781,summoner-2512456,782,JohnnyMamute,Diamond 1,87,85,,120,93
782,summoner-5390924,783,CARD Tifera,Diamond 1,87,97,,100,84
783,summoner-3670378,784,ll Leo ll,Diamond 1,86,111,,263,233
784,summoner-1177593,785,Hykarin,Diamond 1,86,101,,211,186
785,summoner-22980133,786,U231,Diamond 1,86,70,,200,183
786,summoner-1843733,787,Minnie,Diamond 1,86,73,,165,139
787,summoner-22760460,788,Vamos Shacodyr,Diamond 1,85,143,,501,485
788,summoner-2446932,789,Rizziolli,Diamond 1,85,73,,277,256
789,summoner-471595,790,ABILTON,Diamond 1,85,76,,159,134
790,summoner-3991439,791,Comunista Seboso,Diamond 1,85,101,,152,138
791,summoner-6803691,792,FACE THE WIND ZD,Diamond 1,85,74,,133,109
792,summoner-445470,793,Merkat,Diamond 1,85,59,,121,86
793,summoner-4561314,794,GabrieI Lopes,Diamond 1,85,89,,99,82
794,summoner-2154407,795,Lyynkz,Diamond 1,84,125,,325,317
795,summoner-1590892,796,Jax Of The Tilt,Diamond 1,84,89,,235,220
796,summoner-479257,797,paiN KamiKat,Diamond 1,84,64,,178,153
797,summoner-2092039,798,aSNK,Diamond 1,84,62,,113,92
798,summoner-1352171,799,86738119020,Diamond 1,84,43,,90,52
799,summoner-586129,800,Nigel Thornberry,Diamond 1,83,104,,289,278
800,summoner-437883,801,gut3r4,Diamond 1,83,94,,255,235
801,summoner-602783,802,EnterKeyRemoved,Diamond 1,83,86,,229,202
802,summoner-17175106,803,WH SoL,Diamond 1,83,138,,202,160
803,summoner-4198041,804,Suporte perneta,Diamond 1,82,78,,331,311
804,summoner-484597,805,STM Raposa,Diamond 1,82,96,,319,301
805,summoner-6720703,806,SUJlRO KIFUJA,Diamond 1,82,109,,250,221
806,summoner-2205971,807,to de volta krl,Diamond 1,82,99,,196,174
807,summoner-2077513,808,hadzov1txD,Diamond 1,82,94,,119,94
808,summoner-2095329,809,not this time,Diamond 1,82,44,,71,50
809,summoner-5584445,810,NOsFerus1,Diamond 1,82,39,,50,29
810,summoner-3261460,811,UNL Uzi,Diamond 1,81,133,,431,406
811,summoner-30704240,812,Prodigy Player,Diamond 1,81,64,,239,184
812,summoner-1841700,813,TENH0 WARMOG,Diamond 1,81,49,,134,102
813,summoner-552331,814,Official Shakira,Diamond 1,80,96,,246,222
814,summoner-2796522,815,Bacio di Latte,Diamond 1,80,84,,235,209
815,summoner-18260224,816,myxxx,Diamond 1,80,47,,106,82
816,summoner-3102293,817,DianaBodybuilder,Diamond 1,79,92,,337,319
817,summoner-410321,818,Brazilian Peanut,Diamond 1,79,83,,327,308
818,summoner-480954,819,Azin s2 Nat,Diamond 1,79,106,,262,244
819,summoner-9693284,820,Wintero,Diamond 1,79,65,,181,161
820,summoner-25700133,821,prook good kid,Diamond 1,79,60,,133,121
821,summoner-4973241,822,Aensland,Diamond 1,78,59,,102,54
822,summoner-3649793,823,RayZ,Diamond 1,78,77,,98,80
823,summoner-2005682,824,carryfanboy,Diamond 1,77,90,,196,183
824,summoner-455856,825,paiN jÚc,Diamond 1,77,83,,109,94
825,summoner-2577425,826,UNION Falb,Diamond 1,76,121,,394,360
826,summoner-3212615,827,Icsan,Diamond 1,76,119,,325,308
827,summoner-23101356,828,Anyyyyyy,Diamond 1,76,80,,266,216
828,summoner-9283549,829,Apdo,Diamond 1,76,72,,182,161
829,summoner-28624890,830,sorrymybad02,Diamond 1,76,52,,109,103
830,summoner-18270232,831,pOIAUWSEyt,Diamond 1,76,51,,82,58
831,summoner-5783969,832,Eryoff,Diamond 1,75,107,,503,490
832,summoner-2244534,833,kksh,Diamond 1,75,131,,467,444
833,summoner-1172963,834,WorstDayOfMyLife,Diamond 1,75,122,,462,440
834,summoner-1404767,835,Maynah,Diamond 1,75,122,,430,405
835,summoner-2340712,836,XAPO VEI A LARIK,Diamond 1,75,110,,390,365
836,summoner-15221416,837,the began,Diamond 1,75,113,,382,381
837,summoner-411597,838,AlocsMan,Diamond 1,75,105,,366,353
838,summoner-8200540,839,BFE Shuuuh,Diamond 1,75,131,,365,332
839,summoner-477105,840,DASLAYER,Diamond 1,75,91,,355,322
840,summoner-31029066,841,ScriptKing,Diamond 1,75,112,,346,304
841,summoner-3414220,842,Danlife,Diamond 1,75,92,,314,292
842,summoner-4065903,843,Fusyer,Diamond 1,75,91,,281,255
843,summoner-2471180,844,Savz KING,Diamond 1,75,87,,280,240
844,summoner-810720,845,Zanatsuo,Diamond 1,75,83,,280,252
845,summoner-17323904,846,SOLTA O RAITECK,Diamond 1,75,68,,276,193
846,summoner-584033,847,toshibaa,Diamond 1,75,101,,274,253
847,summoner-27400654,848,Dggggggggggggggg,Diamond 1,75,75,,273,230
848,summoner-477145,849,raising hope,Diamond 1,75,68,,267,214
849,summoner-23550153,850,Leigrey,Diamond 1,75,70,,267,245
850,summoner-29380511,851,Chachki1,Diamond 1,75,72,,263,204
851,summoner-2119346,852,Bartthory,Diamond 1,75,69,,248,226
852,summoner-10261344,853,die trying,Diamond 1,75,73,,238,221
853,summoner-4827162,854,Mid Carente,Diamond 1,75,78,,237,187
854,summoner-13921327,855,Hasin,Diamond 1,75,88,,236,209
855,summoner-26791483,856,Giigii Ryuzaki,Diamond 1,75,121,,233,200
856,summoner-23844107,857,Kur0,Diamond 1,75,93,,224,184
857,summoner-3291057,858,Rakin,Diamond 1,75,70,,224,199
858,summoner-5642522,859,Malory3030,Diamond 1,75,71,,220,194
859,summoner-4694899,860,Midphobia,Diamond 1,75,87,,219,188
860,summoner-11047505,861,O VRDDRO GUARANÁ,Diamond 1,75,76,,206,180
861,summoner-2427841,862,Naillimixam M,Diamond 1,75,114,,202,175
862,summoner-3925919,863,hauz,Diamond 1,75,84,,201,159
863,summoner-2835328,864,CNB BericK,Diamond 1,75,92,,200,182
864,summoner-22195228,865,jayceblindado123,Diamond 1,75,123,,198,159
865,summoner-33650124,866,xNicomando,Diamond 1,75,74,,194,168
866,summoner-4444467,867,blamez1,Diamond 1,75,82,,193,168
867,summoner-1798029,868,Sephis1,Diamond 1,75,59,,192,144
868,summoner-472017,869,Mianhae,Diamond 1,75,115,,190,156
869,summoner-32314561,870,Gods PIan,Diamond 1,75,60,,188,136
870,summoner-27574079,871,Near1,Diamond 1,75,81,,187,164
871,summoner-490517,872,Nicomando,Diamond 1,75,60,,181,151
872,summoner-6401622,873,JUNKURIBOH,Diamond 1,75,72,,178,169
873,summoner-4320191,874,GOWTHER A LENDA,Diamond 1,75,91,,173,150
874,summoner-4095213,875,Dream Colors,Diamond 1,75,51,,170,117
875,summoner-16783713,876,ANNlE BOT,Diamond 1,75,72,,165,137
876,summoner-4612917,877,PàtoBoy Corredor,Diamond 1,75,96,,165,139
877,summoner-7531495,878,Let me beyond,Diamond 1,75,125,,165,126
878,summoner-27661423,879,SURFlSTAO7,Diamond 1,75,66,,161,130
879,summoner-661868,880,pimpimenta,Diamond 1,75,58,,160,118
880,summoner-6645550,881,Lêozuxo,Diamond 1,75,88,,157,137
881,summoner-5200602,882,Lieren,Diamond 1,75,66,,157,124
882,summoner-10082696,883,Hi im Gardel,Diamond 1,75,67,,151,131
883,summoner-779150,884,sTz Viny,Diamond 1,75,55,,145,95
884,summoner-432513,885,darksai,Diamond 1,75,102,,143,102
885,summoner-18197867,886,ll Dantz ll,Diamond 1,75,64,,141,104
886,summoner-2587522,887,BoIsa Familia,Diamond 1,75,46,,141,64
887,summoner-15111559,888,Qifi,Diamond 1,75,87,,140,112
888,summoner-3358754,889,Harakk,Diamond 1,75,115,,140,110
889,summoner-410503,890,paiN taQQxi,Diamond 1,75,63,,139,111
890,summoner-419354,891,alvinho,Diamond 1,75,87,,138,106
891,summoner-678959,892,wizate,Diamond 1,75,50,,137,105
892,summoner-649246,893,Walzanetti,Diamond 1,75,63,,136,107
893,summoner-2883143,894,Mighty MuffiN,Diamond 1,75,62,,130,106
894,summoner-20026328,895,PnL1,Diamond 1,75,52,,127,88
895,summoner-6451327,896,II Dantz II,Diamond 1,75,86,,124,89
896,summoner-13100004,897,crown the kings,Diamond 1,75,109,,123,107
897,summoner-4833622,898,Bate ou Rengarça,Diamond 1,75,89,,120,99
898,summoner-33460137,899,1tevez,Diamond 1,75,46,,119,53
899,summoner-404084,900,PRG TRIGOD,Diamond 1,75,76,,112,93
900,summoner-14983993,901,ez to get pp,Diamond 1,75,49,,109,57
901,summoner-31020648,902,Luiszeras,Diamond 1,75,50,,109,74
902,summoner-3700601,903,VAC BAN,Diamond 1,75,75,,101,75
903,summoner-33240360,904,SMILOOOOOOOOOOVE,Diamond 1,75,42,,100,60
904,summoner-4163223,905,MaroIa Boy,Diamond 1,75,50,,96,63
905,summoner-4172657,906,Coumarine,Diamond 1,75,90,,93,61
906,summoner-1750858,907,SaDgasM,Diamond 1,75,118,,90,73
907,summoner-451816,908,Stressado,Diamond 1,75,52,,86,63
908,summoner-32160133,909,03012018,Diamond 1,75,53,,86,64
909,summoner-27483653,910,Boldkontrol,Diamond 1,75,44,,82,59
910,summoner-440746,911,te amo mt meu bb,Diamond 1,75,45,,82,54
911,summoner-27630143,912,FUS RO DAAAAH,Diamond 1,75,53,,81,49
912,summoner-4736207,913,CAMELO FANTASMA,Diamond 1,75,40,,79,48
913,summoner-1608491,914,q v,Diamond 1,75,49,,77,54
914,summoner-3261229,915,PichuDuCouteau,Diamond 1,75,90,,77,54
915,summoner-18280215,916,FLA Goku 10,Diamond 1,75,44,,73,47
916,summoner-18270228,917,a new awakening,Diamond 1,75,40,,70,42
917,summoner-30381056,918,Hasaginho Mudo,Diamond 1,75,41,,68,46
918,summoner-24790138,919,MÃO DE OURO TÁ,Diamond 1,75,51,,56,24
919,summoner-21900415,920,Oi meu anjo,Diamond 1,75,34,,45,9
920,summoner-16983202,921,1NIBELK,Diamond 1,75,54,,41,8
921,summoner-1303012,922,Louwt a babá,Diamond 1,74,134,,389,380
922,summoner-3291467,923,Pro Deita,Diamond 1,74,121,,364,350
923,summoner-5294662,924,Void TeTeu,Diamond 1,74,121,,301,282
924,summoner-990854,925,Jp de Fenix,Diamond 1,74,97,,207,189
925,summoner-4122206,926,LeoTurtle,Diamond 1,74,93,,190,190
926,summoner-16100773,927,Bob Lablaw,Diamond 1,74,136,,155,124
927,summoner-26323344,928,Cj3ii,Diamond 1,74,63,,110,95
928,summoner-6941657,929,TIO DO PIC0LÉ,Diamond 1,73,118,,339,312
929,summoner-1186198,930,Poc Del Rey,Diamond 1,73,100,,274,253
930,summoner-24491463,931,EvelynnStalker,Diamond 1,73,126,,123,99
931,summoner-522434,932,YONALDlNHO,Diamond 1,72,130,,451,448
932,summoner-481392,933,Texugo Reformed,Diamond 1,72,138,,239,224
933,summoner-1529694,934,CrazyMaater,Diamond 1,72,83,,127,98
934,summoner-17470448,935,não to mt feliz,Diamond 1,72,51,,126,100
935,summoner-5571375,936,kroNooz,Diamond 1,72,107,,125,97
936,summoner-550922,937,XxBrzkSxX,Diamond 1,72,61,,115,64
937,summoner-3935190,938,Netbook,Diamond 1,72,94,,109,82
938,summoner-2079617,939,Wafflesdoce,Diamond 1,72,83,,101,69
939,summoner-14153582,940,Doo,Diamond 1,71,179,,500,482
940,summoner-26150789,941,Yuikosan Nyt,Diamond 1,71,139,,185,164
941,summoner-26210826,942,Cimento VIII,Diamond 1,71,47,,128,73
942,summoner-2086256,943,Glowcore,Diamond 1,71,49,,63,46
943,summoner-5277594,944,Slowas,Diamond 1,71,117,,54,36
944,summoner-15332948,945,Copy,Diamond 1,70,129,,448,448
945,summoner-7332382,946,FelipeCC,Diamond 1,70,114,,382,344
946,summoner-500150,947,Streakless,Diamond 1,70,98,,379,366
947,summoner-3290323,948,Shiruo,Diamond 1,70,99,,284,260
948,summoner-13325895,949,Sir Lorran,Diamond 1,70,127,,175,166
949,summoner-31380130,950,FLA Jisu 1,Diamond 1,70,54,,153,100
950,summoner-2902901,951,LukinhaBiribinha,Diamond 1,70,80,,119,98
951,summoner-4240986,952,Hymazake,Diamond 1,70,65,,76,54
952,summoner-438223,953,K i l l u a 7,Diamond 1,69,116,,334,313
953,summoner-32890133,954,im a good kid,Diamond 1,69,87,,294,277
954,summoner-30555627,955,Yharnam sunrise,Diamond 1,69,55,,188,145
955,summoner-15202798,956,gumballestrupa,Diamond 1,69,51,,170,90
956,summoner-29178714,957,Just Shygo,Diamond 1,69,71,,161,140
957,summoner-2010647,958,anime tiddies,Diamond 1,69,72,,145,131
958,summoner-31892680,959,Bahroo,Diamond 1,69,78,,129,89
959,summoner-2339756,960,12574217,Diamond 1,68,98,,314,272
960,summoner-25485566,961,Jayce Blindado,Diamond 1,68,95,,210,195
961,summoner-1972663,962,M92F S,Diamond 1,68,88,,195,184
962,summoner-31821984,963,Paulo Dybala,Diamond 1,68,64,,173,107
963,summoner-5634011,964,MEU NICK É JANN,Diamond 1,68,138,,151,132
964,summoner-21210129,965,parsa da lisa,Diamond 1,68,63,,139,109
965,summoner-440178,966,Dreams is back,Diamond 1,68,53,,110,86
966,summoner-3974104,967,FnaticRC Rekkles,Diamond 1,67,99,,311,280
967,summoner-15660334,968,DVzin debochado,Diamond 1,67,63,,227,139
968,summoner-622328,969,Rstriker,Diamond 1,67,102,,184,164
969,summoner-404151,970,While She Sleeps,Diamond 1,67,92,,176,159
970,summoner-456109,971,Vitality,Diamond 1,67,164,,171,142
971,summoner-2213211,972,Haseo1,Diamond 1,67,75,,166,144
972,summoner-1060743,973,PUC Cross TIG,Diamond 1,67,86,,162,140
973,summoner-5034532,974,Miss Queen,Diamond 1,67,146,,101,72
974,summoner-3251833,975,dashgs,Diamond 1,67,42,,98,37
975,summoner-3067434,976,Buckmann,Diamond 1,67,77,,97,72
976,summoner-4530950,977,BigH34D,Diamond 1,66,85,,202,186
977,summoner-17920145,978,ela kush,Diamond 1,66,67,,153,137
978,summoner-30641228,979,Microtulio,Diamond 1,66,79,,147,91
979,summoner-4837690,980,dzzzzzn1,Diamond 1,66,45,,127,38
980,summoner-1911112,981,VitorMG,Diamond 1,66,73,,95,76
981,summoner-1208122,982,shakalakashaka,Diamond 1,65,137,,544,543
982,summoner-5730413,983,BlasTeer,Diamond 1,65,143,,490,485
983,summoner-1990976,984,funKz,Diamond 1,65,91,,392,352
984,summoner-18631039,985,BUERO,Diamond 1,65,50,,159,112
985,summoner-5891894,986,Ralphe,Diamond 1,65,74,,149,133
986,summoner-3180522,987,Hatsune Míku,Diamond 1,65,39,,44,24
987,summoner-2221883,988,Scallots,Diamond 1,64,104,,331,308
988,summoner-589882,989,Bob o Cafetão,Diamond 1,64,123,,264,198
989,summoner-34510138,990,xypherz,Diamond 1,64,53,,180,129
990,summoner-31400153,991,sup fresh,Diamond 1,64,54,,171,127
991,summoner-1910272,992,Lwz,Diamond 1,64,98,,150,133
992,summoner-25750211,993,so close so far,Diamond 1,64,49,,127,84
993,summoner-8291129,994,R nord,Diamond 1,64,46,,91,44
994,summoner-29290126,995,zykaR,Diamond 1,64,45,,90,79
995,summoner-450372,996,uri ama,Diamond 1,64,82,,61,45
996,summoner-2904497,997,FluffyCake,Diamond 1,63,122,,392,389
997,summoner-1210113,998,NIKKK0,Diamond 1,63,87,,257,234
998,summoner-14541084,999,ISatanGossI,Diamond 1,63,112,,252,222
999,summoner-6542933,1000,ll Bart ll,Diamond 1,63,97,,172,144
