#timestamp 1529895623715
#date 2018-06-25T03:00:23+00:00
#players 1000
#index,id,rank,name,tier,lp,level,proTeam,win,loss
0,summoner-91909115,1,tarzaned2,Challenger,1304,73,,351,245
1,summoner-96059078,2,sorry my bad xd,Challenger,1300,43,,123,54
2,summoner-24220969,3,thtr,Challenger,1067,91,,356,296
3,summoner-87439213,4,ìnori,Challenger,1055,119,,345,279
4,summoner-91739120,5,Play for KDA,Challenger,1045,59,,207,144
5,summoner-75900909,6,GGEA Neøø,Challenger,1026,141,,306,241
6,summoner-22275443,7,TCLB ZzeR,Challenger,941,65,,275,185
7,summoner-34925733,8,CG Solo,Challenger,934,83,,307,245
8,summoner-22670229,9,Shout,Challenger,927,89,,295,236
9,summoner-19839806,10,blaberfish2,Challenger,921,109,,401,321
10,summoner-68469257,11,Azures,Challenger,913,116,,443,388
11,summoner-83339123,12,Humble Diligent,Challenger,908,83,,342,286
12,summoner-35097344,13,duoking1,Challenger,901,70,,241,176
13,summoner-65389099,14,Liquid Impact,Challenger,878,72,,241,179
14,summoner-95119178,15,WPI 3970,Challenger,872,45,,134,84
15,summoner-68401488,16,5tunt,Challenger,865,81,,242,187
16,summoner-21193669,17,Hakuho,Challenger,861,88,,255,199
17,summoner-71229345,18,divided jungle,Challenger,851,67,,241,188
18,summoner-87330006,19,Yusuiˉ,Challenger,841,68,,186,123
19,summoner-24326160,20,Sweaty ASol,Challenger,820,74,,257,204
20,summoner-38375098,21,Jurassiq,Challenger,806,81,,303,254
21,summoner-95429143,22,ESKEET1T,Challenger,799,44,,112,77
22,summoner-96629156,23,FOX Damonte,Challenger,773,43,,114,78
23,summoner-21276764,24,Vulcan1,Challenger,773,114,,383,329
24,summoner-94060086,25,TwTv LoLHarambe,Challenger,767,73,,370,294
25,summoner-23368264,26,Tracy Mcgràdy,Challenger,764,51,,131,75
26,summoner-20389591,27,Inorï,Challenger,757,69,,327,256
27,summoner-38809624,28,Sophist Sage,Challenger,742,121,,560,511
28,summoner-92959312,29,IlIlIllllIIIIIII,Challenger,740,50,,143,109
29,summoner-21371454,30,ScrubNoob,Challenger,727,116,,401,341
30,summoner-19967304,31,Shiphtur,Challenger,711,151,,916,880
31,summoner-91419120,32,TSM Zven,Challenger,721,105,,478,400
32,summoner-48193601,33,Spica1,Challenger,688,80,,214,162
33,summoner-37481045,34,insanityxxx,Challenger,684,161,,539,489
34,summoner-32299406,35,IIIIIlIIIlllllI,Challenger,679,108,,392,337
35,summoner-27251616,36,ULookSoCharming,Challenger,678,108,,308,265
36,summoner-30046300,37,TCLB plan ahea,Challenger,670,122,,339,296
37,summoner-21490433,38,goldenglue,Challenger,666,98,,318,278
38,summoner-21367804,39,Cris,Challenger,659,59,,192,142
39,summoner-19587365,40,Tony Top,Challenger,654,107,,458,420
40,summoner-23715786,41,KitKatxz,Challenger,646,61,,192,153
41,summoner-27470522,42,Arcsecond,Challenger,645,119,,450,390
42,summoner-22830349,43,RF Legendary,Challenger,639,76,,289,236
43,summoner-20156599,44,Carmen Campagne,Challenger,643,75,,156,110
44,summoner-22403576,45,Pants are Dragon,Challenger,642,111,,365,316
45,summoner-68479082,46,a new beginning,Challenger,621,107,,343,304
46,summoner-21542029,47,Grig1,Challenger,658,99,,323,286
47,summoner-47401142,48,Soulmario,Challenger,640,183,,363,329
48,summoner-19787999,49,SCREENSLAV3R,Challenger,619,70,,178,138
49,summoner-22141445,50,SandPaperX,Challenger,639,90,,263,222
50,summoner-65409096,51,crow5,Challenger,639,74,,261,207
51,summoner-86912471,52,Nugeek,Challenger,634,67,,252,212
52,summoner-83089575,53,Ssumdayday,Challenger,632,67,,228,181
53,summoner-77211676,54,Revenge,Challenger,624,79,,240,192
54,summoner-22946266,55,GaoGao,Challenger,624,74,,136,92
55,summoner-19757901,56,Ðân,Challenger,617,99,,302,241
56,summoner-21806931,57,Xeno,Challenger,615,60,,126,89
57,summoner-25401864,58,Credenda,Challenger,613,53,,180,94
58,summoner-41233933,59,MistyStumpey,Challenger,611,97,,217,174
59,summoner-50759139,60,qldurtms,Challenger,624,62,,187,147
60,summoner-37343071,61,avi is me,Challenger,604,68,,186,143
61,summoner-91615420,62,Evølve,Challenger,603,96,,428,356
62,summoner-91451619,63,etrianodysey,Challenger,602,83,,303,252
63,summoner-47165206,64,HIGH APM LOW BMI,Challenger,601,90,,321,285
64,summoner-26045266,65,TàIon,Challenger,600,84,,227,167
65,summoner-19770082,66,Criś,Challenger,590,142,,461,424
66,summoner-30255016,67,TheeBrandini,Challenger,590,73,,248,208
67,summoner-25108893,68,CaptainShrimps,Challenger,607,98,,547,498
68,summoner-21103810,69,BendyAndy,Challenger,588,92,,359,322
69,summoner-93731255,70,dsazfxgchn,Challenger,587,50,,148,89
70,summoner-19623941,71,Rendyu,Challenger,584,116,,347,297
71,summoner-2648,72,Pobelter,Challenger,576,92,,257,227
72,summoner-36111109,73,Julien,Challenger,574,101,,403,357
73,summoner-85889107,74,FeelsGO0DMan,Challenger,574,72,,256,219
74,summoner-32683839,75,Sean Twitch God,Challenger,572,94,,438,394
75,summoner-40540196,76,Fanatiik,Challenger,572,79,,228,195
76,summoner-22654107,77,yhw,Challenger,571,127,,318,280
77,summoner-47943093,78,3in1warrior,Challenger,546,69,,166,130
78,summoner-89299096,79,IlIlIllllIII,Challenger,564,46,,158,74
79,summoner-35361116,80,Q16KpquGsIc,Challenger,562,63,,100,56
80,summoner-35409134,81,Srkenji,Challenger,560,116,,443,393
81,summoner-75099245,82,LHHS,Challenger,558,54,,154,115
82,summoner-26851284,83,PainlessM,Challenger,557,98,,285,245
83,summoner-30366254,84,Acoldblazeolive,Challenger,536,71,,262,226
84,summoner-20962399,85,Teesum,Challenger,555,88,,385,353
85,summoner-21910088,86,Zot,Challenger,554,129,,420,377
86,summoner-25125682,87,Niles,Challenger,547,89,,260,216
87,summoner-521955,88,WildTurtle,Challenger,544,47,,122,80
88,summoner-22438041,89,snap,Challenger,541,100,,303,260
89,summoner-21124626,90,Rikara,Challenger,554,130,,263,222
90,summoner-76603307,91,ChiralX,Challenger,537,62,,155,111
91,summoner-64290527,92,CONTRACTZZZZZZZZ,Challenger,535,68,,272,210
92,summoner-24069119,93,Hate,Challenger,532,124,,315,270
93,summoner-21937711,94,HaruRushAmbition,Challenger,528,109,,507,444
94,summoner-38880034,95,Soligo,Challenger,523,60,,166,127
95,summoner-19698094,96,FallenBandit,Challenger,514,94,,332,301
96,summoner-19920510,97,Sudzzi,Challenger,512,84,,322,284
97,summoner-96659148,98,jngler52,Challenger,512,38,,67,37
98,summoner-51680686,99,RobbyBob,Challenger,511,95,,164,131
99,summoner-73543081,100,SKT T1 Crown,Challenger,509,93,,145,92
100,summoner-83339118,101,sks Tmfprl,Challenger,508,62,,183,143
101,summoner-35592112,102,stuntopolis,Challenger,508,50,,127,100
102,summoner-41786897,103,Kurumx,Challenger,507,79,,275,228
103,summoner-83552233,104,duoqueen1,Challenger,503,69,,201,171
104,summoner-28663867,105,Erry,Challenger,503,70,,195,161
105,summoner-71715,106,MeNoHaxor,Challenger,502,89,,263,226
106,summoner-21193032,107,dog2,Challenger,500,122,,409,379
107,summoner-64834040,108,DufTlalgkqtlek,Challenger,499,54,,152,110
108,summoner-30397116,109,Lemur,Challenger,498,101,,116,78
109,summoner-74731419,110,cupcakes29,Challenger,493,63,,236,196
110,summoner-54059235,111,fwii Talon,Challenger,493,45,,104,59
111,summoner-21202019,112,5fire,Challenger,492,89,,196,159
112,summoner-20822144,113,ÐaÞtion,Challenger,488,101,,279,247
113,summoner-91429132,114,TSM Mithypote,Challenger,505,81,,267,240
114,summoner-170340,115,Cody Sun,Challenger,467,126,,447,426
115,summoner-31563939,116,butterfły,Challenger,483,57,,126,67
116,summoner-295500,117,5mi,Challenger,482,107,,265,221
117,summoner-41849159,118,GGEA Rodov,Challenger,479,92,,239,196
118,summoner-71860010,119,Boris Oppa,Challenger,475,81,,195,111
119,summoner-77520973,120,TCLB Zephyr,Challenger,474,95,,222,173
120,summoner-92949382,121,CG Solo 2,Challenger,472,46,,124,87
121,summoner-30212825,122,Spirax,Challenger,469,86,,116,83
122,summoner-60469878,123,Macotoˉ,Challenger,461,98,,471,419
123,summoner-24671130,124,Allorim,Challenger,458,111,,404,375
124,summoner-23476283,125,EricZYang,Challenger,457,184,,613,576
125,summoner-20793637,126,Phaxen,Challenger,457,137,,175,141
126,summoner-20823651,127,C9 Smoothie,Challenger,455,96,,244,210
127,summoner-33239179,128,ZeyzaI,Challenger,455,59,,129,65
128,summoner-84759118,129,Metaphor,Challenger,451,93,,337,291
129,summoner-47607839,130,Gong Yoo x,Challenger,450,72,,312,249
130,summoner-83629091,131,NA Swifte,Challenger,448,71,,176,142
131,summoner-21014987,132,lron Pyrite,Challenger,446,67,,144,109
132,summoner-65389101,133,gazuaaaaaaaaaaa,Challenger,443,51,,164,124
133,summoner-26153361,134,Happy Birfdizzay,Challenger,440,87,,268,231
134,summoner-19665819,135,Duocek,Challenger,438,96,,467,423
135,summoner-40835255,136,Bóbbý,Challenger,437,117,,427,391
136,summoner-7250,137,Apollo Price,Challenger,437,105,,366,338
137,summoner-20130821,138,Wiggily,Challenger,437,92,,290,254
138,summoner-21498922,139,Linsaníty,Challenger,434,71,,177,155
139,summoner-26822730,140,BloodKey,Challenger,434,52,,149,76
140,summoner-70132282,141,XueGao,Challenger,432,99,,153,121
141,summoner-29161654,142,mulgokizary,Challenger,432,52,,95,59
142,summoner-20047271,143,Descraton,Challenger,411,128,,409,375
143,summoner-21172589,144,sadsdasdasf,Challenger,429,88,,329,290
144,summoner-28742820,145,Jast,Challenger,431,89,,150,111
145,summoner-32871226,146,Alex Blais,Challenger,430,64,,223,172
146,summoner-19577112,147,Bíg T,Challenger,383,108,,373,340
147,summoner-91507933,148,758ˉ,Challenger,429,68,,223,183
148,summoner-78739091,149,IdioticGuy123,Challenger,407,65,,171,131
149,summoner-89599264,150,D9 Grelly,Challenger,423,116,,485,453
150,summoner-41873475,151,The Eggsalad,Challenger,406,155,,572,538
151,summoner-22638316,152,typty,Challenger,421,88,,178,141
152,summoner-70191897,153,adi0s,Challenger,419,52,,108,74
153,summoner-44989327,154,mancloud2,Challenger,416,127,,533,507
154,summoner-35092858,155,Challenger Eoba,Challenger,412,57,,179,110
155,summoner-37928970,156,Lesu,Challenger,413,177,,791,754
156,summoner-24823450,157,Viel Glück,Challenger,413,66,,118,82
157,summoner-34268448,158,Forgotten Legend,Challenger,412,67,,174,137
158,summoner-35890783,159,Jiu Jiu,Challenger,411,115,,332,287
159,summoner-19912360,160,VERSACE JiNPACHi,Challenger,408,104,,297,255
160,summoner-22231499,161,Washed Up,Challenger,407,83,,256,215
161,summoner-23907257,162,Janna Mechanics,Challenger,406,84,,256,215
162,summoner-88229545,163,Gate,Challenger,405,110,,240,209
163,summoner-1496,164,Valkrin,Challenger,405,65,,163,126
164,summoner-27816311,165,N4omi,Challenger,387,68,,156,120
165,summoner-92319078,166,Nashor Tooth,Challenger,404,68,,241,193
166,summoner-28903785,167,YummiBananas,Challenger,403,135,,585,553
167,summoner-401063,168,xFSN Saber,Challenger,403,74,,167,134
168,summoner-31929876,169,Arceesenpie,Challenger,381,65,,240,199
169,summoner-50690164,170,FakeGod,Challenger,420,52,,108,70
170,summoner-28993829,171,xKace,Challenger,400,89,,223,190
171,summoner-36099357,172,Fapdo,Challenger,399,67,,158,118
172,summoner-32867184,173,Blitzt,Challenger,398,106,,200,165
173,summoner-20918669,174,elise player,Challenger,397,84,,243,229
174,summoner-46069412,175,foggedftw1,Challenger,397,61,,117,83
175,summoner-39040566,176,GGS Matt,Challenger,396,87,,345,315
176,summoner-93269094,177,Potluck,Challenger,394,72,,138,115
177,summoner-46052203,178,B Solo Lane B,Challenger,393,94,,367,328
178,summoner-27110862,179,J D,Challenger,392,120,,414,365
179,summoner-55375727,180,Fated Enigma,Challenger,391,130,,496,455
180,summoner-77252739,181,FUNKYFRAGAS32,Challenger,389,96,,425,386
181,summoner-87119170,182,OpTic Arrow,Challenger,341,86,,339,303
182,summoner-91729099,183,BOL4,Challenger,387,55,,160,123
183,summoner-156090,184,Yassuo,Challenger,386,117,,498,467
184,summoner-19668604,185,Koukesito,Challenger,385,63,,182,137
185,summoner-36259319,186,Vchee,Challenger,384,84,,368,327
186,summoner-77351819,187,Saskioo,Challenger,382,76,,198,161
187,summoner-50493382,188,sniperboy120,Challenger,380,55,,116,65
188,summoner-22701102,189,EleJiggle,Challenger,375,109,,309,273
189,summoner-47836799,190,Liquid Hard,Challenger,372,69,,203,166
190,summoner-33419995,191,CopyAndPaste,Challenger,372,68,,129,100
191,summoner-76609200,192,INF SolidSnake,Challenger,333,113,,301,272
192,summoner-22350178,193,Cat VaIentine,Challenger,370,74,,240,199
193,summoner-51949451,194,AD Nannies Pref,Challenger,373,86,,228,195
194,summoner-34022147,195,Tuesdayy,Challenger,351,94,,320,295
195,summoner-22478427,196,Biofrost,Challenger,351,78,,234,199
196,summoner-56829156,197,Laceration,Challenger,325,100,,201,166
197,summoner-95439134,198,olruol,Challenger,345,41,,79,58
198,summoner-51405,199,C9 Sneaky,Challenger,343,121,,452,408
199,summoner-20826894,200,Sleepyz,Challenger,342,111,,443,421
200,summoner-36772244,201,Fuh Breeze,Master,382,102,,302,280
201,summoner-24154639,202,yeedam,Master,379,72,,124,92
202,summoner-20072604,203,GGEA Abou222,Master,376,94,,273,239
203,summoner-77720407,204,RaverDad,Master,369,104,,556,523
204,summoner-73170218,205,Miguel el toro,Master,369,90,,298,270
205,summoner-77251686,206,TRIBORDKINGDOM63,Master,366,86,,302,264
206,summoner-80240589,207,Toàn Tran,Master,363,48,,96,65
207,summoner-29221767,208,Abou222,Master,360,65,,161,116
208,summoner-42133105,209,GGEA Strompest,Master,358,69,,188,149
209,summoner-55805197,210,Hyami,Master,358,92,,168,136
210,summoner-95439104,211,PRODUCTPLACEMENT,Master,357,40,,74,53
211,summoner-45661658,212,Bao Bao,Master,356,100,,237,207
212,summoner-44317220,213,Sheepp,Master,352,65,,259,193
213,summoner-32252808,214,WayneDwops,Master,350,86,,234,193
214,summoner-48365522,215,CroatianD,Master,350,108,,176,134
215,summoner-20411671,216,Heisendong,Master,349,61,,130,97
216,summoner-23552941,217,deftIy,Master,346,85,,267,222
217,summoner-31281326,218,MaGeRdAnGeR,Master,346,74,,199,169
218,summoner-91429107,219,CLG Reignover,Master,346,65,,150,125
219,summoner-38869932,220,tank jg player,Master,345,92,,207,177
220,summoner-42060215,221,0 x omakase x 42,Master,343,102,,327,294
221,summoner-89530903,222,Shorter,Master,343,73,,264,227
222,summoner-95090711,223,DeafRef,Master,343,54,,191,141
223,summoner-19905517,224,ZzLegendary,Master,342,102,,196,158
224,summoner-29524444,225,atkins2,Master,341,98,,241,210
225,summoner-31507479,226,foggedftw2,Master,341,54,,83,48
226,summoner-43147757,227,Twíns,Master,340,120,,296,195
227,summoner-47706407,228,FreshCreamCherry,Master,320,71,,245,211
228,summoner-21830641,229,Seuyan,Master,336,56,,158,108
229,summoner-29203966,230,Ino1,Master,333,118,,239,202
230,summoner-20877255,231,TCLB Tempest,Master,332,73,,281,204
231,summoner-21652056,232,Vìncent,Master,331,88,,300,267
232,summoner-66042977,233,TwTv KatEvolved,Master,329,91,,297,267
233,summoner-83939135,234,jensenfanboy97,Master,327,51,,136,81
234,summoner-30580841,235,YkyLh,Master,326,98,,98,47
235,summoner-32705024,236,Falcon God,Master,324,63,,185,156
236,summoner-72849285,237,ChumpJohn Again,Master,324,56,,96,62
237,summoner-44141483,238,RubenxSWRD,Master,322,87,,348,318
238,summoner-20305573,239,shochi,Master,321,113,,389,360
239,summoner-66832087,240,sexyminou,Master,320,77,,303,270
240,summoner-29773406,241,Tonington,Master,336,67,,171,140
241,summoner-82789571,242,flameflameflame,Master,314,69,,239,208
242,summoner-36100051,243,DirtyMobs,Master,313,102,,389,352
243,summoner-95439156,244,sky island,Master,312,49,,160,140
244,summoner-20687868,245,Gabex,Master,311,89,,282,237
245,summoner-77661150,246,good nightt,Master,310,58,,178,113
246,summoner-31274923,247,Lovefury,Master,307,110,,296,265
247,summoner-24449785,248,that808gamer,Master,307,91,,234,205
248,summoner-70339477,249,Rapidx,Master,304,121,,556,521
249,summoner-63291,250,Sunset,Master,303,174,,784,744
250,summoner-95739079,251,0nxn,Master,302,35,,56,26
251,summoner-23162732,252,Byeong Hoon Lee,Master,317,89,,224,200
252,summoner-19451735,253,homeboi,Master,296,97,,374,349
253,summoner-84389222,254,Meta,Master,296,66,,163,139
254,summoner-45191640,255,ChadYasuoMain,Master,311,124,,226,192
255,summoner-90782595,256,Judge Doom,Master,295,75,,163,131
256,summoner-19875787,257,Crab Battle,Master,295,56,,126,96
257,summoner-19296564,258,fwii,Master,294,104,,252,230
258,summoner-62374009,259,wlswlgkrprkwmdk,Master,294,53,,196,156
259,summoner-32909693,260,IVIODE,Master,293,88,,386,327
260,summoner-36400685,261,AIIorim,Master,293,105,,360,339
261,summoner-37447382,262,KlvA,Master,293,79,,148,113
262,summoner-25232745,263,TwTv ChaseShaco,Master,273,64,,179,152
263,summoner-62630267,264,KlonkGronkZonk,Master,290,88,,208,180
264,summoner-23350752,265,Zeyzal,Master,287,61,,174,146
265,summoner-20636732,266,Morïarty,Master,304,88,,410,385
266,summoner-88669121,267,Akaadian,Master,252,55,,76,45
267,summoner-92610081,268,Gáme1234,Master,304,65,,302,227
268,summoner-56365425,269,Johnaay,Master,284,90,,178,145
269,summoner-61542283,270,huhi,Master,283,86,,243,217
270,summoner-54986862,271,Àsyc,Master,298,163,,831,809
271,summoner-20902946,272,Oppai God,Master,281,72,,181,153
272,summoner-25022297,273,Omot,Master,279,98,,112,77
273,summoner-66929247,274,Liquid Joey,Master,277,73,,208,186
274,summoner-77489438,275,A Brand 1 Trick,Master,276,68,,195,166
275,summoner-32392626,276,Dhokla,Master,292,97,,344,322
276,summoner-89909122,277,light b,Master,274,70,,150,116
277,summoner-20920347,278,H4xDefender,Master,271,83,,298,269
278,summoner-73136544,279,Feí,Master,269,82,,201,158
279,summoner-39877298,280,lae young,Master,267,53,,136,106
280,summoner-36119978,281,Kazahana,Master,265,104,,176,150
281,summoner-24449515,282,Savast,Master,263,106,,274,245
282,summoner-82950710,283,NA is a coinflip,Master,263,56,,101,71
283,summoner-95029399,284,lIIIlllIIllIlIlI,Master,259,42,,91,44
284,summoner-22991489,285,Tangularx,Master,257,99,,428,400
285,summoner-21201241,286,Auberaun,Master,257,79,,192,162
286,summoner-75111441,287,WSL Bae Bae,Master,255,116,,120,77
287,summoner-72903789,288,LimitTester,Master,255,46,,103,70
288,summoner-62240420,289,le fwii,Master,254,49,,94,24
289,summoner-44841787,290,MooseHater,Master,253,97,,291,273
290,summoner-40279866,291,Krmx,Master,253,72,,218,190
291,summoner-39561509,292,JuIius,Master,250,162,,791,764
292,summoner-82962549,293,10 IQ PLAYER,Master,250,98,,231,196
293,summoner-38111839,294,Candice,Master,250,69,,226,197
294,summoner-44594721,295,Zeroˉ,Master,248,130,,509,475
295,summoner-57039082,296,boI4,Master,248,50,,151,124
296,summoner-21814281,297,TALON1V9,Master,267,56,,165,99
297,summoner-23965783,298,Titan Dweevil,Master,246,111,,452,418
298,summoner-92969097,299,Ruler CoreJJ,Master,246,47,,122,102
299,summoner-24793304,300,Roronoa Zary,Master,244,58,,171,138
300,summoner-40984753,301,GangstahSwerve,Master,244,43,,79,51
301,summoner-22789590,302,Nami Fish Hentai,Master,243,121,,194,162
302,summoner-25285716,303,Haanii,Master,256,73,,123,91
303,summoner-1681,304,TCLB Robin NA,Master,233,100,,455,360
304,summoner-48547745,305,Diamond Police,Master,227,93,,285,259
305,summoner-62605523,306,Resuna,Master,226,49,,145,74
306,summoner-94519219,307,xXxGodPlayerxXx,Master,226,48,,122,90
307,summoner-51758381,308,TN Vampire,Master,225,106,,212,138
308,summoner-78739135,309,Feox,Master,225,60,,160,119
309,summoner-28943582,310,CP Freeze,Master,224,89,,311,274
310,summoner-91634369,311,Origami X,Master,223,56,,195,127
311,summoner-89190126,312,Toxic Vietnamese,Master,223,108,,148,111
312,summoner-77589227,313,Šœ  VIP  Šœ,Master,223,78,,140,99
313,summoner-22417049,314,Cuyo,Master,222,86,,261,239
314,summoner-42018127,315,Eclipseˉ,Master,222,65,,211,167
315,summoner-50638481,316,supercoolisaac,Master,222,134,,153,122
316,summoner-25005620,317,Mcbaze,Master,221,92,,378,345
317,summoner-518475,318,Cat Girl Sakuya,Master,221,60,,163,124
318,summoner-10077,319,scarra,Master,220,111,,547,527
319,summoner-56797519,320,Kewlipo,Master,220,124,,485,457
320,summoner-83282990,321,monkarS,Master,220,67,,198,170
321,summoner-34084652,322,I Dislike Solo Q,Master,220,55,,157,129
322,summoner-91329284,323,Sllfer,Master,220,42,,88,40
323,summoner-46062118,324,I Am Smexy,Master,218,64,,107,67
324,summoner-37094087,325,Ben9813,Master,218,45,,99,60
325,summoner-45451524,326,Løst Boy,Master,217,103,,352,317
326,summoner-19715873,327,Gerardo Ortiz,Master,217,53,,130,95
327,summoner-579475,328,dawolfsfang,Master,231,54,,160,138
328,summoner-46531569,329,iKinggVex,Master,215,167,,784,762
329,summoner-91270727,330,cute loli gf,Master,214,45,,127,75
330,summoner-24877618,331,Vares,Master,213,122,,353,322
331,summoner-22775683,332,Zero Pressure xD,Master,213,66,,210,165
332,summoner-50928107,333,FEED SPLIT THROW,Master,213,62,,91,49
333,summoner-21003343,334,Wookin,Master,213,68,,83,51
334,summoner-22415968,335,Real Danijrm,Master,212,66,,267,223
335,summoner-22696988,336,TheOddOrange,Master,211,83,,211,187
336,summoner-31781756,337,Mac,Master,211,81,,208,145
337,summoner-24412033,338,Sexy Yaoi Prince,Master,210,107,,312,281
338,summoner-66241634,339,TwTv Vchee,Master,209,60,,244,149
339,summoner-28781699,340,Shupian,Master,208,98,,173,144
340,summoner-28432690,341,Zud,Master,205,88,,195,159
341,summoner-45678930,342,MattyMooo,Master,202,113,,408,388
342,summoner-35703236,343,PieCakeLord,Master,201,106,,477,455
343,summoner-20123146,344,AND 1 AIDAN,Master,201,95,,310,279
344,summoner-88669168,345,Mid braum only,Master,201,41,,90,56
345,summoner-57302617,346,Dragonmin,Master,201,42,,67,22
346,summoner-22447403,347,PrismaI,Master,200,93,,260,234
347,summoner-43225114,348,Necroside,Master,200,94,,166,136
348,summoner-69129243,349,GDX,Master,200,131,,102,58
349,summoner-41335915,350,Sahatsu,Master,198,120,,256,230
350,summoner-20694079,351,Day after day,Master,197,99,,427,409
351,summoner-21794465,352,chowdong,Master,197,70,,198,171
352,summoner-74450973,353,Fiona So Cute,Master,196,94,,161,90
353,summoner-84509505,354,GGEA eThug,Master,214,77,,154,122
354,summoner-35590582,355,Annie Bot,Master,178,197,,1018,991
355,summoner-70011915,356,moon b,Master,173,86,,268,236
356,summoner-43079579,357,My melody,Master,195,167,,195,166
357,summoner-31804039,358,oGoDs,Master,195,66,,125,99
358,summoner-52326216,359,papa croc romanm,Master,194,65,,223,192
359,summoner-38709082,360,Soju,Master,191,89,,285,248
360,summoner-22292020,361,CIyde,Master,189,118,,341,323
361,summoner-38883756,362,luggindy,Master,189,72,,183,148
362,summoner-78771213,363,Tabulae,Master,209,58,,176,137
363,summoner-19470447,364,Minishcap1,Master,169,68,,128,102
364,summoner-48321237,365,MouseArt,Master,188,167,,780,761
365,summoner-29194631,366,Alicopter,Master,186,143,,505,484
366,summoner-19906739,367,Virus,Master,185,92,,320,282
367,summoner-47005597,368,IWU Fizzi,Master,185,57,,155,95
368,summoner-22835956,369,RenektonTopOnly,Master,202,127,,629,585
369,summoner-60615460,370,Charming Gay Guy,Master,183,55,,168,97
370,summoner-45186258,371,lc0nic,Master,182,70,,140,110
371,summoner-93579190,372,Pykeman,Master,182,43,,103,81
372,summoner-68459235,373,Yuki S2,Master,180,118,,356,325
373,summoner-23723309,374,Ordinn,Master,180,87,,197,168
374,summoner-31383720,375,Terrified dog,Master,180,55,,167,134
375,summoner-50363420,376,duoshark1,Master,174,81,,207,185
376,summoner-20724263,377,Mozart The 2nd,Master,174,49,,115,75
377,summoner-92392897,378,A GR4SS,Master,172,64,,244,184
378,summoner-27381932,379,chepa candela,Master,171,93,,368,346
379,summoner-22073036,380,Breakbot,Master,170,108,,269,235
380,summoner-89031504,381,I worry,Master,170,57,,96,62
381,summoner-39933019,382,Taco,Master,169,61,,195,167
382,summoner-492066,383,SimplyHai,Master,186,85,,282,259
383,summoner-32556358,384,Gamer Girl,Master,168,108,,245,226
384,summoner-80979709,385,Pants are JłZZ,Master,167,101,,301,276
385,summoner-76832011,386,XChanX,Master,167,70,,130,95
386,summoner-22058902,387,Flaresz,Master,167,55,,73,54
387,summoner-30266347,388,Piggy Kitten,Master,165,154,,837,809
388,summoner-19777052,389,GeneralMint,Master,165,97,,270,247
389,summoner-28682326,390,wispe,Master,164,161,,408,378
390,summoner-22858406,391,KAYLE OTP BABY,Master,164,129,,378,356
391,summoner-29699937,392,Kholin,Master,164,52,,155,124
392,summoner-70173009,393,Maiyatang,Master,163,258,,683,648
393,summoner-41745040,394,Competition2,Master,160,202,,616,591
394,summoner-24153216,395,TwTvJakehoffmann,Master,163,105,,487,429
395,summoner-43873947,396,Boyyyyyyyyyyyyyy,Master,163,89,,110,87
396,summoner-88109144,397,Bardly Missed,Master,162,98,,513,462
397,summoner-40655603,398,Copari,Master,161,85,,204,181
398,summoner-31213574,399,Swkeeee,Master,160,143,,245,207
399,summoner-30045762,400,Kumo9,Master,174,95,,335,300
400,summoner-39957695,401,røvex,Master,158,107,,483,471
401,summoner-21107682,402,Hillside Boys,Master,157,168,,689,647
402,summoner-20112175,403,Rohammers,Master,157,111,,486,469
403,summoner-82789170,404,TL Cain,Master,157,68,,268,234
404,summoner-21978925,405,SlapPorkChop,Master,157,79,,225,203
405,summoner-390600,406,Meteos,Master,157,94,,178,151
406,summoner-69883340,407,iwhenzhou,Master,155,145,,190,163
407,summoner-45126443,408,Jg2,Master,154,80,,361,336
408,summoner-19061980,409,Lourlo,Master,154,99,,240,208
409,summoner-95699530,410,Con sentiment,Master,154,43,,99,41
410,summoner-47212115,411,Tactical,Master,153,93,,248,224
411,summoner-23624997,412,Evop,Master,153,51,,184,125
412,summoner-50493444,413,Coltre,Master,133,165,,98,61
413,summoner-20132258,414,Doublelift,Master,152,78,,142,119
414,summoner-20640052,415,XPsionicsx,Master,151,73,,227,202
415,summoner-56614125,416,ibara2,Master,150,93,,338,300
416,summoner-32178528,417,Weeknd,Master,149,91,,366,344
417,summoner-44946228,418,ˆTwice Sanaˆ,Master,148,95,,146,117
418,summoner-87599515,419,Raverboy,Master,147,111,,256,226
419,summoner-38841069,420,Ikzencriel,Master,146,128,,540,520
420,summoner-21728063,421,tebomb2,Master,145,44,,63,28
421,summoner-70359148,422,Tony Supp,Master,144,75,,216,202
422,summoner-23245665,423,Scrandor,Master,124,122,,590,573
423,summoner-27809820,424,jbraggs,Master,143,133,,489,466
424,summoner-442232,425,aphromoo,Master,143,217,,362,344
425,summoner-48318695,426,nxi,Master,143,69,,175,135
426,summoner-77003254,427,footnote,Master,142,49,,125,71
427,summoner-30107400,428,BlueHole,Master,141,86,,159,90
428,summoner-21189658,429,jakobjames,Master,141,58,,63,37
429,summoner-24391662,430,was good in s6,Master,140,107,,371,349
430,summoner-51075422,431,Hopefulqt,Master,140,96,,236,206
431,summoner-28299232,432,Anderz,Master,139,98,,196,165
432,summoner-50453166,433,Boosted bot,Master,138,224,,1255,1228
433,summoner-45164529,434,KANGSEUNGLOKSFAN,Master,138,80,,167,144
434,summoner-32576527,435,Danwel,Master,137,117,,471,447
435,summoner-78059635,436,MACACO,Master,135,91,,236,206
436,summoner-75281603,437,Catria,Master,151,110,,226,194
437,summoner-23213125,438,mimi styIe,Master,133,114,,83,59
438,summoner-25276169,439,argv,Master,132,102,,282,250
439,summoner-24598046,440,time time time,Master,131,54,,133,99
440,summoner-19725432,441,riste,Master,130,167,,722,693
441,summoner-35400880,442,AxelsFinalFlame,Master,130,66,,139,115
442,summoner-89382678,443,UBCKNIFE,Master,130,46,,134,83
443,summoner-82759189,444,Mar de Copas,Master,129,94,,303,281
444,summoner-90811612,445,TwTv 6ixgodmemes,Master,127,53,,116,64
445,summoner-28840804,446,Dr Saline PhD,Master,125,95,,410,380
446,summoner-30936371,447,Jayms,Master,125,67,,162,149
447,summoner-31687588,448,Freeze,Master,125,60,,99,76
448,summoner-92659418,449,beat saber main,Master,123,45,,116,89
449,summoner-50521814,450,VelIeity,Master,122,119,,442,383
450,summoner-26712726,451,OFFLINETV REJECT,Master,122,61,,212,186
451,summoner-432695,452,Lethal Zedster,Master,121,48,,129,109
452,summoner-51153743,453,Unreal Player,Master,120,49,,197,86
453,summoner-29770257,454,Giraffe Hugs,Master,120,82,,139,116
454,summoner-95729083,455,Known Dicer,Master,120,41,,82,56
455,summoner-22639840,456,Bryanmanlet,Master,119,84,,243,209
456,summoner-39003930,457,어쩌면,Master,118,98,,229,201
457,summoner-46354722,458,Oricorio,Master,118,104,,194,168
458,summoner-49013115,459,DeadlyTwitches,Master,117,119,,179,153
459,summoner-37341012,460,Zykoˉ,Master,116,101,,302,273
460,summoner-77269277,461,it viper,Master,116,100,,284,272
461,summoner-61925463,462,Wixxi,Master,133,95,,190,157
462,summoner-22341069,463,please plan ahea,Master,116,55,,172,135
463,summoner-91729110,464,CG Febiven,Master,115,81,,252,212
464,summoner-21955448,465,Zuardian,Master,114,127,,472,447
465,summoner-45038172,466,Sir Celery,Master,114,104,,188,164
466,summoner-23467785,467,WARMACHINE HYPER,Master,93,214,,700,679
467,summoner-25367460,468,Mnew,Master,112,82,,214,185
468,summoner-19285521,469,ColombiaParce,Master,111,95,,330,307
469,summoner-51473426,470,Repobah,Master,111,165,,301,271
470,summoner-31632622,471,XsYz,Master,111,69,,182,161
471,summoner-91601980,472,llIIllIIlll,Master,111,54,,147,109
472,summoner-25078968,473,TheOddTurtle,Master,109,96,,296,269
473,summoner-31588136,474,CLG Auto,Master,108,100,,452,422
474,summoner-38091945,475,Zenden,Master,92,67,,202,175
475,summoner-24801053,476,gLucy,Master,108,94,,135,111
476,summoner-47647040,477,BestInTown,Master,108,46,,104,64
477,summoner-50185236,478,xFSN Sakura,Master,108,51,,102,72
478,summoner-19887289,479,Imaqtpie,Master,107,172,,838,815
479,summoner-19199530,480,Xpecial,Master,107,88,,198,177
480,summoner-19139093,481,Redmercy,Master,107,68,,182,155
481,summoner-40432671,482,refiningg,Master,107,47,,130,81
482,summoner-30372420,483,Shimatora,Master,106,121,,316,287
483,summoner-20577176,484,ooo la la,Master,106,86,,220,191
484,summoner-37532228,485,byebyee,Master,105,105,,268,234
485,summoner-28329959,486,Zib Nibbler,Master,105,70,,123,95
486,summoner-92659402,487,Yubi,Master,104,39,,63,47
487,summoner-19663548,488,TwTvTastyPotatox,Master,103,73,,233,201
488,summoner-32005448,489,Pros,Master,103,74,,205,178
489,summoner-20611031,490,An Obese Panda,Master,102,99,,139,117
490,summoner-53801673,491,Dziarmaga,Master,100,71,,241,211
491,summoner-63668454,492,Desired Game,Master,100,52,,199,102
492,summoner-21905240,493,I Have Sisu,Master,99,126,,649,625
493,summoner-138243,494,Kimchi the Cat,Master,119,137,,441,411
494,summoner-19594516,495,Tainted By LoL,Master,117,95,,322,294
495,summoner-36512012,496,Body Those Fools,Master,99,92,,147,121
496,summoner-34951738,497,Super Limp Díck,Master,99,67,,126,102
497,summoner-72379811,498,James Jeongˉ,Master,77,74,,273,224
498,summoner-43276966,499,Eric Zhao,Master,97,97,,227,194
499,summoner-28909573,500,tiltmaster123,Master,97,59,,204,172
500,summoner-60930238,501,ImASuperNiceGuy,Master,95,120,,209,182
501,summoner-19976104,502,Kkeptt,Master,95,52,,166,103
502,summoner-22180208,503,Chasing Summer,Master,95,75,,105,87
503,summoner-23941212,504,toez1,Master,94,64,,182,154
504,summoner-24399368,505,KingGeorgie,Master,93,152,,391,366
505,summoner-37278467,506,Cyrano,Master,109,136,,256,230
506,summoner-80301228,507,Godspica,Master,93,69,,166,141
507,summoner-49943354,508,Dekar,Master,93,49,,148,118
508,summoner-40846506,509,Gavotto,Master,93,51,,129,102
509,summoner-86839671,510,Swifte1,Master,93,44,,103,55
510,summoner-20978232,511,ItsYourChoice,Master,111,109,,394,368
511,summoner-51094671,512,Eivu,Master,91,84,,336,308
512,summoner-26785144,513,콘돔꺼내기,Master,91,71,,176,153
513,summoner-22476330,514,Minah,Master,90,95,,236,223
514,summoner-90839081,515,IIllIlIlIlIIIlll,Master,108,73,,223,201
515,summoner-83709100,516,KhaliDino,Master,89,135,,562,532
516,summoner-22192687,517,Gweiss,Master,89,157,,460,445
517,summoner-77729240,518,LohpalIy,Master,89,86,,257,233
518,summoner-38384168,519,SaltwaterScourge,Master,89,105,,238,209
519,summoner-45660180,520,Horseie,Master,89,69,,136,106
520,summoner-35336480,521,Outclass,Master,88,108,,399,378
521,summoner-22304250,522,Hot Ruffles,Master,88,67,,174,124
522,summoner-57539102,523,sesamo,Master,88,68,,136,113
523,summoner-66879182,524,Dilena Dimitrova,Master,87,106,,340,312
524,summoner-67709962,525,LostFizz,Master,87,129,,292,244
525,summoner-35702501,526,cokes,Master,87,99,,273,246
526,summoner-90342456,527,Tyto alba alba,Master,87,65,,187,141
527,summoner-34042136,528,Sayonaraaaaa,Master,86,59,,151,128
528,summoner-27282584,529,KOGMAWWWWW,Master,84,103,,473,447
529,summoner-29593986,530,Èssence,Master,84,115,,405,381
530,summoner-32004867,531,Alexandtheo,Master,84,77,,132,107
531,summoner-55815684,532,Deweyyy,Master,84,130,,113,80
532,summoner-71661569,533,Spin,Master,83,169,,247,216
533,summoner-76920234,534,Comminatory,Master,83,48,,67,32
534,summoner-23702362,535,xRequiem,Master,80,87,,200,176
535,summoner-20001980,536,BenjiStax,Master,77,65,,208,182
536,summoner-27291302,537,Twtv Hanjarolol,Master,75,174,,823,796
537,summoner-53339424,538,MeIo,Master,75,98,,305,251
538,summoner-90593491,539,Carthage,Master,75,67,,190,160
539,summoner-54845887,540,kyroo1,Master,75,108,,173,144
540,summoner-75209208,541,Purrple Socks,Master,72,101,,369,340
541,summoner-23769101,542,Wazabiee,Master,72,96,,310,281
542,summoner-19979141,543,Was Fun,Master,72,82,,193,167
543,summoner-35095512,544,Enrique5pe,Master,71,77,,249,215
544,summoner-92949232,545,L 5 22 9,Master,69,92,,483,420
545,summoner-47442009,546,OvO Memes,Master,68,115,,337,320
546,summoner-28948871,547,Fun Carnage,Master,68,86,,237,216
547,summoner-36776514,548,Reza Y Dispara,Master,68,50,,146,90
548,summoner-46560088,549,DeDrater,Master,68,52,,145,107
549,summoner-23890102,550,YoItsK,Master,85,139,,455,425
550,summoner-48443712,551,ChaosRain,Master,65,130,,479,452
551,summoner-91655533,552,chicken and rice,Master,64,49,,145,83
552,summoner-34983603,553,Licorice,Master,64,69,,79,59
553,summoner-20220845,554,Nikkone,Master,62,95,,208,192
554,summoner-51046657,555,freyhacks,Master,62,68,,176,138
555,summoner-48211258,556,Spºoky,Master,62,91,,126,102
556,summoner-20312461,557,Felfire,Master,61,109,,362,337
557,summoner-36447212,558,AsianSGpotato,Master,61,122,,107,85
558,summoner-34961913,559,Dark Nostalgicee,Master,60,82,,343,306
559,summoner-77191631,560,Kítzuo,Master,60,99,,334,296
560,summoner-45520517,561,ioki,Master,60,100,,256,221
561,summoner-75169835,562,Prødigious,Master,60,55,,161,123
562,summoner-49089505,563,Solitified,Master,95,147,,375,324
563,summoner-44116382,564,7500dollar,Master,58,73,,264,189
564,summoner-23414336,565,Went,Master,58,50,,139,93
565,summoner-37370762,566,Im Avi,Master,58,43,,105,50
566,summoner-78430986,567,Tony Mid,Master,57,73,,314,264
567,summoner-41989378,568,Lx1angTNT,Master,57,52,,122,96
568,summoner-19617276,569,OPW,Master,57,57,,114,94
569,summoner-20794181,570,vStarzzz,Master,56,120,,483,460
570,summoner-28454336,571,DarkX,Master,56,134,,470,445
571,summoner-85339564,572,JB hai,Master,56,97,,179,149
572,summoner-78670850,573,twtv Lohpally,Master,55,86,,286,261
573,summoner-19806051,574,Str1fe,Master,55,89,,182,166
574,summoner-30709643,575,Jazzawhitz,Master,54,55,,110,79
575,summoner-81859355,576,pandapants363,Master,54,41,,95,46
576,summoner-21390175,577,Branch of Fate,Master,52,110,,431,396
577,summoner-41643804,578,Vakin,Master,52,133,,366,345
578,summoner-37145047,579,Gli,Master,52,108,,225,204
579,summoner-50247046,580,nadox,Master,51,89,,509,448
580,summoner-35778585,581,Nimdle,Master,51,82,,185,160
581,summoner-29317015,582,cheisu,Master,51,64,,107,83
582,summoner-35122558,583,ChaseShaco,Master,50,61,,152,124
583,summoner-65821215,584,i will make it,Master,30,64,,143,114
584,summoner-22742359,585,Magi1234,Master,50,92,,108,89
585,summoner-38334154,586,Shmekek,Master,49,100,,203,174
586,summoner-47066009,587,ądc,Master,49,94,,199,163
587,summoner-48556616,588,DLQQ  418640110,Master,49,58,,97,67
588,summoner-20350623,589,Guess da number,Master,63,94,,300,276
589,summoner-43774722,590,Nathaniel Mcgee,Master,48,109,,277,249
590,summoner-19267108,591,Panunu,Master,46,90,,185,161
591,summoner-50759303,592,IWCrackinate,Master,46,55,,122,97
592,summoner-92009905,593,show us de way,Master,44,50,,123,68
593,summoner-32016710,594,Noobkiller291,Master,42,112,,276,260
594,summoner-83262877,595,SkinnierJGWins,Master,42,61,,194,176
595,summoner-30184991,596,Big Daddy Ed,Master,23,121,,664,634
596,summoner-45101564,597,dmario7,Master,41,88,,453,429
597,summoner-85640077,598,LeEpicMemerino,Master,41,97,,271,249
598,summoner-30314638,599,DarkWingsForSale,Master,41,82,,175,154
599,summoner-23887566,600,CookiesforSanta,Master,41,86,,102,77
600,summoner-325903,601,Aglow,Master,39,93,,205,179
601,summoner-22129599,602,pick lulu or int,Master,39,40,,92,43
602,summoner-32355,603,AquaBlue,Master,23,110,,387,364
603,summoner-30575166,604,Locke Lamora,Master,38,133,,315,293
604,summoner-27931416,605,PDS Zelt,Master,38,89,,286,271
605,summoner-19599117,606,Bes,Master,38,106,,228,206
606,summoner-46385711,607,Treysh,Master,38,98,,177,157
607,summoner-80670380,608,Týler,Master,38,146,,166,140
608,summoner-19758519,609,MU Wolfe,Master,37,85,,193,171
609,summoner-76912916,610,Rose Queen,Master,36,125,,335,294
610,summoner-88059115,611,eGirl cosplay,Master,36,47,,135,98
611,summoner-23157360,612,PhillyFan,Master,50,111,,224,204
612,summoner-21456134,613,say bye,Master,35,93,,75,55
613,summoner-19979867,614,boom u dead,Master,34,87,,155,121
614,summoner-89259289,615,Bobbyˉ,Master,34,125,,103,75
615,summoner-34225884,616,Blazed Nova,Master,33,121,,353,325
616,summoner-19537654,617,DEMIGOD,Master,33,126,,283,212
617,summoner-91749086,618,fear guilt greed,Master,33,64,,172,150
618,summoner-67119126,619,BrownManDarius 2,Master,32,110,,459,421
619,summoner-43631740,620,Agent Frost,Master,32,203,,372,336
620,summoner-90610341,621,only a feeling,Master,32,48,,108,75
621,summoner-45668239,622,KillerUnit,Master,31,136,,453,436
622,summoner-22178565,623,Swoofyy,Master,16,90,,372,336
623,summoner-32627897,624,Potty,Master,31,112,,315,282
624,summoner-29653038,625,Winfield,Master,31,96,,153,132
625,summoner-50983694,626,OpenBaepack,Master,31,60,,124,92
626,summoner-92273259,627,mid 3,Master,28,93,,493,441
627,summoner-60745150,628,InvladName,Master,28,141,,428,409
628,summoner-21343018,629,kek pepe,Master,28,87,,284,257
629,summoner-40758939,630,Dgkano,Master,28,104,,231,207
630,summoner-77350765,631,Zentinel,Master,28,60,,88,63
631,summoner-23855467,632,Shorthop,Master,27,112,,284,250
632,summoner-24292975,633,CHOKE ME 002,Master,27,78,,268,218
633,summoner-19804632,634,Forest Within,Master,26,84,,439,365
634,summoner-22922261,635,yak0,Master,26,60,,107,86
635,summoner-76019310,636,Bulgarian Legend,Master,26,43,,103,68
636,summoner-49660821,637,Ducks Of Swag,Master,25,108,,272,245
637,summoner-89060974,638,uninspired tool,Master,25,47,,86,57
638,summoner-28879653,639,Fiddle Jungle,Master,23,85,,224,198
639,summoner-35570736,640,camtheham,Master,23,72,,157,130
640,summoner-64793095,641,Ttv fwiizone,Master,23,50,,45,14
641,summoner-21289125,642,Łast Hit,Master,22,101,,136,110
642,summoner-20414291,643,Protòtype,Master,21,163,,842,798
643,summoner-40661961,644,The Tank Man,Master,21,99,,339,309
644,summoner-74699197,645,Myn Dosa,Master,20,148,,653,631
645,summoner-19068435,646,Midorima,Master,20,131,,500,481
646,summoner-24724018,647,Willie fkn P,Master,20,79,,400,355
647,summoner-78650221,648,GIVE ZWAG MID,Master,20,68,,231,189
648,summoner-37827053,649,KiNG Nidhogg,Master,20,84,,188,165
649,summoner-20755388,650,TFW Shupian,Master,20,70,,128,90
650,summoner-19661419,651,HoloLO2,Master,20,44,,89,44
651,summoner-34563833,652,Clasiik,Master,19,125,,406,380
652,summoner-31925096,653,OSTRlCH,Master,19,101,,247,214
653,summoner-22220672,654,RiceLegend,Master,18,72,,236,212
654,summoner-39642481,655,Beyoutiful,Master,18,130,,154,134
655,summoner-20131827,656,Frostalicious,Master,18,60,,80,60
656,summoner-19673077,657,Yoshi,Master,0,98,,317,299
657,summoner-67872603,658,Kailhua,Master,17,81,,161,135
658,summoner-50208688,659,TC porsche,Master,17,104,,109,70
659,summoner-20400026,660,Tèmpo,Master,16,103,,391,364
660,summoner-21705406,661,Link,Master,16,57,,130,104
661,summoner-31440065,662,PRoHAppyCAmper,Master,15,77,,223,194
662,summoner-25599243,663,WsT Goxtry,Master,15,69,,139,123
663,summoner-91647488,664,LL Justice,Master,14,66,,205,155
664,summoner-88702082,665,IlllIlIIIIII,Master,14,57,,151,129
665,summoner-58608963,666,My First Love,Master,13,121,,155,131
666,summoner-75169605,667,twitchtv Eoba,Master,13,58,,134,98
667,summoner-36761613,668,walang elo,Master,0,89,,266,249
668,summoner-35422510,669,The Kinjaz,Master,12,143,,140,102
669,summoner-50576811,670,its ok to be sad,Master,12,49,,82,58
670,summoner-265174,671,Thien Chau1,Master,11,79,,298,272
671,summoner-46702979,672,Redrouger,Master,9,130,,459,414
672,summoner-34109087,673,Rem,Master,9,83,,194,173
673,summoner-43083155,674,Meals,Master,8,85,,112,84
674,summoner-45795786,675,Veiv,Master,7,138,,481,452
675,summoner-19353105,676,Rekeri,Master,24,80,,228,203
676,summoner-94849180,677,Ryleo,Master,6,49,,146,90
677,summoner-67089674,678,DLQQ 459680082,Master,6,48,,117,84
678,summoner-27476501,679,Joju,Master,4,135,,453,437
679,summoner-91959940,680,Thats Not Fervor,Master,4,69,,177,123
680,summoner-30453138,681,topsologg,Master,3,124,,390,368
681,summoner-34865135,682,Tadae,Master,23,91,,254,219
682,summoner-59991269,683,Neko Nico Nii,Master,0,63,,213,175
683,summoner-41213210,684,DrewDozer,Master,1,115,,314,275
684,summoner-50731308,685,ShrektangIe,Master,1,97,,234,203
685,summoner-21629269,686,Beny,Master,1,60,,140,115
686,summoner-53310208,687,JUYOUSO,Master,0,196,,1094,1026
687,summoner-89259101,688,SON OF KILLY,Master,0,115,,557,533
688,summoner-87230278,689,Not2Clean,Master,0,142,,534,518
689,summoner-25328716,690,W0RK HARDER,Master,0,104,,435,418
690,summoner-39833053,691,Chase Kip,Master,0,139,,391,366
691,summoner-21332662,692,Masterý,Master,0,139,,389,361
692,summoner-24762213,693,Devolve,Master,0,127,,379,325
693,summoner-20813251,694,Moelester Squad,Master,0,110,,373,357
694,summoner-23679160,695,Barry Buggles,Master,0,127,,356,322
695,summoner-32360751,696,Frostynomad,Master,0,93,,355,337
696,summoner-40242205,697,Shalissa,Master,0,105,,354,324
697,summoner-37091701,698,sad idiot loser,Master,0,163,,350,328
698,summoner-27664334,699,Rëol,Master,0,100,,330,306
699,summoner-20510650,700,oO Scorpz Oo,Master,0,96,,330,301
700,summoner-25354620,701,Do u kno da whey,Master,0,77,,307,282
701,summoner-47547430,702,CallMeExiled,Master,0,96,,284,259
702,summoner-42239629,703,NoticedMeSenpai,Master,0,111,,283,260
703,summoner-60181263,704,MaRiTiMuS,Master,0,108,,282,258
704,summoner-35293242,705,Paratendo,Master,0,114,,279,254
705,summoner-31233054,706,THE Jons,Master,0,90,,271,249
706,summoner-76463232,707,CLG Ravey,Master,0,72,,252,229
707,summoner-24705131,708,August 12,Master,0,68,,249,223
708,summoner-20032190,709,VanillaHomocide,Master,0,136,,245,220
709,summoner-40036262,710,TF Blade,Master,0,73,,244,185
710,summoner-20886395,711,BeNice2EachOther,Master,0,97,,243,215
711,summoner-53152792,712,The Crab Hunter,Master,0,104,,243,216
712,summoner-38089165,713,SETNAVREC,Master,0,100,,235,213
713,summoner-28640868,714,PandaSean,Master,0,84,,224,183
714,summoner-20832166,715,Chubymonkey,Master,0,78,,217,194
715,summoner-91969888,716,I Cook You Pay,Master,0,71,,209,152
716,summoner-66423914,717,IceCreamPaintJob,Master,0,115,,206,179
717,summoner-21214027,718,Shawner,Master,0,111,,206,187
718,summoner-26786246,719,Dawn Bréak,Master,0,72,,199,171
719,summoner-47772583,720,A Noisy Aunt,Master,0,93,,192,159
720,summoner-37475736,721,WickedWazer,Master,0,74,,184,148
721,summoner-35219566,722,Inteare hasta D5,Master,0,63,,182,168
722,summoner-46123641,723,Quinn Adc,Master,0,74,,176,148
723,summoner-48310516,724,Pyeong Chang,Master,0,74,,174,145
724,summoner-89039212,725,Internecinus,Master,0,232,,174,129
725,summoner-31291239,726,Akeelo,Master,0,67,,164,136
726,summoner-92539882,727,Kaisa player1,Master,0,48,,149,92
727,summoner-21701239,728,bobqinXD,Master,0,58,,138,116
728,summoner-39480396,729,A Ganker,Master,0,82,,138,111
729,summoner-34665452,730,Tomoebi,Master,0,106,,132,106
730,summoner-23450268,731,GTL,Master,0,72,,126,88
731,summoner-81041277,732,Myth of Bulgaria,Master,0,46,,121,82
732,summoner-76939686,733,bão zi,Master,0,124,,119,78
733,summoner-42762376,734,peaceminusøne,Master,0,64,,119,77
734,summoner-39630512,735,davidroo,Master,0,78,,119,99
735,summoner-93269098,736,decentplayer53,Master,0,46,,118,87
736,summoner-35798660,737,Plabatey,Master,0,90,,118,96
737,summoner-45000894,738,k2c,Master,0,57,,116,96
738,summoner-40017716,739,Choisix,Master,0,58,,116,86
739,summoner-85191060,740,d0g man,Master,0,43,,115,65
740,summoner-85660385,741,mental boomin,Master,0,45,,113,84
741,summoner-375919,742,toez,Master,0,53,,108,92
742,summoner-25885129,743,Dinosaurus,Master,0,73,,95,72
743,summoner-44512813,744,Nickchiponfire,Master,0,125,,91,63
744,summoner-21957142,745,dog2 mf,Master,0,41,,81,51
745,summoner-564332,746,wow nice meta,Master,0,40,,76,35
746,summoner-26204099,747,DeadSockGuy,Master,0,35,,61,16
747,summoner-52081339,748,SLappY NasTy,Master,0,35,,61,16
748,summoner-44989337,749,C9 Gun,Master,0,41,,47,19
749,summoner-79940819,750,ps 01,Diamond 1,100,102,,489,468
750,summoner-25312572,751,a Pokeball,Diamond 1,100,131,,474,449
751,summoner-29602532,752,CoreTienZ,Diamond 1,100,109,,337,319
752,summoner-47812413,753,WatermelonWombat,Diamond 1,100,90,,313,244
753,summoner-37801989,754,Celentia,Diamond 1,100,91,,302,277
754,summoner-23702061,755,Mikhail Tal,Diamond 1,100,96,,299,261
755,summoner-21998704,756,Birds cant fly,Diamond 1,100,102,,294,270
756,summoner-20262759,757,Enryoo,Diamond 1,100,88,,285,256
757,summoner-20139406,758,Marshed,Diamond 1,100,142,,282,257
758,summoner-19161840,759,Arthin,Diamond 1,100,143,,269,247
759,summoner-43235320,760,Rocket Rhino,Diamond 1,100,117,,257,236
760,summoner-58272296,761,Ari Why,Diamond 1,100,121,,231,210
761,summoner-30831157,762,SGP Crustaoy,Diamond 1,100,100,,229,204
762,summoner-50791128,763,Zahnet,Diamond 1,100,99,,213,188
763,summoner-22079480,764,Boyfriend,Diamond 1,100,76,,201,185
764,summoner-25117400,765,Kiryu Moeka,Diamond 1,100,73,,167,125
765,summoner-50371119,766,King Taric,Diamond 1,100,97,,159,137
766,summoner-29535209,767,A Good Sir,Diamond 1,100,80,,146,123
767,summoner-19969614,768,ExecutionerK,Diamond 1,100,58,,140,119
768,summoner-34603011,769,Aavhin,Diamond 1,100,98,,138,111
769,summoner-68469260,770,B0dydrop,Diamond 1,100,57,,103,72
770,summoner-19128116,771,yade or yade,Diamond 1,100,63,,101,80
771,summoner-24982864,772,S8 TOP 3 LCS ADC,Diamond 1,100,56,,99,69
772,summoner-47564545,773,North KR Veigar,Diamond 1,100,44,,86,49
773,summoner-34753465,774,Ayukura,Diamond 1,100,48,,78,57
774,summoner-20678849,775,I onIy Top,Diamond 1,100,65,,75,56
775,summoner-48991794,776,Jas,Diamond 1,100,45,,75,49
776,summoner-95139141,777,eydflt,Diamond 1,100,39,,71,46
777,summoner-19882392,778,Itsfwii,Diamond 1,100,45,,66,39
778,summoner-27726049,779,Methazine,Diamond 1,100,37,,60,16
779,summoner-536071,780,StarWhale,Diamond 1,100,40,,54,24
780,summoner-38384984,781,Ez Tangerine,Diamond 1,99,79,,248,215
781,summoner-141846,782,illlllliiiiiiii,Diamond 1,98,52,,190,140
782,summoner-100311,783,US Economy,Diamond 1,100,73,,107,72
783,summoner-22394277,784,Quy Dep Trai,Diamond 1,97,107,,422,394
784,summoner-32319695,785,Äye,Diamond 1,97,68,,161,42
785,summoner-20142680,786,freelancer,Diamond 1,97,53,,141,122
786,summoner-81859385,787,Ineedtogetbetter,Diamond 1,97,66,,132,111
787,summoner-20203681,788,JoopsaKid,Diamond 1,97,68,,130,105
788,summoner-37931849,789,Columbia College,Diamond 1,100,63,,113,90
789,summoner-47189094,790,Aconda,Diamond 1,97,83,,66,44
790,summoner-20227573,791,BukZacH,Diamond 1,95,97,,371,357
791,summoner-38911306,792,NotBaka,Diamond 1,95,90,,292,270
792,summoner-19592869,793,zhúang,Diamond 1,95,70,,143,125
793,summoner-23556001,794,PandaBaozi,Diamond 1,95,72,,135,114
794,summoner-19453586,795,Im so nusty,Diamond 1,95,62,,130,104
795,summoner-64972786,796,Day 31,Diamond 1,94,99,,271,241
796,summoner-20602165,797,Lets Win This,Diamond 1,94,73,,95,72
797,summoner-34057485,798,Routé,Diamond 1,94,73,,58,42
798,summoner-34469363,799,forever muted,Diamond 1,93,139,,573,554
799,summoner-83077100,800,Šmurƒ,Diamond 1,93,71,,140,124
800,summoner-64825900,801,wet noodIe fight,Diamond 1,93,44,,78,57
801,summoner-38256280,802,Lets Not Give Up,Diamond 1,92,64,,288,229
802,summoner-92329083,803,StrongHuni,Diamond 1,92,53,,149,112
803,summoner-90331209,804,La Voix Junior,Diamond 1,92,66,,137,96
804,summoner-21645177,805,Ricominciare,Diamond 1,92,50,,90,51
805,summoner-30563611,806,Chou Tzuyuu,Diamond 1,91,164,,327,313
806,summoner-19838545,807,Moontail,Diamond 1,91,59,,183,142
807,summoner-24879976,808,iNerto,Diamond 1,90,87,,426,363
808,summoner-20037104,809,ShizzleD94,Diamond 1,90,76,,298,273
809,summoner-21623482,810,raroraro,Diamond 1,90,102,,248,215
810,summoner-20024227,811,Romanium,Diamond 1,90,94,,238,220
811,summoner-76602920,812,Snackbar123,Diamond 1,90,78,,210,187
812,summoner-446965,813,Ablazeolive,Diamond 1,90,72,,194,166
813,summoner-89579226,814,Zarashii,Diamond 1,90,81,,148,110
814,summoner-93659469,815,cofﬁn,Diamond 1,90,54,,145,106
815,summoner-37356075,816,mac diller,Diamond 1,90,69,,131,105
816,summoner-43197599,817,Sharp and Cold,Diamond 1,90,46,,124,66
817,summoner-20785373,818,top lane eboy,Diamond 1,90,56,,112,87
818,summoner-75949134,819,go barpo,Diamond 1,90,48,,112,80
819,summoner-40938801,820,ioan,Diamond 1,90,93,,103,89
820,summoner-39028853,821,Kaipop,Diamond 1,90,71,,91,62
821,summoner-22190336,822,Zenoncas,Diamond 1,90,59,,89,68
822,summoner-32459532,823,Cárpe Diem,Diamond 1,90,60,,83,69
823,summoner-34771983,824,Diivinity,Diamond 1,90,48,,78,58
824,summoner-95190847,825,Rist,Diamond 1,90,37,,77,34
825,summoner-460518,826,Holy Serenity,Diamond 1,90,51,,72,49
826,summoner-65239176,827,Sejanus,Diamond 1,90,67,,45,20
827,summoner-32423195,828,JUST A LEGEND123,Diamond 1,89,85,,240,217
828,summoner-19761072,829,Xmithie,Diamond 1,89,70,,110,91
829,summoner-93731193,830,NILES 1V9,Diamond 1,89,43,,100,52
830,summoner-64199965,831,Youuuuuuuuuuuuu,Diamond 1,89,66,,86,60
831,summoner-21295651,832,Papìllon,Diamond 1,88,101,,445,425
832,summoner-19184070,833,Dmace,Diamond 1,88,71,,244,218
833,summoner-20078427,834,rank1 is jamals,Diamond 1,88,55,,198,162
834,summoner-25880450,835,Dreamland,Diamond 1,88,81,,166,138
835,summoner-21938181,836,NotJamesDing,Diamond 1,88,58,,134,102
836,summoner-37832463,837,Eitori,Diamond 1,88,66,,134,113
837,summoner-30622607,838,Z9 Bánh Tiêu,Diamond 1,88,103,,111,92
838,summoner-49389151,839,Bíshop,Diamond 1,87,114,,401,357
839,summoner-20429469,840,Adrian Riven,Diamond 1,87,112,,355,323
840,summoner-23202624,841,METAL CHOCOB0,Diamond 1,87,86,,236,208
841,summoner-46316160,842,yandere suzy,Diamond 1,87,65,,225,199
842,summoner-54719803,843,luckylark,Diamond 1,87,40,,95,55
843,summoner-21451895,844,Namê,Diamond 1,86,141,,534,514
844,summoner-53026797,845,Jayton,Diamond 1,86,144,,478,458
845,summoner-20713021,846,Kaizer Morde,Diamond 1,86,103,,262,228
846,summoner-38886417,847,DuskDust,Diamond 1,86,88,,237,217
847,summoner-39181040,848,DorkLS,Diamond 1,86,96,,163,141
848,summoner-94189199,849,pu capable,Diamond 1,85,79,,362,341
849,summoner-21836856,850,xFSN Rin,Diamond 1,85,72,,201,184
850,summoner-53094540,851,Notzu,Diamond 1,85,145,,179,159
851,summoner-92979098,852,iam THATT,Diamond 1,85,35,,50,26
852,summoner-35368931,853,2K games jungler,Diamond 1,84,177,,1062,1027
853,summoner-19723788,854,Mozzyy,Diamond 1,84,109,,360,336
854,summoner-52282689,855,Çhançe,Diamond 1,84,114,,294,250
855,summoner-45486965,856,Invade at lvl18,Diamond 1,84,74,,232,171
856,summoner-20559843,857,Tol Ko Russkiy,Diamond 1,84,111,,223,190
857,summoner-42172450,858,Williammm,Diamond 1,84,90,,129,110
858,summoner-78593412,859,MelonMan32,Diamond 1,84,48,,121,85
859,summoner-37327350,860,Bryce Walker,Diamond 1,84,43,,119,66
860,summoner-23296106,861,Recommisioner,Diamond 1,84,51,,94,68
861,summoner-21429782,862,Exchangé,Diamond 1,83,143,,522,507
862,summoner-168921,863,sakurafloret,Diamond 1,83,47,,117,75
863,summoner-91633366,864,RF Legendaddy,Diamond 1,82,57,,146,115
864,summoner-39996814,865,Grande Donger,Diamond 1,81,100,,387,370
865,summoner-43259524,866,Kzykendy,Diamond 1,81,98,,246,223
866,summoner-90143499,867,Optimal gameplay,Diamond 1,81,83,,230,168
867,summoner-47219230,868,Hi im Trixter,Diamond 1,80,96,,344,323
868,summoner-69669605,869,VCc,Diamond 1,80,133,,295,260
869,summoner-38855444,870,Rahman Noodles,Diamond 1,80,79,,196,177
870,summoner-67019274,871,o Cero o,Diamond 1,80,67,,138,112
871,summoner-41668518,872,Erick Dota,Diamond 1,79,182,,808,782
872,summoner-76190053,873,Muting You,Diamond 1,79,117,,99,66
873,summoner-72905368,874,Heisendongg,Diamond 1,79,45,,47,25
874,summoner-34243185,875,Volt,Diamond 1,78,121,,103,59
875,summoner-90812124,876,Hmmmmmmmmmmmmmm,Diamond 1,77,90,,383,327
876,summoner-24980187,877,Crynopsa,Diamond 1,77,117,,143,114
877,summoner-28501854,878,Shmeeblez,Diamond 1,77,63,,121,101
878,summoner-57472209,879,Ravimon,Diamond 1,76,97,,351,314
879,summoner-19263738,880,oMizu,Diamond 1,76,86,,182,164
880,summoner-21861110,881,TyÌer,Diamond 1,76,76,,120,94
881,summoner-32381672,882,Måra,Diamond 1,76,120,,117,93
882,summoner-88490180,883,Sophist Ságe,Diamond 1,75,124,,717,679
883,summoner-22328535,884,PrabhablyShaco,Diamond 1,75,118,,477,450
884,summoner-50668976,885,WhyzEStealZ,Diamond 1,75,91,,422,389
885,summoner-93269119,886,DIRTY B0Y,Diamond 1,75,87,,399,383
886,summoner-23480550,887,Yammy,Diamond 1,75,116,,343,320
887,summoner-36388055,888,Curtains,Diamond 1,75,108,,331,317
888,summoner-72409957,889,Galalalalalalala,Diamond 1,75,87,,302,264
889,summoner-19259932,890,Geranimo,Diamond 1,75,89,,280,250
890,summoner-20202108,891,CLA Tuesday,Diamond 1,75,72,,274,270
891,summoner-28725693,892,Based Yoona,Diamond 1,58,91,,274,266
892,summoner-74673,893,NintendudeX,Diamond 1,75,72,,270,250
893,summoner-50877721,894,Doubtfull,Diamond 1,75,81,,262,230
894,summoner-66659941,895,From Zero,Diamond 1,75,74,,261,225
895,summoner-35129076,896,Failattempts,Diamond 1,75,110,,238,111
896,summoner-90043610,897,Bebop Robopop,Diamond 1,75,66,,230,170
897,summoner-93529573,898,midIane hokage,Diamond 1,75,59,,218,154
898,summoner-48361472,899,awestruck,Diamond 1,75,69,,218,186
899,summoner-65999120,900,MOKKORI,Diamond 1,75,69,,215,176
900,summoner-58613779,901,Organ,Diamond 1,75,71,,206,186
901,summoner-24853635,902,unfail,Diamond 1,75,79,,205,174
902,summoner-24777351,903,LMQ tc Mor,Diamond 1,75,93,,205,171
903,summoner-77549273,904,Top 1 Percent,Diamond 1,75,61,,203,157
904,summoner-26051120,905,Modx,Diamond 1,75,70,,202,177
905,summoner-22870365,906,Kékvin,Diamond 1,75,88,,195,164
906,summoner-72411076,907,Kobe Brýant,Diamond 1,75,70,,188,168
907,summoner-30972130,908,Yamikaze,Diamond 1,75,92,,175,137
908,summoner-79249642,909,pls notice me,Diamond 1,75,59,,174,131
909,summoner-20056332,910,Lerky,Diamond 1,75,81,,173,134
910,summoner-35415473,911,Yamíkaze,Diamond 1,75,61,,166,130
911,summoner-90391509,912,KING GEEDØRAH,Diamond 1,75,53,,156,120
912,summoner-49159160,913,Søren Bjerg,Diamond 1,75,63,,153,119
913,summoner-92659419,914,Spaghettibud9,Diamond 1,75,48,,148,118
914,summoner-68603405,915,Keegun,Diamond 1,75,52,,147,129
915,summoner-40272268,916,cackgod,Diamond 1,75,52,,144,118
916,summoner-56901374,917,YIlIlIlIlI,Diamond 1,75,63,,135,92
917,summoner-19224197,918,Sothis,Diamond 1,75,48,,135,100
918,summoner-76379684,919,MØNG GUU,Diamond 1,75,57,,134,112
919,summoner-60100307,920,The Sõul,Diamond 1,75,188,,122,69
920,summoner-19689584,921,TCLB Zaıven,Diamond 1,75,44,,118,65
921,summoner-22014010,922,Manifest,Diamond 1,75,55,,113,86
922,summoner-20909540,923,Susskind,Diamond 1,75,111,,112,91
923,summoner-292926,924,Super Metroid,Diamond 1,75,46,,110,88
924,summoner-87639506,925,LOLOLOLOLOL,Diamond 1,75,49,,110,84
925,summoner-23479635,926,NoahMost,Diamond 1,75,78,,107,80
926,summoner-87002706,927,Zheng Jiale,Diamond 1,75,64,,104,64
927,summoner-20598223,928,EloDaddy 5foot6,Diamond 1,75,86,,104,74
928,summoner-90033335,929,Chody,Diamond 1,75,42,,103,53
929,summoner-83280766,930,Ogilos,Diamond 1,75,52,,100,67
930,summoner-94912080,931,Makou,Diamond 1,75,41,,96,46
931,summoner-70200582,932,Töxic Player,Diamond 1,75,95,,94,44
932,summoner-48031860,933,GeneralChiefy,Diamond 1,75,51,,92,72
933,summoner-56497084,934,FrostForest,Diamond 1,75,89,,89,72
934,summoner-89241712,935,AR suppressor,Diamond 1,75,51,,89,60
935,summoner-41212309,936,Ineffabilis,Diamond 1,75,43,,84,43
936,summoner-24741016,937,L9B,Diamond 1,75,40,,84,45
937,summoner-94869407,938,TacticalBaconz,Diamond 1,75,41,,79,35
938,summoner-93630935,939,Wanhëda,Diamond 1,75,41,,68,28
939,summoner-38777079,940,Camp Out,Diamond 1,75,99,,67,49
940,summoner-95439135,941,IIIIlllIIllI,Diamond 1,75,38,,65,44
941,summoner-22277779,942,G U CK F O S U,Diamond 1,75,39,,64,28
942,summoner-46239231,943,Hyorimaru,Diamond 1,75,47,,64,36
943,summoner-22325691,944,Yotsume,Diamond 1,75,39,,63,36
944,summoner-19647481,945,Rathma,Diamond 1,75,68,,61,34
945,summoner-24390734,946,yrots das,Diamond 1,75,47,,60,36
946,summoner-21207070,947,Oh Nowen,Diamond 1,74,107,,273,229
947,summoner-44141261,948,eddy363,Diamond 1,74,93,,167,140
948,summoner-35530571,949,Must be níce,Diamond 1,74,86,,54,37
949,summoner-33371203,950,gulayy,Diamond 1,73,125,,291,276
950,summoner-38780657,951,Freeverse,Diamond 1,73,94,,186,165
951,summoner-25851366,952,Arbez,Diamond 1,73,84,,177,151
952,summoner-50392032,953,Requital,Diamond 1,73,62,,137,113
953,summoner-27798233,954,Just Jayce,Diamond 1,72,66,,176,150
954,summoner-32701496,955,Emphasis,Diamond 1,72,74,,155,127
955,summoner-57029179,956,HotGuy6Pack,Diamond 1,72,51,,148,103
956,summoner-22039396,957,Marko Mid,Diamond 1,72,120,,147,128
957,summoner-39877990,958,LoNeLy Noo,Diamond 1,72,94,,141,121
958,summoner-24550000,959,TherapyTrance,Diamond 1,72,54,,140,118
959,summoner-38862851,960,ClamSparkle,Diamond 1,72,58,,117,92
960,summoner-34469182,961,nbzoJ98LeiA,Diamond 1,72,56,,100,77
961,summoner-30987150,962,WakaWakaMF,Diamond 1,72,69,,100,80
962,summoner-39760302,963,CoolE,Diamond 1,71,112,,344,325
963,summoner-44076143,964,Aetherax,Diamond 1,71,120,,258,232
964,summoner-81051962,965,roguebunny0,Diamond 1,71,116,,239,189
965,summoner-51289083,966,Babylola,Diamond 1,71,80,,233,213
966,summoner-29439365,967,Hitman Reborn,Diamond 1,71,94,,204,187
967,summoner-51580106,968,1Self,Diamond 1,71,65,,185,157
968,summoner-26379781,969,Sonny2o9,Diamond 1,71,90,,116,98
969,summoner-32506961,970,COVER ME NOW,Diamond 1,70,127,,512,497
970,summoner-26817450,971,JohnathanForLong,Diamond 1,36,92,,307,293
971,summoner-58421117,972,Shroudedd,Diamond 1,70,69,,170,157
972,summoner-30099707,973,Kuderic,Diamond 1,70,82,,121,91
973,summoner-32929410,974,Lord Zxyc,Diamond 1,70,105,,116,95
974,summoner-68110234,975,ZADDY K THE THUG,Diamond 1,70,57,,108,84
975,summoner-20082683,976,Quantum Fizzics,Diamond 1,70,49,,95,79
976,summoner-24588334,977,Venusaur,Diamond 1,70,74,,61,43
977,summoner-68779112,978,tubby boy,Diamond 1,69,114,,164,142
978,summoner-54963047,979,I Keep It Taco,Diamond 1,69,92,,102,86
979,summoner-39853661,980,diablo hf,Diamond 1,69,37,,71,30
980,summoner-59189004,981,Śhady,Diamond 1,85,129,,501,484
981,summoner-20420483,982,ecco,Diamond 1,68,123,,365,351
982,summoner-60720984,983,Yîkês,Diamond 1,68,106,,259,182
983,summoner-88069178,984,Sense2lol TwTV,Diamond 1,68,69,,208,188
984,summoner-5908,985,Dyrus,Diamond 1,68,74,,156,133
985,summoner-21399577,986,Tentacool,Diamond 1,68,56,,156,139
986,summoner-35021554,987,Yuki Bunny,Diamond 1,68,126,,84,65
987,summoner-64980118,988,Seppuku Soon,Diamond 1,67,74,,333,307
988,summoner-22426834,989,Uiaso,Diamond 1,67,95,,237,210
989,summoner-31644236,990,Hyz,Diamond 1,67,78,,226,209
990,summoner-59549889,991,TCLB Emperor,Diamond 1,67,46,,148,65
991,summoner-88379903,992,RNG Nebee,Diamond 1,89,64,,142,112
992,summoner-25888946,993,Galalalalalala,Diamond 1,67,67,,131,95
993,summoner-29174723,994,Maritzol,Diamond 1,67,87,,85,60
994,summoner-60269974,995,Locs,Diamond 1,67,94,,74,52
995,summoner-19812679,996,Lava,Diamond 1,66,130,,440,441
996,summoner-66331512,997,jtao143554,Diamond 1,66,108,,365,294
997,summoner-22867854,998,USMC 0311,Diamond 1,66,116,,331,306
998,summoner-92659336,999,makedpgreatagain,Diamond 1,66,74,,280,253
999,summoner-30307001,1000,Turc,Diamond 1,66,87,,200,185
