#timestamp 1530122481610
#date 2018-06-27T18:01:21+00:00
#players 1000
#index,id,rank,name,tier,lp,level,proTeam,win,loss
0,summoner-16534242,1,TF BIade,Challenger,1185,44,,128,51
1,summoner-5470459,2,LAE xSWRD,Challenger,1076,70,,167,113
2,summoner-41710,3,Pix CaritaTriste,Challenger,928,77,,138,76
3,summoner-95820,4,VírusFx,Challenger,900,92,,133,70
4,summoner-144414,5,Kunou,Challenger,860,98,,138,86
5,summoner-2342030,6,Athyż,Challenger,813,93,,164,120
6,summoner-6130219,7,Geohelado,Challenger,750,74,,169,130
7,summoner-2281875,8,Hirotaka Nifuji,Challenger,745,120,,147,114
8,summoner-886644,9,vSack,Challenger,729,94,,192,157
9,summoner-640255,10,Swifu,Challenger,726,110,,164,124
10,summoner-1157126,11,bubbleman08,Challenger,631,91,,126,90
11,summoner-116294,12,MySunflower Dani,Challenger,618,101,,176,135
12,summoner-5494753,13,Zorekk Onii Chan,Challenger,605,77,,155,115
13,summoner-418941,14,MadBlade,Challenger,602,69,,189,138
14,summoner-2322700,15,CGC S A M Y 2,Challenger,599,84,,189,148
15,summoner-348223,16,Miketsü,Challenger,592,92,,193,158
16,summoner-48057,17,Luha,Challenger,590,95,,173,144
17,summoner-4571935,18,Fighter1,Challenger,588,46,,150,105
18,summoner-947428,19,TwitchTv Crecre,Challenger,578,89,,239,179
19,summoner-139862,20,Säth,Challenger,566,130,,198,159
20,summoner-56961,21,JuanDrd435,Challenger,555,137,,309,264
21,summoner-4591052,22,BloodyLion,Challenger,525,70,,211,172
22,summoner-42749,23,Cliff0,Challenger,523,74,,252,196
23,summoner-168284,24,SomosAsc0Deduo,Challenger,522,95,,204,178
24,summoner-6291753,25,Güereca,Challenger,520,51,,133,97
25,summoner-537764,26,Thief of Relics,Challenger,511,87,,156,126
26,summoner-215450,27,CLK1,Challenger,510,64,,215,175
27,summoner-75295,28,Her Demon Fenix,Challenger,494,78,,125,96
28,summoner-50080,29,Jujo,Challenger,485,104,,133,93
29,summoner-8801194,30,Hand of Obelisk,Challenger,481,84,,211,173
30,summoner-524840,31,ShyKid,Challenger,480,75,,141,104
31,summoner-324984,32,Enryu The Red,Challenger,478,68,,235,184
32,summoner-204315,33,lruga,Challenger,473,75,,281,252
33,summoner-1155001,34,el chinguita,Challenger,469,112,,206,171
34,summoner-112541,35,Snòopy,Challenger,447,74,,193,155
35,summoner-153625,36,Haka,Challenger,445,112,,166,138
36,summoner-4450189,37,tuabuelitaentang,Challenger,444,137,,122,91
37,summoner-2241940,38,GNO UmbraAP,Challenger,443,124,,195,162
38,summoner-11610140,39,Stròng,Challenger,441,65,,132,101
39,summoner-118870,40,Tu Guardián,Challenger,436,107,,153,118
40,summoner-4163836,41,Alex Mercér,Challenger,431,67,,152,129
41,summoner-10841439,42,LawlietLelouch,Challenger,425,87,,231,204
42,summoner-2501105,43,No Øne,Challenger,423,104,,218,191
43,summoner-44037,44,Trash Game,Challenger,423,88,,150,115
44,summoner-61520,45,TES ArándanoAzul,Challenger,420,108,,148,110
45,summoner-810373,46,NeoEclipsF0rever,Challenger,418,146,,134,103
46,summoner-4511925,47,KarenCosy,Challenger,416,53,,131,78
47,summoner-5660236,48,KONTOL,Challenger,409,107,,304,273
48,summoner-98115,49,ReykoPa,Challenger,408,66,,137,112
49,summoner-156320,50,Mikesos,Challenger,407,172,,508,470
50,summoner-941191,51,BoñeIo,Challenger,406,80,,187,157
51,summoner-392695,52,CGC S A M Y,Challenger,400,80,,212,174
52,summoner-403393,53,Un Pinguino Cool,Challenger,398,72,,130,87
53,summoner-176354,54,Crecre,Challenger,392,87,,365,306
54,summoner-170093,55,FZXT,Challenger,387,65,,92,57
55,summoner-851199,56,SAMMAHEL,Challenger,386,147,,504,480
56,summoner-331693,57,DarkShark10,Challenger,385,91,,349,319
57,summoner-1630586,58,Huevø Frito,Challenger,384,106,,163,114
58,summoner-488562,59,Nezumi,Challenger,372,103,,234,203
59,summoner-10233192,60,SaekoUndBlack,Challenger,361,37,,68,14
60,summoner-12830164,61,ØE Fas the Magi,Challenger,349,49,,115,85
61,summoner-13643775,62,PAPAYlTA,Challenger,344,72,,277,246
62,summoner-8604015,63,Darkin,Challenger,343,99,,157,135
63,summoner-33593,64,AG siegfred,Challenger,340,78,,145,120
64,summoner-39415,65,Vini,Challenger,334,66,,141,112
65,summoner-1566287,66,KhaelMa,Challenger,333,61,,172,146
66,summoner-841541,67,MadTedd,Challenger,333,67,,155,126
67,summoner-142005,68,clantoz,Challenger,326,92,,164,123
68,summoner-2122221,69,Trippïe Redd,Challenger,322,64,,133,103
69,summoner-162243,70,Legendary Lee,Challenger,322,59,,78,51
70,summoner-5090223,71,Tonight We Hunt,Challenger,321,203,,329,301
71,summoner-75118,72,Soran,Challenger,320,115,,193,166
72,summoner-2191160,73,MacCuin,Challenger,319,99,,181,155
73,summoner-41224,74,Kanra00,Challenger,319,70,,131,104
74,summoner-127811,75,CG Snow,Challenger,313,121,,467,430
75,summoner-36473,76,Harahgon,Challenger,312,123,,378,347
76,summoner-1231471,77,I Aru I,Challenger,312,127,,367,327
77,summoner-919104,78,Maîck,Challenger,308,84,,162,136
78,summoner-211236,79,Sebastien,Challenger,303,72,,203,167
79,summoner-1201237,80,Luprin,Challenger,295,76,,74,47
80,summoner-5140831,81,Deiv1d,Challenger,294,75,,116,93
81,summoner-213475,82,JesusCA,Challenger,292,64,,266,196
82,summoner-97956,83,Selfish Bastard,Challenger,292,68,,153,117
83,summoner-622280,84,Fibrah,Challenger,289,46,,126,71
84,summoner-3304652,85,Noctix,Challenger,286,169,,486,444
85,summoner-181794,86,Lumi,Challenger,284,106,,165,149
86,summoner-159044,87,Iana del rey,Challenger,282,49,,116,85
87,summoner-153065,88,mid lane banter,Challenger,281,59,,176,146
88,summoner-11762731,89,Sandër,Challenger,281,113,,171,146
89,summoner-1361857,90,Bryce Walker,Challenger,280,85,,231,218
90,summoner-210491,91,DGE BLACMAN,Challenger,278,114,,327,316
91,summoner-9781020,92,SkillHard,Challenger,272,155,,449,435
92,summoner-7204106,93,TG Re Zaidex,Challenger,272,119,,229,200
93,summoner-800898,94,MuffinsPodridos,Challenger,272,77,,176,130
94,summoner-7680088,95,Estigia,Challenger,270,103,,114,91
95,summoner-6653525,96,SuperSave,Challenger,269,123,,193,170
96,summoner-208064,97,kodixia,Challenger,266,116,,213,185
97,summoner-32943,98,Yugí,Challenger,266,63,,133,104
98,summoner-5040611,99,Bebé Pinguino,Challenger,266,47,,79,44
99,summoner-43897,100,Aletsis,Challenger,265,88,,187,162
100,summoner-157955,101,Daddy Eddie,Challenger,265,58,,142,109
101,summoner-1990286,102,Gekkø,Challenger,263,144,,453,424
102,summoner-5660249,103,Soradg,Challenger,262,118,,164,145
103,summoner-394180,104,Crystal Molly,Challenger,261,136,,384,356
104,summoner-1118998,105,Distortion,Challenger,260,116,,165,138
105,summoner-990938,106,Aaronlb,Challenger,257,91,,258,222
106,summoner-1820423,107,Twitzze,Challenger,255,58,,194,138
107,summoner-1172068,108,Kanye Wesst,Challenger,252,105,,140,119
108,summoner-5572510,109,NeonShy,Challenger,251,103,,257,231
109,summoner-296596,110,Andrea Motz,Challenger,250,122,,309,281
110,summoner-1159062,111,SGT Sirius Can,Challenger,250,113,,247,232
111,summoner-117620,112,chimera r2,Challenger,246,97,,319,303
112,summoner-211435,113,Tu Gypsi,Challenger,246,115,,216,187
113,summoner-213822,114,stay fresh,Challenger,245,104,,286,263
114,summoner-43094,115,Rossoneri,Challenger,244,80,,118,89
115,summoner-6551467,116,Ytterbium,Challenger,243,59,,153,112
116,summoner-2303376,117,Jikann,Challenger,242,98,,213,189
117,summoner-157956,118,Rìku,Challenger,242,145,,103,80
118,summoner-138842,119,I Love Trump,Challenger,241,51,,177,59
119,summoner-1356449,120,Rμby,Challenger,239,134,,340,314
120,summoner-1070594,121,Lord Strider,Challenger,237,113,,148,123
121,summoner-15060130,122,fkin idiot,Challenger,237,55,,148,117
122,summoner-64005,123,Sandroxx,Challenger,236,64,,100,73
123,summoner-3571348,124,paulisTinA,Challenger,235,77,,176,141
124,summoner-1385807,125,Low elo trash,Challenger,233,54,,154,122
125,summoner-174950,126,NoLimit,Challenger,233,67,,144,121
126,summoner-33732,127,atlanta,Challenger,232,61,,110,89
127,summoner-40335,128,Prae,Challenger,231,139,,462,440
128,summoner-74750,129,Zcarnet,Challenger,231,95,,167,134
129,summoner-5651686,130,Duca,Challenger,229,93,,275,255
130,summoner-626956,131,alboaron,Challenger,228,53,,152,64
131,summoner-409468,132,Säikou,Challenger,222,106,,155,138
132,summoner-174213,133,Ábaddon,Challenger,221,87,,194,168
133,summoner-825215,134,Nishkyu,Challenger,218,75,,253,192
134,summoner-33622,135,Lettiot,Challenger,217,93,,123,93
135,summoner-156335,136,Kindle,Challenger,212,108,,237,221
136,summoner-1303280,137,Raylú,Challenger,209,124,,254,216
137,summoner-203413,138,Andrew18,Challenger,209,109,,166,144
138,summoner-14101711,139,CGC S A M Y 3,Challenger,205,63,,178,134
139,summoner-290915,140,A Sexy Waifu,Challenger,203,100,,156,132
140,summoner-137657,141,Zethric,Challenger,203,131,,76,42
141,summoner-5020760,142,betatwinz,Challenger,202,44,,68,36
142,summoner-2133568,143,Dixel,Challenger,198,73,,232,202
143,summoner-1323789,144,ZoneDark,Challenger,198,69,,169,155
144,summoner-4107412,145,BorjaSOAD,Challenger,197,91,,113,87
145,summoner-161248,146,Huxy,Challenger,196,90,,257,234
146,summoner-3480131,147,Doug,Challenger,196,44,,90,39
147,summoner-54396,148,MW Star,Challenger,194,141,,158,122
148,summoner-1396107,149,24 03 2014,Challenger,193,61,,160,116
149,summoner-4601043,150,Xpontaneous,Challenger,193,54,,47,19
150,summoner-25753,151,Sh0ckwavee,Challenger,192,49,,62,33
151,summoner-99291,152,Tëmpest,Challenger,191,98,,185,127
152,summoner-171271,153,Pichu,Challenger,189,89,,302,281
153,summoner-1396918,154,TwitchTv Danijrm,Challenger,187,54,,125,87
154,summoner-4101200,155,Ainz Ooal GØwn,Challenger,186,150,,640,613
155,summoner-1090707,156,KutarraX,Challenger,184,72,,124,102
156,summoner-130256,157,Papi Jodin,Challenger,182,72,,208,187
157,summoner-5513539,158,TC Bunny,Challenger,178,136,,270,250
158,summoner-3313144,159,Nirati,Challenger,178,117,,242,185
159,summoner-1051840,160,Olivia,Challenger,178,114,,166,146
160,summoner-310350,161,GLG Honoka,Challenger,178,61,,124,103
161,summoner-6003403,162,betatwins,Challenger,177,118,,377,348
162,summoner-63089,163,Thundraz,Challenger,176,132,,166,148
163,summoner-9173721,164,Blakzx,Challenger,176,97,,151,131
164,summoner-290618,165,MaeBlade,Challenger,174,95,,147,106
165,summoner-136713,166,ENG yisus,Challenger,172,95,,230,200
166,summoner-14640442,167,PAPAY1TA,Challenger,172,48,,125,83
167,summoner-197368,168,Góhan,Challenger,172,53,,117,103
168,summoner-540221,169,Meme King,Challenger,171,107,,212,192
169,summoner-14610241,170,ltsukakotori,Challenger,169,63,,78,51
170,summoner-413636,171,VLK Sunriser,Challenger,168,57,,114,79
171,summoner-523229,172,Supraga,Challenger,167,112,,338,307
172,summoner-5710759,173,BlìndWalker,Challenger,167,75,,303,234
173,summoner-74002,174,Nils,Challenger,164,89,,140,124
174,summoner-597117,175,Fazz,Challenger,163,115,,271,251
175,summoner-41511,176,LiiiiT,Challenger,160,60,,198,176
176,summoner-1941206,177,JbayJbs,Challenger,160,86,,106,60
177,summoner-3532481,178,Sithys,Challenger,159,150,,151,122
178,summoner-1220127,179,Kanizalez,Challenger,157,96,,247,222
179,summoner-2260260,180,King Wukong,Challenger,156,113,,143,120
180,summoner-527786,181,SkyGless,Challenger,154,87,,310,299
181,summoner-361221,182,Krezuel,Challenger,154,114,,206,198
182,summoner-3143261,183,Sister,Challenger,153,68,,105,81
183,summoner-545546,184,Acuarelas,Challenger,152,107,,128,108
184,summoner-4534154,185,Wb Taco,Challenger,150,113,,135,103
185,summoner-14690856,186,RoyaumLAN,Challenger,147,73,,268,200
186,summoner-1735450,187,Kirâ,Challenger,145,39,,55,23
187,summoner-16840166,188,BeijingBeef,Challenger,144,58,,203,128
188,summoner-198637,189,Mythical Oberyn,Challenger,143,126,,309,278
189,summoner-135079,190,HandGun,Challenger,140,96,,294,270
190,summoner-12191961,191,S2 Kurama,Challenger,139,104,,278,234
191,summoner-8153304,192,MòöMöóMiLK,Challenger,137,141,,485,472
192,summoner-76695,193,Sterbenn,Challenger,136,116,,160,133
193,summoner-11577579,194,Juego Solo top,Challenger,135,74,,158,136
194,summoner-7472180,195,NA Fearuz,Challenger,133,54,,119,86
195,summoner-435308,196,Thelorien,Challenger,130,120,,135,105
196,summoner-93056,197,YSalex,Challenger,125,117,,347,332
197,summoner-2941141,198,JaquenHaghar,Challenger,123,81,,225,206
198,summoner-65195,199,AnT Roski,Challenger,120,66,,76,50
199,summoner-6620183,200,Vidal,Challenger,119,96,,206,190
200,summoner-5473863,201,Anderkiller76,Master,186,98,,249,223
201,summoner-36834,202,EvoleX,Master,149,108,,216,213
202,summoner-152128,203,Extravagance,Master,139,52,,159,131
203,summoner-77347,204,Codename00,Master,136,60,,187,169
204,summoner-177367,205,TOXICCCCCCCCCCCC,Master,127,48,,125,96
205,summoner-208654,206,Crensil Diva,Master,119,90,,143,114
206,summoner-877490,207,Goofy Goober,Master,115,205,,122,96
207,summoner-7153584,208,Neitzsche,Master,114,128,,226,188
208,summoner-4311308,209,How to,Master,114,104,,213,190
209,summoner-35651,210,Soul Worker,Master,110,73,,97,80
210,summoner-1404541,211,TONYTROXES,Master,108,77,,187,163
211,summoner-935643,212,Amigo Grifo,Master,108,82,,155,143
212,summoner-3943350,213,Chevîs,Master,106,90,,160,132
213,summoner-13050146,214,RNG 55open,Master,105,133,,161,139
214,summoner-93208,215,pxry,Master,104,64,,108,88
215,summoner-150582,216,El Dios Guashi,Master,102,82,,253,232
216,summoner-531488,217,Carillon,Master,102,57,,73,52
217,summoner-13482525,218,StarBunny,Master,100,52,,100,59
218,summoner-3830362,219,MarchedWaif89,Master,99,124,,435,426
219,summoner-6250197,220,Hakuryuu Reen,Master,97,83,,273,250
220,summoner-2601343,221,iFeedMe,Master,75,73,,234,222
221,summoner-2544168,222,Líl,Master,94,87,,189,166
222,summoner-437429,223,Kyuo,Master,93,99,,75,52
223,summoner-330609,224,Carlos V,Master,92,107,,428,410
224,summoner-147250,225,Maggatt,Master,86,89,,184,166
225,summoner-4127893,226,Elekape,Master,86,100,,164,141
226,summoner-303207,227,Bebe Shaka,Master,84,150,,283,261
227,summoner-171009,228,PuuRplE,Master,83,111,,203,179
228,summoner-501216,229,1Rem,Master,80,105,,244,238
229,summoner-1764966,230,CerquilloTilted,Master,79,65,,228,194
230,summoner-15300174,231,Levis petrus,Master,78,51,,144,86
231,summoner-2000186,232,AdLarry,Master,72,69,,181,139
232,summoner-1571472,233,Soy Paul,Master,72,51,,89,64
233,summoner-14231555,234,Doctrina Egoista,Master,69,53,,135,92
234,summoner-16321895,235,Drasiel,Master,67,60,,172,123
235,summoner-151439,236,ricopolllo,Master,65,108,,288,268
236,summoner-285221,237,iTheEpicReaper,Master,65,83,,143,117
237,summoner-15973031,238,Inli,Master,65,43,,111,64
238,summoner-3340222,239,Chiquinquira IJ,Master,62,134,,113,79
239,summoner-92697,240,Allign,Master,62,39,,86,40
240,summoner-210553,241,Aniivia,Master,62,47,,83,59
241,summoner-126144,242,Te Amo Fanny,Master,62,68,,72,56
242,summoner-4443939,243,Ashtray,Master,61,154,,533,519
243,summoner-545911,244,Psicología,Master,60,102,,256,235
244,summoner-16410630,245,MW Typhoon,Master,60,60,,102,57
245,summoner-111038,246,Lesoinne,Master,57,72,,166,142
246,summoner-15280182,247,Poropops,Master,57,50,,81,43
247,summoner-3740366,248,Carnage Rules,Master,56,136,,467,459
248,summoner-8581685,249,FLA Kamui,Master,56,124,,423,408
249,summoner-4782124,250,El humilde Yusty,Master,56,62,,186,139
250,summoner-1546393,251,Jedi Form VII,Master,56,66,,177,145
251,summoner-52722,252,ØE Limitationss,Master,56,49,,69,51
252,summoner-341551,253,Makeuz,Master,53,140,,407,395
253,summoner-13180512,254,Dmitri Putin,Master,53,83,,77,49
254,summoner-136168,255,Nihilist Örlando,Master,51,111,,349,339
255,summoner-416409,256,Mágaña,Master,51,80,,215,199
256,summoner-188977,257,Doppel,Master,51,82,,145,130
257,summoner-132278,258,rëdnaS,Master,49,52,,152,86
258,summoner-500822,259,Kuul,Master,49,95,,135,117
259,summoner-14611994,260,Malantë,Master,49,56,,122,98
260,summoner-1149078,261,Pandas Iove,Master,49,85,,63,47
261,summoner-945818,262,Santíago,Master,46,68,,127,108
262,summoner-20563,263,add 4 web design,Master,44,85,,204,196
263,summoner-520325,264,Yaelonu,Master,44,94,,162,146
264,summoner-488455,265,Bareh,Master,43,96,,293,276
265,summoner-90933,266,Mìanare,Master,43,80,,134,115
266,summoner-329765,267,CentenaryWarrior,Master,42,133,,435,411
267,summoner-3462881,268,Panda Tom,Master,41,142,,351,337
268,summoner-91326,269,Z Ø Ð I A C,Master,41,97,,283,264
269,summoner-3500800,270,Gweiss ENP,Master,41,103,,273,258
270,summoner-1273292,271,ezpate,Master,39,108,,280,270
271,summoner-15334874,272,Shìnon,Master,38,57,,175,139
272,summoner-10341706,273,asth4rotwan,Master,37,103,,179,171
273,summoner-12950189,274,E Bfriend,Master,37,46,,98,67
274,summoner-280323,275,Cookiezai,Master,36,111,,106,80
275,summoner-4882455,276,Nightwolf9,Master,35,133,,302,278
276,summoner-38617,277,Pëanut,Master,34,125,,98,80
277,summoner-1164376,278,Momo Hirai,Master,33,92,,302,281
278,summoner-212364,279,VLK Equalizer,Master,32,67,,118,97
279,summoner-3720694,280,FnR Kush,Master,28,122,,267,244
280,summoner-3853491,281,Infamous,Master,28,128,,225,202
281,summoner-1021337,282,King Monaco,Master,27,66,,188,170
282,summoner-366242,283,Amo mis bíceps,Master,25,124,,274,260
283,summoner-876702,284,Regulus no Leo,Master,24,69,,130,110
284,summoner-6532932,285,Andresu7,Master,22,100,,301,279
285,summoner-201606,286,Broodich,Master,38,97,,180,165
286,summoner-5613974,287,Josh2Play,Master,22,88,,173,138
287,summoner-155309,288,Diretlan,Master,21,82,,226,204
288,summoner-2871352,289,Old West,Master,21,115,,167,134
289,summoner-372135,290,EL Uber,Master,20,102,,72,51
290,summoner-440349,291,EDGARTOYIN,Master,19,84,,244,230
291,summoner-3931575,292,Lann,Master,19,127,,130,103
292,summoner-9751556,293,Ing Quimico,Master,17,80,,149,120
293,summoner-1740857,294,Jauny,Master,16,91,,223,173
294,summoner-2604044,295,orithkeeper,Master,16,74,,179,165
295,summoner-139360,296,Darps,Master,16,55,,131,114
296,summoner-438977,297,N l G H T,Master,15,170,,435,422
297,summoner-2052468,298,UnicornG,Master,15,85,,183,174
298,summoner-166992,299,LuxiernagaMatona,Master,14,105,,243,204
299,summoner-6313454,300,CougarDai,Master,10,74,,217,197
300,summoner-1524175,301,VTR,Master,10,90,,173,158
301,summoner-68678,302,HazärD,Master,10,89,,119,103
302,summoner-154798,303,Miguël,Master,7,96,,292,263
303,summoner-1650862,304,Melvox,Master,7,135,,96,63
304,summoner-523266,305,Protego,Master,4,106,,164,141
305,summoner-1595762,306,Isá Dainsleif,Master,0,141,,330,315
306,summoner-3422162,307,danielmlds,Master,0,76,,257,189
307,summoner-1540456,308,Feple,Master,0,71,,217,180
308,summoner-129918,309,El Chuky Lozano,Master,0,119,,199,182
309,summoner-433265,310,Lord 4SaKeN,Master,0,95,,162,147
310,summoner-4903905,311,RafflesGaming,Master,0,84,,150,135
311,summoner-22299,312,Redscorpy,Master,0,139,,147,127
312,summoner-452765,313,ill kms,Master,0,55,,145,111
313,summoner-941797,314,Tiltalin,Master,0,69,,133,97
314,summoner-431286,315,Biboom,Master,0,73,,112,87
315,summoner-181695,316,0utsider,Master,0,75,,111,85
316,summoner-284287,317,Rangerswer,Master,0,90,,107,92
317,summoner-16830174,318,HambertHM,Master,0,54,,106,72
318,summoner-615010,319,Top sin TP,Master,0,96,,98,73
319,summoner-5932534,320,Noriel,Master,0,47,,88,65
320,summoner-2630739,321,Kitorinho,Master,0,47,,65,43
321,summoner-562204,322,Zask,Master,0,66,,39,15
322,summoner-8150289,323,Satsuki Yone,Diamond 1,100,134,,521,503
323,summoner-148297,324,20141231,Diamond 1,100,161,,417,403
324,summoner-288785,325,Ásura,Diamond 1,100,115,,266,252
325,summoner-1159889,326,Hamy,Diamond 1,100,99,,253,226
326,summoner-1531657,327,Fallen IV,Diamond 1,100,107,,246,227
327,summoner-1790148,328,AQUILESCANTO2,Diamond 1,100,104,,222,189
328,summoner-4601098,329,CSGblackrock,Diamond 1,100,85,,217,195
329,summoner-95053,330,Im Josho,Diamond 1,100,75,,160,131
330,summoner-593537,331,Nasus top orfeed,Diamond 1,100,106,,155,137
331,summoner-365511,332,Eudus,Diamond 1,100,101,,144,112
332,summoner-144467,333,Chucknight,Diamond 1,100,97,,144,128
333,summoner-130561,334,Xilss,Diamond 1,100,94,,110,82
334,summoner-325957,335,RèiN,Diamond 1,100,70,,104,80
335,summoner-219008,336,Shadesu,Diamond 1,100,74,,99,66
336,summoner-622005,337,Miss Pamela Chu,Diamond 1,100,68,,92,76
337,summoner-2084890,338,chapaliku,Diamond 1,100,87,,44,27
338,summoner-552760,339,KC MidSlayer,Diamond 1,99,94,,171,143
339,summoner-177587,340,Fallouch,Diamond 1,97,115,,157,140
340,summoner-303787,341,Fatal,Diamond 1,97,67,,75,59
341,summoner-7132675,342,Justin LFT 2,Diamond 1,97,41,,58,29
342,summoner-1531157,343,Dobleshot,Diamond 1,96,60,,172,117
343,summoner-153891,344,Dkram,Diamond 1,96,67,,127,115
344,summoner-873834,345,Ricardo Motta,Diamond 1,96,69,,79,66
345,summoner-1292652,346,l  Jamon  l,Diamond 1,95,95,,116,97
346,summoner-9974185,347,Tilted Meteoro,Diamond 1,95,44,,42,18
347,summoner-10842590,348,edwinkirito LAN,Diamond 1,94,78,,130,118
348,summoner-652463,349,Amnesía,Diamond 1,93,99,,162,142
349,summoner-3520800,350,xamexxdroxer,Diamond 1,91,102,,150,129
350,summoner-37636,351,Kastiel,Diamond 1,90,93,,198,160
351,summoner-333945,352,Alex Ov,Diamond 1,90,72,,189,185
352,summoner-119001,353,Scythes,Diamond 1,90,79,,170,150
353,summoner-8341551,354,Lankor,Diamond 1,90,99,,158,147
354,summoner-2343019,355,ARTIFIZES,Diamond 1,90,61,,151,132
355,summoner-4621033,356,Red Trainer,Diamond 1,90,55,,133,105
356,summoner-3324306,357,xXAKILESVAESTAXx,Diamond 1,90,65,,112,63
357,summoner-426366,358,Saving,Diamond 1,90,50,,108,74
358,summoner-423742,359,Sanha,Diamond 1,90,129,,98,68
359,summoner-676489,360,Inky Veil,Diamond 1,90,65,,97,53
360,summoner-4902286,361,Fürer Reich,Diamond 1,90,55,,85,69
361,summoner-293255,362,Devoch,Diamond 1,90,88,,58,32
362,summoner-1152178,363,Jose12gab,Diamond 1,90,37,,58,19
363,summoner-9974340,364,DeriD,Diamond 1,90,60,,42,26
364,summoner-1376330,365,JuanStan,Diamond 1,89,105,,271,260
365,summoner-40012,366,Lloyd12,Diamond 1,89,69,,54,23
366,summoner-1777510,367,KR0 Nian,Diamond 1,88,83,,93,75
367,summoner-1523085,368,matadorcirijiyo,Diamond 1,88,104,,92,77
368,summoner-427397,369,Zonixer,Diamond 1,88,83,,58,39
369,summoner-1397595,370,skarche31,Diamond 1,87,53,,170,75
370,summoner-657505,371,TU JEFA,Diamond 1,87,69,,140,104
371,summoner-670630,372,Yuuna,Diamond 1,87,63,,115,80
372,summoner-217410,373,WhitDude,Diamond 1,85,90,,154,138
373,summoner-920105,374,Softdrink870,Diamond 1,85,85,,138,101
374,summoner-397019,375,lJuanma,Diamond 1,85,111,,129,106
375,summoner-9673380,376,Netzukadas,Diamond 1,85,67,,117,79
376,summoner-908592,377,Menfrox,Diamond 1,85,50,,96,67
377,summoner-321958,378,Míkoto,Diamond 1,84,64,,117,91
378,summoner-179912,379,JUANDJ0,Diamond 1,83,112,,320,309
379,summoner-294748,380,Muzeh,Diamond 1,83,78,,130,116
380,summoner-16132471,381,Almondia,Diamond 1,83,41,,81,39
381,summoner-297928,382,XoniCC,Diamond 1,82,92,,251,230
382,summoner-128460,383,Slayer galactico,Diamond 1,82,63,,125,109
383,summoner-138251,384,Quesíto,Diamond 1,82,131,,77,62
384,summoner-1367691,385,CatSempai,Diamond 1,82,38,,48,24
385,summoner-204170,386,Shykop,Diamond 1,82,65,,45,26
386,summoner-1775562,387,White Nightmare,Diamond 1,81,96,,126,106
387,summoner-2231373,388,DoomwaR,Diamond 1,80,104,,360,345
388,summoner-2213274,389,Pervertito,Diamond 1,80,64,,163,152
389,summoner-530613,390,Potluck,Diamond 1,80,82,,66,49
390,summoner-11530278,391,NiñoRata463,Diamond 1,77,73,,165,147
391,summoner-292776,392,No juego lol,Diamond 1,77,54,,126,107
392,summoner-537831,393,N5 Rach,Diamond 1,77,74,,114,97
393,summoner-177305,394,God Mata,Diamond 1,77,49,,91,71
394,summoner-328354,395,dont noobs,Diamond 1,76,71,,73,60
395,summoner-104671,396,ZelCross,Diamond 1,75,102,,325,306
396,summoner-7647944,397,Feeple,Diamond 1,75,79,,275,212
397,summoner-4720242,398,Laxse,Diamond 1,75,100,,264,228
398,summoner-557073,399,C3 RedMagic,Diamond 1,75,73,,261,226
399,summoner-12692888,400,Lucian ADC,Diamond 1,75,71,,254,211
400,summoner-85590,401,Pikachu gr,Diamond 1,75,79,,248,232
401,summoner-119645,402,MTH AlBREIK,Diamond 1,75,114,,211,181
402,summoner-40147,403,Diamond Stuck,Diamond 1,75,148,,206,189
403,summoner-10020131,404,z z,Diamond 1,75,102,,163,132
404,summoner-11600165,405,Rocket Råccoon,Diamond 1,75,133,,159,132
405,summoner-674461,406,1hollow3,Diamond 1,75,64,,159,137
406,summoner-58615,407,Chomi  µ,Diamond 1,75,87,,153,123
407,summoner-28881,408,Killastorm,Diamond 1,75,67,,151,128
408,summoner-14375080,409,appohC,Diamond 1,75,51,,148,94
409,summoner-14745216,410,Kaizeneka A,Diamond 1,75,66,,144,108
410,summoner-3182235,411,SoloAlguien,Diamond 1,75,112,,143,147
411,summoner-16270127,412,TheFakerRD,Diamond 1,75,75,,140,111
412,summoner-109838,413,Terquito,Diamond 1,75,90,,134,108
413,summoner-15180136,414,Fikuwu,Diamond 1,75,72,,131,106
414,summoner-198009,415,T 4 R Z A N,Diamond 1,75,51,,129,96
415,summoner-1404528,416,CDA Simi,Diamond 1,75,72,,128,100
416,summoner-9632211,417,pentakill1997,Diamond 1,75,69,,128,48
417,summoner-200362,418,Bruse Waynex,Diamond 1,75,47,,127,77
418,summoner-212665,419,Wolf Franky,Diamond 1,75,52,,126,102
419,summoner-32016,420,H O R A T I T O,Diamond 1,75,66,,124,107
420,summoner-292746,421,Hakie,Diamond 1,75,67,,121,92
421,summoner-73125,422,LeftALone,Diamond 1,75,99,,120,89
422,summoner-1042775,423,Whité,Diamond 1,75,60,,115,94
423,summoner-13311629,424,Diginerg,Diamond 1,75,47,,110,75
424,summoner-4113436,425,Kc TeamRem,Diamond 1,75,88,,107,81
425,summoner-3680243,426,MichaelXBoyser,Diamond 1,75,56,,106,50
426,summoner-815305,427,Nea,Diamond 1,75,101,,103,88
427,summoner-142400,428,Sxecurity,Diamond 1,75,63,,101,81
428,summoner-2033825,429,öttovaG,Diamond 1,75,51,,95,56
429,summoner-2400971,430,DonPacs,Diamond 1,75,70,,95,60
430,summoner-58310,431,LennyLeonard,Diamond 1,75,68,,92,61
431,summoner-2622412,432,TwchTV ARRRmando,Diamond 1,75,47,,90,71
432,summoner-615119,433,Khorix,Diamond 1,75,65,,86,71
433,summoner-2831773,434,The King McFly,Diamond 1,75,117,,80,58
434,summoner-1315791,435,NeeeerzhuL,Diamond 1,75,59,,78,44
435,summoner-2230732,436,RIP XXXTENTACION,Diamond 1,75,43,,75,32
436,summoner-1620159,437,IcyDrak,Diamond 1,75,42,,72,42
437,summoner-629040,438,ØE Tyr,Diamond 1,75,71,,69,36
438,summoner-31930,439,SIushi,Diamond 1,75,54,,55,30
439,summoner-3104008,440,Deadly Insanity,Diamond 1,74,107,,152,136
440,summoner-6083542,441,LFT Avhernox,Diamond 1,74,59,,93,74
441,summoner-15452277,442,TwTv Danijrm,Diamond 1,74,41,,69,31
442,summoner-9170369,443,CannabisJah,Diamond 1,73,57,,164,104
443,summoner-1377608,444,Nukter xD 69,Diamond 1,73,87,,156,151
444,summoner-3574195,445,Phyrfns,Diamond 1,73,76,,82,71
445,summoner-47969,446,Genarox Kid,Diamond 1,73,79,,78,51
446,summoner-5002722,447,CaptainElroy,Diamond 1,72,60,,229,182
447,summoner-28055,448,Redkaz,Diamond 1,72,110,,189,158
448,summoner-63556,449,Bolita Erótica,Diamond 1,71,92,,170,155
449,summoner-4607522,450,Darling,Diamond 1,71,45,,84,50
450,summoner-391560,451,Mataz,Diamond 1,70,69,,127,114
451,summoner-2061006,452,l tsubaki l,Diamond 1,70,47,,113,96
452,summoner-15070212,453,BirdsInTheTrap,Diamond 1,70,49,,101,43
453,summoner-3734374,454,Féng,Diamond 1,70,45,,59,29
454,summoner-203336,455,Akjester,Diamond 1,69,83,,117,96
455,summoner-2062267,456,NickArc,Diamond 1,69,124,,114,89
456,summoner-15960146,457,Angelus,Diamond 1,68,63,,228,192
457,summoner-102290,458,Heimy,Diamond 1,68,67,,142,123
458,summoner-281221,459,Guerecaxd,Diamond 1,68,58,,121,104
459,summoner-1597161,460,WET Granjero,Diamond 1,67,89,,223,210
460,summoner-1523251,461,Aracnidoso,Diamond 1,67,62,,196,149
461,summoner-3854339,462,Pokemon Champion,Diamond 1,67,109,,124,83
462,summoner-1033036,463,Ichiik46,Diamond 1,67,59,,111,90
463,summoner-15891692,464,Santi Rank 1,Diamond 1,67,45,,100,67
464,summoner-166210,465,Sycotiz,Diamond 1,67,60,,82,64
465,summoner-60466,466,N5 Garçon,Diamond 1,67,84,,63,51
466,summoner-8644313,467,BIackPink,Diamond 1,67,40,,46,14
467,summoner-270388,468,VizAbuelo,Diamond 1,66,107,,207,188
468,summoner-427873,469,Develion,Diamond 1,66,99,,120,105
469,summoner-36323,470,pokemexta2,Diamond 1,66,53,,75,57
470,summoner-415789,471,Not single btw,Diamond 1,66,67,,42,25
471,summoner-1755142,472,King Kittan,Diamond 1,65,82,,252,236
472,summoner-42513,473,El Paté Centeno,Diamond 1,65,64,,131,98
473,summoner-5890190,474,Hidden Clone,Diamond 1,65,85,,63,46
474,summoner-813006,475,agosaurio,Diamond 1,64,108,,279,260
475,summoner-9710161,476,King of the Lane,Diamond 1,64,64,,196,177
476,summoner-1553487,477,The Crimson Star,Diamond 1,64,95,,138,115
477,summoner-378449,478,Khey,Diamond 1,63,99,,303,286
478,summoner-6663290,479,Anbμ,Diamond 1,63,76,,242,194
479,summoner-3942356,480,TSP Sn1p3rr,Diamond 1,63,73,,94,72
480,summoner-168313,481,Reformed Adc,Diamond 1,62,55,,122,107
481,summoner-670775,482,Shieldworm,Diamond 1,61,113,,271,263
482,summoner-15030694,483,GankedByElChapo,Diamond 1,61,71,,212,169
483,summoner-4118306,484,0XxCarlitosxX0,Diamond 1,61,83,,179,76
484,summoner-145911,485,tactics88,Diamond 1,61,48,,57,33
485,summoner-2853493,486,Salsami,Diamond 1,60,137,,434,432
486,summoner-3834209,487,Dya,Diamond 1,60,116,,108,81
487,summoner-6610179,488,TheFenixx,Diamond 1,60,46,,87,69
488,summoner-12571167,489,NerF reckles,Diamond 1,59,63,,120,105
489,summoner-935464,490,Devours Bread,Diamond 1,59,115,,115,95
490,summoner-550619,491,Zörek,Diamond 1,59,66,,72,54
491,summoner-10470148,492,IShockk,Diamond 1,58,107,,223,204
492,summoner-45479,493,Agape,Diamond 1,58,91,,210,196
493,summoner-137644,494,ENG Riverbear,Diamond 1,58,95,,133,114
494,summoner-2190509,495,Hugrock,Diamond 1,58,85,,109,99
495,summoner-68704,496,HellAngeal,Diamond 1,58,54,,105,84
496,summoner-409526,497,ClockworkApricot,Diamond 1,57,88,,324,282
497,summoner-378426,498,Ssahka ll,Diamond 1,56,91,,284,278
498,summoner-13340794,499,KZ Hyacinth,Diamond 1,56,58,,132,51
499,summoner-1559417,500,Hserul,Diamond 1,56,70,,99,86
500,summoner-2290591,501,Suck My Lantern,Diamond 1,56,98,,96,62
501,summoner-180439,502,theppcharlie,Diamond 1,56,79,,85,72
502,summoner-572077,503,2v diplo dog,Diamond 1,56,77,,85,61
503,summoner-4068954,504,xAEvi,Diamond 1,55,58,,134,68
504,summoner-665310,505,HI IM NIGLET,Diamond 1,55,72,,125,108
505,summoner-89757,506,Nosco,Diamond 1,54,72,,226,208
506,summoner-157102,507,Jairomedusa,Diamond 1,54,73,,160,144
507,summoner-1783769,508,KSV CoreJJ,Diamond 1,54,61,,116,99
508,summoner-133109,509,Justlikethat,Diamond 1,54,67,,105,92
509,summoner-1582421,510,MartinSON,Diamond 1,53,99,,317,304
510,summoner-1537815,511,Paziionate,Diamond 1,53,66,,223,208
511,summoner-522106,512,The Dirty Man,Diamond 1,53,47,,95,81
512,summoner-6813892,513,is dat her,Diamond 1,53,37,,40,14
513,summoner-71556,514,iHueco,Diamond 1,52,97,,201,181
514,summoner-4561887,515,Rapid,Diamond 1,52,76,,173,160
515,summoner-1104107,516,delot,Diamond 1,52,67,,96,89
516,summoner-7301392,517,xEAvi,Diamond 1,52,91,,66,47
517,summoner-5272961,518,Holles,Diamond 1,52,80,,57,40
518,summoner-1733010,519,DoMiNiUs500,Diamond 1,51,83,,161,146
519,summoner-7021902,520,Mogwai,Diamond 1,51,61,,100,72
520,summoner-4670397,521,lxNeteroxl,Diamond 1,51,64,,68,46
521,summoner-890345,522,SR    SALVA,Diamond 1,50,147,,416,377
522,summoner-9663451,523,Thúnder,Diamond 1,50,168,,351,348
523,summoner-52152,524,TwTv Tisshotzoh,Diamond 1,50,97,,336,313
524,summoner-340565,525,Lp3 Nyeloh,Diamond 1,50,121,,319,307
525,summoner-15273073,526,Hroudberht,Diamond 1,50,65,,259,227
526,summoner-190354,527,Synergy,Diamond 1,50,64,,254,226
527,summoner-8584366,528,AmanfromtheMoon,Diamond 1,50,69,,245,189
528,summoner-335564,529,Pudge xd,Diamond 1,50,76,,244,211
529,summoner-62389,530,Dominick,Diamond 1,50,101,,244,232
530,summoner-660795,531,Seshúdoishy,Diamond 1,50,124,,238,214
531,summoner-16390137,532,na secret eboy,Diamond 1,50,86,,232,216
532,summoner-2460494,533,El Pecueca,Diamond 1,50,77,,211,164
533,summoner-2222342,534,Márth,Diamond 1,50,73,,184,166
534,summoner-139550,535,Only Cat,Diamond 1,50,79,,177,161
535,summoner-25434,536,WET Varzinso,Diamond 1,50,99,,156,135
536,summoner-5702867,537,Eve Látigo Cepa,Diamond 1,50,74,,131,107
537,summoner-2620557,538,Uzzzi,Diamond 1,50,54,,128,123
538,summoner-7880294,539,TES PinkGoat,Diamond 1,50,92,,123,110
539,summoner-90648,540,DiosDelCielo,Diamond 1,50,73,,120,110
540,summoner-31652,541,El MotoTaxi,Diamond 1,50,129,,112,93
541,summoner-155909,542,KON EscanØr,Diamond 1,50,65,,110,88
542,summoner-3320859,543,Mírai,Diamond 1,50,191,,101,82
543,summoner-205568,544,fat,Diamond 1,50,49,,99,81
544,summoner-181355,545,Enanoks,Diamond 1,50,86,,94,87
545,summoner-12710145,546,Brutak,Diamond 1,50,44,,84,66
546,summoner-388914,547,Teddyy Kun,Diamond 1,50,110,,64,46
547,summoner-1103782,548,Fonck,Diamond 1,50,59,,46,39
548,summoner-2302211,549,Xoa,Diamond 1,49,113,,306,271
549,summoner-312340,550,FORONDA TU PAPÁ,Diamond 1,49,113,,243,216
550,summoner-14739158,551,SKT 1 Fakerr,Diamond 1,49,53,,143,105
551,summoner-427651,552,CG Leid,Diamond 1,49,77,,139,86
552,summoner-13150129,553,Scorpio X,Diamond 1,49,44,,87,41
553,summoner-7874080,554,Verathrim,Diamond 1,47,103,,96,80
554,summoner-8024235,555,Blasnais,Diamond 1,47,92,,86,67
555,summoner-620623,556,Gabi,Diamond 1,46,78,,132,117
556,summoner-4536116,557,demolder4510,Diamond 1,46,109,,93,65
557,summoner-6650972,558,Soraley,Diamond 1,46,41,,45,22
558,summoner-1166799,559,HítmonLee,Diamond 1,45,133,,451,452
559,summoner-1114939,560,Enchanting Fox,Diamond 1,45,144,,96,82
560,summoner-57319,561,Usell,Diamond 1,45,71,,90,68
561,summoner-2183324,562,Morty2,Diamond 1,44,62,,115,98
562,summoner-6150207,563,Omega,Diamond 1,43,94,,142,129
563,summoner-400742,564,Pacha De Cacique,Diamond 1,43,82,,126,125
564,summoner-6060805,565,Dulce Pepinillo,Diamond 1,43,73,,121,92
565,summoner-49094,566,Aione,Diamond 1,42,127,,440,434
566,summoner-12040150,567,Amianto,Diamond 1,42,101,,253,251
567,summoner-436358,568,À N U N N A K I,Diamond 1,42,93,,91,68
568,summoner-284096,569,ADC 2K17,Diamond 1,42,69,,65,59
569,summoner-73140,570,asdadasdasda,Diamond 1,42,63,,47,38
570,summoner-2023328,571,Mid ABUSER,Diamond 1,41,115,,245,223
571,summoner-1802879,572,legendario2,Diamond 1,41,74,,141,130
572,summoner-139973,573,Blanc Chains,Diamond 1,41,188,,127,109
573,summoner-1165031,574,l   Revólver  l,Diamond 1,41,73,,106,94
574,summoner-3445115,575,Ariana,Diamond 1,41,55,,76,30
575,summoner-904554,576,Random Marksman,Diamond 1,40,59,,101,74
576,summoner-1398245,577,Levidant Joestar,Diamond 1,38,107,,156,130
577,summoner-2083705,578,Âriël,Diamond 1,38,108,,114,95
578,summoner-284782,579,TrashADCMeta,Diamond 1,37,89,,207,171
579,summoner-895621,580,blakyu,Diamond 1,37,86,,135,124
580,summoner-5850853,581,Mø Nôctürnê Nø,Diamond 1,37,104,,104,86
581,summoner-831531,582,iG Showtek,Diamond 1,36,119,,471,463
582,summoner-8161206,583,Qwertyuiop1615,Diamond 1,36,109,,139,115
583,summoner-383095,584,Simon Wrynn,Diamond 1,36,113,,73,51
584,summoner-2075139,585,Fąng,Diamond 1,35,85,,231,223
585,summoner-2381658,586,Sad Bünny,Diamond 1,35,145,,195,185
586,summoner-536641,587,NxL Tyròn,Diamond 1,35,76,,147,126
587,summoner-811460,588,Raél,Diamond 1,35,111,,135,125
588,summoner-89554,589,Levis,Diamond 1,35,75,,108,102
589,summoner-407192,590,Saiito,Diamond 1,35,111,,96,76
590,summoner-6233600,591,Fearuz,Diamond 1,35,47,,81,58
591,summoner-2812518,592,Betty n Jughead,Diamond 1,34,113,,386,361
592,summoner-945098,593,xShinra,Diamond 1,34,108,,240,221
593,summoner-89215,594,Chemamey Annie,Diamond 1,34,102,,173,154
594,summoner-75143,595,Frankyyy,Diamond 1,34,92,,95,76
595,summoner-3972181,596,JorgeFalcon,Diamond 1,34,125,,75,59
596,summoner-3353886,597,IN2U,Diamond 1,34,79,,53,24
597,summoner-178768,598,Johan1g,Diamond 1,33,113,,582,543
598,summoner-55801,599,Fufu v2,Diamond 1,33,101,,357,323
599,summoner-2833877,600,Wåndering,Diamond 1,33,112,,293,275
600,summoner-2460760,601,Cardi Hellshok B,Diamond 1,33,97,,144,134
601,summoner-11180231,602,IrresistibIe,Diamond 1,33,65,,130,104
602,summoner-4180164,603,IIWolfII,Diamond 1,33,120,,98,82
603,summoner-92599,604,BréaK,Diamond 1,32,174,,414,388
604,summoner-3974507,605,FNX Murdock,Diamond 1,32,91,,216,201
605,summoner-464920,606,MLS Alowake,Diamond 1,32,153,,209,195
606,summoner-616451,607,lHayl,Diamond 1,32,68,,170,111
607,summoner-105061,608,brigde,Diamond 1,32,66,,139,109
608,summoner-75351,609,Jalou,Diamond 1,32,63,,126,115
609,summoner-84412,610,Garnidelia,Diamond 1,32,111,,125,118
610,summoner-1240313,611,Böb Toronja,Diamond 1,31,113,,360,347
611,summoner-102547,612,Billyjimi,Diamond 1,31,94,,217,208
612,summoner-559229,613,EdBars,Diamond 1,31,74,,123,109
613,summoner-203508,614,Zeus sekin,Diamond 1,30,67,,236,216
614,summoner-66356,615,Valente,Diamond 1,30,92,,49,26
615,summoner-12410942,616,øAzin,Diamond 1,29,91,,328,283
616,summoner-810941,617,vampirin,Diamond 1,29,141,,129,112
617,summoner-2075465,618,PiniMinero,Diamond 1,29,97,,93,80
618,summoner-30776,619,Romeroski,Diamond 1,28,161,,534,523
619,summoner-3652306,620,Rkman,Diamond 1,28,87,,131,108
620,summoner-40541,621,NeiI,Diamond 1,27,160,,286,269
621,summoner-126471,622,Darkrastar,Diamond 1,27,95,,245,212
622,summoner-173842,623,Drestik,Diamond 1,27,83,,199,197
623,summoner-129455,624,Zutter,Diamond 1,27,121,,69,46
624,summoner-400575,625,IguanaEmbarazada,Diamond 1,27,99,,65,53
625,summoner-3190222,626,rub,Diamond 1,27,71,,58,34
626,summoner-521003,627,Two Guns,Diamond 1,26,109,,316,289
627,summoner-5463135,628,Arepin,Diamond 1,26,103,,304,296
628,summoner-5473629,629,Koko Hekmatier,Diamond 1,25,77,,210,186
629,summoner-22108,630,Mr Clean,Diamond 1,25,83,,197,177
630,summoner-7590935,631,El Lobo,Diamond 1,25,145,,166,142
631,summoner-15221435,632,keurig cup,Diamond 1,25,50,,152,98
632,summoner-205974,633,Wolf Karsa,Diamond 1,25,71,,144,128
633,summoner-6470902,634,Kouke,Diamond 1,25,51,,134,109
634,summoner-2114861,635,abcquiumein,Diamond 1,25,99,,103,64
635,summoner-1549064,636,EL CAPO DE LAN,Diamond 1,25,49,,66,49
636,summoner-13764499,637,Anlvia Guy,Diamond 1,25,41,,57,29
637,summoner-30855,638,Mechs,Diamond 1,24,129,,320,315
638,summoner-853257,639,Luhe,Diamond 1,24,62,,166,125
639,summoner-585102,640,OliviaNyan,Diamond 1,23,60,,121,90
640,summoner-142533,641,Ren ˇuˇ,Diamond 1,23,74,,54,46
641,summoner-1286229,642,madbrizk,Diamond 1,22,103,,307,292
642,summoner-70963,643,MW Tai,Diamond 1,21,89,,131,90
643,summoner-3421358,644,Wazabie,Diamond 1,21,69,,128,71
644,summoner-80398,645,Vipér,Diamond 1,21,80,,109,98
645,summoner-2162915,646,AsprosDeGéminis,Diamond 1,21,48,,102,78
646,summoner-91485,647,Ësperanza,Diamond 1,21,71,,55,36
647,summoner-2301170,648,afreeca,Diamond 1,20,119,,112,105
648,summoner-661943,649,Raf4s06,Diamond 1,20,77,,89,78
649,summoner-11081519,650,Metal Upa,Diamond 1,20,98,,85,62
650,summoner-4211874,651,Cefiro,Diamond 1,20,76,,45,26
651,summoner-4115179,652,She said yes,Diamond 1,19,83,,322,323
652,summoner-3894169,653,Fotógrafo de XV,Diamond 1,19,118,,214,172
653,summoner-164716,654,Oblïvïon,Diamond 1,19,92,,187,180
654,summoner-1118350,655,rey naturaleza,Diamond 1,19,100,,175,163
655,summoner-10283850,656,holaquehacelol 2,Diamond 1,19,94,,156,115
656,summoner-610872,657,Kinnes,Diamond 1,19,90,,93,66
657,summoner-158371,658,Hienas,Diamond 1,18,131,,352,340
658,summoner-153143,659,Jhiinso,Diamond 1,18,118,,262,238
659,summoner-12221708,660,Zoe is Life,Diamond 1,18,109,,174,140
660,summoner-36118,661,eldonas,Diamond 1,18,65,,165,154
661,summoner-137036,662,Nagûra,Diamond 1,18,69,,140,126
662,summoner-878013,663,Im xDeathstrokex,Diamond 1,18,118,,134,109
663,summoner-2912867,664,YuphetS,Diamond 1,18,107,,97,73
664,summoner-939403,665,Ąndrés,Diamond 1,18,100,,90,87
665,summoner-60242,666,NightRD Chelsea,Diamond 1,18,93,,80,55
666,summoner-4773531,667,miiller,Diamond 1,17,124,,392,382
667,summoner-1744540,668,Jeff506,Diamond 1,17,103,,325,309
668,summoner-2052952,669,Beyond,Diamond 1,17,96,,218,208
669,summoner-49588,670,Issei,Diamond 1,17,80,,200,183
670,summoner-3551662,671,Condon,Diamond 1,17,81,,180,163
671,summoner-8031494,672,Ráider,Diamond 1,17,106,,133,126
672,summoner-6521234,673,God of Talon,Diamond 1,17,64,,120,88
673,summoner-1210331,674,BurningShärk,Diamond 1,17,76,,117,106
674,summoner-3464376,675,RV ExiliumSword,Diamond 1,17,57,,97,80
675,summoner-125839,676,Cm TzunK,Diamond 1,17,60,,92,73
676,summoner-207719,677,Wolf Harahel,Diamond 1,17,56,,40,28
677,summoner-77266,678,LaslwS,Diamond 1,16,102,,340,338
678,summoner-3471888,679,DotheDew,Diamond 1,16,148,,304,287
679,summoner-10100134,680,hi am lance,Diamond 1,16,112,,98,78
680,summoner-853456,681,92 Explorer,Diamond 1,15,71,,263,244
681,summoner-72516,682,MedusaDeMar,Diamond 1,15,76,,251,245
682,summoner-105505,683,Verathrím,Diamond 1,15,70,,83,47
683,summoner-7412387,684,Nymphia,Diamond 1,15,40,,57,29
684,summoner-440660,685,Ninjor,Diamond 1,14,93,,366,361
685,summoner-14422529,686,Sensei Totyx,Diamond 1,14,147,,215,201
686,summoner-529633,687,FLA YIYA,Diamond 1,14,100,,202,194
687,summoner-26278,688,AxI,Diamond 1,14,72,,195,183
688,summoner-4900157,689,Stiyl Izayoi,Diamond 1,12,85,,339,320
689,summoner-585104,690,Xory,Diamond 1,12,106,,187,174
690,summoner-1213846,691,Tefi Baka,Diamond 1,12,98,,97,96
691,summoner-7583100,692,Sigil of Balance,Diamond 1,12,44,,87,56
692,summoner-16070139,693,Pyrople,Diamond 1,12,39,,74,37
693,summoner-152094,694,Hiko Lako,Diamond 1,11,77,,182,160
694,summoner-6213262,695,Líkkrit,Diamond 1,11,47,,85,71
695,summoner-21314,696,JeiiZe,Diamond 1,10,57,,92,86
696,summoner-1527045,697,Fupa Milkbone,Diamond 1,10,44,,86,45
697,summoner-6292617,698,Tom Lücitor,Diamond 1,9,89,,92,85
698,summoner-291241,699,KanskaR,Diamond 1,9,40,,75,40
699,summoner-10404302,700,Atomz999,Diamond 1,8,61,,184,115
700,summoner-683204,701,BlackEngel24,Diamond 1,7,159,,611,624
701,summoner-15475985,702,Quve,Diamond 1,7,65,,137,88
702,summoner-8003974,703,128 BPM,Diamond 1,6,60,,136,123
703,summoner-10935968,704,R7 PapiSosa,Diamond 1,6,56,,111,90
704,summoner-3822031,705,Savage Drahga,Diamond 1,5,67,,73,69
705,summoner-2932738,706,Lord Shura,Diamond 1,4,92,,224,214
706,summoner-3865079,707,DleGo,Diamond 1,4,88,,126,113
707,summoner-15433376,708,Draknion,Diamond 1,3,64,,166,125
708,summoner-141948,709,3124560,Diamond 1,3,71,,146,126
709,summoner-7230132,710,lBUBUl,Diamond 1,2,99,,206,197
710,summoner-6333065,711,EsojLeugim,Diamond 1,2,63,,196,136
711,summoner-35658,712,Tomoya san,Diamond 1,2,60,,97,79
712,summoner-822693,713,Fk This Game,Diamond 1,1,119,,255,230
713,summoner-4054538,714,Basura low elo,Diamond 1,1,69,,174,161
714,summoner-1090486,715,Boloman,Diamond 1,1,78,,99,89
715,summoner-424752,716,Zætoz,Diamond 1,0,171,,796,764
716,summoner-9222218,717,xDaCh,Diamond 1,0,156,,559,515
717,summoner-4602310,718,EG Šhy Jungler,Diamond 1,0,146,,433,437
718,summoner-362379,719,Tawwuh,Diamond 1,0,115,,375,354
719,summoner-8341082,720,Master Shifu,Diamond 1,0,127,,371,362
720,summoner-1801041,721,PDS Notorious,Diamond 1,0,110,,369,354
721,summoner-2074323,722,Lupo Bianco,Diamond 1,0,120,,364,354
722,summoner-157951,723,Tav,Diamond 1,0,137,,360,346
723,summoner-84096,724,Buckpeck,Diamond 1,0,94,,342,328
724,summoner-216496,725,Scratchek,Diamond 1,0,111,,314,291
725,summoner-1577866,726,El2Dios,Diamond 2,75,130,,309,306
726,summoner-44735,727,Murmullo,Diamond 1,0,117,,304,282
727,summoner-201602,728,EternityBeast,Diamond 1,0,87,,293,283
728,summoner-85582,729,ZamirZenNt,Diamond 1,0,99,,284,242
729,summoner-4524374,730,GO Chorla,Diamond 1,0,109,,282,257
730,summoner-4760941,731,Beibi Rekkles,Diamond 1,0,118,,275,258
731,summoner-156822,732,Rafaelito15,Diamond 1,0,102,,255,245
732,summoner-680674,733,Illllllll,Diamond 1,0,103,,250,243
733,summoner-3760707,734,Coca de 600ml,Diamond 1,0,99,,230,220
734,summoner-2120351,735,Benns,Diamond 1,0,130,,222,205
735,summoner-203629,736,Lobo Gélido,Diamond 1,0,91,,222,211
736,summoner-4460274,737,Jeziah,Diamond 1,0,75,,221,202
737,summoner-74438,738,Purry,Diamond 1,0,95,,220,234
738,summoner-1061148,739,TwTv elbananolol,Diamond 1,0,91,,218,224
739,summoner-615288,740,STL Eifront,Diamond 1,0,93,,216,207
740,summoner-1594793,741,momo354,Diamond 1,0,60,,198,148
741,summoner-29426,742,FnR Zefdi,Diamond 1,0,114,,197,180
742,summoner-95768,743,King of Memes,Diamond 1,0,88,,196,181
743,summoner-4621038,744,iSeltzer,Diamond 1,0,75,,194,150
744,summoner-527005,745,Purrfect Katido,Diamond 1,0,61,,180,156
745,summoner-10203062,746,el srVładimir,Diamond 1,0,152,,179,137
746,summoner-202912,747,KiluaHaruno,Diamond 1,0,111,,177,183
747,summoner-1034041,748,MVP Poni,Diamond 1,0,88,,175,165
748,summoner-12472445,749,Davô,Diamond 1,0,70,,167,157
749,summoner-2124370,750,Shirõ,Diamond 1,0,123,,161,152
750,summoner-465010,751,Minatozaki Sana,Diamond 1,0,99,,157,141
751,summoner-3652637,752,iBrownie,Diamond 1,0,139,,157,123
752,summoner-15060180,753,SSW Pain,Diamond 1,0,124,,157,119
753,summoner-156989,754,Säck,Diamond 1,0,81,,156,145
754,summoner-326441,755,Krix,Diamond 1,0,129,,155,120
755,summoner-4211612,756,TheQueen Is Back,Diamond 1,0,56,,153,131
756,summoner-53237,757,Barbacoa Salvaje,Diamond 1,0,62,,152,140
757,summoner-536362,758,MTH Zombix,Diamond 1,0,114,,151,142
758,summoner-181649,759,Amonith,Diamond 1,0,70,,148,139
759,summoner-620622,760,Wolf Sáber,Diamond 1,0,67,,140,131
760,summoner-4610480,761,Yung Perez,Diamond 1,0,53,,135,112
761,summoner-69881,762,Nickleaf,Diamond 1,0,70,,133,113
762,summoner-3971911,763,Damn Gøre,Diamond 1,0,121,,131,113
763,summoner-1081104,764,TheLapiz,Diamond 1,0,75,,128,119
764,summoner-327704,765,Dr Mister Señor,Diamond 1,0,53,,128,106
765,summoner-1270181,766,Ryogah,Diamond 1,0,87,,125,80
766,summoner-324547,767,Opponent,Diamond 1,0,78,,125,105
767,summoner-120180,768,Sr Caca,Diamond 1,0,68,,124,108
768,summoner-1326698,769,zerkerfkin1,Diamond 1,0,100,,120,100
769,summoner-1586060,770,DAVIIXZ,Diamond 1,0,50,,118,75
770,summoner-1761953,771,ßastet,Diamond 1,0,69,,114,108
771,summoner-2282751,772,Leé sin,Diamond 1,0,88,,109,100
772,summoner-131151,773,ZoulFox,Diamond 1,0,111,,108,89
773,summoner-382713,774,Sir Legend,Diamond 1,0,53,,106,59
774,summoner-841897,775,Gomez,Diamond 1,0,82,,102,85
775,summoner-31964,776,Merrowgeist,Diamond 1,0,59,,100,90
776,summoner-1540530,777,Buscando a Nami,Diamond 1,0,58,,100,74
777,summoner-1620236,778,Gravy Milkshake,Diamond 1,0,44,,98,44
778,summoner-1286628,779,ExtremeJorraf,Diamond 1,0,43,,98,46
779,summoner-1153917,780,Enrico Pucci,Diamond 1,0,62,,97,79
780,summoner-16521947,781,Jungle Pressure,Diamond 1,0,43,,96,62
781,summoner-2502529,782,cherud,Diamond 1,0,74,,95,79
782,summoner-168968,783,μFrank,Diamond 1,0,83,,85,55
783,summoner-1051669,784,Sinyi,Diamond 1,0,75,,84,71
784,summoner-3373774,785,VEGÉTA,Diamond 1,0,166,,84,55
785,summoner-5910220,786,Pr0mesasKeep,Diamond 1,0,107,,80,64
786,summoner-2620981,787,ONllCHAN,Diamond 1,0,54,,75,55
787,summoner-37177,788,WILL SMITE xD,Diamond 1,0,42,,75,65
788,summoner-79085,789,Dango Daikazoku,Diamond 1,0,87,,74,62
789,summoner-5732873,790,Tigz,Diamond 1,0,45,,72,64
790,summoner-617233,791,Minecraft,Diamond 1,0,58,,71,59
791,summoner-136704,792,Wånheda,Diamond 1,0,52,,66,45
792,summoner-531600,793,Cindy,Diamond 1,0,110,,65,49
793,summoner-126279,794,iPocho,Diamond 1,0,69,,61,51
794,summoner-3353824,795,Feliipe99,Diamond 1,0,51,,59,34
795,summoner-96031,796,thepoisonlol,Diamond 1,0,37,,50,28
796,summoner-14592566,797,qQ tT,Diamond 1,0,45,,47,24
797,summoner-2104807,798,z100DeCilantro,Diamond 1,0,34,,46,8
798,summoner-137596,799,Héroe Heroína,Diamond 2,100,128,,361,346
799,summoner-535215,800,Lp3 Zorua,Diamond 2,100,113,,337,313
800,summoner-8723942,801,AK LocoDan,Diamond 2,100,96,,252,240
801,summoner-1053538,802,Naysek,Diamond 2,100,83,,227,177
802,summoner-13212405,803,Memox JnmR,Diamond 2,100,79,,213,204
803,summoner-667937,804,Mr Cymbal Monkey,Diamond 2,100,85,,193,188
804,summoner-4614723,805,iPlay Top Lane x,Diamond 2,100,49,,158,83
805,summoner-102646,806,Camiloo CM,Diamond 2,100,101,,152,121
806,summoner-5530185,807,PG White Howl,Diamond 2,100,82,,147,125
807,summoner-438655,808,Don iama,Diamond 2,100,66,,129,119
808,summoner-4152826,809,Témpest,Diamond 2,100,118,,124,114
809,summoner-14644121,810,Mäddox,Diamond 2,100,66,,100,79
810,summoner-104267,811,Røger,Diamond 2,100,47,,98,55
811,summoner-281655,812,My Shield,Diamond 2,100,134,,95,83
812,summoner-284685,813,TheDrestik,Diamond 2,100,43,,90,62
813,summoner-115160,814,Critsil,Diamond 2,100,54,,73,57
814,summoner-9543410,815,VelkozCarry,Diamond 2,100,43,,55,19
815,summoner-49539,816,Jelex,Diamond 2,100,62,,38,19
816,summoner-13910607,817,Razzle Dazzle,Diamond 2,99,85,,218,204
817,summoner-13222726,818,Vladímirovich,Diamond 2,98,207,,129,100
818,summoner-936468,819,Zoro1999,Diamond 2,97,110,,337,323
819,summoner-871985,820,CaptnXman,Diamond 2,97,41,,93,54
820,summoner-510492,821,Valkiriq,Diamond 2,96,85,,103,79
821,summoner-2491587,822,Deadly30,Diamond 2,95,63,,122,84
822,summoner-6140183,823,Shauna Shade,Diamond 2,95,42,,50,32
823,summoner-2504008,824,Àkali,Diamond 2,94,49,,69,58
824,summoner-11362100,825,Bronze Five Elo,Diamond 2,92,47,,95,73
825,summoner-547110,826,Kervek,Diamond 2,91,105,,154,117
826,summoner-6312806,827,willyrets,Diamond 2,90,51,,72,48
827,summoner-939450,828,Hayashi Yuki,Diamond 2,88,80,,199,198
828,summoner-3993525,829,Chivo Please,Diamond 2,88,63,,61,29
829,summoner-29658,830,Icarhoos,Diamond 2,87,76,,81,63
830,summoner-1140514,831,ALM Herø,Diamond 2,86,91,,169,162
831,summoner-192497,832,Josiah,Diamond 2,85,121,,214,172
832,summoner-3340628,833,El Pister,Diamond 2,85,68,,156,138
833,summoner-130197,834,Doc Efesoo McFly,Diamond 2,85,72,,151,132
834,summoner-1393157,835,caKestyle,Diamond 2,85,50,,148,107
835,summoner-5250523,836,Reysher,Diamond 2,84,142,,389,379
836,summoner-426567,837,Danyyy,Diamond 2,84,55,,101,92
837,summoner-72987,838,xxkatmaster17xx,Diamond 2,83,104,,127,117
838,summoner-3554258,839,Nina Tucker,Diamond 2,82,80,,234,217
839,summoner-5000438,840,Aterus Loitrewyn,Diamond 2,82,62,,180,157
840,summoner-153936,841,Shadö desu,Diamond 2,82,106,,127,109
841,summoner-70140,842,SKT T1 Chefsíto,Diamond 2,82,152,,105,78
842,summoner-640427,843,Nagą,Diamond 2,81,127,,270,229
843,summoner-127238,844,I2I,Diamond 2,81,71,,253,231
844,summoner-14810283,845,SC Goat,Diamond 2,81,63,,118,81
845,summoner-15130529,846,EL WAPO 2,Diamond 2,81,45,,77,33
846,summoner-310553,847,Atreyu Blacksoul,Diamond 2,80,65,,199,175
847,summoner-5514232,848,RusherZombies,Diamond 2,80,86,,103,93
848,summoner-15300179,849,ØE InKos,Diamond 2,80,41,,70,48
849,summoner-1545283,850,DarkGunsk,Diamond 2,79,87,,176,165
850,summoner-2303396,851,Aegís,Diamond 2,79,97,,150,131
851,summoner-1396111,852,Wolf Kain,Diamond 2,79,82,,132,120
852,summoner-1083624,853,Piano,Diamond 2,78,72,,76,53
853,summoner-14501267,854,D5 HardStuck lul,Diamond 2,77,119,,216,205
854,summoner-1528529,855,hotsonabader,Diamond 2,77,75,,98,89
855,summoner-103138,856,Niquel Cobalto,Diamond 2,76,83,,115,105
856,summoner-125382,857,Arhysha,Diamond 2,76,70,,110,108
857,summoner-9762158,858,lPancito Asesino,Diamond 2,75,134,,348,335
858,summoner-1577866,859,El2Dios,Diamond 2,75,130,,309,306
859,summoner-74366,860,1Cannon,Diamond 2,75,98,,264,259
860,summoner-2603639,861,Fractures,Diamond 2,75,122,,228,231
861,summoner-202746,862,Desperadoo,Diamond 2,75,72,,203,205
862,summoner-270864,863,devztocker,Diamond 2,75,81,,160,148
863,summoner-388374,864,GodSebas,Diamond 2,75,94,,153,126
864,summoner-9841766,865,YugiLAN,Diamond 2,75,65,,152,126
865,summoner-40689,866,Żeta11,Diamond 2,75,91,,149,145
866,summoner-23658,867,Yakuza AmmoStout,Diamond 2,75,99,,146,136
867,summoner-7031100,868,KT GorillA,Diamond 2,75,60,,132,123
868,summoner-15264702,869,OscarSolisG,Diamond 2,75,56,,132,86
869,summoner-1383832,870,Fernandoxx98,Diamond 2,75,99,,130,108
870,summoner-2683559,871,Rodrigo Ces,Diamond 2,75,77,,112,91
871,summoner-86685,872,D9 Zeypher,Diamond 2,75,51,,101,53
872,summoner-124352,873,Toxic Lance,Diamond 2,75,65,,95,65
873,summoner-103181,874,Edgar,Diamond 2,75,82,,89,80
874,summoner-426368,875,Black Fist,Diamond 2,75,77,,83,73
875,summoner-1107797,876,Kuchurrumin,Diamond 2,75,56,,73,55
876,summoner-168175,877,Ruma 01,Diamond 2,75,50,,72,44
877,summoner-14521754,878,His Stan,Diamond 2,75,51,,62,48
878,summoner-561407,879,Edapp,Diamond 2,75,48,,55,41
879,summoner-2282018,880,FelipeL,Diamond 2,75,59,,55,22
880,summoner-792069,881,Feno,Diamond 2,75,42,,49,33
881,summoner-14520424,882,CaritaT Psosa,Diamond 2,75,39,,40,24
882,summoner-2132823,883,CG Dreams,Diamond 2,72,117,,227,217
883,summoner-7670266,884,Electric Sunrise,Diamond 2,72,57,,144,98
884,summoner-435135,885,Sanae,Diamond 2,72,124,,116,94
885,summoner-524800,886,Mewby,Diamond 2,71,90,,207,189
886,summoner-57100,887,Wander Senpai,Diamond 2,71,71,,157,144
887,summoner-13860599,888,NLX Alovs,Diamond 2,71,81,,153,116
888,summoner-373682,889,Snurbox,Diamond 2,71,64,,145,134
889,summoner-13892126,890,márquez vladimir,Diamond 2,71,58,,74,59
890,summoner-467037,891,TDM Kauffmann,Diamond 2,70,136,,287,282
891,summoner-304000,892,Ladyhawke,Diamond 2,70,112,,109,98
892,summoner-7570803,893,NanoSauriu,Diamond 2,69,143,,217,209
893,summoner-12323358,894,Falconzs,Diamond 2,69,71,,128,120
894,summoner-349707,895,Ferruccio,Diamond 2,69,66,,46,36
895,summoner-2440596,896,Tenki,Diamond 2,68,83,,297,257
896,summoner-1605378,897,Robertiño,Diamond 2,68,70,,174,162
897,summoner-3680381,898,Lavenza,Diamond 2,68,65,,62,50
898,summoner-79800,899,Dr Cero MD,Diamond 2,68,36,,42,26
899,summoner-177321,900,KCG Arsa 1,Diamond 2,68,69,,39,17
900,summoner-3110343,901,Hikari Spirit,Diamond 2,67,108,,140,130
901,summoner-627606,902,Siegman xd,Diamond 2,67,68,,93,91
902,summoner-4940271,903,Lapara23,Diamond 2,67,56,,77,60
903,summoner-87773,904,Garbage Riven,Diamond 2,67,87,,47,33
904,summoner-6532535,905,PhinxSitoO,Diamond 2,66,116,,456,438
905,summoner-5320190,906,GT Ofwar,Diamond 2,66,112,,234,216
906,summoner-1010698,907,DTD HellBlaxer,Diamond 2,66,96,,138,127
907,summoner-649440,908,xxxKALINDORxxx,Diamond 2,66,48,,105,76
908,summoner-282266,909,Raaay,Diamond 2,66,49,,76,68
909,summoner-143341,910,Mr HotCake,Diamond 2,65,139,,118,112
910,summoner-5041563,911,DukiT,Diamond 2,65,84,,94,70
911,summoner-9230363,912,Wonder,Diamond 2,65,40,,93,53
912,summoner-3651645,913,No soy Nishkyu,Diamond 2,64,124,,340,335
913,summoner-53584,914,KingFish,Diamond 2,64,91,,239,225
914,summoner-27961,915,AlexZetroc,Diamond 2,64,70,,236,218
915,summoner-280715,916,The Blind King,Diamond 2,64,94,,236,229
916,summoner-137626,917,Waverly Place,Diamond 2,64,76,,80,67
917,summoner-14471755,918,Hisie,Diamond 2,64,67,,72,71
918,summoner-15880480,919,TRUMPS WALLS,Diamond 2,63,38,,58,24
919,summoner-4003201,920,ADC SLAYER KR,Diamond 2,62,89,,251,248
920,summoner-51178,921,StraiderV2,Diamond 2,62,121,,240,230
921,summoner-1374477,922,Ultimate Hunter,Diamond 2,62,118,,219,211
922,summoner-438523,923,King Jon,Diamond 2,62,116,,196,180
923,summoner-16132923,924,llIlllllllllIll,Diamond 2,62,43,,107,75
924,summoner-532418,925,DOKKAEBI,Diamond 2,62,50,,50,23
925,summoner-6001640,926,xXvastagoXx,Diamond 2,61,46,,137,98
926,summoner-181748,927,BunnBunnn,Diamond 2,60,92,,153,141
927,summoner-1153925,928,Seis Colores,Diamond 2,59,112,,224,208
928,summoner-9991796,929,Esaeon,Diamond 2,59,71,,215,222
929,summoner-192614,930,Nelsohn,Diamond 2,59,92,,172,166
930,summoner-92344,931,REKKLES FAN No 1,Diamond 2,59,65,,140,124
931,summoner-24111,932,jorgepereda,Diamond 2,59,70,,138,91
932,summoner-624349,933,WDs Happy,Diamond 2,59,67,,134,132
933,summoner-11310674,934,Useless Kogmaw,Diamond 2,59,48,,105,66
934,summoner-168620,935,Pingwii,Diamond 2,58,124,,318,307
935,summoner-1000537,936,lMaluma,Diamond 2,58,127,,185,174
936,summoner-25191,937,Dez x,Diamond 2,58,79,,136,123
937,summoner-1296476,938,CB Jetfree,Diamond 2,58,94,,124,96
938,summoner-212515,939,Sleepwire,Diamond 2,58,57,,107,65
939,summoner-530824,940,Azure Rathalos,Diamond 2,57,64,,216,176
940,summoner-9150152,941,Justin LFT,Diamond 2,57,86,,213,199
941,summoner-16280146,942,Strong Armed Jax,Diamond 2,57,49,,172,131
942,summoner-1608913,943,BaconEater,Diamond 2,57,80,,169,169
943,summoner-158642,944,Arclightdlx,Diamond 2,57,49,,130,68
944,summoner-4573722,945,Hielø,Diamond 2,57,115,,123,114
945,summoner-12924336,946,Panqué,Diamond 2,57,73,,96,70
946,summoner-5210476,947,BlackDestinity,Diamond 2,56,113,,101,73
947,summoner-94458,948,Nevohteeb,Diamond 2,55,114,,158,137
948,summoner-529543,949,La La Lanthys,Diamond 2,55,79,,152,143
949,summoner-21126,950,punketo,Diamond 2,55,66,,101,93
950,summoner-667249,951,Synyst3r,Diamond 2,54,130,,172,159
951,summoner-1313311,952,SnowBoyz,Diamond 2,54,137,,170,160
952,summoner-1395671,953,skillmouze,Diamond 2,54,136,,170,169
953,summoner-166473,954,BlackThief,Diamond 2,54,71,,110,106
954,summoner-423722,955,Luiixs,Diamond 2,54,57,,96,79
955,summoner-74991,956,CaMo,Diamond 2,54,60,,65,48
956,summoner-8540147,957,HandGün,Diamond 2,53,87,,241,239
957,summoner-1321419,958,Yüge,Diamond 2,53,121,,150,135
958,summoner-612876,959,Lunka,Diamond 2,53,85,,113,74
959,summoner-1041975,960,Murillo Sama,Diamond 2,53,49,,79,76
960,summoner-4560150,961,Dracs,Diamond 2,52,77,,243,200
961,summoner-294667,962,jinxý,Diamond 2,52,46,,48,34
962,summoner-1742223,963,Le meilleur,Diamond 2,51,106,,414,384
963,summoner-32327,964,Q flojera,Diamond 2,51,67,,161,136
964,summoner-4691320,965,7RS Zaot,Diamond 2,51,109,,131,129
965,summoner-293748,966,Lemo Senpai,Diamond 2,51,117,,121,119
966,summoner-33010,967,TheNarosOne,Diamond 2,51,94,,98,96
967,summoner-4082449,968,Ðead Høpe,Diamond 2,51,83,,75,54
968,summoner-4772253,969,VeraHilarious,Diamond 2,51,35,,54,22
969,summoner-190303,970,Shadow Flying,Diamond 2,50,94,,226,220
970,summoner-3472243,971,KT Sotelo,Diamond 2,50,99,,185,148
971,summoner-1738474,972,hituku,Diamond 2,49,79,,234,146
972,summoner-2135855,973,Dopa Baby,Diamond 2,49,97,,199,175
973,summoner-1162922,974,Ascéndant,Diamond 2,49,104,,172,157
974,summoner-1391305,975,Guthix18,Diamond 2,49,70,,107,94
975,summoner-84791,976,DragonRedBlood,Diamond 2,49,37,,67,26
976,summoner-4741700,977,GalaxyEsther,Diamond 2,49,35,,54,22
977,summoner-3661729,978,GT SkyZir,Diamond 2,48,104,,166,157
978,summoner-170113,979,MTT Young Savage,Diamond 2,47,126,,224,212
979,summoner-173564,980,Rylin,Diamond 2,47,90,,154,109
980,summoner-946863,981,ªTheEvolutionª,Diamond 2,47,100,,101,91
981,summoner-383752,982,SW Lushen,Diamond 2,46,71,,134,107
982,summoner-4850748,983,Dovah King,Diamond 2,46,126,,103,89
983,summoner-455859,984,Pìka,Diamond 2,46,79,,87,83
984,summoner-8320920,985,Lapierre,Diamond 2,45,80,,126,114
985,summoner-1371071,986,Prøphet,Diamond 2,44,136,,261,247
986,summoner-7163996,987,Capchii,Diamond 2,44,80,,81,71
987,summoner-5991957,988,l MikyWoodz l,Diamond 2,43,106,,219,182
988,summoner-299669,989,AnT Shield,Diamond 2,43,89,,89,78
989,summoner-400173,990,NutCoco,Diamond 2,43,57,,82,73
990,summoner-7561560,991,Diana Cavendîsh,Diamond 2,43,81,,78,52
991,summoner-69999,992,Podz,Diamond 2,43,84,,76,61
992,summoner-426497,993,Baby Sonic,Diamond 2,43,46,,62,58
993,summoner-11971334,994,Venen1nMAKIO,Diamond 2,43,51,,57,24
994,summoner-4650487,995,CORPUSHD,Diamond 2,42,88,,233,223
995,summoner-3330763,996,Selenior,Diamond 2,42,136,,215,189
996,summoner-2023491,997,G2 Boyem,Diamond 2,42,62,,171,167
997,summoner-389077,998,Fìro,Diamond 2,41,131,,381,371
998,summoner-150207,999,DvD Pan Blandito,Diamond 2,41,74,,196,185
999,summoner-301036,1000,Im ArianaGrande,Diamond 2,41,100,,115,98
