#timestamp 1529744417483
#date 2018-06-23T09:00:17+00:00
#players 1000
#index,id,rank,name,tier,lp,level,proTeam,win,loss
0,summoner-14010487,1,たこ焼きぼーい,Challenger,1034,55,,157,82
1,summoner-13420191,2,aki0831,Challenger,1000,106,,148,91
2,summoner-6171199,3,ThintoN,Challenger,994,114,,328,289
3,summoner-9030192,4,Sao Yuuki Konno,Challenger,1013,128,,153,123
4,summoner-6183608,5,むんなたん,Challenger,897,103,,161,121
5,summoner-6181882,6,Hlde on bush,Challenger,889,71,,178,134
6,summoner-6225446,7,CarterV15,Challenger,847,90,,323,295
7,summoner-6162856,8,stridershen,Challenger,846,102,,343,312
8,summoner-6187061,9,GaengMoyashi,Challenger,820,66,,158,120
9,summoner-6617806,10,いぬだお,Challenger,740,140,,201,146
10,summoner-6185542,11,エビルリフト,Challenger,744,50,,78,46
11,summoner-6920293,12,SKT T1 Fakeru,Challenger,740,86,,152,84
12,summoner-6183732,13,pveman,Challenger,701,93,,167,147
13,summoner-14060127,14,YutoriGaeng,Challenger,704,47,,133,87
14,summoner-13520233,15,A Kat,Challenger,693,73,,165,137
15,summoner-7651004,16,VX 862097141,Challenger,692,89,,194,157
16,summoner-6312300,17,Roki,Challenger,670,64,,144,116
17,summoner-9290195,18,PCG PhantomDeath,Challenger,626,96,,198,156
18,summoner-13280127,19,Diviv,Challenger,620,47,,96,59
19,summoner-13450158,20,V3 ionz,Challenger,576,57,,122,77
20,summoner-6341081,21,Cwn,Challenger,569,164,,145,116
21,summoner-11630173,22,Quickdravv,Challenger,555,135,,145,127
22,summoner-6162717,23,Alchemyst,Challenger,551,126,,150,114
23,summoner-6161010,24,TopXiaochen,Challenger,546,78,,123,105
24,summoner-6295623,25,ecaA,Challenger,538,106,,143,125
25,summoner-6174953,26,運げーｗ,Challenger,515,97,,189,166
26,summoner-12181052,27,HEOES,Challenger,514,140,,175,155
27,summoner-6471274,28,yorooozu,Challenger,504,46,,94,80
28,summoner-6170784,29,TOXIC JUNGLE,Challenger,467,58,,85,70
29,summoner-6290144,30,スケット,Challenger,494,86,,270,240
30,summoner-14060158,31,QQQQQQQQQQQQQQQ,Challenger,484,75,,108,80
31,summoner-6189589,32,Ametuyu,Challenger,466,118,,118,104
32,summoner-6162602,33,아이유,Challenger,455,93,,280,250
33,summoner-6181591,34,Po1yp,Challenger,450,104,,185,157
34,summoner-6171527,35,Yorushika,Challenger,445,143,,162,133
35,summoner-6182974,36,あきひさ,Challenger,438,75,,157,139
36,summoner-6320643,37,GraceEye,Challenger,426,89,,252,235
37,summoner-7281138,38,yume,Challenger,424,137,,189,152
38,summoner-13122298,39,ミルクリスピー,Challenger,421,47,,106,69
39,summoner-11660523,40,カレンちゃん,Challenger,413,124,,211,183
40,summoner-6181527,41,ふぁんろん,Challenger,411,74,,217,190
41,summoner-9120163,42,Pajeon so good,Challenger,409,57,,99,61
42,summoner-6181586,43,tatsro,Challenger,402,393,,596,572
43,summoner-7520625,44,Twisted寺田心,Challenger,393,62,,114,83
44,summoner-12290163,45,Iny Monologuey,Challenger,392,88,,82,62
45,summoner-7301005,46,Neetkids,Challenger,391,181,,432,413
46,summoner-14150604,47,木子希,Challenger,382,63,,82,38
47,summoner-6167327,48,雄 飛,Challenger,381,119,,150,132
48,summoner-6168586,49,wswgou,Challenger,379,95,,502,463
49,summoner-6305622,50,cat plz,Challenger,378,56,,160,127
50,summoner-13260704,51,WanderingPro,Challenger,369,80,,209,163
51,summoner-6171027,52,Melus,Challenger,368,63,,184,173
52,summoner-7120713,53,機動戦士ガべダム,Challenger,357,68,,120,111
53,summoner-6691911,54,yüki,Challenger,353,74,,264,241
54,summoner-9740283,55,Zed or Ded,Challenger,353,66,,171,155
55,summoner-6734378,56,Momoモモ,Challenger,350,47,,106,90
56,summoner-6184800,57,Hero Mechanic,Challenger,344,77,,211,199
57,summoner-9212051,58,i am 98k,Challenger,330,146,,393,381
58,summoner-6188389,59,meru meraka,Challenger,350,85,,181,158
59,summoner-6305817,60,KissOnlyOneLady,Challenger,320,97,,322,315
60,summoner-6680506,61,yuuwo god,Challenger,313,74,,127,101
61,summoner-6179611,62,大田ＪＡＰＡＮ,Challenger,294,128,,398,383
62,summoner-6365652,63,shacosu,Challenger,329,71,,188,159
63,summoner-6192635,64,Hanimaru,Challenger,303,76,,155,143
64,summoner-6172367,65,find me,Challenger,278,88,,345,339
65,summoner-6310793,66,Her Sweet Boy,Challenger,277,58,,83,71
66,summoner-6449644,67,Pew,Challenger,270,110,,222,181
67,summoner-6181437,68,LetMing,Challenger,270,96,,165,153
68,summoner-6167512,69,rainadazo,Challenger,268,83,,99,79
69,summoner-6400437,70,れ ぼ,Challenger,267,44,,105,53
70,summoner-14070227,71,KZ DRAGONCARSΕX,Challenger,266,64,,244,195
71,summoner-6632946,72,じゅん,Challenger,247,108,,112,106
72,summoner-8910191,73,matosan21,Challenger,264,65,,94,69
73,summoner-6250574,74,Clover,Challenger,261,76,,164,158
74,summoner-8860668,75,黒バブ,Challenger,261,59,,141,128
75,summoner-6291817,76,いぬが操作中,Challenger,260,113,,155,134
76,summoner-6298948,77,buff Zephyr,Challenger,257,92,,163,152
77,summoner-6175403,78,Poros,Challenger,250,110,,224,219
78,summoner-6295790,79,隆Dq貢,Challenger,239,110,,130,119
79,summoner-6292386,80,マスタージョージ3,Challenger,236,78,,119,114
80,summoner-8890333,81,あちゃももっ,Challenger,230,71,,143,137
81,summoner-6161825,82,りんヴェン,Challenger,230,89,,94,78
82,summoner-6335850,83,七彩狐,Challenger,229,47,,65,37
83,summoner-6315148,84,ましょだお,Challenger,200,104,,188,171
84,summoner-6460863,85,pihiro,Challenger,227,110,,166,164
85,summoner-6309663,86,only CLANE,Challenger,224,41,,79,41
86,summoner-6322522,87,Manimo,Challenger,222,91,,250,245
87,summoner-12851356,88,make it,Challenger,221,102,,447,398
88,summoner-6185077,89,rusaryka,Challenger,197,97,,142,137
89,summoner-13680130,90,Not Taka,Challenger,214,59,,135,112
90,summoner-9230807,91,プチターク,Challenger,212,112,,196,168
91,summoner-6712777,92,ULookSoCharming,Challenger,210,58,,158,152
92,summoner-6183091,93,ぼ や ぁ,Challenger,206,103,,202,169
93,summoner-6164660,94,BullchaN,Challenger,201,104,,137,132
94,summoner-10170282,95,ヤスオ姫,Challenger,197,84,,291,261
95,summoner-6172424,96,アホ蛙,Challenger,197,97,,193,189
96,summoner-6165391,97,吉ｘ岡,Challenger,197,114,,181,172
97,summoner-6891191,98,竜騎士ガイア星7,Challenger,195,79,,205,162
98,summoner-6160347,99,Sphày,Challenger,194,122,,161,135
99,summoner-6177133,100,binlingual,Challenger,189,103,,178,140
100,summoner-8630207,101,sad little taka,Challenger,184,65,,165,158
101,summoner-6181492,102,Pulsar B1257 12A,Challenger,181,125,,310,311
102,summoner-6335559,103,神速三段突き,Challenger,181,74,,165,153
103,summoner-6584337,104,R1cky,Challenger,178,161,,516,496
104,summoner-8690328,105,Blue baldness,Challenger,178,79,,296,281
105,summoner-6170012,106,Makinyan,Challenger,171,118,,276,262
106,summoner-7781117,107,霞ヶ丘 詩羽,Challenger,171,51,,98,77
107,summoner-6309437,108,Kinrow,Challenger,154,74,,91,68
108,summoner-6174703,109,reaI gankster,Challenger,164,97,,160,149
109,summoner-6693927,110,Son of IgNar,Challenger,162,78,,150,141
110,summoner-6301134,111,Macadog,Challenger,161,116,,266,256
111,summoner-10921145,112,丶ShiN,Challenger,160,153,,499,495
112,summoner-6172000,113,ピンクビーン,Challenger,160,54,,151,136
113,summoner-6185975,114,XJR1200,Challenger,159,96,,142,134
114,summoner-6160488,115,かずーた,Challenger,153,88,,190,191
115,summoner-6339619,116,やじう,Challenger,153,61,,143,133
116,summoner-14251050,117,Tilterella,Challenger,152,40,,80,47
117,summoner-6294950,118,劣等生,Challenger,151,90,,185,176
118,summoner-7161319,119,täka,Challenger,149,61,,172,133
119,summoner-6189451,120,Arfoad,Challenger,138,95,,231,226
120,summoner-6331505,121,フレンド募集だよ,Challenger,137,128,,461,427
121,summoner-11730304,122,金テユン,Challenger,134,92,,357,341
122,summoner-6186070,123,Yxxl,Challenger,131,75,,157,160
123,summoner-6313173,124,Luches,Challenger,130,52,,79,58
124,summoner-13030412,125,i want ljl duo,Challenger,128,53,,92,64
125,summoner-6334278,126,Jungle or dodge,Challenger,126,44,,101,67
126,summoner-6178280,127,西野 七瀬,Challenger,126,49,,97,74
127,summoner-8900274,128,Good bye,Challenger,125,74,,194,160
128,summoner-8970997,129,Kreative,Challenger,121,79,,150,144
129,summoner-6170952,130,Kaoru RabbyHouse,Challenger,120,115,,317,297
130,summoner-6180335,131,deusdamandioca,Challenger,118,93,,205,201
131,summoner-6314778,132,teraares,Challenger,116,101,,501,499
132,summoner-13440164,133,中卒あやみ,Challenger,105,57,,71,50
133,summoner-10730180,134,一番弟子,Challenger,104,80,,282,252
134,summoner-6347695,135,strider hiryu,Challenger,100,112,,351,327
135,summoner-6296785,136,すたこ,Challenger,97,106,,272,256
136,summoner-6296070,137,cjik0aw2jqnm5uiq,Challenger,86,80,,130,114
137,summoner-6162796,138,Harunika,Challenger,84,56,,90,84
138,summoner-6318472,139,炬燵猫,Challenger,80,117,,233,233
139,summoner-7231033,140,RooRst,Challenger,79,118,,244,236
140,summoner-6172110,141,hail and thunder,Challenger,79,70,,161,154
141,summoner-6290656,142,Pontaloid,Challenger,77,53,,91,79
142,summoner-6293194,143,あんでぃ,Challenger,76,100,,147,151
143,summoner-6310287,144,i have ten JB,Challenger,75,86,,143,134
144,summoner-6432935,145,寒音真咲,Challenger,74,91,,227,236
145,summoner-6177526,146,Disney Sea,Challenger,74,56,,69,56
146,summoner-13020818,147,桜の木の下の咲子,Challenger,73,41,,97,65
147,summoner-6161879,148,笙歌醉夢間,Challenger,72,103,,83,73
148,summoner-6180545,149,Haropoppy,Challenger,65,98,,303,301
149,summoner-6190278,150,ねのぎだよ,Challenger,63,96,,210,206
150,summoner-6161059,151,gottui,Challenger,78,81,,210,189
151,summoner-6168193,152,はろーぱいせん,Challenger,55,118,,174,151
152,summoner-13850682,153,MagicgirlAnnie,Challenger,53,39,,66,27
153,summoner-6180912,154,ポカスカジャン,Challenger,52,157,,221,205
154,summoner-6298267,155,ふじもと,Challenger,52,124,,202,211
155,summoner-6300172,156,tonarinotomato,Challenger,52,82,,178,142
156,summoner-6174606,157,AimerLend,Challenger,71,62,,110,96
157,summoner-6470919,158,Aоi,Challenger,50,124,,499,472
158,summoner-6175146,159,山嶺巨人郭敬明,Challenger,50,93,,235,225
159,summoner-6181253,160,まあたそ,Challenger,50,93,,154,141
160,summoner-10600170,161,Tribute,Challenger,47,69,,225,209
161,summoner-6301770,162,ゆてん,Challenger,45,114,,87,83
162,summoner-6176255,163,Ninja of Ninjas,Challenger,44,104,,367,371
163,summoner-6298473,164,7010,Challenger,42,111,,405,383
164,summoner-6348796,165,MERRYJANEe,Challenger,42,88,,151,127
165,summoner-6163447,166,の ぁ,Challenger,40,161,,319,299
166,summoner-9581269,167,ぁｈｆｋぁんふぁ,Challenger,37,62,,236,194
167,summoner-9290228,168,Rinas3,Challenger,34,47,,98,77
168,summoner-14120904,169,ssrzzv,Challenger,33,48,,138,93
169,summoner-6616296,170,わゎゎゎゎゎゎゎ,Challenger,32,157,,236,206
170,summoner-6182369,171,ソーマ,Challenger,28,97,,138,141
171,summoner-6810221,172,Apocalys,Challenger,27,84,,171,177
172,summoner-6702724,173,androp,Challenger,25,108,,171,165
173,summoner-8291154,174,ˆºˆŠhadyˆºˆ,Challenger,24,127,,292,271
174,summoner-6490682,175,霞ヶ丘詩羽先輩,Challenger,38,116,,192,192
175,summoner-6700426,176,Josh,Challenger,23,164,,218,174
176,summoner-10330185,177,普通のサポート,Challenger,23,68,,138,137
177,summoner-6181735,178,usg がりある,Challenger,19,108,,137,132
178,summoner-6179419,179,みんなつよいです,Challenger,18,100,,247,250
179,summoner-6167765,180,RushRush,Challenger,16,120,,363,342
180,summoner-10590146,181,PING999GGINKOREA,Challenger,16,62,,150,112
181,summoner-6171638,182,あるぱこ,Challenger,16,81,,105,92
182,summoner-6591850,183,HikikomoriSupp,Challenger,15,54,,174,159
183,summoner-6167876,184,德玛西亚 赵信,Challenger,13,87,,286,281
184,summoner-6171261,185,えなめる,Challenger,13,105,,281,285
185,summoner-6186097,186,Novita,Challenger,13,125,,245,244
186,summoner-6342555,187,オタク,Challenger,12,131,,128,128
187,summoner-14110549,188,Bitte tragen,Challenger,12,38,,67,28
188,summoner-6346631,189,kamikazes,Challenger,9,130,,569,538
189,summoner-6334109,190,ImberLord,Challenger,7,87,,88,76
190,summoner-13240741,191,代行2,Challenger,4,43,,75,50
191,summoner-6672888,192,コグマウ,Challenger,0,147,,673,682
192,summoner-9810252,193,ai0c0,Challenger,0,153,,413,423
193,summoner-6179943,194,SWJ Sirotama,Challenger,0,189,,410,400
194,summoner-6178156,195,スターアライズ,Challenger,0,72,,240,238
195,summoner-13081132,196,きりりん,Challenger,0,80,,230,215
196,summoner-6690754,197,Pomchan,Challenger,0,73,,229,233
197,summoner-7970299,198,eji,Challenger,0,95,,215,212
198,summoner-6168756,199,ちぇすと,Challenger,0,111,,195,196
199,summoner-6161600,200,Resistance,Challenger,0,146,,144,128
200,summoner-9400627,201,BQB Hollis,Master,102,39,,36,16
201,summoner-6161191,202,SuddenImpact,Master,8,90,,142,133
202,summoner-6188164,203,ryo riven baka,Master,0,173,,280,256
203,summoner-12340710,204,Yuupo,Master,0,48,,109,68
204,summoner-6694471,205,kimunyan,Master,0,50,,65,43
205,summoner-6180567,206,Yoshioka fanboy,Diamond 1,100,118,,235,196
206,summoner-6460338,207,LJL LCK,Diamond 1,100,124,,79,31
207,summoner-12892095,208,Matou SakuLago,Diamond 1,100,45,,69,43
208,summoner-7990200,209,GIRAFFE BLUES,Diamond 1,98,123,,94,73
209,summoner-12440529,210,XJ9,Diamond 1,98,42,,77,54
210,summoner-12780571,211,RumbleMidGG,Diamond 1,94,100,,419,373
211,summoner-7650619,212,金之助,Diamond 1,94,74,,148,126
212,summoner-6184102,213,kazujyou,Diamond 1,94,53,,63,51
213,summoner-6306421,214,Te eT me,Diamond 1,92,66,,63,50
214,summoner-13300155,215,ELSSUT,Diamond 1,91,42,,60,38
215,summoner-6325043,216,Pegboard,Diamond 1,90,130,,343,319
216,summoner-6662039,217,Voss,Diamond 1,90,72,,222,199
217,summoner-6263116,218,メンヘラアカリ,Diamond 1,90,69,,178,134
218,summoner-6695082,219,kyu3,Diamond 1,90,64,,164,139
219,summoner-9280138,220,ナポの負けです,Diamond 1,90,64,,121,82
220,summoner-10630472,221,斉藤さんだぞおお,Diamond 1,90,65,,106,61
221,summoner-12640175,222,에이스,Diamond 1,90,49,,84,55
222,summoner-6177760,223,ナポです,Diamond 1,90,46,,78,57
223,summoner-13082345,224,あいのり,Diamond 1,90,66,,76,40
224,summoner-6185511,225,爆買渡米人Mid,Diamond 1,90,49,,72,49
225,summoner-6160589,226,Edicimoh,Diamond 1,90,64,,71,53
226,summoner-6162519,227,日村勇紀,Diamond 1,90,96,,69,67
227,summoner-6310421,228,つめたいアイス,Diamond 1,100,104,,61,45
228,summoner-7032219,229,サラブリマンダラ,Diamond 1,90,47,,59,45
229,summoner-6185209,230,紫乃花,Diamond 1,90,82,,57,43
230,summoner-6160480,231,いだゆうき,Diamond 1,90,114,,52,51
231,summoner-6180960,232,yasai7428,Diamond 1,90,90,,49,44
232,summoner-6700902,233,josette1,Diamond 1,90,54,,43,24
233,summoner-6830422,234,やさいちゃん,Diamond 1,90,43,,41,33
234,summoner-6438330,235,ʚLove Storyɞ,Diamond 1,89,96,,154,132
235,summoner-6310277,236,telite,Diamond 1,89,123,,41,22
236,summoner-6168578,237,TMR,Diamond 1,87,111,,120,90
237,summoner-6613009,238,Kiyio1997,Diamond 1,83,103,,444,415
238,summoner-9251049,239,sonaka,Diamond 1,83,48,,65,37
239,summoner-6342265,240,Rer Chino,Diamond 1,82,64,,109,90
240,summoner-6178586,241,あまねくん,Diamond 1,82,97,,73,62
241,summoner-6782630,242,Asterisk,Diamond 1,81,38,,48,35
242,summoner-6182103,243,Looking for mom,Diamond 1,80,121,,117,107
243,summoner-6471239,244,kunisu,Diamond 1,80,124,,47,43
244,summoner-6177317,245,Kayahaak,Diamond 1,79,70,,91,86
245,summoner-6295370,246,純 白,Diamond 1,78,97,,90,87
246,summoner-9640424,247,GoGoラスカル,Diamond 1,78,51,,65,56
247,summoner-8620958,248,Revelate,Diamond 1,77,70,,62,49
248,summoner-6293906,249,Rimlet,Diamond 1,76,101,,88,89
249,summoner-6178301,250,友達いない,Diamond 1,76,46,,87,49
250,summoner-6190805,251,Oasis,Diamond 1,75,95,,398,383
251,summoner-6163765,252,俺はs6チャレだぞ,Diamond 1,75,93,,292,286
252,summoner-6692581,253,日本工学院蒲田校,Diamond 1,75,124,,246,209
253,summoner-12620351,254,Cold2,Diamond 1,75,113,,222,206
254,summoner-8000222,255,yukime,Diamond 1,75,65,,202,187
255,summoner-6682604,256,aszxd,Diamond 1,75,65,,191,149
256,summoner-6161384,257,BQB knot,Diamond 1,75,65,,190,146
257,summoner-8051232,258,laining,Diamond 1,75,82,,181,163
258,summoner-6310169,259,Swift U,Diamond 1,75,78,,175,162
259,summoner-7391403,260,ちょばむ,Diamond 1,75,72,,166,146
260,summoner-6831275,261,LYNN,Diamond 1,75,80,,164,151
261,summoner-13270147,262,詩 花,Diamond 1,75,63,,162,121
262,summoner-6310837,263,なぎさ親衛隊隊長,Diamond 1,75,74,,150,129
263,summoner-6461417,264,熱のど鼻にルル,Diamond 1,75,59,,146,132
264,summoner-6831880,265,Roger,Diamond 1,75,76,,133,116
265,summoner-6706604,266,Andexi,Diamond 1,75,62,,128,120
266,summoner-13270697,267,みやみず みつは,Diamond 1,75,54,,128,70
267,summoner-13910902,268,3etRiia,Diamond 1,75,49,,128,94
268,summoner-6165439,269,Cellier,Diamond 1,75,66,,127,95
269,summoner-6349800,270,未 来,Diamond 1,75,138,,123,115
270,summoner-14170136,271,SpringtT,Diamond 1,75,44,,123,79
271,summoner-9550126,272,お弁当のパセリ,Diamond 1,75,97,,118,109
272,summoner-6184494,273,凸凸凸凸,Diamond 1,75,95,,117,115
273,summoner-6324922,274,ironkuzu,Diamond 1,75,47,,115,88
274,summoner-6161547,275,赤バフ,Diamond 1,75,94,,112,110
275,summoner-9242269,276,MajokkoMirakurun,Diamond 1,75,46,,109,63
276,summoner-6334954,277,みそかつ,Diamond 1,75,97,,107,83
277,summoner-6181771,278,ZouSenpai,Diamond 1,75,75,,104,90
278,summoner-8311557,279,연속살인마,Diamond 1,75,57,,102,77
279,summoner-8650321,280,AdrickSY,Diamond 1,75,74,,99,83
280,summoner-13850984,281,KOREA MID,Diamond 1,75,42,,93,61
281,summoner-6173331,282,Wingz of Justice,Diamond 1,75,71,,70,61
282,summoner-13930183,283,PTE Taka,Diamond 1,75,49,,69,56
283,summoner-6188710,284,asroc,Diamond 1,75,48,,66,48
284,summoner-6171873,285,Estelim,Diamond 1,75,63,,63,63
285,summoner-14240637,286,Ardent Boy,Diamond 1,75,36,,53,24
286,summoner-6695814,287,SCP 8900 EX,Diamond 1,75,66,,51,50
287,summoner-6187427,288,料亭の味,Diamond 1,75,68,,43,38
288,summoner-7410667,289,Dârius Bot,Diamond 1,75,41,,42,25
289,summoner-7630188,290,o3o,Diamond 1,74,43,,40,34
290,summoner-6693006,291,Nakamo Bot,Diamond 1,71,58,,181,158
291,summoner-6323993,292,ぶるぶるブルーク,Diamond 1,71,57,,133,123
292,summoner-8950510,293,XiL,Diamond 1,71,48,,108,99
293,summoner-6311006,294,ぱおうるむー,Diamond 1,71,67,,96,73
294,summoner-6314686,295,Lynss,Diamond 1,71,41,,65,52
295,summoner-8851286,296,LastSurprise,Diamond 1,71,57,,60,44
296,summoner-6292286,297,SlashFF,Diamond 1,70,86,,95,87
297,summoner-6341644,298,Snowball,Diamond 1,70,68,,95,91
298,summoner-6272644,299,小原鞠莉,Diamond 1,68,51,,74,50
299,summoner-8000226,300,周熙璇,Diamond 1,67,71,,122,122
300,summoner-8000226,301,周熙璇,Diamond 1,67,71,,122,122
301,summoner-6682419,302,good player98,Diamond 1,67,50,,79,64
302,summoner-14240638,303,Ardent Girl,Diamond 1,67,36,,53,25
303,summoner-6172979,304,Abukun,Diamond 1,66,83,,48,37
304,summoner-6178225,305,qaz,Diamond 1,65,86,,117,100
305,summoner-6163261,306,A Ganker,Diamond 1,65,47,,73,50
306,summoner-6171007,307,siina17,Diamond 1,65,70,,44,41
307,summoner-6662388,308,alFJ,Diamond 1,64,48,,51,41
308,summoner-8171326,309,hizikimogura,Diamond 1,63,62,,125,84
309,summoner-6312631,310,りんな,Diamond 1,63,127,,102,100
310,summoner-9810251,311,MoreMore,Diamond 1,63,83,,66,50
311,summoner-6185155,312,Snowy,Diamond 1,61,62,,106,104
312,summoner-6387948,313,kalusu,Diamond 1,61,115,,100,78
313,summoner-6164040,314,イキり前Flash,Diamond 1,61,76,,80,62
314,summoner-6347450,315,PoponM,Diamond 1,61,85,,55,48
315,summoner-6327716,316,佐村河内,Diamond 1,60,92,,178,153
316,summoner-6184992,317,えとな,Diamond 1,60,124,,112,107
317,summoner-6170269,318,USG Enty 20,Diamond 1,60,48,,103,50
318,summoner-6892805,319,chataro,Diamond 1,59,75,,207,195
319,summoner-6291999,320,joseete,Diamond 1,59,36,,29,8
320,summoner-12030247,321,B00SH,Diamond 1,56,71,,187,178
321,summoner-6693732,322,韆齧夾曖,Diamond 1,55,60,,92,95
322,summoner-6451982,323,fedtakada,Diamond 1,54,84,,310,281
323,summoner-9810202,324,ボノボ,Diamond 1,54,48,,70,67
324,summoner-6314596,325,Zhonya警察,Diamond 1,54,116,,62,54
325,summoner-6293357,326,Eugeo,Diamond 1,52,92,,114,108
326,summoner-8201066,327,Yoshuloo,Diamond 1,52,81,,101,79
327,summoner-8240246,328,KarenTia,Diamond 1,51,55,,45,31
328,summoner-6685498,329,wowsosmart,Diamond 1,50,79,,231,218
329,summoner-10840209,330,レイライン,Diamond 1,50,77,,165,133
330,summoner-6250704,331,SSR POPO,Diamond 1,50,71,,162,172
331,summoner-6179491,332,ぐれちーも,Diamond 1,47,65,,131,133
332,summoner-6295309,333,Jackn,Diamond 1,47,76,,38,36
333,summoner-11890264,334,Suffle,Diamond 1,46,49,,102,97
334,summoner-9830341,335,我がままの子,Diamond 1,44,105,,247,234
335,summoner-6385121,336,lllllllllllIllll,Diamond 1,44,49,,78,74
336,summoner-6164909,337,更科にゃん丸,Diamond 1,43,70,,72,70
337,summoner-6704337,338,Imeria,Diamond 1,42,102,,46,37
338,summoner-6160674,339,張文遠,Diamond 1,41,93,,74,76
339,summoner-6700839,340,天才ちんはんすう,Diamond 1,40,45,,94,63
340,summoner-8760270,341,ちぃたん,Diamond 1,40,57,,54,29
341,summoner-6701340,342,ＹＲＴＫＴ,Diamond 1,39,73,,258,201
342,summoner-6169154,343,じゅぴた,Diamond 1,39,112,,92,80
343,summoner-8812035,344,SinceSpeak,Diamond 1,37,51,,55,56
344,summoner-8400528,345,Bless you,Diamond 1,36,38,,48,33
345,summoner-6173733,346,なおゆー,Diamond 1,35,69,,33,22
346,summoner-6451616,347,WEQ,Diamond 1,34,48,,44,31
347,summoner-6696421,348,Vomero,Diamond 1,33,49,,96,92
348,summoner-6303130,349,hienso,Diamond 1,30,104,,104,82
349,summoner-13141700,350,らいじんの妹,Diamond 1,30,45,,104,77
350,summoner-6404863,351,Nii,Diamond 1,28,75,,156,153
351,summoner-6162489,352,亜城木夢叶,Diamond 1,28,80,,94,92
352,summoner-6471427,353,貴方のためにしぬ,Diamond 1,28,79,,94,53
353,summoner-6181132,354,慰めるゆうちゃん,Diamond 1,27,125,,151,133
354,summoner-6691416,355,ふぁんく,Diamond 1,26,105,,160,167
355,summoner-9180490,356,愛吃豬蹄,Diamond 1,25,92,,179,166
356,summoner-13900437,357,Astralfoxy,Diamond 1,25,51,,131,79
357,summoner-7061063,358,らふいた,Diamond 1,25,100,,122,98
358,summoner-6291688,359,SOZAIGOMI,Diamond 1,25,138,,83,75
359,summoner-6312269,360,はしもとなんか,Diamond 1,25,86,,60,42
360,summoner-10010863,361,łike,Diamond 1,24,161,,321,329
361,summoner-6732995,362,i have three JB,Diamond 1,24,62,,178,162
362,summoner-8870666,363,ろーれる,Diamond 1,22,43,,89,75
363,summoner-12710897,364,tetras,Diamond 1,21,113,,279,275
364,summoner-6163194,365,RadiationDevice,Diamond 1,21,70,,90,82
365,summoner-6703036,366,ジャックス様,Diamond 1,20,53,,28,9
366,summoner-6188627,367,Hamburger500RP,Diamond 1,19,105,,277,251
367,summoner-6682953,368,仮野明日那,Diamond 1,19,54,,135,127
368,summoner-6292832,369,Selphi,Diamond 1,18,56,,66,65
369,summoner-6317080,370,すろ倉,Diamond 1,16,67,,148,125
370,summoner-9270156,371,そまなの,Diamond 1,14,90,,148,134
371,summoner-6319410,372,らいじん,Diamond 1,13,94,,217,233
372,summoner-13000643,373,Reksa2,Diamond 1,13,86,,208,200
373,summoner-6681167,374,namaeomoitukanai,Diamond 1,12,110,,178,171
374,summoner-6333107,375,雑 魚,Diamond 1,11,57,,157,122
375,summoner-6312042,376,caffeine,Diamond 1,10,77,,135,132
376,summoner-6922081,377,スターマン,Diamond 1,10,72,,60,24
377,summoner-9590858,378,JuIie Sigtuna,Diamond 1,9,65,,110,96
378,summoner-6164971,379,7461409,Diamond 1,8,66,,181,158
379,summoner-9181794,380,Day of Justice,Diamond 1,6,49,,66,61
380,summoner-6175152,381,Baoh7,Diamond 1,4,165,,292,281
381,summoner-12240297,382,うるいちゃん,Diamond 1,3,50,,139,124
382,summoner-6180703,383,Emily is Away,Diamond 1,3,63,,105,80
383,summoner-6165504,384,くらら,Diamond 1,2,107,,116,99
384,summoner-6317430,385,山田健一,Diamond 1,0,93,,381,339
385,summoner-6160874,386,ynnoK,Diamond 1,0,128,,369,371
386,summoner-6321619,387,WICKED,Diamond 1,0,117,,241,231
387,summoner-6584565,388,BIue,Diamond 1,0,139,,231,173
388,summoner-7801113,389,ちーぼう,Diamond 1,0,82,,213,194
389,summoner-6303051,390,a56,Diamond 1,0,56,,181,184
390,summoner-12910482,391,ぞぞちゃん,Diamond 1,0,73,,161,155
391,summoner-10170932,392,Emitting,Diamond 1,0,59,,143,95
392,summoner-9490395,393,urï,Diamond 1,0,49,,123,98
393,summoner-6163258,394,KillyKilly JOKER,Diamond 1,0,149,,119,102
394,summoner-6160768,395,Halbida,Diamond 1,0,97,,112,124
395,summoner-6695449,396,四楓院夜一,Diamond 1,0,61,,103,84
396,summoner-10720137,397,Miyamoto Karin,Diamond 1,0,47,,94,80
397,summoner-8841631,398,BossBoy,Diamond 1,0,42,,79,68
398,summoner-6773921,399,Nyou道バリケード,Diamond 1,0,120,,73,58
399,summoner-6171531,400,maisuta,Diamond 1,0,88,,71,74
400,summoner-6312737,401,Aura,Diamond 1,0,86,,69,68
401,summoner-14060210,402,Sad Lonely boy,Diamond 1,0,42,,59,29
402,summoner-6702114,403,絶ツインターボ,Diamond 1,0,70,,54,58
403,summoner-6344699,404,DUCK TOGO,Diamond 1,0,82,,41,34
404,summoner-10240215,405,USG Fate,Diamond 1,0,76,,41,41
405,summoner-6307144,406,STAP細胞,Diamond 1,0,49,,40,24
406,summoner-14450141,407,Akinurah,Diamond 1,0,35,,35,20
407,summoner-6162945,408,チャーシュー吉田,Diamond 2,100,113,,172,166
408,summoner-13780580,409,twitch M17Dee,Diamond 2,100,47,,140,89
409,summoner-6804563,410,倫チャン,Diamond 2,100,96,,87,84
410,summoner-12912077,411,TohsakAro Rain,Diamond 2,100,46,,82,49
411,summoner-6180267,412,まじめです,Diamond 2,100,45,,69,66
412,summoner-6852246,413,ThintoNの姉,Diamond 2,100,41,,56,54
413,summoner-6173806,414,蒼海舞香,Diamond 2,89,58,,154,131
414,summoner-12980291,415,EsportsMan,Diamond 2,88,60,,178,150
415,summoner-6186140,416,A Farmer,Diamond 2,84,58,,175,128
416,summoner-6161588,417,LuckyTamago,Diamond 2,84,123,,64,58
417,summoner-6162290,418,Candy Blossom,Diamond 2,75,91,,269,243
418,summoner-13120294,419,土老帽,Diamond 2,75,80,,222,191
419,summoner-6175311,420,mafuyumh,Diamond 2,75,76,,212,212
420,summoner-7052549,421,Wolhaiksong,Diamond 2,75,57,,159,125
421,summoner-6164002,422,AliceClare,Diamond 2,75,107,,156,148
422,summoner-6633880,423,俺来年で18だぞ,Diamond 2,75,53,,145,113
423,summoner-6704000,424,綺チャン,Diamond 2,75,56,,140,139
424,summoner-13730771,425,花魁ーる,Diamond 2,75,44,,123,80
425,summoner-13300153,426,7h Raizin,Diamond 2,75,45,,107,91
426,summoner-6317693,427,Muras4k1,Diamond 2,75,71,,104,96
427,summoner-6184017,428,kyp,Diamond 2,75,131,,86,71
428,summoner-6343049,429,rKH,Diamond 2,75,63,,67,59
429,summoner-6704755,430,Bomelee,Diamond 2,75,94,,50,27
430,summoner-8970756,431,Ghost Flash,Diamond 2,75,36,,33,18
431,summoner-13082021,432,Ardyn Izunia,Diamond 2,64,57,,185,161
432,summoner-6792954,433,森先生,Diamond 2,63,45,,119,103
433,summoner-6189236,434,tuyoinarin,Diamond 2,63,68,,111,105
434,summoner-6178966,435,中卒ドラゴン,Diamond 2,63,88,,110,104
435,summoner-6680199,436,エルおじ,Diamond 2,62,87,,331,319
436,summoner-6189217,437,はちみつスキン,Diamond 2,61,123,,183,191
437,summoner-6169156,438,ShiitakeForest,Diamond 2,61,107,,151,124
438,summoner-6210087,439,DESTRUCTION,Diamond 2,61,45,,96,70
439,summoner-6691170,440,かしくそちゃんぷ,Diamond 2,59,55,,103,70
440,summoner-6181949,441,BQB shu,Diamond 2,56,70,,79,84
441,summoner-6240128,442,STAR,Diamond 2,54,106,,203,218
442,summoner-7080358,443,私のためにしんで,Diamond 2,54,105,,131,133
443,summoner-6702059,444,ごっふぃ3号,Diamond 2,54,55,,103,108
444,summoner-6176654,445,Ηaze,Diamond 2,54,64,,102,117
445,summoner-6168500,446,エンペラー,Diamond 2,54,65,,87,91
446,summoner-6174051,447,伊瀬茉莉也,Diamond 2,53,62,,57,64
447,summoner-6705064,448,Tombstone,Diamond 2,53,38,,40,27
448,summoner-6343812,449,Pierre Marcolini,Diamond 2,47,82,,152,149
449,summoner-6349578,450,xtan,Diamond 2,47,69,,125,113
450,summoner-6317968,451,issue,Diamond 2,46,109,,219,226
451,summoner-6181632,452,EinSchwein,Diamond 2,45,53,,87,82
452,summoner-6335050,453,Jade Flawed,Diamond 2,43,125,,382,363
453,summoner-6177307,454,mefyideru,Diamond 2,43,77,,36,36
454,summoner-9531229,455,MicKun Juice,Diamond 2,42,142,,151,94
455,summoner-6451627,456,100 Meteos,Diamond 2,41,44,,75,69
456,summoner-6186568,457,Amý,Diamond 2,40,142,,118,95
457,summoner-6163133,458,Souler,Diamond 2,40,86,,98,104
458,summoner-6344416,459,Ooさくらんぼ姫oO,Diamond 2,35,51,,56,49
459,summoner-6163964,460,MID DIE,Diamond 2,33,95,,112,113
460,summoner-6450342,461,Marry me,Diamond 2,32,39,,90,56
461,summoner-12861457,462,UzukiLove,Diamond 2,32,50,,76,76
462,summoner-6163203,463,NinjasHyper,Diamond 2,32,48,,61,52
463,summoner-8882075,464,moka,Diamond 2,31,99,,134,72
464,summoner-6179546,465,MadEmperor,Diamond 2,30,119,,56,65
465,summoner-6189683,466,aripo,Diamond 2,28,102,,49,43
466,summoner-6181161,467,なつは,Diamond 2,26,68,,126,131
467,summoner-13111222,468,Barnes,Diamond 2,25,74,,324,293
468,summoner-6301186,469,Chic man,Diamond 2,25,83,,238,218
469,summoner-6691089,470,飛天流刀妹,Diamond 2,25,56,,161,142
470,summoner-6195800,471,3onihS,Diamond 2,25,90,,135,147
471,summoner-6162143,472,阿弥陀丸in春夢,Diamond 2,25,57,,134,90
472,summoner-6165481,473,XJSwagger,Diamond 2,25,49,,118,82
473,summoner-6451310,474,みずぴ,Diamond 2,25,88,,101,81
474,summoner-6694477,475,たまちゃん,Diamond 2,25,76,,99,90
475,summoner-9820199,476,ihE,Diamond 2,25,41,,90,37
476,summoner-6164153,477,いぎりす,Diamond 2,25,71,,50,48
477,summoner-13830960,478,wugn,Diamond 2,24,46,,117,96
478,summoner-6313167,479,札幌商工会議所付属専門学校,Diamond 2,23,74,,120,69
479,summoner-6184656,480,ろロrolo,Diamond 2,22,92,,165,148
480,summoner-6803124,481,アンパンマン大佐,Diamond 2,22,59,,125,106
481,summoner-6348556,482,双海真美,Diamond 2,22,121,,66,41
482,summoner-6930647,483,No more perm,Diamond 2,20,66,,248,243
483,summoner-6810315,484,堀之内九一郎,Diamond 2,20,56,,113,87
484,summoner-6703512,485,えくちーも,Diamond 2,20,79,,55,52
485,summoner-6186963,486,おにぎりの梅,Diamond 2,19,77,,216,200
486,summoner-8570617,487,Fragment,Diamond 2,16,59,,173,146
487,summoner-13800200,488,Νightblue3,Diamond 2,16,51,,145,85
488,summoner-6170964,489,Insomania,Diamond 2,15,65,,58,44
489,summoner-10120485,490,グラタン,Diamond 2,13,73,,128,115
490,summoner-6173521,491,arenbatiko,Diamond 2,12,97,,102,91
491,summoner-7740207,492,AD USER,Diamond 2,11,38,,34,28
492,summoner-6170948,493,ざ  び,Diamond 2,10,132,,121,97
493,summoner-6184849,494,GAOOOOOO,Diamond 2,9,59,,136,114
494,summoner-6160682,495,Aporomoon,Diamond 2,8,71,,165,177
495,summoner-7300433,496,Nothimoy,Diamond 2,7,59,,138,97
496,summoner-6831198,497,ぱにょ,Diamond 2,7,44,,60,50
497,summoner-6731229,498,あにこ,Diamond 2,6,135,,282,244
498,summoner-6243133,499,命に嫌われている,Diamond 2,0,152,,816,788
499,summoner-6181282,500,王 騎,Diamond 2,0,117,,402,399
500,summoner-6317289,501,uinyan,Diamond 2,0,89,,221,225
501,summoner-6187517,502,gussan225,Diamond 2,0,108,,157,133
502,summoner-8250219,503,MrTolkien,Diamond 2,0,66,,153,161
503,summoner-6218262,504,手corki足corki,Diamond 2,0,49,,146,55
504,summoner-6291695,505,Larie29,Diamond 2,0,62,,111,114
505,summoner-8802152,506,foniXD,Diamond 2,0,53,,100,71
506,summoner-6300312,507,ginTab,Diamond 2,0,99,,98,64
507,summoner-14660135,508,Stealth User,Diamond 2,0,42,,93,73
508,summoner-6291904,509,GumLOL,Diamond 2,0,88,,93,116
509,summoner-6251779,510,Maradekaiser,Diamond 2,0,56,,83,59
510,summoner-14120461,511,19Hz,Diamond 2,0,40,,78,46
511,summoner-6166437,512,RabbitFive,Diamond 2,0,41,,74,63
512,summoner-11510173,513,ぽきぽん,Diamond 2,0,83,,65,55
513,summoner-6450158,514,AFKT T1 AFKER,Diamond 2,0,83,,40,35
514,summoner-6187181,515,darkthinPooEX,Diamond 2,0,58,,35,25
515,summoner-6694700,516,びろろろ,Diamond 3,100,77,,162,108
516,summoner-6184089,517,Lockon Stratos,Diamond 3,100,84,,142,135
517,summoner-10280592,518,えふぃ,Diamond 3,100,79,,135,104
518,summoner-6166865,519,Ikamirup,Diamond 3,100,58,,64,45
519,summoner-6166905,520,Kirby,Diamond 3,97,55,,41,20
520,summoner-9861164,521,こだまでしょうか,Diamond 3,93,81,,256,258
521,summoner-6175075,522,琴葉葵ちゃん,Diamond 3,92,103,,185,170
522,summoner-6299637,523,たこたこ,Diamond 3,92,43,,23,12
523,summoner-13711002,524,BOBO KAMPI,Diamond 3,91,49,,165,133
524,summoner-6701886,525,Z z,Diamond 3,90,54,,62,34
525,summoner-6872549,526,Lonely,Diamond 3,88,108,,219,203
526,summoner-6616908,527,Kanpo,Diamond 3,85,41,,73,47
527,summoner-6299556,528,rA9,Diamond 3,83,72,,189,191
528,summoner-6183577,529,FeeeeeelsGoodMan,Diamond 3,83,86,,180,170
529,summoner-6314777,530,REIMEN2422,Diamond 3,83,133,,46,37
530,summoner-6173063,531,透明シャルクルス,Diamond 3,76,63,,98,79
531,summoner-6167874,532,エトピリカ,Diamond 3,76,77,,65,46
532,summoner-6764369,533,Osaka1oN,Diamond 3,75,90,,316,303
533,summoner-6912310,534,XieL,Diamond 3,75,122,,240,243
534,summoner-6331904,535,Crimson Cascadё,Diamond 3,75,81,,210,204
535,summoner-6180653,536,Clockday,Diamond 3,75,64,,200,188
536,summoner-6324998,537,JH1N内智則,Diamond 3,75,67,,160,150
537,summoner-6327228,538,Doranpen,Diamond 3,75,61,,147,133
538,summoner-7190745,539,dancing侍,Diamond 3,75,47,,125,94
539,summoner-12741109,540,mugiちゃん,Diamond 3,75,65,,105,79
540,summoner-8840482,541,bbigbear,Diamond 3,75,151,,99,103
541,summoner-6170869,542,Vtuber fanboy,Diamond 3,75,114,,94,96
542,summoner-6293313,543,あいむすりーぴー,Diamond 3,75,46,,87,45
543,summoner-6171577,544,f0cus,Diamond 3,75,57,,87,73
544,summoner-6743522,545,Canaan00,Diamond 3,75,102,,82,75
545,summoner-12230249,546,V3 Maplestreet,Diamond 3,75,44,,68,60
546,summoner-9800188,547,CG hachamecha,Diamond 3,75,58,,59,44
547,summoner-12180908,548,Lisel0tte,Diamond 3,75,58,,54,32
548,summoner-6160278,549,234,Diamond 3,75,43,,40,22
549,summoner-6311421,550,はちゃめちゃ,Diamond 3,75,42,,37,30
550,summoner-6295029,551,えんてぃ,Diamond 3,75,45,,36,23
551,summoner-6443237,552,Sworf,Diamond 3,73,92,,268,221
552,summoner-6184406,553,tei syndrome,Diamond 3,73,45,,64,57
553,summoner-11820713,554,斗魚TV丶檸檬人,Diamond 3,73,40,,39,35
554,summoner-6692602,555,BunNyAnn,Diamond 3,72,80,,370,339
555,summoner-6316612,556,11soul,Diamond 3,72,53,,78,76
556,summoner-6705587,557,5959,Diamond 3,72,38,,29,12
557,summoner-6460637,558,th123,Diamond 3,71,71,,102,95
558,summoner-6163776,559,Icoryze,Diamond 3,70,133,,677,669
559,summoner-6163610,560,kumao,Diamond 3,70,91,,86,87
560,summoner-6181086,561,sorrymybad3,Diamond 3,69,92,,39,38
561,summoner-6187898,562,CxAneki,Diamond 3,64,109,,365,358
562,summoner-6394975,563,Chernobyl,Diamond 3,63,43,,33,20
563,summoner-6173582,564,Zaraky bot,Diamond 3,62,101,,305,301
564,summoner-6160581,565,おはナッツ,Diamond 3,62,92,,137,136
565,summoner-6161590,566,Haru,Diamond 3,61,89,,86,87
566,summoner-9500440,567,姫サポートちゃん,Diamond 3,60,107,,32,28
567,summoner-12981043,568,シンデレラ多田,Diamond 3,59,52,,144,115
568,summoner-6702599,569,Emp 小e神,Diamond 3,59,83,,133,132
569,summoner-6438788,570,urgot only,Diamond 3,58,72,,259,232
570,summoner-6461191,571,sundwe,Diamond 3,58,73,,180,178
571,summoner-9141141,572,有心論,Diamond 3,58,71,,168,145
572,summoner-13121314,573,ゅぃぃぃ,Diamond 3,57,38,,60,34
573,summoner-6324277,574,D Rose,Diamond 3,56,130,,191,163
574,summoner-6167450,575,kasaishouta12345,Diamond 3,56,87,,108,115
575,summoner-6335258,576,ソリアゲ王者ハサキング,Diamond 3,56,95,,50,37
576,summoner-6305393,577,zuiha,Diamond 3,54,95,,194,171
577,summoner-11960312,578,NB3 fanboy,Diamond 3,54,87,,130,111
578,summoner-6160440,579,19960821,Diamond 3,54,93,,57,54
579,summoner-6317975,580,野生の生クリーム,Diamond 3,53,77,,87,74
580,summoner-6160706,581,ゆりあ,Diamond 3,51,92,,72,73
581,summoner-6694355,582,Fomalhaut,Diamond 3,50,195,,221,209
582,summoner-6335404,583,GOLD DARIUS,Diamond 3,50,91,,207,196
583,summoner-6683516,584,卍悪霊退散卍前田卍魑魅魍魎卍,Diamond 3,49,39,,49,39
584,summoner-7460217,585,Conside,Diamond 3,48,68,,191,155
585,summoner-6164024,586,まこも,Diamond 3,48,70,,103,82
586,summoner-8821760,587,しゅかしゅ,Diamond 3,48,43,,101,67
587,summoner-6700147,588,vanhouten,Diamond 3,48,91,,95,70
588,summoner-8671253,589,Badult,Diamond 3,48,67,,55,22
589,summoner-11001098,590,kimitaka,Diamond 3,46,86,,280,233
590,summoner-6183482,591,ミルコビッチ,Diamond 3,46,95,,111,108
591,summoner-14290528,592,ふわたゃを,Diamond 3,46,36,,43,17
592,summoner-6162645,593,Absolute Zer0,Diamond 3,45,45,,55,29
593,summoner-14610620,594,アシホ,Diamond 3,45,36,,53,25
594,summoner-6752556,595,SUPERHOTSUPERHOT,Diamond 3,44,90,,123,98
595,summoner-12620827,596,Reón,Diamond 3,44,46,,81,71
596,summoner-8301594,597,Potata,Diamond 3,43,74,,294,263
597,summoner-6173874,598,おぎん,Diamond 3,42,94,,106,112
598,summoner-6470188,599,機動戦士ガベダム,Diamond 3,41,54,,118,129
599,summoner-6173238,600,こんそめ,Diamond 3,41,83,,32,27
600,summoner-6593645,601,Makase uN,Diamond 3,40,132,,232,227
601,summoner-6232951,602,Eni,Diamond 3,39,61,,78,45
602,summoner-12820181,603,Безработные,Diamond 3,39,35,,37,5
603,summoner-8610350,604,勇者ほっともっと,Diamond 3,38,74,,119,86
604,summoner-9910399,605,レディーガガ,Diamond 3,38,76,,49,28
605,summoner-12020129,606,JPN reo,Diamond 3,37,72,,80,84
606,summoner-6319121,607,サモナ一ズリフト,Diamond 3,32,115,,247,214
607,summoner-6172999,608,Rend,Diamond 3,32,81,,87,74
608,summoner-6160973,609,みやび,Diamond 3,29,54,,68,47
609,summoner-8970887,610,山梨太郎君,Diamond 3,29,45,,49,12
610,summoner-13111021,611,緊急退学,Diamond 3,28,56,,158,148
611,summoner-10880685,612,おわきんぐ,Diamond 3,28,54,,80,68
612,summoner-6183316,613,AmA,Diamond 3,27,113,,133,124
613,summoner-10670497,614,あやりん,Diamond 3,25,83,,177,179
614,summoner-6176277,615,hotzushi,Diamond 3,25,49,,161,129
615,summoner-6183136,616,れもんまん,Diamond 3,25,70,,123,124
616,summoner-6176839,617,username,Diamond 3,25,46,,96,56
617,summoner-12371172,618,PaladinXD,Diamond 3,25,90,,96,74
618,summoner-12851604,619,バイト戦士鈴羽,Diamond 3,25,54,,94,68
619,summoner-13090209,620,pureheart player,Diamond 3,25,80,,76,51
620,summoner-13480413,621,MID Emper0r,Diamond 3,25,41,,69,37
621,summoner-6393298,622,Best Sona JP,Diamond 3,25,44,,62,27
622,summoner-6694950,623,シンデレラ前川,Diamond 3,25,53,,47,35
623,summoner-6171872,624,キバオウ,Diamond 3,25,48,,39,23
624,summoner-6171123,625,ちびゅー,Diamond 3,24,76,,208,189
625,summoner-8670315,626,fun XD,Diamond 3,24,37,,23,11
626,summoner-6177230,627,Ruelo,Diamond 3,21,113,,211,200
627,summoner-8110259,628,deeex,Diamond 3,21,85,,112,119
628,summoner-6290460,629,BlankNoir,Diamond 3,20,119,,348,326
629,summoner-6681245,630,会田薫,Diamond 3,20,72,,109,90
630,summoner-6616875,631,腰腰腰腰腰腰腰,Diamond 3,20,105,,49,33
631,summoner-6680908,632,SneakyCastro,Diamond 3,19,77,,145,147
632,summoner-6171102,633,ROX syaruru,Diamond 3,19,53,,143,139
633,summoner-6182263,634,しじみん,Diamond 3,18,152,,417,389
634,summoner-6181109,635,mizukami,Diamond 3,18,142,,326,316
635,summoner-6693403,636,NeetNanaAil,Diamond 3,18,99,,226,186
636,summoner-6733366,637,Wynn,Diamond 3,18,109,,154,129
637,summoner-6301499,638,TimeNoodles,Diamond 3,18,72,,112,95
638,summoner-12240261,639,韓国ダイヤ,Diamond 3,18,72,,92,95
639,summoner-6180120,640,めぐみぃん,Diamond 3,18,103,,29,22
640,summoner-10210222,641,THE BM LORD,Diamond 3,17,145,,218,201
641,summoner-6188387,642,TOXIC BRAD,Diamond 3,17,122,,190,186
642,summoner-6294057,643,luizana,Diamond 3,17,121,,153,135
643,summoner-6292756,644,お饅頭コンバット,Diamond 3,17,47,,87,71
644,summoner-6179383,645,あるべりー,Diamond 3,16,90,,150,146
645,summoner-6301737,646,Ricca,Diamond 3,16,107,,110,90
646,summoner-6176116,647,八乙女梓乃,Diamond 3,14,98,,174,158
647,summoner-6682874,648,LL Stylish,Diamond 3,14,43,,29,26
648,summoner-6881557,649,shiro,Diamond 3,13,89,,182,155
649,summoner-6325592,650,PhantomDeathBeta,Diamond 3,13,49,,78,78
650,summoner-6311411,651,DianyA JP,Diamond 3,13,169,,45,33
651,summoner-6303428,652,かぶぷん,Diamond 3,12,96,,160,170
652,summoner-6290757,653,Resin,Diamond 3,10,92,,110,111
653,summoner-6203445,654,1990 Oid man,Diamond 3,8,49,,135,108
654,summoner-6181150,655,PCG owl,Diamond 3,6,83,,22,15
655,summoner-6290826,656,絶食系男子,Diamond 3,4,112,,198,181
656,summoner-6170857,657,未 玲,Diamond 3,3,124,,244,226
657,summoner-6175268,658,Anasterse,Diamond 3,3,106,,72,59
658,summoner-7230540,659,東京ジェラシィ,Diamond 3,1,58,,103,96
659,summoner-6690868,660,VallisLiccia,Diamond 3,1,47,,78,52
660,summoner-6323905,661,TwitchMainOkita,Diamond 3,0,142,,552,529
661,summoner-6176905,662,Elmyr,Diamond 3,0,108,,377,342
662,summoner-7600153,663,ZhanQiSuSuSu,Diamond 3,0,130,,344,300
663,summoner-6690196,664,kemukujara,Diamond 3,0,93,,259,238
664,summoner-6704376,665,KIY Oshi,Diamond 3,0,64,,221,186
665,summoner-13072105,666,daftness,Diamond 3,0,52,,118,91
666,summoner-6170500,667,り ん,Diamond 3,0,64,,102,104
667,summoner-9231455,668,KTRolster8,Diamond 3,0,47,,92,69
668,summoner-14470140,669,ちいたん,Diamond 3,0,42,,89,73
669,summoner-6365937,670,Melodyuko,Diamond 3,0,60,,87,79
670,summoner-6684303,671,キヨシ,Diamond 3,0,69,,85,67
671,summoner-6700558,672,Live and Learn,Diamond 3,0,52,,84,87
672,summoner-7020641,673,See Threepio,Diamond 3,0,48,,83,58
673,summoner-6704681,674,Che1ucY,Diamond 3,0,55,,82,65
674,summoner-6332554,675,Rekkles,Diamond 3,0,48,,79,67
675,summoner-6333769,676,nocchiPanty,Diamond 3,0,41,,76,56
676,summoner-6970824,677,Tanto custom,Diamond 3,0,49,,75,62
677,summoner-6293258,678,サポ野バブ美,Diamond 3,0,135,,74,66
678,summoner-6171392,679,くりす,Diamond 3,0,90,,68,51
679,summoner-6304831,680,ムシキング,Diamond 3,0,43,,64,64
680,summoner-6336507,681,kudryavka1991,Diamond 3,0,102,,63,50
681,summoner-6346156,682,香川広憲の亡霊,Diamond 3,0,41,,57,45
682,summoner-6319269,683,いんでっくす,Diamond 3,0,77,,47,53
683,summoner-13050222,684,みゅうだょ,Diamond 3,0,38,,47,23
684,summoner-6700903,685,Nidalee AI,Diamond 3,0,40,,31,29
685,summoner-6701782,686,kokokokokoko,Diamond 3,0,42,,30,19
686,summoner-6160669,687,otuno,Diamond 3,0,48,,26,16
687,summoner-6181362,688,藤尾マサ,Diamond 4,100,82,,320,323
688,summoner-6693049,689,Meménto Mori,Diamond 4,100,62,,225,186
689,summoner-6176621,690,Daath,Diamond 4,100,82,,115,105
690,summoner-12440459,691,先生は孫笑川,Diamond 4,100,54,,112,70
691,summoner-6189281,692,あすき,Diamond 4,100,110,,96,74
692,summoner-6176027,693,おぐろと,Diamond 4,100,62,,79,61
693,summoner-7630197,694,ÿøšhüłõö,Diamond 4,100,56,,65,53
694,summoner-6348343,695,SGL Throne,Diamond 4,100,45,,64,40
695,summoner-6671963,696,脳内Montage,Diamond 4,100,41,,46,35
696,summoner-8321667,697,温かいビデ,Diamond 4,97,46,,102,66
697,summoner-13380228,698,ゆめちゅん,Diamond 4,94,54,,125,90
698,summoner-6299663,699,ㅋㅋㅋ,Diamond 4,93,67,,56,42
699,summoner-6173492,700,lllllllllllIII,Diamond 4,92,91,,242,230
700,summoner-6611761,701,HikikomoriADC,Diamond 4,91,50,,147,110
701,summoner-13070705,702,チアキFrom TW,Diamond 4,91,43,,67,36
702,summoner-13230137,703,ELMO IN JP,Diamond 4,90,50,,138,100
703,summoner-9520348,704,erza9425,Diamond 4,90,39,,60,29
704,summoner-6298059,705,べあー,Diamond 4,90,44,,42,38
705,summoner-6170777,706,ふんどし日本丸,Diamond 4,90,57,,40,27
706,summoner-6331326,707,RQ konomekaze,Diamond 4,90,53,,35,30
707,summoner-11890219,708,Scrawboy,Diamond 4,89,58,,204,189
708,summoner-6325492,709,EySSS,Diamond 4,88,67,,233,200
709,summoner-6250300,710,Rhivarak,Diamond 4,71,57,,184,162
710,summoner-6310418,711,Pitch and Bent,Diamond 4,85,85,,256,260
711,summoner-11140602,712,19980810,Diamond 4,85,59,,178,149
712,summoner-12440459,713,先生は孫笑川,Diamond 4,100,54,,112,70
713,summoner-6172003,714,贅肉おばけ,Diamond 4,85,81,,58,49
714,summoner-6176418,715,Forget me not,Diamond 4,84,55,,82,62
715,summoner-11810890,716,コモレビの下,Diamond 4,84,39,,74,46
716,summoner-6337433,717,onkami,Diamond 4,84,56,,52,28
717,summoner-6173745,718,美靏姬,Diamond 4,83,40,,70,51
718,summoner-6302829,719,Deazo,Diamond 4,82,77,,87,69
719,summoner-6178665,720,yumeat,Diamond 4,81,98,,260,260
720,summoner-6177378,721,llIIlIlIIIIllllI,Diamond 4,80,37,,58,43
721,summoner-6701048,722,MаroZitE,Diamond 4,77,92,,126,100
722,summoner-6843271,723,俺は行く,Diamond 4,76,123,,422,407
723,summoner-7030942,724,とりき,Diamond 4,75,121,,375,378
724,summoner-6169011,725,zakosuaran,Diamond 4,75,93,,310,294
725,summoner-6861306,726,Rari城ドラ,Diamond 4,75,136,,285,271
726,summoner-7380786,727,omtom1,Diamond 4,75,63,,211,210
727,summoner-13670263,728,すこぶる動くウサギ,Diamond 4,75,51,,163,121
728,summoner-6791751,729,sekususimasyo,Diamond 4,75,100,,143,80
729,summoner-6450887,730,もぅﾏﾁﾞ無理 死ンヂャオ,Diamond 4,75,52,,119,93
730,summoner-13280157,731,RJ Fanxy1,Diamond 4,75,47,,117,93
731,summoner-6168484,732,Etoile,Diamond 4,75,71,,101,104
732,summoner-6336404,733,Tokoyuki,Diamond 4,75,71,,95,70
733,summoner-6830175,734,EleaNoR,Diamond 4,75,73,,94,64
734,summoner-7011396,735,Snows,Diamond 4,75,49,,89,70
735,summoner-6331277,736,1715,Diamond 4,75,80,,82,71
736,summoner-6310122,737,gaegwae,Diamond 4,75,48,,62,56
737,summoner-7260357,738,Solo Horkew,Diamond 4,75,39,,60,49
738,summoner-12610863,739,cotton candy,Diamond 4,75,43,,59,18
739,summoner-6185426,740,maeken,Diamond 4,75,70,,47,32
740,summoner-9810205,741,リトルデーモン,Diamond 4,75,52,,45,25
741,summoner-9550124,742,7h RIP,Diamond 4,75,41,,41,25
742,summoner-6173906,743,ミニスカート,Diamond 4,74,142,,138,119
743,summoner-6461466,744,どぶさいく,Diamond 4,73,114,,142,132
744,summoner-6165496,745,Leeroy Jenkins,Diamond 4,73,46,,63,54
745,summoner-6700400,746,rogiaaa,Diamond 4,72,58,,103,88
746,summoner-7360731,747,俺はs4マスター,Diamond 4,72,44,,69,51
747,summoner-6292221,748,Yxum,Diamond 4,71,90,,199,185
748,summoner-7891371,749,北見六花,Diamond 4,70,73,,85,48
749,summoner-6161164,750,Marble96,Diamond 4,53,94,,288,279
750,summoner-6394809,751,とっぱー,Diamond 4,69,115,,231,220
751,summoner-6297288,752,新田美波,Diamond 4,69,50,,43,40
752,summoner-6701006,753,TonkatsuSauce,Diamond 4,67,83,,218,184
753,summoner-14040801,754,ctgwaybmkr,Diamond 4,66,71,,238,210
754,summoner-6312313,755,owæ,Diamond 4,66,142,,124,133
755,summoner-6164321,756,mesya,Diamond 4,65,106,,153,125
756,summoner-6706323,757,ACE OF KANI,Diamond 4,65,74,,125,118
757,summoner-6165388,758,yurinn,Diamond 4,65,72,,70,54
758,summoner-6160698,759,441,Diamond 4,64,68,,172,180
759,summoner-6441172,760,jhin IS GOD,Diamond 4,63,75,,101,111
760,summoner-12010132,761,ejii,Diamond 4,62,44,,84,61
761,summoner-8491290,762,S2CcReece,Diamond 4,61,46,,126,64
762,summoner-6704155,763,394,Diamond 4,61,40,,74,35
763,summoner-6322460,764,俺にかかれば2秒でマダガスカル,Diamond 4,61,42,,55,56
764,summoner-6187442,765,moriwo god,Diamond 4,60,51,,49,30
765,summoner-6202006,766,Huya丶Dop4,Diamond 4,60,41,,40,32
766,summoner-6173837,767,ネオス,Diamond 4,59,81,,125,134
767,summoner-6162657,768,Khaten,Diamond 4,58,87,,155,152
768,summoner-6694459,769,Against All Odds,Diamond 4,58,137,,95,94
769,summoner-6291049,770,Jerard,Diamond 4,58,94,,72,46
770,summoner-6160967,771,あにーぼっと,Diamond 4,58,82,,42,43
771,summoner-6940141,772,海のくまさん,Diamond 4,57,77,,360,334
772,summoner-6187760,773,凖 提,Diamond 4,56,84,,239,229
773,summoner-10250446,774,ねこみみ,Diamond 4,56,162,,205,169
774,summoner-6180951,775,Larc,Diamond 4,56,94,,179,171
775,summoner-6329451,776,Dopaaa,Diamond 4,56,46,,86,60
776,summoner-6167631,777,きみがすき,Diamond 4,54,94,,95,79
777,summoner-6187805,778,べると,Diamond 4,54,78,,73,42
778,summoner-13140250,779,おとろえ,Diamond 4,53,66,,199,162
779,summoner-6685231,780,GokdWing,Diamond 4,53,39,,75,51
780,summoner-7391804,781,やばいleo,Diamond 4,52,84,,93,81
781,summoner-6172444,782,nesscrystal,Diamond 4,52,43,,56,47
782,summoner-6328054,783,BANKOISER,Diamond 4,51,102,,225,193
783,summoner-6312931,784,Macarong v2,Diamond 4,51,50,,146,74
784,summoner-8701271,785,LTB Sin,Diamond 4,51,66,,142,109
785,summoner-6321167,786,Demrofer,Diamond 4,51,69,,103,89
786,summoner-6166047,787,むっちょ,Diamond 4,51,86,,89,78
787,summoner-6176851,788,きばみ,Diamond 4,51,75,,46,48
788,summoner-6931020,789,coyoi,Diamond 4,50,87,,164,157
789,summoner-6292029,790,Shiruma,Diamond 4,50,102,,154,144
790,summoner-12820173,791,超銀河T1NPO,Diamond 4,50,54,,148,132
791,summoner-14230703,792,chocotto,Diamond 4,50,45,,117,86
792,summoner-6323019,793,GANJA NINJA,Diamond 4,50,56,,96,96
793,summoner-9930186,794,7357,Diamond 4,50,49,,52,30
794,summoner-6182749,795,れもんさんだよ,Diamond 4,66,73,,171,175
795,summoner-6209791,796,Duxiilillilil,Diamond 4,48,144,,89,86
796,summoner-6162091,797,Rebel blade,Diamond 4,46,92,,189,186
797,summoner-6682043,798,Poppy chan,Diamond 4,46,66,,100,86
798,summoner-6450728,799,Spicat,Diamond 4,51,45,,85,68
799,summoner-7041550,800,Pito,Diamond 4,46,123,,65,53
800,summoner-7041550,801,Pito,Diamond 4,46,123,,65,53
801,summoner-6292039,802,hanyu,Diamond 4,45,67,,185,182
802,summoner-6164245,803,kasujyou,Diamond 4,44,50,,39,26
803,summoner-6298524,804,もこけね,Diamond 4,43,132,,252,244
804,summoner-6690177,805,509 Is,Diamond 4,43,69,,69,61
805,summoner-6189958,806,のちのち,Diamond 4,43,52,,69,58
806,summoner-9810204,807,くぅちゃん,Diamond 4,43,110,,66,50
807,summoner-6344063,808,勇者あああああ,Diamond 4,43,71,,50,46
808,summoner-10901336,809,ℱĄKʃℛ,Diamond 4,42,85,,212,180
809,summoner-8130161,810,集いし願いが新たに輝く星となる光,Diamond 4,42,64,,67,61
810,summoner-6651348,811,LなoまL,Diamond 4,42,58,,64,35
811,summoner-6348974,812,雪 梨,Diamond 4,42,137,,37,21
812,summoner-13081642,813,イカレちんぽこ丸,Diamond 4,41,90,,162,129
813,summoner-6173795,814,冰 糖,Diamond 4,40,158,,169,157
814,summoner-6294994,815,ひろっぺん,Diamond 4,40,75,,163,147
815,summoner-6161708,816,とうま,Diamond 4,40,55,,111,100
816,summoner-6283018,817,Dokurou,Diamond 4,39,96,,268,254
817,summoner-6307952,818,ヌヲヌバ,Diamond 4,39,85,,217,192
818,summoner-12950656,819,おじゃまるお,Diamond 4,39,59,,146,105
819,summoner-6299347,820,W上げ本田圭佑,Diamond 4,39,97,,145,130
820,summoner-6318960,821,チーズスタリオン,Diamond 4,38,83,,153,161
821,summoner-6327349,822,ちょこまか,Diamond 4,38,95,,127,122
822,summoner-7070260,823,松田超人最強伝説,Diamond 4,38,99,,59,43
823,summoner-9620151,824,VioIeT,Diamond 4,37,59,,127,127
824,summoner-14070171,825,Aussie,Diamond 4,37,63,,110,98
825,summoner-7470187,826,ヤスオBANします,Diamond 4,37,89,,100,78
826,summoner-6347482,827,かげを,Diamond 4,37,113,,50,43
827,summoner-6180679,828,てれくしー,Diamond 4,36,94,,126,123
828,summoner-6686136,829,Coba1t,Diamond 4,36,121,,112,100
829,summoner-6169090,830,123123123,Diamond 4,35,99,,134,103
830,summoner-6172774,831,ぺろぺろしてぇな,Diamond 4,35,126,,125,87
831,summoner-6314810,832,Livraa,Diamond 4,35,96,,76,58
832,summoner-6297571,833,469ma,Diamond 4,34,73,,121,105
833,summoner-6703664,834,LoveLoveRyutin,Diamond 4,34,45,,94,71
834,summoner-6681539,835,INnoVation,Diamond 4,32,72,,127,123
835,summoner-6215158,836,dogyzz,Diamond 4,32,107,,43,40
836,summoner-6691420,837,ぼんぽち,Diamond 4,31,70,,110,98
837,summoner-12511187,838,最終のボス,Diamond 4,31,62,,39,38
838,summoner-6170724,839,インターネット,Diamond 4,29,79,,63,57
839,summoner-9521124,840,Mystix,Diamond 4,29,44,,55,42
840,summoner-12940514,841,飲酒LoLマン,Diamond 4,28,44,,82,49
841,summoner-6292126,842,kurooon,Diamond 4,27,92,,111,100
842,summoner-12520695,843,ヨンジェ,Diamond 4,27,55,,79,55
843,summoner-6175753,844,MOU MURI,Diamond 4,26,107,,162,126
844,summoner-6345889,845,Fine2162,Diamond 4,26,75,,37,25
845,summoner-9420186,846,Sprayz,Diamond 4,25,74,,315,281
846,summoner-13230202,847,New zhondan,Diamond 4,25,52,,154,131
847,summoner-13290150,848,USG Gang0,Diamond 4,25,46,,133,72
848,summoner-7460250,849,7h Rokenia,Diamond 4,25,56,,111,91
849,summoner-7321699,850,usagino,Diamond 4,25,50,,102,89
850,summoner-6703099,851,琴チャン,Diamond 4,25,77,,81,100
851,summoner-12200914,852,TRlGGER,Diamond 4,25,61,,76,75
852,summoner-9950219,853,西日暮里戒网中心,Diamond 4,25,52,,67,46
853,summoner-6182928,854,Tidus,Diamond 4,25,84,,63,63
854,summoner-12260902,855,lWJack,Diamond 4,25,51,,39,35
855,summoner-6188392,856,Rainsuta,Diamond 4,24,76,,161,133
856,summoner-6372585,857,Maokai OTP,Diamond 4,23,153,,395,387
857,summoner-6293332,858,MoZukuTea,Diamond 4,23,114,,107,93
858,summoner-6695236,859,123,Diamond 4,23,92,,103,94
859,summoner-6291946,860,ばきん,Diamond 4,22,141,,82,70
860,summoner-6181369,861,太田佳奈,Diamond 4,21,58,,173,144
861,summoner-6227944,862,My face is bad,Diamond 4,20,211,,834,794
862,summoner-6177492,863,21歳無職,Diamond 4,20,127,,213,187
863,summoner-13740351,864,乃 愛,Diamond 4,20,41,,78,54
864,summoner-6680244,865,キリンレモン,Diamond 4,19,118,,397,369
865,summoner-9650465,866,lee min hoo,Diamond 4,19,77,,381,331
866,summoner-6291622,867,くま虎,Diamond 4,19,69,,139,118
867,summoner-6666546,868,wing,Diamond 4,19,120,,107,74
868,summoner-8691179,869,CarryBASHIBASHI,Diamond 4,19,39,,54,43
869,summoner-6450745,870,あべくま,Diamond 4,19,100,,23,22
870,summoner-6348760,871,よぴぴザウルス,Diamond 4,18,138,,235,213
871,summoner-9670170,872,くっきー,Diamond 4,18,80,,154,149
872,summoner-13490210,873,Iwasawa,Diamond 4,18,46,,115,84
873,summoner-6294946,874,chubet,Diamond 4,18,47,,89,82
874,summoner-6811107,875,gannmo123,Diamond 4,18,84,,38,31
875,summoner-6280514,876,Raharl,Diamond 4,17,112,,408,410
876,summoner-6695493,877,PGM SonicLogic,Diamond 4,17,105,,331,335
877,summoner-6313068,878,ろろれろろ,Diamond 4,17,125,,321,295
878,summoner-6289741,879,JokerX,Diamond 4,17,79,,311,315
879,summoner-6695156,880,るんちゃ,Diamond 4,17,106,,228,228
880,summoner-6950468,881,Endelyu,Diamond 4,17,73,,186,154
881,summoner-6167794,882,Oreki,Diamond 4,17,84,,131,121
882,summoner-6592828,883,Engineer,Diamond 4,17,46,,105,80
883,summoner-12740857,884,practice nomi,Diamond 4,17,46,,62,44
884,summoner-6166702,885,わいるどかめおか,Diamond 4,16,99,,155,129
885,summoner-6175584,886,ロシナンテ,Diamond 4,16,65,,147,129
886,summoner-6160649,887,にこぷり,Diamond 4,16,131,,101,95
887,summoner-6377670,888,Nightcolor,Diamond 4,15,123,,171,148
888,summoner-11260174,889,Ruki,Diamond 4,15,117,,140,146
889,summoner-6173987,890,Wobbuffet,Diamond 4,15,97,,131,126
890,summoner-6181413,891,1000DYE,Diamond 4,15,76,,126,120
891,summoner-6162241,892,Erulein,Diamond 4,15,59,,66,56
892,summoner-6344150,893,kasupi404,Diamond 4,15,108,,51,27
893,summoner-6162908,894,はろーさんた,Diamond 4,14,95,,217,224
894,summoner-6271387,895,ハイセ,Diamond 4,13,70,,64,58
895,summoner-7350233,896,Griever,Diamond 4,12,46,,109,81
896,summoner-6310371,897,R1ngoKun,Diamond 4,12,67,,41,33
897,summoner-6595439,898,lIlllllllllIIIIl,Diamond 4,11,50,,157,130
898,summoner-6287685,899,Feeddlesticks,Diamond 4,10,119,,256,218
899,summoner-6320302,900,メラゾーマ,Diamond 4,10,97,,62,46
900,summoner-6170090,901,paddle star,Diamond 4,9,120,,136,132
901,summoner-6171274,902,Rolo Lamperouge,Diamond 4,9,85,,130,111
902,summoner-6161347,903,エッッッッッッ,Diamond 4,8,105,,46,49
903,summoner-13790130,904,ˆSarah Myˆ,Diamond 4,7,71,,198,162
904,summoner-8940405,905,Cherry Fizz,Diamond 4,7,116,,196,192
905,summoner-8840634,906,무섭고외롭겠다,Diamond 4,7,124,,167,150
906,summoner-6161727,907,TehLlghter,Diamond 4,4,143,,108,90
907,summoner-6624647,908,LoviScenario,Diamond 4,3,74,,222,212
908,summoner-8160442,909,sebearasi,Diamond 4,3,102,,53,49
909,summoner-13420258,910,ナッシュ,Diamond 4,3,70,,41,32
910,summoner-6700720,911,Ir1s,Diamond 4,2,56,,167,173
911,summoner-13090962,912,SRDv,Diamond 4,2,69,,155,129
912,summoner-6175258,913,SakuraSky,Diamond 4,2,108,,114,103
913,summoner-6318881,914,Azuliet,Diamond 4,2,62,,91,86
914,summoner-12760939,915,kneesox,Diamond 4,1,64,,235,209
915,summoner-6301753,916,luoqisa,Diamond 4,1,67,,79,55
916,summoner-8890153,917,프나틱 원딜,Diamond 4,1,66,,72,54
917,summoner-6186260,918,Top or AFK,Diamond 4,1,47,,47,44
918,summoner-6311328,919,Fumico,Diamond 4,0,202,,950,914
919,summoner-10600137,920,島魚Jasconius,Diamond 4,0,108,,359,348
920,summoner-12910257,921,nananaa,Diamond 4,0,80,,343,325
921,summoner-6310158,922,TEDDY,Diamond 4,0,97,,303,279
922,summoner-6890761,923,Romane,Diamond 4,0,78,,246,224
923,summoner-6316705,924,君のハートにイグナイト,Diamond 4,0,103,,241,233
924,summoner-6315001,925,DE JEUX,Diamond 4,0,92,,216,210
925,summoner-6272955,926,0A0,Diamond 4,0,106,,209,197
926,summoner-6187890,927,kurewo god,Diamond 4,0,74,,206,175
927,summoner-6690662,928,IIllII,Diamond 4,0,111,,206,187
928,summoner-6170569,929,Japan Net Bank,Diamond 4,0,84,,205,181
929,summoner-11600486,930,TMaaH,Diamond 4,0,120,,188,165
930,summoner-10690274,931,whiskeeey,Diamond 4,0,130,,185,185
931,summoner-6302228,932,悔い改めよ,Diamond 4,0,82,,182,176
932,summoner-6705132,933,From the Gekko,Diamond 4,0,56,,175,143
933,summoner-10911515,934,WinstonCaster,Diamond 4,0,66,,168,142
934,summoner-6161635,935,boylen,Diamond 4,0,60,,159,125
935,summoner-11570397,936,EdwinVanCleef,Diamond 4,0,49,,152,137
936,summoner-6165282,937,ヒカキンキッズ,Diamond 4,0,106,,150,137
937,summoner-9180884,938,CatPenguin3,Diamond 4,0,71,,148,118
938,summoner-13790169,939,WanderingPro2,Diamond 4,0,53,,148,126
939,summoner-6184769,940,ぺけのすけ,Diamond 4,0,123,,140,132
940,summoner-6180802,941,lqs,Diamond 4,0,70,,134,123
941,summoner-6681698,942,noobmanNA,Diamond 4,0,55,,134,110
942,summoner-14180148,943,ぴーち,Diamond 4,0,52,,131,99
943,summoner-6303936,944,StylishNoob4,Diamond 4,0,119,,129,119
944,summoner-7280872,945,星崎希望,Diamond 4,0,62,,118,67
945,summoner-12430231,946,DoubleIift,Diamond 4,0,62,,115,101
946,summoner-7200179,947,ItsNimbuS,Diamond 4,0,107,,112,88
947,summoner-6811867,948,Uns,Diamond 4,0,76,,110,108
948,summoner-10171220,949,君の唾液で口噛酒,Diamond 4,0,77,,110,102
949,summoner-8721259,950,rivenのアナ子,Diamond 4,0,60,,109,107
950,summoner-6189797,951,Cine,Diamond 4,0,85,,100,69
951,summoner-6174908,952,HaraNamayOkO,Diamond 4,0,96,,99,77
952,summoner-8320349,953,李愛希,Diamond 4,0,145,,97,68
953,summoner-13770959,954,mysql u root,Diamond 4,0,47,,96,81
954,summoner-6701220,955,イオの手先,Diamond 4,0,77,,93,91
955,summoner-6298181,956,Yunn,Diamond 4,0,72,,92,71
956,summoner-6295282,957,7saki eye,Diamond 4,0,67,,91,66
957,summoner-7200222,958,BGF,Diamond 4,0,49,,91,83
958,summoner-6321670,959,卍森林原人卍,Diamond 4,0,47,,90,83
959,summoner-6890241,960,ťele,Diamond 4,0,57,,90,87
960,summoner-12251111,961,Best Janna NA,Diamond 4,0,106,,84,58
961,summoner-6262327,962,Lurix,Diamond 4,0,108,,84,68
962,summoner-6332429,963,takuman por,Diamond 4,0,41,,71,42
963,summoner-6181074,964,Damnare Mantis,Diamond 4,0,117,,67,67
964,summoner-6296124,965,14d,Diamond 4,0,49,,67,74
965,summoner-6681244,966,PontaCard,Diamond 4,0,82,,67,56
966,summoner-6170708,967,河南実里,Diamond 4,0,104,,55,48
967,summoner-6290250,968,Ｃherry,Diamond 4,0,39,,37,24
968,summoner-9960670,969,Asterism,Diamond 4,0,53,,35,32
969,summoner-6183784,970,Caim,Diamond 4,0,58,,34,18
970,summoner-6160830,971,нoчь,Diamond 4,0,36,,32,17
971,summoner-6180355,972,Mi vida loca,Diamond 5,100,154,,259,252
972,summoner-12420250,973,Deklaran,Diamond 5,100,89,,246,233
973,summoner-6310164,974,freejapan,Diamond 5,100,64,,205,210
974,summoner-9530609,975,月与海,Diamond 5,100,80,,199,194
975,summoner-6262219,976,Pudge,Diamond 5,100,99,,179,164
976,summoner-8900234,977,pirotyan,Diamond 5,100,73,,179,143
977,summoner-10871337,978,アムルクレチア,Diamond 5,100,60,,173,155
978,summoner-6161550,979,terya,Diamond 5,100,69,,166,137
979,summoner-6301025,980,oけいo,Diamond 5,100,116,,154,132
980,summoner-6701806,981,KITKATASDHOH,Diamond 5,100,64,,137,107
981,summoner-14170466,982,Aramia,Diamond 5,100,49,,126,97
982,summoner-8140187,983,KIed BOT,Diamond 5,100,85,,124,105
983,summoner-6275587,984,日代VX 460957987,Diamond 5,100,81,,123,90
984,summoner-6184581,985,This,Diamond 5,100,61,,107,106
985,summoner-6703544,986,Shino3,Diamond 5,100,53,,89,74
986,summoner-6318546,987,Y u K i SSSSSS,Diamond 5,100,64,,85,85
987,summoner-12640672,988,止まらないオルガ,Diamond 5,100,47,,77,54
988,summoner-6171785,989,BotLanersSuck,Diamond 5,100,144,,75,35
989,summoner-6314723,990,MannérsMakethMan,Diamond 5,100,60,,68,62
990,summoner-6185989,991,ななせ,Diamond 5,100,118,,55,53
991,summoner-6722749,992,18cm魔法少女,Diamond 5,100,116,,45,39
992,summoner-6181321,993,Dont u trust Muu,Diamond 5,100,38,,24,16
993,summoner-6265283,994,GQVV,Diamond 5,98,45,,116,79
994,summoner-6183757,995,Captain Musuka,Diamond 5,97,46,,41,35
995,summoner-6171437,996,TaeyoungBoy,Diamond 5,96,112,,323,336
996,summoner-6169272,997,tomomiii,Diamond 5,96,107,,255,232
997,summoner-9440328,998,ScudCrosers,Diamond 5,95,92,,89,81
998,summoner-6346451,999,MerukuLyrical,Diamond 5,95,103,,78,60
999,summoner-6299948,1000,Migrile,Diamond 5,95,109,,67,63
