#timestamp 1529820046617
#date 2018-06-24T06:00:46+00:00
#players 1000
#index,id,rank,name,tier,lp,level,proTeam,win,loss
0,summoner-12190942,1,MMM REMIND,Challenger,1202,47,,140,86
1,summoner-11460164,2,BMR TIger987,Challenger,1184,97,,333,284
2,summoner-11460126,3,BMR Sleeping,Challenger,1142,99,,308,266
3,summoner-11350137,4,Lakiaro,Challenger,1028,49,,134,87
4,summoner-11360138,5,Monkey D Ryoma,Challenger,1022,59,,197,150
5,summoner-473922,6,Phantiksˉ,Challenger,1005,48,,139,94
6,summoner-11370132,7,sp18,Challenger,1000,53,,173,127
7,summoner-297478,8,weixin s5683169,Challenger,978,72,,189,133
8,summoner-2651026,9,NishiZhuma,Challenger,978,57,,186,130
9,summoner-4380973,10,Phantiks OuO,Challenger,924,64,,162,126
10,summoner-1530604,11,ORD Ming,Challenger,915,74,,195,144
11,summoner-381031,12,AresXd,Challenger,876,48,,118,75
12,summoner-274464,13,Phantiks,Challenger,834,47,,127,88
13,summoner-493127,14,Eyla,Challenger,831,98,,168,138
14,summoner-5895478,15,Monkey D Mitch,Challenger,787,64,,187,146
15,summoner-890259,16,Shok,Challenger,796,91,,217,187
16,summoner-229825,17,Apink Bomi2,Challenger,776,65,,205,174
17,summoner-233854,18,Gðku,Challenger,769,70,,188,158
18,summoner-3150942,19,QQ854166019,Challenger,763,88,,353,313
19,summoner-444311,20,SSG Decoy,Challenger,748,72,,134,108
20,summoner-10061365,21,EMP Chazz,Challenger,724,62,,192,152
21,summoner-5935237,22,Gon123,Challenger,721,75,,288,252
22,summoner-10811838,23,Babo Beongsin JH,Challenger,719,62,,97,67
23,summoner-11350138,24,ORD Swiffer,Challenger,715,63,,234,193
24,summoner-735088,25,tlxjkgcpl17717,Challenger,685,69,,220,187
25,summoner-952670,26,Praelus,Challenger,665,84,,182,157
26,summoner-11370136,27,ˆˉˇˉ,Challenger,650,42,,89,53
27,summoner-11360141,28,Rotomairewhenua,Challenger,647,64,,149,115
28,summoner-929978,29,Fudge,Challenger,658,119,,433,406
29,summoner-510102,30,obito1,Challenger,595,72,,244,218
30,summoner-11360145,31,ORD Uzi,Challenger,595,50,,156,90
31,summoner-432291,32,Sybol,Challenger,594,74,,193,171
32,summoner-8010384,33,Guts,Challenger,590,123,,408,382
33,summoner-601923,34,INT Haeri,Challenger,588,122,,263,238
34,summoner-5910870,35,you will miss me,Challenger,576,66,,232,194
35,summoner-11350133,36,NMSLWSNDHJYZ,Challenger,576,49,,126,96
36,summoner-483862,37,Cuden 1,Challenger,560,105,,210,191
37,summoner-620972,38,Better on Top,Challenger,574,100,,176,157
38,summoner-303763,39,MAKE OUT HILLXXX,Challenger,593,79,,257,241
39,summoner-801178,40,Chippys,Challenger,566,63,,183,165
40,summoner-456280,41,Terrath,Challenger,558,104,,280,241
41,summoner-10071209,42,Ai no misete,Challenger,553,52,,134,102
42,summoner-316587,43,Praedvth,Challenger,549,85,,172,140
43,summoner-578793,44,Coachboo,Challenger,530,74,,173,156
44,summoner-11690394,45,b1waC,Challenger,508,63,,219,165
45,summoner-494121,46,ry0ma,Challenger,491,46,,116,82
46,summoner-564778,47,Omnî,Challenger,487,121,,611,597
47,summoner-5741616,48,Msituay,Challenger,483,53,,165,117
48,summoner-991093,49,Jenkins,Challenger,479,134,,239,216
49,summoner-445723,50,Hotchelli,Challenger,466,92,,267,241
50,summoner-291848,51,Feint,Challenger,466,86,,193,173
51,summoner-472833,52,siuman,Challenger,457,71,,232,214
52,summoner-276531,53,Mihuhi,Challenger,437,111,,252,228
53,summoner-2572199,54,41095,Challenger,451,87,,134,103
54,summoner-276134,55,Zíppo,Challenger,451,140,,128,100
55,summoner-11970252,56,apiiii,Challenger,450,58,,180,126
56,summoner-1332943,57,Panda ouo,Challenger,449,75,,150,129
57,summoner-11360144,58,Monkey Madness,Challenger,447,58,,192,170
58,summoner-230726,59,BioPanther,Challenger,439,116,,170,157
59,summoner-571021,60,Wherearewe,Challenger,417,64,,164,147
60,summoner-4961001,61,alexxxxxx,Challenger,433,58,,132,106
61,summoner-11001000,62,BITCONNEEEEEEECT,Challenger,430,73,,190,134
62,summoner-301731,63,Mog,Challenger,417,114,,411,409
63,summoner-8930124,64,LTZevil is back,Challenger,413,64,,98,76
64,summoner-3131580,65,Utopia,Challenger,409,110,,338,319
65,summoner-239897,66,Getback,Challenger,405,126,,331,321
66,summoner-633527,67,Netsky,Challenger,404,79,,271,245
67,summoner-569466,68,msdnb12 23 n1,Challenger,417,99,,346,332
68,summoner-507474,69,BeeShoe,Challenger,392,76,,236,204
69,summoner-11370134,70,amok,Challenger,391,47,,107,92
70,summoner-577995,71,Uther,Challenger,387,53,,95,70
71,summoner-328401,72,Oikawa Tooru,Challenger,385,127,,207,187
72,summoner-724526,73,WÆN,Challenger,385,64,,157,107
73,summoner-232632,74,Cheezels,Challenger,383,83,,230,185
74,summoner-11370125,75,No Talent Player,Challenger,365,49,,130,110
75,summoner-3560761,76,Small bubble,Challenger,382,72,,108,90
76,summoner-2752573,77,retributionˉ,Challenger,356,63,,217,130
77,summoner-5831171,78,KRdoink,Challenger,356,93,,139,118
78,summoner-9730774,79,w1ndzera234,Challenger,353,56,,140,114
79,summoner-233843,80,Dreamy Donut,Challenger,351,59,,211,183
80,summoner-12240938,81,seo hanbit,Challenger,351,38,,57,28
81,summoner-8524790,82,Big Dobes,Challenger,343,71,,239,200
82,summoner-12130716,83,Fill Main,Challenger,341,44,,115,69
83,summoner-11050315,84,GellyCub,Challenger,329,115,,382,363
84,summoner-399995,85,Draqon,Challenger,323,98,,217,215
85,summoner-317688,86,Big Brain Wil,Challenger,321,89,,152,143
86,summoner-604210,87,e g ý m,Challenger,320,72,,183,168
87,summoner-1891503,88,TheLilTeaPot,Challenger,319,70,,193,151
88,summoner-457370,89,Thiên,Challenger,312,132,,558,533
89,summoner-11501277,90,EnterKeyRemoved,Challenger,310,70,,289,252
90,summoner-590799,91,BMR Seb,Challenger,310,90,,194,177
91,summoner-901128,92,Pengsing,Challenger,310,53,,138,112
92,summoner-6261249,93,remember when,Challenger,301,73,,148,95
93,summoner-508906,94,Plutó,Challenger,293,87,,193,160
94,summoner-11203083,95,RareSticks Clap,Challenger,292,62,,211,151
95,summoner-1394873,96,MR FAT PIG,Challenger,287,142,,353,331
96,summoner-1592239,97,Pap,Challenger,287,119,,295,270
97,summoner-293743,98,Lily,Challenger,281,114,,341,320
98,summoner-558311,99,BeachWhale,Challenger,260,115,,347,321
99,summoner-330947,100,gunkrab,Challenger,278,116,,399,390
100,summoner-490487,101,D1O,Challenger,274,55,,155,100
101,summoner-6130376,102,Gonna slay u,Challenger,254,70,,176,120
102,summoner-311555,103,Vans,Challenger,272,103,,116,98
103,summoner-478475,104,mister f is back,Challenger,270,74,,265,197
104,summoner-279834,105,billy bong,Challenger,270,72,,202,170
105,summoner-7891163,106,AC HatsuyukiYumi,Challenger,270,49,,108,86
106,summoner-456316,107,NMSL NiQueZaiBB,Challenger,267,43,,101,83
107,summoner-3710963,108,Ailuna,Challenger,259,50,,118,95
108,summoner-4973029,109,HENRYJWATERNOOSE,Challenger,258,56,,104,92
109,summoner-644072,110,UDYSOF,Challenger,251,104,,313,307
110,summoner-664497,111,Zhengchao God,Challenger,248,51,,72,60
111,summoner-381426,112,Skellyy,Challenger,245,72,,235,168
112,summoner-670149,113,LaughingMan,Challenger,244,72,,154,130
113,summoner-408703,114,Bambi On Ice,Challenger,244,87,,126,108
114,summoner-623208,115,Alto Angelo,Challenger,244,63,,111,89
115,summoner-445071,116,mattyg33,Challenger,243,132,,460,444
116,summoner-11720163,117,Arbitux,Challenger,240,88,,173,150
117,summoner-11980148,118,Fei B ZuanShi,Challenger,221,146,,122,106
118,summoner-693842,119,Played,Challenger,234,73,,184,173
119,summoner-8521226,120,Dream111,Challenger,231,74,,243,211
120,summoner-481868,121,PowerfulUnicorn,Challenger,227,105,,155,132
121,summoner-328516,122,Sweety Spaghetti,Challenger,225,95,,320,299
122,summoner-1022808,123,LittlePapa,Challenger,223,75,,137,119
123,summoner-563169,124,BMR Rosey,Challenger,221,65,,153,136
124,summoner-632903,125,PD AN,Challenger,220,65,,242,225
125,summoner-8611092,126,ITN Aladoric,Challenger,198,140,,462,460
126,summoner-10890476,127,RèVelUvs,Challenger,214,101,,346,311
127,summoner-278781,128,Harrí,Challenger,214,154,,72,65
128,summoner-7890412,129,bojack ANU,Challenger,212,124,,444,408
129,summoner-1156907,130,1234hitdinosaur,Challenger,208,73,,203,188
130,summoner-463736,131,Farm,Challenger,207,66,,108,90
131,summoner-5031491,132,Dappa kappa,Challenger,207,116,,97,84
132,summoner-342457,133,Gbay99,Challenger,205,112,,267,250
133,summoner-12080166,134,CommandAttack NA,Challenger,204,66,,223,211
134,summoner-6821398,135,Prae1us,Challenger,204,64,,67,57
135,summoner-1270780,136,qwerasdf1234zxct,Challenger,201,65,,211,164
136,summoner-713688,137,Emphasis,Challenger,195,75,,124,108
137,summoner-4962426,138,Plummet,Challenger,194,86,,155,120
138,summoner-775147,139,shui bu gou TuT,Challenger,191,112,,265,224
139,summoner-11370128,140,Tijé,Challenger,190,49,,138,111
140,summoner-9101159,141,Just a game,Challenger,185,94,,440,405
141,summoner-1440378,142,LoneIy,Challenger,185,86,,213,184
142,summoner-439696,143,Xanquish,Challenger,185,77,,179,160
143,summoner-11860179,144,RONAN,Challenger,183,62,,237,194
144,summoner-9660178,145,PurpleLamaGamer,Challenger,179,109,,353,304
145,summoner-470295,146,Navi,Challenger,179,75,,146,105
146,summoner-455507,147,emelg,Challenger,178,115,,187,167
147,summoner-3661252,148,Rédemption,Challenger,175,68,,170,159
148,summoner-631376,149,AV Jayke,Challenger,173,79,,192,190
149,summoner-2731428,150,ITN Fudge,Challenger,173,62,,180,133
150,summoner-277786,151,Smeds,Challenger,172,124,,168,151
151,summoner-626793,152,feifeiAAAAAA,Challenger,170,67,,133,96
152,summoner-10061504,153,HTC GuaPi,Challenger,169,121,,446,423
153,summoner-5451344,154,AwsomeSDevil,Challenger,165,102,,467,424
154,summoner-11781766,155,Johnber Gazua,Challenger,164,53,,125,76
155,summoner-7291918,156,LetTheGayGo,Challenger,162,75,,230,210
156,summoner-10951949,157,LilPump,Challenger,158,49,,135,98
157,summoner-277034,158,Jolt,Challenger,154,105,,318,299
158,summoner-8891509,159,playlikefly,Challenger,154,75,,146,119
159,summoner-1892186,160,LGC Only,Challenger,154,74,,137,131
160,summoner-235541,161,Kaýn,Challenger,154,98,,97,75
161,summoner-299446,162,Sam,Challenger,153,114,,201,195
162,summoner-297107,163,Edna Krabappoly,Challenger,152,43,,103,88
163,summoner-236616,164,SulNix,Challenger,151,108,,346,334
164,summoner-231399,165,Zaptar,Challenger,148,124,,334,326
165,summoner-8201755,166,Katsurii,Challenger,148,87,,246,236
166,summoner-5321182,167,WX a759514064,Challenger,148,41,,112,38
167,summoner-311290,168,Mian Mian,Challenger,147,48,,106,95
168,summoner-6381137,169,AresSigh,Challenger,147,42,,98,54
169,summoner-3665599,170,Dragonair,Challenger,136,56,,91,70
170,summoner-437165,171,Azus,Challenger,146,119,,399,382
171,summoner-553889,172,Minkywhale,Challenger,165,103,,361,354
172,summoner-240105,173,Cane Me Daddy,Challenger,145,57,,155,106
173,summoner-8430194,174,RNG AI,Challenger,145,80,,75,63
174,summoner-2380423,175,Ayum1,Challenger,141,84,,107,79
175,summoner-352592,176,Daegu Venus,Challenger,138,65,,115,95
176,summoner-345665,177,Sizzle,Challenger,137,67,,186,165
177,summoner-323313,178,Aware,Challenger,136,60,,80,67
178,summoner-590866,179,WoYou Bu Luanlai,Challenger,133,60,,197,147
179,summoner-3310720,180,Piggie,Challenger,133,73,,151,149
180,summoner-624689,181,Kurisutiiiina,Challenger,132,86,,213,203
181,summoner-484631,182,Oshino,Challenger,130,77,,212,174
182,summoner-6690216,183,2017 07 07,Challenger,130,115,,138,123
183,summoner-6020977,184,DW k1ng,Challenger,130,37,,48,30
184,summoner-3081213,185,MVP lan,Challenger,109,82,,185,178
185,summoner-945177,186,smurfQ283490070,Challenger,127,95,,423,381
186,summoner-448934,187,permanent mute,Challenger,127,90,,164,154
187,summoner-222562,188,Morgank Freeman,Challenger,126,108,,164,147
188,summoner-357041,189,Incursio,Challenger,125,122,,398,383
189,summoner-8930255,190,Yün Chèung,Challenger,123,142,,299,274
190,summoner-577848,191,Countdown Timer,Challenger,123,63,,165,155
191,summoner-300609,192,BladeWristed,Challenger,123,60,,152,125
192,summoner-11860960,193,trash canister,Challenger,120,70,,281,248
193,summoner-7281092,194,Cuo,Challenger,119,51,,143,126
194,summoner-4802261,195,Mashadar,Challenger,115,65,,106,89
195,summoner-1333527,196,Him and I,Challenger,114,47,,103,86
196,summoner-2982057,197,Madmaximo,Challenger,113,138,,181,147
197,summoner-464106,198,Magic McDull,Challenger,108,124,,376,370
198,summoner-237590,199,Tekker,Challenger,108,81,,170,163
199,summoner-280161,200,Mayura,Challenger,100,116,,357,350
200,summoner-11890144,201,Evanescere,Master,138,39,,91,43
201,summoner-236630,202,Nomadic Jungler,Master,122,39,,67,44
202,summoner-12320606,203,Bogoshipuhyo,Master,120,36,,45,30
203,summoner-5381177,204,Mr floppy sock,Master,109,108,,464,453
204,summoner-587485,205,carb0n,Master,105,96,,344,338
205,summoner-405709,206,w1ndzera,Master,105,62,,118,100
206,summoner-236461,207,Dis,Master,99,105,,316,304
207,summoner-891628,208,Karsa,Master,97,79,,231,226
208,summoner-9251514,209,dahaoshiwangzhe,Master,93,52,,139,105
209,summoner-557104,210,sh00zyz,Master,93,93,,97,82
210,summoner-293100,211,Jub Jub,Master,91,89,,273,275
211,summoner-3072610,212,Gerissi,Master,83,63,,175,158
212,summoner-744422,213,Farmer,Master,81,92,,178,165
213,summoner-1250370,214,Akali or GG,Master,78,75,,242,235
214,summoner-11230285,215,slkjdf,Master,73,59,,205,171
215,summoner-3802072,216,SolStar,Master,72,65,,74,47
216,summoner-11131946,217,Once upon a time,Master,71,40,,83,56
217,summoner-4491948,218,DW SHERN1FIRE,Master,68,48,,111,71
218,summoner-356125,219,Newto,Master,61,87,,240,229
219,summoner-8050173,220,LGC Claire,Master,60,79,,73,69
220,summoner-11161564,221,JaIeeI,Master,56,50,,95,69
221,summoner-221417,222,Chazz It Up,Master,55,61,,116,101
222,summoner-5201174,223,MasterGarenDimon,Master,54,81,,238,217
223,summoner-531379,224,aaeer,Master,54,78,,228,220
224,summoner-7621555,225,Katsuri,Master,53,61,,138,123
225,summoner-1830141,226,kaios619,Master,51,69,,186,180
226,summoner-454494,227,Rêxx,Master,51,103,,143,96
227,summoner-12510151,228,thgink99,Master,72,48,,150,118
228,summoner-12080136,229,PADO,Master,35,70,,137,56
229,summoner-272065,230,superwog1,Master,42,50,,91,83
230,summoner-481977,231,Tilterella,Master,41,73,,115,107
231,summoner-10570533,232,owowowowowowowow,Master,34,49,,102,50
232,summoner-511802,233,Callurjglertrash,Master,30,59,,215,184
233,summoner-11212045,234,Dekar The Rengar,Master,30,57,,168,117
234,summoner-7130976,235,Animosityxx,Master,28,129,,141,144
235,summoner-747148,236,Anderu,Master,44,102,,151,144
236,summoner-567993,237,Chloe Burbank,Master,21,75,,71,59
237,summoner-8430364,238,Yaelay,Master,20,47,,116,104
238,summoner-6391346,239,kaiydo 2,Master,20,40,,74,30
239,summoner-490978,240,Taelen,Master,19,98,,395,366
240,summoner-443078,241,Pisang,Master,19,74,,296,256
241,summoner-8371066,242,H4MMY,Master,19,98,,200,170
242,summoner-4880235,243,bub,Master,19,54,,73,63
243,summoner-283916,244,ecotoxic,Master,18,84,,299,304
244,summoner-7050167,245,SìNNERS,Master,18,108,,178,167
245,summoner-6680397,246,Jungle is win,Master,14,65,,159,144
246,summoner-852980,247,team bad me mad,Master,9,54,,155,122
247,summoner-1343871,248,POSSYM,Master,8,74,,210,182
248,summoner-501165,249,i looove aram,Master,8,65,,55,44
249,summoner-1280673,250,Qoobe,Master,4,73,,166,161
250,summoner-771385,251,Back To November,Master,2,76,,151,123
251,summoner-470404,252,BushyBooBoo,Master,0,162,,689,694
252,summoner-8191549,253,Ahsilum,Master,0,69,,264,248
253,summoner-1750151,254,Tudo,Master,0,93,,231,226
254,summoner-10870678,255,Wìsh,Master,0,44,,90,73
255,summoner-10110125,256,Ding Hao Tian,Master,0,59,,79,41
256,summoner-302224,257,Midås,Master,0,66,,44,31
257,summoner-225340,258,Catch Me On Fire,Diamond 1,100,102,,425,415
258,summoner-447401,259,Juhuakiller,Diamond 1,100,88,,225,214
259,summoner-438257,260,ßlitzcrank,Master,0,57,,154,123
260,summoner-4221919,261,TriHard 7,Diamond 1,100,54,,146,85
261,summoner-326206,262,Coach Curtis,Diamond 1,100,54,,117,103
262,summoner-690302,263,chf Leo,Diamond 1,100,55,,96,86
263,summoner-813780,264,Ionia,Diamond 1,100,67,,94,60
264,summoner-8562347,265,Micah,Diamond 1,100,42,,92,41
265,summoner-3110212,266,DW Cupcake,Diamond 1,100,65,,89,76
266,summoner-11030157,267,NONO,Diamond 1,100,53,,70,26
267,summoner-9151665,268,BLACKPINK Róse,Diamond 1,100,42,,69,46
268,summoner-11350131,269,Senuc DIN,Diamond 1,100,39,,58,28
269,summoner-1321671,270,Giganaut,Diamond 1,100,74,,47,32
270,summoner-343682,271,Peasy,Diamond 1,99,121,,252,242
271,summoner-509185,272,Noob,Diamond 1,99,61,,167,141
272,summoner-407599,273,Shogun Altair,Diamond 1,96,80,,107,92
273,summoner-329397,274,G0V,Diamond 1,95,149,,463,458
274,summoner-303883,275,c u soon,Diamond 1,95,88,,236,220
275,summoner-9330908,276,gucci flip fl0ps,Diamond 1,94,118,,392,387
276,summoner-1395519,277,BMR Looch,Diamond 1,93,88,,261,241
277,summoner-5943766,278,Hkbesttroll,Diamond 1,92,82,,187,181
278,summoner-8183067,279,Have Fun,Diamond 1,90,68,,141,126
279,summoner-5380334,280,YasuoHawkNz,Diamond 1,90,71,,108,96
280,summoner-482979,281,bombboy,Diamond 1,90,47,,36,26
281,summoner-9370914,282,pocketgirl,Diamond 1,90,53,,34,15
282,summoner-233863,283,Reminder,Diamond 1,89,98,,270,263
283,summoner-6410962,284,IlIlIlIlIlIlIll,Diamond 1,88,46,,68,56
284,summoner-234403,285,THE SMORC BEAR,Diamond 1,87,64,,128,110
285,summoner-307081,286,BlueHawkNz,Diamond 1,85,49,,51,41
286,summoner-460937,287,Deztend,Diamond 1,84,103,,256,231
287,summoner-11260152,288,Phosphophylite,Diamond 1,84,48,,102,86
288,summoner-11350140,289,cant remember,Diamond 1,79,47,,110,92
289,summoner-299452,290,Mikazuki,Diamond 1,78,71,,104,92
290,summoner-336476,291,Tommy 2000,Diamond 1,77,61,,77,68
291,summoner-314888,292,JellyCub,Diamond 1,76,75,,267,267
292,summoner-281754,293,Diamond 5,Diamond 1,76,99,,241,229
293,summoner-3171338,294,weixin2285407603,Diamond 1,76,60,,171,163
294,summoner-8620524,295,Baeatrice,Diamond 1,76,61,,132,119
295,summoner-326444,296,Huey Dewey Louie,Diamond 1,75,144,,481,463
296,summoner-820884,297,Mur1m,Diamond 1,75,97,,345,330
297,summoner-741594,298,Kickback69,Diamond 1,75,68,,287,227
298,summoner-326064,299,Slayer,Diamond 1,75,83,,273,238
299,summoner-5171370,300,Hi I am Vince,Diamond 1,75,89,,213,196
300,summoner-5171370,301,Hi I am Vince,Diamond 1,75,89,,213,196
301,summoner-492773,302,stop torture me,Diamond 1,75,66,,192,155
302,summoner-2600474,303,gg ff,Diamond 1,75,60,,183,149
303,summoner-9920508,304,M4A11111,Diamond 1,75,85,,178,145
304,summoner-10451585,305,20 Mins in Q,Diamond 1,75,64,,164,160
305,summoner-510010,306,Kimchiii,Diamond 1,75,78,,161,136
306,summoner-5943935,307,Azure,Diamond 1,75,107,,158,136
307,summoner-283402,308,Akeno,Diamond 1,75,97,,144,122
308,summoner-232475,309,Boss McNuggets,Diamond 1,75,75,,143,121
309,summoner-3162807,310,7425,Diamond 1,75,99,,130,111
310,summoner-11350126,311,8th place top,Diamond 1,75,49,,130,109
311,summoner-5310901,312,kaios19231230221,Diamond 1,75,96,,129,109
312,summoner-455477,313,Hold You Tight,Diamond 1,75,59,,118,94
313,summoner-8440977,314,Kohta,Diamond 1,75,64,,118,104
314,summoner-9050195,315,SKT,Diamond 1,75,75,,118,108
315,summoner-594237,316,Soulstrikes,Diamond 1,75,72,,117,111
316,summoner-1891528,317,Rank 1 MID,Diamond 1,75,45,,117,65
317,summoner-11941453,318,ecotoxic 4,Diamond 1,75,45,,112,85
318,summoner-324274,319,Kensen,Diamond 1,75,61,,108,85
319,summoner-12220760,320,Richard Soup,Diamond 1,75,43,,103,76
320,summoner-583483,321,Beaunivia,Diamond 1,75,74,,100,95
321,summoner-2351692,322,loveforever,Diamond 1,75,47,,99,60
322,summoner-8610762,323,clairo,Diamond 1,75,50,,89,72
323,summoner-3680308,324,Bma,Diamond 1,75,58,,88,82
324,summoner-636251,325,Swiffer,Diamond 1,75,56,,84,62
325,summoner-9350340,326,Caithe,Diamond 1,75,49,,77,66
326,summoner-2171317,327,k1ng Cupcake,Diamond 1,75,40,,71,30
327,summoner-9800260,328,Irenaceus,Diamond 1,75,38,,70,34
328,summoner-2572995,329,Cupcake k1ng,Diamond 1,75,42,,68,33
329,summoner-7631957,330,twitchtvPhantiks,Diamond 1,75,38,,66,39
330,summoner-900249,331,Tôi Là Thiên,Diamond 1,75,43,,63,45
331,summoner-1374113,332,Rukira,Diamond 1,75,113,,53,42
332,summoner-357181,333,Destinyy,Diamond 1,75,44,,43,35
333,summoner-333625,334,Margaret Mahy,Diamond 1,74,127,,119,98
334,summoner-7390819,335,ryujinokewokurae,Diamond 1,73,52,,114,101
335,summoner-10550824,336,Armless Autism,Diamond 1,72,61,,183,138
336,summoner-1530424,337,SCENAR1O,Diamond 1,72,56,,152,145
337,summoner-940870,338,poopi,Diamond 1,72,48,,43,23
338,summoner-434116,339,nooba,Diamond 1,71,49,,36,20
339,summoner-3553855,340,Shiloh,Diamond 1,69,134,,274,267
340,summoner-1903829,341,no hands btw,Diamond 1,69,66,,160,152
341,summoner-553896,342,Evilhag,Diamond 1,69,68,,44,39
342,summoner-296998,343,CaitlynUltedJFK,Diamond 1,68,105,,209,203
343,summoner-448008,344,The Lee Sin,Diamond 1,68,66,,80,51
344,summoner-443126,345,Bahrewer,Diamond 1,67,114,,86,71
345,summoner-276609,346,ìcøn,Diamond 1,67,74,,76,75
346,summoner-237869,347,eezyarC toN,Diamond 1,64,136,,475,476
347,summoner-670511,348,Billythekidzz,Diamond 1,64,81,,132,123
348,summoner-774614,349,Love Mosquito,Diamond 1,64,87,,112,97
349,summoner-443775,350,RAISE UR DONGERZ,Diamond 1,64,42,,48,34
350,summoner-484507,351,Cheph,Diamond 1,63,107,,362,363
351,summoner-11224170,352,TwitchTVLronwoif,Diamond 1,63,65,,185,149
352,summoner-11250976,353,KR DOPA,Diamond 1,63,54,,111,71
353,summoner-9970922,354,Redemptionˉ,Diamond 1,63,47,,60,57
354,summoner-3490137,355,brekfast,Diamond 1,62,95,,330,329
355,summoner-434399,356,Whimstaff,Diamond 1,62,49,,64,59
356,summoner-9840127,357,dailianjiahaoyou,Diamond 1,61,59,,219,200
357,summoner-477410,358,Klaire,Diamond 1,61,53,,134,114
358,summoner-406482,359,BADDiE,Diamond 1,61,70,,120,106
359,summoner-1872199,360,Arashi,Diamond 1,61,78,,59,48
360,summoner-10011928,361,DoochiWa,Diamond 1,60,63,,178,149
361,summoner-479438,362,Falkner,Diamond 1,60,96,,127,123
362,summoner-234079,363,Top Lane Virgin,Diamond 1,59,47,,94,87
363,summoner-630464,364,Xcuse Mee,Diamond 1,58,84,,149,148
364,summoner-402609,365,The Silent Voice,Diamond 1,57,76,,206,204
365,summoner-11060162,366,M1d hu,Diamond 1,57,74,,154,140
366,summoner-274320,367,Boosted Janna,Diamond 1,56,101,,74,71
367,summoner-436171,368,im LHao,Diamond 1,53,90,,274,243
368,summoner-288782,369,lil splash,Diamond 1,53,81,,213,209
369,summoner-393328,370,AuSNlPE,Diamond 1,53,56,,115,106
370,summoner-2431627,371,Blacksey,Diamond 1,53,106,,111,89
371,summoner-11065193,372,Prey Seeker,Diamond 1,53,48,,40,25
372,summoner-9030151,373,baxixiaoniu,Diamond 1,52,95,,419,406
373,summoner-238330,374,Koods,Diamond 1,50,121,,472,466
374,summoner-10970417,375,Felinnothair,Diamond 1,50,87,,399,362
375,summoner-6420316,376,4uu,Diamond 1,50,165,,215,167
376,summoner-220545,377,Frolloc,Diamond 1,50,152,,200,171
377,summoner-794192,378,Skyscorcher,Diamond 1,50,95,,184,168
378,summoner-277464,379,Kpooop,Diamond 1,50,73,,165,158
379,summoner-339515,380,Sheng Sheng,Diamond 1,50,52,,160,99
380,summoner-454805,381,RNG      MR E N,Diamond 1,50,54,,158,104
381,summoner-491243,382,DeathSphere22,Diamond 1,50,70,,156,144
382,summoner-3020293,383,WeWantPeace,Diamond 1,50,74,,118,77
383,summoner-229440,384,Enter Dreamland,Diamond 1,50,83,,107,100
384,summoner-2523280,385,P 18 15 16 8,Diamond 1,50,45,,106,79
385,summoner-335113,386,lilaznrat,Diamond 1,50,68,,69,56
386,summoner-323773,387,Kedu715,Diamond 1,49,95,,205,203
387,summoner-723286,388,Kiitty,Diamond 1,49,67,,87,87
388,summoner-584830,389,GZ HaiT,Diamond 1,48,62,,160,127
389,summoner-479574,390,Vivid,Diamond 1,48,82,,35,25
390,summoner-11252383,391,Lolista,Diamond 1,47,56,,166,112
391,summoner-582861,392,ShuHaiBuRongYi,Diamond 1,47,51,,71,60
392,summoner-890994,393,RBE BoBo,Diamond 1,46,70,,133,104
393,summoner-288335,394,Nirphana,Diamond 1,46,89,,82,69
394,summoner-227475,395,Mikes,Diamond 1,45,107,,188,165
395,summoner-9611699,396,good kid,Diamond 1,45,65,,168,166
396,summoner-1771810,397,Phos,Diamond 1,45,57,,101,65
397,summoner-402487,398,Baahrewer,Diamond 1,45,51,,73,52
398,summoner-233721,399,k1ngOfTheYouth,Diamond 1,45,47,,64,64
399,summoner-581032,400,Káne,Diamond 1,44,130,,195,198
400,summoner-2712951,401,EL Legendary,Diamond 1,43,52,,88,56
401,summoner-12330331,402,AV DarkSide,Diamond 1,43,35,,35,16
402,summoner-3680392,403,YukiistMe,Diamond 1,42,60,,120,88
403,summoner-11130130,404,LydiaeK,Diamond 1,41,97,,130,109
404,summoner-8720302,405,Black phoen1x,Diamond 1,41,47,,114,87
405,summoner-624642,406,123456978,Diamond 1,41,47,,82,78
406,summoner-1200380,407,Jaiya,Diamond 1,41,67,,69,43
407,summoner-7350836,408,DaDazhy,Diamond 1,40,73,,187,130
408,summoner-11971346,409,cønfusednimbIe,Diamond 1,39,47,,131,92
409,summoner-7491130,410,zZJay,Diamond 1,39,89,,125,118
410,summoner-332728,411,Cedmend,Diamond 1,36,55,,104,81
411,summoner-3560420,412,Kaaitsune,Diamond 1,35,77,,240,193
412,summoner-443860,413,zuowodemiao,Diamond 1,35,61,,120,106
413,summoner-503773,414,NADA1001,Diamond 1,34,53,,102,92
414,summoner-456283,415,j0hns0nBurger,Diamond 1,34,56,,43,35
415,summoner-354808,416,Warrior Turtle,Diamond 1,33,81,,175,140
416,summoner-236253,417,Hey You,Diamond 1,32,68,,181,149
417,summoner-2573886,418,Cyan Willow,Diamond 1,32,137,,68,65
418,summoner-824118,419,DaPiPi,Diamond 1,31,63,,70,69
419,summoner-703699,420,inx,Diamond 1,31,61,,61,53
420,summoner-901980,421,Dragku,Diamond 1,30,78,,251,240
421,summoner-312239,422,Philosophy,Diamond 1,30,109,,164,164
422,summoner-702613,423,Howard,Diamond 1,30,61,,128,111
423,summoner-4953082,424,Cute Ragdoll,Diamond 1,29,139,,244,222
424,summoner-290213,425,Small Fish,Diamond 1,29,106,,133,107
425,summoner-454342,426,volkzz,Diamond 1,29,70,,121,112
426,summoner-235577,427,Reptox,Diamond 1,28,58,,121,112
427,summoner-11061200,428,ecotoxic 3,Diamond 1,25,73,,120,90
428,summoner-11350134,429,ITN k1ng,Diamond 1,25,48,,119,88
429,summoner-10191722,430,ecotoxic 2,Diamond 1,25,45,,107,81
430,summoner-314795,431,Grog Dog1,Diamond 1,25,44,,95,71
431,summoner-285621,432,Framer,Diamond 1,23,79,,164,160
432,summoner-341477,433,WildPig,Diamond 1,23,93,,101,91
433,summoner-1260354,434,LaJiWangZheCNXM,Diamond 1,22,145,,542,543
434,summoner-11370138,435,Mrs Krabappel,Diamond 1,21,60,,184,184
435,summoner-222980,436,Z OMEGALUL E,Diamond 1,21,53,,118,97
436,summoner-3262016,437,kind jungler,Diamond 1,21,44,,78,66
437,summoner-9220132,438,glugluglu,Diamond 1,21,46,,52,40
438,summoner-774275,439,Savannah,Diamond 1,20,84,,164,158
439,summoner-8081649,440,First Time Swain,Diamond 1,20,61,,154,110
440,summoner-11056599,441,mid halo,Diamond 1,19,72,,260,235
441,summoner-354323,442,Merkatroid,Diamond 1,19,64,,71,54
442,summoner-555008,443,6AM 0two1,Diamond 1,19,58,,42,36
443,summoner-463992,444,1m 16 years old,Diamond 1,18,81,,371,317
444,summoner-481142,445,April Ryan,Diamond 1,18,62,,226,186
445,summoner-221510,446,JuvesMuntedNose,Diamond 1,18,44,,69,59
446,summoner-278179,447,ozo1329,Diamond 1,18,99,,58,48
447,summoner-404739,448,Abby Ma,Diamond 1,17,115,,280,262
448,summoner-1980384,449,Nausicaä,Diamond 1,17,99,,89,86
449,summoner-890992,450,Khuong Pham,Diamond 1,17,85,,42,38
450,summoner-332858,451,lokyun,Diamond 1,15,98,,208,199
451,summoner-820889,452,4444441,Diamond 1,15,48,,130,45
452,summoner-934569,453,ShiftZ,Diamond 1,15,48,,112,53
453,summoner-431504,454,ianno,Diamond 1,14,91,,133,127
454,summoner-11840153,455,Japanerella,Diamond 1,13,50,,166,138
455,summoner-672019,456,ryalia,Diamond 1,11,44,,95,86
456,summoner-304479,457,gkez,Diamond 1,9,59,,154,129
457,summoner-11211553,458,BrunonLnDq,Diamond 1,9,49,,124,85
458,summoner-300165,459,HNDRXX,Diamond 1,9,103,,35,27
459,summoner-470164,460,KennyHai,Diamond 1,7,66,,161,157
460,summoner-9611538,461,bunni,Diamond 1,6,37,,30,8
461,summoner-557330,462,JHONG,Diamond 1,5,51,,121,111
462,summoner-304980,463,iChuckRice,Diamond 1,5,79,,90,90
463,summoner-409738,464,Valkia,Diamond 1,3,109,,223,210
464,summoner-233072,465,Daddy Vincent,Diamond 1,1,71,,196,152
465,summoner-970961,466,handyman94,Diamond 1,1,47,,84,70
466,summoner-303120,467,Bite,Diamond 1,0,66,,277,244
467,summoner-743224,468,225,Diamond 1,0,131,,277,251
468,summoner-399946,469,Debatable Plays,Diamond 1,0,93,,259,217
469,summoner-4382883,470,Smoko Shed,Diamond 1,0,95,,244,235
470,summoner-224426,471,Ruinn,Diamond 1,0,74,,202,184
471,summoner-498305,472,Todderk,Diamond 1,0,72,,200,185
472,summoner-3444063,473,helloworld369,Diamond 1,0,75,,198,144
473,summoner-590760,474,Han Guk In Ruski,Diamond 1,0,84,,179,150
474,summoner-330848,475,4y5tvb8,Diamond 1,0,60,,171,154
475,summoner-714382,476,Jerey,Diamond 1,0,69,,164,155
476,summoner-489065,477,Mpowered,Diamond 1,0,116,,159,136
477,summoner-370235,478,ziye,Diamond 1,0,58,,150,94
478,summoner-221999,479,Yatsume,Diamond 1,0,87,,143,139
479,summoner-457463,480,dean,Diamond 1,0,80,,140,125
480,summoner-11430174,481,Forsaken Dream,Diamond 1,0,54,,134,124
481,summoner-439337,482,GU Faker,Diamond 1,0,65,,131,129
482,summoner-277256,483,Thydah,Diamond 1,0,73,,112,114
483,summoner-314889,484,zorenous,Diamond 1,0,75,,85,74
484,summoner-1403425,485,KURT PERRY,Diamond 1,0,55,,82,75
485,summoner-630568,486,Crazy Giraffe,Diamond 1,0,51,,80,81
486,summoner-276620,487,Hyperzoz,Diamond 1,0,62,,71,61
487,summoner-323306,488,JJ27CM,Diamond 1,0,52,,65,46
488,summoner-4802235,489,MyPetMonkey,Diamond 1,0,62,,63,61
489,summoner-448971,490,Eva,Diamond 1,0,66,,59,69
490,summoner-5502181,491,9420,Diamond 1,0,41,,46,14
491,summoner-11580566,492,sooobinms,Diamond 1,0,40,,45,14
492,summoner-11076305,493,yeolahop,Diamond 1,0,41,,43,18
493,summoner-7940303,494,kai0s,Diamond 1,0,46,,39,26
494,summoner-3481025,495,a friendly noob,Diamond 2,100,73,,150,138
495,summoner-296114,496,KayHuynh,Diamond 2,100,72,,133,119
496,summoner-397500,497,SKT T1 Uzi,Diamond 2,100,58,,108,62
497,summoner-707970,498,kmy,Diamond 2,100,39,,63,44
498,summoner-6362083,499,d0t4nat0r,Diamond 2,99,158,,164,152
499,summoner-324564,500,Submissive Trap,Diamond 2,98,78,,88,80
500,summoner-2330180,501,NewTronix,Diamond 2,97,64,,98,93
501,summoner-314859,502,Biofrost,Diamond 2,96,128,,183,175
502,summoner-554066,503,kalroc,Diamond 2,94,91,,68,58
503,summoner-11280145,504,AFs Kiin,Diamond 2,93,46,,79,51
504,summoner-406918,505,Mai Shiu,Diamond 2,91,115,,315,301
505,summoner-227375,506,GreatEngrish,Diamond 2,91,88,,77,65
506,summoner-1883783,507,God Of LP,Diamond 2,90,107,,339,337
507,summoner-577732,508,Bose,Diamond 2,90,99,,292,289
508,summoner-11121416,509,Cheph 2,Diamond 2,90,44,,111,70
509,summoner-222739,510,Mechanical Kyle,Diamond 2,90,68,,94,86
510,summoner-2181036,511,Fluous,Diamond 2,89,47,,78,72
511,summoner-700593,512,Twistar,Diamond 2,85,40,,49,37
512,summoner-1110899,513,Cizza AU,Diamond 2,84,92,,150,130
513,summoner-6220301,514,Mokamoka,Diamond 2,83,69,,241,224
514,summoner-3163035,515,Ritogaming,Diamond 2,82,56,,107,102
515,summoner-356193,516,BlG Picture,Diamond 2,81,76,,76,74
516,summoner-11360133,517,YeahNahYeahMaybe,Diamond 2,78,43,,71,62
517,summoner-3831740,518,Bubberduck,Diamond 2,77,71,,252,237
518,summoner-1850129,519,aXeL0uS,Diamond 2,76,99,,291,273
519,summoner-2481615,520,aznchungy,Diamond 2,75,104,,410,415
520,summoner-1167193,521,Šipić,Diamond 2,75,95,,347,335
521,summoner-8971470,522,trans girl,Diamond 2,75,102,,253,258
522,summoner-284240,523,iBanished,Diamond 2,75,116,,182,158
523,summoner-706325,524,Ecka,Diamond 2,75,100,,180,153
524,summoner-300358,525,Dissociation,Diamond 2,75,64,,171,159
525,summoner-7110774,526,dmz4213,Diamond 2,75,75,,167,157
526,summoner-11202748,527,Pathetic Idiot,Diamond 2,75,51,,153,111
527,summoner-436716,528,Jimurenio,Diamond 2,75,96,,148,124
528,summoner-3710427,529,NinjaLegend1,Diamond 2,75,61,,148,136
529,summoner-4802282,530,Uchîha Obito,Diamond 2,75,59,,135,110
530,summoner-461490,531,First Mate,Diamond 2,75,74,,132,111
531,summoner-302863,532,IG The shy ovo,Diamond 2,75,77,,118,108
532,summoner-1061196,533,kayoko,Diamond 2,75,63,,105,84
533,summoner-6630790,534,jyj,Diamond 2,75,58,,102,104
534,summoner-749364,535,monster hunter,Diamond 2,75,51,,88,83
535,summoner-9690912,536,Destromath,Diamond 2,75,45,,81,78
536,summoner-2920134,537,ThePirateBae,Diamond 2,75,70,,48,39
537,summoner-721676,538,J0hns0n,Diamond 2,75,36,,39,29
538,summoner-4390704,539,duckly,Diamond 2,74,90,,207,198
539,summoner-4530610,540,liansuck,Diamond 2,74,75,,126,120
540,summoner-235604,541,Brush Fun,Diamond 2,74,72,,105,96
541,summoner-860500,542,Billythekidzz 2,Diamond 2,74,45,,38,27
542,summoner-286698,543,Ability,Diamond 2,71,62,,89,86
543,summoner-2741810,544,4 H e a d K i d,Diamond 2,70,75,,150,92
544,summoner-620418,545,LaughingManES,Diamond 2,69,73,,182,171
545,summoner-1500529,546,Mumps,Diamond 2,69,79,,110,109
546,summoner-365399,547,No Fear,Diamond 2,68,112,,285,284
547,summoner-11160195,548,Kimchiii 2,Diamond 2,68,57,,144,93
548,summoner-12020515,549,rekkles122122111,Diamond 2,67,39,,78,50
549,summoner-9420230,550,Fourth rate AD,Diamond 2,63,85,,284,269
550,summoner-331036,551,Magic Mike,Diamond 2,63,92,,203,182
551,summoner-1440400,552,unstable ping,Diamond 2,63,54,,76,69
552,summoner-278492,553,LustMonkey,Diamond 2,61,86,,279,270
553,summoner-4462034,554,Uzi Fanboy,Diamond 2,60,69,,185,151
554,summoner-478373,555,Homeless Leaf,Diamond 2,60,71,,108,98
555,summoner-694658,556,handsome indian,Diamond 2,60,60,,84,70
556,summoner-568646,557,hyejoo,Diamond 2,59,70,,82,62
557,summoner-349960,558,NorthFace,Diamond 2,58,119,,150,129
558,summoner-11780837,559,oce Thanoš,Diamond 2,58,52,,139,106
559,summoner-10881536,560,Lillo,Diamond 2,58,102,,83,62
560,summoner-4430246,561,TriXtEx,Diamond 2,57,77,,303,285
561,summoner-6251921,562,FreshStartJason,Diamond 2,57,57,,214,177
562,summoner-231170,563,Lex Luthor,Diamond 2,57,95,,181,176
563,summoner-483296,564,DW Rippii,Diamond 2,57,52,,147,109
564,summoner-8210805,565,Kpop,Diamond 2,57,110,,145,143
565,summoner-233511,566,cruncheycake,Diamond 2,57,110,,79,68
566,summoner-294150,567,Jopan,Diamond 2,56,60,,46,41
567,summoner-8150153,568,EGOIST Dough,Diamond 2,55,111,,414,350
568,summoner-280651,569,KingJamesMike,Diamond 2,55,66,,137,133
569,summoner-221555,570,im tilting,Diamond 2,55,80,,114,116
570,summoner-371174,571,Bardo,Diamond 2,54,95,,216,209
571,summoner-643368,572,Young Stavros,Diamond 2,53,115,,319,314
572,summoner-7761629,573,Fállen,Diamond 2,52,84,,202,208
573,summoner-280418,574,Coopos,Diamond 2,52,108,,139,125
574,summoner-495039,575,ARAMers suck,Diamond 2,52,93,,135,123
575,summoner-632520,576,ACTL2131,Diamond 2,51,63,,151,156
576,summoner-5141556,577,LOA Fuki,Diamond 2,51,53,,136,124
577,summoner-302759,578,Rye,Diamond 2,50,108,,435,425
578,summoner-483618,579,SuperSkitzzo,Diamond 2,45,157,,690,689
579,summoner-6841129,580,PumaS,Diamond 2,45,63,,172,166
580,summoner-397704,581,risktaker,Diamond 2,44,76,,195,194
581,summoner-1440227,582,Squidgy Boy,Diamond 2,44,77,,110,110
582,summoner-1811697,583,Ragdol1,Diamond 2,43,68,,175,161
583,summoner-774086,584,Garlic Sauce,Diamond 2,43,48,,120,91
584,summoner-11340135,585,Bjork not Bjerg,Diamond 2,43,43,,95,58
585,summoner-903644,586,nooseboy,Diamond 2,43,105,,35,17
586,summoner-501188,587,Jr Burgerz,Diamond 2,42,62,,167,136
587,summoner-6231287,588,LLocky,Diamond 2,42,66,,130,95
588,summoner-432479,589,hi im rain,Diamond 2,40,37,,47,29
589,summoner-9981331,590,NoIIXigbar,Diamond 2,40,53,,34,25
590,summoner-440787,591,Silk,Diamond 2,39,60,,157,141
591,summoner-638946,592,Qiunibieshelimia,Diamond 2,38,77,,147,136
592,summoner-3680635,593,Shirø,Diamond 2,38,142,,69,66
593,summoner-4061072,594,why live,Diamond 2,37,64,,108,107
594,summoner-1574708,595,Donzac101,Diamond 2,37,52,,65,50
595,summoner-447687,596,Grisha,Diamond 2,36,86,,258,247
596,summoner-449100,597,Fervour,Diamond 2,36,108,,91,92
597,summoner-364702,598,Pulsefire Teemo,Diamond 2,36,71,,55,37
598,summoner-566367,599,Stop Trolling Me,Diamond 2,34,125,,307,288
599,summoner-392492,600,GZ Hyper,Diamond 2,34,74,,119,115
600,summoner-4480984,601,dzy,Diamond 2,33,71,,267,274
601,summoner-4301382,602,Dr Halo,Diamond 2,33,81,,77,52
602,summoner-7000424,603,rice1,Diamond 2,32,43,,64,52
603,summoner-7981097,604,Ame seule,Diamond 2,32,95,,63,59
604,summoner-11065408,605,DaGui,Diamond 2,31,119,,403,352
605,summoner-6672121,606,Archie,Diamond 2,31,104,,204,202
606,summoner-302859,607,Fndrr22dxd,Diamond 2,31,65,,163,159
607,summoner-701278,608,Çalcifer,Diamond 2,31,80,,160,122
608,summoner-8810339,609,PurpleLama,Diamond 2,30,49,,104,80
609,summoner-11750154,610,Bdo1nk,Diamond 2,29,37,,62,30
610,summoner-3980651,611,Morpice121,Diamond 2,29,121,,60,43
611,summoner-5781549,612,callmere,Diamond 2,28,46,,102,64
612,summoner-841698,613,ecotoxic 1,Diamond 2,25,54,,132,117
613,summoner-7820502,614,yo whats good,Diamond 2,25,49,,128,93
614,summoner-466794,615,L8S,Diamond 2,25,56,,89,75
615,summoner-399563,616,Kevskin,Diamond 2,25,83,,33,23
616,summoner-355403,617,LOLlolololwwwffw,Diamond 2,24,50,,102,94
617,summoner-233822,618,Mcbobba,Diamond 2,23,159,,239,216
618,summoner-11390379,619,SøfM,Diamond 2,23,43,,100,68
619,summoner-10141151,620,M1dbeast,Diamond 2,22,61,,120,127
620,summoner-639823,621,Quinonos,Diamond 2,22,82,,112,112
621,summoner-2132627,622,OwO OuO OvO,Diamond 2,22,64,,104,96
622,summoner-7821699,623,sad girl,Diamond 2,21,117,,189,156
623,summoner-325800,624,MeepBalls,Diamond 2,21,71,,52,47
624,summoner-5945344,625,Buck Shots,Diamond 2,20,42,,43,35
625,summoner-480048,626,Wreck It Rhune,Diamond 2,19,89,,112,118
626,summoner-3930175,627,Eolant,Diamond 2,18,126,,462,434
627,summoner-3052095,628,Defenestrate,Diamond 2,18,73,,123,120
628,summoner-3642620,629,Damage Bot,Diamond 2,18,49,,120,110
629,summoner-4461045,630,I Am Rengar,Diamond 2,18,108,,119,110
630,summoner-11085230,631,ililiiiillliil,Diamond 2,17,81,,188,191
631,summoner-10781225,632,Orphelia,Diamond 2,17,68,,185,148
632,summoner-11045070,633,iWordsworth,Diamond 2,17,71,,129,113
633,summoner-482781,634,Feed to Succeed,Diamond 2,17,118,,95,92
634,summoner-284670,635,Kebun,Diamond 2,16,124,,384,347
635,summoner-566468,636,Kpoop,Diamond 2,16,81,,224,194
636,summoner-742576,637,Zagnoids,Diamond 2,16,83,,175,142
637,summoner-973756,638,tgunAU,Diamond 2,16,53,,123,123
638,summoner-291753,639,Moon,Diamond 2,16,113,,65,66
639,summoner-11080766,640,eris,Diamond 2,15,60,,129,101
640,summoner-451342,641,Clovus,Diamond 2,15,81,,123,127
641,summoner-1471865,642,Bear,Diamond 2,15,71,,83,80
642,summoner-5894360,643,DJChonz,Diamond 2,14,83,,361,334
643,summoner-369823,644,Boa Hancöck,Diamond 2,14,150,,132,99
644,summoner-320598,645,PowPowPanda,Diamond 2,14,59,,63,69
645,summoner-2550310,646,Yuuk1 Asuna,Diamond 2,12,84,,204,191
646,summoner-479671,647,Bozos,Diamond 2,11,67,,120,120
647,summoner-306624,648,Donggy,Diamond 2,11,56,,42,26
648,summoner-7361244,649,Watch Anime pls,Diamond 2,11,37,,40,29
649,summoner-670210,650,1osing,Diamond 2,9,99,,150,109
650,summoner-314483,651,potato9,Diamond 2,9,66,,104,95
651,summoner-744879,652,Tinysmish,Diamond 2,8,62,,47,39
652,summoner-953810,653,Kayn and Abel,Diamond 2,7,58,,78,72
653,summoner-2990640,654,Syouran,Diamond 2,4,71,,141,140
654,summoner-369867,655,Doom of bot,Diamond 2,4,48,,120,116
655,summoner-522209,656,Stressful,Diamond 2,3,130,,134,120
656,summoner-11930493,657,22 06 2004,Diamond 2,3,39,,62,38
657,summoner-453513,658,Ronnald,Diamond 2,2,92,,202,182
658,summoner-587995,659,Urie,Diamond 2,1,102,,65,54
659,summoner-11252354,660,IsaacwF,Diamond 2,0,77,,339,299
660,summoner-8071238,661,FZASY,Diamond 2,0,124,,324,308
661,summoner-1720492,662,whynotbefriends,Diamond 2,0,108,,259,232
662,summoner-1501524,663,Homeless,Diamond 2,0,77,,250,210
663,summoner-491427,664,Shizukesa,Diamond 2,0,92,,237,230
664,summoner-228708,665,Aragaki Yuii,Diamond 2,0,87,,223,198
665,summoner-285605,666,Hindered Raven,Diamond 2,0,95,,179,162
666,summoner-11340322,667,Just Believe Zll,Diamond 2,0,90,,179,151
667,summoner-6820866,668,KHSOL,Diamond 2,0,79,,175,177
668,summoner-581491,669,Riggered,Diamond 2,0,85,,172,143
669,summoner-332723,670,Crucix,Diamond 2,0,76,,169,154
670,summoner-710702,671,jihero,Diamond 2,0,60,,168,159
671,summoner-2560269,672,Omni v2,Diamond 2,0,73,,137,135
672,summoner-5904252,673,RIP swain,Diamond 2,0,62,,134,104
673,summoner-301652,674,Koua,Diamond 2,0,79,,130,129
674,summoner-7851650,675,DaSticksOnTwitch,Diamond 2,0,72,,123,117
675,summoner-6010140,676,CN Moon,Diamond 2,0,98,,112,93
676,summoner-600361,677,MT Void,Diamond 2,0,55,,107,98
677,summoner-1171135,678,MyNameIsAction I,Diamond 2,0,58,,105,90
678,summoner-2593688,679,Xion XIV,Diamond 2,0,61,,104,103
679,summoner-431019,680,Cavs in 2018 lUl,Diamond 2,0,77,,101,99
680,summoner-565066,681,MeShelly,Diamond 2,0,85,,95,77
681,summoner-226673,682,Air,Diamond 2,0,115,,92,94
682,summoner-8390585,683,SM motherfkn D,Diamond 2,0,57,,90,106
683,summoner-1721171,684,Kewlie,Diamond 2,0,61,,84,64
684,summoner-8690146,685,Cères,Diamond 2,0,73,,80,88
685,summoner-12061866,686,1234hitdinosuar,Diamond 2,0,39,,78,50
686,summoner-2060238,687,Soy Xixi,Diamond 2,0,47,,72,40
687,summoner-10360133,688,Lose for Improve,Diamond 2,0,45,,65,51
688,summoner-398138,689,PMA Kirby,Diamond 2,0,89,,60,61
689,summoner-475949,690,Happy Lion,Diamond 2,0,100,,56,49
690,summoner-8752009,691,4lways,Diamond 2,0,81,,50,19
691,summoner-511987,692,Kaø,Diamond 2,0,116,,35,22
692,summoner-7460332,693,ThroneV,Diamond 3,100,109,,395,346
693,summoner-12110444,694,HugoONE,Diamond 3,100,55,,206,179
694,summoner-503122,695,Volibear Bot2,Diamond 3,100,59,,194,150
695,summoner-278675,696,Jiae,Diamond 3,100,82,,156,125
696,summoner-812715,697,Mr Cute HR,Diamond 3,100,52,,153,121
697,summoner-290499,698,PizzaRita,Diamond 3,100,81,,96,74
698,summoner-7860178,699,tbman,Diamond 3,100,45,,71,65
699,summoner-3882367,700,Amitle,Diamond 3,100,66,,59,57
700,summoner-632043,701,GuyMadeOfFire,Diamond 3,100,39,,46,34
701,summoner-1394171,702,GoogleMaps,Diamond 3,98,101,,204,197
702,summoner-298603,703,Zachary zzz,Diamond 3,98,57,,83,67
703,summoner-10140185,704,LC Focus,Diamond 3,81,92,,201,197
704,summoner-600149,705,Vísionary,Diamond 3,96,86,,197,198
705,summoner-296408,706,GodKingLordGaren,Diamond 3,96,109,,148,126
706,summoner-1092892,707,NoxusMight,Diamond 3,96,86,,29,11
707,summoner-7460332,708,ThroneV,Diamond 3,100,109,,395,346
708,summoner-452854,709,BoyWithFutou,Diamond 3,92,70,,159,145
709,summoner-4130305,710,Mörty,Diamond 3,91,100,,251,251
710,summoner-2592134,711,Kali Uchis,Diamond 3,91,79,,110,109
711,summoner-563960,712,Stone,Diamond 3,87,105,,182,179
712,summoner-316325,713,Canberra Santa,Diamond 3,86,48,,67,58
713,summoner-6141799,714,ShØut,Diamond 3,85,68,,209,178
714,summoner-479495,715,DeathByLlama,Diamond 3,85,87,,72,60
715,summoner-10071546,716,blanchesophh,Diamond 3,85,71,,42,39
716,summoner-283096,717,Hani is bae,Diamond 3,83,90,,115,107
717,summoner-3322092,718,02 02 1998,Diamond 3,82,81,,229,195
718,summoner-354152,719,Kate Bruhnn,Diamond 3,81,52,,124,77
719,summoner-630037,720,Enticement,Diamond 3,81,95,,83,66
720,summoner-460303,721,Alani,Diamond 3,79,131,,112,112
721,summoner-6101678,722,M416666,Diamond 3,77,58,,93,84
722,summoner-551251,723,0 LP,Diamond 3,75,125,,626,600
723,summoner-479364,724,01 10 1998,Diamond 3,75,98,,526,507
724,summoner-4791512,725,DW WhiteLotus,Diamond 3,75,149,,517,530
725,summoner-449928,726,Synli,Diamond 3,75,103,,359,360
726,summoner-280030,727,Derpsmagee,Diamond 3,75,119,,280,289
727,summoner-10550212,728,Tilt King,Diamond 3,75,87,,208,189
728,summoner-578126,729,Anubis,Diamond 3,75,92,,203,180
729,summoner-5281670,730,Zhiend,Diamond 3,75,67,,180,173
730,summoner-3480668,731,Megalomaniac,Diamond 3,75,79,,151,128
731,summoner-621278,732,Skrrrr,Diamond 3,75,72,,150,142
732,summoner-11142189,733,Lil Kush,Diamond 3,75,82,,143,135
733,summoner-3663235,734,El Jannah Garlic,Diamond 3,75,62,,142,137
734,summoner-639778,735,JohnnyBoyy,Diamond 3,75,70,,110,84
735,summoner-6840379,736,Bdoink,Diamond 3,75,55,,94,80
736,summoner-773359,737,Rooftop Dreams,Diamond 3,75,78,,88,65
737,summoner-351975,738,Shadow of Time,Diamond 3,75,83,,87,77
738,summoner-304475,739,Daddy Daegyu,Diamond 3,75,69,,86,82
739,summoner-530695,740,kkmok,Diamond 3,75,61,,76,68
740,summoner-449742,741,NIGHTS,Diamond 3,74,83,,170,169
741,summoner-275308,742,Impaired,Diamond 3,73,74,,60,47
742,summoner-10961642,743,Sosothasthak,Diamond 3,72,71,,207,181
743,summoner-270385,744,Jab Right Hook,Diamond 3,72,83,,142,76
744,summoner-9210188,745,ZAG Able,Diamond 3,71,88,,167,166
745,summoner-11222878,746,Kerrioneadys,Diamond 3,71,42,,80,53
746,summoner-2281882,747,didsum1saytacos,Diamond 3,70,49,,30,19
747,summoner-4440747,748,Brother Hai,Diamond 3,68,77,,126,131
748,summoner-11442161,749,o noo,Diamond 3,68,37,,47,15
749,summoner-5041374,750,hi im floki,Diamond 3,66,92,,234,213
750,summoner-285635,751,MaiI,Diamond 3,65,119,,108,77
751,summoner-360988,752,Noon Gang,Diamond 3,64,69,,120,108
752,summoner-3871268,753,kimuchiyo,Diamond 3,64,63,,98,57
753,summoner-551283,754,SF 1 and 13,Diamond 3,81,80,,328,320
754,summoner-290358,755,Waffle Jr,Diamond 3,63,115,,114,106
755,summoner-11820124,756,Hide From Egirl,Diamond 3,43,54,,173,122
756,summoner-4292193,757,Elliot Helm,Diamond 3,62,40,,56,46
757,summoner-332240,758,Semirhage,Diamond 3,61,63,,143,120
758,summoner-497679,759,Bill,Diamond 3,60,89,,245,225
759,summoner-2952222,760,Holy Street,Diamond 3,60,81,,145,141
760,summoner-706024,761,ˉ w ˉ,Diamond 3,23,51,,111,92
761,summoner-1350309,762,TheMightyFruit,Diamond 3,59,90,,297,262
762,summoner-469676,763,Trooper7,Diamond 3,59,42,,104,66
763,summoner-584744,764,Low APM Btw,Diamond 3,59,45,,28,17
764,summoner-10891227,765,Barbiturate Bob,Diamond 3,58,100,,317,277
765,summoner-351374,766,L1 Yuxuan,Diamond 3,58,118,,311,304
766,summoner-320586,767,boy x,Diamond 3,58,83,,178,175
767,summoner-11171162,768,98116,Diamond 3,58,50,,126,85
768,summoner-221335,769,Godco,Diamond 3,58,73,,125,88
769,summoner-229564,770,Xiphos,Diamond 3,58,60,,49,37
770,summoner-9720874,771,bani,Diamond 3,57,94,,340,340
771,summoner-361306,772,Facade,Diamond 3,57,108,,318,319
772,summoner-554055,773,Bulzy,Diamond 3,98,49,,142,130
773,summoner-326039,774,0ldm8legit,Diamond 3,57,40,,61,43
774,summoner-9420387,775,Harm,Diamond 3,56,73,,140,112
775,summoner-6790124,776,eternity lullaby,Diamond 3,56,63,,135,118
776,summoner-9741444,777,Miracle,Diamond 3,56,45,,98,72
777,summoner-1811821,778,JBreezy,Diamond 3,36,66,,197,186
778,summoner-6570534,779,Dale Denten,Diamond 3,38,81,,191,181
779,summoner-7200702,780,Valor use fly,Diamond 3,55,42,,58,32
780,summoner-322373,781,NoIXemnas,Diamond 3,55,68,,48,35
781,summoner-234955,782,Zyran,Diamond 3,55,124,,35,31
782,summoner-459047,783,FÖCÜS,Diamond 3,54,89,,275,261
783,summoner-3071107,784,Scuftz,Diamond 3,54,99,,124,111
784,summoner-397305,785,Amen1001,Diamond 3,54,44,,50,38
785,summoner-8611591,786,Nightbringer,Diamond 3,53,36,,35,24
786,summoner-6451124,787,K             98,Diamond 3,52,78,,242,210
787,summoner-6660713,788,Skull07,Diamond 3,33,95,,193,174
788,summoner-320443,789,RaidBoss Ovenhat,Diamond 3,52,84,,100,79
789,summoner-9050223,790,20I7 07 07,Diamond 3,52,56,,88,81
790,summoner-11171178,791,Ordolfur,Diamond 3,52,46,,60,41
791,summoner-368336,792,qop,Diamond 3,51,48,,82,60
792,summoner-471649,793,Ara,Diamond 3,50,62,,212,190
793,summoner-11840344,794,QaQ08,Diamond 3,68,39,,88,72
794,summoner-589351,795,Ronni,Diamond 3,50,48,,84,78
795,summoner-333672,796,Johannes,Diamond 3,48,90,,126,121
796,summoner-296712,797,Nosreme,Diamond 3,48,45,,74,40
797,summoner-397315,798,Fu Tou de baba,Diamond 3,46,84,,185,177
798,summoner-8110225,799,KKona,Diamond 3,46,50,,93,88
799,summoner-281075,800,SMD Yasindu,Diamond 3,45,117,,172,155
800,summoner-345886,801,JigglyButt,Diamond 3,42,62,,82,63
801,summoner-285324,802,Yuqi is bae,Diamond 3,41,89,,75,72
802,summoner-3012162,803,Eels,Diamond 3,41,120,,41,30
803,summoner-220270,804,lmperium,Diamond 3,41,51,,36,27
804,summoner-406857,805,it gets better,Diamond 3,39,52,,160,104
805,summoner-569939,806,skyhao123,Diamond 3,39,63,,142,117
806,summoner-234227,807,Homunculus,Diamond 3,39,75,,108,86
807,summoner-290786,808,Patruck,Diamond 3,39,97,,57,36
808,summoner-6570534,809,Dale Denten,Diamond 3,38,81,,191,181
809,summoner-603634,810,L1l Pump Boi,Diamond 3,38,140,,188,181
810,summoner-12000177,811,Jib4,Diamond 3,38,71,,177,141
811,summoner-8610951,812,Ch4zz,Diamond 3,38,41,,62,28
812,summoner-225037,813,Afince,Diamond 3,38,88,,28,13
813,summoner-823469,814,Merzy,Diamond 3,37,52,,119,83
814,summoner-1811821,815,JBreezy,Diamond 3,36,66,,197,186
815,summoner-8770178,816,Kelvinotoe,Diamond 3,36,95,,147,146
816,summoner-561444,817,AHumanBean,Diamond 3,36,58,,130,119
817,summoner-7150141,818,Varaxo,Diamond 3,36,84,,95,107
818,summoner-585398,819,Jimbo Mon,Diamond 3,35,74,,269,252
819,summoner-5551046,820,LGC minkywhale,Diamond 3,35,68,,260,235
820,summoner-746241,821,Marriage,Diamond 3,35,151,,235,211
821,summoner-5900441,822,768 Tizzy T,Diamond 3,35,58,,100,95
822,summoner-369278,823,Pia Pia Piu c,Diamond 3,35,57,,96,57
823,summoner-6660713,824,Skull07,Diamond 3,33,95,,193,174
824,summoner-726540,825,Blue Cat,Diamond 3,33,69,,47,48
825,summoner-12050439,826,aries zero,Diamond 3,32,36,,48,23
826,summoner-941171,827,Nomoreganks,Diamond 3,31,86,,311,290
827,summoner-714034,828,Ton Chan,Diamond 3,31,122,,291,275
828,summoner-467389,829,Princess Belle,Diamond 3,31,73,,186,186
829,summoner-331592,830,Lehm The BM,Diamond 3,31,65,,100,70
830,summoner-900278,831,CurdledSilk,Diamond 3,30,89,,267,235
831,summoner-8462161,832,LongShorts,Diamond 3,30,101,,133,117
832,summoner-284887,833,Emperor Ears,Diamond 3,29,84,,79,72
833,summoner-742684,834,FOOLS,Diamond 3,28,76,,122,116
834,summoner-701380,835,Feshua owo,Diamond 3,28,56,,65,68
835,summoner-10441803,836,api,Diamond 3,28,49,,36,33
836,summoner-280394,837,Say Yes,Diamond 3,27,95,,331,321
837,summoner-773372,838,Mryibaba,Diamond 3,27,101,,207,177
838,summoner-522668,839,iiDontCare,Diamond 3,27,49,,159,102
839,summoner-6231646,840,xXRayXx,Diamond 3,27,80,,147,100
840,summoner-10071222,841,Rlng,Diamond 3,26,79,,229,194
841,summoner-872383,842,Lived,Diamond 3,26,91,,186,181
842,summoner-291689,843,kantos17,Diamond 3,26,106,,110,96
843,summoner-280811,844,Adiamond,Diamond 3,25,112,,263,255
844,summoner-288237,845,Öhm,Diamond 3,25,71,,231,219
845,summoner-634788,846,Kevin S Le,Diamond 3,25,116,,196,196
846,summoner-5895606,847,LoMejorDeLoMejor,Diamond 3,25,63,,97,87
847,summoner-278122,848,Risky,Diamond 3,25,76,,74,65
848,summoner-405015,849,Vaporeon,Diamond 3,25,41,,58,44
849,summoner-9001697,850,op dot gg review,Diamond 3,25,42,,53,47
850,summoner-369623,851,Chingster Ming,Diamond 3,24,98,,49,33
851,summoner-235806,852,Dom,Diamond 3,24,56,,24,15
852,summoner-229272,853,AHYSI,Diamond 3,23,127,,346,347
853,summoner-317309,854,Roz62,Diamond 3,23,48,,182,144
854,summoner-706024,855,ˉ w ˉ,Diamond 3,23,51,,111,92
855,summoner-11970347,856,1 Love,Diamond 3,23,43,,91,60
856,summoner-4861103,857,1998 12 19,Diamond 3,22,83,,316,277
857,summoner-1772162,858,Diamond Ero,Diamond 3,22,59,,205,171
858,summoner-3053143,859,Imperceivable,Diamond 3,22,51,,156,118
859,summoner-1340624,860,Elude,Diamond 3,22,81,,72,65
860,summoner-509425,861,Yuzuke,Diamond 3,21,91,,115,90
861,summoner-466220,862,Rex602,Diamond 3,20,121,,258,241
862,summoner-635952,863,Tengar,Diamond 3,20,97,,180,186
863,summoner-445658,864,Zeo,Diamond 3,20,104,,167,159
864,summoner-399347,865,Plagué,Diamond 3,20,55,,128,125
865,summoner-238860,866,frog arms,Diamond 3,20,122,,38,41
866,summoner-10241637,867,Palme n Goéland,Diamond 3,19,72,,307,265
867,summoner-443508,868,Boobs,Diamond 3,19,80,,108,100
868,summoner-10280340,869,Leafeon,Diamond 3,19,41,,70,39
869,summoner-4100151,870,Apologetic Noob,Diamond 3,19,54,,60,46
870,summoner-430397,871,ElllaxX,Diamond 3,18,88,,341,351
871,summoner-223998,872,Woodsie,Diamond 3,18,85,,231,223
872,summoner-6150835,873,Brontosaurus,Diamond 3,18,93,,101,84
873,summoner-1332520,874,3uphonium,Diamond 3,18,63,,63,52
874,summoner-1760235,875,Jaycehandsome,Diamond 3,17,75,,202,210
875,summoner-11045786,876,Asterius,Diamond 3,17,66,,139,91
876,summoner-478539,877,DMouse,Diamond 3,17,57,,131,95
877,summoner-275445,878,LAPD 911,Diamond 3,17,58,,90,79
878,summoner-11160289,879,th0mas,Diamond 3,17,48,,80,52
879,summoner-475375,880,ciwei,Diamond 3,16,82,,221,187
880,summoner-11480427,881,Garverz,Diamond 3,16,72,,218,179
881,summoner-322389,882,Mystiiez,Diamond 3,16,80,,172,146
882,summoner-11075233,883,held me down,Diamond 3,16,68,,164,166
883,summoner-352703,884,Khysoar,Diamond 3,16,57,,144,128
884,summoner-442911,885,Payton,Diamond 3,16,93,,74,77
885,summoner-722764,886,FunkZillah,Diamond 3,15,94,,60,45
886,summoner-571560,887,Paths of Pain,Diamond 3,14,97,,118,116
887,summoner-463325,888,MeMoMoMa,Diamond 3,14,48,,97,88
888,summoner-232022,889,Scroll,Diamond 3,14,61,,94,59
889,summoner-8970295,890,give me anxiety,Diamond 3,13,71,,201,211
890,summoner-497415,891,boboxD,Diamond 3,13,88,,67,48
891,summoner-10161398,892,with1drawn,Diamond 3,13,43,,58,31
892,summoner-337521,893,Remise,Diamond 3,12,162,,601,593
893,summoner-628060,894,K1LD3Rn3S5,Diamond 3,12,97,,146,141
894,summoner-322914,895,Halo 1,Diamond 3,12,95,,143,151
895,summoner-7200938,896,Hear,Diamond 3,12,48,,126,110
896,summoner-9120188,897,ShowMaker,Diamond 3,12,51,,55,52
897,summoner-327877,898,never get role,Diamond 3,10,55,,99,93
898,summoner-284257,899,Profit Leonard,Diamond 3,10,41,,65,59
899,summoner-395355,900,Fabulous,Diamond 3,10,48,,48,35
900,summoner-636352,901,Åkanø,Diamond 3,10,43,,48,46
901,summoner-749975,902,RidicuIous,Diamond 3,9,35,,56,15
902,summoner-305787,903,Marshmallows,Diamond 3,9,71,,31,21
903,summoner-2960362,904,Carypto,Diamond 3,8,101,,172,154
904,summoner-563813,905,Reina Kousaka,Diamond 3,8,41,,47,34
905,summoner-1163135,906,SpinLord,Diamond 3,7,69,,104,95
906,summoner-451889,907,ri Nin leiQVQ,Diamond 3,7,38,,57,48
907,summoner-220192,908,WE DEM BOYZZ,Diamond 3,6,75,,108,89
908,summoner-1810791,909,Holly Mia,Diamond 3,6,90,,85,69
909,summoner-7381165,910,x Luke,Diamond 3,5,72,,199,205
910,summoner-380314,911,Blurred,Diamond 3,4,61,,207,166
911,summoner-8010504,912,handsome zhe,Diamond 3,4,53,,163,137
912,summoner-439711,913,Ace in the Hole,Diamond 3,4,98,,111,109
913,summoner-3140948,914,Necromancer,Diamond 3,3,72,,224,209
914,summoner-8661945,915,10CSPM,Diamond 3,3,50,,154,117
915,summoner-2910960,916,Jyza IV,Diamond 3,3,52,,136,101
916,summoner-228360,917,Dr Elementfluffy,Diamond 3,3,101,,91,75
917,summoner-5621748,918,CheeZeLord,Diamond 3,3,98,,89,68
918,summoner-402522,919,Kenste,Diamond 3,3,45,,49,34
919,summoner-2262034,920,Main Top,Diamond 3,2,78,,134,113
920,summoner-488654,921,BEEM0,Diamond 3,2,122,,105,106
921,summoner-680188,922,IG Rook1e,Diamond 3,1,78,,285,253
922,summoner-8790826,923,imCodxx,Diamond 3,1,75,,264,223
923,summoner-733562,924,Qúeef,Diamond 3,1,96,,142,122
924,summoner-3621562,925,mfis,Diamond 3,1,93,,122,123
925,summoner-11121305,926,ForsakenDreamz,Diamond 3,1,46,,64,51
926,summoner-4771933,927,Very Cute Indeed,Diamond 3,0,102,,399,375
927,summoner-1100599,928,godofapples,Diamond 3,0,90,,329,293
928,summoner-7820275,929,KoBe 07,Diamond 3,0,86,,314,229
929,summoner-1101353,930,Uncle Wesker,Diamond 3,0,135,,286,254
930,summoner-700393,931,Paco8,Diamond 3,0,70,,232,187
931,summoner-1292193,932,fire kylin,Diamond 3,0,80,,213,182
932,summoner-636241,933,Mlng,Diamond 3,0,91,,212,227
933,summoner-4040527,934,Nyarth,Diamond 3,0,88,,206,207
934,summoner-11871110,935,s1ckle,Diamond 3,0,72,,196,155
935,summoner-305116,936,LDV,Diamond 3,0,113,,193,155
936,summoner-7330143,937,Gakki or Satomi,Diamond 3,0,71,,192,176
937,summoner-660755,938,iJwang,Diamond 3,0,106,,191,192
938,summoner-220885,939,Eloh,Diamond 3,0,104,,170,167
939,summoner-503392,940,GoGoJuice98,Diamond 3,0,56,,167,139
940,summoner-3311812,941,Overlord1,Diamond 3,0,111,,163,125
941,summoner-1710466,942,Too Tru Fam,Diamond 3,0,79,,157,140
942,summoner-11430289,943,Joe Miller,Diamond 3,0,90,,152,131
943,summoner-10260750,944,hypebeastakito,Diamond 3,0,93,,148,114
944,summoner-315654,945,ragepoo,Diamond 3,0,64,,142,122
945,summoner-507532,946,Phoed,Diamond 3,0,128,,140,127
946,summoner-292904,947,Pecha Berry,Diamond 3,0,88,,135,125
947,summoner-230856,948,Reznor,Diamond 3,0,74,,131,119
948,summoner-392691,949,Chaps,Diamond 3,0,94,,131,114
949,summoner-11220678,950,KingGodYasuo,Diamond 3,0,48,,129,93
950,summoner-8212923,951,wRayZxMan,Diamond 3,0,85,,127,118
951,summoner-1680225,952,Exiled,Diamond 3,0,136,,121,119
952,summoner-431518,953,Hachimitsu,Diamond 3,0,108,,120,108
953,summoner-11140408,954,Fuggines,Diamond 3,0,47,,118,90
954,summoner-2160127,955,Pica boo,Diamond 3,0,125,,117,90
955,summoner-287335,956,chookn,Diamond 3,0,45,,113,68
956,summoner-870924,957,Ćonqseºrør,Diamond 3,0,54,,112,111
957,summoner-551815,958,Sugøi,Diamond 3,0,77,,108,102
958,summoner-11500284,959,NewbeePlayer,Diamond 3,0,45,,100,59
959,summoner-226325,960,Charmander AU,Diamond 3,0,42,,99,67
960,summoner-6420294,961,MoonlitKaiser,Diamond 3,0,47,,92,68
961,summoner-295165,962,Gusanator,Diamond 3,0,76,,88,93
962,summoner-438508,963,Maximoo,Diamond 3,0,112,,85,83
963,summoner-9240178,964,floppyfish278,Diamond 3,0,42,,83,21
964,summoner-239171,965,Hunt,Diamond 3,0,107,,80,58
965,summoner-351388,966,DaJeung,Diamond 3,0,69,,80,87
966,summoner-281946,967,The Gom,Diamond 3,0,54,,68,40
967,summoner-4530378,968,Smlz 0v0,Diamond 3,0,95,,65,45
968,summoner-1880974,969,Byrone,Diamond 3,0,100,,64,59
969,summoner-580828,970,My Jg Is Retard,Diamond 3,0,86,,64,48
970,summoner-3520141,971,15x scope Kar98k,Diamond 3,0,91,,61,46
971,summoner-3592244,972,Qonnect,Diamond 3,0,67,,60,55
972,summoner-10171740,973,Suexa,Diamond 3,0,43,,60,28
973,summoner-8870219,974,GZ Cadence,Diamond 3,0,100,,59,45
974,summoner-8610583,975,ShaIItear,Diamond 3,0,44,,59,61
975,summoner-300644,976,김정은,Diamond 3,0,92,,51,49
976,summoner-1380274,977,Ohgee,Diamond 3,0,57,,49,16
977,summoner-6931874,978,HoIo,Diamond 3,0,44,,49,42
978,summoner-325988,979,The Expanse,Diamond 3,0,43,,42,37
979,summoner-363411,980,Marvoss,Diamond 3,0,34,,41,10
980,summoner-11080832,981,chaøs,Diamond 3,0,48,,41,30
981,summoner-451639,982,Miracle Jgg,Diamond 3,0,126,,38,23
982,summoner-235171,983,Reimú,Diamond 3,0,108,,36,24
983,summoner-630149,984,Pulleft,Diamond 4,100,139,,577,593
984,summoner-365597,985,Alpha Lupi,Diamond 4,100,93,,382,367
985,summoner-302914,986,Legends ND,Diamond 4,100,86,,227,178
986,summoner-621191,987,AoiTora,Diamond 4,100,63,,150,112
987,summoner-7680165,988,ORD Lelouch,Diamond 4,100,64,,103,64
988,summoner-710649,989,Cote de boeuf,Diamond 4,100,53,,96,97
989,summoner-8930296,990,P1kaqiu,Diamond 4,100,44,,85,61
990,summoner-5710281,991,SumCookie,Diamond 4,100,52,,84,69
991,summoner-579944,992,OKtiger,Diamond 4,100,44,,72,78
992,summoner-380500,993,Vpn Boi,Diamond 4,100,91,,72,50
993,summoner-315902,994,selphish,Diamond 4,100,83,,66,62
994,summoner-441412,995,QASWEFRGTHJMFDF,Diamond 4,100,103,,52,37
995,summoner-725483,996,BlahblahE,Diamond 4,100,38,,49,48
996,summoner-287737,997,Intent,Diamond 4,100,66,,45,27
997,summoner-8910498,998,One Game,Diamond 4,100,61,,39,31
998,summoner-1811819,999,C137,Diamond 4,100,59,,38,21
999,summoner-287001,1000,grrwoof,Diamond 4,100,74,,36,31
